<?xml version="1.0" encoding="UTF-8"?>
<testsuites name="New Test Suite" time="1176" tests="60" failures="5" errors="0">
   <testsuite name="New Test Suite" tests="60" failures="5" errors="0" time="1176" timestamp="2018-11-15 16:56:40" hostname="alonzomack - 192.168.1.17" id="Test Suites/New Test Suite">
      <properties>
         <property name="deviceName" value=""/>
         <property name="devicePlatform" value=""/>
         <property name="logFolder" value="/Users/alonzomack/Katalon Studio/Regression/Reports/New Test Suite/20181115_165638"/>
         <property name="logFiles" value="/Users/alonzomack/Katalon Studio/Regression/Reports/New Test Suite/20181115_165638/execution0.log"/>
         <property name="attachments" value="/Users/alonzomack/Katalon Studio/Regression/Reports/New Test Suite/20181115_165638/1542323021923.png, /Users/alonzomack/Katalon Studio/Regression/Reports/New Test Suite/20181115_165638/1542323040057.png, /Users/alonzomack/Katalon Studio/Regression/Reports/New Test Suite/20181115_165638/1542323469198.png, /Users/alonzomack/Katalon Studio/Regression/Reports/New Test Suite/20181115_165638/1542323664995.png, /Users/alonzomack/Katalon Studio/Regression/Reports/New Test Suite/20181115_165638/1542323681937.png"/>
         <property name="hostName" value="alonzomack - 192.168.1.17"/>
         <property name="os" value="Mac OS X 64bit"/>
         <property name="katalonVersion" value="5.8.4.14"/>
         <property name="browser" value="Chrome 70.0.3538.102"/>
         <property name="hostAddress" value="192.168.1.17"/>
         <property name="sessionId" value="ea4a68e37aed5bd6620a3bbac06589bf"/>
         <property name="seleniumVersion" value="3.7.1"/>
         <property name="proxyInformation" value="ProxyInformation{proxyOption=NO_PROXY, proxyServerType=HTTP, password=, proxyServerAddress=, proxyServerPort=0}"/>
         <property name="platform" value="Mac OS X"/>
      </properties>
      <testcase name="Test Cases/SuperAdminConsole/Accounts/Create Account(SuperAdminConsole)" classname="Test Cases/SuperAdminConsole/Accounts/Create Account(SuperAdminConsole)" status="PASSED">
         <system-out><![CDATA[2018-11-15 16:56:40 - [TEST_CASE][PASSED] - Test Cases/SuperAdminConsole/Accounts/Create Account(SuperAdminConsole): Test Cases/SuperAdminConsole/Accounts/Create Account(SuperAdminConsole)

2018-11-15 16:56:40 - [TEST_STEP][PASSED] - openBrowser: Browser is opened with url: ''

2018-11-15 16:56:43 - [MESSAGE][PASSED] - Browser is opened with url: ''

2018-11-15 16:56:43 - [TEST_STEP][PASSED] - navigateToUrl: Navigate to 'https://epulsedev2.com' successfully

2018-11-15 16:56:44 - [MESSAGE][PASSED] - Navigate to 'https://epulsedev2.com' successfully

2018-11-15 16:56:44 - [TEST_STEP][PASSED] - setText: Text 'alonzo.mack@knowink.com' is set on object 'Object Repository/Login/Email Address'

2018-11-15 16:56:44 - [MESSAGE][PASSED] - Text 'alonzo.mack@knowink.com' is set on object 'Object Repository/Login/Email Address'

2018-11-15 16:56:44 - [TEST_STEP][PASSED] - setEncryptedText: Text ****** has been set on object 'Object Repository/Login/Password'

2018-11-15 16:56:44 - [MESSAGE][PASSED] - Text ****** has been set on object 'Object Repository/Login/Password'

2018-11-15 16:56:44 - [TEST_STEP][PASSED] - click: Object: 'Object Repository/Login/Sign In' is clicked on

2018-11-15 16:56:45 - [MESSAGE][PASSED] - Object: 'Object Repository/Login/Sign In' is clicked on

2018-11-15 16:56:45 - [TEST_STEP][PASSED] - delay: Delayed 1 second(s)

2018-11-15 16:56:46 - [MESSAGE][PASSED] - Delayed 1 second(s)

2018-11-15 16:56:46 - [TEST_STEP][PASSED] - click: Object: 'Object Repository/SuperAdminConsole/Account Creation/a_Add Account' is clicked on

2018-11-15 16:56:47 - [MESSAGE][PASSED] - Object: 'Object Repository/SuperAdminConsole/Account Creation/a_Add Account' is clicked on

2018-11-15 16:56:47 - [TEST_STEP][PASSED] - delay: Delayed 1 second(s)

2018-11-15 16:56:48 - [MESSAGE][PASSED] - Delayed 1 second(s)

2018-11-15 16:56:48 - [TEST_STEP][PASSED] - setText: Text 'am-Automation-test' is set on object 'Object Repository/SuperAdminConsole/Account Creation/Account Information/Display Title'

2018-11-15 16:56:48 - [MESSAGE][PASSED] - Text 'am-Automation-test' is set on object 'Object Repository/SuperAdminConsole/Account Creation/Account Information/Display Title'

2018-11-15 16:56:48 - [TEST_STEP][PASSED] - delay: Delayed 1 second(s)

2018-11-15 16:56:49 - [MESSAGE][PASSED] - Delayed 1 second(s)

2018-11-15 16:56:49 - [TEST_STEP][PASSED] - setText: Text 'am-Automation-test' is set on object 'Object Repository/SuperAdminConsole/Account Creation/Account Information/County'

2018-11-15 16:56:49 - [MESSAGE][PASSED] - Text 'am-Automation-test' is set on object 'Object Repository/SuperAdminConsole/Account Creation/Account Information/County'

2018-11-15 16:56:49 - [TEST_STEP][PASSED] - delay: Delayed 1 second(s)

2018-11-15 16:56:50 - [MESSAGE][PASSED] - Delayed 1 second(s)

2018-11-15 16:56:50 - [TEST_STEP][PASSED] - selectOptionByValue: All options with value 'MO' are selected in object 'Object Repository/SuperAdminConsole/Account Creation/Account Information/StateProvince'  using regular expression

2018-11-15 16:56:51 - [MESSAGE][PASSED] - All options with value 'MO' are selected in object 'Object Repository/SuperAdminConsole/Account Creation/Account Information/StateProvince'  using regular expression

2018-11-15 16:56:51 - [TEST_STEP][PASSED] - delay: Delayed 1 second(s)

2018-11-15 16:56:52 - [MESSAGE][PASSED] - Delayed 1 second(s)

2018-11-15 16:56:52 - [TEST_STEP][PASSED] - selectOptionByValue: All options with value '1' are selected in object 'Object Repository/SuperAdminConsole/Account Creation/Account Information/Pad Type'  using regular expression

2018-11-15 16:56:52 - [MESSAGE][PASSED] - All options with value '1' are selected in object 'Object Repository/SuperAdminConsole/Account Creation/Account Information/Pad Type'  using regular expression

2018-11-15 16:56:52 - [TEST_STEP][PASSED] - delay: Delayed 1 second(s)

2018-11-15 16:56:53 - [MESSAGE][PASSED] - Delayed 1 second(s)

2018-11-15 16:56:53 - [TEST_STEP][NOT_RUN] - selectOptionByValue: NOT_RUN: selectOptionByValue

2018-11-15 16:56:53 - [MESSAGE][NOT_RUN] - NOT_RUN: selectOptionByValue

2018-11-15 16:56:53 - [TEST_STEP][PASSED] - delay: Delayed 1 second(s)

2018-11-15 16:56:54 - [MESSAGE][PASSED] - Delayed 1 second(s)

2018-11-15 16:56:54 - [TEST_STEP][PASSED] - selectOptionByValue: All options with value 'mcvr' are selected in object 'Object Repository/SuperAdminConsole/Account Creation/Parsers and Exporters/Select_Voter File'  using regular expression

2018-11-15 16:56:55 - [MESSAGE][PASSED] - All options with value 'mcvr' are selected in object 'Object Repository/SuperAdminConsole/Account Creation/Parsers and Exporters/Select_Voter File'  using regular expression

2018-11-15 16:56:55 - [TEST_STEP][PASSED] - delay: Delayed 1 second(s)

2018-11-15 16:56:56 - [MESSAGE][PASSED] - Delayed 1 second(s)

2018-11-15 16:56:56 - [TEST_STEP][PASSED] - selectOptionByValue: All options with value 'mcvr' are selected in object 'Object Repository/SuperAdminConsole/Account Creation/Parsers and Exporters/Select_Supplemental file'  using regular expression

2018-11-15 16:56:56 - [MESSAGE][PASSED] - All options with value 'mcvr' are selected in object 'Object Repository/SuperAdminConsole/Account Creation/Parsers and Exporters/Select_Supplemental file'  using regular expression

2018-11-15 16:56:56 - [TEST_STEP][PASSED] - delay: Delayed 1 second(s)

2018-11-15 16:56:57 - [MESSAGE][PASSED] - Delayed 1 second(s)

2018-11-15 16:56:57 - [TEST_STEP][PASSED] - selectOptionByValue: All options with value 'epulse' are selected in object 'Object Repository/SuperAdminConsole/Account Creation/Parsers and Exporters/Polling Places'  using regular expression

2018-11-15 16:56:57 - [MESSAGE][PASSED] - All options with value 'epulse' are selected in object 'Object Repository/SuperAdminConsole/Account Creation/Parsers and Exporters/Polling Places'  using regular expression

2018-11-15 16:56:57 - [TEST_STEP][PASSED] - delay: Delayed 1 second(s)

2018-11-15 16:56:58 - [MESSAGE][PASSED] - Delayed 1 second(s)

2018-11-15 16:56:58 - [TEST_STEP][PASSED] - selectOptionByValue: All options with value 'mcvr' are selected in object 'Object Repository/SuperAdminConsole/Account Creation/Parsers and Exporters/Street Rules'  using regular expression

2018-11-15 16:56:59 - [MESSAGE][PASSED] - All options with value 'mcvr' are selected in object 'Object Repository/SuperAdminConsole/Account Creation/Parsers and Exporters/Street Rules'  using regular expression

2018-11-15 16:56:59 - [TEST_STEP][PASSED] - delay: Delayed 1 second(s)

2018-11-15 16:57:00 - [MESSAGE][PASSED] - Delayed 1 second(s)

2018-11-15 16:57:00 - [TEST_STEP][PASSED] - selectOptionByValue: All options with value 'mcvr' are selected in object 'Object Repository/SuperAdminConsole/Account Creation/Parsers and Exporters/Voter History Exporter'  using regular expression

2018-11-15 16:57:00 - [MESSAGE][PASSED] - All options with value 'mcvr' are selected in object 'Object Repository/SuperAdminConsole/Account Creation/Parsers and Exporters/Voter History Exporter'  using regular expression

2018-11-15 16:57:00 - [TEST_STEP][PASSED] - delay: Delayed 1 second(s)

2018-11-15 16:57:01 - [MESSAGE][PASSED] - Delayed 1 second(s)

2018-11-15 16:57:01 - [TEST_STEP][PASSED] - selectOptionByValue: All options with value 'epulse' are selected in object 'Object Repository/SuperAdminConsole/Account Creation/Parsers and Exporters/Signature Parser'  using regular expression

2018-11-15 16:57:01 - [MESSAGE][PASSED] - All options with value 'epulse' are selected in object 'Object Repository/SuperAdminConsole/Account Creation/Parsers and Exporters/Signature Parser'  using regular expression

2018-11-15 16:57:01 - [TEST_STEP][PASSED] - delay: Delayed 1 second(s)

2018-11-15 16:57:02 - [MESSAGE][PASSED] - Delayed 1 second(s)

2018-11-15 16:57:02 - [TEST_STEP][PASSED] - click: Object: 'Object Repository/SuperAdminConsole/Account Creation/Parsers and Exporters/Submit' is clicked on

2018-11-15 16:57:03 - [MESSAGE][PASSED] - Object: 'Object Repository/SuperAdminConsole/Account Creation/Parsers and Exporters/Submit' is clicked on

2018-11-15 16:57:03 - [TEST_STEP][PASSED] - delay: Delayed 1 second(s)

2018-11-15 16:57:04 - [MESSAGE][PASSED] - Delayed 1 second(s)

2018-11-15 16:57:04 - [TEST_STEP][PASSED] - closeBrowser: Browser is closed

2018-11-15 16:57:04 - [MESSAGE][PASSED] - Browser is closed]]></system-out>
         <system-err><![CDATA[]]></system-err>
      </testcase>
      <testcase name="Test Cases/Admin Console/Election Setup/Election Creation" classname="Test Cases/Admin Console/Election Setup/Election Creation" status="PASSED">
         <system-out><![CDATA[2018-11-15 16:57:04 - [TEST_CASE][PASSED] - Test Cases/Admin Console/Election Setup/Election Creation: Test Cases/Admin Console/Election Setup/Election Creation

2018-11-15 16:57:05 - [TEST_STEP][PASSED] - openBrowser: Browser is opened with url: ''

2018-11-15 16:57:06 - [MESSAGE][PASSED] - Browser is opened with url: ''

2018-11-15 16:57:06 - [TEST_STEP][PASSED] - navigateToUrl: Navigate to 'https://epulsedev2.com' successfully

2018-11-15 16:57:07 - [MESSAGE][PASSED] - Navigate to 'https://epulsedev2.com' successfully

2018-11-15 16:57:07 - [TEST_STEP][PASSED] - setText: Text 'alonzo.mack@knowink.com' is set on object 'Object Repository/Login/Email Address'

2018-11-15 16:57:07 - [MESSAGE][PASSED] - Text 'alonzo.mack@knowink.com' is set on object 'Object Repository/Login/Email Address'

2018-11-15 16:57:07 - [TEST_STEP][PASSED] - setEncryptedText: Text ****** has been set on object 'Object Repository/Login/Password'

2018-11-15 16:57:07 - [MESSAGE][PASSED] - Text ****** has been set on object 'Object Repository/Login/Password'

2018-11-15 16:57:07 - [TEST_STEP][PASSED] - click: Object: 'Object Repository/Login/Sign In' is clicked on

2018-11-15 16:57:08 - [MESSAGE][PASSED] - Object: 'Object Repository/Login/Sign In' is clicked on

2018-11-15 16:57:08 - [TEST_STEP][PASSED] - delay: Delayed 1 second(s)

2018-11-15 16:57:09 - [MESSAGE][PASSED] - Delayed 1 second(s)

2018-11-15 16:57:09 - [TEST_STEP][PASSED] - navigateToUrl: Navigate to 'https://am-automation-test.epulsedev2.com/elections/new' successfully

2018-11-15 16:57:11 - [MESSAGE][PASSED] - Navigate to 'https://am-automation-test.epulsedev2.com/elections/new' successfully

2018-11-15 16:57:11 - [TEST_STEP][PASSED] - setText: Text '/Users/alonzomack/Downloads/Imports/Missouri/voters_200_mcvr.txt' is set on object 'Object Repository/Common ePulse Objects/Choose File'

2018-11-15 16:57:11 - [MESSAGE][PASSED] - Text '/Users/alonzomack/Downloads/Imports/Missouri/voters_200_mcvr.txt' is set on object 'Object Repository/Common ePulse Objects/Choose File'

2018-11-15 16:57:11 - [TEST_STEP][PASSED] - click: Object: 'Object Repository/Common ePulse Objects/Continue Button' is clicked on

2018-11-15 16:57:11 - [MESSAGE][PASSED] - Object: 'Object Repository/Common ePulse Objects/Continue Button' is clicked on

2018-11-15 16:57:11 - [TEST_STEP][PASSED] - delay: Delayed 10 second(s)

2018-11-15 16:57:21 - [MESSAGE][PASSED] - Delayed 10 second(s)

2018-11-15 16:57:21 - [TEST_STEP][PASSED] - setText: Text 'Election Creation' is set on object 'Object Repository/Admin Console ePulse Menu/Election Setup/Election Creation/Election Name'

2018-11-15 16:57:21 - [MESSAGE][PASSED] - Text 'Election Creation' is set on object 'Object Repository/Admin Console ePulse Menu/Election Setup/Election Creation/Election Name'

2018-11-15 16:57:21 - [TEST_STEP][PASSED] - setText: Text '123' is set on object 'Object Repository/Admin Console ePulse Menu/Election Setup/Election Creation/Election Code'

2018-11-15 16:57:21 - [MESSAGE][PASSED] - Text '123' is set on object 'Object Repository/Admin Console ePulse Menu/Election Setup/Election Creation/Election Code'

2018-11-15 16:57:21 - [TEST_STEP][PASSED] - selectOptionByValue: All options with value 'general' are selected in object 'Object Repository/Admin Console ePulse Menu/Election Setup/Election Creation/Select Election Type'  using regular expression

2018-11-15 16:57:21 - [MESSAGE][PASSED] - All options with value 'general' are selected in object 'Object Repository/Admin Console ePulse Menu/Election Setup/Election Creation/Select Election Type'  using regular expression

2018-11-15 16:57:21 - [TEST_STEP][PASSED] - setText: Text '07/21/2021' is set on object 'Object Repository/Admin Console ePulse Menu/Election Setup/Election Creation/DATE'

2018-11-15 16:57:22 - [MESSAGE][PASSED] - Text '07/21/2021' is set on object 'Object Repository/Admin Console ePulse Menu/Election Setup/Election Creation/DATE'

2018-11-15 16:57:22 - [TEST_STEP][PASSED] - delay: Delayed 10 second(s)

2018-11-15 16:57:32 - [MESSAGE][PASSED] - Delayed 10 second(s)

2018-11-15 16:57:32 - [TEST_STEP][PASSED] - click: Object: 'Object Repository/Admin Console ePulse Menu/Election Setup/Election Creation/Next' is clicked on

2018-11-15 16:57:32 - [MESSAGE][PASSED] - Object: 'Object Repository/Admin Console ePulse Menu/Election Setup/Election Creation/Next' is clicked on

2018-11-15 16:57:32 - [TEST_STEP][PASSED] - delay: Delayed 10 second(s)

2018-11-15 16:57:42 - [MESSAGE][PASSED] - Delayed 10 second(s)

2018-11-15 16:57:42 - [TEST_STEP][PASSED] - click: Object: 'Object Repository/Admin Console ePulse Menu/Election Setup/Election Creation/Step3 Done' is clicked on

2018-11-15 16:57:43 - [MESSAGE][PASSED] - Object: 'Object Repository/Admin Console ePulse Menu/Election Setup/Election Creation/Step3 Done' is clicked on

2018-11-15 16:57:43 - [TEST_STEP][PASSED] - delay: Delayed 10 second(s)

2018-11-15 16:57:53 - [MESSAGE][PASSED] - Delayed 10 second(s)

2018-11-15 16:57:53 - [TEST_STEP][PASSED] - click: Object: 'Object Repository/Admin Console ePulse Menu/Election Setup/Election Creation/Step4 Done' is clicked on

2018-11-15 16:57:54 - [MESSAGE][PASSED] - Object: 'Object Repository/Admin Console ePulse Menu/Election Setup/Election Creation/Step4 Done' is clicked on

2018-11-15 16:57:54 - [TEST_STEP][PASSED] - delay: Delayed 10 second(s)

2018-11-15 16:58:04 - [MESSAGE][PASSED] - Delayed 10 second(s)

2018-11-15 16:58:04 - [TEST_STEP][PASSED] - click: Object: 'Object Repository/Admin Console ePulse Menu/Election Setup/Election Creation/Step5 Confirm' is clicked on

2018-11-15 16:58:04 - [MESSAGE][PASSED] - Object: 'Object Repository/Admin Console ePulse Menu/Election Setup/Election Creation/Step5 Confirm' is clicked on

2018-11-15 16:58:04 - [TEST_STEP][PASSED] - delay: Delayed 20 second(s)

2018-11-15 16:58:24 - [MESSAGE][PASSED] - Delayed 20 second(s)

2018-11-15 16:58:24 - [TEST_STEP][PASSED] - verifyTextPresent: Text 'Election Creation' is present on page  using regular expression

2018-11-15 16:58:24 - [MESSAGE][PASSED] - Text 'Election Creation' is present on page  using regular expression

2018-11-15 16:58:24 - [TEST_STEP][PASSED] - verifyTextPresent: Text 'Election Seed Files' is present on page  using regular expression

2018-11-15 16:58:25 - [MESSAGE][PASSED] - Text 'Election Seed Files' is present on page  using regular expression

2018-11-15 16:58:25 - [TEST_STEP][PASSED] - delay: Delayed 1 second(s)

2018-11-15 16:58:26 - [MESSAGE][PASSED] - Delayed 1 second(s)

2018-11-15 16:58:26 - [TEST_STEP][PASSED] - navigateToUrl: Navigate to 'https://am-automation-test.epulsedev2.com/voters#sort=last_name&direction=asc&display=list&page=1' successfully

2018-11-15 16:58:26 - [MESSAGE][PASSED] - Navigate to 'https://am-automation-test.epulsedev2.com/voters#sort=last_name&direction=asc&display=list&page=1' successfully

2018-11-15 16:58:26 - [TEST_STEP][PASSED] - delay: Delayed 1 second(s)

2018-11-15 16:58:27 - [MESSAGE][PASSED] - Delayed 1 second(s)

2018-11-15 16:58:27 - [TEST_STEP][PASSED] - delay: Delayed 1 second(s)

2018-11-15 16:58:28 - [MESSAGE][PASSED] - Delayed 1 second(s)

2018-11-15 16:58:28 - [TEST_STEP][PASSED] - verifyTextPresent: Text 'TWEEDIE MARIE AARON' is present on page  using regular expression

2018-11-15 16:58:28 - [MESSAGE][PASSED] - Text 'TWEEDIE MARIE AARON' is present on page  using regular expression

2018-11-15 16:58:28 - [TEST_STEP][PASSED] - closeBrowser: Browser is closed

2018-11-15 16:58:29 - [MESSAGE][PASSED] - Browser is closed]]></system-out>
         <system-err><![CDATA[]]></system-err>
      </testcase>
      <testcase name="Test Cases/Admin Console/Poll Pads/Poll Pad - Configuration/Poll Pad Configuration - Add" classname="Test Cases/Admin Console/Poll Pads/Poll Pad - Configuration/Poll Pad Configuration - Add" status="PASSED">
         <system-out><![CDATA[2018-11-15 16:58:29 - [TEST_CASE][PASSED] - Test Cases/Admin Console/Poll Pads/Poll Pad - Configuration/Poll Pad Configuration - Add: Test Cases/Admin Console/Poll Pads/Poll Pad - Configuration/Poll Pad Configuration - Add

2018-11-15 16:58:29 - [TEST_STEP][PASSED] - openBrowser: Browser is opened with url: ''

2018-11-15 16:58:30 - [MESSAGE][PASSED] - Browser is opened with url: ''

2018-11-15 16:58:30 - [TEST_STEP][PASSED] - navigateToUrl: Navigate to 'https://epulsedev2.com' successfully

2018-11-15 16:58:31 - [MESSAGE][PASSED] - Navigate to 'https://epulsedev2.com' successfully

2018-11-15 16:58:31 - [TEST_STEP][PASSED] - setText: Text 'alonzo.mack@knowink.com' is set on object 'Object Repository/Login/Email Address'

2018-11-15 16:58:31 - [MESSAGE][PASSED] - Text 'alonzo.mack@knowink.com' is set on object 'Object Repository/Login/Email Address'

2018-11-15 16:58:31 - [TEST_STEP][PASSED] - setEncryptedText: Text ****** has been set on object 'Object Repository/Login/Password'

2018-11-15 16:58:31 - [MESSAGE][PASSED] - Text ****** has been set on object 'Object Repository/Login/Password'

2018-11-15 16:58:31 - [TEST_STEP][PASSED] - click: Object: 'Object Repository/Login/Sign In' is clicked on

2018-11-15 16:58:32 - [MESSAGE][PASSED] - Object: 'Object Repository/Login/Sign In' is clicked on

2018-11-15 16:58:32 - [TEST_STEP][PASSED] - delay: Delayed 1 second(s)

2018-11-15 16:58:33 - [MESSAGE][PASSED] - Delayed 1 second(s)

2018-11-15 16:58:33 - [TEST_STEP][PASSED] - navigateToUrl: Navigate to 'https://am-automation-test.epulsedev2.com/poll_pad_configs#sort=name&direction=asc&display=list' successfully

2018-11-15 16:58:34 - [MESSAGE][PASSED] - Navigate to 'https://am-automation-test.epulsedev2.com/poll_pad_configs#sort=name&direction=asc&display=list' successfully

2018-11-15 16:58:34 - [TEST_STEP][PASSED] - delay: Delayed 1 second(s)

2018-11-15 16:58:35 - [MESSAGE][PASSED] - Delayed 1 second(s)

2018-11-15 16:58:35 - [TEST_STEP][PASSED] - click: Object: 'Object Repository/Admin Console ePulse Menu/Poll Pads/Poll Pad Config - Add/Add Configuration' is clicked on

2018-11-15 16:58:36 - [MESSAGE][PASSED] - Object: 'Object Repository/Admin Console ePulse Menu/Poll Pads/Poll Pad Config - Add/Add Configuration' is clicked on

2018-11-15 16:58:36 - [TEST_STEP][PASSED] - delay: Delayed 1 second(s)

2018-11-15 16:58:37 - [MESSAGE][PASSED] - Delayed 1 second(s)

2018-11-15 16:58:37 - [TEST_STEP][PASSED] - setText: Text 'Automation Created Config' is set on object 'Object Repository/Admin Console ePulse Menu/Poll Pads/Poll Pad Config - Add/PollPad Config Name'

2018-11-15 16:58:38 - [MESSAGE][PASSED] - Text 'Automation Created Config' is set on object 'Object Repository/Admin Console ePulse Menu/Poll Pads/Poll Pad Config - Add/PollPad Config Name'

2018-11-15 16:58:38 - [TEST_STEP][PASSED] - delay: Delayed 1 second(s)

2018-11-15 16:58:39 - [MESSAGE][PASSED] - Delayed 1 second(s)

2018-11-15 16:58:39 - [TEST_STEP][PASSED] - click: Object: 'Object Repository/Admin Console ePulse Menu/Poll Pads/Poll Pad Config - Add/Submit Config' is clicked on

2018-11-15 16:58:40 - [MESSAGE][PASSED] - Object: 'Object Repository/Admin Console ePulse Menu/Poll Pads/Poll Pad Config - Add/Submit Config' is clicked on

2018-11-15 16:58:40 - [TEST_STEP][PASSED] - delay: Delayed 1 second(s)

2018-11-15 16:58:41 - [MESSAGE][PASSED] - Delayed 1 second(s)

2018-11-15 16:58:41 - [TEST_STEP][PASSED] - closeBrowser: Browser is closed

2018-11-15 16:58:41 - [MESSAGE][PASSED] - Browser is closed]]></system-out>
         <system-err><![CDATA[]]></system-err>
      </testcase>
      <testcase name="Test Cases/Admin Console/Poll Pads/Poll Pad - Configuration/Poll Pad Configuration - Import" classname="Test Cases/Admin Console/Poll Pads/Poll Pad - Configuration/Poll Pad Configuration - Import" status="PASSED">
         <system-out><![CDATA[2018-11-15 16:58:41 - [TEST_CASE][PASSED] - Test Cases/Admin Console/Poll Pads/Poll Pad - Configuration/Poll Pad Configuration - Import: Test Cases/Admin Console/Poll Pads/Poll Pad - Configuration/Poll Pad Configuration - Import

2018-11-15 16:58:41 - [TEST_STEP][PASSED] - openBrowser: Browser is opened with url: ''

2018-11-15 16:58:42 - [MESSAGE][PASSED] - Browser is opened with url: ''

2018-11-15 16:58:42 - [TEST_STEP][PASSED] - navigateToUrl: Navigate to 'https://epulsedev2.com' successfully

2018-11-15 16:58:44 - [MESSAGE][PASSED] - Navigate to 'https://epulsedev2.com' successfully

2018-11-15 16:58:44 - [TEST_STEP][PASSED] - setText: Text 'alonzo.mack@knowink.com' is set on object 'Object Repository/Login/Email Address'

2018-11-15 16:58:44 - [MESSAGE][PASSED] - Text 'alonzo.mack@knowink.com' is set on object 'Object Repository/Login/Email Address'

2018-11-15 16:58:44 - [TEST_STEP][PASSED] - setEncryptedText: Text ****** has been set on object 'Object Repository/Login/Password'

2018-11-15 16:58:44 - [MESSAGE][PASSED] - Text ****** has been set on object 'Object Repository/Login/Password'

2018-11-15 16:58:44 - [TEST_STEP][PASSED] - click: Object: 'Object Repository/Login/Sign In' is clicked on

2018-11-15 16:58:45 - [MESSAGE][PASSED] - Object: 'Object Repository/Login/Sign In' is clicked on

2018-11-15 16:58:45 - [TEST_STEP][PASSED] - delay: Delayed 1 second(s)

2018-11-15 16:58:46 - [MESSAGE][PASSED] - Delayed 1 second(s)

2018-11-15 16:58:46 - [TEST_STEP][PASSED] - navigateToUrl: Navigate to 'https://am-automation-test.epulsedev2.com/imports/poll_pad_config' successfully

2018-11-15 16:58:47 - [MESSAGE][PASSED] - Navigate to 'https://am-automation-test.epulsedev2.com/imports/poll_pad_config' successfully

2018-11-15 16:58:47 - [TEST_STEP][PASSED] - delay: Delayed 1 second(s)

2018-11-15 16:58:48 - [MESSAGE][PASSED] - Delayed 1 second(s)

2018-11-15 16:58:48 - [TEST_STEP][PASSED] - setText: Text '/Users/alonzomack/Downloads/Automation uploads/poll_pad_config.csv' is set on object 'Object Repository/Common ePulse Objects/Choose File'

2018-11-15 16:58:48 - [MESSAGE][PASSED] - Text '/Users/alonzomack/Downloads/Automation uploads/poll_pad_config.csv' is set on object 'Object Repository/Common ePulse Objects/Choose File'

2018-11-15 16:58:48 - [TEST_STEP][PASSED] - setText: Text 'Test Config' is set on object 'Object Repository/Admin Console ePulse Menu/Poll Pads/Poll Pads - Configuration Import/Config Name'

2018-11-15 16:58:48 - [MESSAGE][PASSED] - Text 'Test Config' is set on object 'Object Repository/Admin Console ePulse Menu/Poll Pads/Poll Pads - Configuration Import/Config Name'

2018-11-15 16:58:48 - [TEST_STEP][PASSED] - click: Object: 'Object Repository/Common ePulse Objects/Continue Button' is clicked on

2018-11-15 16:58:48 - [MESSAGE][PASSED] - Object: 'Object Repository/Common ePulse Objects/Continue Button' is clicked on

2018-11-15 16:58:48 - [TEST_STEP][PASSED] - delay: Delayed 1 second(s)

2018-11-15 16:58:49 - [MESSAGE][PASSED] - Delayed 1 second(s)

2018-11-15 16:58:49 - [TEST_STEP][PASSED] - click: Object: 'Object Repository/Common ePulse Objects/button_Done(working)' is clicked on

2018-11-15 16:58:53 - [MESSAGE][PASSED] - Object: 'Object Repository/Common ePulse Objects/button_Done(working)' is clicked on

2018-11-15 16:58:53 - [TEST_STEP][PASSED] - closeBrowser: Browser is closed

2018-11-15 16:58:53 - [MESSAGE][PASSED] - Browser is closed]]></system-out>
         <system-err><![CDATA[]]></system-err>
      </testcase>
      <testcase name="Test Cases/SuperAdminConsole/Poll Pads/PollPad - Add" classname="Test Cases/SuperAdminConsole/Poll Pads/PollPad - Add" status="PASSED">
         <system-out><![CDATA[2018-11-15 16:58:53 - [TEST_CASE][PASSED] - Test Cases/SuperAdminConsole/Poll Pads/PollPad - Add: Test Cases/SuperAdminConsole/Poll Pads/PollPad - Add

2018-11-15 16:58:53 - [TEST_STEP][PASSED] - openBrowser: Browser is opened with url: ''

2018-11-15 16:58:54 - [MESSAGE][PASSED] - Browser is opened with url: ''

2018-11-15 16:58:54 - [TEST_STEP][PASSED] - navigateToUrl: Navigate to 'https://epulsedev2.com' successfully

2018-11-15 16:58:55 - [MESSAGE][PASSED] - Navigate to 'https://epulsedev2.com' successfully

2018-11-15 16:58:55 - [TEST_STEP][PASSED] - setText: Text 'alonzo.mack@knowink.com' is set on object 'Object Repository/Login/Email Address'

2018-11-15 16:58:55 - [MESSAGE][PASSED] - Text 'alonzo.mack@knowink.com' is set on object 'Object Repository/Login/Email Address'

2018-11-15 16:58:55 - [TEST_STEP][PASSED] - setEncryptedText: Text ****** has been set on object 'Object Repository/Login/Password'

2018-11-15 16:58:55 - [MESSAGE][PASSED] - Text ****** has been set on object 'Object Repository/Login/Password'

2018-11-15 16:58:55 - [TEST_STEP][PASSED] - click: Object: 'Object Repository/Login/Sign In' is clicked on

2018-11-15 16:58:57 - [MESSAGE][PASSED] - Object: 'Object Repository/Login/Sign In' is clicked on

2018-11-15 16:58:57 - [TEST_STEP][PASSED] - delay: Delayed 1 second(s)

2018-11-15 16:58:58 - [MESSAGE][PASSED] - Delayed 1 second(s)

2018-11-15 16:58:58 - [TEST_STEP][PASSED] - click: Object: 'Object Repository/SuperAdminConsole/Poll Pads/POLL PADS link' is clicked on

2018-11-15 16:58:58 - [MESSAGE][PASSED] - Object: 'Object Repository/SuperAdminConsole/Poll Pads/POLL PADS link' is clicked on

2018-11-15 16:58:58 - [TEST_STEP][PASSED] - delay: Delayed 1 second(s)

2018-11-15 16:58:59 - [MESSAGE][PASSED] - Delayed 1 second(s)

2018-11-15 16:58:59 - [TEST_STEP][PASSED] - click: Object: 'Object Repository/SuperAdminConsole/Poll Pads/Add Poll Pad' is clicked on

2018-11-15 16:58:59 - [MESSAGE][PASSED] - Object: 'Object Repository/SuperAdminConsole/Poll Pads/Add Poll Pad' is clicked on

2018-11-15 16:58:59 - [TEST_STEP][PASSED] - delay: Delayed 1 second(s)

2018-11-15 16:59:00 - [MESSAGE][PASSED] - Delayed 1 second(s)

2018-11-15 16:59:00 - [TEST_STEP][PASSED] - setText: Text 'Test PollPad' is set on object 'Object Repository/SuperAdminConsole/Poll Pads/Add Poll Pad Options/Poll_Pad_Name'

2018-11-15 16:59:00 - [MESSAGE][PASSED] - Text 'Test PollPad' is set on object 'Object Repository/SuperAdminConsole/Poll Pads/Add Poll Pad Options/Poll_Pad_Name'

2018-11-15 16:59:00 - [TEST_STEP][PASSED] - delay: Delayed 1 second(s)

2018-11-15 16:59:01 - [MESSAGE][PASSED] - Delayed 1 second(s)

2018-11-15 16:59:01 - [TEST_STEP][PASSED] - click: Object: 'Object Repository/SuperAdminConsole/Poll Pads/Add Poll Pad Options/Account' is clicked on

2018-11-15 16:59:02 - [MESSAGE][PASSED] - Object: 'Object Repository/SuperAdminConsole/Poll Pads/Add Poll Pad Options/Account' is clicked on

2018-11-15 16:59:02 - [TEST_STEP][PASSED] - click: Object: 'Object Repository/SuperAdminConsole/Poll Pads/AM-Mississippi' is clicked on

2018-11-15 16:59:02 - [MESSAGE][PASSED] - Object: 'Object Repository/SuperAdminConsole/Poll Pads/AM-Mississippi' is clicked on

2018-11-15 16:59:02 - [TEST_STEP][PASSED] - delay: Delayed 1 second(s)

2018-11-15 16:59:03 - [MESSAGE][PASSED] - Delayed 1 second(s)

2018-11-15 16:59:03 - [TEST_STEP][PASSED] - click: Object: 'Object Repository/SuperAdminConsole/Poll Pads/Add Poll Pad Options/Polling Places' is clicked on

2018-11-15 16:59:03 - [MESSAGE][PASSED] - Object: 'Object Repository/SuperAdminConsole/Poll Pads/Add Poll Pad Options/Polling Places' is clicked on

2018-11-15 16:59:03 - [TEST_STEP][PASSED] - click: Object: 'Object Repository/SuperAdminConsole/Poll Pads/Add Poll Pad Options/Polling Place(CATO FIRE STATION)' is clicked on

2018-11-15 16:59:03 - [MESSAGE][PASSED] - Object: 'Object Repository/SuperAdminConsole/Poll Pads/Add Poll Pad Options/Polling Place(CATO FIRE STATION)' is clicked on

2018-11-15 16:59:03 - [TEST_STEP][PASSED] - delay: Delayed 1 second(s)

2018-11-15 16:59:04 - [MESSAGE][PASSED] - Delayed 1 second(s)

2018-11-15 16:59:04 - [TEST_STEP][PASSED] - selectOptionByValue: All options with value '871' are selected in object 'Object Repository/SuperAdminConsole/Poll Pads/Add Poll Pad Options/Configuration' 

2018-11-15 16:59:04 - [MESSAGE][PASSED] - All options with value '871' are selected in object 'Object Repository/SuperAdminConsole/Poll Pads/Add Poll Pad Options/Configuration' 

2018-11-15 16:59:04 - [TEST_STEP][PASSED] - delay: Delayed 1 second(s)

2018-11-15 16:59:05 - [MESSAGE][PASSED] - Delayed 1 second(s)

2018-11-15 16:59:05 - [TEST_STEP][PASSED] - click: Object: 'Object Repository/Admin Console ePulse Menu/Account Settings/Prompts/Prompt Criteria Modal/Save' is clicked on

2018-11-15 16:59:05 - [MESSAGE][PASSED] - Object: 'Object Repository/Admin Console ePulse Menu/Account Settings/Prompts/Prompt Criteria Modal/Save' is clicked on

2018-11-15 16:59:05 - [TEST_STEP][PASSED] - delay: Delayed 1 second(s)

2018-11-15 16:59:06 - [MESSAGE][PASSED] - Delayed 1 second(s)

2018-11-15 16:59:06 - [TEST_STEP][PASSED] - verifyElementText: Actual text and expected text of test object 'Object Repository/SuperAdminConsole/Poll Pads/Test PollPad' are matched.

2018-11-15 16:59:06 - [MESSAGE][PASSED] - Actual text and expected text of test object 'Object Repository/SuperAdminConsole/Poll Pads/Test PollPad' are matched.

2018-11-15 16:59:06 - [TEST_STEP][PASSED] - delay: Delayed 1 second(s)

2018-11-15 16:59:07 - [MESSAGE][PASSED] - Delayed 1 second(s)

2018-11-15 16:59:07 - [TEST_STEP][PASSED] - closeBrowser: Browser is closed

2018-11-15 16:59:07 - [MESSAGE][PASSED] - Browser is closed]]></system-out>
         <system-err><![CDATA[]]></system-err>
      </testcase>
      <testcase name="Test Cases/SuperAdminConsole/Poll Pads/PollPad_Assign" classname="Test Cases/SuperAdminConsole/Poll Pads/PollPad_Assign" status="PASSED">
         <system-out><![CDATA[2018-11-15 16:59:07 - [TEST_CASE][PASSED] - Test Cases/SuperAdminConsole/Poll Pads/PollPad_Assign: Test Cases/SuperAdminConsole/Poll Pads/PollPad_Assign

2018-11-15 16:59:07 - [TEST_STEP][PASSED] - openBrowser: Browser is opened with url: 'https://epulsedev2.com'

2018-11-15 16:59:10 - [MESSAGE][PASSED] - Browser is opened with url: 'https://epulsedev2.com'

2018-11-15 16:59:10 - [TEST_STEP][PASSED] - openBrowser: Browser is opened with url: ''

2018-11-15 16:59:10 - [MESSAGE][WARNING] - A browser is already opened. Closing browser and opening a new one

2018-11-15 16:59:11 - [MESSAGE][PASSED] - Browser is opened with url: ''

2018-11-15 16:59:11 - [TEST_STEP][PASSED] - navigateToUrl: Navigate to 'https://epulsedev2.com' successfully

2018-11-15 16:59:12 - [MESSAGE][PASSED] - Navigate to 'https://epulsedev2.com' successfully

2018-11-15 16:59:12 - [TEST_STEP][PASSED] - setText: Text 'alonzo.mack@knowink.com' is set on object 'Object Repository/Login/Email Address'

2018-11-15 16:59:12 - [MESSAGE][PASSED] - Text 'alonzo.mack@knowink.com' is set on object 'Object Repository/Login/Email Address'

2018-11-15 16:59:12 - [TEST_STEP][PASSED] - setEncryptedText: Text ****** has been set on object 'Object Repository/Login/Password'

2018-11-15 16:59:12 - [MESSAGE][PASSED] - Text ****** has been set on object 'Object Repository/Login/Password'

2018-11-15 16:59:12 - [TEST_STEP][PASSED] - click: Object: 'Object Repository/Login/Sign In' is clicked on

2018-11-15 16:59:13 - [MESSAGE][PASSED] - Object: 'Object Repository/Login/Sign In' is clicked on

2018-11-15 16:59:13 - [TEST_STEP][PASSED] - delay: Delayed 1 second(s)

2018-11-15 16:59:14 - [MESSAGE][PASSED] - Delayed 1 second(s)

2018-11-15 16:59:14 - [TEST_STEP][PASSED] - click: Object: 'Object Repository/SuperAdminConsole/Poll Pads/POLL PADS link' is clicked on

2018-11-15 16:59:15 - [MESSAGE][PASSED] - Object: 'Object Repository/SuperAdminConsole/Poll Pads/POLL PADS link' is clicked on

2018-11-15 16:59:15 - [TEST_STEP][PASSED] - delay: Delayed 1 second(s)

2018-11-15 16:59:16 - [MESSAGE][PASSED] - Delayed 1 second(s)

2018-11-15 16:59:16 - [TEST_STEP][PASSED] - setText: Text 'Test Pollpad' is set on object 'Object Repository/SuperAdminConsole/Poll Pads/Test PollPad table search'

2018-11-15 16:59:17 - [MESSAGE][PASSED] - Text 'Test Pollpad' is set on object 'Object Repository/SuperAdminConsole/Poll Pads/Test PollPad table search'

2018-11-15 16:59:17 - [TEST_STEP][PASSED] - delay: Delayed 1 second(s)

2018-11-15 16:59:18 - [MESSAGE][PASSED] - Delayed 1 second(s)

2018-11-15 16:59:18 - [TEST_STEP][PASSED] - click: Object: 'Object Repository/SuperAdminConsole/Poll Pads/Add Poll Pad Options/Assign/edit pad-AM-Mississippi' is clicked on

2018-11-15 16:59:18 - [MESSAGE][PASSED] - Object: 'Object Repository/SuperAdminConsole/Poll Pads/Add Poll Pad Options/Assign/edit pad-AM-Mississippi' is clicked on

2018-11-15 16:59:18 - [TEST_STEP][PASSED] - delay: Delayed 1 second(s)

2018-11-15 16:59:19 - [MESSAGE][PASSED] - Delayed 1 second(s)

2018-11-15 16:59:19 - [TEST_STEP][PASSED] - click: Object: 'Object Repository/SuperAdminConsole/Poll Pads/Add Poll Pad Options/Account' is clicked on

2018-11-15 16:59:19 - [MESSAGE][PASSED] - Object: 'Object Repository/SuperAdminConsole/Poll Pads/Add Poll Pad Options/Account' is clicked on

2018-11-15 16:59:19 - [TEST_STEP][PASSED] - delay: Delayed 1 second(s)

2018-11-15 16:59:20 - [MESSAGE][PASSED] - Delayed 1 second(s)

2018-11-15 16:59:20 - [TEST_STEP][PASSED] - click: Object: 'Object Repository/SuperAdminConsole/Poll Pads/Add Poll Pad Options/Assign/Account(am-Automation-test)' is clicked on

2018-11-15 16:59:20 - [MESSAGE][PASSED] - Object: 'Object Repository/SuperAdminConsole/Poll Pads/Add Poll Pad Options/Assign/Account(am-Automation-test)' is clicked on

2018-11-15 16:59:20 - [TEST_STEP][PASSED] - delay: Delayed 1 second(s)

2018-11-15 16:59:21 - [MESSAGE][PASSED] - Delayed 1 second(s)

2018-11-15 16:59:21 - [TEST_STEP][PASSED] - click: Object: 'Object Repository/SuperAdminConsole/Poll Pads/Add Poll Pad Options/Election' is clicked on

2018-11-15 16:59:21 - [MESSAGE][PASSED] - Object: 'Object Repository/SuperAdminConsole/Poll Pads/Add Poll Pad Options/Election' is clicked on

2018-11-15 16:59:21 - [TEST_STEP][PASSED] - click: Object: 'Object Repository/SuperAdminConsole/Poll Pads/Add Poll Pad Options/Assign/Election(Election Creation)' is clicked on

2018-11-15 16:59:21 - [MESSAGE][PASSED] - Object: 'Object Repository/SuperAdminConsole/Poll Pads/Add Poll Pad Options/Assign/Election(Election Creation)' is clicked on

2018-11-15 16:59:21 - [TEST_STEP][PASSED] - delay: Delayed 1 second(s)

2018-11-15 16:59:22 - [MESSAGE][PASSED] - Delayed 1 second(s)

2018-11-15 16:59:22 - [TEST_STEP][PASSED] - click: Object: 'Object Repository/SuperAdminConsole/Poll Pads/Add Poll Pad Options/Polling Places' is clicked on

2018-11-15 16:59:22 - [MESSAGE][PASSED] - Object: 'Object Repository/SuperAdminConsole/Poll Pads/Add Poll Pad Options/Polling Places' is clicked on

2018-11-15 16:59:22 - [TEST_STEP][PASSED] - click: Object: 'Object Repository/SuperAdminConsole/Poll Pads/Add Poll Pad Options/Assign/Polling Place(MATHEWS DICKEY)' is clicked on

2018-11-15 16:59:22 - [MESSAGE][PASSED] - Object: 'Object Repository/SuperAdminConsole/Poll Pads/Add Poll Pad Options/Assign/Polling Place(MATHEWS DICKEY)' is clicked on

2018-11-15 16:59:22 - [TEST_STEP][PASSED] - delay: Delayed 1 second(s)

2018-11-15 16:59:23 - [MESSAGE][PASSED] - Delayed 1 second(s)

2018-11-15 16:59:23 - [TEST_STEP][PASSED] - selectOptionByLabel: All options with label 'Automation Created Config' are selected in object 'Object Repository/SuperAdminConsole/Poll Pads/Add Poll Pad Options/Assign/Select Configuration'  using regular expression

2018-11-15 16:59:23 - [MESSAGE][PASSED] - All options with label 'Automation Created Config' are selected in object 'Object Repository/SuperAdminConsole/Poll Pads/Add Poll Pad Options/Assign/Select Configuration'  using regular expression

2018-11-15 16:59:23 - [TEST_STEP][PASSED] - delay: Delayed 1 second(s)

2018-11-15 16:59:24 - [MESSAGE][PASSED] - Delayed 1 second(s)

2018-11-15 16:59:24 - [TEST_STEP][PASSED] - click: Object: 'Object Repository/Admin Console ePulse Menu/Account Settings/Prompts/Prompt Criteria Modal/Save' is clicked on

2018-11-15 16:59:24 - [MESSAGE][PASSED] - Object: 'Object Repository/Admin Console ePulse Menu/Account Settings/Prompts/Prompt Criteria Modal/Save' is clicked on

2018-11-15 16:59:24 - [TEST_STEP][PASSED] - delay: Delayed 1 second(s)

2018-11-15 16:59:25 - [MESSAGE][PASSED] - Delayed 1 second(s)

2018-11-15 16:59:25 - [TEST_STEP][PASSED] - closeBrowser: Browser is closed

2018-11-15 16:59:25 - [MESSAGE][PASSED] - Browser is closed]]></system-out>
         <system-err><![CDATA[]]></system-err>
      </testcase>
      <testcase name="Test Cases/Admin Console/Election Setup/Election Creation - Upload Supplemental" classname="Test Cases/Admin Console/Election Setup/Election Creation - Upload Supplemental" status="PASSED">
         <system-out><![CDATA[2018-11-15 16:59:25 - [TEST_CASE][PASSED] - Test Cases/Admin Console/Election Setup/Election Creation - Upload Supplemental: Test Cases/Admin Console/Election Setup/Election Creation - Upload Supplemental

2018-11-15 16:59:26 - [TEST_STEP][PASSED] - openBrowser: Browser is opened with url: ''

2018-11-15 16:59:27 - [MESSAGE][PASSED] - Browser is opened with url: ''

2018-11-15 16:59:27 - [TEST_STEP][PASSED] - navigateToUrl: Navigate to 'https://epulsedev2.com' successfully

2018-11-15 16:59:28 - [MESSAGE][PASSED] - Navigate to 'https://epulsedev2.com' successfully

2018-11-15 16:59:28 - [TEST_STEP][PASSED] - setText: Text 'alonzo.mack@knowink.com' is set on object 'Object Repository/Login/Email Address'

2018-11-15 16:59:28 - [MESSAGE][PASSED] - Text 'alonzo.mack@knowink.com' is set on object 'Object Repository/Login/Email Address'

2018-11-15 16:59:28 - [TEST_STEP][PASSED] - setEncryptedText: Text ****** has been set on object 'Object Repository/Login/Password'

2018-11-15 16:59:28 - [MESSAGE][PASSED] - Text ****** has been set on object 'Object Repository/Login/Password'

2018-11-15 16:59:28 - [TEST_STEP][PASSED] - click: Object: 'Object Repository/Login/Sign In' is clicked on

2018-11-15 16:59:29 - [MESSAGE][PASSED] - Object: 'Object Repository/Login/Sign In' is clicked on

2018-11-15 16:59:29 - [TEST_STEP][PASSED] - delay: Delayed 1 second(s)

2018-11-15 16:59:30 - [MESSAGE][PASSED] - Delayed 1 second(s)

2018-11-15 16:59:30 - [TEST_STEP][PASSED] - navigateToUrl: Navigate to 'https://am-automation-test.epulsedev2.com/elections/' successfully

2018-11-15 16:59:31 - [MESSAGE][PASSED] - Navigate to 'https://am-automation-test.epulsedev2.com/elections/' successfully

2018-11-15 16:59:31 - [TEST_STEP][PASSED] - click: Object: 'Object Repository/Admin Console ePulse Menu/Election Setup/Election Creation/Supplemental File Upload/Election (Election Creation)' is clicked on

2018-11-15 16:59:33 - [MESSAGE][PASSED] - Object: 'Object Repository/Admin Console ePulse Menu/Election Setup/Election Creation/Supplemental File Upload/Election (Election Creation)' is clicked on

2018-11-15 16:59:33 - [TEST_STEP][PASSED] - click: Object: 'Object Repository/Admin Console ePulse Menu/Election Setup/Election Creation/Supplemental File Upload/Import Supplemental Voters' is clicked on

2018-11-15 16:59:33 - [MESSAGE][PASSED] - Object: 'Object Repository/Admin Console ePulse Menu/Election Setup/Election Creation/Supplemental File Upload/Import Supplemental Voters' is clicked on

2018-11-15 16:59:33 - [TEST_STEP][PASSED] - setText: Text '/Users/alonzomack/Downloads/Automation uploads/voters_201_mcvr.txt' is set on object 'Object Repository/Common ePulse Objects/Choose File'

2018-11-15 16:59:33 - [MESSAGE][PASSED] - Text '/Users/alonzomack/Downloads/Automation uploads/voters_201_mcvr.txt' is set on object 'Object Repository/Common ePulse Objects/Choose File'

2018-11-15 16:59:33 - [TEST_STEP][PASSED] - delay: Delayed 1 second(s)

2018-11-15 16:59:34 - [MESSAGE][PASSED] - Delayed 1 second(s)

2018-11-15 16:59:34 - [TEST_STEP][PASSED] - click: Object: 'Object Repository/Common ePulse Objects/Continue Button' is clicked on

2018-11-15 16:59:34 - [MESSAGE][PASSED] - Object: 'Object Repository/Common ePulse Objects/Continue Button' is clicked on

2018-11-15 16:59:34 - [TEST_STEP][PASSED] - delay: Delayed 1 second(s)

2018-11-15 16:59:35 - [MESSAGE][PASSED] - Delayed 1 second(s)

2018-11-15 16:59:35 - [TEST_STEP][PASSED] - click: Object: 'Object Repository/Admin Console ePulse Menu/Election Setup/Election Creation/Supplemental File Upload/Done' is clicked on

2018-11-15 16:59:39 - [MESSAGE][PASSED] - Object: 'Object Repository/Admin Console ePulse Menu/Election Setup/Election Creation/Supplemental File Upload/Done' is clicked on

2018-11-15 16:59:39 - [TEST_STEP][PASSED] - verifyTextPresent: Text 'Election Creation' is present on page  using regular expression

2018-11-15 16:59:40 - [MESSAGE][PASSED] - Text 'Election Creation' is present on page  using regular expression

2018-11-15 16:59:40 - [TEST_STEP][PASSED] - verifyTextPresent: Text 'Election Seed Files' is present on page  using regular expression

2018-11-15 16:59:40 - [MESSAGE][PASSED] - Text 'Election Seed Files' is present on page  using regular expression

2018-11-15 16:59:40 - [TEST_STEP][PASSED] - delay: Delayed 1 second(s)

2018-11-15 16:59:41 - [MESSAGE][PASSED] - Delayed 1 second(s)

2018-11-15 16:59:41 - [TEST_STEP][PASSED] - navigateToUrl: Navigate to 'https://am-automation-test.epulsedev2.com/voters#sort=last_name&direction=asc&display=list&page=1' successfully

2018-11-15 16:59:41 - [MESSAGE][PASSED] - Navigate to 'https://am-automation-test.epulsedev2.com/voters#sort=last_name&direction=asc&display=list&page=1' successfully

2018-11-15 16:59:41 - [TEST_STEP][PASSED] - delay: Delayed 1 second(s)

2018-11-15 16:59:42 - [MESSAGE][PASSED] - Delayed 1 second(s)

2018-11-15 16:59:42 - [TEST_STEP][PASSED] - delay: Delayed 1 second(s)

2018-11-15 16:59:43 - [MESSAGE][PASSED] - Delayed 1 second(s)

2018-11-15 16:59:43 - [TEST_STEP][PASSED] - verifyTextPresent: Text 'ABRON A AAARON' is present on page  using regular expression

2018-11-15 16:59:44 - [MESSAGE][PASSED] - Text 'ABRON A AAARON' is present on page  using regular expression

2018-11-15 16:59:44 - [TEST_STEP][PASSED] - closeBrowser: Browser is closed

2018-11-15 16:59:44 - [MESSAGE][PASSED] - Browser is closed]]></system-out>
         <system-err><![CDATA[]]></system-err>
      </testcase>
      <testcase name="Test Cases/Admin Console/Account Settings/Add_Edit Voter/Add_Edit Voter - Import" classname="Test Cases/Admin Console/Account Settings/Add_Edit Voter/Add_Edit Voter - Import" status="PASSED">
         <system-out><![CDATA[2018-11-15 16:59:44 - [TEST_CASE][PASSED] - Test Cases/Admin Console/Account Settings/Add_Edit Voter/Add_Edit Voter - Import: Test Cases/Admin Console/Account Settings/Add_Edit Voter/Add_Edit Voter - Import

2018-11-15 16:59:44 - [TEST_STEP][PASSED] - openBrowser: Browser is opened with url: ''

2018-11-15 16:59:45 - [MESSAGE][PASSED] - Browser is opened with url: ''

2018-11-15 16:59:45 - [TEST_STEP][PASSED] - navigateToUrl: Navigate to 'https://epulsedev2.com' successfully

2018-11-15 16:59:47 - [MESSAGE][PASSED] - Navigate to 'https://epulsedev2.com' successfully

2018-11-15 16:59:47 - [TEST_STEP][PASSED] - setText: Text 'alonzo.mack@knowink.com' is set on object 'Object Repository/Login/Email Address'

2018-11-15 16:59:47 - [MESSAGE][PASSED] - Text 'alonzo.mack@knowink.com' is set on object 'Object Repository/Login/Email Address'

2018-11-15 16:59:47 - [TEST_STEP][PASSED] - setEncryptedText: Text ****** has been set on object 'Object Repository/Login/Password'

2018-11-15 16:59:48 - [MESSAGE][PASSED] - Text ****** has been set on object 'Object Repository/Login/Password'

2018-11-15 16:59:48 - [TEST_STEP][PASSED] - click: Object: 'Object Repository/Login/Sign In' is clicked on

2018-11-15 16:59:49 - [MESSAGE][PASSED] - Object: 'Object Repository/Login/Sign In' is clicked on

2018-11-15 16:59:49 - [TEST_STEP][PASSED] - delay: Delayed 1 second(s)

2018-11-15 16:59:50 - [MESSAGE][PASSED] - Delayed 1 second(s)

2018-11-15 16:59:50 - [TEST_STEP][PASSED] - navigateToUrl: Navigate to 'https://am-automation-test.epulsedev2.com/imports/add_voter' successfully

2018-11-15 16:59:52 - [MESSAGE][PASSED] - Navigate to 'https://am-automation-test.epulsedev2.com/imports/add_voter' successfully

2018-11-15 16:59:52 - [TEST_STEP][PASSED] - delay: Delayed 1 second(s)

2018-11-15 16:59:53 - [MESSAGE][PASSED] - Delayed 1 second(s)

2018-11-15 16:59:53 - [TEST_STEP][PASSED] - setText: Text '/Users/alonzomack/Downloads/Automation uploads/add_voter.txt' is set on object 'Object Repository/Admin Console ePulse Menu/Account Settings/Prompts/Import Prompts Buttons/Choose File'

2018-11-15 16:59:53 - [MESSAGE][PASSED] - Text '/Users/alonzomack/Downloads/Automation uploads/add_voter.txt' is set on object 'Object Repository/Admin Console ePulse Menu/Account Settings/Prompts/Import Prompts Buttons/Choose File'

2018-11-15 16:59:53 - [TEST_STEP][PASSED] - click: Object: 'Object Repository/Admin Console ePulse Menu/Account Settings/Prompts/Import Prompts Buttons/Continue Button' is clicked on

2018-11-15 16:59:53 - [MESSAGE][PASSED] - Object: 'Object Repository/Admin Console ePulse Menu/Account Settings/Prompts/Import Prompts Buttons/Continue Button' is clicked on

2018-11-15 16:59:53 - [TEST_STEP][PASSED] - delay: Delayed 2 second(s)

2018-11-15 16:59:55 - [MESSAGE][PASSED] - Delayed 2 second(s)

2018-11-15 16:59:55 - [TEST_STEP][PASSED] - click: Object: 'Object Repository/Admin Console ePulse Menu/Account Settings/Prompts/Import Prompts Buttons/button_Done(working)' is clicked on

2018-11-15 16:59:58 - [MESSAGE][PASSED] - Object: 'Object Repository/Admin Console ePulse Menu/Account Settings/Prompts/Import Prompts Buttons/button_Done(working)' is clicked on

2018-11-15 16:59:58 - [TEST_STEP][PASSED] - delay: Delayed 1 second(s)

2018-11-15 16:59:59 - [MESSAGE][PASSED] - Delayed 1 second(s)

2018-11-15 16:59:59 - [TEST_STEP][PASSED] - closeBrowser: Browser is closed

2018-11-15 16:59:59 - [MESSAGE][PASSED] - Browser is closed]]></system-out>
         <system-err><![CDATA[]]></system-err>
      </testcase>
      <testcase name="Test Cases/Admin Console/Account Settings/ID Methods/ID Methods - Add" classname="Test Cases/Admin Console/Account Settings/ID Methods/ID Methods - Add" status="PASSED">
         <system-out><![CDATA[2018-11-15 16:59:59 - [TEST_CASE][PASSED] - Test Cases/Admin Console/Account Settings/ID Methods/ID Methods - Add: Test Cases/Admin Console/Account Settings/ID Methods/ID Methods - Add

2018-11-15 16:59:59 - [TEST_STEP][PASSED] - openBrowser: Browser is opened with url: ''

2018-11-15 17:00:00 - [MESSAGE][PASSED] - Browser is opened with url: ''

2018-11-15 17:00:00 - [TEST_STEP][PASSED] - navigateToUrl: Navigate to 'https://epulsedev2.com' successfully

2018-11-15 17:00:02 - [MESSAGE][PASSED] - Navigate to 'https://epulsedev2.com' successfully

2018-11-15 17:00:02 - [TEST_STEP][PASSED] - setText: Text 'alonzo.mack@knowink.com' is set on object 'Object Repository/Login/Email Address'

2018-11-15 17:00:02 - [MESSAGE][PASSED] - Text 'alonzo.mack@knowink.com' is set on object 'Object Repository/Login/Email Address'

2018-11-15 17:00:02 - [TEST_STEP][PASSED] - setEncryptedText: Text ****** has been set on object 'Object Repository/Login/Password'

2018-11-15 17:00:02 - [MESSAGE][PASSED] - Text ****** has been set on object 'Object Repository/Login/Password'

2018-11-15 17:00:02 - [TEST_STEP][PASSED] - click: Object: 'Object Repository/Login/Sign In' is clicked on

2018-11-15 17:00:03 - [MESSAGE][PASSED] - Object: 'Object Repository/Login/Sign In' is clicked on

2018-11-15 17:00:03 - [TEST_STEP][PASSED] - delay: Delayed 1 second(s)

2018-11-15 17:00:04 - [MESSAGE][PASSED] - Delayed 1 second(s)

2018-11-15 17:00:04 - [TEST_STEP][PASSED] - navigateToUrl: Navigate to 'https://am-automation-test.epulsedev2.com/voter_id_methods' successfully

2018-11-15 17:00:06 - [MESSAGE][PASSED] - Navigate to 'https://am-automation-test.epulsedev2.com/voter_id_methods' successfully

2018-11-15 17:00:06 - [TEST_STEP][PASSED] - delay: Delayed 1 second(s)

2018-11-15 17:00:07 - [MESSAGE][PASSED] - Delayed 1 second(s)

2018-11-15 17:00:07 - [TEST_STEP][PASSED] - click: Object: 'Object Repository/Admin Console ePulse Menu/Account Settings/ID Methods/ID Methods Page/Add ID Method Button' is clicked on

2018-11-15 17:00:07 - [MESSAGE][PASSED] - Object: 'Object Repository/Admin Console ePulse Menu/Account Settings/ID Methods/ID Methods Page/Add ID Method Button' is clicked on

2018-11-15 17:00:07 - [TEST_STEP][PASSED] - setText: Text 'Drivers License' is set on object 'Object Repository/Admin Console ePulse Menu/Account Settings/ID Methods/New ID Method Modal/Name'

2018-11-15 17:00:07 - [MESSAGE][PASSED] - Text 'Drivers License' is set on object 'Object Repository/Admin Console ePulse Menu/Account Settings/ID Methods/New ID Method Modal/Name'

2018-11-15 17:00:07 - [TEST_STEP][PASSED] - setText: Text 'State Drivers License' is set on object 'Object Repository/Admin Console ePulse Menu/Account Settings/ID Methods/New ID Method Modal/Heading'

2018-11-15 17:00:07 - [MESSAGE][PASSED] - Text 'State Drivers License' is set on object 'Object Repository/Admin Console ePulse Menu/Account Settings/ID Methods/New ID Method Modal/Heading'

2018-11-15 17:00:07 - [TEST_STEP][PASSED] - selectOptionByValue: All options with value '1' are selected in object 'Object Repository/Admin Console ePulse Menu/Account Settings/ID Methods/New ID Method Modal/Select Color'  using regular expression

2018-11-15 17:00:07 - [MESSAGE][PASSED] - All options with value '1' are selected in object 'Object Repository/Admin Console ePulse Menu/Account Settings/ID Methods/New ID Method Modal/Select Color'  using regular expression

2018-11-15 17:00:07 - [TEST_STEP][PASSED] - setText: Text 'State Drivers License' is set on object 'Object Repository/Admin Console ePulse Menu/Account Settings/ID Methods/New ID Method Modal/Instructions'

2018-11-15 17:00:07 - [MESSAGE][PASSED] - Text 'State Drivers License' is set on object 'Object Repository/Admin Console ePulse Menu/Account Settings/ID Methods/New ID Method Modal/Instructions'

2018-11-15 17:00:07 - [TEST_STEP][PASSED] - setText: Text '1' is set on object 'Object Repository/Admin Console ePulse Menu/Account Settings/ID Methods/New ID Method Modal/Order'

2018-11-15 17:00:07 - [MESSAGE][PASSED] - Text '1' is set on object 'Object Repository/Admin Console ePulse Menu/Account Settings/ID Methods/New ID Method Modal/Order'

2018-11-15 17:00:07 - [TEST_STEP][PASSED] - click: Object: 'Object Repository/Admin Console ePulse Menu/Account Settings/ID Methods/New ID Method Modal/Show Does Name Match_slider' is clicked on

2018-11-15 17:00:07 - [MESSAGE][PASSED] - Object: 'Object Repository/Admin Console ePulse Menu/Account Settings/ID Methods/New ID Method Modal/Show Does Name Match_slider' is clicked on

2018-11-15 17:00:07 - [TEST_STEP][PASSED] - click: Object: 'Object Repository/Admin Console ePulse Menu/Account Settings/ID Methods/New ID Method Modal/Show Does Address Match_slider' is clicked on

2018-11-15 17:00:07 - [MESSAGE][PASSED] - Object: 'Object Repository/Admin Console ePulse Menu/Account Settings/ID Methods/New ID Method Modal/Show Does Address Match_slider' is clicked on

2018-11-15 17:00:07 - [TEST_STEP][PASSED] - click: Object: 'Object Repository/Admin Console ePulse Menu/Account Settings/ID Methods/New ID Method Modal/Show is ID Expired_slider' is clicked on

2018-11-15 17:00:07 - [MESSAGE][PASSED] - Object: 'Object Repository/Admin Console ePulse Menu/Account Settings/ID Methods/New ID Method Modal/Show is ID Expired_slider' is clicked on

2018-11-15 17:00:07 - [TEST_STEP][PASSED] - setText: Text 'No Drivers License?' is set on object 'Object Repository/Admin Console ePulse Menu/Account Settings/ID Methods/New ID Method Modal/Page_Epulse  am-Automation-test/Incorrect Heading'

2018-11-15 17:00:08 - [MESSAGE][PASSED] - Text 'No Drivers License?' is set on object 'Object Repository/Admin Console ePulse Menu/Account Settings/ID Methods/New ID Method Modal/Page_Epulse  am-Automation-test/Incorrect Heading'

2018-11-15 17:00:08 - [TEST_STEP][PASSED] - setText: Text 'Vote Provisional' is set on object 'Object Repository/Admin Console ePulse Menu/Account Settings/ID Methods/New ID Method Modal/Page_Epulse  am-Automation-test/Incorrect Instructions'

2018-11-15 17:00:08 - [MESSAGE][PASSED] - Text 'Vote Provisional' is set on object 'Object Repository/Admin Console ePulse Menu/Account Settings/ID Methods/New ID Method Modal/Page_Epulse  am-Automation-test/Incorrect Instructions'

2018-11-15 17:00:08 - [TEST_STEP][PASSED] - click: Object: 'Object Repository/Admin Console ePulse Menu/Account Settings/ID Methods/New ID Method Modal/Submit' is clicked on

2018-11-15 17:00:08 - [MESSAGE][PASSED] - Object: 'Object Repository/Admin Console ePulse Menu/Account Settings/ID Methods/New ID Method Modal/Submit' is clicked on]]></system-out>
         <system-err><![CDATA[]]></system-err>
      </testcase>
      <testcase name="Test Cases/Admin Console/Account Settings/ID Methods/ID Methods - Import" classname="Test Cases/Admin Console/Account Settings/ID Methods/ID Methods - Import" status="PASSED">
         <system-out><![CDATA[2018-11-15 17:00:08 - [TEST_CASE][PASSED] - Test Cases/Admin Console/Account Settings/ID Methods/ID Methods - Import: Test Cases/Admin Console/Account Settings/ID Methods/ID Methods - Import

2018-11-15 17:00:08 - [TEST_STEP][PASSED] - openBrowser: Browser is opened with url: ''

2018-11-15 17:00:08 - [MESSAGE][WARNING] - A browser is already opened. Closing browser and opening a new one

2018-11-15 17:00:09 - [MESSAGE][PASSED] - Browser is opened with url: ''

2018-11-15 17:00:09 - [TEST_STEP][PASSED] - navigateToUrl: Navigate to 'https://epulsedev2.com' successfully

2018-11-15 17:00:10 - [MESSAGE][PASSED] - Navigate to 'https://epulsedev2.com' successfully

2018-11-15 17:00:10 - [TEST_STEP][PASSED] - setText: Text 'alonzo.mack@knowink.com' is set on object 'Object Repository/Login/Email Address'

2018-11-15 17:00:11 - [MESSAGE][PASSED] - Text 'alonzo.mack@knowink.com' is set on object 'Object Repository/Login/Email Address'

2018-11-15 17:00:11 - [TEST_STEP][PASSED] - setEncryptedText: Text ****** has been set on object 'Object Repository/Login/Password'

2018-11-15 17:00:11 - [MESSAGE][PASSED] - Text ****** has been set on object 'Object Repository/Login/Password'

2018-11-15 17:00:11 - [TEST_STEP][PASSED] - click: Object: 'Object Repository/Login/Sign In' is clicked on

2018-11-15 17:00:12 - [MESSAGE][PASSED] - Object: 'Object Repository/Login/Sign In' is clicked on

2018-11-15 17:00:12 - [TEST_STEP][PASSED] - delay: Delayed 1 second(s)

2018-11-15 17:00:13 - [MESSAGE][PASSED] - Delayed 1 second(s)

2018-11-15 17:00:13 - [TEST_STEP][PASSED] - navigateToUrl: Navigate to 'https://am-automation-test.epulsedev2.com/voter_id_methods' successfully

2018-11-15 17:00:14 - [MESSAGE][PASSED] - Navigate to 'https://am-automation-test.epulsedev2.com/voter_id_methods' successfully

2018-11-15 17:00:14 - [TEST_STEP][PASSED] - click: Object: 'Object Repository/Admin Console ePulse Menu/Account Settings/ID Methods/ID Methods Page/Import' is clicked on

2018-11-15 17:00:15 - [MESSAGE][PASSED] - Object: 'Object Repository/Admin Console ePulse Menu/Account Settings/ID Methods/ID Methods Page/Import' is clicked on

2018-11-15 17:00:15 - [TEST_STEP][PASSED] - setText: Text '/Users/alonzomack/Downloads/Automation uploads/voter_id_methods.txt' is set on object 'Object Repository/Admin Console ePulse Menu/Account Settings/Prompts/Import Prompts Buttons/Choose File'

2018-11-15 17:00:15 - [MESSAGE][PASSED] - Text '/Users/alonzomack/Downloads/Automation uploads/voter_id_methods.txt' is set on object 'Object Repository/Admin Console ePulse Menu/Account Settings/Prompts/Import Prompts Buttons/Choose File'

2018-11-15 17:00:15 - [TEST_STEP][PASSED] - click: Object: 'Object Repository/Admin Console ePulse Menu/Account Settings/Prompts/Import Prompts Buttons/Continue Button' is clicked on

2018-11-15 17:00:15 - [MESSAGE][PASSED] - Object: 'Object Repository/Admin Console ePulse Menu/Account Settings/Prompts/Import Prompts Buttons/Continue Button' is clicked on

2018-11-15 17:00:15 - [TEST_STEP][PASSED] - delay: Delayed 1 second(s)

2018-11-15 17:00:16 - [MESSAGE][PASSED] - Delayed 1 second(s)

2018-11-15 17:00:16 - [TEST_STEP][PASSED] - click: Object: 'Object Repository/Admin Console ePulse Menu/Account Settings/Prompts/Import Prompts Buttons/button_Done(working)' is clicked on

2018-11-15 17:00:20 - [MESSAGE][PASSED] - Object: 'Object Repository/Admin Console ePulse Menu/Account Settings/Prompts/Import Prompts Buttons/button_Done(working)' is clicked on]]></system-out>
         <system-err><![CDATA[]]></system-err>
      </testcase>
      <testcase name="Test Cases/Admin Console/Account Settings/ID Methods/ID Methods - Edit" classname="Test Cases/Admin Console/Account Settings/ID Methods/ID Methods - Edit" status="PASSED">
         <system-out><![CDATA[2018-11-15 17:00:20 - [TEST_CASE][PASSED] - Test Cases/Admin Console/Account Settings/ID Methods/ID Methods - Edit: Test Cases/Admin Console/Account Settings/ID Methods/ID Methods - Edit

2018-11-15 17:00:20 - [TEST_STEP][PASSED] - openBrowser: Browser is opened with url: ''

2018-11-15 17:00:20 - [MESSAGE][WARNING] - A browser is already opened. Closing browser and opening a new one

2018-11-15 17:00:21 - [MESSAGE][PASSED] - Browser is opened with url: ''

2018-11-15 17:00:21 - [TEST_STEP][PASSED] - navigateToUrl: Navigate to 'https://epulsedev2.com' successfully

2018-11-15 17:00:23 - [MESSAGE][PASSED] - Navigate to 'https://epulsedev2.com' successfully

2018-11-15 17:00:23 - [TEST_STEP][PASSED] - setText: Text 'alonzo.mack@knowink.com' is set on object 'Object Repository/Login/Email Address'

2018-11-15 17:00:23 - [MESSAGE][PASSED] - Text 'alonzo.mack@knowink.com' is set on object 'Object Repository/Login/Email Address'

2018-11-15 17:00:23 - [TEST_STEP][PASSED] - setEncryptedText: Text ****** has been set on object 'Object Repository/Login/Password'

2018-11-15 17:00:23 - [MESSAGE][PASSED] - Text ****** has been set on object 'Object Repository/Login/Password'

2018-11-15 17:00:23 - [TEST_STEP][PASSED] - click: Object: 'Object Repository/Login/Sign In' is clicked on

2018-11-15 17:00:24 - [MESSAGE][PASSED] - Object: 'Object Repository/Login/Sign In' is clicked on

2018-11-15 17:00:24 - [TEST_STEP][PASSED] - delay: Delayed 1 second(s)

2018-11-15 17:00:25 - [MESSAGE][PASSED] - Delayed 1 second(s)

2018-11-15 17:00:25 - [TEST_STEP][PASSED] - navigateToUrl: Navigate to 'https://am-automation-test.epulsedev2.com/voter_id_methods' successfully

2018-11-15 17:00:26 - [MESSAGE][PASSED] - Navigate to 'https://am-automation-test.epulsedev2.com/voter_id_methods' successfully

2018-11-15 17:00:26 - [TEST_STEP][PASSED] - delay: Delayed 1 second(s)

2018-11-15 17:00:27 - [MESSAGE][PASSED] - Delayed 1 second(s)

2018-11-15 17:00:27 - [TEST_STEP][PASSED] - click: Object: 'Object Repository/Admin Console ePulse Menu/Account Settings/ID Methods/ID Methods Page/Page_Epulse  am-Automation-test/Edit Selected ID Method' is clicked on

2018-11-15 17:00:27 - [MESSAGE][PASSED] - Object: 'Object Repository/Admin Console ePulse Menu/Account Settings/ID Methods/ID Methods Page/Page_Epulse  am-Automation-test/Edit Selected ID Method' is clicked on

2018-11-15 17:00:27 - [TEST_STEP][PASSED] - setText: Text 'Drivers License_Edit' is set on object 'Object Repository/Admin Console ePulse Menu/Account Settings/ID Methods/New ID Method Modal/Name'

2018-11-15 17:00:28 - [MESSAGE][PASSED] - Text 'Drivers License_Edit' is set on object 'Object Repository/Admin Console ePulse Menu/Account Settings/ID Methods/New ID Method Modal/Name'

2018-11-15 17:00:28 - [TEST_STEP][PASSED] - setText: Text 'State Drivers License_Edit' is set on object 'Object Repository/Admin Console ePulse Menu/Account Settings/ID Methods/New ID Method Modal/Heading'

2018-11-15 17:00:28 - [MESSAGE][PASSED] - Text 'State Drivers License_Edit' is set on object 'Object Repository/Admin Console ePulse Menu/Account Settings/ID Methods/New ID Method Modal/Heading'

2018-11-15 17:00:28 - [TEST_STEP][PASSED] - selectOptionByValue: All options with value '0' are selected in object 'Object Repository/Admin Console ePulse Menu/Account Settings/ID Methods/New ID Method Modal/Select Color'  using regular expression

2018-11-15 17:00:28 - [MESSAGE][PASSED] - All options with value '0' are selected in object 'Object Repository/Admin Console ePulse Menu/Account Settings/ID Methods/New ID Method Modal/Select Color'  using regular expression

2018-11-15 17:00:28 - [TEST_STEP][PASSED] - setText: Text 'State Drivers License_Edit' is set on object 'Object Repository/Admin Console ePulse Menu/Account Settings/ID Methods/New ID Method Modal/Instructions'

2018-11-15 17:00:28 - [MESSAGE][PASSED] - Text 'State Drivers License_Edit' is set on object 'Object Repository/Admin Console ePulse Menu/Account Settings/ID Methods/New ID Method Modal/Instructions'

2018-11-15 17:00:28 - [TEST_STEP][PASSED] - setText: Text '2' is set on object 'Object Repository/Admin Console ePulse Menu/Account Settings/ID Methods/New ID Method Modal/Order'

2018-11-15 17:00:28 - [MESSAGE][PASSED] - Text '2' is set on object 'Object Repository/Admin Console ePulse Menu/Account Settings/ID Methods/New ID Method Modal/Order'

2018-11-15 17:00:28 - [TEST_STEP][NOT_RUN] - click: NOT_RUN: click

2018-11-15 17:00:28 - [MESSAGE][NOT_RUN] - NOT_RUN: click

2018-11-15 17:00:28 - [TEST_STEP][PASSED] - click: Object: 'Object Repository/Admin Console ePulse Menu/Account Settings/ID Methods/New ID Method Modal/Show Does Address Match_slider' is clicked on

2018-11-15 17:00:28 - [MESSAGE][PASSED] - Object: 'Object Repository/Admin Console ePulse Menu/Account Settings/ID Methods/New ID Method Modal/Show Does Address Match_slider' is clicked on

2018-11-15 17:00:28 - [TEST_STEP][NOT_RUN] - click: NOT_RUN: click

2018-11-15 17:00:28 - [MESSAGE][NOT_RUN] - NOT_RUN: click

2018-11-15 17:00:28 - [TEST_STEP][PASSED] - setText: Text 'No Drivers License_Edit?' is set on object 'Object Repository/Admin Console ePulse Menu/Account Settings/ID Methods/New ID Method Modal/Page_Epulse  am-Automation-test/Incorrect Heading'

2018-11-15 17:00:28 - [MESSAGE][PASSED] - Text 'No Drivers License_Edit?' is set on object 'Object Repository/Admin Console ePulse Menu/Account Settings/ID Methods/New ID Method Modal/Page_Epulse  am-Automation-test/Incorrect Heading'

2018-11-15 17:00:28 - [TEST_STEP][PASSED] - setText: Text 'Vote Provisional_Edit' is set on object 'Object Repository/Admin Console ePulse Menu/Account Settings/ID Methods/New ID Method Modal/Page_Epulse  am-Automation-test/Incorrect Instructions'

2018-11-15 17:00:29 - [MESSAGE][PASSED] - Text 'Vote Provisional_Edit' is set on object 'Object Repository/Admin Console ePulse Menu/Account Settings/ID Methods/New ID Method Modal/Page_Epulse  am-Automation-test/Incorrect Instructions'

2018-11-15 17:00:29 - [TEST_STEP][PASSED] - click: Object: 'Object Repository/Admin Console ePulse Menu/Account Settings/ID Methods/New ID Method Modal/Submit' is clicked on

2018-11-15 17:00:29 - [MESSAGE][PASSED] - Object: 'Object Repository/Admin Console ePulse Menu/Account Settings/ID Methods/New ID Method Modal/Submit' is clicked on

2018-11-15 17:00:29 - [TEST_STEP][PASSED] - closeBrowser: Browser is closed

2018-11-15 17:00:29 - [MESSAGE][PASSED] - Browser is closed]]></system-out>
         <system-err><![CDATA[]]></system-err>
      </testcase>
      <testcase name="Test Cases/Admin Console/Account Settings/ID Methods/ID Methods - Button" classname="Test Cases/Admin Console/Account Settings/ID Methods/ID Methods - Button" status="PASSED">
         <system-out><![CDATA[2018-11-15 17:00:29 - [TEST_CASE][PASSED] - Test Cases/Admin Console/Account Settings/ID Methods/ID Methods - Button: Test Cases/Admin Console/Account Settings/ID Methods/ID Methods - Button

2018-11-15 17:00:29 - [TEST_STEP][PASSED] - openBrowser: Browser is opened with url: ''

2018-11-15 17:00:30 - [MESSAGE][PASSED] - Browser is opened with url: ''

2018-11-15 17:00:30 - [TEST_STEP][PASSED] - navigateToUrl: Navigate to 'https://epulsedev2.com' successfully

2018-11-15 17:00:31 - [MESSAGE][PASSED] - Navigate to 'https://epulsedev2.com' successfully

2018-11-15 17:00:31 - [TEST_STEP][PASSED] - setText: Text 'alonzo.mack@knowink.com' is set on object 'Object Repository/Login/Email Address'

2018-11-15 17:00:31 - [MESSAGE][PASSED] - Text 'alonzo.mack@knowink.com' is set on object 'Object Repository/Login/Email Address'

2018-11-15 17:00:31 - [TEST_STEP][PASSED] - setEncryptedText: Text ****** has been set on object 'Object Repository/Login/Password'

2018-11-15 17:00:31 - [MESSAGE][PASSED] - Text ****** has been set on object 'Object Repository/Login/Password'

2018-11-15 17:00:31 - [TEST_STEP][PASSED] - click: Object: 'Object Repository/Login/Sign In' is clicked on

2018-11-15 17:00:33 - [MESSAGE][PASSED] - Object: 'Object Repository/Login/Sign In' is clicked on

2018-11-15 17:00:33 - [TEST_STEP][PASSED] - delay: Delayed 1 second(s)

2018-11-15 17:00:34 - [MESSAGE][PASSED] - Delayed 1 second(s)

2018-11-15 17:00:34 - [TEST_STEP][PASSED] - navigateToUrl: Navigate to 'https://am-automation-test.epulsedev2.com/voter_id_methods' successfully

2018-11-15 17:00:35 - [MESSAGE][PASSED] - Navigate to 'https://am-automation-test.epulsedev2.com/voter_id_methods' successfully

2018-11-15 17:00:35 - [TEST_STEP][PASSED] - delay: Delayed 1 second(s)

2018-11-15 17:00:36 - [MESSAGE][PASSED] - Delayed 1 second(s)

2018-11-15 17:00:36 - [TEST_STEP][PASSED] - click: Object: 'Object Repository/Admin Console ePulse Menu/Account Settings/ID Methods/ID Methods Page/Page_Epulse  am-Automation-test/Buttons' is clicked on

2018-11-15 17:00:36 - [MESSAGE][PASSED] - Object: 'Object Repository/Admin Console ePulse Menu/Account Settings/ID Methods/ID Methods Page/Page_Epulse  am-Automation-test/Buttons' is clicked on

2018-11-15 17:00:36 - [TEST_STEP][PASSED] - delay: Delayed 1 second(s)

2018-11-15 17:00:37 - [MESSAGE][PASSED] - Delayed 1 second(s)

2018-11-15 17:00:37 - [TEST_STEP][PASSED] - setText: Text 'test' is set on object 'Object Repository/Admin Console ePulse Menu/Account Settings/ID Methods/Buttons/Button Label'

2018-11-15 17:00:37 - [MESSAGE][PASSED] - Text 'test' is set on object 'Object Repository/Admin Console ePulse Menu/Account Settings/ID Methods/Buttons/Button Label'

2018-11-15 17:00:37 - [TEST_STEP][PASSED] - delay: Delayed 1 second(s)

2018-11-15 17:00:38 - [MESSAGE][PASSED] - Delayed 1 second(s)

2018-11-15 17:00:38 - [TEST_STEP][PASSED] - selectOptionByValue: All options with value '0' are selected in object 'Object Repository/Admin Console ePulse Menu/Account Settings/ID Methods/Buttons/Button Type'  using regular expression

2018-11-15 17:00:38 - [MESSAGE][PASSED] - All options with value '0' are selected in object 'Object Repository/Admin Console ePulse Menu/Account Settings/ID Methods/Buttons/Button Type'  using regular expression

2018-11-15 17:00:38 - [TEST_STEP][PASSED] - delay: Delayed 1 second(s)

2018-11-15 17:00:39 - [MESSAGE][PASSED] - Delayed 1 second(s)

2018-11-15 17:00:39 - [TEST_STEP][PASSED] - click: Object: 'Object Repository/Admin Console ePulse Menu/Account Settings/ID Methods/Buttons/Add Button(blue  sign)' is clicked on

2018-11-15 17:00:40 - [MESSAGE][PASSED] - Object: 'Object Repository/Admin Console ePulse Menu/Account Settings/ID Methods/Buttons/Add Button(blue  sign)' is clicked on

2018-11-15 17:00:40 - [TEST_STEP][PASSED] - delay: Delayed 1 second(s)

2018-11-15 17:00:41 - [MESSAGE][PASSED] - Delayed 1 second(s)

2018-11-15 17:00:41 - [TEST_STEP][PASSED] - setText: Text '1test' is set on object 'Object Repository/Admin Console ePulse Menu/Account Settings/ID Methods/Buttons/Button Label'

2018-11-15 17:00:41 - [MESSAGE][PASSED] - Text '1test' is set on object 'Object Repository/Admin Console ePulse Menu/Account Settings/ID Methods/Buttons/Button Label'

2018-11-15 17:00:41 - [TEST_STEP][PASSED] - delay: Delayed 1 second(s)

2018-11-15 17:00:42 - [MESSAGE][PASSED] - Delayed 1 second(s)

2018-11-15 17:00:42 - [TEST_STEP][PASSED] - selectOptionByValue: All options with value '1' are selected in object 'Object Repository/Admin Console ePulse Menu/Account Settings/ID Methods/Buttons/Button Type'  using regular expression

2018-11-15 17:00:42 - [MESSAGE][PASSED] - All options with value '1' are selected in object 'Object Repository/Admin Console ePulse Menu/Account Settings/ID Methods/Buttons/Button Type'  using regular expression

2018-11-15 17:00:42 - [TEST_STEP][PASSED] - setText: Text 'Allow to vote' is set on object 'Object Repository/Admin Console ePulse Menu/Account Settings/ID Methods/Buttons/Additional text field'

2018-11-15 17:00:42 - [MESSAGE][PASSED] - Text 'Allow to vote' is set on object 'Object Repository/Admin Console ePulse Menu/Account Settings/ID Methods/Buttons/Additional text field'

2018-11-15 17:00:42 - [TEST_STEP][PASSED] - delay: Delayed 1 second(s)

2018-11-15 17:00:43 - [MESSAGE][PASSED] - Delayed 1 second(s)

2018-11-15 17:00:43 - [TEST_STEP][PASSED] - click: Object: 'Object Repository/Admin Console ePulse Menu/Account Settings/ID Methods/Buttons/Add Button(blue  sign)' is clicked on

2018-11-15 17:00:43 - [MESSAGE][PASSED] - Object: 'Object Repository/Admin Console ePulse Menu/Account Settings/ID Methods/Buttons/Add Button(blue  sign)' is clicked on

2018-11-15 17:00:43 - [TEST_STEP][PASSED] - delay: Delayed 1 second(s)

2018-11-15 17:00:44 - [MESSAGE][PASSED] - Delayed 1 second(s)

2018-11-15 17:00:44 - [TEST_STEP][PASSED] - setText: Text '2test' is set on object 'Object Repository/Admin Console ePulse Menu/Account Settings/ID Methods/Buttons/Button Label'

2018-11-15 17:00:44 - [MESSAGE][PASSED] - Text '2test' is set on object 'Object Repository/Admin Console ePulse Menu/Account Settings/ID Methods/Buttons/Button Label'

2018-11-15 17:00:44 - [TEST_STEP][PASSED] - delay: Delayed 1 second(s)

2018-11-15 17:00:45 - [MESSAGE][PASSED] - Delayed 1 second(s)

2018-11-15 17:00:45 - [TEST_STEP][PASSED] - selectOptionByValue: All options with value '2' are selected in object 'Object Repository/Admin Console ePulse Menu/Account Settings/ID Methods/Buttons/Button Type'  using regular expression

2018-11-15 17:00:45 - [MESSAGE][PASSED] - All options with value '2' are selected in object 'Object Repository/Admin Console ePulse Menu/Account Settings/ID Methods/Buttons/Button Type'  using regular expression

2018-11-15 17:00:45 - [TEST_STEP][PASSED] - delay: Delayed 1 second(s)

2018-11-15 17:00:46 - [MESSAGE][PASSED] - Delayed 1 second(s)

2018-11-15 17:00:46 - [TEST_STEP][PASSED] - setText: Text 'asdf' is set on object 'Object Repository/Admin Console ePulse Menu/Account Settings/ID Methods/Buttons/Additional text field'

2018-11-15 17:00:46 - [MESSAGE][PASSED] - Text 'asdf' is set on object 'Object Repository/Admin Console ePulse Menu/Account Settings/ID Methods/Buttons/Additional text field'

2018-11-15 17:00:46 - [TEST_STEP][PASSED] - delay: Delayed 1 second(s)

2018-11-15 17:00:47 - [MESSAGE][PASSED] - Delayed 1 second(s)

2018-11-15 17:00:47 - [TEST_STEP][PASSED] - click: Object: 'Object Repository/Admin Console ePulse Menu/Account Settings/ID Methods/Buttons/Add Button(blue  sign)' is clicked on

2018-11-15 17:00:47 - [MESSAGE][PASSED] - Object: 'Object Repository/Admin Console ePulse Menu/Account Settings/ID Methods/Buttons/Add Button(blue  sign)' is clicked on

2018-11-15 17:00:47 - [TEST_STEP][PASSED] - delay: Delayed 1 second(s)

2018-11-15 17:00:48 - [MESSAGE][PASSED] - Delayed 1 second(s)

2018-11-15 17:00:48 - [TEST_STEP][PASSED] - setText: Text '3test' is set on object 'Object Repository/Admin Console ePulse Menu/Account Settings/ID Methods/Buttons/Button Label'

2018-11-15 17:00:48 - [MESSAGE][PASSED] - Text '3test' is set on object 'Object Repository/Admin Console ePulse Menu/Account Settings/ID Methods/Buttons/Button Label'

2018-11-15 17:00:48 - [TEST_STEP][PASSED] - delay: Delayed 1 second(s)

2018-11-15 17:00:49 - [MESSAGE][PASSED] - Delayed 1 second(s)

2018-11-15 17:00:49 - [TEST_STEP][PASSED] - selectOptionByValue: All options with value '3' are selected in object 'Object Repository/Admin Console ePulse Menu/Account Settings/ID Methods/Buttons/Button Type'  using regular expression

2018-11-15 17:00:49 - [MESSAGE][PASSED] - All options with value '3' are selected in object 'Object Repository/Admin Console ePulse Menu/Account Settings/ID Methods/Buttons/Button Type'  using regular expression

2018-11-15 17:00:49 - [TEST_STEP][PASSED] - delay: Delayed 1 second(s)

2018-11-15 17:00:50 - [MESSAGE][PASSED] - Delayed 1 second(s)

2018-11-15 17:00:50 - [TEST_STEP][PASSED] - click: Object: 'Object Repository/Admin Console ePulse Menu/Account Settings/ID Methods/Buttons/Add Button(blue  sign)' is clicked on

2018-11-15 17:00:50 - [MESSAGE][PASSED] - Object: 'Object Repository/Admin Console ePulse Menu/Account Settings/ID Methods/Buttons/Add Button(blue  sign)' is clicked on

2018-11-15 17:00:50 - [TEST_STEP][PASSED] - delay: Delayed 1 second(s)

2018-11-15 17:00:51 - [MESSAGE][PASSED] - Delayed 1 second(s)

2018-11-15 17:00:51 - [TEST_STEP][PASSED] - setText: Text '4test' is set on object 'Object Repository/Admin Console ePulse Menu/Account Settings/ID Methods/Buttons/Button Label'

2018-11-15 17:00:52 - [MESSAGE][PASSED] - Text '4test' is set on object 'Object Repository/Admin Console ePulse Menu/Account Settings/ID Methods/Buttons/Button Label'

2018-11-15 17:00:52 - [TEST_STEP][PASSED] - delay: Delayed 1 second(s)

2018-11-15 17:00:53 - [MESSAGE][PASSED] - Delayed 1 second(s)

2018-11-15 17:00:53 - [TEST_STEP][PASSED] - selectOptionByValue: All options with value '4' are selected in object 'Object Repository/Admin Console ePulse Menu/Account Settings/ID Methods/Buttons/Button Type'  using regular expression

2018-11-15 17:00:53 - [MESSAGE][PASSED] - All options with value '4' are selected in object 'Object Repository/Admin Console ePulse Menu/Account Settings/ID Methods/Buttons/Button Type'  using regular expression

2018-11-15 17:00:53 - [TEST_STEP][PASSED] - delay: Delayed 1 second(s)

2018-11-15 17:00:54 - [MESSAGE][PASSED] - Delayed 1 second(s)

2018-11-15 17:00:54 - [TEST_STEP][PASSED] - click: Object: 'Object Repository/Admin Console ePulse Menu/Account Settings/ID Methods/Buttons/Add Button(blue  sign)' is clicked on

2018-11-15 17:00:54 - [MESSAGE][PASSED] - Object: 'Object Repository/Admin Console ePulse Menu/Account Settings/ID Methods/Buttons/Add Button(blue  sign)' is clicked on

2018-11-15 17:00:54 - [TEST_STEP][PASSED] - delay: Delayed 1 second(s)

2018-11-15 17:00:55 - [MESSAGE][PASSED] - Delayed 1 second(s)

2018-11-15 17:00:55 - [TEST_STEP][PASSED] - setText: Text '5test' is set on object 'Object Repository/Admin Console ePulse Menu/Account Settings/ID Methods/Buttons/Button Label'

2018-11-15 17:00:55 - [MESSAGE][PASSED] - Text '5test' is set on object 'Object Repository/Admin Console ePulse Menu/Account Settings/ID Methods/Buttons/Button Label'

2018-11-15 17:00:55 - [TEST_STEP][PASSED] - delay: Delayed 1 second(s)

2018-11-15 17:00:56 - [MESSAGE][PASSED] - Delayed 1 second(s)

2018-11-15 17:00:56 - [TEST_STEP][PASSED] - selectOptionByValue: All options with value '5' are selected in object 'Object Repository/Admin Console ePulse Menu/Account Settings/ID Methods/Buttons/Button Type'  using regular expression

2018-11-15 17:00:56 - [MESSAGE][PASSED] - All options with value '5' are selected in object 'Object Repository/Admin Console ePulse Menu/Account Settings/ID Methods/Buttons/Button Type'  using regular expression

2018-11-15 17:00:56 - [TEST_STEP][PASSED] - delay: Delayed 1 second(s)

2018-11-15 17:00:57 - [MESSAGE][PASSED] - Delayed 1 second(s)

2018-11-15 17:00:57 - [TEST_STEP][PASSED] - click: Object: 'Object Repository/Admin Console ePulse Menu/Account Settings/ID Methods/Buttons/Add Button(blue  sign)' is clicked on

2018-11-15 17:00:57 - [MESSAGE][PASSED] - Object: 'Object Repository/Admin Console ePulse Menu/Account Settings/ID Methods/Buttons/Add Button(blue  sign)' is clicked on

2018-11-15 17:00:57 - [TEST_STEP][PASSED] - delay: Delayed 1 second(s)

2018-11-15 17:00:58 - [MESSAGE][PASSED] - Delayed 1 second(s)

2018-11-15 17:00:58 - [TEST_STEP][PASSED] - click: Object: 'Object Repository/Admin Console ePulse Menu/Account Settings/Prompts/Prompt Button Modal/Close Button' is clicked on

2018-11-15 17:00:58 - [MESSAGE][PASSED] - Object: 'Object Repository/Admin Console ePulse Menu/Account Settings/Prompts/Prompt Button Modal/Close Button' is clicked on

2018-11-15 17:00:58 - [TEST_STEP][PASSED] - delay: Delayed 1 second(s)

2018-11-15 17:00:59 - [MESSAGE][PASSED] - Delayed 1 second(s)

2018-11-15 17:00:59 - [TEST_STEP][PASSED] - closeBrowser: Browser is closed

2018-11-15 17:00:59 - [MESSAGE][PASSED] - Browser is closed]]></system-out>
         <system-err><![CDATA[]]></system-err>
      </testcase>
      <testcase name="Test Cases/Admin Console/Account Settings/ID Methods/ID Methods - Edit Oath" classname="Test Cases/Admin Console/Account Settings/ID Methods/ID Methods - Edit Oath" status="PASSED">
         <system-out><![CDATA[2018-11-15 17:00:59 - [TEST_CASE][PASSED] - Test Cases/Admin Console/Account Settings/ID Methods/ID Methods - Edit Oath: Test Cases/Admin Console/Account Settings/ID Methods/ID Methods - Edit Oath

2018-11-15 17:00:59 - [TEST_STEP][PASSED] - openBrowser: Browser is opened with url: ''

2018-11-15 17:01:00 - [MESSAGE][PASSED] - Browser is opened with url: ''

2018-11-15 17:01:00 - [TEST_STEP][PASSED] - navigateToUrl: Navigate to 'https://epulsedev2.com' successfully

2018-11-15 17:01:02 - [MESSAGE][PASSED] - Navigate to 'https://epulsedev2.com' successfully

2018-11-15 17:01:02 - [TEST_STEP][PASSED] - setText: Text 'alonzo.mack@knowink.com' is set on object 'Object Repository/Login/Email Address'

2018-11-15 17:01:02 - [MESSAGE][PASSED] - Text 'alonzo.mack@knowink.com' is set on object 'Object Repository/Login/Email Address'

2018-11-15 17:01:02 - [TEST_STEP][PASSED] - setEncryptedText: Text ****** has been set on object 'Object Repository/Login/Password'

2018-11-15 17:01:02 - [MESSAGE][PASSED] - Text ****** has been set on object 'Object Repository/Login/Password'

2018-11-15 17:01:02 - [TEST_STEP][PASSED] - click: Object: 'Object Repository/Login/Sign In' is clicked on

2018-11-15 17:01:03 - [MESSAGE][PASSED] - Object: 'Object Repository/Login/Sign In' is clicked on

2018-11-15 17:01:03 - [TEST_STEP][PASSED] - delay: Delayed 1 second(s)

2018-11-15 17:01:04 - [MESSAGE][PASSED] - Delayed 1 second(s)

2018-11-15 17:01:04 - [TEST_STEP][PASSED] - navigateToUrl: Navigate to 'https://am-automation-test.epulsedev2.com/voter_id_methods' successfully

2018-11-15 17:01:05 - [MESSAGE][PASSED] - Navigate to 'https://am-automation-test.epulsedev2.com/voter_id_methods' successfully

2018-11-15 17:01:05 - [TEST_STEP][PASSED] - click: Object: 'Object Repository/Admin Console ePulse Menu/Account Settings/ID Methods/ID Methods Page/Edit ID Method Oath' is clicked on

2018-11-15 17:01:05 - [MESSAGE][PASSED] - Object: 'Object Repository/Admin Console ePulse Menu/Account Settings/ID Methods/ID Methods Page/Edit ID Method Oath' is clicked on

2018-11-15 17:01:05 - [TEST_STEP][PASSED] - delay: Delayed 1 second(s)

2018-11-15 17:01:06 - [MESSAGE][PASSED] - Delayed 1 second(s)

2018-11-15 17:01:06 - [TEST_STEP][PASSED] - setText: Text 'Customize the oath displayed to voters. ' is set on object 'Object Repository/Admin Console ePulse Menu/Account Settings/ID Methods/Edit ID Method Modal/Customized Oath text area'

2018-11-15 17:01:06 - [MESSAGE][PASSED] - Text 'Customize the oath displayed to voters. ' is set on object 'Object Repository/Admin Console ePulse Menu/Account Settings/ID Methods/Edit ID Method Modal/Customized Oath text area'

2018-11-15 17:01:06 - [TEST_STEP][PASSED] - delay: Delayed 1 second(s)

2018-11-15 17:01:07 - [MESSAGE][PASSED] - Delayed 1 second(s)

2018-11-15 17:01:07 - [TEST_STEP][PASSED] - click: Object: 'Object Repository/Admin Console ePulse Menu/Account Settings/ID Methods/Edit ID Method Modal/Submit' is clicked on

2018-11-15 17:01:07 - [MESSAGE][PASSED] - Object: 'Object Repository/Admin Console ePulse Menu/Account Settings/ID Methods/Edit ID Method Modal/Submit' is clicked on]]></system-out>
         <system-err><![CDATA[]]></system-err>
      </testcase>
      <testcase name="Test Cases/Admin Console/Account Settings/ID Methods/ID Methods - ALT Button" classname="Test Cases/Admin Console/Account Settings/ID Methods/ID Methods - ALT Button" status="PASSED">
         <system-out><![CDATA[2018-11-15 17:01:07 - [TEST_CASE][PASSED] - Test Cases/Admin Console/Account Settings/ID Methods/ID Methods - ALT Button: Test Cases/Admin Console/Account Settings/ID Methods/ID Methods - ALT Button

2018-11-15 17:01:07 - [TEST_STEP][PASSED] - openBrowser: Browser is opened with url: ''

2018-11-15 17:01:07 - [MESSAGE][WARNING] - A browser is already opened. Closing browser and opening a new one

2018-11-15 17:01:08 - [MESSAGE][PASSED] - Browser is opened with url: ''

2018-11-15 17:01:08 - [TEST_STEP][PASSED] - navigateToUrl: Navigate to 'https://epulsedev2.com' successfully

2018-11-15 17:01:09 - [MESSAGE][PASSED] - Navigate to 'https://epulsedev2.com' successfully

2018-11-15 17:01:09 - [TEST_STEP][PASSED] - setText: Text 'alonzo.mack@knowink.com' is set on object 'Object Repository/Login/Email Address'

2018-11-15 17:01:10 - [MESSAGE][PASSED] - Text 'alonzo.mack@knowink.com' is set on object 'Object Repository/Login/Email Address'

2018-11-15 17:01:10 - [TEST_STEP][PASSED] - setEncryptedText: Text ****** has been set on object 'Object Repository/Login/Password'

2018-11-15 17:01:10 - [MESSAGE][PASSED] - Text ****** has been set on object 'Object Repository/Login/Password'

2018-11-15 17:01:10 - [TEST_STEP][PASSED] - click: Object: 'Object Repository/Login/Sign In' is clicked on

2018-11-15 17:01:10 - [MESSAGE][PASSED] - Object: 'Object Repository/Login/Sign In' is clicked on

2018-11-15 17:01:10 - [TEST_STEP][PASSED] - delay: Delayed 1 second(s)

2018-11-15 17:01:11 - [MESSAGE][PASSED] - Delayed 1 second(s)

2018-11-15 17:01:11 - [TEST_STEP][PASSED] - navigateToUrl: Navigate to 'https://am-automation-test.epulsedev2.com/voter_id_methods' successfully

2018-11-15 17:01:13 - [MESSAGE][PASSED] - Navigate to 'https://am-automation-test.epulsedev2.com/voter_id_methods' successfully

2018-11-15 17:01:13 - [TEST_STEP][PASSED] - delay: Delayed 1 second(s)

2018-11-15 17:01:14 - [MESSAGE][PASSED] - Delayed 1 second(s)

2018-11-15 17:01:14 - [TEST_STEP][PASSED] - click: Object: 'Object Repository/Admin Console ePulse Menu/Account Settings/ID Methods/ID Methods Page/Page_Epulse  am-Automation-test/Alt. Buttons' is clicked on

2018-11-15 17:01:14 - [MESSAGE][PASSED] - Object: 'Object Repository/Admin Console ePulse Menu/Account Settings/ID Methods/ID Methods Page/Page_Epulse  am-Automation-test/Alt. Buttons' is clicked on

2018-11-15 17:01:14 - [TEST_STEP][PASSED] - delay: Delayed 1 second(s)

2018-11-15 17:01:15 - [MESSAGE][PASSED] - Delayed 1 second(s)

2018-11-15 17:01:15 - [TEST_STEP][PASSED] - setText: Text 'test' is set on object 'Object Repository/Admin Console ePulse Menu/Account Settings/ID Methods/Buttons/Button Label'

2018-11-15 17:01:15 - [MESSAGE][PASSED] - Text 'test' is set on object 'Object Repository/Admin Console ePulse Menu/Account Settings/ID Methods/Buttons/Button Label'

2018-11-15 17:01:15 - [TEST_STEP][PASSED] - delay: Delayed 1 second(s)

2018-11-15 17:01:16 - [MESSAGE][PASSED] - Delayed 1 second(s)

2018-11-15 17:01:16 - [TEST_STEP][PASSED] - selectOptionByValue: All options with value '0' are selected in object 'Object Repository/Admin Console ePulse Menu/Account Settings/ID Methods/Buttons/Button Type'  using regular expression

2018-11-15 17:01:16 - [MESSAGE][PASSED] - All options with value '0' are selected in object 'Object Repository/Admin Console ePulse Menu/Account Settings/ID Methods/Buttons/Button Type'  using regular expression

2018-11-15 17:01:16 - [TEST_STEP][PASSED] - delay: Delayed 1 second(s)

2018-11-15 17:01:17 - [MESSAGE][PASSED] - Delayed 1 second(s)

2018-11-15 17:01:17 - [TEST_STEP][PASSED] - click: Object: 'Object Repository/Admin Console ePulse Menu/Account Settings/ID Methods/Buttons/Add Button(blue  sign)' is clicked on

2018-11-15 17:01:17 - [MESSAGE][PASSED] - Object: 'Object Repository/Admin Console ePulse Menu/Account Settings/ID Methods/Buttons/Add Button(blue  sign)' is clicked on

2018-11-15 17:01:17 - [TEST_STEP][PASSED] - delay: Delayed 1 second(s)

2018-11-15 17:01:18 - [MESSAGE][PASSED] - Delayed 1 second(s)

2018-11-15 17:01:18 - [TEST_STEP][PASSED] - setText: Text '1test' is set on object 'Object Repository/Admin Console ePulse Menu/Account Settings/ID Methods/Buttons/Button Label'

2018-11-15 17:01:18 - [MESSAGE][PASSED] - Text '1test' is set on object 'Object Repository/Admin Console ePulse Menu/Account Settings/ID Methods/Buttons/Button Label'

2018-11-15 17:01:18 - [TEST_STEP][PASSED] - delay: Delayed 1 second(s)

2018-11-15 17:01:19 - [MESSAGE][PASSED] - Delayed 1 second(s)

2018-11-15 17:01:19 - [TEST_STEP][PASSED] - selectOptionByValue: All options with value '1' are selected in object 'Object Repository/Admin Console ePulse Menu/Account Settings/ID Methods/Buttons/Button Type'  using regular expression

2018-11-15 17:01:19 - [MESSAGE][PASSED] - All options with value '1' are selected in object 'Object Repository/Admin Console ePulse Menu/Account Settings/ID Methods/Buttons/Button Type'  using regular expression

2018-11-15 17:01:19 - [TEST_STEP][PASSED] - setText: Text 'Allow to vote' is set on object 'Object Repository/Admin Console ePulse Menu/Account Settings/ID Methods/Buttons/Additional text field'

2018-11-15 17:01:19 - [MESSAGE][PASSED] - Text 'Allow to vote' is set on object 'Object Repository/Admin Console ePulse Menu/Account Settings/ID Methods/Buttons/Additional text field'

2018-11-15 17:01:19 - [TEST_STEP][PASSED] - delay: Delayed 1 second(s)

2018-11-15 17:01:20 - [MESSAGE][PASSED] - Delayed 1 second(s)

2018-11-15 17:01:20 - [TEST_STEP][PASSED] - click: Object: 'Object Repository/Admin Console ePulse Menu/Account Settings/ID Methods/Buttons/Add Button(blue  sign)' is clicked on

2018-11-15 17:01:20 - [MESSAGE][PASSED] - Object: 'Object Repository/Admin Console ePulse Menu/Account Settings/ID Methods/Buttons/Add Button(blue  sign)' is clicked on

2018-11-15 17:01:20 - [TEST_STEP][PASSED] - delay: Delayed 1 second(s)

2018-11-15 17:01:21 - [MESSAGE][PASSED] - Delayed 1 second(s)

2018-11-15 17:01:21 - [TEST_STEP][PASSED] - setText: Text '2test' is set on object 'Object Repository/Admin Console ePulse Menu/Account Settings/ID Methods/Buttons/Button Label'

2018-11-15 17:01:21 - [MESSAGE][PASSED] - Text '2test' is set on object 'Object Repository/Admin Console ePulse Menu/Account Settings/ID Methods/Buttons/Button Label'

2018-11-15 17:01:21 - [TEST_STEP][PASSED] - delay: Delayed 1 second(s)

2018-11-15 17:01:22 - [MESSAGE][PASSED] - Delayed 1 second(s)

2018-11-15 17:01:22 - [TEST_STEP][PASSED] - selectOptionByValue: All options with value '2' are selected in object 'Object Repository/Admin Console ePulse Menu/Account Settings/ID Methods/Buttons/Button Type'  using regular expression

2018-11-15 17:01:23 - [MESSAGE][PASSED] - All options with value '2' are selected in object 'Object Repository/Admin Console ePulse Menu/Account Settings/ID Methods/Buttons/Button Type'  using regular expression

2018-11-15 17:01:23 - [TEST_STEP][PASSED] - delay: Delayed 1 second(s)

2018-11-15 17:01:24 - [MESSAGE][PASSED] - Delayed 1 second(s)

2018-11-15 17:01:24 - [TEST_STEP][PASSED] - setText: Text 'asdf' is set on object 'Object Repository/Admin Console ePulse Menu/Account Settings/ID Methods/Buttons/Additional text field'

2018-11-15 17:01:24 - [MESSAGE][PASSED] - Text 'asdf' is set on object 'Object Repository/Admin Console ePulse Menu/Account Settings/ID Methods/Buttons/Additional text field'

2018-11-15 17:01:24 - [TEST_STEP][PASSED] - delay: Delayed 1 second(s)

2018-11-15 17:01:25 - [MESSAGE][PASSED] - Delayed 1 second(s)

2018-11-15 17:01:25 - [TEST_STEP][PASSED] - click: Object: 'Object Repository/Admin Console ePulse Menu/Account Settings/ID Methods/Buttons/Add Button(blue  sign)' is clicked on

2018-11-15 17:01:25 - [MESSAGE][PASSED] - Object: 'Object Repository/Admin Console ePulse Menu/Account Settings/ID Methods/Buttons/Add Button(blue  sign)' is clicked on

2018-11-15 17:01:25 - [TEST_STEP][PASSED] - delay: Delayed 1 second(s)

2018-11-15 17:01:26 - [MESSAGE][PASSED] - Delayed 1 second(s)

2018-11-15 17:01:26 - [TEST_STEP][PASSED] - setText: Text '3test' is set on object 'Object Repository/Admin Console ePulse Menu/Account Settings/ID Methods/Buttons/Button Label'

2018-11-15 17:01:26 - [MESSAGE][PASSED] - Text '3test' is set on object 'Object Repository/Admin Console ePulse Menu/Account Settings/ID Methods/Buttons/Button Label'

2018-11-15 17:01:26 - [TEST_STEP][PASSED] - delay: Delayed 1 second(s)

2018-11-15 17:01:27 - [MESSAGE][PASSED] - Delayed 1 second(s)

2018-11-15 17:01:27 - [TEST_STEP][PASSED] - selectOptionByValue: All options with value '3' are selected in object 'Object Repository/Admin Console ePulse Menu/Account Settings/ID Methods/Buttons/Button Type'  using regular expression

2018-11-15 17:01:27 - [MESSAGE][PASSED] - All options with value '3' are selected in object 'Object Repository/Admin Console ePulse Menu/Account Settings/ID Methods/Buttons/Button Type'  using regular expression

2018-11-15 17:01:27 - [TEST_STEP][PASSED] - delay: Delayed 1 second(s)

2018-11-15 17:01:28 - [MESSAGE][PASSED] - Delayed 1 second(s)

2018-11-15 17:01:28 - [TEST_STEP][PASSED] - click: Object: 'Object Repository/Admin Console ePulse Menu/Account Settings/ID Methods/Buttons/Add Button(blue  sign)' is clicked on

2018-11-15 17:01:28 - [MESSAGE][PASSED] - Object: 'Object Repository/Admin Console ePulse Menu/Account Settings/ID Methods/Buttons/Add Button(blue  sign)' is clicked on

2018-11-15 17:01:28 - [TEST_STEP][PASSED] - delay: Delayed 1 second(s)

2018-11-15 17:01:29 - [MESSAGE][PASSED] - Delayed 1 second(s)

2018-11-15 17:01:29 - [TEST_STEP][PASSED] - setText: Text '4test' is set on object 'Object Repository/Admin Console ePulse Menu/Account Settings/ID Methods/Buttons/Button Label'

2018-11-15 17:01:29 - [MESSAGE][PASSED] - Text '4test' is set on object 'Object Repository/Admin Console ePulse Menu/Account Settings/ID Methods/Buttons/Button Label'

2018-11-15 17:01:29 - [TEST_STEP][PASSED] - delay: Delayed 1 second(s)

2018-11-15 17:01:30 - [MESSAGE][PASSED] - Delayed 1 second(s)

2018-11-15 17:01:30 - [TEST_STEP][PASSED] - selectOptionByValue: All options with value '4' are selected in object 'Object Repository/Admin Console ePulse Menu/Account Settings/ID Methods/Buttons/Button Type'  using regular expression

2018-11-15 17:01:30 - [MESSAGE][PASSED] - All options with value '4' are selected in object 'Object Repository/Admin Console ePulse Menu/Account Settings/ID Methods/Buttons/Button Type'  using regular expression

2018-11-15 17:01:30 - [TEST_STEP][PASSED] - delay: Delayed 1 second(s)

2018-11-15 17:01:31 - [MESSAGE][PASSED] - Delayed 1 second(s)

2018-11-15 17:01:31 - [TEST_STEP][PASSED] - click: Object: 'Object Repository/Admin Console ePulse Menu/Account Settings/ID Methods/Buttons/Add Button(blue  sign)' is clicked on

2018-11-15 17:01:31 - [MESSAGE][PASSED] - Object: 'Object Repository/Admin Console ePulse Menu/Account Settings/ID Methods/Buttons/Add Button(blue  sign)' is clicked on

2018-11-15 17:01:31 - [TEST_STEP][PASSED] - delay: Delayed 1 second(s)

2018-11-15 17:01:32 - [MESSAGE][PASSED] - Delayed 1 second(s)

2018-11-15 17:01:32 - [TEST_STEP][PASSED] - setText: Text '5test' is set on object 'Object Repository/Admin Console ePulse Menu/Account Settings/ID Methods/Buttons/Button Label'

2018-11-15 17:01:32 - [MESSAGE][PASSED] - Text '5test' is set on object 'Object Repository/Admin Console ePulse Menu/Account Settings/ID Methods/Buttons/Button Label'

2018-11-15 17:01:32 - [TEST_STEP][PASSED] - delay: Delayed 1 second(s)

2018-11-15 17:01:33 - [MESSAGE][PASSED] - Delayed 1 second(s)

2018-11-15 17:01:33 - [TEST_STEP][PASSED] - selectOptionByValue: All options with value '5' are selected in object 'Object Repository/Admin Console ePulse Menu/Account Settings/ID Methods/Buttons/Button Type'  using regular expression

2018-11-15 17:01:33 - [MESSAGE][PASSED] - All options with value '5' are selected in object 'Object Repository/Admin Console ePulse Menu/Account Settings/ID Methods/Buttons/Button Type'  using regular expression

2018-11-15 17:01:33 - [TEST_STEP][PASSED] - delay: Delayed 1 second(s)

2018-11-15 17:01:34 - [MESSAGE][PASSED] - Delayed 1 second(s)

2018-11-15 17:01:34 - [TEST_STEP][PASSED] - click: Object: 'Object Repository/Admin Console ePulse Menu/Account Settings/ID Methods/Buttons/Add Button(blue  sign)' is clicked on

2018-11-15 17:01:34 - [MESSAGE][PASSED] - Object: 'Object Repository/Admin Console ePulse Menu/Account Settings/ID Methods/Buttons/Add Button(blue  sign)' is clicked on

2018-11-15 17:01:34 - [TEST_STEP][PASSED] - delay: Delayed 1 second(s)

2018-11-15 17:01:35 - [MESSAGE][PASSED] - Delayed 1 second(s)

2018-11-15 17:01:35 - [TEST_STEP][PASSED] - click: Object: 'Object Repository/Admin Console ePulse Menu/Account Settings/Prompts/Prompt Button Modal/Close Button' is clicked on

2018-11-15 17:01:35 - [MESSAGE][PASSED] - Object: 'Object Repository/Admin Console ePulse Menu/Account Settings/Prompts/Prompt Button Modal/Close Button' is clicked on

2018-11-15 17:01:35 - [TEST_STEP][PASSED] - delay: Delayed 1 second(s)

2018-11-15 17:01:36 - [MESSAGE][PASSED] - Delayed 1 second(s)

2018-11-15 17:01:36 - [TEST_STEP][PASSED] - closeBrowser: Browser is closed

2018-11-15 17:01:37 - [MESSAGE][PASSED] - Browser is closed]]></system-out>
         <system-err><![CDATA[]]></system-err>
      </testcase>
      <testcase name="Test Cases/Admin Console/Account Settings/Languages/Languages - Import" classname="Test Cases/Admin Console/Account Settings/Languages/Languages - Import" status="PASSED">
         <system-out><![CDATA[2018-11-15 17:01:37 - [TEST_CASE][PASSED] - Test Cases/Admin Console/Account Settings/Languages/Languages - Import: Test Cases/Admin Console/Account Settings/Languages/Languages - Import

2018-11-15 17:01:37 - [TEST_STEP][PASSED] - openBrowser: Browser is opened with url: ''

2018-11-15 17:01:38 - [MESSAGE][PASSED] - Browser is opened with url: ''

2018-11-15 17:01:38 - [TEST_STEP][PASSED] - navigateToUrl: Navigate to 'https://epulsedev2.com' successfully

2018-11-15 17:01:39 - [MESSAGE][PASSED] - Navigate to 'https://epulsedev2.com' successfully

2018-11-15 17:01:39 - [TEST_STEP][PASSED] - setText: Text 'alonzo.mack@knowink.com' is set on object 'Object Repository/Login/Email Address'

2018-11-15 17:01:39 - [MESSAGE][PASSED] - Text 'alonzo.mack@knowink.com' is set on object 'Object Repository/Login/Email Address'

2018-11-15 17:01:39 - [TEST_STEP][PASSED] - setEncryptedText: Text ****** has been set on object 'Object Repository/Login/Password'

2018-11-15 17:01:39 - [MESSAGE][PASSED] - Text ****** has been set on object 'Object Repository/Login/Password'

2018-11-15 17:01:39 - [TEST_STEP][PASSED] - click: Object: 'Object Repository/Login/Sign In' is clicked on

2018-11-15 17:01:40 - [MESSAGE][PASSED] - Object: 'Object Repository/Login/Sign In' is clicked on

2018-11-15 17:01:40 - [TEST_STEP][PASSED] - delay: Delayed 1 second(s)

2018-11-15 17:01:41 - [MESSAGE][PASSED] - Delayed 1 second(s)

2018-11-15 17:01:41 - [TEST_STEP][PASSED] - navigateToUrl: Navigate to 'https://am-automation-test.epulsedev2.com/imports/languages' successfully

2018-11-15 17:01:42 - [MESSAGE][PASSED] - Navigate to 'https://am-automation-test.epulsedev2.com/imports/languages' successfully

2018-11-15 17:01:42 - [TEST_STEP][PASSED] - delay: Delayed 1 second(s)

2018-11-15 17:01:43 - [MESSAGE][PASSED] - Delayed 1 second(s)

2018-11-15 17:01:43 - [TEST_STEP][PASSED] - setText: Text '/Users/alonzomack/Downloads/Automation uploads/languages.csv' is set on object 'Object Repository/Admin Console ePulse Menu/Account Settings/Prompts/Import Prompts Buttons/Choose File'

2018-11-15 17:01:43 - [MESSAGE][PASSED] - Text '/Users/alonzomack/Downloads/Automation uploads/languages.csv' is set on object 'Object Repository/Admin Console ePulse Menu/Account Settings/Prompts/Import Prompts Buttons/Choose File'

2018-11-15 17:01:43 - [TEST_STEP][PASSED] - click: Object: 'Object Repository/Admin Console ePulse Menu/Account Settings/Prompts/Import Prompts Buttons/Continue Button' is clicked on

2018-11-15 17:01:43 - [MESSAGE][PASSED] - Object: 'Object Repository/Admin Console ePulse Menu/Account Settings/Prompts/Import Prompts Buttons/Continue Button' is clicked on

2018-11-15 17:01:43 - [TEST_STEP][PASSED] - delay: Delayed 1 second(s)

2018-11-15 17:01:44 - [MESSAGE][PASSED] - Delayed 1 second(s)

2018-11-15 17:01:44 - [TEST_STEP][PASSED] - click: Object: 'Object Repository/Admin Console ePulse Menu/Account Settings/Prompts/Import Prompts Buttons/button_Done(working)' is clicked on

2018-11-15 17:01:49 - [MESSAGE][PASSED] - Object: 'Object Repository/Admin Console ePulse Menu/Account Settings/Prompts/Import Prompts Buttons/button_Done(working)' is clicked on

2018-11-15 17:01:49 - [TEST_STEP][PASSED] - delay: Delayed 1 second(s)

2018-11-15 17:01:50 - [MESSAGE][PASSED] - Delayed 1 second(s)

2018-11-15 17:01:50 - [TEST_STEP][PASSED] - closeBrowser: Browser is closed

2018-11-15 17:01:50 - [MESSAGE][PASSED] - Browser is closed]]></system-out>
         <system-err><![CDATA[]]></system-err>
      </testcase>
      <testcase name="Test Cases/Admin Console/Account Settings/Oaths/Oaths - Add" classname="Test Cases/Admin Console/Account Settings/Oaths/Oaths - Add" status="PASSED">
         <system-out><![CDATA[2018-11-15 17:01:50 - [TEST_CASE][PASSED] - Test Cases/Admin Console/Account Settings/Oaths/Oaths - Add: Test Cases/Admin Console/Account Settings/Oaths/Oaths - Add

2018-11-15 17:01:50 - [TEST_STEP][PASSED] - openBrowser: Browser is opened with url: ''

2018-11-15 17:01:51 - [MESSAGE][PASSED] - Browser is opened with url: ''

2018-11-15 17:01:51 - [TEST_STEP][PASSED] - navigateToUrl: Navigate to 'https://epulsedev2.com' successfully

2018-11-15 17:01:52 - [MESSAGE][PASSED] - Navigate to 'https://epulsedev2.com' successfully

2018-11-15 17:01:52 - [TEST_STEP][PASSED] - setText: Text 'alonzo.mack@knowink.com' is set on object 'Object Repository/Login/Email Address'

2018-11-15 17:01:52 - [MESSAGE][PASSED] - Text 'alonzo.mack@knowink.com' is set on object 'Object Repository/Login/Email Address'

2018-11-15 17:01:52 - [TEST_STEP][PASSED] - setEncryptedText: Text ****** has been set on object 'Object Repository/Login/Password'

2018-11-15 17:01:53 - [MESSAGE][PASSED] - Text ****** has been set on object 'Object Repository/Login/Password'

2018-11-15 17:01:53 - [TEST_STEP][PASSED] - click: Object: 'Object Repository/Login/Sign In' is clicked on

2018-11-15 17:01:54 - [MESSAGE][PASSED] - Object: 'Object Repository/Login/Sign In' is clicked on

2018-11-15 17:01:54 - [TEST_STEP][PASSED] - delay: Delayed 1 second(s)

2018-11-15 17:01:55 - [MESSAGE][PASSED] - Delayed 1 second(s)

2018-11-15 17:01:55 - [TEST_STEP][PASSED] - navigateToUrl: Navigate to 'https://am-automation-test.epulsedev2.com/account_oaths' successfully

2018-11-15 17:01:55 - [MESSAGE][PASSED] - Navigate to 'https://am-automation-test.epulsedev2.com/account_oaths' successfully

2018-11-15 17:01:55 - [TEST_STEP][PASSED] - delay: Delayed 1 second(s)

2018-11-15 17:01:57 - [MESSAGE][PASSED] - Delayed 1 second(s)

2018-11-15 17:01:57 - [TEST_STEP][PASSED] - click: Object: 'Object Repository/Admin Console ePulse Menu/Account Settings/Oaths/New Oath' is clicked on

2018-11-15 17:01:57 - [MESSAGE][PASSED] - Object: 'Object Repository/Admin Console ePulse Menu/Account Settings/Oaths/New Oath' is clicked on

2018-11-15 17:01:57 - [TEST_STEP][PASSED] - setText: Text 'ID Method' is set on object 'Object Repository/Admin Console ePulse Menu/Account Settings/Oaths/Add_Edit Oath/Oath Name'

2018-11-15 17:01:57 - [MESSAGE][PASSED] - Text 'ID Method' is set on object 'Object Repository/Admin Console ePulse Menu/Account Settings/Oaths/Add_Edit Oath/Oath Name'

2018-11-15 17:01:57 - [TEST_STEP][PASSED] - setText: Text 'Oath Instructions' is set on object 'Object Repository/Admin Console ePulse Menu/Account Settings/Oaths/Add_Edit Oath/Oath Instructions'

2018-11-15 17:01:57 - [MESSAGE][PASSED] - Text 'Oath Instructions' is set on object 'Object Repository/Admin Console ePulse Menu/Account Settings/Oaths/Add_Edit Oath/Oath Instructions'

2018-11-15 17:01:57 - [TEST_STEP][PASSED] - setText: Text 'Customize the oath displayed to voters' is set on object 'Object Repository/Admin Console ePulse Menu/Account Settings/Oaths/Add_Edit Oath/Customized Oath Text Area'

2018-11-15 17:01:57 - [MESSAGE][PASSED] - Text 'Customize the oath displayed to voters' is set on object 'Object Repository/Admin Console ePulse Menu/Account Settings/Oaths/Add_Edit Oath/Customized Oath Text Area'

2018-11-15 17:01:57 - [TEST_STEP][PASSED] - click: Object: 'Object Repository/Admin Console ePulse Menu/Account Settings/Oaths/Add_Edit Oath/Oath Type Dropdown' is clicked on

2018-11-15 17:01:57 - [MESSAGE][PASSED] - Object: 'Object Repository/Admin Console ePulse Menu/Account Settings/Oaths/Add_Edit Oath/Oath Type Dropdown' is clicked on

2018-11-15 17:01:57 - [TEST_STEP][PASSED] - click: Object: 'Object Repository/Admin Console ePulse Menu/Account Settings/Oaths/Add_Edit Oath/Id Method' is clicked on

2018-11-15 17:01:57 - [MESSAGE][PASSED] - Object: 'Object Repository/Admin Console ePulse Menu/Account Settings/Oaths/Add_Edit Oath/Id Method' is clicked on

2018-11-15 17:01:57 - [TEST_STEP][PASSED] - click: Object: 'Object Repository/Admin Console ePulse Menu/Account Settings/Oaths/Add_Edit Oath/Submit' is clicked on

2018-11-15 17:01:57 - [MESSAGE][PASSED] - Object: 'Object Repository/Admin Console ePulse Menu/Account Settings/Oaths/Add_Edit Oath/Submit' is clicked on

2018-11-15 17:01:57 - [TEST_STEP][PASSED] - delay: Delayed 1 second(s)

2018-11-15 17:01:58 - [MESSAGE][PASSED] - Delayed 1 second(s)

2018-11-15 17:01:58 - [TEST_STEP][PASSED] - click: Object: 'Object Repository/Admin Console ePulse Menu/Account Settings/Oaths/New Oath' is clicked on

2018-11-15 17:01:58 - [MESSAGE][PASSED] - Object: 'Object Repository/Admin Console ePulse Menu/Account Settings/Oaths/New Oath' is clicked on

2018-11-15 17:01:58 - [TEST_STEP][PASSED] - setText: Text 'Voter Check In Signing Page' is set on object 'Object Repository/Admin Console ePulse Menu/Account Settings/Oaths/Add_Edit Oath/Oath Name'

2018-11-15 17:01:58 - [MESSAGE][PASSED] - Text 'Voter Check In Signing Page' is set on object 'Object Repository/Admin Console ePulse Menu/Account Settings/Oaths/Add_Edit Oath/Oath Name'

2018-11-15 17:01:58 - [TEST_STEP][PASSED] - setText: Text 'Oath Instructions' is set on object 'Object Repository/Admin Console ePulse Menu/Account Settings/Oaths/Add_Edit Oath/Oath Instructions'

2018-11-15 17:01:59 - [MESSAGE][PASSED] - Text 'Oath Instructions' is set on object 'Object Repository/Admin Console ePulse Menu/Account Settings/Oaths/Add_Edit Oath/Oath Instructions'

2018-11-15 17:01:59 - [TEST_STEP][PASSED] - setText: Text 'Customize the oath displayed to voters' is set on object 'Object Repository/Admin Console ePulse Menu/Account Settings/Oaths/Add_Edit Oath/Customized Oath Text Area'

2018-11-15 17:01:59 - [MESSAGE][PASSED] - Text 'Customize the oath displayed to voters' is set on object 'Object Repository/Admin Console ePulse Menu/Account Settings/Oaths/Add_Edit Oath/Customized Oath Text Area'

2018-11-15 17:01:59 - [TEST_STEP][PASSED] - click: Object: 'Object Repository/Admin Console ePulse Menu/Account Settings/Oaths/Add_Edit Oath/Oath Type Dropdown' is clicked on

2018-11-15 17:01:59 - [MESSAGE][PASSED] - Object: 'Object Repository/Admin Console ePulse Menu/Account Settings/Oaths/Add_Edit Oath/Oath Type Dropdown' is clicked on

2018-11-15 17:01:59 - [TEST_STEP][PASSED] - click: Object: 'Object Repository/Admin Console ePulse Menu/Account Settings/Oaths/Add_Edit Oath/Voter Check In Signing Pa' is clicked on

2018-11-15 17:01:59 - [MESSAGE][PASSED] - Object: 'Object Repository/Admin Console ePulse Menu/Account Settings/Oaths/Add_Edit Oath/Voter Check In Signing Pa' is clicked on

2018-11-15 17:01:59 - [TEST_STEP][PASSED] - click: Object: 'Object Repository/Admin Console ePulse Menu/Account Settings/Oaths/Add_Edit Oath/Submit' is clicked on

2018-11-15 17:01:59 - [MESSAGE][PASSED] - Object: 'Object Repository/Admin Console ePulse Menu/Account Settings/Oaths/Add_Edit Oath/Submit' is clicked on

2018-11-15 17:01:59 - [TEST_STEP][PASSED] - delay: Delayed 1 second(s)

2018-11-15 17:02:00 - [MESSAGE][PASSED] - Delayed 1 second(s)

2018-11-15 17:02:00 - [TEST_STEP][PASSED] - click: Object: 'Object Repository/Admin Console ePulse Menu/Account Settings/Oaths/New Oath' is clicked on

2018-11-15 17:02:00 - [MESSAGE][PASSED] - Object: 'Object Repository/Admin Console ePulse Menu/Account Settings/Oaths/New Oath' is clicked on

2018-11-15 17:02:00 - [TEST_STEP][PASSED] - setText: Text 'Allow Voter to Vote' is set on object 'Object Repository/Admin Console ePulse Menu/Account Settings/Oaths/Add_Edit Oath/Oath Name'

2018-11-15 17:02:00 - [MESSAGE][PASSED] - Text 'Allow Voter to Vote' is set on object 'Object Repository/Admin Console ePulse Menu/Account Settings/Oaths/Add_Edit Oath/Oath Name'

2018-11-15 17:02:00 - [TEST_STEP][PASSED] - setText: Text 'Oath Instructions' is set on object 'Object Repository/Admin Console ePulse Menu/Account Settings/Oaths/Add_Edit Oath/Oath Instructions'

2018-11-15 17:02:00 - [MESSAGE][PASSED] - Text 'Oath Instructions' is set on object 'Object Repository/Admin Console ePulse Menu/Account Settings/Oaths/Add_Edit Oath/Oath Instructions'

2018-11-15 17:02:00 - [TEST_STEP][PASSED] - setText: Text 'Customize the oath displayed to voters' is set on object 'Object Repository/Admin Console ePulse Menu/Account Settings/Oaths/Add_Edit Oath/Customized Oath Text Area'

2018-11-15 17:02:00 - [MESSAGE][PASSED] - Text 'Customize the oath displayed to voters' is set on object 'Object Repository/Admin Console ePulse Menu/Account Settings/Oaths/Add_Edit Oath/Customized Oath Text Area'

2018-11-15 17:02:00 - [TEST_STEP][PASSED] - click: Object: 'Object Repository/Admin Console ePulse Menu/Account Settings/Oaths/Add_Edit Oath/Oath Type Dropdown' is clicked on

2018-11-15 17:02:00 - [MESSAGE][PASSED] - Object: 'Object Repository/Admin Console ePulse Menu/Account Settings/Oaths/Add_Edit Oath/Oath Type Dropdown' is clicked on

2018-11-15 17:02:00 - [TEST_STEP][PASSED] - click: Object: 'Object Repository/Admin Console ePulse Menu/Account Settings/Oaths/Add_Edit Oath/Allow Voter To Vote' is clicked on

2018-11-15 17:02:00 - [MESSAGE][PASSED] - Object: 'Object Repository/Admin Console ePulse Menu/Account Settings/Oaths/Add_Edit Oath/Allow Voter To Vote' is clicked on

2018-11-15 17:02:00 - [TEST_STEP][PASSED] - click: Object: 'Object Repository/Admin Console ePulse Menu/Account Settings/Oaths/Add_Edit Oath/Submit' is clicked on

2018-11-15 17:02:00 - [MESSAGE][PASSED] - Object: 'Object Repository/Admin Console ePulse Menu/Account Settings/Oaths/Add_Edit Oath/Submit' is clicked on

2018-11-15 17:02:00 - [TEST_STEP][PASSED] - delay: Delayed 1 second(s)

2018-11-15 17:02:01 - [MESSAGE][PASSED] - Delayed 1 second(s)

2018-11-15 17:02:01 - [TEST_STEP][PASSED] - click: Object: 'Object Repository/Admin Console ePulse Menu/Account Settings/Oaths/New Oath' is clicked on

2018-11-15 17:02:01 - [MESSAGE][PASSED] - Object: 'Object Repository/Admin Console ePulse Menu/Account Settings/Oaths/New Oath' is clicked on

2018-11-15 17:02:01 - [TEST_STEP][PASSED] - setText: Text 'Voter Check In Signing Page(Provisional' is set on object 'Object Repository/Admin Console ePulse Menu/Account Settings/Oaths/Add_Edit Oath/Oath Name'

2018-11-15 17:02:02 - [MESSAGE][PASSED] - Text 'Voter Check In Signing Page(Provisional' is set on object 'Object Repository/Admin Console ePulse Menu/Account Settings/Oaths/Add_Edit Oath/Oath Name'

2018-11-15 17:02:02 - [TEST_STEP][PASSED] - setText: Text 'Oath Instructions' is set on object 'Object Repository/Admin Console ePulse Menu/Account Settings/Oaths/Add_Edit Oath/Oath Instructions'

2018-11-15 17:02:02 - [MESSAGE][PASSED] - Text 'Oath Instructions' is set on object 'Object Repository/Admin Console ePulse Menu/Account Settings/Oaths/Add_Edit Oath/Oath Instructions'

2018-11-15 17:02:02 - [TEST_STEP][PASSED] - setText: Text 'Customize the oath displayed to voters' is set on object 'Object Repository/Admin Console ePulse Menu/Account Settings/Oaths/Add_Edit Oath/Customized Oath Text Area'

2018-11-15 17:02:02 - [MESSAGE][PASSED] - Text 'Customize the oath displayed to voters' is set on object 'Object Repository/Admin Console ePulse Menu/Account Settings/Oaths/Add_Edit Oath/Customized Oath Text Area'

2018-11-15 17:02:02 - [TEST_STEP][PASSED] - click: Object: 'Object Repository/Admin Console ePulse Menu/Account Settings/Oaths/Add_Edit Oath/Oath Type Dropdown' is clicked on

2018-11-15 17:02:02 - [MESSAGE][PASSED] - Object: 'Object Repository/Admin Console ePulse Menu/Account Settings/Oaths/Add_Edit Oath/Oath Type Dropdown' is clicked on

2018-11-15 17:02:02 - [TEST_STEP][PASSED] - click: Object: 'Object Repository/Admin Console ePulse Menu/Account Settings/Oaths/Add_Edit Oath/Voter Check In Signing Pa' is clicked on

2018-11-15 17:02:02 - [MESSAGE][PASSED] - Object: 'Object Repository/Admin Console ePulse Menu/Account Settings/Oaths/Add_Edit Oath/Voter Check In Signing Pa' is clicked on

2018-11-15 17:02:02 - [TEST_STEP][PASSED] - click: Object: 'Object Repository/Admin Console ePulse Menu/Account Settings/Oaths/Add_Edit Oath/Submit' is clicked on

2018-11-15 17:02:02 - [MESSAGE][PASSED] - Object: 'Object Repository/Admin Console ePulse Menu/Account Settings/Oaths/Add_Edit Oath/Submit' is clicked on

2018-11-15 17:02:02 - [TEST_STEP][PASSED] - delay: Delayed 1 second(s)

2018-11-15 17:02:03 - [MESSAGE][PASSED] - Delayed 1 second(s)

2018-11-15 17:02:03 - [TEST_STEP][PASSED] - click: Object: 'Object Repository/Admin Console ePulse Menu/Account Settings/Oaths/New Oath' is clicked on

2018-11-15 17:02:03 - [MESSAGE][PASSED] - Object: 'Object Repository/Admin Console ePulse Menu/Account Settings/Oaths/New Oath' is clicked on

2018-11-15 17:02:03 - [TEST_STEP][PASSED] - setText: Text 'Similar Name Affidavit' is set on object 'Object Repository/Admin Console ePulse Menu/Account Settings/Oaths/Add_Edit Oath/Oath Name'

2018-11-15 17:02:03 - [MESSAGE][PASSED] - Text 'Similar Name Affidavit' is set on object 'Object Repository/Admin Console ePulse Menu/Account Settings/Oaths/Add_Edit Oath/Oath Name'

2018-11-15 17:02:03 - [TEST_STEP][PASSED] - setText: Text 'Oath Instructions' is set on object 'Object Repository/Admin Console ePulse Menu/Account Settings/Oaths/Add_Edit Oath/Oath Instructions'

2018-11-15 17:02:03 - [MESSAGE][PASSED] - Text 'Oath Instructions' is set on object 'Object Repository/Admin Console ePulse Menu/Account Settings/Oaths/Add_Edit Oath/Oath Instructions'

2018-11-15 17:02:03 - [TEST_STEP][PASSED] - setText: Text 'Customize the oath displayed to voters' is set on object 'Object Repository/Admin Console ePulse Menu/Account Settings/Oaths/Add_Edit Oath/Customized Oath Text Area'

2018-11-15 17:02:03 - [MESSAGE][PASSED] - Text 'Customize the oath displayed to voters' is set on object 'Object Repository/Admin Console ePulse Menu/Account Settings/Oaths/Add_Edit Oath/Customized Oath Text Area'

2018-11-15 17:02:03 - [TEST_STEP][PASSED] - click: Object: 'Object Repository/Admin Console ePulse Menu/Account Settings/Oaths/Add_Edit Oath/Oath Type Dropdown' is clicked on

2018-11-15 17:02:03 - [MESSAGE][PASSED] - Object: 'Object Repository/Admin Console ePulse Menu/Account Settings/Oaths/Add_Edit Oath/Oath Type Dropdown' is clicked on

2018-11-15 17:02:03 - [TEST_STEP][PASSED] - click: Object: 'Object Repository/Admin Console ePulse Menu/Account Settings/Oaths/Add_Edit Oath/Similar Name Affidavit' is clicked on

2018-11-15 17:02:04 - [MESSAGE][PASSED] - Object: 'Object Repository/Admin Console ePulse Menu/Account Settings/Oaths/Add_Edit Oath/Similar Name Affidavit' is clicked on

2018-11-15 17:02:04 - [TEST_STEP][PASSED] - click: Object: 'Object Repository/Admin Console ePulse Menu/Account Settings/Oaths/Add_Edit Oath/Submit' is clicked on

2018-11-15 17:02:04 - [MESSAGE][PASSED] - Object: 'Object Repository/Admin Console ePulse Menu/Account Settings/Oaths/Add_Edit Oath/Submit' is clicked on

2018-11-15 17:02:04 - [TEST_STEP][PASSED] - delay: Delayed 1 second(s)

2018-11-15 17:02:05 - [MESSAGE][PASSED] - Delayed 1 second(s)

2018-11-15 17:02:05 - [TEST_STEP][PASSED] - click: Object: 'Object Repository/Admin Console ePulse Menu/Account Settings/Oaths/New Oath' is clicked on

2018-11-15 17:02:05 - [MESSAGE][PASSED] - Object: 'Object Repository/Admin Console ePulse Menu/Account Settings/Oaths/New Oath' is clicked on

2018-11-15 17:02:05 - [TEST_STEP][PASSED] - setText: Text 'Reasonable Impediment Declaration' is set on object 'Object Repository/Admin Console ePulse Menu/Account Settings/Oaths/Add_Edit Oath/Oath Name'

2018-11-15 17:02:05 - [MESSAGE][PASSED] - Text 'Reasonable Impediment Declaration' is set on object 'Object Repository/Admin Console ePulse Menu/Account Settings/Oaths/Add_Edit Oath/Oath Name'

2018-11-15 17:02:05 - [TEST_STEP][PASSED] - setText: Text 'Oath Instructions' is set on object 'Object Repository/Admin Console ePulse Menu/Account Settings/Oaths/Add_Edit Oath/Oath Instructions'

2018-11-15 17:02:05 - [MESSAGE][PASSED] - Text 'Oath Instructions' is set on object 'Object Repository/Admin Console ePulse Menu/Account Settings/Oaths/Add_Edit Oath/Oath Instructions'

2018-11-15 17:02:05 - [TEST_STEP][PASSED] - setText: Text 'Customize the oath displayed to voters' is set on object 'Object Repository/Admin Console ePulse Menu/Account Settings/Oaths/Add_Edit Oath/Customized Oath Text Area'

2018-11-15 17:02:05 - [MESSAGE][PASSED] - Text 'Customize the oath displayed to voters' is set on object 'Object Repository/Admin Console ePulse Menu/Account Settings/Oaths/Add_Edit Oath/Customized Oath Text Area'

2018-11-15 17:02:05 - [TEST_STEP][PASSED] - click: Object: 'Object Repository/Admin Console ePulse Menu/Account Settings/Oaths/Add_Edit Oath/Oath Type Dropdown' is clicked on

2018-11-15 17:02:05 - [MESSAGE][PASSED] - Object: 'Object Repository/Admin Console ePulse Menu/Account Settings/Oaths/Add_Edit Oath/Oath Type Dropdown' is clicked on

2018-11-15 17:02:05 - [TEST_STEP][PASSED] - click: Object: 'Object Repository/Admin Console ePulse Menu/Account Settings/Oaths/Add_Edit Oath/Reasonable Impediment Decla' is clicked on

2018-11-15 17:02:05 - [MESSAGE][PASSED] - Object: 'Object Repository/Admin Console ePulse Menu/Account Settings/Oaths/Add_Edit Oath/Reasonable Impediment Decla' is clicked on

2018-11-15 17:02:05 - [TEST_STEP][PASSED] - click: Object: 'Object Repository/Admin Console ePulse Menu/Account Settings/Oaths/Add_Edit Oath/Submit' is clicked on

2018-11-15 17:02:05 - [MESSAGE][PASSED] - Object: 'Object Repository/Admin Console ePulse Menu/Account Settings/Oaths/Add_Edit Oath/Submit' is clicked on]]></system-out>
         <system-err><![CDATA[]]></system-err>
      </testcase>
      <testcase name="Test Cases/Admin Console/Account Settings/Oaths/Oaths - Import" classname="Test Cases/Admin Console/Account Settings/Oaths/Oaths - Import" status="PASSED">
         <system-out><![CDATA[2018-11-15 17:02:05 - [TEST_CASE][PASSED] - Test Cases/Admin Console/Account Settings/Oaths/Oaths - Import: Test Cases/Admin Console/Account Settings/Oaths/Oaths - Import

2018-11-15 17:02:05 - [TEST_STEP][PASSED] - openBrowser: Browser is opened with url: ''

2018-11-15 17:02:05 - [MESSAGE][WARNING] - A browser is already opened. Closing browser and opening a new one

2018-11-15 17:02:07 - [MESSAGE][PASSED] - Browser is opened with url: ''

2018-11-15 17:02:07 - [TEST_STEP][PASSED] - navigateToUrl: Navigate to 'https://epulsedev2.com' successfully

2018-11-15 17:02:08 - [MESSAGE][PASSED] - Navigate to 'https://epulsedev2.com' successfully

2018-11-15 17:02:08 - [TEST_STEP][PASSED] - setText: Text 'alonzo.mack@knowink.com' is set on object 'Object Repository/Login/Email Address'

2018-11-15 17:02:09 - [MESSAGE][PASSED] - Text 'alonzo.mack@knowink.com' is set on object 'Object Repository/Login/Email Address'

2018-11-15 17:02:09 - [TEST_STEP][PASSED] - setEncryptedText: Text ****** has been set on object 'Object Repository/Login/Password'

2018-11-15 17:02:09 - [MESSAGE][PASSED] - Text ****** has been set on object 'Object Repository/Login/Password'

2018-11-15 17:02:09 - [TEST_STEP][PASSED] - click: Object: 'Object Repository/Login/Sign In' is clicked on

2018-11-15 17:02:10 - [MESSAGE][PASSED] - Object: 'Object Repository/Login/Sign In' is clicked on

2018-11-15 17:02:10 - [TEST_STEP][PASSED] - delay: Delayed 1 second(s)

2018-11-15 17:02:11 - [MESSAGE][PASSED] - Delayed 1 second(s)

2018-11-15 17:02:11 - [TEST_STEP][PASSED] - navigateToUrl: Navigate to 'https://am-automation-test.epulsedev2.com/imports/account_oath' successfully

2018-11-15 17:02:11 - [MESSAGE][PASSED] - Navigate to 'https://am-automation-test.epulsedev2.com/imports/account_oath' successfully

2018-11-15 17:02:11 - [TEST_STEP][PASSED] - delay: Delayed 1 second(s)

2018-11-15 17:02:12 - [MESSAGE][PASSED] - Delayed 1 second(s)

2018-11-15 17:02:12 - [TEST_STEP][PASSED] - setText: Text '/Users/alonzomack/Downloads/oaths.csv' is set on object 'Object Repository/Common ePulse Objects/Choose File'

2018-11-15 17:02:12 - [MESSAGE][PASSED] - Text '/Users/alonzomack/Downloads/oaths.csv' is set on object 'Object Repository/Common ePulse Objects/Choose File'

2018-11-15 17:02:12 - [TEST_STEP][PASSED] - delay: Delayed 1 second(s)

2018-11-15 17:02:13 - [MESSAGE][PASSED] - Delayed 1 second(s)

2018-11-15 17:02:13 - [TEST_STEP][NOT_RUN] - click: NOT_RUN: click

2018-11-15 17:02:13 - [MESSAGE][NOT_RUN] - NOT_RUN: click

2018-11-15 17:02:13 - [TEST_STEP][PASSED] - delay: Delayed 1 second(s)

2018-11-15 17:02:14 - [MESSAGE][PASSED] - Delayed 1 second(s)

2018-11-15 17:02:14 - [TEST_STEP][PASSED] - click: Object: 'Object Repository/Common ePulse Objects/Continue Button' is clicked on

2018-11-15 17:02:15 - [MESSAGE][PASSED] - Object: 'Object Repository/Common ePulse Objects/Continue Button' is clicked on

2018-11-15 17:02:15 - [TEST_STEP][PASSED] - delay: Delayed 1 second(s)

2018-11-15 17:02:16 - [MESSAGE][PASSED] - Delayed 1 second(s)

2018-11-15 17:02:16 - [TEST_STEP][PASSED] - click: Object: 'Object Repository/Common ePulse Objects/button_Done(working)' is clicked on

2018-11-15 17:02:20 - [MESSAGE][PASSED] - Object: 'Object Repository/Common ePulse Objects/button_Done(working)' is clicked on

2018-11-15 17:02:20 - [TEST_STEP][PASSED] - delay: Delayed 1 second(s)

2018-11-15 17:02:21 - [MESSAGE][PASSED] - Delayed 1 second(s)

2018-11-15 17:02:21 - [TEST_STEP][PASSED] - navigateToUrl: Navigate to 'https://am-automation-test.epulsedev2.com/account_oaths' successfully

2018-11-15 17:02:21 - [MESSAGE][PASSED] - Navigate to 'https://am-automation-test.epulsedev2.com/account_oaths' successfully

2018-11-15 17:02:21 - [TEST_STEP][PASSED] - delay: Delayed 1 second(s)

2018-11-15 17:02:22 - [MESSAGE][PASSED] - Delayed 1 second(s)

2018-11-15 17:02:22 - [TEST_STEP][PASSED] - closeBrowser: Browser is closed

2018-11-15 17:02:23 - [MESSAGE][PASSED] - Browser is closed]]></system-out>
         <system-err><![CDATA[]]></system-err>
      </testcase>
      <testcase name="Test Cases/Admin Console/Account Settings/Oaths/Oaths - Edit" classname="Test Cases/Admin Console/Account Settings/Oaths/Oaths - Edit" status="PASSED">
         <system-out><![CDATA[2018-11-15 17:02:23 - [TEST_CASE][PASSED] - Test Cases/Admin Console/Account Settings/Oaths/Oaths - Edit: Test Cases/Admin Console/Account Settings/Oaths/Oaths - Edit

2018-11-15 17:02:23 - [TEST_STEP][PASSED] - openBrowser: Browser is opened with url: ''

2018-11-15 17:02:24 - [MESSAGE][PASSED] - Browser is opened with url: ''

2018-11-15 17:02:24 - [TEST_STEP][PASSED] - navigateToUrl: Navigate to 'https://epulsedev2.com' successfully

2018-11-15 17:02:25 - [MESSAGE][PASSED] - Navigate to 'https://epulsedev2.com' successfully

2018-11-15 17:02:25 - [TEST_STEP][PASSED] - setText: Text 'alonzo.mack@knowink.com' is set on object 'Object Repository/Login/Email Address'

2018-11-15 17:02:25 - [MESSAGE][PASSED] - Text 'alonzo.mack@knowink.com' is set on object 'Object Repository/Login/Email Address'

2018-11-15 17:02:25 - [TEST_STEP][PASSED] - setEncryptedText: Text ****** has been set on object 'Object Repository/Login/Password'

2018-11-15 17:02:25 - [MESSAGE][PASSED] - Text ****** has been set on object 'Object Repository/Login/Password'

2018-11-15 17:02:25 - [TEST_STEP][PASSED] - click: Object: 'Object Repository/Login/Sign In' is clicked on

2018-11-15 17:02:26 - [MESSAGE][PASSED] - Object: 'Object Repository/Login/Sign In' is clicked on

2018-11-15 17:02:26 - [TEST_STEP][PASSED] - delay: Delayed 1 second(s)

2018-11-15 17:02:27 - [MESSAGE][PASSED] - Delayed 1 second(s)

2018-11-15 17:02:27 - [TEST_STEP][PASSED] - navigateToUrl: Navigate to 'https://am-automation-test.epulsedev2.com/account_oaths' successfully

2018-11-15 17:02:29 - [MESSAGE][PASSED] - Navigate to 'https://am-automation-test.epulsedev2.com/account_oaths' successfully

2018-11-15 17:02:29 - [TEST_STEP][PASSED] - delay: Delayed 1 second(s)

2018-11-15 17:02:30 - [MESSAGE][PASSED] - Delayed 1 second(s)

2018-11-15 17:02:30 - [TEST_STEP][PASSED] - click: Object: 'Object Repository/Admin Console ePulse Menu/Account Settings/Oaths/Add_Edit Oath/Edit Displayed Oath' is clicked on

2018-11-15 17:02:30 - [MESSAGE][PASSED] - Object: 'Object Repository/Admin Console ePulse Menu/Account Settings/Oaths/Add_Edit Oath/Edit Displayed Oath' is clicked on

2018-11-15 17:02:30 - [TEST_STEP][PASSED] - clearText: Text of object 'Object Repository/Admin Console ePulse Menu/Account Settings/Oaths/Add_Edit Oath/Edit_Name_account_oathname' is cleared

2018-11-15 17:02:30 - [MESSAGE][PASSED] - Text of object 'Object Repository/Admin Console ePulse Menu/Account Settings/Oaths/Add_Edit Oath/Edit_Name_account_oathname' is cleared

2018-11-15 17:02:30 - [TEST_STEP][PASSED] - setText: Text 'Reasonable Impediment Declaration Edited' is set on object 'Object Repository/Admin Console ePulse Menu/Account Settings/Oaths/Add_Edit Oath/Edit_Name_account_oathname'

2018-11-15 17:02:30 - [MESSAGE][PASSED] - Text 'Reasonable Impediment Declaration Edited' is set on object 'Object Repository/Admin Console ePulse Menu/Account Settings/Oaths/Add_Edit Oath/Edit_Name_account_oathname'

2018-11-15 17:02:30 - [TEST_STEP][PASSED] - clearText: Text of object 'Object Repository/Admin Console ePulse Menu/Account Settings/Oaths/Add_Edit Oath/Edit Instructions' is cleared

2018-11-15 17:02:30 - [MESSAGE][PASSED] - Text of object 'Object Repository/Admin Console ePulse Menu/Account Settings/Oaths/Add_Edit Oath/Edit Instructions' is cleared

2018-11-15 17:02:30 - [TEST_STEP][PASSED] - setText: Text 'Oath Instructions Edited' is set on object 'Object Repository/Admin Console ePulse Menu/Account Settings/Oaths/Add_Edit Oath/Edit Instructions'

2018-11-15 17:02:30 - [MESSAGE][PASSED] - Text 'Oath Instructions Edited' is set on object 'Object Repository/Admin Console ePulse Menu/Account Settings/Oaths/Add_Edit Oath/Edit Instructions'

2018-11-15 17:02:30 - [TEST_STEP][PASSED] - clearText: Text of object 'Object Repository/Admin Console ePulse Menu/Account Settings/Oaths/Add_Edit Oath/Edit Customized Oath Text' is cleared

2018-11-15 17:02:30 - [MESSAGE][PASSED] - Text of object 'Object Repository/Admin Console ePulse Menu/Account Settings/Oaths/Add_Edit Oath/Edit Customized Oath Text' is cleared

2018-11-15 17:02:30 - [TEST_STEP][PASSED] - setText: Text 'Edit the Customized oath displayed to voters' is set on object 'Object Repository/Admin Console ePulse Menu/Account Settings/Oaths/Add_Edit Oath/Edit Customized Oath Text'

2018-11-15 17:02:30 - [MESSAGE][PASSED] - Text 'Edit the Customized oath displayed to voters' is set on object 'Object Repository/Admin Console ePulse Menu/Account Settings/Oaths/Add_Edit Oath/Edit Customized Oath Text'

2018-11-15 17:02:30 - [TEST_STEP][PASSED] - click: Object: 'Object Repository/Submit Edit' is clicked on

2018-11-15 17:02:30 - [MESSAGE][PASSED] - Object: 'Object Repository/Submit Edit' is clicked on

2018-11-15 17:02:30 - [TEST_STEP][PASSED] - delay: Delayed 1 second(s)

2018-11-15 17:02:31 - [MESSAGE][PASSED] - Delayed 1 second(s)

2018-11-15 17:02:31 - [TEST_STEP][PASSED] - closeBrowser: Browser is closed

2018-11-15 17:02:31 - [MESSAGE][PASSED] - Browser is closed]]></system-out>
         <system-err><![CDATA[]]></system-err>
      </testcase>
      <testcase name="Test Cases/Admin Console/Account Settings/Oaths/Oaths - Filter - Status" classname="Test Cases/Admin Console/Account Settings/Oaths/Oaths - Filter - Status" status="PASSED">
         <system-out><![CDATA[2018-11-15 17:02:31 - [TEST_CASE][PASSED] - Test Cases/Admin Console/Account Settings/Oaths/Oaths - Filter - Status: Test Cases/Admin Console/Account Settings/Oaths/Oaths - Filter - Status

2018-11-15 17:02:32 - [TEST_STEP][PASSED] - openBrowser: Browser is opened with url: ''

2018-11-15 17:02:33 - [MESSAGE][PASSED] - Browser is opened with url: ''

2018-11-15 17:02:33 - [TEST_STEP][PASSED] - navigateToUrl: Navigate to 'https://epulsedev2.com' successfully

2018-11-15 17:02:34 - [MESSAGE][PASSED] - Navigate to 'https://epulsedev2.com' successfully

2018-11-15 17:02:34 - [TEST_STEP][PASSED] - setText: Text 'alonzo.mack@knowink.com' is set on object 'Object Repository/Login/Email Address'

2018-11-15 17:02:34 - [MESSAGE][PASSED] - Text 'alonzo.mack@knowink.com' is set on object 'Object Repository/Login/Email Address'

2018-11-15 17:02:34 - [TEST_STEP][PASSED] - setEncryptedText: Text ****** has been set on object 'Object Repository/Login/Password'

2018-11-15 17:02:34 - [MESSAGE][PASSED] - Text ****** has been set on object 'Object Repository/Login/Password'

2018-11-15 17:02:34 - [TEST_STEP][PASSED] - click: Object: 'Object Repository/Login/Sign In' is clicked on

2018-11-15 17:02:35 - [MESSAGE][PASSED] - Object: 'Object Repository/Login/Sign In' is clicked on

2018-11-15 17:02:35 - [TEST_STEP][PASSED] - delay: Delayed 1 second(s)

2018-11-15 17:02:36 - [MESSAGE][PASSED] - Delayed 1 second(s)

2018-11-15 17:02:36 - [TEST_STEP][PASSED] - navigateToUrl: Navigate to 'https://am-automation-test.epulsedev2.com/account_oaths' successfully

2018-11-15 17:02:37 - [MESSAGE][PASSED] - Navigate to 'https://am-automation-test.epulsedev2.com/account_oaths' successfully

2018-11-15 17:02:37 - [TEST_STEP][PASSED] - delay: Delayed 1 second(s)

2018-11-15 17:02:38 - [MESSAGE][PASSED] - Delayed 1 second(s)

2018-11-15 17:02:38 - [TEST_STEP][PASSED] - click: Object: 'Object Repository/Admin Console ePulse Menu/Account Settings/Oaths/TEMP/Page_Epulse  am-Automation-test/Status Filter' is clicked on

2018-11-15 17:02:38 - [MESSAGE][PASSED] - Object: 'Object Repository/Admin Console ePulse Menu/Account Settings/Oaths/TEMP/Page_Epulse  am-Automation-test/Status Filter' is clicked on

2018-11-15 17:02:38 - [TEST_STEP][PASSED] - delay: Delayed 1 second(s)

2018-11-15 17:02:39 - [MESSAGE][PASSED] - Delayed 1 second(s)

2018-11-15 17:02:39 - [TEST_STEP][PASSED] - click: Object: 'Object Repository/Admin Console ePulse Menu/Account Settings/Oaths/TEMP/Page_Epulse  am-Automation-test/Apply Status Filters' is clicked on

2018-11-15 17:02:39 - [MESSAGE][PASSED] - Object: 'Object Repository/Admin Console ePulse Menu/Account Settings/Oaths/TEMP/Page_Epulse  am-Automation-test/Apply Status Filters' is clicked on

2018-11-15 17:02:39 - [TEST_STEP][PASSED] - delay: Delayed 1 second(s)

2018-11-15 17:02:40 - [MESSAGE][PASSED] - Delayed 1 second(s)

2018-11-15 17:02:40 - [TEST_STEP][PASSED] - click: Object: 'Object Repository/Admin Console ePulse Menu/Account Settings/Oaths/TEMP/Page_Epulse  am-Automation-test/Close Current Status Filter' is clicked on

2018-11-15 17:02:40 - [MESSAGE][PASSED] - Object: 'Object Repository/Admin Console ePulse Menu/Account Settings/Oaths/TEMP/Page_Epulse  am-Automation-test/Close Current Status Filter' is clicked on

2018-11-15 17:02:40 - [TEST_STEP][PASSED] - click: Object: 'Object Repository/Admin Console ePulse Menu/Account Settings/Oaths/TEMP/Page_Epulse  am-Automation-test/Status Filter' is clicked on

2018-11-15 17:02:40 - [MESSAGE][PASSED] - Object: 'Object Repository/Admin Console ePulse Menu/Account Settings/Oaths/TEMP/Page_Epulse  am-Automation-test/Status Filter' is clicked on

2018-11-15 17:02:40 - [TEST_STEP][PASSED] - selectOptionByValue: All options with value 'archived' are selected in object 'Object Repository/Admin Console ePulse Menu/Account Settings/Oaths/TEMP/Page_Epulse  am-Automation-test/Status Filter Dropdown'  using regular expression

2018-11-15 17:02:41 - [MESSAGE][PASSED] - All options with value 'archived' are selected in object 'Object Repository/Admin Console ePulse Menu/Account Settings/Oaths/TEMP/Page_Epulse  am-Automation-test/Status Filter Dropdown'  using regular expression

2018-11-15 17:02:41 - [TEST_STEP][PASSED] - click: Object: 'Object Repository/Admin Console ePulse Menu/Account Settings/Oaths/TEMP/Page_Epulse  am-Automation-test/Apply Status Filters' is clicked on

2018-11-15 17:02:41 - [MESSAGE][PASSED] - Object: 'Object Repository/Admin Console ePulse Menu/Account Settings/Oaths/TEMP/Page_Epulse  am-Automation-test/Apply Status Filters' is clicked on

2018-11-15 17:02:41 - [TEST_STEP][PASSED] - delay: Delayed 1 second(s)

2018-11-15 17:02:42 - [MESSAGE][PASSED] - Delayed 1 second(s)

2018-11-15 17:02:42 - [TEST_STEP][PASSED] - click: Object: 'Object Repository/Admin Console ePulse Menu/Account Settings/Oaths/TEMP/Page_Epulse  am-Automation-test/Close Archived Status Filter' is clicked on

2018-11-15 17:02:42 - [MESSAGE][PASSED] - Object: 'Object Repository/Admin Console ePulse Menu/Account Settings/Oaths/TEMP/Page_Epulse  am-Automation-test/Close Archived Status Filter' is clicked on

2018-11-15 17:02:42 - [TEST_STEP][PASSED] - click: Object: 'Object Repository/Admin Console ePulse Menu/Account Settings/Oaths/TEMP/Page_Epulse  am-Automation-test/Status Filter' is clicked on

2018-11-15 17:02:42 - [MESSAGE][PASSED] - Object: 'Object Repository/Admin Console ePulse Menu/Account Settings/Oaths/TEMP/Page_Epulse  am-Automation-test/Status Filter' is clicked on

2018-11-15 17:02:42 - [TEST_STEP][PASSED] - selectOptionByValue: All options with value 'both' are selected in object 'Object Repository/Admin Console ePulse Menu/Account Settings/Oaths/TEMP/Page_Epulse  am-Automation-test/Status Filter Dropdown'  using regular expression

2018-11-15 17:02:42 - [MESSAGE][PASSED] - All options with value 'both' are selected in object 'Object Repository/Admin Console ePulse Menu/Account Settings/Oaths/TEMP/Page_Epulse  am-Automation-test/Status Filter Dropdown'  using regular expression

2018-11-15 17:02:42 - [TEST_STEP][PASSED] - click: Object: 'Object Repository/Admin Console ePulse Menu/Account Settings/Oaths/TEMP/Page_Epulse  am-Automation-test/Apply Status Filters' is clicked on

2018-11-15 17:02:42 - [MESSAGE][PASSED] - Object: 'Object Repository/Admin Console ePulse Menu/Account Settings/Oaths/TEMP/Page_Epulse  am-Automation-test/Apply Status Filters' is clicked on

2018-11-15 17:02:42 - [TEST_STEP][PASSED] - delay: Delayed 1 second(s)

2018-11-15 17:02:43 - [MESSAGE][PASSED] - Delayed 1 second(s)

2018-11-15 17:02:43 - [TEST_STEP][PASSED] - click: Object: 'Object Repository/Admin Console ePulse Menu/Account Settings/Oaths/TEMP/Page_Epulse  am-Automation-test/Close Both Status Filter' is clicked on

2018-11-15 17:02:43 - [MESSAGE][PASSED] - Object: 'Object Repository/Admin Console ePulse Menu/Account Settings/Oaths/TEMP/Page_Epulse  am-Automation-test/Close Both Status Filter' is clicked on

2018-11-15 17:02:43 - [TEST_STEP][PASSED] - closeBrowser: Browser is closed

2018-11-15 17:02:43 - [MESSAGE][PASSED] - Browser is closed]]></system-out>
         <system-err><![CDATA[]]></system-err>
      </testcase>
      <testcase name="Test Cases/Admin Console/Account Settings/Oaths/Oaths - Filter - Type" classname="Test Cases/Admin Console/Account Settings/Oaths/Oaths - Filter - Type" status="PASSED">
         <system-out><![CDATA[2018-11-15 17:02:43 - [TEST_CASE][PASSED] - Test Cases/Admin Console/Account Settings/Oaths/Oaths - Filter - Type: Test Cases/Admin Console/Account Settings/Oaths/Oaths - Filter - Type

2018-11-15 17:02:43 - [TEST_STEP][PASSED] - openBrowser: Browser is opened with url: ''

2018-11-15 17:02:44 - [MESSAGE][PASSED] - Browser is opened with url: ''

2018-11-15 17:02:44 - [TEST_STEP][PASSED] - navigateToUrl: Navigate to 'https://epulsedev2.com' successfully

2018-11-15 17:02:46 - [MESSAGE][PASSED] - Navigate to 'https://epulsedev2.com' successfully

2018-11-15 17:02:46 - [TEST_STEP][PASSED] - setText: Text 'alonzo.mack@knowink.com' is set on object 'Object Repository/Login/Email Address'

2018-11-15 17:02:46 - [MESSAGE][PASSED] - Text 'alonzo.mack@knowink.com' is set on object 'Object Repository/Login/Email Address'

2018-11-15 17:02:46 - [TEST_STEP][PASSED] - setEncryptedText: Text ****** has been set on object 'Object Repository/Login/Password'

2018-11-15 17:02:46 - [MESSAGE][PASSED] - Text ****** has been set on object 'Object Repository/Login/Password'

2018-11-15 17:02:46 - [TEST_STEP][PASSED] - click: Object: 'Object Repository/Login/Sign In' is clicked on

2018-11-15 17:02:47 - [MESSAGE][PASSED] - Object: 'Object Repository/Login/Sign In' is clicked on

2018-11-15 17:02:47 - [TEST_STEP][PASSED] - delay: Delayed 1 second(s)

2018-11-15 17:02:48 - [MESSAGE][PASSED] - Delayed 1 second(s)

2018-11-15 17:02:48 - [TEST_STEP][PASSED] - navigateToUrl: Navigate to 'https://am-automation-test.epulsedev2.com/account_oaths' successfully

2018-11-15 17:02:49 - [MESSAGE][PASSED] - Navigate to 'https://am-automation-test.epulsedev2.com/account_oaths' successfully

2018-11-15 17:02:49 - [TEST_STEP][PASSED] - delay: Delayed 1 second(s)

2018-11-15 17:02:50 - [MESSAGE][PASSED] - Delayed 1 second(s)

2018-11-15 17:02:50 - [TEST_STEP][PASSED] - click: Object: 'Object Repository/Admin Console ePulse Menu/Account Settings/Oaths/TEMP/TEMP Type Filter/Filter Oath Types/Filter Type Dropdown' is clicked on

2018-11-15 17:02:50 - [MESSAGE][PASSED] - Object: 'Object Repository/Admin Console ePulse Menu/Account Settings/Oaths/TEMP/TEMP Type Filter/Filter Oath Types/Filter Type Dropdown' is clicked on

2018-11-15 17:02:50 - [TEST_STEP][PASSED] - delay: Delayed 1 second(s)

2018-11-15 17:02:51 - [MESSAGE][PASSED] - Delayed 1 second(s)

2018-11-15 17:02:51 - [TEST_STEP][PASSED] - click: Object: 'Object Repository/Admin Console ePulse Menu/Account Settings/Oaths/TEMP/TEMP Type Filter/Filter Oath Types/Apply Type Filters' is clicked on

2018-11-15 17:02:52 - [MESSAGE][PASSED] - Object: 'Object Repository/Admin Console ePulse Menu/Account Settings/Oaths/TEMP/TEMP Type Filter/Filter Oath Types/Apply Type Filters' is clicked on

2018-11-15 17:02:52 - [TEST_STEP][PASSED] - delay: Delayed 1 second(s)

2018-11-15 17:02:53 - [MESSAGE][PASSED] - Delayed 1 second(s)

2018-11-15 17:02:53 - [TEST_STEP][PASSED] - click: Object: 'Object Repository/Admin Console ePulse Menu/Account Settings/Oaths/TEMP/TEMP Type Filter/Filter Oath Types/Remove Filter Type ALL' is clicked on

2018-11-15 17:02:53 - [MESSAGE][PASSED] - Object: 'Object Repository/Admin Console ePulse Menu/Account Settings/Oaths/TEMP/TEMP Type Filter/Filter Oath Types/Remove Filter Type ALL' is clicked on

2018-11-15 17:02:53 - [TEST_STEP][PASSED] - delay: Delayed 1 second(s)

2018-11-15 17:02:54 - [MESSAGE][PASSED] - Delayed 1 second(s)

2018-11-15 17:02:54 - [TEST_STEP][PASSED] - click: Object: 'Object Repository/Admin Console ePulse Menu/Account Settings/Oaths/TEMP/TEMP Type Filter/Filter Oath Types/Filter Type Dropdown' is clicked on

2018-11-15 17:02:54 - [MESSAGE][PASSED] - Object: 'Object Repository/Admin Console ePulse Menu/Account Settings/Oaths/TEMP/TEMP Type Filter/Filter Oath Types/Filter Type Dropdown' is clicked on

2018-11-15 17:02:54 - [TEST_STEP][PASSED] - delay: Delayed 1 second(s)

2018-11-15 17:02:55 - [MESSAGE][PASSED] - Delayed 1 second(s)

2018-11-15 17:02:55 - [TEST_STEP][PASSED] - click: Object: 'Object Repository/Admin Console ePulse Menu/Account Settings/Oaths/TEMP/TEMP Type Filter/Filter Oath Types/Filter Dropdown Options' is clicked on

2018-11-15 17:02:55 - [MESSAGE][PASSED] - Object: 'Object Repository/Admin Console ePulse Menu/Account Settings/Oaths/TEMP/TEMP Type Filter/Filter Oath Types/Filter Dropdown Options' is clicked on

2018-11-15 17:02:55 - [TEST_STEP][PASSED] - delay: Delayed 1 second(s)

2018-11-15 17:02:56 - [MESSAGE][PASSED] - Delayed 1 second(s)

2018-11-15 17:02:56 - [TEST_STEP][PASSED] - click: Object: 'Object Repository/Admin Console ePulse Menu/Account Settings/Oaths/TEMP/TEMP Type Filter/Filter Oath Types/Select Id Method' is clicked on

2018-11-15 17:02:56 - [MESSAGE][PASSED] - Object: 'Object Repository/Admin Console ePulse Menu/Account Settings/Oaths/TEMP/TEMP Type Filter/Filter Oath Types/Select Id Method' is clicked on

2018-11-15 17:02:56 - [TEST_STEP][PASSED] - delay: Delayed 1 second(s)

2018-11-15 17:02:57 - [MESSAGE][PASSED] - Delayed 1 second(s)

2018-11-15 17:02:57 - [TEST_STEP][PASSED] - click: Object: 'Object Repository/Admin Console ePulse Menu/Account Settings/Oaths/TEMP/TEMP Type Filter/Filter Oath Types/Apply Type Filters' is clicked on

2018-11-15 17:02:57 - [MESSAGE][PASSED] - Object: 'Object Repository/Admin Console ePulse Menu/Account Settings/Oaths/TEMP/TEMP Type Filter/Filter Oath Types/Apply Type Filters' is clicked on

2018-11-15 17:02:57 - [TEST_STEP][PASSED] - delay: Delayed 1 second(s)

2018-11-15 17:02:58 - [MESSAGE][PASSED] - Delayed 1 second(s)

2018-11-15 17:02:58 - [TEST_STEP][PASSED] - click: Object: 'Object Repository/Admin Console ePulse Menu/Account Settings/Oaths/TEMP/TEMP Type Filter/Filter Oath Types/Type Dropdown' is clicked on

2018-11-15 17:02:58 - [MESSAGE][PASSED] - Object: 'Object Repository/Admin Console ePulse Menu/Account Settings/Oaths/TEMP/TEMP Type Filter/Filter Oath Types/Type Dropdown' is clicked on

2018-11-15 17:02:58 - [TEST_STEP][PASSED] - delay: Delayed 1 second(s)

2018-11-15 17:02:59 - [MESSAGE][PASSED] - Delayed 1 second(s)

2018-11-15 17:02:59 - [TEST_STEP][PASSED] - click: Object: 'Object Repository/Admin Console ePulse Menu/Account Settings/Oaths/TEMP/TEMP Type Filter/Filter Oath Types/Filter Type Dropdown' is clicked on

2018-11-15 17:02:59 - [MESSAGE][PASSED] - Object: 'Object Repository/Admin Console ePulse Menu/Account Settings/Oaths/TEMP/TEMP Type Filter/Filter Oath Types/Filter Type Dropdown' is clicked on

2018-11-15 17:02:59 - [TEST_STEP][PASSED] - delay: Delayed 1 second(s)

2018-11-15 17:03:00 - [MESSAGE][PASSED] - Delayed 1 second(s)

2018-11-15 17:03:00 - [TEST_STEP][PASSED] - click: Object: 'Object Repository/Admin Console ePulse Menu/Account Settings/Oaths/TEMP/TEMP Type Filter/Filter Oath Types/a_Id Method' is clicked on

2018-11-15 17:03:00 - [MESSAGE][PASSED] - Object: 'Object Repository/Admin Console ePulse Menu/Account Settings/Oaths/TEMP/TEMP Type Filter/Filter Oath Types/a_Id Method' is clicked on

2018-11-15 17:03:00 - [TEST_STEP][PASSED] - delay: Delayed 1 second(s)

2018-11-15 17:03:01 - [MESSAGE][PASSED] - Delayed 1 second(s)

2018-11-15 17:03:01 - [TEST_STEP][PASSED] - click: Object: 'Object Repository/Admin Console ePulse Menu/Account Settings/Oaths/TEMP/TEMP Type Filter/Filter Oath Types/li_Allow Voter To Vote' is clicked on

2018-11-15 17:03:01 - [MESSAGE][PASSED] - Object: 'Object Repository/Admin Console ePulse Menu/Account Settings/Oaths/TEMP/TEMP Type Filter/Filter Oath Types/li_Allow Voter To Vote' is clicked on

2018-11-15 17:03:01 - [TEST_STEP][PASSED] - delay: Delayed 1 second(s)

2018-11-15 17:03:02 - [MESSAGE][PASSED] - Delayed 1 second(s)

2018-11-15 17:03:02 - [TEST_STEP][PASSED] - click: Object: 'Object Repository/Admin Console ePulse Menu/Account Settings/Oaths/TEMP/TEMP Type Filter/Filter Oath Types/Apply Type Filters' is clicked on

2018-11-15 17:03:02 - [MESSAGE][PASSED] - Object: 'Object Repository/Admin Console ePulse Menu/Account Settings/Oaths/TEMP/TEMP Type Filter/Filter Oath Types/Apply Type Filters' is clicked on

2018-11-15 17:03:02 - [TEST_STEP][PASSED] - delay: Delayed 1 second(s)

2018-11-15 17:03:03 - [MESSAGE][PASSED] - Delayed 1 second(s)

2018-11-15 17:03:03 - [TEST_STEP][PASSED] - click: Object: 'Object Repository/Admin Console ePulse Menu/Account Settings/Oaths/TEMP/TEMP Type Filter/Filter Oath Types/span_Type Allow Voter To Vote_' is clicked on

2018-11-15 17:03:03 - [MESSAGE][PASSED] - Object: 'Object Repository/Admin Console ePulse Menu/Account Settings/Oaths/TEMP/TEMP Type Filter/Filter Oath Types/span_Type Allow Voter To Vote_' is clicked on

2018-11-15 17:03:03 - [TEST_STEP][PASSED] - delay: Delayed 1 second(s)

2018-11-15 17:03:04 - [MESSAGE][PASSED] - Delayed 1 second(s)

2018-11-15 17:03:04 - [TEST_STEP][PASSED] - click: Object: 'Object Repository/Admin Console ePulse Menu/Account Settings/Oaths/TEMP/TEMP Type Filter/Filter Oath Types/Filter Type Dropdown' is clicked on

2018-11-15 17:03:04 - [MESSAGE][PASSED] - Object: 'Object Repository/Admin Console ePulse Menu/Account Settings/Oaths/TEMP/TEMP Type Filter/Filter Oath Types/Filter Type Dropdown' is clicked on

2018-11-15 17:03:04 - [TEST_STEP][PASSED] - delay: Delayed 1 second(s)

2018-11-15 17:03:05 - [MESSAGE][PASSED] - Delayed 1 second(s)

2018-11-15 17:03:05 - [TEST_STEP][PASSED] - click: Object: 'Object Repository/Admin Console ePulse Menu/Account Settings/Oaths/TEMP/TEMP Type Filter/Filter Oath Types/a_Allow Voter To Vote' is clicked on

2018-11-15 17:03:05 - [MESSAGE][PASSED] - Object: 'Object Repository/Admin Console ePulse Menu/Account Settings/Oaths/TEMP/TEMP Type Filter/Filter Oath Types/a_Allow Voter To Vote' is clicked on

2018-11-15 17:03:05 - [TEST_STEP][PASSED] - delay: Delayed 1 second(s)

2018-11-15 17:03:06 - [MESSAGE][PASSED] - Delayed 1 second(s)

2018-11-15 17:03:06 - [TEST_STEP][PASSED] - click: Object: 'Object Repository/Admin Console ePulse Menu/Account Settings/Oaths/TEMP/TEMP Type Filter/Filter Oath Types/li_Similar Name Affidavit' is clicked on

2018-11-15 17:03:06 - [MESSAGE][PASSED] - Object: 'Object Repository/Admin Console ePulse Menu/Account Settings/Oaths/TEMP/TEMP Type Filter/Filter Oath Types/li_Similar Name Affidavit' is clicked on

2018-11-15 17:03:06 - [TEST_STEP][PASSED] - delay: Delayed 1 second(s)

2018-11-15 17:03:07 - [MESSAGE][PASSED] - Delayed 1 second(s)

2018-11-15 17:03:07 - [TEST_STEP][PASSED] - click: Object: 'Object Repository/Admin Console ePulse Menu/Account Settings/Oaths/TEMP/TEMP Type Filter/Filter Oath Types/Apply Type Filters' is clicked on

2018-11-15 17:03:07 - [MESSAGE][PASSED] - Object: 'Object Repository/Admin Console ePulse Menu/Account Settings/Oaths/TEMP/TEMP Type Filter/Filter Oath Types/Apply Type Filters' is clicked on

2018-11-15 17:03:07 - [TEST_STEP][PASSED] - delay: Delayed 1 second(s)

2018-11-15 17:03:08 - [MESSAGE][PASSED] - Delayed 1 second(s)

2018-11-15 17:03:08 - [TEST_STEP][PASSED] - click: Object: 'Object Repository/Admin Console ePulse Menu/Account Settings/Oaths/TEMP/TEMP Type Filter/Filter Oath Types/Remove Filter Similar Name Affidav' is clicked on

2018-11-15 17:03:09 - [MESSAGE][PASSED] - Object: 'Object Repository/Admin Console ePulse Menu/Account Settings/Oaths/TEMP/TEMP Type Filter/Filter Oath Types/Remove Filter Similar Name Affidav' is clicked on

2018-11-15 17:03:09 - [TEST_STEP][PASSED] - delay: Delayed 1 second(s)

2018-11-15 17:03:10 - [MESSAGE][PASSED] - Delayed 1 second(s)

2018-11-15 17:03:10 - [TEST_STEP][PASSED] - click: Object: 'Object Repository/Admin Console ePulse Menu/Account Settings/Oaths/TEMP/TEMP Type Filter/Filter Oath Types/Filter Type Dropdown' is clicked on

2018-11-15 17:03:10 - [MESSAGE][PASSED] - Object: 'Object Repository/Admin Console ePulse Menu/Account Settings/Oaths/TEMP/TEMP Type Filter/Filter Oath Types/Filter Type Dropdown' is clicked on

2018-11-15 17:03:10 - [TEST_STEP][PASSED] - delay: Delayed 1 second(s)

2018-11-15 17:03:11 - [MESSAGE][PASSED] - Delayed 1 second(s)

2018-11-15 17:03:11 - [TEST_STEP][PASSED] - click: Object: 'Object Repository/Admin Console ePulse Menu/Account Settings/Oaths/TEMP/TEMP Type Filter/Filter Oath Types/a_Similar Name Affidavit' is clicked on

2018-11-15 17:03:11 - [MESSAGE][PASSED] - Object: 'Object Repository/Admin Console ePulse Menu/Account Settings/Oaths/TEMP/TEMP Type Filter/Filter Oath Types/a_Similar Name Affidavit' is clicked on

2018-11-15 17:03:11 - [TEST_STEP][PASSED] - delay: Delayed 1 second(s)

2018-11-15 17:03:12 - [MESSAGE][PASSED] - Delayed 1 second(s)

2018-11-15 17:03:12 - [TEST_STEP][PASSED] - click: Object: 'Object Repository/Admin Console ePulse Menu/Account Settings/Oaths/TEMP/TEMP Type Filter/Filter Oath Types/li_Reasonable Impediment Decla' is clicked on

2018-11-15 17:03:12 - [MESSAGE][PASSED] - Object: 'Object Repository/Admin Console ePulse Menu/Account Settings/Oaths/TEMP/TEMP Type Filter/Filter Oath Types/li_Reasonable Impediment Decla' is clicked on

2018-11-15 17:03:12 - [TEST_STEP][PASSED] - delay: Delayed 1 second(s)

2018-11-15 17:03:13 - [MESSAGE][PASSED] - Delayed 1 second(s)

2018-11-15 17:03:13 - [TEST_STEP][PASSED] - click: Object: 'Object Repository/Admin Console ePulse Menu/Account Settings/Oaths/TEMP/TEMP Type Filter/Filter Oath Types/Apply Type Filters' is clicked on

2018-11-15 17:03:13 - [MESSAGE][PASSED] - Object: 'Object Repository/Admin Console ePulse Menu/Account Settings/Oaths/TEMP/TEMP Type Filter/Filter Oath Types/Apply Type Filters' is clicked on

2018-11-15 17:03:13 - [TEST_STEP][PASSED] - delay: Delayed 1 second(s)

2018-11-15 17:03:14 - [MESSAGE][PASSED] - Delayed 1 second(s)

2018-11-15 17:03:14 - [TEST_STEP][PASSED] - click: Object: 'Object Repository/Admin Console ePulse Menu/Account Settings/Oaths/TEMP/TEMP Type Filter/Filter Oath Types/Remove Filter Reasonable Impediment' is clicked on

2018-11-15 17:03:14 - [MESSAGE][PASSED] - Object: 'Object Repository/Admin Console ePulse Menu/Account Settings/Oaths/TEMP/TEMP Type Filter/Filter Oath Types/Remove Filter Reasonable Impediment' is clicked on

2018-11-15 17:03:14 - [TEST_STEP][PASSED] - delay: Delayed 1 second(s)

2018-11-15 17:03:15 - [MESSAGE][PASSED] - Delayed 1 second(s)]]></system-out>
         <system-err><![CDATA[]]></system-err>
      </testcase>
      <testcase name="Test Cases/Admin Console/Account Settings/Prompts/Prompts - Add Criteria" classname="Test Cases/Admin Console/Account Settings/Prompts/Prompts - Add Criteria" status="FAILED">
         <failure type="FAILED" message="(Stack trace: com.kms.katalon.core.exception.StepFailedException: Unable to click on object 'Object Repository/Admin Console ePulse Menu/Account Settings/Prompts/Add_CRITERIA_To_Prompt' (Root cause: com.kms.katalon.core.webui.exception.WebElementNotFoundException: Web element with id: 'Object Repository/Admin Console ePulse Menu/Account Settings/Prompts/Add_CRITERIA_To_Prompt' located by 'By.xpath: //a[@href = '#' and (text() = 'Criteria
                  ' or . = 'Criteria
                  ')]' not found)
	at com.kms.katalon.core.keyword.internal.KeywordMain.stepFailed(KeywordMain.groovy:36)
	at com.kms.katalon.core.webui.keyword.internal.WebUIKeywordMain.stepFailed(WebUIKeywordMain.groovy:65)
	at com.kms.katalon.core.webui.keyword.internal.WebUIKeywordMain.runKeyword(WebUIKeywordMain.groovy:27)
	at com.kms.katalon.core.webui.keyword.builtin.ClickKeyword.click(ClickKeyword.groovy:86)
	at com.kms.katalon.core.webui.keyword.builtin.ClickKeyword.execute(ClickKeyword.groovy:67)
	at com.kms.katalon.core.keyword.internal.KeywordExecutor.executeKeywordForPlatform(KeywordExecutor.groovy:53)
	at com.kms.katalon.core.webui.keyword.WebUiBuiltInKeywords.click(WebUiBuiltInKeywords.groovy:616)
	at com.kms.katalon.core.webui.keyword.WebUiBuiltInKeywords$click$3.call(Unknown Source)
	at org.codehaus.groovy.runtime.callsite.CallSiteArray.defaultCall(CallSiteArray.java:48)
	at org.codehaus.groovy.runtime.callsite.AbstractCallSite.call(AbstractCallSite.java:113)
	at org.codehaus.groovy.runtime.callsite.AbstractCallSite.call(AbstractCallSite.java:125)
	at Script1528734424480.run(Script1528734424480.groovy:46)
	at com.kms.katalon.core.main.ScriptEngine.run(ScriptEngine.java:183)
	at com.kms.katalon.core.main.ScriptEngine.runScriptAsRawText(ScriptEngine.java:108)
	at com.kms.katalon.core.main.TestCaseExecutor.runScript(TestCaseExecutor.java:294)
	at com.kms.katalon.core.main.TestCaseExecutor.doExecute(TestCaseExecutor.java:285)
	at com.kms.katalon.core.main.TestCaseExecutor.processExecutionPhase(TestCaseExecutor.java:264)
	at com.kms.katalon.core.main.TestCaseExecutor.accessMainPhase(TestCaseExecutor.java:256)
	at com.kms.katalon.core.main.TestCaseExecutor.execute(TestCaseExecutor.java:200)
	at com.kms.katalon.core.main.TestSuiteExecutor.accessTestCaseMainPhase(TestSuiteExecutor.java:129)
	at com.kms.katalon.core.main.TestSuiteExecutor.accessTestSuiteMainPhase(TestSuiteExecutor.java:112)
	at com.kms.katalon.core.main.TestSuiteExecutor.execute(TestSuiteExecutor.java:81)
	at com.kms.katalon.core.main.TestCaseMain.startTestSuite(TestCaseMain.java:142)
	at com.kms.katalon.core.main.TestCaseMain$startTestSuite$0.call(Unknown Source)
	at org.codehaus.groovy.runtime.callsite.CallSiteArray.defaultCall(CallSiteArray.java:48)
	at org.codehaus.groovy.runtime.callsite.AbstractCallSite.call(AbstractCallSite.java:113)
	at org.codehaus.groovy.runtime.callsite.AbstractCallSite.call(AbstractCallSite.java:141)
	at TempTestSuite1542322598346.run(TempTestSuite1542322598346.groovy:36)
	at groovy.lang.GroovyShell.runScriptOrMainOrTestOrRunnable(GroovyShell.java:263)
	at groovy.lang.GroovyShell.run(GroovyShell.java:518)
	at groovy.lang.GroovyShell.run(GroovyShell.java:507)
	at groovy.ui.GroovyMain.processOnce(GroovyMain.java:653)
	at groovy.ui.GroovyMain.run(GroovyMain.java:384)
	at groovy.ui.GroovyMain.process(GroovyMain.java:370)
	at groovy.ui.GroovyMain.processArgs(GroovyMain.java:129)
	at groovy.ui.GroovyMain.main(GroovyMain.java:109)
	at sun.reflect.NativeMethodAccessorImpl.invoke0(Native Method)
	at sun.reflect.NativeMethodAccessorImpl.invoke(NativeMethodAccessorImpl.java:62)
	at sun.reflect.DelegatingMethodAccessorImpl.invoke(DelegatingMethodAccessorImpl.java:43)
	at java.lang.reflect.Method.invoke(Method.java:498)
	at org.codehaus.groovy.tools.GroovyStarter.rootLoader(GroovyStarter.java:109)
	at org.codehaus.groovy.tools.GroovyStarter.main(GroovyStarter.java:131)
)"/>
         <system-out><![CDATA[2018-11-15 17:03:15 - [TEST_CASE][FAILED] - Test Cases/Admin Console/Account Settings/Prompts/Prompts - Add Criteria: Test Cases/Admin Console/Account Settings/Prompts/Prompts - Add Criteria FAILED because (of) (Stack trace: com.kms.katalon.core.exception.StepFailedException: Unable to click on object 'Object Repository/Admin Console ePulse Menu/Account Settings/Prompts/Add_CRITERIA_To_Prompt' (Root cause: com.kms.katalon.core.webui.exception.WebElementNotFoundException: Web element with id: 'Object Repository/Admin Console ePulse Menu/Account Settings/Prompts/Add_CRITERIA_To_Prompt' located by 'By.xpath: //a[@href = '#' and (text() = 'Criteria
                  ' or . = 'Criteria
                  ')]' not found)
	at com.kms.katalon.core.keyword.internal.KeywordMain.stepFailed(KeywordMain.groovy:36)
	at com.kms.katalon.core.webui.keyword.internal.WebUIKeywordMain.stepFailed(WebUIKeywordMain.groovy:65)
	at com.kms.katalon.core.webui.keyword.internal.WebUIKeywordMain.runKeyword(WebUIKeywordMain.groovy:27)
	at com.kms.katalon.core.webui.keyword.builtin.ClickKeyword.click(ClickKeyword.groovy:86)
	at com.kms.katalon.core.webui.keyword.builtin.ClickKeyword.execute(ClickKeyword.groovy:67)
	at com.kms.katalon.core.keyword.internal.KeywordExecutor.executeKeywordForPlatform(KeywordExecutor.groovy:53)
	at com.kms.katalon.core.webui.keyword.WebUiBuiltInKeywords.click(WebUiBuiltInKeywords.groovy:616)
	at com.kms.katalon.core.webui.keyword.WebUiBuiltInKeywords$click$3.call(Unknown Source)
	at org.codehaus.groovy.runtime.callsite.CallSiteArray.defaultCall(CallSiteArray.java:48)
	at org.codehaus.groovy.runtime.callsite.AbstractCallSite.call(AbstractCallSite.java:113)
	at org.codehaus.groovy.runtime.callsite.AbstractCallSite.call(AbstractCallSite.java:125)
	at Script1528734424480.run(Script1528734424480.groovy:46)
	at com.kms.katalon.core.main.ScriptEngine.run(ScriptEngine.java:183)
	at com.kms.katalon.core.main.ScriptEngine.runScriptAsRawText(ScriptEngine.java:108)
	at com.kms.katalon.core.main.TestCaseExecutor.runScript(TestCaseExecutor.java:294)
	at com.kms.katalon.core.main.TestCaseExecutor.doExecute(TestCaseExecutor.java:285)
	at com.kms.katalon.core.main.TestCaseExecutor.processExecutionPhase(TestCaseExecutor.java:264)
	at com.kms.katalon.core.main.TestCaseExecutor.accessMainPhase(TestCaseExecutor.java:256)
	at com.kms.katalon.core.main.TestCaseExecutor.execute(TestCaseExecutor.java:200)
	at com.kms.katalon.core.main.TestSuiteExecutor.accessTestCaseMainPhase(TestSuiteExecutor.java:129)
	at com.kms.katalon.core.main.TestSuiteExecutor.accessTestSuiteMainPhase(TestSuiteExecutor.java:112)
	at com.kms.katalon.core.main.TestSuiteExecutor.execute(TestSuiteExecutor.java:81)
	at com.kms.katalon.core.main.TestCaseMain.startTestSuite(TestCaseMain.java:142)
	at com.kms.katalon.core.main.TestCaseMain$startTestSuite$0.call(Unknown Source)
	at org.codehaus.groovy.runtime.callsite.CallSiteArray.defaultCall(CallSiteArray.java:48)
	at org.codehaus.groovy.runtime.callsite.AbstractCallSite.call(AbstractCallSite.java:113)
	at org.codehaus.groovy.runtime.callsite.AbstractCallSite.call(AbstractCallSite.java:141)
	at TempTestSuite1542322598346.run(TempTestSuite1542322598346.groovy:36)
	at groovy.lang.GroovyShell.runScriptOrMainOrTestOrRunnable(GroovyShell.java:263)
	at groovy.lang.GroovyShell.run(GroovyShell.java:518)
	at groovy.lang.GroovyShell.run(GroovyShell.java:507)
	at groovy.ui.GroovyMain.processOnce(GroovyMain.java:653)
	at groovy.ui.GroovyMain.run(GroovyMain.java:384)
	at groovy.ui.GroovyMain.process(GroovyMain.java:370)
	at groovy.ui.GroovyMain.processArgs(GroovyMain.java:129)
	at groovy.ui.GroovyMain.main(GroovyMain.java:109)
	at sun.reflect.NativeMethodAccessorImpl.invoke0(Native Method)
	at sun.reflect.NativeMethodAccessorImpl.invoke(NativeMethodAccessorImpl.java:62)
	at sun.reflect.DelegatingMethodAccessorImpl.invoke(DelegatingMethodAccessorImpl.java:43)
	at java.lang.reflect.Method.invoke(Method.java:498)
	at org.codehaus.groovy.tools.GroovyStarter.rootLoader(GroovyStarter.java:109)
	at org.codehaus.groovy.tools.GroovyStarter.main(GroovyStarter.java:131)
)

2018-11-15 17:03:15 - [TEST_STEP][PASSED] - openBrowser: Browser is opened with url: ''

2018-11-15 17:03:15 - [MESSAGE][WARNING] - A browser is already opened. Closing browser and opening a new one

2018-11-15 17:03:16 - [MESSAGE][PASSED] - Browser is opened with url: ''

2018-11-15 17:03:16 - [TEST_STEP][PASSED] - navigateToUrl: Navigate to 'https://epulsedev2.com' successfully

2018-11-15 17:03:17 - [MESSAGE][PASSED] - Navigate to 'https://epulsedev2.com' successfully

2018-11-15 17:03:17 - [TEST_STEP][PASSED] - setText: Text 'alonzo.mack@knowink.com' is set on object 'Object Repository/Login/Email Address'

2018-11-15 17:03:18 - [MESSAGE][PASSED] - Text 'alonzo.mack@knowink.com' is set on object 'Object Repository/Login/Email Address'

2018-11-15 17:03:18 - [TEST_STEP][PASSED] - setEncryptedText: Text ****** has been set on object 'Object Repository/Login/Password'

2018-11-15 17:03:18 - [MESSAGE][PASSED] - Text ****** has been set on object 'Object Repository/Login/Password'

2018-11-15 17:03:18 - [TEST_STEP][PASSED] - click: Object: 'Object Repository/Login/Sign In' is clicked on

2018-11-15 17:03:19 - [MESSAGE][PASSED] - Object: 'Object Repository/Login/Sign In' is clicked on

2018-11-15 17:03:19 - [TEST_STEP][PASSED] - delay: Delayed 1 second(s)

2018-11-15 17:03:20 - [MESSAGE][PASSED] - Delayed 1 second(s)

2018-11-15 17:03:20 - [TEST_STEP][PASSED] - navigateToUrl: Navigate to 'https://am-Automation-test.epulsedev2.com/prompts' successfully

2018-11-15 17:03:21 - [MESSAGE][PASSED] - Navigate to 'https://am-Automation-test.epulsedev2.com/prompts' successfully

2018-11-15 17:03:21 - [TEST_STEP][PASSED] - delay: Delayed 1 second(s)

2018-11-15 17:03:22 - [MESSAGE][PASSED] - Delayed 1 second(s)

2018-11-15 17:03:22 - [TEST_STEP][FAILED] - click: Unable to click on object 'Object Repository/Admin Console ePulse Menu/Account Settings/Prompts/Add_CRITERIA_To_Prompt' (Root cause: com.kms.katalon.core.webui.exception.WebElementNotFoundException: Web element with id: 'Object Repository/Admin Console ePulse Menu/Account Settings/Prompts/Add_CRITERIA_To_Prompt' located by 'By.xpath: //a[@href = '#' and (text() = 'Criteria
                  ' or . = 'Criteria
                  ')]' not found)

2018-11-15 17:03:42 - [MESSAGE][FAILED] - Unable to click on object 'Object Repository/Admin Console ePulse Menu/Account Settings/Prompts/Add_CRITERIA_To_Prompt' (Root cause: com.kms.katalon.core.webui.exception.WebElementNotFoundException: Web element with id: 'Object Repository/Admin Console ePulse Menu/Account Settings/Prompts/Add_CRITERIA_To_Prompt' located by 'By.xpath: //a[@href = '#' and (text() = 'Criteria
                  ' or . = 'Criteria
                  ')]' not found)
[[ATTACHMENT|/Users/alonzomack/Katalon Studio/Regression/Reports/New Test Suite/20181115_165638/1542323021923.png]]]]></system-out>
         <system-err><![CDATA[2018-11-15 17:03:15 - [TEST_CASE][FAILED] - Test Cases/Admin Console/Account Settings/Prompts/Prompts - Add Criteria: Test Cases/Admin Console/Account Settings/Prompts/Prompts - Add Criteria FAILED because (of) (Stack trace: com.kms.katalon.core.exception.StepFailedException: Unable to click on object 'Object Repository/Admin Console ePulse Menu/Account Settings/Prompts/Add_CRITERIA_To_Prompt' (Root cause: com.kms.katalon.core.webui.exception.WebElementNotFoundException: Web element with id: 'Object Repository/Admin Console ePulse Menu/Account Settings/Prompts/Add_CRITERIA_To_Prompt' located by 'By.xpath: //a[@href = '#' and (text() = 'Criteria
                  ' or . = 'Criteria
                  ')]' not found)
	at com.kms.katalon.core.keyword.internal.KeywordMain.stepFailed(KeywordMain.groovy:36)
	at com.kms.katalon.core.webui.keyword.internal.WebUIKeywordMain.stepFailed(WebUIKeywordMain.groovy:65)
	at com.kms.katalon.core.webui.keyword.internal.WebUIKeywordMain.runKeyword(WebUIKeywordMain.groovy:27)
	at com.kms.katalon.core.webui.keyword.builtin.ClickKeyword.click(ClickKeyword.groovy:86)
	at com.kms.katalon.core.webui.keyword.builtin.ClickKeyword.execute(ClickKeyword.groovy:67)
	at com.kms.katalon.core.keyword.internal.KeywordExecutor.executeKeywordForPlatform(KeywordExecutor.groovy:53)
	at com.kms.katalon.core.webui.keyword.WebUiBuiltInKeywords.click(WebUiBuiltInKeywords.groovy:616)
	at com.kms.katalon.core.webui.keyword.WebUiBuiltInKeywords$click$3.call(Unknown Source)
	at org.codehaus.groovy.runtime.callsite.CallSiteArray.defaultCall(CallSiteArray.java:48)
	at org.codehaus.groovy.runtime.callsite.AbstractCallSite.call(AbstractCallSite.java:113)
	at org.codehaus.groovy.runtime.callsite.AbstractCallSite.call(AbstractCallSite.java:125)
	at Script1528734424480.run(Script1528734424480.groovy:46)
	at com.kms.katalon.core.main.ScriptEngine.run(ScriptEngine.java:183)
	at com.kms.katalon.core.main.ScriptEngine.runScriptAsRawText(ScriptEngine.java:108)
	at com.kms.katalon.core.main.TestCaseExecutor.runScript(TestCaseExecutor.java:294)
	at com.kms.katalon.core.main.TestCaseExecutor.doExecute(TestCaseExecutor.java:285)
	at com.kms.katalon.core.main.TestCaseExecutor.processExecutionPhase(TestCaseExecutor.java:264)
	at com.kms.katalon.core.main.TestCaseExecutor.accessMainPhase(TestCaseExecutor.java:256)
	at com.kms.katalon.core.main.TestCaseExecutor.execute(TestCaseExecutor.java:200)
	at com.kms.katalon.core.main.TestSuiteExecutor.accessTestCaseMainPhase(TestSuiteExecutor.java:129)
	at com.kms.katalon.core.main.TestSuiteExecutor.accessTestSuiteMainPhase(TestSuiteExecutor.java:112)
	at com.kms.katalon.core.main.TestSuiteExecutor.execute(TestSuiteExecutor.java:81)
	at com.kms.katalon.core.main.TestCaseMain.startTestSuite(TestCaseMain.java:142)
	at com.kms.katalon.core.main.TestCaseMain$startTestSuite$0.call(Unknown Source)
	at org.codehaus.groovy.runtime.callsite.CallSiteArray.defaultCall(CallSiteArray.java:48)
	at org.codehaus.groovy.runtime.callsite.AbstractCallSite.call(AbstractCallSite.java:113)
	at org.codehaus.groovy.runtime.callsite.AbstractCallSite.call(AbstractCallSite.java:141)
	at TempTestSuite1542322598346.run(TempTestSuite1542322598346.groovy:36)
	at groovy.lang.GroovyShell.runScriptOrMainOrTestOrRunnable(GroovyShell.java:263)
	at groovy.lang.GroovyShell.run(GroovyShell.java:518)
	at groovy.lang.GroovyShell.run(GroovyShell.java:507)
	at groovy.ui.GroovyMain.processOnce(GroovyMain.java:653)
	at groovy.ui.GroovyMain.run(GroovyMain.java:384)
	at groovy.ui.GroovyMain.process(GroovyMain.java:370)
	at groovy.ui.GroovyMain.processArgs(GroovyMain.java:129)
	at groovy.ui.GroovyMain.main(GroovyMain.java:109)
	at sun.reflect.NativeMethodAccessorImpl.invoke0(Native Method)
	at sun.reflect.NativeMethodAccessorImpl.invoke(NativeMethodAccessorImpl.java:62)
	at sun.reflect.DelegatingMethodAccessorImpl.invoke(DelegatingMethodAccessorImpl.java:43)
	at java.lang.reflect.Method.invoke(Method.java:498)
	at org.codehaus.groovy.tools.GroovyStarter.rootLoader(GroovyStarter.java:109)
	at org.codehaus.groovy.tools.GroovyStarter.main(GroovyStarter.java:131)
)]]></system-err>
      </testcase>
      <testcase name="Test Cases/Admin Console/Account Settings/Prompts/Prompts - Import" classname="Test Cases/Admin Console/Account Settings/Prompts/Prompts - Import" status="PASSED">
         <system-out><![CDATA[2018-11-15 17:03:42 - [TEST_CASE][PASSED] - Test Cases/Admin Console/Account Settings/Prompts/Prompts - Import: Test Cases/Admin Console/Account Settings/Prompts/Prompts - Import

2018-11-15 17:03:42 - [TEST_STEP][PASSED] - openBrowser: Browser is opened with url: ''

2018-11-15 17:03:42 - [MESSAGE][WARNING] - A browser is already opened. Closing browser and opening a new one

2018-11-15 17:03:43 - [MESSAGE][PASSED] - Browser is opened with url: ''

2018-11-15 17:03:43 - [TEST_STEP][PASSED] - navigateToUrl: Navigate to 'https://epulsedev2.com' successfully

2018-11-15 17:03:44 - [MESSAGE][PASSED] - Navigate to 'https://epulsedev2.com' successfully

2018-11-15 17:03:44 - [TEST_STEP][PASSED] - setText: Text 'alonzo.mack@knowink.com' is set on object 'Object Repository/Login/Email Address'

2018-11-15 17:03:44 - [MESSAGE][PASSED] - Text 'alonzo.mack@knowink.com' is set on object 'Object Repository/Login/Email Address'

2018-11-15 17:03:44 - [TEST_STEP][PASSED] - setEncryptedText: Text ****** has been set on object 'Object Repository/Login/Password'

2018-11-15 17:03:45 - [MESSAGE][PASSED] - Text ****** has been set on object 'Object Repository/Login/Password'

2018-11-15 17:03:45 - [TEST_STEP][PASSED] - click: Object: 'Object Repository/Login/Sign In' is clicked on

2018-11-15 17:03:45 - [MESSAGE][PASSED] - Object: 'Object Repository/Login/Sign In' is clicked on

2018-11-15 17:03:45 - [TEST_STEP][PASSED] - delay: Delayed 1 second(s)

2018-11-15 17:03:46 - [MESSAGE][PASSED] - Delayed 1 second(s)

2018-11-15 17:03:46 - [TEST_STEP][PASSED] - navigateToUrl: Navigate to 'https://am-Automation-test.epulsedev2.com/imports/prompts' successfully

2018-11-15 17:03:47 - [MESSAGE][PASSED] - Navigate to 'https://am-Automation-test.epulsedev2.com/imports/prompts' successfully

2018-11-15 17:03:47 - [TEST_STEP][PASSED] - setText: Text '/Users/alonzomack/Downloads/prompts-3.txt' is set on object 'Object Repository/Admin Console ePulse Menu/Account Settings/Prompts/Import Prompts Buttons/Choose File'

2018-11-15 17:03:48 - [MESSAGE][PASSED] - Text '/Users/alonzomack/Downloads/prompts-3.txt' is set on object 'Object Repository/Admin Console ePulse Menu/Account Settings/Prompts/Import Prompts Buttons/Choose File'

2018-11-15 17:03:48 - [TEST_STEP][PASSED] - click: Object: 'Object Repository/Admin Console ePulse Menu/Account Settings/Prompts/Import Prompts Buttons/Continue Button' is clicked on

2018-11-15 17:03:48 - [MESSAGE][PASSED] - Object: 'Object Repository/Admin Console ePulse Menu/Account Settings/Prompts/Import Prompts Buttons/Continue Button' is clicked on

2018-11-15 17:03:48 - [TEST_STEP][PASSED] - delay: Delayed 1 second(s)

2018-11-15 17:03:49 - [MESSAGE][PASSED] - Delayed 1 second(s)

2018-11-15 17:03:49 - [TEST_STEP][PASSED] - click: Object: 'Object Repository/Admin Console ePulse Menu/Account Settings/Prompts/Import Prompts Buttons/button_Done(working)' is clicked on

2018-11-15 17:03:53 - [MESSAGE][PASSED] - Object: 'Object Repository/Admin Console ePulse Menu/Account Settings/Prompts/Import Prompts Buttons/button_Done(working)' is clicked on]]></system-out>
         <system-err><![CDATA[]]></system-err>
      </testcase>
      <testcase name="Test Cases/Admin Console/Account Settings/Prompts/Prompts - Add PollPad Config" classname="Test Cases/Admin Console/Account Settings/Prompts/Prompts - Add PollPad Config" status="FAILED">
         <failure type="FAILED" message="(Stack trace: com.kms.katalon.core.exception.StepFailedException: Unable to click on object (Root cause: java.lang.IllegalArgumentException: Object is null)
	at com.kms.katalon.core.keyword.internal.KeywordMain.stepFailed(KeywordMain.groovy:36)
	at com.kms.katalon.core.webui.keyword.internal.WebUIKeywordMain.stepFailed(WebUIKeywordMain.groovy:65)
	at com.kms.katalon.core.webui.keyword.internal.WebUIKeywordMain.runKeyword(WebUIKeywordMain.groovy:27)
	at com.kms.katalon.core.webui.keyword.builtin.ClickKeyword.click(ClickKeyword.groovy:86)
	at com.kms.katalon.core.webui.keyword.builtin.ClickKeyword.execute(ClickKeyword.groovy:67)
	at com.kms.katalon.core.keyword.internal.KeywordExecutor.executeKeywordForPlatform(KeywordExecutor.groovy:53)
	at com.kms.katalon.core.webui.keyword.WebUiBuiltInKeywords.click(WebUiBuiltInKeywords.groovy:616)
	at com.kms.katalon.core.webui.keyword.WebUiBuiltInKeywords$click$3.call(Unknown Source)
	at org.codehaus.groovy.runtime.callsite.CallSiteArray.defaultCall(CallSiteArray.java:48)
	at org.codehaus.groovy.runtime.callsite.AbstractCallSite.call(AbstractCallSite.java:113)
	at org.codehaus.groovy.runtime.callsite.AbstractCallSite.call(AbstractCallSite.java:125)
	at Script1540925285860.run(Script1540925285860.groovy:37)
	at com.kms.katalon.core.main.ScriptEngine.run(ScriptEngine.java:183)
	at com.kms.katalon.core.main.ScriptEngine.runScriptAsRawText(ScriptEngine.java:108)
	at com.kms.katalon.core.main.TestCaseExecutor.runScript(TestCaseExecutor.java:294)
	at com.kms.katalon.core.main.TestCaseExecutor.doExecute(TestCaseExecutor.java:285)
	at com.kms.katalon.core.main.TestCaseExecutor.processExecutionPhase(TestCaseExecutor.java:264)
	at com.kms.katalon.core.main.TestCaseExecutor.accessMainPhase(TestCaseExecutor.java:256)
	at com.kms.katalon.core.main.TestCaseExecutor.execute(TestCaseExecutor.java:200)
	at com.kms.katalon.core.main.TestSuiteExecutor.accessTestCaseMainPhase(TestSuiteExecutor.java:129)
	at com.kms.katalon.core.main.TestSuiteExecutor.accessTestSuiteMainPhase(TestSuiteExecutor.java:112)
	at com.kms.katalon.core.main.TestSuiteExecutor.execute(TestSuiteExecutor.java:81)
	at com.kms.katalon.core.main.TestCaseMain.startTestSuite(TestCaseMain.java:142)
	at com.kms.katalon.core.main.TestCaseMain$startTestSuite$0.call(Unknown Source)
	at org.codehaus.groovy.runtime.callsite.CallSiteArray.defaultCall(CallSiteArray.java:48)
	at org.codehaus.groovy.runtime.callsite.AbstractCallSite.call(AbstractCallSite.java:113)
	at org.codehaus.groovy.runtime.callsite.AbstractCallSite.call(AbstractCallSite.java:141)
	at TempTestSuite1542322598346.run(TempTestSuite1542322598346.groovy:36)
	at groovy.lang.GroovyShell.runScriptOrMainOrTestOrRunnable(GroovyShell.java:263)
	at groovy.lang.GroovyShell.run(GroovyShell.java:518)
	at groovy.lang.GroovyShell.run(GroovyShell.java:507)
	at groovy.ui.GroovyMain.processOnce(GroovyMain.java:653)
	at groovy.ui.GroovyMain.run(GroovyMain.java:384)
	at groovy.ui.GroovyMain.process(GroovyMain.java:370)
	at groovy.ui.GroovyMain.processArgs(GroovyMain.java:129)
	at groovy.ui.GroovyMain.main(GroovyMain.java:109)
	at sun.reflect.NativeMethodAccessorImpl.invoke0(Native Method)
	at sun.reflect.NativeMethodAccessorImpl.invoke(NativeMethodAccessorImpl.java:62)
	at sun.reflect.DelegatingMethodAccessorImpl.invoke(DelegatingMethodAccessorImpl.java:43)
	at java.lang.reflect.Method.invoke(Method.java:498)
	at org.codehaus.groovy.tools.GroovyStarter.rootLoader(GroovyStarter.java:109)
	at org.codehaus.groovy.tools.GroovyStarter.main(GroovyStarter.java:131)
)"/>
         <system-out><![CDATA[2018-11-15 17:03:53 - [TEST_CASE][FAILED] - Test Cases/Admin Console/Account Settings/Prompts/Prompts - Add PollPad Config: Test Cases/Admin Console/Account Settings/Prompts/Prompts - Add PollPad Config FAILED because (of) (Stack trace: com.kms.katalon.core.exception.StepFailedException: Unable to click on object (Root cause: java.lang.IllegalArgumentException: Object is null)
	at com.kms.katalon.core.keyword.internal.KeywordMain.stepFailed(KeywordMain.groovy:36)
	at com.kms.katalon.core.webui.keyword.internal.WebUIKeywordMain.stepFailed(WebUIKeywordMain.groovy:65)
	at com.kms.katalon.core.webui.keyword.internal.WebUIKeywordMain.runKeyword(WebUIKeywordMain.groovy:27)
	at com.kms.katalon.core.webui.keyword.builtin.ClickKeyword.click(ClickKeyword.groovy:86)
	at com.kms.katalon.core.webui.keyword.builtin.ClickKeyword.execute(ClickKeyword.groovy:67)
	at com.kms.katalon.core.keyword.internal.KeywordExecutor.executeKeywordForPlatform(KeywordExecutor.groovy:53)
	at com.kms.katalon.core.webui.keyword.WebUiBuiltInKeywords.click(WebUiBuiltInKeywords.groovy:616)
	at com.kms.katalon.core.webui.keyword.WebUiBuiltInKeywords$click$3.call(Unknown Source)
	at org.codehaus.groovy.runtime.callsite.CallSiteArray.defaultCall(CallSiteArray.java:48)
	at org.codehaus.groovy.runtime.callsite.AbstractCallSite.call(AbstractCallSite.java:113)
	at org.codehaus.groovy.runtime.callsite.AbstractCallSite.call(AbstractCallSite.java:125)
	at Script1540925285860.run(Script1540925285860.groovy:37)
	at com.kms.katalon.core.main.ScriptEngine.run(ScriptEngine.java:183)
	at com.kms.katalon.core.main.ScriptEngine.runScriptAsRawText(ScriptEngine.java:108)
	at com.kms.katalon.core.main.TestCaseExecutor.runScript(TestCaseExecutor.java:294)
	at com.kms.katalon.core.main.TestCaseExecutor.doExecute(TestCaseExecutor.java:285)
	at com.kms.katalon.core.main.TestCaseExecutor.processExecutionPhase(TestCaseExecutor.java:264)
	at com.kms.katalon.core.main.TestCaseExecutor.accessMainPhase(TestCaseExecutor.java:256)
	at com.kms.katalon.core.main.TestCaseExecutor.execute(TestCaseExecutor.java:200)
	at com.kms.katalon.core.main.TestSuiteExecutor.accessTestCaseMainPhase(TestSuiteExecutor.java:129)
	at com.kms.katalon.core.main.TestSuiteExecutor.accessTestSuiteMainPhase(TestSuiteExecutor.java:112)
	at com.kms.katalon.core.main.TestSuiteExecutor.execute(TestSuiteExecutor.java:81)
	at com.kms.katalon.core.main.TestCaseMain.startTestSuite(TestCaseMain.java:142)
	at com.kms.katalon.core.main.TestCaseMain$startTestSuite$0.call(Unknown Source)
	at org.codehaus.groovy.runtime.callsite.CallSiteArray.defaultCall(CallSiteArray.java:48)
	at org.codehaus.groovy.runtime.callsite.AbstractCallSite.call(AbstractCallSite.java:113)
	at org.codehaus.groovy.runtime.callsite.AbstractCallSite.call(AbstractCallSite.java:141)
	at TempTestSuite1542322598346.run(TempTestSuite1542322598346.groovy:36)
	at groovy.lang.GroovyShell.runScriptOrMainOrTestOrRunnable(GroovyShell.java:263)
	at groovy.lang.GroovyShell.run(GroovyShell.java:518)
	at groovy.lang.GroovyShell.run(GroovyShell.java:507)
	at groovy.ui.GroovyMain.processOnce(GroovyMain.java:653)
	at groovy.ui.GroovyMain.run(GroovyMain.java:384)
	at groovy.ui.GroovyMain.process(GroovyMain.java:370)
	at groovy.ui.GroovyMain.processArgs(GroovyMain.java:129)
	at groovy.ui.GroovyMain.main(GroovyMain.java:109)
	at sun.reflect.NativeMethodAccessorImpl.invoke0(Native Method)
	at sun.reflect.NativeMethodAccessorImpl.invoke(NativeMethodAccessorImpl.java:62)
	at sun.reflect.DelegatingMethodAccessorImpl.invoke(DelegatingMethodAccessorImpl.java:43)
	at java.lang.reflect.Method.invoke(Method.java:498)
	at org.codehaus.groovy.tools.GroovyStarter.rootLoader(GroovyStarter.java:109)
	at org.codehaus.groovy.tools.GroovyStarter.main(GroovyStarter.java:131)
)

2018-11-15 17:03:53 - [TEST_STEP][PASSED] - openBrowser: Browser is opened with url: ''

2018-11-15 17:03:53 - [MESSAGE][WARNING] - A browser is already opened. Closing browser and opening a new one

2018-11-15 17:03:54 - [MESSAGE][PASSED] - Browser is opened with url: ''

2018-11-15 17:03:54 - [TEST_STEP][PASSED] - navigateToUrl: Navigate to 'https://epulsedev2.com' successfully

2018-11-15 17:03:55 - [MESSAGE][PASSED] - Navigate to 'https://epulsedev2.com' successfully

2018-11-15 17:03:55 - [TEST_STEP][PASSED] - setText: Text 'alonzo.mack@knowink.com' is set on object 'Object Repository/Login/Email Address'

2018-11-15 17:03:56 - [MESSAGE][PASSED] - Text 'alonzo.mack@knowink.com' is set on object 'Object Repository/Login/Email Address'

2018-11-15 17:03:56 - [TEST_STEP][PASSED] - setEncryptedText: Text ****** has been set on object 'Object Repository/Login/Password'

2018-11-15 17:03:56 - [MESSAGE][PASSED] - Text ****** has been set on object 'Object Repository/Login/Password'

2018-11-15 17:03:56 - [TEST_STEP][PASSED] - click: Object: 'Object Repository/Login/Sign In' is clicked on

2018-11-15 17:03:57 - [MESSAGE][PASSED] - Object: 'Object Repository/Login/Sign In' is clicked on

2018-11-15 17:03:57 - [TEST_STEP][PASSED] - delay: Delayed 1 second(s)

2018-11-15 17:03:58 - [MESSAGE][PASSED] - Delayed 1 second(s)

2018-11-15 17:03:58 - [TEST_STEP][PASSED] - navigateToUrl: Navigate to 'https://am-Automation-test.epulsedev2.com/prompts' successfully

2018-11-15 17:03:59 - [MESSAGE][PASSED] - Navigate to 'https://am-Automation-test.epulsedev2.com/prompts' successfully

2018-11-15 17:03:59 - [TEST_STEP][PASSED] - delay: Delayed 1 second(s)

2018-11-15 17:04:00 - [MESSAGE][PASSED] - Delayed 1 second(s)

2018-11-15 17:04:00 - [TEST_STEP][FAILED] - click: Unable to click on object (Root cause: java.lang.IllegalArgumentException: Object is null)

2018-11-15 17:04:00 - [MESSAGE][WARNING] - Test object with id 'Object Repository/null' does not exist

2018-11-15 17:04:00 - [MESSAGE][WARNING] - Test object with id 'Object Repository/' does not exist

2018-11-15 17:04:00 - [MESSAGE][FAILED] - Unable to click on object (Root cause: java.lang.IllegalArgumentException: Object is null)
[[ATTACHMENT|/Users/alonzomack/Katalon Studio/Regression/Reports/New Test Suite/20181115_165638/1542323040057.png]]]]></system-out>
         <system-err><![CDATA[2018-11-15 17:03:53 - [TEST_CASE][FAILED] - Test Cases/Admin Console/Account Settings/Prompts/Prompts - Add PollPad Config: Test Cases/Admin Console/Account Settings/Prompts/Prompts - Add PollPad Config FAILED because (of) (Stack trace: com.kms.katalon.core.exception.StepFailedException: Unable to click on object (Root cause: java.lang.IllegalArgumentException: Object is null)
	at com.kms.katalon.core.keyword.internal.KeywordMain.stepFailed(KeywordMain.groovy:36)
	at com.kms.katalon.core.webui.keyword.internal.WebUIKeywordMain.stepFailed(WebUIKeywordMain.groovy:65)
	at com.kms.katalon.core.webui.keyword.internal.WebUIKeywordMain.runKeyword(WebUIKeywordMain.groovy:27)
	at com.kms.katalon.core.webui.keyword.builtin.ClickKeyword.click(ClickKeyword.groovy:86)
	at com.kms.katalon.core.webui.keyword.builtin.ClickKeyword.execute(ClickKeyword.groovy:67)
	at com.kms.katalon.core.keyword.internal.KeywordExecutor.executeKeywordForPlatform(KeywordExecutor.groovy:53)
	at com.kms.katalon.core.webui.keyword.WebUiBuiltInKeywords.click(WebUiBuiltInKeywords.groovy:616)
	at com.kms.katalon.core.webui.keyword.WebUiBuiltInKeywords$click$3.call(Unknown Source)
	at org.codehaus.groovy.runtime.callsite.CallSiteArray.defaultCall(CallSiteArray.java:48)
	at org.codehaus.groovy.runtime.callsite.AbstractCallSite.call(AbstractCallSite.java:113)
	at org.codehaus.groovy.runtime.callsite.AbstractCallSite.call(AbstractCallSite.java:125)
	at Script1540925285860.run(Script1540925285860.groovy:37)
	at com.kms.katalon.core.main.ScriptEngine.run(ScriptEngine.java:183)
	at com.kms.katalon.core.main.ScriptEngine.runScriptAsRawText(ScriptEngine.java:108)
	at com.kms.katalon.core.main.TestCaseExecutor.runScript(TestCaseExecutor.java:294)
	at com.kms.katalon.core.main.TestCaseExecutor.doExecute(TestCaseExecutor.java:285)
	at com.kms.katalon.core.main.TestCaseExecutor.processExecutionPhase(TestCaseExecutor.java:264)
	at com.kms.katalon.core.main.TestCaseExecutor.accessMainPhase(TestCaseExecutor.java:256)
	at com.kms.katalon.core.main.TestCaseExecutor.execute(TestCaseExecutor.java:200)
	at com.kms.katalon.core.main.TestSuiteExecutor.accessTestCaseMainPhase(TestSuiteExecutor.java:129)
	at com.kms.katalon.core.main.TestSuiteExecutor.accessTestSuiteMainPhase(TestSuiteExecutor.java:112)
	at com.kms.katalon.core.main.TestSuiteExecutor.execute(TestSuiteExecutor.java:81)
	at com.kms.katalon.core.main.TestCaseMain.startTestSuite(TestCaseMain.java:142)
	at com.kms.katalon.core.main.TestCaseMain$startTestSuite$0.call(Unknown Source)
	at org.codehaus.groovy.runtime.callsite.CallSiteArray.defaultCall(CallSiteArray.java:48)
	at org.codehaus.groovy.runtime.callsite.AbstractCallSite.call(AbstractCallSite.java:113)
	at org.codehaus.groovy.runtime.callsite.AbstractCallSite.call(AbstractCallSite.java:141)
	at TempTestSuite1542322598346.run(TempTestSuite1542322598346.groovy:36)
	at groovy.lang.GroovyShell.runScriptOrMainOrTestOrRunnable(GroovyShell.java:263)
	at groovy.lang.GroovyShell.run(GroovyShell.java:518)
	at groovy.lang.GroovyShell.run(GroovyShell.java:507)
	at groovy.ui.GroovyMain.processOnce(GroovyMain.java:653)
	at groovy.ui.GroovyMain.run(GroovyMain.java:384)
	at groovy.ui.GroovyMain.process(GroovyMain.java:370)
	at groovy.ui.GroovyMain.processArgs(GroovyMain.java:129)
	at groovy.ui.GroovyMain.main(GroovyMain.java:109)
	at sun.reflect.NativeMethodAccessorImpl.invoke0(Native Method)
	at sun.reflect.NativeMethodAccessorImpl.invoke(NativeMethodAccessorImpl.java:62)
	at sun.reflect.DelegatingMethodAccessorImpl.invoke(DelegatingMethodAccessorImpl.java:43)
	at java.lang.reflect.Method.invoke(Method.java:498)
	at org.codehaus.groovy.tools.GroovyStarter.rootLoader(GroovyStarter.java:109)
	at org.codehaus.groovy.tools.GroovyStarter.main(GroovyStarter.java:131)
)]]></system-err>
      </testcase>
      <testcase name="Test Cases/Admin Console/Account Settings/Prompts/Prompts - Buttons" classname="Test Cases/Admin Console/Account Settings/Prompts/Prompts - Buttons" status="PASSED">
         <system-out><![CDATA[2018-11-15 17:04:00 - [TEST_CASE][PASSED] - Test Cases/Admin Console/Account Settings/Prompts/Prompts - Buttons: Test Cases/Admin Console/Account Settings/Prompts/Prompts - Buttons

2018-11-15 17:04:00 - [TEST_STEP][PASSED] - openBrowser: Browser is opened with url: ''

2018-11-15 17:04:00 - [MESSAGE][WARNING] - A browser is already opened. Closing browser and opening a new one

2018-11-15 17:04:01 - [MESSAGE][PASSED] - Browser is opened with url: ''

2018-11-15 17:04:01 - [TEST_STEP][PASSED] - navigateToUrl: Navigate to 'https://epulsedev2.com' successfully

2018-11-15 17:04:02 - [MESSAGE][PASSED] - Navigate to 'https://epulsedev2.com' successfully

2018-11-15 17:04:02 - [TEST_STEP][PASSED] - setText: Text 'alonzo.mack@knowink.com' is set on object 'Object Repository/Login/Email Address'

2018-11-15 17:04:03 - [MESSAGE][PASSED] - Text 'alonzo.mack@knowink.com' is set on object 'Object Repository/Login/Email Address'

2018-11-15 17:04:03 - [TEST_STEP][PASSED] - setEncryptedText: Text ****** has been set on object 'Object Repository/Login/Password'

2018-11-15 17:04:03 - [MESSAGE][PASSED] - Text ****** has been set on object 'Object Repository/Login/Password'

2018-11-15 17:04:03 - [TEST_STEP][PASSED] - click: Object: 'Object Repository/Login/Sign In' is clicked on

2018-11-15 17:04:04 - [MESSAGE][PASSED] - Object: 'Object Repository/Login/Sign In' is clicked on

2018-11-15 17:04:04 - [TEST_STEP][PASSED] - delay: Delayed 1 second(s)

2018-11-15 17:04:05 - [MESSAGE][PASSED] - Delayed 1 second(s)

2018-11-15 17:04:05 - [TEST_STEP][PASSED] - navigateToUrl: Navigate to 'https://am-Automation-test.epulsedev2.com/prompts' successfully

2018-11-15 17:04:06 - [MESSAGE][PASSED] - Navigate to 'https://am-Automation-test.epulsedev2.com/prompts' successfully

2018-11-15 17:04:06 - [TEST_STEP][PASSED] - delay: Delayed 1 second(s)

2018-11-15 17:04:07 - [MESSAGE][PASSED] - Delayed 1 second(s)

2018-11-15 17:04:07 - [TEST_STEP][PASSED] - click: Object: 'Object Repository/Admin Console ePulse Menu/Account Settings/Prompts/Add_BUTTON_To_Prompt' is clicked on

2018-11-15 17:04:07 - [MESSAGE][PASSED] - Object: 'Object Repository/Admin Console ePulse Menu/Account Settings/Prompts/Add_BUTTON_To_Prompt' is clicked on

2018-11-15 17:04:07 - [TEST_STEP][PASSED] - delay: Delayed 1 second(s)

2018-11-15 17:04:08 - [MESSAGE][PASSED] - Delayed 1 second(s)

2018-11-15 17:04:08 - [TEST_STEP][PASSED] - setText: Text 'test' is set on object 'Object Repository/Admin Console ePulse Menu/Account Settings/Prompts/Prompt Button Modal/Input Button Label'

2018-11-15 17:04:08 - [MESSAGE][PASSED] - Text 'test' is set on object 'Object Repository/Admin Console ePulse Menu/Account Settings/Prompts/Prompt Button Modal/Input Button Label'

2018-11-15 17:04:08 - [TEST_STEP][PASSED] - delay: Delayed 1 second(s)

2018-11-15 17:04:09 - [MESSAGE][PASSED] - Delayed 1 second(s)

2018-11-15 17:04:09 - [TEST_STEP][PASSED] - selectOptionByValue: All options with value '0' are selected in object 'Object Repository/Admin Console ePulse Menu/Account Settings/Prompts/Prompt Button Modal/Select Button Type Dropdown'  using regular expression

2018-11-15 17:04:09 - [MESSAGE][PASSED] - All options with value '0' are selected in object 'Object Repository/Admin Console ePulse Menu/Account Settings/Prompts/Prompt Button Modal/Select Button Type Dropdown'  using regular expression

2018-11-15 17:04:09 - [TEST_STEP][PASSED] - delay: Delayed 1 second(s)

2018-11-15 17:04:10 - [MESSAGE][PASSED] - Delayed 1 second(s)

2018-11-15 17:04:10 - [TEST_STEP][PASSED] - click: Object: 'Object Repository/Admin Console ePulse Menu/Account Settings/Prompts/Prompt Button Modal/Add New Button(plus sign)' is clicked on

2018-11-15 17:04:10 - [MESSAGE][PASSED] - Object: 'Object Repository/Admin Console ePulse Menu/Account Settings/Prompts/Prompt Button Modal/Add New Button(plus sign)' is clicked on

2018-11-15 17:04:10 - [TEST_STEP][PASSED] - delay: Delayed 1 second(s)

2018-11-15 17:04:11 - [MESSAGE][PASSED] - Delayed 1 second(s)

2018-11-15 17:04:11 - [TEST_STEP][PASSED] - setText: Text 'test1' is set on object 'Object Repository/Admin Console ePulse Menu/Account Settings/Prompts/Prompt Button Modal/Input Button Label'

2018-11-15 17:04:11 - [MESSAGE][PASSED] - Text 'test1' is set on object 'Object Repository/Admin Console ePulse Menu/Account Settings/Prompts/Prompt Button Modal/Input Button Label'

2018-11-15 17:04:11 - [TEST_STEP][PASSED] - delay: Delayed 1 second(s)

2018-11-15 17:04:12 - [MESSAGE][PASSED] - Delayed 1 second(s)

2018-11-15 17:04:12 - [TEST_STEP][PASSED] - selectOptionByValue: All options with value '1' are selected in object 'Object Repository/Admin Console ePulse Menu/Account Settings/Prompts/Prompt Button Modal/Select Button Type Dropdown'  using regular expression

2018-11-15 17:04:12 - [MESSAGE][PASSED] - All options with value '1' are selected in object 'Object Repository/Admin Console ePulse Menu/Account Settings/Prompts/Prompt Button Modal/Select Button Type Dropdown'  using regular expression

2018-11-15 17:04:12 - [TEST_STEP][PASSED] - setText: Text 'Allow to vote' is set on object 'Object Repository/Admin Console ePulse Menu/Account Settings/Prompts/Prompt Button Modal/Page_Epulse  am-Automation-test  Pr/Prompt Button Value'

2018-11-15 17:04:13 - [MESSAGE][PASSED] - Text 'Allow to vote' is set on object 'Object Repository/Admin Console ePulse Menu/Account Settings/Prompts/Prompt Button Modal/Page_Epulse  am-Automation-test  Pr/Prompt Button Value'

2018-11-15 17:04:13 - [TEST_STEP][PASSED] - delay: Delayed 1 second(s)

2018-11-15 17:04:14 - [MESSAGE][PASSED] - Delayed 1 second(s)

2018-11-15 17:04:14 - [TEST_STEP][PASSED] - click: Object: 'Object Repository/Admin Console ePulse Menu/Account Settings/Prompts/Prompt Button Modal/Add New Button(plus sign)' is clicked on

2018-11-15 17:04:14 - [MESSAGE][PASSED] - Object: 'Object Repository/Admin Console ePulse Menu/Account Settings/Prompts/Prompt Button Modal/Add New Button(plus sign)' is clicked on

2018-11-15 17:04:14 - [TEST_STEP][PASSED] - delay: Delayed 1 second(s)

2018-11-15 17:04:15 - [MESSAGE][PASSED] - Delayed 1 second(s)

2018-11-15 17:04:15 - [TEST_STEP][PASSED] - setText: Text 'test3' is set on object 'Object Repository/Admin Console ePulse Menu/Account Settings/Prompts/Prompt Button Modal/Input Button Label'

2018-11-15 17:04:15 - [MESSAGE][PASSED] - Text 'test3' is set on object 'Object Repository/Admin Console ePulse Menu/Account Settings/Prompts/Prompt Button Modal/Input Button Label'

2018-11-15 17:04:15 - [TEST_STEP][PASSED] - delay: Delayed 1 second(s)

2018-11-15 17:04:16 - [MESSAGE][PASSED] - Delayed 1 second(s)

2018-11-15 17:04:16 - [TEST_STEP][PASSED] - selectOptionByValue: All options with value '2' are selected in object 'Object Repository/Admin Console ePulse Menu/Account Settings/Prompts/Prompt Button Modal/Select Button Type Dropdown'  using regular expression

2018-11-15 17:04:16 - [MESSAGE][PASSED] - All options with value '2' are selected in object 'Object Repository/Admin Console ePulse Menu/Account Settings/Prompts/Prompt Button Modal/Select Button Type Dropdown'  using regular expression

2018-11-15 17:04:16 - [TEST_STEP][PASSED] - delay: Delayed 1 second(s)

2018-11-15 17:04:17 - [MESSAGE][PASSED] - Delayed 1 second(s)

2018-11-15 17:04:17 - [TEST_STEP][PASSED] - setText: Text 'asdf' is set on object 'Object Repository/Admin Console ePulse Menu/Account Settings/Prompts/Prompt Button Modal/Page_Epulse  am-Automation-test  Pr/Prompt Button Value'

2018-11-15 17:04:17 - [MESSAGE][PASSED] - Text 'asdf' is set on object 'Object Repository/Admin Console ePulse Menu/Account Settings/Prompts/Prompt Button Modal/Page_Epulse  am-Automation-test  Pr/Prompt Button Value'

2018-11-15 17:04:17 - [TEST_STEP][PASSED] - delay: Delayed 1 second(s)

2018-11-15 17:04:18 - [MESSAGE][PASSED] - Delayed 1 second(s)

2018-11-15 17:04:18 - [TEST_STEP][PASSED] - click: Object: 'Object Repository/Admin Console ePulse Menu/Account Settings/Prompts/Prompt Button Modal/Add New Button(plus sign)' is clicked on

2018-11-15 17:04:18 - [MESSAGE][PASSED] - Object: 'Object Repository/Admin Console ePulse Menu/Account Settings/Prompts/Prompt Button Modal/Add New Button(plus sign)' is clicked on

2018-11-15 17:04:18 - [TEST_STEP][PASSED] - delay: Delayed 1 second(s)

2018-11-15 17:04:19 - [MESSAGE][PASSED] - Delayed 1 second(s)

2018-11-15 17:04:19 - [TEST_STEP][PASSED] - setText: Text 'test2' is set on object 'Object Repository/Admin Console ePulse Menu/Account Settings/Prompts/Prompt Button Modal/Input Button Label'

2018-11-15 17:04:19 - [MESSAGE][PASSED] - Text 'test2' is set on object 'Object Repository/Admin Console ePulse Menu/Account Settings/Prompts/Prompt Button Modal/Input Button Label'

2018-11-15 17:04:19 - [TEST_STEP][PASSED] - delay: Delayed 1 second(s)

2018-11-15 17:04:20 - [MESSAGE][PASSED] - Delayed 1 second(s)

2018-11-15 17:04:20 - [TEST_STEP][PASSED] - selectOptionByValue: All options with value '3' are selected in object 'Object Repository/Admin Console ePulse Menu/Account Settings/Prompts/Prompt Button Modal/Select Button Type Dropdown'  using regular expression

2018-11-15 17:04:20 - [MESSAGE][PASSED] - All options with value '3' are selected in object 'Object Repository/Admin Console ePulse Menu/Account Settings/Prompts/Prompt Button Modal/Select Button Type Dropdown'  using regular expression

2018-11-15 17:04:20 - [TEST_STEP][PASSED] - delay: Delayed 1 second(s)

2018-11-15 17:04:21 - [MESSAGE][PASSED] - Delayed 1 second(s)

2018-11-15 17:04:21 - [TEST_STEP][PASSED] - setText: Text 'test4' is set on object 'Object Repository/Admin Console ePulse Menu/Account Settings/Prompts/Prompt Button Modal/Input Button Label'

2018-11-15 17:04:21 - [MESSAGE][PASSED] - Text 'test4' is set on object 'Object Repository/Admin Console ePulse Menu/Account Settings/Prompts/Prompt Button Modal/Input Button Label'

2018-11-15 17:04:21 - [TEST_STEP][PASSED] - delay: Delayed 1 second(s)

2018-11-15 17:04:22 - [MESSAGE][PASSED] - Delayed 1 second(s)

2018-11-15 17:04:22 - [TEST_STEP][PASSED] - selectOptionByValue: All options with value '4' are selected in object 'Object Repository/Admin Console ePulse Menu/Account Settings/Prompts/Prompt Button Modal/Select Button Type Dropdown'  using regular expression

2018-11-15 17:04:22 - [MESSAGE][PASSED] - All options with value '4' are selected in object 'Object Repository/Admin Console ePulse Menu/Account Settings/Prompts/Prompt Button Modal/Select Button Type Dropdown'  using regular expression

2018-11-15 17:04:22 - [TEST_STEP][PASSED] - delay: Delayed 1 second(s)

2018-11-15 17:04:23 - [MESSAGE][PASSED] - Delayed 1 second(s)

2018-11-15 17:04:23 - [TEST_STEP][PASSED] - click: Object: 'Object Repository/Admin Console ePulse Menu/Account Settings/Prompts/Prompt Button Modal/Add New Button(plus sign)' is clicked on

2018-11-15 17:04:24 - [MESSAGE][PASSED] - Object: 'Object Repository/Admin Console ePulse Menu/Account Settings/Prompts/Prompt Button Modal/Add New Button(plus sign)' is clicked on

2018-11-15 17:04:24 - [TEST_STEP][PASSED] - delay: Delayed 1 second(s)

2018-11-15 17:04:25 - [MESSAGE][PASSED] - Delayed 1 second(s)

2018-11-15 17:04:25 - [TEST_STEP][PASSED] - setText: Text 'test5' is set on object 'Object Repository/Admin Console ePulse Menu/Account Settings/Prompts/Prompt Button Modal/Input Button Label'

2018-11-15 17:04:25 - [MESSAGE][PASSED] - Text 'test5' is set on object 'Object Repository/Admin Console ePulse Menu/Account Settings/Prompts/Prompt Button Modal/Input Button Label'

2018-11-15 17:04:25 - [TEST_STEP][PASSED] - delay: Delayed 1 second(s)

2018-11-15 17:04:26 - [MESSAGE][PASSED] - Delayed 1 second(s)

2018-11-15 17:04:26 - [TEST_STEP][PASSED] - selectOptionByValue: All options with value '5' are selected in object 'Object Repository/Admin Console ePulse Menu/Account Settings/Prompts/Prompt Button Modal/Select Button Type Dropdown'  using regular expression

2018-11-15 17:04:26 - [MESSAGE][PASSED] - All options with value '5' are selected in object 'Object Repository/Admin Console ePulse Menu/Account Settings/Prompts/Prompt Button Modal/Select Button Type Dropdown'  using regular expression

2018-11-15 17:04:26 - [TEST_STEP][PASSED] - delay: Delayed 1 second(s)

2018-11-15 17:04:27 - [MESSAGE][PASSED] - Delayed 1 second(s)

2018-11-15 17:04:27 - [TEST_STEP][PASSED] - click: Object: 'Object Repository/Admin Console ePulse Menu/Account Settings/Prompts/Prompt Button Modal/Add New Button(plus sign)' is clicked on

2018-11-15 17:04:27 - [MESSAGE][PASSED] - Object: 'Object Repository/Admin Console ePulse Menu/Account Settings/Prompts/Prompt Button Modal/Add New Button(plus sign)' is clicked on

2018-11-15 17:04:27 - [TEST_STEP][PASSED] - delay: Delayed 1 second(s)

2018-11-15 17:04:28 - [MESSAGE][PASSED] - Delayed 1 second(s)

2018-11-15 17:04:28 - [TEST_STEP][PASSED] - click: Object: 'Object Repository/Admin Console ePulse Menu/Account Settings/Prompts/Prompt Button Modal/Close Button' is clicked on

2018-11-15 17:04:28 - [MESSAGE][PASSED] - Object: 'Object Repository/Admin Console ePulse Menu/Account Settings/Prompts/Prompt Button Modal/Close Button' is clicked on

2018-11-15 17:04:28 - [TEST_STEP][PASSED] - delay: Delayed 1 second(s)

2018-11-15 17:04:29 - [MESSAGE][PASSED] - Delayed 1 second(s)

2018-11-15 17:04:29 - [TEST_STEP][PASSED] - closeBrowser: Browser is closed

2018-11-15 17:04:29 - [MESSAGE][PASSED] - Browser is closed]]></system-out>
         <system-err><![CDATA[]]></system-err>
      </testcase>
      <testcase name="Test Cases/Admin Console/Account Settings/Prompts/Prompts - Add" classname="Test Cases/Admin Console/Account Settings/Prompts/Prompts - Add" status="PASSED">
         <system-out><![CDATA[2018-11-15 17:04:29 - [TEST_CASE][PASSED] - Test Cases/Admin Console/Account Settings/Prompts/Prompts - Add: Test Cases/Admin Console/Account Settings/Prompts/Prompts - Add

2018-11-15 17:04:29 - [TEST_STEP][PASSED] - openBrowser: Browser is opened with url: ''

2018-11-15 17:04:30 - [MESSAGE][PASSED] - Browser is opened with url: ''

2018-11-15 17:04:30 - [TEST_STEP][PASSED] - navigateToUrl: Navigate to 'https://epulsedev2.com' successfully

2018-11-15 17:04:32 - [MESSAGE][PASSED] - Navigate to 'https://epulsedev2.com' successfully

2018-11-15 17:04:32 - [TEST_STEP][PASSED] - setText: Text 'alonzo.mack@knowink.com' is set on object 'Object Repository/Login/Email Address'

2018-11-15 17:04:32 - [MESSAGE][PASSED] - Text 'alonzo.mack@knowink.com' is set on object 'Object Repository/Login/Email Address'

2018-11-15 17:04:32 - [TEST_STEP][PASSED] - setEncryptedText: Text ****** has been set on object 'Object Repository/Login/Password'

2018-11-15 17:04:32 - [MESSAGE][PASSED] - Text ****** has been set on object 'Object Repository/Login/Password'

2018-11-15 17:04:32 - [TEST_STEP][PASSED] - click: Object: 'Object Repository/Login/Sign In' is clicked on

2018-11-15 17:04:33 - [MESSAGE][PASSED] - Object: 'Object Repository/Login/Sign In' is clicked on

2018-11-15 17:04:33 - [TEST_STEP][PASSED] - delay: Delayed 1 second(s)

2018-11-15 17:04:34 - [MESSAGE][PASSED] - Delayed 1 second(s)

2018-11-15 17:04:34 - [TEST_STEP][PASSED] - navigateToUrl: Navigate to 'https://am-Automation-test.epulsedev2.com/prompts' successfully

2018-11-15 17:04:35 - [MESSAGE][PASSED] - Navigate to 'https://am-Automation-test.epulsedev2.com/prompts' successfully

2018-11-15 17:04:35 - [TEST_STEP][PASSED] - delay: Delayed 1 second(s)

2018-11-15 17:04:36 - [MESSAGE][PASSED] - Delayed 1 second(s)

2018-11-15 17:04:36 - [TEST_STEP][PASSED] - click: Object: 'Object Repository/Admin Console ePulse Menu/Account Settings/Prompts/Create_New_Prompt_Button' is clicked on

2018-11-15 17:04:36 - [MESSAGE][PASSED] - Object: 'Object Repository/Admin Console ePulse Menu/Account Settings/Prompts/Create_New_Prompt_Button' is clicked on

2018-11-15 17:04:36 - [TEST_STEP][PASSED] - setText: Text 'Test Prompt' is set on object 'Object Repository/Admin Console ePulse Menu/Account Settings/Prompts/Add_Edit Prompt Modal/Name'

2018-11-15 17:04:36 - [MESSAGE][PASSED] - Text 'Test Prompt' is set on object 'Object Repository/Admin Console ePulse Menu/Account Settings/Prompts/Add_Edit Prompt Modal/Name'

2018-11-15 17:04:36 - [TEST_STEP][PASSED] - setText: Text 'Prompt' is set on object 'Object Repository/Admin Console ePulse Menu/Account Settings/Prompts/Add_Edit Prompt Modal/Heading'

2018-11-15 17:04:36 - [MESSAGE][PASSED] - Text 'Prompt' is set on object 'Object Repository/Admin Console ePulse Menu/Account Settings/Prompts/Add_Edit Prompt Modal/Heading'

2018-11-15 17:04:36 - [TEST_STEP][PASSED] - selectOptionByValue: All options with value '0' are selected in object 'Object Repository/Admin Console ePulse Menu/Account Settings/Prompts/Add_Edit Prompt Modal/Select Color'  using regular expression

2018-11-15 17:04:36 - [MESSAGE][PASSED] - All options with value '0' are selected in object 'Object Repository/Admin Console ePulse Menu/Account Settings/Prompts/Add_Edit Prompt Modal/Select Color'  using regular expression

2018-11-15 17:04:36 - [TEST_STEP][PASSED] - setText: Text '1' is set on object 'Object Repository/Admin Console ePulse Menu/Account Settings/Prompts/Add_Edit Prompt Modal/Order'

2018-11-15 17:04:36 - [MESSAGE][PASSED] - Text '1' is set on object 'Object Repository/Admin Console ePulse Menu/Account Settings/Prompts/Add_Edit Prompt Modal/Order'

2018-11-15 17:04:36 - [TEST_STEP][PASSED] - setText: Text 'Prompt' is set on object 'Object Repository/Admin Console ePulse Menu/Account Settings/Prompts/Add_Edit Prompt Modal/Field Label'

2018-11-15 17:04:36 - [MESSAGE][PASSED] - Text 'Prompt' is set on object 'Object Repository/Admin Console ePulse Menu/Account Settings/Prompts/Add_Edit Prompt Modal/Field Label'

2018-11-15 17:04:36 - [TEST_STEP][PASSED] - setText: Text 'Prompt' is set on object 'Object Repository/Admin Console ePulse Menu/Account Settings/Prompts/Add_Edit Prompt Modal/Field Name'

2018-11-15 17:04:37 - [MESSAGE][PASSED] - Text 'Prompt' is set on object 'Object Repository/Admin Console ePulse Menu/Account Settings/Prompts/Add_Edit Prompt Modal/Field Name'

2018-11-15 17:04:37 - [TEST_STEP][PASSED] - click: Object: 'Object Repository/Admin Console ePulse Menu/Account Settings/Prompts/Add_Edit Prompt Modal/Show Voter Info_slider' is clicked on

2018-11-15 17:04:37 - [MESSAGE][PASSED] - Object: 'Object Repository/Admin Console ePulse Menu/Account Settings/Prompts/Add_Edit Prompt Modal/Show Voter Info_slider' is clicked on

2018-11-15 17:04:37 - [TEST_STEP][PASSED] - click: Object: 'Object Repository/Admin Console ePulse Menu/Account Settings/Prompts/Add_Edit Prompt Modal/Show DOB Field_slider' is clicked on

2018-11-15 17:04:37 - [MESSAGE][PASSED] - Object: 'Object Repository/Admin Console ePulse Menu/Account Settings/Prompts/Add_Edit Prompt Modal/Show DOB Field_slider' is clicked on

2018-11-15 17:04:37 - [TEST_STEP][PASSED] - setText: Text 'Test Prompt' is set on object 'Object Repository/Admin Console ePulse Menu/Account Settings/Prompts/Add_Edit Prompt Modal/Instructions textarea '

2018-11-15 17:04:37 - [MESSAGE][PASSED] - Text 'Test Prompt' is set on object 'Object Repository/Admin Console ePulse Menu/Account Settings/Prompts/Add_Edit Prompt Modal/Instructions textarea '

2018-11-15 17:04:37 - [TEST_STEP][PASSED] - click: Object: 'Object Repository/Admin Console ePulse Menu/Account Settings/Prompts/Add_Edit Prompt Modal/Submit' is clicked on

2018-11-15 17:04:37 - [MESSAGE][PASSED] - Object: 'Object Repository/Admin Console ePulse Menu/Account Settings/Prompts/Add_Edit Prompt Modal/Submit' is clicked on

2018-11-15 17:04:37 - [TEST_STEP][PASSED] - delay: Delayed 2 second(s)

2018-11-15 17:04:39 - [MESSAGE][PASSED] - Delayed 2 second(s)

2018-11-15 17:04:39 - [TEST_STEP][PASSED] - closeBrowser: Browser is closed

2018-11-15 17:04:39 - [MESSAGE][PASSED] - Browser is closed]]></system-out>
         <system-err><![CDATA[]]></system-err>
      </testcase>
      <testcase name="Test Cases/Admin Console/Account Settings/Prompts/Prompts - Edit" classname="Test Cases/Admin Console/Account Settings/Prompts/Prompts - Edit" status="PASSED">
         <system-out><![CDATA[2018-11-15 17:04:39 - [TEST_CASE][PASSED] - Test Cases/Admin Console/Account Settings/Prompts/Prompts - Edit: Test Cases/Admin Console/Account Settings/Prompts/Prompts - Edit

2018-11-15 17:04:39 - [TEST_STEP][PASSED] - openBrowser: Browser is opened with url: ''

2018-11-15 17:04:40 - [MESSAGE][PASSED] - Browser is opened with url: ''

2018-11-15 17:04:40 - [TEST_STEP][PASSED] - navigateToUrl: Navigate to 'https://epulsedev2.com' successfully

2018-11-15 17:04:42 - [MESSAGE][PASSED] - Navigate to 'https://epulsedev2.com' successfully

2018-11-15 17:04:42 - [TEST_STEP][PASSED] - setText: Text 'alonzo.mack@knowink.com' is set on object 'Object Repository/Login/Email Address'

2018-11-15 17:04:42 - [MESSAGE][PASSED] - Text 'alonzo.mack@knowink.com' is set on object 'Object Repository/Login/Email Address'

2018-11-15 17:04:42 - [TEST_STEP][PASSED] - setEncryptedText: Text ****** has been set on object 'Object Repository/Login/Password'

2018-11-15 17:04:42 - [MESSAGE][PASSED] - Text ****** has been set on object 'Object Repository/Login/Password'

2018-11-15 17:04:42 - [TEST_STEP][PASSED] - click: Object: 'Object Repository/Login/Sign In' is clicked on

2018-11-15 17:04:43 - [MESSAGE][PASSED] - Object: 'Object Repository/Login/Sign In' is clicked on

2018-11-15 17:04:43 - [TEST_STEP][PASSED] - delay: Delayed 1 second(s)

2018-11-15 17:04:44 - [MESSAGE][PASSED] - Delayed 1 second(s)

2018-11-15 17:04:44 - [TEST_STEP][PASSED] - navigateToUrl: Navigate to 'https://am-Automation-test.epulsedev2.com/prompts' successfully

2018-11-15 17:04:45 - [MESSAGE][PASSED] - Navigate to 'https://am-Automation-test.epulsedev2.com/prompts' successfully

2018-11-15 17:04:45 - [TEST_STEP][PASSED] - delay: Delayed 1 second(s)

2018-11-15 17:04:46 - [MESSAGE][PASSED] - Delayed 1 second(s)

2018-11-15 17:04:46 - [TEST_STEP][PASSED] - click: Object: 'Object Repository/Admin Console ePulse Menu/Account Settings/Prompts/Edit Prompt' is clicked on

2018-11-15 17:04:46 - [MESSAGE][PASSED] - Object: 'Object Repository/Admin Console ePulse Menu/Account Settings/Prompts/Edit Prompt' is clicked on

2018-11-15 17:04:46 - [TEST_STEP][PASSED] - delay: Delayed 2 second(s)

2018-11-15 17:04:48 - [MESSAGE][PASSED] - Delayed 2 second(s)

2018-11-15 17:04:48 - [TEST_STEP][PASSED] - setText: Text 'Test Prompt Test' is set on object 'Object Repository/Admin Console ePulse Menu/Account Settings/Prompts/Add_Edit Prompt Modal/Name'

2018-11-15 17:04:48 - [MESSAGE][PASSED] - Text 'Test Prompt Test' is set on object 'Object Repository/Admin Console ePulse Menu/Account Settings/Prompts/Add_Edit Prompt Modal/Name'

2018-11-15 17:04:48 - [TEST_STEP][PASSED] - delay: Delayed 2 second(s)

2018-11-15 17:04:50 - [MESSAGE][PASSED] - Delayed 2 second(s)

2018-11-15 17:04:50 - [TEST_STEP][PASSED] - setText: Text 'Prompt Edit' is set on object 'Object Repository/Admin Console ePulse Menu/Account Settings/Prompts/Add_Edit Prompt Modal/Heading'

2018-11-15 17:04:50 - [MESSAGE][PASSED] - Text 'Prompt Edit' is set on object 'Object Repository/Admin Console ePulse Menu/Account Settings/Prompts/Add_Edit Prompt Modal/Heading'

2018-11-15 17:04:50 - [TEST_STEP][PASSED] - delay: Delayed 2 second(s)

2018-11-15 17:04:52 - [MESSAGE][PASSED] - Delayed 2 second(s)

2018-11-15 17:04:52 - [TEST_STEP][PASSED] - selectOptionByValue: All options with value '2' are selected in object 'Object Repository/Admin Console ePulse Menu/Account Settings/Prompts/Add_Edit Prompt Modal/Select Color'  using regular expression

2018-11-15 17:04:52 - [MESSAGE][PASSED] - All options with value '2' are selected in object 'Object Repository/Admin Console ePulse Menu/Account Settings/Prompts/Add_Edit Prompt Modal/Select Color'  using regular expression

2018-11-15 17:04:52 - [TEST_STEP][PASSED] - delay: Delayed 2 second(s)

2018-11-15 17:04:54 - [MESSAGE][PASSED] - Delayed 2 second(s)

2018-11-15 17:04:54 - [TEST_STEP][PASSED] - setText: Text '2' is set on object 'Object Repository/Admin Console ePulse Menu/Account Settings/Prompts/Add_Edit Prompt Modal/Order'

2018-11-15 17:04:55 - [MESSAGE][PASSED] - Text '2' is set on object 'Object Repository/Admin Console ePulse Menu/Account Settings/Prompts/Add_Edit Prompt Modal/Order'

2018-11-15 17:04:55 - [TEST_STEP][PASSED] - delay: Delayed 2 second(s)

2018-11-15 17:04:57 - [MESSAGE][PASSED] - Delayed 2 second(s)

2018-11-15 17:04:57 - [TEST_STEP][PASSED] - setText: Text 'Prompt Test' is set on object 'Object Repository/Admin Console ePulse Menu/Account Settings/Prompts/Add_Edit Prompt Modal/Field Label'

2018-11-15 17:04:57 - [MESSAGE][PASSED] - Text 'Prompt Test' is set on object 'Object Repository/Admin Console ePulse Menu/Account Settings/Prompts/Add_Edit Prompt Modal/Field Label'

2018-11-15 17:04:57 - [TEST_STEP][PASSED] - delay: Delayed 2 second(s)

2018-11-15 17:04:59 - [MESSAGE][PASSED] - Delayed 2 second(s)

2018-11-15 17:04:59 - [TEST_STEP][PASSED] - setText: Text 'prompt test' is set on object 'Object Repository/Admin Console ePulse Menu/Account Settings/Prompts/Add_Edit Prompt Modal/Field Name'

2018-11-15 17:04:59 - [MESSAGE][PASSED] - Text 'prompt test' is set on object 'Object Repository/Admin Console ePulse Menu/Account Settings/Prompts/Add_Edit Prompt Modal/Field Name'

2018-11-15 17:04:59 - [TEST_STEP][PASSED] - delay: Delayed 2 second(s)

2018-11-15 17:05:01 - [MESSAGE][PASSED] - Delayed 2 second(s)

2018-11-15 17:05:01 - [TEST_STEP][PASSED] - click: Object: 'Object Repository/Admin Console ePulse Menu/Account Settings/Prompts/Add_Edit Prompt Modal/Show Voter Info_slider' is clicked on

2018-11-15 17:05:01 - [MESSAGE][PASSED] - Object: 'Object Repository/Admin Console ePulse Menu/Account Settings/Prompts/Add_Edit Prompt Modal/Show Voter Info_slider' is clicked on

2018-11-15 17:05:01 - [TEST_STEP][PASSED] - delay: Delayed 2 second(s)

2018-11-15 17:05:03 - [MESSAGE][PASSED] - Delayed 2 second(s)

2018-11-15 17:05:03 - [TEST_STEP][PASSED] - click: Object: 'Object Repository/Admin Console ePulse Menu/Account Settings/Prompts/Add_Edit Prompt Modal/Show Text Field_slider' is clicked on

2018-11-15 17:05:03 - [MESSAGE][PASSED] - Object: 'Object Repository/Admin Console ePulse Menu/Account Settings/Prompts/Add_Edit Prompt Modal/Show Text Field_slider' is clicked on

2018-11-15 17:05:03 - [TEST_STEP][PASSED] - delay: Delayed 2 second(s)

2018-11-15 17:05:05 - [MESSAGE][PASSED] - Delayed 2 second(s)

2018-11-15 17:05:05 - [TEST_STEP][PASSED] - setText: Text 'Test Prompt2' is set on object 'Object Repository/Admin Console ePulse Menu/Account Settings/Prompts/Add_Edit Prompt Modal/Instructions textarea '

2018-11-15 17:05:05 - [MESSAGE][PASSED] - Text 'Test Prompt2' is set on object 'Object Repository/Admin Console ePulse Menu/Account Settings/Prompts/Add_Edit Prompt Modal/Instructions textarea '

2018-11-15 17:05:05 - [TEST_STEP][PASSED] - delay: Delayed 2 second(s)

2018-11-15 17:05:07 - [MESSAGE][PASSED] - Delayed 2 second(s)

2018-11-15 17:05:07 - [TEST_STEP][PASSED] - click: Object: 'Object Repository/Admin Console ePulse Menu/Account Settings/Prompts/Add_Edit Prompt Modal/Submit' is clicked on

2018-11-15 17:05:07 - [MESSAGE][PASSED] - Object: 'Object Repository/Admin Console ePulse Menu/Account Settings/Prompts/Add_Edit Prompt Modal/Submit' is clicked on

2018-11-15 17:05:07 - [TEST_STEP][PASSED] - delay: Delayed 2 second(s)

2018-11-15 17:05:09 - [MESSAGE][PASSED] - Delayed 2 second(s)

2018-11-15 17:05:09 - [TEST_STEP][PASSED] - closeBrowser: Browser is closed

2018-11-15 17:05:09 - [MESSAGE][PASSED] - Browser is closed]]></system-out>
         <system-err><![CDATA[]]></system-err>
      </testcase>
      <testcase name="Test Cases/Admin Console/Account Settings/Poll Pad Setup/Poll Pad Setup - Demo DB" classname="Test Cases/Admin Console/Account Settings/Poll Pad Setup/Poll Pad Setup - Demo DB" status="PASSED">
         <system-out><![CDATA[2018-11-15 17:05:09 - [TEST_CASE][PASSED] - Test Cases/Admin Console/Account Settings/Poll Pad Setup/Poll Pad Setup - Demo DB: Test Cases/Admin Console/Account Settings/Poll Pad Setup/Poll Pad Setup - Demo DB

2018-11-15 17:05:09 - [TEST_STEP][PASSED] - openBrowser: Browser is opened with url: ''

2018-11-15 17:05:10 - [MESSAGE][PASSED] - Browser is opened with url: ''

2018-11-15 17:05:10 - [TEST_STEP][PASSED] - navigateToUrl: Navigate to 'https://epulsedev2.com' successfully

2018-11-15 17:05:12 - [MESSAGE][PASSED] - Navigate to 'https://epulsedev2.com' successfully

2018-11-15 17:05:12 - [TEST_STEP][PASSED] - setText: Text 'alonzo.mack@knowink.com' is set on object 'Object Repository/Login/Email Address'

2018-11-15 17:05:12 - [MESSAGE][PASSED] - Text 'alonzo.mack@knowink.com' is set on object 'Object Repository/Login/Email Address'

2018-11-15 17:05:12 - [TEST_STEP][PASSED] - setEncryptedText: Text ****** has been set on object 'Object Repository/Login/Password'

2018-11-15 17:05:12 - [MESSAGE][PASSED] - Text ****** has been set on object 'Object Repository/Login/Password'

2018-11-15 17:05:12 - [TEST_STEP][PASSED] - click: Object: 'Object Repository/Login/Sign In' is clicked on

2018-11-15 17:05:13 - [MESSAGE][PASSED] - Object: 'Object Repository/Login/Sign In' is clicked on

2018-11-15 17:05:13 - [TEST_STEP][PASSED] - delay: Delayed 1 second(s)

2018-11-15 17:05:14 - [MESSAGE][PASSED] - Delayed 1 second(s)

2018-11-15 17:05:14 - [TEST_STEP][PASSED] - navigateToUrl: Navigate to 'https://am-automation-test.epulsedev2.com/account_settings/poll_pad' successfully

2018-11-15 17:05:15 - [MESSAGE][PASSED] - Navigate to 'https://am-automation-test.epulsedev2.com/account_settings/poll_pad' successfully

2018-11-15 17:05:15 - [TEST_STEP][PASSED] - click: Object: 'Object Repository/Admin Console ePulse Menu/Account Settings/Poll Pad Setup/Demo Db' is clicked on

2018-11-15 17:05:15 - [MESSAGE][PASSED] - Object: 'Object Repository/Admin Console ePulse Menu/Account Settings/Poll Pad Setup/Demo Db' is clicked on

2018-11-15 17:05:15 - [TEST_STEP][PASSED] - delay: Delayed 1 second(s)

2018-11-15 17:05:16 - [MESSAGE][PASSED] - Delayed 1 second(s)

2018-11-15 17:05:16 - [TEST_STEP][PASSED] - setText: Text 'Demo DB' is set on object 'Object Repository/Admin Console ePulse Menu/Account Settings/Poll Pad Setup/DEMO DB/Demo DB Name'

2018-11-15 17:05:16 - [MESSAGE][PASSED] - Text 'Demo DB' is set on object 'Object Repository/Admin Console ePulse Menu/Account Settings/Poll Pad Setup/DEMO DB/Demo DB Name'

2018-11-15 17:05:16 - [TEST_STEP][PASSED] - delay: Delayed 1 second(s)

2018-11-15 17:05:17 - [MESSAGE][PASSED] - Delayed 1 second(s)

2018-11-15 17:05:17 - [TEST_STEP][NOT_RUN] - selectOptionByValue: NOT_RUN: selectOptionByValue

2018-11-15 17:05:17 - [MESSAGE][NOT_RUN] - NOT_RUN: selectOptionByValue

2018-11-15 17:05:17 - [TEST_STEP][NOT_RUN] - selectOptionByIndex: NOT_RUN: selectOptionByIndex

2018-11-15 17:05:17 - [MESSAGE][NOT_RUN] - NOT_RUN: selectOptionByIndex

2018-11-15 17:05:17 - [TEST_STEP][PASSED] - click: Object: 'Object Repository/Admin Console ePulse Menu/Account Settings/Poll Pad Setup/DEMO DB/Create Demo DB button' is clicked on

2018-11-15 17:05:18 - [MESSAGE][PASSED] - Object: 'Object Repository/Admin Console ePulse Menu/Account Settings/Poll Pad Setup/DEMO DB/Create Demo DB button' is clicked on

2018-11-15 17:05:18 - [TEST_STEP][PASSED] - verifyTextPresent: Text 'Demo DB   processing...' is present on page  using regular expression

2018-11-15 17:05:18 - [MESSAGE][PASSED] - Text 'Demo DB   processing...' is present on page  using regular expression

2018-11-15 17:05:18 - [TEST_STEP][PASSED] - delay: Delayed 120 second(s)

2018-11-15 17:07:40 - [MESSAGE][PASSED] - Delayed 120 second(s)

2018-11-15 17:07:40 - [TEST_STEP][PASSED] - refresh: Refresh successfully

2018-11-15 17:07:42 - [MESSAGE][PASSED] - Refresh successfully

2018-11-15 17:07:42 - [TEST_STEP][PASSED] - verifyTextPresent: Text 'Demo DB   created on:' is present on page  using regular expression

2018-11-15 17:07:42 - [MESSAGE][PASSED] - Text 'Demo DB   created on:' is present on page  using regular expression

2018-11-15 17:07:42 - [TEST_STEP][PASSED] - delay: Delayed 1 second(s)

2018-11-15 17:07:43 - [MESSAGE][PASSED] - Delayed 1 second(s)

2018-11-15 17:07:43 - [TEST_STEP][PASSED] - closeBrowser: Browser is closed

2018-11-15 17:07:43 - [MESSAGE][PASSED] - Browser is closed]]></system-out>
         <system-err><![CDATA[]]></system-err>
      </testcase>
      <testcase name="Test Cases/Admin Console/Account Settings/Poll Pad Setup/Poll Pad Setup - ISYNC" classname="Test Cases/Admin Console/Account Settings/Poll Pad Setup/Poll Pad Setup - ISYNC" status="PASSED">
         <system-out><![CDATA[2018-11-15 17:07:43 - [TEST_CASE][PASSED] - Test Cases/Admin Console/Account Settings/Poll Pad Setup/Poll Pad Setup - ISYNC: Test Cases/Admin Console/Account Settings/Poll Pad Setup/Poll Pad Setup - ISYNC

2018-11-15 17:07:43 - [TEST_STEP][PASSED] - openBrowser: Browser is opened with url: ''

2018-11-15 17:07:44 - [MESSAGE][PASSED] - Browser is opened with url: ''

2018-11-15 17:07:44 - [TEST_STEP][PASSED] - navigateToUrl: Navigate to 'https://epulsedev2.com' successfully

2018-11-15 17:07:47 - [MESSAGE][PASSED] - Navigate to 'https://epulsedev2.com' successfully

2018-11-15 17:07:47 - [TEST_STEP][PASSED] - setText: Text 'alonzo.mack@knowink.com' is set on object 'Object Repository/Login/Email Address'

2018-11-15 17:07:48 - [MESSAGE][PASSED] - Text 'alonzo.mack@knowink.com' is set on object 'Object Repository/Login/Email Address'

2018-11-15 17:07:48 - [TEST_STEP][PASSED] - setEncryptedText: Text ****** has been set on object 'Object Repository/Login/Password'

2018-11-15 17:07:48 - [MESSAGE][PASSED] - Text ****** has been set on object 'Object Repository/Login/Password'

2018-11-15 17:07:48 - [TEST_STEP][PASSED] - click: Object: 'Object Repository/Login/Sign In' is clicked on

2018-11-15 17:07:50 - [MESSAGE][PASSED] - Object: 'Object Repository/Login/Sign In' is clicked on

2018-11-15 17:07:50 - [TEST_STEP][PASSED] - delay: Delayed 1 second(s)

2018-11-15 17:07:51 - [MESSAGE][PASSED] - Delayed 1 second(s)

2018-11-15 17:07:51 - [TEST_STEP][PASSED] - navigateToUrl: Navigate to 'https://am-automation-test.epulsedev2.com/account_settings/poll_pad' successfully

2018-11-15 17:07:53 - [MESSAGE][PASSED] - Navigate to 'https://am-automation-test.epulsedev2.com/account_settings/poll_pad' successfully

2018-11-15 17:07:53 - [TEST_STEP][PASSED] - click: Object: 'Object Repository/Admin Console ePulse Menu/Account Settings/Poll Pad Setup/Isync' is clicked on

2018-11-15 17:07:53 - [MESSAGE][PASSED] - Object: 'Object Repository/Admin Console ePulse Menu/Account Settings/Poll Pad Setup/Isync' is clicked on

2018-11-15 17:07:53 - [TEST_STEP][PASSED] - click: Object: 'Object Repository/Admin Console ePulse Menu/Account Settings/Poll Pad Setup/ISYNC/Generate New button' is clicked on

2018-11-15 17:07:53 - [MESSAGE][PASSED] - Object: 'Object Repository/Admin Console ePulse Menu/Account Settings/Poll Pad Setup/ISYNC/Generate New button' is clicked on

2018-11-15 17:07:53 - [TEST_STEP][PASSED] - delay: Delayed 10 second(s)

2018-11-15 17:08:03 - [MESSAGE][PASSED] - Delayed 10 second(s)

2018-11-15 17:08:03 - [TEST_STEP][PASSED] - click: Object: 'Object Repository/Admin Console ePulse Menu/Account Settings/Poll Pad Setup/ISYNC/DOWNLOAD' is clicked on

2018-11-15 17:08:04 - [MESSAGE][PASSED] - Object: 'Object Repository/Admin Console ePulse Menu/Account Settings/Poll Pad Setup/ISYNC/DOWNLOAD' is clicked on

2018-11-15 17:08:04 - [TEST_STEP][PASSED] - delay: Delayed 2 second(s)

2018-11-15 17:08:06 - [MESSAGE][PASSED] - Delayed 2 second(s)

2018-11-15 17:08:06 - [TEST_STEP][PASSED] - click: Object: 'Object Repository/Admin Console ePulse Menu/Account Settings/Poll Pad Setup/ISYNC/Delete Selected Download' is clicked on

2018-11-15 17:08:06 - [MESSAGE][PASSED] - Object: 'Object Repository/Admin Console ePulse Menu/Account Settings/Poll Pad Setup/ISYNC/Delete Selected Download' is clicked on

2018-11-15 17:08:06 - [TEST_STEP][PASSED] - acceptAlert: Alert accepted

2018-11-15 17:08:06 - [MESSAGE][PASSED] - Alert accepted

2018-11-15 17:08:06 - [TEST_STEP][PASSED] - delay: Delayed 1 second(s)

2018-11-15 17:08:07 - [MESSAGE][PASSED] - Delayed 1 second(s)

2018-11-15 17:08:07 - [TEST_STEP][PASSED] - closeBrowser: Browser is closed

2018-11-15 17:08:07 - [MESSAGE][PASSED] - Browser is closed]]></system-out>
         <system-err><![CDATA[]]></system-err>
      </testcase>
      <testcase name="Test Cases/Admin Console/Poll Pads/Poll Pad - Configuration/Poll Pad Configuration - Copy" classname="Test Cases/Admin Console/Poll Pads/Poll Pad - Configuration/Poll Pad Configuration - Copy" status="PASSED">
         <system-out><![CDATA[2018-11-15 17:08:07 - [TEST_CASE][PASSED] - Test Cases/Admin Console/Poll Pads/Poll Pad - Configuration/Poll Pad Configuration - Copy: Test Cases/Admin Console/Poll Pads/Poll Pad - Configuration/Poll Pad Configuration - Copy

2018-11-15 17:08:07 - [TEST_STEP][PASSED] - openBrowser: Browser is opened with url: ''

2018-11-15 17:08:09 - [MESSAGE][PASSED] - Browser is opened with url: ''

2018-11-15 17:08:09 - [TEST_STEP][PASSED] - navigateToUrl: Navigate to 'https://epulsedev2.com' successfully

2018-11-15 17:08:10 - [MESSAGE][PASSED] - Navigate to 'https://epulsedev2.com' successfully

2018-11-15 17:08:10 - [TEST_STEP][PASSED] - setText: Text 'alonzo.mack@knowink.com' is set on object 'Object Repository/Login/Email Address'

2018-11-15 17:08:10 - [MESSAGE][PASSED] - Text 'alonzo.mack@knowink.com' is set on object 'Object Repository/Login/Email Address'

2018-11-15 17:08:10 - [TEST_STEP][PASSED] - setEncryptedText: Text ****** has been set on object 'Object Repository/Login/Password'

2018-11-15 17:08:10 - [MESSAGE][PASSED] - Text ****** has been set on object 'Object Repository/Login/Password'

2018-11-15 17:08:10 - [TEST_STEP][PASSED] - click: Object: 'Object Repository/Login/Sign In' is clicked on

2018-11-15 17:08:11 - [MESSAGE][PASSED] - Object: 'Object Repository/Login/Sign In' is clicked on

2018-11-15 17:08:11 - [TEST_STEP][PASSED] - delay: Delayed 1 second(s)

2018-11-15 17:08:12 - [MESSAGE][PASSED] - Delayed 1 second(s)

2018-11-15 17:08:12 - [TEST_STEP][PASSED] - navigateToUrl: Navigate to 'https://am-automation-test.epulsedev2.com/poll_pad_configs#sort=name&direction=asc&display=list' successfully

2018-11-15 17:08:13 - [MESSAGE][PASSED] - Navigate to 'https://am-automation-test.epulsedev2.com/poll_pad_configs#sort=name&direction=asc&display=list' successfully

2018-11-15 17:08:13 - [TEST_STEP][PASSED] - delay: Delayed 1 second(s)

2018-11-15 17:08:14 - [MESSAGE][PASSED] - Delayed 1 second(s)

2018-11-15 17:08:14 - [TEST_STEP][PASSED] - click: Object: 'Object Repository/Admin Console ePulse Menu/Poll Pads/Copy Config' is clicked on

2018-11-15 17:08:14 - [MESSAGE][PASSED] - Object: 'Object Repository/Admin Console ePulse Menu/Poll Pads/Copy Config' is clicked on

2018-11-15 17:08:14 - [TEST_STEP][PASSED] - delay: Delayed 1 second(s)

2018-11-15 17:08:15 - [MESSAGE][PASSED] - Delayed 1 second(s)

2018-11-15 17:08:15 - [TEST_STEP][PASSED] - setText: Text 'Copy of selected config' is set on object 'Object Repository/Admin Console ePulse Menu/Poll Pads/PollPad Config Name(copy)'

2018-11-15 17:08:15 - [MESSAGE][PASSED] - Text 'Copy of selected config' is set on object 'Object Repository/Admin Console ePulse Menu/Poll Pads/PollPad Config Name(copy)'

2018-11-15 17:08:15 - [TEST_STEP][PASSED] - delay: Delayed 1 second(s)

2018-11-15 17:08:16 - [MESSAGE][PASSED] - Delayed 1 second(s)

2018-11-15 17:08:16 - [TEST_STEP][PASSED] - click: Object: 'Object Repository/Admin Console ePulse Menu/Poll Pads/Submit COPY' is clicked on

2018-11-15 17:08:16 - [MESSAGE][PASSED] - Object: 'Object Repository/Admin Console ePulse Menu/Poll Pads/Submit COPY' is clicked on

2018-11-15 17:08:16 - [TEST_STEP][PASSED] - delay: Delayed 1 second(s)

2018-11-15 17:08:17 - [MESSAGE][PASSED] - Delayed 1 second(s)

2018-11-15 17:08:17 - [TEST_STEP][PASSED] - closeBrowser: Browser is closed

2018-11-15 17:08:17 - [MESSAGE][PASSED] - Browser is closed]]></system-out>
         <system-err><![CDATA[]]></system-err>
      </testcase>
      <testcase name="Test Cases/Admin Console/Poll Workers-Election Officials/POLL WORKER - ROLES" classname="Test Cases/Admin Console/Poll Workers-Election Officials/POLL WORKER - ROLES" status="PASSED">
         <system-out><![CDATA[2018-11-15 17:08:17 - [TEST_CASE][PASSED] - Test Cases/Admin Console/Poll Workers-Election Officials/POLL WORKER - ROLES: Test Cases/Admin Console/Poll Workers-Election Officials/POLL WORKER - ROLES

2018-11-15 17:08:17 - [TEST_STEP][PASSED] - openBrowser: Browser is opened with url: ''

2018-11-15 17:08:18 - [MESSAGE][PASSED] - Browser is opened with url: ''

2018-11-15 17:08:18 - [TEST_STEP][PASSED] - navigateToUrl: Navigate to 'https://epulsedev2.com' successfully

2018-11-15 17:08:20 - [MESSAGE][PASSED] - Navigate to 'https://epulsedev2.com' successfully

2018-11-15 17:08:20 - [TEST_STEP][PASSED] - setText: Text 'alonzo.mack@knowink.com' is set on object 'Object Repository/Login/Email Address'

2018-11-15 17:08:20 - [MESSAGE][PASSED] - Text 'alonzo.mack@knowink.com' is set on object 'Object Repository/Login/Email Address'

2018-11-15 17:08:20 - [TEST_STEP][PASSED] - setEncryptedText: Text ****** has been set on object 'Object Repository/Login/Password'

2018-11-15 17:08:20 - [MESSAGE][PASSED] - Text ****** has been set on object 'Object Repository/Login/Password'

2018-11-15 17:08:20 - [TEST_STEP][PASSED] - click: Object: 'Object Repository/Login/Sign In' is clicked on

2018-11-15 17:08:22 - [MESSAGE][PASSED] - Object: 'Object Repository/Login/Sign In' is clicked on

2018-11-15 17:08:22 - [TEST_STEP][PASSED] - delay: Delayed 1 second(s)

2018-11-15 17:08:23 - [MESSAGE][PASSED] - Delayed 1 second(s)

2018-11-15 17:08:23 - [TEST_STEP][PASSED] - delay: Delayed 1 second(s)

2018-11-15 17:08:24 - [MESSAGE][PASSED] - Delayed 1 second(s)

2018-11-15 17:08:24 - [TEST_STEP][PASSED] - navigateToUrl: Navigate to 'https://am-automation-test.epulsedev2.com/poll_worker_roles#sort=name&direction=asc&display=list' successfully

2018-11-15 17:08:25 - [MESSAGE][PASSED] - Navigate to 'https://am-automation-test.epulsedev2.com/poll_worker_roles#sort=name&direction=asc&display=list' successfully

2018-11-15 17:08:25 - [TEST_STEP][PASSED] - delay: Delayed 1 second(s)

2018-11-15 17:08:26 - [MESSAGE][PASSED] - Delayed 1 second(s)

2018-11-15 17:08:26 - [TEST_STEP][PASSED] - delay: Delayed 1 second(s)

2018-11-15 17:08:27 - [MESSAGE][PASSED] - Delayed 1 second(s)

2018-11-15 17:08:27 - [TEST_STEP][PASSED] - delay: Delayed 1 second(s)

2018-11-15 17:08:28 - [MESSAGE][PASSED] - Delayed 1 second(s)

2018-11-15 17:08:28 - [TEST_STEP][PASSED] - click: Object: 'Object Repository/Admin Console ePulse Menu/Poll Workers/Poll Workers Roles/Add Role' is clicked on

2018-11-15 17:08:28 - [MESSAGE][PASSED] - Object: 'Object Repository/Admin Console ePulse Menu/Poll Workers/Poll Workers Roles/Add Role' is clicked on

2018-11-15 17:08:28 - [TEST_STEP][PASSED] - delay: Delayed 1 second(s)

2018-11-15 17:08:29 - [MESSAGE][PASSED] - Delayed 1 second(s)

2018-11-15 17:08:29 - [TEST_STEP][PASSED] - setText: Text 'Senior Admin' is set on object 'Object Repository/Admin Console ePulse Menu/Poll Workers/Poll Workers Roles/Add Poll Workers Roles Modal/input_Name'

2018-11-15 17:08:29 - [MESSAGE][PASSED] - Text 'Senior Admin' is set on object 'Object Repository/Admin Console ePulse Menu/Poll Workers/Poll Workers Roles/Add Poll Workers Roles Modal/input_Name'

2018-11-15 17:08:29 - [TEST_STEP][PASSED] - delay: Delayed 1 second(s)

2018-11-15 17:08:30 - [MESSAGE][PASSED] - Delayed 1 second(s)

2018-11-15 17:08:30 - [TEST_STEP][PASSED] - setText: Text '15' is set on object 'Object Repository/Admin Console ePulse Menu/Poll Workers/Poll Workers Roles/Add Poll Workers Roles Modal/Rate'

2018-11-15 17:08:30 - [MESSAGE][PASSED] - Text '15' is set on object 'Object Repository/Admin Console ePulse Menu/Poll Workers/Poll Workers Roles/Add Poll Workers Roles Modal/Rate'

2018-11-15 17:08:30 - [TEST_STEP][PASSED] - delay: Delayed 1 second(s)

2018-11-15 17:08:31 - [MESSAGE][PASSED] - Delayed 1 second(s)

2018-11-15 17:08:31 - [TEST_STEP][PASSED] - selectOptionByValue: All options with value '1' are selected in object 'Object Repository/Admin Console ePulse Menu/Poll Workers/Poll Workers Roles/Add Poll Workers Roles Modal/Select Rate Type'  using regular expression

2018-11-15 17:08:31 - [MESSAGE][PASSED] - All options with value '1' are selected in object 'Object Repository/Admin Console ePulse Menu/Poll Workers/Poll Workers Roles/Add Poll Workers Roles Modal/Select Rate Type'  using regular expression

2018-11-15 17:08:31 - [TEST_STEP][PASSED] - delay: Delayed 1 second(s)

2018-11-15 17:08:32 - [MESSAGE][PASSED] - Delayed 1 second(s)

2018-11-15 17:08:32 - [TEST_STEP][PASSED] - setText: Text '8' is set on object 'Object Repository/Admin Console ePulse Menu/Poll Workers/Poll Workers Roles/Add Poll Workers Roles Modal/input_Max hours for hourly pay'

2018-11-15 17:08:32 - [MESSAGE][PASSED] - Text '8' is set on object 'Object Repository/Admin Console ePulse Menu/Poll Workers/Poll Workers Roles/Add Poll Workers Roles Modal/input_Max hours for hourly pay'

2018-11-15 17:08:32 - [TEST_STEP][PASSED] - delay: Delayed 1 second(s)

2018-11-15 17:08:33 - [MESSAGE][PASSED] - Delayed 1 second(s)

2018-11-15 17:08:33 - [TEST_STEP][PASSED] - click: Object: 'Object Repository/Admin Console ePulse Menu/Poll Workers/Poll Workers Roles/Add Poll Workers Roles Modal/SAVE' is clicked on

2018-11-15 17:08:33 - [MESSAGE][PASSED] - Object: 'Object Repository/Admin Console ePulse Menu/Poll Workers/Poll Workers Roles/Add Poll Workers Roles Modal/SAVE' is clicked on

2018-11-15 17:08:33 - [TEST_STEP][PASSED] - delay: Delayed 1 second(s)

2018-11-15 17:08:34 - [MESSAGE][PASSED] - Delayed 1 second(s)

2018-11-15 17:08:34 - [TEST_STEP][PASSED] - closeBrowser: Browser is closed

2018-11-15 17:08:34 - [MESSAGE][PASSED] - Browser is closed]]></system-out>
         <system-err><![CDATA[]]></system-err>
      </testcase>
      <testcase name="Test Cases/Admin Console/Poll Workers-Election Officials/Poll Workers - Manage - ADD" classname="Test Cases/Admin Console/Poll Workers-Election Officials/Poll Workers - Manage - ADD" status="PASSED">
         <system-out><![CDATA[2018-11-15 17:08:34 - [TEST_CASE][PASSED] - Test Cases/Admin Console/Poll Workers-Election Officials/Poll Workers - Manage - ADD: Test Cases/Admin Console/Poll Workers-Election Officials/Poll Workers - Manage - ADD

2018-11-15 17:08:34 - [TEST_STEP][PASSED] - openBrowser: Browser is opened with url: ''

2018-11-15 17:08:35 - [MESSAGE][PASSED] - Browser is opened with url: ''

2018-11-15 17:08:35 - [TEST_STEP][PASSED] - navigateToUrl: Navigate to 'https://epulsedev2.com' successfully

2018-11-15 17:08:37 - [MESSAGE][PASSED] - Navigate to 'https://epulsedev2.com' successfully

2018-11-15 17:08:37 - [TEST_STEP][PASSED] - setText: Text 'alonzo.mack@knowink.com' is set on object 'Object Repository/Login/Email Address'

2018-11-15 17:08:37 - [MESSAGE][PASSED] - Text 'alonzo.mack@knowink.com' is set on object 'Object Repository/Login/Email Address'

2018-11-15 17:08:37 - [TEST_STEP][PASSED] - setEncryptedText: Text ****** has been set on object 'Object Repository/Login/Password'

2018-11-15 17:08:37 - [MESSAGE][PASSED] - Text ****** has been set on object 'Object Repository/Login/Password'

2018-11-15 17:08:37 - [TEST_STEP][PASSED] - click: Object: 'Object Repository/Login/Sign In' is clicked on

2018-11-15 17:08:38 - [MESSAGE][PASSED] - Object: 'Object Repository/Login/Sign In' is clicked on

2018-11-15 17:08:38 - [TEST_STEP][PASSED] - delay: Delayed 1 second(s)

2018-11-15 17:08:39 - [MESSAGE][PASSED] - Delayed 1 second(s)

2018-11-15 17:08:39 - [TEST_STEP][PASSED] - navigateToUrl: Navigate to 'https://am-automation-test.epulsedev2.com/poll_workers' successfully

2018-11-15 17:08:40 - [MESSAGE][PASSED] - Navigate to 'https://am-automation-test.epulsedev2.com/poll_workers' successfully

2018-11-15 17:08:40 - [TEST_STEP][PASSED] - delay: Delayed 1 second(s)

2018-11-15 17:08:41 - [MESSAGE][PASSED] - Delayed 1 second(s)

2018-11-15 17:08:41 - [TEST_STEP][PASSED] - click: Object: 'Object Repository/Admin Console ePulse Menu/Poll Workers/Poll Workers - Manage Page/Poll Workers (Actions Options)/Actions' is clicked on

2018-11-15 17:08:41 - [MESSAGE][PASSED] - Object: 'Object Repository/Admin Console ePulse Menu/Poll Workers/Poll Workers - Manage Page/Poll Workers (Actions Options)/Actions' is clicked on

2018-11-15 17:08:41 - [TEST_STEP][PASSED] - delay: Delayed 1 second(s)

2018-11-15 17:08:42 - [MESSAGE][PASSED] - Delayed 1 second(s)

2018-11-15 17:08:42 - [TEST_STEP][PASSED] - click: Object: 'Object Repository/Admin Console ePulse Menu/Poll Workers/Poll Workers - Manage Page/Poll Workers (Actions Options)/Add Poll Worker' is clicked on

2018-11-15 17:08:44 - [MESSAGE][PASSED] - Object: 'Object Repository/Admin Console ePulse Menu/Poll Workers/Poll Workers - Manage Page/Poll Workers (Actions Options)/Add Poll Worker' is clicked on

2018-11-15 17:08:44 - [TEST_STEP][PASSED] - delay: Delayed 1 second(s)

2018-11-15 17:08:45 - [MESSAGE][PASSED] - Delayed 1 second(s)

2018-11-15 17:08:45 - [TEST_STEP][PASSED] - click: Object: 'Object Repository/Admin Console ePulse Menu/Poll Workers/Poll Workers - Manage Page/New Poll Worker/Personal Information/Personal Information dropdown' is clicked on

2018-11-15 17:08:45 - [MESSAGE][PASSED] - Object: 'Object Repository/Admin Console ePulse Menu/Poll Workers/Poll Workers - Manage Page/New Poll Worker/Personal Information/Personal Information dropdown' is clicked on

2018-11-15 17:08:45 - [TEST_STEP][PASSED] - delay: Delayed 1 second(s)

2018-11-15 17:08:46 - [MESSAGE][PASSED] - Delayed 1 second(s)

2018-11-15 17:08:46 - [TEST_STEP][PASSED] - setText: Text 'poll' is set on object 'Object Repository/Admin Console ePulse Menu/Poll Workers/Poll Workers - Manage Page/New Poll Worker/Personal Information/input_First Name'

2018-11-15 17:08:46 - [MESSAGE][PASSED] - Text 'poll' is set on object 'Object Repository/Admin Console ePulse Menu/Poll Workers/Poll Workers - Manage Page/New Poll Worker/Personal Information/input_First Name'

2018-11-15 17:08:46 - [TEST_STEP][PASSED] - delay: Delayed 1 second(s)

2018-11-15 17:08:47 - [MESSAGE][PASSED] - Delayed 1 second(s)

2018-11-15 17:08:47 - [TEST_STEP][PASSED] - setText: Text 'worker' is set on object 'Object Repository/Admin Console ePulse Menu/Poll Workers/Poll Workers - Manage Page/New Poll Worker/Personal Information/input_Last Name'

2018-11-15 17:08:47 - [MESSAGE][PASSED] - Text 'worker' is set on object 'Object Repository/Admin Console ePulse Menu/Poll Workers/Poll Workers - Manage Page/New Poll Worker/Personal Information/input_Last Name'

2018-11-15 17:08:47 - [TEST_STEP][PASSED] - delay: Delayed 1 second(s)

2018-11-15 17:08:48 - [MESSAGE][PASSED] - Delayed 1 second(s)

2018-11-15 17:08:48 - [TEST_STEP][PASSED] - click: Object: 'Object Repository/Admin Console ePulse Menu/Poll Workers/Poll Workers - Manage Page/New Poll Worker/Personal Information/Party Select/Select DEM' is clicked on

2018-11-15 17:08:48 - [MESSAGE][PASSED] - Object: 'Object Repository/Admin Console ePulse Menu/Poll Workers/Poll Workers - Manage Page/New Poll Worker/Personal Information/Party Select/Select DEM' is clicked on

2018-11-15 17:08:48 - [TEST_STEP][PASSED] - delay: Delayed 1 second(s)

2018-11-15 17:08:49 - [MESSAGE][PASSED] - Delayed 1 second(s)

2018-11-15 17:08:49 - [TEST_STEP][PASSED] - click: Object: 'Object Repository/Admin Console ePulse Menu/Poll Workers/Poll Workers - Manage Page/New Poll Worker/Personal Information/Status Select/Select Active' is clicked on

2018-11-15 17:08:49 - [MESSAGE][PASSED] - Object: 'Object Repository/Admin Console ePulse Menu/Poll Workers/Poll Workers - Manage Page/New Poll Worker/Personal Information/Status Select/Select Active' is clicked on

2018-11-15 17:08:49 - [TEST_STEP][PASSED] - delay: Delayed 1 second(s)

2018-11-15 17:08:50 - [MESSAGE][PASSED] - Delayed 1 second(s)

2018-11-15 17:08:50 - [TEST_STEP][PASSED] - click: Object: 'Object Repository/Admin Console ePulse Menu/Poll Workers/Poll Workers - Manage Page/New Poll Worker/Poll Pad Login/Poll Pad Login Dropdown' is clicked on

2018-11-15 17:08:50 - [MESSAGE][PASSED] - Object: 'Object Repository/Admin Console ePulse Menu/Poll Workers/Poll Workers - Manage Page/New Poll Worker/Poll Pad Login/Poll Pad Login Dropdown' is clicked on

2018-11-15 17:08:50 - [TEST_STEP][PASSED] - delay: Delayed 1 second(s)

2018-11-15 17:08:51 - [MESSAGE][PASSED] - Delayed 1 second(s)

2018-11-15 17:08:51 - [TEST_STEP][PASSED] - setText: Text 'PW_ONE' is set on object 'Object Repository/Admin Console ePulse Menu/Poll Workers/Poll Workers - Manage Page/New Poll Worker/Poll Pad Login/input_Username'

2018-11-15 17:08:51 - [MESSAGE][PASSED] - Text 'PW_ONE' is set on object 'Object Repository/Admin Console ePulse Menu/Poll Workers/Poll Workers - Manage Page/New Poll Worker/Poll Pad Login/input_Username'

2018-11-15 17:08:51 - [TEST_STEP][PASSED] - delay: Delayed 1 second(s)

2018-11-15 17:08:52 - [MESSAGE][PASSED] - Delayed 1 second(s)

2018-11-15 17:08:52 - [TEST_STEP][PASSED] - selectOptionByValue: All options with value '0' are selected in object 'Object Repository/Admin Console ePulse Menu/Poll Workers/Poll Workers - Manage Page/New Poll Worker/Poll Pad Login/Select Poll Worker Type' 

2018-11-15 17:08:52 - [MESSAGE][PASSED] - All options with value '0' are selected in object 'Object Repository/Admin Console ePulse Menu/Poll Workers/Poll Workers - Manage Page/New Poll Worker/Poll Pad Login/Select Poll Worker Type' 

2018-11-15 17:08:52 - [TEST_STEP][PASSED] - setText: Text 'Qwerty1!' is set on object 'Object Repository/Admin Console ePulse Menu/Poll Workers/Poll Workers - Manage Page/New Poll Worker/Poll Pad Login/input_Password'

2018-11-15 17:08:52 - [MESSAGE][PASSED] - Text 'Qwerty1!' is set on object 'Object Repository/Admin Console ePulse Menu/Poll Workers/Poll Workers - Manage Page/New Poll Worker/Poll Pad Login/input_Password'

2018-11-15 17:08:52 - [TEST_STEP][PASSED] - delay: Delayed 1 second(s)

2018-11-15 17:08:53 - [MESSAGE][PASSED] - Delayed 1 second(s)

2018-11-15 17:08:53 - [TEST_STEP][PASSED] - setText: Text 'Qwerty1!' is set on object 'Object Repository/Admin Console ePulse Menu/Poll Workers/Poll Workers - Manage Page/New Poll Worker/Poll Pad Login/input_Confirm Password'

2018-11-15 17:08:53 - [MESSAGE][PASSED] - Text 'Qwerty1!' is set on object 'Object Repository/Admin Console ePulse Menu/Poll Workers/Poll Workers - Manage Page/New Poll Worker/Poll Pad Login/input_Confirm Password'

2018-11-15 17:08:53 - [TEST_STEP][PASSED] - delay: Delayed 1 second(s)

2018-11-15 17:08:55 - [MESSAGE][PASSED] - Delayed 1 second(s)

2018-11-15 17:08:55 - [TEST_STEP][PASSED] - click: Object: 'Object Repository/Admin Console ePulse Menu/Poll Workers/Poll Workers - Manage Page/New Poll Worker/Submit Poll Worker' is clicked on

2018-11-15 17:08:56 - [MESSAGE][PASSED] - Object: 'Object Repository/Admin Console ePulse Menu/Poll Workers/Poll Workers - Manage Page/New Poll Worker/Submit Poll Worker' is clicked on

2018-11-15 17:08:56 - [TEST_STEP][PASSED] - delay: Delayed 1 second(s)

2018-11-15 17:08:57 - [MESSAGE][PASSED] - Delayed 1 second(s)

2018-11-15 17:08:57 - [TEST_STEP][PASSED] - verifyTextPresent: Text 'PW_ONE' is present on page  using regular expression

2018-11-15 17:08:57 - [MESSAGE][PASSED] - Text 'PW_ONE' is present on page  using regular expression

2018-11-15 17:08:57 - [TEST_STEP][PASSED] - closeBrowser: Browser is closed

2018-11-15 17:08:57 - [MESSAGE][PASSED] - Browser is closed]]></system-out>
         <system-err><![CDATA[]]></system-err>
      </testcase>
      <testcase name="Test Cases/Admin Console/Poll Workers-Election Officials/Poll Workers - Manage - Import" classname="Test Cases/Admin Console/Poll Workers-Election Officials/Poll Workers - Manage - Import" status="PASSED">
         <system-out><![CDATA[2018-11-15 17:08:57 - [TEST_CASE][PASSED] - Test Cases/Admin Console/Poll Workers-Election Officials/Poll Workers - Manage - Import: Test Cases/Admin Console/Poll Workers-Election Officials/Poll Workers - Manage - Import

2018-11-15 17:08:57 - [TEST_STEP][PASSED] - openBrowser: Browser is opened with url: ''

2018-11-15 17:08:58 - [MESSAGE][PASSED] - Browser is opened with url: ''

2018-11-15 17:08:58 - [TEST_STEP][PASSED] - navigateToUrl: Navigate to 'https://epulsedev2.com' successfully

2018-11-15 17:09:00 - [MESSAGE][PASSED] - Navigate to 'https://epulsedev2.com' successfully

2018-11-15 17:09:00 - [TEST_STEP][PASSED] - setText: Text 'alonzo.mack@knowink.com' is set on object 'Object Repository/Login/Email Address'

2018-11-15 17:09:00 - [MESSAGE][PASSED] - Text 'alonzo.mack@knowink.com' is set on object 'Object Repository/Login/Email Address'

2018-11-15 17:09:00 - [TEST_STEP][PASSED] - setEncryptedText: Text ****** has been set on object 'Object Repository/Login/Password'

2018-11-15 17:09:00 - [MESSAGE][PASSED] - Text ****** has been set on object 'Object Repository/Login/Password'

2018-11-15 17:09:00 - [TEST_STEP][PASSED] - click: Object: 'Object Repository/Login/Sign In' is clicked on

2018-11-15 17:09:01 - [MESSAGE][PASSED] - Object: 'Object Repository/Login/Sign In' is clicked on

2018-11-15 17:09:01 - [TEST_STEP][PASSED] - delay: Delayed 1 second(s)

2018-11-15 17:09:02 - [MESSAGE][PASSED] - Delayed 1 second(s)

2018-11-15 17:09:02 - [TEST_STEP][PASSED] - navigateToUrl: Navigate to 'https://am-automation-test.epulsedev2.com/poll_workers' successfully

2018-11-15 17:09:03 - [MESSAGE][PASSED] - Navigate to 'https://am-automation-test.epulsedev2.com/poll_workers' successfully

2018-11-15 17:09:03 - [TEST_STEP][PASSED] - delay: Delayed 1 second(s)

2018-11-15 17:09:04 - [MESSAGE][PASSED] - Delayed 1 second(s)

2018-11-15 17:09:04 - [TEST_STEP][PASSED] - click: Object: 'Object Repository/Admin Console ePulse Menu/Poll Workers/Poll Workers - Manage Page/Import Poll Workers' is clicked on

2018-11-15 17:09:05 - [MESSAGE][PASSED] - Object: 'Object Repository/Admin Console ePulse Menu/Poll Workers/Poll Workers - Manage Page/Import Poll Workers' is clicked on

2018-11-15 17:09:05 - [TEST_STEP][PASSED] - setText: Text '/Users/alonzomack/Downloads/Automation uploads/poll_workers.csv' is set on object 'Object Repository/Admin Console ePulse Menu/Account Settings/Prompts/Import Prompts Buttons/Choose File'

2018-11-15 17:09:05 - [MESSAGE][PASSED] - Text '/Users/alonzomack/Downloads/Automation uploads/poll_workers.csv' is set on object 'Object Repository/Admin Console ePulse Menu/Account Settings/Prompts/Import Prompts Buttons/Choose File'

2018-11-15 17:09:05 - [TEST_STEP][PASSED] - click: Object: 'Object Repository/Admin Console ePulse Menu/Account Settings/Prompts/Import Prompts Buttons/Continue Button' is clicked on

2018-11-15 17:09:05 - [MESSAGE][PASSED] - Object: 'Object Repository/Admin Console ePulse Menu/Account Settings/Prompts/Import Prompts Buttons/Continue Button' is clicked on

2018-11-15 17:09:05 - [TEST_STEP][PASSED] - delay: Delayed 1 second(s)

2018-11-15 17:09:06 - [MESSAGE][PASSED] - Delayed 1 second(s)

2018-11-15 17:09:06 - [TEST_STEP][PASSED] - click: Object: 'Object Repository/Admin Console ePulse Menu/Account Settings/Prompts/Import Prompts Buttons/button_Done(working)' is clicked on

2018-11-15 17:09:10 - [MESSAGE][PASSED] - Object: 'Object Repository/Admin Console ePulse Menu/Account Settings/Prompts/Import Prompts Buttons/button_Done(working)' is clicked on

2018-11-15 17:09:10 - [TEST_STEP][PASSED] - delay: Delayed 1 second(s)

2018-11-15 17:09:11 - [MESSAGE][PASSED] - Delayed 1 second(s)

2018-11-15 17:09:11 - [TEST_STEP][PASSED] - closeBrowser: Browser is closed

2018-11-15 17:09:11 - [MESSAGE][PASSED] - Browser is closed]]></system-out>
         <system-err><![CDATA[]]></system-err>
      </testcase>
      <testcase name="Test Cases/Admin Console/Poll Workers-Election Officials/POLL WORKER - CLASSES" classname="Test Cases/Admin Console/Poll Workers-Election Officials/POLL WORKER - CLASSES" status="PASSED">
         <system-out><![CDATA[2018-11-15 17:09:11 - [TEST_CASE][PASSED] - Test Cases/Admin Console/Poll Workers-Election Officials/POLL WORKER - CLASSES: Test Cases/Admin Console/Poll Workers-Election Officials/POLL WORKER - CLASSES

2018-11-15 17:09:11 - [TEST_STEP][PASSED] - openBrowser: Browser is opened with url: ''

2018-11-15 17:09:12 - [MESSAGE][PASSED] - Browser is opened with url: ''

2018-11-15 17:09:12 - [TEST_STEP][PASSED] - navigateToUrl: Navigate to 'https://epulsedev2.com' successfully

2018-11-15 17:09:13 - [MESSAGE][PASSED] - Navigate to 'https://epulsedev2.com' successfully

2018-11-15 17:09:13 - [TEST_STEP][PASSED] - setText: Text 'alonzo.mack@knowink.com' is set on object 'Object Repository/Login/Email Address'

2018-11-15 17:09:13 - [MESSAGE][PASSED] - Text 'alonzo.mack@knowink.com' is set on object 'Object Repository/Login/Email Address'

2018-11-15 17:09:13 - [TEST_STEP][PASSED] - setEncryptedText: Text ****** has been set on object 'Object Repository/Login/Password'

2018-11-15 17:09:13 - [MESSAGE][PASSED] - Text ****** has been set on object 'Object Repository/Login/Password'

2018-11-15 17:09:13 - [TEST_STEP][PASSED] - click: Object: 'Object Repository/Login/Sign In' is clicked on

2018-11-15 17:09:14 - [MESSAGE][PASSED] - Object: 'Object Repository/Login/Sign In' is clicked on

2018-11-15 17:09:14 - [TEST_STEP][PASSED] - delay: Delayed 1 second(s)

2018-11-15 17:09:15 - [MESSAGE][PASSED] - Delayed 1 second(s)

2018-11-15 17:09:15 - [TEST_STEP][PASSED] - delay: Delayed 1 second(s)

2018-11-15 17:09:16 - [MESSAGE][PASSED] - Delayed 1 second(s)

2018-11-15 17:09:16 - [TEST_STEP][PASSED] - navigateToUrl: Navigate to 'https://am-automation-test.epulsedev2.com/poll_worker_classes/new' successfully

2018-11-15 17:09:17 - [MESSAGE][PASSED] - Navigate to 'https://am-automation-test.epulsedev2.com/poll_worker_classes/new' successfully

2018-11-15 17:09:17 - [TEST_STEP][PASSED] - delay: Delayed 1 second(s)

2018-11-15 17:09:18 - [MESSAGE][PASSED] - Delayed 1 second(s)

2018-11-15 17:09:18 - [TEST_STEP][PASSED] - delay: Delayed 1 second(s)

2018-11-15 17:09:19 - [MESSAGE][PASSED] - Delayed 1 second(s)

2018-11-15 17:09:19 - [TEST_STEP][PASSED] - click: Object: 'Object Repository/Admin Console ePulse Menu/Poll Workers/New Poll Worker Class/Class Information/Class Information dropdown' is clicked on

2018-11-15 17:09:19 - [MESSAGE][PASSED] - Object: 'Object Repository/Admin Console ePulse Menu/Poll Workers/New Poll Worker Class/Class Information/Class Information dropdown' is clicked on

2018-11-15 17:09:19 - [TEST_STEP][PASSED] - delay: Delayed 1 second(s)

2018-11-15 17:09:20 - [MESSAGE][PASSED] - Delayed 1 second(s)

2018-11-15 17:09:20 - [TEST_STEP][PASSED] - setText: Text 'Name' is set on object 'Object Repository/Admin Console ePulse Menu/Poll Workers/New Poll Worker Class/Class Information/Name'

2018-11-15 17:09:20 - [MESSAGE][PASSED] - Text 'Name' is set on object 'Object Repository/Admin Console ePulse Menu/Poll Workers/New Poll Worker Class/Class Information/Name'

2018-11-15 17:09:20 - [TEST_STEP][PASSED] - delay: Delayed 1 second(s)

2018-11-15 17:09:21 - [MESSAGE][PASSED] - Delayed 1 second(s)

2018-11-15 17:09:21 - [TEST_STEP][PASSED] - setText: Text 'Instructor' is set on object 'Object Repository/Admin Console ePulse Menu/Poll Workers/New Poll Worker Class/Class Information/Instructor'

2018-11-15 17:09:22 - [MESSAGE][PASSED] - Text 'Instructor' is set on object 'Object Repository/Admin Console ePulse Menu/Poll Workers/New Poll Worker Class/Class Information/Instructor'

2018-11-15 17:09:22 - [TEST_STEP][PASSED] - delay: Delayed 1 second(s)

2018-11-15 17:09:23 - [MESSAGE][PASSED] - Delayed 1 second(s)

2018-11-15 17:09:23 - [TEST_STEP][PASSED] - setText: Text 'Location' is set on object 'Object Repository/Admin Console ePulse Menu/Poll Workers/New Poll Worker Class/Address Information/Location'

2018-11-15 17:09:23 - [MESSAGE][PASSED] - Text 'Location' is set on object 'Object Repository/Admin Console ePulse Menu/Poll Workers/New Poll Worker Class/Address Information/Location'

2018-11-15 17:09:23 - [TEST_STEP][PASSED] - delay: Delayed 1 second(s)

2018-11-15 17:09:24 - [MESSAGE][PASSED] - Delayed 1 second(s)

2018-11-15 17:09:24 - [TEST_STEP][PASSED] - doubleClick: Object: 'Object Repository/Admin Console ePulse Menu/Poll Workers/New Poll Worker Class/Class Information/Date' is double clicked on

2018-11-15 17:09:24 - [MESSAGE][PASSED] - Object: 'Object Repository/Admin Console ePulse Menu/Poll Workers/New Poll Worker Class/Class Information/Date' is double clicked on

2018-11-15 17:09:24 - [TEST_STEP][PASSED] - delay: Delayed 1 second(s)

2018-11-15 17:09:25 - [MESSAGE][PASSED] - Delayed 1 second(s)

2018-11-15 17:09:25 - [TEST_STEP][PASSED] - setText: Text '10' is set on object 'Object Repository/Admin Console ePulse Menu/Poll Workers/New Poll Worker Class/Class Information/Rate'

2018-11-15 17:09:25 - [MESSAGE][PASSED] - Text '10' is set on object 'Object Repository/Admin Console ePulse Menu/Poll Workers/New Poll Worker Class/Class Information/Rate'

2018-11-15 17:09:25 - [TEST_STEP][PASSED] - delay: Delayed 1 second(s)

2018-11-15 17:09:26 - [MESSAGE][PASSED] - Delayed 1 second(s)

2018-11-15 17:09:26 - [TEST_STEP][PASSED] - setText: Text 'Descipt' is set on object 'Object Repository/Admin Console ePulse Menu/Poll Workers/New Poll Worker Class/Class Information/Class Description'

2018-11-15 17:09:26 - [MESSAGE][PASSED] - Text 'Descipt' is set on object 'Object Repository/Admin Console ePulse Menu/Poll Workers/New Poll Worker Class/Class Information/Class Description'

2018-11-15 17:09:26 - [TEST_STEP][PASSED] - delay: Delayed 1 second(s)

2018-11-15 17:09:27 - [MESSAGE][PASSED] - Delayed 1 second(s)

2018-11-15 17:09:27 - [TEST_STEP][PASSED] - click: Object: 'Object Repository/Admin Console ePulse Menu/Poll Workers/New Poll Worker Class/Address Information/Address Information dropdown' is clicked on

2018-11-15 17:09:27 - [MESSAGE][PASSED] - Object: 'Object Repository/Admin Console ePulse Menu/Poll Workers/New Poll Worker Class/Address Information/Address Information dropdown' is clicked on

2018-11-15 17:09:27 - [TEST_STEP][PASSED] - delay: Delayed 1 second(s)

2018-11-15 17:09:28 - [MESSAGE][PASSED] - Delayed 1 second(s)

2018-11-15 17:09:28 - [TEST_STEP][PASSED] - setText: Text '123' is set on object 'Object Repository/Admin Console ePulse Menu/Poll Workers/New Poll Worker Class/Address Information/Address1'

2018-11-15 17:09:28 - [MESSAGE][PASSED] - Text '123' is set on object 'Object Repository/Admin Console ePulse Menu/Poll Workers/New Poll Worker Class/Address Information/Address1'

2018-11-15 17:09:28 - [TEST_STEP][PASSED] - delay: Delayed 1 second(s)

2018-11-15 17:09:29 - [MESSAGE][PASSED] - Delayed 1 second(s)

2018-11-15 17:09:29 - [TEST_STEP][PASSED] - setText: Text 'abc' is set on object 'Object Repository/Admin Console ePulse Menu/Poll Workers/New Poll Worker Class/Address Information/Address2'

2018-11-15 17:09:29 - [MESSAGE][PASSED] - Text 'abc' is set on object 'Object Repository/Admin Console ePulse Menu/Poll Workers/New Poll Worker Class/Address Information/Address2'

2018-11-15 17:09:29 - [TEST_STEP][PASSED] - delay: Delayed 1 second(s)

2018-11-15 17:09:30 - [MESSAGE][PASSED] - Delayed 1 second(s)

2018-11-15 17:09:30 - [TEST_STEP][PASSED] - setText: Text 'abc' is set on object 'Object Repository/Admin Console ePulse Menu/Poll Workers/New Poll Worker Class/Address Information/City'

2018-11-15 17:09:30 - [MESSAGE][PASSED] - Text 'abc' is set on object 'Object Repository/Admin Console ePulse Menu/Poll Workers/New Poll Worker Class/Address Information/City'

2018-11-15 17:09:30 - [TEST_STEP][PASSED] - delay: Delayed 1 second(s)

2018-11-15 17:09:31 - [MESSAGE][PASSED] - Delayed 1 second(s)

2018-11-15 17:09:31 - [TEST_STEP][PASSED] - setText: Text 'ab' is set on object 'Object Repository/Admin Console ePulse Menu/Poll Workers/New Poll Worker Class/Address Information/State'

2018-11-15 17:09:31 - [MESSAGE][PASSED] - Text 'ab' is set on object 'Object Repository/Admin Console ePulse Menu/Poll Workers/New Poll Worker Class/Address Information/State'

2018-11-15 17:09:31 - [TEST_STEP][PASSED] - delay: Delayed 1 second(s)

2018-11-15 17:09:32 - [MESSAGE][PASSED] - Delayed 1 second(s)

2018-11-15 17:09:32 - [TEST_STEP][PASSED] - setText: Text '62232' is set on object 'Object Repository/Admin Console ePulse Menu/Poll Workers/New Poll Worker Class/Address Information/Zip'

2018-11-15 17:09:33 - [MESSAGE][PASSED] - Text '62232' is set on object 'Object Repository/Admin Console ePulse Menu/Poll Workers/New Poll Worker Class/Address Information/Zip'

2018-11-15 17:09:33 - [TEST_STEP][PASSED] - delay: Delayed 1 second(s)

2018-11-15 17:09:34 - [MESSAGE][PASSED] - Delayed 1 second(s)

2018-11-15 17:09:34 - [TEST_STEP][PASSED] - click: Object: 'Object Repository/Admin Console ePulse Menu/Poll Workers/New Poll Worker Class/Submit' is clicked on

2018-11-15 17:09:35 - [MESSAGE][PASSED] - Object: 'Object Repository/Admin Console ePulse Menu/Poll Workers/New Poll Worker Class/Submit' is clicked on

2018-11-15 17:09:35 - [TEST_STEP][PASSED] - closeBrowser: Browser is closed

2018-11-15 17:09:35 - [MESSAGE][PASSED] - Browser is closed]]></system-out>
         <system-err><![CDATA[]]></system-err>
      </testcase>
      <testcase name="Test Cases/SuperAdminConsole/Poll Pads/PollPad - Filter by Account" classname="Test Cases/SuperAdminConsole/Poll Pads/PollPad - Filter by Account" status="PASSED">
         <system-out><![CDATA[2018-11-15 17:09:35 - [TEST_CASE][PASSED] - Test Cases/SuperAdminConsole/Poll Pads/PollPad - Filter by Account: Test Cases/SuperAdminConsole/Poll Pads/PollPad - Filter by Account

2018-11-15 17:09:35 - [TEST_STEP][PASSED] - openBrowser: Browser is opened with url: 'https://epulsedev2.com'

2018-11-15 17:09:37 - [MESSAGE][PASSED] - Browser is opened with url: 'https://epulsedev2.com'

2018-11-15 17:09:37 - [TEST_STEP][PASSED] - openBrowser: Browser is opened with url: ''

2018-11-15 17:09:37 - [MESSAGE][WARNING] - A browser is already opened. Closing browser and opening a new one

2018-11-15 17:09:38 - [MESSAGE][PASSED] - Browser is opened with url: ''

2018-11-15 17:09:38 - [TEST_STEP][PASSED] - navigateToUrl: Navigate to 'https://epulsedev2.com' successfully

2018-11-15 17:09:40 - [MESSAGE][PASSED] - Navigate to 'https://epulsedev2.com' successfully

2018-11-15 17:09:40 - [TEST_STEP][PASSED] - setText: Text 'alonzo.mack@knowink.com' is set on object 'Object Repository/Login/Email Address'

2018-11-15 17:09:40 - [MESSAGE][PASSED] - Text 'alonzo.mack@knowink.com' is set on object 'Object Repository/Login/Email Address'

2018-11-15 17:09:40 - [TEST_STEP][PASSED] - setEncryptedText: Text ****** has been set on object 'Object Repository/Login/Password'

2018-11-15 17:09:40 - [MESSAGE][PASSED] - Text ****** has been set on object 'Object Repository/Login/Password'

2018-11-15 17:09:40 - [TEST_STEP][PASSED] - click: Object: 'Object Repository/Login/Sign In' is clicked on

2018-11-15 17:09:41 - [MESSAGE][PASSED] - Object: 'Object Repository/Login/Sign In' is clicked on

2018-11-15 17:09:41 - [TEST_STEP][PASSED] - delay: Delayed 1 second(s)

2018-11-15 17:09:42 - [MESSAGE][PASSED] - Delayed 1 second(s)

2018-11-15 17:09:42 - [TEST_STEP][PASSED] - click: Object: 'Object Repository/SuperAdminConsole/Poll Pads/POLL PADS link' is clicked on

2018-11-15 17:09:43 - [MESSAGE][PASSED] - Object: 'Object Repository/SuperAdminConsole/Poll Pads/POLL PADS link' is clicked on

2018-11-15 17:09:43 - [TEST_STEP][PASSED] - delay: Delayed 1 second(s)

2018-11-15 17:09:44 - [MESSAGE][PASSED] - Delayed 1 second(s)

2018-11-15 17:09:44 - [TEST_STEP][PASSED] - click: Object: 'Object Repository/SuperAdminConsole/Poll Pads/Poll Pads Account Filter/Account Filter' is clicked on

2018-11-15 17:09:44 - [MESSAGE][PASSED] - Object: 'Object Repository/SuperAdminConsole/Poll Pads/Poll Pads Account Filter/Account Filter' is clicked on

2018-11-15 17:09:44 - [TEST_STEP][PASSED] - click: Object: 'Object Repository/SuperAdminConsole/Poll Pads/Poll Pads Account Filter/dropdown' is clicked on

2018-11-15 17:09:44 - [MESSAGE][PASSED] - Object: 'Object Repository/SuperAdminConsole/Poll Pads/Poll Pads Account Filter/dropdown' is clicked on

2018-11-15 17:09:44 - [TEST_STEP][PASSED] - click: Object: 'Object Repository/SuperAdminConsole/Poll Pads/Poll Pads Account Filter/Filter_AM-Canada' is clicked on

2018-11-15 17:09:44 - [MESSAGE][PASSED] - Object: 'Object Repository/SuperAdminConsole/Poll Pads/Poll Pads Account Filter/Filter_AM-Canada' is clicked on

2018-11-15 17:09:44 - [TEST_STEP][PASSED] - delay: Delayed 1 second(s)

2018-11-15 17:09:45 - [MESSAGE][PASSED] - Delayed 1 second(s)

2018-11-15 17:09:45 - [TEST_STEP][PASSED] - click: Object: 'Object Repository/Common ePulse Objects/Apply Filters' is clicked on

2018-11-15 17:09:46 - [MESSAGE][PASSED] - Object: 'Object Repository/Common ePulse Objects/Apply Filters' is clicked on

2018-11-15 17:09:46 - [TEST_STEP][PASSED] - delay: Delayed 1 second(s)

2018-11-15 17:09:47 - [MESSAGE][PASSED] - Delayed 1 second(s)

2018-11-15 17:09:47 - [TEST_STEP][PASSED] - click: Object: 'Object Repository/SuperAdminConsole/Poll Pads/Poll Pads Account Filter/Remove_Account AM-Canada_Filter' is clicked on

2018-11-15 17:09:47 - [MESSAGE][PASSED] - Object: 'Object Repository/SuperAdminConsole/Poll Pads/Poll Pads Account Filter/Remove_Account AM-Canada_Filter' is clicked on

2018-11-15 17:09:47 - [TEST_STEP][PASSED] - delay: Delayed 1 second(s)

2018-11-15 17:09:48 - [MESSAGE][PASSED] - Delayed 1 second(s)

2018-11-15 17:09:48 - [TEST_STEP][PASSED] - closeBrowser: Browser is closed

2018-11-15 17:09:48 - [MESSAGE][PASSED] - Browser is closed]]></system-out>
         <system-err><![CDATA[]]></system-err>
      </testcase>
      <testcase name="Test Cases/SuperAdminConsole/Users/SuperAdmin User - Filter by User Type" classname="Test Cases/SuperAdminConsole/Users/SuperAdmin User - Filter by User Type" status="PASSED">
         <system-out><![CDATA[2018-11-15 17:09:48 - [TEST_CASE][PASSED] - Test Cases/SuperAdminConsole/Users/SuperAdmin User - Filter by User Type: Test Cases/SuperAdminConsole/Users/SuperAdmin User - Filter by User Type

2018-11-15 17:09:48 - [TEST_STEP][PASSED] - openBrowser: Browser is opened with url: ''

2018-11-15 17:09:49 - [MESSAGE][PASSED] - Browser is opened with url: ''

2018-11-15 17:09:49 - [TEST_STEP][PASSED] - navigateToUrl: Navigate to 'https://epulsedev2.com' successfully

2018-11-15 17:09:50 - [MESSAGE][PASSED] - Navigate to 'https://epulsedev2.com' successfully

2018-11-15 17:09:50 - [TEST_STEP][PASSED] - setText: Text 'alonzo.mack@knowink.com' is set on object 'Object Repository/Login/Email Address'

2018-11-15 17:09:50 - [MESSAGE][PASSED] - Text 'alonzo.mack@knowink.com' is set on object 'Object Repository/Login/Email Address'

2018-11-15 17:09:50 - [TEST_STEP][PASSED] - setEncryptedText: Text ****** has been set on object 'Object Repository/Login/Password'

2018-11-15 17:09:51 - [MESSAGE][PASSED] - Text ****** has been set on object 'Object Repository/Login/Password'

2018-11-15 17:09:51 - [TEST_STEP][PASSED] - click: Object: 'Object Repository/Login/Sign In' is clicked on

2018-11-15 17:09:52 - [MESSAGE][PASSED] - Object: 'Object Repository/Login/Sign In' is clicked on

2018-11-15 17:09:52 - [TEST_STEP][PASSED] - delay: Delayed 1 second(s)

2018-11-15 17:09:53 - [MESSAGE][PASSED] - Delayed 1 second(s)

2018-11-15 17:09:53 - [TEST_STEP][PASSED] - click: Object: 'Object Repository/SuperAdminConsole/SuperAdmin Users/USERS' is clicked on

2018-11-15 17:09:53 - [MESSAGE][PASSED] - Object: 'Object Repository/SuperAdminConsole/SuperAdmin Users/USERS' is clicked on

2018-11-15 17:09:53 - [TEST_STEP][PASSED] - delay: Delayed 1 second(s)

2018-11-15 17:09:54 - [MESSAGE][PASSED] - Delayed 1 second(s)

2018-11-15 17:09:54 - [TEST_STEP][PASSED] - click: Object: 'Object Repository/SuperAdminConsole/SuperAdmin Users/User Type Dropdown' is clicked on

2018-11-15 17:09:54 - [MESSAGE][PASSED] - Object: 'Object Repository/SuperAdminConsole/SuperAdmin Users/User Type Dropdown' is clicked on

2018-11-15 17:09:54 - [TEST_STEP][PASSED] - selectOptionByValue: All options with value 'both' are selected in object 'Object Repository/SuperAdminConsole/SuperAdmin Users/select_User Type' 

2018-11-15 17:09:54 - [MESSAGE][PASSED] - All options with value 'both' are selected in object 'Object Repository/SuperAdminConsole/SuperAdmin Users/select_User Type' 

2018-11-15 17:09:54 - [TEST_STEP][PASSED] - click: Object: 'Object Repository/SuperAdminConsole/SuperAdmin Users/UserType Apply Filters' is clicked on

2018-11-15 17:09:55 - [MESSAGE][PASSED] - Object: 'Object Repository/SuperAdminConsole/SuperAdmin Users/UserType Apply Filters' is clicked on

2018-11-15 17:09:55 - [TEST_STEP][PASSED] - delay: Delayed 2 second(s)

2018-11-15 17:09:57 - [MESSAGE][PASSED] - Delayed 2 second(s)

2018-11-15 17:09:57 - [TEST_STEP][PASSED] - click: Object: 'Object Repository/Common ePulse Objects/Remove_Filter' is clicked on

2018-11-15 17:09:57 - [MESSAGE][PASSED] - Object: 'Object Repository/Common ePulse Objects/Remove_Filter' is clicked on

2018-11-15 17:09:57 - [TEST_STEP][PASSED] - click: Object: 'Object Repository/SuperAdminConsole/SuperAdmin Users/User Type Dropdown' is clicked on

2018-11-15 17:09:57 - [MESSAGE][PASSED] - Object: 'Object Repository/SuperAdminConsole/SuperAdmin Users/User Type Dropdown' is clicked on

2018-11-15 17:09:57 - [TEST_STEP][PASSED] - selectOptionByValue: All options with value 'super_admin' are selected in object 'Object Repository/SuperAdminConsole/SuperAdmin Users/select_User Type'  using regular expression

2018-11-15 17:09:57 - [MESSAGE][PASSED] - All options with value 'super_admin' are selected in object 'Object Repository/SuperAdminConsole/SuperAdmin Users/select_User Type'  using regular expression

2018-11-15 17:09:57 - [TEST_STEP][PASSED] - click: Object: 'Object Repository/SuperAdminConsole/SuperAdmin Users/UserType Apply Filters' is clicked on

2018-11-15 17:09:57 - [MESSAGE][PASSED] - Object: 'Object Repository/SuperAdminConsole/SuperAdmin Users/UserType Apply Filters' is clicked on

2018-11-15 17:09:57 - [TEST_STEP][PASSED] - delay: Delayed 2 second(s)

2018-11-15 17:09:59 - [MESSAGE][PASSED] - Delayed 2 second(s)

2018-11-15 17:09:59 - [TEST_STEP][PASSED] - click: Object: 'Object Repository/Common ePulse Objects/Remove_Filter' is clicked on

2018-11-15 17:09:59 - [MESSAGE][PASSED] - Object: 'Object Repository/Common ePulse Objects/Remove_Filter' is clicked on

2018-11-15 17:09:59 - [TEST_STEP][PASSED] - click: Object: 'Object Repository/SuperAdminConsole/SuperAdmin Users/User Type Dropdown' is clicked on

2018-11-15 17:09:59 - [MESSAGE][PASSED] - Object: 'Object Repository/SuperAdminConsole/SuperAdmin Users/User Type Dropdown' is clicked on

2018-11-15 17:09:59 - [TEST_STEP][PASSED] - selectOptionByValue: All options with value 'regular' are selected in object 'Object Repository/SuperAdminConsole/SuperAdmin Users/select_User Type'  using regular expression

2018-11-15 17:09:59 - [MESSAGE][PASSED] - All options with value 'regular' are selected in object 'Object Repository/SuperAdminConsole/SuperAdmin Users/select_User Type'  using regular expression

2018-11-15 17:09:59 - [TEST_STEP][PASSED] - click: Object: 'Object Repository/SuperAdminConsole/SuperAdmin Users/UserType Apply Filters' is clicked on

2018-11-15 17:09:59 - [MESSAGE][PASSED] - Object: 'Object Repository/SuperAdminConsole/SuperAdmin Users/UserType Apply Filters' is clicked on

2018-11-15 17:09:59 - [TEST_STEP][PASSED] - delay: Delayed 2 second(s)

2018-11-15 17:10:01 - [MESSAGE][PASSED] - Delayed 2 second(s)

2018-11-15 17:10:01 - [TEST_STEP][PASSED] - click: Object: 'Object Repository/Common ePulse Objects/Remove_Filter' is clicked on

2018-11-15 17:10:01 - [MESSAGE][PASSED] - Object: 'Object Repository/Common ePulse Objects/Remove_Filter' is clicked on

2018-11-15 17:10:01 - [TEST_STEP][PASSED] - delay: Delayed 2 second(s)

2018-11-15 17:10:03 - [MESSAGE][PASSED] - Delayed 2 second(s)

2018-11-15 17:10:03 - [TEST_STEP][PASSED] - closeBrowser: Browser is closed

2018-11-15 17:10:03 - [MESSAGE][PASSED] - Browser is closed]]></system-out>
         <system-err><![CDATA[]]></system-err>
      </testcase>
      <testcase name="Test Cases/SuperAdminConsole/Users/Add New Admin User" classname="Test Cases/SuperAdminConsole/Users/Add New Admin User" status="PASSED">
         <system-out><![CDATA[2018-11-15 17:10:03 - [TEST_CASE][PASSED] - Test Cases/SuperAdminConsole/Users/Add New Admin User: Test Cases/SuperAdminConsole/Users/Add New Admin User

2018-11-15 17:10:03 - [TEST_STEP][PASSED] - openBrowser: Browser is opened with url: ''

2018-11-15 17:10:05 - [MESSAGE][PASSED] - Browser is opened with url: ''

2018-11-15 17:10:05 - [TEST_STEP][PASSED] - navigateToUrl: Navigate to 'https://epulsedev2.com' successfully

2018-11-15 17:10:06 - [MESSAGE][PASSED] - Navigate to 'https://epulsedev2.com' successfully

2018-11-15 17:10:06 - [TEST_STEP][PASSED] - setText: Text 'alonzo.mack@knowink.com' is set on object 'Object Repository/Login/Email Address'

2018-11-15 17:10:06 - [MESSAGE][PASSED] - Text 'alonzo.mack@knowink.com' is set on object 'Object Repository/Login/Email Address'

2018-11-15 17:10:06 - [TEST_STEP][PASSED] - setEncryptedText: Text ****** has been set on object 'Object Repository/Login/Password'

2018-11-15 17:10:06 - [MESSAGE][PASSED] - Text ****** has been set on object 'Object Repository/Login/Password'

2018-11-15 17:10:06 - [TEST_STEP][PASSED] - click: Object: 'Object Repository/Login/Sign In' is clicked on

2018-11-15 17:10:07 - [MESSAGE][PASSED] - Object: 'Object Repository/Login/Sign In' is clicked on

2018-11-15 17:10:07 - [TEST_STEP][PASSED] - delay: Delayed 1 second(s)

2018-11-15 17:10:08 - [MESSAGE][PASSED] - Delayed 1 second(s)

2018-11-15 17:10:08 - [TEST_STEP][PASSED] - delay: Delayed 1 second(s)

2018-11-15 17:10:09 - [MESSAGE][PASSED] - Delayed 1 second(s)

2018-11-15 17:10:09 - [TEST_STEP][PASSED] - click: Object: 'Object Repository/SuperAdminConsole/SuperAdmin Users/USERS' is clicked on

2018-11-15 17:10:10 - [MESSAGE][PASSED] - Object: 'Object Repository/SuperAdminConsole/SuperAdmin Users/USERS' is clicked on

2018-11-15 17:10:10 - [TEST_STEP][PASSED] - delay: Delayed 1 second(s)

2018-11-15 17:10:11 - [MESSAGE][PASSED] - Delayed 1 second(s)

2018-11-15 17:10:11 - [TEST_STEP][PASSED] - click: Object: 'Object Repository/SuperAdminConsole/SuperAdmin Users/ADD_EDIT/Add Admin User' is clicked on

2018-11-15 17:10:12 - [MESSAGE][PASSED] - Object: 'Object Repository/SuperAdminConsole/SuperAdmin Users/ADD_EDIT/Add Admin User' is clicked on

2018-11-15 17:10:12 - [TEST_STEP][PASSED] - delay: Delayed 1 second(s)

2018-11-15 17:10:13 - [MESSAGE][PASSED] - Delayed 1 second(s)

2018-11-15 17:10:13 - [TEST_STEP][PASSED] - setText: Text 'FirstN' is set on object 'Object Repository/SuperAdminConsole/SuperAdmin Users/ADD_EDIT/input_First name'

2018-11-15 17:10:13 - [MESSAGE][PASSED] - Text 'FirstN' is set on object 'Object Repository/SuperAdminConsole/SuperAdmin Users/ADD_EDIT/input_First name'

2018-11-15 17:10:13 - [TEST_STEP][PASSED] - delay: Delayed 1 second(s)

2018-11-15 17:10:14 - [MESSAGE][PASSED] - Delayed 1 second(s)

2018-11-15 17:10:14 - [TEST_STEP][PASSED] - setText: Text 'LastN' is set on object 'Object Repository/SuperAdminConsole/SuperAdmin Users/ADD_EDIT/input_Last name'

2018-11-15 17:10:14 - [MESSAGE][PASSED] - Text 'LastN' is set on object 'Object Repository/SuperAdminConsole/SuperAdmin Users/ADD_EDIT/input_Last name'

2018-11-15 17:10:14 - [TEST_STEP][PASSED] - delay: Delayed 1 second(s)

2018-11-15 17:10:15 - [MESSAGE][PASSED] - Delayed 1 second(s)

2018-11-15 17:10:15 - [TEST_STEP][PASSED] - setText: Text 'FirstN.LastN@knowink.com' is set on object 'Object Repository/SuperAdminConsole/SuperAdmin Users/ADD_EDIT/input_E-mail'

2018-11-15 17:10:15 - [MESSAGE][PASSED] - Text 'FirstN.LastN@knowink.com' is set on object 'Object Repository/SuperAdminConsole/SuperAdmin Users/ADD_EDIT/input_E-mail'

2018-11-15 17:10:15 - [TEST_STEP][PASSED] - delay: Delayed 1 second(s)

2018-11-15 17:10:16 - [MESSAGE][PASSED] - Delayed 1 second(s)

2018-11-15 17:10:16 - [TEST_STEP][PASSED] - click: Object: 'Object Repository/SuperAdminConsole/SuperAdmin Users/ADD_EDIT/Edit and Access Accounts_slider' is clicked on

2018-11-15 17:10:16 - [MESSAGE][PASSED] - Object: 'Object Repository/SuperAdminConsole/SuperAdmin Users/ADD_EDIT/Edit and Access Accounts_slider' is clicked on

2018-11-15 17:10:16 - [TEST_STEP][PASSED] - delay: Delayed 1 second(s)

2018-11-15 17:10:17 - [MESSAGE][PASSED] - Delayed 1 second(s)

2018-11-15 17:10:17 - [TEST_STEP][PASSED] - click: Object: 'Object Repository/SuperAdminConsole/SuperAdmin Users/ADD_EDIT/Create and Edit Admin User' is clicked on

2018-11-15 17:10:17 - [MESSAGE][PASSED] - Object: 'Object Repository/SuperAdminConsole/SuperAdmin Users/ADD_EDIT/Create and Edit Admin User' is clicked on

2018-11-15 17:10:17 - [TEST_STEP][PASSED] - delay: Delayed 1 second(s)

2018-11-15 17:10:18 - [MESSAGE][PASSED] - Delayed 1 second(s)

2018-11-15 17:10:18 - [TEST_STEP][PASSED] - click: Object: 'Object Repository/SuperAdminConsole/SuperAdmin Users/ADD_EDIT/View  Manage Poll Pads_slider' is clicked on

2018-11-15 17:10:18 - [MESSAGE][PASSED] - Object: 'Object Repository/SuperAdminConsole/SuperAdmin Users/ADD_EDIT/View  Manage Poll Pads_slider' is clicked on

2018-11-15 17:10:18 - [TEST_STEP][PASSED] - delay: Delayed 1 second(s)

2018-11-15 17:10:19 - [MESSAGE][PASSED] - Delayed 1 second(s)

2018-11-15 17:10:19 - [TEST_STEP][PASSED] - click: Object: 'Object Repository/SuperAdminConsole/SuperAdmin Users/ADD_EDIT/View and Manage Settings_slider' is clicked on

2018-11-15 17:10:19 - [MESSAGE][PASSED] - Object: 'Object Repository/SuperAdminConsole/SuperAdmin Users/ADD_EDIT/View and Manage Settings_slider' is clicked on

2018-11-15 17:10:19 - [TEST_STEP][PASSED] - delay: Delayed 1 second(s)

2018-11-15 17:10:20 - [MESSAGE][PASSED] - Delayed 1 second(s)

2018-11-15 17:10:20 - [TEST_STEP][PASSED] - click: Object: 'Object Repository/SuperAdminConsole/SuperAdmin Users/ADD_EDIT/View and Manage Reports_slider' is clicked on

2018-11-15 17:10:20 - [MESSAGE][PASSED] - Object: 'Object Repository/SuperAdminConsole/SuperAdmin Users/ADD_EDIT/View and Manage Reports_slider' is clicked on

2018-11-15 17:10:20 - [TEST_STEP][PASSED] - delay: Delayed 1 second(s)

2018-11-15 17:10:21 - [MESSAGE][PASSED] - Delayed 1 second(s)

2018-11-15 17:10:21 - [TEST_STEP][PASSED] - click: Object: 'Object Repository/SuperAdminConsole/SuperAdmin Users/ADD_EDIT/View Audit Logs_slider' is clicked on

2018-11-15 17:10:22 - [MESSAGE][PASSED] - Object: 'Object Repository/SuperAdminConsole/SuperAdmin Users/ADD_EDIT/View Audit Logs_slider' is clicked on

2018-11-15 17:10:22 - [TEST_STEP][PASSED] - delay: Delayed 1 second(s)

2018-11-15 17:10:23 - [MESSAGE][PASSED] - Delayed 1 second(s)

2018-11-15 17:10:23 - [TEST_STEP][PASSED] - click: Object: 'Object Repository/SuperAdminConsole/SuperAdmin Users/ADD_EDIT/Restricted Account Access_slider' is clicked on

2018-11-15 17:10:23 - [MESSAGE][PASSED] - Object: 'Object Repository/SuperAdminConsole/SuperAdmin Users/ADD_EDIT/Restricted Account Access_slider' is clicked on

2018-11-15 17:10:23 - [TEST_STEP][PASSED] - delay: Delayed 1 second(s)

2018-11-15 17:10:24 - [MESSAGE][PASSED] - Delayed 1 second(s)

2018-11-15 17:10:24 - [TEST_STEP][PASSED] - click: Object: 'Object Repository/Common ePulse Objects/Submit Button' is clicked on

2018-11-15 17:10:25 - [MESSAGE][PASSED] - Object: 'Object Repository/Common ePulse Objects/Submit Button' is clicked on

2018-11-15 17:10:25 - [TEST_STEP][PASSED] - closeBrowser: Browser is closed

2018-11-15 17:10:25 - [MESSAGE][PASSED] - Browser is closed]]></system-out>
         <system-err><![CDATA[]]></system-err>
      </testcase>
      <testcase name="Test Cases/SuperAdminConsole/Users/SuperAdmin User - Filter by Account" classname="Test Cases/SuperAdminConsole/Users/SuperAdmin User - Filter by Account" status="PASSED">
         <system-out><![CDATA[2018-11-15 17:10:25 - [TEST_CASE][PASSED] - Test Cases/SuperAdminConsole/Users/SuperAdmin User - Filter by Account: Test Cases/SuperAdminConsole/Users/SuperAdmin User - Filter by Account

2018-11-15 17:10:25 - [TEST_STEP][PASSED] - openBrowser: Browser is opened with url: ''

2018-11-15 17:10:26 - [MESSAGE][PASSED] - Browser is opened with url: ''

2018-11-15 17:10:26 - [TEST_STEP][PASSED] - navigateToUrl: Navigate to 'https://epulsedev2.com' successfully

2018-11-15 17:10:28 - [MESSAGE][PASSED] - Navigate to 'https://epulsedev2.com' successfully

2018-11-15 17:10:28 - [TEST_STEP][PASSED] - setText: Text 'alonzo.mack@knowink.com' is set on object 'Object Repository/Login/Email Address'

2018-11-15 17:10:28 - [MESSAGE][PASSED] - Text 'alonzo.mack@knowink.com' is set on object 'Object Repository/Login/Email Address'

2018-11-15 17:10:28 - [TEST_STEP][PASSED] - setEncryptedText: Text ****** has been set on object 'Object Repository/Login/Password'

2018-11-15 17:10:28 - [MESSAGE][PASSED] - Text ****** has been set on object 'Object Repository/Login/Password'

2018-11-15 17:10:28 - [TEST_STEP][PASSED] - click: Object: 'Object Repository/Login/Sign In' is clicked on

2018-11-15 17:10:29 - [MESSAGE][PASSED] - Object: 'Object Repository/Login/Sign In' is clicked on

2018-11-15 17:10:29 - [TEST_STEP][PASSED] - delay: Delayed 1 second(s)

2018-11-15 17:10:30 - [MESSAGE][PASSED] - Delayed 1 second(s)

2018-11-15 17:10:30 - [TEST_STEP][PASSED] - delay: Delayed 1 second(s)

2018-11-15 17:10:31 - [MESSAGE][PASSED] - Delayed 1 second(s)

2018-11-15 17:10:31 - [TEST_STEP][PASSED] - click: Object: 'Object Repository/SuperAdminConsole/SuperAdmin Users/USERS' is clicked on

2018-11-15 17:10:31 - [MESSAGE][PASSED] - Object: 'Object Repository/SuperAdminConsole/SuperAdmin Users/USERS' is clicked on

2018-11-15 17:10:31 - [TEST_STEP][PASSED] - delay: Delayed 1 second(s)

2018-11-15 17:10:32 - [MESSAGE][PASSED] - Delayed 1 second(s)

2018-11-15 17:10:32 - [TEST_STEP][PASSED] - click: Object: 'Object Repository/SuperAdminConsole/Poll Pads/Poll Pads Account Filter/Account Filter' is clicked on

2018-11-15 17:10:33 - [MESSAGE][PASSED] - Object: 'Object Repository/SuperAdminConsole/Poll Pads/Poll Pads Account Filter/Account Filter' is clicked on

2018-11-15 17:10:33 - [TEST_STEP][PASSED] - click: Object: 'Object Repository/SuperAdminConsole/Poll Pads/Poll Pads Account Filter/dropdown' is clicked on

2018-11-15 17:10:33 - [MESSAGE][PASSED] - Object: 'Object Repository/SuperAdminConsole/Poll Pads/Poll Pads Account Filter/dropdown' is clicked on

2018-11-15 17:10:33 - [TEST_STEP][PASSED] - click: Object: 'Object Repository/SuperAdminConsole/Poll Pads/Poll Pads Account Filter/Filter_AM-Canada' is clicked on

2018-11-15 17:10:33 - [MESSAGE][PASSED] - Object: 'Object Repository/SuperAdminConsole/Poll Pads/Poll Pads Account Filter/Filter_AM-Canada' is clicked on

2018-11-15 17:10:33 - [TEST_STEP][PASSED] - delay: Delayed 1 second(s)

2018-11-15 17:10:34 - [MESSAGE][PASSED] - Delayed 1 second(s)

2018-11-15 17:10:34 - [TEST_STEP][PASSED] - click: Object: 'Object Repository/Common ePulse Objects/Apply Filters' is clicked on

2018-11-15 17:10:34 - [MESSAGE][PASSED] - Object: 'Object Repository/Common ePulse Objects/Apply Filters' is clicked on

2018-11-15 17:10:34 - [TEST_STEP][PASSED] - delay: Delayed 1 second(s)

2018-11-15 17:10:35 - [MESSAGE][PASSED] - Delayed 1 second(s)

2018-11-15 17:10:35 - [TEST_STEP][PASSED] - click: Object: 'Object Repository/SuperAdminConsole/Poll Pads/Poll Pads Account Filter/Remove_Account AM-Canada_Filter' is clicked on

2018-11-15 17:10:35 - [MESSAGE][PASSED] - Object: 'Object Repository/SuperAdminConsole/Poll Pads/Poll Pads Account Filter/Remove_Account AM-Canada_Filter' is clicked on

2018-11-15 17:10:35 - [TEST_STEP][PASSED] - delay: Delayed 2 second(s)

2018-11-15 17:10:37 - [MESSAGE][PASSED] - Delayed 2 second(s)

2018-11-15 17:10:37 - [TEST_STEP][PASSED] - closeBrowser: Browser is closed

2018-11-15 17:10:37 - [MESSAGE][PASSED] - Browser is closed]]></system-out>
         <system-err><![CDATA[]]></system-err>
      </testcase>
      <testcase name="Test Cases/SuperAdminConsole/Parties/SuperAdmin Console Parties - Edit Parties" classname="Test Cases/SuperAdminConsole/Parties/SuperAdmin Console Parties - Edit Parties" status="PASSED">
         <system-out><![CDATA[2018-11-15 17:10:37 - [TEST_CASE][PASSED] - Test Cases/SuperAdminConsole/Parties/SuperAdmin Console Parties - Edit Parties: Test Cases/SuperAdminConsole/Parties/SuperAdmin Console Parties - Edit Parties

2018-11-15 17:10:37 - [TEST_STEP][PASSED] - openBrowser: Browser is opened with url: ''

2018-11-15 17:10:38 - [MESSAGE][PASSED] - Browser is opened with url: ''

2018-11-15 17:10:38 - [TEST_STEP][PASSED] - navigateToUrl: Navigate to 'https://epulsedev2.com' successfully

2018-11-15 17:10:39 - [MESSAGE][PASSED] - Navigate to 'https://epulsedev2.com' successfully

2018-11-15 17:10:39 - [TEST_STEP][PASSED] - setText: Text 'alonzo.mack@knowink.com' is set on object 'Object Repository/Login/Email Address'

2018-11-15 17:10:39 - [MESSAGE][PASSED] - Text 'alonzo.mack@knowink.com' is set on object 'Object Repository/Login/Email Address'

2018-11-15 17:10:39 - [TEST_STEP][PASSED] - setEncryptedText: Text ****** has been set on object 'Object Repository/Login/Password'

2018-11-15 17:10:40 - [MESSAGE][PASSED] - Text ****** has been set on object 'Object Repository/Login/Password'

2018-11-15 17:10:40 - [TEST_STEP][PASSED] - click: Object: 'Object Repository/Login/Sign In' is clicked on

2018-11-15 17:10:40 - [MESSAGE][PASSED] - Object: 'Object Repository/Login/Sign In' is clicked on]]></system-out>
         <system-err><![CDATA[]]></system-err>
      </testcase>
      <testcase name="Test Cases/SuperAdminConsole/Parties/SuperAdmin Console Parties - Edit Unaffliliated Ballot Parties" classname="Test Cases/SuperAdminConsole/Parties/SuperAdmin Console Parties - Edit Unaffliliated Ballot Parties" status="PASSED">
         <system-out><![CDATA[2018-11-15 17:10:40 - [TEST_CASE][PASSED] - Test Cases/SuperAdminConsole/Parties/SuperAdmin Console Parties - Edit Unaffliliated Ballot Parties: Test Cases/SuperAdminConsole/Parties/SuperAdmin Console Parties - Edit Unaffliliated Ballot Parties

2018-11-15 17:10:40 - [TEST_STEP][PASSED] - openBrowser: Browser is opened with url: ''

2018-11-15 17:10:40 - [MESSAGE][WARNING] - A browser is already opened. Closing browser and opening a new one

2018-11-15 17:10:41 - [MESSAGE][PASSED] - Browser is opened with url: ''

2018-11-15 17:10:41 - [TEST_STEP][PASSED] - navigateToUrl: Navigate to 'https://epulsedev2.com' successfully

2018-11-15 17:10:43 - [MESSAGE][PASSED] - Navigate to 'https://epulsedev2.com' successfully

2018-11-15 17:10:43 - [TEST_STEP][PASSED] - setText: Text 'alonzo.mack@knowink.com' is set on object 'Object Repository/Login/Email Address'

2018-11-15 17:10:43 - [MESSAGE][PASSED] - Text 'alonzo.mack@knowink.com' is set on object 'Object Repository/Login/Email Address'

2018-11-15 17:10:43 - [TEST_STEP][PASSED] - setEncryptedText: Text ****** has been set on object 'Object Repository/Login/Password'

2018-11-15 17:10:43 - [MESSAGE][PASSED] - Text ****** has been set on object 'Object Repository/Login/Password'

2018-11-15 17:10:43 - [TEST_STEP][PASSED] - click: Object: 'Object Repository/Login/Sign In' is clicked on

2018-11-15 17:10:44 - [MESSAGE][PASSED] - Object: 'Object Repository/Login/Sign In' is clicked on]]></system-out>
         <system-err><![CDATA[]]></system-err>
      </testcase>
      <testcase name="Test Cases/SuperAdminConsole/Parties/SuperAdmin Console Parties - Add State" classname="Test Cases/SuperAdminConsole/Parties/SuperAdmin Console Parties - Add State" status="PASSED">
         <system-out><![CDATA[2018-11-15 17:10:44 - [TEST_CASE][PASSED] - Test Cases/SuperAdminConsole/Parties/SuperAdmin Console Parties - Add State: Test Cases/SuperAdminConsole/Parties/SuperAdmin Console Parties - Add State

2018-11-15 17:10:44 - [TEST_STEP][PASSED] - openBrowser: Browser is opened with url: ''

2018-11-15 17:10:44 - [MESSAGE][WARNING] - A browser is already opened. Closing browser and opening a new one

2018-11-15 17:10:45 - [MESSAGE][PASSED] - Browser is opened with url: ''

2018-11-15 17:10:45 - [TEST_STEP][PASSED] - navigateToUrl: Navigate to 'https://epulsedev2.com' successfully

2018-11-15 17:10:46 - [MESSAGE][PASSED] - Navigate to 'https://epulsedev2.com' successfully

2018-11-15 17:10:46 - [TEST_STEP][PASSED] - setText: Text 'alonzo.mack@knowink.com' is set on object 'Object Repository/Login/Email Address'

2018-11-15 17:10:46 - [MESSAGE][PASSED] - Text 'alonzo.mack@knowink.com' is set on object 'Object Repository/Login/Email Address'

2018-11-15 17:10:46 - [TEST_STEP][PASSED] - setEncryptedText: Text ****** has been set on object 'Object Repository/Login/Password'

2018-11-15 17:10:46 - [MESSAGE][PASSED] - Text ****** has been set on object 'Object Repository/Login/Password'

2018-11-15 17:10:46 - [TEST_STEP][PASSED] - click: Object: 'Object Repository/Login/Sign In' is clicked on

2018-11-15 17:10:47 - [MESSAGE][PASSED] - Object: 'Object Repository/Login/Sign In' is clicked on

2018-11-15 17:10:47 - [TEST_STEP][PASSED] - delay: Delayed 1 second(s)

2018-11-15 17:10:48 - [MESSAGE][PASSED] - Delayed 1 second(s)

2018-11-15 17:10:48 - [TEST_STEP][PASSED] - click: Object: 'Object Repository/SuperAdminConsole/PARTIES/Add State/PARTIES' is clicked on

2018-11-15 17:10:49 - [MESSAGE][PASSED] - Object: 'Object Repository/SuperAdminConsole/PARTIES/Add State/PARTIES' is clicked on

2018-11-15 17:10:49 - [TEST_STEP][PASSED] - delay: Delayed 1 second(s)

2018-11-15 17:10:50 - [MESSAGE][PASSED] - Delayed 1 second(s)

2018-11-15 17:10:50 - [TEST_STEP][PASSED] - click: Object: 'Object Repository/SuperAdminConsole/PARTIES/Add State/Add State' is clicked on

2018-11-15 17:10:50 - [MESSAGE][PASSED] - Object: 'Object Repository/SuperAdminConsole/PARTIES/Add State/Add State' is clicked on

2018-11-15 17:10:50 - [TEST_STEP][PASSED] - delay: Delayed 1 second(s)

2018-11-15 17:10:51 - [MESSAGE][PASSED] - Delayed 1 second(s)

2018-11-15 17:10:51 - [TEST_STEP][PASSED] - selectOptionByValue: All options with value 'MN' are selected in object 'Object Repository/SuperAdminConsole/PARTIES/Add State/States Dropdown'  using regular expression

2018-11-15 17:10:52 - [MESSAGE][PASSED] - All options with value 'MN' are selected in object 'Object Repository/SuperAdminConsole/PARTIES/Add State/States Dropdown'  using regular expression

2018-11-15 17:10:52 - [TEST_STEP][PASSED] - delay: Delayed 1 second(s)

2018-11-15 17:10:53 - [MESSAGE][PASSED] - Delayed 1 second(s)

2018-11-15 17:10:53 - [TEST_STEP][PASSED] - click: Object: 'Object Repository/SuperAdminConsole/PARTIES/Add State/Create Button' is clicked on

2018-11-15 17:10:54 - [MESSAGE][PASSED] - Object: 'Object Repository/SuperAdminConsole/PARTIES/Add State/Create Button' is clicked on

2018-11-15 17:10:54 - [TEST_STEP][PASSED] - delay: Delayed 1 second(s)

2018-11-15 17:10:55 - [MESSAGE][PASSED] - Delayed 1 second(s)

2018-11-15 17:10:55 - [TEST_STEP][PASSED] - closeBrowser: Browser is closed

2018-11-15 17:10:55 - [MESSAGE][PASSED] - Browser is closed]]></system-out>
         <system-err><![CDATA[]]></system-err>
      </testcase>
      <testcase name="Test Cases/Admin Console/Election Setup/Ballot Styles/Ballot Styles - Import" classname="Test Cases/Admin Console/Election Setup/Ballot Styles/Ballot Styles - Import" status="PASSED">
         <system-out><![CDATA[2018-11-15 17:10:55 - [TEST_CASE][PASSED] - Test Cases/Admin Console/Election Setup/Ballot Styles/Ballot Styles - Import: Test Cases/Admin Console/Election Setup/Ballot Styles/Ballot Styles - Import

2018-11-15 17:10:55 - [TEST_STEP][PASSED] - openBrowser: Browser is opened with url: ''

2018-11-15 17:10:56 - [MESSAGE][PASSED] - Browser is opened with url: ''

2018-11-15 17:10:56 - [TEST_STEP][PASSED] - navigateToUrl: Navigate to 'https://epulsedev2.com' successfully

2018-11-15 17:10:57 - [MESSAGE][PASSED] - Navigate to 'https://epulsedev2.com' successfully

2018-11-15 17:10:57 - [TEST_STEP][PASSED] - setText: Text 'alonzo.mack@knowink.com' is set on object 'Object Repository/Login/Email Address'

2018-11-15 17:10:57 - [MESSAGE][PASSED] - Text 'alonzo.mack@knowink.com' is set on object 'Object Repository/Login/Email Address'

2018-11-15 17:10:57 - [TEST_STEP][PASSED] - setEncryptedText: Text ****** has been set on object 'Object Repository/Login/Password'

2018-11-15 17:10:58 - [MESSAGE][PASSED] - Text ****** has been set on object 'Object Repository/Login/Password'

2018-11-15 17:10:58 - [TEST_STEP][PASSED] - click: Object: 'Object Repository/Login/Sign In' is clicked on

2018-11-15 17:10:58 - [MESSAGE][PASSED] - Object: 'Object Repository/Login/Sign In' is clicked on

2018-11-15 17:10:58 - [TEST_STEP][PASSED] - delay: Delayed 1 second(s)

2018-11-15 17:10:59 - [MESSAGE][PASSED] - Delayed 1 second(s)

2018-11-15 17:10:59 - [TEST_STEP][PASSED] - navigateToUrl: Navigate to 'https://am-automation-test.epulsedev2.com/imports/ballot_types' successfully

2018-11-15 17:11:01 - [MESSAGE][PASSED] - Navigate to 'https://am-automation-test.epulsedev2.com/imports/ballot_types' successfully

2018-11-15 17:11:01 - [TEST_STEP][PASSED] - delay: Delayed 1 second(s)

2018-11-15 17:11:02 - [MESSAGE][PASSED] - Delayed 1 second(s)

2018-11-15 17:11:02 - [TEST_STEP][PASSED] - setText: Text '/Users/alonzomack/Downloads/Automation uploads/ballot_types.csv' is set on object 'Object Repository/Common ePulse Objects/Choose File'

2018-11-15 17:11:02 - [MESSAGE][PASSED] - Text '/Users/alonzomack/Downloads/Automation uploads/ballot_types.csv' is set on object 'Object Repository/Common ePulse Objects/Choose File'

2018-11-15 17:11:02 - [TEST_STEP][PASSED] - click: Object: 'Object Repository/Common ePulse Objects/Continue Button' is clicked on

2018-11-15 17:11:02 - [MESSAGE][PASSED] - Object: 'Object Repository/Common ePulse Objects/Continue Button' is clicked on

2018-11-15 17:11:02 - [TEST_STEP][PASSED] - delay: Delayed 1 second(s)

2018-11-15 17:11:03 - [MESSAGE][PASSED] - Delayed 1 second(s)

2018-11-15 17:11:03 - [TEST_STEP][PASSED] - click: Object: 'Object Repository/Common ePulse Objects/button_Done(working)' is clicked on

2018-11-15 17:11:06 - [MESSAGE][PASSED] - Object: 'Object Repository/Common ePulse Objects/button_Done(working)' is clicked on

2018-11-15 17:11:06 - [TEST_STEP][PASSED] - closeBrowser: Browser is closed

2018-11-15 17:11:06 - [MESSAGE][PASSED] - Browser is closed]]></system-out>
         <system-err><![CDATA[]]></system-err>
      </testcase>
      <testcase name="Test Cases/Admin Console/Account Settings/Account Settings - Users" classname="Test Cases/Admin Console/Account Settings/Account Settings - Users" status="FAILED">
         <failure type="FAILED" message="(Stack trace: com.kms.katalon.core.exception.StepFailedException: Unable to set text (Root cause: java.lang.IllegalArgumentException: Object is null)
	at com.kms.katalon.core.keyword.internal.KeywordMain.stepFailed(KeywordMain.groovy:36)
	at com.kms.katalon.core.webui.keyword.internal.WebUIKeywordMain.stepFailed(WebUIKeywordMain.groovy:65)
	at com.kms.katalon.core.webui.keyword.internal.WebUIKeywordMain.runKeyword(WebUIKeywordMain.groovy:27)
	at com.kms.katalon.core.webui.keyword.builtin.SetTextKeyword.setText(SetTextKeyword.groovy:65)
	at com.kms.katalon.core.webui.keyword.builtin.SetTextKeyword.execute(SetTextKeyword.groovy:37)
	at com.kms.katalon.core.keyword.internal.KeywordExecutor.executeKeywordForPlatform(KeywordExecutor.groovy:53)
	at com.kms.katalon.core.webui.keyword.WebUiBuiltInKeywords.setText(WebUiBuiltInKeywords.groovy:950)
	at com.kms.katalon.core.webui.keyword.WebUiBuiltInKeywords$setText$1.call(Unknown Source)
	at org.codehaus.groovy.runtime.callsite.CallSiteArray.defaultCall(CallSiteArray.java:48)
	at org.codehaus.groovy.runtime.callsite.AbstractCallSite.call(AbstractCallSite.java:113)
	at org.codehaus.groovy.runtime.callsite.AbstractCallSite.call(AbstractCallSite.java:133)
	at Script1529949966022.run(Script1529949966022.groovy:27)
	at com.kms.katalon.core.main.ScriptEngine.run(ScriptEngine.java:183)
	at com.kms.katalon.core.main.ScriptEngine.runScriptAsRawText(ScriptEngine.java:108)
	at com.kms.katalon.core.main.TestCaseExecutor.runScript(TestCaseExecutor.java:294)
	at com.kms.katalon.core.main.TestCaseExecutor.doExecute(TestCaseExecutor.java:285)
	at com.kms.katalon.core.main.TestCaseExecutor.processExecutionPhase(TestCaseExecutor.java:264)
	at com.kms.katalon.core.main.TestCaseExecutor.accessMainPhase(TestCaseExecutor.java:256)
	at com.kms.katalon.core.main.TestCaseExecutor.execute(TestCaseExecutor.java:200)
	at com.kms.katalon.core.main.TestSuiteExecutor.accessTestCaseMainPhase(TestSuiteExecutor.java:129)
	at com.kms.katalon.core.main.TestSuiteExecutor.accessTestSuiteMainPhase(TestSuiteExecutor.java:112)
	at com.kms.katalon.core.main.TestSuiteExecutor.execute(TestSuiteExecutor.java:81)
	at com.kms.katalon.core.main.TestCaseMain.startTestSuite(TestCaseMain.java:142)
	at com.kms.katalon.core.main.TestCaseMain$startTestSuite$0.call(Unknown Source)
	at org.codehaus.groovy.runtime.callsite.CallSiteArray.defaultCall(CallSiteArray.java:48)
	at org.codehaus.groovy.runtime.callsite.AbstractCallSite.call(AbstractCallSite.java:113)
	at org.codehaus.groovy.runtime.callsite.AbstractCallSite.call(AbstractCallSite.java:141)
	at TempTestSuite1542322598346.run(TempTestSuite1542322598346.groovy:36)
	at groovy.lang.GroovyShell.runScriptOrMainOrTestOrRunnable(GroovyShell.java:263)
	at groovy.lang.GroovyShell.run(GroovyShell.java:518)
	at groovy.lang.GroovyShell.run(GroovyShell.java:507)
	at groovy.ui.GroovyMain.processOnce(GroovyMain.java:653)
	at groovy.ui.GroovyMain.run(GroovyMain.java:384)
	at groovy.ui.GroovyMain.process(GroovyMain.java:370)
	at groovy.ui.GroovyMain.processArgs(GroovyMain.java:129)
	at groovy.ui.GroovyMain.main(GroovyMain.java:109)
	at sun.reflect.NativeMethodAccessorImpl.invoke0(Native Method)
	at sun.reflect.NativeMethodAccessorImpl.invoke(NativeMethodAccessorImpl.java:62)
	at sun.reflect.DelegatingMethodAccessorImpl.invoke(DelegatingMethodAccessorImpl.java:43)
	at java.lang.reflect.Method.invoke(Method.java:498)
	at org.codehaus.groovy.tools.GroovyStarter.rootLoader(GroovyStarter.java:109)
	at org.codehaus.groovy.tools.GroovyStarter.main(GroovyStarter.java:131)
)"/>
         <system-out><![CDATA[2018-11-15 17:11:06 - [TEST_CASE][FAILED] - Test Cases/Admin Console/Account Settings/Account Settings - Users: Test Cases/Admin Console/Account Settings/Account Settings - Users FAILED because (of) (Stack trace: com.kms.katalon.core.exception.StepFailedException: Unable to set text (Root cause: java.lang.IllegalArgumentException: Object is null)
	at com.kms.katalon.core.keyword.internal.KeywordMain.stepFailed(KeywordMain.groovy:36)
	at com.kms.katalon.core.webui.keyword.internal.WebUIKeywordMain.stepFailed(WebUIKeywordMain.groovy:65)
	at com.kms.katalon.core.webui.keyword.internal.WebUIKeywordMain.runKeyword(WebUIKeywordMain.groovy:27)
	at com.kms.katalon.core.webui.keyword.builtin.SetTextKeyword.setText(SetTextKeyword.groovy:65)
	at com.kms.katalon.core.webui.keyword.builtin.SetTextKeyword.execute(SetTextKeyword.groovy:37)
	at com.kms.katalon.core.keyword.internal.KeywordExecutor.executeKeywordForPlatform(KeywordExecutor.groovy:53)
	at com.kms.katalon.core.webui.keyword.WebUiBuiltInKeywords.setText(WebUiBuiltInKeywords.groovy:950)
	at com.kms.katalon.core.webui.keyword.WebUiBuiltInKeywords$setText$1.call(Unknown Source)
	at org.codehaus.groovy.runtime.callsite.CallSiteArray.defaultCall(CallSiteArray.java:48)
	at org.codehaus.groovy.runtime.callsite.AbstractCallSite.call(AbstractCallSite.java:113)
	at org.codehaus.groovy.runtime.callsite.AbstractCallSite.call(AbstractCallSite.java:133)
	at Script1529949966022.run(Script1529949966022.groovy:27)
	at com.kms.katalon.core.main.ScriptEngine.run(ScriptEngine.java:183)
	at com.kms.katalon.core.main.ScriptEngine.runScriptAsRawText(ScriptEngine.java:108)
	at com.kms.katalon.core.main.TestCaseExecutor.runScript(TestCaseExecutor.java:294)
	at com.kms.katalon.core.main.TestCaseExecutor.doExecute(TestCaseExecutor.java:285)
	at com.kms.katalon.core.main.TestCaseExecutor.processExecutionPhase(TestCaseExecutor.java:264)
	at com.kms.katalon.core.main.TestCaseExecutor.accessMainPhase(TestCaseExecutor.java:256)
	at com.kms.katalon.core.main.TestCaseExecutor.execute(TestCaseExecutor.java:200)
	at com.kms.katalon.core.main.TestSuiteExecutor.accessTestCaseMainPhase(TestSuiteExecutor.java:129)
	at com.kms.katalon.core.main.TestSuiteExecutor.accessTestSuiteMainPhase(TestSuiteExecutor.java:112)
	at com.kms.katalon.core.main.TestSuiteExecutor.execute(TestSuiteExecutor.java:81)
	at com.kms.katalon.core.main.TestCaseMain.startTestSuite(TestCaseMain.java:142)
	at com.kms.katalon.core.main.TestCaseMain$startTestSuite$0.call(Unknown Source)
	at org.codehaus.groovy.runtime.callsite.CallSiteArray.defaultCall(CallSiteArray.java:48)
	at org.codehaus.groovy.runtime.callsite.AbstractCallSite.call(AbstractCallSite.java:113)
	at org.codehaus.groovy.runtime.callsite.AbstractCallSite.call(AbstractCallSite.java:141)
	at TempTestSuite1542322598346.run(TempTestSuite1542322598346.groovy:36)
	at groovy.lang.GroovyShell.runScriptOrMainOrTestOrRunnable(GroovyShell.java:263)
	at groovy.lang.GroovyShell.run(GroovyShell.java:518)
	at groovy.lang.GroovyShell.run(GroovyShell.java:507)
	at groovy.ui.GroovyMain.processOnce(GroovyMain.java:653)
	at groovy.ui.GroovyMain.run(GroovyMain.java:384)
	at groovy.ui.GroovyMain.process(GroovyMain.java:370)
	at groovy.ui.GroovyMain.processArgs(GroovyMain.java:129)
	at groovy.ui.GroovyMain.main(GroovyMain.java:109)
	at sun.reflect.NativeMethodAccessorImpl.invoke0(Native Method)
	at sun.reflect.NativeMethodAccessorImpl.invoke(NativeMethodAccessorImpl.java:62)
	at sun.reflect.DelegatingMethodAccessorImpl.invoke(DelegatingMethodAccessorImpl.java:43)
	at java.lang.reflect.Method.invoke(Method.java:498)
	at org.codehaus.groovy.tools.GroovyStarter.rootLoader(GroovyStarter.java:109)
	at org.codehaus.groovy.tools.GroovyStarter.main(GroovyStarter.java:131)
)

2018-11-15 17:11:06 - [TEST_STEP][PASSED] - openBrowser: Browser is opened with url: ''

2018-11-15 17:11:07 - [MESSAGE][PASSED] - Browser is opened with url: ''

2018-11-15 17:11:07 - [TEST_STEP][PASSED] - navigateToUrl: Navigate to 'https://epulsedev2.com/users/sign_in' successfully

2018-11-15 17:11:09 - [MESSAGE][PASSED] - Navigate to 'https://epulsedev2.com/users/sign_in' successfully

2018-11-15 17:11:09 - [TEST_STEP][FAILED] - setText: Unable to set text (Root cause: java.lang.IllegalArgumentException: Object is null)

2018-11-15 17:11:09 - [MESSAGE][WARNING] - Test object with id 'Object Repository/Page_Epulse/input_useremail' does not exist

2018-11-15 17:11:09 - [MESSAGE][WARNING] - Test object with id 'Object Repository/' does not exist

2018-11-15 17:11:09 - [MESSAGE][FAILED] - Unable to set text (Root cause: java.lang.IllegalArgumentException: Object is null)
[[ATTACHMENT|/Users/alonzomack/Katalon Studio/Regression/Reports/New Test Suite/20181115_165638/1542323469198.png]]]]></system-out>
         <system-err><![CDATA[2018-11-15 17:11:06 - [TEST_CASE][FAILED] - Test Cases/Admin Console/Account Settings/Account Settings - Users: Test Cases/Admin Console/Account Settings/Account Settings - Users FAILED because (of) (Stack trace: com.kms.katalon.core.exception.StepFailedException: Unable to set text (Root cause: java.lang.IllegalArgumentException: Object is null)
	at com.kms.katalon.core.keyword.internal.KeywordMain.stepFailed(KeywordMain.groovy:36)
	at com.kms.katalon.core.webui.keyword.internal.WebUIKeywordMain.stepFailed(WebUIKeywordMain.groovy:65)
	at com.kms.katalon.core.webui.keyword.internal.WebUIKeywordMain.runKeyword(WebUIKeywordMain.groovy:27)
	at com.kms.katalon.core.webui.keyword.builtin.SetTextKeyword.setText(SetTextKeyword.groovy:65)
	at com.kms.katalon.core.webui.keyword.builtin.SetTextKeyword.execute(SetTextKeyword.groovy:37)
	at com.kms.katalon.core.keyword.internal.KeywordExecutor.executeKeywordForPlatform(KeywordExecutor.groovy:53)
	at com.kms.katalon.core.webui.keyword.WebUiBuiltInKeywords.setText(WebUiBuiltInKeywords.groovy:950)
	at com.kms.katalon.core.webui.keyword.WebUiBuiltInKeywords$setText$1.call(Unknown Source)
	at org.codehaus.groovy.runtime.callsite.CallSiteArray.defaultCall(CallSiteArray.java:48)
	at org.codehaus.groovy.runtime.callsite.AbstractCallSite.call(AbstractCallSite.java:113)
	at org.codehaus.groovy.runtime.callsite.AbstractCallSite.call(AbstractCallSite.java:133)
	at Script1529949966022.run(Script1529949966022.groovy:27)
	at com.kms.katalon.core.main.ScriptEngine.run(ScriptEngine.java:183)
	at com.kms.katalon.core.main.ScriptEngine.runScriptAsRawText(ScriptEngine.java:108)
	at com.kms.katalon.core.main.TestCaseExecutor.runScript(TestCaseExecutor.java:294)
	at com.kms.katalon.core.main.TestCaseExecutor.doExecute(TestCaseExecutor.java:285)
	at com.kms.katalon.core.main.TestCaseExecutor.processExecutionPhase(TestCaseExecutor.java:264)
	at com.kms.katalon.core.main.TestCaseExecutor.accessMainPhase(TestCaseExecutor.java:256)
	at com.kms.katalon.core.main.TestCaseExecutor.execute(TestCaseExecutor.java:200)
	at com.kms.katalon.core.main.TestSuiteExecutor.accessTestCaseMainPhase(TestSuiteExecutor.java:129)
	at com.kms.katalon.core.main.TestSuiteExecutor.accessTestSuiteMainPhase(TestSuiteExecutor.java:112)
	at com.kms.katalon.core.main.TestSuiteExecutor.execute(TestSuiteExecutor.java:81)
	at com.kms.katalon.core.main.TestCaseMain.startTestSuite(TestCaseMain.java:142)
	at com.kms.katalon.core.main.TestCaseMain$startTestSuite$0.call(Unknown Source)
	at org.codehaus.groovy.runtime.callsite.CallSiteArray.defaultCall(CallSiteArray.java:48)
	at org.codehaus.groovy.runtime.callsite.AbstractCallSite.call(AbstractCallSite.java:113)
	at org.codehaus.groovy.runtime.callsite.AbstractCallSite.call(AbstractCallSite.java:141)
	at TempTestSuite1542322598346.run(TempTestSuite1542322598346.groovy:36)
	at groovy.lang.GroovyShell.runScriptOrMainOrTestOrRunnable(GroovyShell.java:263)
	at groovy.lang.GroovyShell.run(GroovyShell.java:518)
	at groovy.lang.GroovyShell.run(GroovyShell.java:507)
	at groovy.ui.GroovyMain.processOnce(GroovyMain.java:653)
	at groovy.ui.GroovyMain.run(GroovyMain.java:384)
	at groovy.ui.GroovyMain.process(GroovyMain.java:370)
	at groovy.ui.GroovyMain.processArgs(GroovyMain.java:129)
	at groovy.ui.GroovyMain.main(GroovyMain.java:109)
	at sun.reflect.NativeMethodAccessorImpl.invoke0(Native Method)
	at sun.reflect.NativeMethodAccessorImpl.invoke(NativeMethodAccessorImpl.java:62)
	at sun.reflect.DelegatingMethodAccessorImpl.invoke(DelegatingMethodAccessorImpl.java:43)
	at java.lang.reflect.Method.invoke(Method.java:498)
	at org.codehaus.groovy.tools.GroovyStarter.rootLoader(GroovyStarter.java:109)
	at org.codehaus.groovy.tools.GroovyStarter.main(GroovyStarter.java:131)
)]]></system-err>
      </testcase>
      <testcase name="Test Cases/SuperAdminConsole/Statuses/Statuses_Add" classname="Test Cases/SuperAdminConsole/Statuses/Statuses_Add" status="PASSED">
         <system-out><![CDATA[2018-11-15 17:11:09 - [TEST_CASE][PASSED] - Test Cases/SuperAdminConsole/Statuses/Statuses_Add: Test Cases/SuperAdminConsole/Statuses/Statuses_Add

2018-11-15 17:11:09 - [TEST_STEP][PASSED] - openBrowser: Browser is opened with url: ''

2018-11-15 17:11:09 - [MESSAGE][WARNING] - A browser is already opened. Closing browser and opening a new one

2018-11-15 17:11:10 - [MESSAGE][PASSED] - Browser is opened with url: ''

2018-11-15 17:11:10 - [TEST_STEP][PASSED] - navigateToUrl: Navigate to 'https://epulsedev2.com' successfully

2018-11-15 17:11:12 - [MESSAGE][PASSED] - Navigate to 'https://epulsedev2.com' successfully

2018-11-15 17:11:12 - [TEST_STEP][PASSED] - setText: Text 'alonzo.mack@knowink.com' is set on object 'Object Repository/Login/Email Address'

2018-11-15 17:11:12 - [MESSAGE][PASSED] - Text 'alonzo.mack@knowink.com' is set on object 'Object Repository/Login/Email Address'

2018-11-15 17:11:12 - [TEST_STEP][PASSED] - setEncryptedText: Text ****** has been set on object 'Object Repository/Login/Password'

2018-11-15 17:11:12 - [MESSAGE][PASSED] - Text ****** has been set on object 'Object Repository/Login/Password'

2018-11-15 17:11:12 - [TEST_STEP][PASSED] - click: Object: 'Object Repository/Login/Sign In' is clicked on

2018-11-15 17:11:13 - [MESSAGE][PASSED] - Object: 'Object Repository/Login/Sign In' is clicked on

2018-11-15 17:11:13 - [TEST_STEP][PASSED] - delay: Delayed 1 second(s)

2018-11-15 17:11:14 - [MESSAGE][PASSED] - Delayed 1 second(s)

2018-11-15 17:11:14 - [TEST_STEP][PASSED] - click: Object: 'Object Repository/SuperAdminConsole/STATUS/STATUSES' is clicked on

2018-11-15 17:11:15 - [MESSAGE][PASSED] - Object: 'Object Repository/SuperAdminConsole/STATUS/STATUSES' is clicked on

2018-11-15 17:11:15 - [TEST_STEP][PASSED] - delay: Delayed 1 second(s)

2018-11-15 17:11:16 - [MESSAGE][PASSED] - Delayed 1 second(s)

2018-11-15 17:11:16 - [TEST_STEP][PASSED] - click: Object: 'Object Repository/SuperAdminConsole/STATUS/Add Status' is clicked on

2018-11-15 17:11:16 - [MESSAGE][PASSED] - Object: 'Object Repository/SuperAdminConsole/STATUS/Add Status' is clicked on

2018-11-15 17:11:16 - [TEST_STEP][PASSED] - delay: Delayed 1 second(s)

2018-11-15 17:11:17 - [MESSAGE][PASSED] - Delayed 1 second(s)

2018-11-15 17:11:17 - [TEST_STEP][PASSED] - selectOptionByValue: All options with value 'voter' are selected in object 'Object Repository/SuperAdminConsole/STATUS/Selet_Voter Type'  using regular expression

2018-11-15 17:11:17 - [MESSAGE][PASSED] - All options with value 'voter' are selected in object 'Object Repository/SuperAdminConsole/STATUS/Selet_Voter Type'  using regular expression

2018-11-15 17:11:17 - [TEST_STEP][PASSED] - delay: Delayed 1 second(s)

2018-11-15 17:11:18 - [MESSAGE][PASSED] - Delayed 1 second(s)

2018-11-15 17:11:18 - [TEST_STEP][PASSED] - selectOptionByValue: All options with value '1' are selected in object 'Object Repository/SuperAdminConsole/STATUS/select_Voter Status'  using regular expression

2018-11-15 17:11:18 - [MESSAGE][PASSED] - All options with value '1' are selected in object 'Object Repository/SuperAdminConsole/STATUS/select_Voter Status'  using regular expression

2018-11-15 17:11:18 - [TEST_STEP][PASSED] - delay: Delayed 1 second(s)

2018-11-15 17:11:19 - [MESSAGE][PASSED] - Delayed 1 second(s)

2018-11-15 17:11:19 - [TEST_STEP][PASSED] - selectOptionByValue: All options with value '3' are selected in object 'Object Repository/SuperAdminConsole/STATUS/select_Color'  using regular expression

2018-11-15 17:11:19 - [MESSAGE][PASSED] - All options with value '3' are selected in object 'Object Repository/SuperAdminConsole/STATUS/select_Color'  using regular expression

2018-11-15 17:11:19 - [TEST_STEP][PASSED] - delay: Delayed 1 second(s)

2018-11-15 17:11:20 - [MESSAGE][PASSED] - Delayed 1 second(s)

2018-11-15 17:11:20 - [TEST_STEP][PASSED] - selectOptionByValue: All options with value 'true' are selected in object 'Object Repository/SuperAdminConsole/STATUS/select_Allowed to Vote'  using regular expression

2018-11-15 17:11:20 - [MESSAGE][PASSED] - All options with value 'true' are selected in object 'Object Repository/SuperAdminConsole/STATUS/select_Allowed to Vote'  using regular expression

2018-11-15 17:11:20 - [TEST_STEP][PASSED] - delay: Delayed 1 second(s)

2018-11-15 17:11:21 - [MESSAGE][PASSED] - Delayed 1 second(s)

2018-11-15 17:11:21 - [TEST_STEP][PASSED] - selectOptionByValue: All options with value 'false' are selected in object 'Object Repository/SuperAdminConsole/STATUS/Select Confirm ID Scan'  using regular expression

2018-11-15 17:11:22 - [MESSAGE][PASSED] - All options with value 'false' are selected in object 'Object Repository/SuperAdminConsole/STATUS/Select Confirm ID Scan'  using regular expression

2018-11-15 17:11:22 - [TEST_STEP][PASSED] - delay: Delayed 1 second(s)

2018-11-15 17:11:23 - [MESSAGE][PASSED] - Delayed 1 second(s)

2018-11-15 17:11:23 - [TEST_STEP][PASSED] - selectOptionByValue: All options with value 'true' are selected in object 'Object Repository/SuperAdminConsole/STATUS/Select_Name Shown on Voter Lookup'  using regular expression

2018-11-15 17:11:23 - [MESSAGE][PASSED] - All options with value 'true' are selected in object 'Object Repository/SuperAdminConsole/STATUS/Select_Name Shown on Voter Lookup'  using regular expression

2018-11-15 17:11:23 - [TEST_STEP][PASSED] - delay: Delayed 1 second(s)

2018-11-15 17:11:24 - [MESSAGE][PASSED] - Delayed 1 second(s)

2018-11-15 17:11:24 - [TEST_STEP][PASSED] - click: Object: 'Object Repository/SuperAdminConsole/STATUS/SAVE' is clicked on

2018-11-15 17:11:24 - [MESSAGE][PASSED] - Object: 'Object Repository/SuperAdminConsole/STATUS/SAVE' is clicked on

2018-11-15 17:11:24 - [TEST_STEP][PASSED] - closeBrowser: Browser is closed

2018-11-15 17:11:24 - [MESSAGE][PASSED] - Browser is closed]]></system-out>
         <system-err><![CDATA[]]></system-err>
      </testcase>
      <testcase name="Test Cases/SuperAdminConsole/Statuses/Statuses_Edit" classname="Test Cases/SuperAdminConsole/Statuses/Statuses_Edit" status="PASSED">
         <system-out><![CDATA[2018-11-15 17:11:24 - [TEST_CASE][PASSED] - Test Cases/SuperAdminConsole/Statuses/Statuses_Edit: Test Cases/SuperAdminConsole/Statuses/Statuses_Edit

2018-11-15 17:11:24 - [TEST_STEP][PASSED] - openBrowser: Browser is opened with url: ''

2018-11-15 17:11:25 - [MESSAGE][PASSED] - Browser is opened with url: ''

2018-11-15 17:11:25 - [TEST_STEP][PASSED] - navigateToUrl: Navigate to 'https://epulsedev2.com' successfully

2018-11-15 17:11:26 - [MESSAGE][PASSED] - Navigate to 'https://epulsedev2.com' successfully

2018-11-15 17:11:26 - [TEST_STEP][PASSED] - setText: Text 'alonzo.mack@knowink.com' is set on object 'Object Repository/Login/Email Address'

2018-11-15 17:11:27 - [MESSAGE][PASSED] - Text 'alonzo.mack@knowink.com' is set on object 'Object Repository/Login/Email Address'

2018-11-15 17:11:27 - [TEST_STEP][PASSED] - setEncryptedText: Text ****** has been set on object 'Object Repository/Login/Password'

2018-11-15 17:11:27 - [MESSAGE][PASSED] - Text ****** has been set on object 'Object Repository/Login/Password'

2018-11-15 17:11:27 - [TEST_STEP][PASSED] - click: Object: 'Object Repository/Login/Sign In' is clicked on

2018-11-15 17:11:28 - [MESSAGE][PASSED] - Object: 'Object Repository/Login/Sign In' is clicked on

2018-11-15 17:11:28 - [TEST_STEP][PASSED] - delay: Delayed 1 second(s)

2018-11-15 17:11:29 - [MESSAGE][PASSED] - Delayed 1 second(s)

2018-11-15 17:11:29 - [TEST_STEP][PASSED] - click: Object: 'Object Repository/SuperAdminConsole/STATUS/STATUSES' is clicked on

2018-11-15 17:11:29 - [MESSAGE][PASSED] - Object: 'Object Repository/SuperAdminConsole/STATUS/STATUSES' is clicked on

2018-11-15 17:11:29 - [TEST_STEP][PASSED] - delay: Delayed 1 second(s)

2018-11-15 17:11:30 - [MESSAGE][PASSED] - Delayed 1 second(s)

2018-11-15 17:11:30 - [TEST_STEP][PASSED] - click: Object: 'Object Repository/SuperAdminConsole/STATUS/Edit Absentee Status' is clicked on

2018-11-15 17:11:30 - [MESSAGE][PASSED] - Object: 'Object Repository/SuperAdminConsole/STATUS/Edit Absentee Status' is clicked on

2018-11-15 17:11:30 - [TEST_STEP][PASSED] - delay: Delayed 1 second(s)

2018-11-15 17:11:31 - [MESSAGE][PASSED] - Delayed 1 second(s)

2018-11-15 17:11:31 - [TEST_STEP][PASSED] - setText: Text 'Custome Name' is set on object 'Object Repository/SuperAdminConsole/STATUS/Input_Status_Custom Name'

2018-11-15 17:11:32 - [MESSAGE][PASSED] - Text 'Custome Name' is set on object 'Object Repository/SuperAdminConsole/STATUS/Input_Status_Custom Name'

2018-11-15 17:11:32 - [TEST_STEP][PASSED] - delay: Delayed 1 second(s)

2018-11-15 17:11:33 - [MESSAGE][PASSED] - Delayed 1 second(s)

2018-11-15 17:11:33 - [TEST_STEP][PASSED] - selectOptionByValue: All options with value 'false' are selected in object 'Object Repository/SuperAdminConsole/STATUS/select_Allowed to Vote'  using regular expression

2018-11-15 17:11:33 - [MESSAGE][PASSED] - All options with value 'false' are selected in object 'Object Repository/SuperAdminConsole/STATUS/select_Allowed to Vote'  using regular expression

2018-11-15 17:11:33 - [TEST_STEP][PASSED] - delay: Delayed 1 second(s)

2018-11-15 17:11:34 - [MESSAGE][PASSED] - Delayed 1 second(s)

2018-11-15 17:11:34 - [TEST_STEP][PASSED] - selectOptionByValue: All options with value 'false' are selected in object 'Object Repository/SuperAdminConsole/STATUS/Select Confirm ID Scan'  using regular expression

2018-11-15 17:11:34 - [MESSAGE][PASSED] - All options with value 'false' are selected in object 'Object Repository/SuperAdminConsole/STATUS/Select Confirm ID Scan'  using regular expression

2018-11-15 17:11:34 - [TEST_STEP][PASSED] - delay: Delayed 1 second(s)

2018-11-15 17:11:35 - [MESSAGE][PASSED] - Delayed 1 second(s)

2018-11-15 17:11:35 - [TEST_STEP][PASSED] - click: Object: 'Object Repository/SuperAdminConsole/STATUS/SAVE' is clicked on

2018-11-15 17:11:35 - [MESSAGE][PASSED] - Object: 'Object Repository/SuperAdminConsole/STATUS/SAVE' is clicked on

2018-11-15 17:11:35 - [TEST_STEP][PASSED] - delay: Delayed 1 second(s)

2018-11-15 17:11:36 - [MESSAGE][PASSED] - Delayed 1 second(s)

2018-11-15 17:11:36 - [TEST_STEP][PASSED] - closeBrowser: Browser is closed

2018-11-15 17:11:36 - [MESSAGE][PASSED] - Browser is closed]]></system-out>
         <system-err><![CDATA[]]></system-err>
      </testcase>
      <testcase name="Test Cases/SuperAdminConsole/Statuses/Statuses - Add Absentee Status" classname="Test Cases/SuperAdminConsole/Statuses/Statuses - Add Absentee Status" status="PASSED">
         <system-out><![CDATA[2018-11-15 17:11:36 - [TEST_CASE][PASSED] - Test Cases/SuperAdminConsole/Statuses/Statuses - Add Absentee Status: Test Cases/SuperAdminConsole/Statuses/Statuses - Add Absentee Status

2018-11-15 17:11:36 - [TEST_STEP][PASSED] - openBrowser: Browser is opened with url: ''

2018-11-15 17:11:37 - [MESSAGE][PASSED] - Browser is opened with url: ''

2018-11-15 17:11:37 - [TEST_STEP][PASSED] - navigateToUrl: Navigate to 'https://epulsedev2.com' successfully

2018-11-15 17:11:38 - [MESSAGE][PASSED] - Navigate to 'https://epulsedev2.com' successfully

2018-11-15 17:11:38 - [TEST_STEP][PASSED] - setText: Text 'alonzo.mack@knowink.com' is set on object 'Object Repository/Login/Email Address'

2018-11-15 17:11:39 - [MESSAGE][PASSED] - Text 'alonzo.mack@knowink.com' is set on object 'Object Repository/Login/Email Address'

2018-11-15 17:11:39 - [TEST_STEP][PASSED] - setEncryptedText: Text ****** has been set on object 'Object Repository/Login/Password'

2018-11-15 17:11:39 - [MESSAGE][PASSED] - Text ****** has been set on object 'Object Repository/Login/Password'

2018-11-15 17:11:39 - [TEST_STEP][PASSED] - click: Object: 'Object Repository/Login/Sign In' is clicked on

2018-11-15 17:11:40 - [MESSAGE][PASSED] - Object: 'Object Repository/Login/Sign In' is clicked on

2018-11-15 17:11:40 - [TEST_STEP][PASSED] - delay: Delayed 1 second(s)

2018-11-15 17:11:41 - [MESSAGE][PASSED] - Delayed 1 second(s)

2018-11-15 17:11:41 - [TEST_STEP][PASSED] - delay: Delayed 1 second(s)

2018-11-15 17:11:42 - [MESSAGE][PASSED] - Delayed 1 second(s)

2018-11-15 17:11:42 - [TEST_STEP][PASSED] - click: Object: 'Object Repository/SuperAdminConsole/STATUS/STATUSES' is clicked on

2018-11-15 17:11:43 - [MESSAGE][PASSED] - Object: 'Object Repository/SuperAdminConsole/STATUS/STATUSES' is clicked on

2018-11-15 17:11:43 - [TEST_STEP][PASSED] - delay: Delayed 1 second(s)

2018-11-15 17:11:44 - [MESSAGE][PASSED] - Delayed 1 second(s)

2018-11-15 17:11:44 - [TEST_STEP][PASSED] - click: Object: 'Object Repository/SuperAdminConsole/STATUS/Add Status' is clicked on

2018-11-15 17:11:44 - [MESSAGE][PASSED] - Object: 'Object Repository/SuperAdminConsole/STATUS/Add Status' is clicked on

2018-11-15 17:11:44 - [TEST_STEP][PASSED] - delay: Delayed 1 second(s)

2018-11-15 17:11:45 - [MESSAGE][PASSED] - Delayed 1 second(s)

2018-11-15 17:11:45 - [TEST_STEP][PASSED] - selectOptionByValue: All options with value 'absentee' are selected in object 'Object Repository/SuperAdminConsole/STATUS/Selet_Voter Type'  using regular expression

2018-11-15 17:11:45 - [MESSAGE][PASSED] - All options with value 'absentee' are selected in object 'Object Repository/SuperAdminConsole/STATUS/Selet_Voter Type'  using regular expression

2018-11-15 17:11:45 - [TEST_STEP][PASSED] - delay: Delayed 1 second(s)

2018-11-15 17:11:46 - [MESSAGE][PASSED] - Delayed 1 second(s)

2018-11-15 17:11:46 - [TEST_STEP][PASSED] - selectOptionByValue: All options with value '17' are selected in object 'Object Repository/SuperAdminConsole/STATUS/Select Absentee Status'  using regular expression

2018-11-15 17:11:46 - [MESSAGE][PASSED] - All options with value '17' are selected in object 'Object Repository/SuperAdminConsole/STATUS/Select Absentee Status'  using regular expression

2018-11-15 17:11:46 - [TEST_STEP][PASSED] - delay: Delayed 1 second(s)

2018-11-15 17:11:47 - [MESSAGE][PASSED] - Delayed 1 second(s)

2018-11-15 17:11:47 - [TEST_STEP][PASSED] - selectOptionByValue: All options with value '2' are selected in object 'Object Repository/SuperAdminConsole/STATUS/select_Color'  using regular expression

2018-11-15 17:11:47 - [MESSAGE][PASSED] - All options with value '2' are selected in object 'Object Repository/SuperAdminConsole/STATUS/select_Color'  using regular expression

2018-11-15 17:11:47 - [TEST_STEP][PASSED] - delay: Delayed 1 second(s)

2018-11-15 17:11:48 - [MESSAGE][PASSED] - Delayed 1 second(s)

2018-11-15 17:11:48 - [TEST_STEP][PASSED] - selectOptionByValue: All options with value 'false' are selected in object 'Object Repository/SuperAdminConsole/STATUS/select_Allowed to Vote'  using regular expression

2018-11-15 17:11:48 - [MESSAGE][PASSED] - All options with value 'false' are selected in object 'Object Repository/SuperAdminConsole/STATUS/select_Allowed to Vote'  using regular expression

2018-11-15 17:11:48 - [TEST_STEP][PASSED] - delay: Delayed 1 second(s)

2018-11-15 17:11:49 - [MESSAGE][PASSED] - Delayed 1 second(s)

2018-11-15 17:11:49 - [TEST_STEP][PASSED] - selectOptionByValue: All options with value 'false' are selected in object 'Object Repository/SuperAdminConsole/STATUS/Select Confirm ID Scan'  using regular expression

2018-11-15 17:11:49 - [MESSAGE][PASSED] - All options with value 'false' are selected in object 'Object Repository/SuperAdminConsole/STATUS/Select Confirm ID Scan'  using regular expression

2018-11-15 17:11:49 - [TEST_STEP][PASSED] - delay: Delayed 1 second(s)

2018-11-15 17:11:50 - [MESSAGE][PASSED] - Delayed 1 second(s)

2018-11-15 17:11:50 - [TEST_STEP][PASSED] - selectOptionByValue: All options with value 'true' are selected in object 'Object Repository/SuperAdminConsole/STATUS/Select_Name Shown on Voter Lookup'  using regular expression

2018-11-15 17:11:50 - [MESSAGE][PASSED] - All options with value 'true' are selected in object 'Object Repository/SuperAdminConsole/STATUS/Select_Name Shown on Voter Lookup'  using regular expression

2018-11-15 17:11:50 - [TEST_STEP][PASSED] - delay: Delayed 1 second(s)

2018-11-15 17:11:51 - [MESSAGE][PASSED] - Delayed 1 second(s)

2018-11-15 17:11:51 - [TEST_STEP][PASSED] - click: Object: 'Object Repository/SuperAdminConsole/STATUS/SAVE' is clicked on

2018-11-15 17:11:52 - [MESSAGE][PASSED] - Object: 'Object Repository/SuperAdminConsole/STATUS/SAVE' is clicked on

2018-11-15 17:11:52 - [TEST_STEP][PASSED] - delay: Delayed 1 second(s)

2018-11-15 17:11:53 - [MESSAGE][PASSED] - Delayed 1 second(s)

2018-11-15 17:11:53 - [TEST_STEP][PASSED] - closeBrowser: Browser is closed

2018-11-15 17:11:53 - [MESSAGE][PASSED] - Browser is closed]]></system-out>
         <system-err><![CDATA[]]></system-err>
      </testcase>
      <testcase name="Test Cases/SuperAdminConsole/Audit Logs/Audit Logs - Filters" classname="Test Cases/SuperAdminConsole/Audit Logs/Audit Logs - Filters" status="PASSED">
         <system-out><![CDATA[2018-11-15 17:11:53 - [TEST_CASE][PASSED] - Test Cases/SuperAdminConsole/Audit Logs/Audit Logs - Filters: Test Cases/SuperAdminConsole/Audit Logs/Audit Logs - Filters

2018-11-15 17:11:53 - [TEST_STEP][PASSED] - openBrowser: Browser is opened with url: ''

2018-11-15 17:11:54 - [MESSAGE][PASSED] - Browser is opened with url: ''

2018-11-15 17:11:54 - [TEST_STEP][PASSED] - navigateToUrl: Navigate to 'https://epulsedev2.com' successfully

2018-11-15 17:11:55 - [MESSAGE][PASSED] - Navigate to 'https://epulsedev2.com' successfully

2018-11-15 17:11:55 - [TEST_STEP][PASSED] - setText: Text 'alonzo.mack@knowink.com' is set on object 'Object Repository/Login/Email Address'

2018-11-15 17:11:55 - [MESSAGE][PASSED] - Text 'alonzo.mack@knowink.com' is set on object 'Object Repository/Login/Email Address'

2018-11-15 17:11:55 - [TEST_STEP][PASSED] - setEncryptedText: Text ****** has been set on object 'Object Repository/Login/Password'

2018-11-15 17:11:55 - [MESSAGE][PASSED] - Text ****** has been set on object 'Object Repository/Login/Password'

2018-11-15 17:11:55 - [TEST_STEP][PASSED] - click: Object: 'Object Repository/Login/Sign In' is clicked on

2018-11-15 17:11:56 - [MESSAGE][PASSED] - Object: 'Object Repository/Login/Sign In' is clicked on

2018-11-15 17:11:56 - [TEST_STEP][PASSED] - click: Object: 'Object Repository/SuperAdminConsole/Audit Logs/AUDIT LOGS link' is clicked on

2018-11-15 17:11:57 - [MESSAGE][PASSED] - Object: 'Object Repository/SuperAdminConsole/Audit Logs/AUDIT LOGS link' is clicked on

2018-11-15 17:11:57 - [TEST_STEP][PASSED] - delay: Delayed 1 second(s)

2018-11-15 17:11:58 - [MESSAGE][PASSED] - Delayed 1 second(s)

2018-11-15 17:11:58 - [TEST_STEP][PASSED] - click: Object: 'Object Repository/SuperAdminConsole/Audit Logs/Filter Buttons/User Filter' is clicked on

2018-11-15 17:11:58 - [MESSAGE][PASSED] - Object: 'Object Repository/SuperAdminConsole/Audit Logs/Filter Buttons/User Filter' is clicked on

2018-11-15 17:11:58 - [TEST_STEP][PASSED] - delay: Delayed 1 second(s)

2018-11-15 17:11:59 - [MESSAGE][PASSED] - Delayed 1 second(s)

2018-11-15 17:11:59 - [TEST_STEP][PASSED] - click: Object: 'Object Repository/SuperAdminConsole/Audit Logs/User Filter Dropdown' is clicked on

2018-11-15 17:11:59 - [MESSAGE][PASSED] - Object: 'Object Repository/SuperAdminConsole/Audit Logs/User Filter Dropdown' is clicked on

2018-11-15 17:11:59 - [TEST_STEP][PASSED] - delay: Delayed 1 second(s)

2018-11-15 17:12:00 - [MESSAGE][PASSED] - Delayed 1 second(s)

2018-11-15 17:12:00 - [TEST_STEP][PASSED] - click: Object: 'Object Repository/SuperAdminConsole/Audit Logs/Select alonzo.mackknowink.com' is clicked on

2018-11-15 17:12:00 - [MESSAGE][PASSED] - Object: 'Object Repository/SuperAdminConsole/Audit Logs/Select alonzo.mackknowink.com' is clicked on

2018-11-15 17:12:00 - [TEST_STEP][PASSED] - delay: Delayed 1 second(s)

2018-11-15 17:12:01 - [MESSAGE][PASSED] - Delayed 1 second(s)

2018-11-15 17:12:01 - [TEST_STEP][PASSED] - click: Object: 'Object Repository/SuperAdminConsole/Audit Logs/Filters Apply buttons/User Apply Filter' is clicked on

2018-11-15 17:12:01 - [MESSAGE][PASSED] - Object: 'Object Repository/SuperAdminConsole/Audit Logs/Filters Apply buttons/User Apply Filter' is clicked on

2018-11-15 17:12:01 - [TEST_STEP][PASSED] - delay: Delayed 1 second(s)

2018-11-15 17:12:02 - [MESSAGE][PASSED] - Delayed 1 second(s)

2018-11-15 17:12:02 - [TEST_STEP][PASSED] - click: Object: 'Object Repository/SuperAdminConsole/Audit Logs/Remove Filter' is clicked on

2018-11-15 17:12:03 - [MESSAGE][PASSED] - Object: 'Object Repository/SuperAdminConsole/Audit Logs/Remove Filter' is clicked on

2018-11-15 17:12:03 - [TEST_STEP][PASSED] - delay: Delayed 1 second(s)

2018-11-15 17:12:04 - [MESSAGE][PASSED] - Delayed 1 second(s)

2018-11-15 17:12:04 - [TEST_STEP][PASSED] - click: Object: 'Object Repository/SuperAdminConsole/Audit Logs/Filter Buttons/Election Filter' is clicked on

2018-11-15 17:12:04 - [MESSAGE][PASSED] - Object: 'Object Repository/SuperAdminConsole/Audit Logs/Filter Buttons/Election Filter' is clicked on

2018-11-15 17:12:04 - [TEST_STEP][PASSED] - delay: Delayed 1 second(s)

2018-11-15 17:12:05 - [MESSAGE][PASSED] - Delayed 1 second(s)

2018-11-15 17:12:05 - [TEST_STEP][PASSED] - click: Object: 'Object Repository/SuperAdminConsole/Audit Logs/Logs/Select General Election' is clicked on

2018-11-15 17:12:05 - [MESSAGE][PASSED] - Object: 'Object Repository/SuperAdminConsole/Audit Logs/Logs/Select General Election' is clicked on

2018-11-15 17:12:05 - [TEST_STEP][PASSED] - delay: Delayed 1 second(s)

2018-11-15 17:12:06 - [MESSAGE][PASSED] - Delayed 1 second(s)

2018-11-15 17:12:06 - [TEST_STEP][PASSED] - setText: Text '' is set on object 'Object Repository/SuperAdminConsole/Audit Logs/Logs/input'

2018-11-15 17:12:06 - [MESSAGE][PASSED] - Text '' is set on object 'Object Repository/SuperAdminConsole/Audit Logs/Logs/input'

2018-11-15 17:12:06 - [TEST_STEP][PASSED] - delay: Delayed 1 second(s)

2018-11-15 17:12:07 - [MESSAGE][PASSED] - Delayed 1 second(s)

2018-11-15 17:12:07 - [TEST_STEP][PASSED] - click: Object: 'Object Repository/SuperAdminConsole/Audit Logs/Logs/Select linncounty 11-2' is clicked on

2018-11-15 17:12:07 - [MESSAGE][PASSED] - Object: 'Object Repository/SuperAdminConsole/Audit Logs/Logs/Select linncounty 11-2' is clicked on

2018-11-15 17:12:07 - [TEST_STEP][PASSED] - delay: Delayed 1 second(s)

2018-11-15 17:12:08 - [MESSAGE][PASSED] - Delayed 1 second(s)

2018-11-15 17:12:08 - [TEST_STEP][PASSED] - click: Object: 'Object Repository/SuperAdminConsole/Audit Logs/Filters Apply buttons/Election Apply Filter' is clicked on

2018-11-15 17:12:08 - [MESSAGE][PASSED] - Object: 'Object Repository/SuperAdminConsole/Audit Logs/Filters Apply buttons/Election Apply Filter' is clicked on

2018-11-15 17:12:08 - [TEST_STEP][PASSED] - delay: Delayed 1 second(s)

2018-11-15 17:12:09 - [MESSAGE][PASSED] - Delayed 1 second(s)

2018-11-15 17:12:09 - [TEST_STEP][PASSED] - click: Object: 'Object Repository/SuperAdminConsole/Audit Logs/Logs/Remove Election Filter' is clicked on

2018-11-15 17:12:09 - [MESSAGE][PASSED] - Object: 'Object Repository/SuperAdminConsole/Audit Logs/Logs/Remove Election Filter' is clicked on

2018-11-15 17:12:09 - [TEST_STEP][PASSED] - delay: Delayed 1 second(s)

2018-11-15 17:12:10 - [MESSAGE][PASSED] - Delayed 1 second(s)

2018-11-15 17:12:10 - [TEST_STEP][PASSED] - click: Object: 'Object Repository/SuperAdminConsole/Audit Logs/Filter Buttons/Account Filter' is clicked on

2018-11-15 17:12:10 - [MESSAGE][PASSED] - Object: 'Object Repository/SuperAdminConsole/Audit Logs/Filter Buttons/Account Filter' is clicked on

2018-11-15 17:12:10 - [TEST_STEP][PASSED] - delay: Delayed 1 second(s)

2018-11-15 17:12:11 - [MESSAGE][PASSED] - Delayed 1 second(s)

2018-11-15 17:12:11 - [TEST_STEP][PASSED] - click: Object: 'Object Repository/SuperAdminConsole/Audit Logs/Logs/Account dropdown' is clicked on

2018-11-15 17:12:11 - [MESSAGE][PASSED] - Object: 'Object Repository/SuperAdminConsole/Audit Logs/Logs/Account dropdown' is clicked on

2018-11-15 17:12:11 - [TEST_STEP][PASSED] - delay: Delayed 1 second(s)

2018-11-15 17:12:12 - [MESSAGE][PASSED] - Delayed 1 second(s)

2018-11-15 17:12:12 - [TEST_STEP][PASSED] - click: Object: 'Object Repository/SuperAdminConsole/Audit Logs/Logs/Select am-Automation-test' is clicked on

2018-11-15 17:12:12 - [MESSAGE][PASSED] - Object: 'Object Repository/SuperAdminConsole/Audit Logs/Logs/Select am-Automation-test' is clicked on

2018-11-15 17:12:12 - [TEST_STEP][PASSED] - delay: Delayed 1 second(s)

2018-11-15 17:12:13 - [MESSAGE][PASSED] - Delayed 1 second(s)

2018-11-15 17:12:13 - [TEST_STEP][PASSED] - click: Object: 'Object Repository/SuperAdminConsole/Audit Logs/Filters Apply buttons/Account Apply Filter' is clicked on

2018-11-15 17:12:13 - [MESSAGE][PASSED] - Object: 'Object Repository/SuperAdminConsole/Audit Logs/Filters Apply buttons/Account Apply Filter' is clicked on

2018-11-15 17:12:13 - [TEST_STEP][PASSED] - delay: Delayed 1 second(s)

2018-11-15 17:12:14 - [MESSAGE][PASSED] - Delayed 1 second(s)

2018-11-15 17:12:14 - [TEST_STEP][PASSED] - click: Object: 'Object Repository/SuperAdminConsole/Audit Logs/Logs/Remove ACCOUNT Filter' is clicked on

2018-11-15 17:12:14 - [MESSAGE][PASSED] - Object: 'Object Repository/SuperAdminConsole/Audit Logs/Logs/Remove ACCOUNT Filter' is clicked on

2018-11-15 17:12:14 - [TEST_STEP][PASSED] - delay: Delayed 1 second(s)

2018-11-15 17:12:15 - [MESSAGE][PASSED] - Delayed 1 second(s)

2018-11-15 17:12:15 - [TEST_STEP][PASSED] - click: Object: 'Object Repository/SuperAdminConsole/Audit Logs/Filter Buttons/Action Filter' is clicked on

2018-11-15 17:12:15 - [MESSAGE][PASSED] - Object: 'Object Repository/SuperAdminConsole/Audit Logs/Filter Buttons/Action Filter' is clicked on

2018-11-15 17:12:15 - [TEST_STEP][PASSED] - delay: Delayed 1 second(s)

2018-11-15 17:12:16 - [MESSAGE][PASSED] - Delayed 1 second(s)

2018-11-15 17:12:16 - [TEST_STEP][PASSED] - click: Object: 'Object Repository/SuperAdminConsole/Audit Logs/Logs/Select All' is clicked on

2018-11-15 17:12:17 - [MESSAGE][PASSED] - Object: 'Object Repository/SuperAdminConsole/Audit Logs/Logs/Select All' is clicked on

2018-11-15 17:12:17 - [TEST_STEP][PASSED] - delay: Delayed 1 second(s)

2018-11-15 17:12:18 - [MESSAGE][PASSED] - Delayed 1 second(s)

2018-11-15 17:12:18 - [TEST_STEP][PASSED] - click: Object: 'Object Repository/SuperAdminConsole/Audit Logs/Logs/li_Super Admin Client Account' is clicked on

2018-11-15 17:12:18 - [MESSAGE][PASSED] - Object: 'Object Repository/SuperAdminConsole/Audit Logs/Logs/li_Super Admin Client Account' is clicked on

2018-11-15 17:12:18 - [TEST_STEP][PASSED] - delay: Delayed 1 second(s)

2018-11-15 17:12:19 - [MESSAGE][PASSED] - Delayed 1 second(s)

2018-11-15 17:12:19 - [TEST_STEP][PASSED] - click: Object: 'Object Repository/SuperAdminConsole/Audit Logs/Filters Apply buttons/Action Apply Filter' is clicked on

2018-11-15 17:12:19 - [MESSAGE][PASSED] - Object: 'Object Repository/SuperAdminConsole/Audit Logs/Filters Apply buttons/Action Apply Filter' is clicked on

2018-11-15 17:12:19 - [TEST_STEP][PASSED] - delay: Delayed 1 second(s)

2018-11-15 17:12:20 - [MESSAGE][PASSED] - Delayed 1 second(s)

2018-11-15 17:12:20 - [TEST_STEP][PASSED] - click: Object: 'Object Repository/SuperAdminConsole/Audit Logs/Logs/span_Action Super Admin Client' is clicked on

2018-11-15 17:12:20 - [MESSAGE][PASSED] - Object: 'Object Repository/SuperAdminConsole/Audit Logs/Logs/span_Action Super Admin Client' is clicked on

2018-11-15 17:12:20 - [TEST_STEP][PASSED] - delay: Delayed 1 second(s)

2018-11-15 17:12:21 - [MESSAGE][PASSED] - Delayed 1 second(s)

2018-11-15 17:12:21 - [TEST_STEP][PASSED] - click: Object: 'Object Repository/SuperAdminConsole/Audit Logs/Filter Buttons/Created At Filter' is clicked on

2018-11-15 17:12:21 - [MESSAGE][PASSED] - Object: 'Object Repository/SuperAdminConsole/Audit Logs/Filter Buttons/Created At Filter' is clicked on

2018-11-15 17:12:21 - [TEST_STEP][PASSED] - delay: Delayed 1 second(s)

2018-11-15 17:12:22 - [MESSAGE][PASSED] - Delayed 1 second(s)

2018-11-15 17:12:22 - [TEST_STEP][PASSED] - selectOptionByValue: All options with value 'pre' are selected in object 'Object Repository/SuperAdminConsole/Audit Logs/Logs/select_More than'  using regular expression

2018-11-15 17:12:22 - [MESSAGE][PASSED] - All options with value 'pre' are selected in object 'Object Repository/SuperAdminConsole/Audit Logs/Logs/select_More than'  using regular expression

2018-11-15 17:12:22 - [TEST_STEP][PASSED] - delay: Delayed 1 second(s)

2018-11-15 17:12:23 - [MESSAGE][PASSED] - Delayed 1 second(s)

2018-11-15 17:12:23 - [TEST_STEP][PASSED] - click: Object: 'Object Repository/SuperAdminConsole/Audit Logs/Filters Apply buttons/Created AT Apply Filter' is clicked on

2018-11-15 17:12:23 - [MESSAGE][PASSED] - Object: 'Object Repository/SuperAdminConsole/Audit Logs/Filters Apply buttons/Created AT Apply Filter' is clicked on

2018-11-15 17:12:23 - [TEST_STEP][PASSED] - delay: Delayed 1 second(s)

2018-11-15 17:12:24 - [MESSAGE][PASSED] - Delayed 1 second(s)

2018-11-15 17:12:24 - [TEST_STEP][PASSED] - click: Object: 'Object Repository/SuperAdminConsole/Audit Logs/Logs/span_Created At Less than 10 m' is clicked on

2018-11-15 17:12:24 - [MESSAGE][PASSED] - Object: 'Object Repository/SuperAdminConsole/Audit Logs/Logs/span_Created At Less than 10 m' is clicked on

2018-11-15 17:12:24 - [TEST_STEP][PASSED] - delay: Delayed 1 second(s)

2018-11-15 17:12:25 - [MESSAGE][PASSED] - Delayed 1 second(s)

2018-11-15 17:12:25 - [TEST_STEP][PASSED] - click: Object: 'Object Repository/SuperAdminConsole/Audit Logs/Filter Buttons/Created At Filter' is clicked on

2018-11-15 17:12:25 - [MESSAGE][PASSED] - Object: 'Object Repository/SuperAdminConsole/Audit Logs/Filter Buttons/Created At Filter' is clicked on

2018-11-15 17:12:25 - [TEST_STEP][PASSED] - delay: Delayed 1 second(s)

2018-11-15 17:12:26 - [MESSAGE][PASSED] - Delayed 1 second(s)

2018-11-15 17:12:26 - [TEST_STEP][PASSED] - selectOptionByValue: All options with value 'post' are selected in object 'Object Repository/SuperAdminConsole/Audit Logs/Logs/select_More than'  using regular expression

2018-11-15 17:12:26 - [MESSAGE][PASSED] - All options with value 'post' are selected in object 'Object Repository/SuperAdminConsole/Audit Logs/Logs/select_More than'  using regular expression

2018-11-15 17:12:26 - [TEST_STEP][PASSED] - delay: Delayed 1 second(s)

2018-11-15 17:12:27 - [MESSAGE][PASSED] - Delayed 1 second(s)

2018-11-15 17:12:27 - [TEST_STEP][PASSED] - selectOptionByValue: All options with value 'pre' are selected in object 'Object Repository/SuperAdminConsole/Audit Logs/Logs/select_More than'  using regular expression

2018-11-15 17:12:27 - [MESSAGE][PASSED] - All options with value 'pre' are selected in object 'Object Repository/SuperAdminConsole/Audit Logs/Logs/select_More than'  using regular expression

2018-11-15 17:12:27 - [TEST_STEP][PASSED] - delay: Delayed 1 second(s)

2018-11-15 17:12:28 - [MESSAGE][PASSED] - Delayed 1 second(s)

2018-11-15 17:12:28 - [TEST_STEP][PASSED] - selectOptionByValue: All options with value 'hour' are selected in object 'Object Repository/SuperAdminConsole/Audit Logs/Logs/select_minutes ago'  using regular expression

2018-11-15 17:12:28 - [MESSAGE][PASSED] - All options with value 'hour' are selected in object 'Object Repository/SuperAdminConsole/Audit Logs/Logs/select_minutes ago'  using regular expression

2018-11-15 17:12:28 - [TEST_STEP][PASSED] - delay: Delayed 1 second(s)

2018-11-15 17:12:29 - [MESSAGE][PASSED] - Delayed 1 second(s)

2018-11-15 17:12:29 - [TEST_STEP][PASSED] - setText: Text '1' is set on object 'Object Repository/SuperAdminConsole/Audit Logs/Logs/input_Created At_filter_create'

2018-11-15 17:12:29 - [MESSAGE][PASSED] - Text '1' is set on object 'Object Repository/SuperAdminConsole/Audit Logs/Logs/input_Created At_filter_create'

2018-11-15 17:12:29 - [TEST_STEP][PASSED] - delay: Delayed 1 second(s)

2018-11-15 17:12:30 - [MESSAGE][PASSED] - Delayed 1 second(s)

2018-11-15 17:12:30 - [TEST_STEP][PASSED] - click: Object: 'Object Repository/SuperAdminConsole/Audit Logs/Filters Apply buttons/Created AT Apply Filter' is clicked on

2018-11-15 17:12:31 - [MESSAGE][PASSED] - Object: 'Object Repository/SuperAdminConsole/Audit Logs/Filters Apply buttons/Created AT Apply Filter' is clicked on

2018-11-15 17:12:31 - [TEST_STEP][PASSED] - delay: Delayed 1 second(s)

2018-11-15 17:12:32 - [MESSAGE][PASSED] - Delayed 1 second(s)

2018-11-15 17:12:32 - [TEST_STEP][PASSED] - click: Object: 'Object Repository/SuperAdminConsole/Audit Logs/Logs/span_Created At Less than 1 ho' is clicked on

2018-11-15 17:12:32 - [MESSAGE][PASSED] - Object: 'Object Repository/SuperAdminConsole/Audit Logs/Logs/span_Created At Less than 1 ho' is clicked on

2018-11-15 17:12:32 - [TEST_STEP][PASSED] - delay: Delayed 1 second(s)

2018-11-15 17:12:33 - [MESSAGE][PASSED] - Delayed 1 second(s)

2018-11-15 17:12:33 - [TEST_STEP][PASSED] - click: Object: 'Object Repository/SuperAdminConsole/Audit Logs/Download' is clicked on

2018-11-15 17:12:33 - [MESSAGE][PASSED] - Object: 'Object Repository/SuperAdminConsole/Audit Logs/Download' is clicked on

2018-11-15 17:12:33 - [TEST_STEP][PASSED] - delay: Delayed 20 second(s)

2018-11-15 17:12:53 - [MESSAGE][PASSED] - Delayed 20 second(s)

2018-11-15 17:12:53 - [TEST_STEP][PASSED] - click: Object: 'Object Repository/SuperAdminConsole/Audit Logs/Audit Logs Modal Download_button' is clicked on

2018-11-15 17:12:53 - [MESSAGE][PASSED] - Object: 'Object Repository/SuperAdminConsole/Audit Logs/Audit Logs Modal Download_button' is clicked on

2018-11-15 17:12:53 - [TEST_STEP][PASSED] - delay: Delayed 1 second(s)

2018-11-15 17:12:54 - [MESSAGE][PASSED] - Delayed 1 second(s)

2018-11-15 17:12:54 - [TEST_STEP][PASSED] - closeBrowser: Browser is closed

2018-11-15 17:12:54 - [MESSAGE][PASSED] - Browser is closed]]></system-out>
         <system-err><![CDATA[]]></system-err>
      </testcase>
      <testcase name="Test Cases/Admin Console/Election Setup/Ballot Styles/Ballot Styles - Import" classname="Test Cases/Admin Console/Election Setup/Ballot Styles/Ballot Styles - Import" status="PASSED">
         <system-out><![CDATA[2018-11-15 17:12:54 - [TEST_CASE][PASSED] - Test Cases/Admin Console/Election Setup/Ballot Styles/Ballot Styles - Import: Test Cases/Admin Console/Election Setup/Ballot Styles/Ballot Styles - Import

2018-11-15 17:12:54 - [TEST_STEP][PASSED] - openBrowser: Browser is opened with url: ''

2018-11-15 17:12:55 - [MESSAGE][PASSED] - Browser is opened with url: ''

2018-11-15 17:12:55 - [TEST_STEP][PASSED] - navigateToUrl: Navigate to 'https://epulsedev2.com' successfully

2018-11-15 17:12:56 - [MESSAGE][PASSED] - Navigate to 'https://epulsedev2.com' successfully

2018-11-15 17:12:56 - [TEST_STEP][PASSED] - setText: Text 'alonzo.mack@knowink.com' is set on object 'Object Repository/Login/Email Address'

2018-11-15 17:12:57 - [MESSAGE][PASSED] - Text 'alonzo.mack@knowink.com' is set on object 'Object Repository/Login/Email Address'

2018-11-15 17:12:57 - [TEST_STEP][PASSED] - setEncryptedText: Text ****** has been set on object 'Object Repository/Login/Password'

2018-11-15 17:12:57 - [MESSAGE][PASSED] - Text ****** has been set on object 'Object Repository/Login/Password'

2018-11-15 17:12:57 - [TEST_STEP][PASSED] - click: Object: 'Object Repository/Login/Sign In' is clicked on

2018-11-15 17:12:58 - [MESSAGE][PASSED] - Object: 'Object Repository/Login/Sign In' is clicked on

2018-11-15 17:12:58 - [TEST_STEP][PASSED] - delay: Delayed 1 second(s)

2018-11-15 17:12:59 - [MESSAGE][PASSED] - Delayed 1 second(s)

2018-11-15 17:12:59 - [TEST_STEP][PASSED] - navigateToUrl: Navigate to 'https://am-automation-test.epulsedev2.com/imports/ballot_types' successfully

2018-11-15 17:13:00 - [MESSAGE][PASSED] - Navigate to 'https://am-automation-test.epulsedev2.com/imports/ballot_types' successfully

2018-11-15 17:13:00 - [TEST_STEP][PASSED] - delay: Delayed 1 second(s)

2018-11-15 17:13:01 - [MESSAGE][PASSED] - Delayed 1 second(s)

2018-11-15 17:13:01 - [TEST_STEP][PASSED] - setText: Text '/Users/alonzomack/Downloads/Automation uploads/ballot_types.csv' is set on object 'Object Repository/Common ePulse Objects/Choose File'

2018-11-15 17:13:01 - [MESSAGE][PASSED] - Text '/Users/alonzomack/Downloads/Automation uploads/ballot_types.csv' is set on object 'Object Repository/Common ePulse Objects/Choose File'

2018-11-15 17:13:01 - [TEST_STEP][PASSED] - click: Object: 'Object Repository/Common ePulse Objects/Continue Button' is clicked on

2018-11-15 17:13:01 - [MESSAGE][PASSED] - Object: 'Object Repository/Common ePulse Objects/Continue Button' is clicked on

2018-11-15 17:13:01 - [TEST_STEP][PASSED] - delay: Delayed 1 second(s)

2018-11-15 17:13:02 - [MESSAGE][PASSED] - Delayed 1 second(s)

2018-11-15 17:13:02 - [TEST_STEP][PASSED] - click: Object: 'Object Repository/Common ePulse Objects/button_Done(working)' is clicked on

2018-11-15 17:13:06 - [MESSAGE][PASSED] - Object: 'Object Repository/Common ePulse Objects/button_Done(working)' is clicked on

2018-11-15 17:13:06 - [TEST_STEP][PASSED] - closeBrowser: Browser is closed

2018-11-15 17:13:06 - [MESSAGE][PASSED] - Browser is closed]]></system-out>
         <system-err><![CDATA[]]></system-err>
      </testcase>
      <testcase name="Test Cases/Admin Console/Account Settings/ID Methods/ID Methods - Export" classname="Test Cases/Admin Console/Account Settings/ID Methods/ID Methods - Export" status="PASSED">
         <system-out><![CDATA[2018-11-15 17:13:06 - [TEST_CASE][PASSED] - Test Cases/Admin Console/Account Settings/ID Methods/ID Methods - Export: Test Cases/Admin Console/Account Settings/ID Methods/ID Methods - Export

2018-11-15 17:13:06 - [TEST_STEP][PASSED] - openBrowser: Browser is opened with url: ''

2018-11-15 17:13:07 - [MESSAGE][PASSED] - Browser is opened with url: ''

2018-11-15 17:13:07 - [TEST_STEP][PASSED] - navigateToUrl: Navigate to 'https://epulsedev2.com' successfully

2018-11-15 17:13:08 - [MESSAGE][PASSED] - Navigate to 'https://epulsedev2.com' successfully

2018-11-15 17:13:08 - [TEST_STEP][PASSED] - setText: Text 'alonzo.mack@knowink.com' is set on object 'Object Repository/Login/Email Address'

2018-11-15 17:13:08 - [MESSAGE][PASSED] - Text 'alonzo.mack@knowink.com' is set on object 'Object Repository/Login/Email Address'

2018-11-15 17:13:08 - [TEST_STEP][PASSED] - setEncryptedText: Text ****** has been set on object 'Object Repository/Login/Password'

2018-11-15 17:13:08 - [MESSAGE][PASSED] - Text ****** has been set on object 'Object Repository/Login/Password'

2018-11-15 17:13:08 - [TEST_STEP][PASSED] - click: Object: 'Object Repository/Login/Sign In' is clicked on

2018-11-15 17:13:09 - [MESSAGE][PASSED] - Object: 'Object Repository/Login/Sign In' is clicked on

2018-11-15 17:13:09 - [TEST_STEP][PASSED] - delay: Delayed 1 second(s)

2018-11-15 17:13:10 - [MESSAGE][PASSED] - Delayed 1 second(s)

2018-11-15 17:13:10 - [TEST_STEP][PASSED] - navigateToUrl: Navigate to 'https://am-automation-test.epulsedev2.com/voter_id_methods' successfully

2018-11-15 17:13:11 - [MESSAGE][PASSED] - Navigate to 'https://am-automation-test.epulsedev2.com/voter_id_methods' successfully

2018-11-15 17:13:11 - [TEST_STEP][PASSED] - delay: Delayed 1 second(s)

2018-11-15 17:13:12 - [MESSAGE][PASSED] - Delayed 1 second(s)

2018-11-15 17:13:12 - [TEST_STEP][PASSED] - click: Object: 'Object Repository/Admin Console ePulse Menu/Account Settings/ID Methods/ID Methods Page/Export' is clicked on

2018-11-15 17:13:12 - [MESSAGE][PASSED] - Object: 'Object Repository/Admin Console ePulse Menu/Account Settings/ID Methods/ID Methods Page/Export' is clicked on

2018-11-15 17:13:12 - [TEST_STEP][PASSED] - delay: Delayed 1 second(s)

2018-11-15 17:13:13 - [MESSAGE][PASSED] - Delayed 1 second(s)

2018-11-15 17:13:13 - [TEST_STEP][PASSED] - closeBrowser: Browser is closed

2018-11-15 17:13:13 - [MESSAGE][PASSED] - Browser is closed]]></system-out>
         <system-err><![CDATA[]]></system-err>
      </testcase>
      <testcase name="Test Cases/Admin Console/Account Settings/Oaths/Oaths - Export" classname="Test Cases/Admin Console/Account Settings/Oaths/Oaths - Export" status="PASSED">
         <system-out><![CDATA[2018-11-15 17:13:13 - [TEST_CASE][PASSED] - Test Cases/Admin Console/Account Settings/Oaths/Oaths - Export: Test Cases/Admin Console/Account Settings/Oaths/Oaths - Export

2018-11-15 17:13:14 - [TEST_STEP][PASSED] - openBrowser: Browser is opened with url: ''

2018-11-15 17:13:15 - [MESSAGE][PASSED] - Browser is opened with url: ''

2018-11-15 17:13:15 - [TEST_STEP][PASSED] - navigateToUrl: Navigate to 'https://epulsedev2.com' successfully

2018-11-15 17:13:16 - [MESSAGE][PASSED] - Navigate to 'https://epulsedev2.com' successfully

2018-11-15 17:13:16 - [TEST_STEP][PASSED] - setText: Text 'alonzo.mack@knowink.com' is set on object 'Object Repository/Login/Email Address'

2018-11-15 17:13:16 - [MESSAGE][PASSED] - Text 'alonzo.mack@knowink.com' is set on object 'Object Repository/Login/Email Address'

2018-11-15 17:13:16 - [TEST_STEP][PASSED] - setEncryptedText: Text ****** has been set on object 'Object Repository/Login/Password'

2018-11-15 17:13:16 - [MESSAGE][PASSED] - Text ****** has been set on object 'Object Repository/Login/Password'

2018-11-15 17:13:16 - [TEST_STEP][PASSED] - click: Object: 'Object Repository/Login/Sign In' is clicked on

2018-11-15 17:13:17 - [MESSAGE][PASSED] - Object: 'Object Repository/Login/Sign In' is clicked on

2018-11-15 17:13:17 - [TEST_STEP][PASSED] - delay: Delayed 1 second(s)

2018-11-15 17:13:18 - [MESSAGE][PASSED] - Delayed 1 second(s)

2018-11-15 17:13:18 - [TEST_STEP][PASSED] - navigateToUrl: Navigate to 'https://am-automation-test.epulsedev2.com/account_oaths' successfully

2018-11-15 17:13:19 - [MESSAGE][PASSED] - Navigate to 'https://am-automation-test.epulsedev2.com/account_oaths' successfully

2018-11-15 17:13:19 - [TEST_STEP][PASSED] - delay: Delayed 1 second(s)

2018-11-15 17:13:20 - [MESSAGE][PASSED] - Delayed 1 second(s)

2018-11-15 17:13:20 - [TEST_STEP][PASSED] - click: Object: 'Object Repository/Admin Console ePulse Menu/Account Settings/Oaths/Page_Epulse  am-Automation-test/Download' is clicked on

2018-11-15 17:13:20 - [MESSAGE][PASSED] - Object: 'Object Repository/Admin Console ePulse Menu/Account Settings/Oaths/Page_Epulse  am-Automation-test/Download' is clicked on

2018-11-15 17:13:20 - [TEST_STEP][PASSED] - delay: Delayed 1 second(s)

2018-11-15 17:13:21 - [MESSAGE][PASSED] - Delayed 1 second(s)

2018-11-15 17:13:21 - [TEST_STEP][PASSED] - closeBrowser: Browser is closed

2018-11-15 17:13:21 - [MESSAGE][PASSED] - Browser is closed]]></system-out>
         <system-err><![CDATA[]]></system-err>
      </testcase>
      <testcase name="Test Cases/Admin Console/Account Settings/Add_Edit Voter/Add_Edit Voter - Export" classname="Test Cases/Admin Console/Account Settings/Add_Edit Voter/Add_Edit Voter - Export" status="PASSED">
         <system-out><![CDATA[2018-11-15 17:13:21 - [TEST_CASE][PASSED] - Test Cases/Admin Console/Account Settings/Add_Edit Voter/Add_Edit Voter - Export: Test Cases/Admin Console/Account Settings/Add_Edit Voter/Add_Edit Voter - Export

2018-11-15 17:13:21 - [TEST_STEP][PASSED] - openBrowser: Browser is opened with url: ''

2018-11-15 17:13:22 - [MESSAGE][PASSED] - Browser is opened with url: ''

2018-11-15 17:13:22 - [TEST_STEP][PASSED] - navigateToUrl: Navigate to 'https://epulsedev2.com' successfully

2018-11-15 17:13:24 - [MESSAGE][PASSED] - Navigate to 'https://epulsedev2.com' successfully

2018-11-15 17:13:24 - [TEST_STEP][PASSED] - setText: Text 'alonzo.mack@knowink.com' is set on object 'Object Repository/Login/Email Address'

2018-11-15 17:13:24 - [MESSAGE][PASSED] - Text 'alonzo.mack@knowink.com' is set on object 'Object Repository/Login/Email Address'

2018-11-15 17:13:24 - [TEST_STEP][PASSED] - setEncryptedText: Text ****** has been set on object 'Object Repository/Login/Password'

2018-11-15 17:13:24 - [MESSAGE][PASSED] - Text ****** has been set on object 'Object Repository/Login/Password'

2018-11-15 17:13:24 - [TEST_STEP][PASSED] - click: Object: 'Object Repository/Login/Sign In' is clicked on

2018-11-15 17:13:25 - [MESSAGE][PASSED] - Object: 'Object Repository/Login/Sign In' is clicked on

2018-11-15 17:13:25 - [TEST_STEP][PASSED] - delay: Delayed 1 second(s)

2018-11-15 17:13:26 - [MESSAGE][PASSED] - Delayed 1 second(s)

2018-11-15 17:13:26 - [TEST_STEP][PASSED] - navigateToUrl: Navigate to 'https://am-automation-test.epulsedev2.com/add_voters' successfully

2018-11-15 17:13:27 - [MESSAGE][PASSED] - Navigate to 'https://am-automation-test.epulsedev2.com/add_voters' successfully

2018-11-15 17:13:27 - [TEST_STEP][PASSED] - delay: Delayed 1 second(s)

2018-11-15 17:13:28 - [MESSAGE][PASSED] - Delayed 1 second(s)

2018-11-15 17:13:28 - [TEST_STEP][PASSED] - click: Object: 'Object Repository/Admin Console ePulse Menu/Account Settings/ID Methods/ID Methods Page/Export' is clicked on

2018-11-15 17:13:28 - [MESSAGE][PASSED] - Object: 'Object Repository/Admin Console ePulse Menu/Account Settings/ID Methods/ID Methods Page/Export' is clicked on

2018-11-15 17:13:28 - [TEST_STEP][PASSED] - delay: Delayed 1 second(s)

2018-11-15 17:13:29 - [MESSAGE][PASSED] - Delayed 1 second(s)

2018-11-15 17:13:29 - [TEST_STEP][PASSED] - closeBrowser: Browser is closed

2018-11-15 17:13:29 - [MESSAGE][PASSED] - Browser is closed]]></system-out>
         <system-err><![CDATA[]]></system-err>
      </testcase>
      <testcase name="Test Cases/Admin Console/Poll Pads/Poll Pad - Configuration/Poll Pad Configuration - Export" classname="Test Cases/Admin Console/Poll Pads/Poll Pad - Configuration/Poll Pad Configuration - Export" status="PASSED">
         <system-out><![CDATA[2018-11-15 17:13:29 - [TEST_CASE][PASSED] - Test Cases/Admin Console/Poll Pads/Poll Pad - Configuration/Poll Pad Configuration - Export: Test Cases/Admin Console/Poll Pads/Poll Pad - Configuration/Poll Pad Configuration - Export

2018-11-15 17:13:29 - [TEST_STEP][PASSED] - openBrowser: Browser is opened with url: ''

2018-11-15 17:13:30 - [MESSAGE][PASSED] - Browser is opened with url: ''

2018-11-15 17:13:30 - [TEST_STEP][PASSED] - navigateToUrl: Navigate to 'https://epulsedev2.com' successfully

2018-11-15 17:13:32 - [MESSAGE][PASSED] - Navigate to 'https://epulsedev2.com' successfully

2018-11-15 17:13:32 - [TEST_STEP][PASSED] - setText: Text 'alonzo.mack@knowink.com' is set on object 'Object Repository/Login/Email Address'

2018-11-15 17:13:32 - [MESSAGE][PASSED] - Text 'alonzo.mack@knowink.com' is set on object 'Object Repository/Login/Email Address'

2018-11-15 17:13:32 - [TEST_STEP][PASSED] - setEncryptedText: Text ****** has been set on object 'Object Repository/Login/Password'

2018-11-15 17:13:32 - [MESSAGE][PASSED] - Text ****** has been set on object 'Object Repository/Login/Password'

2018-11-15 17:13:32 - [TEST_STEP][PASSED] - click: Object: 'Object Repository/Login/Sign In' is clicked on

2018-11-15 17:13:33 - [MESSAGE][PASSED] - Object: 'Object Repository/Login/Sign In' is clicked on

2018-11-15 17:13:33 - [TEST_STEP][PASSED] - delay: Delayed 1 second(s)

2018-11-15 17:13:34 - [MESSAGE][PASSED] - Delayed 1 second(s)

2018-11-15 17:13:34 - [TEST_STEP][PASSED] - navigateToUrl: Navigate to 'https://am-automation-test.epulsedev2.com/poll_pad_configs#sort=name&direction=asc&display=list' successfully

2018-11-15 17:13:35 - [MESSAGE][PASSED] - Navigate to 'https://am-automation-test.epulsedev2.com/poll_pad_configs#sort=name&direction=asc&display=list' successfully

2018-11-15 17:13:35 - [TEST_STEP][PASSED] - delay: Delayed 1 second(s)

2018-11-15 17:13:36 - [MESSAGE][PASSED] - Delayed 1 second(s)

2018-11-15 17:13:36 - [TEST_STEP][PASSED] - click: Object: 'Object Repository/Admin Console ePulse Menu/Poll Pads/Export Config' is clicked on

2018-11-15 17:13:36 - [MESSAGE][PASSED] - Object: 'Object Repository/Admin Console ePulse Menu/Poll Pads/Export Config' is clicked on

2018-11-15 17:13:36 - [TEST_STEP][PASSED] - delay: Delayed 2 second(s)

2018-11-15 17:13:38 - [MESSAGE][PASSED] - Delayed 2 second(s)

2018-11-15 17:13:38 - [TEST_STEP][PASSED] - closeBrowser: Browser is closed

2018-11-15 17:13:38 - [MESSAGE][PASSED] - Browser is closed]]></system-out>
         <system-err><![CDATA[]]></system-err>
      </testcase>
      <testcase name="Test Cases/Admin Console/Account Settings/Add_Edit Voter/Add_Edit Voter - Export" classname="Test Cases/Admin Console/Account Settings/Add_Edit Voter/Add_Edit Voter - Export" status="PASSED">
         <system-out><![CDATA[2018-11-15 17:13:38 - [TEST_CASE][PASSED] - Test Cases/Admin Console/Account Settings/Add_Edit Voter/Add_Edit Voter - Export: Test Cases/Admin Console/Account Settings/Add_Edit Voter/Add_Edit Voter - Export

2018-11-15 17:13:38 - [TEST_STEP][PASSED] - openBrowser: Browser is opened with url: ''

2018-11-15 17:13:39 - [MESSAGE][PASSED] - Browser is opened with url: ''

2018-11-15 17:13:39 - [TEST_STEP][PASSED] - navigateToUrl: Navigate to 'https://epulsedev2.com' successfully

2018-11-15 17:13:41 - [MESSAGE][PASSED] - Navigate to 'https://epulsedev2.com' successfully

2018-11-15 17:13:41 - [TEST_STEP][PASSED] - setText: Text 'alonzo.mack@knowink.com' is set on object 'Object Repository/Login/Email Address'

2018-11-15 17:13:41 - [MESSAGE][PASSED] - Text 'alonzo.mack@knowink.com' is set on object 'Object Repository/Login/Email Address'

2018-11-15 17:13:41 - [TEST_STEP][PASSED] - setEncryptedText: Text ****** has been set on object 'Object Repository/Login/Password'

2018-11-15 17:13:41 - [MESSAGE][PASSED] - Text ****** has been set on object 'Object Repository/Login/Password'

2018-11-15 17:13:41 - [TEST_STEP][PASSED] - click: Object: 'Object Repository/Login/Sign In' is clicked on

2018-11-15 17:13:42 - [MESSAGE][PASSED] - Object: 'Object Repository/Login/Sign In' is clicked on

2018-11-15 17:13:42 - [TEST_STEP][PASSED] - delay: Delayed 1 second(s)

2018-11-15 17:13:43 - [MESSAGE][PASSED] - Delayed 1 second(s)

2018-11-15 17:13:43 - [TEST_STEP][PASSED] - navigateToUrl: Navigate to 'https://am-automation-test.epulsedev2.com/add_voters' successfully

2018-11-15 17:13:44 - [MESSAGE][PASSED] - Navigate to 'https://am-automation-test.epulsedev2.com/add_voters' successfully

2018-11-15 17:13:44 - [TEST_STEP][PASSED] - delay: Delayed 1 second(s)

2018-11-15 17:13:45 - [MESSAGE][PASSED] - Delayed 1 second(s)

2018-11-15 17:13:45 - [TEST_STEP][PASSED] - click: Object: 'Object Repository/Admin Console ePulse Menu/Account Settings/ID Methods/ID Methods Page/Export' is clicked on

2018-11-15 17:13:45 - [MESSAGE][PASSED] - Object: 'Object Repository/Admin Console ePulse Menu/Account Settings/ID Methods/ID Methods Page/Export' is clicked on

2018-11-15 17:13:45 - [TEST_STEP][PASSED] - delay: Delayed 1 second(s)

2018-11-15 17:13:46 - [MESSAGE][PASSED] - Delayed 1 second(s)

2018-11-15 17:13:46 - [TEST_STEP][PASSED] - closeBrowser: Browser is closed

2018-11-15 17:13:46 - [MESSAGE][PASSED] - Browser is closed]]></system-out>
         <system-err><![CDATA[]]></system-err>
      </testcase>
      <testcase name="Test Cases/SuperAdminConsole/Users/SuperAdmin User Account - Delete - Actions" classname="Test Cases/SuperAdminConsole/Users/SuperAdmin User Account - Delete - Actions" status="PASSED">
         <system-out><![CDATA[2018-11-15 17:13:46 - [TEST_CASE][PASSED] - Test Cases/SuperAdminConsole/Users/SuperAdmin User Account - Delete - Actions: Test Cases/SuperAdminConsole/Users/SuperAdmin User Account - Delete - Actions

2018-11-15 17:13:46 - [TEST_STEP][PASSED] - openBrowser: Browser is opened with url: ''

2018-11-15 17:13:47 - [MESSAGE][PASSED] - Browser is opened with url: ''

2018-11-15 17:13:47 - [TEST_STEP][PASSED] - navigateToUrl: Navigate to 'https://epulsedev2.com' successfully

2018-11-15 17:13:49 - [MESSAGE][PASSED] - Navigate to 'https://epulsedev2.com' successfully

2018-11-15 17:13:49 - [TEST_STEP][PASSED] - setText: Text 'alonzo.mack@knowink.com' is set on object 'Object Repository/Login/Email Address'

2018-11-15 17:13:49 - [MESSAGE][PASSED] - Text 'alonzo.mack@knowink.com' is set on object 'Object Repository/Login/Email Address'

2018-11-15 17:13:49 - [TEST_STEP][PASSED] - setEncryptedText: Text ****** has been set on object 'Object Repository/Login/Password'

2018-11-15 17:13:49 - [MESSAGE][PASSED] - Text ****** has been set on object 'Object Repository/Login/Password'

2018-11-15 17:13:49 - [TEST_STEP][PASSED] - click: Object: 'Object Repository/Login/Sign In' is clicked on

2018-11-15 17:13:50 - [MESSAGE][PASSED] - Object: 'Object Repository/Login/Sign In' is clicked on

2018-11-15 17:13:50 - [TEST_STEP][PASSED] - delay: Delayed 1 second(s)

2018-11-15 17:13:51 - [MESSAGE][PASSED] - Delayed 1 second(s)

2018-11-15 17:13:51 - [TEST_STEP][PASSED] - delay: Delayed 1 second(s)

2018-11-15 17:13:52 - [MESSAGE][PASSED] - Delayed 1 second(s)

2018-11-15 17:13:52 - [TEST_STEP][PASSED] - click: Object: 'Object Repository/SuperAdminConsole/SuperAdmin Users/USERS' is clicked on

2018-11-15 17:13:53 - [MESSAGE][PASSED] - Object: 'Object Repository/SuperAdminConsole/SuperAdmin Users/USERS' is clicked on

2018-11-15 17:13:53 - [TEST_STEP][PASSED] - delay: Delayed 1 second(s)

2018-11-15 17:13:54 - [MESSAGE][PASSED] - Delayed 1 second(s)

2018-11-15 17:13:54 - [TEST_STEP][PASSED] - setText: Text 'firstn' is set on object 'Object Repository/Common ePulse Objects/table-search'

2018-11-15 17:13:54 - [MESSAGE][PASSED] - Text 'firstn' is set on object 'Object Repository/Common ePulse Objects/table-search'

2018-11-15 17:13:54 - [TEST_STEP][PASSED] - delay: Delayed 1 second(s)

2018-11-15 17:13:55 - [MESSAGE][PASSED] - Delayed 1 second(s)

2018-11-15 17:13:55 - [TEST_STEP][PASSED] - click: Object: 'Object Repository/SuperAdminConsole/SuperAdmin Users/User_firstn.lastnknowink.com' is clicked on

2018-11-15 17:13:56 - [MESSAGE][PASSED] - Object: 'Object Repository/SuperAdminConsole/SuperAdmin Users/User_firstn.lastnknowink.com' is clicked on

2018-11-15 17:13:56 - [TEST_STEP][PASSED] - delay: Delayed 1 second(s)

2018-11-15 17:13:57 - [MESSAGE][PASSED] - Delayed 1 second(s)

2018-11-15 17:13:57 - [TEST_STEP][PASSED] - mouseOver: Object: 'Object Repository/Common ePulse Objects/Actions(Gear icon)' is hovered

2018-11-15 17:13:57 - [MESSAGE][PASSED] - Object: 'Object Repository/Common ePulse Objects/Actions(Gear icon)' is hovered

2018-11-15 17:13:57 - [TEST_STEP][PASSED] - delay: Delayed 1 second(s)

2018-11-15 17:13:58 - [MESSAGE][PASSED] - Delayed 1 second(s)

2018-11-15 17:13:58 - [TEST_STEP][PASSED] - click: Object: 'Object Repository/Common ePulse Objects/Delete Button' is clicked on

2018-11-15 17:13:58 - [MESSAGE][PASSED] - Object: 'Object Repository/Common ePulse Objects/Delete Button' is clicked on

2018-11-15 17:13:58 - [TEST_STEP][PASSED] - delay: Delayed 1 second(s)

2018-11-15 17:13:59 - [MESSAGE][PASSED] - Delayed 1 second(s)

2018-11-15 17:13:59 - [TEST_STEP][PASSED] - acceptAlert: Alert accepted

2018-11-15 17:13:59 - [MESSAGE][PASSED] - Alert accepted

2018-11-15 17:13:59 - [TEST_STEP][PASSED] - setText: Text 'firstn' is set on object 'Object Repository/Common ePulse Objects/table-search'

2018-11-15 17:14:00 - [MESSAGE][PASSED] - Text 'firstn' is set on object 'Object Repository/Common ePulse Objects/table-search'

2018-11-15 17:14:00 - [TEST_STEP][PASSED] - closeBrowser: Browser is closed

2018-11-15 17:14:00 - [MESSAGE][PASSED] - Browser is closed]]></system-out>
         <system-err><![CDATA[]]></system-err>
      </testcase>
      <testcase name="Test Cases/SuperAdminConsole/Users/SuperAdmin User Account - Delete - In-Line" classname="Test Cases/SuperAdminConsole/Users/SuperAdmin User Account - Delete - In-Line" status="FAILED">
         <failure type="FAILED" message="(Stack trace: com.kms.katalon.core.exception.StepFailedException: Unable to click on object 'Object Repository/SuperAdminConsole/SuperAdmin Users/in-line delete icon' (Root cause: com.kms.katalon.core.webui.exception.WebElementNotFoundException: Web element with id: 'Object Repository/SuperAdminConsole/SuperAdmin Users/in-line delete icon' located by 'By.xpath: //section[@id='sort_table']/table/tbody/tr[2]/td[7]/a' not found)
	at com.kms.katalon.core.keyword.internal.KeywordMain.stepFailed(KeywordMain.groovy:36)
	at com.kms.katalon.core.webui.keyword.internal.WebUIKeywordMain.stepFailed(WebUIKeywordMain.groovy:65)
	at com.kms.katalon.core.webui.keyword.internal.WebUIKeywordMain.runKeyword(WebUIKeywordMain.groovy:27)
	at com.kms.katalon.core.webui.keyword.builtin.ClickKeyword.click(ClickKeyword.groovy:86)
	at com.kms.katalon.core.webui.keyword.builtin.ClickKeyword.execute(ClickKeyword.groovy:67)
	at com.kms.katalon.core.keyword.internal.KeywordExecutor.executeKeywordForPlatform(KeywordExecutor.groovy:53)
	at com.kms.katalon.core.webui.keyword.WebUiBuiltInKeywords.click(WebUiBuiltInKeywords.groovy:616)
	at com.kms.katalon.core.webui.keyword.WebUiBuiltInKeywords$click$3.call(Unknown Source)
	at org.codehaus.groovy.runtime.callsite.CallSiteArray.defaultCall(CallSiteArray.java:48)
	at org.codehaus.groovy.runtime.callsite.AbstractCallSite.call(AbstractCallSite.java:113)
	at org.codehaus.groovy.runtime.callsite.AbstractCallSite.call(AbstractCallSite.java:125)
	at Script1540837545514.run(Script1540837545514.groovy:50)
	at com.kms.katalon.core.main.ScriptEngine.run(ScriptEngine.java:183)
	at com.kms.katalon.core.main.ScriptEngine.runScriptAsRawText(ScriptEngine.java:108)
	at com.kms.katalon.core.main.TestCaseExecutor.runScript(TestCaseExecutor.java:294)
	at com.kms.katalon.core.main.TestCaseExecutor.doExecute(TestCaseExecutor.java:285)
	at com.kms.katalon.core.main.TestCaseExecutor.processExecutionPhase(TestCaseExecutor.java:264)
	at com.kms.katalon.core.main.TestCaseExecutor.accessMainPhase(TestCaseExecutor.java:256)
	at com.kms.katalon.core.main.TestCaseExecutor.execute(TestCaseExecutor.java:200)
	at com.kms.katalon.core.main.TestSuiteExecutor.accessTestCaseMainPhase(TestSuiteExecutor.java:129)
	at com.kms.katalon.core.main.TestSuiteExecutor.accessTestSuiteMainPhase(TestSuiteExecutor.java:112)
	at com.kms.katalon.core.main.TestSuiteExecutor.execute(TestSuiteExecutor.java:81)
	at com.kms.katalon.core.main.TestCaseMain.startTestSuite(TestCaseMain.java:142)
	at com.kms.katalon.core.main.TestCaseMain$startTestSuite$0.call(Unknown Source)
	at org.codehaus.groovy.runtime.callsite.CallSiteArray.defaultCall(CallSiteArray.java:48)
	at org.codehaus.groovy.runtime.callsite.AbstractCallSite.call(AbstractCallSite.java:113)
	at org.codehaus.groovy.runtime.callsite.AbstractCallSite.call(AbstractCallSite.java:141)
	at TempTestSuite1542322598346.run(TempTestSuite1542322598346.groovy:36)
	at groovy.lang.GroovyShell.runScriptOrMainOrTestOrRunnable(GroovyShell.java:263)
	at groovy.lang.GroovyShell.run(GroovyShell.java:518)
	at groovy.lang.GroovyShell.run(GroovyShell.java:507)
	at groovy.ui.GroovyMain.processOnce(GroovyMain.java:653)
	at groovy.ui.GroovyMain.run(GroovyMain.java:384)
	at groovy.ui.GroovyMain.process(GroovyMain.java:370)
	at groovy.ui.GroovyMain.processArgs(GroovyMain.java:129)
	at groovy.ui.GroovyMain.main(GroovyMain.java:109)
	at sun.reflect.NativeMethodAccessorImpl.invoke0(Native Method)
	at sun.reflect.NativeMethodAccessorImpl.invoke(NativeMethodAccessorImpl.java:62)
	at sun.reflect.DelegatingMethodAccessorImpl.invoke(DelegatingMethodAccessorImpl.java:43)
	at java.lang.reflect.Method.invoke(Method.java:498)
	at org.codehaus.groovy.tools.GroovyStarter.rootLoader(GroovyStarter.java:109)
	at org.codehaus.groovy.tools.GroovyStarter.main(GroovyStarter.java:131)
)"/>
         <system-out><![CDATA[2018-11-15 17:14:00 - [TEST_CASE][FAILED] - Test Cases/SuperAdminConsole/Users/SuperAdmin User Account - Delete - In-Line: Test Cases/SuperAdminConsole/Users/SuperAdmin User Account - Delete - In-Line FAILED because (of) (Stack trace: com.kms.katalon.core.exception.StepFailedException: Unable to click on object 'Object Repository/SuperAdminConsole/SuperAdmin Users/in-line delete icon' (Root cause: com.kms.katalon.core.webui.exception.WebElementNotFoundException: Web element with id: 'Object Repository/SuperAdminConsole/SuperAdmin Users/in-line delete icon' located by 'By.xpath: //section[@id='sort_table']/table/tbody/tr[2]/td[7]/a' not found)
	at com.kms.katalon.core.keyword.internal.KeywordMain.stepFailed(KeywordMain.groovy:36)
	at com.kms.katalon.core.webui.keyword.internal.WebUIKeywordMain.stepFailed(WebUIKeywordMain.groovy:65)
	at com.kms.katalon.core.webui.keyword.internal.WebUIKeywordMain.runKeyword(WebUIKeywordMain.groovy:27)
	at com.kms.katalon.core.webui.keyword.builtin.ClickKeyword.click(ClickKeyword.groovy:86)
	at com.kms.katalon.core.webui.keyword.builtin.ClickKeyword.execute(ClickKeyword.groovy:67)
	at com.kms.katalon.core.keyword.internal.KeywordExecutor.executeKeywordForPlatform(KeywordExecutor.groovy:53)
	at com.kms.katalon.core.webui.keyword.WebUiBuiltInKeywords.click(WebUiBuiltInKeywords.groovy:616)
	at com.kms.katalon.core.webui.keyword.WebUiBuiltInKeywords$click$3.call(Unknown Source)
	at org.codehaus.groovy.runtime.callsite.CallSiteArray.defaultCall(CallSiteArray.java:48)
	at org.codehaus.groovy.runtime.callsite.AbstractCallSite.call(AbstractCallSite.java:113)
	at org.codehaus.groovy.runtime.callsite.AbstractCallSite.call(AbstractCallSite.java:125)
	at Script1540837545514.run(Script1540837545514.groovy:50)
	at com.kms.katalon.core.main.ScriptEngine.run(ScriptEngine.java:183)
	at com.kms.katalon.core.main.ScriptEngine.runScriptAsRawText(ScriptEngine.java:108)
	at com.kms.katalon.core.main.TestCaseExecutor.runScript(TestCaseExecutor.java:294)
	at com.kms.katalon.core.main.TestCaseExecutor.doExecute(TestCaseExecutor.java:285)
	at com.kms.katalon.core.main.TestCaseExecutor.processExecutionPhase(TestCaseExecutor.java:264)
	at com.kms.katalon.core.main.TestCaseExecutor.accessMainPhase(TestCaseExecutor.java:256)
	at com.kms.katalon.core.main.TestCaseExecutor.execute(TestCaseExecutor.java:200)
	at com.kms.katalon.core.main.TestSuiteExecutor.accessTestCaseMainPhase(TestSuiteExecutor.java:129)
	at com.kms.katalon.core.main.TestSuiteExecutor.accessTestSuiteMainPhase(TestSuiteExecutor.java:112)
	at com.kms.katalon.core.main.TestSuiteExecutor.execute(TestSuiteExecutor.java:81)
	at com.kms.katalon.core.main.TestCaseMain.startTestSuite(TestCaseMain.java:142)
	at com.kms.katalon.core.main.TestCaseMain$startTestSuite$0.call(Unknown Source)
	at org.codehaus.groovy.runtime.callsite.CallSiteArray.defaultCall(CallSiteArray.java:48)
	at org.codehaus.groovy.runtime.callsite.AbstractCallSite.call(AbstractCallSite.java:113)
	at org.codehaus.groovy.runtime.callsite.AbstractCallSite.call(AbstractCallSite.java:141)
	at TempTestSuite1542322598346.run(TempTestSuite1542322598346.groovy:36)
	at groovy.lang.GroovyShell.runScriptOrMainOrTestOrRunnable(GroovyShell.java:263)
	at groovy.lang.GroovyShell.run(GroovyShell.java:518)
	at groovy.lang.GroovyShell.run(GroovyShell.java:507)
	at groovy.ui.GroovyMain.processOnce(GroovyMain.java:653)
	at groovy.ui.GroovyMain.run(GroovyMain.java:384)
	at groovy.ui.GroovyMain.process(GroovyMain.java:370)
	at groovy.ui.GroovyMain.processArgs(GroovyMain.java:129)
	at groovy.ui.GroovyMain.main(GroovyMain.java:109)
	at sun.reflect.NativeMethodAccessorImpl.invoke0(Native Method)
	at sun.reflect.NativeMethodAccessorImpl.invoke(NativeMethodAccessorImpl.java:62)
	at sun.reflect.DelegatingMethodAccessorImpl.invoke(DelegatingMethodAccessorImpl.java:43)
	at java.lang.reflect.Method.invoke(Method.java:498)
	at org.codehaus.groovy.tools.GroovyStarter.rootLoader(GroovyStarter.java:109)
	at org.codehaus.groovy.tools.GroovyStarter.main(GroovyStarter.java:131)
)

2018-11-15 17:14:00 - [TEST_STEP][PASSED] - openBrowser: Browser is opened with url: ''

2018-11-15 17:14:01 - [MESSAGE][PASSED] - Browser is opened with url: ''

2018-11-15 17:14:01 - [TEST_STEP][PASSED] - navigateToUrl: Navigate to 'https://epulsedev2.com' successfully

2018-11-15 17:14:03 - [MESSAGE][PASSED] - Navigate to 'https://epulsedev2.com' successfully

2018-11-15 17:14:03 - [TEST_STEP][PASSED] - setText: Text 'alonzo.mack@knowink.com' is set on object 'Object Repository/Login/Email Address'

2018-11-15 17:14:03 - [MESSAGE][PASSED] - Text 'alonzo.mack@knowink.com' is set on object 'Object Repository/Login/Email Address'

2018-11-15 17:14:03 - [TEST_STEP][PASSED] - setEncryptedText: Text ****** has been set on object 'Object Repository/Login/Password'

2018-11-15 17:14:03 - [MESSAGE][PASSED] - Text ****** has been set on object 'Object Repository/Login/Password'

2018-11-15 17:14:03 - [TEST_STEP][PASSED] - click: Object: 'Object Repository/Login/Sign In' is clicked on

2018-11-15 17:14:04 - [MESSAGE][PASSED] - Object: 'Object Repository/Login/Sign In' is clicked on

2018-11-15 17:14:04 - [TEST_STEP][PASSED] - delay: Delayed 1 second(s)

2018-11-15 17:14:05 - [MESSAGE][PASSED] - Delayed 1 second(s)

2018-11-15 17:14:05 - [TEST_STEP][PASSED] - delay: Delayed 1 second(s)

2018-11-15 17:14:06 - [MESSAGE][PASSED] - Delayed 1 second(s)

2018-11-15 17:14:06 - [TEST_STEP][PASSED] - click: Object: 'Object Repository/SuperAdminConsole/SuperAdmin Users/USERS' is clicked on

2018-11-15 17:14:07 - [MESSAGE][PASSED] - Object: 'Object Repository/SuperAdminConsole/SuperAdmin Users/USERS' is clicked on

2018-11-15 17:14:07 - [TEST_STEP][PASSED] - delay: Delayed 1 second(s)

2018-11-15 17:14:08 - [MESSAGE][PASSED] - Delayed 1 second(s)

2018-11-15 17:14:08 - [TEST_STEP][PASSED] - setText: Text 'firstn' is set on object 'Object Repository/Common ePulse Objects/table-search'

2018-11-15 17:14:08 - [MESSAGE][PASSED] - Text 'firstn' is set on object 'Object Repository/Common ePulse Objects/table-search'

2018-11-15 17:14:08 - [TEST_STEP][PASSED] - delay: Delayed 1 second(s)

2018-11-15 17:14:09 - [MESSAGE][PASSED] - Delayed 1 second(s)

2018-11-15 17:14:09 - [TEST_STEP][FAILED] - click: Unable to click on object 'Object Repository/SuperAdminConsole/SuperAdmin Users/in-line delete icon' (Root cause: com.kms.katalon.core.webui.exception.WebElementNotFoundException: Web element with id: 'Object Repository/SuperAdminConsole/SuperAdmin Users/in-line delete icon' located by 'By.xpath: //section[@id='sort_table']/table/tbody/tr[2]/td[7]/a' not found)

2018-11-15 17:14:25 - [MESSAGE][FAILED] - Unable to click on object 'Object Repository/SuperAdminConsole/SuperAdmin Users/in-line delete icon' (Root cause: com.kms.katalon.core.webui.exception.WebElementNotFoundException: Web element with id: 'Object Repository/SuperAdminConsole/SuperAdmin Users/in-line delete icon' located by 'By.xpath: //section[@id='sort_table']/table/tbody/tr[2]/td[7]/a' not found)
[[ATTACHMENT|/Users/alonzomack/Katalon Studio/Regression/Reports/New Test Suite/20181115_165638/1542323664995.png]]]]></system-out>
         <system-err><![CDATA[2018-11-15 17:14:00 - [TEST_CASE][FAILED] - Test Cases/SuperAdminConsole/Users/SuperAdmin User Account - Delete - In-Line: Test Cases/SuperAdminConsole/Users/SuperAdmin User Account - Delete - In-Line FAILED because (of) (Stack trace: com.kms.katalon.core.exception.StepFailedException: Unable to click on object 'Object Repository/SuperAdminConsole/SuperAdmin Users/in-line delete icon' (Root cause: com.kms.katalon.core.webui.exception.WebElementNotFoundException: Web element with id: 'Object Repository/SuperAdminConsole/SuperAdmin Users/in-line delete icon' located by 'By.xpath: //section[@id='sort_table']/table/tbody/tr[2]/td[7]/a' not found)
	at com.kms.katalon.core.keyword.internal.KeywordMain.stepFailed(KeywordMain.groovy:36)
	at com.kms.katalon.core.webui.keyword.internal.WebUIKeywordMain.stepFailed(WebUIKeywordMain.groovy:65)
	at com.kms.katalon.core.webui.keyword.internal.WebUIKeywordMain.runKeyword(WebUIKeywordMain.groovy:27)
	at com.kms.katalon.core.webui.keyword.builtin.ClickKeyword.click(ClickKeyword.groovy:86)
	at com.kms.katalon.core.webui.keyword.builtin.ClickKeyword.execute(ClickKeyword.groovy:67)
	at com.kms.katalon.core.keyword.internal.KeywordExecutor.executeKeywordForPlatform(KeywordExecutor.groovy:53)
	at com.kms.katalon.core.webui.keyword.WebUiBuiltInKeywords.click(WebUiBuiltInKeywords.groovy:616)
	at com.kms.katalon.core.webui.keyword.WebUiBuiltInKeywords$click$3.call(Unknown Source)
	at org.codehaus.groovy.runtime.callsite.CallSiteArray.defaultCall(CallSiteArray.java:48)
	at org.codehaus.groovy.runtime.callsite.AbstractCallSite.call(AbstractCallSite.java:113)
	at org.codehaus.groovy.runtime.callsite.AbstractCallSite.call(AbstractCallSite.java:125)
	at Script1540837545514.run(Script1540837545514.groovy:50)
	at com.kms.katalon.core.main.ScriptEngine.run(ScriptEngine.java:183)
	at com.kms.katalon.core.main.ScriptEngine.runScriptAsRawText(ScriptEngine.java:108)
	at com.kms.katalon.core.main.TestCaseExecutor.runScript(TestCaseExecutor.java:294)
	at com.kms.katalon.core.main.TestCaseExecutor.doExecute(TestCaseExecutor.java:285)
	at com.kms.katalon.core.main.TestCaseExecutor.processExecutionPhase(TestCaseExecutor.java:264)
	at com.kms.katalon.core.main.TestCaseExecutor.accessMainPhase(TestCaseExecutor.java:256)
	at com.kms.katalon.core.main.TestCaseExecutor.execute(TestCaseExecutor.java:200)
	at com.kms.katalon.core.main.TestSuiteExecutor.accessTestCaseMainPhase(TestSuiteExecutor.java:129)
	at com.kms.katalon.core.main.TestSuiteExecutor.accessTestSuiteMainPhase(TestSuiteExecutor.java:112)
	at com.kms.katalon.core.main.TestSuiteExecutor.execute(TestSuiteExecutor.java:81)
	at com.kms.katalon.core.main.TestCaseMain.startTestSuite(TestCaseMain.java:142)
	at com.kms.katalon.core.main.TestCaseMain$startTestSuite$0.call(Unknown Source)
	at org.codehaus.groovy.runtime.callsite.CallSiteArray.defaultCall(CallSiteArray.java:48)
	at org.codehaus.groovy.runtime.callsite.AbstractCallSite.call(AbstractCallSite.java:113)
	at org.codehaus.groovy.runtime.callsite.AbstractCallSite.call(AbstractCallSite.java:141)
	at TempTestSuite1542322598346.run(TempTestSuite1542322598346.groovy:36)
	at groovy.lang.GroovyShell.runScriptOrMainOrTestOrRunnable(GroovyShell.java:263)
	at groovy.lang.GroovyShell.run(GroovyShell.java:518)
	at groovy.lang.GroovyShell.run(GroovyShell.java:507)
	at groovy.ui.GroovyMain.processOnce(GroovyMain.java:653)
	at groovy.ui.GroovyMain.run(GroovyMain.java:384)
	at groovy.ui.GroovyMain.process(GroovyMain.java:370)
	at groovy.ui.GroovyMain.processArgs(GroovyMain.java:129)
	at groovy.ui.GroovyMain.main(GroovyMain.java:109)
	at sun.reflect.NativeMethodAccessorImpl.invoke0(Native Method)
	at sun.reflect.NativeMethodAccessorImpl.invoke(NativeMethodAccessorImpl.java:62)
	at sun.reflect.DelegatingMethodAccessorImpl.invoke(DelegatingMethodAccessorImpl.java:43)
	at java.lang.reflect.Method.invoke(Method.java:498)
	at org.codehaus.groovy.tools.GroovyStarter.rootLoader(GroovyStarter.java:109)
	at org.codehaus.groovy.tools.GroovyStarter.main(GroovyStarter.java:131)
)]]></system-err>
      </testcase>
      <testcase name="Test Cases/Admin Console/Poll Pads/Poll Pad - Configuration/Poll Pad Configuration - Delete" classname="Test Cases/Admin Console/Poll Pads/Poll Pad - Configuration/Poll Pad Configuration - Delete" status="PASSED">
         <system-out><![CDATA[2018-11-15 17:14:25 - [TEST_CASE][PASSED] - Test Cases/Admin Console/Poll Pads/Poll Pad - Configuration/Poll Pad Configuration - Delete: Test Cases/Admin Console/Poll Pads/Poll Pad - Configuration/Poll Pad Configuration - Delete

2018-11-15 17:14:25 - [TEST_STEP][PASSED] - openBrowser: Browser is opened with url: ''

2018-11-15 17:14:25 - [MESSAGE][WARNING] - A browser is already opened. Closing browser and opening a new one

2018-11-15 17:14:26 - [MESSAGE][PASSED] - Browser is opened with url: ''

2018-11-15 17:14:26 - [TEST_STEP][PASSED] - navigateToUrl: Navigate to 'https://epulsedev2.com' successfully

2018-11-15 17:14:27 - [MESSAGE][PASSED] - Navigate to 'https://epulsedev2.com' successfully

2018-11-15 17:14:27 - [TEST_STEP][PASSED] - setText: Text 'alonzo.mack@knowink.com' is set on object 'Object Repository/Login/Email Address'

2018-11-15 17:14:27 - [MESSAGE][PASSED] - Text 'alonzo.mack@knowink.com' is set on object 'Object Repository/Login/Email Address'

2018-11-15 17:14:27 - [TEST_STEP][PASSED] - setEncryptedText: Text ****** has been set on object 'Object Repository/Login/Password'

2018-11-15 17:14:27 - [MESSAGE][PASSED] - Text ****** has been set on object 'Object Repository/Login/Password'

2018-11-15 17:14:27 - [TEST_STEP][PASSED] - click: Object: 'Object Repository/Login/Sign In' is clicked on

2018-11-15 17:14:28 - [MESSAGE][PASSED] - Object: 'Object Repository/Login/Sign In' is clicked on

2018-11-15 17:14:28 - [TEST_STEP][PASSED] - delay: Delayed 1 second(s)

2018-11-15 17:14:29 - [MESSAGE][PASSED] - Delayed 1 second(s)

2018-11-15 17:14:29 - [TEST_STEP][PASSED] - navigateToUrl: Navigate to 'https://am-automation-test.epulsedev2.com/poll_pad_configs#sort=name&direction=asc&display=list' successfully

2018-11-15 17:14:30 - [MESSAGE][PASSED] - Navigate to 'https://am-automation-test.epulsedev2.com/poll_pad_configs#sort=name&direction=asc&display=list' successfully

2018-11-15 17:14:30 - [TEST_STEP][PASSED] - delay: Delayed 1 second(s)

2018-11-15 17:14:31 - [MESSAGE][PASSED] - Delayed 1 second(s)

2018-11-15 17:14:31 - [TEST_STEP][PASSED] - delay: Delayed 1 second(s)

2018-11-15 17:14:32 - [MESSAGE][PASSED] - Delayed 1 second(s)

2018-11-15 17:14:32 - [TEST_STEP][PASSED] - click: Object: 'Object Repository/Admin Console ePulse Menu/Poll Pads/Delete Config' is clicked on

2018-11-15 17:14:32 - [MESSAGE][PASSED] - Object: 'Object Repository/Admin Console ePulse Menu/Poll Pads/Delete Config' is clicked on

2018-11-15 17:14:32 - [TEST_STEP][PASSED] - acceptAlert: Alert accepted

2018-11-15 17:14:32 - [MESSAGE][PASSED] - Alert accepted

2018-11-15 17:14:32 - [TEST_STEP][PASSED] - delay: Delayed 1 second(s)

2018-11-15 17:14:33 - [MESSAGE][PASSED] - Delayed 1 second(s)]]></system-out>
         <system-err><![CDATA[]]></system-err>
      </testcase>
      <testcase name="Test Cases/SuperAdminConsole/Poll Pads/PollPad - Action - Delete" classname="Test Cases/SuperAdminConsole/Poll Pads/PollPad - Action - Delete" status="FAILED">
         <failure type="FAILED" message="(Stack trace: com.kms.katalon.core.exception.StepFailedException: Unable to click on object (Root cause: java.lang.IllegalArgumentException: Object is null)
	at com.kms.katalon.core.keyword.internal.KeywordMain.stepFailed(KeywordMain.groovy:36)
	at com.kms.katalon.core.webui.keyword.internal.WebUIKeywordMain.stepFailed(WebUIKeywordMain.groovy:65)
	at com.kms.katalon.core.webui.keyword.internal.WebUIKeywordMain.runKeyword(WebUIKeywordMain.groovy:27)
	at com.kms.katalon.core.webui.keyword.builtin.ClickKeyword.click(ClickKeyword.groovy:86)
	at com.kms.katalon.core.webui.keyword.builtin.ClickKeyword.execute(ClickKeyword.groovy:67)
	at com.kms.katalon.core.keyword.internal.KeywordExecutor.executeKeywordForPlatform(KeywordExecutor.groovy:53)
	at com.kms.katalon.core.webui.keyword.WebUiBuiltInKeywords.click(WebUiBuiltInKeywords.groovy:616)
	at com.kms.katalon.core.webui.keyword.WebUiBuiltInKeywords$click$3.call(Unknown Source)
	at org.codehaus.groovy.runtime.callsite.CallSiteArray.defaultCall(CallSiteArray.java:48)
	at org.codehaus.groovy.runtime.callsite.AbstractCallSite.call(AbstractCallSite.java:113)
	at org.codehaus.groovy.runtime.callsite.AbstractCallSite.call(AbstractCallSite.java:125)
	at Script1540594103508.run(Script1540594103508.groovy:41)
	at com.kms.katalon.core.main.ScriptEngine.run(ScriptEngine.java:183)
	at com.kms.katalon.core.main.ScriptEngine.runScriptAsRawText(ScriptEngine.java:108)
	at com.kms.katalon.core.main.TestCaseExecutor.runScript(TestCaseExecutor.java:294)
	at com.kms.katalon.core.main.TestCaseExecutor.doExecute(TestCaseExecutor.java:285)
	at com.kms.katalon.core.main.TestCaseExecutor.processExecutionPhase(TestCaseExecutor.java:264)
	at com.kms.katalon.core.main.TestCaseExecutor.accessMainPhase(TestCaseExecutor.java:256)
	at com.kms.katalon.core.main.TestCaseExecutor.execute(TestCaseExecutor.java:200)
	at com.kms.katalon.core.main.TestSuiteExecutor.accessTestCaseMainPhase(TestSuiteExecutor.java:129)
	at com.kms.katalon.core.main.TestSuiteExecutor.accessTestSuiteMainPhase(TestSuiteExecutor.java:112)
	at com.kms.katalon.core.main.TestSuiteExecutor.execute(TestSuiteExecutor.java:81)
	at com.kms.katalon.core.main.TestCaseMain.startTestSuite(TestCaseMain.java:142)
	at com.kms.katalon.core.main.TestCaseMain$startTestSuite$0.call(Unknown Source)
	at org.codehaus.groovy.runtime.callsite.CallSiteArray.defaultCall(CallSiteArray.java:48)
	at org.codehaus.groovy.runtime.callsite.AbstractCallSite.call(AbstractCallSite.java:113)
	at org.codehaus.groovy.runtime.callsite.AbstractCallSite.call(AbstractCallSite.java:141)
	at TempTestSuite1542322598346.run(TempTestSuite1542322598346.groovy:36)
	at groovy.lang.GroovyShell.runScriptOrMainOrTestOrRunnable(GroovyShell.java:263)
	at groovy.lang.GroovyShell.run(GroovyShell.java:518)
	at groovy.lang.GroovyShell.run(GroovyShell.java:507)
	at groovy.ui.GroovyMain.processOnce(GroovyMain.java:653)
	at groovy.ui.GroovyMain.run(GroovyMain.java:384)
	at groovy.ui.GroovyMain.process(GroovyMain.java:370)
	at groovy.ui.GroovyMain.processArgs(GroovyMain.java:129)
	at groovy.ui.GroovyMain.main(GroovyMain.java:109)
	at sun.reflect.NativeMethodAccessorImpl.invoke0(Native Method)
	at sun.reflect.NativeMethodAccessorImpl.invoke(NativeMethodAccessorImpl.java:62)
	at sun.reflect.DelegatingMethodAccessorImpl.invoke(DelegatingMethodAccessorImpl.java:43)
	at java.lang.reflect.Method.invoke(Method.java:498)
	at org.codehaus.groovy.tools.GroovyStarter.rootLoader(GroovyStarter.java:109)
	at org.codehaus.groovy.tools.GroovyStarter.main(GroovyStarter.java:131)
)"/>
         <system-out><![CDATA[2018-11-15 17:14:33 - [TEST_CASE][FAILED] - Test Cases/SuperAdminConsole/Poll Pads/PollPad - Action - Delete: Test Cases/SuperAdminConsole/Poll Pads/PollPad - Action - Delete FAILED because (of) (Stack trace: com.kms.katalon.core.exception.StepFailedException: Unable to click on object (Root cause: java.lang.IllegalArgumentException: Object is null)
	at com.kms.katalon.core.keyword.internal.KeywordMain.stepFailed(KeywordMain.groovy:36)
	at com.kms.katalon.core.webui.keyword.internal.WebUIKeywordMain.stepFailed(WebUIKeywordMain.groovy:65)
	at com.kms.katalon.core.webui.keyword.internal.WebUIKeywordMain.runKeyword(WebUIKeywordMain.groovy:27)
	at com.kms.katalon.core.webui.keyword.builtin.ClickKeyword.click(ClickKeyword.groovy:86)
	at com.kms.katalon.core.webui.keyword.builtin.ClickKeyword.execute(ClickKeyword.groovy:67)
	at com.kms.katalon.core.keyword.internal.KeywordExecutor.executeKeywordForPlatform(KeywordExecutor.groovy:53)
	at com.kms.katalon.core.webui.keyword.WebUiBuiltInKeywords.click(WebUiBuiltInKeywords.groovy:616)
	at com.kms.katalon.core.webui.keyword.WebUiBuiltInKeywords$click$3.call(Unknown Source)
	at org.codehaus.groovy.runtime.callsite.CallSiteArray.defaultCall(CallSiteArray.java:48)
	at org.codehaus.groovy.runtime.callsite.AbstractCallSite.call(AbstractCallSite.java:113)
	at org.codehaus.groovy.runtime.callsite.AbstractCallSite.call(AbstractCallSite.java:125)
	at Script1540594103508.run(Script1540594103508.groovy:41)
	at com.kms.katalon.core.main.ScriptEngine.run(ScriptEngine.java:183)
	at com.kms.katalon.core.main.ScriptEngine.runScriptAsRawText(ScriptEngine.java:108)
	at com.kms.katalon.core.main.TestCaseExecutor.runScript(TestCaseExecutor.java:294)
	at com.kms.katalon.core.main.TestCaseExecutor.doExecute(TestCaseExecutor.java:285)
	at com.kms.katalon.core.main.TestCaseExecutor.processExecutionPhase(TestCaseExecutor.java:264)
	at com.kms.katalon.core.main.TestCaseExecutor.accessMainPhase(TestCaseExecutor.java:256)
	at com.kms.katalon.core.main.TestCaseExecutor.execute(TestCaseExecutor.java:200)
	at com.kms.katalon.core.main.TestSuiteExecutor.accessTestCaseMainPhase(TestSuiteExecutor.java:129)
	at com.kms.katalon.core.main.TestSuiteExecutor.accessTestSuiteMainPhase(TestSuiteExecutor.java:112)
	at com.kms.katalon.core.main.TestSuiteExecutor.execute(TestSuiteExecutor.java:81)
	at com.kms.katalon.core.main.TestCaseMain.startTestSuite(TestCaseMain.java:142)
	at com.kms.katalon.core.main.TestCaseMain$startTestSuite$0.call(Unknown Source)
	at org.codehaus.groovy.runtime.callsite.CallSiteArray.defaultCall(CallSiteArray.java:48)
	at org.codehaus.groovy.runtime.callsite.AbstractCallSite.call(AbstractCallSite.java:113)
	at org.codehaus.groovy.runtime.callsite.AbstractCallSite.call(AbstractCallSite.java:141)
	at TempTestSuite1542322598346.run(TempTestSuite1542322598346.groovy:36)
	at groovy.lang.GroovyShell.runScriptOrMainOrTestOrRunnable(GroovyShell.java:263)
	at groovy.lang.GroovyShell.run(GroovyShell.java:518)
	at groovy.lang.GroovyShell.run(GroovyShell.java:507)
	at groovy.ui.GroovyMain.processOnce(GroovyMain.java:653)
	at groovy.ui.GroovyMain.run(GroovyMain.java:384)
	at groovy.ui.GroovyMain.process(GroovyMain.java:370)
	at groovy.ui.GroovyMain.processArgs(GroovyMain.java:129)
	at groovy.ui.GroovyMain.main(GroovyMain.java:109)
	at sun.reflect.NativeMethodAccessorImpl.invoke0(Native Method)
	at sun.reflect.NativeMethodAccessorImpl.invoke(NativeMethodAccessorImpl.java:62)
	at sun.reflect.DelegatingMethodAccessorImpl.invoke(DelegatingMethodAccessorImpl.java:43)
	at java.lang.reflect.Method.invoke(Method.java:498)
	at org.codehaus.groovy.tools.GroovyStarter.rootLoader(GroovyStarter.java:109)
	at org.codehaus.groovy.tools.GroovyStarter.main(GroovyStarter.java:131)
)

2018-11-15 17:14:34 - [TEST_STEP][PASSED] - openBrowser: Browser is opened with url: ''

2018-11-15 17:14:34 - [MESSAGE][WARNING] - A browser is already opened. Closing browser and opening a new one

2018-11-15 17:14:35 - [MESSAGE][PASSED] - Browser is opened with url: ''

2018-11-15 17:14:35 - [TEST_STEP][PASSED] - navigateToUrl: Navigate to 'https://epulsedev2.com' successfully

2018-11-15 17:14:36 - [MESSAGE][PASSED] - Navigate to 'https://epulsedev2.com' successfully

2018-11-15 17:14:36 - [TEST_STEP][PASSED] - setText: Text 'alonzo.mack@knowink.com' is set on object 'Object Repository/Login/Email Address'

2018-11-15 17:14:36 - [MESSAGE][PASSED] - Text 'alonzo.mack@knowink.com' is set on object 'Object Repository/Login/Email Address'

2018-11-15 17:14:36 - [TEST_STEP][PASSED] - setEncryptedText: Text ****** has been set on object 'Object Repository/Login/Password'

2018-11-15 17:14:36 - [MESSAGE][PASSED] - Text ****** has been set on object 'Object Repository/Login/Password'

2018-11-15 17:14:36 - [TEST_STEP][PASSED] - click: Object: 'Object Repository/Login/Sign In' is clicked on

2018-11-15 17:14:37 - [MESSAGE][PASSED] - Object: 'Object Repository/Login/Sign In' is clicked on

2018-11-15 17:14:37 - [TEST_STEP][PASSED] - delay: Delayed 1 second(s)

2018-11-15 17:14:38 - [MESSAGE][PASSED] - Delayed 1 second(s)

2018-11-15 17:14:38 - [TEST_STEP][PASSED] - click: Object: 'Object Repository/SuperAdminConsole/Poll Pads/POLL PADS link' is clicked on

2018-11-15 17:14:39 - [MESSAGE][PASSED] - Object: 'Object Repository/SuperAdminConsole/Poll Pads/POLL PADS link' is clicked on

2018-11-15 17:14:39 - [TEST_STEP][PASSED] - delay: Delayed 1 second(s)

2018-11-15 17:14:40 - [MESSAGE][PASSED] - Delayed 1 second(s)

2018-11-15 17:14:40 - [TEST_STEP][PASSED] - setText: Text 'Test Pollpad' is set on object 'Object Repository/SuperAdminConsole/Poll Pads/Test PollPad table search'

2018-11-15 17:14:40 - [MESSAGE][PASSED] - Text 'Test Pollpad' is set on object 'Object Repository/SuperAdminConsole/Poll Pads/Test PollPad table search'

2018-11-15 17:14:40 - [TEST_STEP][PASSED] - delay: Delayed 1 second(s)

2018-11-15 17:14:41 - [MESSAGE][PASSED] - Delayed 1 second(s)

2018-11-15 17:14:41 - [TEST_STEP][FAILED] - click: Unable to click on object (Root cause: java.lang.IllegalArgumentException: Object is null)

2018-11-15 17:14:41 - [MESSAGE][WARNING] - Test object with id 'Object Repository/null' does not exist

2018-11-15 17:14:41 - [MESSAGE][WARNING] - Test object with id 'Object Repository/' does not exist

2018-11-15 17:14:42 - [MESSAGE][FAILED] - Unable to click on object (Root cause: java.lang.IllegalArgumentException: Object is null)
[[ATTACHMENT|/Users/alonzomack/Katalon Studio/Regression/Reports/New Test Suite/20181115_165638/1542323681937.png]]]]></system-out>
         <system-err><![CDATA[2018-11-15 17:14:33 - [TEST_CASE][FAILED] - Test Cases/SuperAdminConsole/Poll Pads/PollPad - Action - Delete: Test Cases/SuperAdminConsole/Poll Pads/PollPad - Action - Delete FAILED because (of) (Stack trace: com.kms.katalon.core.exception.StepFailedException: Unable to click on object (Root cause: java.lang.IllegalArgumentException: Object is null)
	at com.kms.katalon.core.keyword.internal.KeywordMain.stepFailed(KeywordMain.groovy:36)
	at com.kms.katalon.core.webui.keyword.internal.WebUIKeywordMain.stepFailed(WebUIKeywordMain.groovy:65)
	at com.kms.katalon.core.webui.keyword.internal.WebUIKeywordMain.runKeyword(WebUIKeywordMain.groovy:27)
	at com.kms.katalon.core.webui.keyword.builtin.ClickKeyword.click(ClickKeyword.groovy:86)
	at com.kms.katalon.core.webui.keyword.builtin.ClickKeyword.execute(ClickKeyword.groovy:67)
	at com.kms.katalon.core.keyword.internal.KeywordExecutor.executeKeywordForPlatform(KeywordExecutor.groovy:53)
	at com.kms.katalon.core.webui.keyword.WebUiBuiltInKeywords.click(WebUiBuiltInKeywords.groovy:616)
	at com.kms.katalon.core.webui.keyword.WebUiBuiltInKeywords$click$3.call(Unknown Source)
	at org.codehaus.groovy.runtime.callsite.CallSiteArray.defaultCall(CallSiteArray.java:48)
	at org.codehaus.groovy.runtime.callsite.AbstractCallSite.call(AbstractCallSite.java:113)
	at org.codehaus.groovy.runtime.callsite.AbstractCallSite.call(AbstractCallSite.java:125)
	at Script1540594103508.run(Script1540594103508.groovy:41)
	at com.kms.katalon.core.main.ScriptEngine.run(ScriptEngine.java:183)
	at com.kms.katalon.core.main.ScriptEngine.runScriptAsRawText(ScriptEngine.java:108)
	at com.kms.katalon.core.main.TestCaseExecutor.runScript(TestCaseExecutor.java:294)
	at com.kms.katalon.core.main.TestCaseExecutor.doExecute(TestCaseExecutor.java:285)
	at com.kms.katalon.core.main.TestCaseExecutor.processExecutionPhase(TestCaseExecutor.java:264)
	at com.kms.katalon.core.main.TestCaseExecutor.accessMainPhase(TestCaseExecutor.java:256)
	at com.kms.katalon.core.main.TestCaseExecutor.execute(TestCaseExecutor.java:200)
	at com.kms.katalon.core.main.TestSuiteExecutor.accessTestCaseMainPhase(TestSuiteExecutor.java:129)
	at com.kms.katalon.core.main.TestSuiteExecutor.accessTestSuiteMainPhase(TestSuiteExecutor.java:112)
	at com.kms.katalon.core.main.TestSuiteExecutor.execute(TestSuiteExecutor.java:81)
	at com.kms.katalon.core.main.TestCaseMain.startTestSuite(TestCaseMain.java:142)
	at com.kms.katalon.core.main.TestCaseMain$startTestSuite$0.call(Unknown Source)
	at org.codehaus.groovy.runtime.callsite.CallSiteArray.defaultCall(CallSiteArray.java:48)
	at org.codehaus.groovy.runtime.callsite.AbstractCallSite.call(AbstractCallSite.java:113)
	at org.codehaus.groovy.runtime.callsite.AbstractCallSite.call(AbstractCallSite.java:141)
	at TempTestSuite1542322598346.run(TempTestSuite1542322598346.groovy:36)
	at groovy.lang.GroovyShell.runScriptOrMainOrTestOrRunnable(GroovyShell.java:263)
	at groovy.lang.GroovyShell.run(GroovyShell.java:518)
	at groovy.lang.GroovyShell.run(GroovyShell.java:507)
	at groovy.ui.GroovyMain.processOnce(GroovyMain.java:653)
	at groovy.ui.GroovyMain.run(GroovyMain.java:384)
	at groovy.ui.GroovyMain.process(GroovyMain.java:370)
	at groovy.ui.GroovyMain.processArgs(GroovyMain.java:129)
	at groovy.ui.GroovyMain.main(GroovyMain.java:109)
	at sun.reflect.NativeMethodAccessorImpl.invoke0(Native Method)
	at sun.reflect.NativeMethodAccessorImpl.invoke(NativeMethodAccessorImpl.java:62)
	at sun.reflect.DelegatingMethodAccessorImpl.invoke(DelegatingMethodAccessorImpl.java:43)
	at java.lang.reflect.Method.invoke(Method.java:498)
	at org.codehaus.groovy.tools.GroovyStarter.rootLoader(GroovyStarter.java:109)
	at org.codehaus.groovy.tools.GroovyStarter.main(GroovyStarter.java:131)
)]]></system-err>
      </testcase>
      <testcase name="Test Cases/SuperAdminConsole/Poll Pads/PollPad - In-Line Delete" classname="Test Cases/SuperAdminConsole/Poll Pads/PollPad - In-Line Delete" status="PASSED">
         <system-out><![CDATA[2018-11-15 17:14:42 - [TEST_CASE][PASSED] - Test Cases/SuperAdminConsole/Poll Pads/PollPad - In-Line Delete: Test Cases/SuperAdminConsole/Poll Pads/PollPad - In-Line Delete

2018-11-15 17:14:42 - [TEST_STEP][PASSED] - openBrowser: Browser is opened with url: 'https://epulsedev2.com'

2018-11-15 17:14:42 - [MESSAGE][WARNING] - A browser is already opened. Closing browser and opening a new one

2018-11-15 17:14:44 - [MESSAGE][PASSED] - Browser is opened with url: 'https://epulsedev2.com'

2018-11-15 17:14:44 - [TEST_STEP][PASSED] - openBrowser: Browser is opened with url: ''

2018-11-15 17:14:44 - [MESSAGE][WARNING] - A browser is already opened. Closing browser and opening a new one

2018-11-15 17:14:45 - [MESSAGE][PASSED] - Browser is opened with url: ''

2018-11-15 17:14:45 - [TEST_STEP][PASSED] - navigateToUrl: Navigate to 'https://epulsedev2.com' successfully

2018-11-15 17:14:46 - [MESSAGE][PASSED] - Navigate to 'https://epulsedev2.com' successfully

2018-11-15 17:14:46 - [TEST_STEP][PASSED] - setText: Text 'alonzo.mack@knowink.com' is set on object 'Object Repository/Login/Email Address'

2018-11-15 17:14:47 - [MESSAGE][PASSED] - Text 'alonzo.mack@knowink.com' is set on object 'Object Repository/Login/Email Address'

2018-11-15 17:14:47 - [TEST_STEP][PASSED] - setEncryptedText: Text ****** has been set on object 'Object Repository/Login/Password'

2018-11-15 17:14:47 - [MESSAGE][PASSED] - Text ****** has been set on object 'Object Repository/Login/Password'

2018-11-15 17:14:47 - [TEST_STEP][PASSED] - click: Object: 'Object Repository/Login/Sign In' is clicked on

2018-11-15 17:14:47 - [MESSAGE][PASSED] - Object: 'Object Repository/Login/Sign In' is clicked on

2018-11-15 17:14:47 - [TEST_STEP][PASSED] - delay: Delayed 1 second(s)

2018-11-15 17:14:48 - [MESSAGE][PASSED] - Delayed 1 second(s)

2018-11-15 17:14:48 - [TEST_STEP][PASSED] - click: Object: 'Object Repository/SuperAdminConsole/Poll Pads/POLL PADS link' is clicked on

2018-11-15 17:14:49 - [MESSAGE][PASSED] - Object: 'Object Repository/SuperAdminConsole/Poll Pads/POLL PADS link' is clicked on

2018-11-15 17:14:49 - [TEST_STEP][PASSED] - setText: Text 'Test Pollpad' is set on object 'Object Repository/SuperAdminConsole/Poll Pads/Test PollPad table search'

2018-11-15 17:14:49 - [MESSAGE][PASSED] - Text 'Test Pollpad' is set on object 'Object Repository/SuperAdminConsole/Poll Pads/Test PollPad table search'

2018-11-15 17:14:49 - [TEST_STEP][PASSED] - delay: Delayed 1 second(s)

2018-11-15 17:14:51 - [MESSAGE][PASSED] - Delayed 1 second(s)

2018-11-15 17:14:51 - [TEST_STEP][PASSED] - click: Object: 'Object Repository/SuperAdminConsole/Poll Pads/Delete/Delete - In-Line/Delete Test PollPad' is clicked on

2018-11-15 17:14:51 - [MESSAGE][PASSED] - Object: 'Object Repository/SuperAdminConsole/Poll Pads/Delete/Delete - In-Line/Delete Test PollPad' is clicked on

2018-11-15 17:14:51 - [TEST_STEP][PASSED] - delay: Delayed 1 second(s)

2018-11-15 17:14:52 - [MESSAGE][PASSED] - Delayed 1 second(s)

2018-11-15 17:14:52 - [TEST_STEP][PASSED] - acceptAlert: Alert accepted

2018-11-15 17:14:52 - [MESSAGE][PASSED] - Alert accepted

2018-11-15 17:14:52 - [TEST_STEP][PASSED] - delay: Delayed 1 second(s)

2018-11-15 17:14:53 - [MESSAGE][PASSED] - Delayed 1 second(s)

2018-11-15 17:14:53 - [TEST_STEP][PASSED] - closeBrowser: Browser is closed

2018-11-15 17:14:53 - [MESSAGE][PASSED] - Browser is closed]]></system-out>
         <system-err><![CDATA[]]></system-err>
      </testcase>
      <testcase name="Test Cases/Admin Console/Account Settings/ID Methods/ID Methods - Delete" classname="Test Cases/Admin Console/Account Settings/ID Methods/ID Methods - Delete" status="PASSED">
         <system-out><![CDATA[2018-11-15 17:14:53 - [TEST_CASE][PASSED] - Test Cases/Admin Console/Account Settings/ID Methods/ID Methods - Delete: Test Cases/Admin Console/Account Settings/ID Methods/ID Methods - Delete

2018-11-15 17:14:53 - [TEST_STEP][PASSED] - openBrowser: Browser is opened with url: ''

2018-11-15 17:14:54 - [MESSAGE][PASSED] - Browser is opened with url: ''

2018-11-15 17:14:54 - [TEST_STEP][PASSED] - navigateToUrl: Navigate to 'https://epulsedev2.com' successfully

2018-11-15 17:14:55 - [MESSAGE][PASSED] - Navigate to 'https://epulsedev2.com' successfully

2018-11-15 17:14:55 - [TEST_STEP][PASSED] - setText: Text 'alonzo.mack@knowink.com' is set on object 'Object Repository/Login/Email Address'

2018-11-15 17:14:55 - [MESSAGE][PASSED] - Text 'alonzo.mack@knowink.com' is set on object 'Object Repository/Login/Email Address'

2018-11-15 17:14:55 - [TEST_STEP][PASSED] - setEncryptedText: Text ****** has been set on object 'Object Repository/Login/Password'

2018-11-15 17:14:55 - [MESSAGE][PASSED] - Text ****** has been set on object 'Object Repository/Login/Password'

2018-11-15 17:14:55 - [TEST_STEP][PASSED] - click: Object: 'Object Repository/Login/Sign In' is clicked on

2018-11-15 17:14:56 - [MESSAGE][PASSED] - Object: 'Object Repository/Login/Sign In' is clicked on

2018-11-15 17:14:56 - [TEST_STEP][PASSED] - delay: Delayed 1 second(s)

2018-11-15 17:14:57 - [MESSAGE][PASSED] - Delayed 1 second(s)

2018-11-15 17:14:57 - [TEST_STEP][PASSED] - navigateToUrl: Navigate to 'https://am-automation-test.epulsedev2.com/voter_id_methods' successfully

2018-11-15 17:14:58 - [MESSAGE][PASSED] - Navigate to 'https://am-automation-test.epulsedev2.com/voter_id_methods' successfully

2018-11-15 17:14:58 - [TEST_STEP][PASSED] - delay: Delayed 1 second(s)

2018-11-15 17:14:59 - [MESSAGE][PASSED] - Delayed 1 second(s)

2018-11-15 17:14:59 - [TEST_STEP][PASSED] - click: Object: 'Object Repository/Admin Console ePulse Menu/Account Settings/ID Methods/ID Methods Page/Page_Epulse  am-Automation-test/Delete Selected ID Method' is clicked on

2018-11-15 17:15:00 - [MESSAGE][PASSED] - Object: 'Object Repository/Admin Console ePulse Menu/Account Settings/ID Methods/ID Methods Page/Page_Epulse  am-Automation-test/Delete Selected ID Method' is clicked on

2018-11-15 17:15:00 - [TEST_STEP][PASSED] - delay: Delayed 3 second(s)

2018-11-15 17:15:03 - [MESSAGE][PASSED] - Delayed 3 second(s)

2018-11-15 17:15:03 - [TEST_STEP][PASSED] - acceptAlert: Alert accepted

2018-11-15 17:15:03 - [MESSAGE][PASSED] - Alert accepted

2018-11-15 17:15:03 - [TEST_STEP][PASSED] - closeBrowser: Browser is closed

2018-11-15 17:15:03 - [MESSAGE][PASSED] - Browser is closed]]></system-out>
         <system-err><![CDATA[]]></system-err>
      </testcase>
      <testcase name="Test Cases/SuperAdminConsole/Parties/SuperAdmin Console Parties - Delete State" classname="Test Cases/SuperAdminConsole/Parties/SuperAdmin Console Parties - Delete State" status="PASSED">
         <system-out><![CDATA[2018-11-15 17:15:03 - [TEST_CASE][PASSED] - Test Cases/SuperAdminConsole/Parties/SuperAdmin Console Parties - Delete State: Test Cases/SuperAdminConsole/Parties/SuperAdmin Console Parties - Delete State

2018-11-15 17:15:03 - [TEST_STEP][PASSED] - openBrowser: Browser is opened with url: ''

2018-11-15 17:15:04 - [MESSAGE][PASSED] - Browser is opened with url: ''

2018-11-15 17:15:04 - [TEST_STEP][PASSED] - navigateToUrl: Navigate to 'https://epulsedev2.com' successfully

2018-11-15 17:15:05 - [MESSAGE][PASSED] - Navigate to 'https://epulsedev2.com' successfully

2018-11-15 17:15:05 - [TEST_STEP][PASSED] - setText: Text 'alonzo.mack@knowink.com' is set on object 'Object Repository/Login/Email Address'

2018-11-15 17:15:05 - [MESSAGE][PASSED] - Text 'alonzo.mack@knowink.com' is set on object 'Object Repository/Login/Email Address'

2018-11-15 17:15:05 - [TEST_STEP][PASSED] - setEncryptedText: Text ****** has been set on object 'Object Repository/Login/Password'

2018-11-15 17:15:05 - [MESSAGE][PASSED] - Text ****** has been set on object 'Object Repository/Login/Password'

2018-11-15 17:15:05 - [TEST_STEP][PASSED] - click: Object: 'Object Repository/Login/Sign In' is clicked on

2018-11-15 17:15:06 - [MESSAGE][PASSED] - Object: 'Object Repository/Login/Sign In' is clicked on]]></system-out>
         <system-err><![CDATA[]]></system-err>
      </testcase>
      <testcase name="Test Cases/SuperAdminConsole/Parties/SuperAdmin Console Parties - Delete State" classname="Test Cases/SuperAdminConsole/Parties/SuperAdmin Console Parties - Delete State" status="PASSED">
         <system-out><![CDATA[2018-11-15 17:15:06 - [TEST_CASE][PASSED] - Test Cases/SuperAdminConsole/Parties/SuperAdmin Console Parties - Delete State: Test Cases/SuperAdminConsole/Parties/SuperAdmin Console Parties - Delete State

2018-11-15 17:15:06 - [TEST_STEP][PASSED] - openBrowser: Browser is opened with url: ''

2018-11-15 17:15:06 - [MESSAGE][WARNING] - A browser is already opened. Closing browser and opening a new one

2018-11-15 17:15:07 - [MESSAGE][PASSED] - Browser is opened with url: ''

2018-11-15 17:15:07 - [TEST_STEP][PASSED] - navigateToUrl: Navigate to 'https://epulsedev2.com' successfully

2018-11-15 17:15:09 - [MESSAGE][PASSED] - Navigate to 'https://epulsedev2.com' successfully

2018-11-15 17:15:09 - [TEST_STEP][PASSED] - setText: Text 'alonzo.mack@knowink.com' is set on object 'Object Repository/Login/Email Address'

2018-11-15 17:15:09 - [MESSAGE][PASSED] - Text 'alonzo.mack@knowink.com' is set on object 'Object Repository/Login/Email Address'

2018-11-15 17:15:09 - [TEST_STEP][PASSED] - setEncryptedText: Text ****** has been set on object 'Object Repository/Login/Password'

2018-11-15 17:15:09 - [MESSAGE][PASSED] - Text ****** has been set on object 'Object Repository/Login/Password'

2018-11-15 17:15:09 - [TEST_STEP][PASSED] - click: Object: 'Object Repository/Login/Sign In' is clicked on

2018-11-15 17:15:10 - [MESSAGE][PASSED] - Object: 'Object Repository/Login/Sign In' is clicked on]]></system-out>
         <system-err><![CDATA[]]></system-err>
      </testcase>
      <testcase name="Test Cases/SuperAdminConsole/Statuses/Statuses_Delete" classname="Test Cases/SuperAdminConsole/Statuses/Statuses_Delete" status="PASSED">
         <system-out><![CDATA[2018-11-15 17:15:10 - [TEST_CASE][PASSED] - Test Cases/SuperAdminConsole/Statuses/Statuses_Delete: Test Cases/SuperAdminConsole/Statuses/Statuses_Delete

2018-11-15 17:15:10 - [TEST_STEP][PASSED] - openBrowser: Browser is opened with url: ''

2018-11-15 17:15:10 - [MESSAGE][WARNING] - A browser is already opened. Closing browser and opening a new one

2018-11-15 17:15:11 - [MESSAGE][PASSED] - Browser is opened with url: ''

2018-11-15 17:15:11 - [TEST_STEP][PASSED] - navigateToUrl: Navigate to 'https://epulsedev2.com' successfully

2018-11-15 17:15:12 - [MESSAGE][PASSED] - Navigate to 'https://epulsedev2.com' successfully

2018-11-15 17:15:12 - [TEST_STEP][PASSED] - setText: Text 'alonzo.mack@knowink.com' is set on object 'Object Repository/Login/Email Address'

2018-11-15 17:15:13 - [MESSAGE][PASSED] - Text 'alonzo.mack@knowink.com' is set on object 'Object Repository/Login/Email Address'

2018-11-15 17:15:13 - [TEST_STEP][PASSED] - setEncryptedText: Text ****** has been set on object 'Object Repository/Login/Password'

2018-11-15 17:15:13 - [MESSAGE][PASSED] - Text ****** has been set on object 'Object Repository/Login/Password'

2018-11-15 17:15:13 - [TEST_STEP][PASSED] - click: Object: 'Object Repository/Login/Sign In' is clicked on

2018-11-15 17:15:14 - [MESSAGE][PASSED] - Object: 'Object Repository/Login/Sign In' is clicked on

2018-11-15 17:15:14 - [TEST_STEP][PASSED] - delay: Delayed 1 second(s)

2018-11-15 17:15:15 - [MESSAGE][PASSED] - Delayed 1 second(s)

2018-11-15 17:15:15 - [TEST_STEP][PASSED] - click: Object: 'Object Repository/SuperAdminConsole/STATUS/STATUSES' is clicked on

2018-11-15 17:15:16 - [MESSAGE][PASSED] - Object: 'Object Repository/SuperAdminConsole/STATUS/STATUSES' is clicked on

2018-11-15 17:15:16 - [TEST_STEP][PASSED] - delay: Delayed 1 second(s)

2018-11-15 17:15:17 - [MESSAGE][PASSED] - Delayed 1 second(s)

2018-11-15 17:15:17 - [TEST_STEP][PASSED] - click: Object: 'Object Repository/SuperAdminConsole/STATUS/Delete Absentee Status' is clicked on

2018-11-15 17:15:17 - [MESSAGE][PASSED] - Object: 'Object Repository/SuperAdminConsole/STATUS/Delete Absentee Status' is clicked on

2018-11-15 17:15:17 - [TEST_STEP][PASSED] - delay: Delayed 1 second(s)

2018-11-15 17:15:18 - [MESSAGE][PASSED] - Delayed 1 second(s)

2018-11-15 17:15:18 - [TEST_STEP][PASSED] - closeBrowser: Browser is closed

2018-11-15 17:15:18 - [MESSAGE][PASSED] - Browser is closed]]></system-out>
         <system-err><![CDATA[]]></system-err>
      </testcase>
      <testcase name="Test Cases/Admin Console/Account Settings/Oaths/Oaths - Delete" classname="Test Cases/Admin Console/Account Settings/Oaths/Oaths - Delete" status="PASSED">
         <system-out><![CDATA[2018-11-15 17:15:18 - [TEST_CASE][PASSED] - Test Cases/Admin Console/Account Settings/Oaths/Oaths - Delete: Test Cases/Admin Console/Account Settings/Oaths/Oaths - Delete

2018-11-15 17:15:18 - [TEST_STEP][PASSED] - openBrowser: Browser is opened with url: ''

2018-11-15 17:15:19 - [MESSAGE][PASSED] - Browser is opened with url: ''

2018-11-15 17:15:19 - [TEST_STEP][PASSED] - navigateToUrl: Navigate to 'https://epulsedev2.com' successfully

2018-11-15 17:15:20 - [MESSAGE][PASSED] - Navigate to 'https://epulsedev2.com' successfully

2018-11-15 17:15:20 - [TEST_STEP][PASSED] - setText: Text 'alonzo.mack@knowink.com' is set on object 'Object Repository/Login/Email Address'

2018-11-15 17:15:20 - [MESSAGE][PASSED] - Text 'alonzo.mack@knowink.com' is set on object 'Object Repository/Login/Email Address'

2018-11-15 17:15:20 - [TEST_STEP][PASSED] - setEncryptedText: Text ****** has been set on object 'Object Repository/Login/Password'

2018-11-15 17:15:20 - [MESSAGE][PASSED] - Text ****** has been set on object 'Object Repository/Login/Password'

2018-11-15 17:15:20 - [TEST_STEP][PASSED] - click: Object: 'Object Repository/Login/Sign In' is clicked on

2018-11-15 17:15:21 - [MESSAGE][PASSED] - Object: 'Object Repository/Login/Sign In' is clicked on

2018-11-15 17:15:21 - [TEST_STEP][PASSED] - delay: Delayed 1 second(s)

2018-11-15 17:15:22 - [MESSAGE][PASSED] - Delayed 1 second(s)

2018-11-15 17:15:22 - [TEST_STEP][PASSED] - navigateToUrl: Navigate to 'https://am-automation-test.epulsedev2.com/account_oaths' successfully

2018-11-15 17:15:23 - [MESSAGE][PASSED] - Navigate to 'https://am-automation-test.epulsedev2.com/account_oaths' successfully

2018-11-15 17:15:23 - [TEST_STEP][PASSED] - delay: Delayed 1 second(s)

2018-11-15 17:15:24 - [MESSAGE][PASSED] - Delayed 1 second(s)

2018-11-15 17:15:24 - [TEST_STEP][PASSED] - click: Object: 'Object Repository/Admin Console ePulse Menu/Account Settings/Oaths/Delete Displayed Oath' is clicked on

2018-11-15 17:15:24 - [MESSAGE][PASSED] - Object: 'Object Repository/Admin Console ePulse Menu/Account Settings/Oaths/Delete Displayed Oath' is clicked on

2018-11-15 17:15:24 - [TEST_STEP][PASSED] - delay: Delayed 1 second(s)

2018-11-15 17:15:26 - [MESSAGE][PASSED] - Delayed 1 second(s)

2018-11-15 17:15:26 - [TEST_STEP][PASSED] - acceptAlert: Alert accepted

2018-11-15 17:15:26 - [MESSAGE][PASSED] - Alert accepted

2018-11-15 17:15:26 - [TEST_STEP][PASSED] - delay: Delayed 1 second(s)

2018-11-15 17:15:27 - [MESSAGE][PASSED] - Delayed 1 second(s)

2018-11-15 17:15:27 - [TEST_STEP][PASSED] - click: Object: 'Object Repository/Admin Console ePulse Menu/Account Settings/Oaths/Delete Displayed Oath' is clicked on

2018-11-15 17:15:27 - [MESSAGE][PASSED] - Object: 'Object Repository/Admin Console ePulse Menu/Account Settings/Oaths/Delete Displayed Oath' is clicked on

2018-11-15 17:15:27 - [TEST_STEP][PASSED] - delay: Delayed 1 second(s)

2018-11-15 17:15:28 - [MESSAGE][PASSED] - Delayed 1 second(s)

2018-11-15 17:15:28 - [TEST_STEP][PASSED] - acceptAlert: Alert accepted

2018-11-15 17:15:28 - [MESSAGE][PASSED] - Alert accepted

2018-11-15 17:15:28 - [TEST_STEP][PASSED] - delay: Delayed 1 second(s)

2018-11-15 17:15:29 - [MESSAGE][PASSED] - Delayed 1 second(s)

2018-11-15 17:15:29 - [TEST_STEP][PASSED] - click: Object: 'Object Repository/Admin Console ePulse Menu/Account Settings/Oaths/Delete Displayed Oath' is clicked on

2018-11-15 17:15:29 - [MESSAGE][PASSED] - Object: 'Object Repository/Admin Console ePulse Menu/Account Settings/Oaths/Delete Displayed Oath' is clicked on

2018-11-15 17:15:29 - [TEST_STEP][PASSED] - delay: Delayed 1 second(s)

2018-11-15 17:15:30 - [MESSAGE][PASSED] - Delayed 1 second(s)

2018-11-15 17:15:30 - [TEST_STEP][PASSED] - acceptAlert: Alert accepted

2018-11-15 17:15:30 - [MESSAGE][PASSED] - Alert accepted

2018-11-15 17:15:30 - [TEST_STEP][PASSED] - delay: Delayed 1 second(s)

2018-11-15 17:15:31 - [MESSAGE][PASSED] - Delayed 1 second(s)

2018-11-15 17:15:31 - [TEST_STEP][PASSED] - click: Object: 'Object Repository/Admin Console ePulse Menu/Account Settings/Oaths/Delete Displayed Oath' is clicked on

2018-11-15 17:15:31 - [MESSAGE][PASSED] - Object: 'Object Repository/Admin Console ePulse Menu/Account Settings/Oaths/Delete Displayed Oath' is clicked on

2018-11-15 17:15:31 - [TEST_STEP][PASSED] - delay: Delayed 1 second(s)

2018-11-15 17:15:32 - [MESSAGE][PASSED] - Delayed 1 second(s)

2018-11-15 17:15:32 - [TEST_STEP][PASSED] - acceptAlert: Alert accepted

2018-11-15 17:15:32 - [MESSAGE][PASSED] - Alert accepted

2018-11-15 17:15:32 - [TEST_STEP][PASSED] - delay: Delayed 1 second(s)

2018-11-15 17:15:33 - [MESSAGE][PASSED] - Delayed 1 second(s)

2018-11-15 17:15:33 - [TEST_STEP][PASSED] - click: Object: 'Object Repository/Admin Console ePulse Menu/Account Settings/Oaths/Delete Displayed Oath' is clicked on

2018-11-15 17:15:33 - [MESSAGE][PASSED] - Object: 'Object Repository/Admin Console ePulse Menu/Account Settings/Oaths/Delete Displayed Oath' is clicked on

2018-11-15 17:15:33 - [TEST_STEP][PASSED] - delay: Delayed 1 second(s)

2018-11-15 17:15:34 - [MESSAGE][PASSED] - Delayed 1 second(s)

2018-11-15 17:15:34 - [TEST_STEP][PASSED] - acceptAlert: Alert accepted

2018-11-15 17:15:34 - [MESSAGE][PASSED] - Alert accepted

2018-11-15 17:15:34 - [TEST_STEP][PASSED] - delay: Delayed 1 second(s)

2018-11-15 17:15:35 - [MESSAGE][PASSED] - Delayed 1 second(s)

2018-11-15 17:15:35 - [TEST_STEP][PASSED] - click: Object: 'Object Repository/Admin Console ePulse Menu/Account Settings/Oaths/Delete Displayed Oath' is clicked on

2018-11-15 17:15:35 - [MESSAGE][PASSED] - Object: 'Object Repository/Admin Console ePulse Menu/Account Settings/Oaths/Delete Displayed Oath' is clicked on

2018-11-15 17:15:35 - [TEST_STEP][PASSED] - delay: Delayed 1 second(s)

2018-11-15 17:15:36 - [MESSAGE][PASSED] - Delayed 1 second(s)

2018-11-15 17:15:36 - [TEST_STEP][PASSED] - acceptAlert: Alert accepted

2018-11-15 17:15:36 - [MESSAGE][PASSED] - Alert accepted

2018-11-15 17:15:36 - [TEST_STEP][PASSED] - delay: Delayed 1 second(s)

2018-11-15 17:15:37 - [MESSAGE][PASSED] - Delayed 1 second(s)

2018-11-15 17:15:37 - [TEST_STEP][PASSED] - closeBrowser: Browser is closed

2018-11-15 17:15:37 - [MESSAGE][PASSED] - Browser is closed]]></system-out>
         <system-err><![CDATA[]]></system-err>
      </testcase>
      <testcase name="Test Cases/Admin Console/Account Settings/Prompts/Prompts - Delete" classname="Test Cases/Admin Console/Account Settings/Prompts/Prompts - Delete" status="PASSED">
         <system-out><![CDATA[2018-11-15 17:15:37 - [TEST_CASE][PASSED] - Test Cases/Admin Console/Account Settings/Prompts/Prompts - Delete: Test Cases/Admin Console/Account Settings/Prompts/Prompts - Delete

2018-11-15 17:15:37 - [TEST_STEP][PASSED] - openBrowser: Browser is opened with url: ''

2018-11-15 17:15:38 - [MESSAGE][PASSED] - Browser is opened with url: ''

2018-11-15 17:15:38 - [TEST_STEP][PASSED] - navigateToUrl: Navigate to 'https://epulsedev2.com' successfully

2018-11-15 17:15:39 - [MESSAGE][PASSED] - Navigate to 'https://epulsedev2.com' successfully

2018-11-15 17:15:39 - [TEST_STEP][PASSED] - setText: Text 'alonzo.mack@knowink.com' is set on object 'Object Repository/Login/Email Address'

2018-11-15 17:15:40 - [MESSAGE][PASSED] - Text 'alonzo.mack@knowink.com' is set on object 'Object Repository/Login/Email Address'

2018-11-15 17:15:40 - [TEST_STEP][PASSED] - setEncryptedText: Text ****** has been set on object 'Object Repository/Login/Password'

2018-11-15 17:15:40 - [MESSAGE][PASSED] - Text ****** has been set on object 'Object Repository/Login/Password'

2018-11-15 17:15:40 - [TEST_STEP][PASSED] - click: Object: 'Object Repository/Login/Sign In' is clicked on

2018-11-15 17:15:41 - [MESSAGE][PASSED] - Object: 'Object Repository/Login/Sign In' is clicked on

2018-11-15 17:15:41 - [TEST_STEP][PASSED] - delay: Delayed 1 second(s)

2018-11-15 17:15:42 - [MESSAGE][PASSED] - Delayed 1 second(s)

2018-11-15 17:15:42 - [TEST_STEP][PASSED] - navigateToUrl: Navigate to 'https://am-Automation-test.epulsedev2.com/prompts' successfully

2018-11-15 17:15:43 - [MESSAGE][PASSED] - Navigate to 'https://am-Automation-test.epulsedev2.com/prompts' successfully

2018-11-15 17:15:43 - [TEST_STEP][PASSED] - delay: Delayed 1 second(s)

2018-11-15 17:15:44 - [MESSAGE][PASSED] - Delayed 1 second(s)

2018-11-15 17:15:44 - [TEST_STEP][PASSED] - click: Object: 'Object Repository/Admin Console ePulse Menu/Account Settings/Prompts/Delete Prompt' is clicked on

2018-11-15 17:15:44 - [MESSAGE][PASSED] - Object: 'Object Repository/Admin Console ePulse Menu/Account Settings/Prompts/Delete Prompt' is clicked on

2018-11-15 17:15:44 - [TEST_STEP][PASSED] - delay: Delayed 3 second(s)

2018-11-15 17:15:47 - [MESSAGE][PASSED] - Delayed 3 second(s)

2018-11-15 17:15:47 - [TEST_STEP][PASSED] - acceptAlert: Alert accepted

2018-11-15 17:15:47 - [MESSAGE][PASSED] - Alert accepted

2018-11-15 17:15:47 - [TEST_STEP][PASSED] - closeBrowser: Browser is closed

2018-11-15 17:15:47 - [MESSAGE][PASSED] - Browser is closed]]></system-out>
         <system-err><![CDATA[]]></system-err>
      </testcase>
      <testcase name="Test Cases/SuperAdminConsole/Accounts/Account(SuperAdminConsole) - Edit" classname="Test Cases/SuperAdminConsole/Accounts/Account(SuperAdminConsole) - Edit" status="PASSED">
         <system-out><![CDATA[2018-11-15 17:15:47 - [TEST_CASE][PASSED] - Test Cases/SuperAdminConsole/Accounts/Account(SuperAdminConsole) - Edit: Test Cases/SuperAdminConsole/Accounts/Account(SuperAdminConsole) - Edit

2018-11-15 17:15:47 - [TEST_STEP][PASSED] - openBrowser: Browser is opened with url: ''

2018-11-15 17:15:48 - [MESSAGE][PASSED] - Browser is opened with url: ''

2018-11-15 17:15:48 - [TEST_STEP][PASSED] - navigateToUrl: Navigate to 'https://epulsedev2.com' successfully

2018-11-15 17:15:49 - [MESSAGE][PASSED] - Navigate to 'https://epulsedev2.com' successfully

2018-11-15 17:15:49 - [TEST_STEP][PASSED] - setText: Text 'alonzo.mack@knowink.com' is set on object 'Object Repository/Login/Email Address'

2018-11-15 17:15:49 - [MESSAGE][PASSED] - Text 'alonzo.mack@knowink.com' is set on object 'Object Repository/Login/Email Address'

2018-11-15 17:15:49 - [TEST_STEP][PASSED] - setEncryptedText: Text ****** has been set on object 'Object Repository/Login/Password'

2018-11-15 17:15:49 - [MESSAGE][PASSED] - Text ****** has been set on object 'Object Repository/Login/Password'

2018-11-15 17:15:49 - [TEST_STEP][PASSED] - click: Object: 'Object Repository/Login/Sign In' is clicked on

2018-11-15 17:15:50 - [MESSAGE][PASSED] - Object: 'Object Repository/Login/Sign In' is clicked on

2018-11-15 17:15:50 - [TEST_STEP][PASSED] - delay: Delayed 1 second(s)

2018-11-15 17:15:51 - [MESSAGE][PASSED] - Delayed 1 second(s)

2018-11-15 17:15:51 - [TEST_STEP][PASSED] - click: Object: 'Object Repository/Login/am-Automation-test' is clicked on

2018-11-15 17:15:52 - [MESSAGE][PASSED] - Object: 'Object Repository/Login/am-Automation-test' is clicked on

2018-11-15 17:15:52 - [TEST_STEP][PASSED] - delay: Delayed 1 second(s)

2018-11-15 17:15:53 - [MESSAGE][PASSED] - Delayed 1 second(s)

2018-11-15 17:15:53 - [TEST_STEP][PASSED] - setText: Text 'AM-MO-AUTO123' is set on object 'Object Repository/SuperAdminConsole/Account Creation/Account Information/Display Title'

2018-11-15 17:15:53 - [MESSAGE][PASSED] - Text 'AM-MO-AUTO123' is set on object 'Object Repository/SuperAdminConsole/Account Creation/Account Information/Display Title'

2018-11-15 17:15:53 - [TEST_STEP][PASSED] - delay: Delayed 1 second(s)

2018-11-15 17:15:54 - [MESSAGE][PASSED] - Delayed 1 second(s)

2018-11-15 17:15:54 - [TEST_STEP][PASSED] - setText: Text 'AM-MO-AUTO123' is set on object 'Object Repository/SuperAdminConsole/Account Creation/Account Information/County'

2018-11-15 17:15:55 - [MESSAGE][PASSED] - Text 'AM-MO-AUTO123' is set on object 'Object Repository/SuperAdminConsole/Account Creation/Account Information/County'

2018-11-15 17:15:55 - [TEST_STEP][PASSED] - delay: Delayed 1 second(s)

2018-11-15 17:15:56 - [MESSAGE][PASSED] - Delayed 1 second(s)

2018-11-15 17:15:56 - [TEST_STEP][PASSED] - selectOptionByValue: All options with value '2.0.1' are selected in object 'Object Repository/SuperAdminConsole/Account Creation/Account Information/Poll Pad 3 Version'  using regular expression

2018-11-15 17:15:56 - [MESSAGE][PASSED] - All options with value '2.0.1' are selected in object 'Object Repository/SuperAdminConsole/Account Creation/Account Information/Poll Pad 3 Version'  using regular expression

2018-11-15 17:15:56 - [TEST_STEP][PASSED] - delay: Delayed 1 second(s)

2018-11-15 17:15:57 - [MESSAGE][PASSED] - Delayed 1 second(s)

2018-11-15 17:15:57 - [TEST_STEP][PASSED] - selectOptionByValue: All options with value 'boone' are selected in object 'Object Repository/SuperAdminConsole/Account Creation/Parsers and Exporters/Select_Voter File'  using regular expression

2018-11-15 17:15:57 - [MESSAGE][PASSED] - All options with value 'boone' are selected in object 'Object Repository/SuperAdminConsole/Account Creation/Parsers and Exporters/Select_Voter File'  using regular expression

2018-11-15 17:15:57 - [TEST_STEP][PASSED] - delay: Delayed 1 second(s)

2018-11-15 17:15:58 - [MESSAGE][PASSED] - Delayed 1 second(s)

2018-11-15 17:15:58 - [TEST_STEP][PASSED] - selectOptionByValue: All options with value 'boone' are selected in object 'Object Repository/SuperAdminConsole/Account Creation/Parsers and Exporters/Select_Supplemental file'  using regular expression

2018-11-15 17:15:59 - [MESSAGE][PASSED] - All options with value 'boone' are selected in object 'Object Repository/SuperAdminConsole/Account Creation/Parsers and Exporters/Select_Supplemental file'  using regular expression

2018-11-15 17:15:59 - [TEST_STEP][PASSED] - delay: Delayed 1 second(s)

2018-11-15 17:16:00 - [MESSAGE][PASSED] - Delayed 1 second(s)

2018-11-15 17:16:00 - [TEST_STEP][PASSED] - selectOptionByValue: All options with value 'boone_dream' are selected in object 'Object Repository/SuperAdminConsole/Account Creation/Parsers and Exporters/Select Other ImportersExporters'  using regular expression

2018-11-15 17:16:00 - [MESSAGE][PASSED] - All options with value 'boone_dream' are selected in object 'Object Repository/SuperAdminConsole/Account Creation/Parsers and Exporters/Select Other ImportersExporters'  using regular expression

2018-11-15 17:16:00 - [TEST_STEP][PASSED] - delay: Delayed 1 second(s)

2018-11-15 17:16:01 - [MESSAGE][PASSED] - Delayed 1 second(s)

2018-11-15 17:16:01 - [TEST_STEP][PASSED] - click: Object: 'Object Repository/SuperAdminConsole/Account Creation/Parsers and Exporters/Add Other ImportersExport' is clicked on

2018-11-15 17:16:01 - [MESSAGE][PASSED] - Object: 'Object Repository/SuperAdminConsole/Account Creation/Parsers and Exporters/Add Other ImportersExport' is clicked on

2018-11-15 17:16:01 - [TEST_STEP][PASSED] - delay: Delayed 1 second(s)

2018-11-15 17:16:02 - [MESSAGE][PASSED] - Delayed 1 second(s)

2018-11-15 17:16:02 - [TEST_STEP][PASSED] - click: Object: 'Object Repository/SuperAdminConsole/Account Creation/Parsers and Exporters/Submit' is clicked on

2018-11-15 17:16:03 - [MESSAGE][PASSED] - Object: 'Object Repository/SuperAdminConsole/Account Creation/Parsers and Exporters/Submit' is clicked on

2018-11-15 17:16:03 - [TEST_STEP][PASSED] - delay: Delayed 1 second(s)

2018-11-15 17:16:04 - [MESSAGE][PASSED] - Delayed 1 second(s)

2018-11-15 17:16:04 - [TEST_STEP][PASSED] - closeBrowser: Browser is closed

2018-11-15 17:16:04 - [MESSAGE][PASSED] - Browser is closed]]></system-out>
         <system-err><![CDATA[]]></system-err>
      </testcase>
      <testcase name="Test Cases/SuperAdminConsole/Accounts/Account(SuperAdminConsole) - Delete" classname="Test Cases/SuperAdminConsole/Accounts/Account(SuperAdminConsole) - Delete" status="PASSED">
         <system-out><![CDATA[2018-11-15 17:16:04 - [TEST_CASE][PASSED] - Test Cases/SuperAdminConsole/Accounts/Account(SuperAdminConsole) - Delete: Test Cases/SuperAdminConsole/Accounts/Account(SuperAdminConsole) - Delete

2018-11-15 17:16:04 - [TEST_STEP][PASSED] - openBrowser: Browser is opened with url: ''

2018-11-15 17:16:05 - [MESSAGE][PASSED] - Browser is opened with url: ''

2018-11-15 17:16:05 - [TEST_STEP][PASSED] - navigateToUrl: Navigate to 'https://epulsedev2.com' successfully

2018-11-15 17:16:07 - [MESSAGE][PASSED] - Navigate to 'https://epulsedev2.com' successfully

2018-11-15 17:16:07 - [TEST_STEP][PASSED] - setText: Text 'alonzo.mack@knowink.com' is set on object 'Object Repository/Login/Email Address'

2018-11-15 17:16:07 - [MESSAGE][PASSED] - Text 'alonzo.mack@knowink.com' is set on object 'Object Repository/Login/Email Address'

2018-11-15 17:16:07 - [TEST_STEP][PASSED] - setEncryptedText: Text ****** has been set on object 'Object Repository/Login/Password'

2018-11-15 17:16:07 - [MESSAGE][PASSED] - Text ****** has been set on object 'Object Repository/Login/Password'

2018-11-15 17:16:07 - [TEST_STEP][PASSED] - click: Object: 'Object Repository/Login/Sign In' is clicked on

2018-11-15 17:16:08 - [MESSAGE][PASSED] - Object: 'Object Repository/Login/Sign In' is clicked on

2018-11-15 17:16:08 - [TEST_STEP][PASSED] - delay: Delayed 1 second(s)

2018-11-15 17:16:09 - [MESSAGE][PASSED] - Delayed 1 second(s)

2018-11-15 17:16:09 - [TEST_STEP][PASSED] - click: Object: 'Object Repository/Login/am-Automation-test' is clicked on

2018-11-15 17:16:10 - [MESSAGE][PASSED] - Object: 'Object Repository/Login/am-Automation-test' is clicked on

2018-11-15 17:16:10 - [TEST_STEP][PASSED] - delay: Delayed 1 second(s)

2018-11-15 17:16:11 - [MESSAGE][PASSED] - Delayed 1 second(s)

2018-11-15 17:16:11 - [TEST_STEP][PASSED] - mouseOver: Object: 'Object Repository/Common ePulse Objects/Actions(Gear icon)' is hovered

2018-11-15 17:16:11 - [MESSAGE][PASSED] - Object: 'Object Repository/Common ePulse Objects/Actions(Gear icon)' is hovered

2018-11-15 17:16:11 - [TEST_STEP][PASSED] - delay: Delayed 3 second(s)

2018-11-15 17:16:14 - [MESSAGE][PASSED] - Delayed 3 second(s)

2018-11-15 17:16:14 - [TEST_STEP][PASSED] - click: Object: 'Object Repository/SuperAdminConsole/Edit Accounts - Actions/Delete' is clicked on

2018-11-15 17:16:14 - [MESSAGE][PASSED] - Object: 'Object Repository/SuperAdminConsole/Edit Accounts - Actions/Delete' is clicked on

2018-11-15 17:16:14 - [TEST_STEP][PASSED] - delay: Delayed 1 second(s)

2018-11-15 17:16:16 - [MESSAGE][PASSED] - Delayed 1 second(s)

2018-11-15 17:16:16 - [TEST_STEP][PASSED] - acceptAlert: Alert accepted

2018-11-15 17:16:16 - [MESSAGE][PASSED] - Alert accepted

2018-11-15 17:16:16 - [TEST_STEP][PASSED] - closeBrowser: Browser is closed

2018-11-15 17:16:16 - [MESSAGE][PASSED] - Browser is closed]]></system-out>
         <system-err><![CDATA[]]></system-err>
      </testcase>
      <system-out><![CDATA[2018-11-15 16:56:40 - [TEST_SUITE][FAILED] - New Test Suite: Test Cases/Admin Console/Account Settings/Prompts/Prompts - Add Criteria FAILED because (of) (Stack trace: com.kms.katalon.core.exception.StepFailedException: Unable to click on object 'Object Repository/Admin Console ePulse Menu/Account Settings/Prompts/Add_CRITERIA_To_Prompt' (Root cause: com.kms.katalon.core.webui.exception.WebElementNotFoundException: Web element with id: 'Object Repository/Admin Console ePulse Menu/Account Settings/Prompts/Add_CRITERIA_To_Prompt' located by 'By.xpath: //a[@href = '#' and (text() = 'Criteria
                  ' or . = 'Criteria
                  ')]' not found)
	at com.kms.katalon.core.keyword.internal.KeywordMain.stepFailed(KeywordMain.groovy:36)
	at com.kms.katalon.core.webui.keyword.internal.WebUIKeywordMain.stepFailed(WebUIKeywordMain.groovy:65)
	at com.kms.katalon.core.webui.keyword.internal.WebUIKeywordMain.runKeyword(WebUIKeywordMain.groovy:27)
	at com.kms.katalon.core.webui.keyword.builtin.ClickKeyword.click(ClickKeyword.groovy:86)
	at com.kms.katalon.core.webui.keyword.builtin.ClickKeyword.execute(ClickKeyword.groovy:67)
	at com.kms.katalon.core.keyword.internal.KeywordExecutor.executeKeywordForPlatform(KeywordExecutor.groovy:53)
	at com.kms.katalon.core.webui.keyword.WebUiBuiltInKeywords.click(WebUiBuiltInKeywords.groovy:616)
	at com.kms.katalon.core.webui.keyword.WebUiBuiltInKeywords$click$3.call(Unknown Source)
	at org.codehaus.groovy.runtime.callsite.CallSiteArray.defaultCall(CallSiteArray.java:48)
	at org.codehaus.groovy.runtime.callsite.AbstractCallSite.call(AbstractCallSite.java:113)
	at org.codehaus.groovy.runtime.callsite.AbstractCallSite.call(AbstractCallSite.java:125)
	at Script1528734424480.run(Script1528734424480.groovy:46)
	at com.kms.katalon.core.main.ScriptEngine.run(ScriptEngine.java:183)
	at com.kms.katalon.core.main.ScriptEngine.runScriptAsRawText(ScriptEngine.java:108)
	at com.kms.katalon.core.main.TestCaseExecutor.runScript(TestCaseExecutor.java:294)
	at com.kms.katalon.core.main.TestCaseExecutor.doExecute(TestCaseExecutor.java:285)
	at com.kms.katalon.core.main.TestCaseExecutor.processExecutionPhase(TestCaseExecutor.java:264)
	at com.kms.katalon.core.main.TestCaseExecutor.accessMainPhase(TestCaseExecutor.java:256)
	at com.kms.katalon.core.main.TestCaseExecutor.execute(TestCaseExecutor.java:200)
	at com.kms.katalon.core.main.TestSuiteExecutor.accessTestCaseMainPhase(TestSuiteExecutor.java:129)
	at com.kms.katalon.core.main.TestSuiteExecutor.accessTestSuiteMainPhase(TestSuiteExecutor.java:112)
	at com.kms.katalon.core.main.TestSuiteExecutor.execute(TestSuiteExecutor.java:81)
	at com.kms.katalon.core.main.TestCaseMain.startTestSuite(TestCaseMain.java:142)
	at com.kms.katalon.core.main.TestCaseMain$startTestSuite$0.call(Unknown Source)
	at org.codehaus.groovy.runtime.callsite.CallSiteArray.defaultCall(CallSiteArray.java:48)
	at org.codehaus.groovy.runtime.callsite.AbstractCallSite.call(AbstractCallSite.java:113)
	at org.codehaus.groovy.runtime.callsite.AbstractCallSite.call(AbstractCallSite.java:141)
	at TempTestSuite1542322598346.run(TempTestSuite1542322598346.groovy:36)
	at groovy.lang.GroovyShell.runScriptOrMainOrTestOrRunnable(GroovyShell.java:263)
	at groovy.lang.GroovyShell.run(GroovyShell.java:518)
	at groovy.lang.GroovyShell.run(GroovyShell.java:507)
	at groovy.ui.GroovyMain.processOnce(GroovyMain.java:653)
	at groovy.ui.GroovyMain.run(GroovyMain.java:384)
	at groovy.ui.GroovyMain.process(GroovyMain.java:370)
	at groovy.ui.GroovyMain.processArgs(GroovyMain.java:129)
	at groovy.ui.GroovyMain.main(GroovyMain.java:109)
	at sun.reflect.NativeMethodAccessorImpl.invoke0(Native Method)
	at sun.reflect.NativeMethodAccessorImpl.invoke(NativeMethodAccessorImpl.java:62)
	at sun.reflect.DelegatingMethodAccessorImpl.invoke(DelegatingMethodAccessorImpl.java:43)
	at java.lang.reflect.Method.invoke(Method.java:498)
	at org.codehaus.groovy.tools.GroovyStarter.rootLoader(GroovyStarter.java:109)
	at org.codehaus.groovy.tools.GroovyStarter.main(GroovyStarter.java:131)
)]]></system-out>
      <system-err><![CDATA[2018-11-15 16:56:40 - [TEST_SUITE][FAILED] - New Test Suite: Test Cases/Admin Console/Account Settings/Prompts/Prompts - Add Criteria FAILED because (of) (Stack trace: com.kms.katalon.core.exception.StepFailedException: Unable to click on object 'Object Repository/Admin Console ePulse Menu/Account Settings/Prompts/Add_CRITERIA_To_Prompt' (Root cause: com.kms.katalon.core.webui.exception.WebElementNotFoundException: Web element with id: 'Object Repository/Admin Console ePulse Menu/Account Settings/Prompts/Add_CRITERIA_To_Prompt' located by 'By.xpath: //a[@href = '#' and (text() = 'Criteria
                  ' or . = 'Criteria
                  ')]' not found)
	at com.kms.katalon.core.keyword.internal.KeywordMain.stepFailed(KeywordMain.groovy:36)
	at com.kms.katalon.core.webui.keyword.internal.WebUIKeywordMain.stepFailed(WebUIKeywordMain.groovy:65)
	at com.kms.katalon.core.webui.keyword.internal.WebUIKeywordMain.runKeyword(WebUIKeywordMain.groovy:27)
	at com.kms.katalon.core.webui.keyword.builtin.ClickKeyword.click(ClickKeyword.groovy:86)
	at com.kms.katalon.core.webui.keyword.builtin.ClickKeyword.execute(ClickKeyword.groovy:67)
	at com.kms.katalon.core.keyword.internal.KeywordExecutor.executeKeywordForPlatform(KeywordExecutor.groovy:53)
	at com.kms.katalon.core.webui.keyword.WebUiBuiltInKeywords.click(WebUiBuiltInKeywords.groovy:616)
	at com.kms.katalon.core.webui.keyword.WebUiBuiltInKeywords$click$3.call(Unknown Source)
	at org.codehaus.groovy.runtime.callsite.CallSiteArray.defaultCall(CallSiteArray.java:48)
	at org.codehaus.groovy.runtime.callsite.AbstractCallSite.call(AbstractCallSite.java:113)
	at org.codehaus.groovy.runtime.callsite.AbstractCallSite.call(AbstractCallSite.java:125)
	at Script1528734424480.run(Script1528734424480.groovy:46)
	at com.kms.katalon.core.main.ScriptEngine.run(ScriptEngine.java:183)
	at com.kms.katalon.core.main.ScriptEngine.runScriptAsRawText(ScriptEngine.java:108)
	at com.kms.katalon.core.main.TestCaseExecutor.runScript(TestCaseExecutor.java:294)
	at com.kms.katalon.core.main.TestCaseExecutor.doExecute(TestCaseExecutor.java:285)
	at com.kms.katalon.core.main.TestCaseExecutor.processExecutionPhase(TestCaseExecutor.java:264)
	at com.kms.katalon.core.main.TestCaseExecutor.accessMainPhase(TestCaseExecutor.java:256)
	at com.kms.katalon.core.main.TestCaseExecutor.execute(TestCaseExecutor.java:200)
	at com.kms.katalon.core.main.TestSuiteExecutor.accessTestCaseMainPhase(TestSuiteExecutor.java:129)
	at com.kms.katalon.core.main.TestSuiteExecutor.accessTestSuiteMainPhase(TestSuiteExecutor.java:112)
	at com.kms.katalon.core.main.TestSuiteExecutor.execute(TestSuiteExecutor.java:81)
	at com.kms.katalon.core.main.TestCaseMain.startTestSuite(TestCaseMain.java:142)
	at com.kms.katalon.core.main.TestCaseMain$startTestSuite$0.call(Unknown Source)
	at org.codehaus.groovy.runtime.callsite.CallSiteArray.defaultCall(CallSiteArray.java:48)
	at org.codehaus.groovy.runtime.callsite.AbstractCallSite.call(AbstractCallSite.java:113)
	at org.codehaus.groovy.runtime.callsite.AbstractCallSite.call(AbstractCallSite.java:141)
	at TempTestSuite1542322598346.run(TempTestSuite1542322598346.groovy:36)
	at groovy.lang.GroovyShell.runScriptOrMainOrTestOrRunnable(GroovyShell.java:263)
	at groovy.lang.GroovyShell.run(GroovyShell.java:518)
	at groovy.lang.GroovyShell.run(GroovyShell.java:507)
	at groovy.ui.GroovyMain.processOnce(GroovyMain.java:653)
	at groovy.ui.GroovyMain.run(GroovyMain.java:384)
	at groovy.ui.GroovyMain.process(GroovyMain.java:370)
	at groovy.ui.GroovyMain.processArgs(GroovyMain.java:129)
	at groovy.ui.GroovyMain.main(GroovyMain.java:109)
	at sun.reflect.NativeMethodAccessorImpl.invoke0(Native Method)
	at sun.reflect.NativeMethodAccessorImpl.invoke(NativeMethodAccessorImpl.java:62)
	at sun.reflect.DelegatingMethodAccessorImpl.invoke(DelegatingMethodAccessorImpl.java:43)
	at java.lang.reflect.Method.invoke(Method.java:498)
	at org.codehaus.groovy.tools.GroovyStarter.rootLoader(GroovyStarter.java:109)
	at org.codehaus.groovy.tools.GroovyStarter.main(GroovyStarter.java:131)
)]]></system-err>
   </testsuite>
</testsuites>
