<?xml version="1.0" encoding="UTF-8"?>
<testsuites name="dev_staging ready" time="987" tests="42" failures="4" errors="0">
   <testsuite name="dev_staging ready" tests="42" failures="4" errors="0" time="987" timestamp="2018-12-14 11:56:29" hostname="alonzomack - 192.168.1.9" id="Test Suites/dev_staging ready">
      <properties>
         <property name="deviceName" value=""/>
         <property name="devicePlatform" value=""/>
         <property name="logFolder" value="/Users/alonzomack/Katalon Studio/Regression/Reports/dev_staging ready/20181214_115627"/>
         <property name="logFiles" value="/Users/alonzomack/Katalon Studio/Regression/Reports/dev_staging ready/20181214_115627/execution0.log"/>
         <property name="attachments" value="/Users/alonzomack/Katalon Studio/Regression/Reports/dev_staging ready/20181214_115627/1544810441992.png, /Users/alonzomack/Katalon Studio/Regression/Reports/dev_staging ready/20181214_115627/1544810442549.png, /Users/alonzomack/Katalon Studio/Regression/Reports/dev_staging ready/20181214_115627/1544810771100.png, /Users/alonzomack/Katalon Studio/Regression/Reports/dev_staging ready/20181214_115627/1544810923989.png, /Users/alonzomack/Katalon Studio/Regression/Reports/dev_staging ready/20181214_115627/1544810945424.png, /Users/alonzomack/Katalon Studio/Regression/Reports/dev_staging ready/20181214_115627/1544811157114.png"/>
         <property name="hostName" value="alonzomack - 192.168.1.9"/>
         <property name="os" value="Mac OS X 64bit"/>
         <property name="katalonVersion" value="5.9.1.2"/>
         <property name="browser" value="Chrome 70.0.3538.110"/>
         <property name="hostAddress" value="192.168.1.9"/>
         <property name="sessionId" value="f1082dcb1b038bddde857fcd6d068e6e"/>
         <property name="seleniumVersion" value="3.7.1"/>
         <property name="proxyInformation" value="ProxyInformation{proxyOption=NO_PROXY, proxyServerType=HTTP, password=, proxyServerAddress=, proxyServerPort=0}"/>
         <property name="platform" value="Mac OS X"/>
      </properties>
      <testcase name="Test Cases/SuperAdminConsole/Accounts/Create Account(SuperAdminConsole)" classname="Test Cases/SuperAdminConsole/Accounts/Create Account(SuperAdminConsole)" status="PASSED">
         <system-out><![CDATA[2018-12-14 11:56:29 - [TEST_CASE][PASSED] - Test Cases/SuperAdminConsole/Accounts/Create Account(SuperAdminConsole): Test Cases/SuperAdminConsole/Accounts/Create Account(SuperAdminConsole)

2018-12-14 11:56:30 - [TEST_STEP][PASSED] - openBrowser(""): Browser is opened with url: ''

2018-12-14 11:56:31 - [MESSAGE][INFO] - Starting 'Chrome' driver

2018-12-14 11:56:31 - [MESSAGE][INFO] - Action delay is set to 0 seconds

2018-12-14 11:56:33 - [MESSAGE][PASSED] - Browser is opened with url: ''

2018-12-14 11:56:33 - [TEST_STEP][PASSED] - navigateToUrl(URL): Navigate to 'https://epulsebeta2.com' successfully

2018-12-14 11:56:34 - [MESSAGE][PASSED] - Navigate to 'https://epulsebeta2.com' successfully

2018-12-14 11:56:34 - [TEST_STEP][PASSED] - setText(findTestObject("Login/Email Address"), User_email): Text 'alonzo.mack@knowink.com' is set on object 'Object Repository/Login/Email Address'

2018-12-14 11:56:35 - [MESSAGE][PASSED] - Text 'alonzo.mack@knowink.com' is set on object 'Object Repository/Login/Email Address'

2018-12-14 11:56:35 - [TEST_STEP][PASSED] - setEncryptedText(findTestObject("Login/Password"), Pswrd): Text ****** has been set on object 'Object Repository/Login/Password'

2018-12-14 11:56:35 - [MESSAGE][PASSED] - Text ****** has been set on object 'Object Repository/Login/Password'

2018-12-14 11:56:35 - [TEST_STEP][PASSED] - click(findTestObject("Login/Sign In")): Object: 'Object Repository/Login/Sign In' is clicked on

2018-12-14 11:56:36 - [MESSAGE][PASSED] - Object: 'Object Repository/Login/Sign In' is clicked on

2018-12-14 11:56:36 - [TEST_STEP][PASSED] - delay(1): Delayed 1 second(s)

2018-12-14 11:56:37 - [MESSAGE][PASSED] - Delayed 1 second(s)

2018-12-14 11:56:37 - [TEST_STEP][PASSED] - click(findTestObject("SuperAdminConsole/Account Creation/a_Add Account")): Object: 'Object Repository/SuperAdminConsole/Account Creation/a_Add Account' is clicked on

2018-12-14 11:56:37 - [MESSAGE][PASSED] - Object: 'Object Repository/SuperAdminConsole/Account Creation/a_Add Account' is clicked on

2018-12-14 11:56:37 - [TEST_STEP][PASSED] - delay(1): Delayed 1 second(s)

2018-12-14 11:56:38 - [MESSAGE][PASSED] - Delayed 1 second(s)

2018-12-14 11:56:38 - [TEST_STEP][PASSED] - setText(findTestObject("SuperAdminConsole/Account Creation/Account Information/Display Title"), "am-Automation-test"): Text 'am-Automation-test' is set on object 'Object Repository/SuperAdminConsole/Account Creation/Account Information/Display Title'

2018-12-14 11:56:39 - [MESSAGE][PASSED] - Text 'am-Automation-test' is set on object 'Object Repository/SuperAdminConsole/Account Creation/Account Information/Display Title'

2018-12-14 11:56:39 - [TEST_STEP][PASSED] - delay(1): Delayed 1 second(s)

2018-12-14 11:56:40 - [MESSAGE][PASSED] - Delayed 1 second(s)

2018-12-14 11:56:40 - [TEST_STEP][PASSED] - setText(findTestObject("SuperAdminConsole/Account Creation/Account Information/County"), "am-Automation-test"): Text 'am-Automation-test' is set on object 'Object Repository/SuperAdminConsole/Account Creation/Account Information/County'

2018-12-14 11:56:40 - [MESSAGE][PASSED] - Text 'am-Automation-test' is set on object 'Object Repository/SuperAdminConsole/Account Creation/Account Information/County'

2018-12-14 11:56:40 - [TEST_STEP][PASSED] - delay(1): Delayed 1 second(s)

2018-12-14 11:56:41 - [MESSAGE][PASSED] - Delayed 1 second(s)

2018-12-14 11:56:41 - [TEST_STEP][PASSED] - selectOptionByValue(findTestObject("SuperAdminConsole/Account Creation/Account Information/StateProvince"), "MO", true): All options with value 'MO' are selected in object 'Object Repository/SuperAdminConsole/Account Creation/Account Information/StateProvince'  using regular expression

2018-12-14 11:56:42 - [MESSAGE][PASSED] - All options with value 'MO' are selected in object 'Object Repository/SuperAdminConsole/Account Creation/Account Information/StateProvince'  using regular expression

2018-12-14 11:56:42 - [TEST_STEP][PASSED] - delay(1): Delayed 1 second(s)

2018-12-14 11:56:43 - [MESSAGE][PASSED] - Delayed 1 second(s)

2018-12-14 11:56:43 - [TEST_STEP][PASSED] - selectOptionByValue(findTestObject("SuperAdminConsole/Account Creation/Account Information/Pad Type"), "1", true): All options with value '1' are selected in object 'Object Repository/SuperAdminConsole/Account Creation/Account Information/Pad Type'  using regular expression

2018-12-14 11:56:43 - [MESSAGE][PASSED] - All options with value '1' are selected in object 'Object Repository/SuperAdminConsole/Account Creation/Account Information/Pad Type'  using regular expression

2018-12-14 11:56:43 - [TEST_STEP][PASSED] - delay(1): Delayed 1 second(s)

2018-12-14 11:56:44 - [MESSAGE][PASSED] - Delayed 1 second(s)

2018-12-14 11:56:44 - [TEST_STEP][NOT_RUN] - selectOptionByValue(findTestObject("SuperAdminConsole/Account Creation/Account Information/Poll Pad 3 Version"), "1.0.1", true): NOT_RUN: selectOptionByValue(findTestObject("SuperAdminConsole/Account Creation/Account Information/Poll Pad 3 Version"), "1.0.1", true)

2018-12-14 11:56:44 - [MESSAGE][NOT_RUN] - NOT_RUN: selectOptionByValue(findTestObject("SuperAdminConsole/Account Creation/Account Information/Poll Pad 3 Version"), "1.0.1", true)

2018-12-14 11:56:44 - [TEST_STEP][PASSED] - delay(1): Delayed 1 second(s)

2018-12-14 11:56:45 - [MESSAGE][PASSED] - Delayed 1 second(s)

2018-12-14 11:56:45 - [TEST_STEP][PASSED] - selectOptionByValue(findTestObject("SuperAdminConsole/Account Creation/Parsers and Exporters/Select_Voter File"), "mcvr", true): All options with value 'mcvr' are selected in object 'Object Repository/SuperAdminConsole/Account Creation/Parsers and Exporters/Select_Voter File'  using regular expression

2018-12-14 11:56:45 - [MESSAGE][PASSED] - All options with value 'mcvr' are selected in object 'Object Repository/SuperAdminConsole/Account Creation/Parsers and Exporters/Select_Voter File'  using regular expression

2018-12-14 11:56:45 - [TEST_STEP][PASSED] - delay(1): Delayed 1 second(s)

2018-12-14 11:56:46 - [MESSAGE][PASSED] - Delayed 1 second(s)

2018-12-14 11:56:46 - [TEST_STEP][PASSED] - selectOptionByValue(findTestObject("SuperAdminConsole/Account Creation/Parsers and Exporters/Select_Supplemental file"), "mcvr", true): All options with value 'mcvr' are selected in object 'Object Repository/SuperAdminConsole/Account Creation/Parsers and Exporters/Select_Supplemental file'  using regular expression

2018-12-14 11:56:47 - [MESSAGE][PASSED] - All options with value 'mcvr' are selected in object 'Object Repository/SuperAdminConsole/Account Creation/Parsers and Exporters/Select_Supplemental file'  using regular expression

2018-12-14 11:56:47 - [TEST_STEP][PASSED] - delay(1): Delayed 1 second(s)

2018-12-14 11:56:48 - [MESSAGE][PASSED] - Delayed 1 second(s)

2018-12-14 11:56:48 - [TEST_STEP][PASSED] - selectOptionByValue(findTestObject("SuperAdminConsole/Account Creation/Parsers and Exporters/Polling Places"), "epulse", true): All options with value 'epulse' are selected in object 'Object Repository/SuperAdminConsole/Account Creation/Parsers and Exporters/Polling Places'  using regular expression

2018-12-14 11:56:48 - [MESSAGE][PASSED] - All options with value 'epulse' are selected in object 'Object Repository/SuperAdminConsole/Account Creation/Parsers and Exporters/Polling Places'  using regular expression

2018-12-14 11:56:48 - [TEST_STEP][PASSED] - delay(1): Delayed 1 second(s)

2018-12-14 11:56:49 - [MESSAGE][PASSED] - Delayed 1 second(s)

2018-12-14 11:56:49 - [TEST_STEP][PASSED] - selectOptionByValue(findTestObject("SuperAdminConsole/Account Creation/Parsers and Exporters/Street Rules"), "mcvr", true): All options with value 'mcvr' are selected in object 'Object Repository/SuperAdminConsole/Account Creation/Parsers and Exporters/Street Rules'  using regular expression

2018-12-14 11:56:49 - [MESSAGE][PASSED] - All options with value 'mcvr' are selected in object 'Object Repository/SuperAdminConsole/Account Creation/Parsers and Exporters/Street Rules'  using regular expression

2018-12-14 11:56:49 - [TEST_STEP][PASSED] - delay(1): Delayed 1 second(s)

2018-12-14 11:56:50 - [MESSAGE][PASSED] - Delayed 1 second(s)

2018-12-14 11:56:50 - [TEST_STEP][PASSED] - selectOptionByValue(findTestObject("SuperAdminConsole/Account Creation/Parsers and Exporters/Voter History Exporter"), "mcvr", true): All options with value 'mcvr' are selected in object 'Object Repository/SuperAdminConsole/Account Creation/Parsers and Exporters/Voter History Exporter'  using regular expression

2018-12-14 11:56:50 - [MESSAGE][PASSED] - All options with value 'mcvr' are selected in object 'Object Repository/SuperAdminConsole/Account Creation/Parsers and Exporters/Voter History Exporter'  using regular expression

2018-12-14 11:56:50 - [TEST_STEP][PASSED] - delay(1): Delayed 1 second(s)

2018-12-14 11:56:51 - [MESSAGE][PASSED] - Delayed 1 second(s)

2018-12-14 11:56:51 - [TEST_STEP][PASSED] - selectOptionByValue(findTestObject("SuperAdminConsole/Account Creation/Parsers and Exporters/Signature Parser"), "epulse", true): All options with value 'epulse' are selected in object 'Object Repository/SuperAdminConsole/Account Creation/Parsers and Exporters/Signature Parser'  using regular expression

2018-12-14 11:56:52 - [MESSAGE][PASSED] - All options with value 'epulse' are selected in object 'Object Repository/SuperAdminConsole/Account Creation/Parsers and Exporters/Signature Parser'  using regular expression

2018-12-14 11:56:52 - [TEST_STEP][PASSED] - delay(1): Delayed 1 second(s)

2018-12-14 11:56:53 - [MESSAGE][PASSED] - Delayed 1 second(s)

2018-12-14 11:56:53 - [TEST_STEP][PASSED] - click(findTestObject("SuperAdminConsole/Account Creation/Parsers and Exporters/Submit")): Object: 'Object Repository/SuperAdminConsole/Account Creation/Parsers and Exporters/Submit' is clicked on

2018-12-14 11:56:53 - [MESSAGE][PASSED] - Object: 'Object Repository/SuperAdminConsole/Account Creation/Parsers and Exporters/Submit' is clicked on

2018-12-14 11:56:53 - [TEST_STEP][PASSED] - delay(1): Delayed 1 second(s)

2018-12-14 11:56:54 - [MESSAGE][PASSED] - Delayed 1 second(s)

2018-12-14 11:56:54 - [TEST_STEP][PASSED] - closeBrowser(): Browser is closed

2018-12-14 11:56:54 - [MESSAGE][PASSED] - Browser is closed]]></system-out>
         <system-err><![CDATA[]]></system-err>
      </testcase>
      <testcase name="Test Cases/Admin Console/Election Setup/Elections/Election Creation" classname="Test Cases/Admin Console/Election Setup/Elections/Election Creation" status="PASSED">
         <system-out><![CDATA[2018-12-14 11:56:54 - [TEST_CASE][PASSED] - Test Cases/Admin Console/Election Setup/Elections/Election Creation: Test Cases/Admin Console/Election Setup/Elections/Election Creation

2018-12-14 11:56:55 - [TEST_STEP][PASSED] - openBrowser(""): Browser is opened with url: ''

2018-12-14 11:56:55 - [MESSAGE][INFO] - Starting 'Chrome' driver

2018-12-14 11:56:56 - [MESSAGE][PASSED] - Browser is opened with url: ''

2018-12-14 11:56:56 - [TEST_STEP][PASSED] - navigateToUrl(URL): Navigate to 'https://epulsebeta2.com' successfully

2018-12-14 11:56:57 - [MESSAGE][PASSED] - Navigate to 'https://epulsebeta2.com' successfully

2018-12-14 11:56:57 - [TEST_STEP][PASSED] - setText(findTestObject("Login/Email Address"), User_email): Text 'alonzo.mack@knowink.com' is set on object 'Object Repository/Login/Email Address'

2018-12-14 11:56:57 - [MESSAGE][PASSED] - Text 'alonzo.mack@knowink.com' is set on object 'Object Repository/Login/Email Address'

2018-12-14 11:56:57 - [TEST_STEP][PASSED] - setEncryptedText(findTestObject("Login/Password"), Pswrd): Text ****** has been set on object 'Object Repository/Login/Password'

2018-12-14 11:56:57 - [MESSAGE][PASSED] - Text ****** has been set on object 'Object Repository/Login/Password'

2018-12-14 11:56:57 - [TEST_STEP][PASSED] - click(findTestObject("Login/Sign In")): Object: 'Object Repository/Login/Sign In' is clicked on

2018-12-14 11:56:58 - [MESSAGE][PASSED] - Object: 'Object Repository/Login/Sign In' is clicked on

2018-12-14 11:56:58 - [TEST_STEP][PASSED] - delay(1): Delayed 1 second(s)

2018-12-14 11:56:59 - [MESSAGE][PASSED] - Delayed 1 second(s)

2018-12-14 11:56:59 - [TEST_STEP][PASSED] - navigateToUrl(Election_Import): Navigate to 'https://am-automation-test.epulsebeta2.com/elections/new' successfully

2018-12-14 11:57:00 - [MESSAGE][PASSED] - Navigate to 'https://am-automation-test.epulsebeta2.com/elections/new' successfully

2018-12-14 11:57:00 - [TEST_STEP][PASSED] - setText(findTestObject("Common ePulse Objects/Choose File"), "/Users/alonzomack/Downloads/Imports/Missouri/voters_200_mcvr.txt"): Text '/Users/alonzomack/Downloads/Imports/Missouri/voters_200_mcvr.txt' is set on object 'Object Repository/Common ePulse Objects/Choose File'

2018-12-14 11:57:00 - [MESSAGE][PASSED] - Text '/Users/alonzomack/Downloads/Imports/Missouri/voters_200_mcvr.txt' is set on object 'Object Repository/Common ePulse Objects/Choose File'

2018-12-14 11:57:00 - [TEST_STEP][PASSED] - click(findTestObject("Common ePulse Objects/Continue Button"), STOP_ON_FAILURE): Object: 'Object Repository/Common ePulse Objects/Continue Button' is clicked on

2018-12-14 11:57:00 - [MESSAGE][PASSED] - Object: 'Object Repository/Common ePulse Objects/Continue Button' is clicked on

2018-12-14 11:57:00 - [TEST_STEP][PASSED] - delay(10): Delayed 10 second(s)

2018-12-14 11:57:10 - [MESSAGE][PASSED] - Delayed 10 second(s)

2018-12-14 11:57:10 - [TEST_STEP][PASSED] - setText(findTestObject("Admin Console ePulse Menu/Election Setup/Election Creation/Election Name"), "Election Creation"): Text 'Election Creation' is set on object 'Object Repository/Admin Console ePulse Menu/Election Setup/Election Creation/Election Name'

2018-12-14 11:57:10 - [MESSAGE][PASSED] - Text 'Election Creation' is set on object 'Object Repository/Admin Console ePulse Menu/Election Setup/Election Creation/Election Name'

2018-12-14 11:57:10 - [TEST_STEP][PASSED] - setText(findTestObject("Admin Console ePulse Menu/Election Setup/Election Creation/Election Code"), "123"): Text '123' is set on object 'Object Repository/Admin Console ePulse Menu/Election Setup/Election Creation/Election Code'

2018-12-14 11:57:10 - [MESSAGE][PASSED] - Text '123' is set on object 'Object Repository/Admin Console ePulse Menu/Election Setup/Election Creation/Election Code'

2018-12-14 11:57:10 - [TEST_STEP][PASSED] - selectOptionByValue(findTestObject("Admin Console ePulse Menu/Election Setup/Election Creation/Select Election Type"), "general", true): All options with value 'general' are selected in object 'Object Repository/Admin Console ePulse Menu/Election Setup/Election Creation/Select Election Type'  using regular expression

2018-12-14 11:57:10 - [MESSAGE][PASSED] - All options with value 'general' are selected in object 'Object Repository/Admin Console ePulse Menu/Election Setup/Election Creation/Select Election Type'  using regular expression

2018-12-14 11:57:10 - [TEST_STEP][PASSED] - setText(findTestObject("Admin Console ePulse Menu/Election Setup/Election Creation/DATE"), "07/21/2021"): Text '07/21/2021' is set on object 'Object Repository/Admin Console ePulse Menu/Election Setup/Election Creation/DATE'

2018-12-14 11:57:10 - [MESSAGE][PASSED] - Text '07/21/2021' is set on object 'Object Repository/Admin Console ePulse Menu/Election Setup/Election Creation/DATE'

2018-12-14 11:57:10 - [TEST_STEP][PASSED] - delay(10): Delayed 10 second(s)

2018-12-14 11:57:20 - [MESSAGE][PASSED] - Delayed 10 second(s)

2018-12-14 11:57:20 - [TEST_STEP][PASSED] - click(findTestObject("Admin Console ePulse Menu/Election Setup/Election Creation/Next")): Object: 'Object Repository/Admin Console ePulse Menu/Election Setup/Election Creation/Next' is clicked on

2018-12-14 11:57:21 - [MESSAGE][PASSED] - Object: 'Object Repository/Admin Console ePulse Menu/Election Setup/Election Creation/Next' is clicked on

2018-12-14 11:57:21 - [TEST_STEP][PASSED] - delay(10): Delayed 10 second(s)

2018-12-14 11:57:31 - [MESSAGE][PASSED] - Delayed 10 second(s)

2018-12-14 11:57:31 - [TEST_STEP][PASSED] - click(findTestObject("Admin Console ePulse Menu/Election Setup/Election Creation/Step3 Done")): Object: 'Object Repository/Admin Console ePulse Menu/Election Setup/Election Creation/Step3 Done' is clicked on

2018-12-14 11:57:31 - [MESSAGE][PASSED] - Object: 'Object Repository/Admin Console ePulse Menu/Election Setup/Election Creation/Step3 Done' is clicked on

2018-12-14 11:57:31 - [TEST_STEP][PASSED] - delay(10): Delayed 10 second(s)

2018-12-14 11:57:41 - [MESSAGE][PASSED] - Delayed 10 second(s)

2018-12-14 11:57:41 - [TEST_STEP][PASSED] - click(findTestObject("Admin Console ePulse Menu/Election Setup/Election Creation/Step4 Done")): Object: 'Object Repository/Admin Console ePulse Menu/Election Setup/Election Creation/Step4 Done' is clicked on

2018-12-14 11:57:42 - [MESSAGE][PASSED] - Object: 'Object Repository/Admin Console ePulse Menu/Election Setup/Election Creation/Step4 Done' is clicked on

2018-12-14 11:57:42 - [TEST_STEP][PASSED] - delay(10): Delayed 10 second(s)

2018-12-14 11:57:52 - [MESSAGE][PASSED] - Delayed 10 second(s)

2018-12-14 11:57:52 - [TEST_STEP][PASSED] - click(findTestObject("Admin Console ePulse Menu/Election Setup/Election Creation/Step5 Confirm")): Object: 'Object Repository/Admin Console ePulse Menu/Election Setup/Election Creation/Step5 Confirm' is clicked on

2018-12-14 11:57:52 - [MESSAGE][PASSED] - Object: 'Object Repository/Admin Console ePulse Menu/Election Setup/Election Creation/Step5 Confirm' is clicked on

2018-12-14 11:57:52 - [TEST_STEP][PASSED] - delay(20): Delayed 20 second(s)

2018-12-14 11:58:12 - [MESSAGE][PASSED] - Delayed 20 second(s)

2018-12-14 11:58:12 - [TEST_STEP][PASSED] - verifyTextPresent("Election Creation", true): Text 'Election Creation' is present on page  using regular expression

2018-12-14 11:58:12 - [MESSAGE][PASSED] - Text 'Election Creation' is present on page  using regular expression

2018-12-14 11:58:12 - [TEST_STEP][PASSED] - verifyTextPresent("Election Seed Files", true): Text 'Election Seed Files' is present on page  using regular expression

2018-12-14 11:58:12 - [MESSAGE][PASSED] - Text 'Election Seed Files' is present on page  using regular expression

2018-12-14 11:58:12 - [TEST_STEP][PASSED] - delay(1): Delayed 1 second(s)

2018-12-14 11:58:13 - [MESSAGE][PASSED] - Delayed 1 second(s)

2018-12-14 11:58:13 - [TEST_STEP][PASSED] - navigateToUrl(Reg_Voters): Navigate to 'https://am-automation-test.epulsebeta2.com/voters#sort=last_name&direction=asc&display=list&page=1' successfully

2018-12-14 11:58:14 - [MESSAGE][PASSED] - Navigate to 'https://am-automation-test.epulsebeta2.com/voters#sort=last_name&direction=asc&display=list&page=1' successfully

2018-12-14 11:58:14 - [TEST_STEP][PASSED] - delay(1): Delayed 1 second(s)

2018-12-14 11:58:15 - [MESSAGE][PASSED] - Delayed 1 second(s)

2018-12-14 11:58:15 - [TEST_STEP][PASSED] - delay(1): Delayed 1 second(s)

2018-12-14 11:58:16 - [MESSAGE][PASSED] - Delayed 1 second(s)

2018-12-14 11:58:16 - [TEST_STEP][PASSED] - verifyTextPresent("TWEEDIE MARIE AARON", true): Text 'TWEEDIE MARIE AARON' is present on page  using regular expression

2018-12-14 11:58:16 - [MESSAGE][PASSED] - Text 'TWEEDIE MARIE AARON' is present on page  using regular expression

2018-12-14 11:58:16 - [TEST_STEP][PASSED] - closeBrowser(): Browser is closed

2018-12-14 11:58:16 - [MESSAGE][PASSED] - Browser is closed]]></system-out>
         <system-err><![CDATA[]]></system-err>
      </testcase>
      <testcase name="Test Cases/Admin Console/Election Setup/Elections/Election Creation - Upload Supplemental" classname="Test Cases/Admin Console/Election Setup/Elections/Election Creation - Upload Supplemental" status="PASSED">
         <system-out><![CDATA[2018-12-14 11:58:16 - [TEST_CASE][PASSED] - Test Cases/Admin Console/Election Setup/Elections/Election Creation - Upload Supplemental: Test Cases/Admin Console/Election Setup/Elections/Election Creation - Upload Supplemental

2018-12-14 11:58:16 - [TEST_STEP][PASSED] - openBrowser(""): Browser is opened with url: ''

2018-12-14 11:58:16 - [MESSAGE][INFO] - Starting 'Chrome' driver

2018-12-14 11:58:17 - [MESSAGE][PASSED] - Browser is opened with url: ''

2018-12-14 11:58:17 - [TEST_STEP][PASSED] - navigateToUrl(URL): Navigate to 'https://epulsebeta2.com' successfully

2018-12-14 11:58:18 - [MESSAGE][PASSED] - Navigate to 'https://epulsebeta2.com' successfully

2018-12-14 11:58:18 - [TEST_STEP][PASSED] - setText(findTestObject("Login/Email Address"), User_email): Text 'alonzo.mack@knowink.com' is set on object 'Object Repository/Login/Email Address'

2018-12-14 11:58:18 - [MESSAGE][PASSED] - Text 'alonzo.mack@knowink.com' is set on object 'Object Repository/Login/Email Address'

2018-12-14 11:58:18 - [TEST_STEP][PASSED] - setEncryptedText(findTestObject("Login/Password"), Pswrd): Text ****** has been set on object 'Object Repository/Login/Password'

2018-12-14 11:58:18 - [MESSAGE][PASSED] - Text ****** has been set on object 'Object Repository/Login/Password'

2018-12-14 11:58:18 - [TEST_STEP][PASSED] - click(findTestObject("Login/Sign In")): Object: 'Object Repository/Login/Sign In' is clicked on

2018-12-14 11:58:19 - [MESSAGE][PASSED] - Object: 'Object Repository/Login/Sign In' is clicked on

2018-12-14 11:58:19 - [TEST_STEP][PASSED] - delay(1): Delayed 1 second(s)

2018-12-14 11:58:20 - [MESSAGE][PASSED] - Delayed 1 second(s)

2018-12-14 11:58:20 - [TEST_STEP][PASSED] - navigateToUrl(Elections_Page): Navigate to 'https://am-automation-test.epulsebeta2.com/elections' successfully

2018-12-14 11:58:22 - [MESSAGE][PASSED] - Navigate to 'https://am-automation-test.epulsebeta2.com/elections' successfully

2018-12-14 11:58:22 - [TEST_STEP][PASSED] - click(findTestObject("Admin Console ePulse Menu/Election Setup/Election Creation/Supplemental File Upload/Election (Election Creation)")): Object: 'Object Repository/Admin Console ePulse Menu/Election Setup/Election Creation/Supplemental File Upload/Election (Election Creation)' is clicked on

2018-12-14 11:58:23 - [MESSAGE][PASSED] - Object: 'Object Repository/Admin Console ePulse Menu/Election Setup/Election Creation/Supplemental File Upload/Election (Election Creation)' is clicked on

2018-12-14 11:58:23 - [TEST_STEP][PASSED] - click(findTestObject("Admin Console ePulse Menu/Election Setup/Election Creation/Supplemental File Upload/Import Supplemental Voters")): Object: 'Object Repository/Admin Console ePulse Menu/Election Setup/Election Creation/Supplemental File Upload/Import Supplemental Voters' is clicked on

2018-12-14 11:58:23 - [MESSAGE][PASSED] - Object: 'Object Repository/Admin Console ePulse Menu/Election Setup/Election Creation/Supplemental File Upload/Import Supplemental Voters' is clicked on

2018-12-14 11:58:23 - [TEST_STEP][PASSED] - setText(findTestObject("Common ePulse Objects/Choose File"), "/Users/alonzomack/Downloads/Automation uploads/voters_201_mcvr.txt"): Text '/Users/alonzomack/Downloads/Automation uploads/voters_201_mcvr.txt' is set on object 'Object Repository/Common ePulse Objects/Choose File'

2018-12-14 11:58:24 - [MESSAGE][PASSED] - Text '/Users/alonzomack/Downloads/Automation uploads/voters_201_mcvr.txt' is set on object 'Object Repository/Common ePulse Objects/Choose File'

2018-12-14 11:58:24 - [TEST_STEP][PASSED] - delay(1): Delayed 1 second(s)

2018-12-14 11:58:25 - [MESSAGE][PASSED] - Delayed 1 second(s)

2018-12-14 11:58:25 - [TEST_STEP][PASSED] - click(findTestObject("Common ePulse Objects/Continue Button"), STOP_ON_FAILURE): Object: 'Object Repository/Common ePulse Objects/Continue Button' is clicked on

2018-12-14 11:58:30 - [MESSAGE][PASSED] - Object: 'Object Repository/Common ePulse Objects/Continue Button' is clicked on

2018-12-14 11:58:30 - [TEST_STEP][PASSED] - delay(1): Delayed 1 second(s)

2018-12-14 11:58:31 - [MESSAGE][PASSED] - Delayed 1 second(s)

2018-12-14 11:58:31 - [TEST_STEP][PASSED] - click(findTestObject("Admin Console ePulse Menu/Election Setup/Election Creation/Supplemental File Upload/Done")): Object: 'Object Repository/Admin Console ePulse Menu/Election Setup/Election Creation/Supplemental File Upload/Done' is clicked on

2018-12-14 11:58:38 - [MESSAGE][PASSED] - Object: 'Object Repository/Admin Console ePulse Menu/Election Setup/Election Creation/Supplemental File Upload/Done' is clicked on

2018-12-14 11:58:38 - [TEST_STEP][PASSED] - verifyTextPresent("Election Creation", true): Text 'Election Creation' is present on page  using regular expression

2018-12-14 11:58:38 - [MESSAGE][PASSED] - Text 'Election Creation' is present on page  using regular expression

2018-12-14 11:58:38 - [TEST_STEP][PASSED] - verifyTextPresent("Election Seed Files", true): Text 'Election Seed Files' is present on page  using regular expression

2018-12-14 11:58:39 - [MESSAGE][PASSED] - Text 'Election Seed Files' is present on page  using regular expression

2018-12-14 11:58:39 - [TEST_STEP][PASSED] - delay(1): Delayed 1 second(s)

2018-12-14 11:58:40 - [MESSAGE][PASSED] - Delayed 1 second(s)

2018-12-14 11:58:40 - [TEST_STEP][PASSED] - navigateToUrl(Reg_Voters): Navigate to 'https://am-automation-test.epulsebeta2.com/voters#sort=last_name&direction=asc&display=list&page=1' successfully

2018-12-14 11:58:40 - [MESSAGE][PASSED] - Navigate to 'https://am-automation-test.epulsebeta2.com/voters#sort=last_name&direction=asc&display=list&page=1' successfully

2018-12-14 11:58:40 - [TEST_STEP][PASSED] - delay(1): Delayed 1 second(s)

2018-12-14 11:58:41 - [MESSAGE][PASSED] - Delayed 1 second(s)

2018-12-14 11:58:41 - [TEST_STEP][PASSED] - delay(1): Delayed 1 second(s)

2018-12-14 11:58:42 - [MESSAGE][PASSED] - Delayed 1 second(s)

2018-12-14 11:58:42 - [TEST_STEP][PASSED] - verifyTextPresent("ABRON A AAARON", true): Text 'ABRON A AAARON' is present on page  using regular expression

2018-12-14 11:58:42 - [MESSAGE][PASSED] - Text 'ABRON A AAARON' is present on page  using regular expression

2018-12-14 11:58:42 - [TEST_STEP][PASSED] - closeBrowser(): Browser is closed

2018-12-14 11:58:42 - [MESSAGE][PASSED] - Browser is closed]]></system-out>
         <system-err><![CDATA[]]></system-err>
      </testcase>
      <testcase name="Test Cases/Admin Console/Poll Pads/Poll Pad - Configuration()/Poll Pad Configuration - Add" classname="Test Cases/Admin Console/Poll Pads/Poll Pad - Configuration()/Poll Pad Configuration - Add" status="PASSED">
         <system-out><![CDATA[2018-12-14 11:58:42 - [TEST_CASE][PASSED] - Test Cases/Admin Console/Poll Pads/Poll Pad - Configuration()/Poll Pad Configuration - Add: Test Cases/Admin Console/Poll Pads/Poll Pad - Configuration()/Poll Pad Configuration - Add

2018-12-14 11:58:42 - [TEST_STEP][PASSED] - openBrowser(""): Browser is opened with url: ''

2018-12-14 11:58:42 - [MESSAGE][INFO] - Starting 'Chrome' driver

2018-12-14 11:58:44 - [MESSAGE][PASSED] - Browser is opened with url: ''

2018-12-14 11:58:44 - [TEST_STEP][PASSED] - navigateToUrl(URL): Navigate to 'https://epulsebeta2.com' successfully

2018-12-14 11:58:45 - [MESSAGE][PASSED] - Navigate to 'https://epulsebeta2.com' successfully

2018-12-14 11:58:45 - [TEST_STEP][PASSED] - setText(findTestObject("Login/Email Address"), User_email): Text 'alonzo.mack@knowink.com' is set on object 'Object Repository/Login/Email Address'

2018-12-14 11:58:45 - [MESSAGE][PASSED] - Text 'alonzo.mack@knowink.com' is set on object 'Object Repository/Login/Email Address'

2018-12-14 11:58:45 - [TEST_STEP][PASSED] - setEncryptedText(findTestObject("Login/Password"), Pswrd): Text ****** has been set on object 'Object Repository/Login/Password'

2018-12-14 11:58:45 - [MESSAGE][PASSED] - Text ****** has been set on object 'Object Repository/Login/Password'

2018-12-14 11:58:45 - [TEST_STEP][PASSED] - click(findTestObject("Login/Sign In")): Object: 'Object Repository/Login/Sign In' is clicked on

2018-12-14 11:58:45 - [MESSAGE][PASSED] - Object: 'Object Repository/Login/Sign In' is clicked on

2018-12-14 11:58:45 - [TEST_STEP][PASSED] - delay(1): Delayed 1 second(s)

2018-12-14 11:58:46 - [MESSAGE][PASSED] - Delayed 1 second(s)

2018-12-14 11:58:46 - [TEST_STEP][PASSED] - navigateToUrl(Pollpad_Config_Page): Navigate to 'https://am-automation-test.epulsebeta2.com/poll_pad_configs' successfully

2018-12-14 11:58:47 - [MESSAGE][PASSED] - Navigate to 'https://am-automation-test.epulsebeta2.com/poll_pad_configs' successfully

2018-12-14 11:58:47 - [TEST_STEP][PASSED] - delay(1): Delayed 1 second(s)

2018-12-14 11:58:48 - [MESSAGE][PASSED] - Delayed 1 second(s)

2018-12-14 11:58:48 - [TEST_STEP][PASSED] - click(findTestObject("Admin Console ePulse Menu/Poll Pads/Poll Pad Config - Add/Add Configuration")): Object: 'Object Repository/Admin Console ePulse Menu/Poll Pads/Poll Pad Config - Add/Add Configuration' is clicked on

2018-12-14 11:58:49 - [MESSAGE][PASSED] - Object: 'Object Repository/Admin Console ePulse Menu/Poll Pads/Poll Pad Config - Add/Add Configuration' is clicked on

2018-12-14 11:58:49 - [TEST_STEP][PASSED] - delay(1): Delayed 1 second(s)

2018-12-14 11:58:50 - [MESSAGE][PASSED] - Delayed 1 second(s)

2018-12-14 11:58:50 - [TEST_STEP][PASSED] - setText(findTestObject("Admin Console ePulse Menu/Poll Pads/Poll Pad Config - Add/PollPad Config Name"), "Automation Created Config"): Text 'Automation Created Config' is set on object 'Object Repository/Admin Console ePulse Menu/Poll Pads/Poll Pad Config - Add/PollPad Config Name'

2018-12-14 11:58:50 - [MESSAGE][PASSED] - Text 'Automation Created Config' is set on object 'Object Repository/Admin Console ePulse Menu/Poll Pads/Poll Pad Config - Add/PollPad Config Name'

2018-12-14 11:58:50 - [TEST_STEP][PASSED] - delay(1): Delayed 1 second(s)

2018-12-14 11:58:51 - [MESSAGE][PASSED] - Delayed 1 second(s)

2018-12-14 11:58:51 - [TEST_STEP][PASSED] - click(findTestObject("Admin Console ePulse Menu/Poll Pads/Poll Pad Config - Add/Submit Config")): Object: 'Object Repository/Admin Console ePulse Menu/Poll Pads/Poll Pad Config - Add/Submit Config' is clicked on

2018-12-14 11:58:52 - [MESSAGE][PASSED] - Object: 'Object Repository/Admin Console ePulse Menu/Poll Pads/Poll Pad Config - Add/Submit Config' is clicked on

2018-12-14 11:58:52 - [TEST_STEP][PASSED] - delay(1): Delayed 1 second(s)

2018-12-14 11:58:53 - [MESSAGE][PASSED] - Delayed 1 second(s)

2018-12-14 11:58:53 - [TEST_STEP][PASSED] - closeBrowser(): Browser is closed

2018-12-14 11:58:53 - [MESSAGE][PASSED] - Browser is closed]]></system-out>
         <system-err><![CDATA[]]></system-err>
      </testcase>
      <testcase name="Test Cases/Admin Console/Poll Pads/Poll Pad - Configuration()/Poll Pad Configuration - Delete" classname="Test Cases/Admin Console/Poll Pads/Poll Pad - Configuration()/Poll Pad Configuration - Delete" status="PASSED">
         <system-out><![CDATA[2018-12-14 11:58:53 - [TEST_CASE][PASSED] - Test Cases/Admin Console/Poll Pads/Poll Pad - Configuration()/Poll Pad Configuration - Delete: Test Cases/Admin Console/Poll Pads/Poll Pad - Configuration()/Poll Pad Configuration - Delete

2018-12-14 11:58:53 - [TEST_STEP][PASSED] - openBrowser(""): Browser is opened with url: ''

2018-12-14 11:58:53 - [MESSAGE][INFO] - Starting 'Chrome' driver

2018-12-14 11:58:54 - [MESSAGE][PASSED] - Browser is opened with url: ''

2018-12-14 11:58:54 - [TEST_STEP][PASSED] - navigateToUrl(URL): Navigate to 'https://epulsebeta2.com' successfully

2018-12-14 11:58:56 - [MESSAGE][PASSED] - Navigate to 'https://epulsebeta2.com' successfully

2018-12-14 11:58:56 - [TEST_STEP][PASSED] - setText(findTestObject("Login/Email Address"), User_email): Text 'alonzo.mack@knowink.com' is set on object 'Object Repository/Login/Email Address'

2018-12-14 11:58:56 - [MESSAGE][PASSED] - Text 'alonzo.mack@knowink.com' is set on object 'Object Repository/Login/Email Address'

2018-12-14 11:58:56 - [TEST_STEP][PASSED] - setEncryptedText(findTestObject("Login/Password"), Pswrd): Text ****** has been set on object 'Object Repository/Login/Password'

2018-12-14 11:58:56 - [MESSAGE][PASSED] - Text ****** has been set on object 'Object Repository/Login/Password'

2018-12-14 11:58:56 - [TEST_STEP][PASSED] - click(findTestObject("Login/Sign In")): Object: 'Object Repository/Login/Sign In' is clicked on

2018-12-14 11:58:56 - [MESSAGE][PASSED] - Object: 'Object Repository/Login/Sign In' is clicked on

2018-12-14 11:58:56 - [TEST_STEP][PASSED] - delay(1): Delayed 1 second(s)

2018-12-14 11:58:57 - [MESSAGE][PASSED] - Delayed 1 second(s)

2018-12-14 11:58:57 - [TEST_STEP][PASSED] - navigateToUrl(Pollpad_Config_Page): Navigate to 'https://am-automation-test.epulsebeta2.com/poll_pad_configs' successfully

2018-12-14 11:58:58 - [MESSAGE][PASSED] - Navigate to 'https://am-automation-test.epulsebeta2.com/poll_pad_configs' successfully

2018-12-14 11:58:58 - [TEST_STEP][PASSED] - delay(1): Delayed 1 second(s)

2018-12-14 11:58:59 - [MESSAGE][PASSED] - Delayed 1 second(s)

2018-12-14 11:58:59 - [TEST_STEP][PASSED] - delay(1): Delayed 1 second(s)

2018-12-14 11:59:00 - [MESSAGE][PASSED] - Delayed 1 second(s)

2018-12-14 11:59:00 - [TEST_STEP][PASSED] - click(findTestObject("Admin Console ePulse Menu/Poll Pads/Delete Config")): Object: 'Object Repository/Admin Console ePulse Menu/Poll Pads/Delete Config' is clicked on

2018-12-14 11:59:00 - [MESSAGE][PASSED] - Object: 'Object Repository/Admin Console ePulse Menu/Poll Pads/Delete Config' is clicked on

2018-12-14 11:59:00 - [TEST_STEP][PASSED] - acceptAlert(): Alert accepted

2018-12-14 11:59:00 - [MESSAGE][PASSED] - Alert accepted

2018-12-14 11:59:00 - [TEST_STEP][PASSED] - delay(1): Delayed 1 second(s)

2018-12-14 11:59:01 - [MESSAGE][PASSED] - Delayed 1 second(s)]]></system-out>
         <system-err><![CDATA[]]></system-err>
      </testcase>
      <testcase name="Test Cases/Admin Console/Poll Pads/Poll Pad - Configuration()/Poll Pad Configuration - Import" classname="Test Cases/Admin Console/Poll Pads/Poll Pad - Configuration()/Poll Pad Configuration - Import" status="PASSED">
         <system-out><![CDATA[2018-12-14 11:59:01 - [TEST_CASE][PASSED] - Test Cases/Admin Console/Poll Pads/Poll Pad - Configuration()/Poll Pad Configuration - Import: Test Cases/Admin Console/Poll Pads/Poll Pad - Configuration()/Poll Pad Configuration - Import

2018-12-14 11:59:01 - [TEST_STEP][PASSED] - openBrowser(""): Browser is opened with url: ''

2018-12-14 11:59:01 - [MESSAGE][WARNING] - A browser is already opened. Closing browser and opening a new one

2018-12-14 11:59:01 - [MESSAGE][INFO] - Starting 'Chrome' driver

2018-12-14 11:59:03 - [MESSAGE][PASSED] - Browser is opened with url: ''

2018-12-14 11:59:03 - [TEST_STEP][PASSED] - navigateToUrl(URL): Navigate to 'https://epulsebeta2.com' successfully

2018-12-14 11:59:06 - [MESSAGE][PASSED] - Navigate to 'https://epulsebeta2.com' successfully

2018-12-14 11:59:06 - [TEST_STEP][PASSED] - setText(findTestObject("Login/Email Address"), User_email): Text 'alonzo.mack@knowink.com' is set on object 'Object Repository/Login/Email Address'

2018-12-14 11:59:07 - [MESSAGE][PASSED] - Text 'alonzo.mack@knowink.com' is set on object 'Object Repository/Login/Email Address'

2018-12-14 11:59:07 - [TEST_STEP][PASSED] - setEncryptedText(findTestObject("Login/Password"), Pswrd): Text ****** has been set on object 'Object Repository/Login/Password'

2018-12-14 11:59:07 - [MESSAGE][PASSED] - Text ****** has been set on object 'Object Repository/Login/Password'

2018-12-14 11:59:07 - [TEST_STEP][PASSED] - click(findTestObject("Login/Sign In")): Object: 'Object Repository/Login/Sign In' is clicked on

2018-12-14 11:59:07 - [MESSAGE][PASSED] - Object: 'Object Repository/Login/Sign In' is clicked on

2018-12-14 11:59:07 - [TEST_STEP][PASSED] - delay(1): Delayed 1 second(s)

2018-12-14 11:59:08 - [MESSAGE][PASSED] - Delayed 1 second(s)

2018-12-14 11:59:08 - [TEST_STEP][PASSED] - navigateToUrl(Pollpad_Config_Import): Navigate to 'https://am-automation-test.epulsebeta2.com/imports/poll_pad_config' successfully

2018-12-14 11:59:10 - [MESSAGE][PASSED] - Navigate to 'https://am-automation-test.epulsebeta2.com/imports/poll_pad_config' successfully

2018-12-14 11:59:10 - [TEST_STEP][PASSED] - delay(1): Delayed 1 second(s)

2018-12-14 11:59:11 - [MESSAGE][PASSED] - Delayed 1 second(s)

2018-12-14 11:59:11 - [TEST_STEP][PASSED] - setText(findTestObject("Common ePulse Objects/Choose File"), "/Users/alonzomack/Downloads/Automation uploads/poll_pad_config.csv"): Text '/Users/alonzomack/Downloads/Automation uploads/poll_pad_config.csv' is set on object 'Object Repository/Common ePulse Objects/Choose File'

2018-12-14 11:59:11 - [MESSAGE][PASSED] - Text '/Users/alonzomack/Downloads/Automation uploads/poll_pad_config.csv' is set on object 'Object Repository/Common ePulse Objects/Choose File'

2018-12-14 11:59:11 - [TEST_STEP][PASSED] - setText(findTestObject("Admin Console ePulse Menu/Poll Pads/Poll Pads - Configuration Import/Config Name"), "Test Config"): Text 'Test Config' is set on object 'Object Repository/Admin Console ePulse Menu/Poll Pads/Poll Pads - Configuration Import/Config Name'

2018-12-14 11:59:11 - [MESSAGE][PASSED] - Text 'Test Config' is set on object 'Object Repository/Admin Console ePulse Menu/Poll Pads/Poll Pads - Configuration Import/Config Name'

2018-12-14 11:59:11 - [TEST_STEP][PASSED] - click(findTestObject("Common ePulse Objects/Continue Button")): Object: 'Object Repository/Common ePulse Objects/Continue Button' is clicked on

2018-12-14 11:59:11 - [MESSAGE][PASSED] - Object: 'Object Repository/Common ePulse Objects/Continue Button' is clicked on

2018-12-14 11:59:11 - [TEST_STEP][PASSED] - delay(1): Delayed 1 second(s)

2018-12-14 11:59:12 - [MESSAGE][PASSED] - Delayed 1 second(s)

2018-12-14 11:59:12 - [TEST_STEP][PASSED] - click(findTestObject("Common ePulse Objects/button_Done(working)")): Object: 'Object Repository/Common ePulse Objects/button_Done(working)' is clicked on

2018-12-14 11:59:15 - [MESSAGE][PASSED] - Object: 'Object Repository/Common ePulse Objects/button_Done(working)' is clicked on

2018-12-14 11:59:15 - [TEST_STEP][PASSED] - closeBrowser(STOP_ON_FAILURE): Browser is closed

2018-12-14 11:59:15 - [MESSAGE][PASSED] - Browser is closed]]></system-out>
         <system-err><![CDATA[]]></system-err>
      </testcase>
      <testcase name="Test Cases/Admin Console/Poll Pads/Poll Pad - Configuration()/Poll Pad Configuration - Copy" classname="Test Cases/Admin Console/Poll Pads/Poll Pad - Configuration()/Poll Pad Configuration - Copy" status="PASSED">
         <system-out><![CDATA[2018-12-14 11:59:15 - [TEST_CASE][PASSED] - Test Cases/Admin Console/Poll Pads/Poll Pad - Configuration()/Poll Pad Configuration - Copy: Test Cases/Admin Console/Poll Pads/Poll Pad - Configuration()/Poll Pad Configuration - Copy

2018-12-14 11:59:15 - [TEST_STEP][PASSED] - openBrowser(""): Browser is opened with url: ''

2018-12-14 11:59:15 - [MESSAGE][INFO] - Starting 'Chrome' driver

2018-12-14 11:59:16 - [MESSAGE][PASSED] - Browser is opened with url: ''

2018-12-14 11:59:16 - [TEST_STEP][PASSED] - navigateToUrl(URL): Navigate to 'https://epulsebeta2.com' successfully

2018-12-14 11:59:17 - [MESSAGE][PASSED] - Navigate to 'https://epulsebeta2.com' successfully

2018-12-14 11:59:17 - [TEST_STEP][PASSED] - setText(findTestObject("Login/Email Address"), User_email): Text 'alonzo.mack@knowink.com' is set on object 'Object Repository/Login/Email Address'

2018-12-14 11:59:18 - [MESSAGE][PASSED] - Text 'alonzo.mack@knowink.com' is set on object 'Object Repository/Login/Email Address'

2018-12-14 11:59:18 - [TEST_STEP][PASSED] - setEncryptedText(findTestObject("Login/Password"), Pswrd): Text ****** has been set on object 'Object Repository/Login/Password'

2018-12-14 11:59:18 - [MESSAGE][PASSED] - Text ****** has been set on object 'Object Repository/Login/Password'

2018-12-14 11:59:18 - [TEST_STEP][PASSED] - click(findTestObject("Login/Sign In")): Object: 'Object Repository/Login/Sign In' is clicked on

2018-12-14 11:59:18 - [MESSAGE][PASSED] - Object: 'Object Repository/Login/Sign In' is clicked on

2018-12-14 11:59:18 - [TEST_STEP][PASSED] - delay(1): Delayed 1 second(s)

2018-12-14 11:59:19 - [MESSAGE][PASSED] - Delayed 1 second(s)

2018-12-14 11:59:19 - [TEST_STEP][PASSED] - navigateToUrl(Pollpad_Config_Page): Navigate to 'https://am-automation-test.epulsebeta2.com/poll_pad_configs' successfully

2018-12-14 11:59:20 - [MESSAGE][PASSED] - Navigate to 'https://am-automation-test.epulsebeta2.com/poll_pad_configs' successfully

2018-12-14 11:59:20 - [TEST_STEP][PASSED] - delay(1): Delayed 1 second(s)

2018-12-14 11:59:21 - [MESSAGE][PASSED] - Delayed 1 second(s)

2018-12-14 11:59:21 - [TEST_STEP][PASSED] - click(findTestObject("Admin Console ePulse Menu/Poll Pads/Copy Config")): Object: 'Object Repository/Admin Console ePulse Menu/Poll Pads/Copy Config' is clicked on

2018-12-14 11:59:21 - [MESSAGE][PASSED] - Object: 'Object Repository/Admin Console ePulse Menu/Poll Pads/Copy Config' is clicked on

2018-12-14 11:59:21 - [TEST_STEP][PASSED] - delay(1): Delayed 1 second(s)

2018-12-14 11:59:22 - [MESSAGE][PASSED] - Delayed 1 second(s)

2018-12-14 11:59:22 - [TEST_STEP][PASSED] - setText(findTestObject("Admin Console ePulse Menu/Poll Pads/PollPad Config Name(copy)"), "Copy of selected config"): Text 'Copy of selected config' is set on object 'Object Repository/Admin Console ePulse Menu/Poll Pads/PollPad Config Name(copy)'

2018-12-14 11:59:23 - [MESSAGE][PASSED] - Text 'Copy of selected config' is set on object 'Object Repository/Admin Console ePulse Menu/Poll Pads/PollPad Config Name(copy)'

2018-12-14 11:59:23 - [TEST_STEP][PASSED] - delay(1): Delayed 1 second(s)

2018-12-14 11:59:24 - [MESSAGE][PASSED] - Delayed 1 second(s)

2018-12-14 11:59:24 - [TEST_STEP][PASSED] - click(findTestObject("Admin Console ePulse Menu/Poll Pads/Submit COPY")): Object: 'Object Repository/Admin Console ePulse Menu/Poll Pads/Submit COPY' is clicked on

2018-12-14 11:59:24 - [MESSAGE][PASSED] - Object: 'Object Repository/Admin Console ePulse Menu/Poll Pads/Submit COPY' is clicked on

2018-12-14 11:59:24 - [TEST_STEP][PASSED] - delay(1): Delayed 1 second(s)

2018-12-14 11:59:25 - [MESSAGE][PASSED] - Delayed 1 second(s)

2018-12-14 11:59:25 - [TEST_STEP][PASSED] - closeBrowser(STOP_ON_FAILURE): Browser is closed

2018-12-14 11:59:25 - [MESSAGE][PASSED] - Browser is closed]]></system-out>
         <system-err><![CDATA[]]></system-err>
      </testcase>
      <testcase name="Test Cases/Admin Console/Poll Pads/Poll Pad - Configuration()/Poll Pad Configuration - Export" classname="Test Cases/Admin Console/Poll Pads/Poll Pad - Configuration()/Poll Pad Configuration - Export" status="PASSED">
         <system-out><![CDATA[2018-12-14 11:59:25 - [TEST_CASE][PASSED] - Test Cases/Admin Console/Poll Pads/Poll Pad - Configuration()/Poll Pad Configuration - Export: Test Cases/Admin Console/Poll Pads/Poll Pad - Configuration()/Poll Pad Configuration - Export

2018-12-14 11:59:25 - [TEST_STEP][PASSED] - openBrowser(""): Browser is opened with url: ''

2018-12-14 11:59:25 - [MESSAGE][INFO] - Starting 'Chrome' driver

2018-12-14 11:59:27 - [MESSAGE][PASSED] - Browser is opened with url: ''

2018-12-14 11:59:27 - [TEST_STEP][PASSED] - navigateToUrl(URL): Navigate to 'https://epulsebeta2.com' successfully

2018-12-14 11:59:28 - [MESSAGE][PASSED] - Navigate to 'https://epulsebeta2.com' successfully

2018-12-14 11:59:28 - [TEST_STEP][PASSED] - setText(findTestObject("Login/Email Address"), User_email): Text 'alonzo.mack@knowink.com' is set on object 'Object Repository/Login/Email Address'

2018-12-14 11:59:28 - [MESSAGE][PASSED] - Text 'alonzo.mack@knowink.com' is set on object 'Object Repository/Login/Email Address'

2018-12-14 11:59:28 - [TEST_STEP][PASSED] - setEncryptedText(findTestObject("Login/Password"), Pswrd): Text ****** has been set on object 'Object Repository/Login/Password'

2018-12-14 11:59:28 - [MESSAGE][PASSED] - Text ****** has been set on object 'Object Repository/Login/Password'

2018-12-14 11:59:28 - [TEST_STEP][PASSED] - click(findTestObject("Login/Sign In")): Object: 'Object Repository/Login/Sign In' is clicked on

2018-12-14 11:59:29 - [MESSAGE][PASSED] - Object: 'Object Repository/Login/Sign In' is clicked on

2018-12-14 11:59:29 - [TEST_STEP][PASSED] - delay(1): Delayed 1 second(s)

2018-12-14 11:59:30 - [MESSAGE][PASSED] - Delayed 1 second(s)

2018-12-14 11:59:30 - [TEST_STEP][PASSED] - navigateToUrl(Pollpad_Config_Page): Navigate to 'https://am-automation-test.epulsebeta2.com/poll_pad_configs' successfully

2018-12-14 11:59:30 - [MESSAGE][PASSED] - Navigate to 'https://am-automation-test.epulsebeta2.com/poll_pad_configs' successfully

2018-12-14 11:59:30 - [TEST_STEP][PASSED] - delay(1): Delayed 1 second(s)

2018-12-14 11:59:31 - [MESSAGE][PASSED] - Delayed 1 second(s)

2018-12-14 11:59:31 - [TEST_STEP][PASSED] - click(findTestObject("Admin Console ePulse Menu/Poll Pads/Export Config")): Object: 'Object Repository/Admin Console ePulse Menu/Poll Pads/Export Config' is clicked on

2018-12-14 11:59:32 - [MESSAGE][PASSED] - Object: 'Object Repository/Admin Console ePulse Menu/Poll Pads/Export Config' is clicked on

2018-12-14 11:59:32 - [TEST_STEP][PASSED] - delay(2): Delayed 2 second(s)

2018-12-14 11:59:34 - [MESSAGE][PASSED] - Delayed 2 second(s)

2018-12-14 11:59:34 - [TEST_STEP][PASSED] - closeBrowser(): Browser is closed

2018-12-14 11:59:34 - [MESSAGE][PASSED] - Browser is closed]]></system-out>
         <system-err><![CDATA[]]></system-err>
      </testcase>
      <testcase name="Test Cases/SuperAdminConsole/Poll Pads/PollPad - Add" classname="Test Cases/SuperAdminConsole/Poll Pads/PollPad - Add" status="FAILED">
         <failure type="FAILED" message="Test Cases/SuperAdminConsole/Poll Pads/PollPad - Add FAILED.
Reason:
com.kms.katalon.core.exception.StepFailedException: Verify element text of test object 'Object Repository/SuperAdminConsole/Poll Pads/Test PollPad' FAILED. (Root cause: com.kms.katalon.core.exception.StepFailedException: com.kms.katalon.core.webui.exception.WebElementNotFoundException: Web element with id: 'Object Repository/SuperAdminConsole/Poll Pads/Test PollPad' located by 'By.xpath: //td[(text() = 'Test PollPad' or . = 'Test PollPad')]' not found)
	at com.kms.katalon.core.keyword.internal.KeywordMain.stepFailed(KeywordMain.groovy:36)
	at com.kms.katalon.core.webui.keyword.internal.WebUIKeywordMain.stepFailed(WebUIKeywordMain.groovy:65)
	at com.kms.katalon.core.webui.keyword.internal.WebUIKeywordMain.runKeyword(WebUIKeywordMain.groovy:27)
	at com.kms.katalon.core.webui.keyword.builtin.VerifyElementTextKeyword.verifyElementText(VerifyElementTextKeyword.groovy:72)
	at com.kms.katalon.core.webui.keyword.builtin.VerifyElementTextKeyword.execute(VerifyElementTextKeyword.groovy:40)
	at com.kms.katalon.core.keyword.internal.KeywordExecutor.executeKeywordForPlatform(KeywordExecutor.groovy:53)
	at com.kms.katalon.core.webui.keyword.WebUiBuiltInKeywords.verifyElementText(WebUiBuiltInKeywords.groovy:3663)
	at com.kms.katalon.core.webui.keyword.WebUiBuiltInKeywords$verifyElementText$10.call(Unknown Source)
	at PollPad - Add.run(PollPad - Add:73)
	at com.kms.katalon.core.main.ScriptEngine.run(ScriptEngine.java:194)
	at com.kms.katalon.core.main.ScriptEngine.runScriptAsRawText(ScriptEngine.java:119)
	at com.kms.katalon.core.main.TestCaseExecutor.runScript(TestCaseExecutor.java:321)
	at com.kms.katalon.core.main.TestCaseExecutor.doExecute(TestCaseExecutor.java:312)
	at com.kms.katalon.core.main.TestCaseExecutor.processExecutionPhase(TestCaseExecutor.java:291)
	at com.kms.katalon.core.main.TestCaseExecutor.accessMainPhase(TestCaseExecutor.java:283)
	at com.kms.katalon.core.main.TestCaseExecutor.execute(TestCaseExecutor.java:222)
	at com.kms.katalon.core.main.TestSuiteExecutor.accessTestCaseMainPhase(TestSuiteExecutor.java:129)
	at com.kms.katalon.core.main.TestSuiteExecutor.accessTestSuiteMainPhase(TestSuiteExecutor.java:112)
	at com.kms.katalon.core.main.TestSuiteExecutor.execute(TestSuiteExecutor.java:81)
	at com.kms.katalon.core.main.TestCaseMain.startTestSuite(TestCaseMain.java:149)
	at com.kms.katalon.core.main.TestCaseMain$startTestSuite$0.call(Unknown Source)
	at TempTestSuite1544810187426.run(TempTestSuite1544810187426.groovy:36)
"/>
         <system-out><![CDATA[2018-12-14 11:59:34 - [TEST_CASE][FAILED] - Test Cases/SuperAdminConsole/Poll Pads/PollPad - Add: Test Cases/SuperAdminConsole/Poll Pads/PollPad - Add FAILED.
Reason:
com.kms.katalon.core.exception.StepFailedException: Verify element text of test object 'Object Repository/SuperAdminConsole/Poll Pads/Test PollPad' FAILED. (Root cause: com.kms.katalon.core.exception.StepFailedException: com.kms.katalon.core.webui.exception.WebElementNotFoundException: Web element with id: 'Object Repository/SuperAdminConsole/Poll Pads/Test PollPad' located by 'By.xpath: //td[(text() = 'Test PollPad' or . = 'Test PollPad')]' not found)
	at com.kms.katalon.core.keyword.internal.KeywordMain.stepFailed(KeywordMain.groovy:36)
	at com.kms.katalon.core.webui.keyword.internal.WebUIKeywordMain.stepFailed(WebUIKeywordMain.groovy:65)
	at com.kms.katalon.core.webui.keyword.internal.WebUIKeywordMain.runKeyword(WebUIKeywordMain.groovy:27)
	at com.kms.katalon.core.webui.keyword.builtin.VerifyElementTextKeyword.verifyElementText(VerifyElementTextKeyword.groovy:72)
	at com.kms.katalon.core.webui.keyword.builtin.VerifyElementTextKeyword.execute(VerifyElementTextKeyword.groovy:40)
	at com.kms.katalon.core.keyword.internal.KeywordExecutor.executeKeywordForPlatform(KeywordExecutor.groovy:53)
	at com.kms.katalon.core.webui.keyword.WebUiBuiltInKeywords.verifyElementText(WebUiBuiltInKeywords.groovy:3663)
	at com.kms.katalon.core.webui.keyword.WebUiBuiltInKeywords$verifyElementText$10.call(Unknown Source)
	at PollPad - Add.run(PollPad - Add:73)
	at com.kms.katalon.core.main.ScriptEngine.run(ScriptEngine.java:194)
	at com.kms.katalon.core.main.ScriptEngine.runScriptAsRawText(ScriptEngine.java:119)
	at com.kms.katalon.core.main.TestCaseExecutor.runScript(TestCaseExecutor.java:321)
	at com.kms.katalon.core.main.TestCaseExecutor.doExecute(TestCaseExecutor.java:312)
	at com.kms.katalon.core.main.TestCaseExecutor.processExecutionPhase(TestCaseExecutor.java:291)
	at com.kms.katalon.core.main.TestCaseExecutor.accessMainPhase(TestCaseExecutor.java:283)
	at com.kms.katalon.core.main.TestCaseExecutor.execute(TestCaseExecutor.java:222)
	at com.kms.katalon.core.main.TestSuiteExecutor.accessTestCaseMainPhase(TestSuiteExecutor.java:129)
	at com.kms.katalon.core.main.TestSuiteExecutor.accessTestSuiteMainPhase(TestSuiteExecutor.java:112)
	at com.kms.katalon.core.main.TestSuiteExecutor.execute(TestSuiteExecutor.java:81)
	at com.kms.katalon.core.main.TestCaseMain.startTestSuite(TestCaseMain.java:149)
	at com.kms.katalon.core.main.TestCaseMain$startTestSuite$0.call(Unknown Source)
	at TempTestSuite1544810187426.run(TempTestSuite1544810187426.groovy:36)


2018-12-14 11:59:34 - [TEST_STEP][PASSED] - openBrowser(""): Browser is opened with url: ''

2018-12-14 11:59:34 - [MESSAGE][INFO] - Starting 'Chrome' driver

2018-12-14 11:59:35 - [MESSAGE][PASSED] - Browser is opened with url: ''

2018-12-14 11:59:35 - [TEST_STEP][PASSED] - navigateToUrl(URL): Navigate to 'https://epulsebeta2.com' successfully

2018-12-14 11:59:36 - [MESSAGE][PASSED] - Navigate to 'https://epulsebeta2.com' successfully

2018-12-14 11:59:36 - [TEST_STEP][PASSED] - setText(findTestObject("Login/Email Address"), User_email): Text 'alonzo.mack@knowink.com' is set on object 'Object Repository/Login/Email Address'

2018-12-14 11:59:36 - [MESSAGE][PASSED] - Text 'alonzo.mack@knowink.com' is set on object 'Object Repository/Login/Email Address'

2018-12-14 11:59:36 - [TEST_STEP][PASSED] - setEncryptedText(findTestObject("Login/Password"), Pswrd): Text ****** has been set on object 'Object Repository/Login/Password'

2018-12-14 11:59:36 - [MESSAGE][PASSED] - Text ****** has been set on object 'Object Repository/Login/Password'

2018-12-14 11:59:36 - [TEST_STEP][PASSED] - click(findTestObject("Login/Sign In")): Object: 'Object Repository/Login/Sign In' is clicked on

2018-12-14 11:59:41 - [MESSAGE][PASSED] - Object: 'Object Repository/Login/Sign In' is clicked on

2018-12-14 11:59:41 - [TEST_STEP][PASSED] - delay(1): Delayed 1 second(s)

2018-12-14 11:59:42 - [MESSAGE][PASSED] - Delayed 1 second(s)

2018-12-14 11:59:42 - [TEST_STEP][PASSED] - click(findTestObject("SuperAdminConsole/Poll Pads/POLL PADS link")): Object: 'Object Repository/SuperAdminConsole/Poll Pads/POLL PADS link' is clicked on

2018-12-14 11:59:48 - [MESSAGE][PASSED] - Object: 'Object Repository/SuperAdminConsole/Poll Pads/POLL PADS link' is clicked on

2018-12-14 11:59:48 - [TEST_STEP][PASSED] - delay(1): Delayed 1 second(s)

2018-12-14 11:59:49 - [MESSAGE][PASSED] - Delayed 1 second(s)

2018-12-14 11:59:49 - [TEST_STEP][PASSED] - click(findTestObject("SuperAdminConsole/Poll Pads/Add Poll Pad")): Object: 'Object Repository/SuperAdminConsole/Poll Pads/Add Poll Pad' is clicked on

2018-12-14 11:59:54 - [MESSAGE][PASSED] - Object: 'Object Repository/SuperAdminConsole/Poll Pads/Add Poll Pad' is clicked on

2018-12-14 11:59:54 - [TEST_STEP][PASSED] - delay(1): Delayed 1 second(s)

2018-12-14 11:59:55 - [MESSAGE][PASSED] - Delayed 1 second(s)

2018-12-14 11:59:55 - [TEST_STEP][PASSED] - setText(findTestObject("SuperAdminConsole/Poll Pads/Add Poll Pad Options/Poll_Pad_Name"), "Test PollPad"): Text 'Test PollPad' is set on object 'Object Repository/SuperAdminConsole/Poll Pads/Add Poll Pad Options/Poll_Pad_Name'

2018-12-14 11:59:55 - [MESSAGE][PASSED] - Text 'Test PollPad' is set on object 'Object Repository/SuperAdminConsole/Poll Pads/Add Poll Pad Options/Poll_Pad_Name'

2018-12-14 11:59:55 - [TEST_STEP][PASSED] - delay(1): Delayed 1 second(s)

2018-12-14 11:59:56 - [MESSAGE][PASSED] - Delayed 1 second(s)

2018-12-14 11:59:56 - [TEST_STEP][PASSED] - click(findTestObject("SuperAdminConsole/Poll Pads/Add Poll Pad Options/Account")): Object: 'Object Repository/SuperAdminConsole/Poll Pads/Add Poll Pad Options/Account' is clicked on

2018-12-14 12:00:02 - [MESSAGE][PASSED] - Object: 'Object Repository/SuperAdminConsole/Poll Pads/Add Poll Pad Options/Account' is clicked on

2018-12-14 12:00:02 - [TEST_STEP][PASSED] - click(findTestObject("SuperAdminConsole/Poll Pads/AM-Mississippi")): Object: 'Object Repository/SuperAdminConsole/Poll Pads/AM-Mississippi' is clicked on

2018-12-14 12:00:07 - [MESSAGE][PASSED] - Object: 'Object Repository/SuperAdminConsole/Poll Pads/AM-Mississippi' is clicked on

2018-12-14 12:00:07 - [TEST_STEP][PASSED] - delay(1): Delayed 1 second(s)

2018-12-14 12:00:08 - [MESSAGE][PASSED] - Delayed 1 second(s)

2018-12-14 12:00:08 - [TEST_STEP][PASSED] - click(findTestObject("SuperAdminConsole/Poll Pads/Add Poll Pad Options/Polling Places"), STOP_ON_FAILURE): Object: 'Object Repository/SuperAdminConsole/Poll Pads/Add Poll Pad Options/Polling Places' is clicked on

2018-12-14 12:00:13 - [MESSAGE][PASSED] - Object: 'Object Repository/SuperAdminConsole/Poll Pads/Add Poll Pad Options/Polling Places' is clicked on

2018-12-14 12:00:13 - [TEST_STEP][PASSED] - click(findTestObject("SuperAdminConsole/Poll Pads/Add Poll Pad Options/Polling Place(CATO FIRE STATION)"), STOP_ON_FAILURE): Object: 'Object Repository/SuperAdminConsole/Poll Pads/Add Poll Pad Options/Polling Place(CATO FIRE STATION)' is clicked on

2018-12-14 12:00:18 - [MESSAGE][PASSED] - Object: 'Object Repository/SuperAdminConsole/Poll Pads/Add Poll Pad Options/Polling Place(CATO FIRE STATION)' is clicked on

2018-12-14 12:00:18 - [TEST_STEP][PASSED] - delay(1): Delayed 1 second(s)

2018-12-14 12:00:19 - [MESSAGE][PASSED] - Delayed 1 second(s)

2018-12-14 12:00:19 - [TEST_STEP][PASSED] - click(findTestObject("SuperAdminConsole/Poll Pads/Add Poll Pad Options/Configuration")): Object: 'Object Repository/SuperAdminConsole/Poll Pads/Add Poll Pad Options/Configuration' is clicked on

2018-12-14 12:00:19 - [MESSAGE][PASSED] - Object: 'Object Repository/SuperAdminConsole/Poll Pads/Add Poll Pad Options/Configuration' is clicked on

2018-12-14 12:00:19 - [TEST_STEP][PASSED] - delay(1): Delayed 1 second(s)

2018-12-14 12:00:20 - [MESSAGE][PASSED] - Delayed 1 second(s)

2018-12-14 12:00:20 - [TEST_STEP][PASSED] - click(findTestObject("Admin Console ePulse Menu/Account Settings/Prompts/Prompt Criteria Modal/Save")): Object: 'Object Repository/Admin Console ePulse Menu/Account Settings/Prompts/Prompt Criteria Modal/Save' is clicked on

2018-12-14 12:00:25 - [MESSAGE][PASSED] - Object: 'Object Repository/Admin Console ePulse Menu/Account Settings/Prompts/Prompt Criteria Modal/Save' is clicked on

2018-12-14 12:00:25 - [TEST_STEP][PASSED] - delay(1): Delayed 1 second(s)

2018-12-14 12:00:26 - [MESSAGE][PASSED] - Delayed 1 second(s)

2018-12-14 12:00:26 - [TEST_STEP][FAILED] - verifyElementText(findTestObject("SuperAdminConsole/Poll Pads/Test PollPad"), "Test PollPad"): verifyElementText(findTestObject("SuperAdminConsole/Poll Pads/Test PollPad"), "Test PollPad") FAILED.
Reason:
com.kms.katalon.core.exception.StepFailedException: Verify element text of test object 'Object Repository/SuperAdminConsole/Poll Pads/Test PollPad' FAILED. (Root cause: com.kms.katalon.core.exception.StepFailedException: com.kms.katalon.core.webui.exception.WebElementNotFoundException: Web element with id: 'Object Repository/SuperAdminConsole/Poll Pads/Test PollPad' located by 'By.xpath: //td[(text() = 'Test PollPad' or . = 'Test PollPad')]' not found)
	at com.kms.katalon.core.keyword.internal.KeywordMain.stepFailed(KeywordMain.groovy:36)
	at com.kms.katalon.core.webui.keyword.internal.WebUIKeywordMain.stepFailed(WebUIKeywordMain.groovy:65)
	at com.kms.katalon.core.webui.keyword.internal.WebUIKeywordMain.runKeyword(WebUIKeywordMain.groovy:27)
	at com.kms.katalon.core.webui.keyword.builtin.VerifyElementTextKeyword.verifyElementText(VerifyElementTextKeyword.groovy:72)
	at com.kms.katalon.core.webui.keyword.builtin.VerifyElementTextKeyword.execute(VerifyElementTextKeyword.groovy:40)
	at com.kms.katalon.core.keyword.internal.KeywordExecutor.executeKeywordForPlatform(KeywordExecutor.groovy:53)
	at com.kms.katalon.core.webui.keyword.WebUiBuiltInKeywords.verifyElementText(WebUiBuiltInKeywords.groovy:3663)
	at com.kms.katalon.core.webui.keyword.WebUiBuiltInKeywords$verifyElementText$10.call(Unknown Source)
	at PollPad - Add.run(PollPad - Add:73)
	at com.kms.katalon.core.main.ScriptEngine.run(ScriptEngine.java:194)
	at com.kms.katalon.core.main.ScriptEngine.runScriptAsRawText(ScriptEngine.java:119)
	at com.kms.katalon.core.main.TestCaseExecutor.runScript(TestCaseExecutor.java:321)
	at com.kms.katalon.core.main.TestCaseExecutor.doExecute(TestCaseExecutor.java:312)
	at com.kms.katalon.core.main.TestCaseExecutor.processExecutionPhase(TestCaseExecutor.java:291)
	at com.kms.katalon.core.main.TestCaseExecutor.accessMainPhase(TestCaseExecutor.java:283)
	at com.kms.katalon.core.main.TestCaseExecutor.execute(TestCaseExecutor.java:222)
	at com.kms.katalon.core.main.TestSuiteExecutor.accessTestCaseMainPhase(TestSuiteExecutor.java:129)
	at com.kms.katalon.core.main.TestSuiteExecutor.accessTestSuiteMainPhase(TestSuiteExecutor.java:112)
	at com.kms.katalon.core.main.TestSuiteExecutor.execute(TestSuiteExecutor.java:81)
	at com.kms.katalon.core.main.TestCaseMain.startTestSuite(TestCaseMain.java:149)
	at com.kms.katalon.core.main.TestCaseMain$startTestSuite$0.call(Unknown Source)
	at TempTestSuite1544810187426.run(TempTestSuite1544810187426.groovy:36)


2018-12-14 12:00:41 - [MESSAGE][INFO] - Unable to find the element located by 'By.xpath: //td[(text() = 'Test PollPad' or . = 'Test PollPad')]'. Please recheck the objects properties to make sure the desired element is located. 

2018-12-14 12:00:42 - [MESSAGE][FAILED] - com.kms.katalon.core.webui.exception.WebElementNotFoundException: Web element with id: 'Object Repository/SuperAdminConsole/Poll Pads/Test PollPad' located by 'By.xpath: //td[(text() = 'Test PollPad' or . = 'Test PollPad')]' not found
[[ATTACHMENT|/Users/alonzomack/Katalon Studio/Regression/Reports/dev_staging ready/20181214_115627/1544810441992.png]]

2018-12-14 12:00:42 - [MESSAGE][FAILED] - Verify element text of test object 'Object Repository/SuperAdminConsole/Poll Pads/Test PollPad' FAILED. (Root cause: com.kms.katalon.core.exception.StepFailedException: com.kms.katalon.core.webui.exception.WebElementNotFoundException: Web element with id: 'Object Repository/SuperAdminConsole/Poll Pads/Test PollPad' located by 'By.xpath: //td[(text() = 'Test PollPad' or . = 'Test PollPad')]' not found)
[[ATTACHMENT|/Users/alonzomack/Katalon Studio/Regression/Reports/dev_staging ready/20181214_115627/1544810442549.png]]

2018-12-14 12:00:42 - [MESSAGE][FAILED] - verifyElementText(findTestObject("SuperAdminConsole/Poll Pads/Test PollPad"), "Test PollPad") FAILED.
Reason:
com.kms.katalon.core.exception.StepFailedException: Verify element text of test object 'Object Repository/SuperAdminConsole/Poll Pads/Test PollPad' FAILED. (Root cause: com.kms.katalon.core.exception.StepFailedException: com.kms.katalon.core.webui.exception.WebElementNotFoundException: Web element with id: 'Object Repository/SuperAdminConsole/Poll Pads/Test PollPad' located by 'By.xpath: //td[(text() = 'Test PollPad' or . = 'Test PollPad')]' not found)
	at com.kms.katalon.core.keyword.internal.KeywordMain.stepFailed(KeywordMain.groovy:36)
	at com.kms.katalon.core.webui.keyword.internal.WebUIKeywordMain.stepFailed(WebUIKeywordMain.groovy:65)
	at com.kms.katalon.core.webui.keyword.internal.WebUIKeywordMain.runKeyword(WebUIKeywordMain.groovy:27)
	at com.kms.katalon.core.webui.keyword.builtin.VerifyElementTextKeyword.verifyElementText(VerifyElementTextKeyword.groovy:72)
	at com.kms.katalon.core.webui.keyword.builtin.VerifyElementTextKeyword.execute(VerifyElementTextKeyword.groovy:40)
	at com.kms.katalon.core.keyword.internal.KeywordExecutor.executeKeywordForPlatform(KeywordExecutor.groovy:53)
	at com.kms.katalon.core.webui.keyword.WebUiBuiltInKeywords.verifyElementText(WebUiBuiltInKeywords.groovy:3663)
	at com.kms.katalon.core.webui.keyword.WebUiBuiltInKeywords$verifyElementText$10.call(Unknown Source)
	at PollPad - Add.run(PollPad - Add:73)
	at com.kms.katalon.core.main.ScriptEngine.run(ScriptEngine.java:194)
	at com.kms.katalon.core.main.ScriptEngine.runScriptAsRawText(ScriptEngine.java:119)
	at com.kms.katalon.core.main.TestCaseExecutor.runScript(TestCaseExecutor.java:321)
	at com.kms.katalon.core.main.TestCaseExecutor.doExecute(TestCaseExecutor.java:312)
	at com.kms.katalon.core.main.TestCaseExecutor.processExecutionPhase(TestCaseExecutor.java:291)
	at com.kms.katalon.core.main.TestCaseExecutor.accessMainPhase(TestCaseExecutor.java:283)
	at com.kms.katalon.core.main.TestCaseExecutor.execute(TestCaseExecutor.java:222)
	at com.kms.katalon.core.main.TestSuiteExecutor.accessTestCaseMainPhase(TestSuiteExecutor.java:129)
	at com.kms.katalon.core.main.TestSuiteExecutor.accessTestSuiteMainPhase(TestSuiteExecutor.java:112)
	at com.kms.katalon.core.main.TestSuiteExecutor.execute(TestSuiteExecutor.java:81)
	at com.kms.katalon.core.main.TestCaseMain.startTestSuite(TestCaseMain.java:149)
	at com.kms.katalon.core.main.TestCaseMain$startTestSuite$0.call(Unknown Source)
	at TempTestSuite1544810187426.run(TempTestSuite1544810187426.groovy:36)]]></system-out>
         <system-err><![CDATA[2018-12-14 11:59:34 - [TEST_CASE][FAILED] - Test Cases/SuperAdminConsole/Poll Pads/PollPad - Add: Test Cases/SuperAdminConsole/Poll Pads/PollPad - Add FAILED.
Reason:
com.kms.katalon.core.exception.StepFailedException: Verify element text of test object 'Object Repository/SuperAdminConsole/Poll Pads/Test PollPad' FAILED. (Root cause: com.kms.katalon.core.exception.StepFailedException: com.kms.katalon.core.webui.exception.WebElementNotFoundException: Web element with id: 'Object Repository/SuperAdminConsole/Poll Pads/Test PollPad' located by 'By.xpath: //td[(text() = 'Test PollPad' or . = 'Test PollPad')]' not found)
	at com.kms.katalon.core.keyword.internal.KeywordMain.stepFailed(KeywordMain.groovy:36)
	at com.kms.katalon.core.webui.keyword.internal.WebUIKeywordMain.stepFailed(WebUIKeywordMain.groovy:65)
	at com.kms.katalon.core.webui.keyword.internal.WebUIKeywordMain.runKeyword(WebUIKeywordMain.groovy:27)
	at com.kms.katalon.core.webui.keyword.builtin.VerifyElementTextKeyword.verifyElementText(VerifyElementTextKeyword.groovy:72)
	at com.kms.katalon.core.webui.keyword.builtin.VerifyElementTextKeyword.execute(VerifyElementTextKeyword.groovy:40)
	at com.kms.katalon.core.keyword.internal.KeywordExecutor.executeKeywordForPlatform(KeywordExecutor.groovy:53)
	at com.kms.katalon.core.webui.keyword.WebUiBuiltInKeywords.verifyElementText(WebUiBuiltInKeywords.groovy:3663)
	at com.kms.katalon.core.webui.keyword.WebUiBuiltInKeywords$verifyElementText$10.call(Unknown Source)
	at PollPad - Add.run(PollPad - Add:73)
	at com.kms.katalon.core.main.ScriptEngine.run(ScriptEngine.java:194)
	at com.kms.katalon.core.main.ScriptEngine.runScriptAsRawText(ScriptEngine.java:119)
	at com.kms.katalon.core.main.TestCaseExecutor.runScript(TestCaseExecutor.java:321)
	at com.kms.katalon.core.main.TestCaseExecutor.doExecute(TestCaseExecutor.java:312)
	at com.kms.katalon.core.main.TestCaseExecutor.processExecutionPhase(TestCaseExecutor.java:291)
	at com.kms.katalon.core.main.TestCaseExecutor.accessMainPhase(TestCaseExecutor.java:283)
	at com.kms.katalon.core.main.TestCaseExecutor.execute(TestCaseExecutor.java:222)
	at com.kms.katalon.core.main.TestSuiteExecutor.accessTestCaseMainPhase(TestSuiteExecutor.java:129)
	at com.kms.katalon.core.main.TestSuiteExecutor.accessTestSuiteMainPhase(TestSuiteExecutor.java:112)
	at com.kms.katalon.core.main.TestSuiteExecutor.execute(TestSuiteExecutor.java:81)
	at com.kms.katalon.core.main.TestCaseMain.startTestSuite(TestCaseMain.java:149)
	at com.kms.katalon.core.main.TestCaseMain$startTestSuite$0.call(Unknown Source)
	at TempTestSuite1544810187426.run(TempTestSuite1544810187426.groovy:36)]]></system-err>
      </testcase>
      <testcase name="Test Cases/Admin Console/Election Setup/Ballot Styles/Ballot Styles - Downloads" classname="Test Cases/Admin Console/Election Setup/Ballot Styles/Ballot Styles - Downloads" status="PASSED">
         <system-out><![CDATA[2018-12-14 12:00:42 - [TEST_CASE][PASSED] - Test Cases/Admin Console/Election Setup/Ballot Styles/Ballot Styles - Downloads: Test Cases/Admin Console/Election Setup/Ballot Styles/Ballot Styles - Downloads

2018-12-14 12:00:43 - [TEST_STEP][PASSED] - openBrowser(""): Browser is opened with url: ''

2018-12-14 12:00:43 - [MESSAGE][WARNING] - A browser is already opened. Closing browser and opening a new one

2018-12-14 12:00:43 - [MESSAGE][INFO] - Starting 'Chrome' driver

2018-12-14 12:00:44 - [MESSAGE][PASSED] - Browser is opened with url: ''

2018-12-14 12:00:44 - [TEST_STEP][PASSED] - navigateToUrl(URL): Navigate to 'https://epulsebeta2.com' successfully

2018-12-14 12:00:45 - [MESSAGE][PASSED] - Navigate to 'https://epulsebeta2.com' successfully

2018-12-14 12:00:45 - [TEST_STEP][PASSED] - setText(findTestObject("Login/Email Address"), User_email): Text 'alonzo.mack@knowink.com' is set on object 'Object Repository/Login/Email Address'

2018-12-14 12:00:45 - [MESSAGE][PASSED] - Text 'alonzo.mack@knowink.com' is set on object 'Object Repository/Login/Email Address'

2018-12-14 12:00:45 - [TEST_STEP][PASSED] - setEncryptedText(findTestObject("Login/Password"), Pswrd): Text ****** has been set on object 'Object Repository/Login/Password'

2018-12-14 12:00:45 - [MESSAGE][PASSED] - Text ****** has been set on object 'Object Repository/Login/Password'

2018-12-14 12:00:45 - [TEST_STEP][PASSED] - click(findTestObject("Login/Sign In")): Object: 'Object Repository/Login/Sign In' is clicked on

2018-12-14 12:00:46 - [MESSAGE][PASSED] - Object: 'Object Repository/Login/Sign In' is clicked on

2018-12-14 12:00:46 - [TEST_STEP][PASSED] - delay(1): Delayed 1 second(s)

2018-12-14 12:00:47 - [MESSAGE][PASSED] - Delayed 1 second(s)

2018-12-14 12:00:47 - [TEST_STEP][PASSED] - navigateToUrl(Ballot_Types): Navigate to 'https://am-automation-test.epulsebeta2.com/ballot_types' successfully

2018-12-14 12:00:47 - [MESSAGE][PASSED] - Navigate to 'https://am-automation-test.epulsebeta2.com/ballot_types' successfully

2018-12-14 12:00:47 - [TEST_STEP][PASSED] - delay(1): Delayed 1 second(s)

2018-12-14 12:00:48 - [MESSAGE][PASSED] - Delayed 1 second(s)

2018-12-14 12:00:48 - [TEST_STEP][PASSED] - click(findTestObject("Admin Console ePulse Menu/Election Setup/Ballot Styles/Download")): Object: 'Object Repository/Admin Console ePulse Menu/Election Setup/Ballot Styles/Download' is clicked on

2018-12-14 12:00:55 - [MESSAGE][PASSED] - Object: 'Object Repository/Admin Console ePulse Menu/Election Setup/Ballot Styles/Download' is clicked on

2018-12-14 12:00:55 - [TEST_STEP][PASSED] - delay(2): Delayed 2 second(s)

2018-12-14 12:00:57 - [MESSAGE][PASSED] - Delayed 2 second(s)

2018-12-14 12:00:57 - [TEST_STEP][NOT_RUN] - click(findTestObject("Common ePulse Objects/button_Done(working)")): NOT_RUN: click(findTestObject("Common ePulse Objects/button_Done(working)"))

2018-12-14 12:00:57 - [MESSAGE][NOT_RUN] - NOT_RUN: click(findTestObject("Common ePulse Objects/button_Done(working)"))

2018-12-14 12:00:57 - [TEST_STEP][PASSED] - closeBrowser(STOP_ON_FAILURE): Browser is closed

2018-12-14 12:00:57 - [MESSAGE][PASSED] - Browser is closed]]></system-out>
         <system-err><![CDATA[]]></system-err>
      </testcase>
      <testcase name="Test Cases/Admin Console/Election Setup/Ballot Styles/Ballot Styles - Import" classname="Test Cases/Admin Console/Election Setup/Ballot Styles/Ballot Styles - Import" status="PASSED">
         <system-out><![CDATA[2018-12-14 12:00:57 - [TEST_CASE][PASSED] - Test Cases/Admin Console/Election Setup/Ballot Styles/Ballot Styles - Import: Test Cases/Admin Console/Election Setup/Ballot Styles/Ballot Styles - Import

2018-12-14 12:00:57 - [TEST_STEP][PASSED] - openBrowser(""): Browser is opened with url: ''

2018-12-14 12:00:57 - [MESSAGE][INFO] - Starting 'Chrome' driver

2018-12-14 12:00:58 - [MESSAGE][PASSED] - Browser is opened with url: ''

2018-12-14 12:00:58 - [TEST_STEP][PASSED] - navigateToUrl(URL): Navigate to 'https://epulsebeta2.com' successfully

2018-12-14 12:01:00 - [MESSAGE][PASSED] - Navigate to 'https://epulsebeta2.com' successfully

2018-12-14 12:01:00 - [TEST_STEP][PASSED] - setText(findTestObject("Login/Email Address"), User_email): Text 'alonzo.mack@knowink.com' is set on object 'Object Repository/Login/Email Address'

2018-12-14 12:01:01 - [MESSAGE][PASSED] - Text 'alonzo.mack@knowink.com' is set on object 'Object Repository/Login/Email Address'

2018-12-14 12:01:01 - [TEST_STEP][PASSED] - setEncryptedText(findTestObject("Login/Password"), Pswrd): Text ****** has been set on object 'Object Repository/Login/Password'

2018-12-14 12:01:01 - [MESSAGE][PASSED] - Text ****** has been set on object 'Object Repository/Login/Password'

2018-12-14 12:01:01 - [TEST_STEP][PASSED] - click(findTestObject("Login/Sign In")): Object: 'Object Repository/Login/Sign In' is clicked on

2018-12-14 12:01:01 - [MESSAGE][PASSED] - Object: 'Object Repository/Login/Sign In' is clicked on

2018-12-14 12:01:01 - [TEST_STEP][PASSED] - delay(1): Delayed 1 second(s)

2018-12-14 12:01:02 - [MESSAGE][PASSED] - Delayed 1 second(s)

2018-12-14 12:01:02 - [TEST_STEP][PASSED] - navigateToUrl(Ballot_Types): Navigate to 'https://am-automation-test.epulsebeta2.com/ballot_types' successfully

2018-12-14 12:01:03 - [MESSAGE][PASSED] - Navigate to 'https://am-automation-test.epulsebeta2.com/ballot_types' successfully

2018-12-14 12:01:03 - [TEST_STEP][PASSED] - delay(1): Delayed 1 second(s)

2018-12-14 12:01:04 - [MESSAGE][PASSED] - Delayed 1 second(s)

2018-12-14 12:01:04 - [TEST_STEP][PASSED] - click(findTestObject("Admin Console ePulse Menu/Election Setup/Ballot Styles/Import")): Object: 'Object Repository/Admin Console ePulse Menu/Election Setup/Ballot Styles/Import' is clicked on

2018-12-14 12:01:10 - [MESSAGE][PASSED] - Object: 'Object Repository/Admin Console ePulse Menu/Election Setup/Ballot Styles/Import' is clicked on

2018-12-14 12:01:10 - [TEST_STEP][PASSED] - setText(findTestObject("Common ePulse Objects/Choose File"), "/Users/alonzomack/Downloads/Automation uploads/ballot_types.csv"): Text '/Users/alonzomack/Downloads/Automation uploads/ballot_types.csv' is set on object 'Object Repository/Common ePulse Objects/Choose File'

2018-12-14 12:01:10 - [MESSAGE][PASSED] - Text '/Users/alonzomack/Downloads/Automation uploads/ballot_types.csv' is set on object 'Object Repository/Common ePulse Objects/Choose File'

2018-12-14 12:01:10 - [TEST_STEP][PASSED] - click(findTestObject("Common ePulse Objects/Continue Button")): Object: 'Object Repository/Common ePulse Objects/Continue Button' is clicked on

2018-12-14 12:01:15 - [MESSAGE][PASSED] - Object: 'Object Repository/Common ePulse Objects/Continue Button' is clicked on

2018-12-14 12:01:15 - [TEST_STEP][PASSED] - delay(1): Delayed 1 second(s)

2018-12-14 12:01:16 - [MESSAGE][PASSED] - Delayed 1 second(s)

2018-12-14 12:01:16 - [TEST_STEP][PASSED] - click(findTestObject("Common ePulse Objects/button_Done(working)")): Object: 'Object Repository/Common ePulse Objects/button_Done(working)' is clicked on

2018-12-14 12:01:24 - [MESSAGE][PASSED] - Object: 'Object Repository/Common ePulse Objects/button_Done(working)' is clicked on

2018-12-14 12:01:24 - [TEST_STEP][PASSED] - closeBrowser(STOP_ON_FAILURE): Browser is closed

2018-12-14 12:01:24 - [MESSAGE][PASSED] - Browser is closed]]></system-out>
         <system-err><![CDATA[]]></system-err>
      </testcase>
      <testcase name="Test Cases/Admin Console/Account Settings/Add_Edit Voter/Add_Edit Voter - Export" classname="Test Cases/Admin Console/Account Settings/Add_Edit Voter/Add_Edit Voter - Export" status="PASSED">
         <system-out><![CDATA[2018-12-14 12:01:24 - [TEST_CASE][PASSED] - Test Cases/Admin Console/Account Settings/Add_Edit Voter/Add_Edit Voter - Export: Test Cases/Admin Console/Account Settings/Add_Edit Voter/Add_Edit Voter - Export

2018-12-14 12:01:24 - [TEST_STEP][PASSED] - openBrowser(""): Browser is opened with url: ''

2018-12-14 12:01:24 - [MESSAGE][INFO] - Starting 'Chrome' driver

2018-12-14 12:01:25 - [MESSAGE][PASSED] - Browser is opened with url: ''

2018-12-14 12:01:25 - [TEST_STEP][PASSED] - navigateToUrl(URL): Navigate to 'https://epulsebeta2.com' successfully

2018-12-14 12:01:27 - [MESSAGE][PASSED] - Navigate to 'https://epulsebeta2.com' successfully

2018-12-14 12:01:27 - [TEST_STEP][PASSED] - setText(findTestObject("Login/Email Address"), User_email): Text 'alonzo.mack@knowink.com' is set on object 'Object Repository/Login/Email Address'

2018-12-14 12:01:27 - [MESSAGE][PASSED] - Text 'alonzo.mack@knowink.com' is set on object 'Object Repository/Login/Email Address'

2018-12-14 12:01:27 - [TEST_STEP][PASSED] - setEncryptedText(findTestObject("Login/Password"), Pswrd): Text ****** has been set on object 'Object Repository/Login/Password'

2018-12-14 12:01:27 - [MESSAGE][PASSED] - Text ****** has been set on object 'Object Repository/Login/Password'

2018-12-14 12:01:27 - [TEST_STEP][PASSED] - click(findTestObject("Login/Sign In")): Object: 'Object Repository/Login/Sign In' is clicked on

2018-12-14 12:01:33 - [MESSAGE][PASSED] - Object: 'Object Repository/Login/Sign In' is clicked on

2018-12-14 12:01:33 - [TEST_STEP][PASSED] - delay(1): Delayed 1 second(s)

2018-12-14 12:01:34 - [MESSAGE][PASSED] - Delayed 1 second(s)

2018-12-14 12:01:34 - [TEST_STEP][PASSED] - navigateToUrl(Add_Voter): Navigate to 'https://am-automation-test.epulsebeta2.com/add_voters' successfully

2018-12-14 12:01:35 - [MESSAGE][PASSED] - Navigate to 'https://am-automation-test.epulsebeta2.com/add_voters' successfully

2018-12-14 12:01:35 - [TEST_STEP][PASSED] - delay(1): Delayed 1 second(s)

2018-12-14 12:01:36 - [MESSAGE][PASSED] - Delayed 1 second(s)

2018-12-14 12:01:36 - [TEST_STEP][PASSED] - click(findTestObject("Admin Console ePulse Menu/Account Settings/ID Methods/ID Methods Page/Export")): Object: 'Object Repository/Admin Console ePulse Menu/Account Settings/ID Methods/ID Methods Page/Export' is clicked on

2018-12-14 12:01:41 - [MESSAGE][PASSED] - Object: 'Object Repository/Admin Console ePulse Menu/Account Settings/ID Methods/ID Methods Page/Export' is clicked on

2018-12-14 12:01:41 - [TEST_STEP][PASSED] - delay(1): Delayed 1 second(s)

2018-12-14 12:01:42 - [MESSAGE][PASSED] - Delayed 1 second(s)

2018-12-14 12:01:42 - [TEST_STEP][PASSED] - closeBrowser(STOP_ON_FAILURE): Browser is closed

2018-12-14 12:01:43 - [MESSAGE][PASSED] - Browser is closed]]></system-out>
         <system-err><![CDATA[]]></system-err>
      </testcase>
      <testcase name="Test Cases/Admin Console/Account Settings/Add_Edit Voter/Add_Edit Voter - Import" classname="Test Cases/Admin Console/Account Settings/Add_Edit Voter/Add_Edit Voter - Import" status="PASSED">
         <system-out><![CDATA[2018-12-14 12:01:43 - [TEST_CASE][PASSED] - Test Cases/Admin Console/Account Settings/Add_Edit Voter/Add_Edit Voter - Import: Test Cases/Admin Console/Account Settings/Add_Edit Voter/Add_Edit Voter - Import

2018-12-14 12:01:43 - [TEST_STEP][PASSED] - openBrowser(""): Browser is opened with url: ''

2018-12-14 12:01:43 - [MESSAGE][INFO] - Starting 'Chrome' driver

2018-12-14 12:01:44 - [MESSAGE][PASSED] - Browser is opened with url: ''

2018-12-14 12:01:44 - [TEST_STEP][PASSED] - navigateToUrl(URL): Navigate to 'https://epulsebeta2.com' successfully

2018-12-14 12:01:45 - [MESSAGE][PASSED] - Navigate to 'https://epulsebeta2.com' successfully

2018-12-14 12:01:45 - [TEST_STEP][PASSED] - setText(findTestObject("Login/Email Address"), User_email): Text 'alonzo.mack@knowink.com' is set on object 'Object Repository/Login/Email Address'

2018-12-14 12:01:45 - [MESSAGE][PASSED] - Text 'alonzo.mack@knowink.com' is set on object 'Object Repository/Login/Email Address'

2018-12-14 12:01:45 - [TEST_STEP][PASSED] - setEncryptedText(findTestObject("Login/Password"), Pswrd): Text ****** has been set on object 'Object Repository/Login/Password'

2018-12-14 12:01:45 - [MESSAGE][PASSED] - Text ****** has been set on object 'Object Repository/Login/Password'

2018-12-14 12:01:45 - [TEST_STEP][PASSED] - click(findTestObject("Login/Sign In")): Object: 'Object Repository/Login/Sign In' is clicked on

2018-12-14 12:01:51 - [MESSAGE][PASSED] - Object: 'Object Repository/Login/Sign In' is clicked on

2018-12-14 12:01:51 - [TEST_STEP][PASSED] - delay(1): Delayed 1 second(s)

2018-12-14 12:01:52 - [MESSAGE][PASSED] - Delayed 1 second(s)

2018-12-14 12:01:52 - [TEST_STEP][PASSED] - navigateToUrl(Add_Edit_Voter_Import, STOP_ON_FAILURE): Navigate to 'https://am-automation-test.epulsebeta2.com/imports/add_voter' successfully

2018-12-14 12:01:58 - [MESSAGE][PASSED] - Navigate to 'https://am-automation-test.epulsebeta2.com/imports/add_voter' successfully

2018-12-14 12:01:58 - [TEST_STEP][PASSED] - delay(1): Delayed 1 second(s)

2018-12-14 12:01:59 - [MESSAGE][PASSED] - Delayed 1 second(s)

2018-12-14 12:01:59 - [TEST_STEP][PASSED] - setText(findTestObject("Admin Console ePulse Menu/Account Settings/Prompts/Import Prompts Buttons/Choose File"), "/Users/alonzomack/Downloads/Automation uploads/add_voter.txt"): Text '/Users/alonzomack/Downloads/Automation uploads/add_voter.txt' is set on object 'Object Repository/Admin Console ePulse Menu/Account Settings/Prompts/Import Prompts Buttons/Choose File'

2018-12-14 12:01:59 - [MESSAGE][PASSED] - Text '/Users/alonzomack/Downloads/Automation uploads/add_voter.txt' is set on object 'Object Repository/Admin Console ePulse Menu/Account Settings/Prompts/Import Prompts Buttons/Choose File'

2018-12-14 12:01:59 - [TEST_STEP][PASSED] - click(findTestObject("Admin Console ePulse Menu/Account Settings/Prompts/Import Prompts Buttons/Continue Button")): Object: 'Object Repository/Admin Console ePulse Menu/Account Settings/Prompts/Import Prompts Buttons/Continue Button' is clicked on

2018-12-14 12:02:04 - [MESSAGE][PASSED] - Object: 'Object Repository/Admin Console ePulse Menu/Account Settings/Prompts/Import Prompts Buttons/Continue Button' is clicked on

2018-12-14 12:02:04 - [TEST_STEP][PASSED] - delay(2): Delayed 2 second(s)

2018-12-14 12:02:06 - [MESSAGE][PASSED] - Delayed 2 second(s)

2018-12-14 12:02:06 - [TEST_STEP][PASSED] - click(findTestObject("Admin Console ePulse Menu/Account Settings/Prompts/Import Prompts Buttons/button_Done(working)")): Object: 'Object Repository/Admin Console ePulse Menu/Account Settings/Prompts/Import Prompts Buttons/button_Done(working)' is clicked on

2018-12-14 12:02:11 - [MESSAGE][PASSED] - Object: 'Object Repository/Admin Console ePulse Menu/Account Settings/Prompts/Import Prompts Buttons/button_Done(working)' is clicked on

2018-12-14 12:02:11 - [TEST_STEP][PASSED] - delay(1): Delayed 1 second(s)

2018-12-14 12:02:12 - [MESSAGE][PASSED] - Delayed 1 second(s)

2018-12-14 12:02:12 - [TEST_STEP][PASSED] - closeBrowser(): Browser is closed

2018-12-14 12:02:12 - [MESSAGE][PASSED] - Browser is closed]]></system-out>
         <system-err><![CDATA[]]></system-err>
      </testcase>
      <testcase name="Test Cases/Admin Console/Account Settings/ID Methods()/ID Methods - Add" classname="Test Cases/Admin Console/Account Settings/ID Methods()/ID Methods - Add" status="PASSED">
         <system-out><![CDATA[2018-12-14 12:02:12 - [TEST_CASE][PASSED] - Test Cases/Admin Console/Account Settings/ID Methods()/ID Methods - Add: Test Cases/Admin Console/Account Settings/ID Methods()/ID Methods - Add

2018-12-14 12:02:13 - [TEST_STEP][PASSED] - openBrowser(""): Browser is opened with url: ''

2018-12-14 12:02:13 - [MESSAGE][INFO] - Starting 'Chrome' driver

2018-12-14 12:02:14 - [MESSAGE][PASSED] - Browser is opened with url: ''

2018-12-14 12:02:14 - [TEST_STEP][PASSED] - navigateToUrl(URL): Navigate to 'https://epulsebeta2.com' successfully

2018-12-14 12:02:15 - [MESSAGE][PASSED] - Navigate to 'https://epulsebeta2.com' successfully

2018-12-14 12:02:15 - [TEST_STEP][PASSED] - setText(findTestObject("Login/Email Address"), User_email): Text 'alonzo.mack@knowink.com' is set on object 'Object Repository/Login/Email Address'

2018-12-14 12:02:16 - [MESSAGE][PASSED] - Text 'alonzo.mack@knowink.com' is set on object 'Object Repository/Login/Email Address'

2018-12-14 12:02:16 - [TEST_STEP][PASSED] - setEncryptedText(findTestObject("Login/Password"), Pswrd): Text ****** has been set on object 'Object Repository/Login/Password'

2018-12-14 12:02:16 - [MESSAGE][PASSED] - Text ****** has been set on object 'Object Repository/Login/Password'

2018-12-14 12:02:16 - [TEST_STEP][PASSED] - click(findTestObject("Login/Sign In")): Object: 'Object Repository/Login/Sign In' is clicked on

2018-12-14 12:02:21 - [MESSAGE][PASSED] - Object: 'Object Repository/Login/Sign In' is clicked on

2018-12-14 12:02:21 - [TEST_STEP][PASSED] - delay(1): Delayed 1 second(s)

2018-12-14 12:02:22 - [MESSAGE][PASSED] - Delayed 1 second(s)

2018-12-14 12:02:22 - [TEST_STEP][PASSED] - navigateToUrl(voter_id_methods, STOP_ON_FAILURE): Navigate to 'https://am-automation-test.epulsebeta2.com/voter_id_methods' successfully

2018-12-14 12:02:23 - [MESSAGE][PASSED] - Navigate to 'https://am-automation-test.epulsebeta2.com/voter_id_methods' successfully

2018-12-14 12:02:23 - [TEST_STEP][PASSED] - delay(1): Delayed 1 second(s)

2018-12-14 12:02:24 - [MESSAGE][PASSED] - Delayed 1 second(s)

2018-12-14 12:02:24 - [TEST_STEP][PASSED] - click(findTestObject("Admin Console ePulse Menu/Account Settings/ID Methods/ID Methods Page/Add ID Method Button")): Object: 'Object Repository/Admin Console ePulse Menu/Account Settings/ID Methods/ID Methods Page/Add ID Method Button' is clicked on

2018-12-14 12:02:29 - [MESSAGE][PASSED] - Object: 'Object Repository/Admin Console ePulse Menu/Account Settings/ID Methods/ID Methods Page/Add ID Method Button' is clicked on

2018-12-14 12:02:29 - [TEST_STEP][PASSED] - setText(findTestObject("Admin Console ePulse Menu/Account Settings/ID Methods/New ID Method Modal/Name"), "Drivers License"): Text 'Drivers License' is set on object 'Object Repository/Admin Console ePulse Menu/Account Settings/ID Methods/New ID Method Modal/Name'

2018-12-14 12:02:30 - [MESSAGE][PASSED] - Text 'Drivers License' is set on object 'Object Repository/Admin Console ePulse Menu/Account Settings/ID Methods/New ID Method Modal/Name'

2018-12-14 12:02:30 - [TEST_STEP][PASSED] - setText(findTestObject("Admin Console ePulse Menu/Account Settings/ID Methods/New ID Method Modal/Heading"), "State Drivers License"): Text 'State Drivers License' is set on object 'Object Repository/Admin Console ePulse Menu/Account Settings/ID Methods/New ID Method Modal/Heading'

2018-12-14 12:02:30 - [MESSAGE][PASSED] - Text 'State Drivers License' is set on object 'Object Repository/Admin Console ePulse Menu/Account Settings/ID Methods/New ID Method Modal/Heading'

2018-12-14 12:02:30 - [TEST_STEP][PASSED] - selectOptionByValue(findTestObject("Admin Console ePulse Menu/Account Settings/ID Methods/New ID Method Modal/Select Color"), "1", true): All options with value '1' are selected in object 'Object Repository/Admin Console ePulse Menu/Account Settings/ID Methods/New ID Method Modal/Select Color'  using regular expression

2018-12-14 12:02:30 - [MESSAGE][PASSED] - All options with value '1' are selected in object 'Object Repository/Admin Console ePulse Menu/Account Settings/ID Methods/New ID Method Modal/Select Color'  using regular expression

2018-12-14 12:02:30 - [TEST_STEP][PASSED] - setText(findTestObject("Admin Console ePulse Menu/Account Settings/ID Methods/New ID Method Modal/Instructions"), "State Drivers License"): Text 'State Drivers License' is set on object 'Object Repository/Admin Console ePulse Menu/Account Settings/ID Methods/New ID Method Modal/Instructions'

2018-12-14 12:02:30 - [MESSAGE][PASSED] - Text 'State Drivers License' is set on object 'Object Repository/Admin Console ePulse Menu/Account Settings/ID Methods/New ID Method Modal/Instructions'

2018-12-14 12:02:30 - [TEST_STEP][PASSED] - setText(findTestObject("Admin Console ePulse Menu/Account Settings/ID Methods/New ID Method Modal/Order"), "1"): Text '1' is set on object 'Object Repository/Admin Console ePulse Menu/Account Settings/ID Methods/New ID Method Modal/Order'

2018-12-14 12:02:30 - [MESSAGE][PASSED] - Text '1' is set on object 'Object Repository/Admin Console ePulse Menu/Account Settings/ID Methods/New ID Method Modal/Order'

2018-12-14 12:02:30 - [TEST_STEP][PASSED] - click(findTestObject("Admin Console ePulse Menu/Account Settings/ID Methods/New ID Method Modal/Show Does Name Match_slider")): Object: 'Object Repository/Admin Console ePulse Menu/Account Settings/ID Methods/New ID Method Modal/Show Does Name Match_slider' is clicked on

2018-12-14 12:02:35 - [MESSAGE][PASSED] - Object: 'Object Repository/Admin Console ePulse Menu/Account Settings/ID Methods/New ID Method Modal/Show Does Name Match_slider' is clicked on

2018-12-14 12:02:35 - [TEST_STEP][PASSED] - click(findTestObject("Admin Console ePulse Menu/Account Settings/ID Methods/New ID Method Modal/Show Does Address Match_slider"), STOP_ON_FAILURE): Object: 'Object Repository/Admin Console ePulse Menu/Account Settings/ID Methods/New ID Method Modal/Show Does Address Match_slider' is clicked on

2018-12-14 12:02:40 - [MESSAGE][PASSED] - Object: 'Object Repository/Admin Console ePulse Menu/Account Settings/ID Methods/New ID Method Modal/Show Does Address Match_slider' is clicked on

2018-12-14 12:02:40 - [TEST_STEP][PASSED] - click(findTestObject("Admin Console ePulse Menu/Account Settings/ID Methods/New ID Method Modal/Show is ID Expired_slider"), STOP_ON_FAILURE): Object: 'Object Repository/Admin Console ePulse Menu/Account Settings/ID Methods/New ID Method Modal/Show is ID Expired_slider' is clicked on

2018-12-14 12:02:45 - [MESSAGE][PASSED] - Object: 'Object Repository/Admin Console ePulse Menu/Account Settings/ID Methods/New ID Method Modal/Show is ID Expired_slider' is clicked on

2018-12-14 12:02:45 - [TEST_STEP][PASSED] - setText(findTestObject("Admin Console ePulse Menu/Account Settings/ID Methods/New ID Method Modal/Page_Epulse  am-Automation-test/Incorrect Heading"), "No Drivers License?"): Text 'No Drivers License?' is set on object 'Object Repository/Admin Console ePulse Menu/Account Settings/ID Methods/New ID Method Modal/Page_Epulse  am-Automation-test/Incorrect Heading'

2018-12-14 12:02:45 - [MESSAGE][PASSED] - Text 'No Drivers License?' is set on object 'Object Repository/Admin Console ePulse Menu/Account Settings/ID Methods/New ID Method Modal/Page_Epulse  am-Automation-test/Incorrect Heading'

2018-12-14 12:02:45 - [TEST_STEP][PASSED] - setText(findTestObject("Admin Console ePulse Menu/Account Settings/ID Methods/New ID Method Modal/Page_Epulse  am-Automation-test/Incorrect Instructions"), "Vote Provisional"): Text 'Vote Provisional' is set on object 'Object Repository/Admin Console ePulse Menu/Account Settings/ID Methods/New ID Method Modal/Page_Epulse  am-Automation-test/Incorrect Instructions'

2018-12-14 12:02:46 - [MESSAGE][PASSED] - Text 'Vote Provisional' is set on object 'Object Repository/Admin Console ePulse Menu/Account Settings/ID Methods/New ID Method Modal/Page_Epulse  am-Automation-test/Incorrect Instructions'

2018-12-14 12:02:46 - [TEST_STEP][PASSED] - click(findTestObject("Admin Console ePulse Menu/Account Settings/ID Methods/New ID Method Modal/Submit"), STOP_ON_FAILURE): Object: 'Object Repository/Admin Console ePulse Menu/Account Settings/ID Methods/New ID Method Modal/Submit' is clicked on

2018-12-14 12:02:51 - [MESSAGE][PASSED] - Object: 'Object Repository/Admin Console ePulse Menu/Account Settings/ID Methods/New ID Method Modal/Submit' is clicked on]]></system-out>
         <system-err><![CDATA[]]></system-err>
      </testcase>
      <testcase name="Test Cases/Admin Console/Account Settings/ID Methods()/ID Methods - ALT Button" classname="Test Cases/Admin Console/Account Settings/ID Methods()/ID Methods - ALT Button" status="PASSED">
         <system-out><![CDATA[2018-12-14 12:02:51 - [TEST_CASE][PASSED] - Test Cases/Admin Console/Account Settings/ID Methods()/ID Methods - ALT Button: Test Cases/Admin Console/Account Settings/ID Methods()/ID Methods - ALT Button

2018-12-14 12:02:51 - [TEST_STEP][PASSED] - openBrowser(""): Browser is opened with url: ''

2018-12-14 12:02:51 - [MESSAGE][WARNING] - A browser is already opened. Closing browser and opening a new one

2018-12-14 12:02:51 - [MESSAGE][INFO] - Starting 'Chrome' driver

2018-12-14 12:02:52 - [MESSAGE][PASSED] - Browser is opened with url: ''

2018-12-14 12:02:52 - [TEST_STEP][PASSED] - navigateToUrl(URL): Navigate to 'https://epulsebeta2.com' successfully

2018-12-14 12:02:53 - [MESSAGE][PASSED] - Navigate to 'https://epulsebeta2.com' successfully

2018-12-14 12:02:53 - [TEST_STEP][PASSED] - setText(findTestObject("Login/Email Address"), User_email): Text 'alonzo.mack@knowink.com' is set on object 'Object Repository/Login/Email Address'

2018-12-14 12:02:53 - [MESSAGE][PASSED] - Text 'alonzo.mack@knowink.com' is set on object 'Object Repository/Login/Email Address'

2018-12-14 12:02:53 - [TEST_STEP][PASSED] - setEncryptedText(findTestObject("Login/Password"), Pswrd): Text ****** has been set on object 'Object Repository/Login/Password'

2018-12-14 12:02:54 - [MESSAGE][PASSED] - Text ****** has been set on object 'Object Repository/Login/Password'

2018-12-14 12:02:54 - [TEST_STEP][PASSED] - click(findTestObject("Login/Sign In")): Object: 'Object Repository/Login/Sign In' is clicked on

2018-12-14 12:02:55 - [MESSAGE][PASSED] - Object: 'Object Repository/Login/Sign In' is clicked on

2018-12-14 12:02:55 - [TEST_STEP][PASSED] - delay(1): Delayed 1 second(s)

2018-12-14 12:02:56 - [MESSAGE][PASSED] - Delayed 1 second(s)

2018-12-14 12:02:56 - [TEST_STEP][PASSED] - navigateToUrl(voter_id_methods, STOP_ON_FAILURE): Navigate to 'https://am-automation-test.epulsebeta2.com/voter_id_methods' successfully

2018-12-14 12:02:57 - [MESSAGE][PASSED] - Navigate to 'https://am-automation-test.epulsebeta2.com/voter_id_methods' successfully

2018-12-14 12:02:57 - [TEST_STEP][PASSED] - delay(1): Delayed 1 second(s)

2018-12-14 12:02:58 - [MESSAGE][PASSED] - Delayed 1 second(s)

2018-12-14 12:02:58 - [TEST_STEP][PASSED] - click(findTestObject("Admin Console ePulse Menu/Account Settings/ID Methods/ID Methods Page/Page_Epulse  am-Automation-test/Alt. Buttons")): Object: 'Object Repository/Admin Console ePulse Menu/Account Settings/ID Methods/ID Methods Page/Page_Epulse  am-Automation-test/Alt. Buttons' is clicked on

2018-12-14 12:02:59 - [MESSAGE][PASSED] - Object: 'Object Repository/Admin Console ePulse Menu/Account Settings/ID Methods/ID Methods Page/Page_Epulse  am-Automation-test/Alt. Buttons' is clicked on

2018-12-14 12:02:59 - [TEST_STEP][PASSED] - delay(1): Delayed 1 second(s)

2018-12-14 12:03:00 - [MESSAGE][PASSED] - Delayed 1 second(s)

2018-12-14 12:03:00 - [TEST_STEP][PASSED] - setText(findTestObject("Admin Console ePulse Menu/Account Settings/ID Methods/Buttons/Button Label"), "test"): Text 'test' is set on object 'Object Repository/Admin Console ePulse Menu/Account Settings/ID Methods/Buttons/Button Label'

2018-12-14 12:03:00 - [MESSAGE][PASSED] - Text 'test' is set on object 'Object Repository/Admin Console ePulse Menu/Account Settings/ID Methods/Buttons/Button Label'

2018-12-14 12:03:00 - [TEST_STEP][PASSED] - delay(1): Delayed 1 second(s)

2018-12-14 12:03:01 - [MESSAGE][PASSED] - Delayed 1 second(s)

2018-12-14 12:03:01 - [TEST_STEP][PASSED] - selectOptionByValue(findTestObject("Admin Console ePulse Menu/Account Settings/ID Methods/Buttons/Button Type"), "0", true): All options with value '0' are selected in object 'Object Repository/Admin Console ePulse Menu/Account Settings/ID Methods/Buttons/Button Type'  using regular expression

2018-12-14 12:03:01 - [MESSAGE][PASSED] - All options with value '0' are selected in object 'Object Repository/Admin Console ePulse Menu/Account Settings/ID Methods/Buttons/Button Type'  using regular expression

2018-12-14 12:03:01 - [TEST_STEP][PASSED] - delay(1): Delayed 1 second(s)

2018-12-14 12:03:02 - [MESSAGE][PASSED] - Delayed 1 second(s)

2018-12-14 12:03:02 - [TEST_STEP][PASSED] - click(findTestObject("Admin Console ePulse Menu/Account Settings/ID Methods/Buttons/Add Button(blue  sign)")): Object: 'Object Repository/Admin Console ePulse Menu/Account Settings/ID Methods/Buttons/Add Button(blue  sign)' is clicked on

2018-12-14 12:03:02 - [MESSAGE][PASSED] - Object: 'Object Repository/Admin Console ePulse Menu/Account Settings/ID Methods/Buttons/Add Button(blue  sign)' is clicked on

2018-12-14 12:03:02 - [TEST_STEP][PASSED] - delay(1): Delayed 1 second(s)

2018-12-14 12:03:03 - [MESSAGE][PASSED] - Delayed 1 second(s)

2018-12-14 12:03:03 - [TEST_STEP][PASSED] - setText(findTestObject("Admin Console ePulse Menu/Account Settings/ID Methods/Buttons/Button Label"), "1test"): Text '1test' is set on object 'Object Repository/Admin Console ePulse Menu/Account Settings/ID Methods/Buttons/Button Label'

2018-12-14 12:03:03 - [MESSAGE][PASSED] - Text '1test' is set on object 'Object Repository/Admin Console ePulse Menu/Account Settings/ID Methods/Buttons/Button Label'

2018-12-14 12:03:03 - [TEST_STEP][PASSED] - delay(1): Delayed 1 second(s)

2018-12-14 12:03:04 - [MESSAGE][PASSED] - Delayed 1 second(s)

2018-12-14 12:03:04 - [TEST_STEP][PASSED] - selectOptionByValue(findTestObject("Admin Console ePulse Menu/Account Settings/ID Methods/Buttons/Button Type"), "1", true): All options with value '1' are selected in object 'Object Repository/Admin Console ePulse Menu/Account Settings/ID Methods/Buttons/Button Type'  using regular expression

2018-12-14 12:03:04 - [MESSAGE][PASSED] - All options with value '1' are selected in object 'Object Repository/Admin Console ePulse Menu/Account Settings/ID Methods/Buttons/Button Type'  using regular expression

2018-12-14 12:03:04 - [TEST_STEP][PASSED] - setText(findTestObject("Admin Console ePulse Menu/Account Settings/ID Methods/Buttons/Additional text field"), "Allow to vote", STOP_ON_FAILURE): Text 'Allow to vote' is set on object 'Object Repository/Admin Console ePulse Menu/Account Settings/ID Methods/Buttons/Additional text field'

2018-12-14 12:03:04 - [MESSAGE][PASSED] - Text 'Allow to vote' is set on object 'Object Repository/Admin Console ePulse Menu/Account Settings/ID Methods/Buttons/Additional text field'

2018-12-14 12:03:04 - [TEST_STEP][PASSED] - delay(1): Delayed 1 second(s)

2018-12-14 12:03:05 - [MESSAGE][PASSED] - Delayed 1 second(s)

2018-12-14 12:03:05 - [TEST_STEP][PASSED] - click(findTestObject("Admin Console ePulse Menu/Account Settings/ID Methods/Buttons/Add Button(blue  sign)")): Object: 'Object Repository/Admin Console ePulse Menu/Account Settings/ID Methods/Buttons/Add Button(blue  sign)' is clicked on

2018-12-14 12:03:10 - [MESSAGE][PASSED] - Object: 'Object Repository/Admin Console ePulse Menu/Account Settings/ID Methods/Buttons/Add Button(blue  sign)' is clicked on

2018-12-14 12:03:10 - [TEST_STEP][PASSED] - delay(1): Delayed 1 second(s)

2018-12-14 12:03:11 - [MESSAGE][PASSED] - Delayed 1 second(s)

2018-12-14 12:03:11 - [TEST_STEP][PASSED] - setText(findTestObject("Admin Console ePulse Menu/Account Settings/ID Methods/Buttons/Button Label"), "2test"): Text '2test' is set on object 'Object Repository/Admin Console ePulse Menu/Account Settings/ID Methods/Buttons/Button Label'

2018-12-14 12:03:11 - [MESSAGE][PASSED] - Text '2test' is set on object 'Object Repository/Admin Console ePulse Menu/Account Settings/ID Methods/Buttons/Button Label'

2018-12-14 12:03:11 - [TEST_STEP][PASSED] - delay(1): Delayed 1 second(s)

2018-12-14 12:03:12 - [MESSAGE][PASSED] - Delayed 1 second(s)

2018-12-14 12:03:12 - [TEST_STEP][PASSED] - selectOptionByValue(findTestObject("Admin Console ePulse Menu/Account Settings/ID Methods/Buttons/Button Type"), "2", true): All options with value '2' are selected in object 'Object Repository/Admin Console ePulse Menu/Account Settings/ID Methods/Buttons/Button Type'  using regular expression

2018-12-14 12:03:13 - [MESSAGE][PASSED] - All options with value '2' are selected in object 'Object Repository/Admin Console ePulse Menu/Account Settings/ID Methods/Buttons/Button Type'  using regular expression

2018-12-14 12:03:13 - [TEST_STEP][PASSED] - delay(1): Delayed 1 second(s)

2018-12-14 12:03:14 - [MESSAGE][PASSED] - Delayed 1 second(s)

2018-12-14 12:03:14 - [TEST_STEP][PASSED] - setText(findTestObject("Admin Console ePulse Menu/Account Settings/ID Methods/Buttons/Additional text field"), "asdf"): Text 'asdf' is set on object 'Object Repository/Admin Console ePulse Menu/Account Settings/ID Methods/Buttons/Additional text field'

2018-12-14 12:03:14 - [MESSAGE][PASSED] - Text 'asdf' is set on object 'Object Repository/Admin Console ePulse Menu/Account Settings/ID Methods/Buttons/Additional text field'

2018-12-14 12:03:14 - [TEST_STEP][PASSED] - delay(1): Delayed 1 second(s)

2018-12-14 12:03:15 - [MESSAGE][PASSED] - Delayed 1 second(s)

2018-12-14 12:03:15 - [TEST_STEP][PASSED] - click(findTestObject("Admin Console ePulse Menu/Account Settings/ID Methods/Buttons/Add Button(blue  sign)")): Object: 'Object Repository/Admin Console ePulse Menu/Account Settings/ID Methods/Buttons/Add Button(blue  sign)' is clicked on

2018-12-14 12:03:20 - [MESSAGE][PASSED] - Object: 'Object Repository/Admin Console ePulse Menu/Account Settings/ID Methods/Buttons/Add Button(blue  sign)' is clicked on

2018-12-14 12:03:20 - [TEST_STEP][PASSED] - delay(1): Delayed 1 second(s)

2018-12-14 12:03:21 - [MESSAGE][PASSED] - Delayed 1 second(s)

2018-12-14 12:03:21 - [TEST_STEP][PASSED] - setText(findTestObject("Admin Console ePulse Menu/Account Settings/ID Methods/Buttons/Button Label"), "3test"): Text '3test' is set on object 'Object Repository/Admin Console ePulse Menu/Account Settings/ID Methods/Buttons/Button Label'

2018-12-14 12:03:21 - [MESSAGE][PASSED] - Text '3test' is set on object 'Object Repository/Admin Console ePulse Menu/Account Settings/ID Methods/Buttons/Button Label'

2018-12-14 12:03:21 - [TEST_STEP][PASSED] - delay(1): Delayed 1 second(s)

2018-12-14 12:03:22 - [MESSAGE][PASSED] - Delayed 1 second(s)

2018-12-14 12:03:22 - [TEST_STEP][PASSED] - selectOptionByValue(findTestObject("Admin Console ePulse Menu/Account Settings/ID Methods/Buttons/Button Type"), "3", true): All options with value '3' are selected in object 'Object Repository/Admin Console ePulse Menu/Account Settings/ID Methods/Buttons/Button Type'  using regular expression

2018-12-14 12:03:22 - [MESSAGE][PASSED] - All options with value '3' are selected in object 'Object Repository/Admin Console ePulse Menu/Account Settings/ID Methods/Buttons/Button Type'  using regular expression

2018-12-14 12:03:22 - [TEST_STEP][PASSED] - delay(1): Delayed 1 second(s)

2018-12-14 12:03:23 - [MESSAGE][PASSED] - Delayed 1 second(s)

2018-12-14 12:03:23 - [TEST_STEP][PASSED] - click(findTestObject("Admin Console ePulse Menu/Account Settings/ID Methods/Buttons/Add Button(blue  sign)")): Object: 'Object Repository/Admin Console ePulse Menu/Account Settings/ID Methods/Buttons/Add Button(blue  sign)' is clicked on

2018-12-14 12:03:28 - [MESSAGE][PASSED] - Object: 'Object Repository/Admin Console ePulse Menu/Account Settings/ID Methods/Buttons/Add Button(blue  sign)' is clicked on

2018-12-14 12:03:28 - [TEST_STEP][PASSED] - delay(1): Delayed 1 second(s)

2018-12-14 12:03:29 - [MESSAGE][PASSED] - Delayed 1 second(s)

2018-12-14 12:03:29 - [TEST_STEP][PASSED] - setText(findTestObject("Admin Console ePulse Menu/Account Settings/ID Methods/Buttons/Button Label"), "4test"): Text '4test' is set on object 'Object Repository/Admin Console ePulse Menu/Account Settings/ID Methods/Buttons/Button Label'

2018-12-14 12:03:29 - [MESSAGE][PASSED] - Text '4test' is set on object 'Object Repository/Admin Console ePulse Menu/Account Settings/ID Methods/Buttons/Button Label'

2018-12-14 12:03:29 - [TEST_STEP][PASSED] - delay(1): Delayed 1 second(s)

2018-12-14 12:03:30 - [MESSAGE][PASSED] - Delayed 1 second(s)

2018-12-14 12:03:30 - [TEST_STEP][PASSED] - selectOptionByValue(findTestObject("Admin Console ePulse Menu/Account Settings/ID Methods/Buttons/Button Type"), "4", true): All options with value '4' are selected in object 'Object Repository/Admin Console ePulse Menu/Account Settings/ID Methods/Buttons/Button Type'  using regular expression

2018-12-14 12:03:30 - [MESSAGE][PASSED] - All options with value '4' are selected in object 'Object Repository/Admin Console ePulse Menu/Account Settings/ID Methods/Buttons/Button Type'  using regular expression

2018-12-14 12:03:30 - [TEST_STEP][PASSED] - delay(1): Delayed 1 second(s)

2018-12-14 12:03:31 - [MESSAGE][PASSED] - Delayed 1 second(s)

2018-12-14 12:03:31 - [TEST_STEP][PASSED] - click(findTestObject("Admin Console ePulse Menu/Account Settings/ID Methods/Buttons/Add Button(blue  sign)")): Object: 'Object Repository/Admin Console ePulse Menu/Account Settings/ID Methods/Buttons/Add Button(blue  sign)' is clicked on

2018-12-14 12:03:36 - [MESSAGE][PASSED] - Object: 'Object Repository/Admin Console ePulse Menu/Account Settings/ID Methods/Buttons/Add Button(blue  sign)' is clicked on

2018-12-14 12:03:36 - [TEST_STEP][PASSED] - delay(1): Delayed 1 second(s)

2018-12-14 12:03:37 - [MESSAGE][PASSED] - Delayed 1 second(s)

2018-12-14 12:03:37 - [TEST_STEP][PASSED] - setText(findTestObject("Admin Console ePulse Menu/Account Settings/ID Methods/Buttons/Button Label"), "5test"): Text '5test' is set on object 'Object Repository/Admin Console ePulse Menu/Account Settings/ID Methods/Buttons/Button Label'

2018-12-14 12:03:38 - [MESSAGE][PASSED] - Text '5test' is set on object 'Object Repository/Admin Console ePulse Menu/Account Settings/ID Methods/Buttons/Button Label'

2018-12-14 12:03:38 - [TEST_STEP][PASSED] - delay(1): Delayed 1 second(s)

2018-12-14 12:03:39 - [MESSAGE][PASSED] - Delayed 1 second(s)

2018-12-14 12:03:39 - [TEST_STEP][PASSED] - selectOptionByValue(findTestObject("Admin Console ePulse Menu/Account Settings/ID Methods/Buttons/Button Type"), "5", true): All options with value '5' are selected in object 'Object Repository/Admin Console ePulse Menu/Account Settings/ID Methods/Buttons/Button Type'  using regular expression

2018-12-14 12:03:39 - [MESSAGE][PASSED] - All options with value '5' are selected in object 'Object Repository/Admin Console ePulse Menu/Account Settings/ID Methods/Buttons/Button Type'  using regular expression

2018-12-14 12:03:39 - [TEST_STEP][PASSED] - delay(1): Delayed 1 second(s)

2018-12-14 12:03:40 - [MESSAGE][PASSED] - Delayed 1 second(s)

2018-12-14 12:03:40 - [TEST_STEP][PASSED] - click(findTestObject("Admin Console ePulse Menu/Account Settings/ID Methods/Buttons/Add Button(blue  sign)")): Object: 'Object Repository/Admin Console ePulse Menu/Account Settings/ID Methods/Buttons/Add Button(blue  sign)' is clicked on

2018-12-14 12:03:45 - [MESSAGE][PASSED] - Object: 'Object Repository/Admin Console ePulse Menu/Account Settings/ID Methods/Buttons/Add Button(blue  sign)' is clicked on

2018-12-14 12:03:45 - [TEST_STEP][PASSED] - delay(1): Delayed 1 second(s)

2018-12-14 12:03:46 - [MESSAGE][PASSED] - Delayed 1 second(s)

2018-12-14 12:03:46 - [TEST_STEP][PASSED] - click(findTestObject("Admin Console ePulse Menu/Account Settings/Prompts/Prompt Button Modal/Close Button")): Object: 'Object Repository/Admin Console ePulse Menu/Account Settings/Prompts/Prompt Button Modal/Close Button' is clicked on

2018-12-14 12:03:51 - [MESSAGE][PASSED] - Object: 'Object Repository/Admin Console ePulse Menu/Account Settings/Prompts/Prompt Button Modal/Close Button' is clicked on

2018-12-14 12:03:51 - [TEST_STEP][PASSED] - delay(1): Delayed 1 second(s)

2018-12-14 12:03:52 - [MESSAGE][PASSED] - Delayed 1 second(s)

2018-12-14 12:03:52 - [TEST_STEP][PASSED] - closeBrowser(): Browser is closed

2018-12-14 12:03:52 - [MESSAGE][PASSED] - Browser is closed]]></system-out>
         <system-err><![CDATA[]]></system-err>
      </testcase>
      <testcase name="Test Cases/Admin Console/Account Settings/ID Methods()/ID Methods - Button" classname="Test Cases/Admin Console/Account Settings/ID Methods()/ID Methods - Button" status="PASSED">
         <system-out><![CDATA[2018-12-14 12:03:52 - [TEST_CASE][PASSED] - Test Cases/Admin Console/Account Settings/ID Methods()/ID Methods - Button: Test Cases/Admin Console/Account Settings/ID Methods()/ID Methods - Button

2018-12-14 12:03:52 - [TEST_STEP][PASSED] - openBrowser(""): Browser is opened with url: ''

2018-12-14 12:03:52 - [MESSAGE][INFO] - Starting 'Chrome' driver

2018-12-14 12:03:53 - [MESSAGE][PASSED] - Browser is opened with url: ''

2018-12-14 12:03:53 - [TEST_STEP][PASSED] - navigateToUrl(URL): Navigate to 'https://epulsebeta2.com' successfully

2018-12-14 12:03:55 - [MESSAGE][PASSED] - Navigate to 'https://epulsebeta2.com' successfully

2018-12-14 12:03:55 - [TEST_STEP][PASSED] - setText(findTestObject("Login/Email Address"), User_email): Text 'alonzo.mack@knowink.com' is set on object 'Object Repository/Login/Email Address'

2018-12-14 12:03:55 - [MESSAGE][PASSED] - Text 'alonzo.mack@knowink.com' is set on object 'Object Repository/Login/Email Address'

2018-12-14 12:03:55 - [TEST_STEP][PASSED] - setEncryptedText(findTestObject("Login/Password"), Pswrd): Text ****** has been set on object 'Object Repository/Login/Password'

2018-12-14 12:03:55 - [MESSAGE][PASSED] - Text ****** has been set on object 'Object Repository/Login/Password'

2018-12-14 12:03:55 - [TEST_STEP][PASSED] - click(findTestObject("Login/Sign In")): Object: 'Object Repository/Login/Sign In' is clicked on

2018-12-14 12:03:56 - [MESSAGE][PASSED] - Object: 'Object Repository/Login/Sign In' is clicked on

2018-12-14 12:03:56 - [TEST_STEP][PASSED] - delay(1): Delayed 1 second(s)

2018-12-14 12:03:57 - [MESSAGE][PASSED] - Delayed 1 second(s)

2018-12-14 12:03:57 - [TEST_STEP][PASSED] - navigateToUrl(voter_id_methods, STOP_ON_FAILURE): Navigate to 'https://am-automation-test.epulsebeta2.com/voter_id_methods' successfully

2018-12-14 12:03:58 - [MESSAGE][PASSED] - Navigate to 'https://am-automation-test.epulsebeta2.com/voter_id_methods' successfully

2018-12-14 12:03:58 - [TEST_STEP][PASSED] - delay(1): Delayed 1 second(s)

2018-12-14 12:03:59 - [MESSAGE][PASSED] - Delayed 1 second(s)

2018-12-14 12:03:59 - [TEST_STEP][PASSED] - click(findTestObject("Admin Console ePulse Menu/Account Settings/ID Methods/ID Methods Page/Page_Epulse  am-Automation-test/Buttons")): Object: 'Object Repository/Admin Console ePulse Menu/Account Settings/ID Methods/ID Methods Page/Page_Epulse  am-Automation-test/Buttons' is clicked on

2018-12-14 12:04:04 - [MESSAGE][PASSED] - Object: 'Object Repository/Admin Console ePulse Menu/Account Settings/ID Methods/ID Methods Page/Page_Epulse  am-Automation-test/Buttons' is clicked on

2018-12-14 12:04:04 - [TEST_STEP][PASSED] - delay(1): Delayed 1 second(s)

2018-12-14 12:04:05 - [MESSAGE][PASSED] - Delayed 1 second(s)

2018-12-14 12:04:05 - [TEST_STEP][PASSED] - setText(findTestObject("Admin Console ePulse Menu/Account Settings/ID Methods/Buttons/Button Label"), "test"): Text 'test' is set on object 'Object Repository/Admin Console ePulse Menu/Account Settings/ID Methods/Buttons/Button Label'

2018-12-14 12:04:05 - [MESSAGE][PASSED] - Text 'test' is set on object 'Object Repository/Admin Console ePulse Menu/Account Settings/ID Methods/Buttons/Button Label'

2018-12-14 12:04:05 - [TEST_STEP][PASSED] - delay(1): Delayed 1 second(s)

2018-12-14 12:04:06 - [MESSAGE][PASSED] - Delayed 1 second(s)

2018-12-14 12:04:06 - [TEST_STEP][PASSED] - selectOptionByValue(findTestObject("Admin Console ePulse Menu/Account Settings/ID Methods/Buttons/Button Type"), "0", true): All options with value '0' are selected in object 'Object Repository/Admin Console ePulse Menu/Account Settings/ID Methods/Buttons/Button Type'  using regular expression

2018-12-14 12:04:06 - [MESSAGE][PASSED] - All options with value '0' are selected in object 'Object Repository/Admin Console ePulse Menu/Account Settings/ID Methods/Buttons/Button Type'  using regular expression

2018-12-14 12:04:06 - [TEST_STEP][PASSED] - delay(1): Delayed 1 second(s)

2018-12-14 12:04:07 - [MESSAGE][PASSED] - Delayed 1 second(s)

2018-12-14 12:04:07 - [TEST_STEP][PASSED] - click(findTestObject("Admin Console ePulse Menu/Account Settings/ID Methods/Buttons/Add Button(blue  sign)")): Object: 'Object Repository/Admin Console ePulse Menu/Account Settings/ID Methods/Buttons/Add Button(blue  sign)' is clicked on

2018-12-14 12:04:12 - [MESSAGE][PASSED] - Object: 'Object Repository/Admin Console ePulse Menu/Account Settings/ID Methods/Buttons/Add Button(blue  sign)' is clicked on

2018-12-14 12:04:12 - [TEST_STEP][PASSED] - delay(1): Delayed 1 second(s)

2018-12-14 12:04:13 - [MESSAGE][PASSED] - Delayed 1 second(s)

2018-12-14 12:04:13 - [TEST_STEP][PASSED] - setText(findTestObject("Admin Console ePulse Menu/Account Settings/ID Methods/Buttons/Button Label"), "1test"): Text '1test' is set on object 'Object Repository/Admin Console ePulse Menu/Account Settings/ID Methods/Buttons/Button Label'

2018-12-14 12:04:14 - [MESSAGE][PASSED] - Text '1test' is set on object 'Object Repository/Admin Console ePulse Menu/Account Settings/ID Methods/Buttons/Button Label'

2018-12-14 12:04:14 - [TEST_STEP][PASSED] - delay(1): Delayed 1 second(s)

2018-12-14 12:04:15 - [MESSAGE][PASSED] - Delayed 1 second(s)

2018-12-14 12:04:15 - [TEST_STEP][PASSED] - selectOptionByValue(findTestObject("Admin Console ePulse Menu/Account Settings/ID Methods/Buttons/Button Type"), "1", true): All options with value '1' are selected in object 'Object Repository/Admin Console ePulse Menu/Account Settings/ID Methods/Buttons/Button Type'  using regular expression

2018-12-14 12:04:15 - [MESSAGE][PASSED] - All options with value '1' are selected in object 'Object Repository/Admin Console ePulse Menu/Account Settings/ID Methods/Buttons/Button Type'  using regular expression

2018-12-14 12:04:15 - [TEST_STEP][PASSED] - setText(findTestObject("Admin Console ePulse Menu/Account Settings/ID Methods/Buttons/Additional text field"), "Allow to vote", STOP_ON_FAILURE): Text 'Allow to vote' is set on object 'Object Repository/Admin Console ePulse Menu/Account Settings/ID Methods/Buttons/Additional text field'

2018-12-14 12:04:15 - [MESSAGE][PASSED] - Text 'Allow to vote' is set on object 'Object Repository/Admin Console ePulse Menu/Account Settings/ID Methods/Buttons/Additional text field'

2018-12-14 12:04:15 - [TEST_STEP][PASSED] - delay(1): Delayed 1 second(s)

2018-12-14 12:04:16 - [MESSAGE][PASSED] - Delayed 1 second(s)

2018-12-14 12:04:16 - [TEST_STEP][PASSED] - click(findTestObject("Admin Console ePulse Menu/Account Settings/ID Methods/Buttons/Add Button(blue  sign)")): Object: 'Object Repository/Admin Console ePulse Menu/Account Settings/ID Methods/Buttons/Add Button(blue  sign)' is clicked on

2018-12-14 12:04:21 - [MESSAGE][PASSED] - Object: 'Object Repository/Admin Console ePulse Menu/Account Settings/ID Methods/Buttons/Add Button(blue  sign)' is clicked on

2018-12-14 12:04:21 - [TEST_STEP][PASSED] - delay(1): Delayed 1 second(s)

2018-12-14 12:04:22 - [MESSAGE][PASSED] - Delayed 1 second(s)

2018-12-14 12:04:22 - [TEST_STEP][PASSED] - setText(findTestObject("Admin Console ePulse Menu/Account Settings/ID Methods/Buttons/Button Label"), "2test"): Text '2test' is set on object 'Object Repository/Admin Console ePulse Menu/Account Settings/ID Methods/Buttons/Button Label'

2018-12-14 12:04:22 - [MESSAGE][PASSED] - Text '2test' is set on object 'Object Repository/Admin Console ePulse Menu/Account Settings/ID Methods/Buttons/Button Label'

2018-12-14 12:04:22 - [TEST_STEP][PASSED] - delay(1): Delayed 1 second(s)

2018-12-14 12:04:23 - [MESSAGE][PASSED] - Delayed 1 second(s)

2018-12-14 12:04:23 - [TEST_STEP][PASSED] - selectOptionByValue(findTestObject("Admin Console ePulse Menu/Account Settings/ID Methods/Buttons/Button Type"), "2", true): All options with value '2' are selected in object 'Object Repository/Admin Console ePulse Menu/Account Settings/ID Methods/Buttons/Button Type'  using regular expression

2018-12-14 12:04:23 - [MESSAGE][PASSED] - All options with value '2' are selected in object 'Object Repository/Admin Console ePulse Menu/Account Settings/ID Methods/Buttons/Button Type'  using regular expression

2018-12-14 12:04:23 - [TEST_STEP][PASSED] - delay(1): Delayed 1 second(s)

2018-12-14 12:04:24 - [MESSAGE][PASSED] - Delayed 1 second(s)

2018-12-14 12:04:24 - [TEST_STEP][PASSED] - setText(findTestObject("Admin Console ePulse Menu/Account Settings/ID Methods/Buttons/Additional text field"), "asdf"): Text 'asdf' is set on object 'Object Repository/Admin Console ePulse Menu/Account Settings/ID Methods/Buttons/Additional text field'

2018-12-14 12:04:24 - [MESSAGE][PASSED] - Text 'asdf' is set on object 'Object Repository/Admin Console ePulse Menu/Account Settings/ID Methods/Buttons/Additional text field'

2018-12-14 12:04:24 - [TEST_STEP][PASSED] - delay(1): Delayed 1 second(s)

2018-12-14 12:04:25 - [MESSAGE][PASSED] - Delayed 1 second(s)

2018-12-14 12:04:25 - [TEST_STEP][PASSED] - click(findTestObject("Admin Console ePulse Menu/Account Settings/ID Methods/Buttons/Add Button(blue  sign)")): Object: 'Object Repository/Admin Console ePulse Menu/Account Settings/ID Methods/Buttons/Add Button(blue  sign)' is clicked on

2018-12-14 12:04:30 - [MESSAGE][PASSED] - Object: 'Object Repository/Admin Console ePulse Menu/Account Settings/ID Methods/Buttons/Add Button(blue  sign)' is clicked on

2018-12-14 12:04:30 - [TEST_STEP][PASSED] - delay(1): Delayed 1 second(s)

2018-12-14 12:04:31 - [MESSAGE][PASSED] - Delayed 1 second(s)

2018-12-14 12:04:31 - [TEST_STEP][PASSED] - setText(findTestObject("Admin Console ePulse Menu/Account Settings/ID Methods/Buttons/Button Label"), "3test"): Text '3test' is set on object 'Object Repository/Admin Console ePulse Menu/Account Settings/ID Methods/Buttons/Button Label'

2018-12-14 12:04:31 - [MESSAGE][PASSED] - Text '3test' is set on object 'Object Repository/Admin Console ePulse Menu/Account Settings/ID Methods/Buttons/Button Label'

2018-12-14 12:04:31 - [TEST_STEP][PASSED] - delay(1): Delayed 1 second(s)

2018-12-14 12:04:32 - [MESSAGE][PASSED] - Delayed 1 second(s)

2018-12-14 12:04:32 - [TEST_STEP][PASSED] - selectOptionByValue(findTestObject("Admin Console ePulse Menu/Account Settings/ID Methods/Buttons/Button Type"), "3", true): All options with value '3' are selected in object 'Object Repository/Admin Console ePulse Menu/Account Settings/ID Methods/Buttons/Button Type'  using regular expression

2018-12-14 12:04:33 - [MESSAGE][PASSED] - All options with value '3' are selected in object 'Object Repository/Admin Console ePulse Menu/Account Settings/ID Methods/Buttons/Button Type'  using regular expression

2018-12-14 12:04:33 - [TEST_STEP][PASSED] - delay(1): Delayed 1 second(s)

2018-12-14 12:04:34 - [MESSAGE][PASSED] - Delayed 1 second(s)

2018-12-14 12:04:34 - [TEST_STEP][PASSED] - click(findTestObject("Admin Console ePulse Menu/Account Settings/ID Methods/Buttons/Add Button(blue  sign)")): Object: 'Object Repository/Admin Console ePulse Menu/Account Settings/ID Methods/Buttons/Add Button(blue  sign)' is clicked on

2018-12-14 12:04:39 - [MESSAGE][PASSED] - Object: 'Object Repository/Admin Console ePulse Menu/Account Settings/ID Methods/Buttons/Add Button(blue  sign)' is clicked on

2018-12-14 12:04:39 - [TEST_STEP][PASSED] - delay(1): Delayed 1 second(s)

2018-12-14 12:04:40 - [MESSAGE][PASSED] - Delayed 1 second(s)

2018-12-14 12:04:40 - [TEST_STEP][PASSED] - setText(findTestObject("Admin Console ePulse Menu/Account Settings/ID Methods/Buttons/Button Label"), "4test"): Text '4test' is set on object 'Object Repository/Admin Console ePulse Menu/Account Settings/ID Methods/Buttons/Button Label'

2018-12-14 12:04:40 - [MESSAGE][PASSED] - Text '4test' is set on object 'Object Repository/Admin Console ePulse Menu/Account Settings/ID Methods/Buttons/Button Label'

2018-12-14 12:04:40 - [TEST_STEP][PASSED] - delay(1): Delayed 1 second(s)

2018-12-14 12:04:41 - [MESSAGE][PASSED] - Delayed 1 second(s)

2018-12-14 12:04:41 - [TEST_STEP][PASSED] - selectOptionByValue(findTestObject("Admin Console ePulse Menu/Account Settings/ID Methods/Buttons/Button Type"), "4", true): All options with value '4' are selected in object 'Object Repository/Admin Console ePulse Menu/Account Settings/ID Methods/Buttons/Button Type'  using regular expression

2018-12-14 12:04:41 - [MESSAGE][PASSED] - All options with value '4' are selected in object 'Object Repository/Admin Console ePulse Menu/Account Settings/ID Methods/Buttons/Button Type'  using regular expression

2018-12-14 12:04:41 - [TEST_STEP][PASSED] - delay(1): Delayed 1 second(s)

2018-12-14 12:04:42 - [MESSAGE][PASSED] - Delayed 1 second(s)

2018-12-14 12:04:42 - [TEST_STEP][PASSED] - click(findTestObject("Admin Console ePulse Menu/Account Settings/ID Methods/Buttons/Add Button(blue  sign)")): Object: 'Object Repository/Admin Console ePulse Menu/Account Settings/ID Methods/Buttons/Add Button(blue  sign)' is clicked on

2018-12-14 12:04:47 - [MESSAGE][PASSED] - Object: 'Object Repository/Admin Console ePulse Menu/Account Settings/ID Methods/Buttons/Add Button(blue  sign)' is clicked on

2018-12-14 12:04:47 - [TEST_STEP][PASSED] - delay(1): Delayed 1 second(s)

2018-12-14 12:04:48 - [MESSAGE][PASSED] - Delayed 1 second(s)

2018-12-14 12:04:48 - [TEST_STEP][PASSED] - setText(findTestObject("Admin Console ePulse Menu/Account Settings/ID Methods/Buttons/Button Label"), "5test"): Text '5test' is set on object 'Object Repository/Admin Console ePulse Menu/Account Settings/ID Methods/Buttons/Button Label'

2018-12-14 12:04:48 - [MESSAGE][PASSED] - Text '5test' is set on object 'Object Repository/Admin Console ePulse Menu/Account Settings/ID Methods/Buttons/Button Label'

2018-12-14 12:04:48 - [TEST_STEP][PASSED] - delay(1): Delayed 1 second(s)

2018-12-14 12:04:49 - [MESSAGE][PASSED] - Delayed 1 second(s)

2018-12-14 12:04:49 - [TEST_STEP][PASSED] - selectOptionByValue(findTestObject("Admin Console ePulse Menu/Account Settings/ID Methods/Buttons/Button Type"), "5", true): All options with value '5' are selected in object 'Object Repository/Admin Console ePulse Menu/Account Settings/ID Methods/Buttons/Button Type'  using regular expression

2018-12-14 12:04:49 - [MESSAGE][PASSED] - All options with value '5' are selected in object 'Object Repository/Admin Console ePulse Menu/Account Settings/ID Methods/Buttons/Button Type'  using regular expression

2018-12-14 12:04:49 - [TEST_STEP][PASSED] - delay(1): Delayed 1 second(s)

2018-12-14 12:04:50 - [MESSAGE][PASSED] - Delayed 1 second(s)

2018-12-14 12:04:50 - [TEST_STEP][PASSED] - click(findTestObject("Admin Console ePulse Menu/Account Settings/ID Methods/Buttons/Add Button(blue  sign)")): Object: 'Object Repository/Admin Console ePulse Menu/Account Settings/ID Methods/Buttons/Add Button(blue  sign)' is clicked on

2018-12-14 12:04:55 - [MESSAGE][PASSED] - Object: 'Object Repository/Admin Console ePulse Menu/Account Settings/ID Methods/Buttons/Add Button(blue  sign)' is clicked on

2018-12-14 12:04:55 - [TEST_STEP][PASSED] - delay(1): Delayed 1 second(s)

2018-12-14 12:04:56 - [MESSAGE][PASSED] - Delayed 1 second(s)

2018-12-14 12:04:56 - [TEST_STEP][PASSED] - click(findTestObject("Admin Console ePulse Menu/Account Settings/Prompts/Prompt Button Modal/Close Button")): Object: 'Object Repository/Admin Console ePulse Menu/Account Settings/Prompts/Prompt Button Modal/Close Button' is clicked on

2018-12-14 12:05:01 - [MESSAGE][PASSED] - Object: 'Object Repository/Admin Console ePulse Menu/Account Settings/Prompts/Prompt Button Modal/Close Button' is clicked on

2018-12-14 12:05:01 - [TEST_STEP][PASSED] - delay(1): Delayed 1 second(s)

2018-12-14 12:05:02 - [MESSAGE][PASSED] - Delayed 1 second(s)

2018-12-14 12:05:02 - [TEST_STEP][PASSED] - closeBrowser(): Browser is closed

2018-12-14 12:05:02 - [MESSAGE][PASSED] - Browser is closed]]></system-out>
         <system-err><![CDATA[]]></system-err>
      </testcase>
      <testcase name="Test Cases/Admin Console/Account Settings/ID Methods()/ID Methods - Edit" classname="Test Cases/Admin Console/Account Settings/ID Methods()/ID Methods - Edit" status="PASSED">
         <system-out><![CDATA[2018-12-14 12:05:02 - [TEST_CASE][PASSED] - Test Cases/Admin Console/Account Settings/ID Methods()/ID Methods - Edit: Test Cases/Admin Console/Account Settings/ID Methods()/ID Methods - Edit

2018-12-14 12:05:03 - [TEST_STEP][PASSED] - openBrowser(""): Browser is opened with url: ''

2018-12-14 12:05:03 - [MESSAGE][INFO] - Starting 'Chrome' driver

2018-12-14 12:05:04 - [MESSAGE][PASSED] - Browser is opened with url: ''

2018-12-14 12:05:04 - [TEST_STEP][PASSED] - navigateToUrl(URL): Navigate to 'https://epulsebeta2.com' successfully

2018-12-14 12:05:07 - [MESSAGE][PASSED] - Navigate to 'https://epulsebeta2.com' successfully

2018-12-14 12:05:07 - [TEST_STEP][PASSED] - setText(findTestObject("Login/Email Address"), User_email): Text 'alonzo.mack@knowink.com' is set on object 'Object Repository/Login/Email Address'

2018-12-14 12:05:07 - [MESSAGE][PASSED] - Text 'alonzo.mack@knowink.com' is set on object 'Object Repository/Login/Email Address'

2018-12-14 12:05:07 - [TEST_STEP][PASSED] - setEncryptedText(findTestObject("Login/Password"), Pswrd): Text ****** has been set on object 'Object Repository/Login/Password'

2018-12-14 12:05:07 - [MESSAGE][PASSED] - Text ****** has been set on object 'Object Repository/Login/Password'

2018-12-14 12:05:07 - [TEST_STEP][PASSED] - click(findTestObject("Login/Sign In")): Object: 'Object Repository/Login/Sign In' is clicked on

2018-12-14 12:05:08 - [MESSAGE][PASSED] - Object: 'Object Repository/Login/Sign In' is clicked on

2018-12-14 12:05:08 - [TEST_STEP][PASSED] - delay(1): Delayed 1 second(s)

2018-12-14 12:05:09 - [MESSAGE][PASSED] - Delayed 1 second(s)

2018-12-14 12:05:09 - [TEST_STEP][PASSED] - navigateToUrl(voter_id_methods, STOP_ON_FAILURE): Navigate to 'https://am-automation-test.epulsebeta2.com/voter_id_methods' successfully

2018-12-14 12:05:10 - [MESSAGE][PASSED] - Navigate to 'https://am-automation-test.epulsebeta2.com/voter_id_methods' successfully

2018-12-14 12:05:10 - [TEST_STEP][PASSED] - delay(1): Delayed 1 second(s)

2018-12-14 12:05:11 - [MESSAGE][PASSED] - Delayed 1 second(s)

2018-12-14 12:05:11 - [TEST_STEP][PASSED] - click(findTestObject("Admin Console ePulse Menu/Account Settings/ID Methods/ID Methods Page/Page_Epulse  am-Automation-test/Edit Selected ID Method")): Object: 'Object Repository/Admin Console ePulse Menu/Account Settings/ID Methods/ID Methods Page/Page_Epulse  am-Automation-test/Edit Selected ID Method' is clicked on

2018-12-14 12:05:11 - [MESSAGE][PASSED] - Object: 'Object Repository/Admin Console ePulse Menu/Account Settings/ID Methods/ID Methods Page/Page_Epulse  am-Automation-test/Edit Selected ID Method' is clicked on

2018-12-14 12:05:11 - [TEST_STEP][PASSED] - setText(findTestObject("Admin Console ePulse Menu/Account Settings/ID Methods/New ID Method Modal/Name"), "Drivers License_Edit"): Text 'Drivers License_Edit' is set on object 'Object Repository/Admin Console ePulse Menu/Account Settings/ID Methods/New ID Method Modal/Name'

2018-12-14 12:05:12 - [MESSAGE][PASSED] - Text 'Drivers License_Edit' is set on object 'Object Repository/Admin Console ePulse Menu/Account Settings/ID Methods/New ID Method Modal/Name'

2018-12-14 12:05:12 - [TEST_STEP][PASSED] - setText(findTestObject("Admin Console ePulse Menu/Account Settings/ID Methods/New ID Method Modal/Heading"), "State Drivers License_Edit"): Text 'State Drivers License_Edit' is set on object 'Object Repository/Admin Console ePulse Menu/Account Settings/ID Methods/New ID Method Modal/Heading'

2018-12-14 12:05:12 - [MESSAGE][PASSED] - Text 'State Drivers License_Edit' is set on object 'Object Repository/Admin Console ePulse Menu/Account Settings/ID Methods/New ID Method Modal/Heading'

2018-12-14 12:05:12 - [TEST_STEP][PASSED] - selectOptionByValue(findTestObject("Admin Console ePulse Menu/Account Settings/ID Methods/New ID Method Modal/Select Color"), "0", true): All options with value '0' are selected in object 'Object Repository/Admin Console ePulse Menu/Account Settings/ID Methods/New ID Method Modal/Select Color'  using regular expression

2018-12-14 12:05:12 - [MESSAGE][PASSED] - All options with value '0' are selected in object 'Object Repository/Admin Console ePulse Menu/Account Settings/ID Methods/New ID Method Modal/Select Color'  using regular expression

2018-12-14 12:05:12 - [TEST_STEP][PASSED] - setText(findTestObject("Admin Console ePulse Menu/Account Settings/ID Methods/New ID Method Modal/Instructions"), "State Drivers License_Edit"): Text 'State Drivers License_Edit' is set on object 'Object Repository/Admin Console ePulse Menu/Account Settings/ID Methods/New ID Method Modal/Instructions'

2018-12-14 12:05:12 - [MESSAGE][PASSED] - Text 'State Drivers License_Edit' is set on object 'Object Repository/Admin Console ePulse Menu/Account Settings/ID Methods/New ID Method Modal/Instructions'

2018-12-14 12:05:12 - [TEST_STEP][PASSED] - setText(findTestObject("Admin Console ePulse Menu/Account Settings/ID Methods/New ID Method Modal/Order"), "2"): Text '2' is set on object 'Object Repository/Admin Console ePulse Menu/Account Settings/ID Methods/New ID Method Modal/Order'

2018-12-14 12:05:12 - [MESSAGE][PASSED] - Text '2' is set on object 'Object Repository/Admin Console ePulse Menu/Account Settings/ID Methods/New ID Method Modal/Order'

2018-12-14 12:05:12 - [TEST_STEP][NOT_RUN] - click(findTestObject("Admin Console ePulse Menu/Account Settings/ID Methods/New ID Method Modal/Show Does Name Match_slider")): NOT_RUN: click(findTestObject("Admin Console ePulse Menu/Account Settings/ID Methods/New ID Method Modal/Show Does Name Match_slider"))

2018-12-14 12:05:12 - [MESSAGE][NOT_RUN] - NOT_RUN: click(findTestObject("Admin Console ePulse Menu/Account Settings/ID Methods/New ID Method Modal/Show Does Name Match_slider"))

2018-12-14 12:05:12 - [TEST_STEP][PASSED] - click(findTestObject("Admin Console ePulse Menu/Account Settings/ID Methods/New ID Method Modal/Show Does Address Match_slider"), STOP_ON_FAILURE): Object: 'Object Repository/Admin Console ePulse Menu/Account Settings/ID Methods/New ID Method Modal/Show Does Address Match_slider' is clicked on

2018-12-14 12:05:12 - [MESSAGE][PASSED] - Object: 'Object Repository/Admin Console ePulse Menu/Account Settings/ID Methods/New ID Method Modal/Show Does Address Match_slider' is clicked on

2018-12-14 12:05:12 - [TEST_STEP][NOT_RUN] - click(findTestObject("Admin Console ePulse Menu/Account Settings/ID Methods/New ID Method Modal/Show is ID Expired_slider"), STOP_ON_FAILURE): NOT_RUN: click(findTestObject("Admin Console ePulse Menu/Account Settings/ID Methods/New ID Method Modal/Show is ID Expired_slider"), STOP_ON_FAILURE)

2018-12-14 12:05:12 - [MESSAGE][NOT_RUN] - NOT_RUN: click(findTestObject("Admin Console ePulse Menu/Account Settings/ID Methods/New ID Method Modal/Show is ID Expired_slider"), STOP_ON_FAILURE)

2018-12-14 12:05:12 - [TEST_STEP][PASSED] - setText(findTestObject("Admin Console ePulse Menu/Account Settings/ID Methods/New ID Method Modal/Page_Epulse  am-Automation-test/Incorrect Heading"), "No Drivers License_Edit?"): Text 'No Drivers License_Edit?' is set on object 'Object Repository/Admin Console ePulse Menu/Account Settings/ID Methods/New ID Method Modal/Page_Epulse  am-Automation-test/Incorrect Heading'

2018-12-14 12:05:12 - [MESSAGE][PASSED] - Text 'No Drivers License_Edit?' is set on object 'Object Repository/Admin Console ePulse Menu/Account Settings/ID Methods/New ID Method Modal/Page_Epulse  am-Automation-test/Incorrect Heading'

2018-12-14 12:05:12 - [TEST_STEP][PASSED] - setText(findTestObject("Admin Console ePulse Menu/Account Settings/ID Methods/New ID Method Modal/Page_Epulse  am-Automation-test/Incorrect Instructions"), "Vote Provisional_Edit"): Text 'Vote Provisional_Edit' is set on object 'Object Repository/Admin Console ePulse Menu/Account Settings/ID Methods/New ID Method Modal/Page_Epulse  am-Automation-test/Incorrect Instructions'

2018-12-14 12:05:13 - [MESSAGE][PASSED] - Text 'Vote Provisional_Edit' is set on object 'Object Repository/Admin Console ePulse Menu/Account Settings/ID Methods/New ID Method Modal/Page_Epulse  am-Automation-test/Incorrect Instructions'

2018-12-14 12:05:13 - [TEST_STEP][PASSED] - click(findTestObject("Admin Console ePulse Menu/Account Settings/ID Methods/New ID Method Modal/Submit"), STOP_ON_FAILURE): Object: 'Object Repository/Admin Console ePulse Menu/Account Settings/ID Methods/New ID Method Modal/Submit' is clicked on

2018-12-14 12:05:13 - [MESSAGE][PASSED] - Object: 'Object Repository/Admin Console ePulse Menu/Account Settings/ID Methods/New ID Method Modal/Submit' is clicked on

2018-12-14 12:05:13 - [TEST_STEP][PASSED] - closeBrowser(): Browser is closed

2018-12-14 12:05:13 - [MESSAGE][PASSED] - Browser is closed]]></system-out>
         <system-err><![CDATA[]]></system-err>
      </testcase>
      <testcase name="Test Cases/Admin Console/Account Settings/ID Methods()/ID Methods - Edit Oath" classname="Test Cases/Admin Console/Account Settings/ID Methods()/ID Methods - Edit Oath" status="PASSED">
         <system-out><![CDATA[2018-12-14 12:05:13 - [TEST_CASE][PASSED] - Test Cases/Admin Console/Account Settings/ID Methods()/ID Methods - Edit Oath: Test Cases/Admin Console/Account Settings/ID Methods()/ID Methods - Edit Oath

2018-12-14 12:05:13 - [TEST_STEP][PASSED] - openBrowser(""): Browser is opened with url: ''

2018-12-14 12:05:13 - [MESSAGE][INFO] - Starting 'Chrome' driver

2018-12-14 12:05:14 - [MESSAGE][PASSED] - Browser is opened with url: ''

2018-12-14 12:05:14 - [TEST_STEP][PASSED] - navigateToUrl(URL): Navigate to 'https://epulsebeta2.com' successfully

2018-12-14 12:05:16 - [MESSAGE][PASSED] - Navigate to 'https://epulsebeta2.com' successfully

2018-12-14 12:05:16 - [TEST_STEP][PASSED] - setText(findTestObject("Login/Email Address"), User_email): Text 'alonzo.mack@knowink.com' is set on object 'Object Repository/Login/Email Address'

2018-12-14 12:05:16 - [MESSAGE][PASSED] - Text 'alonzo.mack@knowink.com' is set on object 'Object Repository/Login/Email Address'

2018-12-14 12:05:16 - [TEST_STEP][PASSED] - setEncryptedText(findTestObject("Login/Password"), Pswrd): Text ****** has been set on object 'Object Repository/Login/Password'

2018-12-14 12:05:16 - [MESSAGE][PASSED] - Text ****** has been set on object 'Object Repository/Login/Password'

2018-12-14 12:05:16 - [TEST_STEP][PASSED] - click(findTestObject("Login/Sign In")): Object: 'Object Repository/Login/Sign In' is clicked on

2018-12-14 12:05:17 - [MESSAGE][PASSED] - Object: 'Object Repository/Login/Sign In' is clicked on

2018-12-14 12:05:17 - [TEST_STEP][PASSED] - delay(1): Delayed 1 second(s)

2018-12-14 12:05:18 - [MESSAGE][PASSED] - Delayed 1 second(s)

2018-12-14 12:05:18 - [TEST_STEP][PASSED] - navigateToUrl(voter_id_methods, STOP_ON_FAILURE): Navigate to 'https://am-automation-test.epulsebeta2.com/voter_id_methods' successfully

2018-12-14 12:05:19 - [MESSAGE][PASSED] - Navigate to 'https://am-automation-test.epulsebeta2.com/voter_id_methods' successfully

2018-12-14 12:05:19 - [TEST_STEP][PASSED] - click(findTestObject("Admin Console ePulse Menu/Account Settings/ID Methods/ID Methods Page/Edit ID Method Oath")): Object: 'Object Repository/Admin Console ePulse Menu/Account Settings/ID Methods/ID Methods Page/Edit ID Method Oath' is clicked on

2018-12-14 12:05:19 - [MESSAGE][PASSED] - Object: 'Object Repository/Admin Console ePulse Menu/Account Settings/ID Methods/ID Methods Page/Edit ID Method Oath' is clicked on

2018-12-14 12:05:19 - [TEST_STEP][PASSED] - delay(1): Delayed 1 second(s)

2018-12-14 12:05:20 - [MESSAGE][PASSED] - Delayed 1 second(s)

2018-12-14 12:05:20 - [TEST_STEP][PASSED] - setText(findTestObject("Admin Console ePulse Menu/Account Settings/ID Methods/Edit ID Method Modal/Customized Oath text area"), "Customize the oath displayed to voters. "): Text 'Customize the oath displayed to voters. ' is set on object 'Object Repository/Admin Console ePulse Menu/Account Settings/ID Methods/Edit ID Method Modal/Customized Oath text area'

2018-12-14 12:05:20 - [MESSAGE][PASSED] - Text 'Customize the oath displayed to voters. ' is set on object 'Object Repository/Admin Console ePulse Menu/Account Settings/ID Methods/Edit ID Method Modal/Customized Oath text area'

2018-12-14 12:05:20 - [TEST_STEP][PASSED] - delay(1): Delayed 1 second(s)

2018-12-14 12:05:21 - [MESSAGE][PASSED] - Delayed 1 second(s)

2018-12-14 12:05:21 - [TEST_STEP][PASSED] - click(findTestObject("Admin Console ePulse Menu/Account Settings/ID Methods/Edit ID Method Modal/Submit"), STOP_ON_FAILURE): Object: 'Object Repository/Admin Console ePulse Menu/Account Settings/ID Methods/Edit ID Method Modal/Submit' is clicked on

2018-12-14 12:05:21 - [MESSAGE][PASSED] - Object: 'Object Repository/Admin Console ePulse Menu/Account Settings/ID Methods/Edit ID Method Modal/Submit' is clicked on]]></system-out>
         <system-err><![CDATA[]]></system-err>
      </testcase>
      <testcase name="Test Cases/Admin Console/Account Settings/ID Methods()/ID Methods - Export" classname="Test Cases/Admin Console/Account Settings/ID Methods()/ID Methods - Export" status="PASSED">
         <system-out><![CDATA[2018-12-14 12:05:21 - [TEST_CASE][PASSED] - Test Cases/Admin Console/Account Settings/ID Methods()/ID Methods - Export: Test Cases/Admin Console/Account Settings/ID Methods()/ID Methods - Export

2018-12-14 12:05:21 - [TEST_STEP][PASSED] - openBrowser(""): Browser is opened with url: ''

2018-12-14 12:05:21 - [MESSAGE][WARNING] - A browser is already opened. Closing browser and opening a new one

2018-12-14 12:05:21 - [MESSAGE][INFO] - Starting 'Chrome' driver

2018-12-14 12:05:22 - [MESSAGE][PASSED] - Browser is opened with url: ''

2018-12-14 12:05:22 - [TEST_STEP][PASSED] - navigateToUrl(URL): Navigate to 'https://epulsebeta2.com' successfully

2018-12-14 12:05:24 - [MESSAGE][PASSED] - Navigate to 'https://epulsebeta2.com' successfully

2018-12-14 12:05:24 - [TEST_STEP][PASSED] - setText(findTestObject("Login/Email Address"), User_email): Text 'alonzo.mack@knowink.com' is set on object 'Object Repository/Login/Email Address'

2018-12-14 12:05:24 - [MESSAGE][PASSED] - Text 'alonzo.mack@knowink.com' is set on object 'Object Repository/Login/Email Address'

2018-12-14 12:05:24 - [TEST_STEP][PASSED] - setEncryptedText(findTestObject("Login/Password"), Pswrd): Text ****** has been set on object 'Object Repository/Login/Password'

2018-12-14 12:05:24 - [MESSAGE][PASSED] - Text ****** has been set on object 'Object Repository/Login/Password'

2018-12-14 12:05:24 - [TEST_STEP][PASSED] - click(findTestObject("Login/Sign In")): Object: 'Object Repository/Login/Sign In' is clicked on

2018-12-14 12:05:25 - [MESSAGE][PASSED] - Object: 'Object Repository/Login/Sign In' is clicked on

2018-12-14 12:05:25 - [TEST_STEP][PASSED] - delay(1): Delayed 1 second(s)

2018-12-14 12:05:26 - [MESSAGE][PASSED] - Delayed 1 second(s)

2018-12-14 12:05:26 - [TEST_STEP][PASSED] - navigateToUrl(voter_id_methods): Navigate to 'https://am-automation-test.epulsebeta2.com/voter_id_methods' successfully

2018-12-14 12:05:27 - [MESSAGE][PASSED] - Navigate to 'https://am-automation-test.epulsebeta2.com/voter_id_methods' successfully

2018-12-14 12:05:27 - [TEST_STEP][PASSED] - delay(1): Delayed 1 second(s)

2018-12-14 12:05:28 - [MESSAGE][PASSED] - Delayed 1 second(s)

2018-12-14 12:05:28 - [TEST_STEP][PASSED] - click(findTestObject("Admin Console ePulse Menu/Account Settings/ID Methods/ID Methods Page/Export")): Object: 'Object Repository/Admin Console ePulse Menu/Account Settings/ID Methods/ID Methods Page/Export' is clicked on

2018-12-14 12:05:28 - [MESSAGE][PASSED] - Object: 'Object Repository/Admin Console ePulse Menu/Account Settings/ID Methods/ID Methods Page/Export' is clicked on

2018-12-14 12:05:28 - [TEST_STEP][PASSED] - delay(1): Delayed 1 second(s)

2018-12-14 12:05:29 - [MESSAGE][PASSED] - Delayed 1 second(s)

2018-12-14 12:05:29 - [TEST_STEP][PASSED] - closeBrowser(STOP_ON_FAILURE): Browser is closed

2018-12-14 12:05:29 - [MESSAGE][PASSED] - Browser is closed]]></system-out>
         <system-err><![CDATA[]]></system-err>
      </testcase>
      <testcase name="Test Cases/Admin Console/Account Settings/ID Methods()/ID Methods - Import" classname="Test Cases/Admin Console/Account Settings/ID Methods()/ID Methods - Import" status="PASSED">
         <system-out><![CDATA[2018-12-14 12:05:29 - [TEST_CASE][PASSED] - Test Cases/Admin Console/Account Settings/ID Methods()/ID Methods - Import: Test Cases/Admin Console/Account Settings/ID Methods()/ID Methods - Import

2018-12-14 12:05:29 - [TEST_STEP][PASSED] - openBrowser(""): Browser is opened with url: ''

2018-12-14 12:05:29 - [MESSAGE][INFO] - Starting 'Chrome' driver

2018-12-14 12:05:30 - [MESSAGE][PASSED] - Browser is opened with url: ''

2018-12-14 12:05:30 - [TEST_STEP][PASSED] - navigateToUrl(URL): Navigate to 'https://epulsebeta2.com' successfully

2018-12-14 12:05:32 - [MESSAGE][PASSED] - Navigate to 'https://epulsebeta2.com' successfully

2018-12-14 12:05:32 - [TEST_STEP][PASSED] - setText(findTestObject("Login/Email Address"), User_email): Text 'alonzo.mack@knowink.com' is set on object 'Object Repository/Login/Email Address'

2018-12-14 12:05:32 - [MESSAGE][PASSED] - Text 'alonzo.mack@knowink.com' is set on object 'Object Repository/Login/Email Address'

2018-12-14 12:05:32 - [TEST_STEP][PASSED] - setEncryptedText(findTestObject("Login/Password"), Pswrd): Text ****** has been set on object 'Object Repository/Login/Password'

2018-12-14 12:05:33 - [MESSAGE][PASSED] - Text ****** has been set on object 'Object Repository/Login/Password'

2018-12-14 12:05:33 - [TEST_STEP][PASSED] - click(findTestObject("Login/Sign In")): Object: 'Object Repository/Login/Sign In' is clicked on

2018-12-14 12:05:33 - [MESSAGE][PASSED] - Object: 'Object Repository/Login/Sign In' is clicked on

2018-12-14 12:05:33 - [TEST_STEP][PASSED] - delay(1): Delayed 1 second(s)

2018-12-14 12:05:34 - [MESSAGE][PASSED] - Delayed 1 second(s)

2018-12-14 12:05:34 - [TEST_STEP][PASSED] - navigateToUrl(voter_id_methods, STOP_ON_FAILURE): Navigate to 'https://am-automation-test.epulsebeta2.com/voter_id_methods' successfully

2018-12-14 12:05:35 - [MESSAGE][PASSED] - Navigate to 'https://am-automation-test.epulsebeta2.com/voter_id_methods' successfully

2018-12-14 12:05:35 - [TEST_STEP][PASSED] - click(findTestObject("Admin Console ePulse Menu/Account Settings/ID Methods/ID Methods Page/Import")): Object: 'Object Repository/Admin Console ePulse Menu/Account Settings/ID Methods/ID Methods Page/Import' is clicked on

2018-12-14 12:05:36 - [MESSAGE][PASSED] - Object: 'Object Repository/Admin Console ePulse Menu/Account Settings/ID Methods/ID Methods Page/Import' is clicked on

2018-12-14 12:05:36 - [TEST_STEP][PASSED] - setText(findTestObject("Admin Console ePulse Menu/Account Settings/Prompts/Import Prompts Buttons/Choose File"), "/Users/alonzomack/Downloads/Automation uploads/voter_id_methods.txt"): Text '/Users/alonzomack/Downloads/Automation uploads/voter_id_methods.txt' is set on object 'Object Repository/Admin Console ePulse Menu/Account Settings/Prompts/Import Prompts Buttons/Choose File'

2018-12-14 12:05:36 - [MESSAGE][PASSED] - Text '/Users/alonzomack/Downloads/Automation uploads/voter_id_methods.txt' is set on object 'Object Repository/Admin Console ePulse Menu/Account Settings/Prompts/Import Prompts Buttons/Choose File'

2018-12-14 12:05:36 - [TEST_STEP][PASSED] - click(findTestObject("Admin Console ePulse Menu/Account Settings/Prompts/Import Prompts Buttons/Continue Button")): Object: 'Object Repository/Admin Console ePulse Menu/Account Settings/Prompts/Import Prompts Buttons/Continue Button' is clicked on

2018-12-14 12:05:36 - [MESSAGE][PASSED] - Object: 'Object Repository/Admin Console ePulse Menu/Account Settings/Prompts/Import Prompts Buttons/Continue Button' is clicked on

2018-12-14 12:05:36 - [TEST_STEP][PASSED] - delay(1): Delayed 1 second(s)

2018-12-14 12:05:37 - [MESSAGE][PASSED] - Delayed 1 second(s)

2018-12-14 12:05:37 - [TEST_STEP][PASSED] - click(findTestObject("Admin Console ePulse Menu/Account Settings/Prompts/Import Prompts Buttons/button_Done(working)")): Object: 'Object Repository/Admin Console ePulse Menu/Account Settings/Prompts/Import Prompts Buttons/button_Done(working)' is clicked on

2018-12-14 12:05:40 - [MESSAGE][PASSED] - Object: 'Object Repository/Admin Console ePulse Menu/Account Settings/Prompts/Import Prompts Buttons/button_Done(working)' is clicked on]]></system-out>
         <system-err><![CDATA[]]></system-err>
      </testcase>
      <testcase name="Test Cases/Admin Console/Account Settings/ID Methods()/ID Methods - Delete" classname="Test Cases/Admin Console/Account Settings/ID Methods()/ID Methods - Delete" status="PASSED">
         <system-out><![CDATA[2018-12-14 12:05:40 - [TEST_CASE][PASSED] - Test Cases/Admin Console/Account Settings/ID Methods()/ID Methods - Delete: Test Cases/Admin Console/Account Settings/ID Methods()/ID Methods - Delete

2018-12-14 12:05:41 - [TEST_STEP][PASSED] - openBrowser(""): Browser is opened with url: ''

2018-12-14 12:05:41 - [MESSAGE][WARNING] - A browser is already opened. Closing browser and opening a new one

2018-12-14 12:05:41 - [MESSAGE][INFO] - Starting 'Chrome' driver

2018-12-14 12:05:42 - [MESSAGE][PASSED] - Browser is opened with url: ''

2018-12-14 12:05:42 - [TEST_STEP][PASSED] - navigateToUrl(URL): Navigate to 'https://epulsebeta2.com' successfully

2018-12-14 12:05:45 - [MESSAGE][PASSED] - Navigate to 'https://epulsebeta2.com' successfully

2018-12-14 12:05:45 - [TEST_STEP][PASSED] - setText(findTestObject("Login/Email Address"), User_email): Text 'alonzo.mack@knowink.com' is set on object 'Object Repository/Login/Email Address'

2018-12-14 12:05:45 - [MESSAGE][PASSED] - Text 'alonzo.mack@knowink.com' is set on object 'Object Repository/Login/Email Address'

2018-12-14 12:05:45 - [TEST_STEP][PASSED] - setEncryptedText(findTestObject("Login/Password"), Pswrd): Text ****** has been set on object 'Object Repository/Login/Password'

2018-12-14 12:05:45 - [MESSAGE][PASSED] - Text ****** has been set on object 'Object Repository/Login/Password'

2018-12-14 12:05:45 - [TEST_STEP][PASSED] - click(findTestObject("Login/Sign In")): Object: 'Object Repository/Login/Sign In' is clicked on

2018-12-14 12:05:45 - [MESSAGE][PASSED] - Object: 'Object Repository/Login/Sign In' is clicked on

2018-12-14 12:05:45 - [TEST_STEP][PASSED] - delay(1): Delayed 1 second(s)

2018-12-14 12:05:46 - [MESSAGE][PASSED] - Delayed 1 second(s)

2018-12-14 12:05:46 - [TEST_STEP][PASSED] - navigateToUrl(voter_id_methods, STOP_ON_FAILURE): Navigate to 'https://am-automation-test.epulsebeta2.com/voter_id_methods' successfully

2018-12-14 12:05:48 - [MESSAGE][PASSED] - Navigate to 'https://am-automation-test.epulsebeta2.com/voter_id_methods' successfully

2018-12-14 12:05:48 - [TEST_STEP][PASSED] - delay(1): Delayed 1 second(s)

2018-12-14 12:05:49 - [MESSAGE][PASSED] - Delayed 1 second(s)

2018-12-14 12:05:49 - [TEST_STEP][PASSED] - click(findTestObject("Admin Console ePulse Menu/Account Settings/ID Methods/ID Methods Page/Page_Epulse  am-Automation-test/Delete Selected ID Method")): Object: 'Object Repository/Admin Console ePulse Menu/Account Settings/ID Methods/ID Methods Page/Page_Epulse  am-Automation-test/Delete Selected ID Method' is clicked on

2018-12-14 12:05:49 - [MESSAGE][PASSED] - Object: 'Object Repository/Admin Console ePulse Menu/Account Settings/ID Methods/ID Methods Page/Page_Epulse  am-Automation-test/Delete Selected ID Method' is clicked on

2018-12-14 12:05:49 - [TEST_STEP][PASSED] - delay(3): Delayed 3 second(s)

2018-12-14 12:05:52 - [MESSAGE][PASSED] - Delayed 3 second(s)

2018-12-14 12:05:52 - [TEST_STEP][PASSED] - acceptAlert(): Alert accepted

2018-12-14 12:05:52 - [MESSAGE][PASSED] - Alert accepted

2018-12-14 12:05:52 - [TEST_STEP][PASSED] - closeBrowser(): Browser is closed

2018-12-14 12:05:52 - [MESSAGE][PASSED] - Browser is closed]]></system-out>
         <system-err><![CDATA[]]></system-err>
      </testcase>
      <testcase name="Test Cases/Admin Console/Account Settings/Oaths()/Oaths - Add" classname="Test Cases/Admin Console/Account Settings/Oaths()/Oaths - Add" status="PASSED">
         <system-out><![CDATA[2018-12-14 12:05:52 - [TEST_CASE][PASSED] - Test Cases/Admin Console/Account Settings/Oaths()/Oaths - Add: Test Cases/Admin Console/Account Settings/Oaths()/Oaths - Add

2018-12-14 12:05:52 - [TEST_STEP][PASSED] - openBrowser(""): Browser is opened with url: ''

2018-12-14 12:05:52 - [MESSAGE][INFO] - Starting 'Chrome' driver

2018-12-14 12:05:53 - [MESSAGE][PASSED] - Browser is opened with url: ''

2018-12-14 12:05:53 - [TEST_STEP][PASSED] - navigateToUrl(URL): Navigate to 'https://epulsebeta2.com' successfully

2018-12-14 12:05:55 - [MESSAGE][PASSED] - Navigate to 'https://epulsebeta2.com' successfully

2018-12-14 12:05:55 - [TEST_STEP][PASSED] - setText(findTestObject("Login/Email Address"), User_email): Text 'alonzo.mack@knowink.com' is set on object 'Object Repository/Login/Email Address'

2018-12-14 12:05:55 - [MESSAGE][PASSED] - Text 'alonzo.mack@knowink.com' is set on object 'Object Repository/Login/Email Address'

2018-12-14 12:05:55 - [TEST_STEP][PASSED] - setEncryptedText(findTestObject("Login/Password"), Pswrd): Text ****** has been set on object 'Object Repository/Login/Password'

2018-12-14 12:05:55 - [MESSAGE][PASSED] - Text ****** has been set on object 'Object Repository/Login/Password'

2018-12-14 12:05:55 - [TEST_STEP][PASSED] - click(findTestObject("Login/Sign In")): Object: 'Object Repository/Login/Sign In' is clicked on

2018-12-14 12:05:56 - [MESSAGE][PASSED] - Object: 'Object Repository/Login/Sign In' is clicked on

2018-12-14 12:05:56 - [TEST_STEP][PASSED] - delay(1): Delayed 1 second(s)

2018-12-14 12:05:57 - [MESSAGE][PASSED] - Delayed 1 second(s)

2018-12-14 12:05:57 - [TEST_STEP][PASSED] - navigateToUrl(Oaths, STOP_ON_FAILURE): Navigate to 'https://am-automation-test.epulsebeta2.com/account_oaths' successfully

2018-12-14 12:05:58 - [MESSAGE][PASSED] - Navigate to 'https://am-automation-test.epulsebeta2.com/account_oaths' successfully

2018-12-14 12:05:58 - [TEST_STEP][PASSED] - delay(1): Delayed 1 second(s)

2018-12-14 12:05:59 - [MESSAGE][PASSED] - Delayed 1 second(s)

2018-12-14 12:05:59 - [TEST_STEP][PASSED] - click(findTestObject("Admin Console ePulse Menu/Account Settings/Oaths/New Oath")): Object: 'Object Repository/Admin Console ePulse Menu/Account Settings/Oaths/New Oath' is clicked on

2018-12-14 12:05:59 - [MESSAGE][PASSED] - Object: 'Object Repository/Admin Console ePulse Menu/Account Settings/Oaths/New Oath' is clicked on

2018-12-14 12:05:59 - [TEST_STEP][PASSED] - setText(findTestObject("Admin Console ePulse Menu/Account Settings/Oaths/Add_Edit Oath/Oath Name"), "ID Method"): Text 'ID Method' is set on object 'Object Repository/Admin Console ePulse Menu/Account Settings/Oaths/Add_Edit Oath/Oath Name'

2018-12-14 12:05:59 - [MESSAGE][PASSED] - Text 'ID Method' is set on object 'Object Repository/Admin Console ePulse Menu/Account Settings/Oaths/Add_Edit Oath/Oath Name'

2018-12-14 12:05:59 - [TEST_STEP][PASSED] - setText(findTestObject("Admin Console ePulse Menu/Account Settings/Oaths/Add_Edit Oath/Oath Instructions"), "Oath Instructions"): Text 'Oath Instructions' is set on object 'Object Repository/Admin Console ePulse Menu/Account Settings/Oaths/Add_Edit Oath/Oath Instructions'

2018-12-14 12:06:00 - [MESSAGE][PASSED] - Text 'Oath Instructions' is set on object 'Object Repository/Admin Console ePulse Menu/Account Settings/Oaths/Add_Edit Oath/Oath Instructions'

2018-12-14 12:06:00 - [TEST_STEP][PASSED] - setText(findTestObject("Admin Console ePulse Menu/Account Settings/Oaths/Add_Edit Oath/Customized Oath Text Area"), "Customize the oath displayed to voters"): Text 'Customize the oath displayed to voters' is set on object 'Object Repository/Admin Console ePulse Menu/Account Settings/Oaths/Add_Edit Oath/Customized Oath Text Area'

2018-12-14 12:06:00 - [MESSAGE][PASSED] - Text 'Customize the oath displayed to voters' is set on object 'Object Repository/Admin Console ePulse Menu/Account Settings/Oaths/Add_Edit Oath/Customized Oath Text Area'

2018-12-14 12:06:00 - [TEST_STEP][PASSED] - click(findTestObject("Admin Console ePulse Menu/Account Settings/Oaths/Add_Edit Oath/Oath Type Dropdown")): Object: 'Object Repository/Admin Console ePulse Menu/Account Settings/Oaths/Add_Edit Oath/Oath Type Dropdown' is clicked on

2018-12-14 12:06:00 - [MESSAGE][PASSED] - Object: 'Object Repository/Admin Console ePulse Menu/Account Settings/Oaths/Add_Edit Oath/Oath Type Dropdown' is clicked on

2018-12-14 12:06:00 - [TEST_STEP][PASSED] - click(findTestObject("Admin Console ePulse Menu/Account Settings/Oaths/Add_Edit Oath/Id Method"), STOP_ON_FAILURE): Object: 'Object Repository/Admin Console ePulse Menu/Account Settings/Oaths/Add_Edit Oath/Id Method' is clicked on

2018-12-14 12:06:00 - [MESSAGE][PASSED] - Object: 'Object Repository/Admin Console ePulse Menu/Account Settings/Oaths/Add_Edit Oath/Id Method' is clicked on

2018-12-14 12:06:00 - [TEST_STEP][PASSED] - click(findTestObject("Admin Console ePulse Menu/Account Settings/Oaths/Add_Edit Oath/Submit")): Object: 'Object Repository/Admin Console ePulse Menu/Account Settings/Oaths/Add_Edit Oath/Submit' is clicked on

2018-12-14 12:06:00 - [MESSAGE][PASSED] - Object: 'Object Repository/Admin Console ePulse Menu/Account Settings/Oaths/Add_Edit Oath/Submit' is clicked on

2018-12-14 12:06:00 - [TEST_STEP][PASSED] - delay(1, STOP_ON_FAILURE): Delayed 1 second(s)

2018-12-14 12:06:01 - [MESSAGE][PASSED] - Delayed 1 second(s)

2018-12-14 12:06:01 - [TEST_STEP][PASSED] - click(findTestObject("Admin Console ePulse Menu/Account Settings/Oaths/New Oath")): Object: 'Object Repository/Admin Console ePulse Menu/Account Settings/Oaths/New Oath' is clicked on

2018-12-14 12:06:01 - [MESSAGE][PASSED] - Object: 'Object Repository/Admin Console ePulse Menu/Account Settings/Oaths/New Oath' is clicked on

2018-12-14 12:06:01 - [TEST_STEP][PASSED] - setText(findTestObject("Admin Console ePulse Menu/Account Settings/Oaths/Add_Edit Oath/Oath Name"), "Voter Check In Signing Page"): Text 'Voter Check In Signing Page' is set on object 'Object Repository/Admin Console ePulse Menu/Account Settings/Oaths/Add_Edit Oath/Oath Name'

2018-12-14 12:06:02 - [MESSAGE][PASSED] - Text 'Voter Check In Signing Page' is set on object 'Object Repository/Admin Console ePulse Menu/Account Settings/Oaths/Add_Edit Oath/Oath Name'

2018-12-14 12:06:02 - [TEST_STEP][PASSED] - setText(findTestObject("Admin Console ePulse Menu/Account Settings/Oaths/Add_Edit Oath/Oath Instructions"), "Oath Instructions"): Text 'Oath Instructions' is set on object 'Object Repository/Admin Console ePulse Menu/Account Settings/Oaths/Add_Edit Oath/Oath Instructions'

2018-12-14 12:06:02 - [MESSAGE][PASSED] - Text 'Oath Instructions' is set on object 'Object Repository/Admin Console ePulse Menu/Account Settings/Oaths/Add_Edit Oath/Oath Instructions'

2018-12-14 12:06:02 - [TEST_STEP][PASSED] - setText(findTestObject("Admin Console ePulse Menu/Account Settings/Oaths/Add_Edit Oath/Customized Oath Text Area"), "Customize the oath displayed to voters"): Text 'Customize the oath displayed to voters' is set on object 'Object Repository/Admin Console ePulse Menu/Account Settings/Oaths/Add_Edit Oath/Customized Oath Text Area'

2018-12-14 12:06:02 - [MESSAGE][PASSED] - Text 'Customize the oath displayed to voters' is set on object 'Object Repository/Admin Console ePulse Menu/Account Settings/Oaths/Add_Edit Oath/Customized Oath Text Area'

2018-12-14 12:06:02 - [TEST_STEP][PASSED] - click(findTestObject("Admin Console ePulse Menu/Account Settings/Oaths/Add_Edit Oath/Oath Type Dropdown")): Object: 'Object Repository/Admin Console ePulse Menu/Account Settings/Oaths/Add_Edit Oath/Oath Type Dropdown' is clicked on

2018-12-14 12:06:02 - [MESSAGE][PASSED] - Object: 'Object Repository/Admin Console ePulse Menu/Account Settings/Oaths/Add_Edit Oath/Oath Type Dropdown' is clicked on

2018-12-14 12:06:02 - [TEST_STEP][PASSED] - click(findTestObject("Admin Console ePulse Menu/Account Settings/Oaths/Add_Edit Oath/Voter Check In Signing Pa"), STOP_ON_FAILURE): Object: 'Object Repository/Admin Console ePulse Menu/Account Settings/Oaths/Add_Edit Oath/Voter Check In Signing Pa' is clicked on

2018-12-14 12:06:02 - [MESSAGE][PASSED] - Object: 'Object Repository/Admin Console ePulse Menu/Account Settings/Oaths/Add_Edit Oath/Voter Check In Signing Pa' is clicked on

2018-12-14 12:06:02 - [TEST_STEP][PASSED] - click(findTestObject("Admin Console ePulse Menu/Account Settings/Oaths/Add_Edit Oath/Submit")): Object: 'Object Repository/Admin Console ePulse Menu/Account Settings/Oaths/Add_Edit Oath/Submit' is clicked on

2018-12-14 12:06:02 - [MESSAGE][PASSED] - Object: 'Object Repository/Admin Console ePulse Menu/Account Settings/Oaths/Add_Edit Oath/Submit' is clicked on

2018-12-14 12:06:02 - [TEST_STEP][PASSED] - delay(1, STOP_ON_FAILURE): Delayed 1 second(s)

2018-12-14 12:06:03 - [MESSAGE][PASSED] - Delayed 1 second(s)

2018-12-14 12:06:03 - [TEST_STEP][PASSED] - click(findTestObject("Admin Console ePulse Menu/Account Settings/Oaths/New Oath")): Object: 'Object Repository/Admin Console ePulse Menu/Account Settings/Oaths/New Oath' is clicked on

2018-12-14 12:06:03 - [MESSAGE][PASSED] - Object: 'Object Repository/Admin Console ePulse Menu/Account Settings/Oaths/New Oath' is clicked on

2018-12-14 12:06:03 - [TEST_STEP][PASSED] - setText(findTestObject("Admin Console ePulse Menu/Account Settings/Oaths/Add_Edit Oath/Oath Name"), "Allow Voter to Vote"): Text 'Allow Voter to Vote' is set on object 'Object Repository/Admin Console ePulse Menu/Account Settings/Oaths/Add_Edit Oath/Oath Name'

2018-12-14 12:06:03 - [MESSAGE][PASSED] - Text 'Allow Voter to Vote' is set on object 'Object Repository/Admin Console ePulse Menu/Account Settings/Oaths/Add_Edit Oath/Oath Name'

2018-12-14 12:06:03 - [TEST_STEP][PASSED] - setText(findTestObject("Admin Console ePulse Menu/Account Settings/Oaths/Add_Edit Oath/Oath Instructions"), "Oath Instructions"): Text 'Oath Instructions' is set on object 'Object Repository/Admin Console ePulse Menu/Account Settings/Oaths/Add_Edit Oath/Oath Instructions'

2018-12-14 12:06:04 - [MESSAGE][PASSED] - Text 'Oath Instructions' is set on object 'Object Repository/Admin Console ePulse Menu/Account Settings/Oaths/Add_Edit Oath/Oath Instructions'

2018-12-14 12:06:04 - [TEST_STEP][PASSED] - setText(findTestObject("Admin Console ePulse Menu/Account Settings/Oaths/Add_Edit Oath/Customized Oath Text Area"), "Customize the oath displayed to voters"): Text 'Customize the oath displayed to voters' is set on object 'Object Repository/Admin Console ePulse Menu/Account Settings/Oaths/Add_Edit Oath/Customized Oath Text Area'

2018-12-14 12:06:04 - [MESSAGE][PASSED] - Text 'Customize the oath displayed to voters' is set on object 'Object Repository/Admin Console ePulse Menu/Account Settings/Oaths/Add_Edit Oath/Customized Oath Text Area'

2018-12-14 12:06:04 - [TEST_STEP][PASSED] - click(findTestObject("Admin Console ePulse Menu/Account Settings/Oaths/Add_Edit Oath/Oath Type Dropdown")): Object: 'Object Repository/Admin Console ePulse Menu/Account Settings/Oaths/Add_Edit Oath/Oath Type Dropdown' is clicked on

2018-12-14 12:06:04 - [MESSAGE][PASSED] - Object: 'Object Repository/Admin Console ePulse Menu/Account Settings/Oaths/Add_Edit Oath/Oath Type Dropdown' is clicked on

2018-12-14 12:06:04 - [TEST_STEP][PASSED] - click(findTestObject("Admin Console ePulse Menu/Account Settings/Oaths/Add_Edit Oath/Allow Voter To Vote"), STOP_ON_FAILURE): Object: 'Object Repository/Admin Console ePulse Menu/Account Settings/Oaths/Add_Edit Oath/Allow Voter To Vote' is clicked on

2018-12-14 12:06:04 - [MESSAGE][PASSED] - Object: 'Object Repository/Admin Console ePulse Menu/Account Settings/Oaths/Add_Edit Oath/Allow Voter To Vote' is clicked on

2018-12-14 12:06:04 - [TEST_STEP][PASSED] - click(findTestObject("Admin Console ePulse Menu/Account Settings/Oaths/Add_Edit Oath/Submit")): Object: 'Object Repository/Admin Console ePulse Menu/Account Settings/Oaths/Add_Edit Oath/Submit' is clicked on

2018-12-14 12:06:04 - [MESSAGE][PASSED] - Object: 'Object Repository/Admin Console ePulse Menu/Account Settings/Oaths/Add_Edit Oath/Submit' is clicked on

2018-12-14 12:06:04 - [TEST_STEP][PASSED] - delay(2): Delayed 2 second(s)

2018-12-14 12:06:06 - [MESSAGE][PASSED] - Delayed 2 second(s)

2018-12-14 12:06:06 - [TEST_STEP][PASSED] - click(findTestObject("Admin Console ePulse Menu/Account Settings/Oaths/New Oath")): Object: 'Object Repository/Admin Console ePulse Menu/Account Settings/Oaths/New Oath' is clicked on

2018-12-14 12:06:06 - [MESSAGE][PASSED] - Object: 'Object Repository/Admin Console ePulse Menu/Account Settings/Oaths/New Oath' is clicked on

2018-12-14 12:06:06 - [TEST_STEP][PASSED] - setText(findTestObject("Admin Console ePulse Menu/Account Settings/Oaths/Add_Edit Oath/Oath Name"), "Voter Check In Signing Page(Provisional"): Text 'Voter Check In Signing Page(Provisional' is set on object 'Object Repository/Admin Console ePulse Menu/Account Settings/Oaths/Add_Edit Oath/Oath Name'

2018-12-14 12:06:06 - [MESSAGE][PASSED] - Text 'Voter Check In Signing Page(Provisional' is set on object 'Object Repository/Admin Console ePulse Menu/Account Settings/Oaths/Add_Edit Oath/Oath Name'

2018-12-14 12:06:06 - [TEST_STEP][PASSED] - setText(findTestObject("Admin Console ePulse Menu/Account Settings/Oaths/Add_Edit Oath/Oath Instructions"), "Oath Instructions"): Text 'Oath Instructions' is set on object 'Object Repository/Admin Console ePulse Menu/Account Settings/Oaths/Add_Edit Oath/Oath Instructions'

2018-12-14 12:06:06 - [MESSAGE][PASSED] - Text 'Oath Instructions' is set on object 'Object Repository/Admin Console ePulse Menu/Account Settings/Oaths/Add_Edit Oath/Oath Instructions'

2018-12-14 12:06:06 - [TEST_STEP][PASSED] - setText(findTestObject("Admin Console ePulse Menu/Account Settings/Oaths/Add_Edit Oath/Customized Oath Text Area"), "Customize the oath displayed to voters"): Text 'Customize the oath displayed to voters' is set on object 'Object Repository/Admin Console ePulse Menu/Account Settings/Oaths/Add_Edit Oath/Customized Oath Text Area'

2018-12-14 12:06:07 - [MESSAGE][PASSED] - Text 'Customize the oath displayed to voters' is set on object 'Object Repository/Admin Console ePulse Menu/Account Settings/Oaths/Add_Edit Oath/Customized Oath Text Area'

2018-12-14 12:06:07 - [TEST_STEP][PASSED] - click(findTestObject("Admin Console ePulse Menu/Account Settings/Oaths/Add_Edit Oath/Oath Type Dropdown")): Object: 'Object Repository/Admin Console ePulse Menu/Account Settings/Oaths/Add_Edit Oath/Oath Type Dropdown' is clicked on

2018-12-14 12:06:07 - [MESSAGE][PASSED] - Object: 'Object Repository/Admin Console ePulse Menu/Account Settings/Oaths/Add_Edit Oath/Oath Type Dropdown' is clicked on

2018-12-14 12:06:07 - [TEST_STEP][PASSED] - click(findTestObject("Admin Console ePulse Menu/Account Settings/Oaths/Add_Edit Oath/Voter Check In Signing Pa"), STOP_ON_FAILURE): Object: 'Object Repository/Admin Console ePulse Menu/Account Settings/Oaths/Add_Edit Oath/Voter Check In Signing Pa' is clicked on

2018-12-14 12:06:07 - [MESSAGE][PASSED] - Object: 'Object Repository/Admin Console ePulse Menu/Account Settings/Oaths/Add_Edit Oath/Voter Check In Signing Pa' is clicked on

2018-12-14 12:06:07 - [TEST_STEP][PASSED] - click(findTestObject("Admin Console ePulse Menu/Account Settings/Oaths/Add_Edit Oath/Submit")): Object: 'Object Repository/Admin Console ePulse Menu/Account Settings/Oaths/Add_Edit Oath/Submit' is clicked on

2018-12-14 12:06:07 - [MESSAGE][PASSED] - Object: 'Object Repository/Admin Console ePulse Menu/Account Settings/Oaths/Add_Edit Oath/Submit' is clicked on

2018-12-14 12:06:07 - [TEST_STEP][PASSED] - delay(1): Delayed 1 second(s)

2018-12-14 12:06:08 - [MESSAGE][PASSED] - Delayed 1 second(s)

2018-12-14 12:06:08 - [TEST_STEP][PASSED] - click(findTestObject("Admin Console ePulse Menu/Account Settings/Oaths/New Oath")): Object: 'Object Repository/Admin Console ePulse Menu/Account Settings/Oaths/New Oath' is clicked on

2018-12-14 12:06:08 - [MESSAGE][PASSED] - Object: 'Object Repository/Admin Console ePulse Menu/Account Settings/Oaths/New Oath' is clicked on

2018-12-14 12:06:08 - [TEST_STEP][PASSED] - setText(findTestObject("Admin Console ePulse Menu/Account Settings/Oaths/Add_Edit Oath/Oath Name"), "Similar Name Affidavit"): Text 'Similar Name Affidavit' is set on object 'Object Repository/Admin Console ePulse Menu/Account Settings/Oaths/Add_Edit Oath/Oath Name'

2018-12-14 12:06:08 - [MESSAGE][PASSED] - Text 'Similar Name Affidavit' is set on object 'Object Repository/Admin Console ePulse Menu/Account Settings/Oaths/Add_Edit Oath/Oath Name'

2018-12-14 12:06:08 - [TEST_STEP][PASSED] - setText(findTestObject("Admin Console ePulse Menu/Account Settings/Oaths/Add_Edit Oath/Oath Instructions"), "Oath Instructions"): Text 'Oath Instructions' is set on object 'Object Repository/Admin Console ePulse Menu/Account Settings/Oaths/Add_Edit Oath/Oath Instructions'

2018-12-14 12:06:08 - [MESSAGE][PASSED] - Text 'Oath Instructions' is set on object 'Object Repository/Admin Console ePulse Menu/Account Settings/Oaths/Add_Edit Oath/Oath Instructions'

2018-12-14 12:06:08 - [TEST_STEP][PASSED] - setText(findTestObject("Admin Console ePulse Menu/Account Settings/Oaths/Add_Edit Oath/Customized Oath Text Area"), "Customize the oath displayed to voters"): Text 'Customize the oath displayed to voters' is set on object 'Object Repository/Admin Console ePulse Menu/Account Settings/Oaths/Add_Edit Oath/Customized Oath Text Area'

2018-12-14 12:06:09 - [MESSAGE][PASSED] - Text 'Customize the oath displayed to voters' is set on object 'Object Repository/Admin Console ePulse Menu/Account Settings/Oaths/Add_Edit Oath/Customized Oath Text Area'

2018-12-14 12:06:09 - [TEST_STEP][PASSED] - click(findTestObject("Admin Console ePulse Menu/Account Settings/Oaths/Add_Edit Oath/Oath Type Dropdown")): Object: 'Object Repository/Admin Console ePulse Menu/Account Settings/Oaths/Add_Edit Oath/Oath Type Dropdown' is clicked on

2018-12-14 12:06:09 - [MESSAGE][PASSED] - Object: 'Object Repository/Admin Console ePulse Menu/Account Settings/Oaths/Add_Edit Oath/Oath Type Dropdown' is clicked on

2018-12-14 12:06:09 - [TEST_STEP][PASSED] - click(findTestObject("Admin Console ePulse Menu/Account Settings/Oaths/Add_Edit Oath/Similar Name Affidavit"), STOP_ON_FAILURE): Object: 'Object Repository/Admin Console ePulse Menu/Account Settings/Oaths/Add_Edit Oath/Similar Name Affidavit' is clicked on

2018-12-14 12:06:09 - [MESSAGE][PASSED] - Object: 'Object Repository/Admin Console ePulse Menu/Account Settings/Oaths/Add_Edit Oath/Similar Name Affidavit' is clicked on

2018-12-14 12:06:09 - [TEST_STEP][PASSED] - click(findTestObject("Admin Console ePulse Menu/Account Settings/Oaths/Add_Edit Oath/Submit")): Object: 'Object Repository/Admin Console ePulse Menu/Account Settings/Oaths/Add_Edit Oath/Submit' is clicked on

2018-12-14 12:06:09 - [MESSAGE][PASSED] - Object: 'Object Repository/Admin Console ePulse Menu/Account Settings/Oaths/Add_Edit Oath/Submit' is clicked on

2018-12-14 12:06:09 - [TEST_STEP][PASSED] - delay(1): Delayed 1 second(s)

2018-12-14 12:06:10 - [MESSAGE][PASSED] - Delayed 1 second(s)

2018-12-14 12:06:10 - [TEST_STEP][PASSED] - click(findTestObject("Admin Console ePulse Menu/Account Settings/Oaths/New Oath")): Object: 'Object Repository/Admin Console ePulse Menu/Account Settings/Oaths/New Oath' is clicked on

2018-12-14 12:06:10 - [MESSAGE][PASSED] - Object: 'Object Repository/Admin Console ePulse Menu/Account Settings/Oaths/New Oath' is clicked on

2018-12-14 12:06:10 - [TEST_STEP][PASSED] - setText(findTestObject("Admin Console ePulse Menu/Account Settings/Oaths/Add_Edit Oath/Oath Name"), "Reasonable Impediment Declaration"): Text 'Reasonable Impediment Declaration' is set on object 'Object Repository/Admin Console ePulse Menu/Account Settings/Oaths/Add_Edit Oath/Oath Name'

2018-12-14 12:06:10 - [MESSAGE][PASSED] - Text 'Reasonable Impediment Declaration' is set on object 'Object Repository/Admin Console ePulse Menu/Account Settings/Oaths/Add_Edit Oath/Oath Name'

2018-12-14 12:06:10 - [TEST_STEP][PASSED] - setText(findTestObject("Admin Console ePulse Menu/Account Settings/Oaths/Add_Edit Oath/Oath Instructions"), "Oath Instructions"): Text 'Oath Instructions' is set on object 'Object Repository/Admin Console ePulse Menu/Account Settings/Oaths/Add_Edit Oath/Oath Instructions'

2018-12-14 12:06:10 - [MESSAGE][PASSED] - Text 'Oath Instructions' is set on object 'Object Repository/Admin Console ePulse Menu/Account Settings/Oaths/Add_Edit Oath/Oath Instructions'

2018-12-14 12:06:10 - [TEST_STEP][PASSED] - setText(findTestObject("Admin Console ePulse Menu/Account Settings/Oaths/Add_Edit Oath/Customized Oath Text Area"), "Customize the oath displayed to voters"): Text 'Customize the oath displayed to voters' is set on object 'Object Repository/Admin Console ePulse Menu/Account Settings/Oaths/Add_Edit Oath/Customized Oath Text Area'

2018-12-14 12:06:10 - [MESSAGE][PASSED] - Text 'Customize the oath displayed to voters' is set on object 'Object Repository/Admin Console ePulse Menu/Account Settings/Oaths/Add_Edit Oath/Customized Oath Text Area'

2018-12-14 12:06:10 - [TEST_STEP][PASSED] - click(findTestObject("Admin Console ePulse Menu/Account Settings/Oaths/Add_Edit Oath/Oath Type Dropdown")): Object: 'Object Repository/Admin Console ePulse Menu/Account Settings/Oaths/Add_Edit Oath/Oath Type Dropdown' is clicked on

2018-12-14 12:06:10 - [MESSAGE][PASSED] - Object: 'Object Repository/Admin Console ePulse Menu/Account Settings/Oaths/Add_Edit Oath/Oath Type Dropdown' is clicked on

2018-12-14 12:06:10 - [TEST_STEP][PASSED] - click(findTestObject("Admin Console ePulse Menu/Account Settings/Oaths/Add_Edit Oath/Reasonable Impediment Decla"), STOP_ON_FAILURE): Object: 'Object Repository/Admin Console ePulse Menu/Account Settings/Oaths/Add_Edit Oath/Reasonable Impediment Decla' is clicked on

2018-12-14 12:06:11 - [MESSAGE][PASSED] - Object: 'Object Repository/Admin Console ePulse Menu/Account Settings/Oaths/Add_Edit Oath/Reasonable Impediment Decla' is clicked on

2018-12-14 12:06:11 - [TEST_STEP][PASSED] - click(findTestObject("Admin Console ePulse Menu/Account Settings/Oaths/Add_Edit Oath/Submit")): Object: 'Object Repository/Admin Console ePulse Menu/Account Settings/Oaths/Add_Edit Oath/Submit' is clicked on

2018-12-14 12:06:11 - [MESSAGE][PASSED] - Object: 'Object Repository/Admin Console ePulse Menu/Account Settings/Oaths/Add_Edit Oath/Submit' is clicked on

2018-12-14 12:06:11 - [TEST_STEP][PASSED] - takeScreenshot(): Taking screenshot successfully

2018-12-14 12:06:11 - [MESSAGE][PASSED] - Taking screenshot successfully
[[ATTACHMENT|/Users/alonzomack/Katalon Studio/Regression/Reports/dev_staging ready/20181214_115627/1544810771100.png]]

2018-12-14 12:06:11 - [TEST_STEP][PASSED] - closeBrowser(): Browser is closed

2018-12-14 12:06:11 - [MESSAGE][PASSED] - Browser is closed]]></system-out>
         <system-err><![CDATA[]]></system-err>
      </testcase>
      <testcase name="Test Cases/Admin Console/Account Settings/Oaths()/Oaths - Filter - Type" classname="Test Cases/Admin Console/Account Settings/Oaths()/Oaths - Filter - Type" status="PASSED">
         <system-out><![CDATA[2018-12-14 12:06:11 - [TEST_CASE][PASSED] - Test Cases/Admin Console/Account Settings/Oaths()/Oaths - Filter - Type: Test Cases/Admin Console/Account Settings/Oaths()/Oaths - Filter - Type

2018-12-14 12:06:11 - [TEST_STEP][PASSED] - openBrowser(""): Browser is opened with url: ''

2018-12-14 12:06:11 - [MESSAGE][INFO] - Starting 'Chrome' driver

2018-12-14 12:06:12 - [MESSAGE][PASSED] - Browser is opened with url: ''

2018-12-14 12:06:12 - [TEST_STEP][PASSED] - navigateToUrl(URL): Navigate to 'https://epulsebeta2.com' successfully

2018-12-14 12:06:14 - [MESSAGE][PASSED] - Navigate to 'https://epulsebeta2.com' successfully

2018-12-14 12:06:14 - [TEST_STEP][PASSED] - setText(findTestObject("Login/Email Address"), User_email): Text 'alonzo.mack@knowink.com' is set on object 'Object Repository/Login/Email Address'

2018-12-14 12:06:14 - [MESSAGE][PASSED] - Text 'alonzo.mack@knowink.com' is set on object 'Object Repository/Login/Email Address'

2018-12-14 12:06:14 - [TEST_STEP][PASSED] - setEncryptedText(findTestObject("Login/Password"), Pswrd): Text ****** has been set on object 'Object Repository/Login/Password'

2018-12-14 12:06:14 - [MESSAGE][PASSED] - Text ****** has been set on object 'Object Repository/Login/Password'

2018-12-14 12:06:14 - [TEST_STEP][PASSED] - click(findTestObject("Login/Sign In")): Object: 'Object Repository/Login/Sign In' is clicked on

2018-12-14 12:06:15 - [MESSAGE][PASSED] - Object: 'Object Repository/Login/Sign In' is clicked on

2018-12-14 12:06:15 - [TEST_STEP][PASSED] - delay(1): Delayed 1 second(s)

2018-12-14 12:06:16 - [MESSAGE][PASSED] - Delayed 1 second(s)

2018-12-14 12:06:16 - [TEST_STEP][PASSED] - navigateToUrl(Oaths, STOP_ON_FAILURE): Navigate to 'https://am-automation-test.epulsebeta2.com/account_oaths' successfully

2018-12-14 12:06:17 - [MESSAGE][PASSED] - Navigate to 'https://am-automation-test.epulsebeta2.com/account_oaths' successfully

2018-12-14 12:06:17 - [TEST_STEP][PASSED] - delay(1): Delayed 1 second(s)

2018-12-14 12:06:18 - [MESSAGE][PASSED] - Delayed 1 second(s)

2018-12-14 12:06:18 - [TEST_STEP][PASSED] - click(findTestObject("Admin Console ePulse Menu/Account Settings/Oaths/TEMP/TEMP Type Filter/Filter Oath Types/Filter Type Dropdown")): Object: 'Object Repository/Admin Console ePulse Menu/Account Settings/Oaths/TEMP/TEMP Type Filter/Filter Oath Types/Filter Type Dropdown' is clicked on

2018-12-14 12:06:18 - [MESSAGE][PASSED] - Object: 'Object Repository/Admin Console ePulse Menu/Account Settings/Oaths/TEMP/TEMP Type Filter/Filter Oath Types/Filter Type Dropdown' is clicked on

2018-12-14 12:06:18 - [TEST_STEP][PASSED] - delay(1): Delayed 1 second(s)

2018-12-14 12:06:19 - [MESSAGE][PASSED] - Delayed 1 second(s)

2018-12-14 12:06:19 - [TEST_STEP][PASSED] - click(findTestObject("Admin Console ePulse Menu/Account Settings/Oaths/TEMP/TEMP Type Filter/Filter Oath Types/Apply Type Filters")): Object: 'Object Repository/Admin Console ePulse Menu/Account Settings/Oaths/TEMP/TEMP Type Filter/Filter Oath Types/Apply Type Filters' is clicked on

2018-12-14 12:06:19 - [MESSAGE][PASSED] - Object: 'Object Repository/Admin Console ePulse Menu/Account Settings/Oaths/TEMP/TEMP Type Filter/Filter Oath Types/Apply Type Filters' is clicked on

2018-12-14 12:06:19 - [TEST_STEP][PASSED] - delay(1): Delayed 1 second(s)

2018-12-14 12:06:20 - [MESSAGE][PASSED] - Delayed 1 second(s)

2018-12-14 12:06:20 - [TEST_STEP][PASSED] - click(findTestObject("Admin Console ePulse Menu/Account Settings/Oaths/TEMP/TEMP Type Filter/Filter Oath Types/Remove Filter Type ALL")): Object: 'Object Repository/Admin Console ePulse Menu/Account Settings/Oaths/TEMP/TEMP Type Filter/Filter Oath Types/Remove Filter Type ALL' is clicked on

2018-12-14 12:06:20 - [MESSAGE][PASSED] - Object: 'Object Repository/Admin Console ePulse Menu/Account Settings/Oaths/TEMP/TEMP Type Filter/Filter Oath Types/Remove Filter Type ALL' is clicked on

2018-12-14 12:06:20 - [TEST_STEP][PASSED] - delay(1): Delayed 1 second(s)

2018-12-14 12:06:21 - [MESSAGE][PASSED] - Delayed 1 second(s)

2018-12-14 12:06:21 - [TEST_STEP][PASSED] - click(findTestObject("Admin Console ePulse Menu/Account Settings/Oaths/TEMP/TEMP Type Filter/Filter Oath Types/Filter Type Dropdown")): Object: 'Object Repository/Admin Console ePulse Menu/Account Settings/Oaths/TEMP/TEMP Type Filter/Filter Oath Types/Filter Type Dropdown' is clicked on

2018-12-14 12:06:21 - [MESSAGE][PASSED] - Object: 'Object Repository/Admin Console ePulse Menu/Account Settings/Oaths/TEMP/TEMP Type Filter/Filter Oath Types/Filter Type Dropdown' is clicked on

2018-12-14 12:06:21 - [TEST_STEP][PASSED] - delay(1): Delayed 1 second(s)

2018-12-14 12:06:22 - [MESSAGE][PASSED] - Delayed 1 second(s)

2018-12-14 12:06:22 - [TEST_STEP][PASSED] - click(findTestObject("Admin Console ePulse Menu/Account Settings/Oaths/TEMP/TEMP Type Filter/Filter Oath Types/Filter Dropdown Options")): Object: 'Object Repository/Admin Console ePulse Menu/Account Settings/Oaths/TEMP/TEMP Type Filter/Filter Oath Types/Filter Dropdown Options' is clicked on

2018-12-14 12:06:22 - [MESSAGE][PASSED] - Object: 'Object Repository/Admin Console ePulse Menu/Account Settings/Oaths/TEMP/TEMP Type Filter/Filter Oath Types/Filter Dropdown Options' is clicked on

2018-12-14 12:06:22 - [TEST_STEP][PASSED] - delay(1): Delayed 1 second(s)

2018-12-14 12:06:23 - [MESSAGE][PASSED] - Delayed 1 second(s)

2018-12-14 12:06:23 - [TEST_STEP][PASSED] - click(findTestObject("Admin Console ePulse Menu/Account Settings/Oaths/TEMP/TEMP Type Filter/Filter Oath Types/Select Id Method")): Object: 'Object Repository/Admin Console ePulse Menu/Account Settings/Oaths/TEMP/TEMP Type Filter/Filter Oath Types/Select Id Method' is clicked on

2018-12-14 12:06:23 - [MESSAGE][PASSED] - Object: 'Object Repository/Admin Console ePulse Menu/Account Settings/Oaths/TEMP/TEMP Type Filter/Filter Oath Types/Select Id Method' is clicked on

2018-12-14 12:06:23 - [TEST_STEP][PASSED] - delay(1): Delayed 1 second(s)

2018-12-14 12:06:24 - [MESSAGE][PASSED] - Delayed 1 second(s)

2018-12-14 12:06:24 - [TEST_STEP][PASSED] - click(findTestObject("Admin Console ePulse Menu/Account Settings/Oaths/TEMP/TEMP Type Filter/Filter Oath Types/Apply Type Filters")): Object: 'Object Repository/Admin Console ePulse Menu/Account Settings/Oaths/TEMP/TEMP Type Filter/Filter Oath Types/Apply Type Filters' is clicked on

2018-12-14 12:06:24 - [MESSAGE][PASSED] - Object: 'Object Repository/Admin Console ePulse Menu/Account Settings/Oaths/TEMP/TEMP Type Filter/Filter Oath Types/Apply Type Filters' is clicked on

2018-12-14 12:06:24 - [TEST_STEP][PASSED] - delay(1): Delayed 1 second(s)

2018-12-14 12:06:25 - [MESSAGE][PASSED] - Delayed 1 second(s)

2018-12-14 12:06:25 - [TEST_STEP][PASSED] - click(findTestObject("Admin Console ePulse Menu/Account Settings/Oaths/TEMP/TEMP Type Filter/Filter Oath Types/Type Dropdown")): Object: 'Object Repository/Admin Console ePulse Menu/Account Settings/Oaths/TEMP/TEMP Type Filter/Filter Oath Types/Type Dropdown' is clicked on

2018-12-14 12:06:25 - [MESSAGE][PASSED] - Object: 'Object Repository/Admin Console ePulse Menu/Account Settings/Oaths/TEMP/TEMP Type Filter/Filter Oath Types/Type Dropdown' is clicked on

2018-12-14 12:06:25 - [TEST_STEP][PASSED] - delay(1): Delayed 1 second(s)

2018-12-14 12:06:26 - [MESSAGE][PASSED] - Delayed 1 second(s)

2018-12-14 12:06:26 - [TEST_STEP][PASSED] - click(findTestObject("Admin Console ePulse Menu/Account Settings/Oaths/TEMP/TEMP Type Filter/Filter Oath Types/Filter Type Dropdown")): Object: 'Object Repository/Admin Console ePulse Menu/Account Settings/Oaths/TEMP/TEMP Type Filter/Filter Oath Types/Filter Type Dropdown' is clicked on

2018-12-14 12:06:26 - [MESSAGE][PASSED] - Object: 'Object Repository/Admin Console ePulse Menu/Account Settings/Oaths/TEMP/TEMP Type Filter/Filter Oath Types/Filter Type Dropdown' is clicked on

2018-12-14 12:06:26 - [TEST_STEP][PASSED] - delay(1): Delayed 1 second(s)

2018-12-14 12:06:27 - [MESSAGE][PASSED] - Delayed 1 second(s)

2018-12-14 12:06:27 - [TEST_STEP][PASSED] - click(findTestObject("Admin Console ePulse Menu/Account Settings/Oaths/TEMP/TEMP Type Filter/Filter Oath Types/a_Id Method")): Object: 'Object Repository/Admin Console ePulse Menu/Account Settings/Oaths/TEMP/TEMP Type Filter/Filter Oath Types/a_Id Method' is clicked on

2018-12-14 12:06:27 - [MESSAGE][PASSED] - Object: 'Object Repository/Admin Console ePulse Menu/Account Settings/Oaths/TEMP/TEMP Type Filter/Filter Oath Types/a_Id Method' is clicked on

2018-12-14 12:06:27 - [TEST_STEP][PASSED] - delay(1): Delayed 1 second(s)

2018-12-14 12:06:28 - [MESSAGE][PASSED] - Delayed 1 second(s)

2018-12-14 12:06:28 - [TEST_STEP][PASSED] - click(findTestObject("Admin Console ePulse Menu/Account Settings/Oaths/TEMP/TEMP Type Filter/Filter Oath Types/li_Allow Voter To Vote")): Object: 'Object Repository/Admin Console ePulse Menu/Account Settings/Oaths/TEMP/TEMP Type Filter/Filter Oath Types/li_Allow Voter To Vote' is clicked on

2018-12-14 12:06:28 - [MESSAGE][PASSED] - Object: 'Object Repository/Admin Console ePulse Menu/Account Settings/Oaths/TEMP/TEMP Type Filter/Filter Oath Types/li_Allow Voter To Vote' is clicked on

2018-12-14 12:06:28 - [TEST_STEP][PASSED] - delay(1): Delayed 1 second(s)

2018-12-14 12:06:29 - [MESSAGE][PASSED] - Delayed 1 second(s)

2018-12-14 12:06:29 - [TEST_STEP][PASSED] - click(findTestObject("Admin Console ePulse Menu/Account Settings/Oaths/TEMP/TEMP Type Filter/Filter Oath Types/Apply Type Filters")): Object: 'Object Repository/Admin Console ePulse Menu/Account Settings/Oaths/TEMP/TEMP Type Filter/Filter Oath Types/Apply Type Filters' is clicked on

2018-12-14 12:06:29 - [MESSAGE][PASSED] - Object: 'Object Repository/Admin Console ePulse Menu/Account Settings/Oaths/TEMP/TEMP Type Filter/Filter Oath Types/Apply Type Filters' is clicked on

2018-12-14 12:06:29 - [TEST_STEP][PASSED] - delay(1): Delayed 1 second(s)

2018-12-14 12:06:30 - [MESSAGE][PASSED] - Delayed 1 second(s)

2018-12-14 12:06:30 - [TEST_STEP][PASSED] - click(findTestObject("Admin Console ePulse Menu/Account Settings/Oaths/TEMP/TEMP Type Filter/Filter Oath Types/span_Type Allow Voter To Vote_")): Object: 'Object Repository/Admin Console ePulse Menu/Account Settings/Oaths/TEMP/TEMP Type Filter/Filter Oath Types/span_Type Allow Voter To Vote_' is clicked on

2018-12-14 12:06:30 - [MESSAGE][PASSED] - Object: 'Object Repository/Admin Console ePulse Menu/Account Settings/Oaths/TEMP/TEMP Type Filter/Filter Oath Types/span_Type Allow Voter To Vote_' is clicked on

2018-12-14 12:06:30 - [TEST_STEP][PASSED] - delay(1): Delayed 1 second(s)

2018-12-14 12:06:31 - [MESSAGE][PASSED] - Delayed 1 second(s)

2018-12-14 12:06:31 - [TEST_STEP][PASSED] - click(findTestObject("Admin Console ePulse Menu/Account Settings/Oaths/TEMP/TEMP Type Filter/Filter Oath Types/Filter Type Dropdown")): Object: 'Object Repository/Admin Console ePulse Menu/Account Settings/Oaths/TEMP/TEMP Type Filter/Filter Oath Types/Filter Type Dropdown' is clicked on

2018-12-14 12:06:32 - [MESSAGE][PASSED] - Object: 'Object Repository/Admin Console ePulse Menu/Account Settings/Oaths/TEMP/TEMP Type Filter/Filter Oath Types/Filter Type Dropdown' is clicked on

2018-12-14 12:06:32 - [TEST_STEP][PASSED] - delay(1): Delayed 1 second(s)

2018-12-14 12:06:33 - [MESSAGE][PASSED] - Delayed 1 second(s)

2018-12-14 12:06:33 - [TEST_STEP][PASSED] - click(findTestObject("Admin Console ePulse Menu/Account Settings/Oaths/TEMP/TEMP Type Filter/Filter Oath Types/a_Allow Voter To Vote")): Object: 'Object Repository/Admin Console ePulse Menu/Account Settings/Oaths/TEMP/TEMP Type Filter/Filter Oath Types/a_Allow Voter To Vote' is clicked on

2018-12-14 12:06:33 - [MESSAGE][PASSED] - Object: 'Object Repository/Admin Console ePulse Menu/Account Settings/Oaths/TEMP/TEMP Type Filter/Filter Oath Types/a_Allow Voter To Vote' is clicked on

2018-12-14 12:06:33 - [TEST_STEP][PASSED] - delay(1): Delayed 1 second(s)

2018-12-14 12:06:34 - [MESSAGE][PASSED] - Delayed 1 second(s)

2018-12-14 12:06:34 - [TEST_STEP][PASSED] - click(findTestObject("Admin Console ePulse Menu/Account Settings/Oaths/TEMP/TEMP Type Filter/Filter Oath Types/li_Similar Name Affidavit")): Object: 'Object Repository/Admin Console ePulse Menu/Account Settings/Oaths/TEMP/TEMP Type Filter/Filter Oath Types/li_Similar Name Affidavit' is clicked on

2018-12-14 12:06:34 - [MESSAGE][PASSED] - Object: 'Object Repository/Admin Console ePulse Menu/Account Settings/Oaths/TEMP/TEMP Type Filter/Filter Oath Types/li_Similar Name Affidavit' is clicked on

2018-12-14 12:06:34 - [TEST_STEP][PASSED] - delay(1): Delayed 1 second(s)

2018-12-14 12:06:35 - [MESSAGE][PASSED] - Delayed 1 second(s)

2018-12-14 12:06:35 - [TEST_STEP][PASSED] - click(findTestObject("Admin Console ePulse Menu/Account Settings/Oaths/TEMP/TEMP Type Filter/Filter Oath Types/Apply Type Filters")): Object: 'Object Repository/Admin Console ePulse Menu/Account Settings/Oaths/TEMP/TEMP Type Filter/Filter Oath Types/Apply Type Filters' is clicked on

2018-12-14 12:06:35 - [MESSAGE][PASSED] - Object: 'Object Repository/Admin Console ePulse Menu/Account Settings/Oaths/TEMP/TEMP Type Filter/Filter Oath Types/Apply Type Filters' is clicked on

2018-12-14 12:06:35 - [TEST_STEP][PASSED] - delay(1): Delayed 1 second(s)

2018-12-14 12:06:36 - [MESSAGE][PASSED] - Delayed 1 second(s)

2018-12-14 12:06:36 - [TEST_STEP][PASSED] - click(findTestObject("Admin Console ePulse Menu/Account Settings/Oaths/TEMP/TEMP Type Filter/Filter Oath Types/Remove Filter Similar Name Affidav")): Object: 'Object Repository/Admin Console ePulse Menu/Account Settings/Oaths/TEMP/TEMP Type Filter/Filter Oath Types/Remove Filter Similar Name Affidav' is clicked on

2018-12-14 12:06:36 - [MESSAGE][PASSED] - Object: 'Object Repository/Admin Console ePulse Menu/Account Settings/Oaths/TEMP/TEMP Type Filter/Filter Oath Types/Remove Filter Similar Name Affidav' is clicked on

2018-12-14 12:06:36 - [TEST_STEP][PASSED] - delay(1): Delayed 1 second(s)

2018-12-14 12:06:37 - [MESSAGE][PASSED] - Delayed 1 second(s)

2018-12-14 12:06:37 - [TEST_STEP][PASSED] - click(findTestObject("Admin Console ePulse Menu/Account Settings/Oaths/TEMP/TEMP Type Filter/Filter Oath Types/Filter Type Dropdown")): Object: 'Object Repository/Admin Console ePulse Menu/Account Settings/Oaths/TEMP/TEMP Type Filter/Filter Oath Types/Filter Type Dropdown' is clicked on

2018-12-14 12:06:37 - [MESSAGE][PASSED] - Object: 'Object Repository/Admin Console ePulse Menu/Account Settings/Oaths/TEMP/TEMP Type Filter/Filter Oath Types/Filter Type Dropdown' is clicked on

2018-12-14 12:06:37 - [TEST_STEP][PASSED] - delay(1): Delayed 1 second(s)

2018-12-14 12:06:38 - [MESSAGE][PASSED] - Delayed 1 second(s)

2018-12-14 12:06:38 - [TEST_STEP][PASSED] - click(findTestObject("Admin Console ePulse Menu/Account Settings/Oaths/TEMP/TEMP Type Filter/Filter Oath Types/a_Similar Name Affidavit")): Object: 'Object Repository/Admin Console ePulse Menu/Account Settings/Oaths/TEMP/TEMP Type Filter/Filter Oath Types/a_Similar Name Affidavit' is clicked on

2018-12-14 12:06:38 - [MESSAGE][PASSED] - Object: 'Object Repository/Admin Console ePulse Menu/Account Settings/Oaths/TEMP/TEMP Type Filter/Filter Oath Types/a_Similar Name Affidavit' is clicked on

2018-12-14 12:06:38 - [TEST_STEP][PASSED] - delay(1): Delayed 1 second(s)

2018-12-14 12:06:39 - [MESSAGE][PASSED] - Delayed 1 second(s)

2018-12-14 12:06:39 - [TEST_STEP][PASSED] - click(findTestObject("Admin Console ePulse Menu/Account Settings/Oaths/TEMP/TEMP Type Filter/Filter Oath Types/li_Reasonable Impediment Decla")): Object: 'Object Repository/Admin Console ePulse Menu/Account Settings/Oaths/TEMP/TEMP Type Filter/Filter Oath Types/li_Reasonable Impediment Decla' is clicked on

2018-12-14 12:06:39 - [MESSAGE][PASSED] - Object: 'Object Repository/Admin Console ePulse Menu/Account Settings/Oaths/TEMP/TEMP Type Filter/Filter Oath Types/li_Reasonable Impediment Decla' is clicked on

2018-12-14 12:06:39 - [TEST_STEP][PASSED] - delay(1): Delayed 1 second(s)

2018-12-14 12:06:40 - [MESSAGE][PASSED] - Delayed 1 second(s)

2018-12-14 12:06:40 - [TEST_STEP][PASSED] - click(findTestObject("Admin Console ePulse Menu/Account Settings/Oaths/TEMP/TEMP Type Filter/Filter Oath Types/Apply Type Filters")): Object: 'Object Repository/Admin Console ePulse Menu/Account Settings/Oaths/TEMP/TEMP Type Filter/Filter Oath Types/Apply Type Filters' is clicked on

2018-12-14 12:06:40 - [MESSAGE][PASSED] - Object: 'Object Repository/Admin Console ePulse Menu/Account Settings/Oaths/TEMP/TEMP Type Filter/Filter Oath Types/Apply Type Filters' is clicked on

2018-12-14 12:06:40 - [TEST_STEP][PASSED] - delay(1): Delayed 1 second(s)

2018-12-14 12:06:41 - [MESSAGE][PASSED] - Delayed 1 second(s)

2018-12-14 12:06:41 - [TEST_STEP][PASSED] - click(findTestObject("Admin Console ePulse Menu/Account Settings/Oaths/TEMP/TEMP Type Filter/Filter Oath Types/Remove Filter Reasonable Impediment")): Object: 'Object Repository/Admin Console ePulse Menu/Account Settings/Oaths/TEMP/TEMP Type Filter/Filter Oath Types/Remove Filter Reasonable Impediment' is clicked on

2018-12-14 12:06:41 - [MESSAGE][PASSED] - Object: 'Object Repository/Admin Console ePulse Menu/Account Settings/Oaths/TEMP/TEMP Type Filter/Filter Oath Types/Remove Filter Reasonable Impediment' is clicked on

2018-12-14 12:06:41 - [TEST_STEP][PASSED] - delay(1): Delayed 1 second(s)

2018-12-14 12:06:42 - [MESSAGE][PASSED] - Delayed 1 second(s)]]></system-out>
         <system-err><![CDATA[]]></system-err>
      </testcase>
      <testcase name="Test Cases/Admin Console/Account Settings/Oaths()/Oaths - Filter - Status" classname="Test Cases/Admin Console/Account Settings/Oaths()/Oaths - Filter - Status" status="PASSED">
         <system-out><![CDATA[2018-12-14 12:06:42 - [TEST_CASE][PASSED] - Test Cases/Admin Console/Account Settings/Oaths()/Oaths - Filter - Status: Test Cases/Admin Console/Account Settings/Oaths()/Oaths - Filter - Status

2018-12-14 12:06:42 - [TEST_STEP][PASSED] - openBrowser(""): Browser is opened with url: ''

2018-12-14 12:06:42 - [MESSAGE][WARNING] - A browser is already opened. Closing browser and opening a new one

2018-12-14 12:06:42 - [MESSAGE][INFO] - Starting 'Chrome' driver

2018-12-14 12:06:43 - [MESSAGE][PASSED] - Browser is opened with url: ''

2018-12-14 12:06:43 - [TEST_STEP][PASSED] - navigateToUrl(URL): Navigate to 'https://epulsebeta2.com' successfully

2018-12-14 12:06:45 - [MESSAGE][PASSED] - Navigate to 'https://epulsebeta2.com' successfully

2018-12-14 12:06:45 - [TEST_STEP][PASSED] - setText(findTestObject("Login/Email Address"), User_email): Text 'alonzo.mack@knowink.com' is set on object 'Object Repository/Login/Email Address'

2018-12-14 12:06:45 - [MESSAGE][PASSED] - Text 'alonzo.mack@knowink.com' is set on object 'Object Repository/Login/Email Address'

2018-12-14 12:06:45 - [TEST_STEP][PASSED] - setEncryptedText(findTestObject("Login/Password"), Pswrd): Text ****** has been set on object 'Object Repository/Login/Password'

2018-12-14 12:06:45 - [MESSAGE][PASSED] - Text ****** has been set on object 'Object Repository/Login/Password'

2018-12-14 12:06:45 - [TEST_STEP][PASSED] - click(findTestObject("Login/Sign In")): Object: 'Object Repository/Login/Sign In' is clicked on

2018-12-14 12:06:46 - [MESSAGE][PASSED] - Object: 'Object Repository/Login/Sign In' is clicked on

2018-12-14 12:06:46 - [TEST_STEP][PASSED] - delay(1): Delayed 1 second(s)

2018-12-14 12:06:47 - [MESSAGE][PASSED] - Delayed 1 second(s)

2018-12-14 12:06:47 - [TEST_STEP][PASSED] - navigateToUrl(Oaths, STOP_ON_FAILURE): Navigate to 'https://am-automation-test.epulsebeta2.com/account_oaths' successfully

2018-12-14 12:06:48 - [MESSAGE][PASSED] - Navigate to 'https://am-automation-test.epulsebeta2.com/account_oaths' successfully

2018-12-14 12:06:48 - [TEST_STEP][PASSED] - delay(1): Delayed 1 second(s)

2018-12-14 12:06:49 - [MESSAGE][PASSED] - Delayed 1 second(s)

2018-12-14 12:06:49 - [TEST_STEP][PASSED] - click(findTestObject("Admin Console ePulse Menu/Account Settings/Oaths/TEMP/Page_Epulse  am-Automation-test/Status Filter")): Object: 'Object Repository/Admin Console ePulse Menu/Account Settings/Oaths/TEMP/Page_Epulse  am-Automation-test/Status Filter' is clicked on

2018-12-14 12:06:49 - [MESSAGE][PASSED] - Object: 'Object Repository/Admin Console ePulse Menu/Account Settings/Oaths/TEMP/Page_Epulse  am-Automation-test/Status Filter' is clicked on

2018-12-14 12:06:49 - [TEST_STEP][PASSED] - delay(1): Delayed 1 second(s)

2018-12-14 12:06:50 - [MESSAGE][PASSED] - Delayed 1 second(s)

2018-12-14 12:06:50 - [TEST_STEP][PASSED] - click(findTestObject("Admin Console ePulse Menu/Account Settings/Oaths/TEMP/Page_Epulse  am-Automation-test/Apply Status Filters")): Object: 'Object Repository/Admin Console ePulse Menu/Account Settings/Oaths/TEMP/Page_Epulse  am-Automation-test/Apply Status Filters' is clicked on

2018-12-14 12:06:50 - [MESSAGE][PASSED] - Object: 'Object Repository/Admin Console ePulse Menu/Account Settings/Oaths/TEMP/Page_Epulse  am-Automation-test/Apply Status Filters' is clicked on

2018-12-14 12:06:50 - [TEST_STEP][PASSED] - delay(1): Delayed 1 second(s)

2018-12-14 12:06:51 - [MESSAGE][PASSED] - Delayed 1 second(s)

2018-12-14 12:06:51 - [TEST_STEP][PASSED] - click(findTestObject("Admin Console ePulse Menu/Account Settings/Oaths/TEMP/Page_Epulse  am-Automation-test/Close Current Status Filter")): Object: 'Object Repository/Admin Console ePulse Menu/Account Settings/Oaths/TEMP/Page_Epulse  am-Automation-test/Close Current Status Filter' is clicked on

2018-12-14 12:06:51 - [MESSAGE][PASSED] - Object: 'Object Repository/Admin Console ePulse Menu/Account Settings/Oaths/TEMP/Page_Epulse  am-Automation-test/Close Current Status Filter' is clicked on

2018-12-14 12:06:51 - [TEST_STEP][PASSED] - click(findTestObject("Admin Console ePulse Menu/Account Settings/Oaths/TEMP/Page_Epulse  am-Automation-test/Status Filter")): Object: 'Object Repository/Admin Console ePulse Menu/Account Settings/Oaths/TEMP/Page_Epulse  am-Automation-test/Status Filter' is clicked on

2018-12-14 12:06:51 - [MESSAGE][PASSED] - Object: 'Object Repository/Admin Console ePulse Menu/Account Settings/Oaths/TEMP/Page_Epulse  am-Automation-test/Status Filter' is clicked on

2018-12-14 12:06:51 - [TEST_STEP][PASSED] - selectOptionByValue(findTestObject("Admin Console ePulse Menu/Account Settings/Oaths/TEMP/Page_Epulse  am-Automation-test/Status Filter Dropdown"), "archived", true): All options with value 'archived' are selected in object 'Object Repository/Admin Console ePulse Menu/Account Settings/Oaths/TEMP/Page_Epulse  am-Automation-test/Status Filter Dropdown'  using regular expression

2018-12-14 12:06:51 - [MESSAGE][PASSED] - All options with value 'archived' are selected in object 'Object Repository/Admin Console ePulse Menu/Account Settings/Oaths/TEMP/Page_Epulse  am-Automation-test/Status Filter Dropdown'  using regular expression

2018-12-14 12:06:51 - [TEST_STEP][PASSED] - click(findTestObject("Admin Console ePulse Menu/Account Settings/Oaths/TEMP/Page_Epulse  am-Automation-test/Apply Status Filters")): Object: 'Object Repository/Admin Console ePulse Menu/Account Settings/Oaths/TEMP/Page_Epulse  am-Automation-test/Apply Status Filters' is clicked on

2018-12-14 12:06:51 - [MESSAGE][PASSED] - Object: 'Object Repository/Admin Console ePulse Menu/Account Settings/Oaths/TEMP/Page_Epulse  am-Automation-test/Apply Status Filters' is clicked on

2018-12-14 12:06:51 - [TEST_STEP][PASSED] - delay(1): Delayed 1 second(s)

2018-12-14 12:06:52 - [MESSAGE][PASSED] - Delayed 1 second(s)

2018-12-14 12:06:52 - [TEST_STEP][PASSED] - click(findTestObject("Admin Console ePulse Menu/Account Settings/Oaths/TEMP/Page_Epulse  am-Automation-test/Close Archived Status Filter")): Object: 'Object Repository/Admin Console ePulse Menu/Account Settings/Oaths/TEMP/Page_Epulse  am-Automation-test/Close Archived Status Filter' is clicked on

2018-12-14 12:06:53 - [MESSAGE][PASSED] - Object: 'Object Repository/Admin Console ePulse Menu/Account Settings/Oaths/TEMP/Page_Epulse  am-Automation-test/Close Archived Status Filter' is clicked on

2018-12-14 12:06:53 - [TEST_STEP][PASSED] - click(findTestObject("Admin Console ePulse Menu/Account Settings/Oaths/TEMP/Page_Epulse  am-Automation-test/Status Filter")): Object: 'Object Repository/Admin Console ePulse Menu/Account Settings/Oaths/TEMP/Page_Epulse  am-Automation-test/Status Filter' is clicked on

2018-12-14 12:06:53 - [MESSAGE][PASSED] - Object: 'Object Repository/Admin Console ePulse Menu/Account Settings/Oaths/TEMP/Page_Epulse  am-Automation-test/Status Filter' is clicked on

2018-12-14 12:06:53 - [TEST_STEP][PASSED] - selectOptionByValue(findTestObject("Admin Console ePulse Menu/Account Settings/Oaths/TEMP/Page_Epulse  am-Automation-test/Status Filter Dropdown"), "both", true): All options with value 'both' are selected in object 'Object Repository/Admin Console ePulse Menu/Account Settings/Oaths/TEMP/Page_Epulse  am-Automation-test/Status Filter Dropdown'  using regular expression

2018-12-14 12:06:53 - [MESSAGE][PASSED] - All options with value 'both' are selected in object 'Object Repository/Admin Console ePulse Menu/Account Settings/Oaths/TEMP/Page_Epulse  am-Automation-test/Status Filter Dropdown'  using regular expression

2018-12-14 12:06:53 - [TEST_STEP][PASSED] - click(findTestObject("Admin Console ePulse Menu/Account Settings/Oaths/TEMP/Page_Epulse  am-Automation-test/Apply Status Filters")): Object: 'Object Repository/Admin Console ePulse Menu/Account Settings/Oaths/TEMP/Page_Epulse  am-Automation-test/Apply Status Filters' is clicked on

2018-12-14 12:06:53 - [MESSAGE][PASSED] - Object: 'Object Repository/Admin Console ePulse Menu/Account Settings/Oaths/TEMP/Page_Epulse  am-Automation-test/Apply Status Filters' is clicked on

2018-12-14 12:06:53 - [TEST_STEP][PASSED] - delay(1): Delayed 1 second(s)

2018-12-14 12:06:54 - [MESSAGE][PASSED] - Delayed 1 second(s)

2018-12-14 12:06:54 - [TEST_STEP][PASSED] - click(findTestObject("Admin Console ePulse Menu/Account Settings/Oaths/TEMP/Page_Epulse  am-Automation-test/Close Both Status Filter")): Object: 'Object Repository/Admin Console ePulse Menu/Account Settings/Oaths/TEMP/Page_Epulse  am-Automation-test/Close Both Status Filter' is clicked on

2018-12-14 12:06:54 - [MESSAGE][PASSED] - Object: 'Object Repository/Admin Console ePulse Menu/Account Settings/Oaths/TEMP/Page_Epulse  am-Automation-test/Close Both Status Filter' is clicked on

2018-12-14 12:06:54 - [TEST_STEP][PASSED] - closeBrowser(): Browser is closed

2018-12-14 12:06:54 - [MESSAGE][PASSED] - Browser is closed]]></system-out>
         <system-err><![CDATA[]]></system-err>
      </testcase>
      <testcase name="Test Cases/Admin Console/Account Settings/Oaths()/Oaths - Delete" classname="Test Cases/Admin Console/Account Settings/Oaths()/Oaths - Delete" status="PASSED">
         <system-out><![CDATA[2018-12-14 12:06:54 - [TEST_CASE][PASSED] - Test Cases/Admin Console/Account Settings/Oaths()/Oaths - Delete: Test Cases/Admin Console/Account Settings/Oaths()/Oaths - Delete

2018-12-14 12:06:54 - [TEST_STEP][PASSED] - openBrowser(""): Browser is opened with url: ''

2018-12-14 12:06:54 - [MESSAGE][INFO] - Starting 'Chrome' driver

2018-12-14 12:06:55 - [MESSAGE][PASSED] - Browser is opened with url: ''

2018-12-14 12:06:55 - [TEST_STEP][PASSED] - navigateToUrl(URL): Navigate to 'https://epulsebeta2.com' successfully

2018-12-14 12:06:57 - [MESSAGE][PASSED] - Navigate to 'https://epulsebeta2.com' successfully

2018-12-14 12:06:57 - [TEST_STEP][PASSED] - setText(findTestObject("Login/Email Address"), User_email): Text 'alonzo.mack@knowink.com' is set on object 'Object Repository/Login/Email Address'

2018-12-14 12:06:57 - [MESSAGE][PASSED] - Text 'alonzo.mack@knowink.com' is set on object 'Object Repository/Login/Email Address'

2018-12-14 12:06:57 - [TEST_STEP][PASSED] - setEncryptedText(findTestObject("Login/Password"), Pswrd): Text ****** has been set on object 'Object Repository/Login/Password'

2018-12-14 12:06:57 - [MESSAGE][PASSED] - Text ****** has been set on object 'Object Repository/Login/Password'

2018-12-14 12:06:57 - [TEST_STEP][PASSED] - click(findTestObject("Login/Sign In")): Object: 'Object Repository/Login/Sign In' is clicked on

2018-12-14 12:06:57 - [MESSAGE][PASSED] - Object: 'Object Repository/Login/Sign In' is clicked on

2018-12-14 12:06:57 - [TEST_STEP][PASSED] - delay(1): Delayed 1 second(s)

2018-12-14 12:06:58 - [MESSAGE][PASSED] - Delayed 1 second(s)

2018-12-14 12:06:58 - [TEST_STEP][PASSED] - navigateToUrl(Oaths, STOP_ON_FAILURE): Navigate to 'https://am-automation-test.epulsebeta2.com/account_oaths' successfully

2018-12-14 12:07:00 - [MESSAGE][PASSED] - Navigate to 'https://am-automation-test.epulsebeta2.com/account_oaths' successfully

2018-12-14 12:07:00 - [TEST_STEP][PASSED] - delay(1): Delayed 1 second(s)

2018-12-14 12:07:01 - [MESSAGE][PASSED] - Delayed 1 second(s)

2018-12-14 12:07:01 - [TEST_STEP][PASSED] - click(findTestObject("Admin Console ePulse Menu/Account Settings/Oaths/Delete Displayed Oath")): Object: 'Object Repository/Admin Console ePulse Menu/Account Settings/Oaths/Delete Displayed Oath' is clicked on

2018-12-14 12:07:01 - [MESSAGE][PASSED] - Object: 'Object Repository/Admin Console ePulse Menu/Account Settings/Oaths/Delete Displayed Oath' is clicked on

2018-12-14 12:07:01 - [TEST_STEP][PASSED] - delay(1): Delayed 1 second(s)

2018-12-14 12:07:02 - [MESSAGE][PASSED] - Delayed 1 second(s)

2018-12-14 12:07:02 - [TEST_STEP][PASSED] - acceptAlert(STOP_ON_FAILURE): Alert accepted

2018-12-14 12:07:02 - [MESSAGE][PASSED] - Alert accepted

2018-12-14 12:07:02 - [TEST_STEP][PASSED] - delay(1): Delayed 1 second(s)

2018-12-14 12:07:03 - [MESSAGE][PASSED] - Delayed 1 second(s)

2018-12-14 12:07:03 - [TEST_STEP][PASSED] - click(findTestObject("Admin Console ePulse Menu/Account Settings/Oaths/Delete Displayed Oath")): Object: 'Object Repository/Admin Console ePulse Menu/Account Settings/Oaths/Delete Displayed Oath' is clicked on

2018-12-14 12:07:03 - [MESSAGE][PASSED] - Object: 'Object Repository/Admin Console ePulse Menu/Account Settings/Oaths/Delete Displayed Oath' is clicked on

2018-12-14 12:07:03 - [TEST_STEP][PASSED] - delay(1): Delayed 1 second(s)

2018-12-14 12:07:04 - [MESSAGE][PASSED] - Delayed 1 second(s)

2018-12-14 12:07:04 - [TEST_STEP][PASSED] - acceptAlert(STOP_ON_FAILURE): Alert accepted

2018-12-14 12:07:04 - [MESSAGE][PASSED] - Alert accepted

2018-12-14 12:07:04 - [TEST_STEP][PASSED] - delay(1): Delayed 1 second(s)

2018-12-14 12:07:05 - [MESSAGE][PASSED] - Delayed 1 second(s)

2018-12-14 12:07:05 - [TEST_STEP][PASSED] - click(findTestObject("Admin Console ePulse Menu/Account Settings/Oaths/Delete Displayed Oath")): Object: 'Object Repository/Admin Console ePulse Menu/Account Settings/Oaths/Delete Displayed Oath' is clicked on

2018-12-14 12:07:05 - [MESSAGE][PASSED] - Object: 'Object Repository/Admin Console ePulse Menu/Account Settings/Oaths/Delete Displayed Oath' is clicked on

2018-12-14 12:07:05 - [TEST_STEP][PASSED] - delay(1): Delayed 1 second(s)

2018-12-14 12:07:06 - [MESSAGE][PASSED] - Delayed 1 second(s)

2018-12-14 12:07:06 - [TEST_STEP][PASSED] - acceptAlert(STOP_ON_FAILURE): Alert accepted

2018-12-14 12:07:06 - [MESSAGE][PASSED] - Alert accepted

2018-12-14 12:07:06 - [TEST_STEP][PASSED] - delay(1): Delayed 1 second(s)

2018-12-14 12:07:07 - [MESSAGE][PASSED] - Delayed 1 second(s)

2018-12-14 12:07:07 - [TEST_STEP][PASSED] - click(findTestObject("Admin Console ePulse Menu/Account Settings/Oaths/Delete Displayed Oath")): Object: 'Object Repository/Admin Console ePulse Menu/Account Settings/Oaths/Delete Displayed Oath' is clicked on

2018-12-14 12:07:07 - [MESSAGE][PASSED] - Object: 'Object Repository/Admin Console ePulse Menu/Account Settings/Oaths/Delete Displayed Oath' is clicked on

2018-12-14 12:07:07 - [TEST_STEP][PASSED] - delay(1): Delayed 1 second(s)

2018-12-14 12:07:08 - [MESSAGE][PASSED] - Delayed 1 second(s)

2018-12-14 12:07:08 - [TEST_STEP][PASSED] - acceptAlert(STOP_ON_FAILURE): Alert accepted

2018-12-14 12:07:08 - [MESSAGE][PASSED] - Alert accepted

2018-12-14 12:07:08 - [TEST_STEP][PASSED] - delay(1): Delayed 1 second(s)

2018-12-14 12:07:09 - [MESSAGE][PASSED] - Delayed 1 second(s)

2018-12-14 12:07:09 - [TEST_STEP][PASSED] - click(findTestObject("Admin Console ePulse Menu/Account Settings/Oaths/Delete Displayed Oath")): Object: 'Object Repository/Admin Console ePulse Menu/Account Settings/Oaths/Delete Displayed Oath' is clicked on

2018-12-14 12:07:09 - [MESSAGE][PASSED] - Object: 'Object Repository/Admin Console ePulse Menu/Account Settings/Oaths/Delete Displayed Oath' is clicked on

2018-12-14 12:07:09 - [TEST_STEP][PASSED] - delay(1): Delayed 1 second(s)

2018-12-14 12:07:10 - [MESSAGE][PASSED] - Delayed 1 second(s)

2018-12-14 12:07:10 - [TEST_STEP][PASSED] - acceptAlert(STOP_ON_FAILURE): Alert accepted

2018-12-14 12:07:10 - [MESSAGE][PASSED] - Alert accepted

2018-12-14 12:07:10 - [TEST_STEP][PASSED] - delay(1): Delayed 1 second(s)

2018-12-14 12:07:11 - [MESSAGE][PASSED] - Delayed 1 second(s)

2018-12-14 12:07:11 - [TEST_STEP][PASSED] - click(findTestObject("Admin Console ePulse Menu/Account Settings/Oaths/Delete Displayed Oath")): Object: 'Object Repository/Admin Console ePulse Menu/Account Settings/Oaths/Delete Displayed Oath' is clicked on

2018-12-14 12:07:11 - [MESSAGE][PASSED] - Object: 'Object Repository/Admin Console ePulse Menu/Account Settings/Oaths/Delete Displayed Oath' is clicked on

2018-12-14 12:07:11 - [TEST_STEP][PASSED] - delay(1): Delayed 1 second(s)

2018-12-14 12:07:12 - [MESSAGE][PASSED] - Delayed 1 second(s)

2018-12-14 12:07:12 - [TEST_STEP][PASSED] - acceptAlert(STOP_ON_FAILURE): Alert accepted

2018-12-14 12:07:12 - [MESSAGE][PASSED] - Alert accepted

2018-12-14 12:07:12 - [TEST_STEP][PASSED] - delay(1): Delayed 1 second(s)

2018-12-14 12:07:13 - [MESSAGE][PASSED] - Delayed 1 second(s)

2018-12-14 12:07:13 - [TEST_STEP][PASSED] - closeBrowser(): Browser is closed

2018-12-14 12:07:13 - [MESSAGE][PASSED] - Browser is closed]]></system-out>
         <system-err><![CDATA[]]></system-err>
      </testcase>
      <testcase name="Test Cases/Admin Console/Account Settings/Oaths()/Oaths - Import" classname="Test Cases/Admin Console/Account Settings/Oaths()/Oaths - Import" status="PASSED">
         <system-out><![CDATA[2018-12-14 12:07:13 - [TEST_CASE][PASSED] - Test Cases/Admin Console/Account Settings/Oaths()/Oaths - Import: Test Cases/Admin Console/Account Settings/Oaths()/Oaths - Import

2018-12-14 12:07:13 - [TEST_STEP][PASSED] - openBrowser(""): Browser is opened with url: ''

2018-12-14 12:07:13 - [MESSAGE][INFO] - Starting 'Chrome' driver

2018-12-14 12:07:14 - [MESSAGE][PASSED] - Browser is opened with url: ''

2018-12-14 12:07:14 - [TEST_STEP][PASSED] - navigateToUrl(URL): Navigate to 'https://epulsebeta2.com' successfully

2018-12-14 12:07:16 - [MESSAGE][PASSED] - Navigate to 'https://epulsebeta2.com' successfully

2018-12-14 12:07:16 - [TEST_STEP][PASSED] - setText(findTestObject("Login/Email Address"), User_email): Text 'alonzo.mack@knowink.com' is set on object 'Object Repository/Login/Email Address'

2018-12-14 12:07:16 - [MESSAGE][PASSED] - Text 'alonzo.mack@knowink.com' is set on object 'Object Repository/Login/Email Address'

2018-12-14 12:07:16 - [TEST_STEP][PASSED] - setEncryptedText(findTestObject("Login/Password"), Pswrd): Text ****** has been set on object 'Object Repository/Login/Password'

2018-12-14 12:07:16 - [MESSAGE][PASSED] - Text ****** has been set on object 'Object Repository/Login/Password'

2018-12-14 12:07:16 - [TEST_STEP][PASSED] - click(findTestObject("Login/Sign In")): Object: 'Object Repository/Login/Sign In' is clicked on

2018-12-14 12:07:17 - [MESSAGE][PASSED] - Object: 'Object Repository/Login/Sign In' is clicked on

2018-12-14 12:07:17 - [TEST_STEP][PASSED] - delay(1): Delayed 1 second(s)

2018-12-14 12:07:18 - [MESSAGE][PASSED] - Delayed 1 second(s)

2018-12-14 12:07:18 - [TEST_STEP][PASSED] - navigateToUrl(Oaths_Imports, STOP_ON_FAILURE): Navigate to 'https://am-automation-test.epulsebeta2.com/imports/account_oath' successfully

2018-12-14 12:07:19 - [MESSAGE][PASSED] - Navigate to 'https://am-automation-test.epulsebeta2.com/imports/account_oath' successfully

2018-12-14 12:07:19 - [TEST_STEP][PASSED] - delay(1): Delayed 1 second(s)

2018-12-14 12:07:20 - [MESSAGE][PASSED] - Delayed 1 second(s)

2018-12-14 12:07:20 - [TEST_STEP][PASSED] - setText(findTestObject("Common ePulse Objects/Choose File"), "/Users/alonzomack/Downloads/oaths.csv"): Text '/Users/alonzomack/Downloads/oaths.csv' is set on object 'Object Repository/Common ePulse Objects/Choose File'

2018-12-14 12:07:20 - [MESSAGE][PASSED] - Text '/Users/alonzomack/Downloads/oaths.csv' is set on object 'Object Repository/Common ePulse Objects/Choose File'

2018-12-14 12:07:20 - [TEST_STEP][PASSED] - delay(1): Delayed 1 second(s)

2018-12-14 12:07:21 - [MESSAGE][PASSED] - Delayed 1 second(s)

2018-12-14 12:07:21 - [TEST_STEP][NOT_RUN] - click(findTestObject("Admin Console ePulse Menu/Account Settings/Oaths/Skip duplicates_slider")): NOT_RUN: click(findTestObject("Admin Console ePulse Menu/Account Settings/Oaths/Skip duplicates_slider"))

2018-12-14 12:07:21 - [MESSAGE][NOT_RUN] - NOT_RUN: click(findTestObject("Admin Console ePulse Menu/Account Settings/Oaths/Skip duplicates_slider"))

2018-12-14 12:07:21 - [TEST_STEP][PASSED] - delay(1): Delayed 1 second(s)

2018-12-14 12:07:22 - [MESSAGE][PASSED] - Delayed 1 second(s)

2018-12-14 12:07:22 - [TEST_STEP][PASSED] - click(findTestObject("Common ePulse Objects/Continue Button")): Object: 'Object Repository/Common ePulse Objects/Continue Button' is clicked on

2018-12-14 12:07:22 - [MESSAGE][PASSED] - Object: 'Object Repository/Common ePulse Objects/Continue Button' is clicked on

2018-12-14 12:07:22 - [TEST_STEP][PASSED] - delay(1): Delayed 1 second(s)

2018-12-14 12:07:23 - [MESSAGE][PASSED] - Delayed 1 second(s)

2018-12-14 12:07:23 - [TEST_STEP][PASSED] - click(findTestObject("Common ePulse Objects/button_Done(working)")): Object: 'Object Repository/Common ePulse Objects/button_Done(working)' is clicked on

2018-12-14 12:07:25 - [MESSAGE][PASSED] - Object: 'Object Repository/Common ePulse Objects/button_Done(working)' is clicked on

2018-12-14 12:07:25 - [TEST_STEP][PASSED] - delay(1): Delayed 1 second(s)

2018-12-14 12:07:26 - [MESSAGE][PASSED] - Delayed 1 second(s)

2018-12-14 12:07:26 - [TEST_STEP][PASSED] - navigateToUrl(Oaths): Navigate to 'https://am-automation-test.epulsebeta2.com/account_oaths' successfully

2018-12-14 12:07:27 - [MESSAGE][PASSED] - Navigate to 'https://am-automation-test.epulsebeta2.com/account_oaths' successfully

2018-12-14 12:07:27 - [TEST_STEP][PASSED] - delay(1): Delayed 1 second(s)

2018-12-14 12:07:28 - [MESSAGE][PASSED] - Delayed 1 second(s)

2018-12-14 12:07:28 - [TEST_STEP][PASSED] - closeBrowser(STOP_ON_FAILURE): Browser is closed

2018-12-14 12:07:28 - [MESSAGE][PASSED] - Browser is closed]]></system-out>
         <system-err><![CDATA[]]></system-err>
      </testcase>
      <testcase name="Test Cases/Admin Console/Account Settings/Oaths()/Oaths - Export" classname="Test Cases/Admin Console/Account Settings/Oaths()/Oaths - Export" status="PASSED">
         <system-out><![CDATA[2018-12-14 12:07:28 - [TEST_CASE][PASSED] - Test Cases/Admin Console/Account Settings/Oaths()/Oaths - Export: Test Cases/Admin Console/Account Settings/Oaths()/Oaths - Export

2018-12-14 12:07:28 - [TEST_STEP][PASSED] - openBrowser(""): Browser is opened with url: ''

2018-12-14 12:07:28 - [MESSAGE][INFO] - Starting 'Chrome' driver

2018-12-14 12:07:29 - [MESSAGE][PASSED] - Browser is opened with url: ''

2018-12-14 12:07:29 - [TEST_STEP][PASSED] - navigateToUrl(URL): Navigate to 'https://epulsebeta2.com' successfully

2018-12-14 12:07:30 - [MESSAGE][PASSED] - Navigate to 'https://epulsebeta2.com' successfully

2018-12-14 12:07:30 - [TEST_STEP][PASSED] - setText(findTestObject("Login/Email Address"), User_email): Text 'alonzo.mack@knowink.com' is set on object 'Object Repository/Login/Email Address'

2018-12-14 12:07:31 - [MESSAGE][PASSED] - Text 'alonzo.mack@knowink.com' is set on object 'Object Repository/Login/Email Address'

2018-12-14 12:07:31 - [TEST_STEP][PASSED] - setEncryptedText(findTestObject("Login/Password"), Pswrd): Text ****** has been set on object 'Object Repository/Login/Password'

2018-12-14 12:07:31 - [MESSAGE][PASSED] - Text ****** has been set on object 'Object Repository/Login/Password'

2018-12-14 12:07:31 - [TEST_STEP][PASSED] - click(findTestObject("Login/Sign In")): Object: 'Object Repository/Login/Sign In' is clicked on

2018-12-14 12:07:31 - [MESSAGE][PASSED] - Object: 'Object Repository/Login/Sign In' is clicked on

2018-12-14 12:07:31 - [TEST_STEP][PASSED] - delay(1): Delayed 1 second(s)

2018-12-14 12:07:32 - [MESSAGE][PASSED] - Delayed 1 second(s)

2018-12-14 12:07:32 - [TEST_STEP][PASSED] - navigateToUrl(Oaths): Navigate to 'https://am-automation-test.epulsebeta2.com/account_oaths' successfully

2018-12-14 12:07:33 - [MESSAGE][PASSED] - Navigate to 'https://am-automation-test.epulsebeta2.com/account_oaths' successfully

2018-12-14 12:07:33 - [TEST_STEP][PASSED] - delay(1): Delayed 1 second(s)

2018-12-14 12:07:34 - [MESSAGE][PASSED] - Delayed 1 second(s)

2018-12-14 12:07:34 - [TEST_STEP][PASSED] - click(findTestObject("Admin Console ePulse Menu/Account Settings/Oaths/Page_Epulse  am-Automation-test/Download")): Object: 'Object Repository/Admin Console ePulse Menu/Account Settings/Oaths/Page_Epulse  am-Automation-test/Download' is clicked on

2018-12-14 12:07:34 - [MESSAGE][PASSED] - Object: 'Object Repository/Admin Console ePulse Menu/Account Settings/Oaths/Page_Epulse  am-Automation-test/Download' is clicked on

2018-12-14 12:07:34 - [TEST_STEP][PASSED] - delay(1): Delayed 1 second(s)

2018-12-14 12:07:35 - [MESSAGE][PASSED] - Delayed 1 second(s)

2018-12-14 12:07:35 - [TEST_STEP][PASSED] - closeBrowser(STOP_ON_FAILURE): Browser is closed

2018-12-14 12:07:35 - [MESSAGE][PASSED] - Browser is closed]]></system-out>
         <system-err><![CDATA[]]></system-err>
      </testcase>
      <testcase name="Test Cases/Admin Console/Account Settings/Oaths()/Oaths - Edit" classname="Test Cases/Admin Console/Account Settings/Oaths()/Oaths - Edit" status="PASSED">
         <system-out><![CDATA[2018-12-14 12:07:35 - [TEST_CASE][PASSED] - Test Cases/Admin Console/Account Settings/Oaths()/Oaths - Edit: Test Cases/Admin Console/Account Settings/Oaths()/Oaths - Edit

2018-12-14 12:07:36 - [TEST_STEP][PASSED] - openBrowser(""): Browser is opened with url: ''

2018-12-14 12:07:36 - [MESSAGE][INFO] - Starting 'Chrome' driver

2018-12-14 12:07:37 - [MESSAGE][PASSED] - Browser is opened with url: ''

2018-12-14 12:07:37 - [TEST_STEP][PASSED] - navigateToUrl(URL): Navigate to 'https://epulsebeta2.com' successfully

2018-12-14 12:07:38 - [MESSAGE][PASSED] - Navigate to 'https://epulsebeta2.com' successfully

2018-12-14 12:07:38 - [TEST_STEP][PASSED] - setText(findTestObject("Login/Email Address"), User_email): Text 'alonzo.mack@knowink.com' is set on object 'Object Repository/Login/Email Address'

2018-12-14 12:07:38 - [MESSAGE][PASSED] - Text 'alonzo.mack@knowink.com' is set on object 'Object Repository/Login/Email Address'

2018-12-14 12:07:38 - [TEST_STEP][PASSED] - setEncryptedText(findTestObject("Login/Password"), Pswrd): Text ****** has been set on object 'Object Repository/Login/Password'

2018-12-14 12:07:38 - [MESSAGE][PASSED] - Text ****** has been set on object 'Object Repository/Login/Password'

2018-12-14 12:07:38 - [TEST_STEP][PASSED] - click(findTestObject("Login/Sign In")): Object: 'Object Repository/Login/Sign In' is clicked on

2018-12-14 12:07:39 - [MESSAGE][PASSED] - Object: 'Object Repository/Login/Sign In' is clicked on

2018-12-14 12:07:39 - [TEST_STEP][PASSED] - delay(1): Delayed 1 second(s)

2018-12-14 12:07:40 - [MESSAGE][PASSED] - Delayed 1 second(s)

2018-12-14 12:07:40 - [TEST_STEP][PASSED] - navigateToUrl(Oaths, STOP_ON_FAILURE): Navigate to 'https://am-automation-test.epulsebeta2.com/account_oaths' successfully

2018-12-14 12:07:41 - [MESSAGE][PASSED] - Navigate to 'https://am-automation-test.epulsebeta2.com/account_oaths' successfully

2018-12-14 12:07:41 - [TEST_STEP][PASSED] - delay(1): Delayed 1 second(s)

2018-12-14 12:07:42 - [MESSAGE][PASSED] - Delayed 1 second(s)

2018-12-14 12:07:42 - [TEST_STEP][PASSED] - click(findTestObject("Admin Console ePulse Menu/Account Settings/Oaths/Add_Edit Oath/Edit Displayed Oath")): Object: 'Object Repository/Admin Console ePulse Menu/Account Settings/Oaths/Add_Edit Oath/Edit Displayed Oath' is clicked on

2018-12-14 12:07:42 - [MESSAGE][PASSED] - Object: 'Object Repository/Admin Console ePulse Menu/Account Settings/Oaths/Add_Edit Oath/Edit Displayed Oath' is clicked on

2018-12-14 12:07:42 - [TEST_STEP][PASSED] - clearText(findTestObject("Admin Console ePulse Menu/Account Settings/Oaths/Add_Edit Oath/Edit_Name_account_oathname")): Text of object 'Object Repository/Admin Console ePulse Menu/Account Settings/Oaths/Add_Edit Oath/Edit_Name_account_oathname' is cleared

2018-12-14 12:07:42 - [MESSAGE][PASSED] - Text of object 'Object Repository/Admin Console ePulse Menu/Account Settings/Oaths/Add_Edit Oath/Edit_Name_account_oathname' is cleared

2018-12-14 12:07:42 - [TEST_STEP][PASSED] - setText(findTestObject("Admin Console ePulse Menu/Account Settings/Oaths/Add_Edit Oath/Edit_Name_account_oathname"), "Reasonable Impediment Declaration Edited"): Text 'Reasonable Impediment Declaration Edited' is set on object 'Object Repository/Admin Console ePulse Menu/Account Settings/Oaths/Add_Edit Oath/Edit_Name_account_oathname'

2018-12-14 12:07:43 - [MESSAGE][PASSED] - Text 'Reasonable Impediment Declaration Edited' is set on object 'Object Repository/Admin Console ePulse Menu/Account Settings/Oaths/Add_Edit Oath/Edit_Name_account_oathname'

2018-12-14 12:07:43 - [TEST_STEP][PASSED] - clearText(findTestObject("Admin Console ePulse Menu/Account Settings/Oaths/Add_Edit Oath/Edit Instructions")): Text of object 'Object Repository/Admin Console ePulse Menu/Account Settings/Oaths/Add_Edit Oath/Edit Instructions' is cleared

2018-12-14 12:07:43 - [MESSAGE][PASSED] - Text of object 'Object Repository/Admin Console ePulse Menu/Account Settings/Oaths/Add_Edit Oath/Edit Instructions' is cleared

2018-12-14 12:07:43 - [TEST_STEP][PASSED] - setText(findTestObject("Admin Console ePulse Menu/Account Settings/Oaths/Add_Edit Oath/Edit Instructions"), "Oath Instructions Edited"): Text 'Oath Instructions Edited' is set on object 'Object Repository/Admin Console ePulse Menu/Account Settings/Oaths/Add_Edit Oath/Edit Instructions'

2018-12-14 12:07:43 - [MESSAGE][PASSED] - Text 'Oath Instructions Edited' is set on object 'Object Repository/Admin Console ePulse Menu/Account Settings/Oaths/Add_Edit Oath/Edit Instructions'

2018-12-14 12:07:43 - [TEST_STEP][PASSED] - clearText(findTestObject("Admin Console ePulse Menu/Account Settings/Oaths/Add_Edit Oath/Edit Customized Oath Text"), STOP_ON_FAILURE): Text of object 'Object Repository/Admin Console ePulse Menu/Account Settings/Oaths/Add_Edit Oath/Edit Customized Oath Text' is cleared

2018-12-14 12:07:43 - [MESSAGE][PASSED] - Text of object 'Object Repository/Admin Console ePulse Menu/Account Settings/Oaths/Add_Edit Oath/Edit Customized Oath Text' is cleared

2018-12-14 12:07:43 - [TEST_STEP][PASSED] - setText(findTestObject("Admin Console ePulse Menu/Account Settings/Oaths/Add_Edit Oath/Edit Customized Oath Text"), "Edit the Customized oath displayed to voters"): Text 'Edit the Customized oath displayed to voters' is set on object 'Object Repository/Admin Console ePulse Menu/Account Settings/Oaths/Add_Edit Oath/Edit Customized Oath Text'

2018-12-14 12:07:43 - [MESSAGE][PASSED] - Text 'Edit the Customized oath displayed to voters' is set on object 'Object Repository/Admin Console ePulse Menu/Account Settings/Oaths/Add_Edit Oath/Edit Customized Oath Text'

2018-12-14 12:07:43 - [TEST_STEP][PASSED] - click(findTestObject("Submit Edit")): Object: 'Object Repository/Submit Edit' is clicked on

2018-12-14 12:07:43 - [MESSAGE][PASSED] - Object: 'Object Repository/Submit Edit' is clicked on

2018-12-14 12:07:43 - [TEST_STEP][PASSED] - delay(1): Delayed 1 second(s)

2018-12-14 12:07:44 - [MESSAGE][PASSED] - Delayed 1 second(s)

2018-12-14 12:07:44 - [TEST_STEP][PASSED] - closeBrowser(): Browser is closed

2018-12-14 12:07:44 - [MESSAGE][PASSED] - Browser is closed]]></system-out>
         <system-err><![CDATA[]]></system-err>
      </testcase>
      <testcase name="Test Cases/Admin Console/Account Settings/Prompts()/Prompts - Add" classname="Test Cases/Admin Console/Account Settings/Prompts()/Prompts - Add" status="PASSED">
         <system-out><![CDATA[2018-12-14 12:07:44 - [TEST_CASE][PASSED] - Test Cases/Admin Console/Account Settings/Prompts()/Prompts - Add: Test Cases/Admin Console/Account Settings/Prompts()/Prompts - Add

2018-12-14 12:07:44 - [TEST_STEP][PASSED] - openBrowser(""): Browser is opened with url: ''

2018-12-14 12:07:44 - [MESSAGE][INFO] - Starting 'Chrome' driver

2018-12-14 12:07:46 - [MESSAGE][PASSED] - Browser is opened with url: ''

2018-12-14 12:07:46 - [TEST_STEP][PASSED] - navigateToUrl(URL): Navigate to 'https://epulsebeta2.com' successfully

2018-12-14 12:07:47 - [MESSAGE][PASSED] - Navigate to 'https://epulsebeta2.com' successfully

2018-12-14 12:07:47 - [TEST_STEP][PASSED] - setText(findTestObject("Login/Email Address"), User_email): Text 'alonzo.mack@knowink.com' is set on object 'Object Repository/Login/Email Address'

2018-12-14 12:07:47 - [MESSAGE][PASSED] - Text 'alonzo.mack@knowink.com' is set on object 'Object Repository/Login/Email Address'

2018-12-14 12:07:47 - [TEST_STEP][PASSED] - setEncryptedText(findTestObject("Login/Password"), Pswrd): Text ****** has been set on object 'Object Repository/Login/Password'

2018-12-14 12:07:47 - [MESSAGE][PASSED] - Text ****** has been set on object 'Object Repository/Login/Password'

2018-12-14 12:07:47 - [TEST_STEP][PASSED] - click(findTestObject("Login/Sign In")): Object: 'Object Repository/Login/Sign In' is clicked on

2018-12-14 12:07:48 - [MESSAGE][PASSED] - Object: 'Object Repository/Login/Sign In' is clicked on

2018-12-14 12:07:48 - [TEST_STEP][PASSED] - delay(1): Delayed 1 second(s)

2018-12-14 12:07:49 - [MESSAGE][PASSED] - Delayed 1 second(s)

2018-12-14 12:07:49 - [TEST_STEP][PASSED] - navigateToUrl(Prompts, STOP_ON_FAILURE): Navigate to 'https://am-Automation-test.epulsebeta2.com/prompts' successfully

2018-12-14 12:07:50 - [MESSAGE][PASSED] - Navigate to 'https://am-Automation-test.epulsebeta2.com/prompts' successfully

2018-12-14 12:07:50 - [TEST_STEP][PASSED] - delay(1): Delayed 1 second(s)

2018-12-14 12:07:51 - [MESSAGE][PASSED] - Delayed 1 second(s)

2018-12-14 12:07:51 - [TEST_STEP][PASSED] - click(findTestObject("Admin Console ePulse Menu/Account Settings/Prompts/Create_New_Prompt_Button")): Object: 'Object Repository/Admin Console ePulse Menu/Account Settings/Prompts/Create_New_Prompt_Button' is clicked on

2018-12-14 12:07:51 - [MESSAGE][PASSED] - Object: 'Object Repository/Admin Console ePulse Menu/Account Settings/Prompts/Create_New_Prompt_Button' is clicked on

2018-12-14 12:07:51 - [TEST_STEP][PASSED] - setText(findTestObject("Admin Console ePulse Menu/Account Settings/Prompts/Add_Edit Prompt Modal/Name"), "Test Prompt"): Text 'Test Prompt' is set on object 'Object Repository/Admin Console ePulse Menu/Account Settings/Prompts/Add_Edit Prompt Modal/Name'

2018-12-14 12:07:51 - [MESSAGE][PASSED] - Text 'Test Prompt' is set on object 'Object Repository/Admin Console ePulse Menu/Account Settings/Prompts/Add_Edit Prompt Modal/Name'

2018-12-14 12:07:51 - [TEST_STEP][PASSED] - setText(findTestObject("Admin Console ePulse Menu/Account Settings/Prompts/Add_Edit Prompt Modal/Heading"), "Prompt"): Text 'Prompt' is set on object 'Object Repository/Admin Console ePulse Menu/Account Settings/Prompts/Add_Edit Prompt Modal/Heading'

2018-12-14 12:07:51 - [MESSAGE][PASSED] - Text 'Prompt' is set on object 'Object Repository/Admin Console ePulse Menu/Account Settings/Prompts/Add_Edit Prompt Modal/Heading'

2018-12-14 12:07:51 - [TEST_STEP][PASSED] - selectOptionByValue(findTestObject("Admin Console ePulse Menu/Account Settings/Prompts/Add_Edit Prompt Modal/Select Color"), "0", true): All options with value '0' are selected in object 'Object Repository/Admin Console ePulse Menu/Account Settings/Prompts/Add_Edit Prompt Modal/Select Color'  using regular expression

2018-12-14 12:07:51 - [MESSAGE][PASSED] - All options with value '0' are selected in object 'Object Repository/Admin Console ePulse Menu/Account Settings/Prompts/Add_Edit Prompt Modal/Select Color'  using regular expression

2018-12-14 12:07:51 - [TEST_STEP][PASSED] - setText(findTestObject("Admin Console ePulse Menu/Account Settings/Prompts/Add_Edit Prompt Modal/Order"), "1"): Text '1' is set on object 'Object Repository/Admin Console ePulse Menu/Account Settings/Prompts/Add_Edit Prompt Modal/Order'

2018-12-14 12:07:51 - [MESSAGE][PASSED] - Text '1' is set on object 'Object Repository/Admin Console ePulse Menu/Account Settings/Prompts/Add_Edit Prompt Modal/Order'

2018-12-14 12:07:51 - [TEST_STEP][PASSED] - setText(findTestObject("Admin Console ePulse Menu/Account Settings/Prompts/Add_Edit Prompt Modal/Field Label"), "Prompt"): Text 'Prompt' is set on object 'Object Repository/Admin Console ePulse Menu/Account Settings/Prompts/Add_Edit Prompt Modal/Field Label'

2018-12-14 12:07:51 - [MESSAGE][PASSED] - Text 'Prompt' is set on object 'Object Repository/Admin Console ePulse Menu/Account Settings/Prompts/Add_Edit Prompt Modal/Field Label'

2018-12-14 12:07:51 - [TEST_STEP][PASSED] - setText(findTestObject("Admin Console ePulse Menu/Account Settings/Prompts/Add_Edit Prompt Modal/Field Name"), "Prompt"): Text 'Prompt' is set on object 'Object Repository/Admin Console ePulse Menu/Account Settings/Prompts/Add_Edit Prompt Modal/Field Name'

2018-12-14 12:07:52 - [MESSAGE][PASSED] - Text 'Prompt' is set on object 'Object Repository/Admin Console ePulse Menu/Account Settings/Prompts/Add_Edit Prompt Modal/Field Name'

2018-12-14 12:07:52 - [TEST_STEP][PASSED] - click(findTestObject("Admin Console ePulse Menu/Account Settings/Prompts/Add_Edit Prompt Modal/Show Voter Info_slider")): Object: 'Object Repository/Admin Console ePulse Menu/Account Settings/Prompts/Add_Edit Prompt Modal/Show Voter Info_slider' is clicked on

2018-12-14 12:07:52 - [MESSAGE][PASSED] - Object: 'Object Repository/Admin Console ePulse Menu/Account Settings/Prompts/Add_Edit Prompt Modal/Show Voter Info_slider' is clicked on

2018-12-14 12:07:52 - [TEST_STEP][PASSED] - click(findTestObject("Admin Console ePulse Menu/Account Settings/Prompts/Add_Edit Prompt Modal/Show DOB Field_slider")): Object: 'Object Repository/Admin Console ePulse Menu/Account Settings/Prompts/Add_Edit Prompt Modal/Show DOB Field_slider' is clicked on

2018-12-14 12:07:52 - [MESSAGE][PASSED] - Object: 'Object Repository/Admin Console ePulse Menu/Account Settings/Prompts/Add_Edit Prompt Modal/Show DOB Field_slider' is clicked on

2018-12-14 12:07:52 - [TEST_STEP][PASSED] - setText(findTestObject("Admin Console ePulse Menu/Account Settings/Prompts/Add_Edit Prompt Modal/Instructions textarea "), "Test Prompt"): Text 'Test Prompt' is set on object 'Object Repository/Admin Console ePulse Menu/Account Settings/Prompts/Add_Edit Prompt Modal/Instructions textarea '

2018-12-14 12:07:52 - [MESSAGE][PASSED] - Text 'Test Prompt' is set on object 'Object Repository/Admin Console ePulse Menu/Account Settings/Prompts/Add_Edit Prompt Modal/Instructions textarea '

2018-12-14 12:07:52 - [TEST_STEP][PASSED] - click(findTestObject("Admin Console ePulse Menu/Account Settings/Prompts/Add_Edit Prompt Modal/Submit")): Object: 'Object Repository/Admin Console ePulse Menu/Account Settings/Prompts/Add_Edit Prompt Modal/Submit' is clicked on

2018-12-14 12:07:52 - [MESSAGE][PASSED] - Object: 'Object Repository/Admin Console ePulse Menu/Account Settings/Prompts/Add_Edit Prompt Modal/Submit' is clicked on

2018-12-14 12:07:52 - [TEST_STEP][PASSED] - delay(2): Delayed 2 second(s)

2018-12-14 12:07:54 - [MESSAGE][PASSED] - Delayed 2 second(s)

2018-12-14 12:07:54 - [TEST_STEP][PASSED] - closeBrowser(): Browser is closed

2018-12-14 12:07:54 - [MESSAGE][PASSED] - Browser is closed]]></system-out>
         <system-err><![CDATA[]]></system-err>
      </testcase>
      <testcase name="Test Cases/Admin Console/Account Settings/Prompts()/Prompts - Add Criteria" classname="Test Cases/Admin Console/Account Settings/Prompts()/Prompts - Add Criteria" status="PASSED">
         <system-out><![CDATA[2018-12-14 12:07:54 - [TEST_CASE][PASSED] - Test Cases/Admin Console/Account Settings/Prompts()/Prompts - Add Criteria: Test Cases/Admin Console/Account Settings/Prompts()/Prompts - Add Criteria

2018-12-14 12:07:54 - [TEST_STEP][PASSED] - openBrowser(""): Browser is opened with url: ''

2018-12-14 12:07:54 - [MESSAGE][INFO] - Starting 'Chrome' driver

2018-12-14 12:07:55 - [MESSAGE][PASSED] - Browser is opened with url: ''

2018-12-14 12:07:55 - [TEST_STEP][PASSED] - navigateToUrl(URL): Navigate to 'https://epulsebeta2.com' successfully

2018-12-14 12:07:57 - [MESSAGE][PASSED] - Navigate to 'https://epulsebeta2.com' successfully

2018-12-14 12:07:57 - [TEST_STEP][PASSED] - setText(findTestObject("Login/Email Address"), User_email): Text 'alonzo.mack@knowink.com' is set on object 'Object Repository/Login/Email Address'

2018-12-14 12:07:57 - [MESSAGE][PASSED] - Text 'alonzo.mack@knowink.com' is set on object 'Object Repository/Login/Email Address'

2018-12-14 12:07:57 - [TEST_STEP][PASSED] - setEncryptedText(findTestObject("Login/Password"), Pswrd): Text ****** has been set on object 'Object Repository/Login/Password'

2018-12-14 12:07:57 - [MESSAGE][PASSED] - Text ****** has been set on object 'Object Repository/Login/Password'

2018-12-14 12:07:57 - [TEST_STEP][PASSED] - click(findTestObject("Login/Sign In")): Object: 'Object Repository/Login/Sign In' is clicked on

2018-12-14 12:07:57 - [MESSAGE][PASSED] - Object: 'Object Repository/Login/Sign In' is clicked on

2018-12-14 12:07:57 - [TEST_STEP][PASSED] - delay(1): Delayed 1 second(s)

2018-12-14 12:07:58 - [MESSAGE][PASSED] - Delayed 1 second(s)

2018-12-14 12:07:58 - [TEST_STEP][PASSED] - navigateToUrl(Prompts, STOP_ON_FAILURE): Navigate to 'https://am-Automation-test.epulsebeta2.com/prompts' successfully

2018-12-14 12:08:00 - [MESSAGE][PASSED] - Navigate to 'https://am-Automation-test.epulsebeta2.com/prompts' successfully

2018-12-14 12:08:00 - [TEST_STEP][PASSED] - delay(1): Delayed 1 second(s)

2018-12-14 12:08:01 - [MESSAGE][PASSED] - Delayed 1 second(s)

2018-12-14 12:08:01 - [TEST_STEP][PASSED] - click(findTestObject("Admin Console ePulse Menu/Account Settings/Prompts/Add_CRITERIA_To_Prompt")): Object: 'Object Repository/Admin Console ePulse Menu/Account Settings/Prompts/Add_CRITERIA_To_Prompt' is clicked on

2018-12-14 12:08:01 - [MESSAGE][PASSED] - Object: 'Object Repository/Admin Console ePulse Menu/Account Settings/Prompts/Add_CRITERIA_To_Prompt' is clicked on

2018-12-14 12:08:01 - [TEST_STEP][PASSED] - delay(1): Delayed 1 second(s)

2018-12-14 12:08:02 - [MESSAGE][PASSED] - Delayed 1 second(s)

2018-12-14 12:08:02 - [TEST_STEP][PASSED] - selectOptionByValue(findTestObject("Admin Console ePulse Menu/Account Settings/Prompts/Prompt Criteria Modal/Add Criteria Dropdown"), "status_id", true): All options with value 'status_id' are selected in object 'Object Repository/Admin Console ePulse Menu/Account Settings/Prompts/Prompt Criteria Modal/Add Criteria Dropdown'  using regular expression

2018-12-14 12:08:02 - [MESSAGE][PASSED] - All options with value 'status_id' are selected in object 'Object Repository/Admin Console ePulse Menu/Account Settings/Prompts/Prompt Criteria Modal/Add Criteria Dropdown'  using regular expression

2018-12-14 12:08:02 - [TEST_STEP][PASSED] - delay(1): Delayed 1 second(s)

2018-12-14 12:08:03 - [MESSAGE][PASSED] - Delayed 1 second(s)

2018-12-14 12:08:03 - [TEST_STEP][PASSED] - click(findTestObject("Admin Console ePulse Menu/Account Settings/Prompts/Prompt Criteria Modal/Add Criteria(Plus Sign)")): Object: 'Object Repository/Admin Console ePulse Menu/Account Settings/Prompts/Prompt Criteria Modal/Add Criteria(Plus Sign)' is clicked on

2018-12-14 12:08:03 - [MESSAGE][PASSED] - Object: 'Object Repository/Admin Console ePulse Menu/Account Settings/Prompts/Prompt Criteria Modal/Add Criteria(Plus Sign)' is clicked on

2018-12-14 12:08:03 - [TEST_STEP][PASSED] - delay(1): Delayed 1 second(s)

2018-12-14 12:08:04 - [MESSAGE][PASSED] - Delayed 1 second(s)

2018-12-14 12:08:04 - [TEST_STEP][PASSED] - selectOptionByValue(findTestObject("Admin Console ePulse Menu/Account Settings/Prompts/Prompt Criteria Modal/Add Criteria Dropdown"), "voter_status_reason", true): All options with value 'voter_status_reason' are selected in object 'Object Repository/Admin Console ePulse Menu/Account Settings/Prompts/Prompt Criteria Modal/Add Criteria Dropdown'  using regular expression

2018-12-14 12:08:04 - [MESSAGE][PASSED] - All options with value 'voter_status_reason' are selected in object 'Object Repository/Admin Console ePulse Menu/Account Settings/Prompts/Prompt Criteria Modal/Add Criteria Dropdown'  using regular expression

2018-12-14 12:08:04 - [TEST_STEP][PASSED] - delay(1): Delayed 1 second(s)

2018-12-14 12:08:05 - [MESSAGE][PASSED] - Delayed 1 second(s)

2018-12-14 12:08:05 - [TEST_STEP][PASSED] - selectOptionByValue(findTestObject("Admin Console ePulse Menu/Account Settings/Prompts/Prompt Criteria Modal/Voter Status Reason Operator"), "1", true): All options with value '1' are selected in object 'Object Repository/Admin Console ePulse Menu/Account Settings/Prompts/Prompt Criteria Modal/Voter Status Reason Operator'  using regular expression

2018-12-14 12:08:05 - [MESSAGE][PASSED] - All options with value '1' are selected in object 'Object Repository/Admin Console ePulse Menu/Account Settings/Prompts/Prompt Criteria Modal/Voter Status Reason Operator'  using regular expression

2018-12-14 12:08:05 - [TEST_STEP][PASSED] - delay(1): Delayed 1 second(s)

2018-12-14 12:08:06 - [MESSAGE][PASSED] - Delayed 1 second(s)

2018-12-14 12:08:06 - [TEST_STEP][PASSED] - setText(findTestObject("Admin Console ePulse Menu/Account Settings/Prompts/Prompt Criteria Modal/Voter Status Reason Input Field"), "Voted"): Text 'Voted' is set on object 'Object Repository/Admin Console ePulse Menu/Account Settings/Prompts/Prompt Criteria Modal/Voter Status Reason Input Field'

2018-12-14 12:08:06 - [MESSAGE][PASSED] - Text 'Voted' is set on object 'Object Repository/Admin Console ePulse Menu/Account Settings/Prompts/Prompt Criteria Modal/Voter Status Reason Input Field'

2018-12-14 12:08:06 - [TEST_STEP][PASSED] - delay(1): Delayed 1 second(s)

2018-12-14 12:08:07 - [MESSAGE][PASSED] - Delayed 1 second(s)

2018-12-14 12:08:07 - [TEST_STEP][PASSED] - click(findTestObject("Admin Console ePulse Menu/Account Settings/Prompts/Prompt Criteria Modal/Add Criteria(Plus Sign)")): Object: 'Object Repository/Admin Console ePulse Menu/Account Settings/Prompts/Prompt Criteria Modal/Add Criteria(Plus Sign)' is clicked on

2018-12-14 12:08:07 - [MESSAGE][PASSED] - Object: 'Object Repository/Admin Console ePulse Menu/Account Settings/Prompts/Prompt Criteria Modal/Add Criteria(Plus Sign)' is clicked on

2018-12-14 12:08:07 - [TEST_STEP][PASSED] - delay(1): Delayed 1 second(s)

2018-12-14 12:08:08 - [MESSAGE][PASSED] - Delayed 1 second(s)

2018-12-14 12:08:08 - [TEST_STEP][PASSED] - selectOptionByValue(findTestObject("Admin Console ePulse Menu/Account Settings/Prompts/Prompt Criteria Modal/Add Criteria Dropdown"), "voter_over_18", true): All options with value 'voter_over_18' are selected in object 'Object Repository/Admin Console ePulse Menu/Account Settings/Prompts/Prompt Criteria Modal/Add Criteria Dropdown'  using regular expression

2018-12-14 12:08:09 - [MESSAGE][PASSED] - All options with value 'voter_over_18' are selected in object 'Object Repository/Admin Console ePulse Menu/Account Settings/Prompts/Prompt Criteria Modal/Add Criteria Dropdown'  using regular expression

2018-12-14 12:08:09 - [TEST_STEP][PASSED] - delay(1): Delayed 1 second(s)

2018-12-14 12:08:10 - [MESSAGE][PASSED] - Delayed 1 second(s)

2018-12-14 12:08:10 - [TEST_STEP][PASSED] - click(findTestObject("Admin Console ePulse Menu/Account Settings/Prompts/Prompt Criteria Modal/Add Criteria(Plus Sign)")): Object: 'Object Repository/Admin Console ePulse Menu/Account Settings/Prompts/Prompt Criteria Modal/Add Criteria(Plus Sign)' is clicked on

2018-12-14 12:08:10 - [MESSAGE][PASSED] - Object: 'Object Repository/Admin Console ePulse Menu/Account Settings/Prompts/Prompt Criteria Modal/Add Criteria(Plus Sign)' is clicked on

2018-12-14 12:08:10 - [TEST_STEP][PASSED] - delay(1): Delayed 1 second(s)

2018-12-14 12:08:11 - [MESSAGE][PASSED] - Delayed 1 second(s)

2018-12-14 12:08:11 - [TEST_STEP][PASSED] - selectOptionByValue(findTestObject("Admin Console ePulse Menu/Account Settings/Prompts/Prompt Criteria Modal/Add Criteria Dropdown"), "voter_party", true): All options with value 'voter_party' are selected in object 'Object Repository/Admin Console ePulse Menu/Account Settings/Prompts/Prompt Criteria Modal/Add Criteria Dropdown'  using regular expression

2018-12-14 12:08:11 - [MESSAGE][PASSED] - All options with value 'voter_party' are selected in object 'Object Repository/Admin Console ePulse Menu/Account Settings/Prompts/Prompt Criteria Modal/Add Criteria Dropdown'  using regular expression

2018-12-14 12:08:11 - [TEST_STEP][PASSED] - delay(1): Delayed 1 second(s)

2018-12-14 12:08:12 - [MESSAGE][PASSED] - Delayed 1 second(s)

2018-12-14 12:08:12 - [TEST_STEP][PASSED] - click(findTestObject("Admin Console ePulse Menu/Account Settings/Prompts/Prompt Criteria Modal/Add Criteria(Plus Sign)")): Object: 'Object Repository/Admin Console ePulse Menu/Account Settings/Prompts/Prompt Criteria Modal/Add Criteria(Plus Sign)' is clicked on

2018-12-14 12:08:12 - [MESSAGE][PASSED] - Object: 'Object Repository/Admin Console ePulse Menu/Account Settings/Prompts/Prompt Criteria Modal/Add Criteria(Plus Sign)' is clicked on

2018-12-14 12:08:12 - [TEST_STEP][PASSED] - delay(1): Delayed 1 second(s)

2018-12-14 12:08:13 - [MESSAGE][PASSED] - Delayed 1 second(s)

2018-12-14 12:08:13 - [TEST_STEP][PASSED] - selectOptionByValue(findTestObject("Admin Console ePulse Menu/Account Settings/Prompts/Prompt Criteria Modal/Add Criteria Dropdown"), "voter_absentee_information", true): All options with value 'voter_absentee_information' are selected in object 'Object Repository/Admin Console ePulse Menu/Account Settings/Prompts/Prompt Criteria Modal/Add Criteria Dropdown'  using regular expression

2018-12-14 12:08:13 - [MESSAGE][PASSED] - All options with value 'voter_absentee_information' are selected in object 'Object Repository/Admin Console ePulse Menu/Account Settings/Prompts/Prompt Criteria Modal/Add Criteria Dropdown'  using regular expression

2018-12-14 12:08:13 - [TEST_STEP][PASSED] - delay(1): Delayed 1 second(s)

2018-12-14 12:08:14 - [MESSAGE][PASSED] - Delayed 1 second(s)

2018-12-14 12:08:14 - [TEST_STEP][PASSED] - selectOptionByValue(findTestObject("Admin Console ePulse Menu/Account Settings/Prompts/Prompt Criteria Modal/Absentee Status Type"), "S", true): All options with value 'S' are selected in object 'Object Repository/Admin Console ePulse Menu/Account Settings/Prompts/Prompt Criteria Modal/Absentee Status Type'  using regular expression

2018-12-14 12:08:14 - [MESSAGE][PASSED] - All options with value 'S' are selected in object 'Object Repository/Admin Console ePulse Menu/Account Settings/Prompts/Prompt Criteria Modal/Absentee Status Type'  using regular expression

2018-12-14 12:08:14 - [TEST_STEP][PASSED] - delay(2): Delayed 2 second(s)

2018-12-14 12:08:16 - [MESSAGE][PASSED] - Delayed 2 second(s)

2018-12-14 12:08:16 - [TEST_STEP][PASSED] - click(findTestObject("Admin Console ePulse Menu/Account Settings/Prompts/Prompt Criteria Modal/Add Criteria(Plus Sign)")): Object: 'Object Repository/Admin Console ePulse Menu/Account Settings/Prompts/Prompt Criteria Modal/Add Criteria(Plus Sign)' is clicked on

2018-12-14 12:08:16 - [MESSAGE][PASSED] - Object: 'Object Repository/Admin Console ePulse Menu/Account Settings/Prompts/Prompt Criteria Modal/Add Criteria(Plus Sign)' is clicked on

2018-12-14 12:08:16 - [TEST_STEP][PASSED] - delay(1): Delayed 1 second(s)

2018-12-14 12:08:17 - [MESSAGE][PASSED] - Delayed 1 second(s)

2018-12-14 12:08:17 - [TEST_STEP][PASSED] - selectOptionByValue(findTestObject("Admin Console ePulse Menu/Account Settings/Prompts/Prompt Criteria Modal/Add Criteria Dropdown"), "voter_absentee_information", true): All options with value 'voter_absentee_information' are selected in object 'Object Repository/Admin Console ePulse Menu/Account Settings/Prompts/Prompt Criteria Modal/Add Criteria Dropdown'  using regular expression

2018-12-14 12:08:17 - [MESSAGE][PASSED] - All options with value 'voter_absentee_information' are selected in object 'Object Repository/Admin Console ePulse Menu/Account Settings/Prompts/Prompt Criteria Modal/Add Criteria Dropdown'  using regular expression

2018-12-14 12:08:17 - [TEST_STEP][PASSED] - delay(1): Delayed 1 second(s)

2018-12-14 12:08:18 - [MESSAGE][PASSED] - Delayed 1 second(s)

2018-12-14 12:08:18 - [TEST_STEP][PASSED] - selectOptionByValue(findTestObject("Admin Console ePulse Menu/Account Settings/Prompts/Prompt Criteria Modal/Absentee Status Type"), "R", true): All options with value 'R' are selected in object 'Object Repository/Admin Console ePulse Menu/Account Settings/Prompts/Prompt Criteria Modal/Absentee Status Type'  using regular expression

2018-12-14 12:08:18 - [MESSAGE][PASSED] - All options with value 'R' are selected in object 'Object Repository/Admin Console ePulse Menu/Account Settings/Prompts/Prompt Criteria Modal/Absentee Status Type'  using regular expression

2018-12-14 12:08:18 - [TEST_STEP][PASSED] - delay(2): Delayed 2 second(s)

2018-12-14 12:08:20 - [MESSAGE][PASSED] - Delayed 2 second(s)

2018-12-14 12:08:20 - [TEST_STEP][PASSED] - click(findTestObject("Admin Console ePulse Menu/Account Settings/Prompts/Prompt Criteria Modal/Add Criteria(Plus Sign)")): Object: 'Object Repository/Admin Console ePulse Menu/Account Settings/Prompts/Prompt Criteria Modal/Add Criteria(Plus Sign)' is clicked on

2018-12-14 12:08:20 - [MESSAGE][PASSED] - Object: 'Object Repository/Admin Console ePulse Menu/Account Settings/Prompts/Prompt Criteria Modal/Add Criteria(Plus Sign)' is clicked on

2018-12-14 12:08:20 - [TEST_STEP][PASSED] - delay(1): Delayed 1 second(s)

2018-12-14 12:08:21 - [MESSAGE][PASSED] - Delayed 1 second(s)

2018-12-14 12:08:21 - [TEST_STEP][PASSED] - click(findTestObject("Admin Console ePulse Menu/Account Settings/Prompts/Prompt Criteria Modal/Save")): Object: 'Object Repository/Admin Console ePulse Menu/Account Settings/Prompts/Prompt Criteria Modal/Save' is clicked on

2018-12-14 12:08:22 - [MESSAGE][PASSED] - Object: 'Object Repository/Admin Console ePulse Menu/Account Settings/Prompts/Prompt Criteria Modal/Save' is clicked on

2018-12-14 12:08:22 - [TEST_STEP][PASSED] - closeBrowser(): Browser is closed

2018-12-14 12:08:22 - [MESSAGE][PASSED] - Browser is closed]]></system-out>
         <system-err><![CDATA[]]></system-err>
      </testcase>
      <testcase name="Test Cases/Admin Console/Account Settings/Prompts()/Prompts - Buttons" classname="Test Cases/Admin Console/Account Settings/Prompts()/Prompts - Buttons" status="FAILED">
         <failure type="FAILED" message="Test Cases/Admin Console/Account Settings/Prompts()/Prompts - Buttons FAILED.
Reason:
com.kms.katalon.core.exception.StepFailedException: Unable to click on object 'Object Repository/Admin Console ePulse Menu/Account Settings/Prompts/Add_BUTTON_To_Prompt' (Root cause: com.kms.katalon.core.webui.exception.WebElementNotFoundException: Web element with id: 'Object Repository/Admin Console ePulse Menu/Account Settings/Prompts/Add_BUTTON_To_Prompt' located by 'By.xpath: //a[@href = '#' and (text() = 'Buttons
                  ' or . = 'Buttons
                  ')]' not found)
	at com.kms.katalon.core.keyword.internal.KeywordMain.stepFailed(KeywordMain.groovy:36)
	at com.kms.katalon.core.webui.keyword.internal.WebUIKeywordMain.stepFailed(WebUIKeywordMain.groovy:65)
	at com.kms.katalon.core.webui.keyword.internal.WebUIKeywordMain.runKeyword(WebUIKeywordMain.groovy:27)
	at com.kms.katalon.core.webui.keyword.builtin.ClickKeyword.click(ClickKeyword.groovy:86)
	at com.kms.katalon.core.webui.keyword.builtin.ClickKeyword.execute(ClickKeyword.groovy:67)
	at com.kms.katalon.core.keyword.internal.KeywordExecutor.executeKeywordForPlatform(KeywordExecutor.groovy:53)
	at com.kms.katalon.core.webui.keyword.WebUiBuiltInKeywords.click(WebUiBuiltInKeywords.groovy:616)
	at com.kms.katalon.core.webui.keyword.WebUiBuiltInKeywords$click$3.call(Unknown Source)
	at Prompts - Buttons.run(Prompts - Buttons:44)
	at com.kms.katalon.core.main.ScriptEngine.run(ScriptEngine.java:194)
	at com.kms.katalon.core.main.ScriptEngine.runScriptAsRawText(ScriptEngine.java:119)
	at com.kms.katalon.core.main.TestCaseExecutor.runScript(TestCaseExecutor.java:321)
	at com.kms.katalon.core.main.TestCaseExecutor.doExecute(TestCaseExecutor.java:312)
	at com.kms.katalon.core.main.TestCaseExecutor.processExecutionPhase(TestCaseExecutor.java:291)
	at com.kms.katalon.core.main.TestCaseExecutor.accessMainPhase(TestCaseExecutor.java:283)
	at com.kms.katalon.core.main.TestCaseExecutor.execute(TestCaseExecutor.java:222)
	at com.kms.katalon.core.main.TestSuiteExecutor.accessTestCaseMainPhase(TestSuiteExecutor.java:129)
	at com.kms.katalon.core.main.TestSuiteExecutor.accessTestSuiteMainPhase(TestSuiteExecutor.java:112)
	at com.kms.katalon.core.main.TestSuiteExecutor.execute(TestSuiteExecutor.java:81)
	at com.kms.katalon.core.main.TestCaseMain.startTestSuite(TestCaseMain.java:149)
	at com.kms.katalon.core.main.TestCaseMain$startTestSuite$0.call(Unknown Source)
	at TempTestSuite1544810187426.run(TempTestSuite1544810187426.groovy:36)
"/>
         <system-out><![CDATA[2018-12-14 12:08:22 - [TEST_CASE][FAILED] - Test Cases/Admin Console/Account Settings/Prompts()/Prompts - Buttons: Test Cases/Admin Console/Account Settings/Prompts()/Prompts - Buttons FAILED.
Reason:
com.kms.katalon.core.exception.StepFailedException: Unable to click on object 'Object Repository/Admin Console ePulse Menu/Account Settings/Prompts/Add_BUTTON_To_Prompt' (Root cause: com.kms.katalon.core.webui.exception.WebElementNotFoundException: Web element with id: 'Object Repository/Admin Console ePulse Menu/Account Settings/Prompts/Add_BUTTON_To_Prompt' located by 'By.xpath: //a[@href = '#' and (text() = 'Buttons
                  ' or . = 'Buttons
                  ')]' not found)
	at com.kms.katalon.core.keyword.internal.KeywordMain.stepFailed(KeywordMain.groovy:36)
	at com.kms.katalon.core.webui.keyword.internal.WebUIKeywordMain.stepFailed(WebUIKeywordMain.groovy:65)
	at com.kms.katalon.core.webui.keyword.internal.WebUIKeywordMain.runKeyword(WebUIKeywordMain.groovy:27)
	at com.kms.katalon.core.webui.keyword.builtin.ClickKeyword.click(ClickKeyword.groovy:86)
	at com.kms.katalon.core.webui.keyword.builtin.ClickKeyword.execute(ClickKeyword.groovy:67)
	at com.kms.katalon.core.keyword.internal.KeywordExecutor.executeKeywordForPlatform(KeywordExecutor.groovy:53)
	at com.kms.katalon.core.webui.keyword.WebUiBuiltInKeywords.click(WebUiBuiltInKeywords.groovy:616)
	at com.kms.katalon.core.webui.keyword.WebUiBuiltInKeywords$click$3.call(Unknown Source)
	at Prompts - Buttons.run(Prompts - Buttons:44)
	at com.kms.katalon.core.main.ScriptEngine.run(ScriptEngine.java:194)
	at com.kms.katalon.core.main.ScriptEngine.runScriptAsRawText(ScriptEngine.java:119)
	at com.kms.katalon.core.main.TestCaseExecutor.runScript(TestCaseExecutor.java:321)
	at com.kms.katalon.core.main.TestCaseExecutor.doExecute(TestCaseExecutor.java:312)
	at com.kms.katalon.core.main.TestCaseExecutor.processExecutionPhase(TestCaseExecutor.java:291)
	at com.kms.katalon.core.main.TestCaseExecutor.accessMainPhase(TestCaseExecutor.java:283)
	at com.kms.katalon.core.main.TestCaseExecutor.execute(TestCaseExecutor.java:222)
	at com.kms.katalon.core.main.TestSuiteExecutor.accessTestCaseMainPhase(TestSuiteExecutor.java:129)
	at com.kms.katalon.core.main.TestSuiteExecutor.accessTestSuiteMainPhase(TestSuiteExecutor.java:112)
	at com.kms.katalon.core.main.TestSuiteExecutor.execute(TestSuiteExecutor.java:81)
	at com.kms.katalon.core.main.TestCaseMain.startTestSuite(TestCaseMain.java:149)
	at com.kms.katalon.core.main.TestCaseMain$startTestSuite$0.call(Unknown Source)
	at TempTestSuite1544810187426.run(TempTestSuite1544810187426.groovy:36)


2018-12-14 12:08:22 - [TEST_STEP][PASSED] - openBrowser(""): Browser is opened with url: ''

2018-12-14 12:08:22 - [MESSAGE][INFO] - Starting 'Chrome' driver

2018-12-14 12:08:23 - [MESSAGE][PASSED] - Browser is opened with url: ''

2018-12-14 12:08:23 - [TEST_STEP][PASSED] - navigateToUrl(URL): Navigate to 'https://epulsebeta2.com' successfully

2018-12-14 12:08:24 - [MESSAGE][PASSED] - Navigate to 'https://epulsebeta2.com' successfully

2018-12-14 12:08:24 - [TEST_STEP][PASSED] - setText(findTestObject("Login/Email Address"), User_email): Text 'alonzo.mack@knowink.com' is set on object 'Object Repository/Login/Email Address'

2018-12-14 12:08:24 - [MESSAGE][PASSED] - Text 'alonzo.mack@knowink.com' is set on object 'Object Repository/Login/Email Address'

2018-12-14 12:08:24 - [TEST_STEP][PASSED] - setEncryptedText(findTestObject("Login/Password"), Pswrd): Text ****** has been set on object 'Object Repository/Login/Password'

2018-12-14 12:08:24 - [MESSAGE][PASSED] - Text ****** has been set on object 'Object Repository/Login/Password'

2018-12-14 12:08:24 - [TEST_STEP][PASSED] - click(findTestObject("Login/Sign In")): Object: 'Object Repository/Login/Sign In' is clicked on

2018-12-14 12:08:25 - [MESSAGE][PASSED] - Object: 'Object Repository/Login/Sign In' is clicked on

2018-12-14 12:08:25 - [TEST_STEP][PASSED] - delay(1): Delayed 1 second(s)

2018-12-14 12:08:26 - [MESSAGE][PASSED] - Delayed 1 second(s)

2018-12-14 12:08:26 - [TEST_STEP][PASSED] - navigateToUrl(Prompts, STOP_ON_FAILURE): Navigate to 'https://am-Automation-test.epulsebeta2.com/prompts' successfully

2018-12-14 12:08:27 - [MESSAGE][PASSED] - Navigate to 'https://am-Automation-test.epulsebeta2.com/prompts' successfully

2018-12-14 12:08:27 - [TEST_STEP][PASSED] - delay(1): Delayed 1 second(s)

2018-12-14 12:08:28 - [MESSAGE][PASSED] - Delayed 1 second(s)

2018-12-14 12:08:28 - [TEST_STEP][FAILED] - click(findTestObject("Admin Console ePulse Menu/Account Settings/Prompts/Add_BUTTON_To_Prompt")): click(findTestObject("Admin Console ePulse Menu/Account Settings/Prompts/Add_BUTTON_To_Prompt")) FAILED.
Reason:
com.kms.katalon.core.exception.StepFailedException: Unable to click on object 'Object Repository/Admin Console ePulse Menu/Account Settings/Prompts/Add_BUTTON_To_Prompt' (Root cause: com.kms.katalon.core.webui.exception.WebElementNotFoundException: Web element with id: 'Object Repository/Admin Console ePulse Menu/Account Settings/Prompts/Add_BUTTON_To_Prompt' located by 'By.xpath: //a[@href = '#' and (text() = 'Buttons
                  ' or . = 'Buttons
                  ')]' not found)
	at com.kms.katalon.core.keyword.internal.KeywordMain.stepFailed(KeywordMain.groovy:36)
	at com.kms.katalon.core.webui.keyword.internal.WebUIKeywordMain.stepFailed(WebUIKeywordMain.groovy:65)
	at com.kms.katalon.core.webui.keyword.internal.WebUIKeywordMain.runKeyword(WebUIKeywordMain.groovy:27)
	at com.kms.katalon.core.webui.keyword.builtin.ClickKeyword.click(ClickKeyword.groovy:86)
	at com.kms.katalon.core.webui.keyword.builtin.ClickKeyword.execute(ClickKeyword.groovy:67)
	at com.kms.katalon.core.keyword.internal.KeywordExecutor.executeKeywordForPlatform(KeywordExecutor.groovy:53)
	at com.kms.katalon.core.webui.keyword.WebUiBuiltInKeywords.click(WebUiBuiltInKeywords.groovy:616)
	at com.kms.katalon.core.webui.keyword.WebUiBuiltInKeywords$click$3.call(Unknown Source)
	at Prompts - Buttons.run(Prompts - Buttons:44)
	at com.kms.katalon.core.main.ScriptEngine.run(ScriptEngine.java:194)
	at com.kms.katalon.core.main.ScriptEngine.runScriptAsRawText(ScriptEngine.java:119)
	at com.kms.katalon.core.main.TestCaseExecutor.runScript(TestCaseExecutor.java:321)
	at com.kms.katalon.core.main.TestCaseExecutor.doExecute(TestCaseExecutor.java:312)
	at com.kms.katalon.core.main.TestCaseExecutor.processExecutionPhase(TestCaseExecutor.java:291)
	at com.kms.katalon.core.main.TestCaseExecutor.accessMainPhase(TestCaseExecutor.java:283)
	at com.kms.katalon.core.main.TestCaseExecutor.execute(TestCaseExecutor.java:222)
	at com.kms.katalon.core.main.TestSuiteExecutor.accessTestCaseMainPhase(TestSuiteExecutor.java:129)
	at com.kms.katalon.core.main.TestSuiteExecutor.accessTestSuiteMainPhase(TestSuiteExecutor.java:112)
	at com.kms.katalon.core.main.TestSuiteExecutor.execute(TestSuiteExecutor.java:81)
	at com.kms.katalon.core.main.TestCaseMain.startTestSuite(TestCaseMain.java:149)
	at com.kms.katalon.core.main.TestCaseMain$startTestSuite$0.call(Unknown Source)
	at TempTestSuite1544810187426.run(TempTestSuite1544810187426.groovy:36)


2018-12-14 12:08:43 - [MESSAGE][INFO] - Unable to find the element located by 'By.xpath: //a[@href = '#' and (text() = 'Buttons
                  ' or . = 'Buttons
                  ')]'. Please recheck the objects properties to make sure the desired element is located. 

2018-12-14 12:08:44 - [MESSAGE][FAILED] - Unable to click on object 'Object Repository/Admin Console ePulse Menu/Account Settings/Prompts/Add_BUTTON_To_Prompt' (Root cause: com.kms.katalon.core.webui.exception.WebElementNotFoundException: Web element with id: 'Object Repository/Admin Console ePulse Menu/Account Settings/Prompts/Add_BUTTON_To_Prompt' located by 'By.xpath: //a[@href = '#' and (text() = 'Buttons
                  ' or . = 'Buttons
                  ')]' not found)
[[ATTACHMENT|/Users/alonzomack/Katalon Studio/Regression/Reports/dev_staging ready/20181214_115627/1544810923989.png]]

2018-12-14 12:08:44 - [MESSAGE][FAILED] - click(findTestObject("Admin Console ePulse Menu/Account Settings/Prompts/Add_BUTTON_To_Prompt")) FAILED.
Reason:
com.kms.katalon.core.exception.StepFailedException: Unable to click on object 'Object Repository/Admin Console ePulse Menu/Account Settings/Prompts/Add_BUTTON_To_Prompt' (Root cause: com.kms.katalon.core.webui.exception.WebElementNotFoundException: Web element with id: 'Object Repository/Admin Console ePulse Menu/Account Settings/Prompts/Add_BUTTON_To_Prompt' located by 'By.xpath: //a[@href = '#' and (text() = 'Buttons
                  ' or . = 'Buttons
                  ')]' not found)
	at com.kms.katalon.core.keyword.internal.KeywordMain.stepFailed(KeywordMain.groovy:36)
	at com.kms.katalon.core.webui.keyword.internal.WebUIKeywordMain.stepFailed(WebUIKeywordMain.groovy:65)
	at com.kms.katalon.core.webui.keyword.internal.WebUIKeywordMain.runKeyword(WebUIKeywordMain.groovy:27)
	at com.kms.katalon.core.webui.keyword.builtin.ClickKeyword.click(ClickKeyword.groovy:86)
	at com.kms.katalon.core.webui.keyword.builtin.ClickKeyword.execute(ClickKeyword.groovy:67)
	at com.kms.katalon.core.keyword.internal.KeywordExecutor.executeKeywordForPlatform(KeywordExecutor.groovy:53)
	at com.kms.katalon.core.webui.keyword.WebUiBuiltInKeywords.click(WebUiBuiltInKeywords.groovy:616)
	at com.kms.katalon.core.webui.keyword.WebUiBuiltInKeywords$click$3.call(Unknown Source)
	at Prompts - Buttons.run(Prompts - Buttons:44)
	at com.kms.katalon.core.main.ScriptEngine.run(ScriptEngine.java:194)
	at com.kms.katalon.core.main.ScriptEngine.runScriptAsRawText(ScriptEngine.java:119)
	at com.kms.katalon.core.main.TestCaseExecutor.runScript(TestCaseExecutor.java:321)
	at com.kms.katalon.core.main.TestCaseExecutor.doExecute(TestCaseExecutor.java:312)
	at com.kms.katalon.core.main.TestCaseExecutor.processExecutionPhase(TestCaseExecutor.java:291)
	at com.kms.katalon.core.main.TestCaseExecutor.accessMainPhase(TestCaseExecutor.java:283)
	at com.kms.katalon.core.main.TestCaseExecutor.execute(TestCaseExecutor.java:222)
	at com.kms.katalon.core.main.TestSuiteExecutor.accessTestCaseMainPhase(TestSuiteExecutor.java:129)
	at com.kms.katalon.core.main.TestSuiteExecutor.accessTestSuiteMainPhase(TestSuiteExecutor.java:112)
	at com.kms.katalon.core.main.TestSuiteExecutor.execute(TestSuiteExecutor.java:81)
	at com.kms.katalon.core.main.TestCaseMain.startTestSuite(TestCaseMain.java:149)
	at com.kms.katalon.core.main.TestCaseMain$startTestSuite$0.call(Unknown Source)
	at TempTestSuite1544810187426.run(TempTestSuite1544810187426.groovy:36)]]></system-out>
         <system-err><![CDATA[2018-12-14 12:08:22 - [TEST_CASE][FAILED] - Test Cases/Admin Console/Account Settings/Prompts()/Prompts - Buttons: Test Cases/Admin Console/Account Settings/Prompts()/Prompts - Buttons FAILED.
Reason:
com.kms.katalon.core.exception.StepFailedException: Unable to click on object 'Object Repository/Admin Console ePulse Menu/Account Settings/Prompts/Add_BUTTON_To_Prompt' (Root cause: com.kms.katalon.core.webui.exception.WebElementNotFoundException: Web element with id: 'Object Repository/Admin Console ePulse Menu/Account Settings/Prompts/Add_BUTTON_To_Prompt' located by 'By.xpath: //a[@href = '#' and (text() = 'Buttons
                  ' or . = 'Buttons
                  ')]' not found)
	at com.kms.katalon.core.keyword.internal.KeywordMain.stepFailed(KeywordMain.groovy:36)
	at com.kms.katalon.core.webui.keyword.internal.WebUIKeywordMain.stepFailed(WebUIKeywordMain.groovy:65)
	at com.kms.katalon.core.webui.keyword.internal.WebUIKeywordMain.runKeyword(WebUIKeywordMain.groovy:27)
	at com.kms.katalon.core.webui.keyword.builtin.ClickKeyword.click(ClickKeyword.groovy:86)
	at com.kms.katalon.core.webui.keyword.builtin.ClickKeyword.execute(ClickKeyword.groovy:67)
	at com.kms.katalon.core.keyword.internal.KeywordExecutor.executeKeywordForPlatform(KeywordExecutor.groovy:53)
	at com.kms.katalon.core.webui.keyword.WebUiBuiltInKeywords.click(WebUiBuiltInKeywords.groovy:616)
	at com.kms.katalon.core.webui.keyword.WebUiBuiltInKeywords$click$3.call(Unknown Source)
	at Prompts - Buttons.run(Prompts - Buttons:44)
	at com.kms.katalon.core.main.ScriptEngine.run(ScriptEngine.java:194)
	at com.kms.katalon.core.main.ScriptEngine.runScriptAsRawText(ScriptEngine.java:119)
	at com.kms.katalon.core.main.TestCaseExecutor.runScript(TestCaseExecutor.java:321)
	at com.kms.katalon.core.main.TestCaseExecutor.doExecute(TestCaseExecutor.java:312)
	at com.kms.katalon.core.main.TestCaseExecutor.processExecutionPhase(TestCaseExecutor.java:291)
	at com.kms.katalon.core.main.TestCaseExecutor.accessMainPhase(TestCaseExecutor.java:283)
	at com.kms.katalon.core.main.TestCaseExecutor.execute(TestCaseExecutor.java:222)
	at com.kms.katalon.core.main.TestSuiteExecutor.accessTestCaseMainPhase(TestSuiteExecutor.java:129)
	at com.kms.katalon.core.main.TestSuiteExecutor.accessTestSuiteMainPhase(TestSuiteExecutor.java:112)
	at com.kms.katalon.core.main.TestSuiteExecutor.execute(TestSuiteExecutor.java:81)
	at com.kms.katalon.core.main.TestCaseMain.startTestSuite(TestCaseMain.java:149)
	at com.kms.katalon.core.main.TestCaseMain$startTestSuite$0.call(Unknown Source)
	at TempTestSuite1544810187426.run(TempTestSuite1544810187426.groovy:36)]]></system-err>
      </testcase>
      <testcase name="Test Cases/Admin Console/Account Settings/Prompts()/Prompts - Import" classname="Test Cases/Admin Console/Account Settings/Prompts()/Prompts - Import" status="FAILED">
         <failure type="FAILED" message="Test Cases/Admin Console/Account Settings/Prompts()/Prompts - Import FAILED.
Reason:
com.kms.katalon.core.exception.StepFailedException: Unable to set text '/Users/alonzomack/Downloads/prompts-3.txt' of object 'Object Repository/Admin Console ePulse Menu/Account Settings/Prompts/Import Prompts Buttons/Choose File' (Root cause: com.kms.katalon.core.webui.exception.WebElementNotFoundException: Web element with id: 'Object Repository/Admin Console ePulse Menu/Account Settings/Prompts/Import Prompts Buttons/Choose File' located by 'By.xpath: //input[@id=&quot;upload_file_input&quot;]' not found)
	at com.kms.katalon.core.keyword.internal.KeywordMain.stepFailed(KeywordMain.groovy:36)
	at com.kms.katalon.core.webui.keyword.internal.WebUIKeywordMain.stepFailed(WebUIKeywordMain.groovy:65)
	at com.kms.katalon.core.webui.keyword.internal.WebUIKeywordMain.runKeyword(WebUIKeywordMain.groovy:27)
	at com.kms.katalon.core.webui.keyword.builtin.SetTextKeyword.setText(SetTextKeyword.groovy:65)
	at com.kms.katalon.core.webui.keyword.builtin.SetTextKeyword.execute(SetTextKeyword.groovy:37)
	at com.kms.katalon.core.keyword.internal.KeywordExecutor.executeKeywordForPlatform(KeywordExecutor.groovy:53)
	at com.kms.katalon.core.webui.keyword.WebUiBuiltInKeywords.setText(WebUiBuiltInKeywords.groovy:950)
	at com.kms.katalon.core.webui.keyword.WebUiBuiltInKeywords$setText$1.call(Unknown Source)
	at Prompts - Import.run(Prompts - Import:43)
	at com.kms.katalon.core.main.ScriptEngine.run(ScriptEngine.java:194)
	at com.kms.katalon.core.main.ScriptEngine.runScriptAsRawText(ScriptEngine.java:119)
	at com.kms.katalon.core.main.TestCaseExecutor.runScript(TestCaseExecutor.java:321)
	at com.kms.katalon.core.main.TestCaseExecutor.doExecute(TestCaseExecutor.java:312)
	at com.kms.katalon.core.main.TestCaseExecutor.processExecutionPhase(TestCaseExecutor.java:291)
	at com.kms.katalon.core.main.TestCaseExecutor.accessMainPhase(TestCaseExecutor.java:283)
	at com.kms.katalon.core.main.TestCaseExecutor.execute(TestCaseExecutor.java:222)
	at com.kms.katalon.core.main.TestSuiteExecutor.accessTestCaseMainPhase(TestSuiteExecutor.java:129)
	at com.kms.katalon.core.main.TestSuiteExecutor.accessTestSuiteMainPhase(TestSuiteExecutor.java:112)
	at com.kms.katalon.core.main.TestSuiteExecutor.execute(TestSuiteExecutor.java:81)
	at com.kms.katalon.core.main.TestCaseMain.startTestSuite(TestCaseMain.java:149)
	at com.kms.katalon.core.main.TestCaseMain$startTestSuite$0.call(Unknown Source)
	at TempTestSuite1544810187426.run(TempTestSuite1544810187426.groovy:36)
"/>
         <system-out><![CDATA[2018-12-14 12:08:44 - [TEST_CASE][FAILED] - Test Cases/Admin Console/Account Settings/Prompts()/Prompts - Import: Test Cases/Admin Console/Account Settings/Prompts()/Prompts - Import FAILED.
Reason:
com.kms.katalon.core.exception.StepFailedException: Unable to set text '/Users/alonzomack/Downloads/prompts-3.txt' of object 'Object Repository/Admin Console ePulse Menu/Account Settings/Prompts/Import Prompts Buttons/Choose File' (Root cause: com.kms.katalon.core.webui.exception.WebElementNotFoundException: Web element with id: 'Object Repository/Admin Console ePulse Menu/Account Settings/Prompts/Import Prompts Buttons/Choose File' located by 'By.xpath: //input[@id="upload_file_input"]' not found)
	at com.kms.katalon.core.keyword.internal.KeywordMain.stepFailed(KeywordMain.groovy:36)
	at com.kms.katalon.core.webui.keyword.internal.WebUIKeywordMain.stepFailed(WebUIKeywordMain.groovy:65)
	at com.kms.katalon.core.webui.keyword.internal.WebUIKeywordMain.runKeyword(WebUIKeywordMain.groovy:27)
	at com.kms.katalon.core.webui.keyword.builtin.SetTextKeyword.setText(SetTextKeyword.groovy:65)
	at com.kms.katalon.core.webui.keyword.builtin.SetTextKeyword.execute(SetTextKeyword.groovy:37)
	at com.kms.katalon.core.keyword.internal.KeywordExecutor.executeKeywordForPlatform(KeywordExecutor.groovy:53)
	at com.kms.katalon.core.webui.keyword.WebUiBuiltInKeywords.setText(WebUiBuiltInKeywords.groovy:950)
	at com.kms.katalon.core.webui.keyword.WebUiBuiltInKeywords$setText$1.call(Unknown Source)
	at Prompts - Import.run(Prompts - Import:43)
	at com.kms.katalon.core.main.ScriptEngine.run(ScriptEngine.java:194)
	at com.kms.katalon.core.main.ScriptEngine.runScriptAsRawText(ScriptEngine.java:119)
	at com.kms.katalon.core.main.TestCaseExecutor.runScript(TestCaseExecutor.java:321)
	at com.kms.katalon.core.main.TestCaseExecutor.doExecute(TestCaseExecutor.java:312)
	at com.kms.katalon.core.main.TestCaseExecutor.processExecutionPhase(TestCaseExecutor.java:291)
	at com.kms.katalon.core.main.TestCaseExecutor.accessMainPhase(TestCaseExecutor.java:283)
	at com.kms.katalon.core.main.TestCaseExecutor.execute(TestCaseExecutor.java:222)
	at com.kms.katalon.core.main.TestSuiteExecutor.accessTestCaseMainPhase(TestSuiteExecutor.java:129)
	at com.kms.katalon.core.main.TestSuiteExecutor.accessTestSuiteMainPhase(TestSuiteExecutor.java:112)
	at com.kms.katalon.core.main.TestSuiteExecutor.execute(TestSuiteExecutor.java:81)
	at com.kms.katalon.core.main.TestCaseMain.startTestSuite(TestCaseMain.java:149)
	at com.kms.katalon.core.main.TestCaseMain$startTestSuite$0.call(Unknown Source)
	at TempTestSuite1544810187426.run(TempTestSuite1544810187426.groovy:36)


2018-12-14 12:08:44 - [TEST_STEP][PASSED] - openBrowser(""): Browser is opened with url: ''

2018-12-14 12:08:44 - [MESSAGE][WARNING] - A browser is already opened. Closing browser and opening a new one

2018-12-14 12:08:44 - [MESSAGE][INFO] - Starting 'Chrome' driver

2018-12-14 12:08:45 - [MESSAGE][PASSED] - Browser is opened with url: ''

2018-12-14 12:08:45 - [TEST_STEP][PASSED] - navigateToUrl(URL): Navigate to 'https://epulsebeta2.com' successfully

2018-12-14 12:08:47 - [MESSAGE][PASSED] - Navigate to 'https://epulsebeta2.com' successfully

2018-12-14 12:08:47 - [TEST_STEP][PASSED] - setText(findTestObject("Login/Email Address"), User_email): Text 'alonzo.mack@knowink.com' is set on object 'Object Repository/Login/Email Address'

2018-12-14 12:08:47 - [MESSAGE][PASSED] - Text 'alonzo.mack@knowink.com' is set on object 'Object Repository/Login/Email Address'

2018-12-14 12:08:47 - [TEST_STEP][PASSED] - setEncryptedText(findTestObject("Login/Password"), Pswrd): Text ****** has been set on object 'Object Repository/Login/Password'

2018-12-14 12:08:47 - [MESSAGE][PASSED] - Text ****** has been set on object 'Object Repository/Login/Password'

2018-12-14 12:08:47 - [TEST_STEP][PASSED] - click(findTestObject("Login/Sign In")): Object: 'Object Repository/Login/Sign In' is clicked on

2018-12-14 12:08:47 - [MESSAGE][PASSED] - Object: 'Object Repository/Login/Sign In' is clicked on

2018-12-14 12:08:47 - [TEST_STEP][PASSED] - delay(1): Delayed 1 second(s)

2018-12-14 12:08:48 - [MESSAGE][PASSED] - Delayed 1 second(s)

2018-12-14 12:08:48 - [TEST_STEP][PASSED] - navigateToUrl(Prompts_Imports, STOP_ON_FAILURE): Navigate to 'https://am-automation-test.epulsedev2.com/imports/prompts' successfully

2018-12-14 12:08:50 - [MESSAGE][PASSED] - Navigate to 'https://am-automation-test.epulsedev2.com/imports/prompts' successfully

2018-12-14 12:08:50 - [TEST_STEP][FAILED] - setText(findTestObject("Admin Console ePulse Menu/Account Settings/Prompts/Import Prompts Buttons/Choose File"), "/Users/alonzomack/Downloads/prompts-3.txt"): setText(findTestObject("Admin Console ePulse Menu/Account Settings/Prompts/Import Prompts Buttons/Choose File"), "/Users/alonzomack/Downloads/prompts-3.txt") FAILED.
Reason:
com.kms.katalon.core.exception.StepFailedException: Unable to set text '/Users/alonzomack/Downloads/prompts-3.txt' of object 'Object Repository/Admin Console ePulse Menu/Account Settings/Prompts/Import Prompts Buttons/Choose File' (Root cause: com.kms.katalon.core.webui.exception.WebElementNotFoundException: Web element with id: 'Object Repository/Admin Console ePulse Menu/Account Settings/Prompts/Import Prompts Buttons/Choose File' located by 'By.xpath: //input[@id="upload_file_input"]' not found)
	at com.kms.katalon.core.keyword.internal.KeywordMain.stepFailed(KeywordMain.groovy:36)
	at com.kms.katalon.core.webui.keyword.internal.WebUIKeywordMain.stepFailed(WebUIKeywordMain.groovy:65)
	at com.kms.katalon.core.webui.keyword.internal.WebUIKeywordMain.runKeyword(WebUIKeywordMain.groovy:27)
	at com.kms.katalon.core.webui.keyword.builtin.SetTextKeyword.setText(SetTextKeyword.groovy:65)
	at com.kms.katalon.core.webui.keyword.builtin.SetTextKeyword.execute(SetTextKeyword.groovy:37)
	at com.kms.katalon.core.keyword.internal.KeywordExecutor.executeKeywordForPlatform(KeywordExecutor.groovy:53)
	at com.kms.katalon.core.webui.keyword.WebUiBuiltInKeywords.setText(WebUiBuiltInKeywords.groovy:950)
	at com.kms.katalon.core.webui.keyword.WebUiBuiltInKeywords$setText$1.call(Unknown Source)
	at Prompts - Import.run(Prompts - Import:43)
	at com.kms.katalon.core.main.ScriptEngine.run(ScriptEngine.java:194)
	at com.kms.katalon.core.main.ScriptEngine.runScriptAsRawText(ScriptEngine.java:119)
	at com.kms.katalon.core.main.TestCaseExecutor.runScript(TestCaseExecutor.java:321)
	at com.kms.katalon.core.main.TestCaseExecutor.doExecute(TestCaseExecutor.java:312)
	at com.kms.katalon.core.main.TestCaseExecutor.processExecutionPhase(TestCaseExecutor.java:291)
	at com.kms.katalon.core.main.TestCaseExecutor.accessMainPhase(TestCaseExecutor.java:283)
	at com.kms.katalon.core.main.TestCaseExecutor.execute(TestCaseExecutor.java:222)
	at com.kms.katalon.core.main.TestSuiteExecutor.accessTestCaseMainPhase(TestSuiteExecutor.java:129)
	at com.kms.katalon.core.main.TestSuiteExecutor.accessTestSuiteMainPhase(TestSuiteExecutor.java:112)
	at com.kms.katalon.core.main.TestSuiteExecutor.execute(TestSuiteExecutor.java:81)
	at com.kms.katalon.core.main.TestCaseMain.startTestSuite(TestCaseMain.java:149)
	at com.kms.katalon.core.main.TestCaseMain$startTestSuite$0.call(Unknown Source)
	at TempTestSuite1544810187426.run(TempTestSuite1544810187426.groovy:36)


2018-12-14 12:09:05 - [MESSAGE][INFO] - Unable to find the element located by 'By.xpath: //input[@id="upload_file_input"]'. Please recheck the objects properties to make sure the desired element is located. 

2018-12-14 12:09:05 - [MESSAGE][FAILED] - Unable to set text '/Users/alonzomack/Downloads/prompts-3.txt' of object 'Object Repository/Admin Console ePulse Menu/Account Settings/Prompts/Import Prompts Buttons/Choose File' (Root cause: com.kms.katalon.core.webui.exception.WebElementNotFoundException: Web element with id: 'Object Repository/Admin Console ePulse Menu/Account Settings/Prompts/Import Prompts Buttons/Choose File' located by 'By.xpath: //input[@id="upload_file_input"]' not found)
[[ATTACHMENT|/Users/alonzomack/Katalon Studio/Regression/Reports/dev_staging ready/20181214_115627/1544810945424.png]]

2018-12-14 12:09:05 - [MESSAGE][FAILED] - setText(findTestObject("Admin Console ePulse Menu/Account Settings/Prompts/Import Prompts Buttons/Choose File"), "/Users/alonzomack/Downloads/prompts-3.txt") FAILED.
Reason:
com.kms.katalon.core.exception.StepFailedException: Unable to set text '/Users/alonzomack/Downloads/prompts-3.txt' of object 'Object Repository/Admin Console ePulse Menu/Account Settings/Prompts/Import Prompts Buttons/Choose File' (Root cause: com.kms.katalon.core.webui.exception.WebElementNotFoundException: Web element with id: 'Object Repository/Admin Console ePulse Menu/Account Settings/Prompts/Import Prompts Buttons/Choose File' located by 'By.xpath: //input[@id="upload_file_input"]' not found)
	at com.kms.katalon.core.keyword.internal.KeywordMain.stepFailed(KeywordMain.groovy:36)
	at com.kms.katalon.core.webui.keyword.internal.WebUIKeywordMain.stepFailed(WebUIKeywordMain.groovy:65)
	at com.kms.katalon.core.webui.keyword.internal.WebUIKeywordMain.runKeyword(WebUIKeywordMain.groovy:27)
	at com.kms.katalon.core.webui.keyword.builtin.SetTextKeyword.setText(SetTextKeyword.groovy:65)
	at com.kms.katalon.core.webui.keyword.builtin.SetTextKeyword.execute(SetTextKeyword.groovy:37)
	at com.kms.katalon.core.keyword.internal.KeywordExecutor.executeKeywordForPlatform(KeywordExecutor.groovy:53)
	at com.kms.katalon.core.webui.keyword.WebUiBuiltInKeywords.setText(WebUiBuiltInKeywords.groovy:950)
	at com.kms.katalon.core.webui.keyword.WebUiBuiltInKeywords$setText$1.call(Unknown Source)
	at Prompts - Import.run(Prompts - Import:43)
	at com.kms.katalon.core.main.ScriptEngine.run(ScriptEngine.java:194)
	at com.kms.katalon.core.main.ScriptEngine.runScriptAsRawText(ScriptEngine.java:119)
	at com.kms.katalon.core.main.TestCaseExecutor.runScript(TestCaseExecutor.java:321)
	at com.kms.katalon.core.main.TestCaseExecutor.doExecute(TestCaseExecutor.java:312)
	at com.kms.katalon.core.main.TestCaseExecutor.processExecutionPhase(TestCaseExecutor.java:291)
	at com.kms.katalon.core.main.TestCaseExecutor.accessMainPhase(TestCaseExecutor.java:283)
	at com.kms.katalon.core.main.TestCaseExecutor.execute(TestCaseExecutor.java:222)
	at com.kms.katalon.core.main.TestSuiteExecutor.accessTestCaseMainPhase(TestSuiteExecutor.java:129)
	at com.kms.katalon.core.main.TestSuiteExecutor.accessTestSuiteMainPhase(TestSuiteExecutor.java:112)
	at com.kms.katalon.core.main.TestSuiteExecutor.execute(TestSuiteExecutor.java:81)
	at com.kms.katalon.core.main.TestCaseMain.startTestSuite(TestCaseMain.java:149)
	at com.kms.katalon.core.main.TestCaseMain$startTestSuite$0.call(Unknown Source)
	at TempTestSuite1544810187426.run(TempTestSuite1544810187426.groovy:36)]]></system-out>
         <system-err><![CDATA[2018-12-14 12:08:44 - [TEST_CASE][FAILED] - Test Cases/Admin Console/Account Settings/Prompts()/Prompts - Import: Test Cases/Admin Console/Account Settings/Prompts()/Prompts - Import FAILED.
Reason:
com.kms.katalon.core.exception.StepFailedException: Unable to set text '/Users/alonzomack/Downloads/prompts-3.txt' of object 'Object Repository/Admin Console ePulse Menu/Account Settings/Prompts/Import Prompts Buttons/Choose File' (Root cause: com.kms.katalon.core.webui.exception.WebElementNotFoundException: Web element with id: 'Object Repository/Admin Console ePulse Menu/Account Settings/Prompts/Import Prompts Buttons/Choose File' located by 'By.xpath: //input[@id="upload_file_input"]' not found)
	at com.kms.katalon.core.keyword.internal.KeywordMain.stepFailed(KeywordMain.groovy:36)
	at com.kms.katalon.core.webui.keyword.internal.WebUIKeywordMain.stepFailed(WebUIKeywordMain.groovy:65)
	at com.kms.katalon.core.webui.keyword.internal.WebUIKeywordMain.runKeyword(WebUIKeywordMain.groovy:27)
	at com.kms.katalon.core.webui.keyword.builtin.SetTextKeyword.setText(SetTextKeyword.groovy:65)
	at com.kms.katalon.core.webui.keyword.builtin.SetTextKeyword.execute(SetTextKeyword.groovy:37)
	at com.kms.katalon.core.keyword.internal.KeywordExecutor.executeKeywordForPlatform(KeywordExecutor.groovy:53)
	at com.kms.katalon.core.webui.keyword.WebUiBuiltInKeywords.setText(WebUiBuiltInKeywords.groovy:950)
	at com.kms.katalon.core.webui.keyword.WebUiBuiltInKeywords$setText$1.call(Unknown Source)
	at Prompts - Import.run(Prompts - Import:43)
	at com.kms.katalon.core.main.ScriptEngine.run(ScriptEngine.java:194)
	at com.kms.katalon.core.main.ScriptEngine.runScriptAsRawText(ScriptEngine.java:119)
	at com.kms.katalon.core.main.TestCaseExecutor.runScript(TestCaseExecutor.java:321)
	at com.kms.katalon.core.main.TestCaseExecutor.doExecute(TestCaseExecutor.java:312)
	at com.kms.katalon.core.main.TestCaseExecutor.processExecutionPhase(TestCaseExecutor.java:291)
	at com.kms.katalon.core.main.TestCaseExecutor.accessMainPhase(TestCaseExecutor.java:283)
	at com.kms.katalon.core.main.TestCaseExecutor.execute(TestCaseExecutor.java:222)
	at com.kms.katalon.core.main.TestSuiteExecutor.accessTestCaseMainPhase(TestSuiteExecutor.java:129)
	at com.kms.katalon.core.main.TestSuiteExecutor.accessTestSuiteMainPhase(TestSuiteExecutor.java:112)
	at com.kms.katalon.core.main.TestSuiteExecutor.execute(TestSuiteExecutor.java:81)
	at com.kms.katalon.core.main.TestCaseMain.startTestSuite(TestCaseMain.java:149)
	at com.kms.katalon.core.main.TestCaseMain$startTestSuite$0.call(Unknown Source)
	at TempTestSuite1544810187426.run(TempTestSuite1544810187426.groovy:36)]]></system-err>
      </testcase>
      <testcase name="Test Cases/Admin Console/Account Settings/Prompts()/Prompts - Edit" classname="Test Cases/Admin Console/Account Settings/Prompts()/Prompts - Edit" status="PASSED">
         <system-out><![CDATA[2018-12-14 12:09:05 - [TEST_CASE][PASSED] - Test Cases/Admin Console/Account Settings/Prompts()/Prompts - Edit: Test Cases/Admin Console/Account Settings/Prompts()/Prompts - Edit

2018-12-14 12:09:05 - [TEST_STEP][PASSED] - openBrowser(""): Browser is opened with url: ''

2018-12-14 12:09:05 - [MESSAGE][WARNING] - A browser is already opened. Closing browser and opening a new one

2018-12-14 12:09:06 - [MESSAGE][INFO] - Starting 'Chrome' driver

2018-12-14 12:09:07 - [MESSAGE][PASSED] - Browser is opened with url: ''

2018-12-14 12:09:07 - [TEST_STEP][PASSED] - navigateToUrl(URL): Navigate to 'https://epulsebeta2.com' successfully

2018-12-14 12:09:08 - [MESSAGE][PASSED] - Navigate to 'https://epulsebeta2.com' successfully

2018-12-14 12:09:08 - [TEST_STEP][PASSED] - setText(findTestObject("Login/Email Address"), User_email): Text 'alonzo.mack@knowink.com' is set on object 'Object Repository/Login/Email Address'

2018-12-14 12:09:08 - [MESSAGE][PASSED] - Text 'alonzo.mack@knowink.com' is set on object 'Object Repository/Login/Email Address'

2018-12-14 12:09:08 - [TEST_STEP][PASSED] - setEncryptedText(findTestObject("Login/Password"), Pswrd): Text ****** has been set on object 'Object Repository/Login/Password'

2018-12-14 12:09:08 - [MESSAGE][PASSED] - Text ****** has been set on object 'Object Repository/Login/Password'

2018-12-14 12:09:08 - [TEST_STEP][PASSED] - click(findTestObject("Login/Sign In")): Object: 'Object Repository/Login/Sign In' is clicked on

2018-12-14 12:09:09 - [MESSAGE][PASSED] - Object: 'Object Repository/Login/Sign In' is clicked on

2018-12-14 12:09:09 - [TEST_STEP][PASSED] - delay(1): Delayed 1 second(s)

2018-12-14 12:09:10 - [MESSAGE][PASSED] - Delayed 1 second(s)

2018-12-14 12:09:10 - [TEST_STEP][PASSED] - navigateToUrl(Prompts, STOP_ON_FAILURE): Navigate to 'https://am-Automation-test.epulsebeta2.com/prompts' successfully

2018-12-14 12:09:11 - [MESSAGE][PASSED] - Navigate to 'https://am-Automation-test.epulsebeta2.com/prompts' successfully

2018-12-14 12:09:11 - [TEST_STEP][PASSED] - delay(1): Delayed 1 second(s)

2018-12-14 12:09:12 - [MESSAGE][PASSED] - Delayed 1 second(s)

2018-12-14 12:09:12 - [TEST_STEP][PASSED] - click(findTestObject("Admin Console ePulse Menu/Account Settings/Prompts/Edit Prompt")): Object: 'Object Repository/Admin Console ePulse Menu/Account Settings/Prompts/Edit Prompt' is clicked on

2018-12-14 12:09:12 - [MESSAGE][PASSED] - Object: 'Object Repository/Admin Console ePulse Menu/Account Settings/Prompts/Edit Prompt' is clicked on

2018-12-14 12:09:12 - [TEST_STEP][PASSED] - delay(2): Delayed 2 second(s)

2018-12-14 12:09:14 - [MESSAGE][PASSED] - Delayed 2 second(s)

2018-12-14 12:09:14 - [TEST_STEP][PASSED] - setText(findTestObject("Admin Console ePulse Menu/Account Settings/Prompts/Add_Edit Prompt Modal/Name"), "Test Prompt Test"): Text 'Test Prompt Test' is set on object 'Object Repository/Admin Console ePulse Menu/Account Settings/Prompts/Add_Edit Prompt Modal/Name'

2018-12-14 12:09:14 - [MESSAGE][PASSED] - Text 'Test Prompt Test' is set on object 'Object Repository/Admin Console ePulse Menu/Account Settings/Prompts/Add_Edit Prompt Modal/Name'

2018-12-14 12:09:14 - [TEST_STEP][PASSED] - delay(2): Delayed 2 second(s)

2018-12-14 12:09:16 - [MESSAGE][PASSED] - Delayed 2 second(s)

2018-12-14 12:09:16 - [TEST_STEP][PASSED] - setText(findTestObject("Admin Console ePulse Menu/Account Settings/Prompts/Add_Edit Prompt Modal/Heading"), "Prompt Edit"): Text 'Prompt Edit' is set on object 'Object Repository/Admin Console ePulse Menu/Account Settings/Prompts/Add_Edit Prompt Modal/Heading'

2018-12-14 12:09:16 - [MESSAGE][PASSED] - Text 'Prompt Edit' is set on object 'Object Repository/Admin Console ePulse Menu/Account Settings/Prompts/Add_Edit Prompt Modal/Heading'

2018-12-14 12:09:16 - [TEST_STEP][PASSED] - delay(2): Delayed 2 second(s)

2018-12-14 12:09:18 - [MESSAGE][PASSED] - Delayed 2 second(s)

2018-12-14 12:09:18 - [TEST_STEP][PASSED] - selectOptionByValue(findTestObject("Admin Console ePulse Menu/Account Settings/Prompts/Add_Edit Prompt Modal/Select Color"), "2", true): All options with value '2' are selected in object 'Object Repository/Admin Console ePulse Menu/Account Settings/Prompts/Add_Edit Prompt Modal/Select Color'  using regular expression

2018-12-14 12:09:18 - [MESSAGE][PASSED] - All options with value '2' are selected in object 'Object Repository/Admin Console ePulse Menu/Account Settings/Prompts/Add_Edit Prompt Modal/Select Color'  using regular expression

2018-12-14 12:09:18 - [TEST_STEP][PASSED] - delay(2): Delayed 2 second(s)

2018-12-14 12:09:20 - [MESSAGE][PASSED] - Delayed 2 second(s)

2018-12-14 12:09:20 - [TEST_STEP][PASSED] - setText(findTestObject("Admin Console ePulse Menu/Account Settings/Prompts/Add_Edit Prompt Modal/Order"), "2"): Text '2' is set on object 'Object Repository/Admin Console ePulse Menu/Account Settings/Prompts/Add_Edit Prompt Modal/Order'

2018-12-14 12:09:20 - [MESSAGE][PASSED] - Text '2' is set on object 'Object Repository/Admin Console ePulse Menu/Account Settings/Prompts/Add_Edit Prompt Modal/Order'

2018-12-14 12:09:20 - [TEST_STEP][PASSED] - delay(2): Delayed 2 second(s)

2018-12-14 12:09:22 - [MESSAGE][PASSED] - Delayed 2 second(s)

2018-12-14 12:09:22 - [TEST_STEP][PASSED] - setText(findTestObject("Admin Console ePulse Menu/Account Settings/Prompts/Add_Edit Prompt Modal/Field Label"), "Prompt Test"): Text 'Prompt Test' is set on object 'Object Repository/Admin Console ePulse Menu/Account Settings/Prompts/Add_Edit Prompt Modal/Field Label'

2018-12-14 12:09:23 - [MESSAGE][PASSED] - Text 'Prompt Test' is set on object 'Object Repository/Admin Console ePulse Menu/Account Settings/Prompts/Add_Edit Prompt Modal/Field Label'

2018-12-14 12:09:23 - [TEST_STEP][PASSED] - delay(2): Delayed 2 second(s)

2018-12-14 12:09:25 - [MESSAGE][PASSED] - Delayed 2 second(s)

2018-12-14 12:09:25 - [TEST_STEP][PASSED] - setText(findTestObject("Admin Console ePulse Menu/Account Settings/Prompts/Add_Edit Prompt Modal/Field Name"), "prompt test"): Text 'prompt test' is set on object 'Object Repository/Admin Console ePulse Menu/Account Settings/Prompts/Add_Edit Prompt Modal/Field Name'

2018-12-14 12:09:25 - [MESSAGE][PASSED] - Text 'prompt test' is set on object 'Object Repository/Admin Console ePulse Menu/Account Settings/Prompts/Add_Edit Prompt Modal/Field Name'

2018-12-14 12:09:25 - [TEST_STEP][PASSED] - delay(2): Delayed 2 second(s)

2018-12-14 12:09:27 - [MESSAGE][PASSED] - Delayed 2 second(s)

2018-12-14 12:09:27 - [TEST_STEP][PASSED] - click(findTestObject("Admin Console ePulse Menu/Account Settings/Prompts/Add_Edit Prompt Modal/Show Voter Info_slider")): Object: 'Object Repository/Admin Console ePulse Menu/Account Settings/Prompts/Add_Edit Prompt Modal/Show Voter Info_slider' is clicked on

2018-12-14 12:09:27 - [MESSAGE][PASSED] - Object: 'Object Repository/Admin Console ePulse Menu/Account Settings/Prompts/Add_Edit Prompt Modal/Show Voter Info_slider' is clicked on

2018-12-14 12:09:27 - [TEST_STEP][PASSED] - delay(2): Delayed 2 second(s)

2018-12-14 12:09:29 - [MESSAGE][PASSED] - Delayed 2 second(s)

2018-12-14 12:09:29 - [TEST_STEP][PASSED] - click(findTestObject("Admin Console ePulse Menu/Account Settings/Prompts/Add_Edit Prompt Modal/Show Text Field_slider")): Object: 'Object Repository/Admin Console ePulse Menu/Account Settings/Prompts/Add_Edit Prompt Modal/Show Text Field_slider' is clicked on

2018-12-14 12:09:29 - [MESSAGE][PASSED] - Object: 'Object Repository/Admin Console ePulse Menu/Account Settings/Prompts/Add_Edit Prompt Modal/Show Text Field_slider' is clicked on

2018-12-14 12:09:29 - [TEST_STEP][PASSED] - delay(2): Delayed 2 second(s)

2018-12-14 12:09:31 - [MESSAGE][PASSED] - Delayed 2 second(s)

2018-12-14 12:09:31 - [TEST_STEP][PASSED] - setText(findTestObject("Admin Console ePulse Menu/Account Settings/Prompts/Add_Edit Prompt Modal/Instructions textarea "), "Test Prompt2"): Text 'Test Prompt2' is set on object 'Object Repository/Admin Console ePulse Menu/Account Settings/Prompts/Add_Edit Prompt Modal/Instructions textarea '

2018-12-14 12:09:31 - [MESSAGE][PASSED] - Text 'Test Prompt2' is set on object 'Object Repository/Admin Console ePulse Menu/Account Settings/Prompts/Add_Edit Prompt Modal/Instructions textarea '

2018-12-14 12:09:31 - [TEST_STEP][PASSED] - delay(2): Delayed 2 second(s)

2018-12-14 12:09:33 - [MESSAGE][PASSED] - Delayed 2 second(s)

2018-12-14 12:09:33 - [TEST_STEP][PASSED] - click(findTestObject("Admin Console ePulse Menu/Account Settings/Prompts/Add_Edit Prompt Modal/Submit")): Object: 'Object Repository/Admin Console ePulse Menu/Account Settings/Prompts/Add_Edit Prompt Modal/Submit' is clicked on

2018-12-14 12:09:33 - [MESSAGE][PASSED] - Object: 'Object Repository/Admin Console ePulse Menu/Account Settings/Prompts/Add_Edit Prompt Modal/Submit' is clicked on

2018-12-14 12:09:33 - [TEST_STEP][PASSED] - delay(2): Delayed 2 second(s)

2018-12-14 12:09:35 - [MESSAGE][PASSED] - Delayed 2 second(s)

2018-12-14 12:09:35 - [TEST_STEP][PASSED] - closeBrowser(): Browser is closed

2018-12-14 12:09:35 - [MESSAGE][PASSED] - Browser is closed]]></system-out>
         <system-err><![CDATA[]]></system-err>
      </testcase>
      <testcase name="Test Cases/Admin Console/Account Settings/Prompts()/Prompts - Delete" classname="Test Cases/Admin Console/Account Settings/Prompts()/Prompts - Delete" status="PASSED">
         <system-out><![CDATA[2018-12-14 12:09:35 - [TEST_CASE][PASSED] - Test Cases/Admin Console/Account Settings/Prompts()/Prompts - Delete: Test Cases/Admin Console/Account Settings/Prompts()/Prompts - Delete

2018-12-14 12:09:35 - [TEST_STEP][PASSED] - openBrowser(""): Browser is opened with url: ''

2018-12-14 12:09:35 - [MESSAGE][INFO] - Starting 'Chrome' driver

2018-12-14 12:09:36 - [MESSAGE][PASSED] - Browser is opened with url: ''

2018-12-14 12:09:36 - [TEST_STEP][PASSED] - navigateToUrl(URL): Navigate to 'https://epulsebeta2.com' successfully

2018-12-14 12:09:38 - [MESSAGE][PASSED] - Navigate to 'https://epulsebeta2.com' successfully

2018-12-14 12:09:38 - [TEST_STEP][PASSED] - setText(findTestObject("Login/Email Address"), User_email): Text 'alonzo.mack@knowink.com' is set on object 'Object Repository/Login/Email Address'

2018-12-14 12:09:38 - [MESSAGE][PASSED] - Text 'alonzo.mack@knowink.com' is set on object 'Object Repository/Login/Email Address'

2018-12-14 12:09:38 - [TEST_STEP][PASSED] - setEncryptedText(findTestObject("Login/Password"), Pswrd): Text ****** has been set on object 'Object Repository/Login/Password'

2018-12-14 12:09:38 - [MESSAGE][PASSED] - Text ****** has been set on object 'Object Repository/Login/Password'

2018-12-14 12:09:38 - [TEST_STEP][PASSED] - click(findTestObject("Login/Sign In")): Object: 'Object Repository/Login/Sign In' is clicked on

2018-12-14 12:09:38 - [MESSAGE][PASSED] - Object: 'Object Repository/Login/Sign In' is clicked on

2018-12-14 12:09:38 - [TEST_STEP][PASSED] - delay(1): Delayed 1 second(s)

2018-12-14 12:09:39 - [MESSAGE][PASSED] - Delayed 1 second(s)

2018-12-14 12:09:39 - [TEST_STEP][PASSED] - navigateToUrl(Prompts, STOP_ON_FAILURE): Navigate to 'https://am-Automation-test.epulsebeta2.com/prompts' successfully

2018-12-14 12:09:40 - [MESSAGE][PASSED] - Navigate to 'https://am-Automation-test.epulsebeta2.com/prompts' successfully

2018-12-14 12:09:40 - [TEST_STEP][PASSED] - delay(1): Delayed 1 second(s)

2018-12-14 12:09:41 - [MESSAGE][PASSED] - Delayed 1 second(s)

2018-12-14 12:09:41 - [TEST_STEP][PASSED] - click(findTestObject("Admin Console ePulse Menu/Account Settings/Prompts/Delete Prompt")): Object: 'Object Repository/Admin Console ePulse Menu/Account Settings/Prompts/Delete Prompt' is clicked on

2018-12-14 12:09:42 - [MESSAGE][PASSED] - Object: 'Object Repository/Admin Console ePulse Menu/Account Settings/Prompts/Delete Prompt' is clicked on

2018-12-14 12:09:42 - [TEST_STEP][PASSED] - delay(3): Delayed 3 second(s)

2018-12-14 12:09:45 - [MESSAGE][PASSED] - Delayed 3 second(s)

2018-12-14 12:09:45 - [TEST_STEP][PASSED] - acceptAlert(): Alert accepted

2018-12-14 12:09:45 - [MESSAGE][PASSED] - Alert accepted

2018-12-14 12:09:45 - [TEST_STEP][PASSED] - closeBrowser(): Browser is closed

2018-12-14 12:09:45 - [MESSAGE][PASSED] - Browser is closed]]></system-out>
         <system-err><![CDATA[]]></system-err>
      </testcase>
      <testcase name="Test Cases/Admin Console/Poll Workers-Election Officials()/POLL WORKER - CLASSES" classname="Test Cases/Admin Console/Poll Workers-Election Officials()/POLL WORKER - CLASSES" status="PASSED">
         <system-out><![CDATA[2018-12-14 12:09:45 - [TEST_CASE][PASSED] - Test Cases/Admin Console/Poll Workers-Election Officials()/POLL WORKER - CLASSES: Test Cases/Admin Console/Poll Workers-Election Officials()/POLL WORKER - CLASSES

2018-12-14 12:09:45 - [TEST_STEP][PASSED] - openBrowser(""): Browser is opened with url: ''

2018-12-14 12:09:45 - [MESSAGE][INFO] - Starting 'Chrome' driver

2018-12-14 12:09:46 - [MESSAGE][PASSED] - Browser is opened with url: ''

2018-12-14 12:09:46 - [TEST_STEP][PASSED] - navigateToUrl(URL): Navigate to 'https://epulsebeta2.com' successfully

2018-12-14 12:09:47 - [MESSAGE][PASSED] - Navigate to 'https://epulsebeta2.com' successfully

2018-12-14 12:09:47 - [TEST_STEP][PASSED] - setText(findTestObject("Login/Email Address"), User_email): Text 'alonzo.mack@knowink.com' is set on object 'Object Repository/Login/Email Address'

2018-12-14 12:09:47 - [MESSAGE][PASSED] - Text 'alonzo.mack@knowink.com' is set on object 'Object Repository/Login/Email Address'

2018-12-14 12:09:47 - [TEST_STEP][PASSED] - setEncryptedText(findTestObject("Login/Password"), Pswrd): Text ****** has been set on object 'Object Repository/Login/Password'

2018-12-14 12:09:47 - [MESSAGE][PASSED] - Text ****** has been set on object 'Object Repository/Login/Password'

2018-12-14 12:09:47 - [TEST_STEP][PASSED] - click(findTestObject("Login/Sign In")): Object: 'Object Repository/Login/Sign In' is clicked on

2018-12-14 12:09:48 - [MESSAGE][PASSED] - Object: 'Object Repository/Login/Sign In' is clicked on

2018-12-14 12:09:48 - [TEST_STEP][PASSED] - delay(1): Delayed 1 second(s)

2018-12-14 12:09:49 - [MESSAGE][PASSED] - Delayed 1 second(s)

2018-12-14 12:09:49 - [TEST_STEP][PASSED] - delay(1): Delayed 1 second(s)

2018-12-14 12:09:50 - [MESSAGE][PASSED] - Delayed 1 second(s)

2018-12-14 12:09:50 - [TEST_STEP][PASSED] - navigateToUrl(Poll_Workers_Classes_New, STOP_ON_FAILURE): Navigate to 'https://am-automation-test.epulsebeta2.com/poll_worker_classes/new' successfully

2018-12-14 12:09:51 - [MESSAGE][PASSED] - Navigate to 'https://am-automation-test.epulsebeta2.com/poll_worker_classes/new' successfully

2018-12-14 12:09:51 - [TEST_STEP][PASSED] - delay(1): Delayed 1 second(s)

2018-12-14 12:09:52 - [MESSAGE][PASSED] - Delayed 1 second(s)

2018-12-14 12:09:52 - [TEST_STEP][PASSED] - delay(1): Delayed 1 second(s)

2018-12-14 12:09:53 - [MESSAGE][PASSED] - Delayed 1 second(s)

2018-12-14 12:09:53 - [TEST_STEP][PASSED] - click(findTestObject("Admin Console ePulse Menu/Poll Workers/New Poll Worker Class/Class Information/Class Information dropdown")): Object: 'Object Repository/Admin Console ePulse Menu/Poll Workers/New Poll Worker Class/Class Information/Class Information dropdown' is clicked on

2018-12-14 12:09:53 - [MESSAGE][PASSED] - Object: 'Object Repository/Admin Console ePulse Menu/Poll Workers/New Poll Worker Class/Class Information/Class Information dropdown' is clicked on

2018-12-14 12:09:53 - [TEST_STEP][PASSED] - delay(1): Delayed 1 second(s)

2018-12-14 12:09:54 - [MESSAGE][PASSED] - Delayed 1 second(s)

2018-12-14 12:09:54 - [TEST_STEP][PASSED] - setText(findTestObject("Admin Console ePulse Menu/Poll Workers/New Poll Worker Class/Class Information/Name"), "Name"): Text 'Name' is set on object 'Object Repository/Admin Console ePulse Menu/Poll Workers/New Poll Worker Class/Class Information/Name'

2018-12-14 12:09:54 - [MESSAGE][PASSED] - Text 'Name' is set on object 'Object Repository/Admin Console ePulse Menu/Poll Workers/New Poll Worker Class/Class Information/Name'

2018-12-14 12:09:54 - [TEST_STEP][PASSED] - delay(1): Delayed 1 second(s)

2018-12-14 12:09:55 - [MESSAGE][PASSED] - Delayed 1 second(s)

2018-12-14 12:09:55 - [TEST_STEP][PASSED] - setText(findTestObject("Admin Console ePulse Menu/Poll Workers/New Poll Worker Class/Class Information/Instructor"), "Instructor"): Text 'Instructor' is set on object 'Object Repository/Admin Console ePulse Menu/Poll Workers/New Poll Worker Class/Class Information/Instructor'

2018-12-14 12:09:55 - [MESSAGE][PASSED] - Text 'Instructor' is set on object 'Object Repository/Admin Console ePulse Menu/Poll Workers/New Poll Worker Class/Class Information/Instructor'

2018-12-14 12:09:55 - [TEST_STEP][PASSED] - delay(1): Delayed 1 second(s)

2018-12-14 12:09:56 - [MESSAGE][PASSED] - Delayed 1 second(s)

2018-12-14 12:09:56 - [TEST_STEP][PASSED] - setText(findTestObject("Admin Console ePulse Menu/Poll Workers/New Poll Worker Class/Address Information/Location"), "Location"): Text 'Location' is set on object 'Object Repository/Admin Console ePulse Menu/Poll Workers/New Poll Worker Class/Address Information/Location'

2018-12-14 12:09:57 - [MESSAGE][PASSED] - Text 'Location' is set on object 'Object Repository/Admin Console ePulse Menu/Poll Workers/New Poll Worker Class/Address Information/Location'

2018-12-14 12:09:57 - [TEST_STEP][PASSED] - delay(1): Delayed 1 second(s)

2018-12-14 12:09:58 - [MESSAGE][PASSED] - Delayed 1 second(s)

2018-12-14 12:09:58 - [TEST_STEP][PASSED] - doubleClick(findTestObject("Admin Console ePulse Menu/Poll Workers/New Poll Worker Class/Class Information/Date")): Object: 'Object Repository/Admin Console ePulse Menu/Poll Workers/New Poll Worker Class/Class Information/Date' is double clicked on

2018-12-14 12:09:58 - [MESSAGE][PASSED] - Object: 'Object Repository/Admin Console ePulse Menu/Poll Workers/New Poll Worker Class/Class Information/Date' is double clicked on

2018-12-14 12:09:58 - [TEST_STEP][PASSED] - delay(1): Delayed 1 second(s)

2018-12-14 12:09:59 - [MESSAGE][PASSED] - Delayed 1 second(s)

2018-12-14 12:09:59 - [TEST_STEP][PASSED] - setText(findTestObject("Admin Console ePulse Menu/Poll Workers/New Poll Worker Class/Class Information/Rate"), "10"): Text '10' is set on object 'Object Repository/Admin Console ePulse Menu/Poll Workers/New Poll Worker Class/Class Information/Rate'

2018-12-14 12:09:59 - [MESSAGE][PASSED] - Text '10' is set on object 'Object Repository/Admin Console ePulse Menu/Poll Workers/New Poll Worker Class/Class Information/Rate'

2018-12-14 12:09:59 - [TEST_STEP][PASSED] - delay(1): Delayed 1 second(s)

2018-12-14 12:10:00 - [MESSAGE][PASSED] - Delayed 1 second(s)

2018-12-14 12:10:00 - [TEST_STEP][PASSED] - setText(findTestObject("Admin Console ePulse Menu/Poll Workers/New Poll Worker Class/Class Information/Class Description"), "Descipt"): Text 'Descipt' is set on object 'Object Repository/Admin Console ePulse Menu/Poll Workers/New Poll Worker Class/Class Information/Class Description'

2018-12-14 12:10:00 - [MESSAGE][PASSED] - Text 'Descipt' is set on object 'Object Repository/Admin Console ePulse Menu/Poll Workers/New Poll Worker Class/Class Information/Class Description'

2018-12-14 12:10:00 - [TEST_STEP][PASSED] - delay(1): Delayed 1 second(s)

2018-12-14 12:10:01 - [MESSAGE][PASSED] - Delayed 1 second(s)

2018-12-14 12:10:01 - [TEST_STEP][PASSED] - click(findTestObject("Admin Console ePulse Menu/Poll Workers/New Poll Worker Class/Address Information/Address Information dropdown")): Object: 'Object Repository/Admin Console ePulse Menu/Poll Workers/New Poll Worker Class/Address Information/Address Information dropdown' is clicked on

2018-12-14 12:10:01 - [MESSAGE][PASSED] - Object: 'Object Repository/Admin Console ePulse Menu/Poll Workers/New Poll Worker Class/Address Information/Address Information dropdown' is clicked on

2018-12-14 12:10:01 - [TEST_STEP][PASSED] - delay(1): Delayed 1 second(s)

2018-12-14 12:10:02 - [MESSAGE][PASSED] - Delayed 1 second(s)

2018-12-14 12:10:02 - [TEST_STEP][PASSED] - setText(findTestObject("Admin Console ePulse Menu/Poll Workers/New Poll Worker Class/Address Information/Address1"), "123"): Text '123' is set on object 'Object Repository/Admin Console ePulse Menu/Poll Workers/New Poll Worker Class/Address Information/Address1'

2018-12-14 12:10:02 - [MESSAGE][PASSED] - Text '123' is set on object 'Object Repository/Admin Console ePulse Menu/Poll Workers/New Poll Worker Class/Address Information/Address1'

2018-12-14 12:10:02 - [TEST_STEP][PASSED] - delay(1): Delayed 1 second(s)

2018-12-14 12:10:03 - [MESSAGE][PASSED] - Delayed 1 second(s)

2018-12-14 12:10:03 - [TEST_STEP][PASSED] - setText(findTestObject("Admin Console ePulse Menu/Poll Workers/New Poll Worker Class/Address Information/Address2"), "abc"): Text 'abc' is set on object 'Object Repository/Admin Console ePulse Menu/Poll Workers/New Poll Worker Class/Address Information/Address2'

2018-12-14 12:10:03 - [MESSAGE][PASSED] - Text 'abc' is set on object 'Object Repository/Admin Console ePulse Menu/Poll Workers/New Poll Worker Class/Address Information/Address2'

2018-12-14 12:10:03 - [TEST_STEP][PASSED] - delay(1): Delayed 1 second(s)

2018-12-14 12:10:04 - [MESSAGE][PASSED] - Delayed 1 second(s)

2018-12-14 12:10:04 - [TEST_STEP][PASSED] - setText(findTestObject("Admin Console ePulse Menu/Poll Workers/New Poll Worker Class/Address Information/City"), "abc"): Text 'abc' is set on object 'Object Repository/Admin Console ePulse Menu/Poll Workers/New Poll Worker Class/Address Information/City'

2018-12-14 12:10:04 - [MESSAGE][PASSED] - Text 'abc' is set on object 'Object Repository/Admin Console ePulse Menu/Poll Workers/New Poll Worker Class/Address Information/City'

2018-12-14 12:10:04 - [TEST_STEP][PASSED] - delay(1): Delayed 1 second(s)

2018-12-14 12:10:05 - [MESSAGE][PASSED] - Delayed 1 second(s)

2018-12-14 12:10:05 - [TEST_STEP][PASSED] - setText(findTestObject("Admin Console ePulse Menu/Poll Workers/New Poll Worker Class/Address Information/State"), "ab"): Text 'ab' is set on object 'Object Repository/Admin Console ePulse Menu/Poll Workers/New Poll Worker Class/Address Information/State'

2018-12-14 12:10:05 - [MESSAGE][PASSED] - Text 'ab' is set on object 'Object Repository/Admin Console ePulse Menu/Poll Workers/New Poll Worker Class/Address Information/State'

2018-12-14 12:10:05 - [TEST_STEP][PASSED] - delay(1): Delayed 1 second(s)

2018-12-14 12:10:06 - [MESSAGE][PASSED] - Delayed 1 second(s)

2018-12-14 12:10:06 - [TEST_STEP][PASSED] - setText(findTestObject("Admin Console ePulse Menu/Poll Workers/New Poll Worker Class/Address Information/Zip"), "62232"): Text '62232' is set on object 'Object Repository/Admin Console ePulse Menu/Poll Workers/New Poll Worker Class/Address Information/Zip'

2018-12-14 12:10:06 - [MESSAGE][PASSED] - Text '62232' is set on object 'Object Repository/Admin Console ePulse Menu/Poll Workers/New Poll Worker Class/Address Information/Zip'

2018-12-14 12:10:06 - [TEST_STEP][PASSED] - delay(1): Delayed 1 second(s)

2018-12-14 12:10:07 - [MESSAGE][PASSED] - Delayed 1 second(s)

2018-12-14 12:10:07 - [TEST_STEP][PASSED] - click(findTestObject("Admin Console ePulse Menu/Poll Workers/New Poll Worker Class/Submit")): Object: 'Object Repository/Admin Console ePulse Menu/Poll Workers/New Poll Worker Class/Submit' is clicked on

2018-12-14 12:10:08 - [MESSAGE][PASSED] - Object: 'Object Repository/Admin Console ePulse Menu/Poll Workers/New Poll Worker Class/Submit' is clicked on

2018-12-14 12:10:08 - [TEST_STEP][PASSED] - closeBrowser(): Browser is closed

2018-12-14 12:10:08 - [MESSAGE][PASSED] - Browser is closed]]></system-out>
         <system-err><![CDATA[]]></system-err>
      </testcase>
      <testcase name="Test Cases/Admin Console/Poll Workers-Election Officials()/POLL WORKER - ROLES" classname="Test Cases/Admin Console/Poll Workers-Election Officials()/POLL WORKER - ROLES" status="PASSED">
         <system-out><![CDATA[2018-12-14 12:10:08 - [TEST_CASE][PASSED] - Test Cases/Admin Console/Poll Workers-Election Officials()/POLL WORKER - ROLES: Test Cases/Admin Console/Poll Workers-Election Officials()/POLL WORKER - ROLES

2018-12-14 12:10:08 - [TEST_STEP][PASSED] - openBrowser(""): Browser is opened with url: ''

2018-12-14 12:10:08 - [MESSAGE][INFO] - Starting 'Chrome' driver

2018-12-14 12:10:09 - [MESSAGE][PASSED] - Browser is opened with url: ''

2018-12-14 12:10:09 - [TEST_STEP][PASSED] - navigateToUrl(URL): Navigate to 'https://epulsebeta2.com' successfully

2018-12-14 12:10:11 - [MESSAGE][PASSED] - Navigate to 'https://epulsebeta2.com' successfully

2018-12-14 12:10:11 - [TEST_STEP][PASSED] - setText(findTestObject("Login/Email Address"), User_email): Text 'alonzo.mack@knowink.com' is set on object 'Object Repository/Login/Email Address'

2018-12-14 12:10:11 - [MESSAGE][PASSED] - Text 'alonzo.mack@knowink.com' is set on object 'Object Repository/Login/Email Address'

2018-12-14 12:10:11 - [TEST_STEP][PASSED] - setEncryptedText(findTestObject("Login/Password"), Pswrd): Text ****** has been set on object 'Object Repository/Login/Password'

2018-12-14 12:10:11 - [MESSAGE][PASSED] - Text ****** has been set on object 'Object Repository/Login/Password'

2018-12-14 12:10:11 - [TEST_STEP][PASSED] - click(findTestObject("Login/Sign In")): Object: 'Object Repository/Login/Sign In' is clicked on

2018-12-14 12:10:12 - [MESSAGE][PASSED] - Object: 'Object Repository/Login/Sign In' is clicked on

2018-12-14 12:10:12 - [TEST_STEP][PASSED] - delay(1): Delayed 1 second(s)

2018-12-14 12:10:13 - [MESSAGE][PASSED] - Delayed 1 second(s)

2018-12-14 12:10:13 - [TEST_STEP][PASSED] - delay(1): Delayed 1 second(s)

2018-12-14 12:10:14 - [MESSAGE][PASSED] - Delayed 1 second(s)

2018-12-14 12:10:14 - [TEST_STEP][PASSED] - navigateToUrl(Poll_Workers_Roles, STOP_ON_FAILURE): Navigate to 'https://am-automation-test.epulsebeta2.com/poll_worker_roles' successfully

2018-12-14 12:10:15 - [MESSAGE][PASSED] - Navigate to 'https://am-automation-test.epulsebeta2.com/poll_worker_roles' successfully

2018-12-14 12:10:15 - [TEST_STEP][PASSED] - delay(1): Delayed 1 second(s)

2018-12-14 12:10:16 - [MESSAGE][PASSED] - Delayed 1 second(s)

2018-12-14 12:10:16 - [TEST_STEP][PASSED] - delay(1): Delayed 1 second(s)

2018-12-14 12:10:17 - [MESSAGE][PASSED] - Delayed 1 second(s)

2018-12-14 12:10:17 - [TEST_STEP][PASSED] - delay(1): Delayed 1 second(s)

2018-12-14 12:10:18 - [MESSAGE][PASSED] - Delayed 1 second(s)

2018-12-14 12:10:18 - [TEST_STEP][PASSED] - click(findTestObject("Admin Console ePulse Menu/Poll Workers/Poll Workers Roles/Add Role")): Object: 'Object Repository/Admin Console ePulse Menu/Poll Workers/Poll Workers Roles/Add Role' is clicked on

2018-12-14 12:10:18 - [MESSAGE][PASSED] - Object: 'Object Repository/Admin Console ePulse Menu/Poll Workers/Poll Workers Roles/Add Role' is clicked on

2018-12-14 12:10:18 - [TEST_STEP][PASSED] - delay(1): Delayed 1 second(s)

2018-12-14 12:10:19 - [MESSAGE][PASSED] - Delayed 1 second(s)

2018-12-14 12:10:19 - [TEST_STEP][PASSED] - setText(findTestObject("Admin Console ePulse Menu/Poll Workers/Poll Workers Roles/Add Poll Workers Roles Modal/input_Name"), "Senior Admin"): Text 'Senior Admin' is set on object 'Object Repository/Admin Console ePulse Menu/Poll Workers/Poll Workers Roles/Add Poll Workers Roles Modal/input_Name'

2018-12-14 12:10:19 - [MESSAGE][PASSED] - Text 'Senior Admin' is set on object 'Object Repository/Admin Console ePulse Menu/Poll Workers/Poll Workers Roles/Add Poll Workers Roles Modal/input_Name'

2018-12-14 12:10:19 - [TEST_STEP][PASSED] - delay(1): Delayed 1 second(s)

2018-12-14 12:10:20 - [MESSAGE][PASSED] - Delayed 1 second(s)

2018-12-14 12:10:20 - [TEST_STEP][PASSED] - setText(findTestObject("Admin Console ePulse Menu/Poll Workers/Poll Workers Roles/Add Poll Workers Roles Modal/Rate"), "15"): Text '15' is set on object 'Object Repository/Admin Console ePulse Menu/Poll Workers/Poll Workers Roles/Add Poll Workers Roles Modal/Rate'

2018-12-14 12:10:20 - [MESSAGE][PASSED] - Text '15' is set on object 'Object Repository/Admin Console ePulse Menu/Poll Workers/Poll Workers Roles/Add Poll Workers Roles Modal/Rate'

2018-12-14 12:10:20 - [TEST_STEP][PASSED] - delay(1): Delayed 1 second(s)

2018-12-14 12:10:21 - [MESSAGE][PASSED] - Delayed 1 second(s)

2018-12-14 12:10:21 - [TEST_STEP][PASSED] - selectOptionByValue(findTestObject("Admin Console ePulse Menu/Poll Workers/Poll Workers Roles/Add Poll Workers Roles Modal/Select Rate Type"), "1", true): All options with value '1' are selected in object 'Object Repository/Admin Console ePulse Menu/Poll Workers/Poll Workers Roles/Add Poll Workers Roles Modal/Select Rate Type'  using regular expression

2018-12-14 12:10:21 - [MESSAGE][PASSED] - All options with value '1' are selected in object 'Object Repository/Admin Console ePulse Menu/Poll Workers/Poll Workers Roles/Add Poll Workers Roles Modal/Select Rate Type'  using regular expression

2018-12-14 12:10:21 - [TEST_STEP][PASSED] - delay(1): Delayed 1 second(s)

2018-12-14 12:10:22 - [MESSAGE][PASSED] - Delayed 1 second(s)

2018-12-14 12:10:22 - [TEST_STEP][PASSED] - setText(findTestObject("Admin Console ePulse Menu/Poll Workers/Poll Workers Roles/Add Poll Workers Roles Modal/input_Max hours for hourly pay"), "8"): Text '8' is set on object 'Object Repository/Admin Console ePulse Menu/Poll Workers/Poll Workers Roles/Add Poll Workers Roles Modal/input_Max hours for hourly pay'

2018-12-14 12:10:22 - [MESSAGE][PASSED] - Text '8' is set on object 'Object Repository/Admin Console ePulse Menu/Poll Workers/Poll Workers Roles/Add Poll Workers Roles Modal/input_Max hours for hourly pay'

2018-12-14 12:10:22 - [TEST_STEP][PASSED] - delay(1): Delayed 1 second(s)

2018-12-14 12:10:23 - [MESSAGE][PASSED] - Delayed 1 second(s)

2018-12-14 12:10:23 - [TEST_STEP][PASSED] - click(findTestObject("Admin Console ePulse Menu/Poll Workers/Poll Workers Roles/Add Poll Workers Roles Modal/SAVE")): Object: 'Object Repository/Admin Console ePulse Menu/Poll Workers/Poll Workers Roles/Add Poll Workers Roles Modal/SAVE' is clicked on

2018-12-14 12:10:23 - [MESSAGE][PASSED] - Object: 'Object Repository/Admin Console ePulse Menu/Poll Workers/Poll Workers Roles/Add Poll Workers Roles Modal/SAVE' is clicked on

2018-12-14 12:10:23 - [TEST_STEP][PASSED] - delay(1): Delayed 1 second(s)

2018-12-14 12:10:24 - [MESSAGE][PASSED] - Delayed 1 second(s)

2018-12-14 12:10:24 - [TEST_STEP][PASSED] - closeBrowser(): Browser is closed

2018-12-14 12:10:24 - [MESSAGE][PASSED] - Browser is closed]]></system-out>
         <system-err><![CDATA[]]></system-err>
      </testcase>
      <testcase name="Test Cases/Admin Console/Poll Workers-Election Officials()/Poll Workers - Manage - ADD" classname="Test Cases/Admin Console/Poll Workers-Election Officials()/Poll Workers - Manage - ADD" status="PASSED">
         <system-out><![CDATA[2018-12-14 12:10:24 - [TEST_CASE][PASSED] - Test Cases/Admin Console/Poll Workers-Election Officials()/Poll Workers - Manage - ADD: Test Cases/Admin Console/Poll Workers-Election Officials()/Poll Workers - Manage - ADD

2018-12-14 12:10:25 - [TEST_STEP][PASSED] - openBrowser(""): Browser is opened with url: ''

2018-12-14 12:10:25 - [MESSAGE][INFO] - Starting 'Chrome' driver

2018-12-14 12:10:26 - [MESSAGE][PASSED] - Browser is opened with url: ''

2018-12-14 12:10:26 - [TEST_STEP][PASSED] - navigateToUrl(URL): Navigate to 'https://epulsebeta2.com' successfully

2018-12-14 12:10:27 - [MESSAGE][PASSED] - Navigate to 'https://epulsebeta2.com' successfully

2018-12-14 12:10:27 - [TEST_STEP][PASSED] - setText(findTestObject("Login/Email Address"), User_email): Text 'alonzo.mack@knowink.com' is set on object 'Object Repository/Login/Email Address'

2018-12-14 12:10:27 - [MESSAGE][PASSED] - Text 'alonzo.mack@knowink.com' is set on object 'Object Repository/Login/Email Address'

2018-12-14 12:10:27 - [TEST_STEP][PASSED] - setEncryptedText(findTestObject("Login/Password"), Pswrd): Text ****** has been set on object 'Object Repository/Login/Password'

2018-12-14 12:10:27 - [MESSAGE][PASSED] - Text ****** has been set on object 'Object Repository/Login/Password'

2018-12-14 12:10:27 - [TEST_STEP][PASSED] - click(findTestObject("Login/Sign In")): Object: 'Object Repository/Login/Sign In' is clicked on

2018-12-14 12:10:28 - [MESSAGE][PASSED] - Object: 'Object Repository/Login/Sign In' is clicked on

2018-12-14 12:10:28 - [TEST_STEP][PASSED] - delay(1): Delayed 1 second(s)

2018-12-14 12:10:29 - [MESSAGE][PASSED] - Delayed 1 second(s)

2018-12-14 12:10:29 - [TEST_STEP][PASSED] - navigateToUrl(Poll_Workers, STOP_ON_FAILURE): Navigate to 'https://am-automation-test.epulsebeta2.com/poll_workers' successfully

2018-12-14 12:10:30 - [MESSAGE][PASSED] - Navigate to 'https://am-automation-test.epulsebeta2.com/poll_workers' successfully

2018-12-14 12:10:30 - [TEST_STEP][PASSED] - delay(1): Delayed 1 second(s)

2018-12-14 12:10:31 - [MESSAGE][PASSED] - Delayed 1 second(s)

2018-12-14 12:10:31 - [TEST_STEP][PASSED] - click(findTestObject("Admin Console ePulse Menu/Poll Workers/Poll Workers - Manage Page/Poll Workers (Actions Options)/Actions")): Object: 'Object Repository/Admin Console ePulse Menu/Poll Workers/Poll Workers - Manage Page/Poll Workers (Actions Options)/Actions' is clicked on

2018-12-14 12:10:31 - [MESSAGE][PASSED] - Object: 'Object Repository/Admin Console ePulse Menu/Poll Workers/Poll Workers - Manage Page/Poll Workers (Actions Options)/Actions' is clicked on

2018-12-14 12:10:31 - [TEST_STEP][PASSED] - delay(1): Delayed 1 second(s)

2018-12-14 12:10:32 - [MESSAGE][PASSED] - Delayed 1 second(s)

2018-12-14 12:10:32 - [TEST_STEP][PASSED] - click(findTestObject("Admin Console ePulse Menu/Poll Workers/Poll Workers - Manage Page/Poll Workers (Actions Options)/Add Poll Worker")): Object: 'Object Repository/Admin Console ePulse Menu/Poll Workers/Poll Workers - Manage Page/Poll Workers (Actions Options)/Add Poll Worker' is clicked on

2018-12-14 12:10:33 - [MESSAGE][PASSED] - Object: 'Object Repository/Admin Console ePulse Menu/Poll Workers/Poll Workers - Manage Page/Poll Workers (Actions Options)/Add Poll Worker' is clicked on

2018-12-14 12:10:33 - [TEST_STEP][PASSED] - delay(1): Delayed 1 second(s)

2018-12-14 12:10:34 - [MESSAGE][PASSED] - Delayed 1 second(s)

2018-12-14 12:10:34 - [TEST_STEP][PASSED] - click(findTestObject("Admin Console ePulse Menu/Poll Workers/Poll Workers - Manage Page/New Poll Worker/Personal Information/Personal Information dropdown")): Object: 'Object Repository/Admin Console ePulse Menu/Poll Workers/Poll Workers - Manage Page/New Poll Worker/Personal Information/Personal Information dropdown' is clicked on

2018-12-14 12:10:34 - [MESSAGE][PASSED] - Object: 'Object Repository/Admin Console ePulse Menu/Poll Workers/Poll Workers - Manage Page/New Poll Worker/Personal Information/Personal Information dropdown' is clicked on

2018-12-14 12:10:34 - [TEST_STEP][PASSED] - delay(1): Delayed 1 second(s)

2018-12-14 12:10:35 - [MESSAGE][PASSED] - Delayed 1 second(s)

2018-12-14 12:10:35 - [TEST_STEP][PASSED] - setText(findTestObject("Admin Console ePulse Menu/Poll Workers/Poll Workers - Manage Page/New Poll Worker/Personal Information/input_First Name"), "poll"): Text 'poll' is set on object 'Object Repository/Admin Console ePulse Menu/Poll Workers/Poll Workers - Manage Page/New Poll Worker/Personal Information/input_First Name'

2018-12-14 12:10:35 - [MESSAGE][PASSED] - Text 'poll' is set on object 'Object Repository/Admin Console ePulse Menu/Poll Workers/Poll Workers - Manage Page/New Poll Worker/Personal Information/input_First Name'

2018-12-14 12:10:35 - [TEST_STEP][PASSED] - delay(1): Delayed 1 second(s)

2018-12-14 12:10:36 - [MESSAGE][PASSED] - Delayed 1 second(s)

2018-12-14 12:10:36 - [TEST_STEP][PASSED] - setText(findTestObject("Admin Console ePulse Menu/Poll Workers/Poll Workers - Manage Page/New Poll Worker/Personal Information/input_Last Name"), "worker"): Text 'worker' is set on object 'Object Repository/Admin Console ePulse Menu/Poll Workers/Poll Workers - Manage Page/New Poll Worker/Personal Information/input_Last Name'

2018-12-14 12:10:36 - [MESSAGE][PASSED] - Text 'worker' is set on object 'Object Repository/Admin Console ePulse Menu/Poll Workers/Poll Workers - Manage Page/New Poll Worker/Personal Information/input_Last Name'

2018-12-14 12:10:36 - [TEST_STEP][PASSED] - delay(1): Delayed 1 second(s)

2018-12-14 12:10:37 - [MESSAGE][PASSED] - Delayed 1 second(s)

2018-12-14 12:10:37 - [TEST_STEP][PASSED] - click(findTestObject("Admin Console ePulse Menu/Poll Workers/Poll Workers - Manage Page/New Poll Worker/Personal Information/Party Select/Select DEM")): Object: 'Object Repository/Admin Console ePulse Menu/Poll Workers/Poll Workers - Manage Page/New Poll Worker/Personal Information/Party Select/Select DEM' is clicked on

2018-12-14 12:10:37 - [MESSAGE][PASSED] - Object: 'Object Repository/Admin Console ePulse Menu/Poll Workers/Poll Workers - Manage Page/New Poll Worker/Personal Information/Party Select/Select DEM' is clicked on

2018-12-14 12:10:37 - [TEST_STEP][PASSED] - delay(1): Delayed 1 second(s)

2018-12-14 12:10:38 - [MESSAGE][PASSED] - Delayed 1 second(s)

2018-12-14 12:10:38 - [TEST_STEP][PASSED] - click(findTestObject("Admin Console ePulse Menu/Poll Workers/Poll Workers - Manage Page/New Poll Worker/Personal Information/Status Select/Select Active")): Object: 'Object Repository/Admin Console ePulse Menu/Poll Workers/Poll Workers - Manage Page/New Poll Worker/Personal Information/Status Select/Select Active' is clicked on

2018-12-14 12:10:38 - [MESSAGE][PASSED] - Object: 'Object Repository/Admin Console ePulse Menu/Poll Workers/Poll Workers - Manage Page/New Poll Worker/Personal Information/Status Select/Select Active' is clicked on

2018-12-14 12:10:38 - [TEST_STEP][PASSED] - delay(1): Delayed 1 second(s)

2018-12-14 12:10:39 - [MESSAGE][PASSED] - Delayed 1 second(s)

2018-12-14 12:10:39 - [TEST_STEP][PASSED] - click(findTestObject("Admin Console ePulse Menu/Poll Workers/Poll Workers - Manage Page/New Poll Worker/Poll Pad Login/Poll Pad Login Dropdown")): Object: 'Object Repository/Admin Console ePulse Menu/Poll Workers/Poll Workers - Manage Page/New Poll Worker/Poll Pad Login/Poll Pad Login Dropdown' is clicked on

2018-12-14 12:10:39 - [MESSAGE][PASSED] - Object: 'Object Repository/Admin Console ePulse Menu/Poll Workers/Poll Workers - Manage Page/New Poll Worker/Poll Pad Login/Poll Pad Login Dropdown' is clicked on

2018-12-14 12:10:39 - [TEST_STEP][PASSED] - delay(1): Delayed 1 second(s)

2018-12-14 12:10:40 - [MESSAGE][PASSED] - Delayed 1 second(s)

2018-12-14 12:10:40 - [TEST_STEP][PASSED] - setText(findTestObject("Admin Console ePulse Menu/Poll Workers/Poll Workers - Manage Page/New Poll Worker/Poll Pad Login/input_Username"), "PW_ONE"): Text 'PW_ONE' is set on object 'Object Repository/Admin Console ePulse Menu/Poll Workers/Poll Workers - Manage Page/New Poll Worker/Poll Pad Login/input_Username'

2018-12-14 12:10:40 - [MESSAGE][PASSED] - Text 'PW_ONE' is set on object 'Object Repository/Admin Console ePulse Menu/Poll Workers/Poll Workers - Manage Page/New Poll Worker/Poll Pad Login/input_Username'

2018-12-14 12:10:40 - [TEST_STEP][PASSED] - delay(1): Delayed 1 second(s)

2018-12-14 12:10:41 - [MESSAGE][PASSED] - Delayed 1 second(s)

2018-12-14 12:10:41 - [TEST_STEP][PASSED] - selectOptionByValue(findTestObject("Admin Console ePulse Menu/Poll Workers/Poll Workers - Manage Page/New Poll Worker/Poll Pad Login/Select Poll Worker Type"), "0", false): All options with value '0' are selected in object 'Object Repository/Admin Console ePulse Menu/Poll Workers/Poll Workers - Manage Page/New Poll Worker/Poll Pad Login/Select Poll Worker Type' 

2018-12-14 12:10:41 - [MESSAGE][PASSED] - All options with value '0' are selected in object 'Object Repository/Admin Console ePulse Menu/Poll Workers/Poll Workers - Manage Page/New Poll Worker/Poll Pad Login/Select Poll Worker Type' 

2018-12-14 12:10:41 - [TEST_STEP][PASSED] - setText(findTestObject("Admin Console ePulse Menu/Poll Workers/Poll Workers - Manage Page/New Poll Worker/Poll Pad Login/input_Password"), "Qwerty1!"): Text 'Qwerty1!' is set on object 'Object Repository/Admin Console ePulse Menu/Poll Workers/Poll Workers - Manage Page/New Poll Worker/Poll Pad Login/input_Password'

2018-12-14 12:10:41 - [MESSAGE][PASSED] - Text 'Qwerty1!' is set on object 'Object Repository/Admin Console ePulse Menu/Poll Workers/Poll Workers - Manage Page/New Poll Worker/Poll Pad Login/input_Password'

2018-12-14 12:10:41 - [TEST_STEP][PASSED] - delay(1): Delayed 1 second(s)

2018-12-14 12:10:42 - [MESSAGE][PASSED] - Delayed 1 second(s)

2018-12-14 12:10:42 - [TEST_STEP][PASSED] - setText(findTestObject("Admin Console ePulse Menu/Poll Workers/Poll Workers - Manage Page/New Poll Worker/Poll Pad Login/input_Confirm Password"), "Qwerty1!"): Text 'Qwerty1!' is set on object 'Object Repository/Admin Console ePulse Menu/Poll Workers/Poll Workers - Manage Page/New Poll Worker/Poll Pad Login/input_Confirm Password'

2018-12-14 12:10:43 - [MESSAGE][PASSED] - Text 'Qwerty1!' is set on object 'Object Repository/Admin Console ePulse Menu/Poll Workers/Poll Workers - Manage Page/New Poll Worker/Poll Pad Login/input_Confirm Password'

2018-12-14 12:10:43 - [TEST_STEP][PASSED] - delay(1): Delayed 1 second(s)

2018-12-14 12:10:44 - [MESSAGE][PASSED] - Delayed 1 second(s)

2018-12-14 12:10:44 - [TEST_STEP][PASSED] - click(findTestObject("Admin Console ePulse Menu/Poll Workers/Poll Workers - Manage Page/New Poll Worker/Submit Poll Worker")): Object: 'Object Repository/Admin Console ePulse Menu/Poll Workers/Poll Workers - Manage Page/New Poll Worker/Submit Poll Worker' is clicked on

2018-12-14 12:10:44 - [MESSAGE][PASSED] - Object: 'Object Repository/Admin Console ePulse Menu/Poll Workers/Poll Workers - Manage Page/New Poll Worker/Submit Poll Worker' is clicked on

2018-12-14 12:10:44 - [TEST_STEP][PASSED] - delay(1): Delayed 1 second(s)

2018-12-14 12:10:45 - [MESSAGE][PASSED] - Delayed 1 second(s)

2018-12-14 12:10:45 - [TEST_STEP][PASSED] - verifyTextPresent("PW_ONE", true): Text 'PW_ONE' is present on page  using regular expression

2018-12-14 12:10:45 - [MESSAGE][PASSED] - Text 'PW_ONE' is present on page  using regular expression

2018-12-14 12:10:45 - [TEST_STEP][PASSED] - closeBrowser(): Browser is closed

2018-12-14 12:10:46 - [MESSAGE][PASSED] - Browser is closed]]></system-out>
         <system-err><![CDATA[]]></system-err>
      </testcase>
      <testcase name="Test Cases/Admin Console/Poll Workers-Election Officials()/Poll Workers - Manage - Import" classname="Test Cases/Admin Console/Poll Workers-Election Officials()/Poll Workers - Manage - Import" status="PASSED">
         <system-out><![CDATA[2018-12-14 12:10:46 - [TEST_CASE][PASSED] - Test Cases/Admin Console/Poll Workers-Election Officials()/Poll Workers - Manage - Import: Test Cases/Admin Console/Poll Workers-Election Officials()/Poll Workers - Manage - Import

2018-12-14 12:10:46 - [TEST_STEP][PASSED] - openBrowser(""): Browser is opened with url: ''

2018-12-14 12:10:46 - [MESSAGE][INFO] - Starting 'Chrome' driver

2018-12-14 12:10:47 - [MESSAGE][PASSED] - Browser is opened with url: ''

2018-12-14 12:10:47 - [TEST_STEP][PASSED] - navigateToUrl(URL): Navigate to 'https://epulsebeta2.com' successfully

2018-12-14 12:10:48 - [MESSAGE][PASSED] - Navigate to 'https://epulsebeta2.com' successfully

2018-12-14 12:10:48 - [TEST_STEP][PASSED] - setText(findTestObject("Login/Email Address"), User_email): Text 'alonzo.mack@knowink.com' is set on object 'Object Repository/Login/Email Address'

2018-12-14 12:10:48 - [MESSAGE][PASSED] - Text 'alonzo.mack@knowink.com' is set on object 'Object Repository/Login/Email Address'

2018-12-14 12:10:48 - [TEST_STEP][PASSED] - setEncryptedText(findTestObject("Login/Password"), Pswrd): Text ****** has been set on object 'Object Repository/Login/Password'

2018-12-14 12:10:48 - [MESSAGE][PASSED] - Text ****** has been set on object 'Object Repository/Login/Password'

2018-12-14 12:10:48 - [TEST_STEP][PASSED] - click(findTestObject("Login/Sign In")): Object: 'Object Repository/Login/Sign In' is clicked on

2018-12-14 12:10:49 - [MESSAGE][PASSED] - Object: 'Object Repository/Login/Sign In' is clicked on

2018-12-14 12:10:49 - [TEST_STEP][PASSED] - delay(1): Delayed 1 second(s)

2018-12-14 12:10:50 - [MESSAGE][PASSED] - Delayed 1 second(s)

2018-12-14 12:10:50 - [TEST_STEP][PASSED] - navigateToUrl(Poll_Workers, STOP_ON_FAILURE): Navigate to 'https://am-automation-test.epulsebeta2.com/poll_workers' successfully

2018-12-14 12:10:51 - [MESSAGE][PASSED] - Navigate to 'https://am-automation-test.epulsebeta2.com/poll_workers' successfully

2018-12-14 12:10:51 - [TEST_STEP][PASSED] - delay(1): Delayed 1 second(s)

2018-12-14 12:10:52 - [MESSAGE][PASSED] - Delayed 1 second(s)

2018-12-14 12:10:52 - [TEST_STEP][PASSED] - click(findTestObject("Admin Console ePulse Menu/Poll Workers/Poll Workers - Manage Page/Import Poll Workers")): Object: 'Object Repository/Admin Console ePulse Menu/Poll Workers/Poll Workers - Manage Page/Import Poll Workers' is clicked on

2018-12-14 12:10:52 - [MESSAGE][PASSED] - Object: 'Object Repository/Admin Console ePulse Menu/Poll Workers/Poll Workers - Manage Page/Import Poll Workers' is clicked on

2018-12-14 12:10:52 - [TEST_STEP][PASSED] - setText(findTestObject("Admin Console ePulse Menu/Account Settings/Prompts/Import Prompts Buttons/Choose File"), "/Users/alonzomack/Downloads/Automation uploads/poll_workers.csv"): Text '/Users/alonzomack/Downloads/Automation uploads/poll_workers.csv' is set on object 'Object Repository/Admin Console ePulse Menu/Account Settings/Prompts/Import Prompts Buttons/Choose File'

2018-12-14 12:10:53 - [MESSAGE][PASSED] - Text '/Users/alonzomack/Downloads/Automation uploads/poll_workers.csv' is set on object 'Object Repository/Admin Console ePulse Menu/Account Settings/Prompts/Import Prompts Buttons/Choose File'

2018-12-14 12:10:53 - [TEST_STEP][PASSED] - click(findTestObject("Admin Console ePulse Menu/Account Settings/Prompts/Import Prompts Buttons/Continue Button")): Object: 'Object Repository/Admin Console ePulse Menu/Account Settings/Prompts/Import Prompts Buttons/Continue Button' is clicked on

2018-12-14 12:10:53 - [MESSAGE][PASSED] - Object: 'Object Repository/Admin Console ePulse Menu/Account Settings/Prompts/Import Prompts Buttons/Continue Button' is clicked on

2018-12-14 12:10:53 - [TEST_STEP][PASSED] - delay(1): Delayed 1 second(s)

2018-12-14 12:10:54 - [MESSAGE][PASSED] - Delayed 1 second(s)

2018-12-14 12:10:54 - [TEST_STEP][PASSED] - click(findTestObject("Admin Console ePulse Menu/Account Settings/Prompts/Import Prompts Buttons/button_Done(working)")): Object: 'Object Repository/Admin Console ePulse Menu/Account Settings/Prompts/Import Prompts Buttons/button_Done(working)' is clicked on

2018-12-14 12:10:56 - [MESSAGE][PASSED] - Object: 'Object Repository/Admin Console ePulse Menu/Account Settings/Prompts/Import Prompts Buttons/button_Done(working)' is clicked on

2018-12-14 12:10:56 - [TEST_STEP][PASSED] - delay(1): Delayed 1 second(s)

2018-12-14 12:10:57 - [MESSAGE][PASSED] - Delayed 1 second(s)

2018-12-14 12:10:57 - [TEST_STEP][PASSED] - closeBrowser(): Browser is closed

2018-12-14 12:10:57 - [MESSAGE][PASSED] - Browser is closed]]></system-out>
         <system-err><![CDATA[]]></system-err>
      </testcase>
      <testcase name="Test Cases/Admin Console/Account Settings/Users/Account Settings - New User(basic_Rover.Technician)" classname="Test Cases/Admin Console/Account Settings/Users/Account Settings - New User(basic_Rover.Technician)" status="PASSED">
         <system-out><![CDATA[2018-12-14 12:10:57 - [TEST_CASE][PASSED] - Test Cases/Admin Console/Account Settings/Users/Account Settings - New User(basic_Rover.Technician): Test Cases/Admin Console/Account Settings/Users/Account Settings - New User(basic_Rover.Technician)

2018-12-14 12:10:57 - [TEST_STEP][PASSED] - openBrowser(""): Browser is opened with url: ''

2018-12-14 12:10:57 - [MESSAGE][INFO] - Starting 'Chrome' driver

2018-12-14 12:10:58 - [MESSAGE][PASSED] - Browser is opened with url: ''

2018-12-14 12:10:58 - [TEST_STEP][PASSED] - navigateToUrl(URL): Navigate to 'https://epulsebeta2.com' successfully

2018-12-14 12:11:00 - [MESSAGE][PASSED] - Navigate to 'https://epulsebeta2.com' successfully

2018-12-14 12:11:00 - [TEST_STEP][PASSED] - setText(findTestObject("Login/Email Address"), User_email): Text 'alonzo.mack@knowink.com' is set on object 'Object Repository/Login/Email Address'

2018-12-14 12:11:00 - [MESSAGE][PASSED] - Text 'alonzo.mack@knowink.com' is set on object 'Object Repository/Login/Email Address'

2018-12-14 12:11:00 - [TEST_STEP][PASSED] - setEncryptedText(findTestObject("Login/Password"), Pswrd): Text ****** has been set on object 'Object Repository/Login/Password'

2018-12-14 12:11:00 - [MESSAGE][PASSED] - Text ****** has been set on object 'Object Repository/Login/Password'

2018-12-14 12:11:00 - [TEST_STEP][PASSED] - click(findTestObject("Login/Sign In")): Object: 'Object Repository/Login/Sign In' is clicked on

2018-12-14 12:11:01 - [MESSAGE][PASSED] - Object: 'Object Repository/Login/Sign In' is clicked on

2018-12-14 12:11:01 - [TEST_STEP][PASSED] - delay(1): Delayed 1 second(s)

2018-12-14 12:11:02 - [MESSAGE][PASSED] - Delayed 1 second(s)

2018-12-14 12:11:02 - [TEST_STEP][PASSED] - navigateToUrl(Users, STOP_ON_FAILURE): Navigate to 'https://am-automation-test.epulsebeta2.com/users' successfully

2018-12-14 12:11:03 - [MESSAGE][PASSED] - Navigate to 'https://am-automation-test.epulsebeta2.com/users' successfully

2018-12-14 12:11:03 - [TEST_STEP][PASSED] - delay(1): Delayed 1 second(s)

2018-12-14 12:11:04 - [MESSAGE][PASSED] - Delayed 1 second(s)

2018-12-14 12:11:04 - [TEST_STEP][PASSED] - click(findTestObject("Admin Console ePulse Menu/Account Settings/Users/Add User")): Object: 'Object Repository/Admin Console ePulse Menu/Account Settings/Users/Add User' is clicked on

2018-12-14 12:11:04 - [MESSAGE][PASSED] - Object: 'Object Repository/Admin Console ePulse Menu/Account Settings/Users/Add User' is clicked on

2018-12-14 12:11:04 - [TEST_STEP][PASSED] - delay(1): Delayed 1 second(s)

2018-12-14 12:11:05 - [MESSAGE][PASSED] - Delayed 1 second(s)

2018-12-14 12:11:05 - [TEST_STEP][PASSED] - setText(findTestObject("Admin Console ePulse Menu/Account Settings/Add User/input_First name"), "add"): Text 'add' is set on object 'Object Repository/Admin Console ePulse Menu/Account Settings/Add User/input_First name'

2018-12-14 12:11:05 - [MESSAGE][PASSED] - Text 'add' is set on object 'Object Repository/Admin Console ePulse Menu/Account Settings/Add User/input_First name'

2018-12-14 12:11:05 - [TEST_STEP][PASSED] - delay(1): Delayed 1 second(s)

2018-12-14 12:11:06 - [MESSAGE][PASSED] - Delayed 1 second(s)

2018-12-14 12:11:06 - [TEST_STEP][PASSED] - setText(findTestObject("Admin Console ePulse Menu/Account Settings/Add User/input_Last name"), "User"): Text 'User' is set on object 'Object Repository/Admin Console ePulse Menu/Account Settings/Add User/input_Last name'

2018-12-14 12:11:06 - [MESSAGE][PASSED] - Text 'User' is set on object 'Object Repository/Admin Console ePulse Menu/Account Settings/Add User/input_Last name'

2018-12-14 12:11:06 - [TEST_STEP][PASSED] - delay(1): Delayed 1 second(s)

2018-12-14 12:11:07 - [MESSAGE][PASSED] - Delayed 1 second(s)

2018-12-14 12:11:07 - [TEST_STEP][PASSED] - setText(findTestObject("Admin Console ePulse Menu/Account Settings/Add User/input_Phone"), "3137777777"): Text '3137777777' is set on object 'Object Repository/Admin Console ePulse Menu/Account Settings/Add User/input_Phone'

2018-12-14 12:11:07 - [MESSAGE][PASSED] - Text '3137777777' is set on object 'Object Repository/Admin Console ePulse Menu/Account Settings/Add User/input_Phone'

2018-12-14 12:11:07 - [TEST_STEP][PASSED] - delay(1): Delayed 1 second(s)

2018-12-14 12:11:08 - [MESSAGE][PASSED] - Delayed 1 second(s)

2018-12-14 12:11:08 - [TEST_STEP][PASSED] - setText(findTestObject("Admin Console ePulse Menu/Account Settings/Add User/input_E-mail"), "addnew2-user@knowink.com"): Text 'addnew2-user@knowink.com' is set on object 'Object Repository/Admin Console ePulse Menu/Account Settings/Add User/input_E-mail'

2018-12-14 12:11:09 - [MESSAGE][PASSED] - Text 'addnew2-user@knowink.com' is set on object 'Object Repository/Admin Console ePulse Menu/Account Settings/Add User/input_E-mail'

2018-12-14 12:11:09 - [TEST_STEP][PASSED] - delay(1): Delayed 1 second(s)

2018-12-14 12:11:10 - [MESSAGE][PASSED] - Delayed 1 second(s)

2018-12-14 12:11:10 - [TEST_STEP][PASSED] - delay(1): Delayed 1 second(s)

2018-12-14 12:11:11 - [MESSAGE][PASSED] - Delayed 1 second(s)

2018-12-14 12:11:11 - [TEST_STEP][PASSED] - selectOptionByValue(findTestObject("Admin Console ePulse Menu/Account Settings/Add User/Select Epulse User"), "1", true): All options with value '1' are selected in object 'Object Repository/Admin Console ePulse Menu/Account Settings/Add User/Select Epulse User'  using regular expression

2018-12-14 12:11:11 - [MESSAGE][PASSED] - All options with value '1' are selected in object 'Object Repository/Admin Console ePulse Menu/Account Settings/Add User/Select Epulse User'  using regular expression

2018-12-14 12:11:11 - [TEST_STEP][PASSED] - delay(1): Delayed 1 second(s)

2018-12-14 12:11:12 - [MESSAGE][PASSED] - Delayed 1 second(s)

2018-12-14 12:11:12 - [TEST_STEP][NOT_RUN] - selectOptionByValue(findTestObject("Admin Console ePulse Menu/Account Settings/Add User/Select Notify by"), "2", true): NOT_RUN: selectOptionByValue(findTestObject("Admin Console ePulse Menu/Account Settings/Add User/Select Notify by"), "2", true)

2018-12-14 12:11:12 - [MESSAGE][NOT_RUN] - NOT_RUN: selectOptionByValue(findTestObject("Admin Console ePulse Menu/Account Settings/Add User/Select Notify by"), "2", true)

2018-12-14 12:11:12 - [TEST_STEP][NOT_RUN] - delay(1): NOT_RUN: delay(1)

2018-12-14 12:11:12 - [MESSAGE][NOT_RUN] - NOT_RUN: delay(1)

2018-12-14 12:11:12 - [TEST_STEP][NOT_RUN] - selectOptionByValue(findTestObject("Admin Console ePulse Menu/Account Settings/Add User/Select User Rights"), "basic", true): NOT_RUN: selectOptionByValue(findTestObject("Admin Console ePulse Menu/Account Settings/Add User/Select User Rights"), "basic", true)

2018-12-14 12:11:12 - [MESSAGE][NOT_RUN] - NOT_RUN: selectOptionByValue(findTestObject("Admin Console ePulse Menu/Account Settings/Add User/Select User Rights"), "basic", true)

2018-12-14 12:11:12 - [TEST_STEP][NOT_RUN] - delay(1): NOT_RUN: delay(1)

2018-12-14 12:11:12 - [MESSAGE][NOT_RUN] - NOT_RUN: delay(1)

2018-12-14 12:11:12 - [TEST_STEP][PASSED] - click(findTestObject("Common ePulse Objects/Submit Button")): Object: 'Object Repository/Common ePulse Objects/Submit Button' is clicked on

2018-12-14 12:11:13 - [MESSAGE][PASSED] - Object: 'Object Repository/Common ePulse Objects/Submit Button' is clicked on

2018-12-14 12:11:13 - [TEST_STEP][PASSED] - closeBrowser(): Browser is closed

2018-12-14 12:11:13 - [MESSAGE][PASSED] - Browser is closed]]></system-out>
         <system-err><![CDATA[]]></system-err>
      </testcase>
      <testcase name="Test Cases/Admin Console/Account Settings/Users/Account Settings - New User(manager_standard)" classname="Test Cases/Admin Console/Account Settings/Users/Account Settings - New User(manager_standard)" status="PASSED">
         <system-out><![CDATA[2018-12-14 12:11:13 - [TEST_CASE][PASSED] - Test Cases/Admin Console/Account Settings/Users/Account Settings - New User(manager_standard): Test Cases/Admin Console/Account Settings/Users/Account Settings - New User(manager_standard)

2018-12-14 12:11:13 - [TEST_STEP][PASSED] - openBrowser(""): Browser is opened with url: ''

2018-12-14 12:11:13 - [MESSAGE][INFO] - Starting 'Chrome' driver

2018-12-14 12:11:14 - [MESSAGE][PASSED] - Browser is opened with url: ''

2018-12-14 12:11:14 - [TEST_STEP][PASSED] - navigateToUrl(URL): Navigate to 'https://epulsebeta2.com' successfully

2018-12-14 12:11:16 - [MESSAGE][PASSED] - Navigate to 'https://epulsebeta2.com' successfully

2018-12-14 12:11:16 - [TEST_STEP][PASSED] - setText(findTestObject("Login/Email Address"), User_email): Text 'alonzo.mack@knowink.com' is set on object 'Object Repository/Login/Email Address'

2018-12-14 12:11:16 - [MESSAGE][PASSED] - Text 'alonzo.mack@knowink.com' is set on object 'Object Repository/Login/Email Address'

2018-12-14 12:11:16 - [TEST_STEP][PASSED] - setEncryptedText(findTestObject("Login/Password"), Pswrd): Text ****** has been set on object 'Object Repository/Login/Password'

2018-12-14 12:11:16 - [MESSAGE][PASSED] - Text ****** has been set on object 'Object Repository/Login/Password'

2018-12-14 12:11:16 - [TEST_STEP][PASSED] - click(findTestObject("Login/Sign In")): Object: 'Object Repository/Login/Sign In' is clicked on

2018-12-14 12:11:17 - [MESSAGE][PASSED] - Object: 'Object Repository/Login/Sign In' is clicked on

2018-12-14 12:11:17 - [TEST_STEP][PASSED] - delay(1): Delayed 1 second(s)

2018-12-14 12:11:18 - [MESSAGE][PASSED] - Delayed 1 second(s)

2018-12-14 12:11:18 - [TEST_STEP][PASSED] - navigateToUrl(Users, STOP_ON_FAILURE): Navigate to 'https://am-automation-test.epulsebeta2.com/users' successfully

2018-12-14 12:11:19 - [MESSAGE][PASSED] - Navigate to 'https://am-automation-test.epulsebeta2.com/users' successfully

2018-12-14 12:11:19 - [TEST_STEP][PASSED] - delay(1): Delayed 1 second(s)

2018-12-14 12:11:20 - [MESSAGE][PASSED] - Delayed 1 second(s)

2018-12-14 12:11:20 - [TEST_STEP][PASSED] - click(findTestObject("Admin Console ePulse Menu/Account Settings/Users/Add User")): Object: 'Object Repository/Admin Console ePulse Menu/Account Settings/Users/Add User' is clicked on

2018-12-14 12:11:20 - [MESSAGE][PASSED] - Object: 'Object Repository/Admin Console ePulse Menu/Account Settings/Users/Add User' is clicked on

2018-12-14 12:11:20 - [TEST_STEP][PASSED] - delay(1): Delayed 1 second(s)

2018-12-14 12:11:21 - [MESSAGE][PASSED] - Delayed 1 second(s)

2018-12-14 12:11:21 - [TEST_STEP][PASSED] - setText(findTestObject("Admin Console ePulse Menu/Account Settings/Add User/input_First name"), "add"): Text 'add' is set on object 'Object Repository/Admin Console ePulse Menu/Account Settings/Add User/input_First name'

2018-12-14 12:11:21 - [MESSAGE][PASSED] - Text 'add' is set on object 'Object Repository/Admin Console ePulse Menu/Account Settings/Add User/input_First name'

2018-12-14 12:11:21 - [TEST_STEP][PASSED] - delay(1): Delayed 1 second(s)

2018-12-14 12:11:22 - [MESSAGE][PASSED] - Delayed 1 second(s)

2018-12-14 12:11:22 - [TEST_STEP][PASSED] - setText(findTestObject("Admin Console ePulse Menu/Account Settings/Add User/input_Last name"), "User"): Text 'User' is set on object 'Object Repository/Admin Console ePulse Menu/Account Settings/Add User/input_Last name'

2018-12-14 12:11:22 - [MESSAGE][PASSED] - Text 'User' is set on object 'Object Repository/Admin Console ePulse Menu/Account Settings/Add User/input_Last name'

2018-12-14 12:11:22 - [TEST_STEP][PASSED] - delay(1): Delayed 1 second(s)

2018-12-14 12:11:23 - [MESSAGE][PASSED] - Delayed 1 second(s)

2018-12-14 12:11:23 - [TEST_STEP][PASSED] - setText(findTestObject("Admin Console ePulse Menu/Account Settings/Add User/input_Phone"), "3137777777"): Text '3137777777' is set on object 'Object Repository/Admin Console ePulse Menu/Account Settings/Add User/input_Phone'

2018-12-14 12:11:23 - [MESSAGE][PASSED] - Text '3137777777' is set on object 'Object Repository/Admin Console ePulse Menu/Account Settings/Add User/input_Phone'

2018-12-14 12:11:23 - [TEST_STEP][PASSED] - delay(1): Delayed 1 second(s)

2018-12-14 12:11:24 - [MESSAGE][PASSED] - Delayed 1 second(s)

2018-12-14 12:11:24 - [TEST_STEP][PASSED] - setText(findTestObject("Admin Console ePulse Menu/Account Settings/Add User/input_E-mail"), "addnew5-user@knowink.com"): Text 'addnew5-user@knowink.com' is set on object 'Object Repository/Admin Console ePulse Menu/Account Settings/Add User/input_E-mail'

2018-12-14 12:11:25 - [MESSAGE][PASSED] - Text 'addnew5-user@knowink.com' is set on object 'Object Repository/Admin Console ePulse Menu/Account Settings/Add User/input_E-mail'

2018-12-14 12:11:25 - [TEST_STEP][PASSED] - delay(1): Delayed 1 second(s)

2018-12-14 12:11:26 - [MESSAGE][PASSED] - Delayed 1 second(s)

2018-12-14 12:11:26 - [TEST_STEP][PASSED] - selectOptionByValue(findTestObject("Admin Console ePulse Menu/Account Settings/Add User/Select Notify by"), "2", true): All options with value '2' are selected in object 'Object Repository/Admin Console ePulse Menu/Account Settings/Add User/Select Notify by'  using regular expression

2018-12-14 12:11:26 - [MESSAGE][PASSED] - All options with value '2' are selected in object 'Object Repository/Admin Console ePulse Menu/Account Settings/Add User/Select Notify by'  using regular expression

2018-12-14 12:11:26 - [TEST_STEP][PASSED] - delay(1): Delayed 1 second(s)

2018-12-14 12:11:27 - [MESSAGE][PASSED] - Delayed 1 second(s)

2018-12-14 12:11:27 - [TEST_STEP][PASSED] - selectOptionByValue(findTestObject("Admin Console ePulse Menu/Account Settings/Add User/Select User Rights"), "manager", true): All options with value 'manager' are selected in object 'Object Repository/Admin Console ePulse Menu/Account Settings/Add User/Select User Rights'  using regular expression

2018-12-14 12:11:27 - [MESSAGE][PASSED] - All options with value 'manager' are selected in object 'Object Repository/Admin Console ePulse Menu/Account Settings/Add User/Select User Rights'  using regular expression

2018-12-14 12:11:27 - [TEST_STEP][PASSED] - delay(1): Delayed 1 second(s)

2018-12-14 12:11:28 - [MESSAGE][PASSED] - Delayed 1 second(s)

2018-12-14 12:11:28 - [TEST_STEP][PASSED] - click(findTestObject("Common ePulse Objects/Submit Button")): Object: 'Object Repository/Common ePulse Objects/Submit Button' is clicked on

2018-12-14 12:11:29 - [MESSAGE][PASSED] - Object: 'Object Repository/Common ePulse Objects/Submit Button' is clicked on

2018-12-14 12:11:29 - [TEST_STEP][NOT_RUN] - closeBrowser(): NOT_RUN: closeBrowser()

2018-12-14 12:11:29 - [MESSAGE][NOT_RUN] - NOT_RUN: closeBrowser()]]></system-out>
         <system-err><![CDATA[]]></system-err>
      </testcase>
      <testcase name="Test Cases/Admin Console/Account Settings/Users/Account Settings - New User(election_day_Isync)" classname="Test Cases/Admin Console/Account Settings/Users/Account Settings - New User(election_day_Isync)" status="PASSED">
         <system-out><![CDATA[2018-12-14 12:11:29 - [TEST_CASE][PASSED] - Test Cases/Admin Console/Account Settings/Users/Account Settings - New User(election_day_Isync): Test Cases/Admin Console/Account Settings/Users/Account Settings - New User(election_day_Isync)

2018-12-14 12:11:29 - [TEST_STEP][PASSED] - openBrowser(""): Browser is opened with url: ''

2018-12-14 12:11:29 - [MESSAGE][WARNING] - A browser is already opened. Closing browser and opening a new one

2018-12-14 12:11:29 - [MESSAGE][INFO] - Starting 'Chrome' driver

2018-12-14 12:11:30 - [MESSAGE][PASSED] - Browser is opened with url: ''

2018-12-14 12:11:30 - [TEST_STEP][PASSED] - navigateToUrl(URL): Navigate to 'https://epulsebeta2.com' successfully

2018-12-14 12:11:32 - [MESSAGE][PASSED] - Navigate to 'https://epulsebeta2.com' successfully

2018-12-14 12:11:32 - [TEST_STEP][PASSED] - setText(findTestObject("Login/Email Address"), User_email): Text 'alonzo.mack@knowink.com' is set on object 'Object Repository/Login/Email Address'

2018-12-14 12:11:32 - [MESSAGE][PASSED] - Text 'alonzo.mack@knowink.com' is set on object 'Object Repository/Login/Email Address'

2018-12-14 12:11:32 - [TEST_STEP][PASSED] - setEncryptedText(findTestObject("Login/Password"), Pswrd): Text ****** has been set on object 'Object Repository/Login/Password'

2018-12-14 12:11:32 - [MESSAGE][PASSED] - Text ****** has been set on object 'Object Repository/Login/Password'

2018-12-14 12:11:32 - [TEST_STEP][PASSED] - click(findTestObject("Login/Sign In")): Object: 'Object Repository/Login/Sign In' is clicked on

2018-12-14 12:11:33 - [MESSAGE][PASSED] - Object: 'Object Repository/Login/Sign In' is clicked on

2018-12-14 12:11:33 - [TEST_STEP][PASSED] - delay(1): Delayed 1 second(s)

2018-12-14 12:11:34 - [MESSAGE][PASSED] - Delayed 1 second(s)

2018-12-14 12:11:34 - [TEST_STEP][PASSED] - navigateToUrl(Users, STOP_ON_FAILURE): Navigate to 'https://am-automation-test.epulsebeta2.com/users' successfully

2018-12-14 12:11:35 - [MESSAGE][PASSED] - Navigate to 'https://am-automation-test.epulsebeta2.com/users' successfully

2018-12-14 12:11:35 - [TEST_STEP][PASSED] - delay(1): Delayed 1 second(s)

2018-12-14 12:11:36 - [MESSAGE][PASSED] - Delayed 1 second(s)

2018-12-14 12:11:36 - [TEST_STEP][PASSED] - click(findTestObject("Admin Console ePulse Menu/Account Settings/Users/Add User")): Object: 'Object Repository/Admin Console ePulse Menu/Account Settings/Users/Add User' is clicked on

2018-12-14 12:11:36 - [MESSAGE][PASSED] - Object: 'Object Repository/Admin Console ePulse Menu/Account Settings/Users/Add User' is clicked on

2018-12-14 12:11:36 - [TEST_STEP][PASSED] - delay(1): Delayed 1 second(s)

2018-12-14 12:11:37 - [MESSAGE][PASSED] - Delayed 1 second(s)

2018-12-14 12:11:37 - [TEST_STEP][PASSED] - setText(findTestObject("Admin Console ePulse Menu/Account Settings/Add User/input_First name"), "add"): Text 'add' is set on object 'Object Repository/Admin Console ePulse Menu/Account Settings/Add User/input_First name'

2018-12-14 12:11:37 - [MESSAGE][PASSED] - Text 'add' is set on object 'Object Repository/Admin Console ePulse Menu/Account Settings/Add User/input_First name'

2018-12-14 12:11:37 - [TEST_STEP][PASSED] - delay(1): Delayed 1 second(s)

2018-12-14 12:11:38 - [MESSAGE][PASSED] - Delayed 1 second(s)

2018-12-14 12:11:38 - [TEST_STEP][PASSED] - setText(findTestObject("Admin Console ePulse Menu/Account Settings/Add User/input_Last name"), "User"): Text 'User' is set on object 'Object Repository/Admin Console ePulse Menu/Account Settings/Add User/input_Last name'

2018-12-14 12:11:38 - [MESSAGE][PASSED] - Text 'User' is set on object 'Object Repository/Admin Console ePulse Menu/Account Settings/Add User/input_Last name'

2018-12-14 12:11:38 - [TEST_STEP][PASSED] - delay(1): Delayed 1 second(s)

2018-12-14 12:11:39 - [MESSAGE][PASSED] - Delayed 1 second(s)

2018-12-14 12:11:39 - [TEST_STEP][PASSED] - setText(findTestObject("Admin Console ePulse Menu/Account Settings/Add User/input_Phone"), "3137777777"): Text '3137777777' is set on object 'Object Repository/Admin Console ePulse Menu/Account Settings/Add User/input_Phone'

2018-12-14 12:11:39 - [MESSAGE][PASSED] - Text '3137777777' is set on object 'Object Repository/Admin Console ePulse Menu/Account Settings/Add User/input_Phone'

2018-12-14 12:11:39 - [TEST_STEP][PASSED] - delay(1): Delayed 1 second(s)

2018-12-14 12:11:40 - [MESSAGE][PASSED] - Delayed 1 second(s)

2018-12-14 12:11:40 - [TEST_STEP][PASSED] - setText(findTestObject("Admin Console ePulse Menu/Account Settings/Add User/input_E-mail"), "addnew4-user@knowink.com"): Text 'addnew4-user@knowink.com' is set on object 'Object Repository/Admin Console ePulse Menu/Account Settings/Add User/input_E-mail'

2018-12-14 12:11:41 - [MESSAGE][PASSED] - Text 'addnew4-user@knowink.com' is set on object 'Object Repository/Admin Console ePulse Menu/Account Settings/Add User/input_E-mail'

2018-12-14 12:11:41 - [TEST_STEP][PASSED] - delay(1): Delayed 1 second(s)

2018-12-14 12:11:42 - [MESSAGE][PASSED] - Delayed 1 second(s)

2018-12-14 12:11:42 - [TEST_STEP][PASSED] - selectOptionByValue(findTestObject("Admin Console ePulse Menu/Account Settings/Add User/Select Epulse User"), "3", true): All options with value '3' are selected in object 'Object Repository/Admin Console ePulse Menu/Account Settings/Add User/Select Epulse User'  using regular expression

2018-12-14 12:11:42 - [MESSAGE][PASSED] - All options with value '3' are selected in object 'Object Repository/Admin Console ePulse Menu/Account Settings/Add User/Select Epulse User'  using regular expression

2018-12-14 12:11:42 - [TEST_STEP][PASSED] - delay(1): Delayed 1 second(s)

2018-12-14 12:11:43 - [MESSAGE][PASSED] - Delayed 1 second(s)

2018-12-14 12:11:43 - [TEST_STEP][NOT_RUN] - selectOptionByValue(findTestObject("Admin Console ePulse Menu/Account Settings/Add User/Select Notify by"), "2", true): NOT_RUN: selectOptionByValue(findTestObject("Admin Console ePulse Menu/Account Settings/Add User/Select Notify by"), "2", true)

2018-12-14 12:11:43 - [MESSAGE][NOT_RUN] - NOT_RUN: selectOptionByValue(findTestObject("Admin Console ePulse Menu/Account Settings/Add User/Select Notify by"), "2", true)

2018-12-14 12:11:43 - [TEST_STEP][NOT_RUN] - delay(1): NOT_RUN: delay(1)

2018-12-14 12:11:43 - [MESSAGE][NOT_RUN] - NOT_RUN: delay(1)

2018-12-14 12:11:43 - [TEST_STEP][NOT_RUN] - selectOptionByValue(findTestObject("Admin Console ePulse Menu/Account Settings/Add User/Select User Rights"), "election_day", true): NOT_RUN: selectOptionByValue(findTestObject("Admin Console ePulse Menu/Account Settings/Add User/Select User Rights"), "election_day", true)

2018-12-14 12:11:43 - [MESSAGE][NOT_RUN] - NOT_RUN: selectOptionByValue(findTestObject("Admin Console ePulse Menu/Account Settings/Add User/Select User Rights"), "election_day", true)

2018-12-14 12:11:43 - [TEST_STEP][NOT_RUN] - delay(1): NOT_RUN: delay(1)

2018-12-14 12:11:43 - [MESSAGE][NOT_RUN] - NOT_RUN: delay(1)

2018-12-14 12:11:43 - [TEST_STEP][PASSED] - click(findTestObject("Common ePulse Objects/Submit Button")): Object: 'Object Repository/Common ePulse Objects/Submit Button' is clicked on

2018-12-14 12:11:44 - [MESSAGE][PASSED] - Object: 'Object Repository/Common ePulse Objects/Submit Button' is clicked on

2018-12-14 12:11:44 - [TEST_STEP][PASSED] - closeBrowser(): Browser is closed

2018-12-14 12:11:44 - [MESSAGE][PASSED] - Browser is closed]]></system-out>
         <system-err><![CDATA[]]></system-err>
      </testcase>
      <testcase name="Test Cases/Admin Console/Account Settings/Users/Account Settings - New User(admin_Standard)" classname="Test Cases/Admin Console/Account Settings/Users/Account Settings - New User(admin_Standard)" status="PASSED">
         <system-out><![CDATA[2018-12-14 12:11:44 - [TEST_CASE][PASSED] - Test Cases/Admin Console/Account Settings/Users/Account Settings - New User(admin_Standard): Test Cases/Admin Console/Account Settings/Users/Account Settings - New User(admin_Standard)

2018-12-14 12:11:44 - [TEST_STEP][PASSED] - openBrowser(""): Browser is opened with url: ''

2018-12-14 12:11:44 - [MESSAGE][INFO] - Starting 'Chrome' driver

2018-12-14 12:11:45 - [MESSAGE][PASSED] - Browser is opened with url: ''

2018-12-14 12:11:45 - [TEST_STEP][PASSED] - navigateToUrl(URL): Navigate to 'https://epulsebeta2.com' successfully

2018-12-14 12:11:47 - [MESSAGE][PASSED] - Navigate to 'https://epulsebeta2.com' successfully

2018-12-14 12:11:47 - [TEST_STEP][PASSED] - setText(findTestObject("Login/Email Address"), User_email): Text 'alonzo.mack@knowink.com' is set on object 'Object Repository/Login/Email Address'

2018-12-14 12:11:47 - [MESSAGE][PASSED] - Text 'alonzo.mack@knowink.com' is set on object 'Object Repository/Login/Email Address'

2018-12-14 12:11:47 - [TEST_STEP][PASSED] - setEncryptedText(findTestObject("Login/Password"), Pswrd): Text ****** has been set on object 'Object Repository/Login/Password'

2018-12-14 12:11:47 - [MESSAGE][PASSED] - Text ****** has been set on object 'Object Repository/Login/Password'

2018-12-14 12:11:47 - [TEST_STEP][PASSED] - click(findTestObject("Login/Sign In")): Object: 'Object Repository/Login/Sign In' is clicked on

2018-12-14 12:11:48 - [MESSAGE][PASSED] - Object: 'Object Repository/Login/Sign In' is clicked on

2018-12-14 12:11:48 - [TEST_STEP][PASSED] - delay(1): Delayed 1 second(s)

2018-12-14 12:11:49 - [MESSAGE][PASSED] - Delayed 1 second(s)

2018-12-14 12:11:49 - [TEST_STEP][PASSED] - navigateToUrl(Users, STOP_ON_FAILURE): Navigate to 'https://am-automation-test.epulsebeta2.com/users' successfully

2018-12-14 12:11:50 - [MESSAGE][PASSED] - Navigate to 'https://am-automation-test.epulsebeta2.com/users' successfully

2018-12-14 12:11:50 - [TEST_STEP][PASSED] - delay(1): Delayed 1 second(s)

2018-12-14 12:11:51 - [MESSAGE][PASSED] - Delayed 1 second(s)

2018-12-14 12:11:51 - [TEST_STEP][PASSED] - click(findTestObject("Admin Console ePulse Menu/Account Settings/Users/Add User")): Object: 'Object Repository/Admin Console ePulse Menu/Account Settings/Users/Add User' is clicked on

2018-12-14 12:11:51 - [MESSAGE][PASSED] - Object: 'Object Repository/Admin Console ePulse Menu/Account Settings/Users/Add User' is clicked on

2018-12-14 12:11:51 - [TEST_STEP][PASSED] - delay(1): Delayed 1 second(s)

2018-12-14 12:11:52 - [MESSAGE][PASSED] - Delayed 1 second(s)

2018-12-14 12:11:52 - [TEST_STEP][PASSED] - setText(findTestObject("Admin Console ePulse Menu/Account Settings/Add User/input_First name"), "add"): Text 'add' is set on object 'Object Repository/Admin Console ePulse Menu/Account Settings/Add User/input_First name'

2018-12-14 12:11:52 - [MESSAGE][PASSED] - Text 'add' is set on object 'Object Repository/Admin Console ePulse Menu/Account Settings/Add User/input_First name'

2018-12-14 12:11:52 - [TEST_STEP][PASSED] - delay(1): Delayed 1 second(s)

2018-12-14 12:11:53 - [MESSAGE][PASSED] - Delayed 1 second(s)

2018-12-14 12:11:53 - [TEST_STEP][PASSED] - setText(findTestObject("Admin Console ePulse Menu/Account Settings/Add User/input_Last name"), "User"): Text 'User' is set on object 'Object Repository/Admin Console ePulse Menu/Account Settings/Add User/input_Last name'

2018-12-14 12:11:53 - [MESSAGE][PASSED] - Text 'User' is set on object 'Object Repository/Admin Console ePulse Menu/Account Settings/Add User/input_Last name'

2018-12-14 12:11:53 - [TEST_STEP][PASSED] - delay(1): Delayed 1 second(s)

2018-12-14 12:11:54 - [MESSAGE][PASSED] - Delayed 1 second(s)

2018-12-14 12:11:54 - [TEST_STEP][PASSED] - setText(findTestObject("Admin Console ePulse Menu/Account Settings/Add User/input_Phone"), "3137777777"): Text '3137777777' is set on object 'Object Repository/Admin Console ePulse Menu/Account Settings/Add User/input_Phone'

2018-12-14 12:11:54 - [MESSAGE][PASSED] - Text '3137777777' is set on object 'Object Repository/Admin Console ePulse Menu/Account Settings/Add User/input_Phone'

2018-12-14 12:11:54 - [TEST_STEP][PASSED] - delay(1): Delayed 1 second(s)

2018-12-14 12:11:56 - [MESSAGE][PASSED] - Delayed 1 second(s)

2018-12-14 12:11:56 - [TEST_STEP][PASSED] - setText(findTestObject("Admin Console ePulse Menu/Account Settings/Add User/input_E-mail"), "addnew-user@knowink.com"): Text 'addnew-user@knowink.com' is set on object 'Object Repository/Admin Console ePulse Menu/Account Settings/Add User/input_E-mail'

2018-12-14 12:11:56 - [MESSAGE][PASSED] - Text 'addnew-user@knowink.com' is set on object 'Object Repository/Admin Console ePulse Menu/Account Settings/Add User/input_E-mail'

2018-12-14 12:11:56 - [TEST_STEP][PASSED] - delay(1): Delayed 1 second(s)

2018-12-14 12:11:57 - [MESSAGE][PASSED] - Delayed 1 second(s)

2018-12-14 12:11:57 - [TEST_STEP][PASSED] - selectOptionByValue(findTestObject("Admin Console ePulse Menu/Account Settings/Add User/Select Epulse User"), "0", true): All options with value '0' are selected in object 'Object Repository/Admin Console ePulse Menu/Account Settings/Add User/Select Epulse User'  using regular expression

2018-12-14 12:11:57 - [MESSAGE][PASSED] - All options with value '0' are selected in object 'Object Repository/Admin Console ePulse Menu/Account Settings/Add User/Select Epulse User'  using regular expression

2018-12-14 12:11:57 - [TEST_STEP][PASSED] - delay(1): Delayed 1 second(s)

2018-12-14 12:11:58 - [MESSAGE][PASSED] - Delayed 1 second(s)

2018-12-14 12:11:58 - [TEST_STEP][PASSED] - selectOptionByValue(findTestObject("Admin Console ePulse Menu/Account Settings/Add User/Select Notify by"), "2", true): All options with value '2' are selected in object 'Object Repository/Admin Console ePulse Menu/Account Settings/Add User/Select Notify by'  using regular expression

2018-12-14 12:11:58 - [MESSAGE][PASSED] - All options with value '2' are selected in object 'Object Repository/Admin Console ePulse Menu/Account Settings/Add User/Select Notify by'  using regular expression

2018-12-14 12:11:58 - [TEST_STEP][PASSED] - delay(1): Delayed 1 second(s)

2018-12-14 12:11:59 - [MESSAGE][PASSED] - Delayed 1 second(s)

2018-12-14 12:11:59 - [TEST_STEP][PASSED] - selectOptionByValue(findTestObject("Admin Console ePulse Menu/Account Settings/Add User/Select User Rights"), "admin", true): All options with value 'admin' are selected in object 'Object Repository/Admin Console ePulse Menu/Account Settings/Add User/Select User Rights'  using regular expression

2018-12-14 12:11:59 - [MESSAGE][PASSED] - All options with value 'admin' are selected in object 'Object Repository/Admin Console ePulse Menu/Account Settings/Add User/Select User Rights'  using regular expression

2018-12-14 12:11:59 - [TEST_STEP][PASSED] - delay(1): Delayed 1 second(s)

2018-12-14 12:12:00 - [MESSAGE][PASSED] - Delayed 1 second(s)

2018-12-14 12:12:00 - [TEST_STEP][PASSED] - click(findTestObject("Common ePulse Objects/Submit Button")): Object: 'Object Repository/Common ePulse Objects/Submit Button' is clicked on

2018-12-14 12:12:01 - [MESSAGE][PASSED] - Object: 'Object Repository/Common ePulse Objects/Submit Button' is clicked on

2018-12-14 12:12:01 - [TEST_STEP][NOT_RUN] - closeBrowser(): NOT_RUN: closeBrowser()

2018-12-14 12:12:01 - [MESSAGE][NOT_RUN] - NOT_RUN: closeBrowser()]]></system-out>
         <system-err><![CDATA[]]></system-err>
      </testcase>
      <testcase name="Test Cases/Admin Console/Account Settings/Users/Account Settings - New User(coordinator_Call.Center)" classname="Test Cases/Admin Console/Account Settings/Users/Account Settings - New User(coordinator_Call.Center)" status="PASSED">
         <system-out><![CDATA[2018-12-14 12:12:01 - [TEST_CASE][PASSED] - Test Cases/Admin Console/Account Settings/Users/Account Settings - New User(coordinator_Call.Center): Test Cases/Admin Console/Account Settings/Users/Account Settings - New User(coordinator_Call.Center)

2018-12-14 12:12:01 - [TEST_STEP][PASSED] - openBrowser(""): Browser is opened with url: ''

2018-12-14 12:12:01 - [MESSAGE][WARNING] - A browser is already opened. Closing browser and opening a new one

2018-12-14 12:12:01 - [MESSAGE][INFO] - Starting 'Chrome' driver

2018-12-14 12:12:02 - [MESSAGE][PASSED] - Browser is opened with url: ''

2018-12-14 12:12:02 - [TEST_STEP][PASSED] - navigateToUrl(URL): Navigate to 'https://epulsebeta2.com' successfully

2018-12-14 12:12:04 - [MESSAGE][PASSED] - Navigate to 'https://epulsebeta2.com' successfully

2018-12-14 12:12:04 - [TEST_STEP][PASSED] - setText(findTestObject("Login/Email Address"), User_email): Text 'alonzo.mack@knowink.com' is set on object 'Object Repository/Login/Email Address'

2018-12-14 12:12:04 - [MESSAGE][PASSED] - Text 'alonzo.mack@knowink.com' is set on object 'Object Repository/Login/Email Address'

2018-12-14 12:12:04 - [TEST_STEP][PASSED] - setEncryptedText(findTestObject("Login/Password"), Pswrd): Text ****** has been set on object 'Object Repository/Login/Password'

2018-12-14 12:12:04 - [MESSAGE][PASSED] - Text ****** has been set on object 'Object Repository/Login/Password'

2018-12-14 12:12:04 - [TEST_STEP][PASSED] - click(findTestObject("Login/Sign In")): Object: 'Object Repository/Login/Sign In' is clicked on

2018-12-14 12:12:05 - [MESSAGE][PASSED] - Object: 'Object Repository/Login/Sign In' is clicked on

2018-12-14 12:12:05 - [TEST_STEP][PASSED] - delay(1): Delayed 1 second(s)

2018-12-14 12:12:06 - [MESSAGE][PASSED] - Delayed 1 second(s)

2018-12-14 12:12:06 - [TEST_STEP][PASSED] - navigateToUrl(Users, STOP_ON_FAILURE): Navigate to 'https://am-automation-test.epulsebeta2.com/users' successfully

2018-12-14 12:12:07 - [MESSAGE][PASSED] - Navigate to 'https://am-automation-test.epulsebeta2.com/users' successfully

2018-12-14 12:12:07 - [TEST_STEP][PASSED] - delay(1): Delayed 1 second(s)

2018-12-14 12:12:08 - [MESSAGE][PASSED] - Delayed 1 second(s)

2018-12-14 12:12:08 - [TEST_STEP][PASSED] - click(findTestObject("Admin Console ePulse Menu/Account Settings/Users/Add User")): Object: 'Object Repository/Admin Console ePulse Menu/Account Settings/Users/Add User' is clicked on

2018-12-14 12:12:08 - [MESSAGE][PASSED] - Object: 'Object Repository/Admin Console ePulse Menu/Account Settings/Users/Add User' is clicked on

2018-12-14 12:12:08 - [TEST_STEP][PASSED] - delay(1): Delayed 1 second(s)

2018-12-14 12:12:09 - [MESSAGE][PASSED] - Delayed 1 second(s)

2018-12-14 12:12:09 - [TEST_STEP][PASSED] - setText(findTestObject("Admin Console ePulse Menu/Account Settings/Add User/input_First name"), "add"): Text 'add' is set on object 'Object Repository/Admin Console ePulse Menu/Account Settings/Add User/input_First name'

2018-12-14 12:12:09 - [MESSAGE][PASSED] - Text 'add' is set on object 'Object Repository/Admin Console ePulse Menu/Account Settings/Add User/input_First name'

2018-12-14 12:12:09 - [TEST_STEP][PASSED] - delay(1): Delayed 1 second(s)

2018-12-14 12:12:10 - [MESSAGE][PASSED] - Delayed 1 second(s)

2018-12-14 12:12:10 - [TEST_STEP][PASSED] - setText(findTestObject("Admin Console ePulse Menu/Account Settings/Add User/input_Last name"), "User"): Text 'User' is set on object 'Object Repository/Admin Console ePulse Menu/Account Settings/Add User/input_Last name'

2018-12-14 12:12:10 - [MESSAGE][PASSED] - Text 'User' is set on object 'Object Repository/Admin Console ePulse Menu/Account Settings/Add User/input_Last name'

2018-12-14 12:12:10 - [TEST_STEP][PASSED] - delay(1): Delayed 1 second(s)

2018-12-14 12:12:11 - [MESSAGE][PASSED] - Delayed 1 second(s)

2018-12-14 12:12:11 - [TEST_STEP][PASSED] - setText(findTestObject("Admin Console ePulse Menu/Account Settings/Add User/input_Phone"), "3137777777"): Text '3137777777' is set on object 'Object Repository/Admin Console ePulse Menu/Account Settings/Add User/input_Phone'

2018-12-14 12:12:11 - [MESSAGE][PASSED] - Text '3137777777' is set on object 'Object Repository/Admin Console ePulse Menu/Account Settings/Add User/input_Phone'

2018-12-14 12:12:11 - [TEST_STEP][PASSED] - delay(1): Delayed 1 second(s)

2018-12-14 12:12:12 - [MESSAGE][PASSED] - Delayed 1 second(s)

2018-12-14 12:12:12 - [TEST_STEP][PASSED] - setText(findTestObject("Admin Console ePulse Menu/Account Settings/Add User/input_E-mail"), "addnew3-user@knowink.com"): Text 'addnew3-user@knowink.com' is set on object 'Object Repository/Admin Console ePulse Menu/Account Settings/Add User/input_E-mail'

2018-12-14 12:12:13 - [MESSAGE][PASSED] - Text 'addnew3-user@knowink.com' is set on object 'Object Repository/Admin Console ePulse Menu/Account Settings/Add User/input_E-mail'

2018-12-14 12:12:13 - [TEST_STEP][PASSED] - delay(1): Delayed 1 second(s)

2018-12-14 12:12:14 - [MESSAGE][PASSED] - Delayed 1 second(s)

2018-12-14 12:12:14 - [TEST_STEP][PASSED] - selectOptionByValue(findTestObject("Admin Console ePulse Menu/Account Settings/Add User/Select Epulse User"), "2", true): All options with value '2' are selected in object 'Object Repository/Admin Console ePulse Menu/Account Settings/Add User/Select Epulse User'  using regular expression

2018-12-14 12:12:14 - [MESSAGE][PASSED] - All options with value '2' are selected in object 'Object Repository/Admin Console ePulse Menu/Account Settings/Add User/Select Epulse User'  using regular expression

2018-12-14 12:12:14 - [TEST_STEP][PASSED] - delay(1): Delayed 1 second(s)

2018-12-14 12:12:15 - [MESSAGE][PASSED] - Delayed 1 second(s)

2018-12-14 12:12:15 - [TEST_STEP][NOT_RUN] - selectOptionByValue(findTestObject("Admin Console ePulse Menu/Account Settings/Add User/Select Notify by"), "2", true): NOT_RUN: selectOptionByValue(findTestObject("Admin Console ePulse Menu/Account Settings/Add User/Select Notify by"), "2", true)

2018-12-14 12:12:15 - [MESSAGE][NOT_RUN] - NOT_RUN: selectOptionByValue(findTestObject("Admin Console ePulse Menu/Account Settings/Add User/Select Notify by"), "2", true)

2018-12-14 12:12:15 - [TEST_STEP][NOT_RUN] - delay(1): NOT_RUN: delay(1)

2018-12-14 12:12:15 - [MESSAGE][NOT_RUN] - NOT_RUN: delay(1)

2018-12-14 12:12:15 - [TEST_STEP][NOT_RUN] - selectOptionByValue(findTestObject("Admin Console ePulse Menu/Account Settings/Add User/Select User Rights"), "coordinator", true): NOT_RUN: selectOptionByValue(findTestObject("Admin Console ePulse Menu/Account Settings/Add User/Select User Rights"), "coordinator", true)

2018-12-14 12:12:15 - [MESSAGE][NOT_RUN] - NOT_RUN: selectOptionByValue(findTestObject("Admin Console ePulse Menu/Account Settings/Add User/Select User Rights"), "coordinator", true)

2018-12-14 12:12:15 - [TEST_STEP][NOT_RUN] - delay(1): NOT_RUN: delay(1)

2018-12-14 12:12:15 - [MESSAGE][NOT_RUN] - NOT_RUN: delay(1)

2018-12-14 12:12:15 - [TEST_STEP][PASSED] - click(findTestObject("Common ePulse Objects/Submit Button")): Object: 'Object Repository/Common ePulse Objects/Submit Button' is clicked on

2018-12-14 12:12:15 - [MESSAGE][PASSED] - Object: 'Object Repository/Common ePulse Objects/Submit Button' is clicked on

2018-12-14 12:12:15 - [TEST_STEP][PASSED] - closeBrowser(): Browser is closed

2018-12-14 12:12:16 - [MESSAGE][PASSED] - Browser is closed]]></system-out>
         <system-err><![CDATA[]]></system-err>
      </testcase>
      <testcase name="Test Cases/Admin Console/Account Settings/Languages/Languages - Import" classname="Test Cases/Admin Console/Account Settings/Languages/Languages - Import" status="PASSED">
         <system-out><![CDATA[2018-12-14 12:12:16 - [TEST_CASE][PASSED] - Test Cases/Admin Console/Account Settings/Languages/Languages - Import: Test Cases/Admin Console/Account Settings/Languages/Languages - Import

2018-12-14 12:12:16 - [TEST_STEP][PASSED] - openBrowser(""): Browser is opened with url: ''

2018-12-14 12:12:16 - [MESSAGE][INFO] - Starting 'Chrome' driver

2018-12-14 12:12:17 - [MESSAGE][PASSED] - Browser is opened with url: ''

2018-12-14 12:12:17 - [TEST_STEP][PASSED] - navigateToUrl(URL): Navigate to 'https://epulsebeta2.com' successfully

2018-12-14 12:12:18 - [MESSAGE][PASSED] - Navigate to 'https://epulsebeta2.com' successfully

2018-12-14 12:12:18 - [TEST_STEP][PASSED] - setText(findTestObject("Login/Email Address"), User_email): Text 'alonzo.mack@knowink.com' is set on object 'Object Repository/Login/Email Address'

2018-12-14 12:12:18 - [MESSAGE][PASSED] - Text 'alonzo.mack@knowink.com' is set on object 'Object Repository/Login/Email Address'

2018-12-14 12:12:18 - [TEST_STEP][PASSED] - setEncryptedText(findTestObject("Login/Password"), Pswrd): Text ****** has been set on object 'Object Repository/Login/Password'

2018-12-14 12:12:18 - [MESSAGE][PASSED] - Text ****** has been set on object 'Object Repository/Login/Password'

2018-12-14 12:12:18 - [TEST_STEP][PASSED] - click(findTestObject("Login/Sign In")): Object: 'Object Repository/Login/Sign In' is clicked on

2018-12-14 12:12:19 - [MESSAGE][PASSED] - Object: 'Object Repository/Login/Sign In' is clicked on

2018-12-14 12:12:19 - [TEST_STEP][PASSED] - delay(1): Delayed 1 second(s)

2018-12-14 12:12:20 - [MESSAGE][PASSED] - Delayed 1 second(s)

2018-12-14 12:12:20 - [TEST_STEP][PASSED] - navigateToUrl(languages_import, STOP_ON_FAILURE): Navigate to 'https://am-automation-test.epulsebeta2.com/imports/languages' successfully

2018-12-14 12:12:21 - [MESSAGE][PASSED] - Navigate to 'https://am-automation-test.epulsebeta2.com/imports/languages' successfully

2018-12-14 12:12:21 - [TEST_STEP][PASSED] - delay(1): Delayed 1 second(s)

2018-12-14 12:12:22 - [MESSAGE][PASSED] - Delayed 1 second(s)

2018-12-14 12:12:22 - [TEST_STEP][PASSED] - setText(findTestObject("Admin Console ePulse Menu/Account Settings/Prompts/Import Prompts Buttons/Choose File"), "/Users/alonzomack/Downloads/Automation uploads/languages.csv"): Text '/Users/alonzomack/Downloads/Automation uploads/languages.csv' is set on object 'Object Repository/Admin Console ePulse Menu/Account Settings/Prompts/Import Prompts Buttons/Choose File'

2018-12-14 12:12:22 - [MESSAGE][PASSED] - Text '/Users/alonzomack/Downloads/Automation uploads/languages.csv' is set on object 'Object Repository/Admin Console ePulse Menu/Account Settings/Prompts/Import Prompts Buttons/Choose File'

2018-12-14 12:12:22 - [TEST_STEP][PASSED] - click(findTestObject("Admin Console ePulse Menu/Account Settings/Prompts/Import Prompts Buttons/Continue Button")): Object: 'Object Repository/Admin Console ePulse Menu/Account Settings/Prompts/Import Prompts Buttons/Continue Button' is clicked on

2018-12-14 12:12:22 - [MESSAGE][PASSED] - Object: 'Object Repository/Admin Console ePulse Menu/Account Settings/Prompts/Import Prompts Buttons/Continue Button' is clicked on

2018-12-14 12:12:22 - [TEST_STEP][PASSED] - delay(1): Delayed 1 second(s)

2018-12-14 12:12:23 - [MESSAGE][PASSED] - Delayed 1 second(s)

2018-12-14 12:12:23 - [TEST_STEP][PASSED] - click(findTestObject("Admin Console ePulse Menu/Account Settings/Prompts/Import Prompts Buttons/button_Done(working)")): Object: 'Object Repository/Admin Console ePulse Menu/Account Settings/Prompts/Import Prompts Buttons/button_Done(working)' is clicked on

2018-12-14 12:12:27 - [MESSAGE][PASSED] - Object: 'Object Repository/Admin Console ePulse Menu/Account Settings/Prompts/Import Prompts Buttons/button_Done(working)' is clicked on

2018-12-14 12:12:27 - [TEST_STEP][PASSED] - delay(1): Delayed 1 second(s)

2018-12-14 12:12:28 - [MESSAGE][PASSED] - Delayed 1 second(s)

2018-12-14 12:12:28 - [TEST_STEP][PASSED] - closeBrowser(): Browser is closed

2018-12-14 12:12:28 - [MESSAGE][PASSED] - Browser is closed]]></system-out>
         <system-err><![CDATA[]]></system-err>
      </testcase>
      <testcase name="Test Cases/Admin Console/Account Settings/Poll Pad Setup()/Poll Pad Setup - Demo DB" classname="Test Cases/Admin Console/Account Settings/Poll Pad Setup()/Poll Pad Setup - Demo DB" status="FAILED">
         <failure type="FAILED" message="Test Cases/Admin Console/Account Settings/Poll Pad Setup()/Poll Pad Setup - Demo DB FAILED.
Reason:
com.kms.katalon.core.exception.StepFailedException: Unable to verify text 'Demo DB   processing...' is present  using regular expression (Root cause: com.kms.katalon.core.exception.StepFailedException: Text 'Demo DB   processing...' is not present on page  using regular expression)
	at com.kms.katalon.core.keyword.internal.KeywordMain.stepFailed(KeywordMain.groovy:36)
	at com.kms.katalon.core.webui.keyword.internal.WebUIKeywordMain.stepFailed(WebUIKeywordMain.groovy:65)
	at com.kms.katalon.core.webui.keyword.internal.WebUIKeywordMain.runKeyword(WebUIKeywordMain.groovy:27)
	at com.kms.katalon.core.webui.keyword.builtin.VerifyTextPresentKeyword.verifyTextPresent(VerifyTextPresentKeyword.groovy:83)
	at com.kms.katalon.core.webui.keyword.builtin.VerifyTextPresentKeyword.execute(VerifyTextPresentKeyword.groovy:68)
	at com.kms.katalon.core.keyword.internal.KeywordExecutor.executeKeywordForPlatform(KeywordExecutor.groovy:53)
	at com.kms.katalon.core.webui.keyword.WebUiBuiltInKeywords.verifyTextPresent(WebUiBuiltInKeywords.groovy:1693)
	at com.kms.katalon.core.webui.keyword.WebUiBuiltInKeywords$verifyTextPresent$7.call(Unknown Source)
	at Poll Pad Setup - Demo DB.run(Poll Pad Setup - Demo DB:51)
	at com.kms.katalon.core.main.ScriptEngine.run(ScriptEngine.java:194)
	at com.kms.katalon.core.main.ScriptEngine.runScriptAsRawText(ScriptEngine.java:119)
	at com.kms.katalon.core.main.TestCaseExecutor.runScript(TestCaseExecutor.java:321)
	at com.kms.katalon.core.main.TestCaseExecutor.doExecute(TestCaseExecutor.java:312)
	at com.kms.katalon.core.main.TestCaseExecutor.processExecutionPhase(TestCaseExecutor.java:291)
	at com.kms.katalon.core.main.TestCaseExecutor.accessMainPhase(TestCaseExecutor.java:283)
	at com.kms.katalon.core.main.TestCaseExecutor.execute(TestCaseExecutor.java:222)
	at com.kms.katalon.core.main.TestSuiteExecutor.accessTestCaseMainPhase(TestSuiteExecutor.java:129)
	at com.kms.katalon.core.main.TestSuiteExecutor.accessTestSuiteMainPhase(TestSuiteExecutor.java:112)
	at com.kms.katalon.core.main.TestSuiteExecutor.execute(TestSuiteExecutor.java:81)
	at com.kms.katalon.core.main.TestCaseMain.startTestSuite(TestCaseMain.java:149)
	at com.kms.katalon.core.main.TestCaseMain$startTestSuite$0.call(Unknown Source)
	at TempTestSuite1544810187426.run(TempTestSuite1544810187426.groovy:36)
"/>
         <system-out><![CDATA[2018-12-14 12:12:28 - [TEST_CASE][FAILED] - Test Cases/Admin Console/Account Settings/Poll Pad Setup()/Poll Pad Setup - Demo DB: Test Cases/Admin Console/Account Settings/Poll Pad Setup()/Poll Pad Setup - Demo DB FAILED.
Reason:
com.kms.katalon.core.exception.StepFailedException: Unable to verify text 'Demo DB   processing...' is present  using regular expression (Root cause: com.kms.katalon.core.exception.StepFailedException: Text 'Demo DB   processing...' is not present on page  using regular expression)
	at com.kms.katalon.core.keyword.internal.KeywordMain.stepFailed(KeywordMain.groovy:36)
	at com.kms.katalon.core.webui.keyword.internal.WebUIKeywordMain.stepFailed(WebUIKeywordMain.groovy:65)
	at com.kms.katalon.core.webui.keyword.internal.WebUIKeywordMain.runKeyword(WebUIKeywordMain.groovy:27)
	at com.kms.katalon.core.webui.keyword.builtin.VerifyTextPresentKeyword.verifyTextPresent(VerifyTextPresentKeyword.groovy:83)
	at com.kms.katalon.core.webui.keyword.builtin.VerifyTextPresentKeyword.execute(VerifyTextPresentKeyword.groovy:68)
	at com.kms.katalon.core.keyword.internal.KeywordExecutor.executeKeywordForPlatform(KeywordExecutor.groovy:53)
	at com.kms.katalon.core.webui.keyword.WebUiBuiltInKeywords.verifyTextPresent(WebUiBuiltInKeywords.groovy:1693)
	at com.kms.katalon.core.webui.keyword.WebUiBuiltInKeywords$verifyTextPresent$7.call(Unknown Source)
	at Poll Pad Setup - Demo DB.run(Poll Pad Setup - Demo DB:51)
	at com.kms.katalon.core.main.ScriptEngine.run(ScriptEngine.java:194)
	at com.kms.katalon.core.main.ScriptEngine.runScriptAsRawText(ScriptEngine.java:119)
	at com.kms.katalon.core.main.TestCaseExecutor.runScript(TestCaseExecutor.java:321)
	at com.kms.katalon.core.main.TestCaseExecutor.doExecute(TestCaseExecutor.java:312)
	at com.kms.katalon.core.main.TestCaseExecutor.processExecutionPhase(TestCaseExecutor.java:291)
	at com.kms.katalon.core.main.TestCaseExecutor.accessMainPhase(TestCaseExecutor.java:283)
	at com.kms.katalon.core.main.TestCaseExecutor.execute(TestCaseExecutor.java:222)
	at com.kms.katalon.core.main.TestSuiteExecutor.accessTestCaseMainPhase(TestSuiteExecutor.java:129)
	at com.kms.katalon.core.main.TestSuiteExecutor.accessTestSuiteMainPhase(TestSuiteExecutor.java:112)
	at com.kms.katalon.core.main.TestSuiteExecutor.execute(TestSuiteExecutor.java:81)
	at com.kms.katalon.core.main.TestCaseMain.startTestSuite(TestCaseMain.java:149)
	at com.kms.katalon.core.main.TestCaseMain$startTestSuite$0.call(Unknown Source)
	at TempTestSuite1544810187426.run(TempTestSuite1544810187426.groovy:36)


2018-12-14 12:12:28 - [TEST_STEP][PASSED] - openBrowser(""): Browser is opened with url: ''

2018-12-14 12:12:28 - [MESSAGE][INFO] - Starting 'Chrome' driver

2018-12-14 12:12:29 - [MESSAGE][PASSED] - Browser is opened with url: ''

2018-12-14 12:12:29 - [TEST_STEP][PASSED] - navigateToUrl(URL): Navigate to 'https://epulsebeta2.com' successfully

2018-12-14 12:12:31 - [MESSAGE][PASSED] - Navigate to 'https://epulsebeta2.com' successfully

2018-12-14 12:12:31 - [TEST_STEP][PASSED] - setText(findTestObject("Login/Email Address"), User_email): Text 'alonzo.mack@knowink.com' is set on object 'Object Repository/Login/Email Address'

2018-12-14 12:12:31 - [MESSAGE][PASSED] - Text 'alonzo.mack@knowink.com' is set on object 'Object Repository/Login/Email Address'

2018-12-14 12:12:31 - [TEST_STEP][PASSED] - setEncryptedText(findTestObject("Login/Password"), Pswrd): Text ****** has been set on object 'Object Repository/Login/Password'

2018-12-14 12:12:31 - [MESSAGE][PASSED] - Text ****** has been set on object 'Object Repository/Login/Password'

2018-12-14 12:12:31 - [TEST_STEP][PASSED] - click(findTestObject("Login/Sign In")): Object: 'Object Repository/Login/Sign In' is clicked on

2018-12-14 12:12:32 - [MESSAGE][PASSED] - Object: 'Object Repository/Login/Sign In' is clicked on

2018-12-14 12:12:32 - [TEST_STEP][PASSED] - delay(1): Delayed 1 second(s)

2018-12-14 12:12:33 - [MESSAGE][PASSED] - Delayed 1 second(s)

2018-12-14 12:12:33 - [TEST_STEP][PASSED] - navigateToUrl(Demo_DB): Navigate to 'https://am-automation-test.epulsebeta2.com/account_settings/poll_pad' successfully

2018-12-14 12:12:34 - [MESSAGE][PASSED] - Navigate to 'https://am-automation-test.epulsebeta2.com/account_settings/poll_pad' successfully

2018-12-14 12:12:34 - [TEST_STEP][PASSED] - click(findTestObject("Admin Console ePulse Menu/Account Settings/Poll Pad Setup/Demo Db")): Object: 'Object Repository/Admin Console ePulse Menu/Account Settings/Poll Pad Setup/Demo Db' is clicked on

2018-12-14 12:12:34 - [MESSAGE][PASSED] - Object: 'Object Repository/Admin Console ePulse Menu/Account Settings/Poll Pad Setup/Demo Db' is clicked on

2018-12-14 12:12:34 - [TEST_STEP][PASSED] - delay(1): Delayed 1 second(s)

2018-12-14 12:12:35 - [MESSAGE][PASSED] - Delayed 1 second(s)

2018-12-14 12:12:35 - [TEST_STEP][PASSED] - setText(findTestObject("Admin Console ePulse Menu/Account Settings/Poll Pad Setup/DEMO DB/Demo DB Name"), "Demo DB"): Text 'Demo DB' is set on object 'Object Repository/Admin Console ePulse Menu/Account Settings/Poll Pad Setup/DEMO DB/Demo DB Name'

2018-12-14 12:12:35 - [MESSAGE][PASSED] - Text 'Demo DB' is set on object 'Object Repository/Admin Console ePulse Menu/Account Settings/Poll Pad Setup/DEMO DB/Demo DB Name'

2018-12-14 12:12:35 - [TEST_STEP][PASSED] - delay(1): Delayed 1 second(s)

2018-12-14 12:12:36 - [MESSAGE][PASSED] - Delayed 1 second(s)

2018-12-14 12:12:36 - [TEST_STEP][NOT_RUN] - selectOptionByValue(findTestObject("Admin Console ePulse Menu/Account Settings/Poll Pad Setup/DEMO DB/Select Poll Pad Configuration"), "Test2", true): NOT_RUN: selectOptionByValue(findTestObject("Admin Console ePulse Menu/Account Settings/Poll Pad Setup/DEMO DB/Select Poll Pad Configuration"), "Test2", true)

2018-12-14 12:12:36 - [MESSAGE][NOT_RUN] - NOT_RUN: selectOptionByValue(findTestObject("Admin Console ePulse Menu/Account Settings/Poll Pad Setup/DEMO DB/Select Poll Pad Configuration"), "Test2", true)

2018-12-14 12:12:36 - [TEST_STEP][NOT_RUN] - selectOptionByIndex(findTestObject("Admin Console ePulse Menu/Account Settings/Poll Pad Setup/DEMO DB/Polling Place dropdown"), 2): NOT_RUN: selectOptionByIndex(findTestObject("Admin Console ePulse Menu/Account Settings/Poll Pad Setup/DEMO DB/Polling Place dropdown"), 2)

2018-12-14 12:12:36 - [MESSAGE][NOT_RUN] - NOT_RUN: selectOptionByIndex(findTestObject("Admin Console ePulse Menu/Account Settings/Poll Pad Setup/DEMO DB/Polling Place dropdown"), 2)

2018-12-14 12:12:36 - [TEST_STEP][PASSED] - click(findTestObject("Admin Console ePulse Menu/Account Settings/Poll Pad Setup/DEMO DB/Create Demo DB button")): Object: 'Object Repository/Admin Console ePulse Menu/Account Settings/Poll Pad Setup/DEMO DB/Create Demo DB button' is clicked on

2018-12-14 12:12:37 - [MESSAGE][PASSED] - Object: 'Object Repository/Admin Console ePulse Menu/Account Settings/Poll Pad Setup/DEMO DB/Create Demo DB button' is clicked on

2018-12-14 12:12:37 - [TEST_STEP][FAILED] - verifyTextPresent("Demo DB   processing...", true): verifyTextPresent("Demo DB   processing...", true) FAILED.
Reason:
com.kms.katalon.core.exception.StepFailedException: Unable to verify text 'Demo DB   processing...' is present  using regular expression (Root cause: com.kms.katalon.core.exception.StepFailedException: Text 'Demo DB   processing...' is not present on page  using regular expression)
	at com.kms.katalon.core.keyword.internal.KeywordMain.stepFailed(KeywordMain.groovy:36)
	at com.kms.katalon.core.webui.keyword.internal.WebUIKeywordMain.stepFailed(WebUIKeywordMain.groovy:65)
	at com.kms.katalon.core.webui.keyword.internal.WebUIKeywordMain.runKeyword(WebUIKeywordMain.groovy:27)
	at com.kms.katalon.core.webui.keyword.builtin.VerifyTextPresentKeyword.verifyTextPresent(VerifyTextPresentKeyword.groovy:83)
	at com.kms.katalon.core.webui.keyword.builtin.VerifyTextPresentKeyword.execute(VerifyTextPresentKeyword.groovy:68)
	at com.kms.katalon.core.keyword.internal.KeywordExecutor.executeKeywordForPlatform(KeywordExecutor.groovy:53)
	at com.kms.katalon.core.webui.keyword.WebUiBuiltInKeywords.verifyTextPresent(WebUiBuiltInKeywords.groovy:1693)
	at com.kms.katalon.core.webui.keyword.WebUiBuiltInKeywords$verifyTextPresent$7.call(Unknown Source)
	at Poll Pad Setup - Demo DB.run(Poll Pad Setup - Demo DB:51)
	at com.kms.katalon.core.main.ScriptEngine.run(ScriptEngine.java:194)
	at com.kms.katalon.core.main.ScriptEngine.runScriptAsRawText(ScriptEngine.java:119)
	at com.kms.katalon.core.main.TestCaseExecutor.runScript(TestCaseExecutor.java:321)
	at com.kms.katalon.core.main.TestCaseExecutor.doExecute(TestCaseExecutor.java:312)
	at com.kms.katalon.core.main.TestCaseExecutor.processExecutionPhase(TestCaseExecutor.java:291)
	at com.kms.katalon.core.main.TestCaseExecutor.accessMainPhase(TestCaseExecutor.java:283)
	at com.kms.katalon.core.main.TestCaseExecutor.execute(TestCaseExecutor.java:222)
	at com.kms.katalon.core.main.TestSuiteExecutor.accessTestCaseMainPhase(TestSuiteExecutor.java:129)
	at com.kms.katalon.core.main.TestSuiteExecutor.accessTestSuiteMainPhase(TestSuiteExecutor.java:112)
	at com.kms.katalon.core.main.TestSuiteExecutor.execute(TestSuiteExecutor.java:81)
	at com.kms.katalon.core.main.TestCaseMain.startTestSuite(TestCaseMain.java:149)
	at com.kms.katalon.core.main.TestCaseMain$startTestSuite$0.call(Unknown Source)
	at TempTestSuite1544810187426.run(TempTestSuite1544810187426.groovy:36)


2018-12-14 12:12:37 - [MESSAGE][FAILED] - Text 'Demo DB   processing...' is not present on page  using regular expression

2018-12-14 12:12:37 - [MESSAGE][FAILED] - Unable to verify text 'Demo DB   processing...' is present  using regular expression (Root cause: com.kms.katalon.core.exception.StepFailedException: Text 'Demo DB   processing...' is not present on page  using regular expression)
[[ATTACHMENT|/Users/alonzomack/Katalon Studio/Regression/Reports/dev_staging ready/20181214_115627/1544811157114.png]]

2018-12-14 12:12:37 - [MESSAGE][FAILED] - verifyTextPresent("Demo DB   processing...", true) FAILED.
Reason:
com.kms.katalon.core.exception.StepFailedException: Unable to verify text 'Demo DB   processing...' is present  using regular expression (Root cause: com.kms.katalon.core.exception.StepFailedException: Text 'Demo DB   processing...' is not present on page  using regular expression)
	at com.kms.katalon.core.keyword.internal.KeywordMain.stepFailed(KeywordMain.groovy:36)
	at com.kms.katalon.core.webui.keyword.internal.WebUIKeywordMain.stepFailed(WebUIKeywordMain.groovy:65)
	at com.kms.katalon.core.webui.keyword.internal.WebUIKeywordMain.runKeyword(WebUIKeywordMain.groovy:27)
	at com.kms.katalon.core.webui.keyword.builtin.VerifyTextPresentKeyword.verifyTextPresent(VerifyTextPresentKeyword.groovy:83)
	at com.kms.katalon.core.webui.keyword.builtin.VerifyTextPresentKeyword.execute(VerifyTextPresentKeyword.groovy:68)
	at com.kms.katalon.core.keyword.internal.KeywordExecutor.executeKeywordForPlatform(KeywordExecutor.groovy:53)
	at com.kms.katalon.core.webui.keyword.WebUiBuiltInKeywords.verifyTextPresent(WebUiBuiltInKeywords.groovy:1693)
	at com.kms.katalon.core.webui.keyword.WebUiBuiltInKeywords$verifyTextPresent$7.call(Unknown Source)
	at Poll Pad Setup - Demo DB.run(Poll Pad Setup - Demo DB:51)
	at com.kms.katalon.core.main.ScriptEngine.run(ScriptEngine.java:194)
	at com.kms.katalon.core.main.ScriptEngine.runScriptAsRawText(ScriptEngine.java:119)
	at com.kms.katalon.core.main.TestCaseExecutor.runScript(TestCaseExecutor.java:321)
	at com.kms.katalon.core.main.TestCaseExecutor.doExecute(TestCaseExecutor.java:312)
	at com.kms.katalon.core.main.TestCaseExecutor.processExecutionPhase(TestCaseExecutor.java:291)
	at com.kms.katalon.core.main.TestCaseExecutor.accessMainPhase(TestCaseExecutor.java:283)
	at com.kms.katalon.core.main.TestCaseExecutor.execute(TestCaseExecutor.java:222)
	at com.kms.katalon.core.main.TestSuiteExecutor.accessTestCaseMainPhase(TestSuiteExecutor.java:129)
	at com.kms.katalon.core.main.TestSuiteExecutor.accessTestSuiteMainPhase(TestSuiteExecutor.java:112)
	at com.kms.katalon.core.main.TestSuiteExecutor.execute(TestSuiteExecutor.java:81)
	at com.kms.katalon.core.main.TestCaseMain.startTestSuite(TestCaseMain.java:149)
	at com.kms.katalon.core.main.TestCaseMain$startTestSuite$0.call(Unknown Source)
	at TempTestSuite1544810187426.run(TempTestSuite1544810187426.groovy:36)]]></system-out>
         <system-err><![CDATA[2018-12-14 12:12:28 - [TEST_CASE][FAILED] - Test Cases/Admin Console/Account Settings/Poll Pad Setup()/Poll Pad Setup - Demo DB: Test Cases/Admin Console/Account Settings/Poll Pad Setup()/Poll Pad Setup - Demo DB FAILED.
Reason:
com.kms.katalon.core.exception.StepFailedException: Unable to verify text 'Demo DB   processing...' is present  using regular expression (Root cause: com.kms.katalon.core.exception.StepFailedException: Text 'Demo DB   processing...' is not present on page  using regular expression)
	at com.kms.katalon.core.keyword.internal.KeywordMain.stepFailed(KeywordMain.groovy:36)
	at com.kms.katalon.core.webui.keyword.internal.WebUIKeywordMain.stepFailed(WebUIKeywordMain.groovy:65)
	at com.kms.katalon.core.webui.keyword.internal.WebUIKeywordMain.runKeyword(WebUIKeywordMain.groovy:27)
	at com.kms.katalon.core.webui.keyword.builtin.VerifyTextPresentKeyword.verifyTextPresent(VerifyTextPresentKeyword.groovy:83)
	at com.kms.katalon.core.webui.keyword.builtin.VerifyTextPresentKeyword.execute(VerifyTextPresentKeyword.groovy:68)
	at com.kms.katalon.core.keyword.internal.KeywordExecutor.executeKeywordForPlatform(KeywordExecutor.groovy:53)
	at com.kms.katalon.core.webui.keyword.WebUiBuiltInKeywords.verifyTextPresent(WebUiBuiltInKeywords.groovy:1693)
	at com.kms.katalon.core.webui.keyword.WebUiBuiltInKeywords$verifyTextPresent$7.call(Unknown Source)
	at Poll Pad Setup - Demo DB.run(Poll Pad Setup - Demo DB:51)
	at com.kms.katalon.core.main.ScriptEngine.run(ScriptEngine.java:194)
	at com.kms.katalon.core.main.ScriptEngine.runScriptAsRawText(ScriptEngine.java:119)
	at com.kms.katalon.core.main.TestCaseExecutor.runScript(TestCaseExecutor.java:321)
	at com.kms.katalon.core.main.TestCaseExecutor.doExecute(TestCaseExecutor.java:312)
	at com.kms.katalon.core.main.TestCaseExecutor.processExecutionPhase(TestCaseExecutor.java:291)
	at com.kms.katalon.core.main.TestCaseExecutor.accessMainPhase(TestCaseExecutor.java:283)
	at com.kms.katalon.core.main.TestCaseExecutor.execute(TestCaseExecutor.java:222)
	at com.kms.katalon.core.main.TestSuiteExecutor.accessTestCaseMainPhase(TestSuiteExecutor.java:129)
	at com.kms.katalon.core.main.TestSuiteExecutor.accessTestSuiteMainPhase(TestSuiteExecutor.java:112)
	at com.kms.katalon.core.main.TestSuiteExecutor.execute(TestSuiteExecutor.java:81)
	at com.kms.katalon.core.main.TestCaseMain.startTestSuite(TestCaseMain.java:149)
	at com.kms.katalon.core.main.TestCaseMain$startTestSuite$0.call(Unknown Source)
	at TempTestSuite1544810187426.run(TempTestSuite1544810187426.groovy:36)]]></system-err>
      </testcase>
      <testcase name="Test Cases/Admin Console/Account Settings/Poll Pad Setup()/Poll Pad Setup - ISYNC" classname="Test Cases/Admin Console/Account Settings/Poll Pad Setup()/Poll Pad Setup - ISYNC" status="PASSED">
         <system-out><![CDATA[2018-12-14 12:12:37 - [TEST_CASE][PASSED] - Test Cases/Admin Console/Account Settings/Poll Pad Setup()/Poll Pad Setup - ISYNC: Test Cases/Admin Console/Account Settings/Poll Pad Setup()/Poll Pad Setup - ISYNC

2018-12-14 12:12:37 - [TEST_STEP][PASSED] - openBrowser(""): Browser is opened with url: ''

2018-12-14 12:12:37 - [MESSAGE][WARNING] - A browser is already opened. Closing browser and opening a new one

2018-12-14 12:12:37 - [MESSAGE][INFO] - Starting 'Chrome' driver

2018-12-14 12:12:38 - [MESSAGE][PASSED] - Browser is opened with url: ''

2018-12-14 12:12:38 - [TEST_STEP][PASSED] - navigateToUrl(URL): Navigate to 'https://epulsebeta2.com' successfully

2018-12-14 12:12:40 - [MESSAGE][PASSED] - Navigate to 'https://epulsebeta2.com' successfully

2018-12-14 12:12:40 - [TEST_STEP][PASSED] - setText(findTestObject("Login/Email Address"), User_email): Text 'alonzo.mack@knowink.com' is set on object 'Object Repository/Login/Email Address'

2018-12-14 12:12:40 - [MESSAGE][PASSED] - Text 'alonzo.mack@knowink.com' is set on object 'Object Repository/Login/Email Address'

2018-12-14 12:12:40 - [TEST_STEP][PASSED] - setEncryptedText(findTestObject("Login/Password"), Pswrd): Text ****** has been set on object 'Object Repository/Login/Password'

2018-12-14 12:12:40 - [MESSAGE][PASSED] - Text ****** has been set on object 'Object Repository/Login/Password'

2018-12-14 12:12:40 - [TEST_STEP][PASSED] - click(findTestObject("Login/Sign In")): Object: 'Object Repository/Login/Sign In' is clicked on

2018-12-14 12:12:41 - [MESSAGE][PASSED] - Object: 'Object Repository/Login/Sign In' is clicked on

2018-12-14 12:12:41 - [TEST_STEP][PASSED] - delay(1): Delayed 1 second(s)

2018-12-14 12:12:42 - [MESSAGE][PASSED] - Delayed 1 second(s)

2018-12-14 12:12:42 - [TEST_STEP][PASSED] - navigateToUrl(iSync): Navigate to 'https://am-automation-test.epulsebeta2.com/account_settings/poll_pad' successfully

2018-12-14 12:12:43 - [MESSAGE][PASSED] - Navigate to 'https://am-automation-test.epulsebeta2.com/account_settings/poll_pad' successfully

2018-12-14 12:12:43 - [TEST_STEP][PASSED] - click(findTestObject("Admin Console ePulse Menu/Account Settings/Poll Pad Setup/Isync")): Object: 'Object Repository/Admin Console ePulse Menu/Account Settings/Poll Pad Setup/Isync' is clicked on

2018-12-14 12:12:43 - [MESSAGE][PASSED] - Object: 'Object Repository/Admin Console ePulse Menu/Account Settings/Poll Pad Setup/Isync' is clicked on

2018-12-14 12:12:43 - [TEST_STEP][PASSED] - click(findTestObject("Admin Console ePulse Menu/Account Settings/Poll Pad Setup/ISYNC/Generate New button")): Object: 'Object Repository/Admin Console ePulse Menu/Account Settings/Poll Pad Setup/ISYNC/Generate New button' is clicked on

2018-12-14 12:12:43 - [MESSAGE][PASSED] - Object: 'Object Repository/Admin Console ePulse Menu/Account Settings/Poll Pad Setup/ISYNC/Generate New button' is clicked on

2018-12-14 12:12:43 - [TEST_STEP][PASSED] - delay(10): Delayed 10 second(s)

2018-12-14 12:12:53 - [MESSAGE][PASSED] - Delayed 10 second(s)

2018-12-14 12:12:53 - [TEST_STEP][PASSED] - click(findTestObject("Admin Console ePulse Menu/Account Settings/Poll Pad Setup/ISYNC/DOWNLOAD")): Object: 'Object Repository/Admin Console ePulse Menu/Account Settings/Poll Pad Setup/ISYNC/DOWNLOAD' is clicked on

2018-12-14 12:12:54 - [MESSAGE][PASSED] - Object: 'Object Repository/Admin Console ePulse Menu/Account Settings/Poll Pad Setup/ISYNC/DOWNLOAD' is clicked on

2018-12-14 12:12:54 - [TEST_STEP][PASSED] - delay(2): Delayed 2 second(s)

2018-12-14 12:12:56 - [MESSAGE][PASSED] - Delayed 2 second(s)

2018-12-14 12:12:56 - [TEST_STEP][PASSED] - click(findTestObject("Admin Console ePulse Menu/Account Settings/Poll Pad Setup/ISYNC/Delete Selected Download")): Object: 'Object Repository/Admin Console ePulse Menu/Account Settings/Poll Pad Setup/ISYNC/Delete Selected Download' is clicked on

2018-12-14 12:12:56 - [MESSAGE][PASSED] - Object: 'Object Repository/Admin Console ePulse Menu/Account Settings/Poll Pad Setup/ISYNC/Delete Selected Download' is clicked on

2018-12-14 12:12:56 - [TEST_STEP][PASSED] - acceptAlert(): Alert accepted

2018-12-14 12:12:56 - [MESSAGE][PASSED] - Alert accepted

2018-12-14 12:12:56 - [TEST_STEP][PASSED] - delay(1): Delayed 1 second(s)

2018-12-14 12:12:57 - [MESSAGE][PASSED] - Delayed 1 second(s)

2018-12-14 12:12:57 - [TEST_STEP][PASSED] - closeBrowser(): Browser is closed

2018-12-14 12:12:57 - [MESSAGE][PASSED] - Browser is closed]]></system-out>
         <system-err><![CDATA[]]></system-err>
      </testcase>
      <system-out><![CDATA[2018-12-14 11:56:29 - [TEST_SUITE][FAILED] - dev_staging ready: Test Cases/SuperAdminConsole/Poll Pads/PollPad - Add FAILED.
Reason:
com.kms.katalon.core.exception.StepFailedException: Verify element text of test object 'Object Repository/SuperAdminConsole/Poll Pads/Test PollPad' FAILED. (Root cause: com.kms.katalon.core.exception.StepFailedException: com.kms.katalon.core.webui.exception.WebElementNotFoundException: Web element with id: 'Object Repository/SuperAdminConsole/Poll Pads/Test PollPad' located by 'By.xpath: //td[(text() = 'Test PollPad' or . = 'Test PollPad')]' not found)
	at com.kms.katalon.core.keyword.internal.KeywordMain.stepFailed(KeywordMain.groovy:36)
	at com.kms.katalon.core.webui.keyword.internal.WebUIKeywordMain.stepFailed(WebUIKeywordMain.groovy:65)
	at com.kms.katalon.core.webui.keyword.internal.WebUIKeywordMain.runKeyword(WebUIKeywordMain.groovy:27)
	at com.kms.katalon.core.webui.keyword.builtin.VerifyElementTextKeyword.verifyElementText(VerifyElementTextKeyword.groovy:72)
	at com.kms.katalon.core.webui.keyword.builtin.VerifyElementTextKeyword.execute(VerifyElementTextKeyword.groovy:40)
	at com.kms.katalon.core.keyword.internal.KeywordExecutor.executeKeywordForPlatform(KeywordExecutor.groovy:53)
	at com.kms.katalon.core.webui.keyword.WebUiBuiltInKeywords.verifyElementText(WebUiBuiltInKeywords.groovy:3663)
	at com.kms.katalon.core.webui.keyword.WebUiBuiltInKeywords$verifyElementText$10.call(Unknown Source)
	at PollPad - Add.run(PollPad - Add:73)
	at com.kms.katalon.core.main.ScriptEngine.run(ScriptEngine.java:194)
	at com.kms.katalon.core.main.ScriptEngine.runScriptAsRawText(ScriptEngine.java:119)
	at com.kms.katalon.core.main.TestCaseExecutor.runScript(TestCaseExecutor.java:321)
	at com.kms.katalon.core.main.TestCaseExecutor.doExecute(TestCaseExecutor.java:312)
	at com.kms.katalon.core.main.TestCaseExecutor.processExecutionPhase(TestCaseExecutor.java:291)
	at com.kms.katalon.core.main.TestCaseExecutor.accessMainPhase(TestCaseExecutor.java:283)
	at com.kms.katalon.core.main.TestCaseExecutor.execute(TestCaseExecutor.java:222)
	at com.kms.katalon.core.main.TestSuiteExecutor.accessTestCaseMainPhase(TestSuiteExecutor.java:129)
	at com.kms.katalon.core.main.TestSuiteExecutor.accessTestSuiteMainPhase(TestSuiteExecutor.java:112)
	at com.kms.katalon.core.main.TestSuiteExecutor.execute(TestSuiteExecutor.java:81)
	at com.kms.katalon.core.main.TestCaseMain.startTestSuite(TestCaseMain.java:149)
	at com.kms.katalon.core.main.TestCaseMain$startTestSuite$0.call(Unknown Source)
	at TempTestSuite1544810187426.run(TempTestSuite1544810187426.groovy:36)]]></system-out>
      <system-err><![CDATA[2018-12-14 11:56:29 - [TEST_SUITE][FAILED] - dev_staging ready: Test Cases/SuperAdminConsole/Poll Pads/PollPad - Add FAILED.
Reason:
com.kms.katalon.core.exception.StepFailedException: Verify element text of test object 'Object Repository/SuperAdminConsole/Poll Pads/Test PollPad' FAILED. (Root cause: com.kms.katalon.core.exception.StepFailedException: com.kms.katalon.core.webui.exception.WebElementNotFoundException: Web element with id: 'Object Repository/SuperAdminConsole/Poll Pads/Test PollPad' located by 'By.xpath: //td[(text() = 'Test PollPad' or . = 'Test PollPad')]' not found)
	at com.kms.katalon.core.keyword.internal.KeywordMain.stepFailed(KeywordMain.groovy:36)
	at com.kms.katalon.core.webui.keyword.internal.WebUIKeywordMain.stepFailed(WebUIKeywordMain.groovy:65)
	at com.kms.katalon.core.webui.keyword.internal.WebUIKeywordMain.runKeyword(WebUIKeywordMain.groovy:27)
	at com.kms.katalon.core.webui.keyword.builtin.VerifyElementTextKeyword.verifyElementText(VerifyElementTextKeyword.groovy:72)
	at com.kms.katalon.core.webui.keyword.builtin.VerifyElementTextKeyword.execute(VerifyElementTextKeyword.groovy:40)
	at com.kms.katalon.core.keyword.internal.KeywordExecutor.executeKeywordForPlatform(KeywordExecutor.groovy:53)
	at com.kms.katalon.core.webui.keyword.WebUiBuiltInKeywords.verifyElementText(WebUiBuiltInKeywords.groovy:3663)
	at com.kms.katalon.core.webui.keyword.WebUiBuiltInKeywords$verifyElementText$10.call(Unknown Source)
	at PollPad - Add.run(PollPad - Add:73)
	at com.kms.katalon.core.main.ScriptEngine.run(ScriptEngine.java:194)
	at com.kms.katalon.core.main.ScriptEngine.runScriptAsRawText(ScriptEngine.java:119)
	at com.kms.katalon.core.main.TestCaseExecutor.runScript(TestCaseExecutor.java:321)
	at com.kms.katalon.core.main.TestCaseExecutor.doExecute(TestCaseExecutor.java:312)
	at com.kms.katalon.core.main.TestCaseExecutor.processExecutionPhase(TestCaseExecutor.java:291)
	at com.kms.katalon.core.main.TestCaseExecutor.accessMainPhase(TestCaseExecutor.java:283)
	at com.kms.katalon.core.main.TestCaseExecutor.execute(TestCaseExecutor.java:222)
	at com.kms.katalon.core.main.TestSuiteExecutor.accessTestCaseMainPhase(TestSuiteExecutor.java:129)
	at com.kms.katalon.core.main.TestSuiteExecutor.accessTestSuiteMainPhase(TestSuiteExecutor.java:112)
	at com.kms.katalon.core.main.TestSuiteExecutor.execute(TestSuiteExecutor.java:81)
	at com.kms.katalon.core.main.TestCaseMain.startTestSuite(TestCaseMain.java:149)
	at com.kms.katalon.core.main.TestCaseMain$startTestSuite$0.call(Unknown Source)
	at TempTestSuite1544810187426.run(TempTestSuite1544810187426.groovy:36)]]></system-err>
   </testsuite>
</testsuites>
