<?xml version="1.0" encoding="UTF-8"?>
<testsuites name="dev_staging ready" time="1083" tests="36" failures="9" errors="0">
   <testsuite name="dev_staging ready" tests="36" failures="9" errors="0" time="1083" timestamp="2019-01-31 15:22:12" hostname="alonzomack - 10.130.27.241" id="Test Suites/dev_staging ready">
      <properties>
         <property name="deviceName" value=""/>
         <property name="devicePlatform" value=""/>
         <property name="logFolder" value="/Users/alonzomack/Katalon Studio/Regression/Reports/dev_staging ready/20190131_152208"/>
         <property name="logFiles" value="/Users/alonzomack/Katalon Studio/Regression/Reports/dev_staging ready/20190131_152208/execution0.log"/>
         <property name="attachments" value="/Users/alonzomack/Katalon Studio/Regression/Reports/dev_staging ready/20190131_152208/1548969796493.png, /Users/alonzomack/Katalon Studio/Regression/Reports/dev_staging ready/20190131_152208/1548969889953.png, /Users/alonzomack/Katalon Studio/Regression/Reports/dev_staging ready/20190131_152208/1548969925271.png, /Users/alonzomack/Katalon Studio/Regression/Reports/dev_staging ready/20190131_152208/1548970071409.png, /Users/alonzomack/Katalon Studio/Regression/Reports/dev_staging ready/20190131_152208/1548970102963.png, /Users/alonzomack/Katalon Studio/Regression/Reports/dev_staging ready/20190131_152208/1548970198246.png, /Users/alonzomack/Katalon Studio/Regression/Reports/dev_staging ready/20190131_152208/1548970318356.png, /Users/alonzomack/Katalon Studio/Regression/Reports/dev_staging ready/20190131_152208/1548970523217.png, /Users/alonzomack/Katalon Studio/Regression/Reports/dev_staging ready/20190131_152208/1548970647334.png, /Users/alonzomack/Katalon Studio/Regression/Reports/dev_staging ready/20190131_152208/1548970813923.png"/>
         <property name="hostName" value="alonzomack - 10.130.27.241"/>
         <property name="os" value="Mac OS X 64bit"/>
         <property name="katalonVersion" value="5.10.1.1"/>
         <property name="browser" value="Chrome 71.0.3578.98"/>
         <property name="hostAddress" value="10.130.27.241"/>
         <property name="sessionId" value="46ed265b5fb1196c93aa0f6f5e7d88bc"/>
         <property name="seleniumVersion" value="3.7.1"/>
         <property name="proxyInformation" value="ProxyInformation{proxyOption=NO_PROXY, proxyServerType=HTTP, password=, proxyServerAddress=, proxyServerPort=0}"/>
         <property name="platform" value="Mac OS X"/>
      </properties>
      <testcase name="Test Cases/Admin Console/Poll Pads/Poll Pad - Configuration()/Poll Pad Configuration - Add" classname="Test Cases/Admin Console/Poll Pads/Poll Pad - Configuration()/Poll Pad Configuration - Add" status="PASSED">
         <system-out><![CDATA[2019-01-31 15:22:12 - [TEST_CASE][PASSED] - Test Cases/Admin Console/Poll Pads/Poll Pad - Configuration()/Poll Pad Configuration - Add: Test Cases/Admin Console/Poll Pads/Poll Pad - Configuration()/Poll Pad Configuration - Add

2019-01-31 15:22:13 - [TEST_STEP][PASSED] - openBrowser(""): Browser is opened with url: ''

2019-01-31 15:22:14 - [MESSAGE][INFO] - Starting 'Chrome' driver

2019-01-31 15:22:14 - [MESSAGE][INFO] - Action delay is set to 0 seconds

2019-01-31 15:22:16 - [MESSAGE][PASSED] - Browser is opened with url: ''

2019-01-31 15:22:16 - [TEST_STEP][PASSED] - navigateToUrl(URL): Navigate to 'https://dev.epulse.io' successfully

2019-01-31 15:22:17 - [MESSAGE][PASSED] - Navigate to 'https://dev.epulse.io' successfully

2019-01-31 15:22:17 - [TEST_STEP][PASSED] - setText(findTestObject("Login/Email Address"), User_email): Text 'alonzo.mack@knowink.com' is set on object 'Object Repository/Login/Email Address'

2019-01-31 15:22:17 - [MESSAGE][PASSED] - Text 'alonzo.mack@knowink.com' is set on object 'Object Repository/Login/Email Address'

2019-01-31 15:22:17 - [TEST_STEP][PASSED] - setEncryptedText(findTestObject("Login/Password"), Pswrd): Text ****** has been set on object 'Object Repository/Login/Password'

2019-01-31 15:22:17 - [MESSAGE][PASSED] - Text ****** has been set on object 'Object Repository/Login/Password'

2019-01-31 15:22:17 - [TEST_STEP][PASSED] - click(findTestObject("Login/Sign In")): Object: 'Object Repository/Login/Sign In' is clicked on

2019-01-31 15:22:18 - [MESSAGE][PASSED] - Object: 'Object Repository/Login/Sign In' is clicked on

2019-01-31 15:22:18 - [TEST_STEP][PASSED] - delay(1): Delayed 1 second(s)

2019-01-31 15:22:19 - [MESSAGE][PASSED] - Delayed 1 second(s)

2019-01-31 15:22:19 - [TEST_STEP][PASSED] - navigateToUrl(Pollpad_Config_Page): Navigate to 'https://am-automation-test.dev.epulse.io/poll_pad_configs' successfully

2019-01-31 15:22:20 - [MESSAGE][PASSED] - Navigate to 'https://am-automation-test.dev.epulse.io/poll_pad_configs' successfully

2019-01-31 15:22:20 - [TEST_STEP][PASSED] - delay(1): Delayed 1 second(s)

2019-01-31 15:22:21 - [MESSAGE][PASSED] - Delayed 1 second(s)

2019-01-31 15:22:21 - [TEST_STEP][PASSED] - click(findTestObject("Admin Console ePulse Menu/Poll Pads/Poll Pad Config - Add/Add Configuration")): Object: 'Object Repository/Admin Console ePulse Menu/Poll Pads/Poll Pad Config - Add/Add Configuration' is clicked on

2019-01-31 15:22:22 - [MESSAGE][PASSED] - Object: 'Object Repository/Admin Console ePulse Menu/Poll Pads/Poll Pad Config - Add/Add Configuration' is clicked on

2019-01-31 15:22:22 - [TEST_STEP][PASSED] - delay(1): Delayed 1 second(s)

2019-01-31 15:22:23 - [MESSAGE][PASSED] - Delayed 1 second(s)

2019-01-31 15:22:23 - [TEST_STEP][PASSED] - setText(findTestObject("Admin Console ePulse Menu/Poll Pads/Poll Pad Config - Add/PollPad Config Name"), "Automation Created Config"): Text 'Automation Created Config' is set on object 'Object Repository/Admin Console ePulse Menu/Poll Pads/Poll Pad Config - Add/PollPad Config Name'

2019-01-31 15:22:23 - [MESSAGE][PASSED] - Text 'Automation Created Config' is set on object 'Object Repository/Admin Console ePulse Menu/Poll Pads/Poll Pad Config - Add/PollPad Config Name'

2019-01-31 15:22:23 - [TEST_STEP][PASSED] - delay(1): Delayed 1 second(s)

2019-01-31 15:22:24 - [MESSAGE][PASSED] - Delayed 1 second(s)

2019-01-31 15:22:24 - [TEST_STEP][PASSED] - click(findTestObject("Admin Console ePulse Menu/Poll Pads/Poll Pad Config - Add/Submit Config")): Object: 'Object Repository/Admin Console ePulse Menu/Poll Pads/Poll Pad Config - Add/Submit Config' is clicked on

2019-01-31 15:22:26 - [MESSAGE][PASSED] - Object: 'Object Repository/Admin Console ePulse Menu/Poll Pads/Poll Pad Config - Add/Submit Config' is clicked on

2019-01-31 15:22:26 - [TEST_STEP][PASSED] - delay(1): Delayed 1 second(s)

2019-01-31 15:22:27 - [MESSAGE][PASSED] - Delayed 1 second(s)

2019-01-31 15:22:27 - [TEST_STEP][PASSED] - closeBrowser(): Browser is closed

2019-01-31 15:22:27 - [MESSAGE][PASSED] - Browser is closed]]></system-out>
         <system-err><![CDATA[]]></system-err>
      </testcase>
      <testcase name="Test Cases/Admin Console/Poll Pads/Poll Pad - Configuration()/Poll Pad Configuration - Delete" classname="Test Cases/Admin Console/Poll Pads/Poll Pad - Configuration()/Poll Pad Configuration - Delete" status="PASSED">
         <system-out><![CDATA[2019-01-31 15:22:29 - [TEST_CASE][PASSED] - Test Cases/Admin Console/Poll Pads/Poll Pad - Configuration()/Poll Pad Configuration - Delete: Test Cases/Admin Console/Poll Pads/Poll Pad - Configuration()/Poll Pad Configuration - Delete

2019-01-31 15:22:29 - [TEST_STEP][PASSED] - openBrowser(""): Browser is opened with url: ''

2019-01-31 15:22:29 - [MESSAGE][INFO] - Starting 'Chrome' driver

2019-01-31 15:22:31 - [MESSAGE][PASSED] - Browser is opened with url: ''

2019-01-31 15:22:31 - [TEST_STEP][PASSED] - navigateToUrl(URL): Navigate to 'https://dev.epulse.io' successfully

2019-01-31 15:22:32 - [MESSAGE][PASSED] - Navigate to 'https://dev.epulse.io' successfully

2019-01-31 15:22:32 - [TEST_STEP][PASSED] - setText(findTestObject("Login/Email Address"), User_email): Text 'alonzo.mack@knowink.com' is set on object 'Object Repository/Login/Email Address'

2019-01-31 15:22:32 - [MESSAGE][PASSED] - Text 'alonzo.mack@knowink.com' is set on object 'Object Repository/Login/Email Address'

2019-01-31 15:22:32 - [TEST_STEP][PASSED] - setEncryptedText(findTestObject("Login/Password"), Pswrd): Text ****** has been set on object 'Object Repository/Login/Password'

2019-01-31 15:22:32 - [MESSAGE][PASSED] - Text ****** has been set on object 'Object Repository/Login/Password'

2019-01-31 15:22:32 - [TEST_STEP][PASSED] - click(findTestObject("Login/Sign In")): Object: 'Object Repository/Login/Sign In' is clicked on

2019-01-31 15:22:33 - [MESSAGE][PASSED] - Object: 'Object Repository/Login/Sign In' is clicked on

2019-01-31 15:22:33 - [TEST_STEP][PASSED] - delay(1): Delayed 1 second(s)

2019-01-31 15:22:34 - [MESSAGE][PASSED] - Delayed 1 second(s)

2019-01-31 15:22:34 - [TEST_STEP][PASSED] - navigateToUrl(Pollpad_Config_Page): Navigate to 'https://am-automation-test.dev.epulse.io/poll_pad_configs' successfully

2019-01-31 15:22:34 - [MESSAGE][PASSED] - Navigate to 'https://am-automation-test.dev.epulse.io/poll_pad_configs' successfully

2019-01-31 15:22:34 - [TEST_STEP][PASSED] - delay(1): Delayed 1 second(s)

2019-01-31 15:22:35 - [MESSAGE][PASSED] - Delayed 1 second(s)

2019-01-31 15:22:35 - [TEST_STEP][PASSED] - delay(1): Delayed 1 second(s)

2019-01-31 15:22:36 - [MESSAGE][PASSED] - Delayed 1 second(s)

2019-01-31 15:22:36 - [TEST_STEP][PASSED] - click(findTestObject("Admin Console ePulse Menu/Poll Pads/Delete Config")): Object: 'Object Repository/Admin Console ePulse Menu/Poll Pads/Delete Config' is clicked on

2019-01-31 15:22:37 - [MESSAGE][PASSED] - Object: 'Object Repository/Admin Console ePulse Menu/Poll Pads/Delete Config' is clicked on

2019-01-31 15:22:37 - [TEST_STEP][PASSED] - acceptAlert(): Alert accepted

2019-01-31 15:22:37 - [MESSAGE][PASSED] - Alert accepted

2019-01-31 15:22:37 - [TEST_STEP][PASSED] - delay(1): Delayed 1 second(s)

2019-01-31 15:22:38 - [MESSAGE][PASSED] - Delayed 1 second(s)]]></system-out>
         <system-err><![CDATA[]]></system-err>
      </testcase>
      <testcase name="Test Cases/Admin Console/Poll Pads/Poll Pad - Configuration()/Poll Pad Configuration - Add" classname="Test Cases/Admin Console/Poll Pads/Poll Pad - Configuration()/Poll Pad Configuration - Add" status="PASSED">
         <system-out><![CDATA[2019-01-31 15:22:40 - [TEST_CASE][PASSED] - Test Cases/Admin Console/Poll Pads/Poll Pad - Configuration()/Poll Pad Configuration - Add: Test Cases/Admin Console/Poll Pads/Poll Pad - Configuration()/Poll Pad Configuration - Add

2019-01-31 15:22:40 - [TEST_STEP][PASSED] - openBrowser(""): Browser is opened with url: ''

2019-01-31 15:22:40 - [MESSAGE][WARNING] - A browser is already opened. Closing browser and opening a new one

2019-01-31 15:22:40 - [MESSAGE][INFO] - Starting 'Chrome' driver

2019-01-31 15:22:41 - [MESSAGE][PASSED] - Browser is opened with url: ''

2019-01-31 15:22:41 - [TEST_STEP][PASSED] - navigateToUrl(URL): Navigate to 'https://dev.epulse.io' successfully

2019-01-31 15:22:42 - [MESSAGE][PASSED] - Navigate to 'https://dev.epulse.io' successfully

2019-01-31 15:22:42 - [TEST_STEP][PASSED] - setText(findTestObject("Login/Email Address"), User_email): Text 'alonzo.mack@knowink.com' is set on object 'Object Repository/Login/Email Address'

2019-01-31 15:22:43 - [MESSAGE][PASSED] - Text 'alonzo.mack@knowink.com' is set on object 'Object Repository/Login/Email Address'

2019-01-31 15:22:43 - [TEST_STEP][PASSED] - setEncryptedText(findTestObject("Login/Password"), Pswrd): Text ****** has been set on object 'Object Repository/Login/Password'

2019-01-31 15:22:43 - [MESSAGE][PASSED] - Text ****** has been set on object 'Object Repository/Login/Password'

2019-01-31 15:22:43 - [TEST_STEP][PASSED] - click(findTestObject("Login/Sign In")): Object: 'Object Repository/Login/Sign In' is clicked on

2019-01-31 15:22:43 - [MESSAGE][PASSED] - Object: 'Object Repository/Login/Sign In' is clicked on

2019-01-31 15:22:43 - [TEST_STEP][PASSED] - delay(1): Delayed 1 second(s)

2019-01-31 15:22:44 - [MESSAGE][PASSED] - Delayed 1 second(s)

2019-01-31 15:22:44 - [TEST_STEP][PASSED] - navigateToUrl(Pollpad_Config_Page): Navigate to 'https://am-automation-test.dev.epulse.io/poll_pad_configs' successfully

2019-01-31 15:22:45 - [MESSAGE][PASSED] - Navigate to 'https://am-automation-test.dev.epulse.io/poll_pad_configs' successfully

2019-01-31 15:22:45 - [TEST_STEP][PASSED] - delay(1): Delayed 1 second(s)

2019-01-31 15:22:46 - [MESSAGE][PASSED] - Delayed 1 second(s)

2019-01-31 15:22:46 - [TEST_STEP][PASSED] - click(findTestObject("Admin Console ePulse Menu/Poll Pads/Poll Pad Config - Add/Add Configuration")): Object: 'Object Repository/Admin Console ePulse Menu/Poll Pads/Poll Pad Config - Add/Add Configuration' is clicked on

2019-01-31 15:22:46 - [MESSAGE][PASSED] - Object: 'Object Repository/Admin Console ePulse Menu/Poll Pads/Poll Pad Config - Add/Add Configuration' is clicked on

2019-01-31 15:22:46 - [TEST_STEP][PASSED] - delay(1): Delayed 1 second(s)

2019-01-31 15:22:47 - [MESSAGE][PASSED] - Delayed 1 second(s)

2019-01-31 15:22:47 - [TEST_STEP][PASSED] - setText(findTestObject("Admin Console ePulse Menu/Poll Pads/Poll Pad Config - Add/PollPad Config Name"), "Automation Created Config"): Text 'Automation Created Config' is set on object 'Object Repository/Admin Console ePulse Menu/Poll Pads/Poll Pad Config - Add/PollPad Config Name'

2019-01-31 15:22:48 - [MESSAGE][PASSED] - Text 'Automation Created Config' is set on object 'Object Repository/Admin Console ePulse Menu/Poll Pads/Poll Pad Config - Add/PollPad Config Name'

2019-01-31 15:22:48 - [TEST_STEP][PASSED] - delay(1): Delayed 1 second(s)

2019-01-31 15:22:49 - [MESSAGE][PASSED] - Delayed 1 second(s)

2019-01-31 15:22:49 - [TEST_STEP][PASSED] - click(findTestObject("Admin Console ePulse Menu/Poll Pads/Poll Pad Config - Add/Submit Config")): Object: 'Object Repository/Admin Console ePulse Menu/Poll Pads/Poll Pad Config - Add/Submit Config' is clicked on

2019-01-31 15:22:50 - [MESSAGE][PASSED] - Object: 'Object Repository/Admin Console ePulse Menu/Poll Pads/Poll Pad Config - Add/Submit Config' is clicked on

2019-01-31 15:22:50 - [TEST_STEP][PASSED] - delay(1): Delayed 1 second(s)

2019-01-31 15:22:51 - [MESSAGE][PASSED] - Delayed 1 second(s)

2019-01-31 15:22:51 - [TEST_STEP][PASSED] - closeBrowser(): Browser is closed

2019-01-31 15:22:51 - [MESSAGE][PASSED] - Browser is closed]]></system-out>
         <system-err><![CDATA[]]></system-err>
      </testcase>
      <testcase name="Test Cases/Admin Console/Poll Pads/Poll Pad - Configuration()/Poll Pad Configuration - Import" classname="Test Cases/Admin Console/Poll Pads/Poll Pad - Configuration()/Poll Pad Configuration - Import" status="FAILED">
         <failure type="FAILED" message="Test Cases/Admin Console/Poll Pads/Poll Pad - Configuration()/Poll Pad Configuration - Import FAILED.
Reason:
com.kms.katalon.core.exception.StepFailedException: Unable to click on object 'Object Repository/Common ePulse Objects/button_Done(working)' (Root cause: com.kms.katalon.core.webui.exception.WebElementNotFoundException: Web element with id: 'Object Repository/Common ePulse Objects/button_Done(working)' located by 'By.xpath: (.//*[normalize-space(text()) and normalize-space(.)='Done!'])[1]/following::button[1]' not found)
	at com.kms.katalon.core.keyword.internal.KeywordMain.stepFailed(KeywordMain.groovy:36)
	at com.kms.katalon.core.webui.keyword.internal.WebUIKeywordMain.stepFailed(WebUIKeywordMain.groovy:65)
	at com.kms.katalon.core.webui.keyword.internal.WebUIKeywordMain.runKeyword(WebUIKeywordMain.groovy:27)
	at com.kms.katalon.core.webui.keyword.builtin.ClickKeyword.click(ClickKeyword.groovy:86)
	at com.kms.katalon.core.webui.keyword.builtin.ClickKeyword.execute(ClickKeyword.groovy:67)
	at com.kms.katalon.core.keyword.internal.KeywordExecutor.executeKeywordForPlatform(KeywordExecutor.groovy:53)
	at com.kms.katalon.core.webui.keyword.WebUiBuiltInKeywords.click(WebUiBuiltInKeywords.groovy:616)
	at com.kms.katalon.core.webui.keyword.WebUiBuiltInKeywords$click$3.call(Unknown Source)
	at Poll Pad Configuration - Import.run(Poll Pad Configuration - Import:45)
	at com.kms.katalon.core.main.ScriptEngine.run(ScriptEngine.java:194)
	at com.kms.katalon.core.main.ScriptEngine.runScriptAsRawText(ScriptEngine.java:119)
	at com.kms.katalon.core.main.TestCaseExecutor.runScript(TestCaseExecutor.java:328)
	at com.kms.katalon.core.main.TestCaseExecutor.doExecute(TestCaseExecutor.java:319)
	at com.kms.katalon.core.main.TestCaseExecutor.processExecutionPhase(TestCaseExecutor.java:298)
	at com.kms.katalon.core.main.TestCaseExecutor.accessMainPhase(TestCaseExecutor.java:290)
	at com.kms.katalon.core.main.TestCaseExecutor.execute(TestCaseExecutor.java:224)
	at com.kms.katalon.core.main.TestSuiteExecutor.accessTestCaseMainPhase(TestSuiteExecutor.java:129)
	at com.kms.katalon.core.main.TestSuiteExecutor.accessTestSuiteMainPhase(TestSuiteExecutor.java:112)
	at com.kms.katalon.core.main.TestSuiteExecutor.execute(TestSuiteExecutor.java:81)
	at com.kms.katalon.core.main.TestCaseMain.startTestSuite(TestCaseMain.java:149)
	at com.kms.katalon.core.main.TestCaseMain$startTestSuite$0.call(Unknown Source)
	at TempTestSuite1548969729134.run(TempTestSuite1548969729134.groovy:36)
"/>
         <system-out><![CDATA[2019-01-31 15:22:53 - [TEST_CASE][FAILED] - Test Cases/Admin Console/Poll Pads/Poll Pad - Configuration()/Poll Pad Configuration - Import: Test Cases/Admin Console/Poll Pads/Poll Pad - Configuration()/Poll Pad Configuration - Import FAILED.
Reason:
com.kms.katalon.core.exception.StepFailedException: Unable to click on object 'Object Repository/Common ePulse Objects/button_Done(working)' (Root cause: com.kms.katalon.core.webui.exception.WebElementNotFoundException: Web element with id: 'Object Repository/Common ePulse Objects/button_Done(working)' located by 'By.xpath: (.//*[normalize-space(text()) and normalize-space(.)='Done!'])[1]/following::button[1]' not found)
	at com.kms.katalon.core.keyword.internal.KeywordMain.stepFailed(KeywordMain.groovy:36)
	at com.kms.katalon.core.webui.keyword.internal.WebUIKeywordMain.stepFailed(WebUIKeywordMain.groovy:65)
	at com.kms.katalon.core.webui.keyword.internal.WebUIKeywordMain.runKeyword(WebUIKeywordMain.groovy:27)
	at com.kms.katalon.core.webui.keyword.builtin.ClickKeyword.click(ClickKeyword.groovy:86)
	at com.kms.katalon.core.webui.keyword.builtin.ClickKeyword.execute(ClickKeyword.groovy:67)
	at com.kms.katalon.core.keyword.internal.KeywordExecutor.executeKeywordForPlatform(KeywordExecutor.groovy:53)
	at com.kms.katalon.core.webui.keyword.WebUiBuiltInKeywords.click(WebUiBuiltInKeywords.groovy:616)
	at com.kms.katalon.core.webui.keyword.WebUiBuiltInKeywords$click$3.call(Unknown Source)
	at Poll Pad Configuration - Import.run(Poll Pad Configuration - Import:45)
	at com.kms.katalon.core.main.ScriptEngine.run(ScriptEngine.java:194)
	at com.kms.katalon.core.main.ScriptEngine.runScriptAsRawText(ScriptEngine.java:119)
	at com.kms.katalon.core.main.TestCaseExecutor.runScript(TestCaseExecutor.java:328)
	at com.kms.katalon.core.main.TestCaseExecutor.doExecute(TestCaseExecutor.java:319)
	at com.kms.katalon.core.main.TestCaseExecutor.processExecutionPhase(TestCaseExecutor.java:298)
	at com.kms.katalon.core.main.TestCaseExecutor.accessMainPhase(TestCaseExecutor.java:290)
	at com.kms.katalon.core.main.TestCaseExecutor.execute(TestCaseExecutor.java:224)
	at com.kms.katalon.core.main.TestSuiteExecutor.accessTestCaseMainPhase(TestSuiteExecutor.java:129)
	at com.kms.katalon.core.main.TestSuiteExecutor.accessTestSuiteMainPhase(TestSuiteExecutor.java:112)
	at com.kms.katalon.core.main.TestSuiteExecutor.execute(TestSuiteExecutor.java:81)
	at com.kms.katalon.core.main.TestCaseMain.startTestSuite(TestCaseMain.java:149)
	at com.kms.katalon.core.main.TestCaseMain$startTestSuite$0.call(Unknown Source)
	at TempTestSuite1548969729134.run(TempTestSuite1548969729134.groovy:36)


2019-01-31 15:22:53 - [TEST_STEP][PASSED] - openBrowser(""): Browser is opened with url: ''

2019-01-31 15:22:53 - [MESSAGE][INFO] - Starting 'Chrome' driver

2019-01-31 15:22:54 - [MESSAGE][PASSED] - Browser is opened with url: ''

2019-01-31 15:22:54 - [TEST_STEP][PASSED] - navigateToUrl(URL): Navigate to 'https://dev.epulse.io' successfully

2019-01-31 15:22:55 - [MESSAGE][PASSED] - Navigate to 'https://dev.epulse.io' successfully

2019-01-31 15:22:55 - [TEST_STEP][PASSED] - setText(findTestObject("Login/Email Address"), User_email): Text 'alonzo.mack@knowink.com' is set on object 'Object Repository/Login/Email Address'

2019-01-31 15:22:56 - [MESSAGE][PASSED] - Text 'alonzo.mack@knowink.com' is set on object 'Object Repository/Login/Email Address'

2019-01-31 15:22:56 - [TEST_STEP][PASSED] - setEncryptedText(findTestObject("Login/Password"), Pswrd): Text ****** has been set on object 'Object Repository/Login/Password'

2019-01-31 15:22:56 - [MESSAGE][PASSED] - Text ****** has been set on object 'Object Repository/Login/Password'

2019-01-31 15:22:56 - [TEST_STEP][PASSED] - click(findTestObject("Login/Sign In")): Object: 'Object Repository/Login/Sign In' is clicked on

2019-01-31 15:22:56 - [MESSAGE][PASSED] - Object: 'Object Repository/Login/Sign In' is clicked on

2019-01-31 15:22:56 - [TEST_STEP][PASSED] - delay(1): Delayed 1 second(s)

2019-01-31 15:22:57 - [MESSAGE][PASSED] - Delayed 1 second(s)

2019-01-31 15:22:57 - [TEST_STEP][PASSED] - navigateToUrl(Pollpad_Config_Import): Navigate to 'https://am-automation-test.dev.epulse.io/imports/poll_pad_config' successfully

2019-01-31 15:22:58 - [MESSAGE][PASSED] - Navigate to 'https://am-automation-test.dev.epulse.io/imports/poll_pad_config' successfully

2019-01-31 15:22:58 - [TEST_STEP][PASSED] - delay(1): Delayed 1 second(s)

2019-01-31 15:22:59 - [MESSAGE][PASSED] - Delayed 1 second(s)

2019-01-31 15:22:59 - [TEST_STEP][PASSED] - setText(findTestObject("Common ePulse Objects/Choose File"), "/Users/alonzomack/Downloads/Automation uploads/poll_pad_config.csv"): Text '/Users/alonzomack/Downloads/Automation uploads/poll_pad_config.csv' is set on object 'Object Repository/Common ePulse Objects/Choose File'

2019-01-31 15:22:59 - [MESSAGE][PASSED] - Text '/Users/alonzomack/Downloads/Automation uploads/poll_pad_config.csv' is set on object 'Object Repository/Common ePulse Objects/Choose File'

2019-01-31 15:22:59 - [TEST_STEP][PASSED] - setText(findTestObject("Admin Console ePulse Menu/Poll Pads/Poll Pads - Configuration Import/Config Name"), "Test Config"): Text 'Test Config' is set on object 'Object Repository/Admin Console ePulse Menu/Poll Pads/Poll Pads - Configuration Import/Config Name'

2019-01-31 15:22:59 - [MESSAGE][PASSED] - Text 'Test Config' is set on object 'Object Repository/Admin Console ePulse Menu/Poll Pads/Poll Pads - Configuration Import/Config Name'

2019-01-31 15:22:59 - [TEST_STEP][PASSED] - click(findTestObject("Common ePulse Objects/Continue Button")): Object: 'Object Repository/Common ePulse Objects/Continue Button' is clicked on

2019-01-31 15:22:59 - [MESSAGE][PASSED] - Object: 'Object Repository/Common ePulse Objects/Continue Button' is clicked on

2019-01-31 15:22:59 - [TEST_STEP][PASSED] - delay(1): Delayed 1 second(s)

2019-01-31 15:23:00 - [MESSAGE][PASSED] - Delayed 1 second(s)

2019-01-31 15:23:00 - [TEST_STEP][FAILED] - click(findTestObject("Common ePulse Objects/button_Done(working)")): click(findTestObject("Common ePulse Objects/button_Done(working)")) FAILED.
Reason:
com.kms.katalon.core.exception.StepFailedException: Unable to click on object 'Object Repository/Common ePulse Objects/button_Done(working)' (Root cause: com.kms.katalon.core.webui.exception.WebElementNotFoundException: Web element with id: 'Object Repository/Common ePulse Objects/button_Done(working)' located by 'By.xpath: (.//*[normalize-space(text()) and normalize-space(.)='Done!'])[1]/following::button[1]' not found)
	at com.kms.katalon.core.keyword.internal.KeywordMain.stepFailed(KeywordMain.groovy:36)
	at com.kms.katalon.core.webui.keyword.internal.WebUIKeywordMain.stepFailed(WebUIKeywordMain.groovy:65)
	at com.kms.katalon.core.webui.keyword.internal.WebUIKeywordMain.runKeyword(WebUIKeywordMain.groovy:27)
	at com.kms.katalon.core.webui.keyword.builtin.ClickKeyword.click(ClickKeyword.groovy:86)
	at com.kms.katalon.core.webui.keyword.builtin.ClickKeyword.execute(ClickKeyword.groovy:67)
	at com.kms.katalon.core.keyword.internal.KeywordExecutor.executeKeywordForPlatform(KeywordExecutor.groovy:53)
	at com.kms.katalon.core.webui.keyword.WebUiBuiltInKeywords.click(WebUiBuiltInKeywords.groovy:616)
	at com.kms.katalon.core.webui.keyword.WebUiBuiltInKeywords$click$3.call(Unknown Source)
	at Poll Pad Configuration - Import.run(Poll Pad Configuration - Import:45)
	at com.kms.katalon.core.main.ScriptEngine.run(ScriptEngine.java:194)
	at com.kms.katalon.core.main.ScriptEngine.runScriptAsRawText(ScriptEngine.java:119)
	at com.kms.katalon.core.main.TestCaseExecutor.runScript(TestCaseExecutor.java:328)
	at com.kms.katalon.core.main.TestCaseExecutor.doExecute(TestCaseExecutor.java:319)
	at com.kms.katalon.core.main.TestCaseExecutor.processExecutionPhase(TestCaseExecutor.java:298)
	at com.kms.katalon.core.main.TestCaseExecutor.accessMainPhase(TestCaseExecutor.java:290)
	at com.kms.katalon.core.main.TestCaseExecutor.execute(TestCaseExecutor.java:224)
	at com.kms.katalon.core.main.TestSuiteExecutor.accessTestCaseMainPhase(TestSuiteExecutor.java:129)
	at com.kms.katalon.core.main.TestSuiteExecutor.accessTestSuiteMainPhase(TestSuiteExecutor.java:112)
	at com.kms.katalon.core.main.TestSuiteExecutor.execute(TestSuiteExecutor.java:81)
	at com.kms.katalon.core.main.TestCaseMain.startTestSuite(TestCaseMain.java:149)
	at com.kms.katalon.core.main.TestCaseMain$startTestSuite$0.call(Unknown Source)
	at TempTestSuite1548969729134.run(TempTestSuite1548969729134.groovy:36)


2019-01-31 15:23:16 - [MESSAGE][INFO] - Unable to find the element located by 'By.xpath: (.//*[normalize-space(text()) and normalize-space(.)='Done!'])[1]/following::button[1]'. Please recheck the objects properties to make sure the desired element is located. 

2019-01-31 15:23:16 - [MESSAGE][FAILED] - Unable to click on object 'Object Repository/Common ePulse Objects/button_Done(working)' (Root cause: com.kms.katalon.core.webui.exception.WebElementNotFoundException: Web element with id: 'Object Repository/Common ePulse Objects/button_Done(working)' located by 'By.xpath: (.//*[normalize-space(text()) and normalize-space(.)='Done!'])[1]/following::button[1]' not found)
[[ATTACHMENT|/Users/alonzomack/Katalon Studio/Regression/Reports/dev_staging ready/20190131_152208/1548969796493.png]]

2019-01-31 15:23:16 - [MESSAGE][FAILED] - click(findTestObject("Common ePulse Objects/button_Done(working)")) FAILED.
Reason:
com.kms.katalon.core.exception.StepFailedException: Unable to click on object 'Object Repository/Common ePulse Objects/button_Done(working)' (Root cause: com.kms.katalon.core.webui.exception.WebElementNotFoundException: Web element with id: 'Object Repository/Common ePulse Objects/button_Done(working)' located by 'By.xpath: (.//*[normalize-space(text()) and normalize-space(.)='Done!'])[1]/following::button[1]' not found)
	at com.kms.katalon.core.keyword.internal.KeywordMain.stepFailed(KeywordMain.groovy:36)
	at com.kms.katalon.core.webui.keyword.internal.WebUIKeywordMain.stepFailed(WebUIKeywordMain.groovy:65)
	at com.kms.katalon.core.webui.keyword.internal.WebUIKeywordMain.runKeyword(WebUIKeywordMain.groovy:27)
	at com.kms.katalon.core.webui.keyword.builtin.ClickKeyword.click(ClickKeyword.groovy:86)
	at com.kms.katalon.core.webui.keyword.builtin.ClickKeyword.execute(ClickKeyword.groovy:67)
	at com.kms.katalon.core.keyword.internal.KeywordExecutor.executeKeywordForPlatform(KeywordExecutor.groovy:53)
	at com.kms.katalon.core.webui.keyword.WebUiBuiltInKeywords.click(WebUiBuiltInKeywords.groovy:616)
	at com.kms.katalon.core.webui.keyword.WebUiBuiltInKeywords$click$3.call(Unknown Source)
	at Poll Pad Configuration - Import.run(Poll Pad Configuration - Import:45)
	at com.kms.katalon.core.main.ScriptEngine.run(ScriptEngine.java:194)
	at com.kms.katalon.core.main.ScriptEngine.runScriptAsRawText(ScriptEngine.java:119)
	at com.kms.katalon.core.main.TestCaseExecutor.runScript(TestCaseExecutor.java:328)
	at com.kms.katalon.core.main.TestCaseExecutor.doExecute(TestCaseExecutor.java:319)
	at com.kms.katalon.core.main.TestCaseExecutor.processExecutionPhase(TestCaseExecutor.java:298)
	at com.kms.katalon.core.main.TestCaseExecutor.accessMainPhase(TestCaseExecutor.java:290)
	at com.kms.katalon.core.main.TestCaseExecutor.execute(TestCaseExecutor.java:224)
	at com.kms.katalon.core.main.TestSuiteExecutor.accessTestCaseMainPhase(TestSuiteExecutor.java:129)
	at com.kms.katalon.core.main.TestSuiteExecutor.accessTestSuiteMainPhase(TestSuiteExecutor.java:112)
	at com.kms.katalon.core.main.TestSuiteExecutor.execute(TestSuiteExecutor.java:81)
	at com.kms.katalon.core.main.TestCaseMain.startTestSuite(TestCaseMain.java:149)
	at com.kms.katalon.core.main.TestCaseMain$startTestSuite$0.call(Unknown Source)
	at TempTestSuite1548969729134.run(TempTestSuite1548969729134.groovy:36)]]></system-out>
         <system-err><![CDATA[2019-01-31 15:22:53 - [TEST_CASE][FAILED] - Test Cases/Admin Console/Poll Pads/Poll Pad - Configuration()/Poll Pad Configuration - Import: Test Cases/Admin Console/Poll Pads/Poll Pad - Configuration()/Poll Pad Configuration - Import FAILED.
Reason:
com.kms.katalon.core.exception.StepFailedException: Unable to click on object 'Object Repository/Common ePulse Objects/button_Done(working)' (Root cause: com.kms.katalon.core.webui.exception.WebElementNotFoundException: Web element with id: 'Object Repository/Common ePulse Objects/button_Done(working)' located by 'By.xpath: (.//*[normalize-space(text()) and normalize-space(.)='Done!'])[1]/following::button[1]' not found)
	at com.kms.katalon.core.keyword.internal.KeywordMain.stepFailed(KeywordMain.groovy:36)
	at com.kms.katalon.core.webui.keyword.internal.WebUIKeywordMain.stepFailed(WebUIKeywordMain.groovy:65)
	at com.kms.katalon.core.webui.keyword.internal.WebUIKeywordMain.runKeyword(WebUIKeywordMain.groovy:27)
	at com.kms.katalon.core.webui.keyword.builtin.ClickKeyword.click(ClickKeyword.groovy:86)
	at com.kms.katalon.core.webui.keyword.builtin.ClickKeyword.execute(ClickKeyword.groovy:67)
	at com.kms.katalon.core.keyword.internal.KeywordExecutor.executeKeywordForPlatform(KeywordExecutor.groovy:53)
	at com.kms.katalon.core.webui.keyword.WebUiBuiltInKeywords.click(WebUiBuiltInKeywords.groovy:616)
	at com.kms.katalon.core.webui.keyword.WebUiBuiltInKeywords$click$3.call(Unknown Source)
	at Poll Pad Configuration - Import.run(Poll Pad Configuration - Import:45)
	at com.kms.katalon.core.main.ScriptEngine.run(ScriptEngine.java:194)
	at com.kms.katalon.core.main.ScriptEngine.runScriptAsRawText(ScriptEngine.java:119)
	at com.kms.katalon.core.main.TestCaseExecutor.runScript(TestCaseExecutor.java:328)
	at com.kms.katalon.core.main.TestCaseExecutor.doExecute(TestCaseExecutor.java:319)
	at com.kms.katalon.core.main.TestCaseExecutor.processExecutionPhase(TestCaseExecutor.java:298)
	at com.kms.katalon.core.main.TestCaseExecutor.accessMainPhase(TestCaseExecutor.java:290)
	at com.kms.katalon.core.main.TestCaseExecutor.execute(TestCaseExecutor.java:224)
	at com.kms.katalon.core.main.TestSuiteExecutor.accessTestCaseMainPhase(TestSuiteExecutor.java:129)
	at com.kms.katalon.core.main.TestSuiteExecutor.accessTestSuiteMainPhase(TestSuiteExecutor.java:112)
	at com.kms.katalon.core.main.TestSuiteExecutor.execute(TestSuiteExecutor.java:81)
	at com.kms.katalon.core.main.TestCaseMain.startTestSuite(TestCaseMain.java:149)
	at com.kms.katalon.core.main.TestCaseMain$startTestSuite$0.call(Unknown Source)
	at TempTestSuite1548969729134.run(TempTestSuite1548969729134.groovy:36)]]></system-err>
      </testcase>
      <testcase name="Test Cases/Admin Console/Poll Pads/Poll Pad - Configuration()/Poll Pad Configuration - Copy" classname="Test Cases/Admin Console/Poll Pads/Poll Pad - Configuration()/Poll Pad Configuration - Copy" status="PASSED">
         <system-out><![CDATA[2019-01-31 15:23:18 - [TEST_CASE][PASSED] - Test Cases/Admin Console/Poll Pads/Poll Pad - Configuration()/Poll Pad Configuration - Copy: Test Cases/Admin Console/Poll Pads/Poll Pad - Configuration()/Poll Pad Configuration - Copy

2019-01-31 15:23:19 - [TEST_STEP][PASSED] - openBrowser(""): Browser is opened with url: ''

2019-01-31 15:23:19 - [MESSAGE][WARNING] - A browser is already opened. Closing browser and opening a new one

2019-01-31 15:23:19 - [MESSAGE][INFO] - Starting 'Chrome' driver

2019-01-31 15:23:20 - [MESSAGE][PASSED] - Browser is opened with url: ''

2019-01-31 15:23:20 - [TEST_STEP][PASSED] - navigateToUrl(URL): Navigate to 'https://dev.epulse.io' successfully

2019-01-31 15:23:21 - [MESSAGE][PASSED] - Navigate to 'https://dev.epulse.io' successfully

2019-01-31 15:23:21 - [TEST_STEP][PASSED] - setText(findTestObject("Login/Email Address"), User_email): Text 'alonzo.mack@knowink.com' is set on object 'Object Repository/Login/Email Address'

2019-01-31 15:23:21 - [MESSAGE][PASSED] - Text 'alonzo.mack@knowink.com' is set on object 'Object Repository/Login/Email Address'

2019-01-31 15:23:21 - [TEST_STEP][PASSED] - setEncryptedText(findTestObject("Login/Password"), Pswrd): Text ****** has been set on object 'Object Repository/Login/Password'

2019-01-31 15:23:21 - [MESSAGE][PASSED] - Text ****** has been set on object 'Object Repository/Login/Password'

2019-01-31 15:23:21 - [TEST_STEP][PASSED] - click(findTestObject("Login/Sign In")): Object: 'Object Repository/Login/Sign In' is clicked on

2019-01-31 15:23:22 - [MESSAGE][PASSED] - Object: 'Object Repository/Login/Sign In' is clicked on

2019-01-31 15:23:22 - [TEST_STEP][PASSED] - delay(1): Delayed 1 second(s)

2019-01-31 15:23:23 - [MESSAGE][PASSED] - Delayed 1 second(s)

2019-01-31 15:23:23 - [TEST_STEP][PASSED] - navigateToUrl(Pollpad_Config_Page): Navigate to 'https://am-automation-test.dev.epulse.io/poll_pad_configs' successfully

2019-01-31 15:23:23 - [MESSAGE][PASSED] - Navigate to 'https://am-automation-test.dev.epulse.io/poll_pad_configs' successfully

2019-01-31 15:23:23 - [TEST_STEP][PASSED] - delay(1): Delayed 1 second(s)

2019-01-31 15:23:24 - [MESSAGE][PASSED] - Delayed 1 second(s)

2019-01-31 15:23:24 - [TEST_STEP][PASSED] - click(findTestObject("Admin Console ePulse Menu/Poll Pads/Copy Config")): Object: 'Object Repository/Admin Console ePulse Menu/Poll Pads/Copy Config' is clicked on

2019-01-31 15:23:25 - [MESSAGE][PASSED] - Object: 'Object Repository/Admin Console ePulse Menu/Poll Pads/Copy Config' is clicked on

2019-01-31 15:23:25 - [TEST_STEP][PASSED] - delay(1): Delayed 1 second(s)

2019-01-31 15:23:26 - [MESSAGE][PASSED] - Delayed 1 second(s)

2019-01-31 15:23:26 - [TEST_STEP][PASSED] - setText(findTestObject("Admin Console ePulse Menu/Poll Pads/PollPad Config Name(copy)"), "Copy of selected config"): Text 'Copy of selected config' is set on object 'Object Repository/Admin Console ePulse Menu/Poll Pads/PollPad Config Name(copy)'

2019-01-31 15:23:26 - [MESSAGE][PASSED] - Text 'Copy of selected config' is set on object 'Object Repository/Admin Console ePulse Menu/Poll Pads/PollPad Config Name(copy)'

2019-01-31 15:23:26 - [TEST_STEP][PASSED] - delay(1): Delayed 1 second(s)

2019-01-31 15:23:27 - [MESSAGE][PASSED] - Delayed 1 second(s)

2019-01-31 15:23:27 - [TEST_STEP][PASSED] - click(findTestObject("Admin Console ePulse Menu/Poll Pads/Submit COPY")): Object: 'Object Repository/Admin Console ePulse Menu/Poll Pads/Submit COPY' is clicked on

2019-01-31 15:23:27 - [MESSAGE][PASSED] - Object: 'Object Repository/Admin Console ePulse Menu/Poll Pads/Submit COPY' is clicked on

2019-01-31 15:23:27 - [TEST_STEP][PASSED] - delay(1): Delayed 1 second(s)

2019-01-31 15:23:28 - [MESSAGE][PASSED] - Delayed 1 second(s)

2019-01-31 15:23:28 - [TEST_STEP][PASSED] - closeBrowser(STOP_ON_FAILURE): Browser is closed

2019-01-31 15:23:28 - [MESSAGE][PASSED] - Browser is closed]]></system-out>
         <system-err><![CDATA[]]></system-err>
      </testcase>
      <testcase name="Test Cases/Admin Console/Poll Pads/Poll Pad - Configuration()/Poll Pad Configuration - Export" classname="Test Cases/Admin Console/Poll Pads/Poll Pad - Configuration()/Poll Pad Configuration - Export" status="PASSED">
         <system-out><![CDATA[2019-01-31 15:23:30 - [TEST_CASE][PASSED] - Test Cases/Admin Console/Poll Pads/Poll Pad - Configuration()/Poll Pad Configuration - Export: Test Cases/Admin Console/Poll Pads/Poll Pad - Configuration()/Poll Pad Configuration - Export

2019-01-31 15:23:30 - [TEST_STEP][PASSED] - openBrowser(""): Browser is opened with url: ''

2019-01-31 15:23:30 - [MESSAGE][INFO] - Starting 'Chrome' driver

2019-01-31 15:23:31 - [MESSAGE][PASSED] - Browser is opened with url: ''

2019-01-31 15:23:31 - [TEST_STEP][PASSED] - navigateToUrl(URL): Navigate to 'https://dev.epulse.io' successfully

2019-01-31 15:23:32 - [MESSAGE][PASSED] - Navigate to 'https://dev.epulse.io' successfully

2019-01-31 15:23:32 - [TEST_STEP][PASSED] - setText(findTestObject("Login/Email Address"), User_email): Text 'alonzo.mack@knowink.com' is set on object 'Object Repository/Login/Email Address'

2019-01-31 15:23:33 - [MESSAGE][PASSED] - Text 'alonzo.mack@knowink.com' is set on object 'Object Repository/Login/Email Address'

2019-01-31 15:23:33 - [TEST_STEP][PASSED] - setEncryptedText(findTestObject("Login/Password"), Pswrd): Text ****** has been set on object 'Object Repository/Login/Password'

2019-01-31 15:23:33 - [MESSAGE][PASSED] - Text ****** has been set on object 'Object Repository/Login/Password'

2019-01-31 15:23:33 - [TEST_STEP][PASSED] - click(findTestObject("Login/Sign In")): Object: 'Object Repository/Login/Sign In' is clicked on

2019-01-31 15:23:33 - [MESSAGE][PASSED] - Object: 'Object Repository/Login/Sign In' is clicked on

2019-01-31 15:23:33 - [TEST_STEP][PASSED] - delay(1): Delayed 1 second(s)

2019-01-31 15:23:34 - [MESSAGE][PASSED] - Delayed 1 second(s)

2019-01-31 15:23:34 - [TEST_STEP][PASSED] - navigateToUrl(Pollpad_Config_Page): Navigate to 'https://am-automation-test.dev.epulse.io/poll_pad_configs' successfully

2019-01-31 15:23:35 - [MESSAGE][PASSED] - Navigate to 'https://am-automation-test.dev.epulse.io/poll_pad_configs' successfully

2019-01-31 15:23:35 - [TEST_STEP][PASSED] - delay(1): Delayed 1 second(s)

2019-01-31 15:23:36 - [MESSAGE][PASSED] - Delayed 1 second(s)

2019-01-31 15:23:36 - [TEST_STEP][PASSED] - click(findTestObject("Admin Console ePulse Menu/Poll Pads/Export Config")): Object: 'Object Repository/Admin Console ePulse Menu/Poll Pads/Export Config' is clicked on

2019-01-31 15:23:36 - [MESSAGE][PASSED] - Object: 'Object Repository/Admin Console ePulse Menu/Poll Pads/Export Config' is clicked on

2019-01-31 15:23:36 - [TEST_STEP][PASSED] - delay(2): Delayed 2 second(s)

2019-01-31 15:23:38 - [MESSAGE][PASSED] - Delayed 2 second(s)

2019-01-31 15:23:38 - [TEST_STEP][PASSED] - closeBrowser(): Browser is closed

2019-01-31 15:23:38 - [MESSAGE][PASSED] - Browser is closed]]></system-out>
         <system-err><![CDATA[]]></system-err>
      </testcase>
      <testcase name="Test Cases/SuperAdminConsole/Poll Pads/PollPad - Add" classname="Test Cases/SuperAdminConsole/Poll Pads/PollPad - Add" status="PASSED">
         <system-out><![CDATA[2019-01-31 15:23:41 - [TEST_CASE][PASSED] - Test Cases/SuperAdminConsole/Poll Pads/PollPad - Add: Test Cases/SuperAdminConsole/Poll Pads/PollPad - Add

2019-01-31 15:23:41 - [TEST_STEP][PASSED] - openBrowser(""): Browser is opened with url: ''

2019-01-31 15:23:41 - [MESSAGE][INFO] - Starting 'Chrome' driver

2019-01-31 15:23:42 - [MESSAGE][PASSED] - Browser is opened with url: ''

2019-01-31 15:23:42 - [TEST_STEP][PASSED] - navigateToUrl(URL): Navigate to 'https://dev.epulse.io' successfully

2019-01-31 15:23:43 - [MESSAGE][PASSED] - Navigate to 'https://dev.epulse.io' successfully

2019-01-31 15:23:43 - [TEST_STEP][PASSED] - setText(findTestObject("Login/Email Address"), User_email): Text 'alonzo.mack@knowink.com' is set on object 'Object Repository/Login/Email Address'

2019-01-31 15:23:43 - [MESSAGE][PASSED] - Text 'alonzo.mack@knowink.com' is set on object 'Object Repository/Login/Email Address'

2019-01-31 15:23:43 - [TEST_STEP][PASSED] - setEncryptedText(findTestObject("Login/Password"), Pswrd): Text ****** has been set on object 'Object Repository/Login/Password'

2019-01-31 15:23:43 - [MESSAGE][PASSED] - Text ****** has been set on object 'Object Repository/Login/Password'

2019-01-31 15:23:43 - [TEST_STEP][PASSED] - click(findTestObject("Login/Sign In")): Object: 'Object Repository/Login/Sign In' is clicked on

2019-01-31 15:23:44 - [MESSAGE][PASSED] - Object: 'Object Repository/Login/Sign In' is clicked on

2019-01-31 15:23:44 - [TEST_STEP][PASSED] - delay(1): Delayed 1 second(s)

2019-01-31 15:23:45 - [MESSAGE][PASSED] - Delayed 1 second(s)

2019-01-31 15:23:45 - [TEST_STEP][PASSED] - click(findTestObject("SuperAdminConsole/Poll Pads/POLL PADS link")): Object: 'Object Repository/SuperAdminConsole/Poll Pads/POLL PADS link' is clicked on

2019-01-31 15:23:45 - [MESSAGE][PASSED] - Object: 'Object Repository/SuperAdminConsole/Poll Pads/POLL PADS link' is clicked on

2019-01-31 15:23:45 - [TEST_STEP][PASSED] - delay(1): Delayed 1 second(s)

2019-01-31 15:23:46 - [MESSAGE][PASSED] - Delayed 1 second(s)

2019-01-31 15:23:46 - [TEST_STEP][PASSED] - click(findTestObject("SuperAdminConsole/Poll Pads/Add Poll Pad")): Object: 'Object Repository/SuperAdminConsole/Poll Pads/Add Poll Pad' is clicked on

2019-01-31 15:23:46 - [MESSAGE][PASSED] - Object: 'Object Repository/SuperAdminConsole/Poll Pads/Add Poll Pad' is clicked on

2019-01-31 15:23:46 - [TEST_STEP][PASSED] - delay(1): Delayed 1 second(s)

2019-01-31 15:23:47 - [MESSAGE][PASSED] - Delayed 1 second(s)

2019-01-31 15:23:47 - [TEST_STEP][PASSED] - setText(findTestObject("SuperAdminConsole/Poll Pads/Add Poll Pad Options/Poll_Pad_Name"), "Test PollPad"): Text 'Test PollPad' is set on object 'Object Repository/SuperAdminConsole/Poll Pads/Add Poll Pad Options/Poll_Pad_Name'

2019-01-31 15:23:48 - [MESSAGE][PASSED] - Text 'Test PollPad' is set on object 'Object Repository/SuperAdminConsole/Poll Pads/Add Poll Pad Options/Poll_Pad_Name'

2019-01-31 15:23:48 - [TEST_STEP][PASSED] - delay(1): Delayed 1 second(s)

2019-01-31 15:23:49 - [MESSAGE][PASSED] - Delayed 1 second(s)

2019-01-31 15:23:49 - [TEST_STEP][PASSED] - click(findTestObject("SuperAdminConsole/Poll Pads/Add Poll Pad Options/Account")): Object: 'Object Repository/SuperAdminConsole/Poll Pads/Add Poll Pad Options/Account' is clicked on

2019-01-31 15:23:49 - [MESSAGE][PASSED] - Object: 'Object Repository/SuperAdminConsole/Poll Pads/Add Poll Pad Options/Account' is clicked on

2019-01-31 15:23:49 - [TEST_STEP][PASSED] - click(findTestObject("SuperAdminConsole/Poll Pads/AM-Mississippi")): Object: 'Object Repository/SuperAdminConsole/Poll Pads/AM-Mississippi' is clicked on

2019-01-31 15:23:49 - [MESSAGE][PASSED] - Object: 'Object Repository/SuperAdminConsole/Poll Pads/AM-Mississippi' is clicked on

2019-01-31 15:23:49 - [TEST_STEP][PASSED] - delay(1): Delayed 1 second(s)

2019-01-31 15:23:50 - [MESSAGE][PASSED] - Delayed 1 second(s)

2019-01-31 15:23:50 - [TEST_STEP][PASSED] - click(findTestObject("SuperAdminConsole/Poll Pads/Add Poll Pad Options/Polling Places"), STOP_ON_FAILURE): Object: 'Object Repository/SuperAdminConsole/Poll Pads/Add Poll Pad Options/Polling Places' is clicked on

2019-01-31 15:23:50 - [MESSAGE][PASSED] - Object: 'Object Repository/SuperAdminConsole/Poll Pads/Add Poll Pad Options/Polling Places' is clicked on

2019-01-31 15:23:50 - [TEST_STEP][PASSED] - click(findTestObject("SuperAdminConsole/Poll Pads/Add Poll Pad Options/Polling Place(CATO FIRE STATION)"), STOP_ON_FAILURE): Object: 'Object Repository/SuperAdminConsole/Poll Pads/Add Poll Pad Options/Polling Place(CATO FIRE STATION)' is clicked on

2019-01-31 15:23:50 - [MESSAGE][PASSED] - Object: 'Object Repository/SuperAdminConsole/Poll Pads/Add Poll Pad Options/Polling Place(CATO FIRE STATION)' is clicked on

2019-01-31 15:23:50 - [TEST_STEP][PASSED] - delay(1): Delayed 1 second(s)

2019-01-31 15:23:51 - [MESSAGE][PASSED] - Delayed 1 second(s)

2019-01-31 15:23:51 - [TEST_STEP][PASSED] - click(findTestObject("SuperAdminConsole/Poll Pads/Add Poll Pad Options/Configuration")): Object: 'Object Repository/SuperAdminConsole/Poll Pads/Add Poll Pad Options/Configuration' is clicked on

2019-01-31 15:23:51 - [MESSAGE][PASSED] - Object: 'Object Repository/SuperAdminConsole/Poll Pads/Add Poll Pad Options/Configuration' is clicked on

2019-01-31 15:23:51 - [TEST_STEP][PASSED] - delay(1): Delayed 1 second(s)

2019-01-31 15:23:52 - [MESSAGE][PASSED] - Delayed 1 second(s)

2019-01-31 15:23:52 - [TEST_STEP][PASSED] - click(findTestObject("Admin Console ePulse Menu/Account Settings/Prompts/Prompt Criteria Modal/Save")): Object: 'Object Repository/Admin Console ePulse Menu/Account Settings/Prompts/Prompt Criteria Modal/Save' is clicked on

2019-01-31 15:23:52 - [MESSAGE][PASSED] - Object: 'Object Repository/Admin Console ePulse Menu/Account Settings/Prompts/Prompt Criteria Modal/Save' is clicked on

2019-01-31 15:23:52 - [TEST_STEP][PASSED] - delay(1): Delayed 1 second(s)

2019-01-31 15:23:53 - [MESSAGE][PASSED] - Delayed 1 second(s)

2019-01-31 15:23:53 - [TEST_STEP][PASSED] - closeBrowser(): Browser is closed

2019-01-31 15:23:53 - [MESSAGE][PASSED] - Browser is closed]]></system-out>
         <system-err><![CDATA[]]></system-err>
      </testcase>
      <testcase name="Test Cases/SuperAdminConsole/Poll Pads/PollPad_Assign" classname="Test Cases/SuperAdminConsole/Poll Pads/PollPad_Assign" status="PASSED">
         <system-out><![CDATA[2019-01-31 15:23:55 - [TEST_CASE][PASSED] - Test Cases/SuperAdminConsole/Poll Pads/PollPad_Assign: Test Cases/SuperAdminConsole/Poll Pads/PollPad_Assign

2019-01-31 15:23:55 - [TEST_STEP][PASSED] - openBrowser("https://epulsedev2.com"): Browser is opened with url: 'https://epulsedev2.com'

2019-01-31 15:23:55 - [MESSAGE][INFO] - Starting 'Chrome' driver

2019-01-31 15:23:58 - [MESSAGE][PASSED] - Browser is opened with url: 'https://epulsedev2.com'

2019-01-31 15:23:58 - [TEST_STEP][PASSED] - openBrowser(""): Browser is opened with url: ''

2019-01-31 15:23:58 - [MESSAGE][WARNING] - A browser is already opened. Closing browser and opening a new one

2019-01-31 15:23:58 - [MESSAGE][INFO] - Starting 'Chrome' driver

2019-01-31 15:23:59 - [MESSAGE][PASSED] - Browser is opened with url: ''

2019-01-31 15:23:59 - [TEST_STEP][PASSED] - navigateToUrl(URL): Navigate to 'https://dev.epulse.io' successfully

2019-01-31 15:24:00 - [MESSAGE][PASSED] - Navigate to 'https://dev.epulse.io' successfully

2019-01-31 15:24:00 - [TEST_STEP][PASSED] - setText(findTestObject("Login/Email Address"), User_email): Text 'alonzo.mack@knowink.com' is set on object 'Object Repository/Login/Email Address'

2019-01-31 15:24:01 - [MESSAGE][PASSED] - Text 'alonzo.mack@knowink.com' is set on object 'Object Repository/Login/Email Address'

2019-01-31 15:24:01 - [TEST_STEP][PASSED] - setEncryptedText(findTestObject("Login/Password"), Pswrd): Text ****** has been set on object 'Object Repository/Login/Password'

2019-01-31 15:24:01 - [MESSAGE][PASSED] - Text ****** has been set on object 'Object Repository/Login/Password'

2019-01-31 15:24:01 - [TEST_STEP][PASSED] - click(findTestObject("Login/Sign In")): Object: 'Object Repository/Login/Sign In' is clicked on

2019-01-31 15:24:01 - [MESSAGE][PASSED] - Object: 'Object Repository/Login/Sign In' is clicked on

2019-01-31 15:24:01 - [TEST_STEP][PASSED] - delay(1): Delayed 1 second(s)

2019-01-31 15:24:02 - [MESSAGE][PASSED] - Delayed 1 second(s)

2019-01-31 15:24:02 - [TEST_STEP][PASSED] - click(findTestObject("SuperAdminConsole/Poll Pads/POLL PADS link")): Object: 'Object Repository/SuperAdminConsole/Poll Pads/POLL PADS link' is clicked on

2019-01-31 15:24:03 - [MESSAGE][PASSED] - Object: 'Object Repository/SuperAdminConsole/Poll Pads/POLL PADS link' is clicked on

2019-01-31 15:24:03 - [TEST_STEP][PASSED] - delay(1): Delayed 1 second(s)

2019-01-31 15:24:04 - [MESSAGE][PASSED] - Delayed 1 second(s)

2019-01-31 15:24:04 - [TEST_STEP][PASSED] - setText(findTestObject("SuperAdminConsole/Poll Pads/Test PollPad table search"), "Test Pollpad"): Text 'Test Pollpad' is set on object 'Object Repository/SuperAdminConsole/Poll Pads/Test PollPad table search'

2019-01-31 15:24:04 - [MESSAGE][PASSED] - Text 'Test Pollpad' is set on object 'Object Repository/SuperAdminConsole/Poll Pads/Test PollPad table search'

2019-01-31 15:24:04 - [TEST_STEP][PASSED] - delay(1): Delayed 1 second(s)

2019-01-31 15:24:05 - [MESSAGE][PASSED] - Delayed 1 second(s)

2019-01-31 15:24:05 - [TEST_STEP][PASSED] - click(findTestObject("SuperAdminConsole/Poll Pads/Add Poll Pad Options/Assign/edit pad-AM-Mississippi")): Object: 'Object Repository/SuperAdminConsole/Poll Pads/Add Poll Pad Options/Assign/edit pad-AM-Mississippi' is clicked on

2019-01-31 15:24:05 - [MESSAGE][PASSED] - Object: 'Object Repository/SuperAdminConsole/Poll Pads/Add Poll Pad Options/Assign/edit pad-AM-Mississippi' is clicked on

2019-01-31 15:24:05 - [TEST_STEP][PASSED] - delay(1): Delayed 1 second(s)

2019-01-31 15:24:06 - [MESSAGE][PASSED] - Delayed 1 second(s)

2019-01-31 15:24:06 - [TEST_STEP][PASSED] - click(findTestObject("SuperAdminConsole/Poll Pads/Add Poll Pad Options/Account")): Object: 'Object Repository/SuperAdminConsole/Poll Pads/Add Poll Pad Options/Account' is clicked on

2019-01-31 15:24:06 - [MESSAGE][PASSED] - Object: 'Object Repository/SuperAdminConsole/Poll Pads/Add Poll Pad Options/Account' is clicked on

2019-01-31 15:24:06 - [TEST_STEP][PASSED] - delay(1): Delayed 1 second(s)

2019-01-31 15:24:07 - [MESSAGE][PASSED] - Delayed 1 second(s)

2019-01-31 15:24:07 - [TEST_STEP][PASSED] - click(findTestObject("SuperAdminConsole/Poll Pads/Add Poll Pad Options/Assign/Account(am-Automation-test)")): Object: 'Object Repository/SuperAdminConsole/Poll Pads/Add Poll Pad Options/Assign/Account(am-Automation-test)' is clicked on

2019-01-31 15:24:07 - [MESSAGE][PASSED] - Object: 'Object Repository/SuperAdminConsole/Poll Pads/Add Poll Pad Options/Assign/Account(am-Automation-test)' is clicked on

2019-01-31 15:24:07 - [TEST_STEP][PASSED] - delay(1): Delayed 1 second(s)

2019-01-31 15:24:08 - [MESSAGE][PASSED] - Delayed 1 second(s)

2019-01-31 15:24:08 - [TEST_STEP][PASSED] - click(findTestObject("SuperAdminConsole/Poll Pads/Add Poll Pad Options/Election")): Object: 'Object Repository/SuperAdminConsole/Poll Pads/Add Poll Pad Options/Election' is clicked on

2019-01-31 15:24:09 - [MESSAGE][PASSED] - Object: 'Object Repository/SuperAdminConsole/Poll Pads/Add Poll Pad Options/Election' is clicked on

2019-01-31 15:24:09 - [TEST_STEP][PASSED] - click(findTestObject("SuperAdminConsole/Poll Pads/Add Poll Pad Options/Assign/Election(Election Creation)")): Object: 'Object Repository/SuperAdminConsole/Poll Pads/Add Poll Pad Options/Assign/Election(Election Creation)' is clicked on

2019-01-31 15:24:09 - [MESSAGE][PASSED] - Object: 'Object Repository/SuperAdminConsole/Poll Pads/Add Poll Pad Options/Assign/Election(Election Creation)' is clicked on

2019-01-31 15:24:09 - [TEST_STEP][PASSED] - delay(1): Delayed 1 second(s)

2019-01-31 15:24:10 - [MESSAGE][PASSED] - Delayed 1 second(s)

2019-01-31 15:24:10 - [TEST_STEP][PASSED] - click(findTestObject("SuperAdminConsole/Poll Pads/Add Poll Pad Options/Polling Places")): Object: 'Object Repository/SuperAdminConsole/Poll Pads/Add Poll Pad Options/Polling Places' is clicked on

2019-01-31 15:24:10 - [MESSAGE][PASSED] - Object: 'Object Repository/SuperAdminConsole/Poll Pads/Add Poll Pad Options/Polling Places' is clicked on

2019-01-31 15:24:10 - [TEST_STEP][PASSED] - click(findTestObject("SuperAdminConsole/Poll Pads/Add Poll Pad Options/Assign/Polling Place(MATHEWS DICKEY)")): Object: 'Object Repository/SuperAdminConsole/Poll Pads/Add Poll Pad Options/Assign/Polling Place(MATHEWS DICKEY)' is clicked on

2019-01-31 15:24:10 - [MESSAGE][PASSED] - Object: 'Object Repository/SuperAdminConsole/Poll Pads/Add Poll Pad Options/Assign/Polling Place(MATHEWS DICKEY)' is clicked on

2019-01-31 15:24:10 - [TEST_STEP][PASSED] - delay(1): Delayed 1 second(s)

2019-01-31 15:24:11 - [MESSAGE][PASSED] - Delayed 1 second(s)

2019-01-31 15:24:11 - [TEST_STEP][PASSED] - selectOptionByLabel(findTestObject("SuperAdminConsole/Poll Pads/Add Poll Pad Options/Assign/Select Configuration"), "Automation Created Config", true): All options with label 'Automation Created Config' are selected in object 'Object Repository/SuperAdminConsole/Poll Pads/Add Poll Pad Options/Assign/Select Configuration'  using regular expression

2019-01-31 15:24:11 - [MESSAGE][PASSED] - All options with label 'Automation Created Config' are selected in object 'Object Repository/SuperAdminConsole/Poll Pads/Add Poll Pad Options/Assign/Select Configuration'  using regular expression

2019-01-31 15:24:11 - [TEST_STEP][PASSED] - delay(1): Delayed 1 second(s)

2019-01-31 15:24:12 - [MESSAGE][PASSED] - Delayed 1 second(s)

2019-01-31 15:24:12 - [TEST_STEP][PASSED] - click(findTestObject("Admin Console ePulse Menu/Account Settings/Prompts/Prompt Criteria Modal/Save")): Object: 'Object Repository/Admin Console ePulse Menu/Account Settings/Prompts/Prompt Criteria Modal/Save' is clicked on

2019-01-31 15:24:12 - [MESSAGE][PASSED] - Object: 'Object Repository/Admin Console ePulse Menu/Account Settings/Prompts/Prompt Criteria Modal/Save' is clicked on

2019-01-31 15:24:12 - [TEST_STEP][PASSED] - delay(1): Delayed 1 second(s)

2019-01-31 15:24:13 - [MESSAGE][PASSED] - Delayed 1 second(s)

2019-01-31 15:24:13 - [TEST_STEP][PASSED] - closeBrowser(): Browser is closed

2019-01-31 15:24:13 - [MESSAGE][PASSED] - Browser is closed]]></system-out>
         <system-err><![CDATA[]]></system-err>
      </testcase>
      <testcase name="Test Cases/Admin Console/Election Setup/Ballot Styles/Ballot Styles - Downloads" classname="Test Cases/Admin Console/Election Setup/Ballot Styles/Ballot Styles - Downloads" status="PASSED">
         <system-out><![CDATA[2019-01-31 15:24:15 - [TEST_CASE][PASSED] - Test Cases/Admin Console/Election Setup/Ballot Styles/Ballot Styles - Downloads: Test Cases/Admin Console/Election Setup/Ballot Styles/Ballot Styles - Downloads

2019-01-31 15:24:15 - [TEST_STEP][PASSED] - openBrowser(""): Browser is opened with url: ''

2019-01-31 15:24:15 - [MESSAGE][INFO] - Starting 'Chrome' driver

2019-01-31 15:24:17 - [MESSAGE][PASSED] - Browser is opened with url: ''

2019-01-31 15:24:17 - [TEST_STEP][PASSED] - navigateToUrl(URL): Navigate to 'https://dev.epulse.io' successfully

2019-01-31 15:24:18 - [MESSAGE][PASSED] - Navigate to 'https://dev.epulse.io' successfully

2019-01-31 15:24:18 - [TEST_STEP][PASSED] - setText(findTestObject("Login/Email Address"), User_email): Text 'alonzo.mack@knowink.com' is set on object 'Object Repository/Login/Email Address'

2019-01-31 15:24:18 - [MESSAGE][PASSED] - Text 'alonzo.mack@knowink.com' is set on object 'Object Repository/Login/Email Address'

2019-01-31 15:24:18 - [TEST_STEP][PASSED] - setEncryptedText(findTestObject("Login/Password"), Pswrd): Text ****** has been set on object 'Object Repository/Login/Password'

2019-01-31 15:24:18 - [MESSAGE][PASSED] - Text ****** has been set on object 'Object Repository/Login/Password'

2019-01-31 15:24:18 - [TEST_STEP][PASSED] - click(findTestObject("Login/Sign In")): Object: 'Object Repository/Login/Sign In' is clicked on

2019-01-31 15:24:19 - [MESSAGE][PASSED] - Object: 'Object Repository/Login/Sign In' is clicked on

2019-01-31 15:24:19 - [TEST_STEP][PASSED] - delay(1): Delayed 1 second(s)

2019-01-31 15:24:20 - [MESSAGE][PASSED] - Delayed 1 second(s)

2019-01-31 15:24:20 - [TEST_STEP][PASSED] - navigateToUrl(Ballot_Types): Navigate to 'https://am-automation-test.dev.epulse.io/ballot_types' successfully

2019-01-31 15:24:20 - [MESSAGE][PASSED] - Navigate to 'https://am-automation-test.dev.epulse.io/ballot_types' successfully

2019-01-31 15:24:20 - [TEST_STEP][PASSED] - delay(1): Delayed 1 second(s)

2019-01-31 15:24:21 - [MESSAGE][PASSED] - Delayed 1 second(s)

2019-01-31 15:24:21 - [TEST_STEP][PASSED] - click(findTestObject("Admin Console ePulse Menu/Election Setup/Ballot Styles/Download")): Object: 'Object Repository/Admin Console ePulse Menu/Election Setup/Ballot Styles/Download' is clicked on

2019-01-31 15:24:22 - [MESSAGE][PASSED] - Object: 'Object Repository/Admin Console ePulse Menu/Election Setup/Ballot Styles/Download' is clicked on

2019-01-31 15:24:22 - [TEST_STEP][PASSED] - delay(2): Delayed 2 second(s)

2019-01-31 15:24:24 - [MESSAGE][PASSED] - Delayed 2 second(s)

2019-01-31 15:24:24 - [TEST_STEP][NOT_RUN] - click(findTestObject("Common ePulse Objects/button_Done(working)")): NOT_RUN: click(findTestObject("Common ePulse Objects/button_Done(working)"))

2019-01-31 15:24:24 - [MESSAGE][NOT_RUN] - NOT_RUN: click(findTestObject("Common ePulse Objects/button_Done(working)"))

2019-01-31 15:24:24 - [TEST_STEP][PASSED] - closeBrowser(STOP_ON_FAILURE): Browser is closed

2019-01-31 15:24:24 - [MESSAGE][PASSED] - Browser is closed]]></system-out>
         <system-err><![CDATA[]]></system-err>
      </testcase>
      <testcase name="Test Cases/Admin Console/Election Setup/Ballot Styles/Ballot Styles - Import" classname="Test Cases/Admin Console/Election Setup/Ballot Styles/Ballot Styles - Import" status="FAILED">
         <failure type="FAILED" message="Test Cases/Admin Console/Election Setup/Ballot Styles/Ballot Styles - Import FAILED.
Reason:
com.kms.katalon.core.exception.StepFailedException: Unable to click on object 'Object Repository/Common ePulse Objects/button_Done(working)' (Root cause: com.kms.katalon.core.webui.exception.WebElementNotFoundException: Web element with id: 'Object Repository/Common ePulse Objects/button_Done(working)' located by 'By.xpath: (.//*[normalize-space(text()) and normalize-space(.)='Done!'])[1]/following::button[1]' not found)
	at com.kms.katalon.core.keyword.internal.KeywordMain.stepFailed(KeywordMain.groovy:36)
	at com.kms.katalon.core.webui.keyword.internal.WebUIKeywordMain.stepFailed(WebUIKeywordMain.groovy:65)
	at com.kms.katalon.core.webui.keyword.internal.WebUIKeywordMain.runKeyword(WebUIKeywordMain.groovy:27)
	at com.kms.katalon.core.webui.keyword.builtin.ClickKeyword.click(ClickKeyword.groovy:86)
	at com.kms.katalon.core.webui.keyword.builtin.ClickKeyword.execute(ClickKeyword.groovy:67)
	at com.kms.katalon.core.keyword.internal.KeywordExecutor.executeKeywordForPlatform(KeywordExecutor.groovy:53)
	at com.kms.katalon.core.webui.keyword.WebUiBuiltInKeywords.click(WebUiBuiltInKeywords.groovy:616)
	at com.kms.katalon.core.webui.keyword.WebUiBuiltInKeywords$click$3.call(Unknown Source)
	at Ballot Styles - Import.run(Ballot Styles - Import:45)
	at com.kms.katalon.core.main.ScriptEngine.run(ScriptEngine.java:194)
	at com.kms.katalon.core.main.ScriptEngine.runScriptAsRawText(ScriptEngine.java:119)
	at com.kms.katalon.core.main.TestCaseExecutor.runScript(TestCaseExecutor.java:328)
	at com.kms.katalon.core.main.TestCaseExecutor.doExecute(TestCaseExecutor.java:319)
	at com.kms.katalon.core.main.TestCaseExecutor.processExecutionPhase(TestCaseExecutor.java:298)
	at com.kms.katalon.core.main.TestCaseExecutor.accessMainPhase(TestCaseExecutor.java:290)
	at com.kms.katalon.core.main.TestCaseExecutor.execute(TestCaseExecutor.java:224)
	at com.kms.katalon.core.main.TestSuiteExecutor.accessTestCaseMainPhase(TestSuiteExecutor.java:129)
	at com.kms.katalon.core.main.TestSuiteExecutor.accessTestSuiteMainPhase(TestSuiteExecutor.java:112)
	at com.kms.katalon.core.main.TestSuiteExecutor.execute(TestSuiteExecutor.java:81)
	at com.kms.katalon.core.main.TestCaseMain.startTestSuite(TestCaseMain.java:149)
	at com.kms.katalon.core.main.TestCaseMain$startTestSuite$0.call(Unknown Source)
	at TempTestSuite1548969729134.run(TempTestSuite1548969729134.groovy:36)
"/>
         <system-out><![CDATA[2019-01-31 15:24:27 - [TEST_CASE][FAILED] - Test Cases/Admin Console/Election Setup/Ballot Styles/Ballot Styles - Import: Test Cases/Admin Console/Election Setup/Ballot Styles/Ballot Styles - Import FAILED.
Reason:
com.kms.katalon.core.exception.StepFailedException: Unable to click on object 'Object Repository/Common ePulse Objects/button_Done(working)' (Root cause: com.kms.katalon.core.webui.exception.WebElementNotFoundException: Web element with id: 'Object Repository/Common ePulse Objects/button_Done(working)' located by 'By.xpath: (.//*[normalize-space(text()) and normalize-space(.)='Done!'])[1]/following::button[1]' not found)
	at com.kms.katalon.core.keyword.internal.KeywordMain.stepFailed(KeywordMain.groovy:36)
	at com.kms.katalon.core.webui.keyword.internal.WebUIKeywordMain.stepFailed(WebUIKeywordMain.groovy:65)
	at com.kms.katalon.core.webui.keyword.internal.WebUIKeywordMain.runKeyword(WebUIKeywordMain.groovy:27)
	at com.kms.katalon.core.webui.keyword.builtin.ClickKeyword.click(ClickKeyword.groovy:86)
	at com.kms.katalon.core.webui.keyword.builtin.ClickKeyword.execute(ClickKeyword.groovy:67)
	at com.kms.katalon.core.keyword.internal.KeywordExecutor.executeKeywordForPlatform(KeywordExecutor.groovy:53)
	at com.kms.katalon.core.webui.keyword.WebUiBuiltInKeywords.click(WebUiBuiltInKeywords.groovy:616)
	at com.kms.katalon.core.webui.keyword.WebUiBuiltInKeywords$click$3.call(Unknown Source)
	at Ballot Styles - Import.run(Ballot Styles - Import:45)
	at com.kms.katalon.core.main.ScriptEngine.run(ScriptEngine.java:194)
	at com.kms.katalon.core.main.ScriptEngine.runScriptAsRawText(ScriptEngine.java:119)
	at com.kms.katalon.core.main.TestCaseExecutor.runScript(TestCaseExecutor.java:328)
	at com.kms.katalon.core.main.TestCaseExecutor.doExecute(TestCaseExecutor.java:319)
	at com.kms.katalon.core.main.TestCaseExecutor.processExecutionPhase(TestCaseExecutor.java:298)
	at com.kms.katalon.core.main.TestCaseExecutor.accessMainPhase(TestCaseExecutor.java:290)
	at com.kms.katalon.core.main.TestCaseExecutor.execute(TestCaseExecutor.java:224)
	at com.kms.katalon.core.main.TestSuiteExecutor.accessTestCaseMainPhase(TestSuiteExecutor.java:129)
	at com.kms.katalon.core.main.TestSuiteExecutor.accessTestSuiteMainPhase(TestSuiteExecutor.java:112)
	at com.kms.katalon.core.main.TestSuiteExecutor.execute(TestSuiteExecutor.java:81)
	at com.kms.katalon.core.main.TestCaseMain.startTestSuite(TestCaseMain.java:149)
	at com.kms.katalon.core.main.TestCaseMain$startTestSuite$0.call(Unknown Source)
	at TempTestSuite1548969729134.run(TempTestSuite1548969729134.groovy:36)


2019-01-31 15:24:27 - [TEST_STEP][PASSED] - openBrowser(""): Browser is opened with url: ''

2019-01-31 15:24:27 - [MESSAGE][INFO] - Starting 'Chrome' driver

2019-01-31 15:24:28 - [MESSAGE][PASSED] - Browser is opened with url: ''

2019-01-31 15:24:28 - [TEST_STEP][PASSED] - navigateToUrl(URL): Navigate to 'https://dev.epulse.io' successfully

2019-01-31 15:24:29 - [MESSAGE][PASSED] - Navigate to 'https://dev.epulse.io' successfully

2019-01-31 15:24:29 - [TEST_STEP][PASSED] - setText(findTestObject("Login/Email Address"), User_email): Text 'alonzo.mack@knowink.com' is set on object 'Object Repository/Login/Email Address'

2019-01-31 15:24:29 - [MESSAGE][PASSED] - Text 'alonzo.mack@knowink.com' is set on object 'Object Repository/Login/Email Address'

2019-01-31 15:24:29 - [TEST_STEP][PASSED] - setEncryptedText(findTestObject("Login/Password"), Pswrd): Text ****** has been set on object 'Object Repository/Login/Password'

2019-01-31 15:24:29 - [MESSAGE][PASSED] - Text ****** has been set on object 'Object Repository/Login/Password'

2019-01-31 15:24:29 - [TEST_STEP][PASSED] - click(findTestObject("Login/Sign In")): Object: 'Object Repository/Login/Sign In' is clicked on

2019-01-31 15:24:30 - [MESSAGE][PASSED] - Object: 'Object Repository/Login/Sign In' is clicked on

2019-01-31 15:24:30 - [TEST_STEP][PASSED] - delay(1): Delayed 1 second(s)

2019-01-31 15:24:31 - [MESSAGE][PASSED] - Delayed 1 second(s)

2019-01-31 15:24:31 - [TEST_STEP][PASSED] - navigateToUrl(Ballot_Types): Navigate to 'https://am-automation-test.dev.epulse.io/ballot_types' successfully

2019-01-31 15:24:32 - [MESSAGE][PASSED] - Navigate to 'https://am-automation-test.dev.epulse.io/ballot_types' successfully

2019-01-31 15:24:32 - [TEST_STEP][PASSED] - delay(1): Delayed 1 second(s)

2019-01-31 15:24:33 - [MESSAGE][PASSED] - Delayed 1 second(s)

2019-01-31 15:24:33 - [TEST_STEP][PASSED] - click(findTestObject("Admin Console ePulse Menu/Election Setup/Ballot Styles/Import")): Object: 'Object Repository/Admin Console ePulse Menu/Election Setup/Ballot Styles/Import' is clicked on

2019-01-31 15:24:33 - [MESSAGE][PASSED] - Object: 'Object Repository/Admin Console ePulse Menu/Election Setup/Ballot Styles/Import' is clicked on

2019-01-31 15:24:33 - [TEST_STEP][PASSED] - setText(findTestObject("Common ePulse Objects/Choose File"), "/Users/alonzomack/Downloads/Automation uploads/ballot_types.csv"): Text '/Users/alonzomack/Downloads/Automation uploads/ballot_types.csv' is set on object 'Object Repository/Common ePulse Objects/Choose File'

2019-01-31 15:24:33 - [MESSAGE][PASSED] - Text '/Users/alonzomack/Downloads/Automation uploads/ballot_types.csv' is set on object 'Object Repository/Common ePulse Objects/Choose File'

2019-01-31 15:24:33 - [TEST_STEP][PASSED] - click(findTestObject("Common ePulse Objects/Continue Button")): Object: 'Object Repository/Common ePulse Objects/Continue Button' is clicked on

2019-01-31 15:24:33 - [MESSAGE][PASSED] - Object: 'Object Repository/Common ePulse Objects/Continue Button' is clicked on

2019-01-31 15:24:33 - [TEST_STEP][PASSED] - delay(1): Delayed 1 second(s)

2019-01-31 15:24:34 - [MESSAGE][PASSED] - Delayed 1 second(s)

2019-01-31 15:24:34 - [TEST_STEP][FAILED] - click(findTestObject("Common ePulse Objects/button_Done(working)")): click(findTestObject("Common ePulse Objects/button_Done(working)")) FAILED.
Reason:
com.kms.katalon.core.exception.StepFailedException: Unable to click on object 'Object Repository/Common ePulse Objects/button_Done(working)' (Root cause: com.kms.katalon.core.webui.exception.WebElementNotFoundException: Web element with id: 'Object Repository/Common ePulse Objects/button_Done(working)' located by 'By.xpath: (.//*[normalize-space(text()) and normalize-space(.)='Done!'])[1]/following::button[1]' not found)
	at com.kms.katalon.core.keyword.internal.KeywordMain.stepFailed(KeywordMain.groovy:36)
	at com.kms.katalon.core.webui.keyword.internal.WebUIKeywordMain.stepFailed(WebUIKeywordMain.groovy:65)
	at com.kms.katalon.core.webui.keyword.internal.WebUIKeywordMain.runKeyword(WebUIKeywordMain.groovy:27)
	at com.kms.katalon.core.webui.keyword.builtin.ClickKeyword.click(ClickKeyword.groovy:86)
	at com.kms.katalon.core.webui.keyword.builtin.ClickKeyword.execute(ClickKeyword.groovy:67)
	at com.kms.katalon.core.keyword.internal.KeywordExecutor.executeKeywordForPlatform(KeywordExecutor.groovy:53)
	at com.kms.katalon.core.webui.keyword.WebUiBuiltInKeywords.click(WebUiBuiltInKeywords.groovy:616)
	at com.kms.katalon.core.webui.keyword.WebUiBuiltInKeywords$click$3.call(Unknown Source)
	at Ballot Styles - Import.run(Ballot Styles - Import:45)
	at com.kms.katalon.core.main.ScriptEngine.run(ScriptEngine.java:194)
	at com.kms.katalon.core.main.ScriptEngine.runScriptAsRawText(ScriptEngine.java:119)
	at com.kms.katalon.core.main.TestCaseExecutor.runScript(TestCaseExecutor.java:328)
	at com.kms.katalon.core.main.TestCaseExecutor.doExecute(TestCaseExecutor.java:319)
	at com.kms.katalon.core.main.TestCaseExecutor.processExecutionPhase(TestCaseExecutor.java:298)
	at com.kms.katalon.core.main.TestCaseExecutor.accessMainPhase(TestCaseExecutor.java:290)
	at com.kms.katalon.core.main.TestCaseExecutor.execute(TestCaseExecutor.java:224)
	at com.kms.katalon.core.main.TestSuiteExecutor.accessTestCaseMainPhase(TestSuiteExecutor.java:129)
	at com.kms.katalon.core.main.TestSuiteExecutor.accessTestSuiteMainPhase(TestSuiteExecutor.java:112)
	at com.kms.katalon.core.main.TestSuiteExecutor.execute(TestSuiteExecutor.java:81)
	at com.kms.katalon.core.main.TestCaseMain.startTestSuite(TestCaseMain.java:149)
	at com.kms.katalon.core.main.TestCaseMain$startTestSuite$0.call(Unknown Source)
	at TempTestSuite1548969729134.run(TempTestSuite1548969729134.groovy:36)


2019-01-31 15:24:49 - [MESSAGE][INFO] - Unable to find the element located by 'By.xpath: (.//*[normalize-space(text()) and normalize-space(.)='Done!'])[1]/following::button[1]'. Please recheck the objects properties to make sure the desired element is located. 

2019-01-31 15:24:50 - [MESSAGE][FAILED] - Unable to click on object 'Object Repository/Common ePulse Objects/button_Done(working)' (Root cause: com.kms.katalon.core.webui.exception.WebElementNotFoundException: Web element with id: 'Object Repository/Common ePulse Objects/button_Done(working)' located by 'By.xpath: (.//*[normalize-space(text()) and normalize-space(.)='Done!'])[1]/following::button[1]' not found)
[[ATTACHMENT|/Users/alonzomack/Katalon Studio/Regression/Reports/dev_staging ready/20190131_152208/1548969889953.png]]

2019-01-31 15:24:50 - [MESSAGE][FAILED] - click(findTestObject("Common ePulse Objects/button_Done(working)")) FAILED.
Reason:
com.kms.katalon.core.exception.StepFailedException: Unable to click on object 'Object Repository/Common ePulse Objects/button_Done(working)' (Root cause: com.kms.katalon.core.webui.exception.WebElementNotFoundException: Web element with id: 'Object Repository/Common ePulse Objects/button_Done(working)' located by 'By.xpath: (.//*[normalize-space(text()) and normalize-space(.)='Done!'])[1]/following::button[1]' not found)
	at com.kms.katalon.core.keyword.internal.KeywordMain.stepFailed(KeywordMain.groovy:36)
	at com.kms.katalon.core.webui.keyword.internal.WebUIKeywordMain.stepFailed(WebUIKeywordMain.groovy:65)
	at com.kms.katalon.core.webui.keyword.internal.WebUIKeywordMain.runKeyword(WebUIKeywordMain.groovy:27)
	at com.kms.katalon.core.webui.keyword.builtin.ClickKeyword.click(ClickKeyword.groovy:86)
	at com.kms.katalon.core.webui.keyword.builtin.ClickKeyword.execute(ClickKeyword.groovy:67)
	at com.kms.katalon.core.keyword.internal.KeywordExecutor.executeKeywordForPlatform(KeywordExecutor.groovy:53)
	at com.kms.katalon.core.webui.keyword.WebUiBuiltInKeywords.click(WebUiBuiltInKeywords.groovy:616)
	at com.kms.katalon.core.webui.keyword.WebUiBuiltInKeywords$click$3.call(Unknown Source)
	at Ballot Styles - Import.run(Ballot Styles - Import:45)
	at com.kms.katalon.core.main.ScriptEngine.run(ScriptEngine.java:194)
	at com.kms.katalon.core.main.ScriptEngine.runScriptAsRawText(ScriptEngine.java:119)
	at com.kms.katalon.core.main.TestCaseExecutor.runScript(TestCaseExecutor.java:328)
	at com.kms.katalon.core.main.TestCaseExecutor.doExecute(TestCaseExecutor.java:319)
	at com.kms.katalon.core.main.TestCaseExecutor.processExecutionPhase(TestCaseExecutor.java:298)
	at com.kms.katalon.core.main.TestCaseExecutor.accessMainPhase(TestCaseExecutor.java:290)
	at com.kms.katalon.core.main.TestCaseExecutor.execute(TestCaseExecutor.java:224)
	at com.kms.katalon.core.main.TestSuiteExecutor.accessTestCaseMainPhase(TestSuiteExecutor.java:129)
	at com.kms.katalon.core.main.TestSuiteExecutor.accessTestSuiteMainPhase(TestSuiteExecutor.java:112)
	at com.kms.katalon.core.main.TestSuiteExecutor.execute(TestSuiteExecutor.java:81)
	at com.kms.katalon.core.main.TestCaseMain.startTestSuite(TestCaseMain.java:149)
	at com.kms.katalon.core.main.TestCaseMain$startTestSuite$0.call(Unknown Source)
	at TempTestSuite1548969729134.run(TempTestSuite1548969729134.groovy:36)]]></system-out>
         <system-err><![CDATA[2019-01-31 15:24:27 - [TEST_CASE][FAILED] - Test Cases/Admin Console/Election Setup/Ballot Styles/Ballot Styles - Import: Test Cases/Admin Console/Election Setup/Ballot Styles/Ballot Styles - Import FAILED.
Reason:
com.kms.katalon.core.exception.StepFailedException: Unable to click on object 'Object Repository/Common ePulse Objects/button_Done(working)' (Root cause: com.kms.katalon.core.webui.exception.WebElementNotFoundException: Web element with id: 'Object Repository/Common ePulse Objects/button_Done(working)' located by 'By.xpath: (.//*[normalize-space(text()) and normalize-space(.)='Done!'])[1]/following::button[1]' not found)
	at com.kms.katalon.core.keyword.internal.KeywordMain.stepFailed(KeywordMain.groovy:36)
	at com.kms.katalon.core.webui.keyword.internal.WebUIKeywordMain.stepFailed(WebUIKeywordMain.groovy:65)
	at com.kms.katalon.core.webui.keyword.internal.WebUIKeywordMain.runKeyword(WebUIKeywordMain.groovy:27)
	at com.kms.katalon.core.webui.keyword.builtin.ClickKeyword.click(ClickKeyword.groovy:86)
	at com.kms.katalon.core.webui.keyword.builtin.ClickKeyword.execute(ClickKeyword.groovy:67)
	at com.kms.katalon.core.keyword.internal.KeywordExecutor.executeKeywordForPlatform(KeywordExecutor.groovy:53)
	at com.kms.katalon.core.webui.keyword.WebUiBuiltInKeywords.click(WebUiBuiltInKeywords.groovy:616)
	at com.kms.katalon.core.webui.keyword.WebUiBuiltInKeywords$click$3.call(Unknown Source)
	at Ballot Styles - Import.run(Ballot Styles - Import:45)
	at com.kms.katalon.core.main.ScriptEngine.run(ScriptEngine.java:194)
	at com.kms.katalon.core.main.ScriptEngine.runScriptAsRawText(ScriptEngine.java:119)
	at com.kms.katalon.core.main.TestCaseExecutor.runScript(TestCaseExecutor.java:328)
	at com.kms.katalon.core.main.TestCaseExecutor.doExecute(TestCaseExecutor.java:319)
	at com.kms.katalon.core.main.TestCaseExecutor.processExecutionPhase(TestCaseExecutor.java:298)
	at com.kms.katalon.core.main.TestCaseExecutor.accessMainPhase(TestCaseExecutor.java:290)
	at com.kms.katalon.core.main.TestCaseExecutor.execute(TestCaseExecutor.java:224)
	at com.kms.katalon.core.main.TestSuiteExecutor.accessTestCaseMainPhase(TestSuiteExecutor.java:129)
	at com.kms.katalon.core.main.TestSuiteExecutor.accessTestSuiteMainPhase(TestSuiteExecutor.java:112)
	at com.kms.katalon.core.main.TestSuiteExecutor.execute(TestSuiteExecutor.java:81)
	at com.kms.katalon.core.main.TestCaseMain.startTestSuite(TestCaseMain.java:149)
	at com.kms.katalon.core.main.TestCaseMain$startTestSuite$0.call(Unknown Source)
	at TempTestSuite1548969729134.run(TempTestSuite1548969729134.groovy:36)]]></system-err>
      </testcase>
      <testcase name="Test Cases/Admin Console/Account Settings/Add_Edit Voter/Add_Edit Voter - Export" classname="Test Cases/Admin Console/Account Settings/Add_Edit Voter/Add_Edit Voter - Export" status="PASSED">
         <system-out><![CDATA[2019-01-31 15:24:52 - [TEST_CASE][PASSED] - Test Cases/Admin Console/Account Settings/Add_Edit Voter/Add_Edit Voter - Export: Test Cases/Admin Console/Account Settings/Add_Edit Voter/Add_Edit Voter - Export

2019-01-31 15:24:52 - [TEST_STEP][PASSED] - openBrowser(""): Browser is opened with url: ''

2019-01-31 15:24:52 - [MESSAGE][WARNING] - A browser is already opened. Closing browser and opening a new one

2019-01-31 15:24:52 - [MESSAGE][INFO] - Starting 'Chrome' driver

2019-01-31 15:24:53 - [MESSAGE][PASSED] - Browser is opened with url: ''

2019-01-31 15:24:53 - [TEST_STEP][PASSED] - navigateToUrl(URL): Navigate to 'https://dev.epulse.io' successfully

2019-01-31 15:24:54 - [MESSAGE][PASSED] - Navigate to 'https://dev.epulse.io' successfully

2019-01-31 15:24:54 - [TEST_STEP][PASSED] - setText(findTestObject("Login/Email Address"), User_email): Text 'alonzo.mack@knowink.com' is set on object 'Object Repository/Login/Email Address'

2019-01-31 15:24:55 - [MESSAGE][PASSED] - Text 'alonzo.mack@knowink.com' is set on object 'Object Repository/Login/Email Address'

2019-01-31 15:24:55 - [TEST_STEP][PASSED] - setEncryptedText(findTestObject("Login/Password"), Pswrd): Text ****** has been set on object 'Object Repository/Login/Password'

2019-01-31 15:24:55 - [MESSAGE][PASSED] - Text ****** has been set on object 'Object Repository/Login/Password'

2019-01-31 15:24:55 - [TEST_STEP][PASSED] - click(findTestObject("Login/Sign In")): Object: 'Object Repository/Login/Sign In' is clicked on

2019-01-31 15:24:55 - [MESSAGE][PASSED] - Object: 'Object Repository/Login/Sign In' is clicked on

2019-01-31 15:24:55 - [TEST_STEP][PASSED] - delay(1): Delayed 1 second(s)

2019-01-31 15:24:56 - [MESSAGE][PASSED] - Delayed 1 second(s)

2019-01-31 15:24:56 - [TEST_STEP][PASSED] - navigateToUrl(Add_Voter): Navigate to 'https://am-automation-test.dev.epulse.io/add_voters' successfully

2019-01-31 15:24:57 - [MESSAGE][PASSED] - Navigate to 'https://am-automation-test.dev.epulse.io/add_voters' successfully

2019-01-31 15:24:57 - [TEST_STEP][PASSED] - delay(1): Delayed 1 second(s)

2019-01-31 15:24:58 - [MESSAGE][PASSED] - Delayed 1 second(s)

2019-01-31 15:24:58 - [TEST_STEP][PASSED] - click(findTestObject("Admin Console ePulse Menu/Account Settings/ID Methods/ID Methods Page/Export")): Object: 'Object Repository/Admin Console ePulse Menu/Account Settings/ID Methods/ID Methods Page/Export' is clicked on

2019-01-31 15:24:58 - [MESSAGE][PASSED] - Object: 'Object Repository/Admin Console ePulse Menu/Account Settings/ID Methods/ID Methods Page/Export' is clicked on

2019-01-31 15:24:58 - [TEST_STEP][PASSED] - delay(1): Delayed 1 second(s)

2019-01-31 15:24:59 - [MESSAGE][PASSED] - Delayed 1 second(s)

2019-01-31 15:24:59 - [TEST_STEP][PASSED] - closeBrowser(STOP_ON_FAILURE): Browser is closed

2019-01-31 15:24:59 - [MESSAGE][PASSED] - Browser is closed]]></system-out>
         <system-err><![CDATA[]]></system-err>
      </testcase>
      <testcase name="Test Cases/Admin Console/Account Settings/Add_Edit Voter/Add_Edit Voter - Import" classname="Test Cases/Admin Console/Account Settings/Add_Edit Voter/Add_Edit Voter - Import" status="FAILED">
         <failure type="FAILED" message="Test Cases/Admin Console/Account Settings/Add_Edit Voter/Add_Edit Voter - Import FAILED.
Reason:
com.kms.katalon.core.exception.StepFailedException: Unable to click on object 'Object Repository/Admin Console ePulse Menu/Account Settings/Prompts/Import Prompts Buttons/button_Done(working)' (Root cause: com.kms.katalon.core.webui.exception.WebElementNotFoundException: Web element with id: 'Object Repository/Admin Console ePulse Menu/Account Settings/Prompts/Import Prompts Buttons/button_Done(working)' located by 'By.xpath: (.//*[normalize-space(text()) and normalize-space(.)='Done!'])[1]/following::button[1]' not found)
	at com.kms.katalon.core.keyword.internal.KeywordMain.stepFailed(KeywordMain.groovy:36)
	at com.kms.katalon.core.webui.keyword.internal.WebUIKeywordMain.stepFailed(WebUIKeywordMain.groovy:65)
	at com.kms.katalon.core.webui.keyword.internal.WebUIKeywordMain.runKeyword(WebUIKeywordMain.groovy:27)
	at com.kms.katalon.core.webui.keyword.builtin.ClickKeyword.click(ClickKeyword.groovy:86)
	at com.kms.katalon.core.webui.keyword.builtin.ClickKeyword.execute(ClickKeyword.groovy:67)
	at com.kms.katalon.core.keyword.internal.KeywordExecutor.executeKeywordForPlatform(KeywordExecutor.groovy:53)
	at com.kms.katalon.core.webui.keyword.WebUiBuiltInKeywords.click(WebUiBuiltInKeywords.groovy:616)
	at com.kms.katalon.core.webui.keyword.WebUiBuiltInKeywords$click$3.call(Unknown Source)
	at Add_Edit Voter - Import.run(Add_Edit Voter - Import:43)
	at com.kms.katalon.core.main.ScriptEngine.run(ScriptEngine.java:194)
	at com.kms.katalon.core.main.ScriptEngine.runScriptAsRawText(ScriptEngine.java:119)
	at com.kms.katalon.core.main.TestCaseExecutor.runScript(TestCaseExecutor.java:328)
	at com.kms.katalon.core.main.TestCaseExecutor.doExecute(TestCaseExecutor.java:319)
	at com.kms.katalon.core.main.TestCaseExecutor.processExecutionPhase(TestCaseExecutor.java:298)
	at com.kms.katalon.core.main.TestCaseExecutor.accessMainPhase(TestCaseExecutor.java:290)
	at com.kms.katalon.core.main.TestCaseExecutor.execute(TestCaseExecutor.java:224)
	at com.kms.katalon.core.main.TestSuiteExecutor.accessTestCaseMainPhase(TestSuiteExecutor.java:129)
	at com.kms.katalon.core.main.TestSuiteExecutor.accessTestSuiteMainPhase(TestSuiteExecutor.java:112)
	at com.kms.katalon.core.main.TestSuiteExecutor.execute(TestSuiteExecutor.java:81)
	at com.kms.katalon.core.main.TestCaseMain.startTestSuite(TestCaseMain.java:149)
	at com.kms.katalon.core.main.TestCaseMain$startTestSuite$0.call(Unknown Source)
	at TempTestSuite1548969729134.run(TempTestSuite1548969729134.groovy:36)
"/>
         <system-out><![CDATA[2019-01-31 15:25:01 - [TEST_CASE][FAILED] - Test Cases/Admin Console/Account Settings/Add_Edit Voter/Add_Edit Voter - Import: Test Cases/Admin Console/Account Settings/Add_Edit Voter/Add_Edit Voter - Import FAILED.
Reason:
com.kms.katalon.core.exception.StepFailedException: Unable to click on object 'Object Repository/Admin Console ePulse Menu/Account Settings/Prompts/Import Prompts Buttons/button_Done(working)' (Root cause: com.kms.katalon.core.webui.exception.WebElementNotFoundException: Web element with id: 'Object Repository/Admin Console ePulse Menu/Account Settings/Prompts/Import Prompts Buttons/button_Done(working)' located by 'By.xpath: (.//*[normalize-space(text()) and normalize-space(.)='Done!'])[1]/following::button[1]' not found)
	at com.kms.katalon.core.keyword.internal.KeywordMain.stepFailed(KeywordMain.groovy:36)
	at com.kms.katalon.core.webui.keyword.internal.WebUIKeywordMain.stepFailed(WebUIKeywordMain.groovy:65)
	at com.kms.katalon.core.webui.keyword.internal.WebUIKeywordMain.runKeyword(WebUIKeywordMain.groovy:27)
	at com.kms.katalon.core.webui.keyword.builtin.ClickKeyword.click(ClickKeyword.groovy:86)
	at com.kms.katalon.core.webui.keyword.builtin.ClickKeyword.execute(ClickKeyword.groovy:67)
	at com.kms.katalon.core.keyword.internal.KeywordExecutor.executeKeywordForPlatform(KeywordExecutor.groovy:53)
	at com.kms.katalon.core.webui.keyword.WebUiBuiltInKeywords.click(WebUiBuiltInKeywords.groovy:616)
	at com.kms.katalon.core.webui.keyword.WebUiBuiltInKeywords$click$3.call(Unknown Source)
	at Add_Edit Voter - Import.run(Add_Edit Voter - Import:43)
	at com.kms.katalon.core.main.ScriptEngine.run(ScriptEngine.java:194)
	at com.kms.katalon.core.main.ScriptEngine.runScriptAsRawText(ScriptEngine.java:119)
	at com.kms.katalon.core.main.TestCaseExecutor.runScript(TestCaseExecutor.java:328)
	at com.kms.katalon.core.main.TestCaseExecutor.doExecute(TestCaseExecutor.java:319)
	at com.kms.katalon.core.main.TestCaseExecutor.processExecutionPhase(TestCaseExecutor.java:298)
	at com.kms.katalon.core.main.TestCaseExecutor.accessMainPhase(TestCaseExecutor.java:290)
	at com.kms.katalon.core.main.TestCaseExecutor.execute(TestCaseExecutor.java:224)
	at com.kms.katalon.core.main.TestSuiteExecutor.accessTestCaseMainPhase(TestSuiteExecutor.java:129)
	at com.kms.katalon.core.main.TestSuiteExecutor.accessTestSuiteMainPhase(TestSuiteExecutor.java:112)
	at com.kms.katalon.core.main.TestSuiteExecutor.execute(TestSuiteExecutor.java:81)
	at com.kms.katalon.core.main.TestCaseMain.startTestSuite(TestCaseMain.java:149)
	at com.kms.katalon.core.main.TestCaseMain$startTestSuite$0.call(Unknown Source)
	at TempTestSuite1548969729134.run(TempTestSuite1548969729134.groovy:36)


2019-01-31 15:25:01 - [TEST_STEP][PASSED] - openBrowser(""): Browser is opened with url: ''

2019-01-31 15:25:01 - [MESSAGE][INFO] - Starting 'Chrome' driver

2019-01-31 15:25:03 - [MESSAGE][PASSED] - Browser is opened with url: ''

2019-01-31 15:25:03 - [TEST_STEP][PASSED] - navigateToUrl(URL): Navigate to 'https://dev.epulse.io' successfully

2019-01-31 15:25:04 - [MESSAGE][PASSED] - Navigate to 'https://dev.epulse.io' successfully

2019-01-31 15:25:04 - [TEST_STEP][PASSED] - setText(findTestObject("Login/Email Address"), User_email): Text 'alonzo.mack@knowink.com' is set on object 'Object Repository/Login/Email Address'

2019-01-31 15:25:04 - [MESSAGE][PASSED] - Text 'alonzo.mack@knowink.com' is set on object 'Object Repository/Login/Email Address'

2019-01-31 15:25:04 - [TEST_STEP][PASSED] - setEncryptedText(findTestObject("Login/Password"), Pswrd): Text ****** has been set on object 'Object Repository/Login/Password'

2019-01-31 15:25:04 - [MESSAGE][PASSED] - Text ****** has been set on object 'Object Repository/Login/Password'

2019-01-31 15:25:04 - [TEST_STEP][PASSED] - click(findTestObject("Login/Sign In")): Object: 'Object Repository/Login/Sign In' is clicked on

2019-01-31 15:25:05 - [MESSAGE][PASSED] - Object: 'Object Repository/Login/Sign In' is clicked on

2019-01-31 15:25:05 - [TEST_STEP][PASSED] - delay(1): Delayed 1 second(s)

2019-01-31 15:25:06 - [MESSAGE][PASSED] - Delayed 1 second(s)

2019-01-31 15:25:06 - [TEST_STEP][PASSED] - navigateToUrl(Add_Edit_Voter_Import, STOP_ON_FAILURE): Navigate to 'https://am-automation-test.dev.epulse.io/imports/add_voter' successfully

2019-01-31 15:25:06 - [MESSAGE][PASSED] - Navigate to 'https://am-automation-test.dev.epulse.io/imports/add_voter' successfully

2019-01-31 15:25:06 - [TEST_STEP][PASSED] - delay(1): Delayed 1 second(s)

2019-01-31 15:25:07 - [MESSAGE][PASSED] - Delayed 1 second(s)

2019-01-31 15:25:07 - [TEST_STEP][PASSED] - setText(findTestObject("Admin Console ePulse Menu/Account Settings/Prompts/Import Prompts Buttons/Choose File"), "/Users/alonzomack/Downloads/Automation uploads/add_voter.txt"): Text '/Users/alonzomack/Downloads/Automation uploads/add_voter.txt' is set on object 'Object Repository/Admin Console ePulse Menu/Account Settings/Prompts/Import Prompts Buttons/Choose File'

2019-01-31 15:25:07 - [MESSAGE][PASSED] - Text '/Users/alonzomack/Downloads/Automation uploads/add_voter.txt' is set on object 'Object Repository/Admin Console ePulse Menu/Account Settings/Prompts/Import Prompts Buttons/Choose File'

2019-01-31 15:25:07 - [TEST_STEP][PASSED] - click(findTestObject("Admin Console ePulse Menu/Account Settings/Prompts/Import Prompts Buttons/Continue Button")): Object: 'Object Repository/Admin Console ePulse Menu/Account Settings/Prompts/Import Prompts Buttons/Continue Button' is clicked on

2019-01-31 15:25:07 - [MESSAGE][PASSED] - Object: 'Object Repository/Admin Console ePulse Menu/Account Settings/Prompts/Import Prompts Buttons/Continue Button' is clicked on

2019-01-31 15:25:07 - [TEST_STEP][PASSED] - delay(2): Delayed 2 second(s)

2019-01-31 15:25:09 - [MESSAGE][PASSED] - Delayed 2 second(s)

2019-01-31 15:25:09 - [TEST_STEP][FAILED] - click(findTestObject("Admin Console ePulse Menu/Account Settings/Prompts/Import Prompts Buttons/button_Done(working)")): click(findTestObject("Admin Console ePulse Menu/Account Settings/Prompts/Import Prompts Buttons/button_Done(working)")) FAILED.
Reason:
com.kms.katalon.core.exception.StepFailedException: Unable to click on object 'Object Repository/Admin Console ePulse Menu/Account Settings/Prompts/Import Prompts Buttons/button_Done(working)' (Root cause: com.kms.katalon.core.webui.exception.WebElementNotFoundException: Web element with id: 'Object Repository/Admin Console ePulse Menu/Account Settings/Prompts/Import Prompts Buttons/button_Done(working)' located by 'By.xpath: (.//*[normalize-space(text()) and normalize-space(.)='Done!'])[1]/following::button[1]' not found)
	at com.kms.katalon.core.keyword.internal.KeywordMain.stepFailed(KeywordMain.groovy:36)
	at com.kms.katalon.core.webui.keyword.internal.WebUIKeywordMain.stepFailed(WebUIKeywordMain.groovy:65)
	at com.kms.katalon.core.webui.keyword.internal.WebUIKeywordMain.runKeyword(WebUIKeywordMain.groovy:27)
	at com.kms.katalon.core.webui.keyword.builtin.ClickKeyword.click(ClickKeyword.groovy:86)
	at com.kms.katalon.core.webui.keyword.builtin.ClickKeyword.execute(ClickKeyword.groovy:67)
	at com.kms.katalon.core.keyword.internal.KeywordExecutor.executeKeywordForPlatform(KeywordExecutor.groovy:53)
	at com.kms.katalon.core.webui.keyword.WebUiBuiltInKeywords.click(WebUiBuiltInKeywords.groovy:616)
	at com.kms.katalon.core.webui.keyword.WebUiBuiltInKeywords$click$3.call(Unknown Source)
	at Add_Edit Voter - Import.run(Add_Edit Voter - Import:43)
	at com.kms.katalon.core.main.ScriptEngine.run(ScriptEngine.java:194)
	at com.kms.katalon.core.main.ScriptEngine.runScriptAsRawText(ScriptEngine.java:119)
	at com.kms.katalon.core.main.TestCaseExecutor.runScript(TestCaseExecutor.java:328)
	at com.kms.katalon.core.main.TestCaseExecutor.doExecute(TestCaseExecutor.java:319)
	at com.kms.katalon.core.main.TestCaseExecutor.processExecutionPhase(TestCaseExecutor.java:298)
	at com.kms.katalon.core.main.TestCaseExecutor.accessMainPhase(TestCaseExecutor.java:290)
	at com.kms.katalon.core.main.TestCaseExecutor.execute(TestCaseExecutor.java:224)
	at com.kms.katalon.core.main.TestSuiteExecutor.accessTestCaseMainPhase(TestSuiteExecutor.java:129)
	at com.kms.katalon.core.main.TestSuiteExecutor.accessTestSuiteMainPhase(TestSuiteExecutor.java:112)
	at com.kms.katalon.core.main.TestSuiteExecutor.execute(TestSuiteExecutor.java:81)
	at com.kms.katalon.core.main.TestCaseMain.startTestSuite(TestCaseMain.java:149)
	at com.kms.katalon.core.main.TestCaseMain$startTestSuite$0.call(Unknown Source)
	at TempTestSuite1548969729134.run(TempTestSuite1548969729134.groovy:36)


2019-01-31 15:25:25 - [MESSAGE][INFO] - Unable to find the element located by 'By.xpath: (.//*[normalize-space(text()) and normalize-space(.)='Done!'])[1]/following::button[1]'. Please recheck the objects properties to make sure the desired element is located. 

2019-01-31 15:25:25 - [MESSAGE][FAILED] - Unable to click on object 'Object Repository/Admin Console ePulse Menu/Account Settings/Prompts/Import Prompts Buttons/button_Done(working)' (Root cause: com.kms.katalon.core.webui.exception.WebElementNotFoundException: Web element with id: 'Object Repository/Admin Console ePulse Menu/Account Settings/Prompts/Import Prompts Buttons/button_Done(working)' located by 'By.xpath: (.//*[normalize-space(text()) and normalize-space(.)='Done!'])[1]/following::button[1]' not found)
[[ATTACHMENT|/Users/alonzomack/Katalon Studio/Regression/Reports/dev_staging ready/20190131_152208/1548969925271.png]]

2019-01-31 15:25:25 - [MESSAGE][FAILED] - click(findTestObject("Admin Console ePulse Menu/Account Settings/Prompts/Import Prompts Buttons/button_Done(working)")) FAILED.
Reason:
com.kms.katalon.core.exception.StepFailedException: Unable to click on object 'Object Repository/Admin Console ePulse Menu/Account Settings/Prompts/Import Prompts Buttons/button_Done(working)' (Root cause: com.kms.katalon.core.webui.exception.WebElementNotFoundException: Web element with id: 'Object Repository/Admin Console ePulse Menu/Account Settings/Prompts/Import Prompts Buttons/button_Done(working)' located by 'By.xpath: (.//*[normalize-space(text()) and normalize-space(.)='Done!'])[1]/following::button[1]' not found)
	at com.kms.katalon.core.keyword.internal.KeywordMain.stepFailed(KeywordMain.groovy:36)
	at com.kms.katalon.core.webui.keyword.internal.WebUIKeywordMain.stepFailed(WebUIKeywordMain.groovy:65)
	at com.kms.katalon.core.webui.keyword.internal.WebUIKeywordMain.runKeyword(WebUIKeywordMain.groovy:27)
	at com.kms.katalon.core.webui.keyword.builtin.ClickKeyword.click(ClickKeyword.groovy:86)
	at com.kms.katalon.core.webui.keyword.builtin.ClickKeyword.execute(ClickKeyword.groovy:67)
	at com.kms.katalon.core.keyword.internal.KeywordExecutor.executeKeywordForPlatform(KeywordExecutor.groovy:53)
	at com.kms.katalon.core.webui.keyword.WebUiBuiltInKeywords.click(WebUiBuiltInKeywords.groovy:616)
	at com.kms.katalon.core.webui.keyword.WebUiBuiltInKeywords$click$3.call(Unknown Source)
	at Add_Edit Voter - Import.run(Add_Edit Voter - Import:43)
	at com.kms.katalon.core.main.ScriptEngine.run(ScriptEngine.java:194)
	at com.kms.katalon.core.main.ScriptEngine.runScriptAsRawText(ScriptEngine.java:119)
	at com.kms.katalon.core.main.TestCaseExecutor.runScript(TestCaseExecutor.java:328)
	at com.kms.katalon.core.main.TestCaseExecutor.doExecute(TestCaseExecutor.java:319)
	at com.kms.katalon.core.main.TestCaseExecutor.processExecutionPhase(TestCaseExecutor.java:298)
	at com.kms.katalon.core.main.TestCaseExecutor.accessMainPhase(TestCaseExecutor.java:290)
	at com.kms.katalon.core.main.TestCaseExecutor.execute(TestCaseExecutor.java:224)
	at com.kms.katalon.core.main.TestSuiteExecutor.accessTestCaseMainPhase(TestSuiteExecutor.java:129)
	at com.kms.katalon.core.main.TestSuiteExecutor.accessTestSuiteMainPhase(TestSuiteExecutor.java:112)
	at com.kms.katalon.core.main.TestSuiteExecutor.execute(TestSuiteExecutor.java:81)
	at com.kms.katalon.core.main.TestCaseMain.startTestSuite(TestCaseMain.java:149)
	at com.kms.katalon.core.main.TestCaseMain$startTestSuite$0.call(Unknown Source)
	at TempTestSuite1548969729134.run(TempTestSuite1548969729134.groovy:36)]]></system-out>
         <system-err><![CDATA[2019-01-31 15:25:01 - [TEST_CASE][FAILED] - Test Cases/Admin Console/Account Settings/Add_Edit Voter/Add_Edit Voter - Import: Test Cases/Admin Console/Account Settings/Add_Edit Voter/Add_Edit Voter - Import FAILED.
Reason:
com.kms.katalon.core.exception.StepFailedException: Unable to click on object 'Object Repository/Admin Console ePulse Menu/Account Settings/Prompts/Import Prompts Buttons/button_Done(working)' (Root cause: com.kms.katalon.core.webui.exception.WebElementNotFoundException: Web element with id: 'Object Repository/Admin Console ePulse Menu/Account Settings/Prompts/Import Prompts Buttons/button_Done(working)' located by 'By.xpath: (.//*[normalize-space(text()) and normalize-space(.)='Done!'])[1]/following::button[1]' not found)
	at com.kms.katalon.core.keyword.internal.KeywordMain.stepFailed(KeywordMain.groovy:36)
	at com.kms.katalon.core.webui.keyword.internal.WebUIKeywordMain.stepFailed(WebUIKeywordMain.groovy:65)
	at com.kms.katalon.core.webui.keyword.internal.WebUIKeywordMain.runKeyword(WebUIKeywordMain.groovy:27)
	at com.kms.katalon.core.webui.keyword.builtin.ClickKeyword.click(ClickKeyword.groovy:86)
	at com.kms.katalon.core.webui.keyword.builtin.ClickKeyword.execute(ClickKeyword.groovy:67)
	at com.kms.katalon.core.keyword.internal.KeywordExecutor.executeKeywordForPlatform(KeywordExecutor.groovy:53)
	at com.kms.katalon.core.webui.keyword.WebUiBuiltInKeywords.click(WebUiBuiltInKeywords.groovy:616)
	at com.kms.katalon.core.webui.keyword.WebUiBuiltInKeywords$click$3.call(Unknown Source)
	at Add_Edit Voter - Import.run(Add_Edit Voter - Import:43)
	at com.kms.katalon.core.main.ScriptEngine.run(ScriptEngine.java:194)
	at com.kms.katalon.core.main.ScriptEngine.runScriptAsRawText(ScriptEngine.java:119)
	at com.kms.katalon.core.main.TestCaseExecutor.runScript(TestCaseExecutor.java:328)
	at com.kms.katalon.core.main.TestCaseExecutor.doExecute(TestCaseExecutor.java:319)
	at com.kms.katalon.core.main.TestCaseExecutor.processExecutionPhase(TestCaseExecutor.java:298)
	at com.kms.katalon.core.main.TestCaseExecutor.accessMainPhase(TestCaseExecutor.java:290)
	at com.kms.katalon.core.main.TestCaseExecutor.execute(TestCaseExecutor.java:224)
	at com.kms.katalon.core.main.TestSuiteExecutor.accessTestCaseMainPhase(TestSuiteExecutor.java:129)
	at com.kms.katalon.core.main.TestSuiteExecutor.accessTestSuiteMainPhase(TestSuiteExecutor.java:112)
	at com.kms.katalon.core.main.TestSuiteExecutor.execute(TestSuiteExecutor.java:81)
	at com.kms.katalon.core.main.TestCaseMain.startTestSuite(TestCaseMain.java:149)
	at com.kms.katalon.core.main.TestCaseMain$startTestSuite$0.call(Unknown Source)
	at TempTestSuite1548969729134.run(TempTestSuite1548969729134.groovy:36)]]></system-err>
      </testcase>
      <testcase name="Test Cases/Admin Console/Account Settings/ID Methods()/ID Methods - Add" classname="Test Cases/Admin Console/Account Settings/ID Methods()/ID Methods - Add" status="PASSED">
         <system-out><![CDATA[2019-01-31 15:25:27 - [TEST_CASE][PASSED] - Test Cases/Admin Console/Account Settings/ID Methods()/ID Methods - Add: Test Cases/Admin Console/Account Settings/ID Methods()/ID Methods - Add

2019-01-31 15:25:27 - [TEST_STEP][PASSED] - openBrowser(""): Browser is opened with url: ''

2019-01-31 15:25:27 - [MESSAGE][WARNING] - A browser is already opened. Closing browser and opening a new one

2019-01-31 15:25:27 - [MESSAGE][INFO] - Starting 'Chrome' driver

2019-01-31 15:25:29 - [MESSAGE][PASSED] - Browser is opened with url: ''

2019-01-31 15:25:29 - [TEST_STEP][PASSED] - navigateToUrl(URL): Navigate to 'https://dev.epulse.io' successfully

2019-01-31 15:25:30 - [MESSAGE][PASSED] - Navigate to 'https://dev.epulse.io' successfully

2019-01-31 15:25:30 - [TEST_STEP][PASSED] - setText(findTestObject("Login/Email Address"), User_email): Text 'alonzo.mack@knowink.com' is set on object 'Object Repository/Login/Email Address'

2019-01-31 15:25:30 - [MESSAGE][PASSED] - Text 'alonzo.mack@knowink.com' is set on object 'Object Repository/Login/Email Address'

2019-01-31 15:25:30 - [TEST_STEP][PASSED] - setEncryptedText(findTestObject("Login/Password"), Pswrd): Text ****** has been set on object 'Object Repository/Login/Password'

2019-01-31 15:25:30 - [MESSAGE][PASSED] - Text ****** has been set on object 'Object Repository/Login/Password'

2019-01-31 15:25:30 - [TEST_STEP][PASSED] - click(findTestObject("Login/Sign In")): Object: 'Object Repository/Login/Sign In' is clicked on

2019-01-31 15:25:31 - [MESSAGE][PASSED] - Object: 'Object Repository/Login/Sign In' is clicked on

2019-01-31 15:25:31 - [TEST_STEP][PASSED] - delay(1): Delayed 1 second(s)

2019-01-31 15:25:32 - [MESSAGE][PASSED] - Delayed 1 second(s)

2019-01-31 15:25:32 - [TEST_STEP][PASSED] - navigateToUrl(voter_id_methods, STOP_ON_FAILURE): Navigate to 'https://am-automation-test.dev.epulse.io/voter_id_methods' successfully

2019-01-31 15:25:33 - [MESSAGE][PASSED] - Navigate to 'https://am-automation-test.dev.epulse.io/voter_id_methods' successfully

2019-01-31 15:25:33 - [TEST_STEP][PASSED] - delay(1): Delayed 1 second(s)

2019-01-31 15:25:34 - [MESSAGE][PASSED] - Delayed 1 second(s)

2019-01-31 15:25:34 - [TEST_STEP][PASSED] - click(findTestObject("Admin Console ePulse Menu/Account Settings/ID Methods/ID Methods Page/Add ID Method Button")): Object: 'Object Repository/Admin Console ePulse Menu/Account Settings/ID Methods/ID Methods Page/Add ID Method Button' is clicked on

2019-01-31 15:25:34 - [MESSAGE][PASSED] - Object: 'Object Repository/Admin Console ePulse Menu/Account Settings/ID Methods/ID Methods Page/Add ID Method Button' is clicked on

2019-01-31 15:25:34 - [TEST_STEP][PASSED] - setText(findTestObject("Admin Console ePulse Menu/Account Settings/ID Methods/New ID Method Modal/Name"), "Drivers License"): Text 'Drivers License' is set on object 'Object Repository/Admin Console ePulse Menu/Account Settings/ID Methods/New ID Method Modal/Name'

2019-01-31 15:25:34 - [MESSAGE][PASSED] - Text 'Drivers License' is set on object 'Object Repository/Admin Console ePulse Menu/Account Settings/ID Methods/New ID Method Modal/Name'

2019-01-31 15:25:34 - [TEST_STEP][PASSED] - setText(findTestObject("Admin Console ePulse Menu/Account Settings/ID Methods/New ID Method Modal/Heading"), "State Drivers License"): Text 'State Drivers License' is set on object 'Object Repository/Admin Console ePulse Menu/Account Settings/ID Methods/New ID Method Modal/Heading'

2019-01-31 15:25:34 - [MESSAGE][PASSED] - Text 'State Drivers License' is set on object 'Object Repository/Admin Console ePulse Menu/Account Settings/ID Methods/New ID Method Modal/Heading'

2019-01-31 15:25:34 - [TEST_STEP][PASSED] - selectOptionByValue(findTestObject("Admin Console ePulse Menu/Account Settings/ID Methods/New ID Method Modal/Select Color"), "1", true): All options with value '1' are selected in object 'Object Repository/Admin Console ePulse Menu/Account Settings/ID Methods/New ID Method Modal/Select Color'  using regular expression

2019-01-31 15:25:34 - [MESSAGE][PASSED] - All options with value '1' are selected in object 'Object Repository/Admin Console ePulse Menu/Account Settings/ID Methods/New ID Method Modal/Select Color'  using regular expression

2019-01-31 15:25:34 - [TEST_STEP][PASSED] - setText(findTestObject("Admin Console ePulse Menu/Account Settings/ID Methods/New ID Method Modal/Instructions"), "State Drivers License"): Text 'State Drivers License' is set on object 'Object Repository/Admin Console ePulse Menu/Account Settings/ID Methods/New ID Method Modal/Instructions'

2019-01-31 15:25:34 - [MESSAGE][PASSED] - Text 'State Drivers License' is set on object 'Object Repository/Admin Console ePulse Menu/Account Settings/ID Methods/New ID Method Modal/Instructions'

2019-01-31 15:25:34 - [TEST_STEP][PASSED] - setText(findTestObject("Admin Console ePulse Menu/Account Settings/ID Methods/New ID Method Modal/Order"), "1"): Text '1' is set on object 'Object Repository/Admin Console ePulse Menu/Account Settings/ID Methods/New ID Method Modal/Order'

2019-01-31 15:25:35 - [MESSAGE][PASSED] - Text '1' is set on object 'Object Repository/Admin Console ePulse Menu/Account Settings/ID Methods/New ID Method Modal/Order'

2019-01-31 15:25:35 - [TEST_STEP][PASSED] - click(findTestObject("Admin Console ePulse Menu/Account Settings/ID Methods/New ID Method Modal/Show Does Name Match_slider")): Object: 'Object Repository/Admin Console ePulse Menu/Account Settings/ID Methods/New ID Method Modal/Show Does Name Match_slider' is clicked on

2019-01-31 15:25:35 - [MESSAGE][PASSED] - Object: 'Object Repository/Admin Console ePulse Menu/Account Settings/ID Methods/New ID Method Modal/Show Does Name Match_slider' is clicked on

2019-01-31 15:25:35 - [TEST_STEP][PASSED] - click(findTestObject("Admin Console ePulse Menu/Account Settings/ID Methods/New ID Method Modal/Show Does Address Match_slider"), STOP_ON_FAILURE): Object: 'Object Repository/Admin Console ePulse Menu/Account Settings/ID Methods/New ID Method Modal/Show Does Address Match_slider' is clicked on

2019-01-31 15:25:35 - [MESSAGE][PASSED] - Object: 'Object Repository/Admin Console ePulse Menu/Account Settings/ID Methods/New ID Method Modal/Show Does Address Match_slider' is clicked on

2019-01-31 15:25:35 - [TEST_STEP][PASSED] - click(findTestObject("Admin Console ePulse Menu/Account Settings/ID Methods/New ID Method Modal/Show is ID Expired_slider"), STOP_ON_FAILURE): Object: 'Object Repository/Admin Console ePulse Menu/Account Settings/ID Methods/New ID Method Modal/Show is ID Expired_slider' is clicked on

2019-01-31 15:25:35 - [MESSAGE][PASSED] - Object: 'Object Repository/Admin Console ePulse Menu/Account Settings/ID Methods/New ID Method Modal/Show is ID Expired_slider' is clicked on

2019-01-31 15:25:35 - [TEST_STEP][PASSED] - setText(findTestObject("Admin Console ePulse Menu/Account Settings/ID Methods/New ID Method Modal/Page_Epulse  am-Automation-test/Incorrect Heading"), "No Drivers License?"): Text 'No Drivers License?' is set on object 'Object Repository/Admin Console ePulse Menu/Account Settings/ID Methods/New ID Method Modal/Page_Epulse  am-Automation-test/Incorrect Heading'

2019-01-31 15:25:35 - [MESSAGE][PASSED] - Text 'No Drivers License?' is set on object 'Object Repository/Admin Console ePulse Menu/Account Settings/ID Methods/New ID Method Modal/Page_Epulse  am-Automation-test/Incorrect Heading'

2019-01-31 15:25:35 - [TEST_STEP][PASSED] - setText(findTestObject("Admin Console ePulse Menu/Account Settings/ID Methods/New ID Method Modal/Page_Epulse  am-Automation-test/Incorrect Instructions"), "Vote Provisional"): Text 'Vote Provisional' is set on object 'Object Repository/Admin Console ePulse Menu/Account Settings/ID Methods/New ID Method Modal/Page_Epulse  am-Automation-test/Incorrect Instructions'

2019-01-31 15:25:35 - [MESSAGE][PASSED] - Text 'Vote Provisional' is set on object 'Object Repository/Admin Console ePulse Menu/Account Settings/ID Methods/New ID Method Modal/Page_Epulse  am-Automation-test/Incorrect Instructions'

2019-01-31 15:25:35 - [TEST_STEP][PASSED] - click(findTestObject("Admin Console ePulse Menu/Account Settings/ID Methods/New ID Method Modal/Submit"), STOP_ON_FAILURE): Object: 'Object Repository/Admin Console ePulse Menu/Account Settings/ID Methods/New ID Method Modal/Submit' is clicked on

2019-01-31 15:25:35 - [MESSAGE][PASSED] - Object: 'Object Repository/Admin Console ePulse Menu/Account Settings/ID Methods/New ID Method Modal/Submit' is clicked on]]></system-out>
         <system-err><![CDATA[]]></system-err>
      </testcase>
      <testcase name="Test Cases/Admin Console/Account Settings/ID Methods()/ID Methods - ALT Button" classname="Test Cases/Admin Console/Account Settings/ID Methods()/ID Methods - ALT Button" status="PASSED">
         <system-out><![CDATA[2019-01-31 15:25:37 - [TEST_CASE][PASSED] - Test Cases/Admin Console/Account Settings/ID Methods()/ID Methods - ALT Button: Test Cases/Admin Console/Account Settings/ID Methods()/ID Methods - ALT Button

2019-01-31 15:25:37 - [TEST_STEP][PASSED] - openBrowser(""): Browser is opened with url: ''

2019-01-31 15:25:37 - [MESSAGE][WARNING] - A browser is already opened. Closing browser and opening a new one

2019-01-31 15:25:38 - [MESSAGE][INFO] - Starting 'Chrome' driver

2019-01-31 15:25:39 - [MESSAGE][PASSED] - Browser is opened with url: ''

2019-01-31 15:25:39 - [TEST_STEP][PASSED] - navigateToUrl(URL): Navigate to 'https://dev.epulse.io' successfully

2019-01-31 15:25:40 - [MESSAGE][PASSED] - Navigate to 'https://dev.epulse.io' successfully

2019-01-31 15:25:40 - [TEST_STEP][PASSED] - setText(findTestObject("Login/Email Address"), User_email): Text 'alonzo.mack@knowink.com' is set on object 'Object Repository/Login/Email Address'

2019-01-31 15:25:40 - [MESSAGE][PASSED] - Text 'alonzo.mack@knowink.com' is set on object 'Object Repository/Login/Email Address'

2019-01-31 15:25:40 - [TEST_STEP][PASSED] - setEncryptedText(findTestObject("Login/Password"), Pswrd): Text ****** has been set on object 'Object Repository/Login/Password'

2019-01-31 15:25:40 - [MESSAGE][PASSED] - Text ****** has been set on object 'Object Repository/Login/Password'

2019-01-31 15:25:40 - [TEST_STEP][PASSED] - click(findTestObject("Login/Sign In")): Object: 'Object Repository/Login/Sign In' is clicked on

2019-01-31 15:25:41 - [MESSAGE][PASSED] - Object: 'Object Repository/Login/Sign In' is clicked on

2019-01-31 15:25:41 - [TEST_STEP][PASSED] - delay(1): Delayed 1 second(s)

2019-01-31 15:25:42 - [MESSAGE][PASSED] - Delayed 1 second(s)

2019-01-31 15:25:42 - [TEST_STEP][PASSED] - navigateToUrl(voter_id_methods, STOP_ON_FAILURE): Navigate to 'https://am-automation-test.dev.epulse.io/voter_id_methods' successfully

2019-01-31 15:25:43 - [MESSAGE][PASSED] - Navigate to 'https://am-automation-test.dev.epulse.io/voter_id_methods' successfully

2019-01-31 15:25:43 - [TEST_STEP][PASSED] - delay(1): Delayed 1 second(s)

2019-01-31 15:25:44 - [MESSAGE][PASSED] - Delayed 1 second(s)

2019-01-31 15:25:44 - [TEST_STEP][PASSED] - click(findTestObject("Admin Console ePulse Menu/Account Settings/ID Methods/ID Methods Page/Page_Epulse  am-Automation-test/Alt. Buttons")): Object: 'Object Repository/Admin Console ePulse Menu/Account Settings/ID Methods/ID Methods Page/Page_Epulse  am-Automation-test/Alt. Buttons' is clicked on

2019-01-31 15:25:44 - [MESSAGE][PASSED] - Object: 'Object Repository/Admin Console ePulse Menu/Account Settings/ID Methods/ID Methods Page/Page_Epulse  am-Automation-test/Alt. Buttons' is clicked on

2019-01-31 15:25:44 - [TEST_STEP][PASSED] - delay(1): Delayed 1 second(s)

2019-01-31 15:25:45 - [MESSAGE][PASSED] - Delayed 1 second(s)

2019-01-31 15:25:45 - [TEST_STEP][PASSED] - setText(findTestObject("Admin Console ePulse Menu/Account Settings/ID Methods/Buttons/Button Label"), "test"): Text 'test' is set on object 'Object Repository/Admin Console ePulse Menu/Account Settings/ID Methods/Buttons/Button Label'

2019-01-31 15:25:45 - [MESSAGE][PASSED] - Text 'test' is set on object 'Object Repository/Admin Console ePulse Menu/Account Settings/ID Methods/Buttons/Button Label'

2019-01-31 15:25:45 - [TEST_STEP][PASSED] - delay(1): Delayed 1 second(s)

2019-01-31 15:25:46 - [MESSAGE][PASSED] - Delayed 1 second(s)

2019-01-31 15:25:46 - [TEST_STEP][PASSED] - selectOptionByValue(findTestObject("Admin Console ePulse Menu/Account Settings/ID Methods/Buttons/Button Type"), "0", true): All options with value '0' are selected in object 'Object Repository/Admin Console ePulse Menu/Account Settings/ID Methods/Buttons/Button Type'  using regular expression

2019-01-31 15:25:46 - [MESSAGE][PASSED] - All options with value '0' are selected in object 'Object Repository/Admin Console ePulse Menu/Account Settings/ID Methods/Buttons/Button Type'  using regular expression

2019-01-31 15:25:46 - [TEST_STEP][PASSED] - delay(1): Delayed 1 second(s)

2019-01-31 15:25:47 - [MESSAGE][PASSED] - Delayed 1 second(s)

2019-01-31 15:25:47 - [TEST_STEP][PASSED] - click(findTestObject("Admin Console ePulse Menu/Account Settings/ID Methods/Buttons/Add Button(blue  sign)")): Object: 'Object Repository/Admin Console ePulse Menu/Account Settings/ID Methods/Buttons/Add Button(blue  sign)' is clicked on

2019-01-31 15:25:47 - [MESSAGE][PASSED] - Object: 'Object Repository/Admin Console ePulse Menu/Account Settings/ID Methods/Buttons/Add Button(blue  sign)' is clicked on

2019-01-31 15:25:47 - [TEST_STEP][PASSED] - delay(1): Delayed 1 second(s)

2019-01-31 15:25:48 - [MESSAGE][PASSED] - Delayed 1 second(s)

2019-01-31 15:25:48 - [TEST_STEP][PASSED] - setText(findTestObject("Admin Console ePulse Menu/Account Settings/ID Methods/Buttons/Button Label"), "1test"): Text '1test' is set on object 'Object Repository/Admin Console ePulse Menu/Account Settings/ID Methods/Buttons/Button Label'

2019-01-31 15:25:48 - [MESSAGE][PASSED] - Text '1test' is set on object 'Object Repository/Admin Console ePulse Menu/Account Settings/ID Methods/Buttons/Button Label'

2019-01-31 15:25:48 - [TEST_STEP][PASSED] - delay(1): Delayed 1 second(s)

2019-01-31 15:25:49 - [MESSAGE][PASSED] - Delayed 1 second(s)

2019-01-31 15:25:49 - [TEST_STEP][PASSED] - selectOptionByValue(findTestObject("Admin Console ePulse Menu/Account Settings/ID Methods/Buttons/Button Type"), "1", true): All options with value '1' are selected in object 'Object Repository/Admin Console ePulse Menu/Account Settings/ID Methods/Buttons/Button Type'  using regular expression

2019-01-31 15:25:49 - [MESSAGE][PASSED] - All options with value '1' are selected in object 'Object Repository/Admin Console ePulse Menu/Account Settings/ID Methods/Buttons/Button Type'  using regular expression

2019-01-31 15:25:49 - [TEST_STEP][PASSED] - setText(findTestObject("Admin Console ePulse Menu/Account Settings/ID Methods/Buttons/Additional text field"), "Allow to vote", STOP_ON_FAILURE): Text 'Allow to vote' is set on object 'Object Repository/Admin Console ePulse Menu/Account Settings/ID Methods/Buttons/Additional text field'

2019-01-31 15:25:50 - [MESSAGE][PASSED] - Text 'Allow to vote' is set on object 'Object Repository/Admin Console ePulse Menu/Account Settings/ID Methods/Buttons/Additional text field'

2019-01-31 15:25:50 - [TEST_STEP][PASSED] - delay(1): Delayed 1 second(s)

2019-01-31 15:25:51 - [MESSAGE][PASSED] - Delayed 1 second(s)

2019-01-31 15:25:51 - [TEST_STEP][PASSED] - click(findTestObject("Admin Console ePulse Menu/Account Settings/ID Methods/Buttons/Add Button(blue  sign)")): Object: 'Object Repository/Admin Console ePulse Menu/Account Settings/ID Methods/Buttons/Add Button(blue  sign)' is clicked on

2019-01-31 15:25:51 - [MESSAGE][PASSED] - Object: 'Object Repository/Admin Console ePulse Menu/Account Settings/ID Methods/Buttons/Add Button(blue  sign)' is clicked on

2019-01-31 15:25:51 - [TEST_STEP][PASSED] - delay(1): Delayed 1 second(s)

2019-01-31 15:25:52 - [MESSAGE][PASSED] - Delayed 1 second(s)

2019-01-31 15:25:52 - [TEST_STEP][PASSED] - setText(findTestObject("Admin Console ePulse Menu/Account Settings/ID Methods/Buttons/Button Label"), "2test"): Text '2test' is set on object 'Object Repository/Admin Console ePulse Menu/Account Settings/ID Methods/Buttons/Button Label'

2019-01-31 15:25:52 - [MESSAGE][PASSED] - Text '2test' is set on object 'Object Repository/Admin Console ePulse Menu/Account Settings/ID Methods/Buttons/Button Label'

2019-01-31 15:25:52 - [TEST_STEP][PASSED] - delay(1): Delayed 1 second(s)

2019-01-31 15:25:53 - [MESSAGE][PASSED] - Delayed 1 second(s)

2019-01-31 15:25:53 - [TEST_STEP][PASSED] - selectOptionByValue(findTestObject("Admin Console ePulse Menu/Account Settings/ID Methods/Buttons/Button Type"), "2", true): All options with value '2' are selected in object 'Object Repository/Admin Console ePulse Menu/Account Settings/ID Methods/Buttons/Button Type'  using regular expression

2019-01-31 15:25:53 - [MESSAGE][PASSED] - All options with value '2' are selected in object 'Object Repository/Admin Console ePulse Menu/Account Settings/ID Methods/Buttons/Button Type'  using regular expression

2019-01-31 15:25:53 - [TEST_STEP][PASSED] - delay(1): Delayed 1 second(s)

2019-01-31 15:25:54 - [MESSAGE][PASSED] - Delayed 1 second(s)

2019-01-31 15:25:54 - [TEST_STEP][PASSED] - setText(findTestObject("Admin Console ePulse Menu/Account Settings/ID Methods/Buttons/Additional text field"), "asdf"): Text 'asdf' is set on object 'Object Repository/Admin Console ePulse Menu/Account Settings/ID Methods/Buttons/Additional text field'

2019-01-31 15:25:54 - [MESSAGE][PASSED] - Text 'asdf' is set on object 'Object Repository/Admin Console ePulse Menu/Account Settings/ID Methods/Buttons/Additional text field'

2019-01-31 15:25:54 - [TEST_STEP][PASSED] - delay(1): Delayed 1 second(s)

2019-01-31 15:25:55 - [MESSAGE][PASSED] - Delayed 1 second(s)

2019-01-31 15:25:55 - [TEST_STEP][PASSED] - click(findTestObject("Admin Console ePulse Menu/Account Settings/ID Methods/Buttons/Add Button(blue  sign)")): Object: 'Object Repository/Admin Console ePulse Menu/Account Settings/ID Methods/Buttons/Add Button(blue  sign)' is clicked on

2019-01-31 15:25:55 - [MESSAGE][PASSED] - Object: 'Object Repository/Admin Console ePulse Menu/Account Settings/ID Methods/Buttons/Add Button(blue  sign)' is clicked on

2019-01-31 15:25:55 - [TEST_STEP][PASSED] - delay(1): Delayed 1 second(s)

2019-01-31 15:25:56 - [MESSAGE][PASSED] - Delayed 1 second(s)

2019-01-31 15:25:56 - [TEST_STEP][PASSED] - setText(findTestObject("Admin Console ePulse Menu/Account Settings/ID Methods/Buttons/Button Label"), "3test"): Text '3test' is set on object 'Object Repository/Admin Console ePulse Menu/Account Settings/ID Methods/Buttons/Button Label'

2019-01-31 15:25:56 - [MESSAGE][PASSED] - Text '3test' is set on object 'Object Repository/Admin Console ePulse Menu/Account Settings/ID Methods/Buttons/Button Label'

2019-01-31 15:25:56 - [TEST_STEP][PASSED] - delay(1): Delayed 1 second(s)

2019-01-31 15:25:57 - [MESSAGE][PASSED] - Delayed 1 second(s)

2019-01-31 15:25:57 - [TEST_STEP][PASSED] - selectOptionByValue(findTestObject("Admin Console ePulse Menu/Account Settings/ID Methods/Buttons/Button Type"), "3", true): All options with value '3' are selected in object 'Object Repository/Admin Console ePulse Menu/Account Settings/ID Methods/Buttons/Button Type'  using regular expression

2019-01-31 15:25:57 - [MESSAGE][PASSED] - All options with value '3' are selected in object 'Object Repository/Admin Console ePulse Menu/Account Settings/ID Methods/Buttons/Button Type'  using regular expression

2019-01-31 15:25:57 - [TEST_STEP][PASSED] - delay(1): Delayed 1 second(s)

2019-01-31 15:25:58 - [MESSAGE][PASSED] - Delayed 1 second(s)

2019-01-31 15:25:58 - [TEST_STEP][PASSED] - click(findTestObject("Admin Console ePulse Menu/Account Settings/ID Methods/Buttons/Add Button(blue  sign)")): Object: 'Object Repository/Admin Console ePulse Menu/Account Settings/ID Methods/Buttons/Add Button(blue  sign)' is clicked on

2019-01-31 15:25:58 - [MESSAGE][PASSED] - Object: 'Object Repository/Admin Console ePulse Menu/Account Settings/ID Methods/Buttons/Add Button(blue  sign)' is clicked on

2019-01-31 15:25:58 - [TEST_STEP][PASSED] - delay(1): Delayed 1 second(s)

2019-01-31 15:25:59 - [MESSAGE][PASSED] - Delayed 1 second(s)

2019-01-31 15:25:59 - [TEST_STEP][PASSED] - setText(findTestObject("Admin Console ePulse Menu/Account Settings/ID Methods/Buttons/Button Label"), "4test"): Text '4test' is set on object 'Object Repository/Admin Console ePulse Menu/Account Settings/ID Methods/Buttons/Button Label'

2019-01-31 15:26:00 - [MESSAGE][PASSED] - Text '4test' is set on object 'Object Repository/Admin Console ePulse Menu/Account Settings/ID Methods/Buttons/Button Label'

2019-01-31 15:26:00 - [TEST_STEP][PASSED] - delay(1): Delayed 1 second(s)

2019-01-31 15:26:01 - [MESSAGE][PASSED] - Delayed 1 second(s)

2019-01-31 15:26:01 - [TEST_STEP][PASSED] - selectOptionByValue(findTestObject("Admin Console ePulse Menu/Account Settings/ID Methods/Buttons/Button Type"), "4", true): All options with value '4' are selected in object 'Object Repository/Admin Console ePulse Menu/Account Settings/ID Methods/Buttons/Button Type'  using regular expression

2019-01-31 15:26:01 - [MESSAGE][PASSED] - All options with value '4' are selected in object 'Object Repository/Admin Console ePulse Menu/Account Settings/ID Methods/Buttons/Button Type'  using regular expression

2019-01-31 15:26:01 - [TEST_STEP][PASSED] - delay(1): Delayed 1 second(s)

2019-01-31 15:26:02 - [MESSAGE][PASSED] - Delayed 1 second(s)

2019-01-31 15:26:02 - [TEST_STEP][PASSED] - click(findTestObject("Admin Console ePulse Menu/Account Settings/ID Methods/Buttons/Add Button(blue  sign)")): Object: 'Object Repository/Admin Console ePulse Menu/Account Settings/ID Methods/Buttons/Add Button(blue  sign)' is clicked on

2019-01-31 15:26:02 - [MESSAGE][PASSED] - Object: 'Object Repository/Admin Console ePulse Menu/Account Settings/ID Methods/Buttons/Add Button(blue  sign)' is clicked on

2019-01-31 15:26:02 - [TEST_STEP][PASSED] - delay(1): Delayed 1 second(s)

2019-01-31 15:26:03 - [MESSAGE][PASSED] - Delayed 1 second(s)

2019-01-31 15:26:03 - [TEST_STEP][PASSED] - setText(findTestObject("Admin Console ePulse Menu/Account Settings/ID Methods/Buttons/Button Label"), "5test"): Text '5test' is set on object 'Object Repository/Admin Console ePulse Menu/Account Settings/ID Methods/Buttons/Button Label'

2019-01-31 15:26:03 - [MESSAGE][PASSED] - Text '5test' is set on object 'Object Repository/Admin Console ePulse Menu/Account Settings/ID Methods/Buttons/Button Label'

2019-01-31 15:26:03 - [TEST_STEP][PASSED] - delay(1): Delayed 1 second(s)

2019-01-31 15:26:04 - [MESSAGE][PASSED] - Delayed 1 second(s)

2019-01-31 15:26:04 - [TEST_STEP][PASSED] - selectOptionByValue(findTestObject("Admin Console ePulse Menu/Account Settings/ID Methods/Buttons/Button Type"), "5", true): All options with value '5' are selected in object 'Object Repository/Admin Console ePulse Menu/Account Settings/ID Methods/Buttons/Button Type'  using regular expression

2019-01-31 15:26:04 - [MESSAGE][PASSED] - All options with value '5' are selected in object 'Object Repository/Admin Console ePulse Menu/Account Settings/ID Methods/Buttons/Button Type'  using regular expression

2019-01-31 15:26:04 - [TEST_STEP][PASSED] - delay(1): Delayed 1 second(s)

2019-01-31 15:26:05 - [MESSAGE][PASSED] - Delayed 1 second(s)

2019-01-31 15:26:05 - [TEST_STEP][PASSED] - click(findTestObject("Admin Console ePulse Menu/Account Settings/ID Methods/Buttons/Add Button(blue  sign)")): Object: 'Object Repository/Admin Console ePulse Menu/Account Settings/ID Methods/Buttons/Add Button(blue  sign)' is clicked on

2019-01-31 15:26:05 - [MESSAGE][PASSED] - Object: 'Object Repository/Admin Console ePulse Menu/Account Settings/ID Methods/Buttons/Add Button(blue  sign)' is clicked on

2019-01-31 15:26:05 - [TEST_STEP][PASSED] - delay(1): Delayed 1 second(s)

2019-01-31 15:26:06 - [MESSAGE][PASSED] - Delayed 1 second(s)

2019-01-31 15:26:06 - [TEST_STEP][PASSED] - click(findTestObject("Admin Console ePulse Menu/Account Settings/Prompts/Prompt Button Modal/Close Button")): Object: 'Object Repository/Admin Console ePulse Menu/Account Settings/Prompts/Prompt Button Modal/Close Button' is clicked on

2019-01-31 15:26:06 - [MESSAGE][PASSED] - Object: 'Object Repository/Admin Console ePulse Menu/Account Settings/Prompts/Prompt Button Modal/Close Button' is clicked on

2019-01-31 15:26:06 - [TEST_STEP][PASSED] - delay(1): Delayed 1 second(s)

2019-01-31 15:26:07 - [MESSAGE][PASSED] - Delayed 1 second(s)

2019-01-31 15:26:07 - [TEST_STEP][PASSED] - closeBrowser(): Browser is closed

2019-01-31 15:26:07 - [MESSAGE][PASSED] - Browser is closed]]></system-out>
         <system-err><![CDATA[]]></system-err>
      </testcase>
      <testcase name="Test Cases/Admin Console/Account Settings/ID Methods()/ID Methods - Button" classname="Test Cases/Admin Console/Account Settings/ID Methods()/ID Methods - Button" status="PASSED">
         <system-out><![CDATA[2019-01-31 15:26:09 - [TEST_CASE][PASSED] - Test Cases/Admin Console/Account Settings/ID Methods()/ID Methods - Button: Test Cases/Admin Console/Account Settings/ID Methods()/ID Methods - Button

2019-01-31 15:26:10 - [TEST_STEP][PASSED] - openBrowser(""): Browser is opened with url: ''

2019-01-31 15:26:10 - [MESSAGE][INFO] - Starting 'Chrome' driver

2019-01-31 15:26:11 - [MESSAGE][PASSED] - Browser is opened with url: ''

2019-01-31 15:26:11 - [TEST_STEP][PASSED] - navigateToUrl(URL): Navigate to 'https://dev.epulse.io' successfully

2019-01-31 15:26:12 - [MESSAGE][PASSED] - Navigate to 'https://dev.epulse.io' successfully

2019-01-31 15:26:12 - [TEST_STEP][PASSED] - setText(findTestObject("Login/Email Address"), User_email): Text 'alonzo.mack@knowink.com' is set on object 'Object Repository/Login/Email Address'

2019-01-31 15:26:13 - [MESSAGE][PASSED] - Text 'alonzo.mack@knowink.com' is set on object 'Object Repository/Login/Email Address'

2019-01-31 15:26:13 - [TEST_STEP][PASSED] - setEncryptedText(findTestObject("Login/Password"), Pswrd): Text ****** has been set on object 'Object Repository/Login/Password'

2019-01-31 15:26:13 - [MESSAGE][PASSED] - Text ****** has been set on object 'Object Repository/Login/Password'

2019-01-31 15:26:13 - [TEST_STEP][PASSED] - click(findTestObject("Login/Sign In")): Object: 'Object Repository/Login/Sign In' is clicked on

2019-01-31 15:26:14 - [MESSAGE][PASSED] - Object: 'Object Repository/Login/Sign In' is clicked on

2019-01-31 15:26:14 - [TEST_STEP][PASSED] - delay(1): Delayed 1 second(s)

2019-01-31 15:26:15 - [MESSAGE][PASSED] - Delayed 1 second(s)

2019-01-31 15:26:15 - [TEST_STEP][PASSED] - navigateToUrl(voter_id_methods, STOP_ON_FAILURE): Navigate to 'https://am-automation-test.dev.epulse.io/voter_id_methods' successfully

2019-01-31 15:26:15 - [MESSAGE][PASSED] - Navigate to 'https://am-automation-test.dev.epulse.io/voter_id_methods' successfully

2019-01-31 15:26:15 - [TEST_STEP][PASSED] - delay(1): Delayed 1 second(s)

2019-01-31 15:26:16 - [MESSAGE][PASSED] - Delayed 1 second(s)

2019-01-31 15:26:16 - [TEST_STEP][PASSED] - click(findTestObject("Admin Console ePulse Menu/Account Settings/ID Methods/ID Methods Page/Page_Epulse  am-Automation-test/Buttons")): Object: 'Object Repository/Admin Console ePulse Menu/Account Settings/ID Methods/ID Methods Page/Page_Epulse  am-Automation-test/Buttons' is clicked on

2019-01-31 15:26:17 - [MESSAGE][PASSED] - Object: 'Object Repository/Admin Console ePulse Menu/Account Settings/ID Methods/ID Methods Page/Page_Epulse  am-Automation-test/Buttons' is clicked on

2019-01-31 15:26:17 - [TEST_STEP][PASSED] - delay(1): Delayed 1 second(s)

2019-01-31 15:26:18 - [MESSAGE][PASSED] - Delayed 1 second(s)

2019-01-31 15:26:18 - [TEST_STEP][PASSED] - setText(findTestObject("Admin Console ePulse Menu/Account Settings/ID Methods/Buttons/Button Label"), "test"): Text 'test' is set on object 'Object Repository/Admin Console ePulse Menu/Account Settings/ID Methods/Buttons/Button Label'

2019-01-31 15:26:18 - [MESSAGE][PASSED] - Text 'test' is set on object 'Object Repository/Admin Console ePulse Menu/Account Settings/ID Methods/Buttons/Button Label'

2019-01-31 15:26:18 - [TEST_STEP][PASSED] - delay(1): Delayed 1 second(s)

2019-01-31 15:26:19 - [MESSAGE][PASSED] - Delayed 1 second(s)

2019-01-31 15:26:19 - [TEST_STEP][PASSED] - selectOptionByValue(findTestObject("Admin Console ePulse Menu/Account Settings/ID Methods/Buttons/Button Type"), "0", true): All options with value '0' are selected in object 'Object Repository/Admin Console ePulse Menu/Account Settings/ID Methods/Buttons/Button Type'  using regular expression

2019-01-31 15:26:19 - [MESSAGE][PASSED] - All options with value '0' are selected in object 'Object Repository/Admin Console ePulse Menu/Account Settings/ID Methods/Buttons/Button Type'  using regular expression

2019-01-31 15:26:19 - [TEST_STEP][PASSED] - delay(1): Delayed 1 second(s)

2019-01-31 15:26:20 - [MESSAGE][PASSED] - Delayed 1 second(s)

2019-01-31 15:26:20 - [TEST_STEP][PASSED] - click(findTestObject("Admin Console ePulse Menu/Account Settings/ID Methods/Buttons/Add Button(blue  sign)")): Object: 'Object Repository/Admin Console ePulse Menu/Account Settings/ID Methods/Buttons/Add Button(blue  sign)' is clicked on

2019-01-31 15:26:25 - [MESSAGE][PASSED] - Object: 'Object Repository/Admin Console ePulse Menu/Account Settings/ID Methods/Buttons/Add Button(blue  sign)' is clicked on

2019-01-31 15:26:25 - [TEST_STEP][PASSED] - delay(1): Delayed 1 second(s)

2019-01-31 15:26:26 - [MESSAGE][PASSED] - Delayed 1 second(s)

2019-01-31 15:26:26 - [TEST_STEP][PASSED] - setText(findTestObject("Admin Console ePulse Menu/Account Settings/ID Methods/Buttons/Button Label"), "1test"): Text '1test' is set on object 'Object Repository/Admin Console ePulse Menu/Account Settings/ID Methods/Buttons/Button Label'

2019-01-31 15:26:26 - [MESSAGE][PASSED] - Text '1test' is set on object 'Object Repository/Admin Console ePulse Menu/Account Settings/ID Methods/Buttons/Button Label'

2019-01-31 15:26:26 - [TEST_STEP][PASSED] - delay(1): Delayed 1 second(s)

2019-01-31 15:26:27 - [MESSAGE][PASSED] - Delayed 1 second(s)

2019-01-31 15:26:27 - [TEST_STEP][PASSED] - selectOptionByValue(findTestObject("Admin Console ePulse Menu/Account Settings/ID Methods/Buttons/Button Type"), "1", true): All options with value '1' are selected in object 'Object Repository/Admin Console ePulse Menu/Account Settings/ID Methods/Buttons/Button Type'  using regular expression

2019-01-31 15:26:27 - [MESSAGE][PASSED] - All options with value '1' are selected in object 'Object Repository/Admin Console ePulse Menu/Account Settings/ID Methods/Buttons/Button Type'  using regular expression

2019-01-31 15:26:27 - [TEST_STEP][PASSED] - setText(findTestObject("Admin Console ePulse Menu/Account Settings/ID Methods/Buttons/Additional text field"), "Allow to vote", STOP_ON_FAILURE): Text 'Allow to vote' is set on object 'Object Repository/Admin Console ePulse Menu/Account Settings/ID Methods/Buttons/Additional text field'

2019-01-31 15:26:28 - [MESSAGE][PASSED] - Text 'Allow to vote' is set on object 'Object Repository/Admin Console ePulse Menu/Account Settings/ID Methods/Buttons/Additional text field'

2019-01-31 15:26:28 - [TEST_STEP][PASSED] - delay(1): Delayed 1 second(s)

2019-01-31 15:26:29 - [MESSAGE][PASSED] - Delayed 1 second(s)

2019-01-31 15:26:29 - [TEST_STEP][PASSED] - click(findTestObject("Admin Console ePulse Menu/Account Settings/ID Methods/Buttons/Add Button(blue  sign)")): Object: 'Object Repository/Admin Console ePulse Menu/Account Settings/ID Methods/Buttons/Add Button(blue  sign)' is clicked on

2019-01-31 15:26:34 - [MESSAGE][PASSED] - Object: 'Object Repository/Admin Console ePulse Menu/Account Settings/ID Methods/Buttons/Add Button(blue  sign)' is clicked on

2019-01-31 15:26:34 - [TEST_STEP][PASSED] - delay(1): Delayed 1 second(s)

2019-01-31 15:26:35 - [MESSAGE][PASSED] - Delayed 1 second(s)

2019-01-31 15:26:35 - [TEST_STEP][PASSED] - setText(findTestObject("Admin Console ePulse Menu/Account Settings/ID Methods/Buttons/Button Label"), "2test"): Text '2test' is set on object 'Object Repository/Admin Console ePulse Menu/Account Settings/ID Methods/Buttons/Button Label'

2019-01-31 15:26:35 - [MESSAGE][PASSED] - Text '2test' is set on object 'Object Repository/Admin Console ePulse Menu/Account Settings/ID Methods/Buttons/Button Label'

2019-01-31 15:26:35 - [TEST_STEP][PASSED] - delay(1): Delayed 1 second(s)

2019-01-31 15:26:36 - [MESSAGE][PASSED] - Delayed 1 second(s)

2019-01-31 15:26:36 - [TEST_STEP][PASSED] - selectOptionByValue(findTestObject("Admin Console ePulse Menu/Account Settings/ID Methods/Buttons/Button Type"), "2", true): All options with value '2' are selected in object 'Object Repository/Admin Console ePulse Menu/Account Settings/ID Methods/Buttons/Button Type'  using regular expression

2019-01-31 15:26:36 - [MESSAGE][PASSED] - All options with value '2' are selected in object 'Object Repository/Admin Console ePulse Menu/Account Settings/ID Methods/Buttons/Button Type'  using regular expression

2019-01-31 15:26:36 - [TEST_STEP][PASSED] - delay(1): Delayed 1 second(s)

2019-01-31 15:26:37 - [MESSAGE][PASSED] - Delayed 1 second(s)

2019-01-31 15:26:37 - [TEST_STEP][PASSED] - setText(findTestObject("Admin Console ePulse Menu/Account Settings/ID Methods/Buttons/Additional text field"), "asdf"): Text 'asdf' is set on object 'Object Repository/Admin Console ePulse Menu/Account Settings/ID Methods/Buttons/Additional text field'

2019-01-31 15:26:37 - [MESSAGE][PASSED] - Text 'asdf' is set on object 'Object Repository/Admin Console ePulse Menu/Account Settings/ID Methods/Buttons/Additional text field'

2019-01-31 15:26:37 - [TEST_STEP][PASSED] - delay(1): Delayed 1 second(s)

2019-01-31 15:26:38 - [MESSAGE][PASSED] - Delayed 1 second(s)

2019-01-31 15:26:38 - [TEST_STEP][PASSED] - click(findTestObject("Admin Console ePulse Menu/Account Settings/ID Methods/Buttons/Add Button(blue  sign)")): Object: 'Object Repository/Admin Console ePulse Menu/Account Settings/ID Methods/Buttons/Add Button(blue  sign)' is clicked on

2019-01-31 15:26:43 - [MESSAGE][PASSED] - Object: 'Object Repository/Admin Console ePulse Menu/Account Settings/ID Methods/Buttons/Add Button(blue  sign)' is clicked on

2019-01-31 15:26:43 - [TEST_STEP][PASSED] - delay(1): Delayed 1 second(s)

2019-01-31 15:26:44 - [MESSAGE][PASSED] - Delayed 1 second(s)

2019-01-31 15:26:44 - [TEST_STEP][PASSED] - setText(findTestObject("Admin Console ePulse Menu/Account Settings/ID Methods/Buttons/Button Label"), "3test"): Text '3test' is set on object 'Object Repository/Admin Console ePulse Menu/Account Settings/ID Methods/Buttons/Button Label'

2019-01-31 15:26:44 - [MESSAGE][PASSED] - Text '3test' is set on object 'Object Repository/Admin Console ePulse Menu/Account Settings/ID Methods/Buttons/Button Label'

2019-01-31 15:26:44 - [TEST_STEP][PASSED] - delay(1): Delayed 1 second(s)

2019-01-31 15:26:45 - [MESSAGE][PASSED] - Delayed 1 second(s)

2019-01-31 15:26:45 - [TEST_STEP][PASSED] - selectOptionByValue(findTestObject("Admin Console ePulse Menu/Account Settings/ID Methods/Buttons/Button Type"), "3", true): All options with value '3' are selected in object 'Object Repository/Admin Console ePulse Menu/Account Settings/ID Methods/Buttons/Button Type'  using regular expression

2019-01-31 15:26:46 - [MESSAGE][PASSED] - All options with value '3' are selected in object 'Object Repository/Admin Console ePulse Menu/Account Settings/ID Methods/Buttons/Button Type'  using regular expression

2019-01-31 15:26:46 - [TEST_STEP][PASSED] - delay(1): Delayed 1 second(s)

2019-01-31 15:26:47 - [MESSAGE][PASSED] - Delayed 1 second(s)

2019-01-31 15:26:47 - [TEST_STEP][PASSED] - click(findTestObject("Admin Console ePulse Menu/Account Settings/ID Methods/Buttons/Add Button(blue  sign)")): Object: 'Object Repository/Admin Console ePulse Menu/Account Settings/ID Methods/Buttons/Add Button(blue  sign)' is clicked on

2019-01-31 15:26:47 - [MESSAGE][PASSED] - Object: 'Object Repository/Admin Console ePulse Menu/Account Settings/ID Methods/Buttons/Add Button(blue  sign)' is clicked on

2019-01-31 15:26:47 - [TEST_STEP][PASSED] - delay(1): Delayed 1 second(s)

2019-01-31 15:26:48 - [MESSAGE][PASSED] - Delayed 1 second(s)

2019-01-31 15:26:48 - [TEST_STEP][PASSED] - setText(findTestObject("Admin Console ePulse Menu/Account Settings/ID Methods/Buttons/Button Label"), "4test"): Text '4test' is set on object 'Object Repository/Admin Console ePulse Menu/Account Settings/ID Methods/Buttons/Button Label'

2019-01-31 15:26:48 - [MESSAGE][PASSED] - Text '4test' is set on object 'Object Repository/Admin Console ePulse Menu/Account Settings/ID Methods/Buttons/Button Label'

2019-01-31 15:26:48 - [TEST_STEP][PASSED] - delay(1): Delayed 1 second(s)

2019-01-31 15:26:49 - [MESSAGE][PASSED] - Delayed 1 second(s)

2019-01-31 15:26:49 - [TEST_STEP][PASSED] - selectOptionByValue(findTestObject("Admin Console ePulse Menu/Account Settings/ID Methods/Buttons/Button Type"), "4", true): All options with value '4' are selected in object 'Object Repository/Admin Console ePulse Menu/Account Settings/ID Methods/Buttons/Button Type'  using regular expression

2019-01-31 15:26:49 - [MESSAGE][PASSED] - All options with value '4' are selected in object 'Object Repository/Admin Console ePulse Menu/Account Settings/ID Methods/Buttons/Button Type'  using regular expression

2019-01-31 15:26:49 - [TEST_STEP][PASSED] - delay(1): Delayed 1 second(s)

2019-01-31 15:26:50 - [MESSAGE][PASSED] - Delayed 1 second(s)

2019-01-31 15:26:50 - [TEST_STEP][PASSED] - click(findTestObject("Admin Console ePulse Menu/Account Settings/ID Methods/Buttons/Add Button(blue  sign)")): Object: 'Object Repository/Admin Console ePulse Menu/Account Settings/ID Methods/Buttons/Add Button(blue  sign)' is clicked on

2019-01-31 15:26:50 - [MESSAGE][PASSED] - Object: 'Object Repository/Admin Console ePulse Menu/Account Settings/ID Methods/Buttons/Add Button(blue  sign)' is clicked on

2019-01-31 15:26:50 - [TEST_STEP][PASSED] - delay(1): Delayed 1 second(s)

2019-01-31 15:26:51 - [MESSAGE][PASSED] - Delayed 1 second(s)

2019-01-31 15:26:51 - [TEST_STEP][PASSED] - setText(findTestObject("Admin Console ePulse Menu/Account Settings/ID Methods/Buttons/Button Label"), "5test"): Text '5test' is set on object 'Object Repository/Admin Console ePulse Menu/Account Settings/ID Methods/Buttons/Button Label'

2019-01-31 15:26:51 - [MESSAGE][PASSED] - Text '5test' is set on object 'Object Repository/Admin Console ePulse Menu/Account Settings/ID Methods/Buttons/Button Label'

2019-01-31 15:26:51 - [TEST_STEP][PASSED] - delay(1): Delayed 1 second(s)

2019-01-31 15:26:52 - [MESSAGE][PASSED] - Delayed 1 second(s)

2019-01-31 15:26:52 - [TEST_STEP][PASSED] - selectOptionByValue(findTestObject("Admin Console ePulse Menu/Account Settings/ID Methods/Buttons/Button Type"), "5", true): All options with value '5' are selected in object 'Object Repository/Admin Console ePulse Menu/Account Settings/ID Methods/Buttons/Button Type'  using regular expression

2019-01-31 15:26:52 - [MESSAGE][PASSED] - All options with value '5' are selected in object 'Object Repository/Admin Console ePulse Menu/Account Settings/ID Methods/Buttons/Button Type'  using regular expression

2019-01-31 15:26:52 - [TEST_STEP][PASSED] - delay(1): Delayed 1 second(s)

2019-01-31 15:26:53 - [MESSAGE][PASSED] - Delayed 1 second(s)

2019-01-31 15:26:53 - [TEST_STEP][PASSED] - click(findTestObject("Admin Console ePulse Menu/Account Settings/ID Methods/Buttons/Add Button(blue  sign)")): Object: 'Object Repository/Admin Console ePulse Menu/Account Settings/ID Methods/Buttons/Add Button(blue  sign)' is clicked on

2019-01-31 15:26:53 - [MESSAGE][PASSED] - Object: 'Object Repository/Admin Console ePulse Menu/Account Settings/ID Methods/Buttons/Add Button(blue  sign)' is clicked on

2019-01-31 15:26:53 - [TEST_STEP][PASSED] - delay(1): Delayed 1 second(s)

2019-01-31 15:26:54 - [MESSAGE][PASSED] - Delayed 1 second(s)

2019-01-31 15:26:54 - [TEST_STEP][PASSED] - click(findTestObject("Admin Console ePulse Menu/Account Settings/Prompts/Prompt Button Modal/Close Button")): Object: 'Object Repository/Admin Console ePulse Menu/Account Settings/Prompts/Prompt Button Modal/Close Button' is clicked on

2019-01-31 15:26:54 - [MESSAGE][PASSED] - Object: 'Object Repository/Admin Console ePulse Menu/Account Settings/Prompts/Prompt Button Modal/Close Button' is clicked on

2019-01-31 15:26:54 - [TEST_STEP][PASSED] - delay(1): Delayed 1 second(s)

2019-01-31 15:26:55 - [MESSAGE][PASSED] - Delayed 1 second(s)

2019-01-31 15:26:55 - [TEST_STEP][PASSED] - closeBrowser(): Browser is closed

2019-01-31 15:26:56 - [MESSAGE][PASSED] - Browser is closed]]></system-out>
         <system-err><![CDATA[]]></system-err>
      </testcase>
      <testcase name="Test Cases/Admin Console/Account Settings/ID Methods()/ID Methods - Edit" classname="Test Cases/Admin Console/Account Settings/ID Methods()/ID Methods - Edit" status="PASSED">
         <system-out><![CDATA[2019-01-31 15:26:58 - [TEST_CASE][PASSED] - Test Cases/Admin Console/Account Settings/ID Methods()/ID Methods - Edit: Test Cases/Admin Console/Account Settings/ID Methods()/ID Methods - Edit

2019-01-31 15:26:58 - [TEST_STEP][PASSED] - openBrowser(""): Browser is opened with url: ''

2019-01-31 15:26:58 - [MESSAGE][INFO] - Starting 'Chrome' driver

2019-01-31 15:26:59 - [MESSAGE][PASSED] - Browser is opened with url: ''

2019-01-31 15:26:59 - [TEST_STEP][PASSED] - navigateToUrl(URL): Navigate to 'https://dev.epulse.io' successfully

2019-01-31 15:27:00 - [MESSAGE][PASSED] - Navigate to 'https://dev.epulse.io' successfully

2019-01-31 15:27:00 - [TEST_STEP][PASSED] - setText(findTestObject("Login/Email Address"), User_email): Text 'alonzo.mack@knowink.com' is set on object 'Object Repository/Login/Email Address'

2019-01-31 15:27:00 - [MESSAGE][PASSED] - Text 'alonzo.mack@knowink.com' is set on object 'Object Repository/Login/Email Address'

2019-01-31 15:27:00 - [TEST_STEP][PASSED] - setEncryptedText(findTestObject("Login/Password"), Pswrd): Text ****** has been set on object 'Object Repository/Login/Password'

2019-01-31 15:27:01 - [MESSAGE][PASSED] - Text ****** has been set on object 'Object Repository/Login/Password'

2019-01-31 15:27:01 - [TEST_STEP][PASSED] - click(findTestObject("Login/Sign In")): Object: 'Object Repository/Login/Sign In' is clicked on

2019-01-31 15:27:01 - [MESSAGE][PASSED] - Object: 'Object Repository/Login/Sign In' is clicked on

2019-01-31 15:27:01 - [TEST_STEP][PASSED] - delay(1): Delayed 1 second(s)

2019-01-31 15:27:02 - [MESSAGE][PASSED] - Delayed 1 second(s)

2019-01-31 15:27:02 - [TEST_STEP][PASSED] - navigateToUrl(voter_id_methods, STOP_ON_FAILURE): Navigate to 'https://am-automation-test.dev.epulse.io/voter_id_methods' successfully

2019-01-31 15:27:03 - [MESSAGE][PASSED] - Navigate to 'https://am-automation-test.dev.epulse.io/voter_id_methods' successfully

2019-01-31 15:27:03 - [TEST_STEP][PASSED] - delay(1): Delayed 1 second(s)

2019-01-31 15:27:04 - [MESSAGE][PASSED] - Delayed 1 second(s)

2019-01-31 15:27:04 - [TEST_STEP][PASSED] - click(findTestObject("Admin Console ePulse Menu/Account Settings/ID Methods/ID Methods Page/Page_Epulse  am-Automation-test/Edit Selected ID Method")): Object: 'Object Repository/Admin Console ePulse Menu/Account Settings/ID Methods/ID Methods Page/Page_Epulse  am-Automation-test/Edit Selected ID Method' is clicked on

2019-01-31 15:27:04 - [MESSAGE][PASSED] - Object: 'Object Repository/Admin Console ePulse Menu/Account Settings/ID Methods/ID Methods Page/Page_Epulse  am-Automation-test/Edit Selected ID Method' is clicked on

2019-01-31 15:27:04 - [TEST_STEP][PASSED] - setText(findTestObject("Admin Console ePulse Menu/Account Settings/ID Methods/New ID Method Modal/Name"), "Drivers License_Edit"): Text 'Drivers License_Edit' is set on object 'Object Repository/Admin Console ePulse Menu/Account Settings/ID Methods/New ID Method Modal/Name'

2019-01-31 15:27:05 - [MESSAGE][PASSED] - Text 'Drivers License_Edit' is set on object 'Object Repository/Admin Console ePulse Menu/Account Settings/ID Methods/New ID Method Modal/Name'

2019-01-31 15:27:05 - [TEST_STEP][PASSED] - setText(findTestObject("Admin Console ePulse Menu/Account Settings/ID Methods/New ID Method Modal/Heading"), "State Drivers License_Edit"): Text 'State Drivers License_Edit' is set on object 'Object Repository/Admin Console ePulse Menu/Account Settings/ID Methods/New ID Method Modal/Heading'

2019-01-31 15:27:05 - [MESSAGE][PASSED] - Text 'State Drivers License_Edit' is set on object 'Object Repository/Admin Console ePulse Menu/Account Settings/ID Methods/New ID Method Modal/Heading'

2019-01-31 15:27:05 - [TEST_STEP][PASSED] - selectOptionByValue(findTestObject("Admin Console ePulse Menu/Account Settings/ID Methods/New ID Method Modal/Select Color"), "0", true): All options with value '0' are selected in object 'Object Repository/Admin Console ePulse Menu/Account Settings/ID Methods/New ID Method Modal/Select Color'  using regular expression

2019-01-31 15:27:05 - [MESSAGE][PASSED] - All options with value '0' are selected in object 'Object Repository/Admin Console ePulse Menu/Account Settings/ID Methods/New ID Method Modal/Select Color'  using regular expression

2019-01-31 15:27:05 - [TEST_STEP][PASSED] - setText(findTestObject("Admin Console ePulse Menu/Account Settings/ID Methods/New ID Method Modal/Instructions"), "State Drivers License_Edit"): Text 'State Drivers License_Edit' is set on object 'Object Repository/Admin Console ePulse Menu/Account Settings/ID Methods/New ID Method Modal/Instructions'

2019-01-31 15:27:05 - [MESSAGE][PASSED] - Text 'State Drivers License_Edit' is set on object 'Object Repository/Admin Console ePulse Menu/Account Settings/ID Methods/New ID Method Modal/Instructions'

2019-01-31 15:27:05 - [TEST_STEP][PASSED] - setText(findTestObject("Admin Console ePulse Menu/Account Settings/ID Methods/New ID Method Modal/Order"), "2"): Text '2' is set on object 'Object Repository/Admin Console ePulse Menu/Account Settings/ID Methods/New ID Method Modal/Order'

2019-01-31 15:27:06 - [MESSAGE][PASSED] - Text '2' is set on object 'Object Repository/Admin Console ePulse Menu/Account Settings/ID Methods/New ID Method Modal/Order'

2019-01-31 15:27:06 - [TEST_STEP][NOT_RUN] - click(findTestObject("Admin Console ePulse Menu/Account Settings/ID Methods/New ID Method Modal/Show Does Name Match_slider")): NOT_RUN: click(findTestObject("Admin Console ePulse Menu/Account Settings/ID Methods/New ID Method Modal/Show Does Name Match_slider"))

2019-01-31 15:27:06 - [MESSAGE][NOT_RUN] - NOT_RUN: click(findTestObject("Admin Console ePulse Menu/Account Settings/ID Methods/New ID Method Modal/Show Does Name Match_slider"))

2019-01-31 15:27:06 - [TEST_STEP][PASSED] - click(findTestObject("Admin Console ePulse Menu/Account Settings/ID Methods/New ID Method Modal/Show Does Address Match_slider"), STOP_ON_FAILURE): Object: 'Object Repository/Admin Console ePulse Menu/Account Settings/ID Methods/New ID Method Modal/Show Does Address Match_slider' is clicked on

2019-01-31 15:27:06 - [MESSAGE][PASSED] - Object: 'Object Repository/Admin Console ePulse Menu/Account Settings/ID Methods/New ID Method Modal/Show Does Address Match_slider' is clicked on

2019-01-31 15:27:06 - [TEST_STEP][NOT_RUN] - click(findTestObject("Admin Console ePulse Menu/Account Settings/ID Methods/New ID Method Modal/Show is ID Expired_slider"), STOP_ON_FAILURE): NOT_RUN: click(findTestObject("Admin Console ePulse Menu/Account Settings/ID Methods/New ID Method Modal/Show is ID Expired_slider"), STOP_ON_FAILURE)

2019-01-31 15:27:06 - [MESSAGE][NOT_RUN] - NOT_RUN: click(findTestObject("Admin Console ePulse Menu/Account Settings/ID Methods/New ID Method Modal/Show is ID Expired_slider"), STOP_ON_FAILURE)

2019-01-31 15:27:06 - [TEST_STEP][PASSED] - setText(findTestObject("Admin Console ePulse Menu/Account Settings/ID Methods/New ID Method Modal/Page_Epulse  am-Automation-test/Incorrect Heading"), "No Drivers License_Edit?"): Text 'No Drivers License_Edit?' is set on object 'Object Repository/Admin Console ePulse Menu/Account Settings/ID Methods/New ID Method Modal/Page_Epulse  am-Automation-test/Incorrect Heading'

2019-01-31 15:27:06 - [MESSAGE][PASSED] - Text 'No Drivers License_Edit?' is set on object 'Object Repository/Admin Console ePulse Menu/Account Settings/ID Methods/New ID Method Modal/Page_Epulse  am-Automation-test/Incorrect Heading'

2019-01-31 15:27:06 - [TEST_STEP][PASSED] - setText(findTestObject("Admin Console ePulse Menu/Account Settings/ID Methods/New ID Method Modal/Page_Epulse  am-Automation-test/Incorrect Instructions"), "Vote Provisional_Edit"): Text 'Vote Provisional_Edit' is set on object 'Object Repository/Admin Console ePulse Menu/Account Settings/ID Methods/New ID Method Modal/Page_Epulse  am-Automation-test/Incorrect Instructions'

2019-01-31 15:27:06 - [MESSAGE][PASSED] - Text 'Vote Provisional_Edit' is set on object 'Object Repository/Admin Console ePulse Menu/Account Settings/ID Methods/New ID Method Modal/Page_Epulse  am-Automation-test/Incorrect Instructions'

2019-01-31 15:27:06 - [TEST_STEP][PASSED] - click(findTestObject("Admin Console ePulse Menu/Account Settings/ID Methods/New ID Method Modal/Submit"), STOP_ON_FAILURE): Object: 'Object Repository/Admin Console ePulse Menu/Account Settings/ID Methods/New ID Method Modal/Submit' is clicked on

2019-01-31 15:27:06 - [MESSAGE][PASSED] - Object: 'Object Repository/Admin Console ePulse Menu/Account Settings/ID Methods/New ID Method Modal/Submit' is clicked on

2019-01-31 15:27:06 - [TEST_STEP][PASSED] - closeBrowser(): Browser is closed

2019-01-31 15:27:07 - [MESSAGE][PASSED] - Browser is closed]]></system-out>
         <system-err><![CDATA[]]></system-err>
      </testcase>
      <testcase name="Test Cases/Admin Console/Account Settings/ID Methods()/ID Methods - Edit Oath" classname="Test Cases/Admin Console/Account Settings/ID Methods()/ID Methods - Edit Oath" status="PASSED">
         <system-out><![CDATA[2019-01-31 15:27:09 - [TEST_CASE][PASSED] - Test Cases/Admin Console/Account Settings/ID Methods()/ID Methods - Edit Oath: Test Cases/Admin Console/Account Settings/ID Methods()/ID Methods - Edit Oath

2019-01-31 15:27:09 - [TEST_STEP][PASSED] - openBrowser(""): Browser is opened with url: ''

2019-01-31 15:27:09 - [MESSAGE][INFO] - Starting 'Chrome' driver

2019-01-31 15:27:10 - [MESSAGE][PASSED] - Browser is opened with url: ''

2019-01-31 15:27:10 - [TEST_STEP][PASSED] - navigateToUrl(URL): Navigate to 'https://dev.epulse.io' successfully

2019-01-31 15:27:11 - [MESSAGE][PASSED] - Navigate to 'https://dev.epulse.io' successfully

2019-01-31 15:27:11 - [TEST_STEP][PASSED] - setText(findTestObject("Login/Email Address"), User_email): Text 'alonzo.mack@knowink.com' is set on object 'Object Repository/Login/Email Address'

2019-01-31 15:27:12 - [MESSAGE][PASSED] - Text 'alonzo.mack@knowink.com' is set on object 'Object Repository/Login/Email Address'

2019-01-31 15:27:12 - [TEST_STEP][PASSED] - setEncryptedText(findTestObject("Login/Password"), Pswrd): Text ****** has been set on object 'Object Repository/Login/Password'

2019-01-31 15:27:12 - [MESSAGE][PASSED] - Text ****** has been set on object 'Object Repository/Login/Password'

2019-01-31 15:27:12 - [TEST_STEP][PASSED] - click(findTestObject("Login/Sign In")): Object: 'Object Repository/Login/Sign In' is clicked on

2019-01-31 15:27:13 - [MESSAGE][PASSED] - Object: 'Object Repository/Login/Sign In' is clicked on

2019-01-31 15:27:13 - [TEST_STEP][PASSED] - delay(1): Delayed 1 second(s)

2019-01-31 15:27:14 - [MESSAGE][PASSED] - Delayed 1 second(s)

2019-01-31 15:27:14 - [TEST_STEP][PASSED] - navigateToUrl(voter_id_methods, STOP_ON_FAILURE): Navigate to 'https://am-automation-test.dev.epulse.io/voter_id_methods' successfully

2019-01-31 15:27:14 - [MESSAGE][PASSED] - Navigate to 'https://am-automation-test.dev.epulse.io/voter_id_methods' successfully

2019-01-31 15:27:14 - [TEST_STEP][PASSED] - click(findTestObject("Admin Console ePulse Menu/Account Settings/ID Methods/ID Methods Page/Edit ID Method Oath")): Object: 'Object Repository/Admin Console ePulse Menu/Account Settings/ID Methods/ID Methods Page/Edit ID Method Oath' is clicked on

2019-01-31 15:27:14 - [MESSAGE][PASSED] - Object: 'Object Repository/Admin Console ePulse Menu/Account Settings/ID Methods/ID Methods Page/Edit ID Method Oath' is clicked on

2019-01-31 15:27:14 - [TEST_STEP][PASSED] - delay(1): Delayed 1 second(s)

2019-01-31 15:27:15 - [MESSAGE][PASSED] - Delayed 1 second(s)

2019-01-31 15:27:15 - [TEST_STEP][PASSED] - setText(findTestObject("Admin Console ePulse Menu/Account Settings/ID Methods/Edit ID Method Modal/Customized Oath text area"), "Customize the oath displayed to voters. "): Text 'Customize the oath displayed to voters. ' is set on object 'Object Repository/Admin Console ePulse Menu/Account Settings/ID Methods/Edit ID Method Modal/Customized Oath text area'

2019-01-31 15:27:16 - [MESSAGE][PASSED] - Text 'Customize the oath displayed to voters. ' is set on object 'Object Repository/Admin Console ePulse Menu/Account Settings/ID Methods/Edit ID Method Modal/Customized Oath text area'

2019-01-31 15:27:16 - [TEST_STEP][PASSED] - delay(1): Delayed 1 second(s)

2019-01-31 15:27:17 - [MESSAGE][PASSED] - Delayed 1 second(s)

2019-01-31 15:27:17 - [TEST_STEP][PASSED] - click(findTestObject("Admin Console ePulse Menu/Account Settings/ID Methods/Edit ID Method Modal/Submit"), STOP_ON_FAILURE): Object: 'Object Repository/Admin Console ePulse Menu/Account Settings/ID Methods/Edit ID Method Modal/Submit' is clicked on

2019-01-31 15:27:17 - [MESSAGE][PASSED] - Object: 'Object Repository/Admin Console ePulse Menu/Account Settings/ID Methods/Edit ID Method Modal/Submit' is clicked on]]></system-out>
         <system-err><![CDATA[]]></system-err>
      </testcase>
      <testcase name="Test Cases/Admin Console/Account Settings/ID Methods()/ID Methods - Export" classname="Test Cases/Admin Console/Account Settings/ID Methods()/ID Methods - Export" status="PASSED">
         <system-out><![CDATA[2019-01-31 15:27:19 - [TEST_CASE][PASSED] - Test Cases/Admin Console/Account Settings/ID Methods()/ID Methods - Export: Test Cases/Admin Console/Account Settings/ID Methods()/ID Methods - Export

2019-01-31 15:27:19 - [TEST_STEP][PASSED] - openBrowser(""): Browser is opened with url: ''

2019-01-31 15:27:19 - [MESSAGE][WARNING] - A browser is already opened. Closing browser and opening a new one

2019-01-31 15:27:19 - [MESSAGE][INFO] - Starting 'Chrome' driver

2019-01-31 15:27:20 - [MESSAGE][PASSED] - Browser is opened with url: ''

2019-01-31 15:27:20 - [TEST_STEP][PASSED] - navigateToUrl(URL): Navigate to 'https://dev.epulse.io' successfully

2019-01-31 15:27:21 - [MESSAGE][PASSED] - Navigate to 'https://dev.epulse.io' successfully

2019-01-31 15:27:21 - [TEST_STEP][PASSED] - setText(findTestObject("Login/Email Address"), User_email): Text 'alonzo.mack@knowink.com' is set on object 'Object Repository/Login/Email Address'

2019-01-31 15:27:22 - [MESSAGE][PASSED] - Text 'alonzo.mack@knowink.com' is set on object 'Object Repository/Login/Email Address'

2019-01-31 15:27:22 - [TEST_STEP][PASSED] - setEncryptedText(findTestObject("Login/Password"), Pswrd): Text ****** has been set on object 'Object Repository/Login/Password'

2019-01-31 15:27:22 - [MESSAGE][PASSED] - Text ****** has been set on object 'Object Repository/Login/Password'

2019-01-31 15:27:22 - [TEST_STEP][PASSED] - click(findTestObject("Login/Sign In")): Object: 'Object Repository/Login/Sign In' is clicked on

2019-01-31 15:27:22 - [MESSAGE][PASSED] - Object: 'Object Repository/Login/Sign In' is clicked on

2019-01-31 15:27:22 - [TEST_STEP][PASSED] - delay(1): Delayed 1 second(s)

2019-01-31 15:27:23 - [MESSAGE][PASSED] - Delayed 1 second(s)

2019-01-31 15:27:23 - [TEST_STEP][PASSED] - navigateToUrl(voter_id_methods): Navigate to 'https://am-automation-test.dev.epulse.io/voter_id_methods' successfully

2019-01-31 15:27:24 - [MESSAGE][PASSED] - Navigate to 'https://am-automation-test.dev.epulse.io/voter_id_methods' successfully

2019-01-31 15:27:24 - [TEST_STEP][PASSED] - delay(1): Delayed 1 second(s)

2019-01-31 15:27:25 - [MESSAGE][PASSED] - Delayed 1 second(s)

2019-01-31 15:27:25 - [TEST_STEP][PASSED] - click(findTestObject("Admin Console ePulse Menu/Account Settings/ID Methods/ID Methods Page/Export")): Object: 'Object Repository/Admin Console ePulse Menu/Account Settings/ID Methods/ID Methods Page/Export' is clicked on

2019-01-31 15:27:25 - [MESSAGE][PASSED] - Object: 'Object Repository/Admin Console ePulse Menu/Account Settings/ID Methods/ID Methods Page/Export' is clicked on

2019-01-31 15:27:25 - [TEST_STEP][PASSED] - delay(1): Delayed 1 second(s)

2019-01-31 15:27:26 - [MESSAGE][PASSED] - Delayed 1 second(s)

2019-01-31 15:27:26 - [TEST_STEP][PASSED] - closeBrowser(STOP_ON_FAILURE): Browser is closed

2019-01-31 15:27:26 - [MESSAGE][PASSED] - Browser is closed]]></system-out>
         <system-err><![CDATA[]]></system-err>
      </testcase>
      <testcase name="Test Cases/Admin Console/Account Settings/ID Methods()/ID Methods - Import" classname="Test Cases/Admin Console/Account Settings/ID Methods()/ID Methods - Import" status="FAILED">
         <failure type="FAILED" message="Test Cases/Admin Console/Account Settings/ID Methods()/ID Methods - Import FAILED.
Reason:
com.kms.katalon.core.exception.StepFailedException: Unable to click on object 'Object Repository/Admin Console ePulse Menu/Account Settings/Prompts/Import Prompts Buttons/button_Done(working)' (Root cause: com.kms.katalon.core.webui.exception.WebElementNotFoundException: Web element with id: 'Object Repository/Admin Console ePulse Menu/Account Settings/Prompts/Import Prompts Buttons/button_Done(working)' located by 'By.xpath: (.//*[normalize-space(text()) and normalize-space(.)='Done!'])[1]/following::button[1]' not found)
	at com.kms.katalon.core.keyword.internal.KeywordMain.stepFailed(KeywordMain.groovy:36)
	at com.kms.katalon.core.webui.keyword.internal.WebUIKeywordMain.stepFailed(WebUIKeywordMain.groovy:65)
	at com.kms.katalon.core.webui.keyword.internal.WebUIKeywordMain.runKeyword(WebUIKeywordMain.groovy:27)
	at com.kms.katalon.core.webui.keyword.builtin.ClickKeyword.click(ClickKeyword.groovy:86)
	at com.kms.katalon.core.webui.keyword.builtin.ClickKeyword.execute(ClickKeyword.groovy:67)
	at com.kms.katalon.core.keyword.internal.KeywordExecutor.executeKeywordForPlatform(KeywordExecutor.groovy:53)
	at com.kms.katalon.core.webui.keyword.WebUiBuiltInKeywords.click(WebUiBuiltInKeywords.groovy:616)
	at com.kms.katalon.core.webui.keyword.WebUiBuiltInKeywords$click$3.call(Unknown Source)
	at ID Methods - Import.run(ID Methods - Import:43)
	at com.kms.katalon.core.main.ScriptEngine.run(ScriptEngine.java:194)
	at com.kms.katalon.core.main.ScriptEngine.runScriptAsRawText(ScriptEngine.java:119)
	at com.kms.katalon.core.main.TestCaseExecutor.runScript(TestCaseExecutor.java:328)
	at com.kms.katalon.core.main.TestCaseExecutor.doExecute(TestCaseExecutor.java:319)
	at com.kms.katalon.core.main.TestCaseExecutor.processExecutionPhase(TestCaseExecutor.java:298)
	at com.kms.katalon.core.main.TestCaseExecutor.accessMainPhase(TestCaseExecutor.java:290)
	at com.kms.katalon.core.main.TestCaseExecutor.execute(TestCaseExecutor.java:224)
	at com.kms.katalon.core.main.TestSuiteExecutor.accessTestCaseMainPhase(TestSuiteExecutor.java:129)
	at com.kms.katalon.core.main.TestSuiteExecutor.accessTestSuiteMainPhase(TestSuiteExecutor.java:112)
	at com.kms.katalon.core.main.TestSuiteExecutor.execute(TestSuiteExecutor.java:81)
	at com.kms.katalon.core.main.TestCaseMain.startTestSuite(TestCaseMain.java:149)
	at com.kms.katalon.core.main.TestCaseMain$startTestSuite$0.call(Unknown Source)
	at TempTestSuite1548969729134.run(TempTestSuite1548969729134.groovy:36)
"/>
         <system-out><![CDATA[2019-01-31 15:27:29 - [TEST_CASE][FAILED] - Test Cases/Admin Console/Account Settings/ID Methods()/ID Methods - Import: Test Cases/Admin Console/Account Settings/ID Methods()/ID Methods - Import FAILED.
Reason:
com.kms.katalon.core.exception.StepFailedException: Unable to click on object 'Object Repository/Admin Console ePulse Menu/Account Settings/Prompts/Import Prompts Buttons/button_Done(working)' (Root cause: com.kms.katalon.core.webui.exception.WebElementNotFoundException: Web element with id: 'Object Repository/Admin Console ePulse Menu/Account Settings/Prompts/Import Prompts Buttons/button_Done(working)' located by 'By.xpath: (.//*[normalize-space(text()) and normalize-space(.)='Done!'])[1]/following::button[1]' not found)
	at com.kms.katalon.core.keyword.internal.KeywordMain.stepFailed(KeywordMain.groovy:36)
	at com.kms.katalon.core.webui.keyword.internal.WebUIKeywordMain.stepFailed(WebUIKeywordMain.groovy:65)
	at com.kms.katalon.core.webui.keyword.internal.WebUIKeywordMain.runKeyword(WebUIKeywordMain.groovy:27)
	at com.kms.katalon.core.webui.keyword.builtin.ClickKeyword.click(ClickKeyword.groovy:86)
	at com.kms.katalon.core.webui.keyword.builtin.ClickKeyword.execute(ClickKeyword.groovy:67)
	at com.kms.katalon.core.keyword.internal.KeywordExecutor.executeKeywordForPlatform(KeywordExecutor.groovy:53)
	at com.kms.katalon.core.webui.keyword.WebUiBuiltInKeywords.click(WebUiBuiltInKeywords.groovy:616)
	at com.kms.katalon.core.webui.keyword.WebUiBuiltInKeywords$click$3.call(Unknown Source)
	at ID Methods - Import.run(ID Methods - Import:43)
	at com.kms.katalon.core.main.ScriptEngine.run(ScriptEngine.java:194)
	at com.kms.katalon.core.main.ScriptEngine.runScriptAsRawText(ScriptEngine.java:119)
	at com.kms.katalon.core.main.TestCaseExecutor.runScript(TestCaseExecutor.java:328)
	at com.kms.katalon.core.main.TestCaseExecutor.doExecute(TestCaseExecutor.java:319)
	at com.kms.katalon.core.main.TestCaseExecutor.processExecutionPhase(TestCaseExecutor.java:298)
	at com.kms.katalon.core.main.TestCaseExecutor.accessMainPhase(TestCaseExecutor.java:290)
	at com.kms.katalon.core.main.TestCaseExecutor.execute(TestCaseExecutor.java:224)
	at com.kms.katalon.core.main.TestSuiteExecutor.accessTestCaseMainPhase(TestSuiteExecutor.java:129)
	at com.kms.katalon.core.main.TestSuiteExecutor.accessTestSuiteMainPhase(TestSuiteExecutor.java:112)
	at com.kms.katalon.core.main.TestSuiteExecutor.execute(TestSuiteExecutor.java:81)
	at com.kms.katalon.core.main.TestCaseMain.startTestSuite(TestCaseMain.java:149)
	at com.kms.katalon.core.main.TestCaseMain$startTestSuite$0.call(Unknown Source)
	at TempTestSuite1548969729134.run(TempTestSuite1548969729134.groovy:36)


2019-01-31 15:27:29 - [TEST_STEP][PASSED] - openBrowser(""): Browser is opened with url: ''

2019-01-31 15:27:29 - [MESSAGE][INFO] - Starting 'Chrome' driver

2019-01-31 15:27:30 - [MESSAGE][PASSED] - Browser is opened with url: ''

2019-01-31 15:27:30 - [TEST_STEP][PASSED] - navigateToUrl(URL): Navigate to 'https://dev.epulse.io' successfully

2019-01-31 15:27:31 - [MESSAGE][PASSED] - Navigate to 'https://dev.epulse.io' successfully

2019-01-31 15:27:31 - [TEST_STEP][PASSED] - setText(findTestObject("Login/Email Address"), User_email): Text 'alonzo.mack@knowink.com' is set on object 'Object Repository/Login/Email Address'

2019-01-31 15:27:31 - [MESSAGE][PASSED] - Text 'alonzo.mack@knowink.com' is set on object 'Object Repository/Login/Email Address'

2019-01-31 15:27:31 - [TEST_STEP][PASSED] - setEncryptedText(findTestObject("Login/Password"), Pswrd): Text ****** has been set on object 'Object Repository/Login/Password'

2019-01-31 15:27:31 - [MESSAGE][PASSED] - Text ****** has been set on object 'Object Repository/Login/Password'

2019-01-31 15:27:31 - [TEST_STEP][PASSED] - click(findTestObject("Login/Sign In")): Object: 'Object Repository/Login/Sign In' is clicked on

2019-01-31 15:27:32 - [MESSAGE][PASSED] - Object: 'Object Repository/Login/Sign In' is clicked on

2019-01-31 15:27:32 - [TEST_STEP][PASSED] - delay(1): Delayed 1 second(s)

2019-01-31 15:27:33 - [MESSAGE][PASSED] - Delayed 1 second(s)

2019-01-31 15:27:33 - [TEST_STEP][PASSED] - navigateToUrl(voter_id_methods, STOP_ON_FAILURE): Navigate to 'https://am-automation-test.dev.epulse.io/voter_id_methods' successfully

2019-01-31 15:27:34 - [MESSAGE][PASSED] - Navigate to 'https://am-automation-test.dev.epulse.io/voter_id_methods' successfully

2019-01-31 15:27:34 - [TEST_STEP][PASSED] - click(findTestObject("Admin Console ePulse Menu/Account Settings/ID Methods/ID Methods Page/Import")): Object: 'Object Repository/Admin Console ePulse Menu/Account Settings/ID Methods/ID Methods Page/Import' is clicked on

2019-01-31 15:27:34 - [MESSAGE][PASSED] - Object: 'Object Repository/Admin Console ePulse Menu/Account Settings/ID Methods/ID Methods Page/Import' is clicked on

2019-01-31 15:27:34 - [TEST_STEP][PASSED] - setText(findTestObject("Admin Console ePulse Menu/Account Settings/Prompts/Import Prompts Buttons/Choose File"), "/Users/alonzomack/Downloads/Automation uploads/voter_id_methods.txt"): Text '/Users/alonzomack/Downloads/Automation uploads/voter_id_methods.txt' is set on object 'Object Repository/Admin Console ePulse Menu/Account Settings/Prompts/Import Prompts Buttons/Choose File'

2019-01-31 15:27:34 - [MESSAGE][PASSED] - Text '/Users/alonzomack/Downloads/Automation uploads/voter_id_methods.txt' is set on object 'Object Repository/Admin Console ePulse Menu/Account Settings/Prompts/Import Prompts Buttons/Choose File'

2019-01-31 15:27:34 - [TEST_STEP][PASSED] - click(findTestObject("Admin Console ePulse Menu/Account Settings/Prompts/Import Prompts Buttons/Continue Button")): Object: 'Object Repository/Admin Console ePulse Menu/Account Settings/Prompts/Import Prompts Buttons/Continue Button' is clicked on

2019-01-31 15:27:34 - [MESSAGE][PASSED] - Object: 'Object Repository/Admin Console ePulse Menu/Account Settings/Prompts/Import Prompts Buttons/Continue Button' is clicked on

2019-01-31 15:27:34 - [TEST_STEP][PASSED] - delay(1): Delayed 1 second(s)

2019-01-31 15:27:35 - [MESSAGE][PASSED] - Delayed 1 second(s)

2019-01-31 15:27:35 - [TEST_STEP][FAILED] - click(findTestObject("Admin Console ePulse Menu/Account Settings/Prompts/Import Prompts Buttons/button_Done(working)")): click(findTestObject("Admin Console ePulse Menu/Account Settings/Prompts/Import Prompts Buttons/button_Done(working)")) FAILED.
Reason:
com.kms.katalon.core.exception.StepFailedException: Unable to click on object 'Object Repository/Admin Console ePulse Menu/Account Settings/Prompts/Import Prompts Buttons/button_Done(working)' (Root cause: com.kms.katalon.core.webui.exception.WebElementNotFoundException: Web element with id: 'Object Repository/Admin Console ePulse Menu/Account Settings/Prompts/Import Prompts Buttons/button_Done(working)' located by 'By.xpath: (.//*[normalize-space(text()) and normalize-space(.)='Done!'])[1]/following::button[1]' not found)
	at com.kms.katalon.core.keyword.internal.KeywordMain.stepFailed(KeywordMain.groovy:36)
	at com.kms.katalon.core.webui.keyword.internal.WebUIKeywordMain.stepFailed(WebUIKeywordMain.groovy:65)
	at com.kms.katalon.core.webui.keyword.internal.WebUIKeywordMain.runKeyword(WebUIKeywordMain.groovy:27)
	at com.kms.katalon.core.webui.keyword.builtin.ClickKeyword.click(ClickKeyword.groovy:86)
	at com.kms.katalon.core.webui.keyword.builtin.ClickKeyword.execute(ClickKeyword.groovy:67)
	at com.kms.katalon.core.keyword.internal.KeywordExecutor.executeKeywordForPlatform(KeywordExecutor.groovy:53)
	at com.kms.katalon.core.webui.keyword.WebUiBuiltInKeywords.click(WebUiBuiltInKeywords.groovy:616)
	at com.kms.katalon.core.webui.keyword.WebUiBuiltInKeywords$click$3.call(Unknown Source)
	at ID Methods - Import.run(ID Methods - Import:43)
	at com.kms.katalon.core.main.ScriptEngine.run(ScriptEngine.java:194)
	at com.kms.katalon.core.main.ScriptEngine.runScriptAsRawText(ScriptEngine.java:119)
	at com.kms.katalon.core.main.TestCaseExecutor.runScript(TestCaseExecutor.java:328)
	at com.kms.katalon.core.main.TestCaseExecutor.doExecute(TestCaseExecutor.java:319)
	at com.kms.katalon.core.main.TestCaseExecutor.processExecutionPhase(TestCaseExecutor.java:298)
	at com.kms.katalon.core.main.TestCaseExecutor.accessMainPhase(TestCaseExecutor.java:290)
	at com.kms.katalon.core.main.TestCaseExecutor.execute(TestCaseExecutor.java:224)
	at com.kms.katalon.core.main.TestSuiteExecutor.accessTestCaseMainPhase(TestSuiteExecutor.java:129)
	at com.kms.katalon.core.main.TestSuiteExecutor.accessTestSuiteMainPhase(TestSuiteExecutor.java:112)
	at com.kms.katalon.core.main.TestSuiteExecutor.execute(TestSuiteExecutor.java:81)
	at com.kms.katalon.core.main.TestCaseMain.startTestSuite(TestCaseMain.java:149)
	at com.kms.katalon.core.main.TestCaseMain$startTestSuite$0.call(Unknown Source)
	at TempTestSuite1548969729134.run(TempTestSuite1548969729134.groovy:36)


2019-01-31 15:27:51 - [MESSAGE][INFO] - Unable to find the element located by 'By.xpath: (.//*[normalize-space(text()) and normalize-space(.)='Done!'])[1]/following::button[1]'. Please recheck the objects properties to make sure the desired element is located. 

2019-01-31 15:27:51 - [MESSAGE][FAILED] - Unable to click on object 'Object Repository/Admin Console ePulse Menu/Account Settings/Prompts/Import Prompts Buttons/button_Done(working)' (Root cause: com.kms.katalon.core.webui.exception.WebElementNotFoundException: Web element with id: 'Object Repository/Admin Console ePulse Menu/Account Settings/Prompts/Import Prompts Buttons/button_Done(working)' located by 'By.xpath: (.//*[normalize-space(text()) and normalize-space(.)='Done!'])[1]/following::button[1]' not found)
[[ATTACHMENT|/Users/alonzomack/Katalon Studio/Regression/Reports/dev_staging ready/20190131_152208/1548970071409.png]]

2019-01-31 15:27:51 - [MESSAGE][FAILED] - click(findTestObject("Admin Console ePulse Menu/Account Settings/Prompts/Import Prompts Buttons/button_Done(working)")) FAILED.
Reason:
com.kms.katalon.core.exception.StepFailedException: Unable to click on object 'Object Repository/Admin Console ePulse Menu/Account Settings/Prompts/Import Prompts Buttons/button_Done(working)' (Root cause: com.kms.katalon.core.webui.exception.WebElementNotFoundException: Web element with id: 'Object Repository/Admin Console ePulse Menu/Account Settings/Prompts/Import Prompts Buttons/button_Done(working)' located by 'By.xpath: (.//*[normalize-space(text()) and normalize-space(.)='Done!'])[1]/following::button[1]' not found)
	at com.kms.katalon.core.keyword.internal.KeywordMain.stepFailed(KeywordMain.groovy:36)
	at com.kms.katalon.core.webui.keyword.internal.WebUIKeywordMain.stepFailed(WebUIKeywordMain.groovy:65)
	at com.kms.katalon.core.webui.keyword.internal.WebUIKeywordMain.runKeyword(WebUIKeywordMain.groovy:27)
	at com.kms.katalon.core.webui.keyword.builtin.ClickKeyword.click(ClickKeyword.groovy:86)
	at com.kms.katalon.core.webui.keyword.builtin.ClickKeyword.execute(ClickKeyword.groovy:67)
	at com.kms.katalon.core.keyword.internal.KeywordExecutor.executeKeywordForPlatform(KeywordExecutor.groovy:53)
	at com.kms.katalon.core.webui.keyword.WebUiBuiltInKeywords.click(WebUiBuiltInKeywords.groovy:616)
	at com.kms.katalon.core.webui.keyword.WebUiBuiltInKeywords$click$3.call(Unknown Source)
	at ID Methods - Import.run(ID Methods - Import:43)
	at com.kms.katalon.core.main.ScriptEngine.run(ScriptEngine.java:194)
	at com.kms.katalon.core.main.ScriptEngine.runScriptAsRawText(ScriptEngine.java:119)
	at com.kms.katalon.core.main.TestCaseExecutor.runScript(TestCaseExecutor.java:328)
	at com.kms.katalon.core.main.TestCaseExecutor.doExecute(TestCaseExecutor.java:319)
	at com.kms.katalon.core.main.TestCaseExecutor.processExecutionPhase(TestCaseExecutor.java:298)
	at com.kms.katalon.core.main.TestCaseExecutor.accessMainPhase(TestCaseExecutor.java:290)
	at com.kms.katalon.core.main.TestCaseExecutor.execute(TestCaseExecutor.java:224)
	at com.kms.katalon.core.main.TestSuiteExecutor.accessTestCaseMainPhase(TestSuiteExecutor.java:129)
	at com.kms.katalon.core.main.TestSuiteExecutor.accessTestSuiteMainPhase(TestSuiteExecutor.java:112)
	at com.kms.katalon.core.main.TestSuiteExecutor.execute(TestSuiteExecutor.java:81)
	at com.kms.katalon.core.main.TestCaseMain.startTestSuite(TestCaseMain.java:149)
	at com.kms.katalon.core.main.TestCaseMain$startTestSuite$0.call(Unknown Source)
	at TempTestSuite1548969729134.run(TempTestSuite1548969729134.groovy:36)]]></system-out>
         <system-err><![CDATA[2019-01-31 15:27:29 - [TEST_CASE][FAILED] - Test Cases/Admin Console/Account Settings/ID Methods()/ID Methods - Import: Test Cases/Admin Console/Account Settings/ID Methods()/ID Methods - Import FAILED.
Reason:
com.kms.katalon.core.exception.StepFailedException: Unable to click on object 'Object Repository/Admin Console ePulse Menu/Account Settings/Prompts/Import Prompts Buttons/button_Done(working)' (Root cause: com.kms.katalon.core.webui.exception.WebElementNotFoundException: Web element with id: 'Object Repository/Admin Console ePulse Menu/Account Settings/Prompts/Import Prompts Buttons/button_Done(working)' located by 'By.xpath: (.//*[normalize-space(text()) and normalize-space(.)='Done!'])[1]/following::button[1]' not found)
	at com.kms.katalon.core.keyword.internal.KeywordMain.stepFailed(KeywordMain.groovy:36)
	at com.kms.katalon.core.webui.keyword.internal.WebUIKeywordMain.stepFailed(WebUIKeywordMain.groovy:65)
	at com.kms.katalon.core.webui.keyword.internal.WebUIKeywordMain.runKeyword(WebUIKeywordMain.groovy:27)
	at com.kms.katalon.core.webui.keyword.builtin.ClickKeyword.click(ClickKeyword.groovy:86)
	at com.kms.katalon.core.webui.keyword.builtin.ClickKeyword.execute(ClickKeyword.groovy:67)
	at com.kms.katalon.core.keyword.internal.KeywordExecutor.executeKeywordForPlatform(KeywordExecutor.groovy:53)
	at com.kms.katalon.core.webui.keyword.WebUiBuiltInKeywords.click(WebUiBuiltInKeywords.groovy:616)
	at com.kms.katalon.core.webui.keyword.WebUiBuiltInKeywords$click$3.call(Unknown Source)
	at ID Methods - Import.run(ID Methods - Import:43)
	at com.kms.katalon.core.main.ScriptEngine.run(ScriptEngine.java:194)
	at com.kms.katalon.core.main.ScriptEngine.runScriptAsRawText(ScriptEngine.java:119)
	at com.kms.katalon.core.main.TestCaseExecutor.runScript(TestCaseExecutor.java:328)
	at com.kms.katalon.core.main.TestCaseExecutor.doExecute(TestCaseExecutor.java:319)
	at com.kms.katalon.core.main.TestCaseExecutor.processExecutionPhase(TestCaseExecutor.java:298)
	at com.kms.katalon.core.main.TestCaseExecutor.accessMainPhase(TestCaseExecutor.java:290)
	at com.kms.katalon.core.main.TestCaseExecutor.execute(TestCaseExecutor.java:224)
	at com.kms.katalon.core.main.TestSuiteExecutor.accessTestCaseMainPhase(TestSuiteExecutor.java:129)
	at com.kms.katalon.core.main.TestSuiteExecutor.accessTestSuiteMainPhase(TestSuiteExecutor.java:112)
	at com.kms.katalon.core.main.TestSuiteExecutor.execute(TestSuiteExecutor.java:81)
	at com.kms.katalon.core.main.TestCaseMain.startTestSuite(TestCaseMain.java:149)
	at com.kms.katalon.core.main.TestCaseMain$startTestSuite$0.call(Unknown Source)
	at TempTestSuite1548969729134.run(TempTestSuite1548969729134.groovy:36)]]></system-err>
      </testcase>
      <testcase name="Test Cases/Admin Console/Account Settings/ID Methods()/ID Methods - Delete" classname="Test Cases/Admin Console/Account Settings/ID Methods()/ID Methods - Delete" status="PASSED">
         <system-out><![CDATA[2019-01-31 15:27:54 - [TEST_CASE][PASSED] - Test Cases/Admin Console/Account Settings/ID Methods()/ID Methods - Delete: Test Cases/Admin Console/Account Settings/ID Methods()/ID Methods - Delete

2019-01-31 15:27:54 - [TEST_STEP][PASSED] - openBrowser(""): Browser is opened with url: ''

2019-01-31 15:27:54 - [MESSAGE][WARNING] - A browser is already opened. Closing browser and opening a new one

2019-01-31 15:27:54 - [MESSAGE][INFO] - Starting 'Chrome' driver

2019-01-31 15:27:55 - [MESSAGE][PASSED] - Browser is opened with url: ''

2019-01-31 15:27:55 - [TEST_STEP][PASSED] - navigateToUrl(URL): Navigate to 'https://dev.epulse.io' successfully

2019-01-31 15:27:56 - [MESSAGE][PASSED] - Navigate to 'https://dev.epulse.io' successfully

2019-01-31 15:27:56 - [TEST_STEP][PASSED] - setText(findTestObject("Login/Email Address"), User_email): Text 'alonzo.mack@knowink.com' is set on object 'Object Repository/Login/Email Address'

2019-01-31 15:27:57 - [MESSAGE][PASSED] - Text 'alonzo.mack@knowink.com' is set on object 'Object Repository/Login/Email Address'

2019-01-31 15:27:57 - [TEST_STEP][PASSED] - setEncryptedText(findTestObject("Login/Password"), Pswrd): Text ****** has been set on object 'Object Repository/Login/Password'

2019-01-31 15:27:57 - [MESSAGE][PASSED] - Text ****** has been set on object 'Object Repository/Login/Password'

2019-01-31 15:27:57 - [TEST_STEP][PASSED] - click(findTestObject("Login/Sign In")): Object: 'Object Repository/Login/Sign In' is clicked on

2019-01-31 15:27:57 - [MESSAGE][PASSED] - Object: 'Object Repository/Login/Sign In' is clicked on

2019-01-31 15:27:57 - [TEST_STEP][PASSED] - delay(1): Delayed 1 second(s)

2019-01-31 15:27:58 - [MESSAGE][PASSED] - Delayed 1 second(s)

2019-01-31 15:27:58 - [TEST_STEP][PASSED] - navigateToUrl(voter_id_methods, STOP_ON_FAILURE): Navigate to 'https://am-automation-test.dev.epulse.io/voter_id_methods' successfully

2019-01-31 15:27:59 - [MESSAGE][PASSED] - Navigate to 'https://am-automation-test.dev.epulse.io/voter_id_methods' successfully

2019-01-31 15:27:59 - [TEST_STEP][PASSED] - delay(1): Delayed 1 second(s)

2019-01-31 15:28:00 - [MESSAGE][PASSED] - Delayed 1 second(s)

2019-01-31 15:28:00 - [TEST_STEP][PASSED] - click(findTestObject("Admin Console ePulse Menu/Account Settings/ID Methods/ID Methods Page/Page_Epulse  am-Automation-test/Delete Selected ID Method")): Object: 'Object Repository/Admin Console ePulse Menu/Account Settings/ID Methods/ID Methods Page/Page_Epulse  am-Automation-test/Delete Selected ID Method' is clicked on

2019-01-31 15:28:00 - [MESSAGE][PASSED] - Object: 'Object Repository/Admin Console ePulse Menu/Account Settings/ID Methods/ID Methods Page/Page_Epulse  am-Automation-test/Delete Selected ID Method' is clicked on

2019-01-31 15:28:00 - [TEST_STEP][PASSED] - delay(3): Delayed 3 second(s)

2019-01-31 15:28:03 - [MESSAGE][PASSED] - Delayed 3 second(s)

2019-01-31 15:28:03 - [TEST_STEP][PASSED] - acceptAlert(): Alert accepted

2019-01-31 15:28:03 - [MESSAGE][PASSED] - Alert accepted

2019-01-31 15:28:03 - [TEST_STEP][PASSED] - closeBrowser(): Browser is closed

2019-01-31 15:28:03 - [MESSAGE][PASSED] - Browser is closed]]></system-out>
         <system-err><![CDATA[]]></system-err>
      </testcase>
      <testcase name="Test Cases/Admin Console/Account Settings/Oaths()/Oaths - Add" classname="Test Cases/Admin Console/Account Settings/Oaths()/Oaths - Add" status="PASSED">
         <system-out><![CDATA[2019-01-31 15:28:05 - [TEST_CASE][PASSED] - Test Cases/Admin Console/Account Settings/Oaths()/Oaths - Add: Test Cases/Admin Console/Account Settings/Oaths()/Oaths - Add

2019-01-31 15:28:06 - [TEST_STEP][PASSED] - openBrowser(""): Browser is opened with url: ''

2019-01-31 15:28:06 - [MESSAGE][INFO] - Starting 'Chrome' driver

2019-01-31 15:28:07 - [MESSAGE][PASSED] - Browser is opened with url: ''

2019-01-31 15:28:07 - [TEST_STEP][PASSED] - navigateToUrl(URL): Navigate to 'https://dev.epulse.io' successfully

2019-01-31 15:28:08 - [MESSAGE][PASSED] - Navigate to 'https://dev.epulse.io' successfully

2019-01-31 15:28:08 - [TEST_STEP][PASSED] - setText(findTestObject("Login/Email Address"), User_email): Text 'alonzo.mack@knowink.com' is set on object 'Object Repository/Login/Email Address'

2019-01-31 15:28:08 - [MESSAGE][PASSED] - Text 'alonzo.mack@knowink.com' is set on object 'Object Repository/Login/Email Address'

2019-01-31 15:28:08 - [TEST_STEP][PASSED] - setEncryptedText(findTestObject("Login/Password"), Pswrd): Text ****** has been set on object 'Object Repository/Login/Password'

2019-01-31 15:28:08 - [MESSAGE][PASSED] - Text ****** has been set on object 'Object Repository/Login/Password'

2019-01-31 15:28:08 - [TEST_STEP][PASSED] - click(findTestObject("Login/Sign In")): Object: 'Object Repository/Login/Sign In' is clicked on

2019-01-31 15:28:09 - [MESSAGE][PASSED] - Object: 'Object Repository/Login/Sign In' is clicked on

2019-01-31 15:28:09 - [TEST_STEP][PASSED] - delay(1): Delayed 1 second(s)

2019-01-31 15:28:10 - [MESSAGE][PASSED] - Delayed 1 second(s)

2019-01-31 15:28:10 - [TEST_STEP][PASSED] - navigateToUrl(Oaths, STOP_ON_FAILURE): Navigate to 'https://am-automation-test.dev.epulse.io/account_oaths' successfully

2019-01-31 15:28:10 - [MESSAGE][PASSED] - Navigate to 'https://am-automation-test.dev.epulse.io/account_oaths' successfully

2019-01-31 15:28:10 - [TEST_STEP][PASSED] - delay(1): Delayed 1 second(s)

2019-01-31 15:28:11 - [MESSAGE][PASSED] - Delayed 1 second(s)

2019-01-31 15:28:11 - [TEST_STEP][PASSED] - click(findTestObject("Admin Console ePulse Menu/Account Settings/Oaths/New Oath")): Object: 'Object Repository/Admin Console ePulse Menu/Account Settings/Oaths/New Oath' is clicked on

2019-01-31 15:28:12 - [MESSAGE][PASSED] - Object: 'Object Repository/Admin Console ePulse Menu/Account Settings/Oaths/New Oath' is clicked on

2019-01-31 15:28:12 - [TEST_STEP][PASSED] - setText(findTestObject("Admin Console ePulse Menu/Account Settings/Oaths/Add_Edit Oath/Oath Name"), "ID Method"): Text 'ID Method' is set on object 'Object Repository/Admin Console ePulse Menu/Account Settings/Oaths/Add_Edit Oath/Oath Name'

2019-01-31 15:28:12 - [MESSAGE][PASSED] - Text 'ID Method' is set on object 'Object Repository/Admin Console ePulse Menu/Account Settings/Oaths/Add_Edit Oath/Oath Name'

2019-01-31 15:28:12 - [TEST_STEP][PASSED] - setText(findTestObject("Admin Console ePulse Menu/Account Settings/Oaths/Add_Edit Oath/Oath Instructions"), "Oath Instructions"): Text 'Oath Instructions' is set on object 'Object Repository/Admin Console ePulse Menu/Account Settings/Oaths/Add_Edit Oath/Oath Instructions'

2019-01-31 15:28:12 - [MESSAGE][PASSED] - Text 'Oath Instructions' is set on object 'Object Repository/Admin Console ePulse Menu/Account Settings/Oaths/Add_Edit Oath/Oath Instructions'

2019-01-31 15:28:12 - [TEST_STEP][PASSED] - setText(findTestObject("Admin Console ePulse Menu/Account Settings/Oaths/Add_Edit Oath/Customized Oath Text Area"), "Customize the oath displayed to voters"): Text 'Customize the oath displayed to voters' is set on object 'Object Repository/Admin Console ePulse Menu/Account Settings/Oaths/Add_Edit Oath/Customized Oath Text Area'

2019-01-31 15:28:12 - [MESSAGE][PASSED] - Text 'Customize the oath displayed to voters' is set on object 'Object Repository/Admin Console ePulse Menu/Account Settings/Oaths/Add_Edit Oath/Customized Oath Text Area'

2019-01-31 15:28:12 - [TEST_STEP][PASSED] - click(findTestObject("Admin Console ePulse Menu/Account Settings/Oaths/Add_Edit Oath/Oath Type Dropdown")): Object: 'Object Repository/Admin Console ePulse Menu/Account Settings/Oaths/Add_Edit Oath/Oath Type Dropdown' is clicked on

2019-01-31 15:28:12 - [MESSAGE][PASSED] - Object: 'Object Repository/Admin Console ePulse Menu/Account Settings/Oaths/Add_Edit Oath/Oath Type Dropdown' is clicked on

2019-01-31 15:28:12 - [TEST_STEP][PASSED] - click(findTestObject("Admin Console ePulse Menu/Account Settings/Oaths/Add_Edit Oath/Id Method"), STOP_ON_FAILURE): Object: 'Object Repository/Admin Console ePulse Menu/Account Settings/Oaths/Add_Edit Oath/Id Method' is clicked on

2019-01-31 15:28:12 - [MESSAGE][PASSED] - Object: 'Object Repository/Admin Console ePulse Menu/Account Settings/Oaths/Add_Edit Oath/Id Method' is clicked on

2019-01-31 15:28:12 - [TEST_STEP][PASSED] - click(findTestObject("Admin Console ePulse Menu/Account Settings/Oaths/Add_Edit Oath/Submit")): Object: 'Object Repository/Admin Console ePulse Menu/Account Settings/Oaths/Add_Edit Oath/Submit' is clicked on

2019-01-31 15:28:13 - [MESSAGE][PASSED] - Object: 'Object Repository/Admin Console ePulse Menu/Account Settings/Oaths/Add_Edit Oath/Submit' is clicked on

2019-01-31 15:28:13 - [TEST_STEP][PASSED] - delay(1, STOP_ON_FAILURE): Delayed 1 second(s)

2019-01-31 15:28:14 - [MESSAGE][PASSED] - Delayed 1 second(s)

2019-01-31 15:28:14 - [TEST_STEP][PASSED] - click(findTestObject("Admin Console ePulse Menu/Account Settings/Oaths/New Oath")): Object: 'Object Repository/Admin Console ePulse Menu/Account Settings/Oaths/New Oath' is clicked on

2019-01-31 15:28:14 - [MESSAGE][PASSED] - Object: 'Object Repository/Admin Console ePulse Menu/Account Settings/Oaths/New Oath' is clicked on

2019-01-31 15:28:14 - [TEST_STEP][PASSED] - setText(findTestObject("Admin Console ePulse Menu/Account Settings/Oaths/Add_Edit Oath/Oath Name"), "Voter Check In Signing Page"): Text 'Voter Check In Signing Page' is set on object 'Object Repository/Admin Console ePulse Menu/Account Settings/Oaths/Add_Edit Oath/Oath Name'

2019-01-31 15:28:14 - [MESSAGE][PASSED] - Text 'Voter Check In Signing Page' is set on object 'Object Repository/Admin Console ePulse Menu/Account Settings/Oaths/Add_Edit Oath/Oath Name'

2019-01-31 15:28:14 - [TEST_STEP][PASSED] - setText(findTestObject("Admin Console ePulse Menu/Account Settings/Oaths/Add_Edit Oath/Oath Instructions"), "Oath Instructions"): Text 'Oath Instructions' is set on object 'Object Repository/Admin Console ePulse Menu/Account Settings/Oaths/Add_Edit Oath/Oath Instructions'

2019-01-31 15:28:14 - [MESSAGE][PASSED] - Text 'Oath Instructions' is set on object 'Object Repository/Admin Console ePulse Menu/Account Settings/Oaths/Add_Edit Oath/Oath Instructions'

2019-01-31 15:28:14 - [TEST_STEP][PASSED] - setText(findTestObject("Admin Console ePulse Menu/Account Settings/Oaths/Add_Edit Oath/Customized Oath Text Area"), "Customize the oath displayed to voters"): Text 'Customize the oath displayed to voters' is set on object 'Object Repository/Admin Console ePulse Menu/Account Settings/Oaths/Add_Edit Oath/Customized Oath Text Area'

2019-01-31 15:28:14 - [MESSAGE][PASSED] - Text 'Customize the oath displayed to voters' is set on object 'Object Repository/Admin Console ePulse Menu/Account Settings/Oaths/Add_Edit Oath/Customized Oath Text Area'

2019-01-31 15:28:14 - [TEST_STEP][PASSED] - click(findTestObject("Admin Console ePulse Menu/Account Settings/Oaths/Add_Edit Oath/Oath Type Dropdown")): Object: 'Object Repository/Admin Console ePulse Menu/Account Settings/Oaths/Add_Edit Oath/Oath Type Dropdown' is clicked on

2019-01-31 15:28:14 - [MESSAGE][PASSED] - Object: 'Object Repository/Admin Console ePulse Menu/Account Settings/Oaths/Add_Edit Oath/Oath Type Dropdown' is clicked on

2019-01-31 15:28:14 - [TEST_STEP][PASSED] - click(findTestObject("Admin Console ePulse Menu/Account Settings/Oaths/Add_Edit Oath/Voter Check In Signing Pa"), STOP_ON_FAILURE): Object: 'Object Repository/Admin Console ePulse Menu/Account Settings/Oaths/Add_Edit Oath/Voter Check In Signing Pa' is clicked on

2019-01-31 15:28:14 - [MESSAGE][PASSED] - Object: 'Object Repository/Admin Console ePulse Menu/Account Settings/Oaths/Add_Edit Oath/Voter Check In Signing Pa' is clicked on

2019-01-31 15:28:14 - [TEST_STEP][PASSED] - click(findTestObject("Admin Console ePulse Menu/Account Settings/Oaths/Add_Edit Oath/Submit")): Object: 'Object Repository/Admin Console ePulse Menu/Account Settings/Oaths/Add_Edit Oath/Submit' is clicked on

2019-01-31 15:28:14 - [MESSAGE][PASSED] - Object: 'Object Repository/Admin Console ePulse Menu/Account Settings/Oaths/Add_Edit Oath/Submit' is clicked on

2019-01-31 15:28:14 - [TEST_STEP][PASSED] - delay(1, STOP_ON_FAILURE): Delayed 1 second(s)

2019-01-31 15:28:15 - [MESSAGE][PASSED] - Delayed 1 second(s)

2019-01-31 15:28:15 - [TEST_STEP][PASSED] - click(findTestObject("Admin Console ePulse Menu/Account Settings/Oaths/New Oath")): Object: 'Object Repository/Admin Console ePulse Menu/Account Settings/Oaths/New Oath' is clicked on

2019-01-31 15:28:15 - [MESSAGE][PASSED] - Object: 'Object Repository/Admin Console ePulse Menu/Account Settings/Oaths/New Oath' is clicked on

2019-01-31 15:28:15 - [TEST_STEP][PASSED] - setText(findTestObject("Admin Console ePulse Menu/Account Settings/Oaths/Add_Edit Oath/Oath Name"), "Allow Voter to Vote"): Text 'Allow Voter to Vote' is set on object 'Object Repository/Admin Console ePulse Menu/Account Settings/Oaths/Add_Edit Oath/Oath Name'

2019-01-31 15:28:16 - [MESSAGE][PASSED] - Text 'Allow Voter to Vote' is set on object 'Object Repository/Admin Console ePulse Menu/Account Settings/Oaths/Add_Edit Oath/Oath Name'

2019-01-31 15:28:16 - [TEST_STEP][PASSED] - setText(findTestObject("Admin Console ePulse Menu/Account Settings/Oaths/Add_Edit Oath/Oath Instructions"), "Oath Instructions"): Text 'Oath Instructions' is set on object 'Object Repository/Admin Console ePulse Menu/Account Settings/Oaths/Add_Edit Oath/Oath Instructions'

2019-01-31 15:28:16 - [MESSAGE][PASSED] - Text 'Oath Instructions' is set on object 'Object Repository/Admin Console ePulse Menu/Account Settings/Oaths/Add_Edit Oath/Oath Instructions'

2019-01-31 15:28:16 - [TEST_STEP][PASSED] - setText(findTestObject("Admin Console ePulse Menu/Account Settings/Oaths/Add_Edit Oath/Customized Oath Text Area"), "Customize the oath displayed to voters"): Text 'Customize the oath displayed to voters' is set on object 'Object Repository/Admin Console ePulse Menu/Account Settings/Oaths/Add_Edit Oath/Customized Oath Text Area'

2019-01-31 15:28:16 - [MESSAGE][PASSED] - Text 'Customize the oath displayed to voters' is set on object 'Object Repository/Admin Console ePulse Menu/Account Settings/Oaths/Add_Edit Oath/Customized Oath Text Area'

2019-01-31 15:28:16 - [TEST_STEP][PASSED] - click(findTestObject("Admin Console ePulse Menu/Account Settings/Oaths/Add_Edit Oath/Oath Type Dropdown")): Object: 'Object Repository/Admin Console ePulse Menu/Account Settings/Oaths/Add_Edit Oath/Oath Type Dropdown' is clicked on

2019-01-31 15:28:16 - [MESSAGE][PASSED] - Object: 'Object Repository/Admin Console ePulse Menu/Account Settings/Oaths/Add_Edit Oath/Oath Type Dropdown' is clicked on

2019-01-31 15:28:16 - [TEST_STEP][PASSED] - click(findTestObject("Admin Console ePulse Menu/Account Settings/Oaths/Add_Edit Oath/Allow Voter To Vote"), STOP_ON_FAILURE): Object: 'Object Repository/Admin Console ePulse Menu/Account Settings/Oaths/Add_Edit Oath/Allow Voter To Vote' is clicked on

2019-01-31 15:28:16 - [MESSAGE][PASSED] - Object: 'Object Repository/Admin Console ePulse Menu/Account Settings/Oaths/Add_Edit Oath/Allow Voter To Vote' is clicked on

2019-01-31 15:28:16 - [TEST_STEP][PASSED] - click(findTestObject("Admin Console ePulse Menu/Account Settings/Oaths/Add_Edit Oath/Submit")): Object: 'Object Repository/Admin Console ePulse Menu/Account Settings/Oaths/Add_Edit Oath/Submit' is clicked on

2019-01-31 15:28:16 - [MESSAGE][PASSED] - Object: 'Object Repository/Admin Console ePulse Menu/Account Settings/Oaths/Add_Edit Oath/Submit' is clicked on

2019-01-31 15:28:16 - [TEST_STEP][PASSED] - delay(2): Delayed 2 second(s)

2019-01-31 15:28:18 - [MESSAGE][PASSED] - Delayed 2 second(s)

2019-01-31 15:28:18 - [TEST_STEP][PASSED] - click(findTestObject("Admin Console ePulse Menu/Account Settings/Oaths/New Oath")): Object: 'Object Repository/Admin Console ePulse Menu/Account Settings/Oaths/New Oath' is clicked on

2019-01-31 15:28:18 - [MESSAGE][PASSED] - Object: 'Object Repository/Admin Console ePulse Menu/Account Settings/Oaths/New Oath' is clicked on

2019-01-31 15:28:18 - [TEST_STEP][PASSED] - setText(findTestObject("Admin Console ePulse Menu/Account Settings/Oaths/Add_Edit Oath/Oath Name"), "Voter Check In Signing Page(Provisional"): Text 'Voter Check In Signing Page(Provisional' is set on object 'Object Repository/Admin Console ePulse Menu/Account Settings/Oaths/Add_Edit Oath/Oath Name'

2019-01-31 15:28:18 - [MESSAGE][PASSED] - Text 'Voter Check In Signing Page(Provisional' is set on object 'Object Repository/Admin Console ePulse Menu/Account Settings/Oaths/Add_Edit Oath/Oath Name'

2019-01-31 15:28:18 - [TEST_STEP][PASSED] - setText(findTestObject("Admin Console ePulse Menu/Account Settings/Oaths/Add_Edit Oath/Oath Instructions"), "Oath Instructions"): Text 'Oath Instructions' is set on object 'Object Repository/Admin Console ePulse Menu/Account Settings/Oaths/Add_Edit Oath/Oath Instructions'

2019-01-31 15:28:18 - [MESSAGE][PASSED] - Text 'Oath Instructions' is set on object 'Object Repository/Admin Console ePulse Menu/Account Settings/Oaths/Add_Edit Oath/Oath Instructions'

2019-01-31 15:28:18 - [TEST_STEP][PASSED] - setText(findTestObject("Admin Console ePulse Menu/Account Settings/Oaths/Add_Edit Oath/Customized Oath Text Area"), "Customize the oath displayed to voters"): Text 'Customize the oath displayed to voters' is set on object 'Object Repository/Admin Console ePulse Menu/Account Settings/Oaths/Add_Edit Oath/Customized Oath Text Area'

2019-01-31 15:28:19 - [MESSAGE][PASSED] - Text 'Customize the oath displayed to voters' is set on object 'Object Repository/Admin Console ePulse Menu/Account Settings/Oaths/Add_Edit Oath/Customized Oath Text Area'

2019-01-31 15:28:19 - [TEST_STEP][PASSED] - click(findTestObject("Admin Console ePulse Menu/Account Settings/Oaths/Add_Edit Oath/Oath Type Dropdown")): Object: 'Object Repository/Admin Console ePulse Menu/Account Settings/Oaths/Add_Edit Oath/Oath Type Dropdown' is clicked on

2019-01-31 15:28:19 - [MESSAGE][PASSED] - Object: 'Object Repository/Admin Console ePulse Menu/Account Settings/Oaths/Add_Edit Oath/Oath Type Dropdown' is clicked on

2019-01-31 15:28:19 - [TEST_STEP][PASSED] - click(findTestObject("Admin Console ePulse Menu/Account Settings/Oaths/Add_Edit Oath/Voter Check In Signing Pa"), STOP_ON_FAILURE): Object: 'Object Repository/Admin Console ePulse Menu/Account Settings/Oaths/Add_Edit Oath/Voter Check In Signing Pa' is clicked on

2019-01-31 15:28:19 - [MESSAGE][PASSED] - Object: 'Object Repository/Admin Console ePulse Menu/Account Settings/Oaths/Add_Edit Oath/Voter Check In Signing Pa' is clicked on

2019-01-31 15:28:19 - [TEST_STEP][PASSED] - click(findTestObject("Admin Console ePulse Menu/Account Settings/Oaths/Add_Edit Oath/Submit")): Object: 'Object Repository/Admin Console ePulse Menu/Account Settings/Oaths/Add_Edit Oath/Submit' is clicked on

2019-01-31 15:28:19 - [MESSAGE][PASSED] - Object: 'Object Repository/Admin Console ePulse Menu/Account Settings/Oaths/Add_Edit Oath/Submit' is clicked on

2019-01-31 15:28:19 - [TEST_STEP][PASSED] - delay(1): Delayed 1 second(s)

2019-01-31 15:28:20 - [MESSAGE][PASSED] - Delayed 1 second(s)

2019-01-31 15:28:20 - [TEST_STEP][PASSED] - click(findTestObject("Admin Console ePulse Menu/Account Settings/Oaths/New Oath")): Object: 'Object Repository/Admin Console ePulse Menu/Account Settings/Oaths/New Oath' is clicked on

2019-01-31 15:28:20 - [MESSAGE][PASSED] - Object: 'Object Repository/Admin Console ePulse Menu/Account Settings/Oaths/New Oath' is clicked on

2019-01-31 15:28:20 - [TEST_STEP][PASSED] - setText(findTestObject("Admin Console ePulse Menu/Account Settings/Oaths/Add_Edit Oath/Oath Name"), "Similar Name Affidavit"): Text 'Similar Name Affidavit' is set on object 'Object Repository/Admin Console ePulse Menu/Account Settings/Oaths/Add_Edit Oath/Oath Name'

2019-01-31 15:28:20 - [MESSAGE][PASSED] - Text 'Similar Name Affidavit' is set on object 'Object Repository/Admin Console ePulse Menu/Account Settings/Oaths/Add_Edit Oath/Oath Name'

2019-01-31 15:28:20 - [TEST_STEP][PASSED] - setText(findTestObject("Admin Console ePulse Menu/Account Settings/Oaths/Add_Edit Oath/Oath Instructions"), "Oath Instructions"): Text 'Oath Instructions' is set on object 'Object Repository/Admin Console ePulse Menu/Account Settings/Oaths/Add_Edit Oath/Oath Instructions'

2019-01-31 15:28:20 - [MESSAGE][PASSED] - Text 'Oath Instructions' is set on object 'Object Repository/Admin Console ePulse Menu/Account Settings/Oaths/Add_Edit Oath/Oath Instructions'

2019-01-31 15:28:20 - [TEST_STEP][PASSED] - setText(findTestObject("Admin Console ePulse Menu/Account Settings/Oaths/Add_Edit Oath/Customized Oath Text Area"), "Customize the oath displayed to voters"): Text 'Customize the oath displayed to voters' is set on object 'Object Repository/Admin Console ePulse Menu/Account Settings/Oaths/Add_Edit Oath/Customized Oath Text Area'

2019-01-31 15:28:20 - [MESSAGE][PASSED] - Text 'Customize the oath displayed to voters' is set on object 'Object Repository/Admin Console ePulse Menu/Account Settings/Oaths/Add_Edit Oath/Customized Oath Text Area'

2019-01-31 15:28:20 - [TEST_STEP][PASSED] - click(findTestObject("Admin Console ePulse Menu/Account Settings/Oaths/Add_Edit Oath/Oath Type Dropdown")): Object: 'Object Repository/Admin Console ePulse Menu/Account Settings/Oaths/Add_Edit Oath/Oath Type Dropdown' is clicked on

2019-01-31 15:28:20 - [MESSAGE][PASSED] - Object: 'Object Repository/Admin Console ePulse Menu/Account Settings/Oaths/Add_Edit Oath/Oath Type Dropdown' is clicked on

2019-01-31 15:28:20 - [TEST_STEP][PASSED] - click(findTestObject("Admin Console ePulse Menu/Account Settings/Oaths/Add_Edit Oath/Similar Name Affidavit"), STOP_ON_FAILURE): Object: 'Object Repository/Admin Console ePulse Menu/Account Settings/Oaths/Add_Edit Oath/Similar Name Affidavit' is clicked on

2019-01-31 15:28:21 - [MESSAGE][PASSED] - Object: 'Object Repository/Admin Console ePulse Menu/Account Settings/Oaths/Add_Edit Oath/Similar Name Affidavit' is clicked on

2019-01-31 15:28:21 - [TEST_STEP][PASSED] - click(findTestObject("Admin Console ePulse Menu/Account Settings/Oaths/Add_Edit Oath/Submit")): Object: 'Object Repository/Admin Console ePulse Menu/Account Settings/Oaths/Add_Edit Oath/Submit' is clicked on

2019-01-31 15:28:21 - [MESSAGE][PASSED] - Object: 'Object Repository/Admin Console ePulse Menu/Account Settings/Oaths/Add_Edit Oath/Submit' is clicked on

2019-01-31 15:28:21 - [TEST_STEP][PASSED] - delay(1): Delayed 1 second(s)

2019-01-31 15:28:22 - [MESSAGE][PASSED] - Delayed 1 second(s)

2019-01-31 15:28:22 - [TEST_STEP][PASSED] - click(findTestObject("Admin Console ePulse Menu/Account Settings/Oaths/New Oath")): Object: 'Object Repository/Admin Console ePulse Menu/Account Settings/Oaths/New Oath' is clicked on

2019-01-31 15:28:22 - [MESSAGE][PASSED] - Object: 'Object Repository/Admin Console ePulse Menu/Account Settings/Oaths/New Oath' is clicked on

2019-01-31 15:28:22 - [TEST_STEP][PASSED] - setText(findTestObject("Admin Console ePulse Menu/Account Settings/Oaths/Add_Edit Oath/Oath Name"), "Reasonable Impediment Declaration"): Text 'Reasonable Impediment Declaration' is set on object 'Object Repository/Admin Console ePulse Menu/Account Settings/Oaths/Add_Edit Oath/Oath Name'

2019-01-31 15:28:22 - [MESSAGE][PASSED] - Text 'Reasonable Impediment Declaration' is set on object 'Object Repository/Admin Console ePulse Menu/Account Settings/Oaths/Add_Edit Oath/Oath Name'

2019-01-31 15:28:22 - [TEST_STEP][PASSED] - setText(findTestObject("Admin Console ePulse Menu/Account Settings/Oaths/Add_Edit Oath/Oath Instructions"), "Oath Instructions"): Text 'Oath Instructions' is set on object 'Object Repository/Admin Console ePulse Menu/Account Settings/Oaths/Add_Edit Oath/Oath Instructions'

2019-01-31 15:28:22 - [MESSAGE][PASSED] - Text 'Oath Instructions' is set on object 'Object Repository/Admin Console ePulse Menu/Account Settings/Oaths/Add_Edit Oath/Oath Instructions'

2019-01-31 15:28:22 - [TEST_STEP][PASSED] - setText(findTestObject("Admin Console ePulse Menu/Account Settings/Oaths/Add_Edit Oath/Customized Oath Text Area"), "Customize the oath displayed to voters"): Text 'Customize the oath displayed to voters' is set on object 'Object Repository/Admin Console ePulse Menu/Account Settings/Oaths/Add_Edit Oath/Customized Oath Text Area'

2019-01-31 15:28:22 - [MESSAGE][PASSED] - Text 'Customize the oath displayed to voters' is set on object 'Object Repository/Admin Console ePulse Menu/Account Settings/Oaths/Add_Edit Oath/Customized Oath Text Area'

2019-01-31 15:28:22 - [TEST_STEP][PASSED] - click(findTestObject("Admin Console ePulse Menu/Account Settings/Oaths/Add_Edit Oath/Oath Type Dropdown")): Object: 'Object Repository/Admin Console ePulse Menu/Account Settings/Oaths/Add_Edit Oath/Oath Type Dropdown' is clicked on

2019-01-31 15:28:22 - [MESSAGE][PASSED] - Object: 'Object Repository/Admin Console ePulse Menu/Account Settings/Oaths/Add_Edit Oath/Oath Type Dropdown' is clicked on

2019-01-31 15:28:22 - [TEST_STEP][PASSED] - click(findTestObject("Admin Console ePulse Menu/Account Settings/Oaths/Add_Edit Oath/Reasonable Impediment Decla"), STOP_ON_FAILURE): Object: 'Object Repository/Admin Console ePulse Menu/Account Settings/Oaths/Add_Edit Oath/Reasonable Impediment Decla' is clicked on

2019-01-31 15:28:22 - [MESSAGE][PASSED] - Object: 'Object Repository/Admin Console ePulse Menu/Account Settings/Oaths/Add_Edit Oath/Reasonable Impediment Decla' is clicked on

2019-01-31 15:28:22 - [TEST_STEP][PASSED] - click(findTestObject("Admin Console ePulse Menu/Account Settings/Oaths/Add_Edit Oath/Submit")): Object: 'Object Repository/Admin Console ePulse Menu/Account Settings/Oaths/Add_Edit Oath/Submit' is clicked on

2019-01-31 15:28:22 - [MESSAGE][PASSED] - Object: 'Object Repository/Admin Console ePulse Menu/Account Settings/Oaths/Add_Edit Oath/Submit' is clicked on

2019-01-31 15:28:22 - [TEST_STEP][PASSED] - takeScreenshot(): Taking screenshot successfully

2019-01-31 15:28:23 - [MESSAGE][PASSED] - Taking screenshot successfully
[[ATTACHMENT|/Users/alonzomack/Katalon Studio/Regression/Reports/dev_staging ready/20190131_152208/1548970102963.png]]

2019-01-31 15:28:23 - [TEST_STEP][PASSED] - closeBrowser(): Browser is closed

2019-01-31 15:28:23 - [MESSAGE][PASSED] - Browser is closed]]></system-out>
         <system-err><![CDATA[]]></system-err>
      </testcase>
      <testcase name="Test Cases/Admin Console/Account Settings/Oaths()/Oaths - Filter - Type" classname="Test Cases/Admin Console/Account Settings/Oaths()/Oaths - Filter - Type" status="PASSED">
         <system-out><![CDATA[2019-01-31 15:28:25 - [TEST_CASE][PASSED] - Test Cases/Admin Console/Account Settings/Oaths()/Oaths - Filter - Type: Test Cases/Admin Console/Account Settings/Oaths()/Oaths - Filter - Type

2019-01-31 15:28:25 - [TEST_STEP][PASSED] - openBrowser(""): Browser is opened with url: ''

2019-01-31 15:28:25 - [MESSAGE][INFO] - Starting 'Chrome' driver

2019-01-31 15:28:26 - [MESSAGE][PASSED] - Browser is opened with url: ''

2019-01-31 15:28:26 - [TEST_STEP][PASSED] - navigateToUrl(URL): Navigate to 'https://dev.epulse.io' successfully

2019-01-31 15:28:27 - [MESSAGE][PASSED] - Navigate to 'https://dev.epulse.io' successfully

2019-01-31 15:28:27 - [TEST_STEP][PASSED] - setText(findTestObject("Login/Email Address"), User_email): Text 'alonzo.mack@knowink.com' is set on object 'Object Repository/Login/Email Address'

2019-01-31 15:28:28 - [MESSAGE][PASSED] - Text 'alonzo.mack@knowink.com' is set on object 'Object Repository/Login/Email Address'

2019-01-31 15:28:28 - [TEST_STEP][PASSED] - setEncryptedText(findTestObject("Login/Password"), Pswrd): Text ****** has been set on object 'Object Repository/Login/Password'

2019-01-31 15:28:28 - [MESSAGE][PASSED] - Text ****** has been set on object 'Object Repository/Login/Password'

2019-01-31 15:28:28 - [TEST_STEP][PASSED] - click(findTestObject("Login/Sign In")): Object: 'Object Repository/Login/Sign In' is clicked on

2019-01-31 15:28:28 - [MESSAGE][PASSED] - Object: 'Object Repository/Login/Sign In' is clicked on

2019-01-31 15:28:28 - [TEST_STEP][PASSED] - delay(1): Delayed 1 second(s)

2019-01-31 15:28:29 - [MESSAGE][PASSED] - Delayed 1 second(s)

2019-01-31 15:28:29 - [TEST_STEP][PASSED] - navigateToUrl(Oaths, STOP_ON_FAILURE): Navigate to 'https://am-automation-test.dev.epulse.io/account_oaths' successfully

2019-01-31 15:28:30 - [MESSAGE][PASSED] - Navigate to 'https://am-automation-test.dev.epulse.io/account_oaths' successfully

2019-01-31 15:28:30 - [TEST_STEP][PASSED] - delay(1): Delayed 1 second(s)

2019-01-31 15:28:31 - [MESSAGE][PASSED] - Delayed 1 second(s)

2019-01-31 15:28:31 - [TEST_STEP][PASSED] - click(findTestObject("Admin Console ePulse Menu/Account Settings/Oaths/TEMP/TEMP Type Filter/Filter Oath Types/Filter Type Dropdown")): Object: 'Object Repository/Admin Console ePulse Menu/Account Settings/Oaths/TEMP/TEMP Type Filter/Filter Oath Types/Filter Type Dropdown' is clicked on

2019-01-31 15:28:31 - [MESSAGE][PASSED] - Object: 'Object Repository/Admin Console ePulse Menu/Account Settings/Oaths/TEMP/TEMP Type Filter/Filter Oath Types/Filter Type Dropdown' is clicked on

2019-01-31 15:28:31 - [TEST_STEP][PASSED] - delay(1): Delayed 1 second(s)

2019-01-31 15:28:32 - [MESSAGE][PASSED] - Delayed 1 second(s)

2019-01-31 15:28:32 - [TEST_STEP][PASSED] - click(findTestObject("Admin Console ePulse Menu/Account Settings/Oaths/TEMP/TEMP Type Filter/Filter Oath Types/Apply Type Filters")): Object: 'Object Repository/Admin Console ePulse Menu/Account Settings/Oaths/TEMP/TEMP Type Filter/Filter Oath Types/Apply Type Filters' is clicked on

2019-01-31 15:28:32 - [MESSAGE][PASSED] - Object: 'Object Repository/Admin Console ePulse Menu/Account Settings/Oaths/TEMP/TEMP Type Filter/Filter Oath Types/Apply Type Filters' is clicked on

2019-01-31 15:28:32 - [TEST_STEP][PASSED] - delay(1): Delayed 1 second(s)

2019-01-31 15:28:33 - [MESSAGE][PASSED] - Delayed 1 second(s)

2019-01-31 15:28:33 - [TEST_STEP][PASSED] - click(findTestObject("Admin Console ePulse Menu/Account Settings/Oaths/TEMP/TEMP Type Filter/Filter Oath Types/Remove Filter Type ALL")): Object: 'Object Repository/Admin Console ePulse Menu/Account Settings/Oaths/TEMP/TEMP Type Filter/Filter Oath Types/Remove Filter Type ALL' is clicked on

2019-01-31 15:28:33 - [MESSAGE][PASSED] - Object: 'Object Repository/Admin Console ePulse Menu/Account Settings/Oaths/TEMP/TEMP Type Filter/Filter Oath Types/Remove Filter Type ALL' is clicked on

2019-01-31 15:28:33 - [TEST_STEP][PASSED] - delay(1): Delayed 1 second(s)

2019-01-31 15:28:34 - [MESSAGE][PASSED] - Delayed 1 second(s)

2019-01-31 15:28:34 - [TEST_STEP][PASSED] - click(findTestObject("Admin Console ePulse Menu/Account Settings/Oaths/TEMP/TEMP Type Filter/Filter Oath Types/Filter Type Dropdown")): Object: 'Object Repository/Admin Console ePulse Menu/Account Settings/Oaths/TEMP/TEMP Type Filter/Filter Oath Types/Filter Type Dropdown' is clicked on

2019-01-31 15:28:34 - [MESSAGE][PASSED] - Object: 'Object Repository/Admin Console ePulse Menu/Account Settings/Oaths/TEMP/TEMP Type Filter/Filter Oath Types/Filter Type Dropdown' is clicked on

2019-01-31 15:28:34 - [TEST_STEP][PASSED] - delay(1): Delayed 1 second(s)

2019-01-31 15:28:35 - [MESSAGE][PASSED] - Delayed 1 second(s)

2019-01-31 15:28:35 - [TEST_STEP][PASSED] - click(findTestObject("Admin Console ePulse Menu/Account Settings/Oaths/TEMP/TEMP Type Filter/Filter Oath Types/Filter Dropdown Options")): Object: 'Object Repository/Admin Console ePulse Menu/Account Settings/Oaths/TEMP/TEMP Type Filter/Filter Oath Types/Filter Dropdown Options' is clicked on

2019-01-31 15:28:35 - [MESSAGE][PASSED] - Object: 'Object Repository/Admin Console ePulse Menu/Account Settings/Oaths/TEMP/TEMP Type Filter/Filter Oath Types/Filter Dropdown Options' is clicked on

2019-01-31 15:28:35 - [TEST_STEP][PASSED] - delay(1): Delayed 1 second(s)

2019-01-31 15:28:36 - [MESSAGE][PASSED] - Delayed 1 second(s)

2019-01-31 15:28:36 - [TEST_STEP][PASSED] - click(findTestObject("Admin Console ePulse Menu/Account Settings/Oaths/TEMP/TEMP Type Filter/Filter Oath Types/Select Id Method")): Object: 'Object Repository/Admin Console ePulse Menu/Account Settings/Oaths/TEMP/TEMP Type Filter/Filter Oath Types/Select Id Method' is clicked on

2019-01-31 15:28:36 - [MESSAGE][PASSED] - Object: 'Object Repository/Admin Console ePulse Menu/Account Settings/Oaths/TEMP/TEMP Type Filter/Filter Oath Types/Select Id Method' is clicked on

2019-01-31 15:28:36 - [TEST_STEP][PASSED] - delay(1): Delayed 1 second(s)

2019-01-31 15:28:37 - [MESSAGE][PASSED] - Delayed 1 second(s)

2019-01-31 15:28:37 - [TEST_STEP][PASSED] - click(findTestObject("Admin Console ePulse Menu/Account Settings/Oaths/TEMP/TEMP Type Filter/Filter Oath Types/Apply Type Filters")): Object: 'Object Repository/Admin Console ePulse Menu/Account Settings/Oaths/TEMP/TEMP Type Filter/Filter Oath Types/Apply Type Filters' is clicked on

2019-01-31 15:28:38 - [MESSAGE][PASSED] - Object: 'Object Repository/Admin Console ePulse Menu/Account Settings/Oaths/TEMP/TEMP Type Filter/Filter Oath Types/Apply Type Filters' is clicked on

2019-01-31 15:28:38 - [TEST_STEP][PASSED] - delay(1): Delayed 1 second(s)

2019-01-31 15:28:39 - [MESSAGE][PASSED] - Delayed 1 second(s)

2019-01-31 15:28:39 - [TEST_STEP][PASSED] - click(findTestObject("Admin Console ePulse Menu/Account Settings/Oaths/TEMP/TEMP Type Filter/Filter Oath Types/Type Dropdown")): Object: 'Object Repository/Admin Console ePulse Menu/Account Settings/Oaths/TEMP/TEMP Type Filter/Filter Oath Types/Type Dropdown' is clicked on

2019-01-31 15:28:39 - [MESSAGE][PASSED] - Object: 'Object Repository/Admin Console ePulse Menu/Account Settings/Oaths/TEMP/TEMP Type Filter/Filter Oath Types/Type Dropdown' is clicked on

2019-01-31 15:28:39 - [TEST_STEP][PASSED] - delay(1): Delayed 1 second(s)

2019-01-31 15:28:40 - [MESSAGE][PASSED] - Delayed 1 second(s)

2019-01-31 15:28:40 - [TEST_STEP][PASSED] - click(findTestObject("Admin Console ePulse Menu/Account Settings/Oaths/TEMP/TEMP Type Filter/Filter Oath Types/Filter Type Dropdown")): Object: 'Object Repository/Admin Console ePulse Menu/Account Settings/Oaths/TEMP/TEMP Type Filter/Filter Oath Types/Filter Type Dropdown' is clicked on

2019-01-31 15:28:40 - [MESSAGE][PASSED] - Object: 'Object Repository/Admin Console ePulse Menu/Account Settings/Oaths/TEMP/TEMP Type Filter/Filter Oath Types/Filter Type Dropdown' is clicked on

2019-01-31 15:28:40 - [TEST_STEP][PASSED] - delay(1): Delayed 1 second(s)

2019-01-31 15:28:41 - [MESSAGE][PASSED] - Delayed 1 second(s)

2019-01-31 15:28:41 - [TEST_STEP][PASSED] - click(findTestObject("Admin Console ePulse Menu/Account Settings/Oaths/TEMP/TEMP Type Filter/Filter Oath Types/a_Id Method")): Object: 'Object Repository/Admin Console ePulse Menu/Account Settings/Oaths/TEMP/TEMP Type Filter/Filter Oath Types/a_Id Method' is clicked on

2019-01-31 15:28:41 - [MESSAGE][PASSED] - Object: 'Object Repository/Admin Console ePulse Menu/Account Settings/Oaths/TEMP/TEMP Type Filter/Filter Oath Types/a_Id Method' is clicked on

2019-01-31 15:28:41 - [TEST_STEP][PASSED] - delay(1): Delayed 1 second(s)

2019-01-31 15:28:42 - [MESSAGE][PASSED] - Delayed 1 second(s)

2019-01-31 15:28:42 - [TEST_STEP][PASSED] - click(findTestObject("Admin Console ePulse Menu/Account Settings/Oaths/TEMP/TEMP Type Filter/Filter Oath Types/li_Allow Voter To Vote")): Object: 'Object Repository/Admin Console ePulse Menu/Account Settings/Oaths/TEMP/TEMP Type Filter/Filter Oath Types/li_Allow Voter To Vote' is clicked on

2019-01-31 15:28:42 - [MESSAGE][PASSED] - Object: 'Object Repository/Admin Console ePulse Menu/Account Settings/Oaths/TEMP/TEMP Type Filter/Filter Oath Types/li_Allow Voter To Vote' is clicked on

2019-01-31 15:28:42 - [TEST_STEP][PASSED] - delay(1): Delayed 1 second(s)

2019-01-31 15:28:43 - [MESSAGE][PASSED] - Delayed 1 second(s)

2019-01-31 15:28:43 - [TEST_STEP][PASSED] - click(findTestObject("Admin Console ePulse Menu/Account Settings/Oaths/TEMP/TEMP Type Filter/Filter Oath Types/Apply Type Filters")): Object: 'Object Repository/Admin Console ePulse Menu/Account Settings/Oaths/TEMP/TEMP Type Filter/Filter Oath Types/Apply Type Filters' is clicked on

2019-01-31 15:28:43 - [MESSAGE][PASSED] - Object: 'Object Repository/Admin Console ePulse Menu/Account Settings/Oaths/TEMP/TEMP Type Filter/Filter Oath Types/Apply Type Filters' is clicked on

2019-01-31 15:28:43 - [TEST_STEP][PASSED] - delay(1): Delayed 1 second(s)

2019-01-31 15:28:44 - [MESSAGE][PASSED] - Delayed 1 second(s)

2019-01-31 15:28:44 - [TEST_STEP][PASSED] - click(findTestObject("Admin Console ePulse Menu/Account Settings/Oaths/TEMP/TEMP Type Filter/Filter Oath Types/span_Type Allow Voter To Vote_")): Object: 'Object Repository/Admin Console ePulse Menu/Account Settings/Oaths/TEMP/TEMP Type Filter/Filter Oath Types/span_Type Allow Voter To Vote_' is clicked on

2019-01-31 15:28:44 - [MESSAGE][PASSED] - Object: 'Object Repository/Admin Console ePulse Menu/Account Settings/Oaths/TEMP/TEMP Type Filter/Filter Oath Types/span_Type Allow Voter To Vote_' is clicked on

2019-01-31 15:28:44 - [TEST_STEP][PASSED] - delay(1): Delayed 1 second(s)

2019-01-31 15:28:45 - [MESSAGE][PASSED] - Delayed 1 second(s)

2019-01-31 15:28:45 - [TEST_STEP][PASSED] - click(findTestObject("Admin Console ePulse Menu/Account Settings/Oaths/TEMP/TEMP Type Filter/Filter Oath Types/Filter Type Dropdown")): Object: 'Object Repository/Admin Console ePulse Menu/Account Settings/Oaths/TEMP/TEMP Type Filter/Filter Oath Types/Filter Type Dropdown' is clicked on

2019-01-31 15:28:45 - [MESSAGE][PASSED] - Object: 'Object Repository/Admin Console ePulse Menu/Account Settings/Oaths/TEMP/TEMP Type Filter/Filter Oath Types/Filter Type Dropdown' is clicked on

2019-01-31 15:28:45 - [TEST_STEP][PASSED] - delay(1): Delayed 1 second(s)

2019-01-31 15:28:46 - [MESSAGE][PASSED] - Delayed 1 second(s)

2019-01-31 15:28:46 - [TEST_STEP][PASSED] - click(findTestObject("Admin Console ePulse Menu/Account Settings/Oaths/TEMP/TEMP Type Filter/Filter Oath Types/a_Allow Voter To Vote")): Object: 'Object Repository/Admin Console ePulse Menu/Account Settings/Oaths/TEMP/TEMP Type Filter/Filter Oath Types/a_Allow Voter To Vote' is clicked on

2019-01-31 15:28:46 - [MESSAGE][PASSED] - Object: 'Object Repository/Admin Console ePulse Menu/Account Settings/Oaths/TEMP/TEMP Type Filter/Filter Oath Types/a_Allow Voter To Vote' is clicked on

2019-01-31 15:28:46 - [TEST_STEP][PASSED] - delay(1): Delayed 1 second(s)

2019-01-31 15:28:47 - [MESSAGE][PASSED] - Delayed 1 second(s)

2019-01-31 15:28:47 - [TEST_STEP][PASSED] - click(findTestObject("Admin Console ePulse Menu/Account Settings/Oaths/TEMP/TEMP Type Filter/Filter Oath Types/li_Similar Name Affidavit")): Object: 'Object Repository/Admin Console ePulse Menu/Account Settings/Oaths/TEMP/TEMP Type Filter/Filter Oath Types/li_Similar Name Affidavit' is clicked on

2019-01-31 15:28:47 - [MESSAGE][PASSED] - Object: 'Object Repository/Admin Console ePulse Menu/Account Settings/Oaths/TEMP/TEMP Type Filter/Filter Oath Types/li_Similar Name Affidavit' is clicked on

2019-01-31 15:28:47 - [TEST_STEP][PASSED] - delay(1): Delayed 1 second(s)

2019-01-31 15:28:48 - [MESSAGE][PASSED] - Delayed 1 second(s)

2019-01-31 15:28:48 - [TEST_STEP][PASSED] - click(findTestObject("Admin Console ePulse Menu/Account Settings/Oaths/TEMP/TEMP Type Filter/Filter Oath Types/Apply Type Filters")): Object: 'Object Repository/Admin Console ePulse Menu/Account Settings/Oaths/TEMP/TEMP Type Filter/Filter Oath Types/Apply Type Filters' is clicked on

2019-01-31 15:28:48 - [MESSAGE][PASSED] - Object: 'Object Repository/Admin Console ePulse Menu/Account Settings/Oaths/TEMP/TEMP Type Filter/Filter Oath Types/Apply Type Filters' is clicked on

2019-01-31 15:28:48 - [TEST_STEP][PASSED] - delay(1): Delayed 1 second(s)

2019-01-31 15:28:49 - [MESSAGE][PASSED] - Delayed 1 second(s)

2019-01-31 15:28:49 - [TEST_STEP][PASSED] - click(findTestObject("Admin Console ePulse Menu/Account Settings/Oaths/TEMP/TEMP Type Filter/Filter Oath Types/Remove Filter Similar Name Affidav")): Object: 'Object Repository/Admin Console ePulse Menu/Account Settings/Oaths/TEMP/TEMP Type Filter/Filter Oath Types/Remove Filter Similar Name Affidav' is clicked on

2019-01-31 15:28:49 - [MESSAGE][PASSED] - Object: 'Object Repository/Admin Console ePulse Menu/Account Settings/Oaths/TEMP/TEMP Type Filter/Filter Oath Types/Remove Filter Similar Name Affidav' is clicked on

2019-01-31 15:28:49 - [TEST_STEP][PASSED] - delay(1): Delayed 1 second(s)

2019-01-31 15:28:50 - [MESSAGE][PASSED] - Delayed 1 second(s)

2019-01-31 15:28:50 - [TEST_STEP][PASSED] - click(findTestObject("Admin Console ePulse Menu/Account Settings/Oaths/TEMP/TEMP Type Filter/Filter Oath Types/Filter Type Dropdown")): Object: 'Object Repository/Admin Console ePulse Menu/Account Settings/Oaths/TEMP/TEMP Type Filter/Filter Oath Types/Filter Type Dropdown' is clicked on

2019-01-31 15:28:50 - [MESSAGE][PASSED] - Object: 'Object Repository/Admin Console ePulse Menu/Account Settings/Oaths/TEMP/TEMP Type Filter/Filter Oath Types/Filter Type Dropdown' is clicked on

2019-01-31 15:28:50 - [TEST_STEP][PASSED] - delay(1): Delayed 1 second(s)

2019-01-31 15:28:51 - [MESSAGE][PASSED] - Delayed 1 second(s)

2019-01-31 15:28:51 - [TEST_STEP][PASSED] - click(findTestObject("Admin Console ePulse Menu/Account Settings/Oaths/TEMP/TEMP Type Filter/Filter Oath Types/a_Similar Name Affidavit")): Object: 'Object Repository/Admin Console ePulse Menu/Account Settings/Oaths/TEMP/TEMP Type Filter/Filter Oath Types/a_Similar Name Affidavit' is clicked on

2019-01-31 15:28:51 - [MESSAGE][PASSED] - Object: 'Object Repository/Admin Console ePulse Menu/Account Settings/Oaths/TEMP/TEMP Type Filter/Filter Oath Types/a_Similar Name Affidavit' is clicked on

2019-01-31 15:28:51 - [TEST_STEP][PASSED] - delay(1): Delayed 1 second(s)

2019-01-31 15:28:52 - [MESSAGE][PASSED] - Delayed 1 second(s)

2019-01-31 15:28:52 - [TEST_STEP][PASSED] - click(findTestObject("Admin Console ePulse Menu/Account Settings/Oaths/TEMP/TEMP Type Filter/Filter Oath Types/li_Reasonable Impediment Decla")): Object: 'Object Repository/Admin Console ePulse Menu/Account Settings/Oaths/TEMP/TEMP Type Filter/Filter Oath Types/li_Reasonable Impediment Decla' is clicked on

2019-01-31 15:28:53 - [MESSAGE][PASSED] - Object: 'Object Repository/Admin Console ePulse Menu/Account Settings/Oaths/TEMP/TEMP Type Filter/Filter Oath Types/li_Reasonable Impediment Decla' is clicked on

2019-01-31 15:28:53 - [TEST_STEP][PASSED] - delay(1): Delayed 1 second(s)

2019-01-31 15:28:54 - [MESSAGE][PASSED] - Delayed 1 second(s)

2019-01-31 15:28:54 - [TEST_STEP][PASSED] - click(findTestObject("Admin Console ePulse Menu/Account Settings/Oaths/TEMP/TEMP Type Filter/Filter Oath Types/Apply Type Filters")): Object: 'Object Repository/Admin Console ePulse Menu/Account Settings/Oaths/TEMP/TEMP Type Filter/Filter Oath Types/Apply Type Filters' is clicked on

2019-01-31 15:28:54 - [MESSAGE][PASSED] - Object: 'Object Repository/Admin Console ePulse Menu/Account Settings/Oaths/TEMP/TEMP Type Filter/Filter Oath Types/Apply Type Filters' is clicked on

2019-01-31 15:28:54 - [TEST_STEP][PASSED] - delay(1): Delayed 1 second(s)

2019-01-31 15:28:55 - [MESSAGE][PASSED] - Delayed 1 second(s)

2019-01-31 15:28:55 - [TEST_STEP][PASSED] - click(findTestObject("Admin Console ePulse Menu/Account Settings/Oaths/TEMP/TEMP Type Filter/Filter Oath Types/Remove Filter Reasonable Impediment")): Object: 'Object Repository/Admin Console ePulse Menu/Account Settings/Oaths/TEMP/TEMP Type Filter/Filter Oath Types/Remove Filter Reasonable Impediment' is clicked on

2019-01-31 15:28:55 - [MESSAGE][PASSED] - Object: 'Object Repository/Admin Console ePulse Menu/Account Settings/Oaths/TEMP/TEMP Type Filter/Filter Oath Types/Remove Filter Reasonable Impediment' is clicked on

2019-01-31 15:28:55 - [TEST_STEP][PASSED] - delay(1): Delayed 1 second(s)

2019-01-31 15:28:56 - [MESSAGE][PASSED] - Delayed 1 second(s)]]></system-out>
         <system-err><![CDATA[]]></system-err>
      </testcase>
      <testcase name="Test Cases/Admin Console/Account Settings/Oaths()/Oaths - Filter - Status" classname="Test Cases/Admin Console/Account Settings/Oaths()/Oaths - Filter - Status" status="PASSED">
         <system-out><![CDATA[2019-01-31 15:28:58 - [TEST_CASE][PASSED] - Test Cases/Admin Console/Account Settings/Oaths()/Oaths - Filter - Status: Test Cases/Admin Console/Account Settings/Oaths()/Oaths - Filter - Status

2019-01-31 15:28:58 - [TEST_STEP][PASSED] - openBrowser(""): Browser is opened with url: ''

2019-01-31 15:28:58 - [MESSAGE][WARNING] - A browser is already opened. Closing browser and opening a new one

2019-01-31 15:28:58 - [MESSAGE][INFO] - Starting 'Chrome' driver

2019-01-31 15:28:59 - [MESSAGE][PASSED] - Browser is opened with url: ''

2019-01-31 15:28:59 - [TEST_STEP][PASSED] - navigateToUrl(URL): Navigate to 'https://dev.epulse.io' successfully

2019-01-31 15:29:00 - [MESSAGE][PASSED] - Navigate to 'https://dev.epulse.io' successfully

2019-01-31 15:29:00 - [TEST_STEP][PASSED] - setText(findTestObject("Login/Email Address"), User_email): Text 'alonzo.mack@knowink.com' is set on object 'Object Repository/Login/Email Address'

2019-01-31 15:29:01 - [MESSAGE][PASSED] - Text 'alonzo.mack@knowink.com' is set on object 'Object Repository/Login/Email Address'

2019-01-31 15:29:01 - [TEST_STEP][PASSED] - setEncryptedText(findTestObject("Login/Password"), Pswrd): Text ****** has been set on object 'Object Repository/Login/Password'

2019-01-31 15:29:01 - [MESSAGE][PASSED] - Text ****** has been set on object 'Object Repository/Login/Password'

2019-01-31 15:29:01 - [TEST_STEP][PASSED] - click(findTestObject("Login/Sign In")): Object: 'Object Repository/Login/Sign In' is clicked on

2019-01-31 15:29:01 - [MESSAGE][PASSED] - Object: 'Object Repository/Login/Sign In' is clicked on

2019-01-31 15:29:01 - [TEST_STEP][PASSED] - delay(1): Delayed 1 second(s)

2019-01-31 15:29:02 - [MESSAGE][PASSED] - Delayed 1 second(s)

2019-01-31 15:29:02 - [TEST_STEP][PASSED] - navigateToUrl(Oaths, STOP_ON_FAILURE): Navigate to 'https://am-automation-test.dev.epulse.io/account_oaths' successfully

2019-01-31 15:29:03 - [MESSAGE][PASSED] - Navigate to 'https://am-automation-test.dev.epulse.io/account_oaths' successfully

2019-01-31 15:29:03 - [TEST_STEP][PASSED] - delay(1): Delayed 1 second(s)

2019-01-31 15:29:04 - [MESSAGE][PASSED] - Delayed 1 second(s)

2019-01-31 15:29:04 - [TEST_STEP][PASSED] - click(findTestObject("Admin Console ePulse Menu/Account Settings/Oaths/TEMP/Page_Epulse  am-Automation-test/Status Filter")): Object: 'Object Repository/Admin Console ePulse Menu/Account Settings/Oaths/TEMP/Page_Epulse  am-Automation-test/Status Filter' is clicked on

2019-01-31 15:29:04 - [MESSAGE][PASSED] - Object: 'Object Repository/Admin Console ePulse Menu/Account Settings/Oaths/TEMP/Page_Epulse  am-Automation-test/Status Filter' is clicked on

2019-01-31 15:29:04 - [TEST_STEP][PASSED] - delay(1): Delayed 1 second(s)

2019-01-31 15:29:05 - [MESSAGE][PASSED] - Delayed 1 second(s)

2019-01-31 15:29:05 - [TEST_STEP][PASSED] - click(findTestObject("Admin Console ePulse Menu/Account Settings/Oaths/TEMP/Page_Epulse  am-Automation-test/Apply Status Filters")): Object: 'Object Repository/Admin Console ePulse Menu/Account Settings/Oaths/TEMP/Page_Epulse  am-Automation-test/Apply Status Filters' is clicked on

2019-01-31 15:29:05 - [MESSAGE][PASSED] - Object: 'Object Repository/Admin Console ePulse Menu/Account Settings/Oaths/TEMP/Page_Epulse  am-Automation-test/Apply Status Filters' is clicked on

2019-01-31 15:29:05 - [TEST_STEP][PASSED] - delay(1): Delayed 1 second(s)

2019-01-31 15:29:06 - [MESSAGE][PASSED] - Delayed 1 second(s)

2019-01-31 15:29:06 - [TEST_STEP][PASSED] - click(findTestObject("Admin Console ePulse Menu/Account Settings/Oaths/TEMP/Page_Epulse  am-Automation-test/Close Current Status Filter")): Object: 'Object Repository/Admin Console ePulse Menu/Account Settings/Oaths/TEMP/Page_Epulse  am-Automation-test/Close Current Status Filter' is clicked on

2019-01-31 15:29:06 - [MESSAGE][PASSED] - Object: 'Object Repository/Admin Console ePulse Menu/Account Settings/Oaths/TEMP/Page_Epulse  am-Automation-test/Close Current Status Filter' is clicked on

2019-01-31 15:29:06 - [TEST_STEP][PASSED] - click(findTestObject("Admin Console ePulse Menu/Account Settings/Oaths/TEMP/Page_Epulse  am-Automation-test/Status Filter")): Object: 'Object Repository/Admin Console ePulse Menu/Account Settings/Oaths/TEMP/Page_Epulse  am-Automation-test/Status Filter' is clicked on

2019-01-31 15:29:07 - [MESSAGE][PASSED] - Object: 'Object Repository/Admin Console ePulse Menu/Account Settings/Oaths/TEMP/Page_Epulse  am-Automation-test/Status Filter' is clicked on

2019-01-31 15:29:07 - [TEST_STEP][PASSED] - selectOptionByValue(findTestObject("Admin Console ePulse Menu/Account Settings/Oaths/TEMP/Page_Epulse  am-Automation-test/Status Filter Dropdown"), "archived", true): All options with value 'archived' are selected in object 'Object Repository/Admin Console ePulse Menu/Account Settings/Oaths/TEMP/Page_Epulse  am-Automation-test/Status Filter Dropdown'  using regular expression

2019-01-31 15:29:07 - [MESSAGE][PASSED] - All options with value 'archived' are selected in object 'Object Repository/Admin Console ePulse Menu/Account Settings/Oaths/TEMP/Page_Epulse  am-Automation-test/Status Filter Dropdown'  using regular expression

2019-01-31 15:29:07 - [TEST_STEP][PASSED] - click(findTestObject("Admin Console ePulse Menu/Account Settings/Oaths/TEMP/Page_Epulse  am-Automation-test/Apply Status Filters")): Object: 'Object Repository/Admin Console ePulse Menu/Account Settings/Oaths/TEMP/Page_Epulse  am-Automation-test/Apply Status Filters' is clicked on

2019-01-31 15:29:07 - [MESSAGE][PASSED] - Object: 'Object Repository/Admin Console ePulse Menu/Account Settings/Oaths/TEMP/Page_Epulse  am-Automation-test/Apply Status Filters' is clicked on

2019-01-31 15:29:07 - [TEST_STEP][PASSED] - delay(1): Delayed 1 second(s)

2019-01-31 15:29:08 - [MESSAGE][PASSED] - Delayed 1 second(s)

2019-01-31 15:29:08 - [TEST_STEP][PASSED] - click(findTestObject("Admin Console ePulse Menu/Account Settings/Oaths/TEMP/Page_Epulse  am-Automation-test/Close Archived Status Filter")): Object: 'Object Repository/Admin Console ePulse Menu/Account Settings/Oaths/TEMP/Page_Epulse  am-Automation-test/Close Archived Status Filter' is clicked on

2019-01-31 15:29:08 - [MESSAGE][PASSED] - Object: 'Object Repository/Admin Console ePulse Menu/Account Settings/Oaths/TEMP/Page_Epulse  am-Automation-test/Close Archived Status Filter' is clicked on

2019-01-31 15:29:08 - [TEST_STEP][PASSED] - click(findTestObject("Admin Console ePulse Menu/Account Settings/Oaths/TEMP/Page_Epulse  am-Automation-test/Status Filter")): Object: 'Object Repository/Admin Console ePulse Menu/Account Settings/Oaths/TEMP/Page_Epulse  am-Automation-test/Status Filter' is clicked on

2019-01-31 15:29:08 - [MESSAGE][PASSED] - Object: 'Object Repository/Admin Console ePulse Menu/Account Settings/Oaths/TEMP/Page_Epulse  am-Automation-test/Status Filter' is clicked on

2019-01-31 15:29:08 - [TEST_STEP][PASSED] - selectOptionByValue(findTestObject("Admin Console ePulse Menu/Account Settings/Oaths/TEMP/Page_Epulse  am-Automation-test/Status Filter Dropdown"), "both", true): All options with value 'both' are selected in object 'Object Repository/Admin Console ePulse Menu/Account Settings/Oaths/TEMP/Page_Epulse  am-Automation-test/Status Filter Dropdown'  using regular expression

2019-01-31 15:29:08 - [MESSAGE][PASSED] - All options with value 'both' are selected in object 'Object Repository/Admin Console ePulse Menu/Account Settings/Oaths/TEMP/Page_Epulse  am-Automation-test/Status Filter Dropdown'  using regular expression

2019-01-31 15:29:08 - [TEST_STEP][PASSED] - click(findTestObject("Admin Console ePulse Menu/Account Settings/Oaths/TEMP/Page_Epulse  am-Automation-test/Apply Status Filters")): Object: 'Object Repository/Admin Console ePulse Menu/Account Settings/Oaths/TEMP/Page_Epulse  am-Automation-test/Apply Status Filters' is clicked on

2019-01-31 15:29:08 - [MESSAGE][PASSED] - Object: 'Object Repository/Admin Console ePulse Menu/Account Settings/Oaths/TEMP/Page_Epulse  am-Automation-test/Apply Status Filters' is clicked on

2019-01-31 15:29:08 - [TEST_STEP][PASSED] - delay(1): Delayed 1 second(s)

2019-01-31 15:29:09 - [MESSAGE][PASSED] - Delayed 1 second(s)

2019-01-31 15:29:09 - [TEST_STEP][PASSED] - click(findTestObject("Admin Console ePulse Menu/Account Settings/Oaths/TEMP/Page_Epulse  am-Automation-test/Close Both Status Filter")): Object: 'Object Repository/Admin Console ePulse Menu/Account Settings/Oaths/TEMP/Page_Epulse  am-Automation-test/Close Both Status Filter' is clicked on

2019-01-31 15:29:09 - [MESSAGE][PASSED] - Object: 'Object Repository/Admin Console ePulse Menu/Account Settings/Oaths/TEMP/Page_Epulse  am-Automation-test/Close Both Status Filter' is clicked on

2019-01-31 15:29:09 - [TEST_STEP][PASSED] - closeBrowser(): Browser is closed

2019-01-31 15:29:10 - [MESSAGE][PASSED] - Browser is closed]]></system-out>
         <system-err><![CDATA[]]></system-err>
      </testcase>
      <testcase name="Test Cases/Admin Console/Account Settings/Oaths()/Oaths - Delete" classname="Test Cases/Admin Console/Account Settings/Oaths()/Oaths - Delete" status="PASSED">
         <system-out><![CDATA[2019-01-31 15:29:12 - [TEST_CASE][PASSED] - Test Cases/Admin Console/Account Settings/Oaths()/Oaths - Delete: Test Cases/Admin Console/Account Settings/Oaths()/Oaths - Delete

2019-01-31 15:29:12 - [TEST_STEP][PASSED] - openBrowser(""): Browser is opened with url: ''

2019-01-31 15:29:12 - [MESSAGE][INFO] - Starting 'Chrome' driver

2019-01-31 15:29:13 - [MESSAGE][PASSED] - Browser is opened with url: ''

2019-01-31 15:29:13 - [TEST_STEP][PASSED] - navigateToUrl(URL): Navigate to 'https://dev.epulse.io' successfully

2019-01-31 15:29:14 - [MESSAGE][PASSED] - Navigate to 'https://dev.epulse.io' successfully

2019-01-31 15:29:14 - [TEST_STEP][PASSED] - setText(findTestObject("Login/Email Address"), User_email): Text 'alonzo.mack@knowink.com' is set on object 'Object Repository/Login/Email Address'

2019-01-31 15:29:14 - [MESSAGE][PASSED] - Text 'alonzo.mack@knowink.com' is set on object 'Object Repository/Login/Email Address'

2019-01-31 15:29:14 - [TEST_STEP][PASSED] - setEncryptedText(findTestObject("Login/Password"), Pswrd): Text ****** has been set on object 'Object Repository/Login/Password'

2019-01-31 15:29:15 - [MESSAGE][PASSED] - Text ****** has been set on object 'Object Repository/Login/Password'

2019-01-31 15:29:15 - [TEST_STEP][PASSED] - click(findTestObject("Login/Sign In")): Object: 'Object Repository/Login/Sign In' is clicked on

2019-01-31 15:29:15 - [MESSAGE][PASSED] - Object: 'Object Repository/Login/Sign In' is clicked on

2019-01-31 15:29:15 - [TEST_STEP][PASSED] - delay(1): Delayed 1 second(s)

2019-01-31 15:29:16 - [MESSAGE][PASSED] - Delayed 1 second(s)

2019-01-31 15:29:16 - [TEST_STEP][PASSED] - navigateToUrl(Oaths, STOP_ON_FAILURE): Navigate to 'https://am-automation-test.dev.epulse.io/account_oaths' successfully

2019-01-31 15:29:17 - [MESSAGE][PASSED] - Navigate to 'https://am-automation-test.dev.epulse.io/account_oaths' successfully

2019-01-31 15:29:17 - [TEST_STEP][PASSED] - delay(1): Delayed 1 second(s)

2019-01-31 15:29:18 - [MESSAGE][PASSED] - Delayed 1 second(s)

2019-01-31 15:29:18 - [TEST_STEP][PASSED] - click(findTestObject("Admin Console ePulse Menu/Account Settings/Oaths/Delete Displayed Oath")): Object: 'Object Repository/Admin Console ePulse Menu/Account Settings/Oaths/Delete Displayed Oath' is clicked on

2019-01-31 15:29:18 - [MESSAGE][PASSED] - Object: 'Object Repository/Admin Console ePulse Menu/Account Settings/Oaths/Delete Displayed Oath' is clicked on

2019-01-31 15:29:18 - [TEST_STEP][PASSED] - delay(1): Delayed 1 second(s)

2019-01-31 15:29:19 - [MESSAGE][PASSED] - Delayed 1 second(s)

2019-01-31 15:29:19 - [TEST_STEP][PASSED] - acceptAlert(STOP_ON_FAILURE): Alert accepted

2019-01-31 15:29:19 - [MESSAGE][PASSED] - Alert accepted

2019-01-31 15:29:19 - [TEST_STEP][PASSED] - delay(1): Delayed 1 second(s)

2019-01-31 15:29:20 - [MESSAGE][PASSED] - Delayed 1 second(s)

2019-01-31 15:29:20 - [TEST_STEP][PASSED] - click(findTestObject("Admin Console ePulse Menu/Account Settings/Oaths/Delete Displayed Oath")): Object: 'Object Repository/Admin Console ePulse Menu/Account Settings/Oaths/Delete Displayed Oath' is clicked on

2019-01-31 15:29:20 - [MESSAGE][PASSED] - Object: 'Object Repository/Admin Console ePulse Menu/Account Settings/Oaths/Delete Displayed Oath' is clicked on

2019-01-31 15:29:20 - [TEST_STEP][PASSED] - delay(1): Delayed 1 second(s)

2019-01-31 15:29:21 - [MESSAGE][PASSED] - Delayed 1 second(s)

2019-01-31 15:29:21 - [TEST_STEP][PASSED] - acceptAlert(STOP_ON_FAILURE): Alert accepted

2019-01-31 15:29:21 - [MESSAGE][PASSED] - Alert accepted

2019-01-31 15:29:21 - [TEST_STEP][PASSED] - delay(1): Delayed 1 second(s)

2019-01-31 15:29:22 - [MESSAGE][PASSED] - Delayed 1 second(s)

2019-01-31 15:29:22 - [TEST_STEP][PASSED] - click(findTestObject("Admin Console ePulse Menu/Account Settings/Oaths/Delete Displayed Oath")): Object: 'Object Repository/Admin Console ePulse Menu/Account Settings/Oaths/Delete Displayed Oath' is clicked on

2019-01-31 15:29:22 - [MESSAGE][PASSED] - Object: 'Object Repository/Admin Console ePulse Menu/Account Settings/Oaths/Delete Displayed Oath' is clicked on

2019-01-31 15:29:22 - [TEST_STEP][PASSED] - delay(1): Delayed 1 second(s)

2019-01-31 15:29:23 - [MESSAGE][PASSED] - Delayed 1 second(s)

2019-01-31 15:29:23 - [TEST_STEP][PASSED] - acceptAlert(STOP_ON_FAILURE): Alert accepted

2019-01-31 15:29:23 - [MESSAGE][PASSED] - Alert accepted

2019-01-31 15:29:23 - [TEST_STEP][PASSED] - delay(1): Delayed 1 second(s)

2019-01-31 15:29:24 - [MESSAGE][PASSED] - Delayed 1 second(s)

2019-01-31 15:29:24 - [TEST_STEP][PASSED] - click(findTestObject("Admin Console ePulse Menu/Account Settings/Oaths/Delete Displayed Oath")): Object: 'Object Repository/Admin Console ePulse Menu/Account Settings/Oaths/Delete Displayed Oath' is clicked on

2019-01-31 15:29:24 - [MESSAGE][PASSED] - Object: 'Object Repository/Admin Console ePulse Menu/Account Settings/Oaths/Delete Displayed Oath' is clicked on

2019-01-31 15:29:24 - [TEST_STEP][PASSED] - delay(1): Delayed 1 second(s)

2019-01-31 15:29:26 - [MESSAGE][PASSED] - Delayed 1 second(s)

2019-01-31 15:29:26 - [TEST_STEP][PASSED] - acceptAlert(STOP_ON_FAILURE): Alert accepted

2019-01-31 15:29:26 - [MESSAGE][PASSED] - Alert accepted

2019-01-31 15:29:26 - [TEST_STEP][PASSED] - delay(1): Delayed 1 second(s)

2019-01-31 15:29:27 - [MESSAGE][PASSED] - Delayed 1 second(s)

2019-01-31 15:29:27 - [TEST_STEP][PASSED] - click(findTestObject("Admin Console ePulse Menu/Account Settings/Oaths/Delete Displayed Oath")): Object: 'Object Repository/Admin Console ePulse Menu/Account Settings/Oaths/Delete Displayed Oath' is clicked on

2019-01-31 15:29:27 - [MESSAGE][PASSED] - Object: 'Object Repository/Admin Console ePulse Menu/Account Settings/Oaths/Delete Displayed Oath' is clicked on

2019-01-31 15:29:27 - [TEST_STEP][PASSED] - delay(1): Delayed 1 second(s)

2019-01-31 15:29:28 - [MESSAGE][PASSED] - Delayed 1 second(s)

2019-01-31 15:29:28 - [TEST_STEP][PASSED] - acceptAlert(STOP_ON_FAILURE): Alert accepted

2019-01-31 15:29:28 - [MESSAGE][PASSED] - Alert accepted

2019-01-31 15:29:28 - [TEST_STEP][PASSED] - delay(1): Delayed 1 second(s)

2019-01-31 15:29:29 - [MESSAGE][PASSED] - Delayed 1 second(s)

2019-01-31 15:29:29 - [TEST_STEP][PASSED] - click(findTestObject("Admin Console ePulse Menu/Account Settings/Oaths/Delete Displayed Oath")): Object: 'Object Repository/Admin Console ePulse Menu/Account Settings/Oaths/Delete Displayed Oath' is clicked on

2019-01-31 15:29:29 - [MESSAGE][PASSED] - Object: 'Object Repository/Admin Console ePulse Menu/Account Settings/Oaths/Delete Displayed Oath' is clicked on

2019-01-31 15:29:29 - [TEST_STEP][PASSED] - delay(1): Delayed 1 second(s)

2019-01-31 15:29:30 - [MESSAGE][PASSED] - Delayed 1 second(s)

2019-01-31 15:29:30 - [TEST_STEP][PASSED] - acceptAlert(STOP_ON_FAILURE): Alert accepted

2019-01-31 15:29:30 - [MESSAGE][PASSED] - Alert accepted

2019-01-31 15:29:30 - [TEST_STEP][PASSED] - delay(1): Delayed 1 second(s)

2019-01-31 15:29:31 - [MESSAGE][PASSED] - Delayed 1 second(s)

2019-01-31 15:29:31 - [TEST_STEP][PASSED] - closeBrowser(): Browser is closed

2019-01-31 15:29:31 - [MESSAGE][PASSED] - Browser is closed]]></system-out>
         <system-err><![CDATA[]]></system-err>
      </testcase>
      <testcase name="Test Cases/Admin Console/Account Settings/Oaths()/Oaths - Import" classname="Test Cases/Admin Console/Account Settings/Oaths()/Oaths - Import" status="FAILED">
         <failure type="FAILED" message="Test Cases/Admin Console/Account Settings/Oaths()/Oaths - Import FAILED.
Reason:
com.kms.katalon.core.exception.StepFailedException: Unable to click on object 'Object Repository/Common ePulse Objects/button_Done(working)' (Root cause: com.kms.katalon.core.webui.exception.WebElementNotFoundException: Web element with id: 'Object Repository/Common ePulse Objects/button_Done(working)' located by 'By.xpath: (.//*[normalize-space(text()) and normalize-space(.)='Done!'])[1]/following::button[1]' not found)
	at com.kms.katalon.core.keyword.internal.KeywordMain.stepFailed(KeywordMain.groovy:36)
	at com.kms.katalon.core.webui.keyword.internal.WebUIKeywordMain.stepFailed(WebUIKeywordMain.groovy:65)
	at com.kms.katalon.core.webui.keyword.internal.WebUIKeywordMain.runKeyword(WebUIKeywordMain.groovy:27)
	at com.kms.katalon.core.webui.keyword.builtin.ClickKeyword.click(ClickKeyword.groovy:86)
	at com.kms.katalon.core.webui.keyword.builtin.ClickKeyword.execute(ClickKeyword.groovy:67)
	at com.kms.katalon.core.keyword.internal.KeywordExecutor.executeKeywordForPlatform(KeywordExecutor.groovy:53)
	at com.kms.katalon.core.webui.keyword.WebUiBuiltInKeywords.click(WebUiBuiltInKeywords.groovy:616)
	at com.kms.katalon.core.webui.keyword.WebUiBuiltInKeywords$click$3.call(Unknown Source)
	at Oaths - Import.run(Oaths - Import:57)
	at com.kms.katalon.core.main.ScriptEngine.run(ScriptEngine.java:194)
	at com.kms.katalon.core.main.ScriptEngine.runScriptAsRawText(ScriptEngine.java:119)
	at com.kms.katalon.core.main.TestCaseExecutor.runScript(TestCaseExecutor.java:328)
	at com.kms.katalon.core.main.TestCaseExecutor.doExecute(TestCaseExecutor.java:319)
	at com.kms.katalon.core.main.TestCaseExecutor.processExecutionPhase(TestCaseExecutor.java:298)
	at com.kms.katalon.core.main.TestCaseExecutor.accessMainPhase(TestCaseExecutor.java:290)
	at com.kms.katalon.core.main.TestCaseExecutor.execute(TestCaseExecutor.java:224)
	at com.kms.katalon.core.main.TestSuiteExecutor.accessTestCaseMainPhase(TestSuiteExecutor.java:129)
	at com.kms.katalon.core.main.TestSuiteExecutor.accessTestSuiteMainPhase(TestSuiteExecutor.java:112)
	at com.kms.katalon.core.main.TestSuiteExecutor.execute(TestSuiteExecutor.java:81)
	at com.kms.katalon.core.main.TestCaseMain.startTestSuite(TestCaseMain.java:149)
	at com.kms.katalon.core.main.TestCaseMain$startTestSuite$0.call(Unknown Source)
	at TempTestSuite1548969729134.run(TempTestSuite1548969729134.groovy:36)
"/>
         <system-out><![CDATA[2019-01-31 15:29:33 - [TEST_CASE][FAILED] - Test Cases/Admin Console/Account Settings/Oaths()/Oaths - Import: Test Cases/Admin Console/Account Settings/Oaths()/Oaths - Import FAILED.
Reason:
com.kms.katalon.core.exception.StepFailedException: Unable to click on object 'Object Repository/Common ePulse Objects/button_Done(working)' (Root cause: com.kms.katalon.core.webui.exception.WebElementNotFoundException: Web element with id: 'Object Repository/Common ePulse Objects/button_Done(working)' located by 'By.xpath: (.//*[normalize-space(text()) and normalize-space(.)='Done!'])[1]/following::button[1]' not found)
	at com.kms.katalon.core.keyword.internal.KeywordMain.stepFailed(KeywordMain.groovy:36)
	at com.kms.katalon.core.webui.keyword.internal.WebUIKeywordMain.stepFailed(WebUIKeywordMain.groovy:65)
	at com.kms.katalon.core.webui.keyword.internal.WebUIKeywordMain.runKeyword(WebUIKeywordMain.groovy:27)
	at com.kms.katalon.core.webui.keyword.builtin.ClickKeyword.click(ClickKeyword.groovy:86)
	at com.kms.katalon.core.webui.keyword.builtin.ClickKeyword.execute(ClickKeyword.groovy:67)
	at com.kms.katalon.core.keyword.internal.KeywordExecutor.executeKeywordForPlatform(KeywordExecutor.groovy:53)
	at com.kms.katalon.core.webui.keyword.WebUiBuiltInKeywords.click(WebUiBuiltInKeywords.groovy:616)
	at com.kms.katalon.core.webui.keyword.WebUiBuiltInKeywords$click$3.call(Unknown Source)
	at Oaths - Import.run(Oaths - Import:57)
	at com.kms.katalon.core.main.ScriptEngine.run(ScriptEngine.java:194)
	at com.kms.katalon.core.main.ScriptEngine.runScriptAsRawText(ScriptEngine.java:119)
	at com.kms.katalon.core.main.TestCaseExecutor.runScript(TestCaseExecutor.java:328)
	at com.kms.katalon.core.main.TestCaseExecutor.doExecute(TestCaseExecutor.java:319)
	at com.kms.katalon.core.main.TestCaseExecutor.processExecutionPhase(TestCaseExecutor.java:298)
	at com.kms.katalon.core.main.TestCaseExecutor.accessMainPhase(TestCaseExecutor.java:290)
	at com.kms.katalon.core.main.TestCaseExecutor.execute(TestCaseExecutor.java:224)
	at com.kms.katalon.core.main.TestSuiteExecutor.accessTestCaseMainPhase(TestSuiteExecutor.java:129)
	at com.kms.katalon.core.main.TestSuiteExecutor.accessTestSuiteMainPhase(TestSuiteExecutor.java:112)
	at com.kms.katalon.core.main.TestSuiteExecutor.execute(TestSuiteExecutor.java:81)
	at com.kms.katalon.core.main.TestCaseMain.startTestSuite(TestCaseMain.java:149)
	at com.kms.katalon.core.main.TestCaseMain$startTestSuite$0.call(Unknown Source)
	at TempTestSuite1548969729134.run(TempTestSuite1548969729134.groovy:36)


2019-01-31 15:29:33 - [TEST_STEP][PASSED] - openBrowser(""): Browser is opened with url: ''

2019-01-31 15:29:33 - [MESSAGE][INFO] - Starting 'Chrome' driver

2019-01-31 15:29:34 - [MESSAGE][PASSED] - Browser is opened with url: ''

2019-01-31 15:29:34 - [TEST_STEP][PASSED] - navigateToUrl(URL): Navigate to 'https://dev.epulse.io' successfully

2019-01-31 15:29:35 - [MESSAGE][PASSED] - Navigate to 'https://dev.epulse.io' successfully

2019-01-31 15:29:35 - [TEST_STEP][PASSED] - setText(findTestObject("Login/Email Address"), User_email): Text 'alonzo.mack@knowink.com' is set on object 'Object Repository/Login/Email Address'

2019-01-31 15:29:36 - [MESSAGE][PASSED] - Text 'alonzo.mack@knowink.com' is set on object 'Object Repository/Login/Email Address'

2019-01-31 15:29:36 - [TEST_STEP][PASSED] - setEncryptedText(findTestObject("Login/Password"), Pswrd): Text ****** has been set on object 'Object Repository/Login/Password'

2019-01-31 15:29:36 - [MESSAGE][PASSED] - Text ****** has been set on object 'Object Repository/Login/Password'

2019-01-31 15:29:36 - [TEST_STEP][PASSED] - click(findTestObject("Login/Sign In")): Object: 'Object Repository/Login/Sign In' is clicked on

2019-01-31 15:29:36 - [MESSAGE][PASSED] - Object: 'Object Repository/Login/Sign In' is clicked on

2019-01-31 15:29:36 - [TEST_STEP][PASSED] - delay(1): Delayed 1 second(s)

2019-01-31 15:29:37 - [MESSAGE][PASSED] - Delayed 1 second(s)

2019-01-31 15:29:37 - [TEST_STEP][PASSED] - navigateToUrl(Oaths_Imports, STOP_ON_FAILURE): Navigate to 'https://am-automation-test.dev.epulse.io/imports/account_oath' successfully

2019-01-31 15:29:38 - [MESSAGE][PASSED] - Navigate to 'https://am-automation-test.dev.epulse.io/imports/account_oath' successfully

2019-01-31 15:29:38 - [TEST_STEP][PASSED] - delay(1): Delayed 1 second(s)

2019-01-31 15:29:39 - [MESSAGE][PASSED] - Delayed 1 second(s)

2019-01-31 15:29:39 - [TEST_STEP][PASSED] - setText(findTestObject("Common ePulse Objects/Choose File"), "/Users/alonzomack/Downloads/oaths.csv"): Text '/Users/alonzomack/Downloads/oaths.csv' is set on object 'Object Repository/Common ePulse Objects/Choose File'

2019-01-31 15:29:39 - [MESSAGE][PASSED] - Text '/Users/alonzomack/Downloads/oaths.csv' is set on object 'Object Repository/Common ePulse Objects/Choose File'

2019-01-31 15:29:39 - [TEST_STEP][PASSED] - delay(1): Delayed 1 second(s)

2019-01-31 15:29:40 - [MESSAGE][PASSED] - Delayed 1 second(s)

2019-01-31 15:29:40 - [TEST_STEP][NOT_RUN] - click(findTestObject("Admin Console ePulse Menu/Account Settings/Oaths/Skip duplicates_slider")): NOT_RUN: click(findTestObject("Admin Console ePulse Menu/Account Settings/Oaths/Skip duplicates_slider"))

2019-01-31 15:29:40 - [MESSAGE][NOT_RUN] - NOT_RUN: click(findTestObject("Admin Console ePulse Menu/Account Settings/Oaths/Skip duplicates_slider"))

2019-01-31 15:29:40 - [TEST_STEP][PASSED] - delay(1): Delayed 1 second(s)

2019-01-31 15:29:41 - [MESSAGE][PASSED] - Delayed 1 second(s)

2019-01-31 15:29:41 - [TEST_STEP][PASSED] - click(findTestObject("Common ePulse Objects/Continue Button")): Object: 'Object Repository/Common ePulse Objects/Continue Button' is clicked on

2019-01-31 15:29:41 - [MESSAGE][PASSED] - Object: 'Object Repository/Common ePulse Objects/Continue Button' is clicked on

2019-01-31 15:29:41 - [TEST_STEP][PASSED] - delay(1): Delayed 1 second(s)

2019-01-31 15:29:42 - [MESSAGE][PASSED] - Delayed 1 second(s)

2019-01-31 15:29:42 - [TEST_STEP][FAILED] - click(findTestObject("Common ePulse Objects/button_Done(working)")): click(findTestObject("Common ePulse Objects/button_Done(working)")) FAILED.
Reason:
com.kms.katalon.core.exception.StepFailedException: Unable to click on object 'Object Repository/Common ePulse Objects/button_Done(working)' (Root cause: com.kms.katalon.core.webui.exception.WebElementNotFoundException: Web element with id: 'Object Repository/Common ePulse Objects/button_Done(working)' located by 'By.xpath: (.//*[normalize-space(text()) and normalize-space(.)='Done!'])[1]/following::button[1]' not found)
	at com.kms.katalon.core.keyword.internal.KeywordMain.stepFailed(KeywordMain.groovy:36)
	at com.kms.katalon.core.webui.keyword.internal.WebUIKeywordMain.stepFailed(WebUIKeywordMain.groovy:65)
	at com.kms.katalon.core.webui.keyword.internal.WebUIKeywordMain.runKeyword(WebUIKeywordMain.groovy:27)
	at com.kms.katalon.core.webui.keyword.builtin.ClickKeyword.click(ClickKeyword.groovy:86)
	at com.kms.katalon.core.webui.keyword.builtin.ClickKeyword.execute(ClickKeyword.groovy:67)
	at com.kms.katalon.core.keyword.internal.KeywordExecutor.executeKeywordForPlatform(KeywordExecutor.groovy:53)
	at com.kms.katalon.core.webui.keyword.WebUiBuiltInKeywords.click(WebUiBuiltInKeywords.groovy:616)
	at com.kms.katalon.core.webui.keyword.WebUiBuiltInKeywords$click$3.call(Unknown Source)
	at Oaths - Import.run(Oaths - Import:57)
	at com.kms.katalon.core.main.ScriptEngine.run(ScriptEngine.java:194)
	at com.kms.katalon.core.main.ScriptEngine.runScriptAsRawText(ScriptEngine.java:119)
	at com.kms.katalon.core.main.TestCaseExecutor.runScript(TestCaseExecutor.java:328)
	at com.kms.katalon.core.main.TestCaseExecutor.doExecute(TestCaseExecutor.java:319)
	at com.kms.katalon.core.main.TestCaseExecutor.processExecutionPhase(TestCaseExecutor.java:298)
	at com.kms.katalon.core.main.TestCaseExecutor.accessMainPhase(TestCaseExecutor.java:290)
	at com.kms.katalon.core.main.TestCaseExecutor.execute(TestCaseExecutor.java:224)
	at com.kms.katalon.core.main.TestSuiteExecutor.accessTestCaseMainPhase(TestSuiteExecutor.java:129)
	at com.kms.katalon.core.main.TestSuiteExecutor.accessTestSuiteMainPhase(TestSuiteExecutor.java:112)
	at com.kms.katalon.core.main.TestSuiteExecutor.execute(TestSuiteExecutor.java:81)
	at com.kms.katalon.core.main.TestCaseMain.startTestSuite(TestCaseMain.java:149)
	at com.kms.katalon.core.main.TestCaseMain$startTestSuite$0.call(Unknown Source)
	at TempTestSuite1548969729134.run(TempTestSuite1548969729134.groovy:36)


2019-01-31 15:29:58 - [MESSAGE][INFO] - Unable to find the element located by 'By.xpath: (.//*[normalize-space(text()) and normalize-space(.)='Done!'])[1]/following::button[1]'. Please recheck the objects properties to make sure the desired element is located. 

2019-01-31 15:29:58 - [MESSAGE][FAILED] - Unable to click on object 'Object Repository/Common ePulse Objects/button_Done(working)' (Root cause: com.kms.katalon.core.webui.exception.WebElementNotFoundException: Web element with id: 'Object Repository/Common ePulse Objects/button_Done(working)' located by 'By.xpath: (.//*[normalize-space(text()) and normalize-space(.)='Done!'])[1]/following::button[1]' not found)
[[ATTACHMENT|/Users/alonzomack/Katalon Studio/Regression/Reports/dev_staging ready/20190131_152208/1548970198246.png]]

2019-01-31 15:29:58 - [MESSAGE][FAILED] - click(findTestObject("Common ePulse Objects/button_Done(working)")) FAILED.
Reason:
com.kms.katalon.core.exception.StepFailedException: Unable to click on object 'Object Repository/Common ePulse Objects/button_Done(working)' (Root cause: com.kms.katalon.core.webui.exception.WebElementNotFoundException: Web element with id: 'Object Repository/Common ePulse Objects/button_Done(working)' located by 'By.xpath: (.//*[normalize-space(text()) and normalize-space(.)='Done!'])[1]/following::button[1]' not found)
	at com.kms.katalon.core.keyword.internal.KeywordMain.stepFailed(KeywordMain.groovy:36)
	at com.kms.katalon.core.webui.keyword.internal.WebUIKeywordMain.stepFailed(WebUIKeywordMain.groovy:65)
	at com.kms.katalon.core.webui.keyword.internal.WebUIKeywordMain.runKeyword(WebUIKeywordMain.groovy:27)
	at com.kms.katalon.core.webui.keyword.builtin.ClickKeyword.click(ClickKeyword.groovy:86)
	at com.kms.katalon.core.webui.keyword.builtin.ClickKeyword.execute(ClickKeyword.groovy:67)
	at com.kms.katalon.core.keyword.internal.KeywordExecutor.executeKeywordForPlatform(KeywordExecutor.groovy:53)
	at com.kms.katalon.core.webui.keyword.WebUiBuiltInKeywords.click(WebUiBuiltInKeywords.groovy:616)
	at com.kms.katalon.core.webui.keyword.WebUiBuiltInKeywords$click$3.call(Unknown Source)
	at Oaths - Import.run(Oaths - Import:57)
	at com.kms.katalon.core.main.ScriptEngine.run(ScriptEngine.java:194)
	at com.kms.katalon.core.main.ScriptEngine.runScriptAsRawText(ScriptEngine.java:119)
	at com.kms.katalon.core.main.TestCaseExecutor.runScript(TestCaseExecutor.java:328)
	at com.kms.katalon.core.main.TestCaseExecutor.doExecute(TestCaseExecutor.java:319)
	at com.kms.katalon.core.main.TestCaseExecutor.processExecutionPhase(TestCaseExecutor.java:298)
	at com.kms.katalon.core.main.TestCaseExecutor.accessMainPhase(TestCaseExecutor.java:290)
	at com.kms.katalon.core.main.TestCaseExecutor.execute(TestCaseExecutor.java:224)
	at com.kms.katalon.core.main.TestSuiteExecutor.accessTestCaseMainPhase(TestSuiteExecutor.java:129)
	at com.kms.katalon.core.main.TestSuiteExecutor.accessTestSuiteMainPhase(TestSuiteExecutor.java:112)
	at com.kms.katalon.core.main.TestSuiteExecutor.execute(TestSuiteExecutor.java:81)
	at com.kms.katalon.core.main.TestCaseMain.startTestSuite(TestCaseMain.java:149)
	at com.kms.katalon.core.main.TestCaseMain$startTestSuite$0.call(Unknown Source)
	at TempTestSuite1548969729134.run(TempTestSuite1548969729134.groovy:36)]]></system-out>
         <system-err><![CDATA[2019-01-31 15:29:33 - [TEST_CASE][FAILED] - Test Cases/Admin Console/Account Settings/Oaths()/Oaths - Import: Test Cases/Admin Console/Account Settings/Oaths()/Oaths - Import FAILED.
Reason:
com.kms.katalon.core.exception.StepFailedException: Unable to click on object 'Object Repository/Common ePulse Objects/button_Done(working)' (Root cause: com.kms.katalon.core.webui.exception.WebElementNotFoundException: Web element with id: 'Object Repository/Common ePulse Objects/button_Done(working)' located by 'By.xpath: (.//*[normalize-space(text()) and normalize-space(.)='Done!'])[1]/following::button[1]' not found)
	at com.kms.katalon.core.keyword.internal.KeywordMain.stepFailed(KeywordMain.groovy:36)
	at com.kms.katalon.core.webui.keyword.internal.WebUIKeywordMain.stepFailed(WebUIKeywordMain.groovy:65)
	at com.kms.katalon.core.webui.keyword.internal.WebUIKeywordMain.runKeyword(WebUIKeywordMain.groovy:27)
	at com.kms.katalon.core.webui.keyword.builtin.ClickKeyword.click(ClickKeyword.groovy:86)
	at com.kms.katalon.core.webui.keyword.builtin.ClickKeyword.execute(ClickKeyword.groovy:67)
	at com.kms.katalon.core.keyword.internal.KeywordExecutor.executeKeywordForPlatform(KeywordExecutor.groovy:53)
	at com.kms.katalon.core.webui.keyword.WebUiBuiltInKeywords.click(WebUiBuiltInKeywords.groovy:616)
	at com.kms.katalon.core.webui.keyword.WebUiBuiltInKeywords$click$3.call(Unknown Source)
	at Oaths - Import.run(Oaths - Import:57)
	at com.kms.katalon.core.main.ScriptEngine.run(ScriptEngine.java:194)
	at com.kms.katalon.core.main.ScriptEngine.runScriptAsRawText(ScriptEngine.java:119)
	at com.kms.katalon.core.main.TestCaseExecutor.runScript(TestCaseExecutor.java:328)
	at com.kms.katalon.core.main.TestCaseExecutor.doExecute(TestCaseExecutor.java:319)
	at com.kms.katalon.core.main.TestCaseExecutor.processExecutionPhase(TestCaseExecutor.java:298)
	at com.kms.katalon.core.main.TestCaseExecutor.accessMainPhase(TestCaseExecutor.java:290)
	at com.kms.katalon.core.main.TestCaseExecutor.execute(TestCaseExecutor.java:224)
	at com.kms.katalon.core.main.TestSuiteExecutor.accessTestCaseMainPhase(TestSuiteExecutor.java:129)
	at com.kms.katalon.core.main.TestSuiteExecutor.accessTestSuiteMainPhase(TestSuiteExecutor.java:112)
	at com.kms.katalon.core.main.TestSuiteExecutor.execute(TestSuiteExecutor.java:81)
	at com.kms.katalon.core.main.TestCaseMain.startTestSuite(TestCaseMain.java:149)
	at com.kms.katalon.core.main.TestCaseMain$startTestSuite$0.call(Unknown Source)
	at TempTestSuite1548969729134.run(TempTestSuite1548969729134.groovy:36)]]></system-err>
      </testcase>
      <testcase name="Test Cases/Admin Console/Account Settings/Oaths()/Oaths - Export" classname="Test Cases/Admin Console/Account Settings/Oaths()/Oaths - Export" status="PASSED">
         <system-out><![CDATA[2019-01-31 15:30:00 - [TEST_CASE][PASSED] - Test Cases/Admin Console/Account Settings/Oaths()/Oaths - Export: Test Cases/Admin Console/Account Settings/Oaths()/Oaths - Export

2019-01-31 15:30:00 - [TEST_STEP][PASSED] - openBrowser(""): Browser is opened with url: ''

2019-01-31 15:30:00 - [MESSAGE][WARNING] - A browser is already opened. Closing browser and opening a new one

2019-01-31 15:30:00 - [MESSAGE][INFO] - Starting 'Chrome' driver

2019-01-31 15:30:02 - [MESSAGE][PASSED] - Browser is opened with url: ''

2019-01-31 15:30:02 - [TEST_STEP][PASSED] - navigateToUrl(URL): Navigate to 'https://dev.epulse.io' successfully

2019-01-31 15:30:03 - [MESSAGE][PASSED] - Navigate to 'https://dev.epulse.io' successfully

2019-01-31 15:30:03 - [TEST_STEP][PASSED] - setText(findTestObject("Login/Email Address"), User_email): Text 'alonzo.mack@knowink.com' is set on object 'Object Repository/Login/Email Address'

2019-01-31 15:30:03 - [MESSAGE][PASSED] - Text 'alonzo.mack@knowink.com' is set on object 'Object Repository/Login/Email Address'

2019-01-31 15:30:03 - [TEST_STEP][PASSED] - setEncryptedText(findTestObject("Login/Password"), Pswrd): Text ****** has been set on object 'Object Repository/Login/Password'

2019-01-31 15:30:03 - [MESSAGE][PASSED] - Text ****** has been set on object 'Object Repository/Login/Password'

2019-01-31 15:30:03 - [TEST_STEP][PASSED] - click(findTestObject("Login/Sign In")): Object: 'Object Repository/Login/Sign In' is clicked on

2019-01-31 15:30:04 - [MESSAGE][PASSED] - Object: 'Object Repository/Login/Sign In' is clicked on

2019-01-31 15:30:04 - [TEST_STEP][PASSED] - delay(1): Delayed 1 second(s)

2019-01-31 15:30:05 - [MESSAGE][PASSED] - Delayed 1 second(s)

2019-01-31 15:30:05 - [TEST_STEP][PASSED] - navigateToUrl(Oaths): Navigate to 'https://am-automation-test.dev.epulse.io/account_oaths' successfully

2019-01-31 15:30:06 - [MESSAGE][PASSED] - Navigate to 'https://am-automation-test.dev.epulse.io/account_oaths' successfully

2019-01-31 15:30:06 - [TEST_STEP][PASSED] - delay(1): Delayed 1 second(s)

2019-01-31 15:30:07 - [MESSAGE][PASSED] - Delayed 1 second(s)

2019-01-31 15:30:07 - [TEST_STEP][PASSED] - click(findTestObject("Admin Console ePulse Menu/Account Settings/Oaths/Page_Epulse  am-Automation-test/Download")): Object: 'Object Repository/Admin Console ePulse Menu/Account Settings/Oaths/Page_Epulse  am-Automation-test/Download' is clicked on

2019-01-31 15:30:07 - [MESSAGE][PASSED] - Object: 'Object Repository/Admin Console ePulse Menu/Account Settings/Oaths/Page_Epulse  am-Automation-test/Download' is clicked on

2019-01-31 15:30:07 - [TEST_STEP][PASSED] - delay(1): Delayed 1 second(s)

2019-01-31 15:30:08 - [MESSAGE][PASSED] - Delayed 1 second(s)

2019-01-31 15:30:08 - [TEST_STEP][PASSED] - closeBrowser(STOP_ON_FAILURE): Browser is closed

2019-01-31 15:30:08 - [MESSAGE][PASSED] - Browser is closed]]></system-out>
         <system-err><![CDATA[]]></system-err>
      </testcase>
      <testcase name="Test Cases/Admin Console/Account Settings/Oaths()/Oaths - Edit" classname="Test Cases/Admin Console/Account Settings/Oaths()/Oaths - Edit" status="PASSED">
         <system-out><![CDATA[2019-01-31 15:30:10 - [TEST_CASE][PASSED] - Test Cases/Admin Console/Account Settings/Oaths()/Oaths - Edit: Test Cases/Admin Console/Account Settings/Oaths()/Oaths - Edit

2019-01-31 15:30:10 - [TEST_STEP][PASSED] - openBrowser(""): Browser is opened with url: ''

2019-01-31 15:30:10 - [MESSAGE][INFO] - Starting 'Chrome' driver

2019-01-31 15:30:11 - [MESSAGE][PASSED] - Browser is opened with url: ''

2019-01-31 15:30:11 - [TEST_STEP][PASSED] - navigateToUrl(URL): Navigate to 'https://dev.epulse.io' successfully

2019-01-31 15:30:12 - [MESSAGE][PASSED] - Navigate to 'https://dev.epulse.io' successfully

2019-01-31 15:30:12 - [TEST_STEP][PASSED] - setText(findTestObject("Login/Email Address"), User_email): Text 'alonzo.mack@knowink.com' is set on object 'Object Repository/Login/Email Address'

2019-01-31 15:30:13 - [MESSAGE][PASSED] - Text 'alonzo.mack@knowink.com' is set on object 'Object Repository/Login/Email Address'

2019-01-31 15:30:13 - [TEST_STEP][PASSED] - setEncryptedText(findTestObject("Login/Password"), Pswrd): Text ****** has been set on object 'Object Repository/Login/Password'

2019-01-31 15:30:13 - [MESSAGE][PASSED] - Text ****** has been set on object 'Object Repository/Login/Password'

2019-01-31 15:30:13 - [TEST_STEP][PASSED] - click(findTestObject("Login/Sign In")): Object: 'Object Repository/Login/Sign In' is clicked on

2019-01-31 15:30:13 - [MESSAGE][PASSED] - Object: 'Object Repository/Login/Sign In' is clicked on

2019-01-31 15:30:13 - [TEST_STEP][PASSED] - delay(1): Delayed 1 second(s)

2019-01-31 15:30:14 - [MESSAGE][PASSED] - Delayed 1 second(s)

2019-01-31 15:30:14 - [TEST_STEP][PASSED] - navigateToUrl(Oaths, STOP_ON_FAILURE): Navigate to 'https://am-automation-test.dev.epulse.io/account_oaths' successfully

2019-01-31 15:30:15 - [MESSAGE][PASSED] - Navigate to 'https://am-automation-test.dev.epulse.io/account_oaths' successfully

2019-01-31 15:30:15 - [TEST_STEP][PASSED] - delay(1): Delayed 1 second(s)

2019-01-31 15:30:16 - [MESSAGE][PASSED] - Delayed 1 second(s)

2019-01-31 15:30:16 - [TEST_STEP][PASSED] - click(findTestObject("Admin Console ePulse Menu/Account Settings/Oaths/Add_Edit Oath/Edit Displayed Oath")): Object: 'Object Repository/Admin Console ePulse Menu/Account Settings/Oaths/Add_Edit Oath/Edit Displayed Oath' is clicked on

2019-01-31 15:30:16 - [MESSAGE][PASSED] - Object: 'Object Repository/Admin Console ePulse Menu/Account Settings/Oaths/Add_Edit Oath/Edit Displayed Oath' is clicked on

2019-01-31 15:30:16 - [TEST_STEP][PASSED] - clearText(findTestObject("Admin Console ePulse Menu/Account Settings/Oaths/Add_Edit Oath/Edit_Name_account_oathname")): Text of object 'Object Repository/Admin Console ePulse Menu/Account Settings/Oaths/Add_Edit Oath/Edit_Name_account_oathname' is cleared

2019-01-31 15:30:16 - [MESSAGE][PASSED] - Text of object 'Object Repository/Admin Console ePulse Menu/Account Settings/Oaths/Add_Edit Oath/Edit_Name_account_oathname' is cleared

2019-01-31 15:30:16 - [TEST_STEP][PASSED] - setText(findTestObject("Admin Console ePulse Menu/Account Settings/Oaths/Add_Edit Oath/Edit_Name_account_oathname"), "Reasonable Impediment Declaration Edited"): Text 'Reasonable Impediment Declaration Edited' is set on object 'Object Repository/Admin Console ePulse Menu/Account Settings/Oaths/Add_Edit Oath/Edit_Name_account_oathname'

2019-01-31 15:30:17 - [MESSAGE][PASSED] - Text 'Reasonable Impediment Declaration Edited' is set on object 'Object Repository/Admin Console ePulse Menu/Account Settings/Oaths/Add_Edit Oath/Edit_Name_account_oathname'

2019-01-31 15:30:17 - [TEST_STEP][PASSED] - clearText(findTestObject("Admin Console ePulse Menu/Account Settings/Oaths/Add_Edit Oath/Edit Instructions")): Text of object 'Object Repository/Admin Console ePulse Menu/Account Settings/Oaths/Add_Edit Oath/Edit Instructions' is cleared

2019-01-31 15:30:17 - [MESSAGE][PASSED] - Text of object 'Object Repository/Admin Console ePulse Menu/Account Settings/Oaths/Add_Edit Oath/Edit Instructions' is cleared

2019-01-31 15:30:17 - [TEST_STEP][PASSED] - setText(findTestObject("Admin Console ePulse Menu/Account Settings/Oaths/Add_Edit Oath/Edit Instructions"), "Oath Instructions Edited"): Text 'Oath Instructions Edited' is set on object 'Object Repository/Admin Console ePulse Menu/Account Settings/Oaths/Add_Edit Oath/Edit Instructions'

2019-01-31 15:30:17 - [MESSAGE][PASSED] - Text 'Oath Instructions Edited' is set on object 'Object Repository/Admin Console ePulse Menu/Account Settings/Oaths/Add_Edit Oath/Edit Instructions'

2019-01-31 15:30:17 - [TEST_STEP][PASSED] - clearText(findTestObject("Admin Console ePulse Menu/Account Settings/Oaths/Add_Edit Oath/Edit Customized Oath Text"), STOP_ON_FAILURE): Text of object 'Object Repository/Admin Console ePulse Menu/Account Settings/Oaths/Add_Edit Oath/Edit Customized Oath Text' is cleared

2019-01-31 15:30:17 - [MESSAGE][PASSED] - Text of object 'Object Repository/Admin Console ePulse Menu/Account Settings/Oaths/Add_Edit Oath/Edit Customized Oath Text' is cleared

2019-01-31 15:30:17 - [TEST_STEP][PASSED] - setText(findTestObject("Admin Console ePulse Menu/Account Settings/Oaths/Add_Edit Oath/Edit Customized Oath Text"), "Edit the Customized oath displayed to voters"): Text 'Edit the Customized oath displayed to voters' is set on object 'Object Repository/Admin Console ePulse Menu/Account Settings/Oaths/Add_Edit Oath/Edit Customized Oath Text'

2019-01-31 15:30:17 - [MESSAGE][PASSED] - Text 'Edit the Customized oath displayed to voters' is set on object 'Object Repository/Admin Console ePulse Menu/Account Settings/Oaths/Add_Edit Oath/Edit Customized Oath Text'

2019-01-31 15:30:17 - [TEST_STEP][PASSED] - click(findTestObject("Submit Edit")): Object: 'Object Repository/Submit Edit' is clicked on

2019-01-31 15:30:17 - [MESSAGE][PASSED] - Object: 'Object Repository/Submit Edit' is clicked on

2019-01-31 15:30:17 - [TEST_STEP][PASSED] - delay(1): Delayed 1 second(s)

2019-01-31 15:30:18 - [MESSAGE][PASSED] - Delayed 1 second(s)

2019-01-31 15:30:18 - [TEST_STEP][PASSED] - closeBrowser(): Browser is closed

2019-01-31 15:30:19 - [MESSAGE][PASSED] - Browser is closed]]></system-out>
         <system-err><![CDATA[]]></system-err>
      </testcase>
      <testcase name="Test Cases/Admin Console/Account Settings/Prompts()/Prompts - Add" classname="Test Cases/Admin Console/Account Settings/Prompts()/Prompts - Add" status="PASSED">
         <system-out><![CDATA[2019-01-31 15:30:21 - [TEST_CASE][PASSED] - Test Cases/Admin Console/Account Settings/Prompts()/Prompts - Add: Test Cases/Admin Console/Account Settings/Prompts()/Prompts - Add

2019-01-31 15:30:21 - [TEST_STEP][PASSED] - openBrowser(""): Browser is opened with url: ''

2019-01-31 15:30:21 - [MESSAGE][INFO] - Starting 'Chrome' driver

2019-01-31 15:30:22 - [MESSAGE][PASSED] - Browser is opened with url: ''

2019-01-31 15:30:22 - [TEST_STEP][PASSED] - navigateToUrl(URL): Navigate to 'https://dev.epulse.io' successfully

2019-01-31 15:30:23 - [MESSAGE][PASSED] - Navigate to 'https://dev.epulse.io' successfully

2019-01-31 15:30:23 - [TEST_STEP][PASSED] - setText(findTestObject("Login/Email Address"), User_email): Text 'alonzo.mack@knowink.com' is set on object 'Object Repository/Login/Email Address'

2019-01-31 15:30:23 - [MESSAGE][PASSED] - Text 'alonzo.mack@knowink.com' is set on object 'Object Repository/Login/Email Address'

2019-01-31 15:30:23 - [TEST_STEP][PASSED] - setEncryptedText(findTestObject("Login/Password"), Pswrd): Text ****** has been set on object 'Object Repository/Login/Password'

2019-01-31 15:30:23 - [MESSAGE][PASSED] - Text ****** has been set on object 'Object Repository/Login/Password'

2019-01-31 15:30:23 - [TEST_STEP][PASSED] - click(findTestObject("Login/Sign In")): Object: 'Object Repository/Login/Sign In' is clicked on

2019-01-31 15:30:24 - [MESSAGE][PASSED] - Object: 'Object Repository/Login/Sign In' is clicked on

2019-01-31 15:30:24 - [TEST_STEP][PASSED] - delay(1): Delayed 1 second(s)

2019-01-31 15:30:25 - [MESSAGE][PASSED] - Delayed 1 second(s)

2019-01-31 15:30:25 - [TEST_STEP][PASSED] - navigateToUrl(Prompts, STOP_ON_FAILURE): Navigate to 'https://am-Automation-test.dev.epulse.io/prompts' successfully

2019-01-31 15:30:26 - [MESSAGE][PASSED] - Navigate to 'https://am-Automation-test.dev.epulse.io/prompts' successfully

2019-01-31 15:30:26 - [TEST_STEP][PASSED] - delay(1): Delayed 1 second(s)

2019-01-31 15:30:27 - [MESSAGE][PASSED] - Delayed 1 second(s)

2019-01-31 15:30:27 - [TEST_STEP][PASSED] - click(findTestObject("Admin Console ePulse Menu/Account Settings/Prompts/Create_New_Prompt_Button")): Object: 'Object Repository/Admin Console ePulse Menu/Account Settings/Prompts/Create_New_Prompt_Button' is clicked on

2019-01-31 15:30:27 - [MESSAGE][PASSED] - Object: 'Object Repository/Admin Console ePulse Menu/Account Settings/Prompts/Create_New_Prompt_Button' is clicked on

2019-01-31 15:30:27 - [TEST_STEP][PASSED] - setText(findTestObject("Admin Console ePulse Menu/Account Settings/Prompts/Add_Edit Prompt Modal/Name"), "Test Prompt"): Text 'Test Prompt' is set on object 'Object Repository/Admin Console ePulse Menu/Account Settings/Prompts/Add_Edit Prompt Modal/Name'

2019-01-31 15:30:27 - [MESSAGE][PASSED] - Text 'Test Prompt' is set on object 'Object Repository/Admin Console ePulse Menu/Account Settings/Prompts/Add_Edit Prompt Modal/Name'

2019-01-31 15:30:27 - [TEST_STEP][PASSED] - setText(findTestObject("Admin Console ePulse Menu/Account Settings/Prompts/Add_Edit Prompt Modal/Heading"), "Prompt"): Text 'Prompt' is set on object 'Object Repository/Admin Console ePulse Menu/Account Settings/Prompts/Add_Edit Prompt Modal/Heading'

2019-01-31 15:30:28 - [MESSAGE][PASSED] - Text 'Prompt' is set on object 'Object Repository/Admin Console ePulse Menu/Account Settings/Prompts/Add_Edit Prompt Modal/Heading'

2019-01-31 15:30:28 - [TEST_STEP][PASSED] - selectOptionByValue(findTestObject("Admin Console ePulse Menu/Account Settings/Prompts/Add_Edit Prompt Modal/Select Color"), "0", true): All options with value '0' are selected in object 'Object Repository/Admin Console ePulse Menu/Account Settings/Prompts/Add_Edit Prompt Modal/Select Color'  using regular expression

2019-01-31 15:30:28 - [MESSAGE][PASSED] - All options with value '0' are selected in object 'Object Repository/Admin Console ePulse Menu/Account Settings/Prompts/Add_Edit Prompt Modal/Select Color'  using regular expression

2019-01-31 15:30:28 - [TEST_STEP][PASSED] - setText(findTestObject("Admin Console ePulse Menu/Account Settings/Prompts/Add_Edit Prompt Modal/Order"), "1"): Text '1' is set on object 'Object Repository/Admin Console ePulse Menu/Account Settings/Prompts/Add_Edit Prompt Modal/Order'

2019-01-31 15:30:28 - [MESSAGE][PASSED] - Text '1' is set on object 'Object Repository/Admin Console ePulse Menu/Account Settings/Prompts/Add_Edit Prompt Modal/Order'

2019-01-31 15:30:28 - [TEST_STEP][PASSED] - setText(findTestObject("Admin Console ePulse Menu/Account Settings/Prompts/Add_Edit Prompt Modal/Field Label"), "Prompt"): Text 'Prompt' is set on object 'Object Repository/Admin Console ePulse Menu/Account Settings/Prompts/Add_Edit Prompt Modal/Field Label'

2019-01-31 15:30:28 - [MESSAGE][PASSED] - Text 'Prompt' is set on object 'Object Repository/Admin Console ePulse Menu/Account Settings/Prompts/Add_Edit Prompt Modal/Field Label'

2019-01-31 15:30:28 - [TEST_STEP][PASSED] - setText(findTestObject("Admin Console ePulse Menu/Account Settings/Prompts/Add_Edit Prompt Modal/Field Name"), "Prompt"): Text 'Prompt' is set on object 'Object Repository/Admin Console ePulse Menu/Account Settings/Prompts/Add_Edit Prompt Modal/Field Name'

2019-01-31 15:30:28 - [MESSAGE][PASSED] - Text 'Prompt' is set on object 'Object Repository/Admin Console ePulse Menu/Account Settings/Prompts/Add_Edit Prompt Modal/Field Name'

2019-01-31 15:30:28 - [TEST_STEP][PASSED] - click(findTestObject("Admin Console ePulse Menu/Account Settings/Prompts/Add_Edit Prompt Modal/Show Voter Info_slider")): Object: 'Object Repository/Admin Console ePulse Menu/Account Settings/Prompts/Add_Edit Prompt Modal/Show Voter Info_slider' is clicked on

2019-01-31 15:30:28 - [MESSAGE][PASSED] - Object: 'Object Repository/Admin Console ePulse Menu/Account Settings/Prompts/Add_Edit Prompt Modal/Show Voter Info_slider' is clicked on

2019-01-31 15:30:28 - [TEST_STEP][PASSED] - click(findTestObject("Admin Console ePulse Menu/Account Settings/Prompts/Add_Edit Prompt Modal/Show DOB Field_slider")): Object: 'Object Repository/Admin Console ePulse Menu/Account Settings/Prompts/Add_Edit Prompt Modal/Show DOB Field_slider' is clicked on

2019-01-31 15:30:28 - [MESSAGE][PASSED] - Object: 'Object Repository/Admin Console ePulse Menu/Account Settings/Prompts/Add_Edit Prompt Modal/Show DOB Field_slider' is clicked on

2019-01-31 15:30:28 - [TEST_STEP][PASSED] - setText(findTestObject("Admin Console ePulse Menu/Account Settings/Prompts/Add_Edit Prompt Modal/Instructions textarea "), "Test Prompt"): Text 'Test Prompt' is set on object 'Object Repository/Admin Console ePulse Menu/Account Settings/Prompts/Add_Edit Prompt Modal/Instructions textarea '

2019-01-31 15:30:28 - [MESSAGE][PASSED] - Text 'Test Prompt' is set on object 'Object Repository/Admin Console ePulse Menu/Account Settings/Prompts/Add_Edit Prompt Modal/Instructions textarea '

2019-01-31 15:30:28 - [TEST_STEP][PASSED] - click(findTestObject("Admin Console ePulse Menu/Account Settings/Prompts/Add_Edit Prompt Modal/Submit")): Object: 'Object Repository/Admin Console ePulse Menu/Account Settings/Prompts/Add_Edit Prompt Modal/Submit' is clicked on

2019-01-31 15:30:29 - [MESSAGE][PASSED] - Object: 'Object Repository/Admin Console ePulse Menu/Account Settings/Prompts/Add_Edit Prompt Modal/Submit' is clicked on

2019-01-31 15:30:29 - [TEST_STEP][PASSED] - delay(2): Delayed 2 second(s)

2019-01-31 15:30:31 - [MESSAGE][PASSED] - Delayed 2 second(s)

2019-01-31 15:30:31 - [TEST_STEP][PASSED] - closeBrowser(): Browser is closed

2019-01-31 15:30:31 - [MESSAGE][PASSED] - Browser is closed]]></system-out>
         <system-err><![CDATA[]]></system-err>
      </testcase>
      <testcase name="Test Cases/Admin Console/Account Settings/Prompts()/Prompts - Add Criteria" classname="Test Cases/Admin Console/Account Settings/Prompts()/Prompts - Add Criteria" status="PASSED">
         <system-out><![CDATA[2019-01-31 15:30:33 - [TEST_CASE][PASSED] - Test Cases/Admin Console/Account Settings/Prompts()/Prompts - Add Criteria: Test Cases/Admin Console/Account Settings/Prompts()/Prompts - Add Criteria

2019-01-31 15:30:33 - [TEST_STEP][PASSED] - openBrowser(""): Browser is opened with url: ''

2019-01-31 15:30:33 - [MESSAGE][INFO] - Starting 'Chrome' driver

2019-01-31 15:30:34 - [MESSAGE][PASSED] - Browser is opened with url: ''

2019-01-31 15:30:34 - [TEST_STEP][PASSED] - navigateToUrl(URL): Navigate to 'https://dev.epulse.io' successfully

2019-01-31 15:30:35 - [MESSAGE][PASSED] - Navigate to 'https://dev.epulse.io' successfully

2019-01-31 15:30:35 - [TEST_STEP][PASSED] - setText(findTestObject("Login/Email Address"), User_email): Text 'alonzo.mack@knowink.com' is set on object 'Object Repository/Login/Email Address'

2019-01-31 15:30:36 - [MESSAGE][PASSED] - Text 'alonzo.mack@knowink.com' is set on object 'Object Repository/Login/Email Address'

2019-01-31 15:30:36 - [TEST_STEP][PASSED] - setEncryptedText(findTestObject("Login/Password"), Pswrd): Text ****** has been set on object 'Object Repository/Login/Password'

2019-01-31 15:30:36 - [MESSAGE][PASSED] - Text ****** has been set on object 'Object Repository/Login/Password'

2019-01-31 15:30:36 - [TEST_STEP][PASSED] - click(findTestObject("Login/Sign In")): Object: 'Object Repository/Login/Sign In' is clicked on

2019-01-31 15:30:36 - [MESSAGE][PASSED] - Object: 'Object Repository/Login/Sign In' is clicked on

2019-01-31 15:30:36 - [TEST_STEP][PASSED] - delay(1): Delayed 1 second(s)

2019-01-31 15:30:37 - [MESSAGE][PASSED] - Delayed 1 second(s)

2019-01-31 15:30:37 - [TEST_STEP][PASSED] - navigateToUrl(Prompts, STOP_ON_FAILURE): Navigate to 'https://am-Automation-test.dev.epulse.io/prompts' successfully

2019-01-31 15:30:38 - [MESSAGE][PASSED] - Navigate to 'https://am-Automation-test.dev.epulse.io/prompts' successfully

2019-01-31 15:30:38 - [TEST_STEP][PASSED] - delay(1): Delayed 1 second(s)

2019-01-31 15:30:39 - [MESSAGE][PASSED] - Delayed 1 second(s)

2019-01-31 15:30:39 - [TEST_STEP][PASSED] - click(findTestObject("Admin Console ePulse Menu/Account Settings/Prompts/Add_CRITERIA_To_Prompt")): Object: 'Object Repository/Admin Console ePulse Menu/Account Settings/Prompts/Add_CRITERIA_To_Prompt' is clicked on

2019-01-31 15:30:39 - [MESSAGE][PASSED] - Object: 'Object Repository/Admin Console ePulse Menu/Account Settings/Prompts/Add_CRITERIA_To_Prompt' is clicked on

2019-01-31 15:30:39 - [TEST_STEP][PASSED] - delay(1): Delayed 1 second(s)

2019-01-31 15:30:40 - [MESSAGE][PASSED] - Delayed 1 second(s)

2019-01-31 15:30:40 - [TEST_STEP][PASSED] - selectOptionByValue(findTestObject("Admin Console ePulse Menu/Account Settings/Prompts/Prompt Criteria Modal/Add Criteria Dropdown"), "status_id", true): All options with value 'status_id' are selected in object 'Object Repository/Admin Console ePulse Menu/Account Settings/Prompts/Prompt Criteria Modal/Add Criteria Dropdown'  using regular expression

2019-01-31 15:30:41 - [MESSAGE][PASSED] - All options with value 'status_id' are selected in object 'Object Repository/Admin Console ePulse Menu/Account Settings/Prompts/Prompt Criteria Modal/Add Criteria Dropdown'  using regular expression

2019-01-31 15:30:41 - [TEST_STEP][PASSED] - delay(1): Delayed 1 second(s)

2019-01-31 15:30:42 - [MESSAGE][PASSED] - Delayed 1 second(s)

2019-01-31 15:30:42 - [TEST_STEP][PASSED] - click(findTestObject("Admin Console ePulse Menu/Account Settings/Prompts/Prompt Criteria Modal/Add Criteria(Plus Sign)")): Object: 'Object Repository/Admin Console ePulse Menu/Account Settings/Prompts/Prompt Criteria Modal/Add Criteria(Plus Sign)' is clicked on

2019-01-31 15:30:42 - [MESSAGE][PASSED] - Object: 'Object Repository/Admin Console ePulse Menu/Account Settings/Prompts/Prompt Criteria Modal/Add Criteria(Plus Sign)' is clicked on

2019-01-31 15:30:42 - [TEST_STEP][PASSED] - delay(1): Delayed 1 second(s)

2019-01-31 15:30:43 - [MESSAGE][PASSED] - Delayed 1 second(s)

2019-01-31 15:30:43 - [TEST_STEP][PASSED] - selectOptionByValue(findTestObject("Admin Console ePulse Menu/Account Settings/Prompts/Prompt Criteria Modal/Add Criteria Dropdown"), "voter_status_reason", true): All options with value 'voter_status_reason' are selected in object 'Object Repository/Admin Console ePulse Menu/Account Settings/Prompts/Prompt Criteria Modal/Add Criteria Dropdown'  using regular expression

2019-01-31 15:30:43 - [MESSAGE][PASSED] - All options with value 'voter_status_reason' are selected in object 'Object Repository/Admin Console ePulse Menu/Account Settings/Prompts/Prompt Criteria Modal/Add Criteria Dropdown'  using regular expression

2019-01-31 15:30:43 - [TEST_STEP][PASSED] - delay(1): Delayed 1 second(s)

2019-01-31 15:30:44 - [MESSAGE][PASSED] - Delayed 1 second(s)

2019-01-31 15:30:44 - [TEST_STEP][PASSED] - selectOptionByValue(findTestObject("Admin Console ePulse Menu/Account Settings/Prompts/Prompt Criteria Modal/Voter Status Reason Operator"), "1", true): All options with value '1' are selected in object 'Object Repository/Admin Console ePulse Menu/Account Settings/Prompts/Prompt Criteria Modal/Voter Status Reason Operator'  using regular expression

2019-01-31 15:30:44 - [MESSAGE][PASSED] - All options with value '1' are selected in object 'Object Repository/Admin Console ePulse Menu/Account Settings/Prompts/Prompt Criteria Modal/Voter Status Reason Operator'  using regular expression

2019-01-31 15:30:44 - [TEST_STEP][PASSED] - delay(1): Delayed 1 second(s)

2019-01-31 15:30:45 - [MESSAGE][PASSED] - Delayed 1 second(s)

2019-01-31 15:30:45 - [TEST_STEP][PASSED] - setText(findTestObject("Admin Console ePulse Menu/Account Settings/Prompts/Prompt Criteria Modal/Voter Status Reason Input Field"), "Voted"): Text 'Voted' is set on object 'Object Repository/Admin Console ePulse Menu/Account Settings/Prompts/Prompt Criteria Modal/Voter Status Reason Input Field'

2019-01-31 15:30:45 - [MESSAGE][PASSED] - Text 'Voted' is set on object 'Object Repository/Admin Console ePulse Menu/Account Settings/Prompts/Prompt Criteria Modal/Voter Status Reason Input Field'

2019-01-31 15:30:45 - [TEST_STEP][PASSED] - delay(1): Delayed 1 second(s)

2019-01-31 15:30:46 - [MESSAGE][PASSED] - Delayed 1 second(s)

2019-01-31 15:30:46 - [TEST_STEP][PASSED] - click(findTestObject("Admin Console ePulse Menu/Account Settings/Prompts/Prompt Criteria Modal/Add Criteria(Plus Sign)")): Object: 'Object Repository/Admin Console ePulse Menu/Account Settings/Prompts/Prompt Criteria Modal/Add Criteria(Plus Sign)' is clicked on

2019-01-31 15:30:46 - [MESSAGE][PASSED] - Object: 'Object Repository/Admin Console ePulse Menu/Account Settings/Prompts/Prompt Criteria Modal/Add Criteria(Plus Sign)' is clicked on

2019-01-31 15:30:46 - [TEST_STEP][PASSED] - delay(1): Delayed 1 second(s)

2019-01-31 15:30:47 - [MESSAGE][PASSED] - Delayed 1 second(s)

2019-01-31 15:30:47 - [TEST_STEP][PASSED] - selectOptionByValue(findTestObject("Admin Console ePulse Menu/Account Settings/Prompts/Prompt Criteria Modal/Add Criteria Dropdown"), "voter_over_18", true): All options with value 'voter_over_18' are selected in object 'Object Repository/Admin Console ePulse Menu/Account Settings/Prompts/Prompt Criteria Modal/Add Criteria Dropdown'  using regular expression

2019-01-31 15:30:47 - [MESSAGE][PASSED] - All options with value 'voter_over_18' are selected in object 'Object Repository/Admin Console ePulse Menu/Account Settings/Prompts/Prompt Criteria Modal/Add Criteria Dropdown'  using regular expression

2019-01-31 15:30:47 - [TEST_STEP][PASSED] - delay(1): Delayed 1 second(s)

2019-01-31 15:30:48 - [MESSAGE][PASSED] - Delayed 1 second(s)

2019-01-31 15:30:48 - [TEST_STEP][PASSED] - click(findTestObject("Admin Console ePulse Menu/Account Settings/Prompts/Prompt Criteria Modal/Add Criteria(Plus Sign)")): Object: 'Object Repository/Admin Console ePulse Menu/Account Settings/Prompts/Prompt Criteria Modal/Add Criteria(Plus Sign)' is clicked on

2019-01-31 15:30:48 - [MESSAGE][PASSED] - Object: 'Object Repository/Admin Console ePulse Menu/Account Settings/Prompts/Prompt Criteria Modal/Add Criteria(Plus Sign)' is clicked on

2019-01-31 15:30:48 - [TEST_STEP][PASSED] - delay(1): Delayed 1 second(s)

2019-01-31 15:30:49 - [MESSAGE][PASSED] - Delayed 1 second(s)

2019-01-31 15:30:49 - [TEST_STEP][PASSED] - selectOptionByValue(findTestObject("Admin Console ePulse Menu/Account Settings/Prompts/Prompt Criteria Modal/Add Criteria Dropdown"), "voter_party", true): All options with value 'voter_party' are selected in object 'Object Repository/Admin Console ePulse Menu/Account Settings/Prompts/Prompt Criteria Modal/Add Criteria Dropdown'  using regular expression

2019-01-31 15:30:50 - [MESSAGE][PASSED] - All options with value 'voter_party' are selected in object 'Object Repository/Admin Console ePulse Menu/Account Settings/Prompts/Prompt Criteria Modal/Add Criteria Dropdown'  using regular expression

2019-01-31 15:30:50 - [TEST_STEP][PASSED] - delay(1): Delayed 1 second(s)

2019-01-31 15:30:51 - [MESSAGE][PASSED] - Delayed 1 second(s)

2019-01-31 15:30:51 - [TEST_STEP][PASSED] - click(findTestObject("Admin Console ePulse Menu/Account Settings/Prompts/Prompt Criteria Modal/Add Criteria(Plus Sign)")): Object: 'Object Repository/Admin Console ePulse Menu/Account Settings/Prompts/Prompt Criteria Modal/Add Criteria(Plus Sign)' is clicked on

2019-01-31 15:30:51 - [MESSAGE][PASSED] - Object: 'Object Repository/Admin Console ePulse Menu/Account Settings/Prompts/Prompt Criteria Modal/Add Criteria(Plus Sign)' is clicked on

2019-01-31 15:30:51 - [TEST_STEP][PASSED] - delay(1): Delayed 1 second(s)

2019-01-31 15:30:52 - [MESSAGE][PASSED] - Delayed 1 second(s)

2019-01-31 15:30:52 - [TEST_STEP][PASSED] - selectOptionByValue(findTestObject("Admin Console ePulse Menu/Account Settings/Prompts/Prompt Criteria Modal/Add Criteria Dropdown"), "voter_absentee_information", true): All options with value 'voter_absentee_information' are selected in object 'Object Repository/Admin Console ePulse Menu/Account Settings/Prompts/Prompt Criteria Modal/Add Criteria Dropdown'  using regular expression

2019-01-31 15:30:52 - [MESSAGE][PASSED] - All options with value 'voter_absentee_information' are selected in object 'Object Repository/Admin Console ePulse Menu/Account Settings/Prompts/Prompt Criteria Modal/Add Criteria Dropdown'  using regular expression

2019-01-31 15:30:52 - [TEST_STEP][PASSED] - delay(1): Delayed 1 second(s)

2019-01-31 15:30:53 - [MESSAGE][PASSED] - Delayed 1 second(s)

2019-01-31 15:30:53 - [TEST_STEP][PASSED] - selectOptionByValue(findTestObject("Admin Console ePulse Menu/Account Settings/Prompts/Prompt Criteria Modal/Absentee Status Type"), "S", true): All options with value 'S' are selected in object 'Object Repository/Admin Console ePulse Menu/Account Settings/Prompts/Prompt Criteria Modal/Absentee Status Type'  using regular expression

2019-01-31 15:30:53 - [MESSAGE][PASSED] - All options with value 'S' are selected in object 'Object Repository/Admin Console ePulse Menu/Account Settings/Prompts/Prompt Criteria Modal/Absentee Status Type'  using regular expression

2019-01-31 15:30:53 - [TEST_STEP][PASSED] - delay(2): Delayed 2 second(s)

2019-01-31 15:30:55 - [MESSAGE][PASSED] - Delayed 2 second(s)

2019-01-31 15:30:55 - [TEST_STEP][PASSED] - click(findTestObject("Admin Console ePulse Menu/Account Settings/Prompts/Prompt Criteria Modal/Add Criteria(Plus Sign)")): Object: 'Object Repository/Admin Console ePulse Menu/Account Settings/Prompts/Prompt Criteria Modal/Add Criteria(Plus Sign)' is clicked on

2019-01-31 15:30:55 - [MESSAGE][PASSED] - Object: 'Object Repository/Admin Console ePulse Menu/Account Settings/Prompts/Prompt Criteria Modal/Add Criteria(Plus Sign)' is clicked on

2019-01-31 15:30:55 - [TEST_STEP][PASSED] - delay(1): Delayed 1 second(s)

2019-01-31 15:30:56 - [MESSAGE][PASSED] - Delayed 1 second(s)

2019-01-31 15:30:56 - [TEST_STEP][PASSED] - selectOptionByValue(findTestObject("Admin Console ePulse Menu/Account Settings/Prompts/Prompt Criteria Modal/Add Criteria Dropdown"), "voter_absentee_information", true): All options with value 'voter_absentee_information' are selected in object 'Object Repository/Admin Console ePulse Menu/Account Settings/Prompts/Prompt Criteria Modal/Add Criteria Dropdown'  using regular expression

2019-01-31 15:30:56 - [MESSAGE][PASSED] - All options with value 'voter_absentee_information' are selected in object 'Object Repository/Admin Console ePulse Menu/Account Settings/Prompts/Prompt Criteria Modal/Add Criteria Dropdown'  using regular expression

2019-01-31 15:30:56 - [TEST_STEP][PASSED] - delay(1): Delayed 1 second(s)

2019-01-31 15:30:57 - [MESSAGE][PASSED] - Delayed 1 second(s)

2019-01-31 15:30:57 - [TEST_STEP][PASSED] - selectOptionByValue(findTestObject("Admin Console ePulse Menu/Account Settings/Prompts/Prompt Criteria Modal/Absentee Status Type"), "R", true): All options with value 'R' are selected in object 'Object Repository/Admin Console ePulse Menu/Account Settings/Prompts/Prompt Criteria Modal/Absentee Status Type'  using regular expression

2019-01-31 15:30:57 - [MESSAGE][PASSED] - All options with value 'R' are selected in object 'Object Repository/Admin Console ePulse Menu/Account Settings/Prompts/Prompt Criteria Modal/Absentee Status Type'  using regular expression

2019-01-31 15:30:57 - [TEST_STEP][PASSED] - delay(2): Delayed 2 second(s)

2019-01-31 15:30:59 - [MESSAGE][PASSED] - Delayed 2 second(s)

2019-01-31 15:30:59 - [TEST_STEP][PASSED] - click(findTestObject("Admin Console ePulse Menu/Account Settings/Prompts/Prompt Criteria Modal/Add Criteria(Plus Sign)")): Object: 'Object Repository/Admin Console ePulse Menu/Account Settings/Prompts/Prompt Criteria Modal/Add Criteria(Plus Sign)' is clicked on

2019-01-31 15:30:59 - [MESSAGE][PASSED] - Object: 'Object Repository/Admin Console ePulse Menu/Account Settings/Prompts/Prompt Criteria Modal/Add Criteria(Plus Sign)' is clicked on

2019-01-31 15:30:59 - [TEST_STEP][PASSED] - delay(1): Delayed 1 second(s)

2019-01-31 15:31:00 - [MESSAGE][PASSED] - Delayed 1 second(s)

2019-01-31 15:31:00 - [TEST_STEP][PASSED] - click(findTestObject("Admin Console ePulse Menu/Account Settings/Prompts/Prompt Criteria Modal/Save")): Object: 'Object Repository/Admin Console ePulse Menu/Account Settings/Prompts/Prompt Criteria Modal/Save' is clicked on

2019-01-31 15:31:01 - [MESSAGE][PASSED] - Object: 'Object Repository/Admin Console ePulse Menu/Account Settings/Prompts/Prompt Criteria Modal/Save' is clicked on

2019-01-31 15:31:01 - [TEST_STEP][PASSED] - closeBrowser(): Browser is closed

2019-01-31 15:31:01 - [MESSAGE][PASSED] - Browser is closed]]></system-out>
         <system-err><![CDATA[]]></system-err>
      </testcase>
      <testcase name="Test Cases/Admin Console/Account Settings/Prompts()/Prompts - Buttons" classname="Test Cases/Admin Console/Account Settings/Prompts()/Prompts - Buttons" status="PASSED">
         <system-out><![CDATA[2019-01-31 15:31:03 - [TEST_CASE][PASSED] - Test Cases/Admin Console/Account Settings/Prompts()/Prompts - Buttons: Test Cases/Admin Console/Account Settings/Prompts()/Prompts - Buttons

2019-01-31 15:31:03 - [TEST_STEP][PASSED] - openBrowser(""): Browser is opened with url: ''

2019-01-31 15:31:03 - [MESSAGE][INFO] - Starting 'Chrome' driver

2019-01-31 15:31:04 - [MESSAGE][PASSED] - Browser is opened with url: ''

2019-01-31 15:31:04 - [TEST_STEP][PASSED] - navigateToUrl(URL): Navigate to 'https://dev.epulse.io' successfully

2019-01-31 15:31:05 - [MESSAGE][PASSED] - Navigate to 'https://dev.epulse.io' successfully

2019-01-31 15:31:05 - [TEST_STEP][PASSED] - setText(findTestObject("Login/Email Address"), User_email): Text 'alonzo.mack@knowink.com' is set on object 'Object Repository/Login/Email Address'

2019-01-31 15:31:06 - [MESSAGE][PASSED] - Text 'alonzo.mack@knowink.com' is set on object 'Object Repository/Login/Email Address'

2019-01-31 15:31:06 - [TEST_STEP][PASSED] - setEncryptedText(findTestObject("Login/Password"), Pswrd): Text ****** has been set on object 'Object Repository/Login/Password'

2019-01-31 15:31:06 - [MESSAGE][PASSED] - Text ****** has been set on object 'Object Repository/Login/Password'

2019-01-31 15:31:06 - [TEST_STEP][PASSED] - click(findTestObject("Login/Sign In")): Object: 'Object Repository/Login/Sign In' is clicked on

2019-01-31 15:31:06 - [MESSAGE][PASSED] - Object: 'Object Repository/Login/Sign In' is clicked on

2019-01-31 15:31:06 - [TEST_STEP][PASSED] - delay(1): Delayed 1 second(s)

2019-01-31 15:31:07 - [MESSAGE][PASSED] - Delayed 1 second(s)

2019-01-31 15:31:07 - [TEST_STEP][PASSED] - navigateToUrl(Prompts, STOP_ON_FAILURE): Navigate to 'https://am-Automation-test.dev.epulse.io/prompts' successfully

2019-01-31 15:31:08 - [MESSAGE][PASSED] - Navigate to 'https://am-Automation-test.dev.epulse.io/prompts' successfully

2019-01-31 15:31:08 - [TEST_STEP][PASSED] - delay(1): Delayed 1 second(s)

2019-01-31 15:31:09 - [MESSAGE][PASSED] - Delayed 1 second(s)

2019-01-31 15:31:09 - [TEST_STEP][PASSED] - click(findTestObject("Admin Console ePulse Menu/Account Settings/Prompts/Add_BUTTON_To_Prompt")): Object: 'Object Repository/Admin Console ePulse Menu/Account Settings/Prompts/Add_BUTTON_To_Prompt' is clicked on

2019-01-31 15:31:09 - [MESSAGE][PASSED] - Object: 'Object Repository/Admin Console ePulse Menu/Account Settings/Prompts/Add_BUTTON_To_Prompt' is clicked on

2019-01-31 15:31:09 - [TEST_STEP][PASSED] - delay(1): Delayed 1 second(s)

2019-01-31 15:31:10 - [MESSAGE][PASSED] - Delayed 1 second(s)

2019-01-31 15:31:10 - [TEST_STEP][PASSED] - setText(findTestObject("Admin Console ePulse Menu/Account Settings/Prompts/Prompt Button Modal/Input Button Label"), "test"): Text 'test' is set on object 'Object Repository/Admin Console ePulse Menu/Account Settings/Prompts/Prompt Button Modal/Input Button Label'

2019-01-31 15:31:10 - [MESSAGE][PASSED] - Text 'test' is set on object 'Object Repository/Admin Console ePulse Menu/Account Settings/Prompts/Prompt Button Modal/Input Button Label'

2019-01-31 15:31:10 - [TEST_STEP][PASSED] - delay(1): Delayed 1 second(s)

2019-01-31 15:31:11 - [MESSAGE][PASSED] - Delayed 1 second(s)

2019-01-31 15:31:11 - [TEST_STEP][PASSED] - selectOptionByValue(findTestObject("Admin Console ePulse Menu/Account Settings/Prompts/Prompt Button Modal/Select Button Type Dropdown"), "0", true): All options with value '0' are selected in object 'Object Repository/Admin Console ePulse Menu/Account Settings/Prompts/Prompt Button Modal/Select Button Type Dropdown'  using regular expression

2019-01-31 15:31:12 - [MESSAGE][PASSED] - All options with value '0' are selected in object 'Object Repository/Admin Console ePulse Menu/Account Settings/Prompts/Prompt Button Modal/Select Button Type Dropdown'  using regular expression

2019-01-31 15:31:12 - [TEST_STEP][PASSED] - delay(1): Delayed 1 second(s)

2019-01-31 15:31:13 - [MESSAGE][PASSED] - Delayed 1 second(s)

2019-01-31 15:31:13 - [TEST_STEP][PASSED] - click(findTestObject("Admin Console ePulse Menu/Account Settings/Prompts/Prompt Button Modal/Add New Button(plus sign)")): Object: 'Object Repository/Admin Console ePulse Menu/Account Settings/Prompts/Prompt Button Modal/Add New Button(plus sign)' is clicked on

2019-01-31 15:31:13 - [MESSAGE][PASSED] - Object: 'Object Repository/Admin Console ePulse Menu/Account Settings/Prompts/Prompt Button Modal/Add New Button(plus sign)' is clicked on

2019-01-31 15:31:13 - [TEST_STEP][PASSED] - delay(1): Delayed 1 second(s)

2019-01-31 15:31:14 - [MESSAGE][PASSED] - Delayed 1 second(s)

2019-01-31 15:31:14 - [TEST_STEP][PASSED] - setText(findTestObject("Admin Console ePulse Menu/Account Settings/Prompts/Prompt Button Modal/Input Button Label"), "test1"): Text 'test1' is set on object 'Object Repository/Admin Console ePulse Menu/Account Settings/Prompts/Prompt Button Modal/Input Button Label'

2019-01-31 15:31:14 - [MESSAGE][PASSED] - Text 'test1' is set on object 'Object Repository/Admin Console ePulse Menu/Account Settings/Prompts/Prompt Button Modal/Input Button Label'

2019-01-31 15:31:14 - [TEST_STEP][PASSED] - delay(1): Delayed 1 second(s)

2019-01-31 15:31:15 - [MESSAGE][PASSED] - Delayed 1 second(s)

2019-01-31 15:31:15 - [TEST_STEP][PASSED] - selectOptionByValue(findTestObject("Admin Console ePulse Menu/Account Settings/Prompts/Prompt Button Modal/Select Button Type Dropdown"), "1", true): All options with value '1' are selected in object 'Object Repository/Admin Console ePulse Menu/Account Settings/Prompts/Prompt Button Modal/Select Button Type Dropdown'  using regular expression

2019-01-31 15:31:15 - [MESSAGE][PASSED] - All options with value '1' are selected in object 'Object Repository/Admin Console ePulse Menu/Account Settings/Prompts/Prompt Button Modal/Select Button Type Dropdown'  using regular expression

2019-01-31 15:31:15 - [TEST_STEP][PASSED] - setText(findTestObject("Admin Console ePulse Menu/Account Settings/Prompts/Prompt Button Modal/Page_Epulse  am-Automation-test  Pr/Prompt Button Value"), "Allow to vote", STOP_ON_FAILURE): Text 'Allow to vote' is set on object 'Object Repository/Admin Console ePulse Menu/Account Settings/Prompts/Prompt Button Modal/Page_Epulse  am-Automation-test  Pr/Prompt Button Value'

2019-01-31 15:31:15 - [MESSAGE][PASSED] - Text 'Allow to vote' is set on object 'Object Repository/Admin Console ePulse Menu/Account Settings/Prompts/Prompt Button Modal/Page_Epulse  am-Automation-test  Pr/Prompt Button Value'

2019-01-31 15:31:15 - [TEST_STEP][PASSED] - delay(1): Delayed 1 second(s)

2019-01-31 15:31:16 - [MESSAGE][PASSED] - Delayed 1 second(s)

2019-01-31 15:31:16 - [TEST_STEP][PASSED] - click(findTestObject("Admin Console ePulse Menu/Account Settings/Prompts/Prompt Button Modal/Add New Button(plus sign)")): Object: 'Object Repository/Admin Console ePulse Menu/Account Settings/Prompts/Prompt Button Modal/Add New Button(plus sign)' is clicked on

2019-01-31 15:31:16 - [MESSAGE][PASSED] - Object: 'Object Repository/Admin Console ePulse Menu/Account Settings/Prompts/Prompt Button Modal/Add New Button(plus sign)' is clicked on

2019-01-31 15:31:16 - [TEST_STEP][PASSED] - delay(1): Delayed 1 second(s)

2019-01-31 15:31:17 - [MESSAGE][PASSED] - Delayed 1 second(s)

2019-01-31 15:31:17 - [TEST_STEP][PASSED] - setText(findTestObject("Admin Console ePulse Menu/Account Settings/Prompts/Prompt Button Modal/Input Button Label"), "test3"): Text 'test3' is set on object 'Object Repository/Admin Console ePulse Menu/Account Settings/Prompts/Prompt Button Modal/Input Button Label'

2019-01-31 15:31:17 - [MESSAGE][PASSED] - Text 'test3' is set on object 'Object Repository/Admin Console ePulse Menu/Account Settings/Prompts/Prompt Button Modal/Input Button Label'

2019-01-31 15:31:17 - [TEST_STEP][PASSED] - delay(1): Delayed 1 second(s)

2019-01-31 15:31:18 - [MESSAGE][PASSED] - Delayed 1 second(s)

2019-01-31 15:31:18 - [TEST_STEP][PASSED] - selectOptionByValue(findTestObject("Admin Console ePulse Menu/Account Settings/Prompts/Prompt Button Modal/Select Button Type Dropdown"), "2", true): All options with value '2' are selected in object 'Object Repository/Admin Console ePulse Menu/Account Settings/Prompts/Prompt Button Modal/Select Button Type Dropdown'  using regular expression

2019-01-31 15:31:19 - [MESSAGE][PASSED] - All options with value '2' are selected in object 'Object Repository/Admin Console ePulse Menu/Account Settings/Prompts/Prompt Button Modal/Select Button Type Dropdown'  using regular expression

2019-01-31 15:31:19 - [TEST_STEP][PASSED] - delay(1): Delayed 1 second(s)

2019-01-31 15:31:20 - [MESSAGE][PASSED] - Delayed 1 second(s)

2019-01-31 15:31:20 - [TEST_STEP][PASSED] - setText(findTestObject("Admin Console ePulse Menu/Account Settings/Prompts/Prompt Button Modal/Page_Epulse  am-Automation-test  Pr/Prompt Button Value"), "asdf"): Text 'asdf' is set on object 'Object Repository/Admin Console ePulse Menu/Account Settings/Prompts/Prompt Button Modal/Page_Epulse  am-Automation-test  Pr/Prompt Button Value'

2019-01-31 15:31:20 - [MESSAGE][PASSED] - Text 'asdf' is set on object 'Object Repository/Admin Console ePulse Menu/Account Settings/Prompts/Prompt Button Modal/Page_Epulse  am-Automation-test  Pr/Prompt Button Value'

2019-01-31 15:31:20 - [TEST_STEP][PASSED] - delay(1): Delayed 1 second(s)

2019-01-31 15:31:21 - [MESSAGE][PASSED] - Delayed 1 second(s)

2019-01-31 15:31:21 - [TEST_STEP][PASSED] - click(findTestObject("Admin Console ePulse Menu/Account Settings/Prompts/Prompt Button Modal/Add New Button(plus sign)")): Object: 'Object Repository/Admin Console ePulse Menu/Account Settings/Prompts/Prompt Button Modal/Add New Button(plus sign)' is clicked on

2019-01-31 15:31:21 - [MESSAGE][PASSED] - Object: 'Object Repository/Admin Console ePulse Menu/Account Settings/Prompts/Prompt Button Modal/Add New Button(plus sign)' is clicked on

2019-01-31 15:31:21 - [TEST_STEP][PASSED] - delay(1): Delayed 1 second(s)

2019-01-31 15:31:22 - [MESSAGE][PASSED] - Delayed 1 second(s)

2019-01-31 15:31:22 - [TEST_STEP][PASSED] - setText(findTestObject("Admin Console ePulse Menu/Account Settings/Prompts/Prompt Button Modal/Input Button Label"), "test2"): Text 'test2' is set on object 'Object Repository/Admin Console ePulse Menu/Account Settings/Prompts/Prompt Button Modal/Input Button Label'

2019-01-31 15:31:22 - [MESSAGE][PASSED] - Text 'test2' is set on object 'Object Repository/Admin Console ePulse Menu/Account Settings/Prompts/Prompt Button Modal/Input Button Label'

2019-01-31 15:31:22 - [TEST_STEP][PASSED] - delay(1): Delayed 1 second(s)

2019-01-31 15:31:23 - [MESSAGE][PASSED] - Delayed 1 second(s)

2019-01-31 15:31:23 - [TEST_STEP][PASSED] - selectOptionByValue(findTestObject("Admin Console ePulse Menu/Account Settings/Prompts/Prompt Button Modal/Select Button Type Dropdown"), "3", true): All options with value '3' are selected in object 'Object Repository/Admin Console ePulse Menu/Account Settings/Prompts/Prompt Button Modal/Select Button Type Dropdown'  using regular expression

2019-01-31 15:31:23 - [MESSAGE][PASSED] - All options with value '3' are selected in object 'Object Repository/Admin Console ePulse Menu/Account Settings/Prompts/Prompt Button Modal/Select Button Type Dropdown'  using regular expression

2019-01-31 15:31:23 - [TEST_STEP][PASSED] - delay(1): Delayed 1 second(s)

2019-01-31 15:31:24 - [MESSAGE][PASSED] - Delayed 1 second(s)

2019-01-31 15:31:24 - [TEST_STEP][PASSED] - setText(findTestObject("Admin Console ePulse Menu/Account Settings/Prompts/Prompt Button Modal/Input Button Label"), "test4"): Text 'test4' is set on object 'Object Repository/Admin Console ePulse Menu/Account Settings/Prompts/Prompt Button Modal/Input Button Label'

2019-01-31 15:31:24 - [MESSAGE][PASSED] - Text 'test4' is set on object 'Object Repository/Admin Console ePulse Menu/Account Settings/Prompts/Prompt Button Modal/Input Button Label'

2019-01-31 15:31:24 - [TEST_STEP][PASSED] - delay(1): Delayed 1 second(s)

2019-01-31 15:31:25 - [MESSAGE][PASSED] - Delayed 1 second(s)

2019-01-31 15:31:25 - [TEST_STEP][PASSED] - selectOptionByValue(findTestObject("Admin Console ePulse Menu/Account Settings/Prompts/Prompt Button Modal/Select Button Type Dropdown"), "4", true): All options with value '4' are selected in object 'Object Repository/Admin Console ePulse Menu/Account Settings/Prompts/Prompt Button Modal/Select Button Type Dropdown'  using regular expression

2019-01-31 15:31:25 - [MESSAGE][PASSED] - All options with value '4' are selected in object 'Object Repository/Admin Console ePulse Menu/Account Settings/Prompts/Prompt Button Modal/Select Button Type Dropdown'  using regular expression

2019-01-31 15:31:25 - [TEST_STEP][PASSED] - delay(1): Delayed 1 second(s)

2019-01-31 15:31:26 - [MESSAGE][PASSED] - Delayed 1 second(s)

2019-01-31 15:31:26 - [TEST_STEP][PASSED] - click(findTestObject("Admin Console ePulse Menu/Account Settings/Prompts/Prompt Button Modal/Add New Button(plus sign)")): Object: 'Object Repository/Admin Console ePulse Menu/Account Settings/Prompts/Prompt Button Modal/Add New Button(plus sign)' is clicked on

2019-01-31 15:31:27 - [MESSAGE][PASSED] - Object: 'Object Repository/Admin Console ePulse Menu/Account Settings/Prompts/Prompt Button Modal/Add New Button(plus sign)' is clicked on

2019-01-31 15:31:27 - [TEST_STEP][PASSED] - delay(1): Delayed 1 second(s)

2019-01-31 15:31:28 - [MESSAGE][PASSED] - Delayed 1 second(s)

2019-01-31 15:31:28 - [TEST_STEP][PASSED] - setText(findTestObject("Admin Console ePulse Menu/Account Settings/Prompts/Prompt Button Modal/Input Button Label"), "test5"): Text 'test5' is set on object 'Object Repository/Admin Console ePulse Menu/Account Settings/Prompts/Prompt Button Modal/Input Button Label'

2019-01-31 15:31:28 - [MESSAGE][PASSED] - Text 'test5' is set on object 'Object Repository/Admin Console ePulse Menu/Account Settings/Prompts/Prompt Button Modal/Input Button Label'

2019-01-31 15:31:28 - [TEST_STEP][PASSED] - delay(1): Delayed 1 second(s)

2019-01-31 15:31:29 - [MESSAGE][PASSED] - Delayed 1 second(s)

2019-01-31 15:31:29 - [TEST_STEP][PASSED] - selectOptionByValue(findTestObject("Admin Console ePulse Menu/Account Settings/Prompts/Prompt Button Modal/Select Button Type Dropdown"), "5", true): All options with value '5' are selected in object 'Object Repository/Admin Console ePulse Menu/Account Settings/Prompts/Prompt Button Modal/Select Button Type Dropdown'  using regular expression

2019-01-31 15:31:29 - [MESSAGE][PASSED] - All options with value '5' are selected in object 'Object Repository/Admin Console ePulse Menu/Account Settings/Prompts/Prompt Button Modal/Select Button Type Dropdown'  using regular expression

2019-01-31 15:31:29 - [TEST_STEP][PASSED] - delay(1): Delayed 1 second(s)

2019-01-31 15:31:30 - [MESSAGE][PASSED] - Delayed 1 second(s)

2019-01-31 15:31:30 - [TEST_STEP][PASSED] - click(findTestObject("Admin Console ePulse Menu/Account Settings/Prompts/Prompt Button Modal/Add New Button(plus sign)")): Object: 'Object Repository/Admin Console ePulse Menu/Account Settings/Prompts/Prompt Button Modal/Add New Button(plus sign)' is clicked on

2019-01-31 15:31:30 - [MESSAGE][PASSED] - Object: 'Object Repository/Admin Console ePulse Menu/Account Settings/Prompts/Prompt Button Modal/Add New Button(plus sign)' is clicked on

2019-01-31 15:31:30 - [TEST_STEP][PASSED] - delay(1): Delayed 1 second(s)

2019-01-31 15:31:31 - [MESSAGE][PASSED] - Delayed 1 second(s)

2019-01-31 15:31:31 - [TEST_STEP][PASSED] - click(findTestObject("Admin Console ePulse Menu/Account Settings/Prompts/Prompt Button Modal/Close Button")): Object: 'Object Repository/Admin Console ePulse Menu/Account Settings/Prompts/Prompt Button Modal/Close Button' is clicked on

2019-01-31 15:31:31 - [MESSAGE][PASSED] - Object: 'Object Repository/Admin Console ePulse Menu/Account Settings/Prompts/Prompt Button Modal/Close Button' is clicked on

2019-01-31 15:31:31 - [TEST_STEP][PASSED] - delay(1): Delayed 1 second(s)

2019-01-31 15:31:32 - [MESSAGE][PASSED] - Delayed 1 second(s)

2019-01-31 15:31:32 - [TEST_STEP][PASSED] - closeBrowser(): Browser is closed

2019-01-31 15:31:32 - [MESSAGE][PASSED] - Browser is closed]]></system-out>
         <system-err><![CDATA[]]></system-err>
      </testcase>
      <testcase name="Test Cases/Admin Console/Account Settings/Prompts()/Prompts - Import" classname="Test Cases/Admin Console/Account Settings/Prompts()/Prompts - Import" status="FAILED">
         <failure type="FAILED" message="Test Cases/Admin Console/Account Settings/Prompts()/Prompts - Import FAILED.
Reason:
com.kms.katalon.core.exception.StepFailedException: Unable to click on object 'Object Repository/Admin Console ePulse Menu/Account Settings/Prompts/Import Prompts Buttons/button_Done(working)' (Root cause: com.kms.katalon.core.webui.exception.WebElementNotFoundException: Web element with id: 'Object Repository/Admin Console ePulse Menu/Account Settings/Prompts/Import Prompts Buttons/button_Done(working)' located by 'By.xpath: (.//*[normalize-space(text()) and normalize-space(.)='Done!'])[1]/following::button[1]' not found)
	at com.kms.katalon.core.keyword.internal.KeywordMain.stepFailed(KeywordMain.groovy:36)
	at com.kms.katalon.core.webui.keyword.internal.WebUIKeywordMain.stepFailed(WebUIKeywordMain.groovy:65)
	at com.kms.katalon.core.webui.keyword.internal.WebUIKeywordMain.runKeyword(WebUIKeywordMain.groovy:27)
	at com.kms.katalon.core.webui.keyword.builtin.ClickKeyword.click(ClickKeyword.groovy:86)
	at com.kms.katalon.core.webui.keyword.builtin.ClickKeyword.execute(ClickKeyword.groovy:67)
	at com.kms.katalon.core.keyword.internal.KeywordExecutor.executeKeywordForPlatform(KeywordExecutor.groovy:53)
	at com.kms.katalon.core.webui.keyword.WebUiBuiltInKeywords.click(WebUiBuiltInKeywords.groovy:616)
	at com.kms.katalon.core.webui.keyword.WebUiBuiltInKeywords$click$3.call(Unknown Source)
	at Prompts - Import.run(Prompts - Import:49)
	at com.kms.katalon.core.main.ScriptEngine.run(ScriptEngine.java:194)
	at com.kms.katalon.core.main.ScriptEngine.runScriptAsRawText(ScriptEngine.java:119)
	at com.kms.katalon.core.main.TestCaseExecutor.runScript(TestCaseExecutor.java:328)
	at com.kms.katalon.core.main.TestCaseExecutor.doExecute(TestCaseExecutor.java:319)
	at com.kms.katalon.core.main.TestCaseExecutor.processExecutionPhase(TestCaseExecutor.java:298)
	at com.kms.katalon.core.main.TestCaseExecutor.accessMainPhase(TestCaseExecutor.java:290)
	at com.kms.katalon.core.main.TestCaseExecutor.execute(TestCaseExecutor.java:224)
	at com.kms.katalon.core.main.TestSuiteExecutor.accessTestCaseMainPhase(TestSuiteExecutor.java:129)
	at com.kms.katalon.core.main.TestSuiteExecutor.accessTestSuiteMainPhase(TestSuiteExecutor.java:112)
	at com.kms.katalon.core.main.TestSuiteExecutor.execute(TestSuiteExecutor.java:81)
	at com.kms.katalon.core.main.TestCaseMain.startTestSuite(TestCaseMain.java:149)
	at com.kms.katalon.core.main.TestCaseMain$startTestSuite$0.call(Unknown Source)
	at TempTestSuite1548969729134.run(TempTestSuite1548969729134.groovy:36)
"/>
         <system-out><![CDATA[2019-01-31 15:31:34 - [TEST_CASE][FAILED] - Test Cases/Admin Console/Account Settings/Prompts()/Prompts - Import: Test Cases/Admin Console/Account Settings/Prompts()/Prompts - Import FAILED.
Reason:
com.kms.katalon.core.exception.StepFailedException: Unable to click on object 'Object Repository/Admin Console ePulse Menu/Account Settings/Prompts/Import Prompts Buttons/button_Done(working)' (Root cause: com.kms.katalon.core.webui.exception.WebElementNotFoundException: Web element with id: 'Object Repository/Admin Console ePulse Menu/Account Settings/Prompts/Import Prompts Buttons/button_Done(working)' located by 'By.xpath: (.//*[normalize-space(text()) and normalize-space(.)='Done!'])[1]/following::button[1]' not found)
	at com.kms.katalon.core.keyword.internal.KeywordMain.stepFailed(KeywordMain.groovy:36)
	at com.kms.katalon.core.webui.keyword.internal.WebUIKeywordMain.stepFailed(WebUIKeywordMain.groovy:65)
	at com.kms.katalon.core.webui.keyword.internal.WebUIKeywordMain.runKeyword(WebUIKeywordMain.groovy:27)
	at com.kms.katalon.core.webui.keyword.builtin.ClickKeyword.click(ClickKeyword.groovy:86)
	at com.kms.katalon.core.webui.keyword.builtin.ClickKeyword.execute(ClickKeyword.groovy:67)
	at com.kms.katalon.core.keyword.internal.KeywordExecutor.executeKeywordForPlatform(KeywordExecutor.groovy:53)
	at com.kms.katalon.core.webui.keyword.WebUiBuiltInKeywords.click(WebUiBuiltInKeywords.groovy:616)
	at com.kms.katalon.core.webui.keyword.WebUiBuiltInKeywords$click$3.call(Unknown Source)
	at Prompts - Import.run(Prompts - Import:49)
	at com.kms.katalon.core.main.ScriptEngine.run(ScriptEngine.java:194)
	at com.kms.katalon.core.main.ScriptEngine.runScriptAsRawText(ScriptEngine.java:119)
	at com.kms.katalon.core.main.TestCaseExecutor.runScript(TestCaseExecutor.java:328)
	at com.kms.katalon.core.main.TestCaseExecutor.doExecute(TestCaseExecutor.java:319)
	at com.kms.katalon.core.main.TestCaseExecutor.processExecutionPhase(TestCaseExecutor.java:298)
	at com.kms.katalon.core.main.TestCaseExecutor.accessMainPhase(TestCaseExecutor.java:290)
	at com.kms.katalon.core.main.TestCaseExecutor.execute(TestCaseExecutor.java:224)
	at com.kms.katalon.core.main.TestSuiteExecutor.accessTestCaseMainPhase(TestSuiteExecutor.java:129)
	at com.kms.katalon.core.main.TestSuiteExecutor.accessTestSuiteMainPhase(TestSuiteExecutor.java:112)
	at com.kms.katalon.core.main.TestSuiteExecutor.execute(TestSuiteExecutor.java:81)
	at com.kms.katalon.core.main.TestCaseMain.startTestSuite(TestCaseMain.java:149)
	at com.kms.katalon.core.main.TestCaseMain$startTestSuite$0.call(Unknown Source)
	at TempTestSuite1548969729134.run(TempTestSuite1548969729134.groovy:36)


2019-01-31 15:31:34 - [TEST_STEP][PASSED] - openBrowser(""): Browser is opened with url: ''

2019-01-31 15:31:34 - [MESSAGE][INFO] - Starting 'Chrome' driver

2019-01-31 15:31:36 - [MESSAGE][PASSED] - Browser is opened with url: ''

2019-01-31 15:31:36 - [TEST_STEP][PASSED] - navigateToUrl(URL): Navigate to 'https://dev.epulse.io' successfully

2019-01-31 15:31:37 - [MESSAGE][PASSED] - Navigate to 'https://dev.epulse.io' successfully

2019-01-31 15:31:37 - [TEST_STEP][PASSED] - setText(findTestObject("Login/Email Address"), User_email): Text 'alonzo.mack@knowink.com' is set on object 'Object Repository/Login/Email Address'

2019-01-31 15:31:37 - [MESSAGE][PASSED] - Text 'alonzo.mack@knowink.com' is set on object 'Object Repository/Login/Email Address'

2019-01-31 15:31:37 - [TEST_STEP][PASSED] - setEncryptedText(findTestObject("Login/Password"), Pswrd): Text ****** has been set on object 'Object Repository/Login/Password'

2019-01-31 15:31:37 - [MESSAGE][PASSED] - Text ****** has been set on object 'Object Repository/Login/Password'

2019-01-31 15:31:37 - [TEST_STEP][PASSED] - click(findTestObject("Login/Sign In")): Object: 'Object Repository/Login/Sign In' is clicked on

2019-01-31 15:31:38 - [MESSAGE][PASSED] - Object: 'Object Repository/Login/Sign In' is clicked on

2019-01-31 15:31:38 - [TEST_STEP][PASSED] - delay(1): Delayed 1 second(s)

2019-01-31 15:31:39 - [MESSAGE][PASSED] - Delayed 1 second(s)

2019-01-31 15:31:39 - [TEST_STEP][PASSED] - navigateToUrl(Prompts_Imports, STOP_ON_FAILURE): Navigate to 'https://am-automation-test.dev.epulse.io/imports/prompts' successfully

2019-01-31 15:31:41 - [MESSAGE][PASSED] - Navigate to 'https://am-automation-test.dev.epulse.io/imports/prompts' successfully

2019-01-31 15:31:41 - [TEST_STEP][PASSED] - setText(findTestObject("Admin Console ePulse Menu/Account Settings/Prompts/Import Prompts Buttons/Choose File"), "/Users/alonzomack/Downloads/prompts-3.txt"): Text '/Users/alonzomack/Downloads/prompts-3.txt' is set on object 'Object Repository/Admin Console ePulse Menu/Account Settings/Prompts/Import Prompts Buttons/Choose File'

2019-01-31 15:31:41 - [MESSAGE][PASSED] - Text '/Users/alonzomack/Downloads/prompts-3.txt' is set on object 'Object Repository/Admin Console ePulse Menu/Account Settings/Prompts/Import Prompts Buttons/Choose File'

2019-01-31 15:31:41 - [TEST_STEP][PASSED] - click(findTestObject("Admin Console ePulse Menu/Account Settings/Prompts/Import Prompts Buttons/Continue Button")): Object: 'Object Repository/Admin Console ePulse Menu/Account Settings/Prompts/Import Prompts Buttons/Continue Button' is clicked on

2019-01-31 15:31:41 - [MESSAGE][PASSED] - Object: 'Object Repository/Admin Console ePulse Menu/Account Settings/Prompts/Import Prompts Buttons/Continue Button' is clicked on

2019-01-31 15:31:41 - [TEST_STEP][PASSED] - delay(1): Delayed 1 second(s)

2019-01-31 15:31:42 - [MESSAGE][PASSED] - Delayed 1 second(s)

2019-01-31 15:31:42 - [TEST_STEP][FAILED] - click(findTestObject("Admin Console ePulse Menu/Account Settings/Prompts/Import Prompts Buttons/button_Done(working)")): click(findTestObject("Admin Console ePulse Menu/Account Settings/Prompts/Import Prompts Buttons/button_Done(working)")) FAILED.
Reason:
com.kms.katalon.core.exception.StepFailedException: Unable to click on object 'Object Repository/Admin Console ePulse Menu/Account Settings/Prompts/Import Prompts Buttons/button_Done(working)' (Root cause: com.kms.katalon.core.webui.exception.WebElementNotFoundException: Web element with id: 'Object Repository/Admin Console ePulse Menu/Account Settings/Prompts/Import Prompts Buttons/button_Done(working)' located by 'By.xpath: (.//*[normalize-space(text()) and normalize-space(.)='Done!'])[1]/following::button[1]' not found)
	at com.kms.katalon.core.keyword.internal.KeywordMain.stepFailed(KeywordMain.groovy:36)
	at com.kms.katalon.core.webui.keyword.internal.WebUIKeywordMain.stepFailed(WebUIKeywordMain.groovy:65)
	at com.kms.katalon.core.webui.keyword.internal.WebUIKeywordMain.runKeyword(WebUIKeywordMain.groovy:27)
	at com.kms.katalon.core.webui.keyword.builtin.ClickKeyword.click(ClickKeyword.groovy:86)
	at com.kms.katalon.core.webui.keyword.builtin.ClickKeyword.execute(ClickKeyword.groovy:67)
	at com.kms.katalon.core.keyword.internal.KeywordExecutor.executeKeywordForPlatform(KeywordExecutor.groovy:53)
	at com.kms.katalon.core.webui.keyword.WebUiBuiltInKeywords.click(WebUiBuiltInKeywords.groovy:616)
	at com.kms.katalon.core.webui.keyword.WebUiBuiltInKeywords$click$3.call(Unknown Source)
	at Prompts - Import.run(Prompts - Import:49)
	at com.kms.katalon.core.main.ScriptEngine.run(ScriptEngine.java:194)
	at com.kms.katalon.core.main.ScriptEngine.runScriptAsRawText(ScriptEngine.java:119)
	at com.kms.katalon.core.main.TestCaseExecutor.runScript(TestCaseExecutor.java:328)
	at com.kms.katalon.core.main.TestCaseExecutor.doExecute(TestCaseExecutor.java:319)
	at com.kms.katalon.core.main.TestCaseExecutor.processExecutionPhase(TestCaseExecutor.java:298)
	at com.kms.katalon.core.main.TestCaseExecutor.accessMainPhase(TestCaseExecutor.java:290)
	at com.kms.katalon.core.main.TestCaseExecutor.execute(TestCaseExecutor.java:224)
	at com.kms.katalon.core.main.TestSuiteExecutor.accessTestCaseMainPhase(TestSuiteExecutor.java:129)
	at com.kms.katalon.core.main.TestSuiteExecutor.accessTestSuiteMainPhase(TestSuiteExecutor.java:112)
	at com.kms.katalon.core.main.TestSuiteExecutor.execute(TestSuiteExecutor.java:81)
	at com.kms.katalon.core.main.TestCaseMain.startTestSuite(TestCaseMain.java:149)
	at com.kms.katalon.core.main.TestCaseMain$startTestSuite$0.call(Unknown Source)
	at TempTestSuite1548969729134.run(TempTestSuite1548969729134.groovy:36)


2019-01-31 15:31:58 - [MESSAGE][INFO] - Unable to find the element located by 'By.xpath: (.//*[normalize-space(text()) and normalize-space(.)='Done!'])[1]/following::button[1]'. Please recheck the objects properties to make sure the desired element is located. 

2019-01-31 15:31:58 - [MESSAGE][FAILED] - Unable to click on object 'Object Repository/Admin Console ePulse Menu/Account Settings/Prompts/Import Prompts Buttons/button_Done(working)' (Root cause: com.kms.katalon.core.webui.exception.WebElementNotFoundException: Web element with id: 'Object Repository/Admin Console ePulse Menu/Account Settings/Prompts/Import Prompts Buttons/button_Done(working)' located by 'By.xpath: (.//*[normalize-space(text()) and normalize-space(.)='Done!'])[1]/following::button[1]' not found)
[[ATTACHMENT|/Users/alonzomack/Katalon Studio/Regression/Reports/dev_staging ready/20190131_152208/1548970318356.png]]

2019-01-31 15:31:58 - [MESSAGE][FAILED] - click(findTestObject("Admin Console ePulse Menu/Account Settings/Prompts/Import Prompts Buttons/button_Done(working)")) FAILED.
Reason:
com.kms.katalon.core.exception.StepFailedException: Unable to click on object 'Object Repository/Admin Console ePulse Menu/Account Settings/Prompts/Import Prompts Buttons/button_Done(working)' (Root cause: com.kms.katalon.core.webui.exception.WebElementNotFoundException: Web element with id: 'Object Repository/Admin Console ePulse Menu/Account Settings/Prompts/Import Prompts Buttons/button_Done(working)' located by 'By.xpath: (.//*[normalize-space(text()) and normalize-space(.)='Done!'])[1]/following::button[1]' not found)
	at com.kms.katalon.core.keyword.internal.KeywordMain.stepFailed(KeywordMain.groovy:36)
	at com.kms.katalon.core.webui.keyword.internal.WebUIKeywordMain.stepFailed(WebUIKeywordMain.groovy:65)
	at com.kms.katalon.core.webui.keyword.internal.WebUIKeywordMain.runKeyword(WebUIKeywordMain.groovy:27)
	at com.kms.katalon.core.webui.keyword.builtin.ClickKeyword.click(ClickKeyword.groovy:86)
	at com.kms.katalon.core.webui.keyword.builtin.ClickKeyword.execute(ClickKeyword.groovy:67)
	at com.kms.katalon.core.keyword.internal.KeywordExecutor.executeKeywordForPlatform(KeywordExecutor.groovy:53)
	at com.kms.katalon.core.webui.keyword.WebUiBuiltInKeywords.click(WebUiBuiltInKeywords.groovy:616)
	at com.kms.katalon.core.webui.keyword.WebUiBuiltInKeywords$click$3.call(Unknown Source)
	at Prompts - Import.run(Prompts - Import:49)
	at com.kms.katalon.core.main.ScriptEngine.run(ScriptEngine.java:194)
	at com.kms.katalon.core.main.ScriptEngine.runScriptAsRawText(ScriptEngine.java:119)
	at com.kms.katalon.core.main.TestCaseExecutor.runScript(TestCaseExecutor.java:328)
	at com.kms.katalon.core.main.TestCaseExecutor.doExecute(TestCaseExecutor.java:319)
	at com.kms.katalon.core.main.TestCaseExecutor.processExecutionPhase(TestCaseExecutor.java:298)
	at com.kms.katalon.core.main.TestCaseExecutor.accessMainPhase(TestCaseExecutor.java:290)
	at com.kms.katalon.core.main.TestCaseExecutor.execute(TestCaseExecutor.java:224)
	at com.kms.katalon.core.main.TestSuiteExecutor.accessTestCaseMainPhase(TestSuiteExecutor.java:129)
	at com.kms.katalon.core.main.TestSuiteExecutor.accessTestSuiteMainPhase(TestSuiteExecutor.java:112)
	at com.kms.katalon.core.main.TestSuiteExecutor.execute(TestSuiteExecutor.java:81)
	at com.kms.katalon.core.main.TestCaseMain.startTestSuite(TestCaseMain.java:149)
	at com.kms.katalon.core.main.TestCaseMain$startTestSuite$0.call(Unknown Source)
	at TempTestSuite1548969729134.run(TempTestSuite1548969729134.groovy:36)]]></system-out>
         <system-err><![CDATA[2019-01-31 15:31:34 - [TEST_CASE][FAILED] - Test Cases/Admin Console/Account Settings/Prompts()/Prompts - Import: Test Cases/Admin Console/Account Settings/Prompts()/Prompts - Import FAILED.
Reason:
com.kms.katalon.core.exception.StepFailedException: Unable to click on object 'Object Repository/Admin Console ePulse Menu/Account Settings/Prompts/Import Prompts Buttons/button_Done(working)' (Root cause: com.kms.katalon.core.webui.exception.WebElementNotFoundException: Web element with id: 'Object Repository/Admin Console ePulse Menu/Account Settings/Prompts/Import Prompts Buttons/button_Done(working)' located by 'By.xpath: (.//*[normalize-space(text()) and normalize-space(.)='Done!'])[1]/following::button[1]' not found)
	at com.kms.katalon.core.keyword.internal.KeywordMain.stepFailed(KeywordMain.groovy:36)
	at com.kms.katalon.core.webui.keyword.internal.WebUIKeywordMain.stepFailed(WebUIKeywordMain.groovy:65)
	at com.kms.katalon.core.webui.keyword.internal.WebUIKeywordMain.runKeyword(WebUIKeywordMain.groovy:27)
	at com.kms.katalon.core.webui.keyword.builtin.ClickKeyword.click(ClickKeyword.groovy:86)
	at com.kms.katalon.core.webui.keyword.builtin.ClickKeyword.execute(ClickKeyword.groovy:67)
	at com.kms.katalon.core.keyword.internal.KeywordExecutor.executeKeywordForPlatform(KeywordExecutor.groovy:53)
	at com.kms.katalon.core.webui.keyword.WebUiBuiltInKeywords.click(WebUiBuiltInKeywords.groovy:616)
	at com.kms.katalon.core.webui.keyword.WebUiBuiltInKeywords$click$3.call(Unknown Source)
	at Prompts - Import.run(Prompts - Import:49)
	at com.kms.katalon.core.main.ScriptEngine.run(ScriptEngine.java:194)
	at com.kms.katalon.core.main.ScriptEngine.runScriptAsRawText(ScriptEngine.java:119)
	at com.kms.katalon.core.main.TestCaseExecutor.runScript(TestCaseExecutor.java:328)
	at com.kms.katalon.core.main.TestCaseExecutor.doExecute(TestCaseExecutor.java:319)
	at com.kms.katalon.core.main.TestCaseExecutor.processExecutionPhase(TestCaseExecutor.java:298)
	at com.kms.katalon.core.main.TestCaseExecutor.accessMainPhase(TestCaseExecutor.java:290)
	at com.kms.katalon.core.main.TestCaseExecutor.execute(TestCaseExecutor.java:224)
	at com.kms.katalon.core.main.TestSuiteExecutor.accessTestCaseMainPhase(TestSuiteExecutor.java:129)
	at com.kms.katalon.core.main.TestSuiteExecutor.accessTestSuiteMainPhase(TestSuiteExecutor.java:112)
	at com.kms.katalon.core.main.TestSuiteExecutor.execute(TestSuiteExecutor.java:81)
	at com.kms.katalon.core.main.TestCaseMain.startTestSuite(TestCaseMain.java:149)
	at com.kms.katalon.core.main.TestCaseMain$startTestSuite$0.call(Unknown Source)
	at TempTestSuite1548969729134.run(TempTestSuite1548969729134.groovy:36)]]></system-err>
      </testcase>
      <testcase name="Test Cases/Admin Console/Account Settings/Prompts()/Prompts - Edit" classname="Test Cases/Admin Console/Account Settings/Prompts()/Prompts - Edit" status="PASSED">
         <system-out><![CDATA[2019-01-31 15:32:00 - [TEST_CASE][PASSED] - Test Cases/Admin Console/Account Settings/Prompts()/Prompts - Edit: Test Cases/Admin Console/Account Settings/Prompts()/Prompts - Edit

2019-01-31 15:32:00 - [TEST_STEP][PASSED] - openBrowser(""): Browser is opened with url: ''

2019-01-31 15:32:00 - [MESSAGE][WARNING] - A browser is already opened. Closing browser and opening a new one

2019-01-31 15:32:01 - [MESSAGE][INFO] - Starting 'Chrome' driver

2019-01-31 15:32:02 - [MESSAGE][PASSED] - Browser is opened with url: ''

2019-01-31 15:32:02 - [TEST_STEP][PASSED] - navigateToUrl(URL): Navigate to 'https://dev.epulse.io' successfully

2019-01-31 15:32:03 - [MESSAGE][PASSED] - Navigate to 'https://dev.epulse.io' successfully

2019-01-31 15:32:03 - [TEST_STEP][PASSED] - setText(findTestObject("Login/Email Address"), User_email): Text 'alonzo.mack@knowink.com' is set on object 'Object Repository/Login/Email Address'

2019-01-31 15:32:03 - [MESSAGE][PASSED] - Text 'alonzo.mack@knowink.com' is set on object 'Object Repository/Login/Email Address'

2019-01-31 15:32:03 - [TEST_STEP][PASSED] - setEncryptedText(findTestObject("Login/Password"), Pswrd): Text ****** has been set on object 'Object Repository/Login/Password'

2019-01-31 15:32:03 - [MESSAGE][PASSED] - Text ****** has been set on object 'Object Repository/Login/Password'

2019-01-31 15:32:03 - [TEST_STEP][PASSED] - click(findTestObject("Login/Sign In")): Object: 'Object Repository/Login/Sign In' is clicked on

2019-01-31 15:32:04 - [MESSAGE][PASSED] - Object: 'Object Repository/Login/Sign In' is clicked on

2019-01-31 15:32:04 - [TEST_STEP][PASSED] - delay(1): Delayed 1 second(s)

2019-01-31 15:32:05 - [MESSAGE][PASSED] - Delayed 1 second(s)

2019-01-31 15:32:05 - [TEST_STEP][PASSED] - navigateToUrl(Prompts, STOP_ON_FAILURE): Navigate to 'https://am-Automation-test.dev.epulse.io/prompts' successfully

2019-01-31 15:32:07 - [MESSAGE][PASSED] - Navigate to 'https://am-Automation-test.dev.epulse.io/prompts' successfully

2019-01-31 15:32:07 - [TEST_STEP][PASSED] - delay(1): Delayed 1 second(s)

2019-01-31 15:32:08 - [MESSAGE][PASSED] - Delayed 1 second(s)

2019-01-31 15:32:08 - [TEST_STEP][PASSED] - click(findTestObject("Admin Console ePulse Menu/Account Settings/Prompts/Edit Prompt")): Object: 'Object Repository/Admin Console ePulse Menu/Account Settings/Prompts/Edit Prompt' is clicked on

2019-01-31 15:32:08 - [MESSAGE][PASSED] - Object: 'Object Repository/Admin Console ePulse Menu/Account Settings/Prompts/Edit Prompt' is clicked on

2019-01-31 15:32:08 - [TEST_STEP][PASSED] - delay(2): Delayed 2 second(s)

2019-01-31 15:32:10 - [MESSAGE][PASSED] - Delayed 2 second(s)

2019-01-31 15:32:10 - [TEST_STEP][PASSED] - setText(findTestObject("Admin Console ePulse Menu/Account Settings/Prompts/Add_Edit Prompt Modal/Name"), "Test Prompt Test"): Text 'Test Prompt Test' is set on object 'Object Repository/Admin Console ePulse Menu/Account Settings/Prompts/Add_Edit Prompt Modal/Name'

2019-01-31 15:32:10 - [MESSAGE][PASSED] - Text 'Test Prompt Test' is set on object 'Object Repository/Admin Console ePulse Menu/Account Settings/Prompts/Add_Edit Prompt Modal/Name'

2019-01-31 15:32:10 - [TEST_STEP][PASSED] - delay(2): Delayed 2 second(s)

2019-01-31 15:32:12 - [MESSAGE][PASSED] - Delayed 2 second(s)

2019-01-31 15:32:12 - [TEST_STEP][PASSED] - setText(findTestObject("Admin Console ePulse Menu/Account Settings/Prompts/Add_Edit Prompt Modal/Heading"), "Prompt Edit"): Text 'Prompt Edit' is set on object 'Object Repository/Admin Console ePulse Menu/Account Settings/Prompts/Add_Edit Prompt Modal/Heading'

2019-01-31 15:32:12 - [MESSAGE][PASSED] - Text 'Prompt Edit' is set on object 'Object Repository/Admin Console ePulse Menu/Account Settings/Prompts/Add_Edit Prompt Modal/Heading'

2019-01-31 15:32:12 - [TEST_STEP][PASSED] - delay(2): Delayed 2 second(s)

2019-01-31 15:32:14 - [MESSAGE][PASSED] - Delayed 2 second(s)

2019-01-31 15:32:14 - [TEST_STEP][PASSED] - selectOptionByValue(findTestObject("Admin Console ePulse Menu/Account Settings/Prompts/Add_Edit Prompt Modal/Select Color"), "2", true): All options with value '2' are selected in object 'Object Repository/Admin Console ePulse Menu/Account Settings/Prompts/Add_Edit Prompt Modal/Select Color'  using regular expression

2019-01-31 15:32:15 - [MESSAGE][PASSED] - All options with value '2' are selected in object 'Object Repository/Admin Console ePulse Menu/Account Settings/Prompts/Add_Edit Prompt Modal/Select Color'  using regular expression

2019-01-31 15:32:15 - [TEST_STEP][PASSED] - delay(2): Delayed 2 second(s)

2019-01-31 15:32:17 - [MESSAGE][PASSED] - Delayed 2 second(s)

2019-01-31 15:32:17 - [TEST_STEP][PASSED] - setText(findTestObject("Admin Console ePulse Menu/Account Settings/Prompts/Add_Edit Prompt Modal/Order"), "2"): Text '2' is set on object 'Object Repository/Admin Console ePulse Menu/Account Settings/Prompts/Add_Edit Prompt Modal/Order'

2019-01-31 15:32:17 - [MESSAGE][PASSED] - Text '2' is set on object 'Object Repository/Admin Console ePulse Menu/Account Settings/Prompts/Add_Edit Prompt Modal/Order'

2019-01-31 15:32:17 - [TEST_STEP][PASSED] - delay(2): Delayed 2 second(s)

2019-01-31 15:32:19 - [MESSAGE][PASSED] - Delayed 2 second(s)

2019-01-31 15:32:19 - [TEST_STEP][PASSED] - setText(findTestObject("Admin Console ePulse Menu/Account Settings/Prompts/Add_Edit Prompt Modal/Field Label"), "Prompt Test"): Text 'Prompt Test' is set on object 'Object Repository/Admin Console ePulse Menu/Account Settings/Prompts/Add_Edit Prompt Modal/Field Label'

2019-01-31 15:32:19 - [MESSAGE][PASSED] - Text 'Prompt Test' is set on object 'Object Repository/Admin Console ePulse Menu/Account Settings/Prompts/Add_Edit Prompt Modal/Field Label'

2019-01-31 15:32:19 - [TEST_STEP][PASSED] - delay(2): Delayed 2 second(s)

2019-01-31 15:32:21 - [MESSAGE][PASSED] - Delayed 2 second(s)

2019-01-31 15:32:21 - [TEST_STEP][PASSED] - setText(findTestObject("Admin Console ePulse Menu/Account Settings/Prompts/Add_Edit Prompt Modal/Field Name"), "prompt test"): Text 'prompt test' is set on object 'Object Repository/Admin Console ePulse Menu/Account Settings/Prompts/Add_Edit Prompt Modal/Field Name'

2019-01-31 15:32:21 - [MESSAGE][PASSED] - Text 'prompt test' is set on object 'Object Repository/Admin Console ePulse Menu/Account Settings/Prompts/Add_Edit Prompt Modal/Field Name'

2019-01-31 15:32:21 - [TEST_STEP][PASSED] - delay(2): Delayed 2 second(s)

2019-01-31 15:32:23 - [MESSAGE][PASSED] - Delayed 2 second(s)

2019-01-31 15:32:23 - [TEST_STEP][PASSED] - click(findTestObject("Admin Console ePulse Menu/Account Settings/Prompts/Add_Edit Prompt Modal/Show Voter Info_slider")): Object: 'Object Repository/Admin Console ePulse Menu/Account Settings/Prompts/Add_Edit Prompt Modal/Show Voter Info_slider' is clicked on

2019-01-31 15:32:23 - [MESSAGE][PASSED] - Object: 'Object Repository/Admin Console ePulse Menu/Account Settings/Prompts/Add_Edit Prompt Modal/Show Voter Info_slider' is clicked on

2019-01-31 15:32:23 - [TEST_STEP][PASSED] - delay(2): Delayed 2 second(s)

2019-01-31 15:32:25 - [MESSAGE][PASSED] - Delayed 2 second(s)

2019-01-31 15:32:25 - [TEST_STEP][PASSED] - click(findTestObject("Admin Console ePulse Menu/Account Settings/Prompts/Add_Edit Prompt Modal/Show Text Field_slider")): Object: 'Object Repository/Admin Console ePulse Menu/Account Settings/Prompts/Add_Edit Prompt Modal/Show Text Field_slider' is clicked on

2019-01-31 15:32:25 - [MESSAGE][PASSED] - Object: 'Object Repository/Admin Console ePulse Menu/Account Settings/Prompts/Add_Edit Prompt Modal/Show Text Field_slider' is clicked on

2019-01-31 15:32:25 - [TEST_STEP][PASSED] - delay(2): Delayed 2 second(s)

2019-01-31 15:32:27 - [MESSAGE][PASSED] - Delayed 2 second(s)

2019-01-31 15:32:27 - [TEST_STEP][PASSED] - setText(findTestObject("Admin Console ePulse Menu/Account Settings/Prompts/Add_Edit Prompt Modal/Instructions textarea "), "Test Prompt2"): Text 'Test Prompt2' is set on object 'Object Repository/Admin Console ePulse Menu/Account Settings/Prompts/Add_Edit Prompt Modal/Instructions textarea '

2019-01-31 15:32:27 - [MESSAGE][PASSED] - Text 'Test Prompt2' is set on object 'Object Repository/Admin Console ePulse Menu/Account Settings/Prompts/Add_Edit Prompt Modal/Instructions textarea '

2019-01-31 15:32:27 - [TEST_STEP][PASSED] - delay(2): Delayed 2 second(s)

2019-01-31 15:32:29 - [MESSAGE][PASSED] - Delayed 2 second(s)

2019-01-31 15:32:29 - [TEST_STEP][PASSED] - click(findTestObject("Admin Console ePulse Menu/Account Settings/Prompts/Add_Edit Prompt Modal/Submit")): Object: 'Object Repository/Admin Console ePulse Menu/Account Settings/Prompts/Add_Edit Prompt Modal/Submit' is clicked on

2019-01-31 15:32:29 - [MESSAGE][PASSED] - Object: 'Object Repository/Admin Console ePulse Menu/Account Settings/Prompts/Add_Edit Prompt Modal/Submit' is clicked on

2019-01-31 15:32:29 - [TEST_STEP][PASSED] - delay(2): Delayed 2 second(s)

2019-01-31 15:32:31 - [MESSAGE][PASSED] - Delayed 2 second(s)

2019-01-31 15:32:31 - [TEST_STEP][PASSED] - closeBrowser(): Browser is closed

2019-01-31 15:32:32 - [MESSAGE][PASSED] - Browser is closed]]></system-out>
         <system-err><![CDATA[]]></system-err>
      </testcase>
      <testcase name="Test Cases/Admin Console/Account Settings/Prompts()/Prompts - Delete" classname="Test Cases/Admin Console/Account Settings/Prompts()/Prompts - Delete" status="PASSED">
         <system-out><![CDATA[2019-01-31 15:32:34 - [TEST_CASE][PASSED] - Test Cases/Admin Console/Account Settings/Prompts()/Prompts - Delete: Test Cases/Admin Console/Account Settings/Prompts()/Prompts - Delete

2019-01-31 15:32:34 - [TEST_STEP][PASSED] - openBrowser(""): Browser is opened with url: ''

2019-01-31 15:32:34 - [MESSAGE][INFO] - Starting 'Chrome' driver

2019-01-31 15:32:35 - [MESSAGE][PASSED] - Browser is opened with url: ''

2019-01-31 15:32:35 - [TEST_STEP][PASSED] - navigateToUrl(URL): Navigate to 'https://dev.epulse.io' successfully

2019-01-31 15:32:36 - [MESSAGE][PASSED] - Navigate to 'https://dev.epulse.io' successfully

2019-01-31 15:32:36 - [TEST_STEP][PASSED] - setText(findTestObject("Login/Email Address"), User_email): Text 'alonzo.mack@knowink.com' is set on object 'Object Repository/Login/Email Address'

2019-01-31 15:32:37 - [MESSAGE][PASSED] - Text 'alonzo.mack@knowink.com' is set on object 'Object Repository/Login/Email Address'

2019-01-31 15:32:37 - [TEST_STEP][PASSED] - setEncryptedText(findTestObject("Login/Password"), Pswrd): Text ****** has been set on object 'Object Repository/Login/Password'

2019-01-31 15:32:37 - [MESSAGE][PASSED] - Text ****** has been set on object 'Object Repository/Login/Password'

2019-01-31 15:32:37 - [TEST_STEP][PASSED] - click(findTestObject("Login/Sign In")): Object: 'Object Repository/Login/Sign In' is clicked on

2019-01-31 15:32:37 - [MESSAGE][PASSED] - Object: 'Object Repository/Login/Sign In' is clicked on

2019-01-31 15:32:37 - [TEST_STEP][PASSED] - delay(1): Delayed 1 second(s)

2019-01-31 15:32:38 - [MESSAGE][PASSED] - Delayed 1 second(s)

2019-01-31 15:32:38 - [TEST_STEP][PASSED] - navigateToUrl(Prompts, STOP_ON_FAILURE): Navigate to 'https://am-Automation-test.dev.epulse.io/prompts' successfully

2019-01-31 15:32:39 - [MESSAGE][PASSED] - Navigate to 'https://am-Automation-test.dev.epulse.io/prompts' successfully

2019-01-31 15:32:39 - [TEST_STEP][PASSED] - delay(1): Delayed 1 second(s)

2019-01-31 15:32:40 - [MESSAGE][PASSED] - Delayed 1 second(s)

2019-01-31 15:32:40 - [TEST_STEP][PASSED] - click(findTestObject("Admin Console ePulse Menu/Account Settings/Prompts/Delete Prompt")): Object: 'Object Repository/Admin Console ePulse Menu/Account Settings/Prompts/Delete Prompt' is clicked on

2019-01-31 15:32:40 - [MESSAGE][PASSED] - Object: 'Object Repository/Admin Console ePulse Menu/Account Settings/Prompts/Delete Prompt' is clicked on

2019-01-31 15:32:40 - [TEST_STEP][PASSED] - delay(3): Delayed 3 second(s)

2019-01-31 15:32:43 - [MESSAGE][PASSED] - Delayed 3 second(s)

2019-01-31 15:32:43 - [TEST_STEP][PASSED] - acceptAlert(): Alert accepted

2019-01-31 15:32:44 - [MESSAGE][PASSED] - Alert accepted

2019-01-31 15:32:44 - [TEST_STEP][PASSED] - closeBrowser(): Browser is closed

2019-01-31 15:32:44 - [MESSAGE][PASSED] - Browser is closed]]></system-out>
         <system-err><![CDATA[]]></system-err>
      </testcase>
      <testcase name="Test Cases/Admin Console/Poll Workers-Election Officials()/POLL WORKER - CLASSES" classname="Test Cases/Admin Console/Poll Workers-Election Officials()/POLL WORKER - CLASSES" status="PASSED">
         <system-out><![CDATA[2019-01-31 15:32:46 - [TEST_CASE][PASSED] - Test Cases/Admin Console/Poll Workers-Election Officials()/POLL WORKER - CLASSES: Test Cases/Admin Console/Poll Workers-Election Officials()/POLL WORKER - CLASSES

2019-01-31 15:32:46 - [TEST_STEP][PASSED] - openBrowser(""): Browser is opened with url: ''

2019-01-31 15:32:46 - [MESSAGE][INFO] - Starting 'Chrome' driver

2019-01-31 15:32:47 - [MESSAGE][PASSED] - Browser is opened with url: ''

2019-01-31 15:32:47 - [TEST_STEP][PASSED] - navigateToUrl(URL): Navigate to 'https://dev.epulse.io' successfully

2019-01-31 15:32:48 - [MESSAGE][PASSED] - Navigate to 'https://dev.epulse.io' successfully

2019-01-31 15:32:48 - [TEST_STEP][PASSED] - setText(findTestObject("Login/Email Address"), User_email): Text 'alonzo.mack@knowink.com' is set on object 'Object Repository/Login/Email Address'

2019-01-31 15:32:49 - [MESSAGE][PASSED] - Text 'alonzo.mack@knowink.com' is set on object 'Object Repository/Login/Email Address'

2019-01-31 15:32:49 - [TEST_STEP][PASSED] - setEncryptedText(findTestObject("Login/Password"), Pswrd): Text ****** has been set on object 'Object Repository/Login/Password'

2019-01-31 15:32:49 - [MESSAGE][PASSED] - Text ****** has been set on object 'Object Repository/Login/Password'

2019-01-31 15:32:49 - [TEST_STEP][PASSED] - click(findTestObject("Login/Sign In")): Object: 'Object Repository/Login/Sign In' is clicked on

2019-01-31 15:32:49 - [MESSAGE][PASSED] - Object: 'Object Repository/Login/Sign In' is clicked on

2019-01-31 15:32:49 - [TEST_STEP][PASSED] - delay(1): Delayed 1 second(s)

2019-01-31 15:32:50 - [MESSAGE][PASSED] - Delayed 1 second(s)

2019-01-31 15:32:50 - [TEST_STEP][PASSED] - for ([row = 1, row <= findTestData("PollWorker - Classes").getRowNumbers(), (row++)]): Object: 'Object Repository/Admin Console ePulse Menu/Poll Workers/New Poll Worker Class/Submit' is clicked on

2019-01-31 15:32:51 - [TEST_STEP][PASSED] - navigateToUrl(Poll_Workers_Classes_New): Navigate to 'https://am-automation-test.dev.epulse.io/poll_worker_classes/new' successfully

2019-01-31 15:32:52 - [MESSAGE][PASSED] - Navigate to 'https://am-automation-test.dev.epulse.io/poll_worker_classes/new' successfully

2019-01-31 15:32:52 - [TEST_STEP][PASSED] - click(findTestObject("Admin Console ePulse Menu/Poll Workers/New Poll Worker Class/Class Information/Class Information dropdown")): Object: 'Object Repository/Admin Console ePulse Menu/Poll Workers/New Poll Worker Class/Class Information/Class Information dropdown' is clicked on

2019-01-31 15:32:52 - [MESSAGE][PASSED] - Object: 'Object Repository/Admin Console ePulse Menu/Poll Workers/New Poll Worker Class/Class Information/Class Information dropdown' is clicked on

2019-01-31 15:32:52 - [TEST_STEP][PASSED] - delay(1): Delayed 1 second(s)

2019-01-31 15:32:53 - [MESSAGE][PASSED] - Delayed 1 second(s)

2019-01-31 15:32:53 - [TEST_STEP][PASSED] - setText(findTestObject("Admin Console ePulse Menu/Poll Workers/New Poll Worker Class/Class Information/Name"), findTestData("PollWorker - Classes").getValue("Name", row)): Text 'Training Class1' is set on object 'Object Repository/Admin Console ePulse Menu/Poll Workers/New Poll Worker Class/Class Information/Name'

2019-01-31 15:32:53 - [MESSAGE][PASSED] - Text 'Training Class1' is set on object 'Object Repository/Admin Console ePulse Menu/Poll Workers/New Poll Worker Class/Class Information/Name'

2019-01-31 15:32:53 - [TEST_STEP][PASSED] - delay(1): Delayed 1 second(s)

2019-01-31 15:32:54 - [MESSAGE][PASSED] - Delayed 1 second(s)

2019-01-31 15:32:54 - [TEST_STEP][PASSED] - setText(findTestObject("Admin Console ePulse Menu/Poll Workers/New Poll Worker Class/Class Information/Instructor"), findTestData("PollWorker - Classes").getValue("Instructor", row)): Text 'Jack Johnson1' is set on object 'Object Repository/Admin Console ePulse Menu/Poll Workers/New Poll Worker Class/Class Information/Instructor'

2019-01-31 15:32:55 - [MESSAGE][PASSED] - Text 'Jack Johnson1' is set on object 'Object Repository/Admin Console ePulse Menu/Poll Workers/New Poll Worker Class/Class Information/Instructor'

2019-01-31 15:32:55 - [TEST_STEP][PASSED] - delay(1): Delayed 1 second(s)

2019-01-31 15:32:56 - [MESSAGE][PASSED] - Delayed 1 second(s)

2019-01-31 15:32:56 - [TEST_STEP][PASSED] - setText(findTestObject("Admin Console ePulse Menu/Poll Workers/New Poll Worker Class/Address Information/Location"), findTestData("PollWorker - Classes").getValue("Location", row)): Text 'Civic Center' is set on object 'Object Repository/Admin Console ePulse Menu/Poll Workers/New Poll Worker Class/Address Information/Location'

2019-01-31 15:32:56 - [MESSAGE][PASSED] - Text 'Civic Center' is set on object 'Object Repository/Admin Console ePulse Menu/Poll Workers/New Poll Worker Class/Address Information/Location'

2019-01-31 15:32:56 - [TEST_STEP][PASSED] - delay(1): Delayed 1 second(s)

2019-01-31 15:32:57 - [MESSAGE][PASSED] - Delayed 1 second(s)

2019-01-31 15:32:57 - [TEST_STEP][PASSED] - doubleClick(findTestObject("Admin Console ePulse Menu/Poll Workers/New Poll Worker Class/Class Information/Date")): Object: 'Object Repository/Admin Console ePulse Menu/Poll Workers/New Poll Worker Class/Class Information/Date' is double clicked on

2019-01-31 15:32:57 - [MESSAGE][PASSED] - Object: 'Object Repository/Admin Console ePulse Menu/Poll Workers/New Poll Worker Class/Class Information/Date' is double clicked on

2019-01-31 15:32:57 - [TEST_STEP][PASSED] - delay(1): Delayed 1 second(s)

2019-01-31 15:32:58 - [MESSAGE][PASSED] - Delayed 1 second(s)

2019-01-31 15:32:58 - [TEST_STEP][PASSED] - setText(findTestObject("Admin Console ePulse Menu/Poll Workers/New Poll Worker Class/Class Information/Rate"), findTestData("PollWorker - Classes").getValue("Rate", row)): Text '10' is set on object 'Object Repository/Admin Console ePulse Menu/Poll Workers/New Poll Worker Class/Class Information/Rate'

2019-01-31 15:32:58 - [MESSAGE][PASSED] - Text '10' is set on object 'Object Repository/Admin Console ePulse Menu/Poll Workers/New Poll Worker Class/Class Information/Rate'

2019-01-31 15:32:58 - [TEST_STEP][PASSED] - delay(1): Delayed 1 second(s)

2019-01-31 15:32:59 - [MESSAGE][PASSED] - Delayed 1 second(s)

2019-01-31 15:32:59 - [TEST_STEP][PASSED] - setText(findTestObject("Admin Console ePulse Menu/Poll Workers/New Poll Worker Class/Class Information/Class Description"), findTestData("PollWorker - Classes").getValue("Descript", row)): Text 'Training Class Civic Center' is set on object 'Object Repository/Admin Console ePulse Menu/Poll Workers/New Poll Worker Class/Class Information/Class Description'

2019-01-31 15:32:59 - [MESSAGE][PASSED] - Text 'Training Class Civic Center' is set on object 'Object Repository/Admin Console ePulse Menu/Poll Workers/New Poll Worker Class/Class Information/Class Description'

2019-01-31 15:32:59 - [TEST_STEP][PASSED] - setText(findTestObject("Admin Console ePulse Menu/Poll Workers/New Poll Worker Class/Class Information/Name"), findTestData("PollWorker - Classes").getValue("Name", row)): Text 'Training Class1' is set on object 'Object Repository/Admin Console ePulse Menu/Poll Workers/New Poll Worker Class/Class Information/Name'

2019-01-31 15:33:00 - [MESSAGE][PASSED] - Text 'Training Class1' is set on object 'Object Repository/Admin Console ePulse Menu/Poll Workers/New Poll Worker Class/Class Information/Name'

2019-01-31 15:33:00 - [TEST_STEP][PASSED] - delay(1): Delayed 1 second(s)

2019-01-31 15:33:01 - [MESSAGE][PASSED] - Delayed 1 second(s)

2019-01-31 15:33:01 - [TEST_STEP][PASSED] - click(findTestObject("Admin Console ePulse Menu/Poll Workers/New Poll Worker Class/Address Information/Address Information dropdown")): Object: 'Object Repository/Admin Console ePulse Menu/Poll Workers/New Poll Worker Class/Address Information/Address Information dropdown' is clicked on

2019-01-31 15:33:01 - [MESSAGE][PASSED] - Object: 'Object Repository/Admin Console ePulse Menu/Poll Workers/New Poll Worker Class/Address Information/Address Information dropdown' is clicked on

2019-01-31 15:33:01 - [TEST_STEP][PASSED] - delay(1): Delayed 1 second(s)

2019-01-31 15:33:02 - [MESSAGE][PASSED] - Delayed 1 second(s)

2019-01-31 15:33:02 - [TEST_STEP][PASSED] - setText(findTestObject("Admin Console ePulse Menu/Poll Workers/New Poll Worker Class/Address Information/Address1"), findTestData("PollWorker - Classes").getValue("Address1", row)): Text '3478 Hillmont' is set on object 'Object Repository/Admin Console ePulse Menu/Poll Workers/New Poll Worker Class/Address Information/Address1'

2019-01-31 15:33:02 - [MESSAGE][PASSED] - Text '3478 Hillmont' is set on object 'Object Repository/Admin Console ePulse Menu/Poll Workers/New Poll Worker Class/Address Information/Address1'

2019-01-31 15:33:02 - [TEST_STEP][PASSED] - delay(1): Delayed 1 second(s)

2019-01-31 15:33:03 - [MESSAGE][PASSED] - Delayed 1 second(s)

2019-01-31 15:33:03 - [TEST_STEP][PASSED] - setText(findTestObject("Admin Console ePulse Menu/Poll Workers/New Poll Worker Class/Address Information/Address2"), findTestData("PollWorker - Classes").getValue("Address2", row)): Text 'Suite 301' is set on object 'Object Repository/Admin Console ePulse Menu/Poll Workers/New Poll Worker Class/Address Information/Address2'

2019-01-31 15:33:03 - [MESSAGE][PASSED] - Text 'Suite 301' is set on object 'Object Repository/Admin Console ePulse Menu/Poll Workers/New Poll Worker Class/Address Information/Address2'

2019-01-31 15:33:03 - [TEST_STEP][PASSED] - delay(1): Delayed 1 second(s)

2019-01-31 15:33:04 - [MESSAGE][PASSED] - Delayed 1 second(s)

2019-01-31 15:33:04 - [TEST_STEP][PASSED] - setText(findTestObject("Admin Console ePulse Menu/Poll Workers/New Poll Worker Class/Address Information/City"), findTestData("PollWorker - Classes").getValue("City", row)): Text 'Anywhere' is set on object 'Object Repository/Admin Console ePulse Menu/Poll Workers/New Poll Worker Class/Address Information/City'

2019-01-31 15:33:04 - [MESSAGE][PASSED] - Text 'Anywhere' is set on object 'Object Repository/Admin Console ePulse Menu/Poll Workers/New Poll Worker Class/Address Information/City'

2019-01-31 15:33:04 - [TEST_STEP][PASSED] - delay(1): Delayed 1 second(s)

2019-01-31 15:33:05 - [MESSAGE][PASSED] - Delayed 1 second(s)

2019-01-31 15:33:05 - [TEST_STEP][PASSED] - setText(findTestObject("Admin Console ePulse Menu/Poll Workers/New Poll Worker Class/Address Information/State"), findTestData("PollWorker - Classes").getValue("State", row)): Text 'US' is set on object 'Object Repository/Admin Console ePulse Menu/Poll Workers/New Poll Worker Class/Address Information/State'

2019-01-31 15:33:05 - [MESSAGE][PASSED] - Text 'US' is set on object 'Object Repository/Admin Console ePulse Menu/Poll Workers/New Poll Worker Class/Address Information/State'

2019-01-31 15:33:05 - [TEST_STEP][PASSED] - delay(1): Delayed 1 second(s)

2019-01-31 15:33:06 - [MESSAGE][PASSED] - Delayed 1 second(s)

2019-01-31 15:33:06 - [TEST_STEP][PASSED] - setText(findTestObject("Admin Console ePulse Menu/Poll Workers/New Poll Worker Class/Address Information/Zip"), findTestData("PollWorker - Classes").getValue("Zip", row)): Text '78473' is set on object 'Object Repository/Admin Console ePulse Menu/Poll Workers/New Poll Worker Class/Address Information/Zip'

2019-01-31 15:33:07 - [MESSAGE][PASSED] - Text '78473' is set on object 'Object Repository/Admin Console ePulse Menu/Poll Workers/New Poll Worker Class/Address Information/Zip'

2019-01-31 15:33:07 - [TEST_STEP][PASSED] - delay(1): Delayed 1 second(s)

2019-01-31 15:33:08 - [MESSAGE][PASSED] - Delayed 1 second(s)

2019-01-31 15:33:08 - [TEST_STEP][PASSED] - click(findTestObject("Admin Console ePulse Menu/Poll Workers/New Poll Worker Class/Submit")): Object: 'Object Repository/Admin Console ePulse Menu/Poll Workers/New Poll Worker Class/Submit' is clicked on

2019-01-31 15:33:09 - [MESSAGE][PASSED] - Object: 'Object Repository/Admin Console ePulse Menu/Poll Workers/New Poll Worker Class/Submit' is clicked on

2019-01-31 15:33:09 - [TEST_STEP][PASSED] - navigateToUrl(Poll_Workers_Classes_New): Navigate to 'https://am-automation-test.dev.epulse.io/poll_worker_classes/new' successfully

2019-01-31 15:33:09 - [MESSAGE][PASSED] - Navigate to 'https://am-automation-test.dev.epulse.io/poll_worker_classes/new' successfully

2019-01-31 15:33:09 - [TEST_STEP][PASSED] - click(findTestObject("Admin Console ePulse Menu/Poll Workers/New Poll Worker Class/Class Information/Class Information dropdown")): Object: 'Object Repository/Admin Console ePulse Menu/Poll Workers/New Poll Worker Class/Class Information/Class Information dropdown' is clicked on

2019-01-31 15:33:09 - [MESSAGE][PASSED] - Object: 'Object Repository/Admin Console ePulse Menu/Poll Workers/New Poll Worker Class/Class Information/Class Information dropdown' is clicked on

2019-01-31 15:33:09 - [TEST_STEP][PASSED] - delay(1): Delayed 1 second(s)

2019-01-31 15:33:10 - [MESSAGE][PASSED] - Delayed 1 second(s)

2019-01-31 15:33:10 - [TEST_STEP][PASSED] - setText(findTestObject("Admin Console ePulse Menu/Poll Workers/New Poll Worker Class/Class Information/Name"), findTestData("PollWorker - Classes").getValue("Name", row)): Text 'Training Class2' is set on object 'Object Repository/Admin Console ePulse Menu/Poll Workers/New Poll Worker Class/Class Information/Name'

2019-01-31 15:33:10 - [MESSAGE][PASSED] - Text 'Training Class2' is set on object 'Object Repository/Admin Console ePulse Menu/Poll Workers/New Poll Worker Class/Class Information/Name'

2019-01-31 15:33:10 - [TEST_STEP][PASSED] - delay(1): Delayed 1 second(s)

2019-01-31 15:33:11 - [MESSAGE][PASSED] - Delayed 1 second(s)

2019-01-31 15:33:11 - [TEST_STEP][PASSED] - setText(findTestObject("Admin Console ePulse Menu/Poll Workers/New Poll Worker Class/Class Information/Instructor"), findTestData("PollWorker - Classes").getValue("Instructor", row)): Text 'Jack Johnson2' is set on object 'Object Repository/Admin Console ePulse Menu/Poll Workers/New Poll Worker Class/Class Information/Instructor'

2019-01-31 15:33:11 - [MESSAGE][PASSED] - Text 'Jack Johnson2' is set on object 'Object Repository/Admin Console ePulse Menu/Poll Workers/New Poll Worker Class/Class Information/Instructor'

2019-01-31 15:33:11 - [TEST_STEP][PASSED] - delay(1): Delayed 1 second(s)

2019-01-31 15:33:12 - [MESSAGE][PASSED] - Delayed 1 second(s)

2019-01-31 15:33:12 - [TEST_STEP][PASSED] - setText(findTestObject("Admin Console ePulse Menu/Poll Workers/New Poll Worker Class/Address Information/Location"), findTestData("PollWorker - Classes").getValue("Location", row)): Text 'Civic Center' is set on object 'Object Repository/Admin Console ePulse Menu/Poll Workers/New Poll Worker Class/Address Information/Location'

2019-01-31 15:33:12 - [MESSAGE][PASSED] - Text 'Civic Center' is set on object 'Object Repository/Admin Console ePulse Menu/Poll Workers/New Poll Worker Class/Address Information/Location'

2019-01-31 15:33:12 - [TEST_STEP][PASSED] - delay(1): Delayed 1 second(s)

2019-01-31 15:33:14 - [MESSAGE][PASSED] - Delayed 1 second(s)

2019-01-31 15:33:14 - [TEST_STEP][PASSED] - doubleClick(findTestObject("Admin Console ePulse Menu/Poll Workers/New Poll Worker Class/Class Information/Date")): Object: 'Object Repository/Admin Console ePulse Menu/Poll Workers/New Poll Worker Class/Class Information/Date' is double clicked on

2019-01-31 15:33:14 - [MESSAGE][PASSED] - Object: 'Object Repository/Admin Console ePulse Menu/Poll Workers/New Poll Worker Class/Class Information/Date' is double clicked on

2019-01-31 15:33:14 - [TEST_STEP][PASSED] - delay(1): Delayed 1 second(s)

2019-01-31 15:33:15 - [MESSAGE][PASSED] - Delayed 1 second(s)

2019-01-31 15:33:15 - [TEST_STEP][PASSED] - setText(findTestObject("Admin Console ePulse Menu/Poll Workers/New Poll Worker Class/Class Information/Rate"), findTestData("PollWorker - Classes").getValue("Rate", row)): Text '11' is set on object 'Object Repository/Admin Console ePulse Menu/Poll Workers/New Poll Worker Class/Class Information/Rate'

2019-01-31 15:33:15 - [MESSAGE][PASSED] - Text '11' is set on object 'Object Repository/Admin Console ePulse Menu/Poll Workers/New Poll Worker Class/Class Information/Rate'

2019-01-31 15:33:15 - [TEST_STEP][PASSED] - delay(1): Delayed 1 second(s)

2019-01-31 15:33:16 - [MESSAGE][PASSED] - Delayed 1 second(s)

2019-01-31 15:33:16 - [TEST_STEP][PASSED] - setText(findTestObject("Admin Console ePulse Menu/Poll Workers/New Poll Worker Class/Class Information/Class Description"), findTestData("PollWorker - Classes").getValue("Descript", row)): Text 'Training Class Civic Center' is set on object 'Object Repository/Admin Console ePulse Menu/Poll Workers/New Poll Worker Class/Class Information/Class Description'

2019-01-31 15:33:16 - [MESSAGE][PASSED] - Text 'Training Class Civic Center' is set on object 'Object Repository/Admin Console ePulse Menu/Poll Workers/New Poll Worker Class/Class Information/Class Description'

2019-01-31 15:33:16 - [TEST_STEP][PASSED] - setText(findTestObject("Admin Console ePulse Menu/Poll Workers/New Poll Worker Class/Class Information/Name"), findTestData("PollWorker - Classes").getValue("Name", row)): Text 'Training Class2' is set on object 'Object Repository/Admin Console ePulse Menu/Poll Workers/New Poll Worker Class/Class Information/Name'

2019-01-31 15:33:16 - [MESSAGE][PASSED] - Text 'Training Class2' is set on object 'Object Repository/Admin Console ePulse Menu/Poll Workers/New Poll Worker Class/Class Information/Name'

2019-01-31 15:33:16 - [TEST_STEP][PASSED] - delay(1): Delayed 1 second(s)

2019-01-31 15:33:17 - [MESSAGE][PASSED] - Delayed 1 second(s)

2019-01-31 15:33:17 - [TEST_STEP][PASSED] - click(findTestObject("Admin Console ePulse Menu/Poll Workers/New Poll Worker Class/Address Information/Address Information dropdown")): Object: 'Object Repository/Admin Console ePulse Menu/Poll Workers/New Poll Worker Class/Address Information/Address Information dropdown' is clicked on

2019-01-31 15:33:17 - [MESSAGE][PASSED] - Object: 'Object Repository/Admin Console ePulse Menu/Poll Workers/New Poll Worker Class/Address Information/Address Information dropdown' is clicked on

2019-01-31 15:33:17 - [TEST_STEP][PASSED] - delay(1): Delayed 1 second(s)

2019-01-31 15:33:18 - [MESSAGE][PASSED] - Delayed 1 second(s)

2019-01-31 15:33:18 - [TEST_STEP][PASSED] - setText(findTestObject("Admin Console ePulse Menu/Poll Workers/New Poll Worker Class/Address Information/Address1"), findTestData("PollWorker - Classes").getValue("Address1", row)): Text '3479 Hillmont' is set on object 'Object Repository/Admin Console ePulse Menu/Poll Workers/New Poll Worker Class/Address Information/Address1'

2019-01-31 15:33:18 - [MESSAGE][PASSED] - Text '3479 Hillmont' is set on object 'Object Repository/Admin Console ePulse Menu/Poll Workers/New Poll Worker Class/Address Information/Address1'

2019-01-31 15:33:18 - [TEST_STEP][PASSED] - delay(1): Delayed 1 second(s)

2019-01-31 15:33:19 - [MESSAGE][PASSED] - Delayed 1 second(s)

2019-01-31 15:33:19 - [TEST_STEP][PASSED] - setText(findTestObject("Admin Console ePulse Menu/Poll Workers/New Poll Worker Class/Address Information/Address2"), findTestData("PollWorker - Classes").getValue("Address2", row)): Text 'Suite 302' is set on object 'Object Repository/Admin Console ePulse Menu/Poll Workers/New Poll Worker Class/Address Information/Address2'

2019-01-31 15:33:20 - [MESSAGE][PASSED] - Text 'Suite 302' is set on object 'Object Repository/Admin Console ePulse Menu/Poll Workers/New Poll Worker Class/Address Information/Address2'

2019-01-31 15:33:20 - [TEST_STEP][PASSED] - delay(1): Delayed 1 second(s)

2019-01-31 15:33:21 - [MESSAGE][PASSED] - Delayed 1 second(s)

2019-01-31 15:33:21 - [TEST_STEP][PASSED] - setText(findTestObject("Admin Console ePulse Menu/Poll Workers/New Poll Worker Class/Address Information/City"), findTestData("PollWorker - Classes").getValue("City", row)): Text 'Anywhere' is set on object 'Object Repository/Admin Console ePulse Menu/Poll Workers/New Poll Worker Class/Address Information/City'

2019-01-31 15:33:21 - [MESSAGE][PASSED] - Text 'Anywhere' is set on object 'Object Repository/Admin Console ePulse Menu/Poll Workers/New Poll Worker Class/Address Information/City'

2019-01-31 15:33:21 - [TEST_STEP][PASSED] - delay(1): Delayed 1 second(s)

2019-01-31 15:33:22 - [MESSAGE][PASSED] - Delayed 1 second(s)

2019-01-31 15:33:22 - [TEST_STEP][PASSED] - setText(findTestObject("Admin Console ePulse Menu/Poll Workers/New Poll Worker Class/Address Information/State"), findTestData("PollWorker - Classes").getValue("State", row)): Text 'US' is set on object 'Object Repository/Admin Console ePulse Menu/Poll Workers/New Poll Worker Class/Address Information/State'

2019-01-31 15:33:22 - [MESSAGE][PASSED] - Text 'US' is set on object 'Object Repository/Admin Console ePulse Menu/Poll Workers/New Poll Worker Class/Address Information/State'

2019-01-31 15:33:22 - [TEST_STEP][PASSED] - delay(1): Delayed 1 second(s)

2019-01-31 15:33:23 - [MESSAGE][PASSED] - Delayed 1 second(s)

2019-01-31 15:33:23 - [TEST_STEP][PASSED] - setText(findTestObject("Admin Console ePulse Menu/Poll Workers/New Poll Worker Class/Address Information/Zip"), findTestData("PollWorker - Classes").getValue("Zip", row)): Text '78474' is set on object 'Object Repository/Admin Console ePulse Menu/Poll Workers/New Poll Worker Class/Address Information/Zip'

2019-01-31 15:33:23 - [MESSAGE][PASSED] - Text '78474' is set on object 'Object Repository/Admin Console ePulse Menu/Poll Workers/New Poll Worker Class/Address Information/Zip'

2019-01-31 15:33:23 - [TEST_STEP][PASSED] - delay(1): Delayed 1 second(s)

2019-01-31 15:33:24 - [MESSAGE][PASSED] - Delayed 1 second(s)

2019-01-31 15:33:24 - [TEST_STEP][PASSED] - click(findTestObject("Admin Console ePulse Menu/Poll Workers/New Poll Worker Class/Submit")): Object: 'Object Repository/Admin Console ePulse Menu/Poll Workers/New Poll Worker Class/Submit' is clicked on

2019-01-31 15:33:25 - [MESSAGE][PASSED] - Object: 'Object Repository/Admin Console ePulse Menu/Poll Workers/New Poll Worker Class/Submit' is clicked on

2019-01-31 15:33:25 - [TEST_STEP][PASSED] - navigateToUrl(Poll_Workers_Classes_New): Navigate to 'https://am-automation-test.dev.epulse.io/poll_worker_classes/new' successfully

2019-01-31 15:33:25 - [MESSAGE][PASSED] - Navigate to 'https://am-automation-test.dev.epulse.io/poll_worker_classes/new' successfully

2019-01-31 15:33:25 - [TEST_STEP][PASSED] - click(findTestObject("Admin Console ePulse Menu/Poll Workers/New Poll Worker Class/Class Information/Class Information dropdown")): Object: 'Object Repository/Admin Console ePulse Menu/Poll Workers/New Poll Worker Class/Class Information/Class Information dropdown' is clicked on

2019-01-31 15:33:25 - [MESSAGE][PASSED] - Object: 'Object Repository/Admin Console ePulse Menu/Poll Workers/New Poll Worker Class/Class Information/Class Information dropdown' is clicked on

2019-01-31 15:33:25 - [TEST_STEP][PASSED] - delay(1): Delayed 1 second(s)

2019-01-31 15:33:26 - [MESSAGE][PASSED] - Delayed 1 second(s)

2019-01-31 15:33:26 - [TEST_STEP][PASSED] - setText(findTestObject("Admin Console ePulse Menu/Poll Workers/New Poll Worker Class/Class Information/Name"), findTestData("PollWorker - Classes").getValue("Name", row)): Text 'Training Class3' is set on object 'Object Repository/Admin Console ePulse Menu/Poll Workers/New Poll Worker Class/Class Information/Name'

2019-01-31 15:33:26 - [MESSAGE][PASSED] - Text 'Training Class3' is set on object 'Object Repository/Admin Console ePulse Menu/Poll Workers/New Poll Worker Class/Class Information/Name'

2019-01-31 15:33:26 - [TEST_STEP][PASSED] - delay(1): Delayed 1 second(s)

2019-01-31 15:33:27 - [MESSAGE][PASSED] - Delayed 1 second(s)

2019-01-31 15:33:27 - [TEST_STEP][PASSED] - setText(findTestObject("Admin Console ePulse Menu/Poll Workers/New Poll Worker Class/Class Information/Instructor"), findTestData("PollWorker - Classes").getValue("Instructor", row)): Text 'Jack Johnson3' is set on object 'Object Repository/Admin Console ePulse Menu/Poll Workers/New Poll Worker Class/Class Information/Instructor'

2019-01-31 15:33:27 - [MESSAGE][PASSED] - Text 'Jack Johnson3' is set on object 'Object Repository/Admin Console ePulse Menu/Poll Workers/New Poll Worker Class/Class Information/Instructor'

2019-01-31 15:33:27 - [TEST_STEP][PASSED] - delay(1): Delayed 1 second(s)

2019-01-31 15:33:28 - [MESSAGE][PASSED] - Delayed 1 second(s)

2019-01-31 15:33:28 - [TEST_STEP][PASSED] - setText(findTestObject("Admin Console ePulse Menu/Poll Workers/New Poll Worker Class/Address Information/Location"), findTestData("PollWorker - Classes").getValue("Location", row)): Text 'Civic Center' is set on object 'Object Repository/Admin Console ePulse Menu/Poll Workers/New Poll Worker Class/Address Information/Location'

2019-01-31 15:33:29 - [MESSAGE][PASSED] - Text 'Civic Center' is set on object 'Object Repository/Admin Console ePulse Menu/Poll Workers/New Poll Worker Class/Address Information/Location'

2019-01-31 15:33:29 - [TEST_STEP][PASSED] - delay(1): Delayed 1 second(s)

2019-01-31 15:33:30 - [MESSAGE][PASSED] - Delayed 1 second(s)

2019-01-31 15:33:30 - [TEST_STEP][PASSED] - doubleClick(findTestObject("Admin Console ePulse Menu/Poll Workers/New Poll Worker Class/Class Information/Date")): Object: 'Object Repository/Admin Console ePulse Menu/Poll Workers/New Poll Worker Class/Class Information/Date' is double clicked on

2019-01-31 15:33:30 - [MESSAGE][PASSED] - Object: 'Object Repository/Admin Console ePulse Menu/Poll Workers/New Poll Worker Class/Class Information/Date' is double clicked on

2019-01-31 15:33:30 - [TEST_STEP][PASSED] - delay(1): Delayed 1 second(s)

2019-01-31 15:33:31 - [MESSAGE][PASSED] - Delayed 1 second(s)

2019-01-31 15:33:31 - [TEST_STEP][PASSED] - setText(findTestObject("Admin Console ePulse Menu/Poll Workers/New Poll Worker Class/Class Information/Rate"), findTestData("PollWorker - Classes").getValue("Rate", row)): Text '12' is set on object 'Object Repository/Admin Console ePulse Menu/Poll Workers/New Poll Worker Class/Class Information/Rate'

2019-01-31 15:33:31 - [MESSAGE][PASSED] - Text '12' is set on object 'Object Repository/Admin Console ePulse Menu/Poll Workers/New Poll Worker Class/Class Information/Rate'

2019-01-31 15:33:31 - [TEST_STEP][PASSED] - delay(1): Delayed 1 second(s)

2019-01-31 15:33:32 - [MESSAGE][PASSED] - Delayed 1 second(s)

2019-01-31 15:33:32 - [TEST_STEP][PASSED] - setText(findTestObject("Admin Console ePulse Menu/Poll Workers/New Poll Worker Class/Class Information/Class Description"), findTestData("PollWorker - Classes").getValue("Descript", row)): Text 'Training Class Civic Center' is set on object 'Object Repository/Admin Console ePulse Menu/Poll Workers/New Poll Worker Class/Class Information/Class Description'

2019-01-31 15:33:32 - [MESSAGE][PASSED] - Text 'Training Class Civic Center' is set on object 'Object Repository/Admin Console ePulse Menu/Poll Workers/New Poll Worker Class/Class Information/Class Description'

2019-01-31 15:33:32 - [TEST_STEP][PASSED] - setText(findTestObject("Admin Console ePulse Menu/Poll Workers/New Poll Worker Class/Class Information/Name"), findTestData("PollWorker - Classes").getValue("Name", row)): Text 'Training Class3' is set on object 'Object Repository/Admin Console ePulse Menu/Poll Workers/New Poll Worker Class/Class Information/Name'

2019-01-31 15:33:32 - [MESSAGE][PASSED] - Text 'Training Class3' is set on object 'Object Repository/Admin Console ePulse Menu/Poll Workers/New Poll Worker Class/Class Information/Name'

2019-01-31 15:33:32 - [TEST_STEP][PASSED] - delay(1): Delayed 1 second(s)

2019-01-31 15:33:33 - [MESSAGE][PASSED] - Delayed 1 second(s)

2019-01-31 15:33:33 - [TEST_STEP][PASSED] - click(findTestObject("Admin Console ePulse Menu/Poll Workers/New Poll Worker Class/Address Information/Address Information dropdown")): Object: 'Object Repository/Admin Console ePulse Menu/Poll Workers/New Poll Worker Class/Address Information/Address Information dropdown' is clicked on

2019-01-31 15:33:33 - [MESSAGE][PASSED] - Object: 'Object Repository/Admin Console ePulse Menu/Poll Workers/New Poll Worker Class/Address Information/Address Information dropdown' is clicked on

2019-01-31 15:33:33 - [TEST_STEP][PASSED] - delay(1): Delayed 1 second(s)

2019-01-31 15:33:34 - [MESSAGE][PASSED] - Delayed 1 second(s)

2019-01-31 15:33:34 - [TEST_STEP][PASSED] - setText(findTestObject("Admin Console ePulse Menu/Poll Workers/New Poll Worker Class/Address Information/Address1"), findTestData("PollWorker - Classes").getValue("Address1", row)): Text '3480 Hillmont' is set on object 'Object Repository/Admin Console ePulse Menu/Poll Workers/New Poll Worker Class/Address Information/Address1'

2019-01-31 15:33:35 - [MESSAGE][PASSED] - Text '3480 Hillmont' is set on object 'Object Repository/Admin Console ePulse Menu/Poll Workers/New Poll Worker Class/Address Information/Address1'

2019-01-31 15:33:35 - [TEST_STEP][PASSED] - delay(1): Delayed 1 second(s)

2019-01-31 15:33:36 - [MESSAGE][PASSED] - Delayed 1 second(s)

2019-01-31 15:33:36 - [TEST_STEP][PASSED] - setText(findTestObject("Admin Console ePulse Menu/Poll Workers/New Poll Worker Class/Address Information/Address2"), findTestData("PollWorker - Classes").getValue("Address2", row)): Text 'Suite 303' is set on object 'Object Repository/Admin Console ePulse Menu/Poll Workers/New Poll Worker Class/Address Information/Address2'

2019-01-31 15:33:36 - [MESSAGE][PASSED] - Text 'Suite 303' is set on object 'Object Repository/Admin Console ePulse Menu/Poll Workers/New Poll Worker Class/Address Information/Address2'

2019-01-31 15:33:36 - [TEST_STEP][PASSED] - delay(1): Delayed 1 second(s)

2019-01-31 15:33:37 - [MESSAGE][PASSED] - Delayed 1 second(s)

2019-01-31 15:33:37 - [TEST_STEP][PASSED] - setText(findTestObject("Admin Console ePulse Menu/Poll Workers/New Poll Worker Class/Address Information/City"), findTestData("PollWorker - Classes").getValue("City", row)): Text 'Anywhere' is set on object 'Object Repository/Admin Console ePulse Menu/Poll Workers/New Poll Worker Class/Address Information/City'

2019-01-31 15:33:37 - [MESSAGE][PASSED] - Text 'Anywhere' is set on object 'Object Repository/Admin Console ePulse Menu/Poll Workers/New Poll Worker Class/Address Information/City'

2019-01-31 15:33:37 - [TEST_STEP][PASSED] - delay(1): Delayed 1 second(s)

2019-01-31 15:33:38 - [MESSAGE][PASSED] - Delayed 1 second(s)

2019-01-31 15:33:38 - [TEST_STEP][PASSED] - setText(findTestObject("Admin Console ePulse Menu/Poll Workers/New Poll Worker Class/Address Information/State"), findTestData("PollWorker - Classes").getValue("State", row)): Text 'US' is set on object 'Object Repository/Admin Console ePulse Menu/Poll Workers/New Poll Worker Class/Address Information/State'

2019-01-31 15:33:38 - [MESSAGE][PASSED] - Text 'US' is set on object 'Object Repository/Admin Console ePulse Menu/Poll Workers/New Poll Worker Class/Address Information/State'

2019-01-31 15:33:38 - [TEST_STEP][PASSED] - delay(1): Delayed 1 second(s)

2019-01-31 15:33:39 - [MESSAGE][PASSED] - Delayed 1 second(s)

2019-01-31 15:33:39 - [TEST_STEP][PASSED] - setText(findTestObject("Admin Console ePulse Menu/Poll Workers/New Poll Worker Class/Address Information/Zip"), findTestData("PollWorker - Classes").getValue("Zip", row)): Text '78475' is set on object 'Object Repository/Admin Console ePulse Menu/Poll Workers/New Poll Worker Class/Address Information/Zip'

2019-01-31 15:33:39 - [MESSAGE][PASSED] - Text '78475' is set on object 'Object Repository/Admin Console ePulse Menu/Poll Workers/New Poll Worker Class/Address Information/Zip'

2019-01-31 15:33:39 - [TEST_STEP][PASSED] - delay(1): Delayed 1 second(s)

2019-01-31 15:33:40 - [MESSAGE][PASSED] - Delayed 1 second(s)

2019-01-31 15:33:40 - [TEST_STEP][PASSED] - click(findTestObject("Admin Console ePulse Menu/Poll Workers/New Poll Worker Class/Submit")): Object: 'Object Repository/Admin Console ePulse Menu/Poll Workers/New Poll Worker Class/Submit' is clicked on

2019-01-31 15:33:41 - [MESSAGE][PASSED] - Object: 'Object Repository/Admin Console ePulse Menu/Poll Workers/New Poll Worker Class/Submit' is clicked on

2019-01-31 15:33:41 - [TEST_STEP][PASSED] - closeBrowser(): Browser is closed

2019-01-31 15:33:41 - [MESSAGE][PASSED] - Browser is closed]]></system-out>
         <system-err><![CDATA[]]></system-err>
      </testcase>
      <testcase name="Test Cases/Admin Console/Poll Workers-Election Officials()/POLL WORKER - ROLES" classname="Test Cases/Admin Console/Poll Workers-Election Officials()/POLL WORKER - ROLES" status="PASSED">
         <system-out><![CDATA[2019-01-31 15:33:43 - [TEST_CASE][PASSED] - Test Cases/Admin Console/Poll Workers-Election Officials()/POLL WORKER - ROLES: Test Cases/Admin Console/Poll Workers-Election Officials()/POLL WORKER - ROLES

2019-01-31 15:33:43 - [TEST_STEP][PASSED] - openBrowser(""): Browser is opened with url: ''

2019-01-31 15:33:43 - [MESSAGE][INFO] - Starting 'Chrome' driver

2019-01-31 15:33:44 - [MESSAGE][PASSED] - Browser is opened with url: ''

2019-01-31 15:33:44 - [TEST_STEP][PASSED] - navigateToUrl(URL): Navigate to 'https://dev.epulse.io' successfully

2019-01-31 15:33:45 - [MESSAGE][PASSED] - Navigate to 'https://dev.epulse.io' successfully

2019-01-31 15:33:45 - [TEST_STEP][PASSED] - setText(findTestObject("Login/Email Address"), User_email): Text 'alonzo.mack@knowink.com' is set on object 'Object Repository/Login/Email Address'

2019-01-31 15:33:46 - [MESSAGE][PASSED] - Text 'alonzo.mack@knowink.com' is set on object 'Object Repository/Login/Email Address'

2019-01-31 15:33:46 - [TEST_STEP][PASSED] - setEncryptedText(findTestObject("Login/Password"), Pswrd): Text ****** has been set on object 'Object Repository/Login/Password'

2019-01-31 15:33:46 - [MESSAGE][PASSED] - Text ****** has been set on object 'Object Repository/Login/Password'

2019-01-31 15:33:46 - [TEST_STEP][PASSED] - click(findTestObject("Login/Sign In")): Object: 'Object Repository/Login/Sign In' is clicked on

2019-01-31 15:33:46 - [MESSAGE][PASSED] - Object: 'Object Repository/Login/Sign In' is clicked on

2019-01-31 15:33:46 - [TEST_STEP][PASSED] - delay(1): Delayed 1 second(s)

2019-01-31 15:33:47 - [MESSAGE][PASSED] - Delayed 1 second(s)

2019-01-31 15:33:47 - [TEST_STEP][PASSED] - delay(1): Delayed 1 second(s)

2019-01-31 15:33:48 - [MESSAGE][PASSED] - Delayed 1 second(s)

2019-01-31 15:33:48 - [TEST_STEP][PASSED] - navigateToUrl(Poll_Workers_Roles, STOP_ON_FAILURE): Navigate to 'https://am-automation-test.dev.epulse.io/poll_worker_roles' successfully

2019-01-31 15:33:49 - [MESSAGE][PASSED] - Navigate to 'https://am-automation-test.dev.epulse.io/poll_worker_roles' successfully

2019-01-31 15:33:49 - [TEST_STEP][PASSED] - delay(1): Delayed 1 second(s)

2019-01-31 15:33:50 - [MESSAGE][PASSED] - Delayed 1 second(s)

2019-01-31 15:33:50 - [TEST_STEP][PASSED] - delay(1): Delayed 1 second(s)

2019-01-31 15:33:51 - [MESSAGE][PASSED] - Delayed 1 second(s)

2019-01-31 15:33:51 - [TEST_STEP][PASSED] - delay(1): Delayed 1 second(s)

2019-01-31 15:33:52 - [MESSAGE][PASSED] - Delayed 1 second(s)

2019-01-31 15:33:52 - [TEST_STEP][PASSED] - click(findTestObject("Admin Console ePulse Menu/Poll Workers/Poll Workers Roles/Add Role")): Object: 'Object Repository/Admin Console ePulse Menu/Poll Workers/Poll Workers Roles/Add Role' is clicked on

2019-01-31 15:33:52 - [MESSAGE][PASSED] - Object: 'Object Repository/Admin Console ePulse Menu/Poll Workers/Poll Workers Roles/Add Role' is clicked on

2019-01-31 15:33:52 - [TEST_STEP][PASSED] - delay(1): Delayed 1 second(s)

2019-01-31 15:33:53 - [MESSAGE][PASSED] - Delayed 1 second(s)

2019-01-31 15:33:53 - [TEST_STEP][PASSED] - setText(findTestObject("Admin Console ePulse Menu/Poll Workers/Poll Workers Roles/Add Poll Workers Roles Modal/input_Name"), "Senior Admin"): Text 'Senior Admin' is set on object 'Object Repository/Admin Console ePulse Menu/Poll Workers/Poll Workers Roles/Add Poll Workers Roles Modal/input_Name'

2019-01-31 15:33:53 - [MESSAGE][PASSED] - Text 'Senior Admin' is set on object 'Object Repository/Admin Console ePulse Menu/Poll Workers/Poll Workers Roles/Add Poll Workers Roles Modal/input_Name'

2019-01-31 15:33:53 - [TEST_STEP][PASSED] - delay(1): Delayed 1 second(s)

2019-01-31 15:33:54 - [MESSAGE][PASSED] - Delayed 1 second(s)

2019-01-31 15:33:54 - [TEST_STEP][PASSED] - setText(findTestObject("Admin Console ePulse Menu/Poll Workers/Poll Workers Roles/Add Poll Workers Roles Modal/Rate"), "15"): Text '15' is set on object 'Object Repository/Admin Console ePulse Menu/Poll Workers/Poll Workers Roles/Add Poll Workers Roles Modal/Rate'

2019-01-31 15:33:55 - [MESSAGE][PASSED] - Text '15' is set on object 'Object Repository/Admin Console ePulse Menu/Poll Workers/Poll Workers Roles/Add Poll Workers Roles Modal/Rate'

2019-01-31 15:33:55 - [TEST_STEP][PASSED] - delay(1): Delayed 1 second(s)

2019-01-31 15:33:56 - [MESSAGE][PASSED] - Delayed 1 second(s)

2019-01-31 15:33:56 - [TEST_STEP][PASSED] - selectOptionByValue(findTestObject("Admin Console ePulse Menu/Poll Workers/Poll Workers Roles/Add Poll Workers Roles Modal/Select Rate Type"), "1", true): All options with value '1' are selected in object 'Object Repository/Admin Console ePulse Menu/Poll Workers/Poll Workers Roles/Add Poll Workers Roles Modal/Select Rate Type'  using regular expression

2019-01-31 15:33:56 - [MESSAGE][PASSED] - All options with value '1' are selected in object 'Object Repository/Admin Console ePulse Menu/Poll Workers/Poll Workers Roles/Add Poll Workers Roles Modal/Select Rate Type'  using regular expression

2019-01-31 15:33:56 - [TEST_STEP][PASSED] - delay(1): Delayed 1 second(s)

2019-01-31 15:33:57 - [MESSAGE][PASSED] - Delayed 1 second(s)

2019-01-31 15:33:57 - [TEST_STEP][PASSED] - setText(findTestObject("Admin Console ePulse Menu/Poll Workers/Poll Workers Roles/Add Poll Workers Roles Modal/input_Max hours for hourly pay"), "8"): Text '8' is set on object 'Object Repository/Admin Console ePulse Menu/Poll Workers/Poll Workers Roles/Add Poll Workers Roles Modal/input_Max hours for hourly pay'

2019-01-31 15:33:57 - [MESSAGE][PASSED] - Text '8' is set on object 'Object Repository/Admin Console ePulse Menu/Poll Workers/Poll Workers Roles/Add Poll Workers Roles Modal/input_Max hours for hourly pay'

2019-01-31 15:33:57 - [TEST_STEP][PASSED] - delay(1): Delayed 1 second(s)

2019-01-31 15:33:58 - [MESSAGE][PASSED] - Delayed 1 second(s)

2019-01-31 15:33:58 - [TEST_STEP][PASSED] - click(findTestObject("Admin Console ePulse Menu/Poll Workers/Poll Workers Roles/Add Poll Workers Roles Modal/SAVE")): Object: 'Object Repository/Admin Console ePulse Menu/Poll Workers/Poll Workers Roles/Add Poll Workers Roles Modal/SAVE' is clicked on

2019-01-31 15:33:58 - [MESSAGE][PASSED] - Object: 'Object Repository/Admin Console ePulse Menu/Poll Workers/Poll Workers Roles/Add Poll Workers Roles Modal/SAVE' is clicked on

2019-01-31 15:33:58 - [TEST_STEP][PASSED] - delay(1): Delayed 1 second(s)

2019-01-31 15:33:59 - [MESSAGE][PASSED] - Delayed 1 second(s)

2019-01-31 15:33:59 - [TEST_STEP][PASSED] - closeBrowser(): Browser is closed

2019-01-31 15:33:59 - [MESSAGE][PASSED] - Browser is closed]]></system-out>
         <system-err><![CDATA[]]></system-err>
      </testcase>
      <testcase name="Test Cases/Admin Console/Poll Workers-Election Officials()/Poll Workers - Manage - ADD" classname="Test Cases/Admin Console/Poll Workers-Election Officials()/Poll Workers - Manage - ADD" status="PASSED">
         <system-out><![CDATA[2019-01-31 15:34:01 - [TEST_CASE][PASSED] - Test Cases/Admin Console/Poll Workers-Election Officials()/Poll Workers - Manage - ADD: Test Cases/Admin Console/Poll Workers-Election Officials()/Poll Workers - Manage - ADD

2019-01-31 15:34:01 - [TEST_STEP][PASSED] - openBrowser(""): Browser is opened with url: ''

2019-01-31 15:34:01 - [MESSAGE][INFO] - Starting 'Chrome' driver

2019-01-31 15:34:03 - [MESSAGE][PASSED] - Browser is opened with url: ''

2019-01-31 15:34:03 - [TEST_STEP][PASSED] - navigateToUrl(URL): Navigate to 'https://dev.epulse.io' successfully

2019-01-31 15:34:04 - [MESSAGE][PASSED] - Navigate to 'https://dev.epulse.io' successfully

2019-01-31 15:34:04 - [TEST_STEP][PASSED] - setText(findTestObject("Login/Email Address"), User_email): Text 'alonzo.mack@knowink.com' is set on object 'Object Repository/Login/Email Address'

2019-01-31 15:34:04 - [MESSAGE][PASSED] - Text 'alonzo.mack@knowink.com' is set on object 'Object Repository/Login/Email Address'

2019-01-31 15:34:04 - [TEST_STEP][PASSED] - setEncryptedText(findTestObject("Login/Password"), Pswrd): Text ****** has been set on object 'Object Repository/Login/Password'

2019-01-31 15:34:04 - [MESSAGE][PASSED] - Text ****** has been set on object 'Object Repository/Login/Password'

2019-01-31 15:34:04 - [TEST_STEP][PASSED] - click(findTestObject("Login/Sign In")): Object: 'Object Repository/Login/Sign In' is clicked on

2019-01-31 15:34:04 - [MESSAGE][PASSED] - Object: 'Object Repository/Login/Sign In' is clicked on

2019-01-31 15:34:04 - [TEST_STEP][PASSED] - delay(1): Delayed 1 second(s)

2019-01-31 15:34:05 - [MESSAGE][PASSED] - Delayed 1 second(s)

2019-01-31 15:34:05 - [TEST_STEP][PASSED] - for ([row = 1, row <= findTestData("PollWorker - Add").getRowNumbers(), (row++)]): Delayed 1 second(s)

2019-01-31 15:34:05 - [TEST_STEP][PASSED] - navigateToUrl(Poll_Workers): Navigate to 'https://am-automation-test.dev.epulse.io/poll_workers' successfully

2019-01-31 15:34:06 - [MESSAGE][PASSED] - Navigate to 'https://am-automation-test.dev.epulse.io/poll_workers' successfully

2019-01-31 15:34:06 - [TEST_STEP][PASSED] - delay(1): Delayed 1 second(s)

2019-01-31 15:34:07 - [MESSAGE][PASSED] - Delayed 1 second(s)

2019-01-31 15:34:07 - [TEST_STEP][PASSED] - click(findTestObject("Admin Console ePulse Menu/Poll Workers/Poll Workers - Manage Page/Poll Workers (Actions Options)/Actions")): Object: 'Object Repository/Admin Console ePulse Menu/Poll Workers/Poll Workers - Manage Page/Poll Workers (Actions Options)/Actions' is clicked on

2019-01-31 15:34:07 - [MESSAGE][PASSED] - Object: 'Object Repository/Admin Console ePulse Menu/Poll Workers/Poll Workers - Manage Page/Poll Workers (Actions Options)/Actions' is clicked on

2019-01-31 15:34:07 - [TEST_STEP][PASSED] - delay(1): Delayed 1 second(s)

2019-01-31 15:34:08 - [MESSAGE][PASSED] - Delayed 1 second(s)

2019-01-31 15:34:08 - [TEST_STEP][PASSED] - click(findTestObject("Admin Console ePulse Menu/Poll Workers/Poll Workers - Manage Page/Poll Workers (Actions Options)/Add Poll Worker")): Object: 'Object Repository/Admin Console ePulse Menu/Poll Workers/Poll Workers - Manage Page/Poll Workers (Actions Options)/Add Poll Worker' is clicked on

2019-01-31 15:34:09 - [MESSAGE][PASSED] - Object: 'Object Repository/Admin Console ePulse Menu/Poll Workers/Poll Workers - Manage Page/Poll Workers (Actions Options)/Add Poll Worker' is clicked on

2019-01-31 15:34:09 - [TEST_STEP][PASSED] - delay(1): Delayed 1 second(s)

2019-01-31 15:34:10 - [MESSAGE][PASSED] - Delayed 1 second(s)

2019-01-31 15:34:10 - [TEST_STEP][PASSED] - click(findTestObject("Admin Console ePulse Menu/Poll Workers/Poll Workers - Manage Page/New Poll Worker/Personal Information/Personal Information dropdown")): Object: 'Object Repository/Admin Console ePulse Menu/Poll Workers/Poll Workers - Manage Page/New Poll Worker/Personal Information/Personal Information dropdown' is clicked on

2019-01-31 15:34:10 - [MESSAGE][PASSED] - Object: 'Object Repository/Admin Console ePulse Menu/Poll Workers/Poll Workers - Manage Page/New Poll Worker/Personal Information/Personal Information dropdown' is clicked on

2019-01-31 15:34:10 - [TEST_STEP][PASSED] - delay(1): Delayed 1 second(s)

2019-01-31 15:34:11 - [MESSAGE][PASSED] - Delayed 1 second(s)

2019-01-31 15:34:11 - [TEST_STEP][PASSED] - setText(findTestObject("Admin Console ePulse Menu/Poll Workers/Poll Workers - Manage Page/New Poll Worker/Personal Information/input_First Name"), findTestData("PollWorker - Add").getValue("FirstName", row)): Text 'Black' is set on object 'Object Repository/Admin Console ePulse Menu/Poll Workers/Poll Workers - Manage Page/New Poll Worker/Personal Information/input_First Name'

2019-01-31 15:34:11 - [MESSAGE][PASSED] - Text 'Black' is set on object 'Object Repository/Admin Console ePulse Menu/Poll Workers/Poll Workers - Manage Page/New Poll Worker/Personal Information/input_First Name'

2019-01-31 15:34:11 - [TEST_STEP][PASSED] - delay(1): Delayed 1 second(s)

2019-01-31 15:34:12 - [MESSAGE][PASSED] - Delayed 1 second(s)

2019-01-31 15:34:12 - [TEST_STEP][PASSED] - setText(findTestObject("Admin Console ePulse Menu/Poll Workers/Poll Workers - Manage Page/New Poll Worker/Personal Information/input_Middle Name"), findTestData("PollWorker - Add").getValue("MiddleName", row)): Text 'Jack' is set on object 'Object Repository/Admin Console ePulse Menu/Poll Workers/Poll Workers - Manage Page/New Poll Worker/Personal Information/input_Middle Name'

2019-01-31 15:34:12 - [MESSAGE][PASSED] - Text 'Jack' is set on object 'Object Repository/Admin Console ePulse Menu/Poll Workers/Poll Workers - Manage Page/New Poll Worker/Personal Information/input_Middle Name'

2019-01-31 15:34:12 - [TEST_STEP][PASSED] - delay(1): Delayed 1 second(s)

2019-01-31 15:34:13 - [MESSAGE][PASSED] - Delayed 1 second(s)

2019-01-31 15:34:13 - [TEST_STEP][PASSED] - setText(findTestObject("Admin Console ePulse Menu/Poll Workers/Poll Workers - Manage Page/New Poll Worker/Personal Information/input_Last Name"), findTestData("PollWorker - Add").getValue("LastName", row)): Text 'Johnson' is set on object 'Object Repository/Admin Console ePulse Menu/Poll Workers/Poll Workers - Manage Page/New Poll Worker/Personal Information/input_Last Name'

2019-01-31 15:34:13 - [MESSAGE][PASSED] - Text 'Johnson' is set on object 'Object Repository/Admin Console ePulse Menu/Poll Workers/Poll Workers - Manage Page/New Poll Worker/Personal Information/input_Last Name'

2019-01-31 15:34:13 - [TEST_STEP][PASSED] - delay(1): Delayed 1 second(s)

2019-01-31 15:34:14 - [MESSAGE][PASSED] - Delayed 1 second(s)

2019-01-31 15:34:14 - [TEST_STEP][PASSED] - click(findTestObject("Admin Console ePulse Menu/Poll Workers/Poll Workers - Manage Page/New Poll Worker/Personal Information/Party Select/Select DEM")): Object: 'Object Repository/Admin Console ePulse Menu/Poll Workers/Poll Workers - Manage Page/New Poll Worker/Personal Information/Party Select/Select DEM' is clicked on

2019-01-31 15:34:15 - [MESSAGE][PASSED] - Object: 'Object Repository/Admin Console ePulse Menu/Poll Workers/Poll Workers - Manage Page/New Poll Worker/Personal Information/Party Select/Select DEM' is clicked on

2019-01-31 15:34:15 - [TEST_STEP][PASSED] - delay(1): Delayed 1 second(s)

2019-01-31 15:34:16 - [MESSAGE][PASSED] - Delayed 1 second(s)

2019-01-31 15:34:16 - [TEST_STEP][PASSED] - click(findTestObject("Admin Console ePulse Menu/Poll Workers/Poll Workers - Manage Page/New Poll Worker/Personal Information/Status Select/Select Active")): Object: 'Object Repository/Admin Console ePulse Menu/Poll Workers/Poll Workers - Manage Page/New Poll Worker/Personal Information/Status Select/Select Active' is clicked on

2019-01-31 15:34:16 - [MESSAGE][PASSED] - Object: 'Object Repository/Admin Console ePulse Menu/Poll Workers/Poll Workers - Manage Page/New Poll Worker/Personal Information/Status Select/Select Active' is clicked on

2019-01-31 15:34:16 - [TEST_STEP][PASSED] - delay(1): Delayed 1 second(s)

2019-01-31 15:34:17 - [MESSAGE][PASSED] - Delayed 1 second(s)

2019-01-31 15:34:17 - [TEST_STEP][PASSED] - click(findTestObject("Admin Console ePulse Menu/Poll Workers/Poll Workers - Manage Page/New Poll Worker/Poll Pad Login/Poll Pad Login Dropdown")): Object: 'Object Repository/Admin Console ePulse Menu/Poll Workers/Poll Workers - Manage Page/New Poll Worker/Poll Pad Login/Poll Pad Login Dropdown' is clicked on

2019-01-31 15:34:17 - [MESSAGE][PASSED] - Object: 'Object Repository/Admin Console ePulse Menu/Poll Workers/Poll Workers - Manage Page/New Poll Worker/Poll Pad Login/Poll Pad Login Dropdown' is clicked on

2019-01-31 15:34:17 - [TEST_STEP][PASSED] - delay(1): Delayed 1 second(s)

2019-01-31 15:34:18 - [MESSAGE][PASSED] - Delayed 1 second(s)

2019-01-31 15:34:18 - [TEST_STEP][PASSED] - setText(findTestObject("Admin Console ePulse Menu/Poll Workers/Poll Workers - Manage Page/New Poll Worker/Poll Pad Login/input_Username"), findTestData("PollWorker - Add").getValue("UserName", row)): Text 'PW_1' is set on object 'Object Repository/Admin Console ePulse Menu/Poll Workers/Poll Workers - Manage Page/New Poll Worker/Poll Pad Login/input_Username'

2019-01-31 15:34:18 - [MESSAGE][PASSED] - Text 'PW_1' is set on object 'Object Repository/Admin Console ePulse Menu/Poll Workers/Poll Workers - Manage Page/New Poll Worker/Poll Pad Login/input_Username'

2019-01-31 15:34:18 - [TEST_STEP][PASSED] - delay(1): Delayed 1 second(s)

2019-01-31 15:34:19 - [MESSAGE][PASSED] - Delayed 1 second(s)

2019-01-31 15:34:19 - [TEST_STEP][PASSED] - selectOptionByValue(findTestObject("Admin Console ePulse Menu/Poll Workers/Poll Workers - Manage Page/New Poll Worker/Poll Pad Login/Select Poll Worker Type"), "0", false): All options with value '0' are selected in object 'Object Repository/Admin Console ePulse Menu/Poll Workers/Poll Workers - Manage Page/New Poll Worker/Poll Pad Login/Select Poll Worker Type' 

2019-01-31 15:34:19 - [MESSAGE][PASSED] - All options with value '0' are selected in object 'Object Repository/Admin Console ePulse Menu/Poll Workers/Poll Workers - Manage Page/New Poll Worker/Poll Pad Login/Select Poll Worker Type' 

2019-01-31 15:34:19 - [TEST_STEP][PASSED] - setText(findTestObject("Admin Console ePulse Menu/Poll Workers/Poll Workers - Manage Page/New Poll Worker/Poll Pad Login/input_Password"), findTestData("PollWorker - Add").getValue("Password1", row)): Text 'Qwerty1!' is set on object 'Object Repository/Admin Console ePulse Menu/Poll Workers/Poll Workers - Manage Page/New Poll Worker/Poll Pad Login/input_Password'

2019-01-31 15:34:19 - [MESSAGE][PASSED] - Text 'Qwerty1!' is set on object 'Object Repository/Admin Console ePulse Menu/Poll Workers/Poll Workers - Manage Page/New Poll Worker/Poll Pad Login/input_Password'

2019-01-31 15:34:19 - [TEST_STEP][PASSED] - delay(1): Delayed 1 second(s)

2019-01-31 15:34:20 - [MESSAGE][PASSED] - Delayed 1 second(s)

2019-01-31 15:34:20 - [TEST_STEP][PASSED] - setText(findTestObject("Admin Console ePulse Menu/Poll Workers/Poll Workers - Manage Page/New Poll Worker/Poll Pad Login/input_Confirm Password"), findTestData("PollWorker - Add").getValue("Password2", row)): Text 'Qwerty1!' is set on object 'Object Repository/Admin Console ePulse Menu/Poll Workers/Poll Workers - Manage Page/New Poll Worker/Poll Pad Login/input_Confirm Password'

2019-01-31 15:34:20 - [MESSAGE][PASSED] - Text 'Qwerty1!' is set on object 'Object Repository/Admin Console ePulse Menu/Poll Workers/Poll Workers - Manage Page/New Poll Worker/Poll Pad Login/input_Confirm Password'

2019-01-31 15:34:20 - [TEST_STEP][PASSED] - delay(1): Delayed 1 second(s)

2019-01-31 15:34:21 - [MESSAGE][PASSED] - Delayed 1 second(s)

2019-01-31 15:34:21 - [TEST_STEP][PASSED] - click(findTestObject("Admin Console ePulse Menu/Poll Workers/Poll Workers - Manage Page/New Poll Worker/Submit Poll Worker")): Object: 'Object Repository/Admin Console ePulse Menu/Poll Workers/Poll Workers - Manage Page/New Poll Worker/Submit Poll Worker' is clicked on

2019-01-31 15:34:22 - [MESSAGE][PASSED] - Object: 'Object Repository/Admin Console ePulse Menu/Poll Workers/Poll Workers - Manage Page/New Poll Worker/Submit Poll Worker' is clicked on

2019-01-31 15:34:22 - [TEST_STEP][PASSED] - delay(1): Delayed 1 second(s)

2019-01-31 15:34:23 - [MESSAGE][PASSED] - Delayed 1 second(s)

2019-01-31 15:34:23 - [TEST_STEP][PASSED] - navigateToUrl(Poll_Workers): Navigate to 'https://am-automation-test.dev.epulse.io/poll_workers' successfully

2019-01-31 15:34:23 - [MESSAGE][PASSED] - Navigate to 'https://am-automation-test.dev.epulse.io/poll_workers' successfully

2019-01-31 15:34:23 - [TEST_STEP][PASSED] - delay(1): Delayed 1 second(s)

2019-01-31 15:34:24 - [MESSAGE][PASSED] - Delayed 1 second(s)

2019-01-31 15:34:24 - [TEST_STEP][PASSED] - click(findTestObject("Admin Console ePulse Menu/Poll Workers/Poll Workers - Manage Page/Poll Workers (Actions Options)/Actions")): Object: 'Object Repository/Admin Console ePulse Menu/Poll Workers/Poll Workers - Manage Page/Poll Workers (Actions Options)/Actions' is clicked on

2019-01-31 15:34:24 - [MESSAGE][PASSED] - Object: 'Object Repository/Admin Console ePulse Menu/Poll Workers/Poll Workers - Manage Page/Poll Workers (Actions Options)/Actions' is clicked on

2019-01-31 15:34:24 - [TEST_STEP][PASSED] - delay(1): Delayed 1 second(s)

2019-01-31 15:34:25 - [MESSAGE][PASSED] - Delayed 1 second(s)

2019-01-31 15:34:25 - [TEST_STEP][PASSED] - click(findTestObject("Admin Console ePulse Menu/Poll Workers/Poll Workers - Manage Page/Poll Workers (Actions Options)/Add Poll Worker")): Object: 'Object Repository/Admin Console ePulse Menu/Poll Workers/Poll Workers - Manage Page/Poll Workers (Actions Options)/Add Poll Worker' is clicked on

2019-01-31 15:34:26 - [MESSAGE][PASSED] - Object: 'Object Repository/Admin Console ePulse Menu/Poll Workers/Poll Workers - Manage Page/Poll Workers (Actions Options)/Add Poll Worker' is clicked on

2019-01-31 15:34:26 - [TEST_STEP][PASSED] - delay(1): Delayed 1 second(s)

2019-01-31 15:34:27 - [MESSAGE][PASSED] - Delayed 1 second(s)

2019-01-31 15:34:27 - [TEST_STEP][PASSED] - click(findTestObject("Admin Console ePulse Menu/Poll Workers/Poll Workers - Manage Page/New Poll Worker/Personal Information/Personal Information dropdown")): Object: 'Object Repository/Admin Console ePulse Menu/Poll Workers/Poll Workers - Manage Page/New Poll Worker/Personal Information/Personal Information dropdown' is clicked on

2019-01-31 15:34:27 - [MESSAGE][PASSED] - Object: 'Object Repository/Admin Console ePulse Menu/Poll Workers/Poll Workers - Manage Page/New Poll Worker/Personal Information/Personal Information dropdown' is clicked on

2019-01-31 15:34:27 - [TEST_STEP][PASSED] - delay(1): Delayed 1 second(s)

2019-01-31 15:34:28 - [MESSAGE][PASSED] - Delayed 1 second(s)

2019-01-31 15:34:28 - [TEST_STEP][PASSED] - setText(findTestObject("Admin Console ePulse Menu/Poll Workers/Poll Workers - Manage Page/New Poll Worker/Personal Information/input_First Name"), findTestData("PollWorker - Add").getValue("FirstName", row)): Text 'Black1' is set on object 'Object Repository/Admin Console ePulse Menu/Poll Workers/Poll Workers - Manage Page/New Poll Worker/Personal Information/input_First Name'

2019-01-31 15:34:28 - [MESSAGE][PASSED] - Text 'Black1' is set on object 'Object Repository/Admin Console ePulse Menu/Poll Workers/Poll Workers - Manage Page/New Poll Worker/Personal Information/input_First Name'

2019-01-31 15:34:28 - [TEST_STEP][PASSED] - delay(1): Delayed 1 second(s)

2019-01-31 15:34:29 - [MESSAGE][PASSED] - Delayed 1 second(s)

2019-01-31 15:34:29 - [TEST_STEP][PASSED] - setText(findTestObject("Admin Console ePulse Menu/Poll Workers/Poll Workers - Manage Page/New Poll Worker/Personal Information/input_Middle Name"), findTestData("PollWorker - Add").getValue("MiddleName", row)): Text 'Jack1' is set on object 'Object Repository/Admin Console ePulse Menu/Poll Workers/Poll Workers - Manage Page/New Poll Worker/Personal Information/input_Middle Name'

2019-01-31 15:34:29 - [MESSAGE][PASSED] - Text 'Jack1' is set on object 'Object Repository/Admin Console ePulse Menu/Poll Workers/Poll Workers - Manage Page/New Poll Worker/Personal Information/input_Middle Name'

2019-01-31 15:34:29 - [TEST_STEP][PASSED] - delay(1): Delayed 1 second(s)

2019-01-31 15:34:30 - [MESSAGE][PASSED] - Delayed 1 second(s)

2019-01-31 15:34:30 - [TEST_STEP][PASSED] - setText(findTestObject("Admin Console ePulse Menu/Poll Workers/Poll Workers - Manage Page/New Poll Worker/Personal Information/input_Last Name"), findTestData("PollWorker - Add").getValue("LastName", row)): Text 'Johnson1' is set on object 'Object Repository/Admin Console ePulse Menu/Poll Workers/Poll Workers - Manage Page/New Poll Worker/Personal Information/input_Last Name'

2019-01-31 15:34:30 - [MESSAGE][PASSED] - Text 'Johnson1' is set on object 'Object Repository/Admin Console ePulse Menu/Poll Workers/Poll Workers - Manage Page/New Poll Worker/Personal Information/input_Last Name'

2019-01-31 15:34:30 - [TEST_STEP][PASSED] - delay(1): Delayed 1 second(s)

2019-01-31 15:34:31 - [MESSAGE][PASSED] - Delayed 1 second(s)

2019-01-31 15:34:31 - [TEST_STEP][PASSED] - click(findTestObject("Admin Console ePulse Menu/Poll Workers/Poll Workers - Manage Page/New Poll Worker/Personal Information/Party Select/Select DEM")): Object: 'Object Repository/Admin Console ePulse Menu/Poll Workers/Poll Workers - Manage Page/New Poll Worker/Personal Information/Party Select/Select DEM' is clicked on

2019-01-31 15:34:31 - [MESSAGE][PASSED] - Object: 'Object Repository/Admin Console ePulse Menu/Poll Workers/Poll Workers - Manage Page/New Poll Worker/Personal Information/Party Select/Select DEM' is clicked on

2019-01-31 15:34:31 - [TEST_STEP][PASSED] - delay(1): Delayed 1 second(s)

2019-01-31 15:34:32 - [MESSAGE][PASSED] - Delayed 1 second(s)

2019-01-31 15:34:32 - [TEST_STEP][PASSED] - click(findTestObject("Admin Console ePulse Menu/Poll Workers/Poll Workers - Manage Page/New Poll Worker/Personal Information/Status Select/Select Active")): Object: 'Object Repository/Admin Console ePulse Menu/Poll Workers/Poll Workers - Manage Page/New Poll Worker/Personal Information/Status Select/Select Active' is clicked on

2019-01-31 15:34:32 - [MESSAGE][PASSED] - Object: 'Object Repository/Admin Console ePulse Menu/Poll Workers/Poll Workers - Manage Page/New Poll Worker/Personal Information/Status Select/Select Active' is clicked on

2019-01-31 15:34:32 - [TEST_STEP][PASSED] - delay(1): Delayed 1 second(s)

2019-01-31 15:34:34 - [MESSAGE][PASSED] - Delayed 1 second(s)

2019-01-31 15:34:34 - [TEST_STEP][PASSED] - click(findTestObject("Admin Console ePulse Menu/Poll Workers/Poll Workers - Manage Page/New Poll Worker/Poll Pad Login/Poll Pad Login Dropdown")): Object: 'Object Repository/Admin Console ePulse Menu/Poll Workers/Poll Workers - Manage Page/New Poll Worker/Poll Pad Login/Poll Pad Login Dropdown' is clicked on

2019-01-31 15:34:34 - [MESSAGE][PASSED] - Object: 'Object Repository/Admin Console ePulse Menu/Poll Workers/Poll Workers - Manage Page/New Poll Worker/Poll Pad Login/Poll Pad Login Dropdown' is clicked on

2019-01-31 15:34:34 - [TEST_STEP][PASSED] - delay(1): Delayed 1 second(s)

2019-01-31 15:34:35 - [MESSAGE][PASSED] - Delayed 1 second(s)

2019-01-31 15:34:35 - [TEST_STEP][PASSED] - setText(findTestObject("Admin Console ePulse Menu/Poll Workers/Poll Workers - Manage Page/New Poll Worker/Poll Pad Login/input_Username"), findTestData("PollWorker - Add").getValue("UserName", row)): Text 'PW_2' is set on object 'Object Repository/Admin Console ePulse Menu/Poll Workers/Poll Workers - Manage Page/New Poll Worker/Poll Pad Login/input_Username'

2019-01-31 15:34:35 - [MESSAGE][PASSED] - Text 'PW_2' is set on object 'Object Repository/Admin Console ePulse Menu/Poll Workers/Poll Workers - Manage Page/New Poll Worker/Poll Pad Login/input_Username'

2019-01-31 15:34:35 - [TEST_STEP][PASSED] - delay(1): Delayed 1 second(s)

2019-01-31 15:34:36 - [MESSAGE][PASSED] - Delayed 1 second(s)

2019-01-31 15:34:36 - [TEST_STEP][PASSED] - selectOptionByValue(findTestObject("Admin Console ePulse Menu/Poll Workers/Poll Workers - Manage Page/New Poll Worker/Poll Pad Login/Select Poll Worker Type"), "0", false): All options with value '0' are selected in object 'Object Repository/Admin Console ePulse Menu/Poll Workers/Poll Workers - Manage Page/New Poll Worker/Poll Pad Login/Select Poll Worker Type' 

2019-01-31 15:34:36 - [MESSAGE][PASSED] - All options with value '0' are selected in object 'Object Repository/Admin Console ePulse Menu/Poll Workers/Poll Workers - Manage Page/New Poll Worker/Poll Pad Login/Select Poll Worker Type' 

2019-01-31 15:34:36 - [TEST_STEP][PASSED] - setText(findTestObject("Admin Console ePulse Menu/Poll Workers/Poll Workers - Manage Page/New Poll Worker/Poll Pad Login/input_Password"), findTestData("PollWorker - Add").getValue("Password1", row)): Text 'Qwerty1!' is set on object 'Object Repository/Admin Console ePulse Menu/Poll Workers/Poll Workers - Manage Page/New Poll Worker/Poll Pad Login/input_Password'

2019-01-31 15:34:36 - [MESSAGE][PASSED] - Text 'Qwerty1!' is set on object 'Object Repository/Admin Console ePulse Menu/Poll Workers/Poll Workers - Manage Page/New Poll Worker/Poll Pad Login/input_Password'

2019-01-31 15:34:36 - [TEST_STEP][PASSED] - delay(1): Delayed 1 second(s)

2019-01-31 15:34:37 - [MESSAGE][PASSED] - Delayed 1 second(s)

2019-01-31 15:34:37 - [TEST_STEP][PASSED] - setText(findTestObject("Admin Console ePulse Menu/Poll Workers/Poll Workers - Manage Page/New Poll Worker/Poll Pad Login/input_Confirm Password"), findTestData("PollWorker - Add").getValue("Password2", row)): Text 'Qwerty1!' is set on object 'Object Repository/Admin Console ePulse Menu/Poll Workers/Poll Workers - Manage Page/New Poll Worker/Poll Pad Login/input_Confirm Password'

2019-01-31 15:34:37 - [MESSAGE][PASSED] - Text 'Qwerty1!' is set on object 'Object Repository/Admin Console ePulse Menu/Poll Workers/Poll Workers - Manage Page/New Poll Worker/Poll Pad Login/input_Confirm Password'

2019-01-31 15:34:37 - [TEST_STEP][PASSED] - delay(1): Delayed 1 second(s)

2019-01-31 15:34:38 - [MESSAGE][PASSED] - Delayed 1 second(s)

2019-01-31 15:34:38 - [TEST_STEP][PASSED] - click(findTestObject("Admin Console ePulse Menu/Poll Workers/Poll Workers - Manage Page/New Poll Worker/Submit Poll Worker")): Object: 'Object Repository/Admin Console ePulse Menu/Poll Workers/Poll Workers - Manage Page/New Poll Worker/Submit Poll Worker' is clicked on

2019-01-31 15:34:39 - [MESSAGE][PASSED] - Object: 'Object Repository/Admin Console ePulse Menu/Poll Workers/Poll Workers - Manage Page/New Poll Worker/Submit Poll Worker' is clicked on

2019-01-31 15:34:39 - [TEST_STEP][PASSED] - delay(1): Delayed 1 second(s)

2019-01-31 15:34:40 - [MESSAGE][PASSED] - Delayed 1 second(s)

2019-01-31 15:34:40 - [TEST_STEP][PASSED] - navigateToUrl(Poll_Workers): Navigate to 'https://am-automation-test.dev.epulse.io/poll_workers' successfully

2019-01-31 15:34:40 - [MESSAGE][PASSED] - Navigate to 'https://am-automation-test.dev.epulse.io/poll_workers' successfully

2019-01-31 15:34:40 - [TEST_STEP][PASSED] - delay(1): Delayed 1 second(s)

2019-01-31 15:34:41 - [MESSAGE][PASSED] - Delayed 1 second(s)

2019-01-31 15:34:41 - [TEST_STEP][PASSED] - click(findTestObject("Admin Console ePulse Menu/Poll Workers/Poll Workers - Manage Page/Poll Workers (Actions Options)/Actions")): Object: 'Object Repository/Admin Console ePulse Menu/Poll Workers/Poll Workers - Manage Page/Poll Workers (Actions Options)/Actions' is clicked on

2019-01-31 15:34:41 - [MESSAGE][PASSED] - Object: 'Object Repository/Admin Console ePulse Menu/Poll Workers/Poll Workers - Manage Page/Poll Workers (Actions Options)/Actions' is clicked on

2019-01-31 15:34:41 - [TEST_STEP][PASSED] - delay(1): Delayed 1 second(s)

2019-01-31 15:34:42 - [MESSAGE][PASSED] - Delayed 1 second(s)

2019-01-31 15:34:42 - [TEST_STEP][PASSED] - click(findTestObject("Admin Console ePulse Menu/Poll Workers/Poll Workers - Manage Page/Poll Workers (Actions Options)/Add Poll Worker")): Object: 'Object Repository/Admin Console ePulse Menu/Poll Workers/Poll Workers - Manage Page/Poll Workers (Actions Options)/Add Poll Worker' is clicked on

2019-01-31 15:34:43 - [MESSAGE][PASSED] - Object: 'Object Repository/Admin Console ePulse Menu/Poll Workers/Poll Workers - Manage Page/Poll Workers (Actions Options)/Add Poll Worker' is clicked on

2019-01-31 15:34:43 - [TEST_STEP][PASSED] - delay(1): Delayed 1 second(s)

2019-01-31 15:34:44 - [MESSAGE][PASSED] - Delayed 1 second(s)

2019-01-31 15:34:44 - [TEST_STEP][PASSED] - click(findTestObject("Admin Console ePulse Menu/Poll Workers/Poll Workers - Manage Page/New Poll Worker/Personal Information/Personal Information dropdown")): Object: 'Object Repository/Admin Console ePulse Menu/Poll Workers/Poll Workers - Manage Page/New Poll Worker/Personal Information/Personal Information dropdown' is clicked on

2019-01-31 15:34:44 - [MESSAGE][PASSED] - Object: 'Object Repository/Admin Console ePulse Menu/Poll Workers/Poll Workers - Manage Page/New Poll Worker/Personal Information/Personal Information dropdown' is clicked on

2019-01-31 15:34:44 - [TEST_STEP][PASSED] - delay(1): Delayed 1 second(s)

2019-01-31 15:34:45 - [MESSAGE][PASSED] - Delayed 1 second(s)

2019-01-31 15:34:45 - [TEST_STEP][PASSED] - setText(findTestObject("Admin Console ePulse Menu/Poll Workers/Poll Workers - Manage Page/New Poll Worker/Personal Information/input_First Name"), findTestData("PollWorker - Add").getValue("FirstName", row)): Text 'Black2' is set on object 'Object Repository/Admin Console ePulse Menu/Poll Workers/Poll Workers - Manage Page/New Poll Worker/Personal Information/input_First Name'

2019-01-31 15:34:45 - [MESSAGE][PASSED] - Text 'Black2' is set on object 'Object Repository/Admin Console ePulse Menu/Poll Workers/Poll Workers - Manage Page/New Poll Worker/Personal Information/input_First Name'

2019-01-31 15:34:45 - [TEST_STEP][PASSED] - delay(1): Delayed 1 second(s)

2019-01-31 15:34:46 - [MESSAGE][PASSED] - Delayed 1 second(s)

2019-01-31 15:34:46 - [TEST_STEP][PASSED] - setText(findTestObject("Admin Console ePulse Menu/Poll Workers/Poll Workers - Manage Page/New Poll Worker/Personal Information/input_Middle Name"), findTestData("PollWorker - Add").getValue("MiddleName", row)): Text 'Jack2' is set on object 'Object Repository/Admin Console ePulse Menu/Poll Workers/Poll Workers - Manage Page/New Poll Worker/Personal Information/input_Middle Name'

2019-01-31 15:34:46 - [MESSAGE][PASSED] - Text 'Jack2' is set on object 'Object Repository/Admin Console ePulse Menu/Poll Workers/Poll Workers - Manage Page/New Poll Worker/Personal Information/input_Middle Name'

2019-01-31 15:34:46 - [TEST_STEP][PASSED] - delay(1): Delayed 1 second(s)

2019-01-31 15:34:47 - [MESSAGE][PASSED] - Delayed 1 second(s)

2019-01-31 15:34:47 - [TEST_STEP][PASSED] - setText(findTestObject("Admin Console ePulse Menu/Poll Workers/Poll Workers - Manage Page/New Poll Worker/Personal Information/input_Last Name"), findTestData("PollWorker - Add").getValue("LastName", row)): Text 'Johnson2' is set on object 'Object Repository/Admin Console ePulse Menu/Poll Workers/Poll Workers - Manage Page/New Poll Worker/Personal Information/input_Last Name'

2019-01-31 15:34:47 - [MESSAGE][PASSED] - Text 'Johnson2' is set on object 'Object Repository/Admin Console ePulse Menu/Poll Workers/Poll Workers - Manage Page/New Poll Worker/Personal Information/input_Last Name'

2019-01-31 15:34:47 - [TEST_STEP][PASSED] - delay(1): Delayed 1 second(s)

2019-01-31 15:34:48 - [MESSAGE][PASSED] - Delayed 1 second(s)

2019-01-31 15:34:48 - [TEST_STEP][PASSED] - click(findTestObject("Admin Console ePulse Menu/Poll Workers/Poll Workers - Manage Page/New Poll Worker/Personal Information/Party Select/Select DEM")): Object: 'Object Repository/Admin Console ePulse Menu/Poll Workers/Poll Workers - Manage Page/New Poll Worker/Personal Information/Party Select/Select DEM' is clicked on

2019-01-31 15:34:48 - [MESSAGE][PASSED] - Object: 'Object Repository/Admin Console ePulse Menu/Poll Workers/Poll Workers - Manage Page/New Poll Worker/Personal Information/Party Select/Select DEM' is clicked on

2019-01-31 15:34:48 - [TEST_STEP][PASSED] - delay(1): Delayed 1 second(s)

2019-01-31 15:34:49 - [MESSAGE][PASSED] - Delayed 1 second(s)

2019-01-31 15:34:49 - [TEST_STEP][PASSED] - click(findTestObject("Admin Console ePulse Menu/Poll Workers/Poll Workers - Manage Page/New Poll Worker/Personal Information/Status Select/Select Active")): Object: 'Object Repository/Admin Console ePulse Menu/Poll Workers/Poll Workers - Manage Page/New Poll Worker/Personal Information/Status Select/Select Active' is clicked on

2019-01-31 15:34:49 - [MESSAGE][PASSED] - Object: 'Object Repository/Admin Console ePulse Menu/Poll Workers/Poll Workers - Manage Page/New Poll Worker/Personal Information/Status Select/Select Active' is clicked on

2019-01-31 15:34:49 - [TEST_STEP][PASSED] - delay(1): Delayed 1 second(s)

2019-01-31 15:34:50 - [MESSAGE][PASSED] - Delayed 1 second(s)

2019-01-31 15:34:50 - [TEST_STEP][PASSED] - click(findTestObject("Admin Console ePulse Menu/Poll Workers/Poll Workers - Manage Page/New Poll Worker/Poll Pad Login/Poll Pad Login Dropdown")): Object: 'Object Repository/Admin Console ePulse Menu/Poll Workers/Poll Workers - Manage Page/New Poll Worker/Poll Pad Login/Poll Pad Login Dropdown' is clicked on

2019-01-31 15:34:50 - [MESSAGE][PASSED] - Object: 'Object Repository/Admin Console ePulse Menu/Poll Workers/Poll Workers - Manage Page/New Poll Worker/Poll Pad Login/Poll Pad Login Dropdown' is clicked on

2019-01-31 15:34:50 - [TEST_STEP][PASSED] - delay(1): Delayed 1 second(s)

2019-01-31 15:34:51 - [MESSAGE][PASSED] - Delayed 1 second(s)

2019-01-31 15:34:51 - [TEST_STEP][PASSED] - setText(findTestObject("Admin Console ePulse Menu/Poll Workers/Poll Workers - Manage Page/New Poll Worker/Poll Pad Login/input_Username"), findTestData("PollWorker - Add").getValue("UserName", row)): Text 'PW_3' is set on object 'Object Repository/Admin Console ePulse Menu/Poll Workers/Poll Workers - Manage Page/New Poll Worker/Poll Pad Login/input_Username'

2019-01-31 15:34:52 - [MESSAGE][PASSED] - Text 'PW_3' is set on object 'Object Repository/Admin Console ePulse Menu/Poll Workers/Poll Workers - Manage Page/New Poll Worker/Poll Pad Login/input_Username'

2019-01-31 15:34:52 - [TEST_STEP][PASSED] - delay(1): Delayed 1 second(s)

2019-01-31 15:34:53 - [MESSAGE][PASSED] - Delayed 1 second(s)

2019-01-31 15:34:53 - [TEST_STEP][PASSED] - selectOptionByValue(findTestObject("Admin Console ePulse Menu/Poll Workers/Poll Workers - Manage Page/New Poll Worker/Poll Pad Login/Select Poll Worker Type"), "0", false): All options with value '0' are selected in object 'Object Repository/Admin Console ePulse Menu/Poll Workers/Poll Workers - Manage Page/New Poll Worker/Poll Pad Login/Select Poll Worker Type' 

2019-01-31 15:34:53 - [MESSAGE][PASSED] - All options with value '0' are selected in object 'Object Repository/Admin Console ePulse Menu/Poll Workers/Poll Workers - Manage Page/New Poll Worker/Poll Pad Login/Select Poll Worker Type' 

2019-01-31 15:34:53 - [TEST_STEP][PASSED] - setText(findTestObject("Admin Console ePulse Menu/Poll Workers/Poll Workers - Manage Page/New Poll Worker/Poll Pad Login/input_Password"), findTestData("PollWorker - Add").getValue("Password1", row)): Text 'Qwerty1!' is set on object 'Object Repository/Admin Console ePulse Menu/Poll Workers/Poll Workers - Manage Page/New Poll Worker/Poll Pad Login/input_Password'

2019-01-31 15:34:53 - [MESSAGE][PASSED] - Text 'Qwerty1!' is set on object 'Object Repository/Admin Console ePulse Menu/Poll Workers/Poll Workers - Manage Page/New Poll Worker/Poll Pad Login/input_Password'

2019-01-31 15:34:53 - [TEST_STEP][PASSED] - delay(1): Delayed 1 second(s)

2019-01-31 15:34:54 - [MESSAGE][PASSED] - Delayed 1 second(s)

2019-01-31 15:34:54 - [TEST_STEP][PASSED] - setText(findTestObject("Admin Console ePulse Menu/Poll Workers/Poll Workers - Manage Page/New Poll Worker/Poll Pad Login/input_Confirm Password"), findTestData("PollWorker - Add").getValue("Password2", row)): Text 'Qwerty1!' is set on object 'Object Repository/Admin Console ePulse Menu/Poll Workers/Poll Workers - Manage Page/New Poll Worker/Poll Pad Login/input_Confirm Password'

2019-01-31 15:34:54 - [MESSAGE][PASSED] - Text 'Qwerty1!' is set on object 'Object Repository/Admin Console ePulse Menu/Poll Workers/Poll Workers - Manage Page/New Poll Worker/Poll Pad Login/input_Confirm Password'

2019-01-31 15:34:54 - [TEST_STEP][PASSED] - delay(1): Delayed 1 second(s)

2019-01-31 15:34:55 - [MESSAGE][PASSED] - Delayed 1 second(s)

2019-01-31 15:34:55 - [TEST_STEP][PASSED] - click(findTestObject("Admin Console ePulse Menu/Poll Workers/Poll Workers - Manage Page/New Poll Worker/Submit Poll Worker")): Object: 'Object Repository/Admin Console ePulse Menu/Poll Workers/Poll Workers - Manage Page/New Poll Worker/Submit Poll Worker' is clicked on

2019-01-31 15:34:56 - [MESSAGE][PASSED] - Object: 'Object Repository/Admin Console ePulse Menu/Poll Workers/Poll Workers - Manage Page/New Poll Worker/Submit Poll Worker' is clicked on

2019-01-31 15:34:56 - [TEST_STEP][PASSED] - delay(1): Delayed 1 second(s)

2019-01-31 15:34:57 - [MESSAGE][PASSED] - Delayed 1 second(s)

2019-01-31 15:34:57 - [TEST_STEP][PASSED] - verifyTextPresent("PW", true): Text 'PW' is present on page  using regular expression

2019-01-31 15:34:57 - [MESSAGE][PASSED] - Text 'PW' is present on page  using regular expression

2019-01-31 15:34:57 - [TEST_STEP][PASSED] - closeBrowser(): Browser is closed

2019-01-31 15:34:57 - [MESSAGE][PASSED] - Browser is closed]]></system-out>
         <system-err><![CDATA[]]></system-err>
      </testcase>
      <testcase name="Test Cases/Admin Console/Poll Workers-Election Officials()/Poll Workers - Manage - Import" classname="Test Cases/Admin Console/Poll Workers-Election Officials()/Poll Workers - Manage - Import" status="FAILED">
         <failure type="FAILED" message="Test Cases/Admin Console/Poll Workers-Election Officials()/Poll Workers - Manage - Import FAILED.
Reason:
com.kms.katalon.core.exception.StepFailedException: Unable to click on object 'Object Repository/Admin Console ePulse Menu/Account Settings/Prompts/Import Prompts Buttons/button_Done(working)' (Root cause: com.kms.katalon.core.webui.exception.WebElementNotFoundException: Web element with id: 'Object Repository/Admin Console ePulse Menu/Account Settings/Prompts/Import Prompts Buttons/button_Done(working)' located by 'By.xpath: (.//*[normalize-space(text()) and normalize-space(.)='Done!'])[1]/following::button[1]' not found)
	at com.kms.katalon.core.keyword.internal.KeywordMain.stepFailed(KeywordMain.groovy:36)
	at com.kms.katalon.core.webui.keyword.internal.WebUIKeywordMain.stepFailed(WebUIKeywordMain.groovy:65)
	at com.kms.katalon.core.webui.keyword.internal.WebUIKeywordMain.runKeyword(WebUIKeywordMain.groovy:27)
	at com.kms.katalon.core.webui.keyword.builtin.ClickKeyword.click(ClickKeyword.groovy:86)
	at com.kms.katalon.core.webui.keyword.builtin.ClickKeyword.execute(ClickKeyword.groovy:67)
	at com.kms.katalon.core.keyword.internal.KeywordExecutor.executeKeywordForPlatform(KeywordExecutor.groovy:53)
	at com.kms.katalon.core.webui.keyword.WebUiBuiltInKeywords.click(WebUiBuiltInKeywords.groovy:616)
	at com.kms.katalon.core.webui.keyword.WebUiBuiltInKeywords$click$3.call(Unknown Source)
	at Poll Workers - Manage - Import.run(Poll Workers - Manage - Import:45)
	at com.kms.katalon.core.main.ScriptEngine.run(ScriptEngine.java:194)
	at com.kms.katalon.core.main.ScriptEngine.runScriptAsRawText(ScriptEngine.java:119)
	at com.kms.katalon.core.main.TestCaseExecutor.runScript(TestCaseExecutor.java:328)
	at com.kms.katalon.core.main.TestCaseExecutor.doExecute(TestCaseExecutor.java:319)
	at com.kms.katalon.core.main.TestCaseExecutor.processExecutionPhase(TestCaseExecutor.java:298)
	at com.kms.katalon.core.main.TestCaseExecutor.accessMainPhase(TestCaseExecutor.java:290)
	at com.kms.katalon.core.main.TestCaseExecutor.execute(TestCaseExecutor.java:224)
	at com.kms.katalon.core.main.TestSuiteExecutor.accessTestCaseMainPhase(TestSuiteExecutor.java:129)
	at com.kms.katalon.core.main.TestSuiteExecutor.accessTestSuiteMainPhase(TestSuiteExecutor.java:112)
	at com.kms.katalon.core.main.TestSuiteExecutor.execute(TestSuiteExecutor.java:81)
	at com.kms.katalon.core.main.TestCaseMain.startTestSuite(TestCaseMain.java:149)
	at com.kms.katalon.core.main.TestCaseMain$startTestSuite$0.call(Unknown Source)
	at TempTestSuite1548969729134.run(TempTestSuite1548969729134.groovy:36)
"/>
         <system-out><![CDATA[2019-01-31 15:34:59 - [TEST_CASE][FAILED] - Test Cases/Admin Console/Poll Workers-Election Officials()/Poll Workers - Manage - Import: Test Cases/Admin Console/Poll Workers-Election Officials()/Poll Workers - Manage - Import FAILED.
Reason:
com.kms.katalon.core.exception.StepFailedException: Unable to click on object 'Object Repository/Admin Console ePulse Menu/Account Settings/Prompts/Import Prompts Buttons/button_Done(working)' (Root cause: com.kms.katalon.core.webui.exception.WebElementNotFoundException: Web element with id: 'Object Repository/Admin Console ePulse Menu/Account Settings/Prompts/Import Prompts Buttons/button_Done(working)' located by 'By.xpath: (.//*[normalize-space(text()) and normalize-space(.)='Done!'])[1]/following::button[1]' not found)
	at com.kms.katalon.core.keyword.internal.KeywordMain.stepFailed(KeywordMain.groovy:36)
	at com.kms.katalon.core.webui.keyword.internal.WebUIKeywordMain.stepFailed(WebUIKeywordMain.groovy:65)
	at com.kms.katalon.core.webui.keyword.internal.WebUIKeywordMain.runKeyword(WebUIKeywordMain.groovy:27)
	at com.kms.katalon.core.webui.keyword.builtin.ClickKeyword.click(ClickKeyword.groovy:86)
	at com.kms.katalon.core.webui.keyword.builtin.ClickKeyword.execute(ClickKeyword.groovy:67)
	at com.kms.katalon.core.keyword.internal.KeywordExecutor.executeKeywordForPlatform(KeywordExecutor.groovy:53)
	at com.kms.katalon.core.webui.keyword.WebUiBuiltInKeywords.click(WebUiBuiltInKeywords.groovy:616)
	at com.kms.katalon.core.webui.keyword.WebUiBuiltInKeywords$click$3.call(Unknown Source)
	at Poll Workers - Manage - Import.run(Poll Workers - Manage - Import:45)
	at com.kms.katalon.core.main.ScriptEngine.run(ScriptEngine.java:194)
	at com.kms.katalon.core.main.ScriptEngine.runScriptAsRawText(ScriptEngine.java:119)
	at com.kms.katalon.core.main.TestCaseExecutor.runScript(TestCaseExecutor.java:328)
	at com.kms.katalon.core.main.TestCaseExecutor.doExecute(TestCaseExecutor.java:319)
	at com.kms.katalon.core.main.TestCaseExecutor.processExecutionPhase(TestCaseExecutor.java:298)
	at com.kms.katalon.core.main.TestCaseExecutor.accessMainPhase(TestCaseExecutor.java:290)
	at com.kms.katalon.core.main.TestCaseExecutor.execute(TestCaseExecutor.java:224)
	at com.kms.katalon.core.main.TestSuiteExecutor.accessTestCaseMainPhase(TestSuiteExecutor.java:129)
	at com.kms.katalon.core.main.TestSuiteExecutor.accessTestSuiteMainPhase(TestSuiteExecutor.java:112)
	at com.kms.katalon.core.main.TestSuiteExecutor.execute(TestSuiteExecutor.java:81)
	at com.kms.katalon.core.main.TestCaseMain.startTestSuite(TestCaseMain.java:149)
	at com.kms.katalon.core.main.TestCaseMain$startTestSuite$0.call(Unknown Source)
	at TempTestSuite1548969729134.run(TempTestSuite1548969729134.groovy:36)


2019-01-31 15:34:59 - [TEST_STEP][PASSED] - openBrowser(""): Browser is opened with url: ''

2019-01-31 15:34:59 - [MESSAGE][INFO] - Starting 'Chrome' driver

2019-01-31 15:35:00 - [MESSAGE][PASSED] - Browser is opened with url: ''

2019-01-31 15:35:00 - [TEST_STEP][PASSED] - navigateToUrl(URL): Navigate to 'https://dev.epulse.io' successfully

2019-01-31 15:35:02 - [MESSAGE][PASSED] - Navigate to 'https://dev.epulse.io' successfully

2019-01-31 15:35:02 - [TEST_STEP][PASSED] - setText(findTestObject("Login/Email Address"), User_email): Text 'alonzo.mack@knowink.com' is set on object 'Object Repository/Login/Email Address'

2019-01-31 15:35:02 - [MESSAGE][PASSED] - Text 'alonzo.mack@knowink.com' is set on object 'Object Repository/Login/Email Address'

2019-01-31 15:35:02 - [TEST_STEP][PASSED] - setEncryptedText(findTestObject("Login/Password"), Pswrd): Text ****** has been set on object 'Object Repository/Login/Password'

2019-01-31 15:35:02 - [MESSAGE][PASSED] - Text ****** has been set on object 'Object Repository/Login/Password'

2019-01-31 15:35:02 - [TEST_STEP][PASSED] - click(findTestObject("Login/Sign In")): Object: 'Object Repository/Login/Sign In' is clicked on

2019-01-31 15:35:03 - [MESSAGE][PASSED] - Object: 'Object Repository/Login/Sign In' is clicked on

2019-01-31 15:35:03 - [TEST_STEP][PASSED] - delay(1): Delayed 1 second(s)

2019-01-31 15:35:04 - [MESSAGE][PASSED] - Delayed 1 second(s)

2019-01-31 15:35:04 - [TEST_STEP][PASSED] - navigateToUrl(Poll_Workers, STOP_ON_FAILURE): Navigate to 'https://am-automation-test.dev.epulse.io/poll_workers' successfully

2019-01-31 15:35:04 - [MESSAGE][PASSED] - Navigate to 'https://am-automation-test.dev.epulse.io/poll_workers' successfully

2019-01-31 15:35:04 - [TEST_STEP][PASSED] - delay(1): Delayed 1 second(s)

2019-01-31 15:35:05 - [MESSAGE][PASSED] - Delayed 1 second(s)

2019-01-31 15:35:05 - [TEST_STEP][PASSED] - click(findTestObject("Admin Console ePulse Menu/Poll Workers/Poll Workers - Manage Page/Import Poll Workers")): Object: 'Object Repository/Admin Console ePulse Menu/Poll Workers/Poll Workers - Manage Page/Import Poll Workers' is clicked on

2019-01-31 15:35:06 - [MESSAGE][PASSED] - Object: 'Object Repository/Admin Console ePulse Menu/Poll Workers/Poll Workers - Manage Page/Import Poll Workers' is clicked on

2019-01-31 15:35:06 - [TEST_STEP][PASSED] - setText(findTestObject("Admin Console ePulse Menu/Account Settings/Prompts/Import Prompts Buttons/Choose File"), "/Users/alonzomack/Downloads/Automation uploads/poll_workers.csv"): Text '/Users/alonzomack/Downloads/Automation uploads/poll_workers.csv' is set on object 'Object Repository/Admin Console ePulse Menu/Account Settings/Prompts/Import Prompts Buttons/Choose File'

2019-01-31 15:35:06 - [MESSAGE][PASSED] - Text '/Users/alonzomack/Downloads/Automation uploads/poll_workers.csv' is set on object 'Object Repository/Admin Console ePulse Menu/Account Settings/Prompts/Import Prompts Buttons/Choose File'

2019-01-31 15:35:06 - [TEST_STEP][PASSED] - click(findTestObject("Admin Console ePulse Menu/Account Settings/Prompts/Import Prompts Buttons/Continue Button")): Object: 'Object Repository/Admin Console ePulse Menu/Account Settings/Prompts/Import Prompts Buttons/Continue Button' is clicked on

2019-01-31 15:35:06 - [MESSAGE][PASSED] - Object: 'Object Repository/Admin Console ePulse Menu/Account Settings/Prompts/Import Prompts Buttons/Continue Button' is clicked on

2019-01-31 15:35:06 - [TEST_STEP][PASSED] - delay(1): Delayed 1 second(s)

2019-01-31 15:35:07 - [MESSAGE][PASSED] - Delayed 1 second(s)

2019-01-31 15:35:07 - [TEST_STEP][FAILED] - click(findTestObject("Admin Console ePulse Menu/Account Settings/Prompts/Import Prompts Buttons/button_Done(working)")): click(findTestObject("Admin Console ePulse Menu/Account Settings/Prompts/Import Prompts Buttons/button_Done(working)")) FAILED.
Reason:
com.kms.katalon.core.exception.StepFailedException: Unable to click on object 'Object Repository/Admin Console ePulse Menu/Account Settings/Prompts/Import Prompts Buttons/button_Done(working)' (Root cause: com.kms.katalon.core.webui.exception.WebElementNotFoundException: Web element with id: 'Object Repository/Admin Console ePulse Menu/Account Settings/Prompts/Import Prompts Buttons/button_Done(working)' located by 'By.xpath: (.//*[normalize-space(text()) and normalize-space(.)='Done!'])[1]/following::button[1]' not found)
	at com.kms.katalon.core.keyword.internal.KeywordMain.stepFailed(KeywordMain.groovy:36)
	at com.kms.katalon.core.webui.keyword.internal.WebUIKeywordMain.stepFailed(WebUIKeywordMain.groovy:65)
	at com.kms.katalon.core.webui.keyword.internal.WebUIKeywordMain.runKeyword(WebUIKeywordMain.groovy:27)
	at com.kms.katalon.core.webui.keyword.builtin.ClickKeyword.click(ClickKeyword.groovy:86)
	at com.kms.katalon.core.webui.keyword.builtin.ClickKeyword.execute(ClickKeyword.groovy:67)
	at com.kms.katalon.core.keyword.internal.KeywordExecutor.executeKeywordForPlatform(KeywordExecutor.groovy:53)
	at com.kms.katalon.core.webui.keyword.WebUiBuiltInKeywords.click(WebUiBuiltInKeywords.groovy:616)
	at com.kms.katalon.core.webui.keyword.WebUiBuiltInKeywords$click$3.call(Unknown Source)
	at Poll Workers - Manage - Import.run(Poll Workers - Manage - Import:45)
	at com.kms.katalon.core.main.ScriptEngine.run(ScriptEngine.java:194)
	at com.kms.katalon.core.main.ScriptEngine.runScriptAsRawText(ScriptEngine.java:119)
	at com.kms.katalon.core.main.TestCaseExecutor.runScript(TestCaseExecutor.java:328)
	at com.kms.katalon.core.main.TestCaseExecutor.doExecute(TestCaseExecutor.java:319)
	at com.kms.katalon.core.main.TestCaseExecutor.processExecutionPhase(TestCaseExecutor.java:298)
	at com.kms.katalon.core.main.TestCaseExecutor.accessMainPhase(TestCaseExecutor.java:290)
	at com.kms.katalon.core.main.TestCaseExecutor.execute(TestCaseExecutor.java:224)
	at com.kms.katalon.core.main.TestSuiteExecutor.accessTestCaseMainPhase(TestSuiteExecutor.java:129)
	at com.kms.katalon.core.main.TestSuiteExecutor.accessTestSuiteMainPhase(TestSuiteExecutor.java:112)
	at com.kms.katalon.core.main.TestSuiteExecutor.execute(TestSuiteExecutor.java:81)
	at com.kms.katalon.core.main.TestCaseMain.startTestSuite(TestCaseMain.java:149)
	at com.kms.katalon.core.main.TestCaseMain$startTestSuite$0.call(Unknown Source)
	at TempTestSuite1548969729134.run(TempTestSuite1548969729134.groovy:36)


2019-01-31 15:35:23 - [MESSAGE][INFO] - Unable to find the element located by 'By.xpath: (.//*[normalize-space(text()) and normalize-space(.)='Done!'])[1]/following::button[1]'. Please recheck the objects properties to make sure the desired element is located. 

2019-01-31 15:35:23 - [MESSAGE][FAILED] - Unable to click on object 'Object Repository/Admin Console ePulse Menu/Account Settings/Prompts/Import Prompts Buttons/button_Done(working)' (Root cause: com.kms.katalon.core.webui.exception.WebElementNotFoundException: Web element with id: 'Object Repository/Admin Console ePulse Menu/Account Settings/Prompts/Import Prompts Buttons/button_Done(working)' located by 'By.xpath: (.//*[normalize-space(text()) and normalize-space(.)='Done!'])[1]/following::button[1]' not found)
[[ATTACHMENT|/Users/alonzomack/Katalon Studio/Regression/Reports/dev_staging ready/20190131_152208/1548970523217.png]]

2019-01-31 15:35:23 - [MESSAGE][FAILED] - click(findTestObject("Admin Console ePulse Menu/Account Settings/Prompts/Import Prompts Buttons/button_Done(working)")) FAILED.
Reason:
com.kms.katalon.core.exception.StepFailedException: Unable to click on object 'Object Repository/Admin Console ePulse Menu/Account Settings/Prompts/Import Prompts Buttons/button_Done(working)' (Root cause: com.kms.katalon.core.webui.exception.WebElementNotFoundException: Web element with id: 'Object Repository/Admin Console ePulse Menu/Account Settings/Prompts/Import Prompts Buttons/button_Done(working)' located by 'By.xpath: (.//*[normalize-space(text()) and normalize-space(.)='Done!'])[1]/following::button[1]' not found)
	at com.kms.katalon.core.keyword.internal.KeywordMain.stepFailed(KeywordMain.groovy:36)
	at com.kms.katalon.core.webui.keyword.internal.WebUIKeywordMain.stepFailed(WebUIKeywordMain.groovy:65)
	at com.kms.katalon.core.webui.keyword.internal.WebUIKeywordMain.runKeyword(WebUIKeywordMain.groovy:27)
	at com.kms.katalon.core.webui.keyword.builtin.ClickKeyword.click(ClickKeyword.groovy:86)
	at com.kms.katalon.core.webui.keyword.builtin.ClickKeyword.execute(ClickKeyword.groovy:67)
	at com.kms.katalon.core.keyword.internal.KeywordExecutor.executeKeywordForPlatform(KeywordExecutor.groovy:53)
	at com.kms.katalon.core.webui.keyword.WebUiBuiltInKeywords.click(WebUiBuiltInKeywords.groovy:616)
	at com.kms.katalon.core.webui.keyword.WebUiBuiltInKeywords$click$3.call(Unknown Source)
	at Poll Workers - Manage - Import.run(Poll Workers - Manage - Import:45)
	at com.kms.katalon.core.main.ScriptEngine.run(ScriptEngine.java:194)
	at com.kms.katalon.core.main.ScriptEngine.runScriptAsRawText(ScriptEngine.java:119)
	at com.kms.katalon.core.main.TestCaseExecutor.runScript(TestCaseExecutor.java:328)
	at com.kms.katalon.core.main.TestCaseExecutor.doExecute(TestCaseExecutor.java:319)
	at com.kms.katalon.core.main.TestCaseExecutor.processExecutionPhase(TestCaseExecutor.java:298)
	at com.kms.katalon.core.main.TestCaseExecutor.accessMainPhase(TestCaseExecutor.java:290)
	at com.kms.katalon.core.main.TestCaseExecutor.execute(TestCaseExecutor.java:224)
	at com.kms.katalon.core.main.TestSuiteExecutor.accessTestCaseMainPhase(TestSuiteExecutor.java:129)
	at com.kms.katalon.core.main.TestSuiteExecutor.accessTestSuiteMainPhase(TestSuiteExecutor.java:112)
	at com.kms.katalon.core.main.TestSuiteExecutor.execute(TestSuiteExecutor.java:81)
	at com.kms.katalon.core.main.TestCaseMain.startTestSuite(TestCaseMain.java:149)
	at com.kms.katalon.core.main.TestCaseMain$startTestSuite$0.call(Unknown Source)
	at TempTestSuite1548969729134.run(TempTestSuite1548969729134.groovy:36)]]></system-out>
         <system-err><![CDATA[2019-01-31 15:34:59 - [TEST_CASE][FAILED] - Test Cases/Admin Console/Poll Workers-Election Officials()/Poll Workers - Manage - Import: Test Cases/Admin Console/Poll Workers-Election Officials()/Poll Workers - Manage - Import FAILED.
Reason:
com.kms.katalon.core.exception.StepFailedException: Unable to click on object 'Object Repository/Admin Console ePulse Menu/Account Settings/Prompts/Import Prompts Buttons/button_Done(working)' (Root cause: com.kms.katalon.core.webui.exception.WebElementNotFoundException: Web element with id: 'Object Repository/Admin Console ePulse Menu/Account Settings/Prompts/Import Prompts Buttons/button_Done(working)' located by 'By.xpath: (.//*[normalize-space(text()) and normalize-space(.)='Done!'])[1]/following::button[1]' not found)
	at com.kms.katalon.core.keyword.internal.KeywordMain.stepFailed(KeywordMain.groovy:36)
	at com.kms.katalon.core.webui.keyword.internal.WebUIKeywordMain.stepFailed(WebUIKeywordMain.groovy:65)
	at com.kms.katalon.core.webui.keyword.internal.WebUIKeywordMain.runKeyword(WebUIKeywordMain.groovy:27)
	at com.kms.katalon.core.webui.keyword.builtin.ClickKeyword.click(ClickKeyword.groovy:86)
	at com.kms.katalon.core.webui.keyword.builtin.ClickKeyword.execute(ClickKeyword.groovy:67)
	at com.kms.katalon.core.keyword.internal.KeywordExecutor.executeKeywordForPlatform(KeywordExecutor.groovy:53)
	at com.kms.katalon.core.webui.keyword.WebUiBuiltInKeywords.click(WebUiBuiltInKeywords.groovy:616)
	at com.kms.katalon.core.webui.keyword.WebUiBuiltInKeywords$click$3.call(Unknown Source)
	at Poll Workers - Manage - Import.run(Poll Workers - Manage - Import:45)
	at com.kms.katalon.core.main.ScriptEngine.run(ScriptEngine.java:194)
	at com.kms.katalon.core.main.ScriptEngine.runScriptAsRawText(ScriptEngine.java:119)
	at com.kms.katalon.core.main.TestCaseExecutor.runScript(TestCaseExecutor.java:328)
	at com.kms.katalon.core.main.TestCaseExecutor.doExecute(TestCaseExecutor.java:319)
	at com.kms.katalon.core.main.TestCaseExecutor.processExecutionPhase(TestCaseExecutor.java:298)
	at com.kms.katalon.core.main.TestCaseExecutor.accessMainPhase(TestCaseExecutor.java:290)
	at com.kms.katalon.core.main.TestCaseExecutor.execute(TestCaseExecutor.java:224)
	at com.kms.katalon.core.main.TestSuiteExecutor.accessTestCaseMainPhase(TestSuiteExecutor.java:129)
	at com.kms.katalon.core.main.TestSuiteExecutor.accessTestSuiteMainPhase(TestSuiteExecutor.java:112)
	at com.kms.katalon.core.main.TestSuiteExecutor.execute(TestSuiteExecutor.java:81)
	at com.kms.katalon.core.main.TestCaseMain.startTestSuite(TestCaseMain.java:149)
	at com.kms.katalon.core.main.TestCaseMain$startTestSuite$0.call(Unknown Source)
	at TempTestSuite1548969729134.run(TempTestSuite1548969729134.groovy:36)]]></system-err>
      </testcase>
      <testcase name="Test Cases/Admin Console/Account Settings/Users()/Account Settings - New User(basic_Rover.Technician)" classname="Test Cases/Admin Console/Account Settings/Users()/Account Settings - New User(basic_Rover.Technician)" status="PASSED">
         <system-out><![CDATA[2019-01-31 15:35:25 - [TEST_CASE][PASSED] - Test Cases/Admin Console/Account Settings/Users()/Account Settings - New User(basic_Rover.Technician): Test Cases/Admin Console/Account Settings/Users()/Account Settings - New User(basic_Rover.Technician)

2019-01-31 15:35:25 - [TEST_STEP][PASSED] - openBrowser(""): Browser is opened with url: ''

2019-01-31 15:35:25 - [MESSAGE][WARNING] - A browser is already opened. Closing browser and opening a new one

2019-01-31 15:35:25 - [MESSAGE][INFO] - Starting 'Chrome' driver

2019-01-31 15:35:27 - [MESSAGE][PASSED] - Browser is opened with url: ''

2019-01-31 15:35:27 - [TEST_STEP][PASSED] - navigateToUrl(URL): Navigate to 'https://dev.epulse.io' successfully

2019-01-31 15:35:28 - [MESSAGE][PASSED] - Navigate to 'https://dev.epulse.io' successfully

2019-01-31 15:35:28 - [TEST_STEP][PASSED] - setText(findTestObject("Login/Email Address"), User_email): Text 'alonzo.mack@knowink.com' is set on object 'Object Repository/Login/Email Address'

2019-01-31 15:35:28 - [MESSAGE][PASSED] - Text 'alonzo.mack@knowink.com' is set on object 'Object Repository/Login/Email Address'

2019-01-31 15:35:28 - [TEST_STEP][PASSED] - setEncryptedText(findTestObject("Login/Password"), Pswrd): Text ****** has been set on object 'Object Repository/Login/Password'

2019-01-31 15:35:28 - [MESSAGE][PASSED] - Text ****** has been set on object 'Object Repository/Login/Password'

2019-01-31 15:35:28 - [TEST_STEP][PASSED] - click(findTestObject("Login/Sign In")): Object: 'Object Repository/Login/Sign In' is clicked on

2019-01-31 15:35:29 - [MESSAGE][PASSED] - Object: 'Object Repository/Login/Sign In' is clicked on

2019-01-31 15:35:29 - [TEST_STEP][PASSED] - delay(1): Delayed 1 second(s)

2019-01-31 15:35:30 - [MESSAGE][PASSED] - Delayed 1 second(s)

2019-01-31 15:35:30 - [TEST_STEP][PASSED] - navigateToUrl(Users, STOP_ON_FAILURE): Navigate to 'https://am-automation-test.dev.epulse.io/users' successfully

2019-01-31 15:35:30 - [MESSAGE][PASSED] - Navigate to 'https://am-automation-test.dev.epulse.io/users' successfully

2019-01-31 15:35:30 - [TEST_STEP][PASSED] - delay(1): Delayed 1 second(s)

2019-01-31 15:35:31 - [MESSAGE][PASSED] - Delayed 1 second(s)

2019-01-31 15:35:31 - [TEST_STEP][PASSED] - click(findTestObject("Admin Console ePulse Menu/Account Settings/Users/Add User")): Object: 'Object Repository/Admin Console ePulse Menu/Account Settings/Users/Add User' is clicked on

2019-01-31 15:35:32 - [MESSAGE][PASSED] - Object: 'Object Repository/Admin Console ePulse Menu/Account Settings/Users/Add User' is clicked on

2019-01-31 15:35:32 - [TEST_STEP][PASSED] - delay(1): Delayed 1 second(s)

2019-01-31 15:35:33 - [MESSAGE][PASSED] - Delayed 1 second(s)

2019-01-31 15:35:33 - [TEST_STEP][PASSED] - setText(findTestObject("Admin Console ePulse Menu/Account Settings/Add User/input_First name"), "add"): Text 'add' is set on object 'Object Repository/Admin Console ePulse Menu/Account Settings/Add User/input_First name'

2019-01-31 15:35:33 - [MESSAGE][PASSED] - Text 'add' is set on object 'Object Repository/Admin Console ePulse Menu/Account Settings/Add User/input_First name'

2019-01-31 15:35:33 - [TEST_STEP][PASSED] - delay(1): Delayed 1 second(s)

2019-01-31 15:35:34 - [MESSAGE][PASSED] - Delayed 1 second(s)

2019-01-31 15:35:34 - [TEST_STEP][PASSED] - setText(findTestObject("Admin Console ePulse Menu/Account Settings/Add User/input_Last name"), "User"): Text 'User' is set on object 'Object Repository/Admin Console ePulse Menu/Account Settings/Add User/input_Last name'

2019-01-31 15:35:34 - [MESSAGE][PASSED] - Text 'User' is set on object 'Object Repository/Admin Console ePulse Menu/Account Settings/Add User/input_Last name'

2019-01-31 15:35:34 - [TEST_STEP][PASSED] - delay(1): Delayed 1 second(s)

2019-01-31 15:35:35 - [MESSAGE][PASSED] - Delayed 1 second(s)

2019-01-31 15:35:35 - [TEST_STEP][PASSED] - setText(findTestObject("Admin Console ePulse Menu/Account Settings/Add User/input_Phone"), "3137777777"): Text '3137777777' is set on object 'Object Repository/Admin Console ePulse Menu/Account Settings/Add User/input_Phone'

2019-01-31 15:35:35 - [MESSAGE][PASSED] - Text '3137777777' is set on object 'Object Repository/Admin Console ePulse Menu/Account Settings/Add User/input_Phone'

2019-01-31 15:35:35 - [TEST_STEP][PASSED] - delay(1): Delayed 1 second(s)

2019-01-31 15:35:36 - [MESSAGE][PASSED] - Delayed 1 second(s)

2019-01-31 15:35:36 - [TEST_STEP][PASSED] - setText(findTestObject("Admin Console ePulse Menu/Account Settings/Add User/input_E-mail"), "addnew2-user@knowink.com"): Text 'addnew2-user@knowink.com' is set on object 'Object Repository/Admin Console ePulse Menu/Account Settings/Add User/input_E-mail'

2019-01-31 15:35:37 - [MESSAGE][PASSED] - Text 'addnew2-user@knowink.com' is set on object 'Object Repository/Admin Console ePulse Menu/Account Settings/Add User/input_E-mail'

2019-01-31 15:35:37 - [TEST_STEP][PASSED] - delay(1): Delayed 1 second(s)

2019-01-31 15:35:38 - [MESSAGE][PASSED] - Delayed 1 second(s)

2019-01-31 15:35:38 - [TEST_STEP][PASSED] - delay(1): Delayed 1 second(s)

2019-01-31 15:35:39 - [MESSAGE][PASSED] - Delayed 1 second(s)

2019-01-31 15:35:39 - [TEST_STEP][PASSED] - selectOptionByValue(findTestObject("Admin Console ePulse Menu/Account Settings/Add User/Select Epulse User"), "1", true): All options with value '1' are selected in object 'Object Repository/Admin Console ePulse Menu/Account Settings/Add User/Select Epulse User'  using regular expression

2019-01-31 15:35:39 - [MESSAGE][PASSED] - All options with value '1' are selected in object 'Object Repository/Admin Console ePulse Menu/Account Settings/Add User/Select Epulse User'  using regular expression

2019-01-31 15:35:39 - [TEST_STEP][PASSED] - delay(1): Delayed 1 second(s)

2019-01-31 15:35:40 - [MESSAGE][PASSED] - Delayed 1 second(s)

2019-01-31 15:35:40 - [TEST_STEP][NOT_RUN] - selectOptionByValue(findTestObject("Admin Console ePulse Menu/Account Settings/Add User/Select Notify by"), "2", true): NOT_RUN: selectOptionByValue(findTestObject("Admin Console ePulse Menu/Account Settings/Add User/Select Notify by"), "2", true)

2019-01-31 15:35:40 - [MESSAGE][NOT_RUN] - NOT_RUN: selectOptionByValue(findTestObject("Admin Console ePulse Menu/Account Settings/Add User/Select Notify by"), "2", true)

2019-01-31 15:35:40 - [TEST_STEP][NOT_RUN] - delay(1): NOT_RUN: delay(1)

2019-01-31 15:35:40 - [MESSAGE][NOT_RUN] - NOT_RUN: delay(1)

2019-01-31 15:35:40 - [TEST_STEP][NOT_RUN] - selectOptionByValue(findTestObject("Admin Console ePulse Menu/Account Settings/Add User/Select User Rights"), "basic", true): NOT_RUN: selectOptionByValue(findTestObject("Admin Console ePulse Menu/Account Settings/Add User/Select User Rights"), "basic", true)

2019-01-31 15:35:40 - [MESSAGE][NOT_RUN] - NOT_RUN: selectOptionByValue(findTestObject("Admin Console ePulse Menu/Account Settings/Add User/Select User Rights"), "basic", true)

2019-01-31 15:35:40 - [TEST_STEP][NOT_RUN] - delay(1): NOT_RUN: delay(1)

2019-01-31 15:35:40 - [MESSAGE][NOT_RUN] - NOT_RUN: delay(1)

2019-01-31 15:35:40 - [TEST_STEP][PASSED] - click(findTestObject("Common ePulse Objects/Submit Button")): Object: 'Object Repository/Common ePulse Objects/Submit Button' is clicked on

2019-01-31 15:35:42 - [MESSAGE][PASSED] - Object: 'Object Repository/Common ePulse Objects/Submit Button' is clicked on

2019-01-31 15:35:42 - [TEST_STEP][PASSED] - closeBrowser(): Browser is closed

2019-01-31 15:35:42 - [MESSAGE][PASSED] - Browser is closed]]></system-out>
         <system-err><![CDATA[]]></system-err>
      </testcase>
      <testcase name="Test Cases/Admin Console/Account Settings/Users()/Account Settings - New User(manager_standard)" classname="Test Cases/Admin Console/Account Settings/Users()/Account Settings - New User(manager_standard)" status="PASSED">
         <system-out><![CDATA[2019-01-31 15:35:44 - [TEST_CASE][PASSED] - Test Cases/Admin Console/Account Settings/Users()/Account Settings - New User(manager_standard): Test Cases/Admin Console/Account Settings/Users()/Account Settings - New User(manager_standard)

2019-01-31 15:35:45 - [TEST_STEP][PASSED] - openBrowser(""): Browser is opened with url: ''

2019-01-31 15:35:45 - [MESSAGE][INFO] - Starting 'Chrome' driver

2019-01-31 15:35:46 - [MESSAGE][PASSED] - Browser is opened with url: ''

2019-01-31 15:35:46 - [TEST_STEP][PASSED] - navigateToUrl(URL): Navigate to 'https://dev.epulse.io' successfully

2019-01-31 15:35:48 - [MESSAGE][PASSED] - Navigate to 'https://dev.epulse.io' successfully

2019-01-31 15:35:48 - [TEST_STEP][PASSED] - setText(findTestObject("Login/Email Address"), User_email): Text 'alonzo.mack@knowink.com' is set on object 'Object Repository/Login/Email Address'

2019-01-31 15:35:48 - [MESSAGE][PASSED] - Text 'alonzo.mack@knowink.com' is set on object 'Object Repository/Login/Email Address'

2019-01-31 15:35:48 - [TEST_STEP][PASSED] - setEncryptedText(findTestObject("Login/Password"), Pswrd): Text ****** has been set on object 'Object Repository/Login/Password'

2019-01-31 15:35:48 - [MESSAGE][PASSED] - Text ****** has been set on object 'Object Repository/Login/Password'

2019-01-31 15:35:48 - [TEST_STEP][PASSED] - click(findTestObject("Login/Sign In")): Object: 'Object Repository/Login/Sign In' is clicked on

2019-01-31 15:35:49 - [MESSAGE][PASSED] - Object: 'Object Repository/Login/Sign In' is clicked on

2019-01-31 15:35:49 - [TEST_STEP][PASSED] - delay(1): Delayed 1 second(s)

2019-01-31 15:35:50 - [MESSAGE][PASSED] - Delayed 1 second(s)

2019-01-31 15:35:50 - [TEST_STEP][PASSED] - navigateToUrl(Users, STOP_ON_FAILURE): Navigate to 'https://am-automation-test.dev.epulse.io/users' successfully

2019-01-31 15:35:53 - [MESSAGE][PASSED] - Navigate to 'https://am-automation-test.dev.epulse.io/users' successfully

2019-01-31 15:35:53 - [TEST_STEP][PASSED] - delay(1): Delayed 1 second(s)

2019-01-31 15:35:54 - [MESSAGE][PASSED] - Delayed 1 second(s)

2019-01-31 15:35:54 - [TEST_STEP][PASSED] - click(findTestObject("Admin Console ePulse Menu/Account Settings/Users/Add User")): Object: 'Object Repository/Admin Console ePulse Menu/Account Settings/Users/Add User' is clicked on

2019-01-31 15:35:54 - [MESSAGE][PASSED] - Object: 'Object Repository/Admin Console ePulse Menu/Account Settings/Users/Add User' is clicked on

2019-01-31 15:35:54 - [TEST_STEP][PASSED] - delay(1): Delayed 1 second(s)

2019-01-31 15:35:55 - [MESSAGE][PASSED] - Delayed 1 second(s)

2019-01-31 15:35:55 - [TEST_STEP][PASSED] - setText(findTestObject("Admin Console ePulse Menu/Account Settings/Add User/input_First name"), "add"): Text 'add' is set on object 'Object Repository/Admin Console ePulse Menu/Account Settings/Add User/input_First name'

2019-01-31 15:35:55 - [MESSAGE][PASSED] - Text 'add' is set on object 'Object Repository/Admin Console ePulse Menu/Account Settings/Add User/input_First name'

2019-01-31 15:35:55 - [TEST_STEP][PASSED] - delay(1): Delayed 1 second(s)

2019-01-31 15:35:56 - [MESSAGE][PASSED] - Delayed 1 second(s)

2019-01-31 15:35:56 - [TEST_STEP][PASSED] - setText(findTestObject("Admin Console ePulse Menu/Account Settings/Add User/input_Last name"), "User"): Text 'User' is set on object 'Object Repository/Admin Console ePulse Menu/Account Settings/Add User/input_Last name'

2019-01-31 15:35:56 - [MESSAGE][PASSED] - Text 'User' is set on object 'Object Repository/Admin Console ePulse Menu/Account Settings/Add User/input_Last name'

2019-01-31 15:35:56 - [TEST_STEP][PASSED] - delay(1): Delayed 1 second(s)

2019-01-31 15:35:57 - [MESSAGE][PASSED] - Delayed 1 second(s)

2019-01-31 15:35:57 - [TEST_STEP][PASSED] - setText(findTestObject("Admin Console ePulse Menu/Account Settings/Add User/input_Phone"), "3137777777"): Text '3137777777' is set on object 'Object Repository/Admin Console ePulse Menu/Account Settings/Add User/input_Phone'

2019-01-31 15:35:58 - [MESSAGE][PASSED] - Text '3137777777' is set on object 'Object Repository/Admin Console ePulse Menu/Account Settings/Add User/input_Phone'

2019-01-31 15:35:58 - [TEST_STEP][PASSED] - delay(1): Delayed 1 second(s)

2019-01-31 15:35:59 - [MESSAGE][PASSED] - Delayed 1 second(s)

2019-01-31 15:35:59 - [TEST_STEP][PASSED] - setText(findTestObject("Admin Console ePulse Menu/Account Settings/Add User/input_E-mail"), "addnew5-user@knowink.com"): Text 'addnew5-user@knowink.com' is set on object 'Object Repository/Admin Console ePulse Menu/Account Settings/Add User/input_E-mail'

2019-01-31 15:35:59 - [MESSAGE][PASSED] - Text 'addnew5-user@knowink.com' is set on object 'Object Repository/Admin Console ePulse Menu/Account Settings/Add User/input_E-mail'

2019-01-31 15:35:59 - [TEST_STEP][PASSED] - delay(1): Delayed 1 second(s)

2019-01-31 15:36:00 - [MESSAGE][PASSED] - Delayed 1 second(s)

2019-01-31 15:36:00 - [TEST_STEP][PASSED] - selectOptionByValue(findTestObject("Admin Console ePulse Menu/Account Settings/Add User/Select Notify by"), "2", true): All options with value '2' are selected in object 'Object Repository/Admin Console ePulse Menu/Account Settings/Add User/Select Notify by'  using regular expression

2019-01-31 15:36:00 - [MESSAGE][PASSED] - All options with value '2' are selected in object 'Object Repository/Admin Console ePulse Menu/Account Settings/Add User/Select Notify by'  using regular expression

2019-01-31 15:36:00 - [TEST_STEP][PASSED] - delay(1): Delayed 1 second(s)

2019-01-31 15:36:01 - [MESSAGE][PASSED] - Delayed 1 second(s)

2019-01-31 15:36:01 - [TEST_STEP][PASSED] - selectOptionByValue(findTestObject("Admin Console ePulse Menu/Account Settings/Add User/Select User Rights"), "manager", true): All options with value 'manager' are selected in object 'Object Repository/Admin Console ePulse Menu/Account Settings/Add User/Select User Rights'  using regular expression

2019-01-31 15:36:01 - [MESSAGE][PASSED] - All options with value 'manager' are selected in object 'Object Repository/Admin Console ePulse Menu/Account Settings/Add User/Select User Rights'  using regular expression

2019-01-31 15:36:01 - [TEST_STEP][PASSED] - delay(1): Delayed 1 second(s)

2019-01-31 15:36:02 - [MESSAGE][PASSED] - Delayed 1 second(s)

2019-01-31 15:36:02 - [TEST_STEP][PASSED] - click(findTestObject("Common ePulse Objects/Submit Button")): Object: 'Object Repository/Common ePulse Objects/Submit Button' is clicked on

2019-01-31 15:36:05 - [MESSAGE][PASSED] - Object: 'Object Repository/Common ePulse Objects/Submit Button' is clicked on

2019-01-31 15:36:05 - [TEST_STEP][NOT_RUN] - closeBrowser(): NOT_RUN: closeBrowser()

2019-01-31 15:36:05 - [MESSAGE][NOT_RUN] - NOT_RUN: closeBrowser()]]></system-out>
         <system-err><![CDATA[]]></system-err>
      </testcase>
      <testcase name="Test Cases/Admin Console/Account Settings/Users()/Account Settings - New User(election_day_Isync)" classname="Test Cases/Admin Console/Account Settings/Users()/Account Settings - New User(election_day_Isync)" status="PASSED">
         <system-out><![CDATA[2019-01-31 15:36:07 - [TEST_CASE][PASSED] - Test Cases/Admin Console/Account Settings/Users()/Account Settings - New User(election_day_Isync): Test Cases/Admin Console/Account Settings/Users()/Account Settings - New User(election_day_Isync)

2019-01-31 15:36:07 - [TEST_STEP][PASSED] - openBrowser(""): Browser is opened with url: ''

2019-01-31 15:36:07 - [MESSAGE][WARNING] - A browser is already opened. Closing browser and opening a new one

2019-01-31 15:36:07 - [MESSAGE][INFO] - Starting 'Chrome' driver

2019-01-31 15:36:08 - [MESSAGE][PASSED] - Browser is opened with url: ''

2019-01-31 15:36:08 - [TEST_STEP][PASSED] - navigateToUrl(URL): Navigate to 'https://dev.epulse.io' successfully

2019-01-31 15:36:09 - [MESSAGE][PASSED] - Navigate to 'https://dev.epulse.io' successfully

2019-01-31 15:36:09 - [TEST_STEP][PASSED] - setText(findTestObject("Login/Email Address"), User_email): Text 'alonzo.mack@knowink.com' is set on object 'Object Repository/Login/Email Address'

2019-01-31 15:36:10 - [MESSAGE][PASSED] - Text 'alonzo.mack@knowink.com' is set on object 'Object Repository/Login/Email Address'

2019-01-31 15:36:10 - [TEST_STEP][PASSED] - setEncryptedText(findTestObject("Login/Password"), Pswrd): Text ****** has been set on object 'Object Repository/Login/Password'

2019-01-31 15:36:10 - [MESSAGE][PASSED] - Text ****** has been set on object 'Object Repository/Login/Password'

2019-01-31 15:36:10 - [TEST_STEP][PASSED] - click(findTestObject("Login/Sign In")): Object: 'Object Repository/Login/Sign In' is clicked on

2019-01-31 15:36:10 - [MESSAGE][PASSED] - Object: 'Object Repository/Login/Sign In' is clicked on

2019-01-31 15:36:10 - [TEST_STEP][PASSED] - delay(1): Delayed 1 second(s)

2019-01-31 15:36:11 - [MESSAGE][PASSED] - Delayed 1 second(s)

2019-01-31 15:36:11 - [TEST_STEP][PASSED] - navigateToUrl(Users, STOP_ON_FAILURE): Navigate to 'https://am-automation-test.dev.epulse.io/users' successfully

2019-01-31 15:36:12 - [MESSAGE][PASSED] - Navigate to 'https://am-automation-test.dev.epulse.io/users' successfully

2019-01-31 15:36:12 - [TEST_STEP][PASSED] - delay(1): Delayed 1 second(s)

2019-01-31 15:36:13 - [MESSAGE][PASSED] - Delayed 1 second(s)

2019-01-31 15:36:13 - [TEST_STEP][PASSED] - click(findTestObject("Admin Console ePulse Menu/Account Settings/Users/Add User")): Object: 'Object Repository/Admin Console ePulse Menu/Account Settings/Users/Add User' is clicked on

2019-01-31 15:36:13 - [MESSAGE][PASSED] - Object: 'Object Repository/Admin Console ePulse Menu/Account Settings/Users/Add User' is clicked on

2019-01-31 15:36:13 - [TEST_STEP][PASSED] - delay(1): Delayed 1 second(s)

2019-01-31 15:36:14 - [MESSAGE][PASSED] - Delayed 1 second(s)

2019-01-31 15:36:14 - [TEST_STEP][PASSED] - setText(findTestObject("Admin Console ePulse Menu/Account Settings/Add User/input_First name"), "add"): Text 'add' is set on object 'Object Repository/Admin Console ePulse Menu/Account Settings/Add User/input_First name'

2019-01-31 15:36:15 - [MESSAGE][PASSED] - Text 'add' is set on object 'Object Repository/Admin Console ePulse Menu/Account Settings/Add User/input_First name'

2019-01-31 15:36:15 - [TEST_STEP][PASSED] - delay(1): Delayed 1 second(s)

2019-01-31 15:36:16 - [MESSAGE][PASSED] - Delayed 1 second(s)

2019-01-31 15:36:16 - [TEST_STEP][PASSED] - setText(findTestObject("Admin Console ePulse Menu/Account Settings/Add User/input_Last name"), "User"): Text 'User' is set on object 'Object Repository/Admin Console ePulse Menu/Account Settings/Add User/input_Last name'

2019-01-31 15:36:16 - [MESSAGE][PASSED] - Text 'User' is set on object 'Object Repository/Admin Console ePulse Menu/Account Settings/Add User/input_Last name'

2019-01-31 15:36:16 - [TEST_STEP][PASSED] - delay(1): Delayed 1 second(s)

2019-01-31 15:36:17 - [MESSAGE][PASSED] - Delayed 1 second(s)

2019-01-31 15:36:17 - [TEST_STEP][PASSED] - setText(findTestObject("Admin Console ePulse Menu/Account Settings/Add User/input_Phone"), "3137777777"): Text '3137777777' is set on object 'Object Repository/Admin Console ePulse Menu/Account Settings/Add User/input_Phone'

2019-01-31 15:36:17 - [MESSAGE][PASSED] - Text '3137777777' is set on object 'Object Repository/Admin Console ePulse Menu/Account Settings/Add User/input_Phone'

2019-01-31 15:36:17 - [TEST_STEP][PASSED] - delay(1): Delayed 1 second(s)

2019-01-31 15:36:18 - [MESSAGE][PASSED] - Delayed 1 second(s)

2019-01-31 15:36:18 - [TEST_STEP][PASSED] - setText(findTestObject("Admin Console ePulse Menu/Account Settings/Add User/input_E-mail"), "addnew4-user@knowink.com"): Text 'addnew4-user@knowink.com' is set on object 'Object Repository/Admin Console ePulse Menu/Account Settings/Add User/input_E-mail'

2019-01-31 15:36:18 - [MESSAGE][PASSED] - Text 'addnew4-user@knowink.com' is set on object 'Object Repository/Admin Console ePulse Menu/Account Settings/Add User/input_E-mail'

2019-01-31 15:36:18 - [TEST_STEP][PASSED] - delay(1): Delayed 1 second(s)

2019-01-31 15:36:19 - [MESSAGE][PASSED] - Delayed 1 second(s)

2019-01-31 15:36:19 - [TEST_STEP][PASSED] - selectOptionByValue(findTestObject("Admin Console ePulse Menu/Account Settings/Add User/Select Epulse User"), "3", true): All options with value '3' are selected in object 'Object Repository/Admin Console ePulse Menu/Account Settings/Add User/Select Epulse User'  using regular expression

2019-01-31 15:36:19 - [MESSAGE][PASSED] - All options with value '3' are selected in object 'Object Repository/Admin Console ePulse Menu/Account Settings/Add User/Select Epulse User'  using regular expression

2019-01-31 15:36:19 - [TEST_STEP][PASSED] - delay(1): Delayed 1 second(s)

2019-01-31 15:36:20 - [MESSAGE][PASSED] - Delayed 1 second(s)

2019-01-31 15:36:20 - [TEST_STEP][NOT_RUN] - selectOptionByValue(findTestObject("Admin Console ePulse Menu/Account Settings/Add User/Select Notify by"), "2", true): NOT_RUN: selectOptionByValue(findTestObject("Admin Console ePulse Menu/Account Settings/Add User/Select Notify by"), "2", true)

2019-01-31 15:36:20 - [MESSAGE][NOT_RUN] - NOT_RUN: selectOptionByValue(findTestObject("Admin Console ePulse Menu/Account Settings/Add User/Select Notify by"), "2", true)

2019-01-31 15:36:20 - [TEST_STEP][NOT_RUN] - delay(1): NOT_RUN: delay(1)

2019-01-31 15:36:20 - [MESSAGE][NOT_RUN] - NOT_RUN: delay(1)

2019-01-31 15:36:20 - [TEST_STEP][NOT_RUN] - selectOptionByValue(findTestObject("Admin Console ePulse Menu/Account Settings/Add User/Select User Rights"), "election_day", true): NOT_RUN: selectOptionByValue(findTestObject("Admin Console ePulse Menu/Account Settings/Add User/Select User Rights"), "election_day", true)

2019-01-31 15:36:20 - [MESSAGE][NOT_RUN] - NOT_RUN: selectOptionByValue(findTestObject("Admin Console ePulse Menu/Account Settings/Add User/Select User Rights"), "election_day", true)

2019-01-31 15:36:20 - [TEST_STEP][NOT_RUN] - delay(1): NOT_RUN: delay(1)

2019-01-31 15:36:20 - [MESSAGE][NOT_RUN] - NOT_RUN: delay(1)

2019-01-31 15:36:20 - [TEST_STEP][PASSED] - click(findTestObject("Common ePulse Objects/Submit Button")): Object: 'Object Repository/Common ePulse Objects/Submit Button' is clicked on

2019-01-31 15:36:24 - [MESSAGE][PASSED] - Object: 'Object Repository/Common ePulse Objects/Submit Button' is clicked on

2019-01-31 15:36:24 - [TEST_STEP][PASSED] - closeBrowser(): Browser is closed

2019-01-31 15:36:24 - [MESSAGE][PASSED] - Browser is closed]]></system-out>
         <system-err><![CDATA[]]></system-err>
      </testcase>
      <testcase name="Test Cases/Admin Console/Account Settings/Users()/Account Settings - New User(admin_Standard)" classname="Test Cases/Admin Console/Account Settings/Users()/Account Settings - New User(admin_Standard)" status="PASSED">
         <system-out><![CDATA[2019-01-31 15:36:26 - [TEST_CASE][PASSED] - Test Cases/Admin Console/Account Settings/Users()/Account Settings - New User(admin_Standard): Test Cases/Admin Console/Account Settings/Users()/Account Settings - New User(admin_Standard)

2019-01-31 15:36:26 - [TEST_STEP][PASSED] - openBrowser(""): Browser is opened with url: ''

2019-01-31 15:36:26 - [MESSAGE][INFO] - Starting 'Chrome' driver

2019-01-31 15:36:27 - [MESSAGE][PASSED] - Browser is opened with url: ''

2019-01-31 15:36:27 - [TEST_STEP][PASSED] - navigateToUrl(URL): Navigate to 'https://dev.epulse.io' successfully

2019-01-31 15:36:29 - [MESSAGE][PASSED] - Navigate to 'https://dev.epulse.io' successfully

2019-01-31 15:36:29 - [TEST_STEP][PASSED] - setText(findTestObject("Login/Email Address"), User_email): Text 'alonzo.mack@knowink.com' is set on object 'Object Repository/Login/Email Address'

2019-01-31 15:36:29 - [MESSAGE][PASSED] - Text 'alonzo.mack@knowink.com' is set on object 'Object Repository/Login/Email Address'

2019-01-31 15:36:29 - [TEST_STEP][PASSED] - setEncryptedText(findTestObject("Login/Password"), Pswrd): Text ****** has been set on object 'Object Repository/Login/Password'

2019-01-31 15:36:29 - [MESSAGE][PASSED] - Text ****** has been set on object 'Object Repository/Login/Password'

2019-01-31 15:36:29 - [TEST_STEP][PASSED] - click(findTestObject("Login/Sign In")): Object: 'Object Repository/Login/Sign In' is clicked on

2019-01-31 15:36:30 - [MESSAGE][PASSED] - Object: 'Object Repository/Login/Sign In' is clicked on

2019-01-31 15:36:30 - [TEST_STEP][PASSED] - delay(1): Delayed 1 second(s)

2019-01-31 15:36:31 - [MESSAGE][PASSED] - Delayed 1 second(s)

2019-01-31 15:36:31 - [TEST_STEP][PASSED] - navigateToUrl(Users, STOP_ON_FAILURE): Navigate to 'https://am-automation-test.dev.epulse.io/users' successfully

2019-01-31 15:36:32 - [MESSAGE][PASSED] - Navigate to 'https://am-automation-test.dev.epulse.io/users' successfully

2019-01-31 15:36:32 - [TEST_STEP][PASSED] - delay(1): Delayed 1 second(s)

2019-01-31 15:36:33 - [MESSAGE][PASSED] - Delayed 1 second(s)

2019-01-31 15:36:33 - [TEST_STEP][PASSED] - click(findTestObject("Admin Console ePulse Menu/Account Settings/Users/Add User")): Object: 'Object Repository/Admin Console ePulse Menu/Account Settings/Users/Add User' is clicked on

2019-01-31 15:36:33 - [MESSAGE][PASSED] - Object: 'Object Repository/Admin Console ePulse Menu/Account Settings/Users/Add User' is clicked on

2019-01-31 15:36:33 - [TEST_STEP][PASSED] - delay(1): Delayed 1 second(s)

2019-01-31 15:36:34 - [MESSAGE][PASSED] - Delayed 1 second(s)

2019-01-31 15:36:34 - [TEST_STEP][PASSED] - setText(findTestObject("Admin Console ePulse Menu/Account Settings/Add User/input_First name"), "add"): Text 'add' is set on object 'Object Repository/Admin Console ePulse Menu/Account Settings/Add User/input_First name'

2019-01-31 15:36:34 - [MESSAGE][PASSED] - Text 'add' is set on object 'Object Repository/Admin Console ePulse Menu/Account Settings/Add User/input_First name'

2019-01-31 15:36:34 - [TEST_STEP][PASSED] - delay(1): Delayed 1 second(s)

2019-01-31 15:36:35 - [MESSAGE][PASSED] - Delayed 1 second(s)

2019-01-31 15:36:35 - [TEST_STEP][PASSED] - setText(findTestObject("Admin Console ePulse Menu/Account Settings/Add User/input_Last name"), "User"): Text 'User' is set on object 'Object Repository/Admin Console ePulse Menu/Account Settings/Add User/input_Last name'

2019-01-31 15:36:36 - [MESSAGE][PASSED] - Text 'User' is set on object 'Object Repository/Admin Console ePulse Menu/Account Settings/Add User/input_Last name'

2019-01-31 15:36:36 - [TEST_STEP][PASSED] - delay(1): Delayed 1 second(s)

2019-01-31 15:36:37 - [MESSAGE][PASSED] - Delayed 1 second(s)

2019-01-31 15:36:37 - [TEST_STEP][PASSED] - setText(findTestObject("Admin Console ePulse Menu/Account Settings/Add User/input_Phone"), "3137777777"): Text '3137777777' is set on object 'Object Repository/Admin Console ePulse Menu/Account Settings/Add User/input_Phone'

2019-01-31 15:36:37 - [MESSAGE][PASSED] - Text '3137777777' is set on object 'Object Repository/Admin Console ePulse Menu/Account Settings/Add User/input_Phone'

2019-01-31 15:36:37 - [TEST_STEP][PASSED] - delay(1): Delayed 1 second(s)

2019-01-31 15:36:38 - [MESSAGE][PASSED] - Delayed 1 second(s)

2019-01-31 15:36:38 - [TEST_STEP][PASSED] - setText(findTestObject("Admin Console ePulse Menu/Account Settings/Add User/input_E-mail"), "addnew-user@knowink.com"): Text 'addnew-user@knowink.com' is set on object 'Object Repository/Admin Console ePulse Menu/Account Settings/Add User/input_E-mail'

2019-01-31 15:36:38 - [MESSAGE][PASSED] - Text 'addnew-user@knowink.com' is set on object 'Object Repository/Admin Console ePulse Menu/Account Settings/Add User/input_E-mail'

2019-01-31 15:36:38 - [TEST_STEP][PASSED] - delay(1): Delayed 1 second(s)

2019-01-31 15:36:39 - [MESSAGE][PASSED] - Delayed 1 second(s)

2019-01-31 15:36:39 - [TEST_STEP][PASSED] - selectOptionByValue(findTestObject("Admin Console ePulse Menu/Account Settings/Add User/Select Epulse User"), "0", true): All options with value '0' are selected in object 'Object Repository/Admin Console ePulse Menu/Account Settings/Add User/Select Epulse User'  using regular expression

2019-01-31 15:36:39 - [MESSAGE][PASSED] - All options with value '0' are selected in object 'Object Repository/Admin Console ePulse Menu/Account Settings/Add User/Select Epulse User'  using regular expression

2019-01-31 15:36:39 - [TEST_STEP][PASSED] - delay(1): Delayed 1 second(s)

2019-01-31 15:36:40 - [MESSAGE][PASSED] - Delayed 1 second(s)

2019-01-31 15:36:40 - [TEST_STEP][PASSED] - selectOptionByValue(findTestObject("Admin Console ePulse Menu/Account Settings/Add User/Select Notify by"), "2", true): All options with value '2' are selected in object 'Object Repository/Admin Console ePulse Menu/Account Settings/Add User/Select Notify by'  using regular expression

2019-01-31 15:36:40 - [MESSAGE][PASSED] - All options with value '2' are selected in object 'Object Repository/Admin Console ePulse Menu/Account Settings/Add User/Select Notify by'  using regular expression

2019-01-31 15:36:40 - [TEST_STEP][PASSED] - delay(1): Delayed 1 second(s)

2019-01-31 15:36:41 - [MESSAGE][PASSED] - Delayed 1 second(s)

2019-01-31 15:36:41 - [TEST_STEP][PASSED] - selectOptionByValue(findTestObject("Admin Console ePulse Menu/Account Settings/Add User/Select User Rights"), "admin", true): All options with value 'admin' are selected in object 'Object Repository/Admin Console ePulse Menu/Account Settings/Add User/Select User Rights'  using regular expression

2019-01-31 15:36:41 - [MESSAGE][PASSED] - All options with value 'admin' are selected in object 'Object Repository/Admin Console ePulse Menu/Account Settings/Add User/Select User Rights'  using regular expression

2019-01-31 15:36:41 - [TEST_STEP][PASSED] - delay(1): Delayed 1 second(s)

2019-01-31 15:36:42 - [MESSAGE][PASSED] - Delayed 1 second(s)

2019-01-31 15:36:42 - [TEST_STEP][PASSED] - click(findTestObject("Common ePulse Objects/Submit Button")): Object: 'Object Repository/Common ePulse Objects/Submit Button' is clicked on

2019-01-31 15:36:44 - [MESSAGE][PASSED] - Object: 'Object Repository/Common ePulse Objects/Submit Button' is clicked on

2019-01-31 15:36:44 - [TEST_STEP][NOT_RUN] - closeBrowser(): NOT_RUN: closeBrowser()

2019-01-31 15:36:44 - [MESSAGE][NOT_RUN] - NOT_RUN: closeBrowser()]]></system-out>
         <system-err><![CDATA[]]></system-err>
      </testcase>
      <testcase name="Test Cases/Admin Console/Account Settings/Users()/Account Settings - New User(coordinator_Call.Center)" classname="Test Cases/Admin Console/Account Settings/Users()/Account Settings - New User(coordinator_Call.Center)" status="PASSED">
         <system-out><![CDATA[2019-01-31 15:36:46 - [TEST_CASE][PASSED] - Test Cases/Admin Console/Account Settings/Users()/Account Settings - New User(coordinator_Call.Center): Test Cases/Admin Console/Account Settings/Users()/Account Settings - New User(coordinator_Call.Center)

2019-01-31 15:36:46 - [TEST_STEP][PASSED] - openBrowser(""): Browser is opened with url: ''

2019-01-31 15:36:46 - [MESSAGE][WARNING] - A browser is already opened. Closing browser and opening a new one

2019-01-31 15:36:46 - [MESSAGE][INFO] - Starting 'Chrome' driver

2019-01-31 15:36:48 - [MESSAGE][PASSED] - Browser is opened with url: ''

2019-01-31 15:36:48 - [TEST_STEP][PASSED] - navigateToUrl(URL): Navigate to 'https://dev.epulse.io' successfully

2019-01-31 15:36:49 - [MESSAGE][PASSED] - Navigate to 'https://dev.epulse.io' successfully

2019-01-31 15:36:49 - [TEST_STEP][PASSED] - setText(findTestObject("Login/Email Address"), User_email): Text 'alonzo.mack@knowink.com' is set on object 'Object Repository/Login/Email Address'

2019-01-31 15:36:49 - [MESSAGE][PASSED] - Text 'alonzo.mack@knowink.com' is set on object 'Object Repository/Login/Email Address'

2019-01-31 15:36:49 - [TEST_STEP][PASSED] - setEncryptedText(findTestObject("Login/Password"), Pswrd): Text ****** has been set on object 'Object Repository/Login/Password'

2019-01-31 15:36:49 - [MESSAGE][PASSED] - Text ****** has been set on object 'Object Repository/Login/Password'

2019-01-31 15:36:49 - [TEST_STEP][PASSED] - click(findTestObject("Login/Sign In")): Object: 'Object Repository/Login/Sign In' is clicked on

2019-01-31 15:36:50 - [MESSAGE][PASSED] - Object: 'Object Repository/Login/Sign In' is clicked on

2019-01-31 15:36:50 - [TEST_STEP][PASSED] - delay(1): Delayed 1 second(s)

2019-01-31 15:36:51 - [MESSAGE][PASSED] - Delayed 1 second(s)

2019-01-31 15:36:51 - [TEST_STEP][PASSED] - navigateToUrl(Users, STOP_ON_FAILURE): Navigate to 'https://am-automation-test.dev.epulse.io/users' successfully

2019-01-31 15:36:51 - [MESSAGE][PASSED] - Navigate to 'https://am-automation-test.dev.epulse.io/users' successfully

2019-01-31 15:36:51 - [TEST_STEP][PASSED] - delay(1): Delayed 1 second(s)

2019-01-31 15:36:52 - [MESSAGE][PASSED] - Delayed 1 second(s)

2019-01-31 15:36:52 - [TEST_STEP][PASSED] - click(findTestObject("Admin Console ePulse Menu/Account Settings/Users/Add User")): Object: 'Object Repository/Admin Console ePulse Menu/Account Settings/Users/Add User' is clicked on

2019-01-31 15:36:53 - [MESSAGE][PASSED] - Object: 'Object Repository/Admin Console ePulse Menu/Account Settings/Users/Add User' is clicked on

2019-01-31 15:36:53 - [TEST_STEP][PASSED] - delay(1): Delayed 1 second(s)

2019-01-31 15:36:54 - [MESSAGE][PASSED] - Delayed 1 second(s)

2019-01-31 15:36:54 - [TEST_STEP][PASSED] - setText(findTestObject("Admin Console ePulse Menu/Account Settings/Add User/input_First name"), "add"): Text 'add' is set on object 'Object Repository/Admin Console ePulse Menu/Account Settings/Add User/input_First name'

2019-01-31 15:36:54 - [MESSAGE][PASSED] - Text 'add' is set on object 'Object Repository/Admin Console ePulse Menu/Account Settings/Add User/input_First name'

2019-01-31 15:36:54 - [TEST_STEP][PASSED] - delay(1): Delayed 1 second(s)

2019-01-31 15:36:55 - [MESSAGE][PASSED] - Delayed 1 second(s)

2019-01-31 15:36:55 - [TEST_STEP][PASSED] - setText(findTestObject("Admin Console ePulse Menu/Account Settings/Add User/input_Last name"), "User"): Text 'User' is set on object 'Object Repository/Admin Console ePulse Menu/Account Settings/Add User/input_Last name'

2019-01-31 15:36:55 - [MESSAGE][PASSED] - Text 'User' is set on object 'Object Repository/Admin Console ePulse Menu/Account Settings/Add User/input_Last name'

2019-01-31 15:36:55 - [TEST_STEP][PASSED] - delay(1): Delayed 1 second(s)

2019-01-31 15:36:56 - [MESSAGE][PASSED] - Delayed 1 second(s)

2019-01-31 15:36:56 - [TEST_STEP][PASSED] - setText(findTestObject("Admin Console ePulse Menu/Account Settings/Add User/input_Phone"), "3137777777"): Text '3137777777' is set on object 'Object Repository/Admin Console ePulse Menu/Account Settings/Add User/input_Phone'

2019-01-31 15:36:56 - [MESSAGE][PASSED] - Text '3137777777' is set on object 'Object Repository/Admin Console ePulse Menu/Account Settings/Add User/input_Phone'

2019-01-31 15:36:56 - [TEST_STEP][PASSED] - delay(1): Delayed 1 second(s)

2019-01-31 15:36:57 - [MESSAGE][PASSED] - Delayed 1 second(s)

2019-01-31 15:36:57 - [TEST_STEP][PASSED] - setText(findTestObject("Admin Console ePulse Menu/Account Settings/Add User/input_E-mail"), "addnew3-user@knowink.com"): Text 'addnew3-user@knowink.com' is set on object 'Object Repository/Admin Console ePulse Menu/Account Settings/Add User/input_E-mail'

2019-01-31 15:36:58 - [MESSAGE][PASSED] - Text 'addnew3-user@knowink.com' is set on object 'Object Repository/Admin Console ePulse Menu/Account Settings/Add User/input_E-mail'

2019-01-31 15:36:58 - [TEST_STEP][PASSED] - delay(1): Delayed 1 second(s)

2019-01-31 15:36:59 - [MESSAGE][PASSED] - Delayed 1 second(s)

2019-01-31 15:36:59 - [TEST_STEP][PASSED] - selectOptionByValue(findTestObject("Admin Console ePulse Menu/Account Settings/Add User/Select Epulse User"), "2", true): All options with value '2' are selected in object 'Object Repository/Admin Console ePulse Menu/Account Settings/Add User/Select Epulse User'  using regular expression

2019-01-31 15:36:59 - [MESSAGE][PASSED] - All options with value '2' are selected in object 'Object Repository/Admin Console ePulse Menu/Account Settings/Add User/Select Epulse User'  using regular expression

2019-01-31 15:36:59 - [TEST_STEP][PASSED] - delay(1): Delayed 1 second(s)

2019-01-31 15:37:00 - [MESSAGE][PASSED] - Delayed 1 second(s)

2019-01-31 15:37:00 - [TEST_STEP][NOT_RUN] - selectOptionByValue(findTestObject("Admin Console ePulse Menu/Account Settings/Add User/Select Notify by"), "2", true): NOT_RUN: selectOptionByValue(findTestObject("Admin Console ePulse Menu/Account Settings/Add User/Select Notify by"), "2", true)

2019-01-31 15:37:00 - [MESSAGE][NOT_RUN] - NOT_RUN: selectOptionByValue(findTestObject("Admin Console ePulse Menu/Account Settings/Add User/Select Notify by"), "2", true)

2019-01-31 15:37:00 - [TEST_STEP][NOT_RUN] - delay(1): NOT_RUN: delay(1)

2019-01-31 15:37:00 - [MESSAGE][NOT_RUN] - NOT_RUN: delay(1)

2019-01-31 15:37:00 - [TEST_STEP][NOT_RUN] - selectOptionByValue(findTestObject("Admin Console ePulse Menu/Account Settings/Add User/Select User Rights"), "coordinator", true): NOT_RUN: selectOptionByValue(findTestObject("Admin Console ePulse Menu/Account Settings/Add User/Select User Rights"), "coordinator", true)

2019-01-31 15:37:00 - [MESSAGE][NOT_RUN] - NOT_RUN: selectOptionByValue(findTestObject("Admin Console ePulse Menu/Account Settings/Add User/Select User Rights"), "coordinator", true)

2019-01-31 15:37:00 - [TEST_STEP][NOT_RUN] - delay(1): NOT_RUN: delay(1)

2019-01-31 15:37:00 - [MESSAGE][NOT_RUN] - NOT_RUN: delay(1)

2019-01-31 15:37:00 - [TEST_STEP][PASSED] - click(findTestObject("Common ePulse Objects/Submit Button")): Object: 'Object Repository/Common ePulse Objects/Submit Button' is clicked on

2019-01-31 15:37:02 - [MESSAGE][PASSED] - Object: 'Object Repository/Common ePulse Objects/Submit Button' is clicked on

2019-01-31 15:37:02 - [TEST_STEP][PASSED] - closeBrowser(): Browser is closed

2019-01-31 15:37:02 - [MESSAGE][PASSED] - Browser is closed]]></system-out>
         <system-err><![CDATA[]]></system-err>
      </testcase>
      <testcase name="Test Cases/Admin Console/Account Settings/Languages/Languages - Import" classname="Test Cases/Admin Console/Account Settings/Languages/Languages - Import" status="FAILED">
         <failure type="FAILED" message="Test Cases/Admin Console/Account Settings/Languages/Languages - Import FAILED.
Reason:
com.kms.katalon.core.exception.StepFailedException: Unable to click on object 'Object Repository/Admin Console ePulse Menu/Account Settings/Prompts/Import Prompts Buttons/button_Done(working)' (Root cause: com.kms.katalon.core.webui.exception.WebElementNotFoundException: Web element with id: 'Object Repository/Admin Console ePulse Menu/Account Settings/Prompts/Import Prompts Buttons/button_Done(working)' located by 'By.xpath: (.//*[normalize-space(text()) and normalize-space(.)='Done!'])[1]/following::button[1]' not found)
	at com.kms.katalon.core.keyword.internal.KeywordMain.stepFailed(KeywordMain.groovy:36)
	at com.kms.katalon.core.webui.keyword.internal.WebUIKeywordMain.stepFailed(WebUIKeywordMain.groovy:65)
	at com.kms.katalon.core.webui.keyword.internal.WebUIKeywordMain.runKeyword(WebUIKeywordMain.groovy:27)
	at com.kms.katalon.core.webui.keyword.builtin.ClickKeyword.click(ClickKeyword.groovy:86)
	at com.kms.katalon.core.webui.keyword.builtin.ClickKeyword.execute(ClickKeyword.groovy:67)
	at com.kms.katalon.core.keyword.internal.KeywordExecutor.executeKeywordForPlatform(KeywordExecutor.groovy:53)
	at com.kms.katalon.core.webui.keyword.WebUiBuiltInKeywords.click(WebUiBuiltInKeywords.groovy:616)
	at com.kms.katalon.core.webui.keyword.WebUiBuiltInKeywords$click$3.call(Unknown Source)
	at Languages - Import.run(Languages - Import:43)
	at com.kms.katalon.core.main.ScriptEngine.run(ScriptEngine.java:194)
	at com.kms.katalon.core.main.ScriptEngine.runScriptAsRawText(ScriptEngine.java:119)
	at com.kms.katalon.core.main.TestCaseExecutor.runScript(TestCaseExecutor.java:328)
	at com.kms.katalon.core.main.TestCaseExecutor.doExecute(TestCaseExecutor.java:319)
	at com.kms.katalon.core.main.TestCaseExecutor.processExecutionPhase(TestCaseExecutor.java:298)
	at com.kms.katalon.core.main.TestCaseExecutor.accessMainPhase(TestCaseExecutor.java:290)
	at com.kms.katalon.core.main.TestCaseExecutor.execute(TestCaseExecutor.java:224)
	at com.kms.katalon.core.main.TestSuiteExecutor.accessTestCaseMainPhase(TestSuiteExecutor.java:129)
	at com.kms.katalon.core.main.TestSuiteExecutor.accessTestSuiteMainPhase(TestSuiteExecutor.java:112)
	at com.kms.katalon.core.main.TestSuiteExecutor.execute(TestSuiteExecutor.java:81)
	at com.kms.katalon.core.main.TestCaseMain.startTestSuite(TestCaseMain.java:149)
	at com.kms.katalon.core.main.TestCaseMain$startTestSuite$0.call(Unknown Source)
	at TempTestSuite1548969729134.run(TempTestSuite1548969729134.groovy:36)
"/>
         <system-out><![CDATA[2019-01-31 15:37:04 - [TEST_CASE][FAILED] - Test Cases/Admin Console/Account Settings/Languages/Languages - Import: Test Cases/Admin Console/Account Settings/Languages/Languages - Import FAILED.
Reason:
com.kms.katalon.core.exception.StepFailedException: Unable to click on object 'Object Repository/Admin Console ePulse Menu/Account Settings/Prompts/Import Prompts Buttons/button_Done(working)' (Root cause: com.kms.katalon.core.webui.exception.WebElementNotFoundException: Web element with id: 'Object Repository/Admin Console ePulse Menu/Account Settings/Prompts/Import Prompts Buttons/button_Done(working)' located by 'By.xpath: (.//*[normalize-space(text()) and normalize-space(.)='Done!'])[1]/following::button[1]' not found)
	at com.kms.katalon.core.keyword.internal.KeywordMain.stepFailed(KeywordMain.groovy:36)
	at com.kms.katalon.core.webui.keyword.internal.WebUIKeywordMain.stepFailed(WebUIKeywordMain.groovy:65)
	at com.kms.katalon.core.webui.keyword.internal.WebUIKeywordMain.runKeyword(WebUIKeywordMain.groovy:27)
	at com.kms.katalon.core.webui.keyword.builtin.ClickKeyword.click(ClickKeyword.groovy:86)
	at com.kms.katalon.core.webui.keyword.builtin.ClickKeyword.execute(ClickKeyword.groovy:67)
	at com.kms.katalon.core.keyword.internal.KeywordExecutor.executeKeywordForPlatform(KeywordExecutor.groovy:53)
	at com.kms.katalon.core.webui.keyword.WebUiBuiltInKeywords.click(WebUiBuiltInKeywords.groovy:616)
	at com.kms.katalon.core.webui.keyword.WebUiBuiltInKeywords$click$3.call(Unknown Source)
	at Languages - Import.run(Languages - Import:43)
	at com.kms.katalon.core.main.ScriptEngine.run(ScriptEngine.java:194)
	at com.kms.katalon.core.main.ScriptEngine.runScriptAsRawText(ScriptEngine.java:119)
	at com.kms.katalon.core.main.TestCaseExecutor.runScript(TestCaseExecutor.java:328)
	at com.kms.katalon.core.main.TestCaseExecutor.doExecute(TestCaseExecutor.java:319)
	at com.kms.katalon.core.main.TestCaseExecutor.processExecutionPhase(TestCaseExecutor.java:298)
	at com.kms.katalon.core.main.TestCaseExecutor.accessMainPhase(TestCaseExecutor.java:290)
	at com.kms.katalon.core.main.TestCaseExecutor.execute(TestCaseExecutor.java:224)
	at com.kms.katalon.core.main.TestSuiteExecutor.accessTestCaseMainPhase(TestSuiteExecutor.java:129)
	at com.kms.katalon.core.main.TestSuiteExecutor.accessTestSuiteMainPhase(TestSuiteExecutor.java:112)
	at com.kms.katalon.core.main.TestSuiteExecutor.execute(TestSuiteExecutor.java:81)
	at com.kms.katalon.core.main.TestCaseMain.startTestSuite(TestCaseMain.java:149)
	at com.kms.katalon.core.main.TestCaseMain$startTestSuite$0.call(Unknown Source)
	at TempTestSuite1548969729134.run(TempTestSuite1548969729134.groovy:36)


2019-01-31 15:37:04 - [TEST_STEP][PASSED] - openBrowser(""): Browser is opened with url: ''

2019-01-31 15:37:04 - [MESSAGE][INFO] - Starting 'Chrome' driver

2019-01-31 15:37:05 - [MESSAGE][PASSED] - Browser is opened with url: ''

2019-01-31 15:37:05 - [TEST_STEP][PASSED] - navigateToUrl(URL): Navigate to 'https://dev.epulse.io' successfully

2019-01-31 15:37:06 - [MESSAGE][PASSED] - Navigate to 'https://dev.epulse.io' successfully

2019-01-31 15:37:06 - [TEST_STEP][PASSED] - setText(findTestObject("Login/Email Address"), User_email): Text 'alonzo.mack@knowink.com' is set on object 'Object Repository/Login/Email Address'

2019-01-31 15:37:07 - [MESSAGE][PASSED] - Text 'alonzo.mack@knowink.com' is set on object 'Object Repository/Login/Email Address'

2019-01-31 15:37:07 - [TEST_STEP][PASSED] - setEncryptedText(findTestObject("Login/Password"), Pswrd): Text ****** has been set on object 'Object Repository/Login/Password'

2019-01-31 15:37:07 - [MESSAGE][PASSED] - Text ****** has been set on object 'Object Repository/Login/Password'

2019-01-31 15:37:07 - [TEST_STEP][PASSED] - click(findTestObject("Login/Sign In")): Object: 'Object Repository/Login/Sign In' is clicked on

2019-01-31 15:37:07 - [MESSAGE][PASSED] - Object: 'Object Repository/Login/Sign In' is clicked on

2019-01-31 15:37:07 - [TEST_STEP][PASSED] - delay(1): Delayed 1 second(s)

2019-01-31 15:37:08 - [MESSAGE][PASSED] - Delayed 1 second(s)

2019-01-31 15:37:08 - [TEST_STEP][PASSED] - navigateToUrl(languages_import, STOP_ON_FAILURE): Navigate to 'https://am-automation-test.dev.epulse.io/imports/languages' successfully

2019-01-31 15:37:09 - [MESSAGE][PASSED] - Navigate to 'https://am-automation-test.dev.epulse.io/imports/languages' successfully

2019-01-31 15:37:09 - [TEST_STEP][PASSED] - delay(1): Delayed 1 second(s)

2019-01-31 15:37:10 - [MESSAGE][PASSED] - Delayed 1 second(s)

2019-01-31 15:37:10 - [TEST_STEP][PASSED] - setText(findTestObject("Admin Console ePulse Menu/Account Settings/Prompts/Import Prompts Buttons/Choose File"), "/Users/alonzomack/Downloads/Automation uploads/languages.csv"): Text '/Users/alonzomack/Downloads/Automation uploads/languages.csv' is set on object 'Object Repository/Admin Console ePulse Menu/Account Settings/Prompts/Import Prompts Buttons/Choose File'

2019-01-31 15:37:10 - [MESSAGE][PASSED] - Text '/Users/alonzomack/Downloads/Automation uploads/languages.csv' is set on object 'Object Repository/Admin Console ePulse Menu/Account Settings/Prompts/Import Prompts Buttons/Choose File'

2019-01-31 15:37:10 - [TEST_STEP][PASSED] - click(findTestObject("Admin Console ePulse Menu/Account Settings/Prompts/Import Prompts Buttons/Continue Button")): Object: 'Object Repository/Admin Console ePulse Menu/Account Settings/Prompts/Import Prompts Buttons/Continue Button' is clicked on

2019-01-31 15:37:10 - [MESSAGE][PASSED] - Object: 'Object Repository/Admin Console ePulse Menu/Account Settings/Prompts/Import Prompts Buttons/Continue Button' is clicked on

2019-01-31 15:37:10 - [TEST_STEP][PASSED] - delay(1): Delayed 1 second(s)

2019-01-31 15:37:11 - [MESSAGE][PASSED] - Delayed 1 second(s)

2019-01-31 15:37:11 - [TEST_STEP][FAILED] - click(findTestObject("Admin Console ePulse Menu/Account Settings/Prompts/Import Prompts Buttons/button_Done(working)")): click(findTestObject("Admin Console ePulse Menu/Account Settings/Prompts/Import Prompts Buttons/button_Done(working)")) FAILED.
Reason:
com.kms.katalon.core.exception.StepFailedException: Unable to click on object 'Object Repository/Admin Console ePulse Menu/Account Settings/Prompts/Import Prompts Buttons/button_Done(working)' (Root cause: com.kms.katalon.core.webui.exception.WebElementNotFoundException: Web element with id: 'Object Repository/Admin Console ePulse Menu/Account Settings/Prompts/Import Prompts Buttons/button_Done(working)' located by 'By.xpath: (.//*[normalize-space(text()) and normalize-space(.)='Done!'])[1]/following::button[1]' not found)
	at com.kms.katalon.core.keyword.internal.KeywordMain.stepFailed(KeywordMain.groovy:36)
	at com.kms.katalon.core.webui.keyword.internal.WebUIKeywordMain.stepFailed(WebUIKeywordMain.groovy:65)
	at com.kms.katalon.core.webui.keyword.internal.WebUIKeywordMain.runKeyword(WebUIKeywordMain.groovy:27)
	at com.kms.katalon.core.webui.keyword.builtin.ClickKeyword.click(ClickKeyword.groovy:86)
	at com.kms.katalon.core.webui.keyword.builtin.ClickKeyword.execute(ClickKeyword.groovy:67)
	at com.kms.katalon.core.keyword.internal.KeywordExecutor.executeKeywordForPlatform(KeywordExecutor.groovy:53)
	at com.kms.katalon.core.webui.keyword.WebUiBuiltInKeywords.click(WebUiBuiltInKeywords.groovy:616)
	at com.kms.katalon.core.webui.keyword.WebUiBuiltInKeywords$click$3.call(Unknown Source)
	at Languages - Import.run(Languages - Import:43)
	at com.kms.katalon.core.main.ScriptEngine.run(ScriptEngine.java:194)
	at com.kms.katalon.core.main.ScriptEngine.runScriptAsRawText(ScriptEngine.java:119)
	at com.kms.katalon.core.main.TestCaseExecutor.runScript(TestCaseExecutor.java:328)
	at com.kms.katalon.core.main.TestCaseExecutor.doExecute(TestCaseExecutor.java:319)
	at com.kms.katalon.core.main.TestCaseExecutor.processExecutionPhase(TestCaseExecutor.java:298)
	at com.kms.katalon.core.main.TestCaseExecutor.accessMainPhase(TestCaseExecutor.java:290)
	at com.kms.katalon.core.main.TestCaseExecutor.execute(TestCaseExecutor.java:224)
	at com.kms.katalon.core.main.TestSuiteExecutor.accessTestCaseMainPhase(TestSuiteExecutor.java:129)
	at com.kms.katalon.core.main.TestSuiteExecutor.accessTestSuiteMainPhase(TestSuiteExecutor.java:112)
	at com.kms.katalon.core.main.TestSuiteExecutor.execute(TestSuiteExecutor.java:81)
	at com.kms.katalon.core.main.TestCaseMain.startTestSuite(TestCaseMain.java:149)
	at com.kms.katalon.core.main.TestCaseMain$startTestSuite$0.call(Unknown Source)
	at TempTestSuite1548969729134.run(TempTestSuite1548969729134.groovy:36)


2019-01-31 15:37:27 - [MESSAGE][INFO] - Unable to find the element located by 'By.xpath: (.//*[normalize-space(text()) and normalize-space(.)='Done!'])[1]/following::button[1]'. Please recheck the objects properties to make sure the desired element is located. 

2019-01-31 15:37:27 - [MESSAGE][FAILED] - Unable to click on object 'Object Repository/Admin Console ePulse Menu/Account Settings/Prompts/Import Prompts Buttons/button_Done(working)' (Root cause: com.kms.katalon.core.webui.exception.WebElementNotFoundException: Web element with id: 'Object Repository/Admin Console ePulse Menu/Account Settings/Prompts/Import Prompts Buttons/button_Done(working)' located by 'By.xpath: (.//*[normalize-space(text()) and normalize-space(.)='Done!'])[1]/following::button[1]' not found)
[[ATTACHMENT|/Users/alonzomack/Katalon Studio/Regression/Reports/dev_staging ready/20190131_152208/1548970647334.png]]

2019-01-31 15:37:27 - [MESSAGE][FAILED] - click(findTestObject("Admin Console ePulse Menu/Account Settings/Prompts/Import Prompts Buttons/button_Done(working)")) FAILED.
Reason:
com.kms.katalon.core.exception.StepFailedException: Unable to click on object 'Object Repository/Admin Console ePulse Menu/Account Settings/Prompts/Import Prompts Buttons/button_Done(working)' (Root cause: com.kms.katalon.core.webui.exception.WebElementNotFoundException: Web element with id: 'Object Repository/Admin Console ePulse Menu/Account Settings/Prompts/Import Prompts Buttons/button_Done(working)' located by 'By.xpath: (.//*[normalize-space(text()) and normalize-space(.)='Done!'])[1]/following::button[1]' not found)
	at com.kms.katalon.core.keyword.internal.KeywordMain.stepFailed(KeywordMain.groovy:36)
	at com.kms.katalon.core.webui.keyword.internal.WebUIKeywordMain.stepFailed(WebUIKeywordMain.groovy:65)
	at com.kms.katalon.core.webui.keyword.internal.WebUIKeywordMain.runKeyword(WebUIKeywordMain.groovy:27)
	at com.kms.katalon.core.webui.keyword.builtin.ClickKeyword.click(ClickKeyword.groovy:86)
	at com.kms.katalon.core.webui.keyword.builtin.ClickKeyword.execute(ClickKeyword.groovy:67)
	at com.kms.katalon.core.keyword.internal.KeywordExecutor.executeKeywordForPlatform(KeywordExecutor.groovy:53)
	at com.kms.katalon.core.webui.keyword.WebUiBuiltInKeywords.click(WebUiBuiltInKeywords.groovy:616)
	at com.kms.katalon.core.webui.keyword.WebUiBuiltInKeywords$click$3.call(Unknown Source)
	at Languages - Import.run(Languages - Import:43)
	at com.kms.katalon.core.main.ScriptEngine.run(ScriptEngine.java:194)
	at com.kms.katalon.core.main.ScriptEngine.runScriptAsRawText(ScriptEngine.java:119)
	at com.kms.katalon.core.main.TestCaseExecutor.runScript(TestCaseExecutor.java:328)
	at com.kms.katalon.core.main.TestCaseExecutor.doExecute(TestCaseExecutor.java:319)
	at com.kms.katalon.core.main.TestCaseExecutor.processExecutionPhase(TestCaseExecutor.java:298)
	at com.kms.katalon.core.main.TestCaseExecutor.accessMainPhase(TestCaseExecutor.java:290)
	at com.kms.katalon.core.main.TestCaseExecutor.execute(TestCaseExecutor.java:224)
	at com.kms.katalon.core.main.TestSuiteExecutor.accessTestCaseMainPhase(TestSuiteExecutor.java:129)
	at com.kms.katalon.core.main.TestSuiteExecutor.accessTestSuiteMainPhase(TestSuiteExecutor.java:112)
	at com.kms.katalon.core.main.TestSuiteExecutor.execute(TestSuiteExecutor.java:81)
	at com.kms.katalon.core.main.TestCaseMain.startTestSuite(TestCaseMain.java:149)
	at com.kms.katalon.core.main.TestCaseMain$startTestSuite$0.call(Unknown Source)
	at TempTestSuite1548969729134.run(TempTestSuite1548969729134.groovy:36)]]></system-out>
         <system-err><![CDATA[2019-01-31 15:37:04 - [TEST_CASE][FAILED] - Test Cases/Admin Console/Account Settings/Languages/Languages - Import: Test Cases/Admin Console/Account Settings/Languages/Languages - Import FAILED.
Reason:
com.kms.katalon.core.exception.StepFailedException: Unable to click on object 'Object Repository/Admin Console ePulse Menu/Account Settings/Prompts/Import Prompts Buttons/button_Done(working)' (Root cause: com.kms.katalon.core.webui.exception.WebElementNotFoundException: Web element with id: 'Object Repository/Admin Console ePulse Menu/Account Settings/Prompts/Import Prompts Buttons/button_Done(working)' located by 'By.xpath: (.//*[normalize-space(text()) and normalize-space(.)='Done!'])[1]/following::button[1]' not found)
	at com.kms.katalon.core.keyword.internal.KeywordMain.stepFailed(KeywordMain.groovy:36)
	at com.kms.katalon.core.webui.keyword.internal.WebUIKeywordMain.stepFailed(WebUIKeywordMain.groovy:65)
	at com.kms.katalon.core.webui.keyword.internal.WebUIKeywordMain.runKeyword(WebUIKeywordMain.groovy:27)
	at com.kms.katalon.core.webui.keyword.builtin.ClickKeyword.click(ClickKeyword.groovy:86)
	at com.kms.katalon.core.webui.keyword.builtin.ClickKeyword.execute(ClickKeyword.groovy:67)
	at com.kms.katalon.core.keyword.internal.KeywordExecutor.executeKeywordForPlatform(KeywordExecutor.groovy:53)
	at com.kms.katalon.core.webui.keyword.WebUiBuiltInKeywords.click(WebUiBuiltInKeywords.groovy:616)
	at com.kms.katalon.core.webui.keyword.WebUiBuiltInKeywords$click$3.call(Unknown Source)
	at Languages - Import.run(Languages - Import:43)
	at com.kms.katalon.core.main.ScriptEngine.run(ScriptEngine.java:194)
	at com.kms.katalon.core.main.ScriptEngine.runScriptAsRawText(ScriptEngine.java:119)
	at com.kms.katalon.core.main.TestCaseExecutor.runScript(TestCaseExecutor.java:328)
	at com.kms.katalon.core.main.TestCaseExecutor.doExecute(TestCaseExecutor.java:319)
	at com.kms.katalon.core.main.TestCaseExecutor.processExecutionPhase(TestCaseExecutor.java:298)
	at com.kms.katalon.core.main.TestCaseExecutor.accessMainPhase(TestCaseExecutor.java:290)
	at com.kms.katalon.core.main.TestCaseExecutor.execute(TestCaseExecutor.java:224)
	at com.kms.katalon.core.main.TestSuiteExecutor.accessTestCaseMainPhase(TestSuiteExecutor.java:129)
	at com.kms.katalon.core.main.TestSuiteExecutor.accessTestSuiteMainPhase(TestSuiteExecutor.java:112)
	at com.kms.katalon.core.main.TestSuiteExecutor.execute(TestSuiteExecutor.java:81)
	at com.kms.katalon.core.main.TestCaseMain.startTestSuite(TestCaseMain.java:149)
	at com.kms.katalon.core.main.TestCaseMain$startTestSuite$0.call(Unknown Source)
	at TempTestSuite1548969729134.run(TempTestSuite1548969729134.groovy:36)]]></system-err>
      </testcase>
      <testcase name="Test Cases/Admin Console/Account Settings/Poll Pad Setup()/Poll Pad Setup - Demo DB" classname="Test Cases/Admin Console/Account Settings/Poll Pad Setup()/Poll Pad Setup - Demo DB" status="PASSED">
         <system-out><![CDATA[2019-01-31 15:37:29 - [TEST_CASE][PASSED] - Test Cases/Admin Console/Account Settings/Poll Pad Setup()/Poll Pad Setup - Demo DB: Test Cases/Admin Console/Account Settings/Poll Pad Setup()/Poll Pad Setup - Demo DB

2019-01-31 15:37:29 - [TEST_STEP][PASSED] - openBrowser(""): Browser is opened with url: ''

2019-01-31 15:37:29 - [MESSAGE][WARNING] - A browser is already opened. Closing browser and opening a new one

2019-01-31 15:37:30 - [MESSAGE][INFO] - Starting 'Chrome' driver

2019-01-31 15:37:31 - [MESSAGE][PASSED] - Browser is opened with url: ''

2019-01-31 15:37:31 - [TEST_STEP][PASSED] - navigateToUrl(URL): Navigate to 'https://dev.epulse.io' successfully

2019-01-31 15:37:32 - [MESSAGE][PASSED] - Navigate to 'https://dev.epulse.io' successfully

2019-01-31 15:37:32 - [TEST_STEP][PASSED] - setText(findTestObject("Login/Email Address"), User_email): Text 'alonzo.mack@knowink.com' is set on object 'Object Repository/Login/Email Address'

2019-01-31 15:37:32 - [MESSAGE][PASSED] - Text 'alonzo.mack@knowink.com' is set on object 'Object Repository/Login/Email Address'

2019-01-31 15:37:32 - [TEST_STEP][PASSED] - setEncryptedText(findTestObject("Login/Password"), Pswrd): Text ****** has been set on object 'Object Repository/Login/Password'

2019-01-31 15:37:32 - [MESSAGE][PASSED] - Text ****** has been set on object 'Object Repository/Login/Password'

2019-01-31 15:37:32 - [TEST_STEP][PASSED] - click(findTestObject("Login/Sign In")): Object: 'Object Repository/Login/Sign In' is clicked on

2019-01-31 15:37:33 - [MESSAGE][PASSED] - Object: 'Object Repository/Login/Sign In' is clicked on

2019-01-31 15:37:33 - [TEST_STEP][PASSED] - delay(1): Delayed 1 second(s)

2019-01-31 15:37:34 - [MESSAGE][PASSED] - Delayed 1 second(s)

2019-01-31 15:37:34 - [TEST_STEP][PASSED] - navigateToUrl(Demo_DB): Navigate to 'https://am-automation-test.dev.epulse.io/account_settings/poll_pad' successfully

2019-01-31 15:37:35 - [MESSAGE][PASSED] - Navigate to 'https://am-automation-test.dev.epulse.io/account_settings/poll_pad' successfully

2019-01-31 15:37:35 - [TEST_STEP][PASSED] - click(findTestObject("Admin Console ePulse Menu/Account Settings/Poll Pad Setup/Demo Db")): Object: 'Object Repository/Admin Console ePulse Menu/Account Settings/Poll Pad Setup/Demo Db' is clicked on

2019-01-31 15:37:36 - [MESSAGE][PASSED] - Object: 'Object Repository/Admin Console ePulse Menu/Account Settings/Poll Pad Setup/Demo Db' is clicked on

2019-01-31 15:37:36 - [TEST_STEP][PASSED] - delay(1): Delayed 1 second(s)

2019-01-31 15:37:37 - [MESSAGE][PASSED] - Delayed 1 second(s)

2019-01-31 15:37:37 - [TEST_STEP][PASSED] - setText(findTestObject("Admin Console ePulse Menu/Account Settings/Poll Pad Setup/DEMO DB/Demo DB Name"), "Demo DB"): Text 'Demo DB' is set on object 'Object Repository/Admin Console ePulse Menu/Account Settings/Poll Pad Setup/DEMO DB/Demo DB Name'

2019-01-31 15:37:37 - [MESSAGE][PASSED] - Text 'Demo DB' is set on object 'Object Repository/Admin Console ePulse Menu/Account Settings/Poll Pad Setup/DEMO DB/Demo DB Name'

2019-01-31 15:37:37 - [TEST_STEP][PASSED] - delay(1): Delayed 1 second(s)

2019-01-31 15:37:38 - [MESSAGE][PASSED] - Delayed 1 second(s)

2019-01-31 15:37:38 - [TEST_STEP][NOT_RUN] - selectOptionByValue(findTestObject("Admin Console ePulse Menu/Account Settings/Poll Pad Setup/DEMO DB/Select Poll Pad Configuration"), "Test2", true): NOT_RUN: selectOptionByValue(findTestObject("Admin Console ePulse Menu/Account Settings/Poll Pad Setup/DEMO DB/Select Poll Pad Configuration"), "Test2", true)

2019-01-31 15:37:38 - [MESSAGE][NOT_RUN] - NOT_RUN: selectOptionByValue(findTestObject("Admin Console ePulse Menu/Account Settings/Poll Pad Setup/DEMO DB/Select Poll Pad Configuration"), "Test2", true)

2019-01-31 15:37:38 - [TEST_STEP][NOT_RUN] - selectOptionByIndex(findTestObject("Admin Console ePulse Menu/Account Settings/Poll Pad Setup/DEMO DB/Polling Place dropdown"), 2): NOT_RUN: selectOptionByIndex(findTestObject("Admin Console ePulse Menu/Account Settings/Poll Pad Setup/DEMO DB/Polling Place dropdown"), 2)

2019-01-31 15:37:38 - [MESSAGE][NOT_RUN] - NOT_RUN: selectOptionByIndex(findTestObject("Admin Console ePulse Menu/Account Settings/Poll Pad Setup/DEMO DB/Polling Place dropdown"), 2)

2019-01-31 15:37:38 - [TEST_STEP][PASSED] - click(findTestObject("Admin Console ePulse Menu/Account Settings/Poll Pad Setup/DEMO DB/Create Demo DB button")): Object: 'Object Repository/Admin Console ePulse Menu/Account Settings/Poll Pad Setup/DEMO DB/Create Demo DB button' is clicked on

2019-01-31 15:37:38 - [MESSAGE][PASSED] - Object: 'Object Repository/Admin Console ePulse Menu/Account Settings/Poll Pad Setup/DEMO DB/Create Demo DB button' is clicked on

2019-01-31 15:37:38 - [TEST_STEP][PASSED] - verifyTextPresent("Demo DB   processing...", true): Text 'Demo DB   processing...' is present on page  using regular expression

2019-01-31 15:37:39 - [MESSAGE][PASSED] - Text 'Demo DB   processing...' is present on page  using regular expression

2019-01-31 15:37:39 - [TEST_STEP][PASSED] - delay(120): Delayed 120 second(s)

2019-01-31 15:39:39 - [MESSAGE][PASSED] - Delayed 120 second(s)

2019-01-31 15:39:39 - [TEST_STEP][PASSED] - refresh(): Refresh successfully

2019-01-31 15:39:39 - [MESSAGE][PASSED] - Refresh successfully

2019-01-31 15:39:39 - [TEST_STEP][PASSED] - verifyTextPresent("Demo DB   created on:", true): Text 'Demo DB   created on:' is present on page  using regular expression

2019-01-31 15:39:39 - [MESSAGE][PASSED] - Text 'Demo DB   created on:' is present on page  using regular expression

2019-01-31 15:39:39 - [TEST_STEP][PASSED] - delay(1): Delayed 1 second(s)

2019-01-31 15:39:40 - [MESSAGE][PASSED] - Delayed 1 second(s)

2019-01-31 15:39:40 - [TEST_STEP][PASSED] - closeBrowser(): Browser is closed

2019-01-31 15:39:40 - [MESSAGE][PASSED] - Browser is closed]]></system-out>
         <system-err><![CDATA[]]></system-err>
      </testcase>
      <testcase name="Test Cases/Admin Console/Account Settings/Poll Pad Setup()/Poll Pad Setup - ISYNC" classname="Test Cases/Admin Console/Account Settings/Poll Pad Setup()/Poll Pad Setup - ISYNC" status="FAILED">
         <failure type="FAILED" message="Test Cases/Admin Console/Account Settings/Poll Pad Setup()/Poll Pad Setup - ISYNC FAILED.
Reason:
com.kms.katalon.core.exception.StepFailedException: Unable to click on object 'Object Repository/Admin Console ePulse Menu/Account Settings/Poll Pad Setup/ISYNC/DOWNLOAD' (Root cause: com.kms.katalon.core.webui.exception.WebElementNotFoundException: Web element with id: 'Object Repository/Admin Console ePulse Menu/Account Settings/Poll Pad Setup/ISYNC/DOWNLOAD' located by 'By.xpath: //div[@id='isync_files_table']/table/tbody/tr[2]/td[3]/a' not found)
	at com.kms.katalon.core.keyword.internal.KeywordMain.stepFailed(KeywordMain.groovy:36)
	at com.kms.katalon.core.webui.keyword.internal.WebUIKeywordMain.stepFailed(WebUIKeywordMain.groovy:65)
	at com.kms.katalon.core.webui.keyword.internal.WebUIKeywordMain.runKeyword(WebUIKeywordMain.groovy:27)
	at com.kms.katalon.core.webui.keyword.builtin.ClickKeyword.click(ClickKeyword.groovy:86)
	at com.kms.katalon.core.webui.keyword.builtin.ClickKeyword.execute(ClickKeyword.groovy:67)
	at com.kms.katalon.core.keyword.internal.KeywordExecutor.executeKeywordForPlatform(KeywordExecutor.groovy:53)
	at com.kms.katalon.core.webui.keyword.WebUiBuiltInKeywords.click(WebUiBuiltInKeywords.groovy:616)
	at com.kms.katalon.core.webui.keyword.WebUiBuiltInKeywords$click$3.call(Unknown Source)
	at Poll Pad Setup - ISYNC.run(Poll Pad Setup - ISYNC:41)
	at com.kms.katalon.core.main.ScriptEngine.run(ScriptEngine.java:194)
	at com.kms.katalon.core.main.ScriptEngine.runScriptAsRawText(ScriptEngine.java:119)
	at com.kms.katalon.core.main.TestCaseExecutor.runScript(TestCaseExecutor.java:328)
	at com.kms.katalon.core.main.TestCaseExecutor.doExecute(TestCaseExecutor.java:319)
	at com.kms.katalon.core.main.TestCaseExecutor.processExecutionPhase(TestCaseExecutor.java:298)
	at com.kms.katalon.core.main.TestCaseExecutor.accessMainPhase(TestCaseExecutor.java:290)
	at com.kms.katalon.core.main.TestCaseExecutor.execute(TestCaseExecutor.java:224)
	at com.kms.katalon.core.main.TestSuiteExecutor.accessTestCaseMainPhase(TestSuiteExecutor.java:129)
	at com.kms.katalon.core.main.TestSuiteExecutor.accessTestSuiteMainPhase(TestSuiteExecutor.java:112)
	at com.kms.katalon.core.main.TestSuiteExecutor.execute(TestSuiteExecutor.java:81)
	at com.kms.katalon.core.main.TestCaseMain.startTestSuite(TestCaseMain.java:149)
	at com.kms.katalon.core.main.TestCaseMain$startTestSuite$0.call(Unknown Source)
	at TempTestSuite1548969729134.run(TempTestSuite1548969729134.groovy:36)
"/>
         <system-out><![CDATA[2019-01-31 15:39:43 - [TEST_CASE][FAILED] - Test Cases/Admin Console/Account Settings/Poll Pad Setup()/Poll Pad Setup - ISYNC: Test Cases/Admin Console/Account Settings/Poll Pad Setup()/Poll Pad Setup - ISYNC FAILED.
Reason:
com.kms.katalon.core.exception.StepFailedException: Unable to click on object 'Object Repository/Admin Console ePulse Menu/Account Settings/Poll Pad Setup/ISYNC/DOWNLOAD' (Root cause: com.kms.katalon.core.webui.exception.WebElementNotFoundException: Web element with id: 'Object Repository/Admin Console ePulse Menu/Account Settings/Poll Pad Setup/ISYNC/DOWNLOAD' located by 'By.xpath: //div[@id='isync_files_table']/table/tbody/tr[2]/td[3]/a' not found)
	at com.kms.katalon.core.keyword.internal.KeywordMain.stepFailed(KeywordMain.groovy:36)
	at com.kms.katalon.core.webui.keyword.internal.WebUIKeywordMain.stepFailed(WebUIKeywordMain.groovy:65)
	at com.kms.katalon.core.webui.keyword.internal.WebUIKeywordMain.runKeyword(WebUIKeywordMain.groovy:27)
	at com.kms.katalon.core.webui.keyword.builtin.ClickKeyword.click(ClickKeyword.groovy:86)
	at com.kms.katalon.core.webui.keyword.builtin.ClickKeyword.execute(ClickKeyword.groovy:67)
	at com.kms.katalon.core.keyword.internal.KeywordExecutor.executeKeywordForPlatform(KeywordExecutor.groovy:53)
	at com.kms.katalon.core.webui.keyword.WebUiBuiltInKeywords.click(WebUiBuiltInKeywords.groovy:616)
	at com.kms.katalon.core.webui.keyword.WebUiBuiltInKeywords$click$3.call(Unknown Source)
	at Poll Pad Setup - ISYNC.run(Poll Pad Setup - ISYNC:41)
	at com.kms.katalon.core.main.ScriptEngine.run(ScriptEngine.java:194)
	at com.kms.katalon.core.main.ScriptEngine.runScriptAsRawText(ScriptEngine.java:119)
	at com.kms.katalon.core.main.TestCaseExecutor.runScript(TestCaseExecutor.java:328)
	at com.kms.katalon.core.main.TestCaseExecutor.doExecute(TestCaseExecutor.java:319)
	at com.kms.katalon.core.main.TestCaseExecutor.processExecutionPhase(TestCaseExecutor.java:298)
	at com.kms.katalon.core.main.TestCaseExecutor.accessMainPhase(TestCaseExecutor.java:290)
	at com.kms.katalon.core.main.TestCaseExecutor.execute(TestCaseExecutor.java:224)
	at com.kms.katalon.core.main.TestSuiteExecutor.accessTestCaseMainPhase(TestSuiteExecutor.java:129)
	at com.kms.katalon.core.main.TestSuiteExecutor.accessTestSuiteMainPhase(TestSuiteExecutor.java:112)
	at com.kms.katalon.core.main.TestSuiteExecutor.execute(TestSuiteExecutor.java:81)
	at com.kms.katalon.core.main.TestCaseMain.startTestSuite(TestCaseMain.java:149)
	at com.kms.katalon.core.main.TestCaseMain$startTestSuite$0.call(Unknown Source)
	at TempTestSuite1548969729134.run(TempTestSuite1548969729134.groovy:36)


2019-01-31 15:39:43 - [TEST_STEP][PASSED] - openBrowser(""): Browser is opened with url: ''

2019-01-31 15:39:43 - [MESSAGE][INFO] - Starting 'Chrome' driver

2019-01-31 15:39:44 - [MESSAGE][PASSED] - Browser is opened with url: ''

2019-01-31 15:39:44 - [TEST_STEP][PASSED] - navigateToUrl(URL): Navigate to 'https://dev.epulse.io' successfully

2019-01-31 15:39:45 - [MESSAGE][PASSED] - Navigate to 'https://dev.epulse.io' successfully

2019-01-31 15:39:45 - [TEST_STEP][PASSED] - setText(findTestObject("Login/Email Address"), User_email): Text 'alonzo.mack@knowink.com' is set on object 'Object Repository/Login/Email Address'

2019-01-31 15:39:45 - [MESSAGE][PASSED] - Text 'alonzo.mack@knowink.com' is set on object 'Object Repository/Login/Email Address'

2019-01-31 15:39:45 - [TEST_STEP][PASSED] - setEncryptedText(findTestObject("Login/Password"), Pswrd): Text ****** has been set on object 'Object Repository/Login/Password'

2019-01-31 15:39:45 - [MESSAGE][PASSED] - Text ****** has been set on object 'Object Repository/Login/Password'

2019-01-31 15:39:45 - [TEST_STEP][PASSED] - click(findTestObject("Login/Sign In")): Object: 'Object Repository/Login/Sign In' is clicked on

2019-01-31 15:39:46 - [MESSAGE][PASSED] - Object: 'Object Repository/Login/Sign In' is clicked on

2019-01-31 15:39:46 - [TEST_STEP][PASSED] - delay(1): Delayed 1 second(s)

2019-01-31 15:39:47 - [MESSAGE][PASSED] - Delayed 1 second(s)

2019-01-31 15:39:47 - [TEST_STEP][PASSED] - navigateToUrl(iSync): Navigate to 'https://am-automation-test.dev.epulse.io/account_settings/poll_pad' successfully

2019-01-31 15:39:48 - [MESSAGE][PASSED] - Navigate to 'https://am-automation-test.dev.epulse.io/account_settings/poll_pad' successfully

2019-01-31 15:39:48 - [TEST_STEP][PASSED] - click(findTestObject("Admin Console ePulse Menu/Account Settings/Poll Pad Setup/Isync")): Object: 'Object Repository/Admin Console ePulse Menu/Account Settings/Poll Pad Setup/Isync' is clicked on

2019-01-31 15:39:48 - [MESSAGE][PASSED] - Object: 'Object Repository/Admin Console ePulse Menu/Account Settings/Poll Pad Setup/Isync' is clicked on

2019-01-31 15:39:48 - [TEST_STEP][PASSED] - click(findTestObject("Admin Console ePulse Menu/Account Settings/Poll Pad Setup/ISYNC/Generate New button")): Object: 'Object Repository/Admin Console ePulse Menu/Account Settings/Poll Pad Setup/ISYNC/Generate New button' is clicked on

2019-01-31 15:39:48 - [MESSAGE][PASSED] - Object: 'Object Repository/Admin Console ePulse Menu/Account Settings/Poll Pad Setup/ISYNC/Generate New button' is clicked on

2019-01-31 15:39:48 - [TEST_STEP][PASSED] - delay(10): Delayed 10 second(s)

2019-01-31 15:39:58 - [MESSAGE][PASSED] - Delayed 10 second(s)

2019-01-31 15:39:58 - [TEST_STEP][FAILED] - click(findTestObject("Admin Console ePulse Menu/Account Settings/Poll Pad Setup/ISYNC/DOWNLOAD")): click(findTestObject("Admin Console ePulse Menu/Account Settings/Poll Pad Setup/ISYNC/DOWNLOAD")) FAILED.
Reason:
com.kms.katalon.core.exception.StepFailedException: Unable to click on object 'Object Repository/Admin Console ePulse Menu/Account Settings/Poll Pad Setup/ISYNC/DOWNLOAD' (Root cause: com.kms.katalon.core.webui.exception.WebElementNotFoundException: Web element with id: 'Object Repository/Admin Console ePulse Menu/Account Settings/Poll Pad Setup/ISYNC/DOWNLOAD' located by 'By.xpath: //div[@id='isync_files_table']/table/tbody/tr[2]/td[3]/a' not found)
	at com.kms.katalon.core.keyword.internal.KeywordMain.stepFailed(KeywordMain.groovy:36)
	at com.kms.katalon.core.webui.keyword.internal.WebUIKeywordMain.stepFailed(WebUIKeywordMain.groovy:65)
	at com.kms.katalon.core.webui.keyword.internal.WebUIKeywordMain.runKeyword(WebUIKeywordMain.groovy:27)
	at com.kms.katalon.core.webui.keyword.builtin.ClickKeyword.click(ClickKeyword.groovy:86)
	at com.kms.katalon.core.webui.keyword.builtin.ClickKeyword.execute(ClickKeyword.groovy:67)
	at com.kms.katalon.core.keyword.internal.KeywordExecutor.executeKeywordForPlatform(KeywordExecutor.groovy:53)
	at com.kms.katalon.core.webui.keyword.WebUiBuiltInKeywords.click(WebUiBuiltInKeywords.groovy:616)
	at com.kms.katalon.core.webui.keyword.WebUiBuiltInKeywords$click$3.call(Unknown Source)
	at Poll Pad Setup - ISYNC.run(Poll Pad Setup - ISYNC:41)
	at com.kms.katalon.core.main.ScriptEngine.run(ScriptEngine.java:194)
	at com.kms.katalon.core.main.ScriptEngine.runScriptAsRawText(ScriptEngine.java:119)
	at com.kms.katalon.core.main.TestCaseExecutor.runScript(TestCaseExecutor.java:328)
	at com.kms.katalon.core.main.TestCaseExecutor.doExecute(TestCaseExecutor.java:319)
	at com.kms.katalon.core.main.TestCaseExecutor.processExecutionPhase(TestCaseExecutor.java:298)
	at com.kms.katalon.core.main.TestCaseExecutor.accessMainPhase(TestCaseExecutor.java:290)
	at com.kms.katalon.core.main.TestCaseExecutor.execute(TestCaseExecutor.java:224)
	at com.kms.katalon.core.main.TestSuiteExecutor.accessTestCaseMainPhase(TestSuiteExecutor.java:129)
	at com.kms.katalon.core.main.TestSuiteExecutor.accessTestSuiteMainPhase(TestSuiteExecutor.java:112)
	at com.kms.katalon.core.main.TestSuiteExecutor.execute(TestSuiteExecutor.java:81)
	at com.kms.katalon.core.main.TestCaseMain.startTestSuite(TestCaseMain.java:149)
	at com.kms.katalon.core.main.TestCaseMain$startTestSuite$0.call(Unknown Source)
	at TempTestSuite1548969729134.run(TempTestSuite1548969729134.groovy:36)


2019-01-31 15:40:13 - [MESSAGE][INFO] - Unable to find the element located by 'By.xpath: //div[@id='isync_files_table']/table/tbody/tr[2]/td[3]/a'. Please recheck the objects properties to make sure the desired element is located. 

2019-01-31 15:40:14 - [MESSAGE][FAILED] - Unable to click on object 'Object Repository/Admin Console ePulse Menu/Account Settings/Poll Pad Setup/ISYNC/DOWNLOAD' (Root cause: com.kms.katalon.core.webui.exception.WebElementNotFoundException: Web element with id: 'Object Repository/Admin Console ePulse Menu/Account Settings/Poll Pad Setup/ISYNC/DOWNLOAD' located by 'By.xpath: //div[@id='isync_files_table']/table/tbody/tr[2]/td[3]/a' not found)
[[ATTACHMENT|/Users/alonzomack/Katalon Studio/Regression/Reports/dev_staging ready/20190131_152208/1548970813923.png]]

2019-01-31 15:40:14 - [MESSAGE][FAILED] - click(findTestObject("Admin Console ePulse Menu/Account Settings/Poll Pad Setup/ISYNC/DOWNLOAD")) FAILED.
Reason:
com.kms.katalon.core.exception.StepFailedException: Unable to click on object 'Object Repository/Admin Console ePulse Menu/Account Settings/Poll Pad Setup/ISYNC/DOWNLOAD' (Root cause: com.kms.katalon.core.webui.exception.WebElementNotFoundException: Web element with id: 'Object Repository/Admin Console ePulse Menu/Account Settings/Poll Pad Setup/ISYNC/DOWNLOAD' located by 'By.xpath: //div[@id='isync_files_table']/table/tbody/tr[2]/td[3]/a' not found)
	at com.kms.katalon.core.keyword.internal.KeywordMain.stepFailed(KeywordMain.groovy:36)
	at com.kms.katalon.core.webui.keyword.internal.WebUIKeywordMain.stepFailed(WebUIKeywordMain.groovy:65)
	at com.kms.katalon.core.webui.keyword.internal.WebUIKeywordMain.runKeyword(WebUIKeywordMain.groovy:27)
	at com.kms.katalon.core.webui.keyword.builtin.ClickKeyword.click(ClickKeyword.groovy:86)
	at com.kms.katalon.core.webui.keyword.builtin.ClickKeyword.execute(ClickKeyword.groovy:67)
	at com.kms.katalon.core.keyword.internal.KeywordExecutor.executeKeywordForPlatform(KeywordExecutor.groovy:53)
	at com.kms.katalon.core.webui.keyword.WebUiBuiltInKeywords.click(WebUiBuiltInKeywords.groovy:616)
	at com.kms.katalon.core.webui.keyword.WebUiBuiltInKeywords$click$3.call(Unknown Source)
	at Poll Pad Setup - ISYNC.run(Poll Pad Setup - ISYNC:41)
	at com.kms.katalon.core.main.ScriptEngine.run(ScriptEngine.java:194)
	at com.kms.katalon.core.main.ScriptEngine.runScriptAsRawText(ScriptEngine.java:119)
	at com.kms.katalon.core.main.TestCaseExecutor.runScript(TestCaseExecutor.java:328)
	at com.kms.katalon.core.main.TestCaseExecutor.doExecute(TestCaseExecutor.java:319)
	at com.kms.katalon.core.main.TestCaseExecutor.processExecutionPhase(TestCaseExecutor.java:298)
	at com.kms.katalon.core.main.TestCaseExecutor.accessMainPhase(TestCaseExecutor.java:290)
	at com.kms.katalon.core.main.TestCaseExecutor.execute(TestCaseExecutor.java:224)
	at com.kms.katalon.core.main.TestSuiteExecutor.accessTestCaseMainPhase(TestSuiteExecutor.java:129)
	at com.kms.katalon.core.main.TestSuiteExecutor.accessTestSuiteMainPhase(TestSuiteExecutor.java:112)
	at com.kms.katalon.core.main.TestSuiteExecutor.execute(TestSuiteExecutor.java:81)
	at com.kms.katalon.core.main.TestCaseMain.startTestSuite(TestCaseMain.java:149)
	at com.kms.katalon.core.main.TestCaseMain$startTestSuite$0.call(Unknown Source)
	at TempTestSuite1548969729134.run(TempTestSuite1548969729134.groovy:36)]]></system-out>
         <system-err><![CDATA[2019-01-31 15:39:43 - [TEST_CASE][FAILED] - Test Cases/Admin Console/Account Settings/Poll Pad Setup()/Poll Pad Setup - ISYNC: Test Cases/Admin Console/Account Settings/Poll Pad Setup()/Poll Pad Setup - ISYNC FAILED.
Reason:
com.kms.katalon.core.exception.StepFailedException: Unable to click on object 'Object Repository/Admin Console ePulse Menu/Account Settings/Poll Pad Setup/ISYNC/DOWNLOAD' (Root cause: com.kms.katalon.core.webui.exception.WebElementNotFoundException: Web element with id: 'Object Repository/Admin Console ePulse Menu/Account Settings/Poll Pad Setup/ISYNC/DOWNLOAD' located by 'By.xpath: //div[@id='isync_files_table']/table/tbody/tr[2]/td[3]/a' not found)
	at com.kms.katalon.core.keyword.internal.KeywordMain.stepFailed(KeywordMain.groovy:36)
	at com.kms.katalon.core.webui.keyword.internal.WebUIKeywordMain.stepFailed(WebUIKeywordMain.groovy:65)
	at com.kms.katalon.core.webui.keyword.internal.WebUIKeywordMain.runKeyword(WebUIKeywordMain.groovy:27)
	at com.kms.katalon.core.webui.keyword.builtin.ClickKeyword.click(ClickKeyword.groovy:86)
	at com.kms.katalon.core.webui.keyword.builtin.ClickKeyword.execute(ClickKeyword.groovy:67)
	at com.kms.katalon.core.keyword.internal.KeywordExecutor.executeKeywordForPlatform(KeywordExecutor.groovy:53)
	at com.kms.katalon.core.webui.keyword.WebUiBuiltInKeywords.click(WebUiBuiltInKeywords.groovy:616)
	at com.kms.katalon.core.webui.keyword.WebUiBuiltInKeywords$click$3.call(Unknown Source)
	at Poll Pad Setup - ISYNC.run(Poll Pad Setup - ISYNC:41)
	at com.kms.katalon.core.main.ScriptEngine.run(ScriptEngine.java:194)
	at com.kms.katalon.core.main.ScriptEngine.runScriptAsRawText(ScriptEngine.java:119)
	at com.kms.katalon.core.main.TestCaseExecutor.runScript(TestCaseExecutor.java:328)
	at com.kms.katalon.core.main.TestCaseExecutor.doExecute(TestCaseExecutor.java:319)
	at com.kms.katalon.core.main.TestCaseExecutor.processExecutionPhase(TestCaseExecutor.java:298)
	at com.kms.katalon.core.main.TestCaseExecutor.accessMainPhase(TestCaseExecutor.java:290)
	at com.kms.katalon.core.main.TestCaseExecutor.execute(TestCaseExecutor.java:224)
	at com.kms.katalon.core.main.TestSuiteExecutor.accessTestCaseMainPhase(TestSuiteExecutor.java:129)
	at com.kms.katalon.core.main.TestSuiteExecutor.accessTestSuiteMainPhase(TestSuiteExecutor.java:112)
	at com.kms.katalon.core.main.TestSuiteExecutor.execute(TestSuiteExecutor.java:81)
	at com.kms.katalon.core.main.TestCaseMain.startTestSuite(TestCaseMain.java:149)
	at com.kms.katalon.core.main.TestCaseMain$startTestSuite$0.call(Unknown Source)
	at TempTestSuite1548969729134.run(TempTestSuite1548969729134.groovy:36)]]></system-err>
      </testcase>
      <system-out><![CDATA[2019-01-31 15:22:12 - [TEST_SUITE][FAILED] - dev_staging ready: Test Cases/Admin Console/Poll Pads/Poll Pad - Configuration()/Poll Pad Configuration - Import FAILED.
Reason:
com.kms.katalon.core.exception.StepFailedException: Unable to click on object 'Object Repository/Common ePulse Objects/button_Done(working)' (Root cause: com.kms.katalon.core.webui.exception.WebElementNotFoundException: Web element with id: 'Object Repository/Common ePulse Objects/button_Done(working)' located by 'By.xpath: (.//*[normalize-space(text()) and normalize-space(.)='Done!'])[1]/following::button[1]' not found)
	at com.kms.katalon.core.keyword.internal.KeywordMain.stepFailed(KeywordMain.groovy:36)
	at com.kms.katalon.core.webui.keyword.internal.WebUIKeywordMain.stepFailed(WebUIKeywordMain.groovy:65)
	at com.kms.katalon.core.webui.keyword.internal.WebUIKeywordMain.runKeyword(WebUIKeywordMain.groovy:27)
	at com.kms.katalon.core.webui.keyword.builtin.ClickKeyword.click(ClickKeyword.groovy:86)
	at com.kms.katalon.core.webui.keyword.builtin.ClickKeyword.execute(ClickKeyword.groovy:67)
	at com.kms.katalon.core.keyword.internal.KeywordExecutor.executeKeywordForPlatform(KeywordExecutor.groovy:53)
	at com.kms.katalon.core.webui.keyword.WebUiBuiltInKeywords.click(WebUiBuiltInKeywords.groovy:616)
	at com.kms.katalon.core.webui.keyword.WebUiBuiltInKeywords$click$3.call(Unknown Source)
	at Poll Pad Configuration - Import.run(Poll Pad Configuration - Import:45)
	at com.kms.katalon.core.main.ScriptEngine.run(ScriptEngine.java:194)
	at com.kms.katalon.core.main.ScriptEngine.runScriptAsRawText(ScriptEngine.java:119)
	at com.kms.katalon.core.main.TestCaseExecutor.runScript(TestCaseExecutor.java:328)
	at com.kms.katalon.core.main.TestCaseExecutor.doExecute(TestCaseExecutor.java:319)
	at com.kms.katalon.core.main.TestCaseExecutor.processExecutionPhase(TestCaseExecutor.java:298)
	at com.kms.katalon.core.main.TestCaseExecutor.accessMainPhase(TestCaseExecutor.java:290)
	at com.kms.katalon.core.main.TestCaseExecutor.execute(TestCaseExecutor.java:224)
	at com.kms.katalon.core.main.TestSuiteExecutor.accessTestCaseMainPhase(TestSuiteExecutor.java:129)
	at com.kms.katalon.core.main.TestSuiteExecutor.accessTestSuiteMainPhase(TestSuiteExecutor.java:112)
	at com.kms.katalon.core.main.TestSuiteExecutor.execute(TestSuiteExecutor.java:81)
	at com.kms.katalon.core.main.TestCaseMain.startTestSuite(TestCaseMain.java:149)
	at com.kms.katalon.core.main.TestCaseMain$startTestSuite$0.call(Unknown Source)
	at TempTestSuite1548969729134.run(TempTestSuite1548969729134.groovy:36)]]></system-out>
      <system-err><![CDATA[2019-01-31 15:22:12 - [TEST_SUITE][FAILED] - dev_staging ready: Test Cases/Admin Console/Poll Pads/Poll Pad - Configuration()/Poll Pad Configuration - Import FAILED.
Reason:
com.kms.katalon.core.exception.StepFailedException: Unable to click on object 'Object Repository/Common ePulse Objects/button_Done(working)' (Root cause: com.kms.katalon.core.webui.exception.WebElementNotFoundException: Web element with id: 'Object Repository/Common ePulse Objects/button_Done(working)' located by 'By.xpath: (.//*[normalize-space(text()) and normalize-space(.)='Done!'])[1]/following::button[1]' not found)
	at com.kms.katalon.core.keyword.internal.KeywordMain.stepFailed(KeywordMain.groovy:36)
	at com.kms.katalon.core.webui.keyword.internal.WebUIKeywordMain.stepFailed(WebUIKeywordMain.groovy:65)
	at com.kms.katalon.core.webui.keyword.internal.WebUIKeywordMain.runKeyword(WebUIKeywordMain.groovy:27)
	at com.kms.katalon.core.webui.keyword.builtin.ClickKeyword.click(ClickKeyword.groovy:86)
	at com.kms.katalon.core.webui.keyword.builtin.ClickKeyword.execute(ClickKeyword.groovy:67)
	at com.kms.katalon.core.keyword.internal.KeywordExecutor.executeKeywordForPlatform(KeywordExecutor.groovy:53)
	at com.kms.katalon.core.webui.keyword.WebUiBuiltInKeywords.click(WebUiBuiltInKeywords.groovy:616)
	at com.kms.katalon.core.webui.keyword.WebUiBuiltInKeywords$click$3.call(Unknown Source)
	at Poll Pad Configuration - Import.run(Poll Pad Configuration - Import:45)
	at com.kms.katalon.core.main.ScriptEngine.run(ScriptEngine.java:194)
	at com.kms.katalon.core.main.ScriptEngine.runScriptAsRawText(ScriptEngine.java:119)
	at com.kms.katalon.core.main.TestCaseExecutor.runScript(TestCaseExecutor.java:328)
	at com.kms.katalon.core.main.TestCaseExecutor.doExecute(TestCaseExecutor.java:319)
	at com.kms.katalon.core.main.TestCaseExecutor.processExecutionPhase(TestCaseExecutor.java:298)
	at com.kms.katalon.core.main.TestCaseExecutor.accessMainPhase(TestCaseExecutor.java:290)
	at com.kms.katalon.core.main.TestCaseExecutor.execute(TestCaseExecutor.java:224)
	at com.kms.katalon.core.main.TestSuiteExecutor.accessTestCaseMainPhase(TestSuiteExecutor.java:129)
	at com.kms.katalon.core.main.TestSuiteExecutor.accessTestSuiteMainPhase(TestSuiteExecutor.java:112)
	at com.kms.katalon.core.main.TestSuiteExecutor.execute(TestSuiteExecutor.java:81)
	at com.kms.katalon.core.main.TestCaseMain.startTestSuite(TestCaseMain.java:149)
	at com.kms.katalon.core.main.TestCaseMain$startTestSuite$0.call(Unknown Source)
	at TempTestSuite1548969729134.run(TempTestSuite1548969729134.groovy:36)]]></system-err>
   </testsuite>
</testsuites>
