<?xml version="1.0" encoding="UTF-8"?>
<testsuites name="New Test Suite" time="1" tests="0" failures="0" errors="0">
   <testsuite name="New Test Suite" tests="0" failures="0" errors="0" time="1" timestamp="2018-11-15 11:54:54" hostname="alonzomack - 192.168.1.17" id="Test Suites/New Test Suite">
      <properties>
         <property name="deviceName" value=""/>
         <property name="devicePlatform" value=""/>
         <property name="logFolder" value="/Users/alonzomack/Katalon Studio/Regression/Reports/New Test Suite/20181115_115452"/>
         <property name="logFiles" value="/Users/alonzomack/Katalon Studio/Regression/Reports/New Test Suite/20181115_115452/execution0.log"/>
         <property name="attachments" value=""/>
         <property name="hostName" value="alonzomack - 192.168.1.17"/>
         <property name="hostAddress" value="192.168.1.17"/>
         <property name="os" value="Mac OS X 64bit"/>
         <property name="katalonVersion" value="5.8.4.14"/>
      </properties>
      <testcase name="Test Cases/SuperAdminConsole/Accounts/Account(SuperAdminConsole) - Delete" classname="Test Cases/SuperAdminConsole/Accounts/Account(SuperAdminConsole) - Delete" status="INCOMPLETE">
         <system-out><![CDATA[2018-11-15 11:54:54 - [TEST_CASE][INCOMPLETE] - Test Cases/SuperAdminConsole/Accounts/Account(SuperAdminConsole) - Delete: null

2018-11-15 11:54:54 - [TEST_STEP][INCOMPLETE] - openBrowser: Action delay is set to 0 seconds]]></system-out>
         <system-err><![CDATA[2018-11-15 11:54:54 - [TEST_CASE][INCOMPLETE] - Test Cases/SuperAdminConsole/Accounts/Account(SuperAdminConsole) - Delete: null]]></system-err>
      </testcase>
      <system-out><![CDATA[2018-11-15 11:54:54 - [TEST_SUITE][INCOMPLETE] - New Test Suite: null]]></system-out>
      <system-err><![CDATA[2018-11-15 11:54:54 - [TEST_SUITE][INCOMPLETE] - New Test Suite: null]]></system-err>
   </testsuite>
</testsuites>
