<?xml version="1.0" encoding="UTF-8"?>
<testsuites name="dev_staging ready" time="993" tests="43" failures="6" errors="0">
   <testsuite name="dev_staging ready" tests="43" failures="6" errors="0" time="993" timestamp="2019-03-28 15:45:21" hostname="alonzomack - 192.168.1.7" id="Test Suites/dev_staging ready">
      <properties>
         <property name="deviceName" value=""/>
         <property name="devicePlatform" value=""/>
         <property name="logFolder" value="/Users/alonzomack/Katalon Studio/Regression/Reports/dev_staging ready/20190328_154515"/>
         <property name="logFiles" value="/Users/alonzomack/Katalon Studio/Regression/Reports/dev_staging ready/20190328_154515/execution0.log"/>
         <property name="attachments" value="/Users/alonzomack/Katalon Studio/Regression/Reports/dev_staging ready/20190328_154515/1553806363026.png, /Users/alonzomack/Katalon Studio/Regression/Reports/dev_staging ready/20190328_154515/1553806399142.png, /Users/alonzomack/Katalon Studio/Regression/Reports/dev_staging ready/20190328_154515/1553806442965.png, /Users/alonzomack/Katalon Studio/Regression/Reports/dev_staging ready/20190328_154515/1553806484444.png, /Users/alonzomack/Katalon Studio/Regression/Reports/dev_staging ready/20190328_154515/1553806688301.png, /Users/alonzomack/Katalon Studio/Regression/Reports/dev_staging ready/20190328_154515/1553806889088.png"/>
         <property name="hostName" value="alonzomack - 192.168.1.7"/>
         <property name="os" value="Mac OS X 64bit"/>
         <property name="katalonVersion" value="5.10.1.1"/>
         <property name="browser" value="Chrome 73.0.3683.86"/>
         <property name="hostAddress" value="192.168.1.7"/>
         <property name="sessionId" value="313b77086ae82480e64b82f17a1b6a35"/>
         <property name="seleniumVersion" value="3.7.1"/>
         <property name="proxyInformation" value="ProxyInformation{proxyOption=NO_PROXY, proxyServerType=HTTP, password=, proxyServerAddress=, proxyServerPort=0}"/>
         <property name="platform" value="Mac OS X"/>
      </properties>
      <testcase name="Test Cases/SuperAdminConsole/Accounts/Account(SuperAdminConsole) - Delete" classname="Test Cases/SuperAdminConsole/Accounts/Account(SuperAdminConsole) - Delete" status="PASSED">
         <system-out><![CDATA[2019-03-28 15:45:21 - [TEST_CASE][PASSED] - Test Cases/SuperAdminConsole/Accounts/Account(SuperAdminConsole) - Delete: Test Cases/SuperAdminConsole/Accounts/Account(SuperAdminConsole) - Delete

2019-03-28 15:45:22 - [TEST_STEP][PASSED] - openBrowser(""): Browser is opened with url: ''

2019-03-28 15:45:23 - [MESSAGE][INFO] - Starting 'Chrome' driver

2019-03-28 15:45:23 - [MESSAGE][INFO] - Action delay is set to 0 seconds

2019-03-28 15:45:25 - [MESSAGE][PASSED] - Browser is opened with url: ''

2019-03-28 15:45:25 - [TEST_STEP][PASSED] - navigateToUrl(URL): Navigate to 'https://dev.epulse.io' successfully

2019-03-28 15:45:27 - [MESSAGE][PASSED] - Navigate to 'https://dev.epulse.io' successfully

2019-03-28 15:45:27 - [TEST_STEP][PASSED] - setText(findTestObject("Login/Email Address"), User_email): Text 'alonzo.mack@knowink.com' is set on object 'Object Repository/Login/Email Address'

2019-03-28 15:45:27 - [MESSAGE][PASSED] - Text 'alonzo.mack@knowink.com' is set on object 'Object Repository/Login/Email Address'

2019-03-28 15:45:27 - [TEST_STEP][PASSED] - setEncryptedText(findTestObject("Login/Password"), Pswrd): Text ****** has been set on object 'Object Repository/Login/Password'

2019-03-28 15:45:27 - [MESSAGE][PASSED] - Text ****** has been set on object 'Object Repository/Login/Password'

2019-03-28 15:45:27 - [TEST_STEP][PASSED] - click(findTestObject("Login/Sign In")): Object: 'Object Repository/Login/Sign In' is clicked on

2019-03-28 15:45:28 - [MESSAGE][PASSED] - Object: 'Object Repository/Login/Sign In' is clicked on

2019-03-28 15:45:28 - [TEST_STEP][PASSED] - delay(1): Delayed 1 second(s)

2019-03-28 15:45:29 - [MESSAGE][PASSED] - Delayed 1 second(s)

2019-03-28 15:45:29 - [TEST_STEP][PASSED] - click(findTestObject("Login/am-Automation-test"), STOP_ON_FAILURE): Object: 'Object Repository/Login/am-Automation-test' is clicked on

2019-03-28 15:45:30 - [MESSAGE][PASSED] - Object: 'Object Repository/Login/am-Automation-test' is clicked on

2019-03-28 15:45:30 - [TEST_STEP][PASSED] - delay(1): Delayed 1 second(s)

2019-03-28 15:45:31 - [MESSAGE][PASSED] - Delayed 1 second(s)

2019-03-28 15:45:31 - [TEST_STEP][PASSED] - mouseOver(findTestObject("Common ePulse Objects/Actions(Gear icon)")): Object: 'Object Repository/Common ePulse Objects/Actions(Gear icon)' is hovered

2019-03-28 15:45:31 - [MESSAGE][PASSED] - Object: 'Object Repository/Common ePulse Objects/Actions(Gear icon)' is hovered

2019-03-28 15:45:31 - [TEST_STEP][PASSED] - delay(3): Delayed 3 second(s)

2019-03-28 15:45:34 - [MESSAGE][PASSED] - Delayed 3 second(s)

2019-03-28 15:45:34 - [TEST_STEP][PASSED] - click(findTestObject("SuperAdminConsole/Edit Accounts - Actions/Delete")): Object: 'Object Repository/SuperAdminConsole/Edit Accounts - Actions/Delete' is clicked on

2019-03-28 15:45:35 - [MESSAGE][PASSED] - Object: 'Object Repository/SuperAdminConsole/Edit Accounts - Actions/Delete' is clicked on

2019-03-28 15:45:35 - [TEST_STEP][PASSED] - delay(1): Delayed 1 second(s)

2019-03-28 15:45:36 - [MESSAGE][PASSED] - Delayed 1 second(s)

2019-03-28 15:45:36 - [TEST_STEP][PASSED] - acceptAlert(): Alert accepted

2019-03-28 15:45:36 - [MESSAGE][PASSED] - Alert accepted

2019-03-28 15:45:36 - [TEST_STEP][PASSED] - closeBrowser(STOP_ON_FAILURE): Browser is closed

2019-03-28 15:45:36 - [MESSAGE][PASSED] - Browser is closed]]></system-out>
         <system-err><![CDATA[]]></system-err>
      </testcase>
      <testcase name="Test Cases/SuperAdminConsole/Accounts/Create Account(SuperAdminConsole)" classname="Test Cases/SuperAdminConsole/Accounts/Create Account(SuperAdminConsole)" status="PASSED">
         <system-out><![CDATA[2019-03-28 15:45:38 - [TEST_CASE][PASSED] - Test Cases/SuperAdminConsole/Accounts/Create Account(SuperAdminConsole): Test Cases/SuperAdminConsole/Accounts/Create Account(SuperAdminConsole)

2019-03-28 15:45:38 - [TEST_STEP][PASSED] - callTestCase(findTestCase("Login/SuperAdminLogin"), [:], STOP_ON_FAILURE): Call Test Case 'Test Cases/Login/SuperAdminLogin' successfully

2019-03-28 15:45:38 - [TEST_CASE][PASSED] - Test Cases/Login/SuperAdminLogin: Test Cases/Login/SuperAdminLogin

2019-03-28 15:45:38 - [TEST_STEP][PASSED] - openBrowser(""): Browser is opened with url: ''

2019-03-28 15:45:38 - [MESSAGE][INFO] - Starting 'Chrome' driver

2019-03-28 15:45:39 - [MESSAGE][PASSED] - Browser is opened with url: ''

2019-03-28 15:45:39 - [TEST_STEP][PASSED] - navigateToUrl(URL): Navigate to 'https://dev.epulse.io' successfully

2019-03-28 15:45:42 - [MESSAGE][PASSED] - Navigate to 'https://dev.epulse.io' successfully

2019-03-28 15:45:42 - [TEST_STEP][PASSED] - setText(findTestObject("Login/Email Address"), User_email): Text 'alonzo.mack@knowink.com' is set on object 'Object Repository/Login/Email Address'

2019-03-28 15:45:42 - [MESSAGE][PASSED] - Text 'alonzo.mack@knowink.com' is set on object 'Object Repository/Login/Email Address'

2019-03-28 15:45:42 - [TEST_STEP][PASSED] - setEncryptedText(findTestObject("Login/Password"), Pswrd): Text ****** has been set on object 'Object Repository/Login/Password'

2019-03-28 15:45:42 - [MESSAGE][PASSED] - Text ****** has been set on object 'Object Repository/Login/Password'

2019-03-28 15:45:42 - [TEST_STEP][PASSED] - click(findTestObject("Login/Sign In")): Object: 'Object Repository/Login/Sign In' is clicked on

2019-03-28 15:45:43 - [MESSAGE][PASSED] - Object: 'Object Repository/Login/Sign In' is clicked on

2019-03-28 15:45:43 - [MESSAGE][PASSED] - Call Test Case 'Test Cases/Login/SuperAdminLogin' successfully

2019-03-28 15:45:43 - [TEST_STEP][PASSED] - delay(1): Delayed 1 second(s)

2019-03-28 15:45:44 - [MESSAGE][PASSED] - Delayed 1 second(s)

2019-03-28 15:45:44 - [TEST_STEP][PASSED] - click(findTestObject("SuperAdminConsole/Account Creation/a_Add Account")): Object: 'Object Repository/SuperAdminConsole/Account Creation/a_Add Account' is clicked on

2019-03-28 15:45:44 - [MESSAGE][PASSED] - Object: 'Object Repository/SuperAdminConsole/Account Creation/a_Add Account' is clicked on

2019-03-28 15:45:44 - [TEST_STEP][PASSED] - delay(1): Delayed 1 second(s)

2019-03-28 15:45:45 - [MESSAGE][PASSED] - Delayed 1 second(s)

2019-03-28 15:45:45 - [TEST_STEP][PASSED] - setText(findTestObject("SuperAdminConsole/Account Creation/Account Information/Display Title"), "am-Automation-test"): Text 'am-Automation-test' is set on object 'Object Repository/SuperAdminConsole/Account Creation/Account Information/Display Title'

2019-03-28 15:45:46 - [MESSAGE][PASSED] - Text 'am-Automation-test' is set on object 'Object Repository/SuperAdminConsole/Account Creation/Account Information/Display Title'

2019-03-28 15:45:46 - [TEST_STEP][PASSED] - delay(1): Delayed 1 second(s)

2019-03-28 15:45:47 - [MESSAGE][PASSED] - Delayed 1 second(s)

2019-03-28 15:45:47 - [TEST_STEP][PASSED] - setText(findTestObject("SuperAdminConsole/Account Creation/Account Information/County"), "am-Automation-test"): Text 'am-Automation-test' is set on object 'Object Repository/SuperAdminConsole/Account Creation/Account Information/County'

2019-03-28 15:45:47 - [MESSAGE][PASSED] - Text 'am-Automation-test' is set on object 'Object Repository/SuperAdminConsole/Account Creation/Account Information/County'

2019-03-28 15:45:47 - [TEST_STEP][PASSED] - delay(1): Delayed 1 second(s)

2019-03-28 15:45:48 - [MESSAGE][PASSED] - Delayed 1 second(s)

2019-03-28 15:45:48 - [TEST_STEP][PASSED] - selectOptionByValue(findTestObject("SuperAdminConsole/Account Creation/Account Information/StateProvince"), "MO", true): All options with value 'MO' are selected in object 'Object Repository/SuperAdminConsole/Account Creation/Account Information/StateProvince'  using regular expression

2019-03-28 15:45:49 - [MESSAGE][PASSED] - All options with value 'MO' are selected in object 'Object Repository/SuperAdminConsole/Account Creation/Account Information/StateProvince'  using regular expression

2019-03-28 15:45:49 - [TEST_STEP][PASSED] - delay(1): Delayed 1 second(s)

2019-03-28 15:45:50 - [MESSAGE][PASSED] - Delayed 1 second(s)

2019-03-28 15:45:50 - [TEST_STEP][PASSED] - selectOptionByValue(findTestObject("SuperAdminConsole/Account Creation/Account Information/Pad Type"), "1", true): All options with value '1' are selected in object 'Object Repository/SuperAdminConsole/Account Creation/Account Information/Pad Type'  using regular expression

2019-03-28 15:45:50 - [MESSAGE][PASSED] - All options with value '1' are selected in object 'Object Repository/SuperAdminConsole/Account Creation/Account Information/Pad Type'  using regular expression

2019-03-28 15:45:50 - [TEST_STEP][PASSED] - delay(1): Delayed 1 second(s)

2019-03-28 15:45:51 - [MESSAGE][PASSED] - Delayed 1 second(s)

2019-03-28 15:45:51 - [TEST_STEP][NOT_RUN] - selectOptionByValue(findTestObject("SuperAdminConsole/Account Creation/Account Information/Poll Pad 3 Version"), "1.0.1", true): NOT_RUN: selectOptionByValue(findTestObject("SuperAdminConsole/Account Creation/Account Information/Poll Pad 3 Version"), "1.0.1", true)

2019-03-28 15:45:51 - [MESSAGE][NOT_RUN] - NOT_RUN: selectOptionByValue(findTestObject("SuperAdminConsole/Account Creation/Account Information/Poll Pad 3 Version"), "1.0.1", true)

2019-03-28 15:45:51 - [TEST_STEP][PASSED] - delay(1): Delayed 1 second(s)

2019-03-28 15:45:52 - [MESSAGE][PASSED] - Delayed 1 second(s)

2019-03-28 15:45:52 - [TEST_STEP][PASSED] - selectOptionByValue(findTestObject("SuperAdminConsole/Account Creation/Parsers and Exporters/Select_Voter File"), "mcvr", true): All options with value 'mcvr' are selected in object 'Object Repository/SuperAdminConsole/Account Creation/Parsers and Exporters/Select_Voter File'  using regular expression

2019-03-28 15:45:52 - [MESSAGE][PASSED] - All options with value 'mcvr' are selected in object 'Object Repository/SuperAdminConsole/Account Creation/Parsers and Exporters/Select_Voter File'  using regular expression

2019-03-28 15:45:52 - [TEST_STEP][PASSED] - delay(1): Delayed 1 second(s)

2019-03-28 15:45:53 - [MESSAGE][PASSED] - Delayed 1 second(s)

2019-03-28 15:45:53 - [TEST_STEP][PASSED] - selectOptionByValue(findTestObject("SuperAdminConsole/Account Creation/Parsers and Exporters/Select_Supplemental file"), "mcvr", true): All options with value 'mcvr' are selected in object 'Object Repository/SuperAdminConsole/Account Creation/Parsers and Exporters/Select_Supplemental file'  using regular expression

2019-03-28 15:45:54 - [MESSAGE][PASSED] - All options with value 'mcvr' are selected in object 'Object Repository/SuperAdminConsole/Account Creation/Parsers and Exporters/Select_Supplemental file'  using regular expression

2019-03-28 15:45:54 - [TEST_STEP][PASSED] - delay(1): Delayed 1 second(s)

2019-03-28 15:45:55 - [MESSAGE][PASSED] - Delayed 1 second(s)

2019-03-28 15:45:55 - [TEST_STEP][PASSED] - selectOptionByValue(findTestObject("SuperAdminConsole/Account Creation/Parsers and Exporters/Polling Places"), "epulse", true): All options with value 'epulse' are selected in object 'Object Repository/SuperAdminConsole/Account Creation/Parsers and Exporters/Polling Places'  using regular expression

2019-03-28 15:45:55 - [MESSAGE][PASSED] - All options with value 'epulse' are selected in object 'Object Repository/SuperAdminConsole/Account Creation/Parsers and Exporters/Polling Places'  using regular expression

2019-03-28 15:45:55 - [TEST_STEP][PASSED] - delay(1): Delayed 1 second(s)

2019-03-28 15:45:56 - [MESSAGE][PASSED] - Delayed 1 second(s)

2019-03-28 15:45:56 - [TEST_STEP][PASSED] - selectOptionByValue(findTestObject("SuperAdminConsole/Account Creation/Parsers and Exporters/Street Rules"), "mcvr", true): All options with value 'mcvr' are selected in object 'Object Repository/SuperAdminConsole/Account Creation/Parsers and Exporters/Street Rules'  using regular expression

2019-03-28 15:45:56 - [MESSAGE][PASSED] - All options with value 'mcvr' are selected in object 'Object Repository/SuperAdminConsole/Account Creation/Parsers and Exporters/Street Rules'  using regular expression

2019-03-28 15:45:56 - [TEST_STEP][PASSED] - delay(1): Delayed 1 second(s)

2019-03-28 15:45:57 - [MESSAGE][PASSED] - Delayed 1 second(s)

2019-03-28 15:45:57 - [TEST_STEP][PASSED] - selectOptionByValue(findTestObject("SuperAdminConsole/Account Creation/Parsers and Exporters/Voter History Exporter"), "mcvr", true): All options with value 'mcvr' are selected in object 'Object Repository/SuperAdminConsole/Account Creation/Parsers and Exporters/Voter History Exporter'  using regular expression

2019-03-28 15:45:58 - [MESSAGE][PASSED] - All options with value 'mcvr' are selected in object 'Object Repository/SuperAdminConsole/Account Creation/Parsers and Exporters/Voter History Exporter'  using regular expression

2019-03-28 15:45:58 - [TEST_STEP][PASSED] - delay(1): Delayed 1 second(s)

2019-03-28 15:45:59 - [MESSAGE][PASSED] - Delayed 1 second(s)

2019-03-28 15:45:59 - [TEST_STEP][PASSED] - selectOptionByValue(findTestObject("SuperAdminConsole/Account Creation/Parsers and Exporters/Signature Parser"), "epulse", true): All options with value 'epulse' are selected in object 'Object Repository/SuperAdminConsole/Account Creation/Parsers and Exporters/Signature Parser'  using regular expression

2019-03-28 15:45:59 - [MESSAGE][PASSED] - All options with value 'epulse' are selected in object 'Object Repository/SuperAdminConsole/Account Creation/Parsers and Exporters/Signature Parser'  using regular expression

2019-03-28 15:45:59 - [TEST_STEP][PASSED] - delay(1): Delayed 1 second(s)

2019-03-28 15:46:00 - [MESSAGE][PASSED] - Delayed 1 second(s)

2019-03-28 15:46:00 - [TEST_STEP][PASSED] - click(findTestObject("SuperAdminConsole/Account Creation/Parsers and Exporters/Submit")): Object: 'Object Repository/SuperAdminConsole/Account Creation/Parsers and Exporters/Submit' is clicked on

2019-03-28 15:46:01 - [MESSAGE][PASSED] - Object: 'Object Repository/SuperAdminConsole/Account Creation/Parsers and Exporters/Submit' is clicked on

2019-03-28 15:46:01 - [TEST_STEP][PASSED] - delay(1): Delayed 1 second(s)

2019-03-28 15:46:02 - [MESSAGE][PASSED] - Delayed 1 second(s)

2019-03-28 15:46:02 - [TEST_STEP][PASSED] - closeBrowser(): Browser is closed

2019-03-28 15:46:02 - [MESSAGE][PASSED] - Browser is closed]]></system-out>
         <system-err><![CDATA[]]></system-err>
      </testcase>
      <testcase name="Test Cases/Admin Console/Election Setup/Elections/Election Creation" classname="Test Cases/Admin Console/Election Setup/Elections/Election Creation" status="PASSED">
         <system-out><![CDATA[2019-03-28 15:46:04 - [TEST_CASE][PASSED] - Test Cases/Admin Console/Election Setup/Elections/Election Creation: Test Cases/Admin Console/Election Setup/Elections/Election Creation

2019-03-28 15:46:05 - [TEST_STEP][PASSED] - openBrowser(""): Browser is opened with url: ''

2019-03-28 15:46:05 - [MESSAGE][INFO] - Starting 'Chrome' driver

2019-03-28 15:46:06 - [MESSAGE][PASSED] - Browser is opened with url: ''

2019-03-28 15:46:06 - [TEST_STEP][PASSED] - navigateToUrl(URL): Navigate to 'https://dev.epulse.io' successfully

2019-03-28 15:46:08 - [MESSAGE][PASSED] - Navigate to 'https://dev.epulse.io' successfully

2019-03-28 15:46:08 - [TEST_STEP][PASSED] - setText(findTestObject("Login/Email Address"), User_email): Text 'alonzo.mack@knowink.com' is set on object 'Object Repository/Login/Email Address'

2019-03-28 15:46:09 - [MESSAGE][PASSED] - Text 'alonzo.mack@knowink.com' is set on object 'Object Repository/Login/Email Address'

2019-03-28 15:46:09 - [TEST_STEP][PASSED] - setEncryptedText(findTestObject("Login/Password"), Pswrd): Text ****** has been set on object 'Object Repository/Login/Password'

2019-03-28 15:46:09 - [MESSAGE][PASSED] - Text ****** has been set on object 'Object Repository/Login/Password'

2019-03-28 15:46:09 - [TEST_STEP][PASSED] - click(findTestObject("Login/Sign In")): Object: 'Object Repository/Login/Sign In' is clicked on

2019-03-28 15:46:09 - [MESSAGE][PASSED] - Object: 'Object Repository/Login/Sign In' is clicked on

2019-03-28 15:46:09 - [TEST_STEP][PASSED] - delay(1): Delayed 1 second(s)

2019-03-28 15:46:10 - [MESSAGE][PASSED] - Delayed 1 second(s)

2019-03-28 15:46:10 - [TEST_STEP][PASSED] - navigateToUrl(Election_Import): Navigate to 'https://am-automation-test.dev.epulse.io/elections/new' successfully

2019-03-28 15:46:15 - [MESSAGE][PASSED] - Navigate to 'https://am-automation-test.dev.epulse.io/elections/new' successfully

2019-03-28 15:46:15 - [TEST_STEP][PASSED] - setText(findTestObject("Common ePulse Objects/Choose File"), "/Users/alonzomack/Downloads/Imports/Missouri/voters_200_mcvr.txt"): Text '/Users/alonzomack/Downloads/Imports/Missouri/voters_200_mcvr.txt' is set on object 'Object Repository/Common ePulse Objects/Choose File'

2019-03-28 15:46:15 - [MESSAGE][PASSED] - Text '/Users/alonzomack/Downloads/Imports/Missouri/voters_200_mcvr.txt' is set on object 'Object Repository/Common ePulse Objects/Choose File'

2019-03-28 15:46:15 - [TEST_STEP][PASSED] - click(findTestObject("Common ePulse Objects/Continue Button"), STOP_ON_FAILURE): Object: 'Object Repository/Common ePulse Objects/Continue Button' is clicked on

2019-03-28 15:46:15 - [MESSAGE][PASSED] - Object: 'Object Repository/Common ePulse Objects/Continue Button' is clicked on

2019-03-28 15:46:15 - [TEST_STEP][PASSED] - delay(10): Delayed 10 second(s)

2019-03-28 15:46:25 - [MESSAGE][PASSED] - Delayed 10 second(s)

2019-03-28 15:46:25 - [TEST_STEP][PASSED] - delay(10): Delayed 10 second(s)

2019-03-28 15:46:35 - [MESSAGE][PASSED] - Delayed 10 second(s)

2019-03-28 15:46:35 - [TEST_STEP][PASSED] - refresh(STOP_ON_FAILURE): Refresh successfully

2019-03-28 15:46:36 - [MESSAGE][PASSED] - Refresh successfully

2019-03-28 15:46:36 - [TEST_STEP][PASSED] - setText(findTestObject("Admin Console ePulse Menu/Election Setup/Election Creation/Election Name"), "Election Creation"): Text 'Election Creation' is set on object 'Object Repository/Admin Console ePulse Menu/Election Setup/Election Creation/Election Name'

2019-03-28 15:46:36 - [MESSAGE][PASSED] - Text 'Election Creation' is set on object 'Object Repository/Admin Console ePulse Menu/Election Setup/Election Creation/Election Name'

2019-03-28 15:46:36 - [TEST_STEP][PASSED] - setText(findTestObject("Admin Console ePulse Menu/Election Setup/Election Creation/Election Code"), "123"): Text '123' is set on object 'Object Repository/Admin Console ePulse Menu/Election Setup/Election Creation/Election Code'

2019-03-28 15:46:36 - [MESSAGE][PASSED] - Text '123' is set on object 'Object Repository/Admin Console ePulse Menu/Election Setup/Election Creation/Election Code'

2019-03-28 15:46:36 - [TEST_STEP][PASSED] - selectOptionByValue(findTestObject("Admin Console ePulse Menu/Election Setup/Election Creation/Select Election Type"), "general", true): All options with value 'general' are selected in object 'Object Repository/Admin Console ePulse Menu/Election Setup/Election Creation/Select Election Type'  using regular expression

2019-03-28 15:46:36 - [MESSAGE][PASSED] - All options with value 'general' are selected in object 'Object Repository/Admin Console ePulse Menu/Election Setup/Election Creation/Select Election Type'  using regular expression

2019-03-28 15:46:36 - [TEST_STEP][PASSED] - clearText(findTestObject("Admin Console ePulse Menu/Election Setup/Election Creation/DATE")): Text of object 'Object Repository/Admin Console ePulse Menu/Election Setup/Election Creation/DATE' is cleared

2019-03-28 15:46:36 - [MESSAGE][PASSED] - Text of object 'Object Repository/Admin Console ePulse Menu/Election Setup/Election Creation/DATE' is cleared

2019-03-28 15:46:36 - [TEST_STEP][PASSED] - setText(findTestObject("Admin Console ePulse Menu/Election Setup/Election Creation/DATE"), "07/21/2021"): Text '07/21/2021' is set on object 'Object Repository/Admin Console ePulse Menu/Election Setup/Election Creation/DATE'

2019-03-28 15:46:36 - [MESSAGE][PASSED] - Text '07/21/2021' is set on object 'Object Repository/Admin Console ePulse Menu/Election Setup/Election Creation/DATE'

2019-03-28 15:46:36 - [TEST_STEP][PASSED] - click(findTestObject("Admin Console ePulse Menu/Election Setup/Election Creation/Next")): Object: 'Object Repository/Admin Console ePulse Menu/Election Setup/Election Creation/Next' is clicked on

2019-03-28 15:46:38 - [MESSAGE][PASSED] - Object: 'Object Repository/Admin Console ePulse Menu/Election Setup/Election Creation/Next' is clicked on

2019-03-28 15:46:38 - [TEST_STEP][PASSED] - waitForElementPresent(findTestObject("Admin Console ePulse Menu/Election Setup/Election Creation/Step3 Done"), 0): Object 'Object Repository/Admin Console ePulse Menu/Election Setup/Election Creation/Step3 Done' is present

2019-03-28 15:46:38 - [MESSAGE][WARNING] - Timeout '0' is invalid. Using default page load timeout: '15'

2019-03-28 15:46:38 - [MESSAGE][PASSED] - Object 'Object Repository/Admin Console ePulse Menu/Election Setup/Election Creation/Step3 Done' is present

2019-03-28 15:46:38 - [TEST_STEP][PASSED] - click(findTestObject("Admin Console ePulse Menu/Election Setup/Election Creation/Step3 Done")): Object: 'Object Repository/Admin Console ePulse Menu/Election Setup/Election Creation/Step3 Done' is clicked on

2019-03-28 15:46:39 - [MESSAGE][PASSED] - Object: 'Object Repository/Admin Console ePulse Menu/Election Setup/Election Creation/Step3 Done' is clicked on

2019-03-28 15:46:39 - [TEST_STEP][PASSED] - waitForElementVisible(findTestObject("Admin Console ePulse Menu/Election Setup/Election Creation/Step4 Done"), 0): Object 'Object Repository/Admin Console ePulse Menu/Election Setup/Election Creation/Step4 Done' is visible

2019-03-28 15:46:39 - [MESSAGE][WARNING] - Timeout '0' is invalid. Using default page load timeout: '15'

2019-03-28 15:46:39 - [MESSAGE][PASSED] - Object 'Object Repository/Admin Console ePulse Menu/Election Setup/Election Creation/Step4 Done' is visible

2019-03-28 15:46:39 - [TEST_STEP][PASSED] - click(findTestObject("Admin Console ePulse Menu/Election Setup/Election Creation/Step4 Done")): Object: 'Object Repository/Admin Console ePulse Menu/Election Setup/Election Creation/Step4 Done' is clicked on

2019-03-28 15:46:39 - [MESSAGE][PASSED] - Object: 'Object Repository/Admin Console ePulse Menu/Election Setup/Election Creation/Step4 Done' is clicked on

2019-03-28 15:46:39 - [TEST_STEP][PASSED] - waitForElementPresent(findTestObject("Admin Console ePulse Menu/Election Setup/Election Creation/Step5 Confirm"), 0): Object 'Object Repository/Admin Console ePulse Menu/Election Setup/Election Creation/Step5 Confirm' is present

2019-03-28 15:46:39 - [MESSAGE][WARNING] - Timeout '0' is invalid. Using default page load timeout: '15'

2019-03-28 15:46:39 - [MESSAGE][PASSED] - Object 'Object Repository/Admin Console ePulse Menu/Election Setup/Election Creation/Step5 Confirm' is present

2019-03-28 15:46:39 - [TEST_STEP][PASSED] - click(findTestObject("Admin Console ePulse Menu/Election Setup/Election Creation/Step5 Confirm")): Object: 'Object Repository/Admin Console ePulse Menu/Election Setup/Election Creation/Step5 Confirm' is clicked on

2019-03-28 15:46:39 - [MESSAGE][PASSED] - Object: 'Object Repository/Admin Console ePulse Menu/Election Setup/Election Creation/Step5 Confirm' is clicked on

2019-03-28 15:46:39 - [TEST_STEP][PASSED] - delay(20): Delayed 20 second(s)

2019-03-28 15:46:59 - [MESSAGE][PASSED] - Delayed 20 second(s)

2019-03-28 15:46:59 - [TEST_STEP][PASSED] - verifyTextPresent("Election Creation", true): Text 'Election Creation' is present on page  using regular expression

2019-03-28 15:46:59 - [MESSAGE][PASSED] - Text 'Election Creation' is present on page  using regular expression

2019-03-28 15:46:59 - [TEST_STEP][PASSED] - verifyTextPresent("Election Seed Files", true): Text 'Election Seed Files' is present on page  using regular expression

2019-03-28 15:46:59 - [MESSAGE][PASSED] - Text 'Election Seed Files' is present on page  using regular expression

2019-03-28 15:46:59 - [TEST_STEP][PASSED] - delay(1): Delayed 1 second(s)

2019-03-28 15:47:00 - [MESSAGE][PASSED] - Delayed 1 second(s)

2019-03-28 15:47:00 - [TEST_STEP][PASSED] - navigateToUrl(Reg_Voters): Navigate to 'https://am-automation-test.dev.epulse.io/voters#sort=last_name&direction=asc&display=list&page=1' successfully

2019-03-28 15:47:01 - [MESSAGE][PASSED] - Navigate to 'https://am-automation-test.dev.epulse.io/voters#sort=last_name&direction=asc&display=list&page=1' successfully

2019-03-28 15:47:01 - [TEST_STEP][PASSED] - delay(1): Delayed 1 second(s)

2019-03-28 15:47:02 - [MESSAGE][PASSED] - Delayed 1 second(s)

2019-03-28 15:47:02 - [TEST_STEP][PASSED] - delay(1): Delayed 1 second(s)

2019-03-28 15:47:03 - [MESSAGE][PASSED] - Delayed 1 second(s)

2019-03-28 15:47:03 - [TEST_STEP][PASSED] - verifyTextPresent("TWEEDIE MARIE AARON", true): Text 'TWEEDIE MARIE AARON' is present on page  using regular expression

2019-03-28 15:47:03 - [MESSAGE][PASSED] - Text 'TWEEDIE MARIE AARON' is present on page  using regular expression

2019-03-28 15:47:03 - [TEST_STEP][PASSED] - closeBrowser(): Browser is closed

2019-03-28 15:47:03 - [MESSAGE][PASSED] - Browser is closed]]></system-out>
         <system-err><![CDATA[]]></system-err>
      </testcase>
      <testcase name="Test Cases/Admin Console/Election Setup/Elections/Election Creation - Upload Supplemental" classname="Test Cases/Admin Console/Election Setup/Elections/Election Creation - Upload Supplemental" status="PASSED">
         <system-out><![CDATA[2019-03-28 15:47:05 - [TEST_CASE][PASSED] - Test Cases/Admin Console/Election Setup/Elections/Election Creation - Upload Supplemental: Test Cases/Admin Console/Election Setup/Elections/Election Creation - Upload Supplemental

2019-03-28 15:47:06 - [TEST_STEP][PASSED] - openBrowser(""): Browser is opened with url: ''

2019-03-28 15:47:06 - [MESSAGE][INFO] - Starting 'Chrome' driver

2019-03-28 15:47:07 - [MESSAGE][PASSED] - Browser is opened with url: ''

2019-03-28 15:47:07 - [TEST_STEP][PASSED] - navigateToUrl(URL): Navigate to 'https://dev.epulse.io' successfully

2019-03-28 15:47:09 - [MESSAGE][PASSED] - Navigate to 'https://dev.epulse.io' successfully

2019-03-28 15:47:09 - [TEST_STEP][PASSED] - setText(findTestObject("Login/Email Address"), User_email): Text 'alonzo.mack@knowink.com' is set on object 'Object Repository/Login/Email Address'

2019-03-28 15:47:09 - [MESSAGE][PASSED] - Text 'alonzo.mack@knowink.com' is set on object 'Object Repository/Login/Email Address'

2019-03-28 15:47:09 - [TEST_STEP][PASSED] - setEncryptedText(findTestObject("Login/Password"), Pswrd): Text ****** has been set on object 'Object Repository/Login/Password'

2019-03-28 15:47:09 - [MESSAGE][PASSED] - Text ****** has been set on object 'Object Repository/Login/Password'

2019-03-28 15:47:09 - [TEST_STEP][PASSED] - click(findTestObject("Login/Sign In")): Object: 'Object Repository/Login/Sign In' is clicked on

2019-03-28 15:47:10 - [MESSAGE][PASSED] - Object: 'Object Repository/Login/Sign In' is clicked on

2019-03-28 15:47:10 - [TEST_STEP][PASSED] - delay(1): Delayed 1 second(s)

2019-03-28 15:47:11 - [MESSAGE][PASSED] - Delayed 1 second(s)

2019-03-28 15:47:11 - [TEST_STEP][PASSED] - navigateToUrl(Elections_Page): Navigate to 'https://am-automation-test.dev.epulse.io/elections' successfully

2019-03-28 15:47:12 - [MESSAGE][PASSED] - Navigate to 'https://am-automation-test.dev.epulse.io/elections' successfully

2019-03-28 15:47:12 - [TEST_STEP][PASSED] - click(findTestObject("Admin Console ePulse Menu/Election Setup/Election Creation/Supplemental File Upload/Election (Election Creation)")): Object: 'Object Repository/Admin Console ePulse Menu/Election Setup/Election Creation/Supplemental File Upload/Election (Election Creation)' is clicked on

2019-03-28 15:47:13 - [MESSAGE][PASSED] - Object: 'Object Repository/Admin Console ePulse Menu/Election Setup/Election Creation/Supplemental File Upload/Election (Election Creation)' is clicked on

2019-03-28 15:47:13 - [TEST_STEP][PASSED] - click(findTestObject("Admin Console ePulse Menu/Election Setup/Election Creation/Supplemental File Upload/Import Supplemental Voters")): Object: 'Object Repository/Admin Console ePulse Menu/Election Setup/Election Creation/Supplemental File Upload/Import Supplemental Voters' is clicked on

2019-03-28 15:47:14 - [MESSAGE][PASSED] - Object: 'Object Repository/Admin Console ePulse Menu/Election Setup/Election Creation/Supplemental File Upload/Import Supplemental Voters' is clicked on

2019-03-28 15:47:14 - [TEST_STEP][PASSED] - setText(findTestObject("Common ePulse Objects/Choose File"), "/Users/alonzomack/Downloads/Automation uploads/voters_201_mcvr.txt"): Text '/Users/alonzomack/Downloads/Automation uploads/voters_201_mcvr.txt' is set on object 'Object Repository/Common ePulse Objects/Choose File'

2019-03-28 15:47:14 - [MESSAGE][PASSED] - Text '/Users/alonzomack/Downloads/Automation uploads/voters_201_mcvr.txt' is set on object 'Object Repository/Common ePulse Objects/Choose File'

2019-03-28 15:47:14 - [TEST_STEP][PASSED] - delay(1): Delayed 1 second(s)

2019-03-28 15:47:15 - [MESSAGE][PASSED] - Delayed 1 second(s)

2019-03-28 15:47:15 - [TEST_STEP][PASSED] - click(findTestObject("Common ePulse Objects/Continue Button"), STOP_ON_FAILURE): Object: 'Object Repository/Common ePulse Objects/Continue Button' is clicked on

2019-03-28 15:47:15 - [MESSAGE][PASSED] - Object: 'Object Repository/Common ePulse Objects/Continue Button' is clicked on

2019-03-28 15:47:15 - [TEST_STEP][PASSED] - delay(1): Delayed 1 second(s)

2019-03-28 15:47:16 - [MESSAGE][PASSED] - Delayed 1 second(s)

2019-03-28 15:47:16 - [TEST_STEP][PASSED] - click(findTestObject("Admin Console ePulse Menu/Election Setup/Election Creation/Supplemental File Upload/Done")): Object: 'Object Repository/Admin Console ePulse Menu/Election Setup/Election Creation/Supplemental File Upload/Done' is clicked on

2019-03-28 15:47:22 - [MESSAGE][PASSED] - Object: 'Object Repository/Admin Console ePulse Menu/Election Setup/Election Creation/Supplemental File Upload/Done' is clicked on

2019-03-28 15:47:22 - [TEST_STEP][PASSED] - verifyTextPresent("Election Creation", true): Text 'Election Creation' is present on page  using regular expression

2019-03-28 15:47:22 - [MESSAGE][PASSED] - Text 'Election Creation' is present on page  using regular expression

2019-03-28 15:47:22 - [TEST_STEP][PASSED] - verifyTextPresent("Election Seed Files", true): Text 'Election Seed Files' is present on page  using regular expression

2019-03-28 15:47:22 - [MESSAGE][PASSED] - Text 'Election Seed Files' is present on page  using regular expression

2019-03-28 15:47:22 - [TEST_STEP][PASSED] - delay(1): Delayed 1 second(s)

2019-03-28 15:47:23 - [MESSAGE][PASSED] - Delayed 1 second(s)

2019-03-28 15:47:23 - [TEST_STEP][PASSED] - navigateToUrl(Reg_Voters): Navigate to 'https://am-automation-test.dev.epulse.io/voters#sort=last_name&direction=asc&display=list&page=1' successfully

2019-03-28 15:47:24 - [MESSAGE][PASSED] - Navigate to 'https://am-automation-test.dev.epulse.io/voters#sort=last_name&direction=asc&display=list&page=1' successfully

2019-03-28 15:47:24 - [TEST_STEP][PASSED] - delay(1): Delayed 1 second(s)

2019-03-28 15:47:25 - [MESSAGE][PASSED] - Delayed 1 second(s)

2019-03-28 15:47:25 - [TEST_STEP][PASSED] - delay(1): Delayed 1 second(s)

2019-03-28 15:47:26 - [MESSAGE][PASSED] - Delayed 1 second(s)

2019-03-28 15:47:26 - [TEST_STEP][PASSED] - verifyTextPresent("ABRON A AAARON", true): Text 'ABRON A AAARON' is present on page  using regular expression

2019-03-28 15:47:26 - [MESSAGE][PASSED] - Text 'ABRON A AAARON' is present on page  using regular expression

2019-03-28 15:47:26 - [TEST_STEP][PASSED] - closeBrowser(): Browser is closed

2019-03-28 15:47:26 - [MESSAGE][PASSED] - Browser is closed]]></system-out>
         <system-err><![CDATA[]]></system-err>
      </testcase>
      <testcase name="Test Cases/Admin Console/Poll Pads/Poll Pad - Configuration()/Poll Pad Configuration - Add" classname="Test Cases/Admin Console/Poll Pads/Poll Pad - Configuration()/Poll Pad Configuration - Add" status="PASSED">
         <system-out><![CDATA[2019-03-28 15:47:28 - [TEST_CASE][PASSED] - Test Cases/Admin Console/Poll Pads/Poll Pad - Configuration()/Poll Pad Configuration - Add: Test Cases/Admin Console/Poll Pads/Poll Pad - Configuration()/Poll Pad Configuration - Add

2019-03-28 15:47:28 - [TEST_STEP][PASSED] - openBrowser(""): Browser is opened with url: ''

2019-03-28 15:47:28 - [MESSAGE][INFO] - Starting 'Chrome' driver

2019-03-28 15:47:29 - [MESSAGE][PASSED] - Browser is opened with url: ''

2019-03-28 15:47:29 - [TEST_STEP][PASSED] - navigateToUrl(URL): Navigate to 'https://dev.epulse.io' successfully

2019-03-28 15:47:31 - [MESSAGE][PASSED] - Navigate to 'https://dev.epulse.io' successfully

2019-03-28 15:47:31 - [TEST_STEP][PASSED] - setText(findTestObject("Login/Email Address"), User_email): Text 'alonzo.mack@knowink.com' is set on object 'Object Repository/Login/Email Address'

2019-03-28 15:47:31 - [MESSAGE][PASSED] - Text 'alonzo.mack@knowink.com' is set on object 'Object Repository/Login/Email Address'

2019-03-28 15:47:31 - [TEST_STEP][PASSED] - setEncryptedText(findTestObject("Login/Password"), Pswrd): Text ****** has been set on object 'Object Repository/Login/Password'

2019-03-28 15:47:31 - [MESSAGE][PASSED] - Text ****** has been set on object 'Object Repository/Login/Password'

2019-03-28 15:47:31 - [TEST_STEP][PASSED] - click(findTestObject("Login/Sign In")): Object: 'Object Repository/Login/Sign In' is clicked on

2019-03-28 15:47:32 - [MESSAGE][PASSED] - Object: 'Object Repository/Login/Sign In' is clicked on

2019-03-28 15:47:32 - [TEST_STEP][PASSED] - delay(1): Delayed 1 second(s)

2019-03-28 15:47:33 - [MESSAGE][PASSED] - Delayed 1 second(s)

2019-03-28 15:47:33 - [TEST_STEP][PASSED] - navigateToUrl(Pollpad_Config_Page): Navigate to 'https://am-automation-test.dev.epulse.io/poll_pad_configs' successfully

2019-03-28 15:47:34 - [MESSAGE][PASSED] - Navigate to 'https://am-automation-test.dev.epulse.io/poll_pad_configs' successfully

2019-03-28 15:47:34 - [TEST_STEP][PASSED] - delay(1): Delayed 1 second(s)

2019-03-28 15:47:35 - [MESSAGE][PASSED] - Delayed 1 second(s)

2019-03-28 15:47:35 - [TEST_STEP][PASSED] - click(findTestObject("Admin Console ePulse Menu/Poll Pads/Poll Pad Config - Add/Add Configuration")): Object: 'Object Repository/Admin Console ePulse Menu/Poll Pads/Poll Pad Config - Add/Add Configuration' is clicked on

2019-03-28 15:47:35 - [MESSAGE][PASSED] - Object: 'Object Repository/Admin Console ePulse Menu/Poll Pads/Poll Pad Config - Add/Add Configuration' is clicked on

2019-03-28 15:47:35 - [TEST_STEP][PASSED] - delay(1): Delayed 1 second(s)

2019-03-28 15:47:36 - [MESSAGE][PASSED] - Delayed 1 second(s)

2019-03-28 15:47:36 - [TEST_STEP][PASSED] - setText(findTestObject("Admin Console ePulse Menu/Poll Pads/Poll Pad Config - Add/PollPad Config Name"), "Automation Created Config"): Text 'Automation Created Config' is set on object 'Object Repository/Admin Console ePulse Menu/Poll Pads/Poll Pad Config - Add/PollPad Config Name'

2019-03-28 15:47:37 - [MESSAGE][PASSED] - Text 'Automation Created Config' is set on object 'Object Repository/Admin Console ePulse Menu/Poll Pads/Poll Pad Config - Add/PollPad Config Name'

2019-03-28 15:47:37 - [TEST_STEP][PASSED] - delay(1): Delayed 1 second(s)

2019-03-28 15:47:38 - [MESSAGE][PASSED] - Delayed 1 second(s)

2019-03-28 15:47:38 - [TEST_STEP][PASSED] - click(findTestObject("Admin Console ePulse Menu/Poll Pads/Poll Pad Config - Add/Submit Config")): Object: 'Object Repository/Admin Console ePulse Menu/Poll Pads/Poll Pad Config - Add/Submit Config' is clicked on

2019-03-28 15:47:39 - [MESSAGE][PASSED] - Object: 'Object Repository/Admin Console ePulse Menu/Poll Pads/Poll Pad Config - Add/Submit Config' is clicked on

2019-03-28 15:47:39 - [TEST_STEP][PASSED] - delay(1): Delayed 1 second(s)

2019-03-28 15:47:40 - [MESSAGE][PASSED] - Delayed 1 second(s)

2019-03-28 15:47:40 - [TEST_STEP][PASSED] - closeBrowser(): Browser is closed

2019-03-28 15:47:40 - [MESSAGE][PASSED] - Browser is closed]]></system-out>
         <system-err><![CDATA[]]></system-err>
      </testcase>
      <testcase name="Test Cases/Admin Console/Poll Pads/Poll Pad - Configuration()/Poll Pad Configuration - Delete" classname="Test Cases/Admin Console/Poll Pads/Poll Pad - Configuration()/Poll Pad Configuration - Delete" status="PASSED">
         <system-out><![CDATA[2019-03-28 15:47:42 - [TEST_CASE][PASSED] - Test Cases/Admin Console/Poll Pads/Poll Pad - Configuration()/Poll Pad Configuration - Delete: Test Cases/Admin Console/Poll Pads/Poll Pad - Configuration()/Poll Pad Configuration - Delete

2019-03-28 15:47:42 - [TEST_STEP][PASSED] - openBrowser(""): Browser is opened with url: ''

2019-03-28 15:47:42 - [MESSAGE][INFO] - Starting 'Chrome' driver

2019-03-28 15:47:44 - [MESSAGE][PASSED] - Browser is opened with url: ''

2019-03-28 15:47:44 - [TEST_STEP][PASSED] - navigateToUrl(URL): Navigate to 'https://dev.epulse.io' successfully

2019-03-28 15:47:45 - [MESSAGE][PASSED] - Navigate to 'https://dev.epulse.io' successfully

2019-03-28 15:47:45 - [TEST_STEP][PASSED] - setText(findTestObject("Login/Email Address"), User_email): Text 'alonzo.mack@knowink.com' is set on object 'Object Repository/Login/Email Address'

2019-03-28 15:47:45 - [MESSAGE][PASSED] - Text 'alonzo.mack@knowink.com' is set on object 'Object Repository/Login/Email Address'

2019-03-28 15:47:45 - [TEST_STEP][PASSED] - setEncryptedText(findTestObject("Login/Password"), Pswrd): Text ****** has been set on object 'Object Repository/Login/Password'

2019-03-28 15:47:45 - [MESSAGE][PASSED] - Text ****** has been set on object 'Object Repository/Login/Password'

2019-03-28 15:47:45 - [TEST_STEP][PASSED] - click(findTestObject("Login/Sign In")): Object: 'Object Repository/Login/Sign In' is clicked on

2019-03-28 15:47:46 - [MESSAGE][PASSED] - Object: 'Object Repository/Login/Sign In' is clicked on

2019-03-28 15:47:46 - [TEST_STEP][PASSED] - delay(1): Delayed 1 second(s)

2019-03-28 15:47:47 - [MESSAGE][PASSED] - Delayed 1 second(s)

2019-03-28 15:47:47 - [TEST_STEP][PASSED] - navigateToUrl(Pollpad_Config_Page): Navigate to 'https://am-automation-test.dev.epulse.io/poll_pad_configs' successfully

2019-03-28 15:47:47 - [MESSAGE][PASSED] - Navigate to 'https://am-automation-test.dev.epulse.io/poll_pad_configs' successfully

2019-03-28 15:47:47 - [TEST_STEP][PASSED] - delay(1): Delayed 1 second(s)

2019-03-28 15:47:48 - [MESSAGE][PASSED] - Delayed 1 second(s)

2019-03-28 15:47:48 - [TEST_STEP][PASSED] - delay(1): Delayed 1 second(s)

2019-03-28 15:47:49 - [MESSAGE][PASSED] - Delayed 1 second(s)

2019-03-28 15:47:49 - [TEST_STEP][PASSED] - click(findTestObject("Admin Console ePulse Menu/Poll Pads/Delete Config")): Object: 'Object Repository/Admin Console ePulse Menu/Poll Pads/Delete Config' is clicked on

2019-03-28 15:47:50 - [MESSAGE][PASSED] - Object: 'Object Repository/Admin Console ePulse Menu/Poll Pads/Delete Config' is clicked on

2019-03-28 15:47:50 - [TEST_STEP][PASSED] - acceptAlert(): Alert accepted

2019-03-28 15:47:50 - [MESSAGE][PASSED] - Alert accepted

2019-03-28 15:47:50 - [TEST_STEP][PASSED] - delay(1): Delayed 1 second(s)

2019-03-28 15:47:51 - [MESSAGE][PASSED] - Delayed 1 second(s)]]></system-out>
         <system-err><![CDATA[]]></system-err>
      </testcase>
      <testcase name="Test Cases/Admin Console/Poll Pads/Poll Pad - Configuration()/Poll Pad Configuration - Add" classname="Test Cases/Admin Console/Poll Pads/Poll Pad - Configuration()/Poll Pad Configuration - Add" status="PASSED">
         <system-out><![CDATA[2019-03-28 15:47:53 - [TEST_CASE][PASSED] - Test Cases/Admin Console/Poll Pads/Poll Pad - Configuration()/Poll Pad Configuration - Add: Test Cases/Admin Console/Poll Pads/Poll Pad - Configuration()/Poll Pad Configuration - Add

2019-03-28 15:47:53 - [TEST_STEP][PASSED] - openBrowser(""): Browser is opened with url: ''

2019-03-28 15:47:53 - [MESSAGE][WARNING] - A browser is already opened. Closing browser and opening a new one

2019-03-28 15:47:53 - [MESSAGE][INFO] - Starting 'Chrome' driver

2019-03-28 15:47:54 - [MESSAGE][PASSED] - Browser is opened with url: ''

2019-03-28 15:47:54 - [TEST_STEP][PASSED] - navigateToUrl(URL): Navigate to 'https://dev.epulse.io' successfully

2019-03-28 15:47:55 - [MESSAGE][PASSED] - Navigate to 'https://dev.epulse.io' successfully

2019-03-28 15:47:55 - [TEST_STEP][PASSED] - setText(findTestObject("Login/Email Address"), User_email): Text 'alonzo.mack@knowink.com' is set on object 'Object Repository/Login/Email Address'

2019-03-28 15:47:56 - [MESSAGE][PASSED] - Text 'alonzo.mack@knowink.com' is set on object 'Object Repository/Login/Email Address'

2019-03-28 15:47:56 - [TEST_STEP][PASSED] - setEncryptedText(findTestObject("Login/Password"), Pswrd): Text ****** has been set on object 'Object Repository/Login/Password'

2019-03-28 15:47:56 - [MESSAGE][PASSED] - Text ****** has been set on object 'Object Repository/Login/Password'

2019-03-28 15:47:56 - [TEST_STEP][PASSED] - click(findTestObject("Login/Sign In")): Object: 'Object Repository/Login/Sign In' is clicked on

2019-03-28 15:47:56 - [MESSAGE][PASSED] - Object: 'Object Repository/Login/Sign In' is clicked on

2019-03-28 15:47:56 - [TEST_STEP][PASSED] - delay(1): Delayed 1 second(s)

2019-03-28 15:47:57 - [MESSAGE][PASSED] - Delayed 1 second(s)

2019-03-28 15:47:57 - [TEST_STEP][PASSED] - navigateToUrl(Pollpad_Config_Page): Navigate to 'https://am-automation-test.dev.epulse.io/poll_pad_configs' successfully

2019-03-28 15:47:58 - [MESSAGE][PASSED] - Navigate to 'https://am-automation-test.dev.epulse.io/poll_pad_configs' successfully

2019-03-28 15:47:58 - [TEST_STEP][PASSED] - delay(1): Delayed 1 second(s)

2019-03-28 15:47:59 - [MESSAGE][PASSED] - Delayed 1 second(s)

2019-03-28 15:47:59 - [TEST_STEP][PASSED] - click(findTestObject("Admin Console ePulse Menu/Poll Pads/Poll Pad Config - Add/Add Configuration")): Object: 'Object Repository/Admin Console ePulse Menu/Poll Pads/Poll Pad Config - Add/Add Configuration' is clicked on

2019-03-28 15:48:00 - [MESSAGE][PASSED] - Object: 'Object Repository/Admin Console ePulse Menu/Poll Pads/Poll Pad Config - Add/Add Configuration' is clicked on

2019-03-28 15:48:00 - [TEST_STEP][PASSED] - delay(1): Delayed 1 second(s)

2019-03-28 15:48:01 - [MESSAGE][PASSED] - Delayed 1 second(s)

2019-03-28 15:48:01 - [TEST_STEP][PASSED] - setText(findTestObject("Admin Console ePulse Menu/Poll Pads/Poll Pad Config - Add/PollPad Config Name"), "Automation Created Config"): Text 'Automation Created Config' is set on object 'Object Repository/Admin Console ePulse Menu/Poll Pads/Poll Pad Config - Add/PollPad Config Name'

2019-03-28 15:48:02 - [MESSAGE][PASSED] - Text 'Automation Created Config' is set on object 'Object Repository/Admin Console ePulse Menu/Poll Pads/Poll Pad Config - Add/PollPad Config Name'

2019-03-28 15:48:02 - [TEST_STEP][PASSED] - delay(1): Delayed 1 second(s)

2019-03-28 15:48:03 - [MESSAGE][PASSED] - Delayed 1 second(s)

2019-03-28 15:48:03 - [TEST_STEP][PASSED] - click(findTestObject("Admin Console ePulse Menu/Poll Pads/Poll Pad Config - Add/Submit Config")): Object: 'Object Repository/Admin Console ePulse Menu/Poll Pads/Poll Pad Config - Add/Submit Config' is clicked on

2019-03-28 15:48:04 - [MESSAGE][PASSED] - Object: 'Object Repository/Admin Console ePulse Menu/Poll Pads/Poll Pad Config - Add/Submit Config' is clicked on

2019-03-28 15:48:04 - [TEST_STEP][PASSED] - delay(1): Delayed 1 second(s)

2019-03-28 15:48:05 - [MESSAGE][PASSED] - Delayed 1 second(s)

2019-03-28 15:48:05 - [TEST_STEP][PASSED] - closeBrowser(): Browser is closed

2019-03-28 15:48:05 - [MESSAGE][PASSED] - Browser is closed]]></system-out>
         <system-err><![CDATA[]]></system-err>
      </testcase>
      <testcase name="Test Cases/Admin Console/Poll Pads/Poll Pad - Configuration()/Poll Pad Configuration - Import" classname="Test Cases/Admin Console/Poll Pads/Poll Pad - Configuration()/Poll Pad Configuration - Import" status="PASSED">
         <system-out><![CDATA[2019-03-28 15:48:07 - [TEST_CASE][PASSED] - Test Cases/Admin Console/Poll Pads/Poll Pad - Configuration()/Poll Pad Configuration - Import: Test Cases/Admin Console/Poll Pads/Poll Pad - Configuration()/Poll Pad Configuration - Import

2019-03-28 15:48:07 - [TEST_STEP][PASSED] - openBrowser(""): Browser is opened with url: ''

2019-03-28 15:48:07 - [MESSAGE][INFO] - Starting 'Chrome' driver

2019-03-28 15:48:08 - [MESSAGE][PASSED] - Browser is opened with url: ''

2019-03-28 15:48:08 - [TEST_STEP][PASSED] - navigateToUrl(URL): Navigate to 'https://dev.epulse.io' successfully

2019-03-28 15:48:10 - [MESSAGE][PASSED] - Navigate to 'https://dev.epulse.io' successfully

2019-03-28 15:48:10 - [TEST_STEP][PASSED] - setText(findTestObject("Login/Email Address"), User_email): Text 'alonzo.mack@knowink.com' is set on object 'Object Repository/Login/Email Address'

2019-03-28 15:48:10 - [MESSAGE][PASSED] - Text 'alonzo.mack@knowink.com' is set on object 'Object Repository/Login/Email Address'

2019-03-28 15:48:10 - [TEST_STEP][PASSED] - setEncryptedText(findTestObject("Login/Password"), Pswrd): Text ****** has been set on object 'Object Repository/Login/Password'

2019-03-28 15:48:10 - [MESSAGE][PASSED] - Text ****** has been set on object 'Object Repository/Login/Password'

2019-03-28 15:48:10 - [TEST_STEP][PASSED] - click(findTestObject("Login/Sign In")): Object: 'Object Repository/Login/Sign In' is clicked on

2019-03-28 15:48:11 - [MESSAGE][PASSED] - Object: 'Object Repository/Login/Sign In' is clicked on

2019-03-28 15:48:11 - [TEST_STEP][PASSED] - delay(1): Delayed 1 second(s)

2019-03-28 15:48:12 - [MESSAGE][PASSED] - Delayed 1 second(s)

2019-03-28 15:48:12 - [TEST_STEP][PASSED] - navigateToUrl(Pollpad_Config_Import): Navigate to 'https://am-automation-test.dev.epulse.io/imports/poll_pad_config' successfully

2019-03-28 15:48:13 - [MESSAGE][PASSED] - Navigate to 'https://am-automation-test.dev.epulse.io/imports/poll_pad_config' successfully

2019-03-28 15:48:13 - [TEST_STEP][PASSED] - delay(1): Delayed 1 second(s)

2019-03-28 15:48:14 - [MESSAGE][PASSED] - Delayed 1 second(s)

2019-03-28 15:48:14 - [TEST_STEP][PASSED] - setText(findTestObject("Common ePulse Objects/Choose File"), "/Users/alonzomack/Downloads/Automation uploads/poll_pad_config.csv"): Text '/Users/alonzomack/Downloads/Automation uploads/poll_pad_config.csv' is set on object 'Object Repository/Common ePulse Objects/Choose File'

2019-03-28 15:48:14 - [MESSAGE][PASSED] - Text '/Users/alonzomack/Downloads/Automation uploads/poll_pad_config.csv' is set on object 'Object Repository/Common ePulse Objects/Choose File'

2019-03-28 15:48:14 - [TEST_STEP][PASSED] - setText(findTestObject("Admin Console ePulse Menu/Poll Pads/Poll Pads - Configuration Import/Config Name"), "Test Config"): Text 'Test Config' is set on object 'Object Repository/Admin Console ePulse Menu/Poll Pads/Poll Pads - Configuration Import/Config Name'

2019-03-28 15:48:14 - [MESSAGE][PASSED] - Text 'Test Config' is set on object 'Object Repository/Admin Console ePulse Menu/Poll Pads/Poll Pads - Configuration Import/Config Name'

2019-03-28 15:48:14 - [TEST_STEP][PASSED] - click(findTestObject("Common ePulse Objects/Continue Button")): Object: 'Object Repository/Common ePulse Objects/Continue Button' is clicked on

2019-03-28 15:48:14 - [MESSAGE][PASSED] - Object: 'Object Repository/Common ePulse Objects/Continue Button' is clicked on

2019-03-28 15:48:14 - [TEST_STEP][PASSED] - delay(1): Delayed 1 second(s)

2019-03-28 15:48:15 - [MESSAGE][PASSED] - Delayed 1 second(s)

2019-03-28 15:48:15 - [TEST_STEP][PASSED] - click(findTestObject("Common ePulse Objects/button_Done(working)")): Object: 'Object Repository/Common ePulse Objects/button_Done(working)' is clicked on

2019-03-28 15:48:18 - [MESSAGE][PASSED] - Object: 'Object Repository/Common ePulse Objects/button_Done(working)' is clicked on

2019-03-28 15:48:18 - [TEST_STEP][PASSED] - closeBrowser(STOP_ON_FAILURE): Browser is closed

2019-03-28 15:48:18 - [MESSAGE][PASSED] - Browser is closed]]></system-out>
         <system-err><![CDATA[]]></system-err>
      </testcase>
      <testcase name="Test Cases/Admin Console/Poll Pads/Poll Pad - Configuration()/Poll Pad Configuration - Copy" classname="Test Cases/Admin Console/Poll Pads/Poll Pad - Configuration()/Poll Pad Configuration - Copy" status="PASSED">
         <system-out><![CDATA[2019-03-28 15:48:21 - [TEST_CASE][PASSED] - Test Cases/Admin Console/Poll Pads/Poll Pad - Configuration()/Poll Pad Configuration - Copy: Test Cases/Admin Console/Poll Pads/Poll Pad - Configuration()/Poll Pad Configuration - Copy

2019-03-28 15:48:21 - [TEST_STEP][PASSED] - openBrowser(""): Browser is opened with url: ''

2019-03-28 15:48:21 - [MESSAGE][INFO] - Starting 'Chrome' driver

2019-03-28 15:48:22 - [MESSAGE][PASSED] - Browser is opened with url: ''

2019-03-28 15:48:22 - [TEST_STEP][PASSED] - navigateToUrl(URL): Navigate to 'https://dev.epulse.io' successfully

2019-03-28 15:48:23 - [MESSAGE][PASSED] - Navigate to 'https://dev.epulse.io' successfully

2019-03-28 15:48:23 - [TEST_STEP][PASSED] - setText(findTestObject("Login/Email Address"), User_email): Text 'alonzo.mack@knowink.com' is set on object 'Object Repository/Login/Email Address'

2019-03-28 15:48:23 - [MESSAGE][PASSED] - Text 'alonzo.mack@knowink.com' is set on object 'Object Repository/Login/Email Address'

2019-03-28 15:48:23 - [TEST_STEP][PASSED] - setEncryptedText(findTestObject("Login/Password"), Pswrd): Text ****** has been set on object 'Object Repository/Login/Password'

2019-03-28 15:48:24 - [MESSAGE][PASSED] - Text ****** has been set on object 'Object Repository/Login/Password'

2019-03-28 15:48:24 - [TEST_STEP][PASSED] - click(findTestObject("Login/Sign In")): Object: 'Object Repository/Login/Sign In' is clicked on

2019-03-28 15:48:24 - [MESSAGE][PASSED] - Object: 'Object Repository/Login/Sign In' is clicked on

2019-03-28 15:48:24 - [TEST_STEP][PASSED] - delay(1): Delayed 1 second(s)

2019-03-28 15:48:25 - [MESSAGE][PASSED] - Delayed 1 second(s)

2019-03-28 15:48:25 - [TEST_STEP][PASSED] - navigateToUrl(Pollpad_Config_Page): Navigate to 'https://am-automation-test.dev.epulse.io/poll_pad_configs' successfully

2019-03-28 15:48:26 - [MESSAGE][PASSED] - Navigate to 'https://am-automation-test.dev.epulse.io/poll_pad_configs' successfully

2019-03-28 15:48:26 - [TEST_STEP][PASSED] - delay(1): Delayed 1 second(s)

2019-03-28 15:48:27 - [MESSAGE][PASSED] - Delayed 1 second(s)

2019-03-28 15:48:27 - [TEST_STEP][PASSED] - click(findTestObject("Admin Console ePulse Menu/Poll Pads/Copy Config")): Object: 'Object Repository/Admin Console ePulse Menu/Poll Pads/Copy Config' is clicked on

2019-03-28 15:48:27 - [MESSAGE][PASSED] - Object: 'Object Repository/Admin Console ePulse Menu/Poll Pads/Copy Config' is clicked on

2019-03-28 15:48:27 - [TEST_STEP][PASSED] - delay(1): Delayed 1 second(s)

2019-03-28 15:48:28 - [MESSAGE][PASSED] - Delayed 1 second(s)

2019-03-28 15:48:28 - [TEST_STEP][PASSED] - setText(findTestObject("Admin Console ePulse Menu/Poll Pads/PollPad Config Name(copy)"), "Copy of selected config"): Text 'Copy of selected config' is set on object 'Object Repository/Admin Console ePulse Menu/Poll Pads/PollPad Config Name(copy)'

2019-03-28 15:48:28 - [MESSAGE][PASSED] - Text 'Copy of selected config' is set on object 'Object Repository/Admin Console ePulse Menu/Poll Pads/PollPad Config Name(copy)'

2019-03-28 15:48:28 - [TEST_STEP][PASSED] - delay(1): Delayed 1 second(s)

2019-03-28 15:48:29 - [MESSAGE][PASSED] - Delayed 1 second(s)

2019-03-28 15:48:29 - [TEST_STEP][PASSED] - click(findTestObject("Admin Console ePulse Menu/Poll Pads/Submit COPY")): Object: 'Object Repository/Admin Console ePulse Menu/Poll Pads/Submit COPY' is clicked on

2019-03-28 15:48:30 - [MESSAGE][PASSED] - Object: 'Object Repository/Admin Console ePulse Menu/Poll Pads/Submit COPY' is clicked on

2019-03-28 15:48:30 - [TEST_STEP][PASSED] - delay(1): Delayed 1 second(s)

2019-03-28 15:48:31 - [MESSAGE][PASSED] - Delayed 1 second(s)

2019-03-28 15:48:31 - [TEST_STEP][PASSED] - closeBrowser(STOP_ON_FAILURE): Browser is closed

2019-03-28 15:48:31 - [MESSAGE][PASSED] - Browser is closed]]></system-out>
         <system-err><![CDATA[]]></system-err>
      </testcase>
      <testcase name="Test Cases/Admin Console/Poll Pads/Poll Pad - Configuration()/Poll Pad Configuration - Export" classname="Test Cases/Admin Console/Poll Pads/Poll Pad - Configuration()/Poll Pad Configuration - Export" status="PASSED">
         <system-out><![CDATA[2019-03-28 15:48:33 - [TEST_CASE][PASSED] - Test Cases/Admin Console/Poll Pads/Poll Pad - Configuration()/Poll Pad Configuration - Export: Test Cases/Admin Console/Poll Pads/Poll Pad - Configuration()/Poll Pad Configuration - Export

2019-03-28 15:48:33 - [TEST_STEP][PASSED] - openBrowser(""): Browser is opened with url: ''

2019-03-28 15:48:33 - [MESSAGE][INFO] - Starting 'Chrome' driver

2019-03-28 15:48:34 - [MESSAGE][PASSED] - Browser is opened with url: ''

2019-03-28 15:48:34 - [TEST_STEP][PASSED] - navigateToUrl(URL): Navigate to 'https://dev.epulse.io' successfully

2019-03-28 15:48:38 - [MESSAGE][PASSED] - Navigate to 'https://dev.epulse.io' successfully

2019-03-28 15:48:38 - [TEST_STEP][PASSED] - setText(findTestObject("Login/Email Address"), User_email): Text 'alonzo.mack@knowink.com' is set on object 'Object Repository/Login/Email Address'

2019-03-28 15:48:39 - [MESSAGE][PASSED] - Text 'alonzo.mack@knowink.com' is set on object 'Object Repository/Login/Email Address'

2019-03-28 15:48:39 - [TEST_STEP][PASSED] - setEncryptedText(findTestObject("Login/Password"), Pswrd): Text ****** has been set on object 'Object Repository/Login/Password'

2019-03-28 15:48:39 - [MESSAGE][PASSED] - Text ****** has been set on object 'Object Repository/Login/Password'

2019-03-28 15:48:39 - [TEST_STEP][PASSED] - click(findTestObject("Login/Sign In")): Object: 'Object Repository/Login/Sign In' is clicked on

2019-03-28 15:48:40 - [MESSAGE][PASSED] - Object: 'Object Repository/Login/Sign In' is clicked on

2019-03-28 15:48:40 - [TEST_STEP][PASSED] - delay(1): Delayed 1 second(s)

2019-03-28 15:48:41 - [MESSAGE][PASSED] - Delayed 1 second(s)

2019-03-28 15:48:41 - [TEST_STEP][PASSED] - navigateToUrl(Pollpad_Config_Page): Navigate to 'https://am-automation-test.dev.epulse.io/poll_pad_configs' successfully

2019-03-28 15:48:42 - [MESSAGE][PASSED] - Navigate to 'https://am-automation-test.dev.epulse.io/poll_pad_configs' successfully

2019-03-28 15:48:42 - [TEST_STEP][PASSED] - delay(1): Delayed 1 second(s)

2019-03-28 15:48:43 - [MESSAGE][PASSED] - Delayed 1 second(s)

2019-03-28 15:48:43 - [TEST_STEP][PASSED] - click(findTestObject("Admin Console ePulse Menu/Poll Pads/Export Config")): Object: 'Object Repository/Admin Console ePulse Menu/Poll Pads/Export Config' is clicked on

2019-03-28 15:48:43 - [MESSAGE][PASSED] - Object: 'Object Repository/Admin Console ePulse Menu/Poll Pads/Export Config' is clicked on

2019-03-28 15:48:43 - [TEST_STEP][PASSED] - delay(2): Delayed 2 second(s)

2019-03-28 15:48:45 - [MESSAGE][PASSED] - Delayed 2 second(s)

2019-03-28 15:48:45 - [TEST_STEP][PASSED] - closeBrowser(): Browser is closed

2019-03-28 15:48:45 - [MESSAGE][PASSED] - Browser is closed]]></system-out>
         <system-err><![CDATA[]]></system-err>
      </testcase>
      <testcase name="Test Cases/SuperAdminConsole/Poll Pads/PollPad - Add" classname="Test Cases/SuperAdminConsole/Poll Pads/PollPad - Add" status="PASSED">
         <system-out><![CDATA[2019-03-28 15:48:47 - [TEST_CASE][PASSED] - Test Cases/SuperAdminConsole/Poll Pads/PollPad - Add: Test Cases/SuperAdminConsole/Poll Pads/PollPad - Add

2019-03-28 15:48:47 - [TEST_STEP][PASSED] - openBrowser(""): Browser is opened with url: ''

2019-03-28 15:48:47 - [MESSAGE][INFO] - Starting 'Chrome' driver

2019-03-28 15:48:49 - [MESSAGE][PASSED] - Browser is opened with url: ''

2019-03-28 15:48:49 - [TEST_STEP][PASSED] - navigateToUrl(URL): Navigate to 'https://dev.epulse.io' successfully

2019-03-28 15:48:50 - [MESSAGE][PASSED] - Navigate to 'https://dev.epulse.io' successfully

2019-03-28 15:48:50 - [TEST_STEP][PASSED] - setText(findTestObject("Login/Email Address"), User_email): Text 'alonzo.mack@knowink.com' is set on object 'Object Repository/Login/Email Address'

2019-03-28 15:48:50 - [MESSAGE][PASSED] - Text 'alonzo.mack@knowink.com' is set on object 'Object Repository/Login/Email Address'

2019-03-28 15:48:50 - [TEST_STEP][PASSED] - setEncryptedText(findTestObject("Login/Password"), Pswrd): Text ****** has been set on object 'Object Repository/Login/Password'

2019-03-28 15:48:51 - [MESSAGE][PASSED] - Text ****** has been set on object 'Object Repository/Login/Password'

2019-03-28 15:48:51 - [TEST_STEP][PASSED] - click(findTestObject("Login/Sign In")): Object: 'Object Repository/Login/Sign In' is clicked on

2019-03-28 15:48:51 - [MESSAGE][PASSED] - Object: 'Object Repository/Login/Sign In' is clicked on

2019-03-28 15:48:51 - [TEST_STEP][PASSED] - delay(1): Delayed 1 second(s)

2019-03-28 15:48:52 - [MESSAGE][PASSED] - Delayed 1 second(s)

2019-03-28 15:48:52 - [TEST_STEP][PASSED] - click(findTestObject("SuperAdminConsole/Poll Pads/POLL PADS link")): Object: 'Object Repository/SuperAdminConsole/Poll Pads/POLL PADS link' is clicked on

2019-03-28 15:48:53 - [MESSAGE][PASSED] - Object: 'Object Repository/SuperAdminConsole/Poll Pads/POLL PADS link' is clicked on

2019-03-28 15:48:53 - [TEST_STEP][PASSED] - delay(1): Delayed 1 second(s)

2019-03-28 15:48:54 - [MESSAGE][PASSED] - Delayed 1 second(s)

2019-03-28 15:48:54 - [TEST_STEP][PASSED] - click(findTestObject("SuperAdminConsole/Poll Pads/Add Poll Pad")): Object: 'Object Repository/SuperAdminConsole/Poll Pads/Add Poll Pad' is clicked on

2019-03-28 15:48:54 - [MESSAGE][PASSED] - Object: 'Object Repository/SuperAdminConsole/Poll Pads/Add Poll Pad' is clicked on

2019-03-28 15:48:54 - [TEST_STEP][PASSED] - delay(1): Delayed 1 second(s)

2019-03-28 15:48:55 - [MESSAGE][PASSED] - Delayed 1 second(s)

2019-03-28 15:48:55 - [TEST_STEP][PASSED] - setText(findTestObject("SuperAdminConsole/Poll Pads/Add Poll Pad Options/Poll_Pad_Name"), "Test PollPad"): Text 'Test PollPad' is set on object 'Object Repository/SuperAdminConsole/Poll Pads/Add Poll Pad Options/Poll_Pad_Name'

2019-03-28 15:48:55 - [MESSAGE][PASSED] - Text 'Test PollPad' is set on object 'Object Repository/SuperAdminConsole/Poll Pads/Add Poll Pad Options/Poll_Pad_Name'

2019-03-28 15:48:55 - [TEST_STEP][PASSED] - delay(1): Delayed 1 second(s)

2019-03-28 15:48:56 - [MESSAGE][PASSED] - Delayed 1 second(s)

2019-03-28 15:48:56 - [TEST_STEP][PASSED] - click(findTestObject("SuperAdminConsole/Poll Pads/Add Poll Pad Options/Account")): Object: 'Object Repository/SuperAdminConsole/Poll Pads/Add Poll Pad Options/Account' is clicked on

2019-03-28 15:48:56 - [MESSAGE][PASSED] - Object: 'Object Repository/SuperAdminConsole/Poll Pads/Add Poll Pad Options/Account' is clicked on

2019-03-28 15:48:56 - [TEST_STEP][PASSED] - click(findTestObject("SuperAdminConsole/Poll Pads/AM-Mississippi")): Object: 'Object Repository/SuperAdminConsole/Poll Pads/AM-Mississippi' is clicked on

2019-03-28 15:48:56 - [MESSAGE][PASSED] - Object: 'Object Repository/SuperAdminConsole/Poll Pads/AM-Mississippi' is clicked on

2019-03-28 15:48:56 - [TEST_STEP][PASSED] - delay(1): Delayed 1 second(s)

2019-03-28 15:48:57 - [MESSAGE][PASSED] - Delayed 1 second(s)

2019-03-28 15:48:57 - [TEST_STEP][PASSED] - click(findTestObject("SuperAdminConsole/Poll Pads/Add Poll Pad Options/Polling Places"), STOP_ON_FAILURE): Object: 'Object Repository/SuperAdminConsole/Poll Pads/Add Poll Pad Options/Polling Places' is clicked on

2019-03-28 15:48:58 - [MESSAGE][PASSED] - Object: 'Object Repository/SuperAdminConsole/Poll Pads/Add Poll Pad Options/Polling Places' is clicked on

2019-03-28 15:48:58 - [TEST_STEP][PASSED] - click(findTestObject("SuperAdminConsole/Poll Pads/Add Poll Pad Options/Polling Place(CATO FIRE STATION)"), STOP_ON_FAILURE): Object: 'Object Repository/SuperAdminConsole/Poll Pads/Add Poll Pad Options/Polling Place(CATO FIRE STATION)' is clicked on

2019-03-28 15:48:58 - [MESSAGE][PASSED] - Object: 'Object Repository/SuperAdminConsole/Poll Pads/Add Poll Pad Options/Polling Place(CATO FIRE STATION)' is clicked on

2019-03-28 15:48:58 - [TEST_STEP][PASSED] - delay(1): Delayed 1 second(s)

2019-03-28 15:48:59 - [MESSAGE][PASSED] - Delayed 1 second(s)

2019-03-28 15:48:59 - [TEST_STEP][PASSED] - click(findTestObject("SuperAdminConsole/Poll Pads/Add Poll Pad Options/Configuration")): Object: 'Object Repository/SuperAdminConsole/Poll Pads/Add Poll Pad Options/Configuration' is clicked on

2019-03-28 15:48:59 - [MESSAGE][PASSED] - Object: 'Object Repository/SuperAdminConsole/Poll Pads/Add Poll Pad Options/Configuration' is clicked on

2019-03-28 15:48:59 - [TEST_STEP][PASSED] - delay(1): Delayed 1 second(s)

2019-03-28 15:49:00 - [MESSAGE][PASSED] - Delayed 1 second(s)

2019-03-28 15:49:00 - [TEST_STEP][PASSED] - click(findTestObject("Admin Console ePulse Menu/Account Settings/Prompts/Prompt Criteria Modal/Save")): Object: 'Object Repository/Admin Console ePulse Menu/Account Settings/Prompts/Prompt Criteria Modal/Save' is clicked on

2019-03-28 15:49:00 - [MESSAGE][PASSED] - Object: 'Object Repository/Admin Console ePulse Menu/Account Settings/Prompts/Prompt Criteria Modal/Save' is clicked on

2019-03-28 15:49:00 - [TEST_STEP][PASSED] - delay(1): Delayed 1 second(s)

2019-03-28 15:49:01 - [MESSAGE][PASSED] - Delayed 1 second(s)

2019-03-28 15:49:01 - [TEST_STEP][PASSED] - closeBrowser(): Browser is closed

2019-03-28 15:49:01 - [MESSAGE][PASSED] - Browser is closed]]></system-out>
         <system-err><![CDATA[]]></system-err>
      </testcase>
      <testcase name="Test Cases/SuperAdminConsole/Poll Pads/PollPad_Assign" classname="Test Cases/SuperAdminConsole/Poll Pads/PollPad_Assign" status="PASSED">
         <system-out><![CDATA[2019-03-28 15:49:03 - [TEST_CASE][PASSED] - Test Cases/SuperAdminConsole/Poll Pads/PollPad_Assign: Test Cases/SuperAdminConsole/Poll Pads/PollPad_Assign

2019-03-28 15:49:03 - [TEST_STEP][PASSED] - openBrowser("https://epulsedev2.com"): Browser is opened with url: 'https://epulsedev2.com'

2019-03-28 15:49:03 - [MESSAGE][INFO] - Starting 'Chrome' driver

2019-03-28 15:49:08 - [MESSAGE][PASSED] - Browser is opened with url: 'https://epulsedev2.com'

2019-03-28 15:49:08 - [TEST_STEP][PASSED] - openBrowser(""): Browser is opened with url: ''

2019-03-28 15:49:08 - [MESSAGE][WARNING] - A browser is already opened. Closing browser and opening a new one

2019-03-28 15:49:08 - [MESSAGE][INFO] - Starting 'Chrome' driver

2019-03-28 15:49:09 - [MESSAGE][PASSED] - Browser is opened with url: ''

2019-03-28 15:49:09 - [TEST_STEP][PASSED] - navigateToUrl(URL): Navigate to 'https://dev.epulse.io' successfully

2019-03-28 15:49:10 - [MESSAGE][PASSED] - Navigate to 'https://dev.epulse.io' successfully

2019-03-28 15:49:10 - [TEST_STEP][PASSED] - setText(findTestObject("Login/Email Address"), User_email): Text 'alonzo.mack@knowink.com' is set on object 'Object Repository/Login/Email Address'

2019-03-28 15:49:11 - [MESSAGE][PASSED] - Text 'alonzo.mack@knowink.com' is set on object 'Object Repository/Login/Email Address'

2019-03-28 15:49:11 - [TEST_STEP][PASSED] - setEncryptedText(findTestObject("Login/Password"), Pswrd): Text ****** has been set on object 'Object Repository/Login/Password'

2019-03-28 15:49:11 - [MESSAGE][PASSED] - Text ****** has been set on object 'Object Repository/Login/Password'

2019-03-28 15:49:11 - [TEST_STEP][PASSED] - click(findTestObject("Login/Sign In")): Object: 'Object Repository/Login/Sign In' is clicked on

2019-03-28 15:49:11 - [MESSAGE][PASSED] - Object: 'Object Repository/Login/Sign In' is clicked on

2019-03-28 15:49:11 - [TEST_STEP][PASSED] - delay(1): Delayed 1 second(s)

2019-03-28 15:49:12 - [MESSAGE][PASSED] - Delayed 1 second(s)

2019-03-28 15:49:12 - [TEST_STEP][PASSED] - click(findTestObject("SuperAdminConsole/Poll Pads/POLL PADS link")): Object: 'Object Repository/SuperAdminConsole/Poll Pads/POLL PADS link' is clicked on

2019-03-28 15:49:13 - [MESSAGE][PASSED] - Object: 'Object Repository/SuperAdminConsole/Poll Pads/POLL PADS link' is clicked on

2019-03-28 15:49:13 - [TEST_STEP][PASSED] - delay(1): Delayed 1 second(s)

2019-03-28 15:49:14 - [MESSAGE][PASSED] - Delayed 1 second(s)

2019-03-28 15:49:14 - [TEST_STEP][PASSED] - setText(findTestObject("SuperAdminConsole/Poll Pads/Test PollPad table search"), "Test Pollpad"): Text 'Test Pollpad' is set on object 'Object Repository/SuperAdminConsole/Poll Pads/Test PollPad table search'

2019-03-28 15:49:14 - [MESSAGE][PASSED] - Text 'Test Pollpad' is set on object 'Object Repository/SuperAdminConsole/Poll Pads/Test PollPad table search'

2019-03-28 15:49:14 - [TEST_STEP][PASSED] - delay(1): Delayed 1 second(s)

2019-03-28 15:49:15 - [MESSAGE][PASSED] - Delayed 1 second(s)

2019-03-28 15:49:15 - [TEST_STEP][PASSED] - click(findTestObject("SuperAdminConsole/Poll Pads/Add Poll Pad Options/Assign/edit pad-AM-Mississippi")): Object: 'Object Repository/SuperAdminConsole/Poll Pads/Add Poll Pad Options/Assign/edit pad-AM-Mississippi' is clicked on

2019-03-28 15:49:15 - [MESSAGE][PASSED] - Object: 'Object Repository/SuperAdminConsole/Poll Pads/Add Poll Pad Options/Assign/edit pad-AM-Mississippi' is clicked on

2019-03-28 15:49:15 - [TEST_STEP][PASSED] - delay(1): Delayed 1 second(s)

2019-03-28 15:49:16 - [MESSAGE][PASSED] - Delayed 1 second(s)

2019-03-28 15:49:16 - [TEST_STEP][PASSED] - click(findTestObject("SuperAdminConsole/Poll Pads/Add Poll Pad Options/Account")): Object: 'Object Repository/SuperAdminConsole/Poll Pads/Add Poll Pad Options/Account' is clicked on

2019-03-28 15:49:16 - [MESSAGE][PASSED] - Object: 'Object Repository/SuperAdminConsole/Poll Pads/Add Poll Pad Options/Account' is clicked on

2019-03-28 15:49:16 - [TEST_STEP][PASSED] - delay(1): Delayed 1 second(s)

2019-03-28 15:49:17 - [MESSAGE][PASSED] - Delayed 1 second(s)

2019-03-28 15:49:17 - [TEST_STEP][PASSED] - click(findTestObject("SuperAdminConsole/Poll Pads/Add Poll Pad Options/Assign/Account(am-Automation-test)")): Object: 'Object Repository/SuperAdminConsole/Poll Pads/Add Poll Pad Options/Assign/Account(am-Automation-test)' is clicked on

2019-03-28 15:49:18 - [MESSAGE][PASSED] - Object: 'Object Repository/SuperAdminConsole/Poll Pads/Add Poll Pad Options/Assign/Account(am-Automation-test)' is clicked on

2019-03-28 15:49:18 - [TEST_STEP][PASSED] - delay(1): Delayed 1 second(s)

2019-03-28 15:49:19 - [MESSAGE][PASSED] - Delayed 1 second(s)

2019-03-28 15:49:19 - [TEST_STEP][PASSED] - click(findTestObject("SuperAdminConsole/Poll Pads/Add Poll Pad Options/Election")): Object: 'Object Repository/SuperAdminConsole/Poll Pads/Add Poll Pad Options/Election' is clicked on

2019-03-28 15:49:19 - [MESSAGE][PASSED] - Object: 'Object Repository/SuperAdminConsole/Poll Pads/Add Poll Pad Options/Election' is clicked on

2019-03-28 15:49:19 - [TEST_STEP][PASSED] - click(findTestObject("SuperAdminConsole/Poll Pads/Add Poll Pad Options/Assign/Election(Election Creation)")): Object: 'Object Repository/SuperAdminConsole/Poll Pads/Add Poll Pad Options/Assign/Election(Election Creation)' is clicked on

2019-03-28 15:49:19 - [MESSAGE][PASSED] - Object: 'Object Repository/SuperAdminConsole/Poll Pads/Add Poll Pad Options/Assign/Election(Election Creation)' is clicked on

2019-03-28 15:49:19 - [TEST_STEP][PASSED] - delay(1): Delayed 1 second(s)

2019-03-28 15:49:20 - [MESSAGE][PASSED] - Delayed 1 second(s)

2019-03-28 15:49:20 - [TEST_STEP][PASSED] - click(findTestObject("SuperAdminConsole/Poll Pads/Add Poll Pad Options/Polling Places")): Object: 'Object Repository/SuperAdminConsole/Poll Pads/Add Poll Pad Options/Polling Places' is clicked on

2019-03-28 15:49:20 - [MESSAGE][PASSED] - Object: 'Object Repository/SuperAdminConsole/Poll Pads/Add Poll Pad Options/Polling Places' is clicked on

2019-03-28 15:49:20 - [TEST_STEP][PASSED] - click(findTestObject("SuperAdminConsole/Poll Pads/Add Poll Pad Options/Assign/Polling Place(MATHEWS DICKEY)")): Object: 'Object Repository/SuperAdminConsole/Poll Pads/Add Poll Pad Options/Assign/Polling Place(MATHEWS DICKEY)' is clicked on

2019-03-28 15:49:20 - [MESSAGE][PASSED] - Object: 'Object Repository/SuperAdminConsole/Poll Pads/Add Poll Pad Options/Assign/Polling Place(MATHEWS DICKEY)' is clicked on

2019-03-28 15:49:20 - [TEST_STEP][PASSED] - delay(1): Delayed 1 second(s)

2019-03-28 15:49:21 - [MESSAGE][PASSED] - Delayed 1 second(s)

2019-03-28 15:49:21 - [TEST_STEP][PASSED] - selectOptionByLabel(findTestObject("SuperAdminConsole/Poll Pads/Add Poll Pad Options/Assign/Select Configuration"), "Automation Created Config", true): All options with label 'Automation Created Config' are selected in object 'Object Repository/SuperAdminConsole/Poll Pads/Add Poll Pad Options/Assign/Select Configuration'  using regular expression

2019-03-28 15:49:21 - [MESSAGE][PASSED] - All options with label 'Automation Created Config' are selected in object 'Object Repository/SuperAdminConsole/Poll Pads/Add Poll Pad Options/Assign/Select Configuration'  using regular expression

2019-03-28 15:49:21 - [TEST_STEP][PASSED] - delay(1): Delayed 1 second(s)

2019-03-28 15:49:22 - [MESSAGE][PASSED] - Delayed 1 second(s)

2019-03-28 15:49:22 - [TEST_STEP][PASSED] - click(findTestObject("Admin Console ePulse Menu/Account Settings/Prompts/Prompt Criteria Modal/Save")): Object: 'Object Repository/Admin Console ePulse Menu/Account Settings/Prompts/Prompt Criteria Modal/Save' is clicked on

2019-03-28 15:49:22 - [MESSAGE][PASSED] - Object: 'Object Repository/Admin Console ePulse Menu/Account Settings/Prompts/Prompt Criteria Modal/Save' is clicked on

2019-03-28 15:49:22 - [TEST_STEP][PASSED] - delay(1): Delayed 1 second(s)

2019-03-28 15:49:23 - [MESSAGE][PASSED] - Delayed 1 second(s)

2019-03-28 15:49:23 - [TEST_STEP][PASSED] - closeBrowser(): Browser is closed

2019-03-28 15:49:23 - [MESSAGE][PASSED] - Browser is closed]]></system-out>
         <system-err><![CDATA[]]></system-err>
      </testcase>
      <testcase name="Test Cases/Admin Console/Election Setup/Ballot Styles/Ballot Styles - Downloads" classname="Test Cases/Admin Console/Election Setup/Ballot Styles/Ballot Styles - Downloads" status="PASSED">
         <system-out><![CDATA[2019-03-28 15:49:25 - [TEST_CASE][PASSED] - Test Cases/Admin Console/Election Setup/Ballot Styles/Ballot Styles - Downloads: Test Cases/Admin Console/Election Setup/Ballot Styles/Ballot Styles - Downloads

2019-03-28 15:49:25 - [TEST_STEP][PASSED] - openBrowser(""): Browser is opened with url: ''

2019-03-28 15:49:25 - [MESSAGE][INFO] - Starting 'Chrome' driver

2019-03-28 15:49:26 - [MESSAGE][PASSED] - Browser is opened with url: ''

2019-03-28 15:49:26 - [TEST_STEP][PASSED] - navigateToUrl(URL): Navigate to 'https://dev.epulse.io' successfully

2019-03-28 15:49:28 - [MESSAGE][PASSED] - Navigate to 'https://dev.epulse.io' successfully

2019-03-28 15:49:28 - [TEST_STEP][PASSED] - setText(findTestObject("Login/Email Address"), User_email): Text 'alonzo.mack@knowink.com' is set on object 'Object Repository/Login/Email Address'

2019-03-28 15:49:28 - [MESSAGE][PASSED] - Text 'alonzo.mack@knowink.com' is set on object 'Object Repository/Login/Email Address'

2019-03-28 15:49:28 - [TEST_STEP][PASSED] - setEncryptedText(findTestObject("Login/Password"), Pswrd): Text ****** has been set on object 'Object Repository/Login/Password'

2019-03-28 15:49:28 - [MESSAGE][PASSED] - Text ****** has been set on object 'Object Repository/Login/Password'

2019-03-28 15:49:28 - [TEST_STEP][PASSED] - click(findTestObject("Login/Sign In")): Object: 'Object Repository/Login/Sign In' is clicked on

2019-03-28 15:49:29 - [MESSAGE][PASSED] - Object: 'Object Repository/Login/Sign In' is clicked on

2019-03-28 15:49:29 - [TEST_STEP][PASSED] - delay(1): Delayed 1 second(s)

2019-03-28 15:49:30 - [MESSAGE][PASSED] - Delayed 1 second(s)

2019-03-28 15:49:30 - [TEST_STEP][PASSED] - navigateToUrl(Ballot_Types): Navigate to 'https://am-automation-test.dev.epulse.io/ballot_types' successfully

2019-03-28 15:49:31 - [MESSAGE][PASSED] - Navigate to 'https://am-automation-test.dev.epulse.io/ballot_types' successfully

2019-03-28 15:49:31 - [TEST_STEP][PASSED] - delay(1): Delayed 1 second(s)

2019-03-28 15:49:32 - [MESSAGE][PASSED] - Delayed 1 second(s)

2019-03-28 15:49:32 - [TEST_STEP][PASSED] - click(findTestObject("Admin Console ePulse Menu/Election Setup/Ballot Styles/Download")): Object: 'Object Repository/Admin Console ePulse Menu/Election Setup/Ballot Styles/Download' is clicked on

2019-03-28 15:49:33 - [MESSAGE][PASSED] - Object: 'Object Repository/Admin Console ePulse Menu/Election Setup/Ballot Styles/Download' is clicked on

2019-03-28 15:49:33 - [TEST_STEP][PASSED] - delay(2): Delayed 2 second(s)

2019-03-28 15:49:35 - [MESSAGE][PASSED] - Delayed 2 second(s)

2019-03-28 15:49:35 - [TEST_STEP][NOT_RUN] - click(findTestObject("Common ePulse Objects/button_Done(working)")): NOT_RUN: click(findTestObject("Common ePulse Objects/button_Done(working)"))

2019-03-28 15:49:35 - [MESSAGE][NOT_RUN] - NOT_RUN: click(findTestObject("Common ePulse Objects/button_Done(working)"))

2019-03-28 15:49:35 - [TEST_STEP][PASSED] - closeBrowser(STOP_ON_FAILURE): Browser is closed

2019-03-28 15:49:35 - [MESSAGE][PASSED] - Browser is closed]]></system-out>
         <system-err><![CDATA[]]></system-err>
      </testcase>
      <testcase name="Test Cases/Admin Console/Election Setup/Ballot Styles/Ballot Styles - Import" classname="Test Cases/Admin Console/Election Setup/Ballot Styles/Ballot Styles - Import" status="PASSED">
         <system-out><![CDATA[2019-03-28 15:49:37 - [TEST_CASE][PASSED] - Test Cases/Admin Console/Election Setup/Ballot Styles/Ballot Styles - Import: Test Cases/Admin Console/Election Setup/Ballot Styles/Ballot Styles - Import

2019-03-28 15:49:37 - [TEST_STEP][PASSED] - openBrowser(""): Browser is opened with url: ''

2019-03-28 15:49:37 - [MESSAGE][INFO] - Starting 'Chrome' driver

2019-03-28 15:49:39 - [MESSAGE][PASSED] - Browser is opened with url: ''

2019-03-28 15:49:39 - [TEST_STEP][PASSED] - navigateToUrl(URL): Navigate to 'https://dev.epulse.io' successfully

2019-03-28 15:49:43 - [MESSAGE][PASSED] - Navigate to 'https://dev.epulse.io' successfully

2019-03-28 15:49:43 - [TEST_STEP][PASSED] - setText(findTestObject("Login/Email Address"), User_email): Text 'alonzo.mack@knowink.com' is set on object 'Object Repository/Login/Email Address'

2019-03-28 15:49:43 - [MESSAGE][PASSED] - Text 'alonzo.mack@knowink.com' is set on object 'Object Repository/Login/Email Address'

2019-03-28 15:49:43 - [TEST_STEP][PASSED] - setEncryptedText(findTestObject("Login/Password"), Pswrd): Text ****** has been set on object 'Object Repository/Login/Password'

2019-03-28 15:49:43 - [MESSAGE][PASSED] - Text ****** has been set on object 'Object Repository/Login/Password'

2019-03-28 15:49:43 - [TEST_STEP][PASSED] - click(findTestObject("Login/Sign In")): Object: 'Object Repository/Login/Sign In' is clicked on

2019-03-28 15:49:44 - [MESSAGE][PASSED] - Object: 'Object Repository/Login/Sign In' is clicked on

2019-03-28 15:49:44 - [TEST_STEP][PASSED] - delay(1): Delayed 1 second(s)

2019-03-28 15:49:45 - [MESSAGE][PASSED] - Delayed 1 second(s)

2019-03-28 15:49:45 - [TEST_STEP][PASSED] - navigateToUrl(Ballot_Types): Navigate to 'https://am-automation-test.dev.epulse.io/ballot_types' successfully

2019-03-28 15:49:46 - [MESSAGE][PASSED] - Navigate to 'https://am-automation-test.dev.epulse.io/ballot_types' successfully

2019-03-28 15:49:46 - [TEST_STEP][PASSED] - delay(1): Delayed 1 second(s)

2019-03-28 15:49:47 - [MESSAGE][PASSED] - Delayed 1 second(s)

2019-03-28 15:49:47 - [TEST_STEP][PASSED] - click(findTestObject("Admin Console ePulse Menu/Election Setup/Ballot Styles/Import")): Object: 'Object Repository/Admin Console ePulse Menu/Election Setup/Ballot Styles/Import' is clicked on

2019-03-28 15:49:48 - [MESSAGE][PASSED] - Object: 'Object Repository/Admin Console ePulse Menu/Election Setup/Ballot Styles/Import' is clicked on

2019-03-28 15:49:48 - [TEST_STEP][PASSED] - setText(findTestObject("Common ePulse Objects/Choose File"), "/Users/alonzomack/Downloads/Automation uploads/ballot_types.csv"): Text '/Users/alonzomack/Downloads/Automation uploads/ballot_types.csv' is set on object 'Object Repository/Common ePulse Objects/Choose File'

2019-03-28 15:49:48 - [MESSAGE][PASSED] - Text '/Users/alonzomack/Downloads/Automation uploads/ballot_types.csv' is set on object 'Object Repository/Common ePulse Objects/Choose File'

2019-03-28 15:49:48 - [TEST_STEP][PASSED] - click(findTestObject("Common ePulse Objects/Continue Button")): Object: 'Object Repository/Common ePulse Objects/Continue Button' is clicked on

2019-03-28 15:49:48 - [MESSAGE][PASSED] - Object: 'Object Repository/Common ePulse Objects/Continue Button' is clicked on

2019-03-28 15:49:48 - [TEST_STEP][PASSED] - delay(1): Delayed 1 second(s)

2019-03-28 15:49:49 - [MESSAGE][PASSED] - Delayed 1 second(s)

2019-03-28 15:49:49 - [TEST_STEP][PASSED] - click(findTestObject("Common ePulse Objects/button_Done(working)")): Object: 'Object Repository/Common ePulse Objects/button_Done(working)' is clicked on

2019-03-28 15:49:52 - [MESSAGE][PASSED] - Object: 'Object Repository/Common ePulse Objects/button_Done(working)' is clicked on

2019-03-28 15:49:52 - [TEST_STEP][PASSED] - closeBrowser(STOP_ON_FAILURE): Browser is closed

2019-03-28 15:49:52 - [MESSAGE][PASSED] - Browser is closed]]></system-out>
         <system-err><![CDATA[]]></system-err>
      </testcase>
      <testcase name="Test Cases/Admin Console/Account Settings/Add_Edit Voter/Add_Edit Voter - Export" classname="Test Cases/Admin Console/Account Settings/Add_Edit Voter/Add_Edit Voter - Export" status="PASSED">
         <system-out><![CDATA[2019-03-28 15:49:54 - [TEST_CASE][PASSED] - Test Cases/Admin Console/Account Settings/Add_Edit Voter/Add_Edit Voter - Export: Test Cases/Admin Console/Account Settings/Add_Edit Voter/Add_Edit Voter - Export

2019-03-28 15:49:54 - [TEST_STEP][PASSED] - openBrowser(""): Browser is opened with url: ''

2019-03-28 15:49:54 - [MESSAGE][INFO] - Starting 'Chrome' driver

2019-03-28 15:49:55 - [MESSAGE][PASSED] - Browser is opened with url: ''

2019-03-28 15:49:55 - [TEST_STEP][PASSED] - navigateToUrl(URL): Navigate to 'https://dev.epulse.io' successfully

2019-03-28 15:49:57 - [MESSAGE][PASSED] - Navigate to 'https://dev.epulse.io' successfully

2019-03-28 15:49:57 - [TEST_STEP][PASSED] - setText(findTestObject("Login/Email Address"), User_email): Text 'alonzo.mack@knowink.com' is set on object 'Object Repository/Login/Email Address'

2019-03-28 15:49:57 - [MESSAGE][PASSED] - Text 'alonzo.mack@knowink.com' is set on object 'Object Repository/Login/Email Address'

2019-03-28 15:49:57 - [TEST_STEP][PASSED] - setEncryptedText(findTestObject("Login/Password"), Pswrd): Text ****** has been set on object 'Object Repository/Login/Password'

2019-03-28 15:49:57 - [MESSAGE][PASSED] - Text ****** has been set on object 'Object Repository/Login/Password'

2019-03-28 15:49:57 - [TEST_STEP][PASSED] - click(findTestObject("Login/Sign In")): Object: 'Object Repository/Login/Sign In' is clicked on

2019-03-28 15:49:58 - [MESSAGE][PASSED] - Object: 'Object Repository/Login/Sign In' is clicked on

2019-03-28 15:49:58 - [TEST_STEP][PASSED] - delay(1): Delayed 1 second(s)

2019-03-28 15:49:59 - [MESSAGE][PASSED] - Delayed 1 second(s)

2019-03-28 15:49:59 - [TEST_STEP][PASSED] - navigateToUrl(Add_Voter): Navigate to 'https://am-automation-test.dev.epulse.io/add_voters' successfully

2019-03-28 15:50:00 - [MESSAGE][PASSED] - Navigate to 'https://am-automation-test.dev.epulse.io/add_voters' successfully

2019-03-28 15:50:00 - [TEST_STEP][PASSED] - delay(1): Delayed 1 second(s)

2019-03-28 15:50:01 - [MESSAGE][PASSED] - Delayed 1 second(s)

2019-03-28 15:50:01 - [TEST_STEP][PASSED] - click(findTestObject("Admin Console ePulse Menu/Account Settings/ID Methods/ID Methods Page/Export")): Object: 'Object Repository/Admin Console ePulse Menu/Account Settings/ID Methods/ID Methods Page/Export' is clicked on

2019-03-28 15:50:01 - [MESSAGE][PASSED] - Object: 'Object Repository/Admin Console ePulse Menu/Account Settings/ID Methods/ID Methods Page/Export' is clicked on

2019-03-28 15:50:01 - [TEST_STEP][PASSED] - delay(1): Delayed 1 second(s)

2019-03-28 15:50:02 - [MESSAGE][PASSED] - Delayed 1 second(s)

2019-03-28 15:50:02 - [TEST_STEP][PASSED] - closeBrowser(STOP_ON_FAILURE): Browser is closed

2019-03-28 15:50:02 - [MESSAGE][PASSED] - Browser is closed]]></system-out>
         <system-err><![CDATA[]]></system-err>
      </testcase>
      <testcase name="Test Cases/Admin Console/Account Settings/Add_Edit Voter/Add_Edit Voter - Import" classname="Test Cases/Admin Console/Account Settings/Add_Edit Voter/Add_Edit Voter - Import" status="PASSED">
         <system-out><![CDATA[2019-03-28 15:50:04 - [TEST_CASE][PASSED] - Test Cases/Admin Console/Account Settings/Add_Edit Voter/Add_Edit Voter - Import: Test Cases/Admin Console/Account Settings/Add_Edit Voter/Add_Edit Voter - Import

2019-03-28 15:50:04 - [TEST_STEP][PASSED] - openBrowser(""): Browser is opened with url: ''

2019-03-28 15:50:04 - [MESSAGE][INFO] - Starting 'Chrome' driver

2019-03-28 15:50:06 - [MESSAGE][PASSED] - Browser is opened with url: ''

2019-03-28 15:50:06 - [TEST_STEP][PASSED] - navigateToUrl(URL): Navigate to 'https://dev.epulse.io' successfully

2019-03-28 15:50:07 - [MESSAGE][PASSED] - Navigate to 'https://dev.epulse.io' successfully

2019-03-28 15:50:07 - [TEST_STEP][PASSED] - setText(findTestObject("Login/Email Address"), User_email): Text 'alonzo.mack@knowink.com' is set on object 'Object Repository/Login/Email Address'

2019-03-28 15:50:07 - [MESSAGE][PASSED] - Text 'alonzo.mack@knowink.com' is set on object 'Object Repository/Login/Email Address'

2019-03-28 15:50:07 - [TEST_STEP][PASSED] - setEncryptedText(findTestObject("Login/Password"), Pswrd): Text ****** has been set on object 'Object Repository/Login/Password'

2019-03-28 15:50:07 - [MESSAGE][PASSED] - Text ****** has been set on object 'Object Repository/Login/Password'

2019-03-28 15:50:07 - [TEST_STEP][PASSED] - click(findTestObject("Login/Sign In")): Object: 'Object Repository/Login/Sign In' is clicked on

2019-03-28 15:50:08 - [MESSAGE][PASSED] - Object: 'Object Repository/Login/Sign In' is clicked on

2019-03-28 15:50:08 - [TEST_STEP][PASSED] - delay(1): Delayed 1 second(s)

2019-03-28 15:50:09 - [MESSAGE][PASSED] - Delayed 1 second(s)

2019-03-28 15:50:09 - [TEST_STEP][PASSED] - navigateToUrl(Add_Edit_Voter_Import, STOP_ON_FAILURE): Navigate to 'https://am-automation-test.dev.epulse.io/imports/add_voter' successfully

2019-03-28 15:50:10 - [MESSAGE][PASSED] - Navigate to 'https://am-automation-test.dev.epulse.io/imports/add_voter' successfully

2019-03-28 15:50:10 - [TEST_STEP][PASSED] - delay(1): Delayed 1 second(s)

2019-03-28 15:50:11 - [MESSAGE][PASSED] - Delayed 1 second(s)

2019-03-28 15:50:11 - [TEST_STEP][PASSED] - setText(findTestObject("Admin Console ePulse Menu/Account Settings/Prompts/Import Prompts Buttons/Choose File"), "/Users/alonzomack/Downloads/Automation uploads/add_voter.txt"): Text '/Users/alonzomack/Downloads/Automation uploads/add_voter.txt' is set on object 'Object Repository/Admin Console ePulse Menu/Account Settings/Prompts/Import Prompts Buttons/Choose File'

2019-03-28 15:50:11 - [MESSAGE][PASSED] - Text '/Users/alonzomack/Downloads/Automation uploads/add_voter.txt' is set on object 'Object Repository/Admin Console ePulse Menu/Account Settings/Prompts/Import Prompts Buttons/Choose File'

2019-03-28 15:50:11 - [TEST_STEP][PASSED] - click(findTestObject("Admin Console ePulse Menu/Account Settings/Prompts/Import Prompts Buttons/Continue Button")): Object: 'Object Repository/Admin Console ePulse Menu/Account Settings/Prompts/Import Prompts Buttons/Continue Button' is clicked on

2019-03-28 15:50:11 - [MESSAGE][PASSED] - Object: 'Object Repository/Admin Console ePulse Menu/Account Settings/Prompts/Import Prompts Buttons/Continue Button' is clicked on

2019-03-28 15:50:11 - [TEST_STEP][PASSED] - delay(2): Delayed 2 second(s)

2019-03-28 15:50:13 - [MESSAGE][PASSED] - Delayed 2 second(s)

2019-03-28 15:50:13 - [TEST_STEP][PASSED] - click(findTestObject("Admin Console ePulse Menu/Account Settings/Prompts/Import Prompts Buttons/button_Done(working)")): Object: 'Object Repository/Admin Console ePulse Menu/Account Settings/Prompts/Import Prompts Buttons/button_Done(working)' is clicked on

2019-03-28 15:50:15 - [MESSAGE][PASSED] - Object: 'Object Repository/Admin Console ePulse Menu/Account Settings/Prompts/Import Prompts Buttons/button_Done(working)' is clicked on

2019-03-28 15:50:15 - [TEST_STEP][PASSED] - delay(1): Delayed 1 second(s)

2019-03-28 15:50:16 - [MESSAGE][PASSED] - Delayed 1 second(s)

2019-03-28 15:50:16 - [TEST_STEP][PASSED] - closeBrowser(): Browser is closed

2019-03-28 15:50:16 - [MESSAGE][PASSED] - Browser is closed]]></system-out>
         <system-err><![CDATA[]]></system-err>
      </testcase>
      <testcase name="Test Cases/Admin Console/Account Settings/ID Methods()/ID Methods - Add" classname="Test Cases/Admin Console/Account Settings/ID Methods()/ID Methods - Add" status="PASSED">
         <system-out><![CDATA[2019-03-28 15:50:18 - [TEST_CASE][PASSED] - Test Cases/Admin Console/Account Settings/ID Methods()/ID Methods - Add: Test Cases/Admin Console/Account Settings/ID Methods()/ID Methods - Add

2019-03-28 15:50:18 - [TEST_STEP][PASSED] - openBrowser(""): Browser is opened with url: ''

2019-03-28 15:50:18 - [MESSAGE][INFO] - Starting 'Chrome' driver

2019-03-28 15:50:20 - [MESSAGE][PASSED] - Browser is opened with url: ''

2019-03-28 15:50:20 - [TEST_STEP][PASSED] - navigateToUrl(URL): Navigate to 'https://dev.epulse.io' successfully

2019-03-28 15:50:21 - [MESSAGE][PASSED] - Navigate to 'https://dev.epulse.io' successfully

2019-03-28 15:50:21 - [TEST_STEP][PASSED] - setText(findTestObject("Login/Email Address"), User_email): Text 'alonzo.mack@knowink.com' is set on object 'Object Repository/Login/Email Address'

2019-03-28 15:50:21 - [MESSAGE][PASSED] - Text 'alonzo.mack@knowink.com' is set on object 'Object Repository/Login/Email Address'

2019-03-28 15:50:21 - [TEST_STEP][PASSED] - setEncryptedText(findTestObject("Login/Password"), Pswrd): Text ****** has been set on object 'Object Repository/Login/Password'

2019-03-28 15:50:21 - [MESSAGE][PASSED] - Text ****** has been set on object 'Object Repository/Login/Password'

2019-03-28 15:50:21 - [TEST_STEP][PASSED] - click(findTestObject("Login/Sign In")): Object: 'Object Repository/Login/Sign In' is clicked on

2019-03-28 15:50:22 - [MESSAGE][PASSED] - Object: 'Object Repository/Login/Sign In' is clicked on

2019-03-28 15:50:22 - [TEST_STEP][PASSED] - delay(1): Delayed 1 second(s)

2019-03-28 15:50:23 - [MESSAGE][PASSED] - Delayed 1 second(s)

2019-03-28 15:50:23 - [TEST_STEP][PASSED] - navigateToUrl(voter_id_methods, STOP_ON_FAILURE): Navigate to 'https://am-automation-test.dev.epulse.io/voter_id_methods' successfully

2019-03-28 15:50:24 - [MESSAGE][PASSED] - Navigate to 'https://am-automation-test.dev.epulse.io/voter_id_methods' successfully

2019-03-28 15:50:24 - [TEST_STEP][PASSED] - delay(1): Delayed 1 second(s)

2019-03-28 15:50:25 - [MESSAGE][PASSED] - Delayed 1 second(s)

2019-03-28 15:50:25 - [TEST_STEP][PASSED] - click(findTestObject("Admin Console ePulse Menu/Account Settings/ID Methods/ID Methods Page/Add ID Method Button")): Object: 'Object Repository/Admin Console ePulse Menu/Account Settings/ID Methods/ID Methods Page/Add ID Method Button' is clicked on

2019-03-28 15:50:25 - [MESSAGE][PASSED] - Object: 'Object Repository/Admin Console ePulse Menu/Account Settings/ID Methods/ID Methods Page/Add ID Method Button' is clicked on

2019-03-28 15:50:25 - [TEST_STEP][PASSED] - setText(findTestObject("Admin Console ePulse Menu/Account Settings/ID Methods/New ID Method Modal/Name"), "Drivers License"): Text 'Drivers License' is set on object 'Object Repository/Admin Console ePulse Menu/Account Settings/ID Methods/New ID Method Modal/Name'

2019-03-28 15:50:25 - [MESSAGE][PASSED] - Text 'Drivers License' is set on object 'Object Repository/Admin Console ePulse Menu/Account Settings/ID Methods/New ID Method Modal/Name'

2019-03-28 15:50:25 - [TEST_STEP][PASSED] - setText(findTestObject("Admin Console ePulse Menu/Account Settings/ID Methods/New ID Method Modal/Heading"), "State Drivers License"): Text 'State Drivers License' is set on object 'Object Repository/Admin Console ePulse Menu/Account Settings/ID Methods/New ID Method Modal/Heading'

2019-03-28 15:50:25 - [MESSAGE][PASSED] - Text 'State Drivers License' is set on object 'Object Repository/Admin Console ePulse Menu/Account Settings/ID Methods/New ID Method Modal/Heading'

2019-03-28 15:50:25 - [TEST_STEP][PASSED] - selectOptionByValue(findTestObject("Admin Console ePulse Menu/Account Settings/ID Methods/New ID Method Modal/Select Color"), "1", true): All options with value '1' are selected in object 'Object Repository/Admin Console ePulse Menu/Account Settings/ID Methods/New ID Method Modal/Select Color'  using regular expression

2019-03-28 15:50:26 - [MESSAGE][PASSED] - All options with value '1' are selected in object 'Object Repository/Admin Console ePulse Menu/Account Settings/ID Methods/New ID Method Modal/Select Color'  using regular expression

2019-03-28 15:50:26 - [TEST_STEP][PASSED] - setText(findTestObject("Admin Console ePulse Menu/Account Settings/ID Methods/New ID Method Modal/Instructions"), "State Drivers License"): Text 'State Drivers License' is set on object 'Object Repository/Admin Console ePulse Menu/Account Settings/ID Methods/New ID Method Modal/Instructions'

2019-03-28 15:50:26 - [MESSAGE][PASSED] - Text 'State Drivers License' is set on object 'Object Repository/Admin Console ePulse Menu/Account Settings/ID Methods/New ID Method Modal/Instructions'

2019-03-28 15:50:26 - [TEST_STEP][PASSED] - setText(findTestObject("Admin Console ePulse Menu/Account Settings/ID Methods/New ID Method Modal/Order"), "1"): Text '1' is set on object 'Object Repository/Admin Console ePulse Menu/Account Settings/ID Methods/New ID Method Modal/Order'

2019-03-28 15:50:26 - [MESSAGE][PASSED] - Text '1' is set on object 'Object Repository/Admin Console ePulse Menu/Account Settings/ID Methods/New ID Method Modal/Order'

2019-03-28 15:50:26 - [TEST_STEP][PASSED] - click(findTestObject("Admin Console ePulse Menu/Account Settings/ID Methods/New ID Method Modal/Show Does Name Match_slider")): Object: 'Object Repository/Admin Console ePulse Menu/Account Settings/ID Methods/New ID Method Modal/Show Does Name Match_slider' is clicked on

2019-03-28 15:50:26 - [MESSAGE][PASSED] - Object: 'Object Repository/Admin Console ePulse Menu/Account Settings/ID Methods/New ID Method Modal/Show Does Name Match_slider' is clicked on

2019-03-28 15:50:26 - [TEST_STEP][PASSED] - click(findTestObject("Admin Console ePulse Menu/Account Settings/ID Methods/New ID Method Modal/Show Does Address Match_slider"), STOP_ON_FAILURE): Object: 'Object Repository/Admin Console ePulse Menu/Account Settings/ID Methods/New ID Method Modal/Show Does Address Match_slider' is clicked on

2019-03-28 15:50:26 - [MESSAGE][PASSED] - Object: 'Object Repository/Admin Console ePulse Menu/Account Settings/ID Methods/New ID Method Modal/Show Does Address Match_slider' is clicked on

2019-03-28 15:50:26 - [TEST_STEP][PASSED] - click(findTestObject("Admin Console ePulse Menu/Account Settings/ID Methods/New ID Method Modal/Show is ID Expired_slider"), STOP_ON_FAILURE): Object: 'Object Repository/Admin Console ePulse Menu/Account Settings/ID Methods/New ID Method Modal/Show is ID Expired_slider' is clicked on

2019-03-28 15:50:26 - [MESSAGE][PASSED] - Object: 'Object Repository/Admin Console ePulse Menu/Account Settings/ID Methods/New ID Method Modal/Show is ID Expired_slider' is clicked on

2019-03-28 15:50:26 - [TEST_STEP][PASSED] - setText(findTestObject("Admin Console ePulse Menu/Account Settings/ID Methods/New ID Method Modal/Page_Epulse  am-Automation-test/Incorrect Heading"), "No Drivers License?"): Text 'No Drivers License?' is set on object 'Object Repository/Admin Console ePulse Menu/Account Settings/ID Methods/New ID Method Modal/Page_Epulse  am-Automation-test/Incorrect Heading'

2019-03-28 15:50:26 - [MESSAGE][PASSED] - Text 'No Drivers License?' is set on object 'Object Repository/Admin Console ePulse Menu/Account Settings/ID Methods/New ID Method Modal/Page_Epulse  am-Automation-test/Incorrect Heading'

2019-03-28 15:50:26 - [TEST_STEP][PASSED] - setText(findTestObject("Admin Console ePulse Menu/Account Settings/ID Methods/New ID Method Modal/Page_Epulse  am-Automation-test/Incorrect Instructions"), "Vote Provisional"): Text 'Vote Provisional' is set on object 'Object Repository/Admin Console ePulse Menu/Account Settings/ID Methods/New ID Method Modal/Page_Epulse  am-Automation-test/Incorrect Instructions'

2019-03-28 15:50:27 - [MESSAGE][PASSED] - Text 'Vote Provisional' is set on object 'Object Repository/Admin Console ePulse Menu/Account Settings/ID Methods/New ID Method Modal/Page_Epulse  am-Automation-test/Incorrect Instructions'

2019-03-28 15:50:27 - [TEST_STEP][PASSED] - click(findTestObject("Admin Console ePulse Menu/Account Settings/ID Methods/New ID Method Modal/Submit"), STOP_ON_FAILURE): Object: 'Object Repository/Admin Console ePulse Menu/Account Settings/ID Methods/New ID Method Modal/Submit' is clicked on

2019-03-28 15:50:27 - [MESSAGE][PASSED] - Object: 'Object Repository/Admin Console ePulse Menu/Account Settings/ID Methods/New ID Method Modal/Submit' is clicked on]]></system-out>
         <system-err><![CDATA[]]></system-err>
      </testcase>
      <testcase name="Test Cases/Admin Console/Account Settings/ID Methods()/ID Methods - ALT Button" classname="Test Cases/Admin Console/Account Settings/ID Methods()/ID Methods - ALT Button" status="PASSED">
         <system-out><![CDATA[2019-03-28 15:50:29 - [TEST_CASE][PASSED] - Test Cases/Admin Console/Account Settings/ID Methods()/ID Methods - ALT Button: Test Cases/Admin Console/Account Settings/ID Methods()/ID Methods - ALT Button

2019-03-28 15:50:29 - [TEST_STEP][PASSED] - openBrowser(""): Browser is opened with url: ''

2019-03-28 15:50:29 - [MESSAGE][WARNING] - A browser is already opened. Closing browser and opening a new one

2019-03-28 15:50:29 - [MESSAGE][INFO] - Starting 'Chrome' driver

2019-03-28 15:50:30 - [MESSAGE][PASSED] - Browser is opened with url: ''

2019-03-28 15:50:30 - [TEST_STEP][PASSED] - navigateToUrl(URL): Navigate to 'https://dev.epulse.io' successfully

2019-03-28 15:50:31 - [MESSAGE][PASSED] - Navigate to 'https://dev.epulse.io' successfully

2019-03-28 15:50:31 - [TEST_STEP][PASSED] - setText(findTestObject("Login/Email Address"), User_email): Text 'alonzo.mack@knowink.com' is set on object 'Object Repository/Login/Email Address'

2019-03-28 15:50:32 - [MESSAGE][PASSED] - Text 'alonzo.mack@knowink.com' is set on object 'Object Repository/Login/Email Address'

2019-03-28 15:50:32 - [TEST_STEP][PASSED] - setEncryptedText(findTestObject("Login/Password"), Pswrd): Text ****** has been set on object 'Object Repository/Login/Password'

2019-03-28 15:50:32 - [MESSAGE][PASSED] - Text ****** has been set on object 'Object Repository/Login/Password'

2019-03-28 15:50:32 - [TEST_STEP][PASSED] - click(findTestObject("Login/Sign In")): Object: 'Object Repository/Login/Sign In' is clicked on

2019-03-28 15:50:33 - [MESSAGE][PASSED] - Object: 'Object Repository/Login/Sign In' is clicked on

2019-03-28 15:50:33 - [TEST_STEP][PASSED] - delay(1): Delayed 1 second(s)

2019-03-28 15:50:34 - [MESSAGE][PASSED] - Delayed 1 second(s)

2019-03-28 15:50:34 - [TEST_STEP][PASSED] - navigateToUrl(voter_id_methods, STOP_ON_FAILURE): Navigate to 'https://am-automation-test.dev.epulse.io/voter_id_methods' successfully

2019-03-28 15:50:35 - [MESSAGE][PASSED] - Navigate to 'https://am-automation-test.dev.epulse.io/voter_id_methods' successfully

2019-03-28 15:50:35 - [TEST_STEP][PASSED] - delay(1): Delayed 1 second(s)

2019-03-28 15:50:36 - [MESSAGE][PASSED] - Delayed 1 second(s)

2019-03-28 15:50:36 - [TEST_STEP][PASSED] - click(findTestObject("Admin Console ePulse Menu/Account Settings/ID Methods/ID Methods Page/Page_Epulse  am-Automation-test/Alt. Buttons")): Object: 'Object Repository/Admin Console ePulse Menu/Account Settings/ID Methods/ID Methods Page/Page_Epulse  am-Automation-test/Alt. Buttons' is clicked on

2019-03-28 15:50:36 - [MESSAGE][PASSED] - Object: 'Object Repository/Admin Console ePulse Menu/Account Settings/ID Methods/ID Methods Page/Page_Epulse  am-Automation-test/Alt. Buttons' is clicked on

2019-03-28 15:50:36 - [TEST_STEP][PASSED] - delay(1): Delayed 1 second(s)

2019-03-28 15:50:37 - [MESSAGE][PASSED] - Delayed 1 second(s)

2019-03-28 15:50:37 - [TEST_STEP][PASSED] - setText(findTestObject("Admin Console ePulse Menu/Account Settings/ID Methods/Buttons/Button Label"), "test"): Text 'test' is set on object 'Object Repository/Admin Console ePulse Menu/Account Settings/ID Methods/Buttons/Button Label'

2019-03-28 15:50:37 - [MESSAGE][PASSED] - Text 'test' is set on object 'Object Repository/Admin Console ePulse Menu/Account Settings/ID Methods/Buttons/Button Label'

2019-03-28 15:50:37 - [TEST_STEP][PASSED] - delay(1): Delayed 1 second(s)

2019-03-28 15:50:38 - [MESSAGE][PASSED] - Delayed 1 second(s)

2019-03-28 15:50:38 - [TEST_STEP][PASSED] - selectOptionByValue(findTestObject("Admin Console ePulse Menu/Account Settings/ID Methods/Buttons/Button Type"), "0", true): All options with value '0' are selected in object 'Object Repository/Admin Console ePulse Menu/Account Settings/ID Methods/Buttons/Button Type'  using regular expression

2019-03-28 15:50:38 - [MESSAGE][PASSED] - All options with value '0' are selected in object 'Object Repository/Admin Console ePulse Menu/Account Settings/ID Methods/Buttons/Button Type'  using regular expression

2019-03-28 15:50:38 - [TEST_STEP][PASSED] - delay(1): Delayed 1 second(s)

2019-03-28 15:50:39 - [MESSAGE][PASSED] - Delayed 1 second(s)

2019-03-28 15:50:39 - [TEST_STEP][PASSED] - click(findTestObject("Admin Console ePulse Menu/Account Settings/ID Methods/Buttons/Add Button(blue  sign)")): Object: 'Object Repository/Admin Console ePulse Menu/Account Settings/ID Methods/Buttons/Add Button(blue  sign)' is clicked on

2019-03-28 15:50:39 - [MESSAGE][PASSED] - Object: 'Object Repository/Admin Console ePulse Menu/Account Settings/ID Methods/Buttons/Add Button(blue  sign)' is clicked on

2019-03-28 15:50:39 - [TEST_STEP][PASSED] - delay(1): Delayed 1 second(s)

2019-03-28 15:50:40 - [MESSAGE][PASSED] - Delayed 1 second(s)

2019-03-28 15:50:40 - [TEST_STEP][PASSED] - setText(findTestObject("Admin Console ePulse Menu/Account Settings/ID Methods/Buttons/Button Label"), "1test"): Text '1test' is set on object 'Object Repository/Admin Console ePulse Menu/Account Settings/ID Methods/Buttons/Button Label'

2019-03-28 15:50:40 - [MESSAGE][PASSED] - Text '1test' is set on object 'Object Repository/Admin Console ePulse Menu/Account Settings/ID Methods/Buttons/Button Label'

2019-03-28 15:50:40 - [TEST_STEP][PASSED] - delay(1): Delayed 1 second(s)

2019-03-28 15:50:41 - [MESSAGE][PASSED] - Delayed 1 second(s)

2019-03-28 15:50:41 - [TEST_STEP][PASSED] - selectOptionByValue(findTestObject("Admin Console ePulse Menu/Account Settings/ID Methods/Buttons/Button Type"), "1", true): All options with value '1' are selected in object 'Object Repository/Admin Console ePulse Menu/Account Settings/ID Methods/Buttons/Button Type'  using regular expression

2019-03-28 15:50:41 - [MESSAGE][PASSED] - All options with value '1' are selected in object 'Object Repository/Admin Console ePulse Menu/Account Settings/ID Methods/Buttons/Button Type'  using regular expression

2019-03-28 15:50:41 - [TEST_STEP][PASSED] - setText(findTestObject("Admin Console ePulse Menu/Account Settings/ID Methods/Buttons/Additional text field"), "Allow to vote", STOP_ON_FAILURE): Text 'Allow to vote' is set on object 'Object Repository/Admin Console ePulse Menu/Account Settings/ID Methods/Buttons/Additional text field'

2019-03-28 15:50:41 - [MESSAGE][PASSED] - Text 'Allow to vote' is set on object 'Object Repository/Admin Console ePulse Menu/Account Settings/ID Methods/Buttons/Additional text field'

2019-03-28 15:50:41 - [TEST_STEP][PASSED] - delay(1): Delayed 1 second(s)

2019-03-28 15:50:42 - [MESSAGE][PASSED] - Delayed 1 second(s)

2019-03-28 15:50:42 - [TEST_STEP][PASSED] - click(findTestObject("Admin Console ePulse Menu/Account Settings/ID Methods/Buttons/Add Button(blue  sign)")): Object: 'Object Repository/Admin Console ePulse Menu/Account Settings/ID Methods/Buttons/Add Button(blue  sign)' is clicked on

2019-03-28 15:50:42 - [MESSAGE][PASSED] - Object: 'Object Repository/Admin Console ePulse Menu/Account Settings/ID Methods/Buttons/Add Button(blue  sign)' is clicked on

2019-03-28 15:50:42 - [TEST_STEP][PASSED] - delay(1): Delayed 1 second(s)

2019-03-28 15:50:43 - [MESSAGE][PASSED] - Delayed 1 second(s)

2019-03-28 15:50:44 - [TEST_STEP][PASSED] - setText(findTestObject("Admin Console ePulse Menu/Account Settings/ID Methods/Buttons/Button Label"), "2test"): Text '2test' is set on object 'Object Repository/Admin Console ePulse Menu/Account Settings/ID Methods/Buttons/Button Label'

2019-03-28 15:50:44 - [MESSAGE][PASSED] - Text '2test' is set on object 'Object Repository/Admin Console ePulse Menu/Account Settings/ID Methods/Buttons/Button Label'

2019-03-28 15:50:44 - [TEST_STEP][PASSED] - delay(1): Delayed 1 second(s)

2019-03-28 15:50:45 - [MESSAGE][PASSED] - Delayed 1 second(s)

2019-03-28 15:50:45 - [TEST_STEP][PASSED] - selectOptionByValue(findTestObject("Admin Console ePulse Menu/Account Settings/ID Methods/Buttons/Button Type"), "2", true): All options with value '2' are selected in object 'Object Repository/Admin Console ePulse Menu/Account Settings/ID Methods/Buttons/Button Type'  using regular expression

2019-03-28 15:50:45 - [MESSAGE][PASSED] - All options with value '2' are selected in object 'Object Repository/Admin Console ePulse Menu/Account Settings/ID Methods/Buttons/Button Type'  using regular expression

2019-03-28 15:50:45 - [TEST_STEP][PASSED] - delay(1): Delayed 1 second(s)

2019-03-28 15:50:46 - [MESSAGE][PASSED] - Delayed 1 second(s)

2019-03-28 15:50:46 - [TEST_STEP][PASSED] - setText(findTestObject("Admin Console ePulse Menu/Account Settings/ID Methods/Buttons/Additional text field"), "asdf"): Text 'asdf' is set on object 'Object Repository/Admin Console ePulse Menu/Account Settings/ID Methods/Buttons/Additional text field'

2019-03-28 15:50:46 - [MESSAGE][PASSED] - Text 'asdf' is set on object 'Object Repository/Admin Console ePulse Menu/Account Settings/ID Methods/Buttons/Additional text field'

2019-03-28 15:50:46 - [TEST_STEP][PASSED] - delay(1): Delayed 1 second(s)

2019-03-28 15:50:47 - [MESSAGE][PASSED] - Delayed 1 second(s)

2019-03-28 15:50:47 - [TEST_STEP][PASSED] - click(findTestObject("Admin Console ePulse Menu/Account Settings/ID Methods/Buttons/Add Button(blue  sign)")): Object: 'Object Repository/Admin Console ePulse Menu/Account Settings/ID Methods/Buttons/Add Button(blue  sign)' is clicked on

2019-03-28 15:50:47 - [MESSAGE][PASSED] - Object: 'Object Repository/Admin Console ePulse Menu/Account Settings/ID Methods/Buttons/Add Button(blue  sign)' is clicked on

2019-03-28 15:50:47 - [TEST_STEP][PASSED] - delay(1): Delayed 1 second(s)

2019-03-28 15:50:48 - [MESSAGE][PASSED] - Delayed 1 second(s)

2019-03-28 15:50:48 - [TEST_STEP][PASSED] - setText(findTestObject("Admin Console ePulse Menu/Account Settings/ID Methods/Buttons/Button Label"), "3test"): Text '3test' is set on object 'Object Repository/Admin Console ePulse Menu/Account Settings/ID Methods/Buttons/Button Label'

2019-03-28 15:50:48 - [MESSAGE][PASSED] - Text '3test' is set on object 'Object Repository/Admin Console ePulse Menu/Account Settings/ID Methods/Buttons/Button Label'

2019-03-28 15:50:48 - [TEST_STEP][PASSED] - delay(1): Delayed 1 second(s)

2019-03-28 15:50:49 - [MESSAGE][PASSED] - Delayed 1 second(s)

2019-03-28 15:50:49 - [TEST_STEP][PASSED] - selectOptionByValue(findTestObject("Admin Console ePulse Menu/Account Settings/ID Methods/Buttons/Button Type"), "3", true): All options with value '3' are selected in object 'Object Repository/Admin Console ePulse Menu/Account Settings/ID Methods/Buttons/Button Type'  using regular expression

2019-03-28 15:50:49 - [MESSAGE][PASSED] - All options with value '3' are selected in object 'Object Repository/Admin Console ePulse Menu/Account Settings/ID Methods/Buttons/Button Type'  using regular expression

2019-03-28 15:50:49 - [TEST_STEP][PASSED] - delay(1): Delayed 1 second(s)

2019-03-28 15:50:50 - [MESSAGE][PASSED] - Delayed 1 second(s)

2019-03-28 15:50:50 - [TEST_STEP][PASSED] - click(findTestObject("Admin Console ePulse Menu/Account Settings/ID Methods/Buttons/Add Button(blue  sign)")): Object: 'Object Repository/Admin Console ePulse Menu/Account Settings/ID Methods/Buttons/Add Button(blue  sign)' is clicked on

2019-03-28 15:50:50 - [MESSAGE][PASSED] - Object: 'Object Repository/Admin Console ePulse Menu/Account Settings/ID Methods/Buttons/Add Button(blue  sign)' is clicked on

2019-03-28 15:50:50 - [TEST_STEP][PASSED] - delay(1): Delayed 1 second(s)

2019-03-28 15:50:51 - [MESSAGE][PASSED] - Delayed 1 second(s)

2019-03-28 15:50:51 - [TEST_STEP][PASSED] - setText(findTestObject("Admin Console ePulse Menu/Account Settings/ID Methods/Buttons/Button Label"), "4test"): Text '4test' is set on object 'Object Repository/Admin Console ePulse Menu/Account Settings/ID Methods/Buttons/Button Label'

2019-03-28 15:50:51 - [MESSAGE][PASSED] - Text '4test' is set on object 'Object Repository/Admin Console ePulse Menu/Account Settings/ID Methods/Buttons/Button Label'

2019-03-28 15:50:51 - [TEST_STEP][PASSED] - delay(1): Delayed 1 second(s)

2019-03-28 15:50:52 - [MESSAGE][PASSED] - Delayed 1 second(s)

2019-03-28 15:50:52 - [TEST_STEP][PASSED] - selectOptionByValue(findTestObject("Admin Console ePulse Menu/Account Settings/ID Methods/Buttons/Button Type"), "4", true): All options with value '4' are selected in object 'Object Repository/Admin Console ePulse Menu/Account Settings/ID Methods/Buttons/Button Type'  using regular expression

2019-03-28 15:50:53 - [MESSAGE][PASSED] - All options with value '4' are selected in object 'Object Repository/Admin Console ePulse Menu/Account Settings/ID Methods/Buttons/Button Type'  using regular expression

2019-03-28 15:50:53 - [TEST_STEP][PASSED] - delay(1): Delayed 1 second(s)

2019-03-28 15:50:54 - [MESSAGE][PASSED] - Delayed 1 second(s)

2019-03-28 15:50:54 - [TEST_STEP][PASSED] - click(findTestObject("Admin Console ePulse Menu/Account Settings/ID Methods/Buttons/Add Button(blue  sign)")): Object: 'Object Repository/Admin Console ePulse Menu/Account Settings/ID Methods/Buttons/Add Button(blue  sign)' is clicked on

2019-03-28 15:50:54 - [MESSAGE][PASSED] - Object: 'Object Repository/Admin Console ePulse Menu/Account Settings/ID Methods/Buttons/Add Button(blue  sign)' is clicked on

2019-03-28 15:50:54 - [TEST_STEP][PASSED] - delay(1): Delayed 1 second(s)

2019-03-28 15:50:55 - [MESSAGE][PASSED] - Delayed 1 second(s)

2019-03-28 15:50:55 - [TEST_STEP][PASSED] - setText(findTestObject("Admin Console ePulse Menu/Account Settings/ID Methods/Buttons/Button Label"), "5test"): Text '5test' is set on object 'Object Repository/Admin Console ePulse Menu/Account Settings/ID Methods/Buttons/Button Label'

2019-03-28 15:50:55 - [MESSAGE][PASSED] - Text '5test' is set on object 'Object Repository/Admin Console ePulse Menu/Account Settings/ID Methods/Buttons/Button Label'

2019-03-28 15:50:55 - [TEST_STEP][PASSED] - delay(1): Delayed 1 second(s)

2019-03-28 15:50:56 - [MESSAGE][PASSED] - Delayed 1 second(s)

2019-03-28 15:50:56 - [TEST_STEP][PASSED] - selectOptionByValue(findTestObject("Admin Console ePulse Menu/Account Settings/ID Methods/Buttons/Button Type"), "5", true): All options with value '5' are selected in object 'Object Repository/Admin Console ePulse Menu/Account Settings/ID Methods/Buttons/Button Type'  using regular expression

2019-03-28 15:50:56 - [MESSAGE][PASSED] - All options with value '5' are selected in object 'Object Repository/Admin Console ePulse Menu/Account Settings/ID Methods/Buttons/Button Type'  using regular expression

2019-03-28 15:50:56 - [TEST_STEP][PASSED] - delay(1): Delayed 1 second(s)

2019-03-28 15:50:57 - [MESSAGE][PASSED] - Delayed 1 second(s)

2019-03-28 15:50:57 - [TEST_STEP][PASSED] - click(findTestObject("Admin Console ePulse Menu/Account Settings/ID Methods/Buttons/Add Button(blue  sign)")): Object: 'Object Repository/Admin Console ePulse Menu/Account Settings/ID Methods/Buttons/Add Button(blue  sign)' is clicked on

2019-03-28 15:50:57 - [MESSAGE][PASSED] - Object: 'Object Repository/Admin Console ePulse Menu/Account Settings/ID Methods/Buttons/Add Button(blue  sign)' is clicked on

2019-03-28 15:50:57 - [TEST_STEP][PASSED] - delay(1): Delayed 1 second(s)

2019-03-28 15:50:58 - [MESSAGE][PASSED] - Delayed 1 second(s)

2019-03-28 15:50:58 - [TEST_STEP][PASSED] - click(findTestObject("Admin Console ePulse Menu/Account Settings/Prompts/Prompt Button Modal/Close Button")): Object: 'Object Repository/Admin Console ePulse Menu/Account Settings/Prompts/Prompt Button Modal/Close Button' is clicked on

2019-03-28 15:50:58 - [MESSAGE][PASSED] - Object: 'Object Repository/Admin Console ePulse Menu/Account Settings/Prompts/Prompt Button Modal/Close Button' is clicked on

2019-03-28 15:50:58 - [TEST_STEP][PASSED] - delay(1): Delayed 1 second(s)

2019-03-28 15:50:59 - [MESSAGE][PASSED] - Delayed 1 second(s)

2019-03-28 15:50:59 - [TEST_STEP][PASSED] - closeBrowser(): Browser is closed

2019-03-28 15:50:59 - [MESSAGE][PASSED] - Browser is closed]]></system-out>
         <system-err><![CDATA[]]></system-err>
      </testcase>
      <testcase name="Test Cases/Admin Console/Account Settings/ID Methods()/ID Methods - Button" classname="Test Cases/Admin Console/Account Settings/ID Methods()/ID Methods - Button" status="PASSED">
         <system-out><![CDATA[2019-03-28 15:51:01 - [TEST_CASE][PASSED] - Test Cases/Admin Console/Account Settings/ID Methods()/ID Methods - Button: Test Cases/Admin Console/Account Settings/ID Methods()/ID Methods - Button

2019-03-28 15:51:02 - [TEST_STEP][PASSED] - openBrowser(""): Browser is opened with url: ''

2019-03-28 15:51:02 - [MESSAGE][INFO] - Starting 'Chrome' driver

2019-03-28 15:51:03 - [MESSAGE][PASSED] - Browser is opened with url: ''

2019-03-28 15:51:03 - [TEST_STEP][PASSED] - navigateToUrl(URL): Navigate to 'https://dev.epulse.io' successfully

2019-03-28 15:51:07 - [MESSAGE][PASSED] - Navigate to 'https://dev.epulse.io' successfully

2019-03-28 15:51:07 - [TEST_STEP][PASSED] - setText(findTestObject("Login/Email Address"), User_email): Text 'alonzo.mack@knowink.com' is set on object 'Object Repository/Login/Email Address'

2019-03-28 15:51:08 - [MESSAGE][PASSED] - Text 'alonzo.mack@knowink.com' is set on object 'Object Repository/Login/Email Address'

2019-03-28 15:51:08 - [TEST_STEP][PASSED] - setEncryptedText(findTestObject("Login/Password"), Pswrd): Text ****** has been set on object 'Object Repository/Login/Password'

2019-03-28 15:51:08 - [MESSAGE][PASSED] - Text ****** has been set on object 'Object Repository/Login/Password'

2019-03-28 15:51:08 - [TEST_STEP][PASSED] - click(findTestObject("Login/Sign In")): Object: 'Object Repository/Login/Sign In' is clicked on

2019-03-28 15:51:08 - [MESSAGE][PASSED] - Object: 'Object Repository/Login/Sign In' is clicked on

2019-03-28 15:51:08 - [TEST_STEP][PASSED] - delay(1): Delayed 1 second(s)

2019-03-28 15:51:09 - [MESSAGE][PASSED] - Delayed 1 second(s)

2019-03-28 15:51:09 - [TEST_STEP][PASSED] - navigateToUrl(voter_id_methods, STOP_ON_FAILURE): Navigate to 'https://am-automation-test.dev.epulse.io/voter_id_methods' successfully

2019-03-28 15:51:11 - [MESSAGE][PASSED] - Navigate to 'https://am-automation-test.dev.epulse.io/voter_id_methods' successfully

2019-03-28 15:51:11 - [TEST_STEP][PASSED] - delay(1): Delayed 1 second(s)

2019-03-28 15:51:12 - [MESSAGE][PASSED] - Delayed 1 second(s)

2019-03-28 15:51:12 - [TEST_STEP][PASSED] - click(findTestObject("Admin Console ePulse Menu/Account Settings/ID Methods/ID Methods Page/Page_Epulse  am-Automation-test/Buttons")): Object: 'Object Repository/Admin Console ePulse Menu/Account Settings/ID Methods/ID Methods Page/Page_Epulse  am-Automation-test/Buttons' is clicked on

2019-03-28 15:51:12 - [MESSAGE][PASSED] - Object: 'Object Repository/Admin Console ePulse Menu/Account Settings/ID Methods/ID Methods Page/Page_Epulse  am-Automation-test/Buttons' is clicked on

2019-03-28 15:51:12 - [TEST_STEP][PASSED] - delay(1): Delayed 1 second(s)

2019-03-28 15:51:13 - [MESSAGE][PASSED] - Delayed 1 second(s)

2019-03-28 15:51:13 - [TEST_STEP][PASSED] - setText(findTestObject("Admin Console ePulse Menu/Account Settings/ID Methods/Buttons/Button Label"), "test"): Text 'test' is set on object 'Object Repository/Admin Console ePulse Menu/Account Settings/ID Methods/Buttons/Button Label'

2019-03-28 15:51:13 - [MESSAGE][PASSED] - Text 'test' is set on object 'Object Repository/Admin Console ePulse Menu/Account Settings/ID Methods/Buttons/Button Label'

2019-03-28 15:51:13 - [TEST_STEP][PASSED] - delay(1): Delayed 1 second(s)

2019-03-28 15:51:14 - [MESSAGE][PASSED] - Delayed 1 second(s)

2019-03-28 15:51:14 - [TEST_STEP][PASSED] - selectOptionByValue(findTestObject("Admin Console ePulse Menu/Account Settings/ID Methods/Buttons/Button Type"), "0", true): All options with value '0' are selected in object 'Object Repository/Admin Console ePulse Menu/Account Settings/ID Methods/Buttons/Button Type'  using regular expression

2019-03-28 15:51:14 - [MESSAGE][PASSED] - All options with value '0' are selected in object 'Object Repository/Admin Console ePulse Menu/Account Settings/ID Methods/Buttons/Button Type'  using regular expression

2019-03-28 15:51:14 - [TEST_STEP][PASSED] - delay(1): Delayed 1 second(s)

2019-03-28 15:51:15 - [MESSAGE][PASSED] - Delayed 1 second(s)

2019-03-28 15:51:15 - [TEST_STEP][PASSED] - click(findTestObject("Admin Console ePulse Menu/Account Settings/ID Methods/Buttons/Add Button(blue  sign)")): Object: 'Object Repository/Admin Console ePulse Menu/Account Settings/ID Methods/Buttons/Add Button(blue  sign)' is clicked on

2019-03-28 15:51:15 - [MESSAGE][PASSED] - Object: 'Object Repository/Admin Console ePulse Menu/Account Settings/ID Methods/Buttons/Add Button(blue  sign)' is clicked on

2019-03-28 15:51:15 - [TEST_STEP][PASSED] - delay(1): Delayed 1 second(s)

2019-03-28 15:51:16 - [MESSAGE][PASSED] - Delayed 1 second(s)

2019-03-28 15:51:16 - [TEST_STEP][PASSED] - setText(findTestObject("Admin Console ePulse Menu/Account Settings/ID Methods/Buttons/Button Label"), "1test"): Text '1test' is set on object 'Object Repository/Admin Console ePulse Menu/Account Settings/ID Methods/Buttons/Button Label'

2019-03-28 15:51:16 - [MESSAGE][PASSED] - Text '1test' is set on object 'Object Repository/Admin Console ePulse Menu/Account Settings/ID Methods/Buttons/Button Label'

2019-03-28 15:51:16 - [TEST_STEP][PASSED] - delay(1): Delayed 1 second(s)

2019-03-28 15:51:17 - [MESSAGE][PASSED] - Delayed 1 second(s)

2019-03-28 15:51:17 - [TEST_STEP][PASSED] - selectOptionByValue(findTestObject("Admin Console ePulse Menu/Account Settings/ID Methods/Buttons/Button Type"), "1", true): All options with value '1' are selected in object 'Object Repository/Admin Console ePulse Menu/Account Settings/ID Methods/Buttons/Button Type'  using regular expression

2019-03-28 15:51:17 - [MESSAGE][PASSED] - All options with value '1' are selected in object 'Object Repository/Admin Console ePulse Menu/Account Settings/ID Methods/Buttons/Button Type'  using regular expression

2019-03-28 15:51:17 - [TEST_STEP][PASSED] - setText(findTestObject("Admin Console ePulse Menu/Account Settings/ID Methods/Buttons/Additional text field"), "Allow to vote", STOP_ON_FAILURE): Text 'Allow to vote' is set on object 'Object Repository/Admin Console ePulse Menu/Account Settings/ID Methods/Buttons/Additional text field'

2019-03-28 15:51:17 - [MESSAGE][PASSED] - Text 'Allow to vote' is set on object 'Object Repository/Admin Console ePulse Menu/Account Settings/ID Methods/Buttons/Additional text field'

2019-03-28 15:51:17 - [TEST_STEP][PASSED] - delay(1): Delayed 1 second(s)

2019-03-28 15:51:18 - [MESSAGE][PASSED] - Delayed 1 second(s)

2019-03-28 15:51:18 - [TEST_STEP][PASSED] - click(findTestObject("Admin Console ePulse Menu/Account Settings/ID Methods/Buttons/Add Button(blue  sign)")): Object: 'Object Repository/Admin Console ePulse Menu/Account Settings/ID Methods/Buttons/Add Button(blue  sign)' is clicked on

2019-03-28 15:51:18 - [MESSAGE][PASSED] - Object: 'Object Repository/Admin Console ePulse Menu/Account Settings/ID Methods/Buttons/Add Button(blue  sign)' is clicked on

2019-03-28 15:51:18 - [TEST_STEP][PASSED] - delay(1): Delayed 1 second(s)

2019-03-28 15:51:19 - [MESSAGE][PASSED] - Delayed 1 second(s)

2019-03-28 15:51:19 - [TEST_STEP][PASSED] - setText(findTestObject("Admin Console ePulse Menu/Account Settings/ID Methods/Buttons/Button Label"), "2test"): Text '2test' is set on object 'Object Repository/Admin Console ePulse Menu/Account Settings/ID Methods/Buttons/Button Label'

2019-03-28 15:51:20 - [MESSAGE][PASSED] - Text '2test' is set on object 'Object Repository/Admin Console ePulse Menu/Account Settings/ID Methods/Buttons/Button Label'

2019-03-28 15:51:20 - [TEST_STEP][PASSED] - delay(1): Delayed 1 second(s)

2019-03-28 15:51:21 - [MESSAGE][PASSED] - Delayed 1 second(s)

2019-03-28 15:51:21 - [TEST_STEP][PASSED] - selectOptionByValue(findTestObject("Admin Console ePulse Menu/Account Settings/ID Methods/Buttons/Button Type"), "2", true): All options with value '2' are selected in object 'Object Repository/Admin Console ePulse Menu/Account Settings/ID Methods/Buttons/Button Type'  using regular expression

2019-03-28 15:51:21 - [MESSAGE][PASSED] - All options with value '2' are selected in object 'Object Repository/Admin Console ePulse Menu/Account Settings/ID Methods/Buttons/Button Type'  using regular expression

2019-03-28 15:51:21 - [TEST_STEP][PASSED] - delay(1): Delayed 1 second(s)

2019-03-28 15:51:22 - [MESSAGE][PASSED] - Delayed 1 second(s)

2019-03-28 15:51:22 - [TEST_STEP][PASSED] - setText(findTestObject("Admin Console ePulse Menu/Account Settings/ID Methods/Buttons/Additional text field"), "asdf"): Text 'asdf' is set on object 'Object Repository/Admin Console ePulse Menu/Account Settings/ID Methods/Buttons/Additional text field'

2019-03-28 15:51:22 - [MESSAGE][PASSED] - Text 'asdf' is set on object 'Object Repository/Admin Console ePulse Menu/Account Settings/ID Methods/Buttons/Additional text field'

2019-03-28 15:51:22 - [TEST_STEP][PASSED] - delay(1): Delayed 1 second(s)

2019-03-28 15:51:23 - [MESSAGE][PASSED] - Delayed 1 second(s)

2019-03-28 15:51:23 - [TEST_STEP][PASSED] - click(findTestObject("Admin Console ePulse Menu/Account Settings/ID Methods/Buttons/Add Button(blue  sign)")): Object: 'Object Repository/Admin Console ePulse Menu/Account Settings/ID Methods/Buttons/Add Button(blue  sign)' is clicked on

2019-03-28 15:51:23 - [MESSAGE][PASSED] - Object: 'Object Repository/Admin Console ePulse Menu/Account Settings/ID Methods/Buttons/Add Button(blue  sign)' is clicked on

2019-03-28 15:51:23 - [TEST_STEP][PASSED] - delay(1): Delayed 1 second(s)

2019-03-28 15:51:24 - [MESSAGE][PASSED] - Delayed 1 second(s)

2019-03-28 15:51:24 - [TEST_STEP][PASSED] - setText(findTestObject("Admin Console ePulse Menu/Account Settings/ID Methods/Buttons/Button Label"), "3test"): Text '3test' is set on object 'Object Repository/Admin Console ePulse Menu/Account Settings/ID Methods/Buttons/Button Label'

2019-03-28 15:51:24 - [MESSAGE][PASSED] - Text '3test' is set on object 'Object Repository/Admin Console ePulse Menu/Account Settings/ID Methods/Buttons/Button Label'

2019-03-28 15:51:24 - [TEST_STEP][PASSED] - delay(1): Delayed 1 second(s)

2019-03-28 15:51:25 - [MESSAGE][PASSED] - Delayed 1 second(s)

2019-03-28 15:51:25 - [TEST_STEP][PASSED] - selectOptionByValue(findTestObject("Admin Console ePulse Menu/Account Settings/ID Methods/Buttons/Button Type"), "3", true): All options with value '3' are selected in object 'Object Repository/Admin Console ePulse Menu/Account Settings/ID Methods/Buttons/Button Type'  using regular expression

2019-03-28 15:51:25 - [MESSAGE][PASSED] - All options with value '3' are selected in object 'Object Repository/Admin Console ePulse Menu/Account Settings/ID Methods/Buttons/Button Type'  using regular expression

2019-03-28 15:51:25 - [TEST_STEP][PASSED] - delay(1): Delayed 1 second(s)

2019-03-28 15:51:26 - [MESSAGE][PASSED] - Delayed 1 second(s)

2019-03-28 15:51:26 - [TEST_STEP][PASSED] - click(findTestObject("Admin Console ePulse Menu/Account Settings/ID Methods/Buttons/Add Button(blue  sign)")): Object: 'Object Repository/Admin Console ePulse Menu/Account Settings/ID Methods/Buttons/Add Button(blue  sign)' is clicked on

2019-03-28 15:51:26 - [MESSAGE][PASSED] - Object: 'Object Repository/Admin Console ePulse Menu/Account Settings/ID Methods/Buttons/Add Button(blue  sign)' is clicked on

2019-03-28 15:51:26 - [TEST_STEP][PASSED] - delay(1): Delayed 1 second(s)

2019-03-28 15:51:27 - [MESSAGE][PASSED] - Delayed 1 second(s)

2019-03-28 15:51:27 - [TEST_STEP][PASSED] - setText(findTestObject("Admin Console ePulse Menu/Account Settings/ID Methods/Buttons/Button Label"), "4test"): Text '4test' is set on object 'Object Repository/Admin Console ePulse Menu/Account Settings/ID Methods/Buttons/Button Label'

2019-03-28 15:51:27 - [MESSAGE][PASSED] - Text '4test' is set on object 'Object Repository/Admin Console ePulse Menu/Account Settings/ID Methods/Buttons/Button Label'

2019-03-28 15:51:27 - [TEST_STEP][PASSED] - delay(1): Delayed 1 second(s)

2019-03-28 15:51:28 - [MESSAGE][PASSED] - Delayed 1 second(s)

2019-03-28 15:51:28 - [TEST_STEP][PASSED] - selectOptionByValue(findTestObject("Admin Console ePulse Menu/Account Settings/ID Methods/Buttons/Button Type"), "4", true): All options with value '4' are selected in object 'Object Repository/Admin Console ePulse Menu/Account Settings/ID Methods/Buttons/Button Type'  using regular expression

2019-03-28 15:51:28 - [MESSAGE][PASSED] - All options with value '4' are selected in object 'Object Repository/Admin Console ePulse Menu/Account Settings/ID Methods/Buttons/Button Type'  using regular expression

2019-03-28 15:51:28 - [TEST_STEP][PASSED] - delay(1): Delayed 1 second(s)

2019-03-28 15:51:29 - [MESSAGE][PASSED] - Delayed 1 second(s)

2019-03-28 15:51:29 - [TEST_STEP][PASSED] - click(findTestObject("Admin Console ePulse Menu/Account Settings/ID Methods/Buttons/Add Button(blue  sign)")): Object: 'Object Repository/Admin Console ePulse Menu/Account Settings/ID Methods/Buttons/Add Button(blue  sign)' is clicked on

2019-03-28 15:51:29 - [MESSAGE][PASSED] - Object: 'Object Repository/Admin Console ePulse Menu/Account Settings/ID Methods/Buttons/Add Button(blue  sign)' is clicked on

2019-03-28 15:51:29 - [TEST_STEP][PASSED] - delay(1): Delayed 1 second(s)

2019-03-28 15:51:31 - [MESSAGE][PASSED] - Delayed 1 second(s)

2019-03-28 15:51:31 - [TEST_STEP][PASSED] - setText(findTestObject("Admin Console ePulse Menu/Account Settings/ID Methods/Buttons/Button Label"), "5test"): Text '5test' is set on object 'Object Repository/Admin Console ePulse Menu/Account Settings/ID Methods/Buttons/Button Label'

2019-03-28 15:51:31 - [MESSAGE][PASSED] - Text '5test' is set on object 'Object Repository/Admin Console ePulse Menu/Account Settings/ID Methods/Buttons/Button Label'

2019-03-28 15:51:31 - [TEST_STEP][PASSED] - delay(1): Delayed 1 second(s)

2019-03-28 15:51:32 - [MESSAGE][PASSED] - Delayed 1 second(s)

2019-03-28 15:51:32 - [TEST_STEP][PASSED] - selectOptionByValue(findTestObject("Admin Console ePulse Menu/Account Settings/ID Methods/Buttons/Button Type"), "5", true): All options with value '5' are selected in object 'Object Repository/Admin Console ePulse Menu/Account Settings/ID Methods/Buttons/Button Type'  using regular expression

2019-03-28 15:51:32 - [MESSAGE][PASSED] - All options with value '5' are selected in object 'Object Repository/Admin Console ePulse Menu/Account Settings/ID Methods/Buttons/Button Type'  using regular expression

2019-03-28 15:51:32 - [TEST_STEP][PASSED] - delay(1): Delayed 1 second(s)

2019-03-28 15:51:33 - [MESSAGE][PASSED] - Delayed 1 second(s)

2019-03-28 15:51:33 - [TEST_STEP][PASSED] - click(findTestObject("Admin Console ePulse Menu/Account Settings/ID Methods/Buttons/Add Button(blue  sign)")): Object: 'Object Repository/Admin Console ePulse Menu/Account Settings/ID Methods/Buttons/Add Button(blue  sign)' is clicked on

2019-03-28 15:51:33 - [MESSAGE][PASSED] - Object: 'Object Repository/Admin Console ePulse Menu/Account Settings/ID Methods/Buttons/Add Button(blue  sign)' is clicked on

2019-03-28 15:51:33 - [TEST_STEP][PASSED] - delay(1): Delayed 1 second(s)

2019-03-28 15:51:34 - [MESSAGE][PASSED] - Delayed 1 second(s)

2019-03-28 15:51:34 - [TEST_STEP][PASSED] - click(findTestObject("Admin Console ePulse Menu/Account Settings/Prompts/Prompt Button Modal/Close Button")): Object: 'Object Repository/Admin Console ePulse Menu/Account Settings/Prompts/Prompt Button Modal/Close Button' is clicked on

2019-03-28 15:51:34 - [MESSAGE][PASSED] - Object: 'Object Repository/Admin Console ePulse Menu/Account Settings/Prompts/Prompt Button Modal/Close Button' is clicked on

2019-03-28 15:51:34 - [TEST_STEP][PASSED] - delay(1): Delayed 1 second(s)

2019-03-28 15:51:35 - [MESSAGE][PASSED] - Delayed 1 second(s)

2019-03-28 15:51:35 - [TEST_STEP][PASSED] - closeBrowser(): Browser is closed

2019-03-28 15:51:35 - [MESSAGE][PASSED] - Browser is closed]]></system-out>
         <system-err><![CDATA[]]></system-err>
      </testcase>
      <testcase name="Test Cases/Admin Console/Account Settings/ID Methods()/ID Methods - Edit" classname="Test Cases/Admin Console/Account Settings/ID Methods()/ID Methods - Edit" status="PASSED">
         <system-out><![CDATA[2019-03-28 15:51:37 - [TEST_CASE][PASSED] - Test Cases/Admin Console/Account Settings/ID Methods()/ID Methods - Edit: Test Cases/Admin Console/Account Settings/ID Methods()/ID Methods - Edit

2019-03-28 15:51:37 - [TEST_STEP][PASSED] - openBrowser(""): Browser is opened with url: ''

2019-03-28 15:51:37 - [MESSAGE][INFO] - Starting 'Chrome' driver

2019-03-28 15:51:38 - [MESSAGE][PASSED] - Browser is opened with url: ''

2019-03-28 15:51:38 - [TEST_STEP][PASSED] - navigateToUrl(URL): Navigate to 'https://dev.epulse.io' successfully

2019-03-28 15:51:40 - [MESSAGE][PASSED] - Navigate to 'https://dev.epulse.io' successfully

2019-03-28 15:51:40 - [TEST_STEP][PASSED] - setText(findTestObject("Login/Email Address"), User_email): Text 'alonzo.mack@knowink.com' is set on object 'Object Repository/Login/Email Address'

2019-03-28 15:51:40 - [MESSAGE][PASSED] - Text 'alonzo.mack@knowink.com' is set on object 'Object Repository/Login/Email Address'

2019-03-28 15:51:40 - [TEST_STEP][PASSED] - setEncryptedText(findTestObject("Login/Password"), Pswrd): Text ****** has been set on object 'Object Repository/Login/Password'

2019-03-28 15:51:40 - [MESSAGE][PASSED] - Text ****** has been set on object 'Object Repository/Login/Password'

2019-03-28 15:51:40 - [TEST_STEP][PASSED] - click(findTestObject("Login/Sign In")): Object: 'Object Repository/Login/Sign In' is clicked on

2019-03-28 15:51:41 - [MESSAGE][PASSED] - Object: 'Object Repository/Login/Sign In' is clicked on

2019-03-28 15:51:41 - [TEST_STEP][PASSED] - delay(1): Delayed 1 second(s)

2019-03-28 15:51:42 - [MESSAGE][PASSED] - Delayed 1 second(s)

2019-03-28 15:51:42 - [TEST_STEP][PASSED] - navigateToUrl(voter_id_methods, STOP_ON_FAILURE): Navigate to 'https://am-automation-test.dev.epulse.io/voter_id_methods' successfully

2019-03-28 15:51:43 - [MESSAGE][PASSED] - Navigate to 'https://am-automation-test.dev.epulse.io/voter_id_methods' successfully

2019-03-28 15:51:43 - [TEST_STEP][PASSED] - delay(1): Delayed 1 second(s)

2019-03-28 15:51:44 - [MESSAGE][PASSED] - Delayed 1 second(s)

2019-03-28 15:51:44 - [TEST_STEP][PASSED] - click(findTestObject("Admin Console ePulse Menu/Account Settings/ID Methods/ID Methods Page/Page_Epulse  am-Automation-test/Edit Selected ID Method")): Object: 'Object Repository/Admin Console ePulse Menu/Account Settings/ID Methods/ID Methods Page/Page_Epulse  am-Automation-test/Edit Selected ID Method' is clicked on

2019-03-28 15:51:44 - [MESSAGE][PASSED] - Object: 'Object Repository/Admin Console ePulse Menu/Account Settings/ID Methods/ID Methods Page/Page_Epulse  am-Automation-test/Edit Selected ID Method' is clicked on

2019-03-28 15:51:44 - [TEST_STEP][PASSED] - setText(findTestObject("Admin Console ePulse Menu/Account Settings/ID Methods/New ID Method Modal/Name"), "Drivers License_Edit"): Text 'Drivers License_Edit' is set on object 'Object Repository/Admin Console ePulse Menu/Account Settings/ID Methods/New ID Method Modal/Name'

2019-03-28 15:51:44 - [MESSAGE][PASSED] - Text 'Drivers License_Edit' is set on object 'Object Repository/Admin Console ePulse Menu/Account Settings/ID Methods/New ID Method Modal/Name'

2019-03-28 15:51:44 - [TEST_STEP][PASSED] - setText(findTestObject("Admin Console ePulse Menu/Account Settings/ID Methods/New ID Method Modal/Heading"), "State Drivers License_Edit"): Text 'State Drivers License_Edit' is set on object 'Object Repository/Admin Console ePulse Menu/Account Settings/ID Methods/New ID Method Modal/Heading'

2019-03-28 15:51:44 - [MESSAGE][PASSED] - Text 'State Drivers License_Edit' is set on object 'Object Repository/Admin Console ePulse Menu/Account Settings/ID Methods/New ID Method Modal/Heading'

2019-03-28 15:51:44 - [TEST_STEP][PASSED] - selectOptionByValue(findTestObject("Admin Console ePulse Menu/Account Settings/ID Methods/New ID Method Modal/Select Color"), "0", true): All options with value '0' are selected in object 'Object Repository/Admin Console ePulse Menu/Account Settings/ID Methods/New ID Method Modal/Select Color'  using regular expression

2019-03-28 15:51:44 - [MESSAGE][PASSED] - All options with value '0' are selected in object 'Object Repository/Admin Console ePulse Menu/Account Settings/ID Methods/New ID Method Modal/Select Color'  using regular expression

2019-03-28 15:51:44 - [TEST_STEP][PASSED] - setText(findTestObject("Admin Console ePulse Menu/Account Settings/ID Methods/New ID Method Modal/Instructions"), "State Drivers License_Edit"): Text 'State Drivers License_Edit' is set on object 'Object Repository/Admin Console ePulse Menu/Account Settings/ID Methods/New ID Method Modal/Instructions'

2019-03-28 15:51:45 - [MESSAGE][PASSED] - Text 'State Drivers License_Edit' is set on object 'Object Repository/Admin Console ePulse Menu/Account Settings/ID Methods/New ID Method Modal/Instructions'

2019-03-28 15:51:45 - [TEST_STEP][PASSED] - setText(findTestObject("Admin Console ePulse Menu/Account Settings/ID Methods/New ID Method Modal/Order"), "2"): Text '2' is set on object 'Object Repository/Admin Console ePulse Menu/Account Settings/ID Methods/New ID Method Modal/Order'

2019-03-28 15:51:45 - [MESSAGE][PASSED] - Text '2' is set on object 'Object Repository/Admin Console ePulse Menu/Account Settings/ID Methods/New ID Method Modal/Order'

2019-03-28 15:51:45 - [TEST_STEP][NOT_RUN] - click(findTestObject("Admin Console ePulse Menu/Account Settings/ID Methods/New ID Method Modal/Show Does Name Match_slider")): NOT_RUN: click(findTestObject("Admin Console ePulse Menu/Account Settings/ID Methods/New ID Method Modal/Show Does Name Match_slider"))

2019-03-28 15:51:45 - [MESSAGE][NOT_RUN] - NOT_RUN: click(findTestObject("Admin Console ePulse Menu/Account Settings/ID Methods/New ID Method Modal/Show Does Name Match_slider"))

2019-03-28 15:51:45 - [TEST_STEP][PASSED] - click(findTestObject("Admin Console ePulse Menu/Account Settings/ID Methods/New ID Method Modal/Show Does Address Match_slider"), STOP_ON_FAILURE): Object: 'Object Repository/Admin Console ePulse Menu/Account Settings/ID Methods/New ID Method Modal/Show Does Address Match_slider' is clicked on

2019-03-28 15:51:45 - [MESSAGE][PASSED] - Object: 'Object Repository/Admin Console ePulse Menu/Account Settings/ID Methods/New ID Method Modal/Show Does Address Match_slider' is clicked on

2019-03-28 15:51:45 - [TEST_STEP][NOT_RUN] - click(findTestObject("Admin Console ePulse Menu/Account Settings/ID Methods/New ID Method Modal/Show is ID Expired_slider"), STOP_ON_FAILURE): NOT_RUN: click(findTestObject("Admin Console ePulse Menu/Account Settings/ID Methods/New ID Method Modal/Show is ID Expired_slider"), STOP_ON_FAILURE)

2019-03-28 15:51:45 - [MESSAGE][NOT_RUN] - NOT_RUN: click(findTestObject("Admin Console ePulse Menu/Account Settings/ID Methods/New ID Method Modal/Show is ID Expired_slider"), STOP_ON_FAILURE)

2019-03-28 15:51:45 - [TEST_STEP][PASSED] - setText(findTestObject("Admin Console ePulse Menu/Account Settings/ID Methods/New ID Method Modal/Page_Epulse  am-Automation-test/Incorrect Heading"), "No Drivers License_Edit?"): Text 'No Drivers License_Edit?' is set on object 'Object Repository/Admin Console ePulse Menu/Account Settings/ID Methods/New ID Method Modal/Page_Epulse  am-Automation-test/Incorrect Heading'

2019-03-28 15:51:45 - [MESSAGE][PASSED] - Text 'No Drivers License_Edit?' is set on object 'Object Repository/Admin Console ePulse Menu/Account Settings/ID Methods/New ID Method Modal/Page_Epulse  am-Automation-test/Incorrect Heading'

2019-03-28 15:51:45 - [TEST_STEP][PASSED] - setText(findTestObject("Admin Console ePulse Menu/Account Settings/ID Methods/New ID Method Modal/Page_Epulse  am-Automation-test/Incorrect Instructions"), "Vote Provisional_Edit"): Text 'Vote Provisional_Edit' is set on object 'Object Repository/Admin Console ePulse Menu/Account Settings/ID Methods/New ID Method Modal/Page_Epulse  am-Automation-test/Incorrect Instructions'

2019-03-28 15:51:45 - [MESSAGE][PASSED] - Text 'Vote Provisional_Edit' is set on object 'Object Repository/Admin Console ePulse Menu/Account Settings/ID Methods/New ID Method Modal/Page_Epulse  am-Automation-test/Incorrect Instructions'

2019-03-28 15:51:45 - [TEST_STEP][PASSED] - click(findTestObject("Admin Console ePulse Menu/Account Settings/ID Methods/New ID Method Modal/Submit"), STOP_ON_FAILURE): Object: 'Object Repository/Admin Console ePulse Menu/Account Settings/ID Methods/New ID Method Modal/Submit' is clicked on

2019-03-28 15:51:46 - [MESSAGE][PASSED] - Object: 'Object Repository/Admin Console ePulse Menu/Account Settings/ID Methods/New ID Method Modal/Submit' is clicked on

2019-03-28 15:51:46 - [TEST_STEP][PASSED] - closeBrowser(): Browser is closed

2019-03-28 15:51:46 - [MESSAGE][PASSED] - Browser is closed]]></system-out>
         <system-err><![CDATA[]]></system-err>
      </testcase>
      <testcase name="Test Cases/Admin Console/Account Settings/ID Methods()/ID Methods - Edit Oath" classname="Test Cases/Admin Console/Account Settings/ID Methods()/ID Methods - Edit Oath" status="PASSED">
         <system-out><![CDATA[2019-03-28 15:51:48 - [TEST_CASE][PASSED] - Test Cases/Admin Console/Account Settings/ID Methods()/ID Methods - Edit Oath: Test Cases/Admin Console/Account Settings/ID Methods()/ID Methods - Edit Oath

2019-03-28 15:51:48 - [TEST_STEP][PASSED] - openBrowser(""): Browser is opened with url: ''

2019-03-28 15:51:48 - [MESSAGE][INFO] - Starting 'Chrome' driver

2019-03-28 15:51:49 - [MESSAGE][PASSED] - Browser is opened with url: ''

2019-03-28 15:51:49 - [TEST_STEP][PASSED] - navigateToUrl(URL): Navigate to 'https://dev.epulse.io' successfully

2019-03-28 15:51:51 - [MESSAGE][PASSED] - Navigate to 'https://dev.epulse.io' successfully

2019-03-28 15:51:51 - [TEST_STEP][PASSED] - setText(findTestObject("Login/Email Address"), User_email): Text 'alonzo.mack@knowink.com' is set on object 'Object Repository/Login/Email Address'

2019-03-28 15:51:51 - [MESSAGE][PASSED] - Text 'alonzo.mack@knowink.com' is set on object 'Object Repository/Login/Email Address'

2019-03-28 15:51:51 - [TEST_STEP][PASSED] - setEncryptedText(findTestObject("Login/Password"), Pswrd): Text ****** has been set on object 'Object Repository/Login/Password'

2019-03-28 15:51:51 - [MESSAGE][PASSED] - Text ****** has been set on object 'Object Repository/Login/Password'

2019-03-28 15:51:51 - [TEST_STEP][PASSED] - click(findTestObject("Login/Sign In")): Object: 'Object Repository/Login/Sign In' is clicked on

2019-03-28 15:51:52 - [MESSAGE][PASSED] - Object: 'Object Repository/Login/Sign In' is clicked on

2019-03-28 15:51:52 - [TEST_STEP][PASSED] - delay(1): Delayed 1 second(s)

2019-03-28 15:51:53 - [MESSAGE][PASSED] - Delayed 1 second(s)

2019-03-28 15:51:53 - [TEST_STEP][PASSED] - navigateToUrl(voter_id_methods, STOP_ON_FAILURE): Navigate to 'https://am-automation-test.dev.epulse.io/voter_id_methods' successfully

2019-03-28 15:51:54 - [MESSAGE][PASSED] - Navigate to 'https://am-automation-test.dev.epulse.io/voter_id_methods' successfully

2019-03-28 15:51:54 - [TEST_STEP][PASSED] - click(findTestObject("Admin Console ePulse Menu/Account Settings/ID Methods/ID Methods Page/Edit ID Method Oath")): Object: 'Object Repository/Admin Console ePulse Menu/Account Settings/ID Methods/ID Methods Page/Edit ID Method Oath' is clicked on

2019-03-28 15:51:55 - [MESSAGE][PASSED] - Object: 'Object Repository/Admin Console ePulse Menu/Account Settings/ID Methods/ID Methods Page/Edit ID Method Oath' is clicked on

2019-03-28 15:51:55 - [TEST_STEP][PASSED] - delay(1): Delayed 1 second(s)

2019-03-28 15:51:56 - [MESSAGE][PASSED] - Delayed 1 second(s)

2019-03-28 15:51:56 - [TEST_STEP][PASSED] - setText(findTestObject("Admin Console ePulse Menu/Account Settings/ID Methods/Edit ID Method Modal/Customized Oath text area"), "Customize the oath displayed to voters. "): Text 'Customize the oath displayed to voters. ' is set on object 'Object Repository/Admin Console ePulse Menu/Account Settings/ID Methods/Edit ID Method Modal/Customized Oath text area'

2019-03-28 15:51:56 - [MESSAGE][PASSED] - Text 'Customize the oath displayed to voters. ' is set on object 'Object Repository/Admin Console ePulse Menu/Account Settings/ID Methods/Edit ID Method Modal/Customized Oath text area'

2019-03-28 15:51:56 - [TEST_STEP][PASSED] - delay(1): Delayed 1 second(s)

2019-03-28 15:51:57 - [MESSAGE][PASSED] - Delayed 1 second(s)

2019-03-28 15:51:57 - [TEST_STEP][PASSED] - click(findTestObject("Admin Console ePulse Menu/Account Settings/ID Methods/Edit ID Method Modal/Submit"), STOP_ON_FAILURE): Object: 'Object Repository/Admin Console ePulse Menu/Account Settings/ID Methods/Edit ID Method Modal/Submit' is clicked on

2019-03-28 15:51:57 - [MESSAGE][PASSED] - Object: 'Object Repository/Admin Console ePulse Menu/Account Settings/ID Methods/Edit ID Method Modal/Submit' is clicked on]]></system-out>
         <system-err><![CDATA[]]></system-err>
      </testcase>
      <testcase name="Test Cases/Admin Console/Account Settings/ID Methods()/ID Methods - Export" classname="Test Cases/Admin Console/Account Settings/ID Methods()/ID Methods - Export" status="PASSED">
         <system-out><![CDATA[2019-03-28 15:51:59 - [TEST_CASE][PASSED] - Test Cases/Admin Console/Account Settings/ID Methods()/ID Methods - Export: Test Cases/Admin Console/Account Settings/ID Methods()/ID Methods - Export

2019-03-28 15:51:59 - [TEST_STEP][PASSED] - openBrowser(""): Browser is opened with url: ''

2019-03-28 15:51:59 - [MESSAGE][WARNING] - A browser is already opened. Closing browser and opening a new one

2019-03-28 15:51:59 - [MESSAGE][INFO] - Starting 'Chrome' driver

2019-03-28 15:52:00 - [MESSAGE][PASSED] - Browser is opened with url: ''

2019-03-28 15:52:00 - [TEST_STEP][PASSED] - navigateToUrl(URL): Navigate to 'https://dev.epulse.io' successfully

2019-03-28 15:52:02 - [MESSAGE][PASSED] - Navigate to 'https://dev.epulse.io' successfully

2019-03-28 15:52:02 - [TEST_STEP][PASSED] - setText(findTestObject("Login/Email Address"), User_email): Text 'alonzo.mack@knowink.com' is set on object 'Object Repository/Login/Email Address'

2019-03-28 15:52:02 - [MESSAGE][PASSED] - Text 'alonzo.mack@knowink.com' is set on object 'Object Repository/Login/Email Address'

2019-03-28 15:52:02 - [TEST_STEP][PASSED] - setEncryptedText(findTestObject("Login/Password"), Pswrd): Text ****** has been set on object 'Object Repository/Login/Password'

2019-03-28 15:52:02 - [MESSAGE][PASSED] - Text ****** has been set on object 'Object Repository/Login/Password'

2019-03-28 15:52:02 - [TEST_STEP][PASSED] - click(findTestObject("Login/Sign In")): Object: 'Object Repository/Login/Sign In' is clicked on

2019-03-28 15:52:03 - [MESSAGE][PASSED] - Object: 'Object Repository/Login/Sign In' is clicked on

2019-03-28 15:52:03 - [TEST_STEP][PASSED] - delay(1): Delayed 1 second(s)

2019-03-28 15:52:04 - [MESSAGE][PASSED] - Delayed 1 second(s)

2019-03-28 15:52:04 - [TEST_STEP][PASSED] - navigateToUrl(voter_id_methods): Navigate to 'https://am-automation-test.dev.epulse.io/voter_id_methods' successfully

2019-03-28 15:52:05 - [MESSAGE][PASSED] - Navigate to 'https://am-automation-test.dev.epulse.io/voter_id_methods' successfully

2019-03-28 15:52:05 - [TEST_STEP][PASSED] - delay(1): Delayed 1 second(s)

2019-03-28 15:52:06 - [MESSAGE][PASSED] - Delayed 1 second(s)

2019-03-28 15:52:06 - [TEST_STEP][PASSED] - click(findTestObject("Admin Console ePulse Menu/Account Settings/ID Methods/ID Methods Page/Export")): Object: 'Object Repository/Admin Console ePulse Menu/Account Settings/ID Methods/ID Methods Page/Export' is clicked on

2019-03-28 15:52:06 - [MESSAGE][PASSED] - Object: 'Object Repository/Admin Console ePulse Menu/Account Settings/ID Methods/ID Methods Page/Export' is clicked on

2019-03-28 15:52:06 - [TEST_STEP][PASSED] - delay(1): Delayed 1 second(s)

2019-03-28 15:52:07 - [MESSAGE][PASSED] - Delayed 1 second(s)

2019-03-28 15:52:07 - [TEST_STEP][PASSED] - closeBrowser(STOP_ON_FAILURE): Browser is closed

2019-03-28 15:52:07 - [MESSAGE][PASSED] - Browser is closed]]></system-out>
         <system-err><![CDATA[]]></system-err>
      </testcase>
      <testcase name="Test Cases/Admin Console/Account Settings/ID Methods()/ID Methods - Import" classname="Test Cases/Admin Console/Account Settings/ID Methods()/ID Methods - Import" status="PASSED">
         <system-out><![CDATA[2019-03-28 15:52:09 - [TEST_CASE][PASSED] - Test Cases/Admin Console/Account Settings/ID Methods()/ID Methods - Import: Test Cases/Admin Console/Account Settings/ID Methods()/ID Methods - Import

2019-03-28 15:52:09 - [TEST_STEP][PASSED] - openBrowser(""): Browser is opened with url: ''

2019-03-28 15:52:09 - [MESSAGE][INFO] - Starting 'Chrome' driver

2019-03-28 15:52:11 - [MESSAGE][PASSED] - Browser is opened with url: ''

2019-03-28 15:52:11 - [TEST_STEP][PASSED] - navigateToUrl(URL): Navigate to 'https://dev.epulse.io' successfully

2019-03-28 15:52:12 - [MESSAGE][PASSED] - Navigate to 'https://dev.epulse.io' successfully

2019-03-28 15:52:12 - [TEST_STEP][PASSED] - setText(findTestObject("Login/Email Address"), User_email): Text 'alonzo.mack@knowink.com' is set on object 'Object Repository/Login/Email Address'

2019-03-28 15:52:12 - [MESSAGE][PASSED] - Text 'alonzo.mack@knowink.com' is set on object 'Object Repository/Login/Email Address'

2019-03-28 15:52:12 - [TEST_STEP][PASSED] - setEncryptedText(findTestObject("Login/Password"), Pswrd): Text ****** has been set on object 'Object Repository/Login/Password'

2019-03-28 15:52:12 - [MESSAGE][PASSED] - Text ****** has been set on object 'Object Repository/Login/Password'

2019-03-28 15:52:12 - [TEST_STEP][PASSED] - click(findTestObject("Login/Sign In")): Object: 'Object Repository/Login/Sign In' is clicked on

2019-03-28 15:52:13 - [MESSAGE][PASSED] - Object: 'Object Repository/Login/Sign In' is clicked on

2019-03-28 15:52:13 - [TEST_STEP][PASSED] - delay(1): Delayed 1 second(s)

2019-03-28 15:52:14 - [MESSAGE][PASSED] - Delayed 1 second(s)

2019-03-28 15:52:14 - [TEST_STEP][PASSED] - navigateToUrl(voter_id_methods, STOP_ON_FAILURE): Navigate to 'https://am-automation-test.dev.epulse.io/voter_id_methods' successfully

2019-03-28 15:52:15 - [MESSAGE][PASSED] - Navigate to 'https://am-automation-test.dev.epulse.io/voter_id_methods' successfully

2019-03-28 15:52:15 - [TEST_STEP][PASSED] - click(findTestObject("Admin Console ePulse Menu/Account Settings/ID Methods/ID Methods Page/Import")): Object: 'Object Repository/Admin Console ePulse Menu/Account Settings/ID Methods/ID Methods Page/Import' is clicked on

2019-03-28 15:52:16 - [MESSAGE][PASSED] - Object: 'Object Repository/Admin Console ePulse Menu/Account Settings/ID Methods/ID Methods Page/Import' is clicked on

2019-03-28 15:52:16 - [TEST_STEP][PASSED] - setText(findTestObject("Admin Console ePulse Menu/Account Settings/Prompts/Import Prompts Buttons/Choose File"), "/Users/alonzomack/Downloads/Automation uploads/voter_id_methods.txt"): Text '/Users/alonzomack/Downloads/Automation uploads/voter_id_methods.txt' is set on object 'Object Repository/Admin Console ePulse Menu/Account Settings/Prompts/Import Prompts Buttons/Choose File'

2019-03-28 15:52:16 - [MESSAGE][PASSED] - Text '/Users/alonzomack/Downloads/Automation uploads/voter_id_methods.txt' is set on object 'Object Repository/Admin Console ePulse Menu/Account Settings/Prompts/Import Prompts Buttons/Choose File'

2019-03-28 15:52:16 - [TEST_STEP][PASSED] - click(findTestObject("Admin Console ePulse Menu/Account Settings/Prompts/Import Prompts Buttons/Continue Button")): Object: 'Object Repository/Admin Console ePulse Menu/Account Settings/Prompts/Import Prompts Buttons/Continue Button' is clicked on

2019-03-28 15:52:16 - [MESSAGE][PASSED] - Object: 'Object Repository/Admin Console ePulse Menu/Account Settings/Prompts/Import Prompts Buttons/Continue Button' is clicked on

2019-03-28 15:52:16 - [TEST_STEP][PASSED] - delay(1): Delayed 1 second(s)

2019-03-28 15:52:17 - [MESSAGE][PASSED] - Delayed 1 second(s)

2019-03-28 15:52:17 - [TEST_STEP][PASSED] - click(findTestObject("Admin Console ePulse Menu/Account Settings/Prompts/Import Prompts Buttons/button_Done(working)")): Object: 'Object Repository/Admin Console ePulse Menu/Account Settings/Prompts/Import Prompts Buttons/button_Done(working)' is clicked on

2019-03-28 15:52:21 - [MESSAGE][PASSED] - Object: 'Object Repository/Admin Console ePulse Menu/Account Settings/Prompts/Import Prompts Buttons/button_Done(working)' is clicked on]]></system-out>
         <system-err><![CDATA[]]></system-err>
      </testcase>
      <testcase name="Test Cases/Admin Console/Account Settings/ID Methods()/ID Methods - Delete" classname="Test Cases/Admin Console/Account Settings/ID Methods()/ID Methods - Delete" status="PASSED">
         <system-out><![CDATA[2019-03-28 15:52:23 - [TEST_CASE][PASSED] - Test Cases/Admin Console/Account Settings/ID Methods()/ID Methods - Delete: Test Cases/Admin Console/Account Settings/ID Methods()/ID Methods - Delete

2019-03-28 15:52:23 - [TEST_STEP][PASSED] - openBrowser(""): Browser is opened with url: ''

2019-03-28 15:52:23 - [MESSAGE][WARNING] - A browser is already opened. Closing browser and opening a new one

2019-03-28 15:52:23 - [MESSAGE][INFO] - Starting 'Chrome' driver

2019-03-28 15:52:24 - [MESSAGE][PASSED] - Browser is opened with url: ''

2019-03-28 15:52:24 - [TEST_STEP][PASSED] - navigateToUrl(URL): Navigate to 'https://dev.epulse.io' successfully

2019-03-28 15:52:25 - [MESSAGE][PASSED] - Navigate to 'https://dev.epulse.io' successfully

2019-03-28 15:52:25 - [TEST_STEP][PASSED] - setText(findTestObject("Login/Email Address"), User_email): Text 'alonzo.mack@knowink.com' is set on object 'Object Repository/Login/Email Address'

2019-03-28 15:52:26 - [MESSAGE][PASSED] - Text 'alonzo.mack@knowink.com' is set on object 'Object Repository/Login/Email Address'

2019-03-28 15:52:26 - [TEST_STEP][PASSED] - setEncryptedText(findTestObject("Login/Password"), Pswrd): Text ****** has been set on object 'Object Repository/Login/Password'

2019-03-28 15:52:26 - [MESSAGE][PASSED] - Text ****** has been set on object 'Object Repository/Login/Password'

2019-03-28 15:52:26 - [TEST_STEP][PASSED] - click(findTestObject("Login/Sign In")): Object: 'Object Repository/Login/Sign In' is clicked on

2019-03-28 15:52:26 - [MESSAGE][PASSED] - Object: 'Object Repository/Login/Sign In' is clicked on

2019-03-28 15:52:26 - [TEST_STEP][PASSED] - delay(1): Delayed 1 second(s)

2019-03-28 15:52:27 - [MESSAGE][PASSED] - Delayed 1 second(s)

2019-03-28 15:52:27 - [TEST_STEP][PASSED] - navigateToUrl(voter_id_methods, STOP_ON_FAILURE): Navigate to 'https://am-automation-test.dev.epulse.io/voter_id_methods' successfully

2019-03-28 15:52:29 - [MESSAGE][PASSED] - Navigate to 'https://am-automation-test.dev.epulse.io/voter_id_methods' successfully

2019-03-28 15:52:29 - [TEST_STEP][PASSED] - delay(1): Delayed 1 second(s)

2019-03-28 15:52:30 - [MESSAGE][PASSED] - Delayed 1 second(s)

2019-03-28 15:52:30 - [TEST_STEP][PASSED] - click(findTestObject("Admin Console ePulse Menu/Account Settings/ID Methods/ID Methods Page/Page_Epulse  am-Automation-test/Delete Selected ID Method")): Object: 'Object Repository/Admin Console ePulse Menu/Account Settings/ID Methods/ID Methods Page/Page_Epulse  am-Automation-test/Delete Selected ID Method' is clicked on

2019-03-28 15:52:30 - [MESSAGE][PASSED] - Object: 'Object Repository/Admin Console ePulse Menu/Account Settings/ID Methods/ID Methods Page/Page_Epulse  am-Automation-test/Delete Selected ID Method' is clicked on

2019-03-28 15:52:30 - [TEST_STEP][PASSED] - delay(3): Delayed 3 second(s)

2019-03-28 15:52:33 - [MESSAGE][PASSED] - Delayed 3 second(s)

2019-03-28 15:52:33 - [TEST_STEP][PASSED] - acceptAlert(): Alert accepted

2019-03-28 15:52:33 - [MESSAGE][PASSED] - Alert accepted

2019-03-28 15:52:33 - [TEST_STEP][PASSED] - closeBrowser(): Browser is closed

2019-03-28 15:52:33 - [MESSAGE][PASSED] - Browser is closed]]></system-out>
         <system-err><![CDATA[]]></system-err>
      </testcase>
      <testcase name="Test Cases/Admin Console/Account Settings/Oaths()/Oaths - Add" classname="Test Cases/Admin Console/Account Settings/Oaths()/Oaths - Add" status="FAILED">
         <failure type="FAILED" message="Test Cases/Admin Console/Account Settings/Oaths()/Oaths - Add FAILED.
Reason:
com.kms.katalon.core.exception.StepFailedException: Unable to set text 'Oath Instructions' of object 'Object Repository/Admin Console ePulse Menu/Account Settings/Oaths/Add_Edit Oath/Oath Instructions' (Root cause: org.openqa.selenium.ElementNotVisibleException: element not interactable
  (Session info: chrome=73.0.3683.86)
  (Driver info: chromedriver=2.43.600229 (3fae4d0cda5334b4f533bede5a4787f7b832d052),platform=Mac OS X 10.13.3 x86_64) (WARNING: The server did not provide any stacktrace information)
Command duration or timeout: 0 milliseconds
Build info: version: '3.7.1', revision: '8a0099a', time: '2017-11-06T21:07:36.161Z'
System info: host: 'QAs-MacBook-Pro-2.local', ip: '2600:6c40:5400:153d:9044:d55b:b9a2:17b3%en0', os.name: 'Mac OS X', os.arch: 'x86_64', os.version: '10.13.3', java.version: '1.8.0_181'
Driver info: com.kms.katalon.selenium.driver.CChromeDriver
Capabilities {acceptInsecureCerts: false, acceptSslCerts: false, applicationCacheEnabled: false, browserConnectionEnabled: false, browserName: chrome, chrome: {chromedriverVersion: 2.43.600229 (3fae4d0cda5334..., userDataDir: /var/folders/p5/lldhhw894tb...}, cssSelectorsEnabled: true, databaseEnabled: false, goog:chromeOptions: {debuggerAddress: localhost:57348}, handlesAlerts: true, hasTouchScreen: false, javascriptEnabled: true, locationContextEnabled: true, mobileEmulationEnabled: false, nativeEvents: true, networkConnectionEnabled: false, pageLoadStrategy: normal, platform: MAC, platformName: MAC, rotatable: false, setWindowRect: true, takesHeapSnapshot: true, takesScreenshot: true, unexpectedAlertBehaviour: , unhandledPromptBehavior: , version: 73.0.3683.86, webStorageEnabled: true}
Session ID: 980363027a9bc94054ae2bb544414833)
	at com.kms.katalon.core.keyword.internal.KeywordMain.stepFailed(KeywordMain.groovy:36)
	at com.kms.katalon.core.webui.keyword.internal.WebUIKeywordMain.stepFailed(WebUIKeywordMain.groovy:65)
	at com.kms.katalon.core.webui.keyword.internal.WebUIKeywordMain.runKeyword(WebUIKeywordMain.groovy:27)
	at com.kms.katalon.core.webui.keyword.builtin.SetTextKeyword.setText(SetTextKeyword.groovy:65)
	at com.kms.katalon.core.webui.keyword.builtin.SetTextKeyword.execute(SetTextKeyword.groovy:37)
	at com.kms.katalon.core.keyword.internal.KeywordExecutor.executeKeywordForPlatform(KeywordExecutor.groovy:53)
	at com.kms.katalon.core.webui.keyword.WebUiBuiltInKeywords.setText(WebUiBuiltInKeywords.groovy:950)
	at com.kms.katalon.core.webui.keyword.WebUiBuiltInKeywords$setText$1.call(Unknown Source)
	at Oaths - Add.run(Oaths - Add:49)
	at com.kms.katalon.core.main.ScriptEngine.run(ScriptEngine.java:194)
	at com.kms.katalon.core.main.ScriptEngine.runScriptAsRawText(ScriptEngine.java:119)
	at com.kms.katalon.core.main.TestCaseExecutor.runScript(TestCaseExecutor.java:328)
	at com.kms.katalon.core.main.TestCaseExecutor.doExecute(TestCaseExecutor.java:319)
	at com.kms.katalon.core.main.TestCaseExecutor.processExecutionPhase(TestCaseExecutor.java:298)
	at com.kms.katalon.core.main.TestCaseExecutor.accessMainPhase(TestCaseExecutor.java:290)
	at com.kms.katalon.core.main.TestCaseExecutor.execute(TestCaseExecutor.java:224)
	at com.kms.katalon.core.main.TestSuiteExecutor.accessTestCaseMainPhase(TestSuiteExecutor.java:129)
	at com.kms.katalon.core.main.TestSuiteExecutor.accessTestSuiteMainPhase(TestSuiteExecutor.java:112)
	at com.kms.katalon.core.main.TestSuiteExecutor.execute(TestSuiteExecutor.java:81)
	at com.kms.katalon.core.main.TestCaseMain.startTestSuite(TestCaseMain.java:149)
	at com.kms.katalon.core.main.TestCaseMain$startTestSuite$0.call(Unknown Source)
	at TempTestSuite1553805915573.run(TempTestSuite1553805915573.groovy:36)
"/>
         <system-out><![CDATA[2019-03-28 15:52:35 - [TEST_CASE][FAILED] - Test Cases/Admin Console/Account Settings/Oaths()/Oaths - Add: Test Cases/Admin Console/Account Settings/Oaths()/Oaths - Add FAILED.
Reason:
com.kms.katalon.core.exception.StepFailedException: Unable to set text 'Oath Instructions' of object 'Object Repository/Admin Console ePulse Menu/Account Settings/Oaths/Add_Edit Oath/Oath Instructions' (Root cause: org.openqa.selenium.ElementNotVisibleException: element not interactable
  (Session info: chrome=73.0.3683.86)
  (Driver info: chromedriver=2.43.600229 (3fae4d0cda5334b4f533bede5a4787f7b832d052),platform=Mac OS X 10.13.3 x86_64) (WARNING: The server did not provide any stacktrace information)
Command duration or timeout: 0 milliseconds
Build info: version: '3.7.1', revision: '8a0099a', time: '2017-11-06T21:07:36.161Z'
System info: host: 'QAs-MacBook-Pro-2.local', ip: '2600:6c40:5400:153d:9044:d55b:b9a2:17b3%en0', os.name: 'Mac OS X', os.arch: 'x86_64', os.version: '10.13.3', java.version: '1.8.0_181'
Driver info: com.kms.katalon.selenium.driver.CChromeDriver
Capabilities {acceptInsecureCerts: false, acceptSslCerts: false, applicationCacheEnabled: false, browserConnectionEnabled: false, browserName: chrome, chrome: {chromedriverVersion: 2.43.600229 (3fae4d0cda5334..., userDataDir: /var/folders/p5/lldhhw894tb...}, cssSelectorsEnabled: true, databaseEnabled: false, goog:chromeOptions: {debuggerAddress: localhost:57348}, handlesAlerts: true, hasTouchScreen: false, javascriptEnabled: true, locationContextEnabled: true, mobileEmulationEnabled: false, nativeEvents: true, networkConnectionEnabled: false, pageLoadStrategy: normal, platform: MAC, platformName: MAC, rotatable: false, setWindowRect: true, takesHeapSnapshot: true, takesScreenshot: true, unexpectedAlertBehaviour: , unhandledPromptBehavior: , version: 73.0.3683.86, webStorageEnabled: true}
Session ID: 980363027a9bc94054ae2bb544414833)
	at com.kms.katalon.core.keyword.internal.KeywordMain.stepFailed(KeywordMain.groovy:36)
	at com.kms.katalon.core.webui.keyword.internal.WebUIKeywordMain.stepFailed(WebUIKeywordMain.groovy:65)
	at com.kms.katalon.core.webui.keyword.internal.WebUIKeywordMain.runKeyword(WebUIKeywordMain.groovy:27)
	at com.kms.katalon.core.webui.keyword.builtin.SetTextKeyword.setText(SetTextKeyword.groovy:65)
	at com.kms.katalon.core.webui.keyword.builtin.SetTextKeyword.execute(SetTextKeyword.groovy:37)
	at com.kms.katalon.core.keyword.internal.KeywordExecutor.executeKeywordForPlatform(KeywordExecutor.groovy:53)
	at com.kms.katalon.core.webui.keyword.WebUiBuiltInKeywords.setText(WebUiBuiltInKeywords.groovy:950)
	at com.kms.katalon.core.webui.keyword.WebUiBuiltInKeywords$setText$1.call(Unknown Source)
	at Oaths - Add.run(Oaths - Add:49)
	at com.kms.katalon.core.main.ScriptEngine.run(ScriptEngine.java:194)
	at com.kms.katalon.core.main.ScriptEngine.runScriptAsRawText(ScriptEngine.java:119)
	at com.kms.katalon.core.main.TestCaseExecutor.runScript(TestCaseExecutor.java:328)
	at com.kms.katalon.core.main.TestCaseExecutor.doExecute(TestCaseExecutor.java:319)
	at com.kms.katalon.core.main.TestCaseExecutor.processExecutionPhase(TestCaseExecutor.java:298)
	at com.kms.katalon.core.main.TestCaseExecutor.accessMainPhase(TestCaseExecutor.java:290)
	at com.kms.katalon.core.main.TestCaseExecutor.execute(TestCaseExecutor.java:224)
	at com.kms.katalon.core.main.TestSuiteExecutor.accessTestCaseMainPhase(TestSuiteExecutor.java:129)
	at com.kms.katalon.core.main.TestSuiteExecutor.accessTestSuiteMainPhase(TestSuiteExecutor.java:112)
	at com.kms.katalon.core.main.TestSuiteExecutor.execute(TestSuiteExecutor.java:81)
	at com.kms.katalon.core.main.TestCaseMain.startTestSuite(TestCaseMain.java:149)
	at com.kms.katalon.core.main.TestCaseMain$startTestSuite$0.call(Unknown Source)
	at TempTestSuite1553805915573.run(TempTestSuite1553805915573.groovy:36)


2019-03-28 15:52:35 - [TEST_STEP][PASSED] - openBrowser(""): Browser is opened with url: ''

2019-03-28 15:52:35 - [MESSAGE][INFO] - Starting 'Chrome' driver

2019-03-28 15:52:36 - [MESSAGE][PASSED] - Browser is opened with url: ''

2019-03-28 15:52:36 - [TEST_STEP][PASSED] - navigateToUrl(URL): Navigate to 'https://dev.epulse.io' successfully

2019-03-28 15:52:38 - [MESSAGE][PASSED] - Navigate to 'https://dev.epulse.io' successfully

2019-03-28 15:52:38 - [TEST_STEP][PASSED] - setText(findTestObject("Login/Email Address"), User_email): Text 'alonzo.mack@knowink.com' is set on object 'Object Repository/Login/Email Address'

2019-03-28 15:52:38 - [MESSAGE][PASSED] - Text 'alonzo.mack@knowink.com' is set on object 'Object Repository/Login/Email Address'

2019-03-28 15:52:38 - [TEST_STEP][PASSED] - setEncryptedText(findTestObject("Login/Password"), Pswrd): Text ****** has been set on object 'Object Repository/Login/Password'

2019-03-28 15:52:38 - [MESSAGE][PASSED] - Text ****** has been set on object 'Object Repository/Login/Password'

2019-03-28 15:52:38 - [TEST_STEP][PASSED] - click(findTestObject("Login/Sign In")): Object: 'Object Repository/Login/Sign In' is clicked on

2019-03-28 15:52:39 - [MESSAGE][PASSED] - Object: 'Object Repository/Login/Sign In' is clicked on

2019-03-28 15:52:39 - [TEST_STEP][PASSED] - delay(1): Delayed 1 second(s)

2019-03-28 15:52:40 - [MESSAGE][PASSED] - Delayed 1 second(s)

2019-03-28 15:52:40 - [TEST_STEP][PASSED] - navigateToUrl(Oaths, STOP_ON_FAILURE): Navigate to 'https://am-automation-test.dev.epulse.io/account_oaths' successfully

2019-03-28 15:52:41 - [MESSAGE][PASSED] - Navigate to 'https://am-automation-test.dev.epulse.io/account_oaths' successfully

2019-03-28 15:52:41 - [TEST_STEP][PASSED] - delay(1): Delayed 1 second(s)

2019-03-28 15:52:42 - [MESSAGE][PASSED] - Delayed 1 second(s)

2019-03-28 15:52:42 - [TEST_STEP][PASSED] - click(findTestObject("Admin Console ePulse Menu/Account Settings/Oaths/New Oath")): Object: 'Object Repository/Admin Console ePulse Menu/Account Settings/Oaths/New Oath' is clicked on

2019-03-28 15:52:42 - [MESSAGE][PASSED] - Object: 'Object Repository/Admin Console ePulse Menu/Account Settings/Oaths/New Oath' is clicked on

2019-03-28 15:52:42 - [TEST_STEP][PASSED] - setText(findTestObject("Admin Console ePulse Menu/Account Settings/Oaths/Add_Edit Oath/Oath Name"), "ID Method"): Text 'ID Method' is set on object 'Object Repository/Admin Console ePulse Menu/Account Settings/Oaths/Add_Edit Oath/Oath Name'

2019-03-28 15:52:42 - [MESSAGE][PASSED] - Text 'ID Method' is set on object 'Object Repository/Admin Console ePulse Menu/Account Settings/Oaths/Add_Edit Oath/Oath Name'

2019-03-28 15:52:42 - [TEST_STEP][FAILED] - setText(findTestObject("Admin Console ePulse Menu/Account Settings/Oaths/Add_Edit Oath/Oath Instructions"), "Oath Instructions"): setText(findTestObject("Admin Console ePulse Menu/Account Settings/Oaths/Add_Edit Oath/Oath Instructions"), "Oath Instructions") FAILED.
Reason:
com.kms.katalon.core.exception.StepFailedException: Unable to set text 'Oath Instructions' of object 'Object Repository/Admin Console ePulse Menu/Account Settings/Oaths/Add_Edit Oath/Oath Instructions' (Root cause: org.openqa.selenium.ElementNotVisibleException: element not interactable
  (Session info: chrome=73.0.3683.86)
  (Driver info: chromedriver=2.43.600229 (3fae4d0cda5334b4f533bede5a4787f7b832d052),platform=Mac OS X 10.13.3 x86_64) (WARNING: The server did not provide any stacktrace information)
Command duration or timeout: 0 milliseconds
Build info: version: '3.7.1', revision: '8a0099a', time: '2017-11-06T21:07:36.161Z'
System info: host: 'QAs-MacBook-Pro-2.local', ip: '2600:6c40:5400:153d:9044:d55b:b9a2:17b3%en0', os.name: 'Mac OS X', os.arch: 'x86_64', os.version: '10.13.3', java.version: '1.8.0_181'
Driver info: com.kms.katalon.selenium.driver.CChromeDriver
Capabilities {acceptInsecureCerts: false, acceptSslCerts: false, applicationCacheEnabled: false, browserConnectionEnabled: false, browserName: chrome, chrome: {chromedriverVersion: 2.43.600229 (3fae4d0cda5334..., userDataDir: /var/folders/p5/lldhhw894tb...}, cssSelectorsEnabled: true, databaseEnabled: false, goog:chromeOptions: {debuggerAddress: localhost:57348}, handlesAlerts: true, hasTouchScreen: false, javascriptEnabled: true, locationContextEnabled: true, mobileEmulationEnabled: false, nativeEvents: true, networkConnectionEnabled: false, pageLoadStrategy: normal, platform: MAC, platformName: MAC, rotatable: false, setWindowRect: true, takesHeapSnapshot: true, takesScreenshot: true, unexpectedAlertBehaviour: , unhandledPromptBehavior: , version: 73.0.3683.86, webStorageEnabled: true}
Session ID: 980363027a9bc94054ae2bb544414833)
	at com.kms.katalon.core.keyword.internal.KeywordMain.stepFailed(KeywordMain.groovy:36)
	at com.kms.katalon.core.webui.keyword.internal.WebUIKeywordMain.stepFailed(WebUIKeywordMain.groovy:65)
	at com.kms.katalon.core.webui.keyword.internal.WebUIKeywordMain.runKeyword(WebUIKeywordMain.groovy:27)
	at com.kms.katalon.core.webui.keyword.builtin.SetTextKeyword.setText(SetTextKeyword.groovy:65)
	at com.kms.katalon.core.webui.keyword.builtin.SetTextKeyword.execute(SetTextKeyword.groovy:37)
	at com.kms.katalon.core.keyword.internal.KeywordExecutor.executeKeywordForPlatform(KeywordExecutor.groovy:53)
	at com.kms.katalon.core.webui.keyword.WebUiBuiltInKeywords.setText(WebUiBuiltInKeywords.groovy:950)
	at com.kms.katalon.core.webui.keyword.WebUiBuiltInKeywords$setText$1.call(Unknown Source)
	at Oaths - Add.run(Oaths - Add:49)
	at com.kms.katalon.core.main.ScriptEngine.run(ScriptEngine.java:194)
	at com.kms.katalon.core.main.ScriptEngine.runScriptAsRawText(ScriptEngine.java:119)
	at com.kms.katalon.core.main.TestCaseExecutor.runScript(TestCaseExecutor.java:328)
	at com.kms.katalon.core.main.TestCaseExecutor.doExecute(TestCaseExecutor.java:319)
	at com.kms.katalon.core.main.TestCaseExecutor.processExecutionPhase(TestCaseExecutor.java:298)
	at com.kms.katalon.core.main.TestCaseExecutor.accessMainPhase(TestCaseExecutor.java:290)
	at com.kms.katalon.core.main.TestCaseExecutor.execute(TestCaseExecutor.java:224)
	at com.kms.katalon.core.main.TestSuiteExecutor.accessTestCaseMainPhase(TestSuiteExecutor.java:129)
	at com.kms.katalon.core.main.TestSuiteExecutor.accessTestSuiteMainPhase(TestSuiteExecutor.java:112)
	at com.kms.katalon.core.main.TestSuiteExecutor.execute(TestSuiteExecutor.java:81)
	at com.kms.katalon.core.main.TestCaseMain.startTestSuite(TestCaseMain.java:149)
	at com.kms.katalon.core.main.TestCaseMain$startTestSuite$0.call(Unknown Source)
	at TempTestSuite1553805915573.run(TempTestSuite1553805915573.groovy:36)


2019-03-28 15:52:43 - [MESSAGE][FAILED] - Unable to set text 'Oath Instructions' of object 'Object Repository/Admin Console ePulse Menu/Account Settings/Oaths/Add_Edit Oath/Oath Instructions' (Root cause: org.openqa.selenium.ElementNotVisibleException: element not interactable
  (Session info: chrome=73.0.3683.86)
  (Driver info: chromedriver=2.43.600229 (3fae4d0cda5334b4f533bede5a4787f7b832d052),platform=Mac OS X 10.13.3 x86_64) (WARNING: The server did not provide any stacktrace information)
Command duration or timeout: 0 milliseconds
Build info: version: '3.7.1', revision: '8a0099a', time: '2017-11-06T21:07:36.161Z'
System info: host: 'QAs-MacBook-Pro-2.local', ip: '2600:6c40:5400:153d:9044:d55b:b9a2:17b3%en0', os.name: 'Mac OS X', os.arch: 'x86_64', os.version: '10.13.3', java.version: '1.8.0_181'
Driver info: com.kms.katalon.selenium.driver.CChromeDriver
Capabilities {acceptInsecureCerts: false, acceptSslCerts: false, applicationCacheEnabled: false, browserConnectionEnabled: false, browserName: chrome, chrome: {chromedriverVersion: 2.43.600229 (3fae4d0cda5334..., userDataDir: /var/folders/p5/lldhhw894tb...}, cssSelectorsEnabled: true, databaseEnabled: false, goog:chromeOptions: {debuggerAddress: localhost:57348}, handlesAlerts: true, hasTouchScreen: false, javascriptEnabled: true, locationContextEnabled: true, mobileEmulationEnabled: false, nativeEvents: true, networkConnectionEnabled: false, pageLoadStrategy: normal, platform: MAC, platformName: MAC, rotatable: false, setWindowRect: true, takesHeapSnapshot: true, takesScreenshot: true, unexpectedAlertBehaviour: , unhandledPromptBehavior: , version: 73.0.3683.86, webStorageEnabled: true}
Session ID: 980363027a9bc94054ae2bb544414833)
[[ATTACHMENT|/Users/alonzomack/Katalon Studio/Regression/Reports/dev_staging ready/20190328_154515/1553806363026.png]]

2019-03-28 15:52:43 - [MESSAGE][FAILED] - setText(findTestObject("Admin Console ePulse Menu/Account Settings/Oaths/Add_Edit Oath/Oath Instructions"), "Oath Instructions") FAILED.
Reason:
com.kms.katalon.core.exception.StepFailedException: Unable to set text 'Oath Instructions' of object 'Object Repository/Admin Console ePulse Menu/Account Settings/Oaths/Add_Edit Oath/Oath Instructions' (Root cause: org.openqa.selenium.ElementNotVisibleException: element not interactable
  (Session info: chrome=73.0.3683.86)
  (Driver info: chromedriver=2.43.600229 (3fae4d0cda5334b4f533bede5a4787f7b832d052),platform=Mac OS X 10.13.3 x86_64) (WARNING: The server did not provide any stacktrace information)
Command duration or timeout: 0 milliseconds
Build info: version: '3.7.1', revision: '8a0099a', time: '2017-11-06T21:07:36.161Z'
System info: host: 'QAs-MacBook-Pro-2.local', ip: '2600:6c40:5400:153d:9044:d55b:b9a2:17b3%en0', os.name: 'Mac OS X', os.arch: 'x86_64', os.version: '10.13.3', java.version: '1.8.0_181'
Driver info: com.kms.katalon.selenium.driver.CChromeDriver
Capabilities {acceptInsecureCerts: false, acceptSslCerts: false, applicationCacheEnabled: false, browserConnectionEnabled: false, browserName: chrome, chrome: {chromedriverVersion: 2.43.600229 (3fae4d0cda5334..., userDataDir: /var/folders/p5/lldhhw894tb...}, cssSelectorsEnabled: true, databaseEnabled: false, goog:chromeOptions: {debuggerAddress: localhost:57348}, handlesAlerts: true, hasTouchScreen: false, javascriptEnabled: true, locationContextEnabled: true, mobileEmulationEnabled: false, nativeEvents: true, networkConnectionEnabled: false, pageLoadStrategy: normal, platform: MAC, platformName: MAC, rotatable: false, setWindowRect: true, takesHeapSnapshot: true, takesScreenshot: true, unexpectedAlertBehaviour: , unhandledPromptBehavior: , version: 73.0.3683.86, webStorageEnabled: true}
Session ID: 980363027a9bc94054ae2bb544414833)
	at com.kms.katalon.core.keyword.internal.KeywordMain.stepFailed(KeywordMain.groovy:36)
	at com.kms.katalon.core.webui.keyword.internal.WebUIKeywordMain.stepFailed(WebUIKeywordMain.groovy:65)
	at com.kms.katalon.core.webui.keyword.internal.WebUIKeywordMain.runKeyword(WebUIKeywordMain.groovy:27)
	at com.kms.katalon.core.webui.keyword.builtin.SetTextKeyword.setText(SetTextKeyword.groovy:65)
	at com.kms.katalon.core.webui.keyword.builtin.SetTextKeyword.execute(SetTextKeyword.groovy:37)
	at com.kms.katalon.core.keyword.internal.KeywordExecutor.executeKeywordForPlatform(KeywordExecutor.groovy:53)
	at com.kms.katalon.core.webui.keyword.WebUiBuiltInKeywords.setText(WebUiBuiltInKeywords.groovy:950)
	at com.kms.katalon.core.webui.keyword.WebUiBuiltInKeywords$setText$1.call(Unknown Source)
	at Oaths - Add.run(Oaths - Add:49)
	at com.kms.katalon.core.main.ScriptEngine.run(ScriptEngine.java:194)
	at com.kms.katalon.core.main.ScriptEngine.runScriptAsRawText(ScriptEngine.java:119)
	at com.kms.katalon.core.main.TestCaseExecutor.runScript(TestCaseExecutor.java:328)
	at com.kms.katalon.core.main.TestCaseExecutor.doExecute(TestCaseExecutor.java:319)
	at com.kms.katalon.core.main.TestCaseExecutor.processExecutionPhase(TestCaseExecutor.java:298)
	at com.kms.katalon.core.main.TestCaseExecutor.accessMainPhase(TestCaseExecutor.java:290)
	at com.kms.katalon.core.main.TestCaseExecutor.execute(TestCaseExecutor.java:224)
	at com.kms.katalon.core.main.TestSuiteExecutor.accessTestCaseMainPhase(TestSuiteExecutor.java:129)
	at com.kms.katalon.core.main.TestSuiteExecutor.accessTestSuiteMainPhase(TestSuiteExecutor.java:112)
	at com.kms.katalon.core.main.TestSuiteExecutor.execute(TestSuiteExecutor.java:81)
	at com.kms.katalon.core.main.TestCaseMain.startTestSuite(TestCaseMain.java:149)
	at com.kms.katalon.core.main.TestCaseMain$startTestSuite$0.call(Unknown Source)
	at TempTestSuite1553805915573.run(TempTestSuite1553805915573.groovy:36)]]></system-out>
         <system-err><![CDATA[2019-03-28 15:52:35 - [TEST_CASE][FAILED] - Test Cases/Admin Console/Account Settings/Oaths()/Oaths - Add: Test Cases/Admin Console/Account Settings/Oaths()/Oaths - Add FAILED.
Reason:
com.kms.katalon.core.exception.StepFailedException: Unable to set text 'Oath Instructions' of object 'Object Repository/Admin Console ePulse Menu/Account Settings/Oaths/Add_Edit Oath/Oath Instructions' (Root cause: org.openqa.selenium.ElementNotVisibleException: element not interactable
  (Session info: chrome=73.0.3683.86)
  (Driver info: chromedriver=2.43.600229 (3fae4d0cda5334b4f533bede5a4787f7b832d052),platform=Mac OS X 10.13.3 x86_64) (WARNING: The server did not provide any stacktrace information)
Command duration or timeout: 0 milliseconds
Build info: version: '3.7.1', revision: '8a0099a', time: '2017-11-06T21:07:36.161Z'
System info: host: 'QAs-MacBook-Pro-2.local', ip: '2600:6c40:5400:153d:9044:d55b:b9a2:17b3%en0', os.name: 'Mac OS X', os.arch: 'x86_64', os.version: '10.13.3', java.version: '1.8.0_181'
Driver info: com.kms.katalon.selenium.driver.CChromeDriver
Capabilities {acceptInsecureCerts: false, acceptSslCerts: false, applicationCacheEnabled: false, browserConnectionEnabled: false, browserName: chrome, chrome: {chromedriverVersion: 2.43.600229 (3fae4d0cda5334..., userDataDir: /var/folders/p5/lldhhw894tb...}, cssSelectorsEnabled: true, databaseEnabled: false, goog:chromeOptions: {debuggerAddress: localhost:57348}, handlesAlerts: true, hasTouchScreen: false, javascriptEnabled: true, locationContextEnabled: true, mobileEmulationEnabled: false, nativeEvents: true, networkConnectionEnabled: false, pageLoadStrategy: normal, platform: MAC, platformName: MAC, rotatable: false, setWindowRect: true, takesHeapSnapshot: true, takesScreenshot: true, unexpectedAlertBehaviour: , unhandledPromptBehavior: , version: 73.0.3683.86, webStorageEnabled: true}
Session ID: 980363027a9bc94054ae2bb544414833)
	at com.kms.katalon.core.keyword.internal.KeywordMain.stepFailed(KeywordMain.groovy:36)
	at com.kms.katalon.core.webui.keyword.internal.WebUIKeywordMain.stepFailed(WebUIKeywordMain.groovy:65)
	at com.kms.katalon.core.webui.keyword.internal.WebUIKeywordMain.runKeyword(WebUIKeywordMain.groovy:27)
	at com.kms.katalon.core.webui.keyword.builtin.SetTextKeyword.setText(SetTextKeyword.groovy:65)
	at com.kms.katalon.core.webui.keyword.builtin.SetTextKeyword.execute(SetTextKeyword.groovy:37)
	at com.kms.katalon.core.keyword.internal.KeywordExecutor.executeKeywordForPlatform(KeywordExecutor.groovy:53)
	at com.kms.katalon.core.webui.keyword.WebUiBuiltInKeywords.setText(WebUiBuiltInKeywords.groovy:950)
	at com.kms.katalon.core.webui.keyword.WebUiBuiltInKeywords$setText$1.call(Unknown Source)
	at Oaths - Add.run(Oaths - Add:49)
	at com.kms.katalon.core.main.ScriptEngine.run(ScriptEngine.java:194)
	at com.kms.katalon.core.main.ScriptEngine.runScriptAsRawText(ScriptEngine.java:119)
	at com.kms.katalon.core.main.TestCaseExecutor.runScript(TestCaseExecutor.java:328)
	at com.kms.katalon.core.main.TestCaseExecutor.doExecute(TestCaseExecutor.java:319)
	at com.kms.katalon.core.main.TestCaseExecutor.processExecutionPhase(TestCaseExecutor.java:298)
	at com.kms.katalon.core.main.TestCaseExecutor.accessMainPhase(TestCaseExecutor.java:290)
	at com.kms.katalon.core.main.TestCaseExecutor.execute(TestCaseExecutor.java:224)
	at com.kms.katalon.core.main.TestSuiteExecutor.accessTestCaseMainPhase(TestSuiteExecutor.java:129)
	at com.kms.katalon.core.main.TestSuiteExecutor.accessTestSuiteMainPhase(TestSuiteExecutor.java:112)
	at com.kms.katalon.core.main.TestSuiteExecutor.execute(TestSuiteExecutor.java:81)
	at com.kms.katalon.core.main.TestCaseMain.startTestSuite(TestCaseMain.java:149)
	at com.kms.katalon.core.main.TestCaseMain$startTestSuite$0.call(Unknown Source)
	at TempTestSuite1553805915573.run(TempTestSuite1553805915573.groovy:36)]]></system-err>
      </testcase>
      <testcase name="Test Cases/Admin Console/Account Settings/Oaths()/Oaths - Filter - Type" classname="Test Cases/Admin Console/Account Settings/Oaths()/Oaths - Filter - Type" status="FAILED">
         <failure type="FAILED" message="Test Cases/Admin Console/Account Settings/Oaths()/Oaths - Filter - Type FAILED.
Reason:
com.kms.katalon.core.exception.StepFailedException: Unable to click on object 'Object Repository/Admin Console ePulse Menu/Account Settings/Oaths/TEMP/TEMP Type Filter/Filter Oath Types/li_Allow Voter To Vote' (Root cause: com.kms.katalon.core.webui.exception.WebElementNotFoundException: Web element with id: 'Object Repository/Admin Console ePulse Menu/Account Settings/Oaths/TEMP/TEMP Type Filter/Filter Oath Types/li_Allow Voter To Vote' located by 'By.xpath: //ul[@id='filters']/li/div/div[2]/div/div/ul/li[3]' not found)
	at com.kms.katalon.core.keyword.internal.KeywordMain.stepFailed(KeywordMain.groovy:36)
	at com.kms.katalon.core.webui.keyword.internal.WebUIKeywordMain.stepFailed(WebUIKeywordMain.groovy:65)
	at com.kms.katalon.core.webui.keyword.internal.WebUIKeywordMain.runKeyword(WebUIKeywordMain.groovy:27)
	at com.kms.katalon.core.webui.keyword.builtin.ClickKeyword.click(ClickKeyword.groovy:86)
	at com.kms.katalon.core.webui.keyword.builtin.ClickKeyword.execute(ClickKeyword.groovy:67)
	at com.kms.katalon.core.keyword.internal.KeywordExecutor.executeKeywordForPlatform(KeywordExecutor.groovy:53)
	at com.kms.katalon.core.webui.keyword.WebUiBuiltInKeywords.click(WebUiBuiltInKeywords.groovy:616)
	at com.kms.katalon.core.webui.keyword.WebUiBuiltInKeywords$click$3.call(Unknown Source)
	at Oaths - Filter - Type.run(Oaths - Filter - Type:85)
	at com.kms.katalon.core.main.ScriptEngine.run(ScriptEngine.java:194)
	at com.kms.katalon.core.main.ScriptEngine.runScriptAsRawText(ScriptEngine.java:119)
	at com.kms.katalon.core.main.TestCaseExecutor.runScript(TestCaseExecutor.java:328)
	at com.kms.katalon.core.main.TestCaseExecutor.doExecute(TestCaseExecutor.java:319)
	at com.kms.katalon.core.main.TestCaseExecutor.processExecutionPhase(TestCaseExecutor.java:298)
	at com.kms.katalon.core.main.TestCaseExecutor.accessMainPhase(TestCaseExecutor.java:290)
	at com.kms.katalon.core.main.TestCaseExecutor.execute(TestCaseExecutor.java:224)
	at com.kms.katalon.core.main.TestSuiteExecutor.accessTestCaseMainPhase(TestSuiteExecutor.java:129)
	at com.kms.katalon.core.main.TestSuiteExecutor.accessTestSuiteMainPhase(TestSuiteExecutor.java:112)
	at com.kms.katalon.core.main.TestSuiteExecutor.execute(TestSuiteExecutor.java:81)
	at com.kms.katalon.core.main.TestCaseMain.startTestSuite(TestCaseMain.java:149)
	at com.kms.katalon.core.main.TestCaseMain$startTestSuite$0.call(Unknown Source)
	at TempTestSuite1553805915573.run(TempTestSuite1553805915573.groovy:36)
"/>
         <system-out><![CDATA[2019-03-28 15:52:45 - [TEST_CASE][FAILED] - Test Cases/Admin Console/Account Settings/Oaths()/Oaths - Filter - Type: Test Cases/Admin Console/Account Settings/Oaths()/Oaths - Filter - Type FAILED.
Reason:
com.kms.katalon.core.exception.StepFailedException: Unable to click on object 'Object Repository/Admin Console ePulse Menu/Account Settings/Oaths/TEMP/TEMP Type Filter/Filter Oath Types/li_Allow Voter To Vote' (Root cause: com.kms.katalon.core.webui.exception.WebElementNotFoundException: Web element with id: 'Object Repository/Admin Console ePulse Menu/Account Settings/Oaths/TEMP/TEMP Type Filter/Filter Oath Types/li_Allow Voter To Vote' located by 'By.xpath: //ul[@id='filters']/li/div/div[2]/div/div/ul/li[3]' not found)
	at com.kms.katalon.core.keyword.internal.KeywordMain.stepFailed(KeywordMain.groovy:36)
	at com.kms.katalon.core.webui.keyword.internal.WebUIKeywordMain.stepFailed(WebUIKeywordMain.groovy:65)
	at com.kms.katalon.core.webui.keyword.internal.WebUIKeywordMain.runKeyword(WebUIKeywordMain.groovy:27)
	at com.kms.katalon.core.webui.keyword.builtin.ClickKeyword.click(ClickKeyword.groovy:86)
	at com.kms.katalon.core.webui.keyword.builtin.ClickKeyword.execute(ClickKeyword.groovy:67)
	at com.kms.katalon.core.keyword.internal.KeywordExecutor.executeKeywordForPlatform(KeywordExecutor.groovy:53)
	at com.kms.katalon.core.webui.keyword.WebUiBuiltInKeywords.click(WebUiBuiltInKeywords.groovy:616)
	at com.kms.katalon.core.webui.keyword.WebUiBuiltInKeywords$click$3.call(Unknown Source)
	at Oaths - Filter - Type.run(Oaths - Filter - Type:85)
	at com.kms.katalon.core.main.ScriptEngine.run(ScriptEngine.java:194)
	at com.kms.katalon.core.main.ScriptEngine.runScriptAsRawText(ScriptEngine.java:119)
	at com.kms.katalon.core.main.TestCaseExecutor.runScript(TestCaseExecutor.java:328)
	at com.kms.katalon.core.main.TestCaseExecutor.doExecute(TestCaseExecutor.java:319)
	at com.kms.katalon.core.main.TestCaseExecutor.processExecutionPhase(TestCaseExecutor.java:298)
	at com.kms.katalon.core.main.TestCaseExecutor.accessMainPhase(TestCaseExecutor.java:290)
	at com.kms.katalon.core.main.TestCaseExecutor.execute(TestCaseExecutor.java:224)
	at com.kms.katalon.core.main.TestSuiteExecutor.accessTestCaseMainPhase(TestSuiteExecutor.java:129)
	at com.kms.katalon.core.main.TestSuiteExecutor.accessTestSuiteMainPhase(TestSuiteExecutor.java:112)
	at com.kms.katalon.core.main.TestSuiteExecutor.execute(TestSuiteExecutor.java:81)
	at com.kms.katalon.core.main.TestCaseMain.startTestSuite(TestCaseMain.java:149)
	at com.kms.katalon.core.main.TestCaseMain$startTestSuite$0.call(Unknown Source)
	at TempTestSuite1553805915573.run(TempTestSuite1553805915573.groovy:36)


2019-03-28 15:52:45 - [TEST_STEP][PASSED] - openBrowser(""): Browser is opened with url: ''

2019-03-28 15:52:45 - [MESSAGE][WARNING] - A browser is already opened. Closing browser and opening a new one

2019-03-28 15:52:45 - [MESSAGE][INFO] - Starting 'Chrome' driver

2019-03-28 15:52:47 - [MESSAGE][PASSED] - Browser is opened with url: ''

2019-03-28 15:52:47 - [TEST_STEP][PASSED] - navigateToUrl(URL): Navigate to 'https://dev.epulse.io' successfully

2019-03-28 15:52:48 - [MESSAGE][PASSED] - Navigate to 'https://dev.epulse.io' successfully

2019-03-28 15:52:48 - [TEST_STEP][PASSED] - setText(findTestObject("Login/Email Address"), User_email): Text 'alonzo.mack@knowink.com' is set on object 'Object Repository/Login/Email Address'

2019-03-28 15:52:49 - [MESSAGE][PASSED] - Text 'alonzo.mack@knowink.com' is set on object 'Object Repository/Login/Email Address'

2019-03-28 15:52:49 - [TEST_STEP][PASSED] - setEncryptedText(findTestObject("Login/Password"), Pswrd): Text ****** has been set on object 'Object Repository/Login/Password'

2019-03-28 15:52:49 - [MESSAGE][PASSED] - Text ****** has been set on object 'Object Repository/Login/Password'

2019-03-28 15:52:49 - [TEST_STEP][PASSED] - click(findTestObject("Login/Sign In")): Object: 'Object Repository/Login/Sign In' is clicked on

2019-03-28 15:52:49 - [MESSAGE][PASSED] - Object: 'Object Repository/Login/Sign In' is clicked on

2019-03-28 15:52:49 - [TEST_STEP][PASSED] - delay(1): Delayed 1 second(s)

2019-03-28 15:52:50 - [MESSAGE][PASSED] - Delayed 1 second(s)

2019-03-28 15:52:50 - [TEST_STEP][PASSED] - navigateToUrl(Oaths, STOP_ON_FAILURE): Navigate to 'https://am-automation-test.dev.epulse.io/account_oaths' successfully

2019-03-28 15:52:52 - [MESSAGE][PASSED] - Navigate to 'https://am-automation-test.dev.epulse.io/account_oaths' successfully

2019-03-28 15:52:52 - [TEST_STEP][PASSED] - delay(1): Delayed 1 second(s)

2019-03-28 15:52:53 - [MESSAGE][PASSED] - Delayed 1 second(s)

2019-03-28 15:52:53 - [TEST_STEP][PASSED] - click(findTestObject("Admin Console ePulse Menu/Account Settings/Oaths/TEMP/TEMP Type Filter/Filter Oath Types/Filter Type Dropdown")): Object: 'Object Repository/Admin Console ePulse Menu/Account Settings/Oaths/TEMP/TEMP Type Filter/Filter Oath Types/Filter Type Dropdown' is clicked on

2019-03-28 15:52:53 - [MESSAGE][PASSED] - Object: 'Object Repository/Admin Console ePulse Menu/Account Settings/Oaths/TEMP/TEMP Type Filter/Filter Oath Types/Filter Type Dropdown' is clicked on

2019-03-28 15:52:53 - [TEST_STEP][PASSED] - delay(1): Delayed 1 second(s)

2019-03-28 15:52:54 - [MESSAGE][PASSED] - Delayed 1 second(s)

2019-03-28 15:52:54 - [TEST_STEP][PASSED] - click(findTestObject("Admin Console ePulse Menu/Account Settings/Oaths/TEMP/TEMP Type Filter/Filter Oath Types/Apply Type Filters")): Object: 'Object Repository/Admin Console ePulse Menu/Account Settings/Oaths/TEMP/TEMP Type Filter/Filter Oath Types/Apply Type Filters' is clicked on

2019-03-28 15:52:54 - [MESSAGE][PASSED] - Object: 'Object Repository/Admin Console ePulse Menu/Account Settings/Oaths/TEMP/TEMP Type Filter/Filter Oath Types/Apply Type Filters' is clicked on

2019-03-28 15:52:54 - [TEST_STEP][PASSED] - delay(1): Delayed 1 second(s)

2019-03-28 15:52:55 - [MESSAGE][PASSED] - Delayed 1 second(s)

2019-03-28 15:52:55 - [TEST_STEP][PASSED] - click(findTestObject("Admin Console ePulse Menu/Account Settings/Oaths/TEMP/TEMP Type Filter/Filter Oath Types/Remove Filter Type ALL")): Object: 'Object Repository/Admin Console ePulse Menu/Account Settings/Oaths/TEMP/TEMP Type Filter/Filter Oath Types/Remove Filter Type ALL' is clicked on

2019-03-28 15:52:55 - [MESSAGE][PASSED] - Object: 'Object Repository/Admin Console ePulse Menu/Account Settings/Oaths/TEMP/TEMP Type Filter/Filter Oath Types/Remove Filter Type ALL' is clicked on

2019-03-28 15:52:55 - [TEST_STEP][PASSED] - delay(1): Delayed 1 second(s)

2019-03-28 15:52:56 - [MESSAGE][PASSED] - Delayed 1 second(s)

2019-03-28 15:52:56 - [TEST_STEP][PASSED] - click(findTestObject("Admin Console ePulse Menu/Account Settings/Oaths/TEMP/TEMP Type Filter/Filter Oath Types/Filter Type Dropdown")): Object: 'Object Repository/Admin Console ePulse Menu/Account Settings/Oaths/TEMP/TEMP Type Filter/Filter Oath Types/Filter Type Dropdown' is clicked on

2019-03-28 15:52:56 - [MESSAGE][PASSED] - Object: 'Object Repository/Admin Console ePulse Menu/Account Settings/Oaths/TEMP/TEMP Type Filter/Filter Oath Types/Filter Type Dropdown' is clicked on

2019-03-28 15:52:56 - [TEST_STEP][PASSED] - delay(1): Delayed 1 second(s)

2019-03-28 15:52:57 - [MESSAGE][PASSED] - Delayed 1 second(s)

2019-03-28 15:52:57 - [TEST_STEP][PASSED] - click(findTestObject("Admin Console ePulse Menu/Account Settings/Oaths/TEMP/TEMP Type Filter/Filter Oath Types/Filter Dropdown Options")): Object: 'Object Repository/Admin Console ePulse Menu/Account Settings/Oaths/TEMP/TEMP Type Filter/Filter Oath Types/Filter Dropdown Options' is clicked on

2019-03-28 15:52:57 - [MESSAGE][PASSED] - Object: 'Object Repository/Admin Console ePulse Menu/Account Settings/Oaths/TEMP/TEMP Type Filter/Filter Oath Types/Filter Dropdown Options' is clicked on

2019-03-28 15:52:57 - [TEST_STEP][PASSED] - delay(1): Delayed 1 second(s)

2019-03-28 15:52:58 - [MESSAGE][PASSED] - Delayed 1 second(s)

2019-03-28 15:52:58 - [TEST_STEP][PASSED] - click(findTestObject("Admin Console ePulse Menu/Account Settings/Oaths/TEMP/TEMP Type Filter/Filter Oath Types/Select Id Method")): Object: 'Object Repository/Admin Console ePulse Menu/Account Settings/Oaths/TEMP/TEMP Type Filter/Filter Oath Types/Select Id Method' is clicked on

2019-03-28 15:52:58 - [MESSAGE][PASSED] - Object: 'Object Repository/Admin Console ePulse Menu/Account Settings/Oaths/TEMP/TEMP Type Filter/Filter Oath Types/Select Id Method' is clicked on

2019-03-28 15:52:58 - [TEST_STEP][PASSED] - delay(1): Delayed 1 second(s)

2019-03-28 15:52:59 - [MESSAGE][PASSED] - Delayed 1 second(s)

2019-03-28 15:52:59 - [TEST_STEP][PASSED] - click(findTestObject("Admin Console ePulse Menu/Account Settings/Oaths/TEMP/TEMP Type Filter/Filter Oath Types/Apply Type Filters")): Object: 'Object Repository/Admin Console ePulse Menu/Account Settings/Oaths/TEMP/TEMP Type Filter/Filter Oath Types/Apply Type Filters' is clicked on

2019-03-28 15:52:59 - [MESSAGE][PASSED] - Object: 'Object Repository/Admin Console ePulse Menu/Account Settings/Oaths/TEMP/TEMP Type Filter/Filter Oath Types/Apply Type Filters' is clicked on

2019-03-28 15:52:59 - [TEST_STEP][PASSED] - delay(1): Delayed 1 second(s)

2019-03-28 15:53:00 - [MESSAGE][PASSED] - Delayed 1 second(s)

2019-03-28 15:53:00 - [TEST_STEP][PASSED] - click(findTestObject("Admin Console ePulse Menu/Account Settings/Oaths/TEMP/TEMP Type Filter/Filter Oath Types/Type Dropdown")): Object: 'Object Repository/Admin Console ePulse Menu/Account Settings/Oaths/TEMP/TEMP Type Filter/Filter Oath Types/Type Dropdown' is clicked on

2019-03-28 15:53:00 - [MESSAGE][PASSED] - Object: 'Object Repository/Admin Console ePulse Menu/Account Settings/Oaths/TEMP/TEMP Type Filter/Filter Oath Types/Type Dropdown' is clicked on

2019-03-28 15:53:00 - [TEST_STEP][PASSED] - delay(1): Delayed 1 second(s)

2019-03-28 15:53:01 - [MESSAGE][PASSED] - Delayed 1 second(s)

2019-03-28 15:53:01 - [TEST_STEP][PASSED] - click(findTestObject("Admin Console ePulse Menu/Account Settings/Oaths/TEMP/TEMP Type Filter/Filter Oath Types/Filter Type Dropdown")): Object: 'Object Repository/Admin Console ePulse Menu/Account Settings/Oaths/TEMP/TEMP Type Filter/Filter Oath Types/Filter Type Dropdown' is clicked on

2019-03-28 15:53:01 - [MESSAGE][PASSED] - Object: 'Object Repository/Admin Console ePulse Menu/Account Settings/Oaths/TEMP/TEMP Type Filter/Filter Oath Types/Filter Type Dropdown' is clicked on

2019-03-28 15:53:01 - [TEST_STEP][PASSED] - delay(1): Delayed 1 second(s)

2019-03-28 15:53:02 - [MESSAGE][PASSED] - Delayed 1 second(s)

2019-03-28 15:53:02 - [TEST_STEP][PASSED] - click(findTestObject("Admin Console ePulse Menu/Account Settings/Oaths/TEMP/TEMP Type Filter/Filter Oath Types/a_Id Method")): Object: 'Object Repository/Admin Console ePulse Menu/Account Settings/Oaths/TEMP/TEMP Type Filter/Filter Oath Types/a_Id Method' is clicked on

2019-03-28 15:53:02 - [MESSAGE][PASSED] - Object: 'Object Repository/Admin Console ePulse Menu/Account Settings/Oaths/TEMP/TEMP Type Filter/Filter Oath Types/a_Id Method' is clicked on

2019-03-28 15:53:02 - [TEST_STEP][PASSED] - delay(1): Delayed 1 second(s)

2019-03-28 15:53:03 - [MESSAGE][PASSED] - Delayed 1 second(s)

2019-03-28 15:53:03 - [TEST_STEP][FAILED] - click(findTestObject("Admin Console ePulse Menu/Account Settings/Oaths/TEMP/TEMP Type Filter/Filter Oath Types/li_Allow Voter To Vote")): click(findTestObject("Admin Console ePulse Menu/Account Settings/Oaths/TEMP/TEMP Type Filter/Filter Oath Types/li_Allow Voter To Vote")) FAILED.
Reason:
com.kms.katalon.core.exception.StepFailedException: Unable to click on object 'Object Repository/Admin Console ePulse Menu/Account Settings/Oaths/TEMP/TEMP Type Filter/Filter Oath Types/li_Allow Voter To Vote' (Root cause: com.kms.katalon.core.webui.exception.WebElementNotFoundException: Web element with id: 'Object Repository/Admin Console ePulse Menu/Account Settings/Oaths/TEMP/TEMP Type Filter/Filter Oath Types/li_Allow Voter To Vote' located by 'By.xpath: //ul[@id='filters']/li/div/div[2]/div/div/ul/li[3]' not found)
	at com.kms.katalon.core.keyword.internal.KeywordMain.stepFailed(KeywordMain.groovy:36)
	at com.kms.katalon.core.webui.keyword.internal.WebUIKeywordMain.stepFailed(WebUIKeywordMain.groovy:65)
	at com.kms.katalon.core.webui.keyword.internal.WebUIKeywordMain.runKeyword(WebUIKeywordMain.groovy:27)
	at com.kms.katalon.core.webui.keyword.builtin.ClickKeyword.click(ClickKeyword.groovy:86)
	at com.kms.katalon.core.webui.keyword.builtin.ClickKeyword.execute(ClickKeyword.groovy:67)
	at com.kms.katalon.core.keyword.internal.KeywordExecutor.executeKeywordForPlatform(KeywordExecutor.groovy:53)
	at com.kms.katalon.core.webui.keyword.WebUiBuiltInKeywords.click(WebUiBuiltInKeywords.groovy:616)
	at com.kms.katalon.core.webui.keyword.WebUiBuiltInKeywords$click$3.call(Unknown Source)
	at Oaths - Filter - Type.run(Oaths - Filter - Type:85)
	at com.kms.katalon.core.main.ScriptEngine.run(ScriptEngine.java:194)
	at com.kms.katalon.core.main.ScriptEngine.runScriptAsRawText(ScriptEngine.java:119)
	at com.kms.katalon.core.main.TestCaseExecutor.runScript(TestCaseExecutor.java:328)
	at com.kms.katalon.core.main.TestCaseExecutor.doExecute(TestCaseExecutor.java:319)
	at com.kms.katalon.core.main.TestCaseExecutor.processExecutionPhase(TestCaseExecutor.java:298)
	at com.kms.katalon.core.main.TestCaseExecutor.accessMainPhase(TestCaseExecutor.java:290)
	at com.kms.katalon.core.main.TestCaseExecutor.execute(TestCaseExecutor.java:224)
	at com.kms.katalon.core.main.TestSuiteExecutor.accessTestCaseMainPhase(TestSuiteExecutor.java:129)
	at com.kms.katalon.core.main.TestSuiteExecutor.accessTestSuiteMainPhase(TestSuiteExecutor.java:112)
	at com.kms.katalon.core.main.TestSuiteExecutor.execute(TestSuiteExecutor.java:81)
	at com.kms.katalon.core.main.TestCaseMain.startTestSuite(TestCaseMain.java:149)
	at com.kms.katalon.core.main.TestCaseMain$startTestSuite$0.call(Unknown Source)
	at TempTestSuite1553805915573.run(TempTestSuite1553805915573.groovy:36)


2019-03-28 15:53:19 - [MESSAGE][INFO] - Unable to find the element located by 'By.xpath: //ul[@id='filters']/li/div/div[2]/div/div/ul/li[3]'. Please recheck the objects properties to make sure the desired element is located. 

2019-03-28 15:53:19 - [MESSAGE][FAILED] - Unable to click on object 'Object Repository/Admin Console ePulse Menu/Account Settings/Oaths/TEMP/TEMP Type Filter/Filter Oath Types/li_Allow Voter To Vote' (Root cause: com.kms.katalon.core.webui.exception.WebElementNotFoundException: Web element with id: 'Object Repository/Admin Console ePulse Menu/Account Settings/Oaths/TEMP/TEMP Type Filter/Filter Oath Types/li_Allow Voter To Vote' located by 'By.xpath: //ul[@id='filters']/li/div/div[2]/div/div/ul/li[3]' not found)
[[ATTACHMENT|/Users/alonzomack/Katalon Studio/Regression/Reports/dev_staging ready/20190328_154515/1553806399142.png]]

2019-03-28 15:53:19 - [MESSAGE][FAILED] - click(findTestObject("Admin Console ePulse Menu/Account Settings/Oaths/TEMP/TEMP Type Filter/Filter Oath Types/li_Allow Voter To Vote")) FAILED.
Reason:
com.kms.katalon.core.exception.StepFailedException: Unable to click on object 'Object Repository/Admin Console ePulse Menu/Account Settings/Oaths/TEMP/TEMP Type Filter/Filter Oath Types/li_Allow Voter To Vote' (Root cause: com.kms.katalon.core.webui.exception.WebElementNotFoundException: Web element with id: 'Object Repository/Admin Console ePulse Menu/Account Settings/Oaths/TEMP/TEMP Type Filter/Filter Oath Types/li_Allow Voter To Vote' located by 'By.xpath: //ul[@id='filters']/li/div/div[2]/div/div/ul/li[3]' not found)
	at com.kms.katalon.core.keyword.internal.KeywordMain.stepFailed(KeywordMain.groovy:36)
	at com.kms.katalon.core.webui.keyword.internal.WebUIKeywordMain.stepFailed(WebUIKeywordMain.groovy:65)
	at com.kms.katalon.core.webui.keyword.internal.WebUIKeywordMain.runKeyword(WebUIKeywordMain.groovy:27)
	at com.kms.katalon.core.webui.keyword.builtin.ClickKeyword.click(ClickKeyword.groovy:86)
	at com.kms.katalon.core.webui.keyword.builtin.ClickKeyword.execute(ClickKeyword.groovy:67)
	at com.kms.katalon.core.keyword.internal.KeywordExecutor.executeKeywordForPlatform(KeywordExecutor.groovy:53)
	at com.kms.katalon.core.webui.keyword.WebUiBuiltInKeywords.click(WebUiBuiltInKeywords.groovy:616)
	at com.kms.katalon.core.webui.keyword.WebUiBuiltInKeywords$click$3.call(Unknown Source)
	at Oaths - Filter - Type.run(Oaths - Filter - Type:85)
	at com.kms.katalon.core.main.ScriptEngine.run(ScriptEngine.java:194)
	at com.kms.katalon.core.main.ScriptEngine.runScriptAsRawText(ScriptEngine.java:119)
	at com.kms.katalon.core.main.TestCaseExecutor.runScript(TestCaseExecutor.java:328)
	at com.kms.katalon.core.main.TestCaseExecutor.doExecute(TestCaseExecutor.java:319)
	at com.kms.katalon.core.main.TestCaseExecutor.processExecutionPhase(TestCaseExecutor.java:298)
	at com.kms.katalon.core.main.TestCaseExecutor.accessMainPhase(TestCaseExecutor.java:290)
	at com.kms.katalon.core.main.TestCaseExecutor.execute(TestCaseExecutor.java:224)
	at com.kms.katalon.core.main.TestSuiteExecutor.accessTestCaseMainPhase(TestSuiteExecutor.java:129)
	at com.kms.katalon.core.main.TestSuiteExecutor.accessTestSuiteMainPhase(TestSuiteExecutor.java:112)
	at com.kms.katalon.core.main.TestSuiteExecutor.execute(TestSuiteExecutor.java:81)
	at com.kms.katalon.core.main.TestCaseMain.startTestSuite(TestCaseMain.java:149)
	at com.kms.katalon.core.main.TestCaseMain$startTestSuite$0.call(Unknown Source)
	at TempTestSuite1553805915573.run(TempTestSuite1553805915573.groovy:36)]]></system-out>
         <system-err><![CDATA[2019-03-28 15:52:45 - [TEST_CASE][FAILED] - Test Cases/Admin Console/Account Settings/Oaths()/Oaths - Filter - Type: Test Cases/Admin Console/Account Settings/Oaths()/Oaths - Filter - Type FAILED.
Reason:
com.kms.katalon.core.exception.StepFailedException: Unable to click on object 'Object Repository/Admin Console ePulse Menu/Account Settings/Oaths/TEMP/TEMP Type Filter/Filter Oath Types/li_Allow Voter To Vote' (Root cause: com.kms.katalon.core.webui.exception.WebElementNotFoundException: Web element with id: 'Object Repository/Admin Console ePulse Menu/Account Settings/Oaths/TEMP/TEMP Type Filter/Filter Oath Types/li_Allow Voter To Vote' located by 'By.xpath: //ul[@id='filters']/li/div/div[2]/div/div/ul/li[3]' not found)
	at com.kms.katalon.core.keyword.internal.KeywordMain.stepFailed(KeywordMain.groovy:36)
	at com.kms.katalon.core.webui.keyword.internal.WebUIKeywordMain.stepFailed(WebUIKeywordMain.groovy:65)
	at com.kms.katalon.core.webui.keyword.internal.WebUIKeywordMain.runKeyword(WebUIKeywordMain.groovy:27)
	at com.kms.katalon.core.webui.keyword.builtin.ClickKeyword.click(ClickKeyword.groovy:86)
	at com.kms.katalon.core.webui.keyword.builtin.ClickKeyword.execute(ClickKeyword.groovy:67)
	at com.kms.katalon.core.keyword.internal.KeywordExecutor.executeKeywordForPlatform(KeywordExecutor.groovy:53)
	at com.kms.katalon.core.webui.keyword.WebUiBuiltInKeywords.click(WebUiBuiltInKeywords.groovy:616)
	at com.kms.katalon.core.webui.keyword.WebUiBuiltInKeywords$click$3.call(Unknown Source)
	at Oaths - Filter - Type.run(Oaths - Filter - Type:85)
	at com.kms.katalon.core.main.ScriptEngine.run(ScriptEngine.java:194)
	at com.kms.katalon.core.main.ScriptEngine.runScriptAsRawText(ScriptEngine.java:119)
	at com.kms.katalon.core.main.TestCaseExecutor.runScript(TestCaseExecutor.java:328)
	at com.kms.katalon.core.main.TestCaseExecutor.doExecute(TestCaseExecutor.java:319)
	at com.kms.katalon.core.main.TestCaseExecutor.processExecutionPhase(TestCaseExecutor.java:298)
	at com.kms.katalon.core.main.TestCaseExecutor.accessMainPhase(TestCaseExecutor.java:290)
	at com.kms.katalon.core.main.TestCaseExecutor.execute(TestCaseExecutor.java:224)
	at com.kms.katalon.core.main.TestSuiteExecutor.accessTestCaseMainPhase(TestSuiteExecutor.java:129)
	at com.kms.katalon.core.main.TestSuiteExecutor.accessTestSuiteMainPhase(TestSuiteExecutor.java:112)
	at com.kms.katalon.core.main.TestSuiteExecutor.execute(TestSuiteExecutor.java:81)
	at com.kms.katalon.core.main.TestCaseMain.startTestSuite(TestCaseMain.java:149)
	at com.kms.katalon.core.main.TestCaseMain$startTestSuite$0.call(Unknown Source)
	at TempTestSuite1553805915573.run(TempTestSuite1553805915573.groovy:36)]]></system-err>
      </testcase>
      <testcase name="Test Cases/Admin Console/Account Settings/Oaths()/Oaths - Filter - Status" classname="Test Cases/Admin Console/Account Settings/Oaths()/Oaths - Filter - Status" status="PASSED">
         <system-out><![CDATA[2019-03-28 15:53:21 - [TEST_CASE][PASSED] - Test Cases/Admin Console/Account Settings/Oaths()/Oaths - Filter - Status: Test Cases/Admin Console/Account Settings/Oaths()/Oaths - Filter - Status

2019-03-28 15:53:21 - [TEST_STEP][PASSED] - openBrowser(""): Browser is opened with url: ''

2019-03-28 15:53:21 - [MESSAGE][WARNING] - A browser is already opened. Closing browser and opening a new one

2019-03-28 15:53:21 - [MESSAGE][INFO] - Starting 'Chrome' driver

2019-03-28 15:53:23 - [MESSAGE][PASSED] - Browser is opened with url: ''

2019-03-28 15:53:23 - [TEST_STEP][PASSED] - navigateToUrl(URL): Navigate to 'https://dev.epulse.io' successfully

2019-03-28 15:53:27 - [MESSAGE][PASSED] - Navigate to 'https://dev.epulse.io' successfully

2019-03-28 15:53:27 - [TEST_STEP][PASSED] - setText(findTestObject("Login/Email Address"), User_email): Text 'alonzo.mack@knowink.com' is set on object 'Object Repository/Login/Email Address'

2019-03-28 15:53:27 - [MESSAGE][PASSED] - Text 'alonzo.mack@knowink.com' is set on object 'Object Repository/Login/Email Address'

2019-03-28 15:53:27 - [TEST_STEP][PASSED] - setEncryptedText(findTestObject("Login/Password"), Pswrd): Text ****** has been set on object 'Object Repository/Login/Password'

2019-03-28 15:53:28 - [MESSAGE][PASSED] - Text ****** has been set on object 'Object Repository/Login/Password'

2019-03-28 15:53:28 - [TEST_STEP][PASSED] - click(findTestObject("Login/Sign In")): Object: 'Object Repository/Login/Sign In' is clicked on

2019-03-28 15:53:28 - [MESSAGE][PASSED] - Object: 'Object Repository/Login/Sign In' is clicked on

2019-03-28 15:53:28 - [TEST_STEP][PASSED] - delay(1): Delayed 1 second(s)

2019-03-28 15:53:29 - [MESSAGE][PASSED] - Delayed 1 second(s)

2019-03-28 15:53:29 - [TEST_STEP][PASSED] - navigateToUrl(Oaths, STOP_ON_FAILURE): Navigate to 'https://am-automation-test.dev.epulse.io/account_oaths' successfully

2019-03-28 15:53:30 - [MESSAGE][PASSED] - Navigate to 'https://am-automation-test.dev.epulse.io/account_oaths' successfully

2019-03-28 15:53:30 - [TEST_STEP][PASSED] - delay(1): Delayed 1 second(s)

2019-03-28 15:53:31 - [MESSAGE][PASSED] - Delayed 1 second(s)

2019-03-28 15:53:31 - [TEST_STEP][PASSED] - click(findTestObject("Admin Console ePulse Menu/Account Settings/Oaths/TEMP/Page_Epulse  am-Automation-test/Status Filter")): Object: 'Object Repository/Admin Console ePulse Menu/Account Settings/Oaths/TEMP/Page_Epulse  am-Automation-test/Status Filter' is clicked on

2019-03-28 15:53:31 - [MESSAGE][PASSED] - Object: 'Object Repository/Admin Console ePulse Menu/Account Settings/Oaths/TEMP/Page_Epulse  am-Automation-test/Status Filter' is clicked on

2019-03-28 15:53:31 - [TEST_STEP][PASSED] - delay(1): Delayed 1 second(s)

2019-03-28 15:53:32 - [MESSAGE][PASSED] - Delayed 1 second(s)

2019-03-28 15:53:32 - [TEST_STEP][PASSED] - click(findTestObject("Admin Console ePulse Menu/Account Settings/Oaths/TEMP/Page_Epulse  am-Automation-test/Apply Status Filters")): Object: 'Object Repository/Admin Console ePulse Menu/Account Settings/Oaths/TEMP/Page_Epulse  am-Automation-test/Apply Status Filters' is clicked on

2019-03-28 15:53:32 - [MESSAGE][PASSED] - Object: 'Object Repository/Admin Console ePulse Menu/Account Settings/Oaths/TEMP/Page_Epulse  am-Automation-test/Apply Status Filters' is clicked on

2019-03-28 15:53:32 - [TEST_STEP][PASSED] - delay(1): Delayed 1 second(s)

2019-03-28 15:53:33 - [MESSAGE][PASSED] - Delayed 1 second(s)

2019-03-28 15:53:33 - [TEST_STEP][PASSED] - click(findTestObject("Admin Console ePulse Menu/Account Settings/Oaths/TEMP/Page_Epulse  am-Automation-test/Close Current Status Filter")): Object: 'Object Repository/Admin Console ePulse Menu/Account Settings/Oaths/TEMP/Page_Epulse  am-Automation-test/Close Current Status Filter' is clicked on

2019-03-28 15:53:33 - [MESSAGE][PASSED] - Object: 'Object Repository/Admin Console ePulse Menu/Account Settings/Oaths/TEMP/Page_Epulse  am-Automation-test/Close Current Status Filter' is clicked on

2019-03-28 15:53:33 - [TEST_STEP][PASSED] - click(findTestObject("Admin Console ePulse Menu/Account Settings/Oaths/TEMP/Page_Epulse  am-Automation-test/Status Filter")): Object: 'Object Repository/Admin Console ePulse Menu/Account Settings/Oaths/TEMP/Page_Epulse  am-Automation-test/Status Filter' is clicked on

2019-03-28 15:53:33 - [MESSAGE][PASSED] - Object: 'Object Repository/Admin Console ePulse Menu/Account Settings/Oaths/TEMP/Page_Epulse  am-Automation-test/Status Filter' is clicked on

2019-03-28 15:53:33 - [TEST_STEP][PASSED] - selectOptionByValue(findTestObject("Admin Console ePulse Menu/Account Settings/Oaths/TEMP/Page_Epulse  am-Automation-test/Status Filter Dropdown"), "archived", true): All options with value 'archived' are selected in object 'Object Repository/Admin Console ePulse Menu/Account Settings/Oaths/TEMP/Page_Epulse  am-Automation-test/Status Filter Dropdown'  using regular expression

2019-03-28 15:53:34 - [MESSAGE][PASSED] - All options with value 'archived' are selected in object 'Object Repository/Admin Console ePulse Menu/Account Settings/Oaths/TEMP/Page_Epulse  am-Automation-test/Status Filter Dropdown'  using regular expression

2019-03-28 15:53:34 - [TEST_STEP][PASSED] - click(findTestObject("Admin Console ePulse Menu/Account Settings/Oaths/TEMP/Page_Epulse  am-Automation-test/Apply Status Filters")): Object: 'Object Repository/Admin Console ePulse Menu/Account Settings/Oaths/TEMP/Page_Epulse  am-Automation-test/Apply Status Filters' is clicked on

2019-03-28 15:53:34 - [MESSAGE][PASSED] - Object: 'Object Repository/Admin Console ePulse Menu/Account Settings/Oaths/TEMP/Page_Epulse  am-Automation-test/Apply Status Filters' is clicked on

2019-03-28 15:53:34 - [TEST_STEP][PASSED] - delay(1): Delayed 1 second(s)

2019-03-28 15:53:35 - [MESSAGE][PASSED] - Delayed 1 second(s)

2019-03-28 15:53:35 - [TEST_STEP][PASSED] - click(findTestObject("Admin Console ePulse Menu/Account Settings/Oaths/TEMP/Page_Epulse  am-Automation-test/Close Archived Status Filter")): Object: 'Object Repository/Admin Console ePulse Menu/Account Settings/Oaths/TEMP/Page_Epulse  am-Automation-test/Close Archived Status Filter' is clicked on

2019-03-28 15:53:35 - [MESSAGE][PASSED] - Object: 'Object Repository/Admin Console ePulse Menu/Account Settings/Oaths/TEMP/Page_Epulse  am-Automation-test/Close Archived Status Filter' is clicked on

2019-03-28 15:53:35 - [TEST_STEP][PASSED] - click(findTestObject("Admin Console ePulse Menu/Account Settings/Oaths/TEMP/Page_Epulse  am-Automation-test/Status Filter")): Object: 'Object Repository/Admin Console ePulse Menu/Account Settings/Oaths/TEMP/Page_Epulse  am-Automation-test/Status Filter' is clicked on

2019-03-28 15:53:35 - [MESSAGE][PASSED] - Object: 'Object Repository/Admin Console ePulse Menu/Account Settings/Oaths/TEMP/Page_Epulse  am-Automation-test/Status Filter' is clicked on

2019-03-28 15:53:35 - [TEST_STEP][PASSED] - selectOptionByValue(findTestObject("Admin Console ePulse Menu/Account Settings/Oaths/TEMP/Page_Epulse  am-Automation-test/Status Filter Dropdown"), "both", true): All options with value 'both' are selected in object 'Object Repository/Admin Console ePulse Menu/Account Settings/Oaths/TEMP/Page_Epulse  am-Automation-test/Status Filter Dropdown'  using regular expression

2019-03-28 15:53:35 - [MESSAGE][PASSED] - All options with value 'both' are selected in object 'Object Repository/Admin Console ePulse Menu/Account Settings/Oaths/TEMP/Page_Epulse  am-Automation-test/Status Filter Dropdown'  using regular expression

2019-03-28 15:53:35 - [TEST_STEP][PASSED] - click(findTestObject("Admin Console ePulse Menu/Account Settings/Oaths/TEMP/Page_Epulse  am-Automation-test/Apply Status Filters")): Object: 'Object Repository/Admin Console ePulse Menu/Account Settings/Oaths/TEMP/Page_Epulse  am-Automation-test/Apply Status Filters' is clicked on

2019-03-28 15:53:35 - [MESSAGE][PASSED] - Object: 'Object Repository/Admin Console ePulse Menu/Account Settings/Oaths/TEMP/Page_Epulse  am-Automation-test/Apply Status Filters' is clicked on

2019-03-28 15:53:35 - [TEST_STEP][PASSED] - delay(1): Delayed 1 second(s)

2019-03-28 15:53:36 - [MESSAGE][PASSED] - Delayed 1 second(s)

2019-03-28 15:53:36 - [TEST_STEP][PASSED] - click(findTestObject("Admin Console ePulse Menu/Account Settings/Oaths/TEMP/Page_Epulse  am-Automation-test/Close Both Status Filter")): Object: 'Object Repository/Admin Console ePulse Menu/Account Settings/Oaths/TEMP/Page_Epulse  am-Automation-test/Close Both Status Filter' is clicked on

2019-03-28 15:53:36 - [MESSAGE][PASSED] - Object: 'Object Repository/Admin Console ePulse Menu/Account Settings/Oaths/TEMP/Page_Epulse  am-Automation-test/Close Both Status Filter' is clicked on

2019-03-28 15:53:36 - [TEST_STEP][PASSED] - closeBrowser(): Browser is closed

2019-03-28 15:53:36 - [MESSAGE][PASSED] - Browser is closed]]></system-out>
         <system-err><![CDATA[]]></system-err>
      </testcase>
      <testcase name="Test Cases/Admin Console/Account Settings/Oaths()/Oaths - Delete" classname="Test Cases/Admin Console/Account Settings/Oaths()/Oaths - Delete" status="FAILED">
         <failure type="FAILED" message="Test Cases/Admin Console/Account Settings/Oaths()/Oaths - Delete FAILED.
Reason:
com.kms.katalon.core.exception.StepFailedException: Unable to click on object 'Object Repository/Admin Console ePulse Menu/Account Settings/Oaths/Delete Displayed Oath' (Root cause: com.kms.katalon.core.webui.exception.WebElementNotFoundException: Web element with id: 'Object Repository/Admin Console ePulse Menu/Account Settings/Oaths/Delete Displayed Oath' located by 'By.xpath: //section[@id='sort_table']/table/tbody/tr[2]/td[8]/a[2]' not found)
	at com.kms.katalon.core.keyword.internal.KeywordMain.stepFailed(KeywordMain.groovy:36)
	at com.kms.katalon.core.webui.keyword.internal.WebUIKeywordMain.stepFailed(WebUIKeywordMain.groovy:65)
	at com.kms.katalon.core.webui.keyword.internal.WebUIKeywordMain.runKeyword(WebUIKeywordMain.groovy:27)
	at com.kms.katalon.core.webui.keyword.builtin.ClickKeyword.click(ClickKeyword.groovy:86)
	at com.kms.katalon.core.webui.keyword.builtin.ClickKeyword.execute(ClickKeyword.groovy:67)
	at com.kms.katalon.core.keyword.internal.KeywordExecutor.executeKeywordForPlatform(KeywordExecutor.groovy:53)
	at com.kms.katalon.core.webui.keyword.WebUiBuiltInKeywords.click(WebUiBuiltInKeywords.groovy:616)
	at com.kms.katalon.core.webui.keyword.WebUiBuiltInKeywords$click$3.call(Unknown Source)
	at Oaths - Delete.run(Oaths - Delete:53)
	at com.kms.katalon.core.main.ScriptEngine.run(ScriptEngine.java:194)
	at com.kms.katalon.core.main.ScriptEngine.runScriptAsRawText(ScriptEngine.java:119)
	at com.kms.katalon.core.main.TestCaseExecutor.runScript(TestCaseExecutor.java:328)
	at com.kms.katalon.core.main.TestCaseExecutor.doExecute(TestCaseExecutor.java:319)
	at com.kms.katalon.core.main.TestCaseExecutor.processExecutionPhase(TestCaseExecutor.java:298)
	at com.kms.katalon.core.main.TestCaseExecutor.accessMainPhase(TestCaseExecutor.java:290)
	at com.kms.katalon.core.main.TestCaseExecutor.execute(TestCaseExecutor.java:224)
	at com.kms.katalon.core.main.TestSuiteExecutor.accessTestCaseMainPhase(TestSuiteExecutor.java:129)
	at com.kms.katalon.core.main.TestSuiteExecutor.accessTestSuiteMainPhase(TestSuiteExecutor.java:112)
	at com.kms.katalon.core.main.TestSuiteExecutor.execute(TestSuiteExecutor.java:81)
	at com.kms.katalon.core.main.TestCaseMain.startTestSuite(TestCaseMain.java:149)
	at com.kms.katalon.core.main.TestCaseMain$startTestSuite$0.call(Unknown Source)
	at TempTestSuite1553805915573.run(TempTestSuite1553805915573.groovy:36)
"/>
         <system-out><![CDATA[2019-03-28 15:53:38 - [TEST_CASE][FAILED] - Test Cases/Admin Console/Account Settings/Oaths()/Oaths - Delete: Test Cases/Admin Console/Account Settings/Oaths()/Oaths - Delete FAILED.
Reason:
com.kms.katalon.core.exception.StepFailedException: Unable to click on object 'Object Repository/Admin Console ePulse Menu/Account Settings/Oaths/Delete Displayed Oath' (Root cause: com.kms.katalon.core.webui.exception.WebElementNotFoundException: Web element with id: 'Object Repository/Admin Console ePulse Menu/Account Settings/Oaths/Delete Displayed Oath' located by 'By.xpath: //section[@id='sort_table']/table/tbody/tr[2]/td[8]/a[2]' not found)
	at com.kms.katalon.core.keyword.internal.KeywordMain.stepFailed(KeywordMain.groovy:36)
	at com.kms.katalon.core.webui.keyword.internal.WebUIKeywordMain.stepFailed(WebUIKeywordMain.groovy:65)
	at com.kms.katalon.core.webui.keyword.internal.WebUIKeywordMain.runKeyword(WebUIKeywordMain.groovy:27)
	at com.kms.katalon.core.webui.keyword.builtin.ClickKeyword.click(ClickKeyword.groovy:86)
	at com.kms.katalon.core.webui.keyword.builtin.ClickKeyword.execute(ClickKeyword.groovy:67)
	at com.kms.katalon.core.keyword.internal.KeywordExecutor.executeKeywordForPlatform(KeywordExecutor.groovy:53)
	at com.kms.katalon.core.webui.keyword.WebUiBuiltInKeywords.click(WebUiBuiltInKeywords.groovy:616)
	at com.kms.katalon.core.webui.keyword.WebUiBuiltInKeywords$click$3.call(Unknown Source)
	at Oaths - Delete.run(Oaths - Delete:53)
	at com.kms.katalon.core.main.ScriptEngine.run(ScriptEngine.java:194)
	at com.kms.katalon.core.main.ScriptEngine.runScriptAsRawText(ScriptEngine.java:119)
	at com.kms.katalon.core.main.TestCaseExecutor.runScript(TestCaseExecutor.java:328)
	at com.kms.katalon.core.main.TestCaseExecutor.doExecute(TestCaseExecutor.java:319)
	at com.kms.katalon.core.main.TestCaseExecutor.processExecutionPhase(TestCaseExecutor.java:298)
	at com.kms.katalon.core.main.TestCaseExecutor.accessMainPhase(TestCaseExecutor.java:290)
	at com.kms.katalon.core.main.TestCaseExecutor.execute(TestCaseExecutor.java:224)
	at com.kms.katalon.core.main.TestSuiteExecutor.accessTestCaseMainPhase(TestSuiteExecutor.java:129)
	at com.kms.katalon.core.main.TestSuiteExecutor.accessTestSuiteMainPhase(TestSuiteExecutor.java:112)
	at com.kms.katalon.core.main.TestSuiteExecutor.execute(TestSuiteExecutor.java:81)
	at com.kms.katalon.core.main.TestCaseMain.startTestSuite(TestCaseMain.java:149)
	at com.kms.katalon.core.main.TestCaseMain$startTestSuite$0.call(Unknown Source)
	at TempTestSuite1553805915573.run(TempTestSuite1553805915573.groovy:36)


2019-03-28 15:53:38 - [TEST_STEP][PASSED] - openBrowser(""): Browser is opened with url: ''

2019-03-28 15:53:38 - [MESSAGE][INFO] - Starting 'Chrome' driver

2019-03-28 15:53:40 - [MESSAGE][PASSED] - Browser is opened with url: ''

2019-03-28 15:53:40 - [TEST_STEP][PASSED] - navigateToUrl(URL): Navigate to 'https://dev.epulse.io' successfully

2019-03-28 15:53:41 - [MESSAGE][PASSED] - Navigate to 'https://dev.epulse.io' successfully

2019-03-28 15:53:41 - [TEST_STEP][PASSED] - setText(findTestObject("Login/Email Address"), User_email): Text 'alonzo.mack@knowink.com' is set on object 'Object Repository/Login/Email Address'

2019-03-28 15:53:41 - [MESSAGE][PASSED] - Text 'alonzo.mack@knowink.com' is set on object 'Object Repository/Login/Email Address'

2019-03-28 15:53:41 - [TEST_STEP][PASSED] - setEncryptedText(findTestObject("Login/Password"), Pswrd): Text ****** has been set on object 'Object Repository/Login/Password'

2019-03-28 15:53:41 - [MESSAGE][PASSED] - Text ****** has been set on object 'Object Repository/Login/Password'

2019-03-28 15:53:41 - [TEST_STEP][PASSED] - click(findTestObject("Login/Sign In")): Object: 'Object Repository/Login/Sign In' is clicked on

2019-03-28 15:53:42 - [MESSAGE][PASSED] - Object: 'Object Repository/Login/Sign In' is clicked on

2019-03-28 15:53:42 - [TEST_STEP][PASSED] - delay(1): Delayed 1 second(s)

2019-03-28 15:53:43 - [MESSAGE][PASSED] - Delayed 1 second(s)

2019-03-28 15:53:43 - [TEST_STEP][PASSED] - navigateToUrl(Oaths, STOP_ON_FAILURE): Navigate to 'https://am-automation-test.dev.epulse.io/account_oaths' successfully

2019-03-28 15:53:44 - [MESSAGE][PASSED] - Navigate to 'https://am-automation-test.dev.epulse.io/account_oaths' successfully

2019-03-28 15:53:44 - [TEST_STEP][PASSED] - delay(1): Delayed 1 second(s)

2019-03-28 15:53:45 - [MESSAGE][PASSED] - Delayed 1 second(s)

2019-03-28 15:53:45 - [TEST_STEP][PASSED] - click(findTestObject("Admin Console ePulse Menu/Account Settings/Oaths/Delete Displayed Oath")): Object: 'Object Repository/Admin Console ePulse Menu/Account Settings/Oaths/Delete Displayed Oath' is clicked on

2019-03-28 15:53:45 - [MESSAGE][PASSED] - Object: 'Object Repository/Admin Console ePulse Menu/Account Settings/Oaths/Delete Displayed Oath' is clicked on

2019-03-28 15:53:45 - [TEST_STEP][PASSED] - delay(1): Delayed 1 second(s)

2019-03-28 15:53:46 - [MESSAGE][PASSED] - Delayed 1 second(s)

2019-03-28 15:53:46 - [TEST_STEP][PASSED] - acceptAlert(STOP_ON_FAILURE): Alert accepted

2019-03-28 15:53:46 - [MESSAGE][PASSED] - Alert accepted

2019-03-28 15:53:46 - [TEST_STEP][PASSED] - delay(1): Delayed 1 second(s)

2019-03-28 15:53:47 - [MESSAGE][PASSED] - Delayed 1 second(s)

2019-03-28 15:53:47 - [TEST_STEP][FAILED] - click(findTestObject("Admin Console ePulse Menu/Account Settings/Oaths/Delete Displayed Oath")): click(findTestObject("Admin Console ePulse Menu/Account Settings/Oaths/Delete Displayed Oath")) FAILED.
Reason:
com.kms.katalon.core.exception.StepFailedException: Unable to click on object 'Object Repository/Admin Console ePulse Menu/Account Settings/Oaths/Delete Displayed Oath' (Root cause: com.kms.katalon.core.webui.exception.WebElementNotFoundException: Web element with id: 'Object Repository/Admin Console ePulse Menu/Account Settings/Oaths/Delete Displayed Oath' located by 'By.xpath: //section[@id='sort_table']/table/tbody/tr[2]/td[8]/a[2]' not found)
	at com.kms.katalon.core.keyword.internal.KeywordMain.stepFailed(KeywordMain.groovy:36)
	at com.kms.katalon.core.webui.keyword.internal.WebUIKeywordMain.stepFailed(WebUIKeywordMain.groovy:65)
	at com.kms.katalon.core.webui.keyword.internal.WebUIKeywordMain.runKeyword(WebUIKeywordMain.groovy:27)
	at com.kms.katalon.core.webui.keyword.builtin.ClickKeyword.click(ClickKeyword.groovy:86)
	at com.kms.katalon.core.webui.keyword.builtin.ClickKeyword.execute(ClickKeyword.groovy:67)
	at com.kms.katalon.core.keyword.internal.KeywordExecutor.executeKeywordForPlatform(KeywordExecutor.groovy:53)
	at com.kms.katalon.core.webui.keyword.WebUiBuiltInKeywords.click(WebUiBuiltInKeywords.groovy:616)
	at com.kms.katalon.core.webui.keyword.WebUiBuiltInKeywords$click$3.call(Unknown Source)
	at Oaths - Delete.run(Oaths - Delete:53)
	at com.kms.katalon.core.main.ScriptEngine.run(ScriptEngine.java:194)
	at com.kms.katalon.core.main.ScriptEngine.runScriptAsRawText(ScriptEngine.java:119)
	at com.kms.katalon.core.main.TestCaseExecutor.runScript(TestCaseExecutor.java:328)
	at com.kms.katalon.core.main.TestCaseExecutor.doExecute(TestCaseExecutor.java:319)
	at com.kms.katalon.core.main.TestCaseExecutor.processExecutionPhase(TestCaseExecutor.java:298)
	at com.kms.katalon.core.main.TestCaseExecutor.accessMainPhase(TestCaseExecutor.java:290)
	at com.kms.katalon.core.main.TestCaseExecutor.execute(TestCaseExecutor.java:224)
	at com.kms.katalon.core.main.TestSuiteExecutor.accessTestCaseMainPhase(TestSuiteExecutor.java:129)
	at com.kms.katalon.core.main.TestSuiteExecutor.accessTestSuiteMainPhase(TestSuiteExecutor.java:112)
	at com.kms.katalon.core.main.TestSuiteExecutor.execute(TestSuiteExecutor.java:81)
	at com.kms.katalon.core.main.TestCaseMain.startTestSuite(TestCaseMain.java:149)
	at com.kms.katalon.core.main.TestCaseMain$startTestSuite$0.call(Unknown Source)
	at TempTestSuite1553805915573.run(TempTestSuite1553805915573.groovy:36)


2019-03-28 15:54:02 - [MESSAGE][INFO] - Unable to find the element located by 'By.xpath: //section[@id='sort_table']/table/tbody/tr[2]/td[8]/a[2]'. Please recheck the objects properties to make sure the desired element is located. 

2019-03-28 15:54:03 - [MESSAGE][FAILED] - Unable to click on object 'Object Repository/Admin Console ePulse Menu/Account Settings/Oaths/Delete Displayed Oath' (Root cause: com.kms.katalon.core.webui.exception.WebElementNotFoundException: Web element with id: 'Object Repository/Admin Console ePulse Menu/Account Settings/Oaths/Delete Displayed Oath' located by 'By.xpath: //section[@id='sort_table']/table/tbody/tr[2]/td[8]/a[2]' not found)
[[ATTACHMENT|/Users/alonzomack/Katalon Studio/Regression/Reports/dev_staging ready/20190328_154515/1553806442965.png]]

2019-03-28 15:54:03 - [MESSAGE][FAILED] - click(findTestObject("Admin Console ePulse Menu/Account Settings/Oaths/Delete Displayed Oath")) FAILED.
Reason:
com.kms.katalon.core.exception.StepFailedException: Unable to click on object 'Object Repository/Admin Console ePulse Menu/Account Settings/Oaths/Delete Displayed Oath' (Root cause: com.kms.katalon.core.webui.exception.WebElementNotFoundException: Web element with id: 'Object Repository/Admin Console ePulse Menu/Account Settings/Oaths/Delete Displayed Oath' located by 'By.xpath: //section[@id='sort_table']/table/tbody/tr[2]/td[8]/a[2]' not found)
	at com.kms.katalon.core.keyword.internal.KeywordMain.stepFailed(KeywordMain.groovy:36)
	at com.kms.katalon.core.webui.keyword.internal.WebUIKeywordMain.stepFailed(WebUIKeywordMain.groovy:65)
	at com.kms.katalon.core.webui.keyword.internal.WebUIKeywordMain.runKeyword(WebUIKeywordMain.groovy:27)
	at com.kms.katalon.core.webui.keyword.builtin.ClickKeyword.click(ClickKeyword.groovy:86)
	at com.kms.katalon.core.webui.keyword.builtin.ClickKeyword.execute(ClickKeyword.groovy:67)
	at com.kms.katalon.core.keyword.internal.KeywordExecutor.executeKeywordForPlatform(KeywordExecutor.groovy:53)
	at com.kms.katalon.core.webui.keyword.WebUiBuiltInKeywords.click(WebUiBuiltInKeywords.groovy:616)
	at com.kms.katalon.core.webui.keyword.WebUiBuiltInKeywords$click$3.call(Unknown Source)
	at Oaths - Delete.run(Oaths - Delete:53)
	at com.kms.katalon.core.main.ScriptEngine.run(ScriptEngine.java:194)
	at com.kms.katalon.core.main.ScriptEngine.runScriptAsRawText(ScriptEngine.java:119)
	at com.kms.katalon.core.main.TestCaseExecutor.runScript(TestCaseExecutor.java:328)
	at com.kms.katalon.core.main.TestCaseExecutor.doExecute(TestCaseExecutor.java:319)
	at com.kms.katalon.core.main.TestCaseExecutor.processExecutionPhase(TestCaseExecutor.java:298)
	at com.kms.katalon.core.main.TestCaseExecutor.accessMainPhase(TestCaseExecutor.java:290)
	at com.kms.katalon.core.main.TestCaseExecutor.execute(TestCaseExecutor.java:224)
	at com.kms.katalon.core.main.TestSuiteExecutor.accessTestCaseMainPhase(TestSuiteExecutor.java:129)
	at com.kms.katalon.core.main.TestSuiteExecutor.accessTestSuiteMainPhase(TestSuiteExecutor.java:112)
	at com.kms.katalon.core.main.TestSuiteExecutor.execute(TestSuiteExecutor.java:81)
	at com.kms.katalon.core.main.TestCaseMain.startTestSuite(TestCaseMain.java:149)
	at com.kms.katalon.core.main.TestCaseMain$startTestSuite$0.call(Unknown Source)
	at TempTestSuite1553805915573.run(TempTestSuite1553805915573.groovy:36)]]></system-out>
         <system-err><![CDATA[2019-03-28 15:53:38 - [TEST_CASE][FAILED] - Test Cases/Admin Console/Account Settings/Oaths()/Oaths - Delete: Test Cases/Admin Console/Account Settings/Oaths()/Oaths - Delete FAILED.
Reason:
com.kms.katalon.core.exception.StepFailedException: Unable to click on object 'Object Repository/Admin Console ePulse Menu/Account Settings/Oaths/Delete Displayed Oath' (Root cause: com.kms.katalon.core.webui.exception.WebElementNotFoundException: Web element with id: 'Object Repository/Admin Console ePulse Menu/Account Settings/Oaths/Delete Displayed Oath' located by 'By.xpath: //section[@id='sort_table']/table/tbody/tr[2]/td[8]/a[2]' not found)
	at com.kms.katalon.core.keyword.internal.KeywordMain.stepFailed(KeywordMain.groovy:36)
	at com.kms.katalon.core.webui.keyword.internal.WebUIKeywordMain.stepFailed(WebUIKeywordMain.groovy:65)
	at com.kms.katalon.core.webui.keyword.internal.WebUIKeywordMain.runKeyword(WebUIKeywordMain.groovy:27)
	at com.kms.katalon.core.webui.keyword.builtin.ClickKeyword.click(ClickKeyword.groovy:86)
	at com.kms.katalon.core.webui.keyword.builtin.ClickKeyword.execute(ClickKeyword.groovy:67)
	at com.kms.katalon.core.keyword.internal.KeywordExecutor.executeKeywordForPlatform(KeywordExecutor.groovy:53)
	at com.kms.katalon.core.webui.keyword.WebUiBuiltInKeywords.click(WebUiBuiltInKeywords.groovy:616)
	at com.kms.katalon.core.webui.keyword.WebUiBuiltInKeywords$click$3.call(Unknown Source)
	at Oaths - Delete.run(Oaths - Delete:53)
	at com.kms.katalon.core.main.ScriptEngine.run(ScriptEngine.java:194)
	at com.kms.katalon.core.main.ScriptEngine.runScriptAsRawText(ScriptEngine.java:119)
	at com.kms.katalon.core.main.TestCaseExecutor.runScript(TestCaseExecutor.java:328)
	at com.kms.katalon.core.main.TestCaseExecutor.doExecute(TestCaseExecutor.java:319)
	at com.kms.katalon.core.main.TestCaseExecutor.processExecutionPhase(TestCaseExecutor.java:298)
	at com.kms.katalon.core.main.TestCaseExecutor.accessMainPhase(TestCaseExecutor.java:290)
	at com.kms.katalon.core.main.TestCaseExecutor.execute(TestCaseExecutor.java:224)
	at com.kms.katalon.core.main.TestSuiteExecutor.accessTestCaseMainPhase(TestSuiteExecutor.java:129)
	at com.kms.katalon.core.main.TestSuiteExecutor.accessTestSuiteMainPhase(TestSuiteExecutor.java:112)
	at com.kms.katalon.core.main.TestSuiteExecutor.execute(TestSuiteExecutor.java:81)
	at com.kms.katalon.core.main.TestCaseMain.startTestSuite(TestCaseMain.java:149)
	at com.kms.katalon.core.main.TestCaseMain$startTestSuite$0.call(Unknown Source)
	at TempTestSuite1553805915573.run(TempTestSuite1553805915573.groovy:36)]]></system-err>
      </testcase>
      <testcase name="Test Cases/Admin Console/Account Settings/Oaths()/Oaths - Import" classname="Test Cases/Admin Console/Account Settings/Oaths()/Oaths - Import" status="PASSED">
         <system-out><![CDATA[2019-03-28 15:54:05 - [TEST_CASE][PASSED] - Test Cases/Admin Console/Account Settings/Oaths()/Oaths - Import: Test Cases/Admin Console/Account Settings/Oaths()/Oaths - Import

2019-03-28 15:54:05 - [TEST_STEP][PASSED] - openBrowser(""): Browser is opened with url: ''

2019-03-28 15:54:05 - [MESSAGE][WARNING] - A browser is already opened. Closing browser and opening a new one

2019-03-28 15:54:05 - [MESSAGE][INFO] - Starting 'Chrome' driver

2019-03-28 15:54:06 - [MESSAGE][PASSED] - Browser is opened with url: ''

2019-03-28 15:54:06 - [TEST_STEP][PASSED] - navigateToUrl(URL): Navigate to 'https://dev.epulse.io' successfully

2019-03-28 15:54:08 - [MESSAGE][PASSED] - Navigate to 'https://dev.epulse.io' successfully

2019-03-28 15:54:08 - [TEST_STEP][PASSED] - setText(findTestObject("Login/Email Address"), User_email): Text 'alonzo.mack@knowink.com' is set on object 'Object Repository/Login/Email Address'

2019-03-28 15:54:08 - [MESSAGE][PASSED] - Text 'alonzo.mack@knowink.com' is set on object 'Object Repository/Login/Email Address'

2019-03-28 15:54:08 - [TEST_STEP][PASSED] - setEncryptedText(findTestObject("Login/Password"), Pswrd): Text ****** has been set on object 'Object Repository/Login/Password'

2019-03-28 15:54:08 - [MESSAGE][PASSED] - Text ****** has been set on object 'Object Repository/Login/Password'

2019-03-28 15:54:08 - [TEST_STEP][PASSED] - click(findTestObject("Login/Sign In")): Object: 'Object Repository/Login/Sign In' is clicked on

2019-03-28 15:54:09 - [MESSAGE][PASSED] - Object: 'Object Repository/Login/Sign In' is clicked on

2019-03-28 15:54:09 - [TEST_STEP][PASSED] - delay(1): Delayed 1 second(s)

2019-03-28 15:54:10 - [MESSAGE][PASSED] - Delayed 1 second(s)

2019-03-28 15:54:10 - [TEST_STEP][PASSED] - navigateToUrl(Oaths_Imports, STOP_ON_FAILURE): Navigate to 'https://am-automation-test.dev.epulse.io/imports/account_oath' successfully

2019-03-28 15:54:11 - [MESSAGE][PASSED] - Navigate to 'https://am-automation-test.dev.epulse.io/imports/account_oath' successfully

2019-03-28 15:54:11 - [TEST_STEP][PASSED] - delay(1): Delayed 1 second(s)

2019-03-28 15:54:12 - [MESSAGE][PASSED] - Delayed 1 second(s)

2019-03-28 15:54:12 - [TEST_STEP][PASSED] - setText(findTestObject("Common ePulse Objects/Choose File"), "/Users/alonzomack/Downloads/oaths.csv"): Text '/Users/alonzomack/Downloads/oaths.csv' is set on object 'Object Repository/Common ePulse Objects/Choose File'

2019-03-28 15:54:12 - [MESSAGE][PASSED] - Text '/Users/alonzomack/Downloads/oaths.csv' is set on object 'Object Repository/Common ePulse Objects/Choose File'

2019-03-28 15:54:12 - [TEST_STEP][PASSED] - delay(1): Delayed 1 second(s)

2019-03-28 15:54:13 - [MESSAGE][PASSED] - Delayed 1 second(s)

2019-03-28 15:54:13 - [TEST_STEP][NOT_RUN] - click(findTestObject("Admin Console ePulse Menu/Account Settings/Oaths/Skip duplicates_slider")): NOT_RUN: click(findTestObject("Admin Console ePulse Menu/Account Settings/Oaths/Skip duplicates_slider"))

2019-03-28 15:54:13 - [MESSAGE][NOT_RUN] - NOT_RUN: click(findTestObject("Admin Console ePulse Menu/Account Settings/Oaths/Skip duplicates_slider"))

2019-03-28 15:54:13 - [TEST_STEP][PASSED] - delay(1): Delayed 1 second(s)

2019-03-28 15:54:14 - [MESSAGE][PASSED] - Delayed 1 second(s)

2019-03-28 15:54:14 - [TEST_STEP][PASSED] - click(findTestObject("Common ePulse Objects/Continue Button")): Object: 'Object Repository/Common ePulse Objects/Continue Button' is clicked on

2019-03-28 15:54:14 - [MESSAGE][PASSED] - Object: 'Object Repository/Common ePulse Objects/Continue Button' is clicked on

2019-03-28 15:54:14 - [TEST_STEP][PASSED] - delay(1): Delayed 1 second(s)

2019-03-28 15:54:15 - [MESSAGE][PASSED] - Delayed 1 second(s)

2019-03-28 15:54:15 - [TEST_STEP][PASSED] - click(findTestObject("Common ePulse Objects/button_Done(working)")): Object: 'Object Repository/Common ePulse Objects/button_Done(working)' is clicked on

2019-03-28 15:54:19 - [MESSAGE][PASSED] - Object: 'Object Repository/Common ePulse Objects/button_Done(working)' is clicked on

2019-03-28 15:54:19 - [TEST_STEP][PASSED] - delay(1): Delayed 1 second(s)

2019-03-28 15:54:20 - [MESSAGE][PASSED] - Delayed 1 second(s)

2019-03-28 15:54:20 - [TEST_STEP][PASSED] - navigateToUrl(Oaths): Navigate to 'https://am-automation-test.dev.epulse.io/account_oaths' successfully

2019-03-28 15:54:20 - [MESSAGE][PASSED] - Navigate to 'https://am-automation-test.dev.epulse.io/account_oaths' successfully

2019-03-28 15:54:20 - [TEST_STEP][PASSED] - delay(1): Delayed 1 second(s)

2019-03-28 15:54:21 - [MESSAGE][PASSED] - Delayed 1 second(s)

2019-03-28 15:54:21 - [TEST_STEP][PASSED] - closeBrowser(STOP_ON_FAILURE): Browser is closed

2019-03-28 15:54:21 - [MESSAGE][PASSED] - Browser is closed]]></system-out>
         <system-err><![CDATA[]]></system-err>
      </testcase>
      <testcase name="Test Cases/Admin Console/Account Settings/Oaths()/Oaths - Export" classname="Test Cases/Admin Console/Account Settings/Oaths()/Oaths - Export" status="PASSED">
         <system-out><![CDATA[2019-03-28 15:54:23 - [TEST_CASE][PASSED] - Test Cases/Admin Console/Account Settings/Oaths()/Oaths - Export: Test Cases/Admin Console/Account Settings/Oaths()/Oaths - Export

2019-03-28 15:54:23 - [TEST_STEP][PASSED] - openBrowser(""): Browser is opened with url: ''

2019-03-28 15:54:23 - [MESSAGE][INFO] - Starting 'Chrome' driver

2019-03-28 15:54:25 - [MESSAGE][PASSED] - Browser is opened with url: ''

2019-03-28 15:54:25 - [TEST_STEP][PASSED] - navigateToUrl(URL): Navigate to 'https://dev.epulse.io' successfully

2019-03-28 15:54:26 - [MESSAGE][PASSED] - Navigate to 'https://dev.epulse.io' successfully

2019-03-28 15:54:26 - [TEST_STEP][PASSED] - setText(findTestObject("Login/Email Address"), User_email): Text 'alonzo.mack@knowink.com' is set on object 'Object Repository/Login/Email Address'

2019-03-28 15:54:26 - [MESSAGE][PASSED] - Text 'alonzo.mack@knowink.com' is set on object 'Object Repository/Login/Email Address'

2019-03-28 15:54:26 - [TEST_STEP][PASSED] - setEncryptedText(findTestObject("Login/Password"), Pswrd): Text ****** has been set on object 'Object Repository/Login/Password'

2019-03-28 15:54:26 - [MESSAGE][PASSED] - Text ****** has been set on object 'Object Repository/Login/Password'

2019-03-28 15:54:26 - [TEST_STEP][PASSED] - click(findTestObject("Login/Sign In")): Object: 'Object Repository/Login/Sign In' is clicked on

2019-03-28 15:54:27 - [MESSAGE][PASSED] - Object: 'Object Repository/Login/Sign In' is clicked on

2019-03-28 15:54:27 - [TEST_STEP][PASSED] - delay(1): Delayed 1 second(s)

2019-03-28 15:54:28 - [MESSAGE][PASSED] - Delayed 1 second(s)

2019-03-28 15:54:28 - [TEST_STEP][PASSED] - navigateToUrl(Oaths): Navigate to 'https://am-automation-test.dev.epulse.io/account_oaths' successfully

2019-03-28 15:54:32 - [MESSAGE][PASSED] - Navigate to 'https://am-automation-test.dev.epulse.io/account_oaths' successfully

2019-03-28 15:54:32 - [TEST_STEP][PASSED] - delay(1): Delayed 1 second(s)

2019-03-28 15:54:33 - [MESSAGE][PASSED] - Delayed 1 second(s)

2019-03-28 15:54:33 - [TEST_STEP][PASSED] - click(findTestObject("Admin Console ePulse Menu/Account Settings/Oaths/Page_Epulse  am-Automation-test/Download")): Object: 'Object Repository/Admin Console ePulse Menu/Account Settings/Oaths/Page_Epulse  am-Automation-test/Download' is clicked on

2019-03-28 15:54:34 - [MESSAGE][PASSED] - Object: 'Object Repository/Admin Console ePulse Menu/Account Settings/Oaths/Page_Epulse  am-Automation-test/Download' is clicked on

2019-03-28 15:54:34 - [TEST_STEP][PASSED] - delay(1): Delayed 1 second(s)

2019-03-28 15:54:35 - [MESSAGE][PASSED] - Delayed 1 second(s)

2019-03-28 15:54:35 - [TEST_STEP][PASSED] - closeBrowser(STOP_ON_FAILURE): Browser is closed

2019-03-28 15:54:35 - [MESSAGE][PASSED] - Browser is closed]]></system-out>
         <system-err><![CDATA[]]></system-err>
      </testcase>
      <testcase name="Test Cases/Admin Console/Account Settings/Oaths()/Oaths - Edit" classname="Test Cases/Admin Console/Account Settings/Oaths()/Oaths - Edit" status="FAILED">
         <failure type="FAILED" message="Test Cases/Admin Console/Account Settings/Oaths()/Oaths - Edit FAILED.
Reason:
com.kms.katalon.core.exception.StepFailedException: Unable to clear text of object 'Object Repository/Admin Console ePulse Menu/Account Settings/Oaths/Add_Edit Oath/Edit Instructions' (Root cause: org.openqa.selenium.ElementNotVisibleException: element not interactable
  (Session info: chrome=73.0.3683.86)
  (Driver info: chromedriver=2.43.600229 (3fae4d0cda5334b4f533bede5a4787f7b832d052),platform=Mac OS X 10.13.3 x86_64) (WARNING: The server did not provide any stacktrace information)
Command duration or timeout: 0 milliseconds
Build info: version: '3.7.1', revision: '8a0099a', time: '2017-11-06T21:07:36.161Z'
System info: host: 'QAs-MacBook-Pro-2.local', ip: '2600:6c40:5400:153d:9044:d55b:b9a2:17b3%en0', os.name: 'Mac OS X', os.arch: 'x86_64', os.version: '10.13.3', java.version: '1.8.0_181'
Driver info: com.kms.katalon.selenium.driver.CChromeDriver
Capabilities {acceptInsecureCerts: false, acceptSslCerts: false, applicationCacheEnabled: false, browserConnectionEnabled: false, browserName: chrome, chrome: {chromedriverVersion: 2.43.600229 (3fae4d0cda5334..., userDataDir: /var/folders/p5/lldhhw894tb...}, cssSelectorsEnabled: true, databaseEnabled: false, goog:chromeOptions: {debuggerAddress: localhost:57514}, handlesAlerts: true, hasTouchScreen: false, javascriptEnabled: true, locationContextEnabled: true, mobileEmulationEnabled: false, nativeEvents: true, networkConnectionEnabled: false, pageLoadStrategy: normal, platform: MAC, platformName: MAC, rotatable: false, setWindowRect: true, takesHeapSnapshot: true, takesScreenshot: true, unexpectedAlertBehaviour: , unhandledPromptBehavior: , version: 73.0.3683.86, webStorageEnabled: true}
Session ID: f43e61109a666a5bcb0edcb409ef056f)
	at com.kms.katalon.core.keyword.internal.KeywordMain.stepFailed(KeywordMain.groovy:36)
	at com.kms.katalon.core.webui.keyword.internal.WebUIKeywordMain.stepFailed(WebUIKeywordMain.groovy:65)
	at com.kms.katalon.core.webui.keyword.internal.WebUIKeywordMain.runKeyword(WebUIKeywordMain.groovy:43)
	at com.kms.katalon.core.webui.keyword.builtin.ClearTextKeyword.clearText(ClearTextKeyword.groovy:61)
	at com.kms.katalon.core.webui.keyword.builtin.ClearTextKeyword.execute(ClearTextKeyword.groovy:34)
	at com.kms.katalon.core.keyword.internal.KeywordExecutor.executeKeywordForPlatform(KeywordExecutor.groovy:53)
	at com.kms.katalon.core.webui.keyword.WebUiBuiltInKeywords.clearText(WebUiBuiltInKeywords.groovy:3817)
	at com.kms.katalon.core.webui.keyword.WebUiBuiltInKeywords$clearText$11.call(Unknown Source)
	at Oaths - Edit.run(Oaths - Edit:52)
	at com.kms.katalon.core.main.ScriptEngine.run(ScriptEngine.java:194)
	at com.kms.katalon.core.main.ScriptEngine.runScriptAsRawText(ScriptEngine.java:119)
	at com.kms.katalon.core.main.TestCaseExecutor.runScript(TestCaseExecutor.java:328)
	at com.kms.katalon.core.main.TestCaseExecutor.doExecute(TestCaseExecutor.java:319)
	at com.kms.katalon.core.main.TestCaseExecutor.processExecutionPhase(TestCaseExecutor.java:298)
	at com.kms.katalon.core.main.TestCaseExecutor.accessMainPhase(TestCaseExecutor.java:290)
	at com.kms.katalon.core.main.TestCaseExecutor.execute(TestCaseExecutor.java:224)
	at com.kms.katalon.core.main.TestSuiteExecutor.accessTestCaseMainPhase(TestSuiteExecutor.java:129)
	at com.kms.katalon.core.main.TestSuiteExecutor.accessTestSuiteMainPhase(TestSuiteExecutor.java:112)
	at com.kms.katalon.core.main.TestSuiteExecutor.execute(TestSuiteExecutor.java:81)
	at com.kms.katalon.core.main.TestCaseMain.startTestSuite(TestCaseMain.java:149)
	at com.kms.katalon.core.main.TestCaseMain$startTestSuite$0.call(Unknown Source)
	at TempTestSuite1553805915573.run(TempTestSuite1553805915573.groovy:36)
"/>
         <system-out><![CDATA[2019-03-28 15:54:37 - [TEST_CASE][FAILED] - Test Cases/Admin Console/Account Settings/Oaths()/Oaths - Edit: Test Cases/Admin Console/Account Settings/Oaths()/Oaths - Edit FAILED.
Reason:
com.kms.katalon.core.exception.StepFailedException: Unable to clear text of object 'Object Repository/Admin Console ePulse Menu/Account Settings/Oaths/Add_Edit Oath/Edit Instructions' (Root cause: org.openqa.selenium.ElementNotVisibleException: element not interactable
  (Session info: chrome=73.0.3683.86)
  (Driver info: chromedriver=2.43.600229 (3fae4d0cda5334b4f533bede5a4787f7b832d052),platform=Mac OS X 10.13.3 x86_64) (WARNING: The server did not provide any stacktrace information)
Command duration or timeout: 0 milliseconds
Build info: version: '3.7.1', revision: '8a0099a', time: '2017-11-06T21:07:36.161Z'
System info: host: 'QAs-MacBook-Pro-2.local', ip: '2600:6c40:5400:153d:9044:d55b:b9a2:17b3%en0', os.name: 'Mac OS X', os.arch: 'x86_64', os.version: '10.13.3', java.version: '1.8.0_181'
Driver info: com.kms.katalon.selenium.driver.CChromeDriver
Capabilities {acceptInsecureCerts: false, acceptSslCerts: false, applicationCacheEnabled: false, browserConnectionEnabled: false, browserName: chrome, chrome: {chromedriverVersion: 2.43.600229 (3fae4d0cda5334..., userDataDir: /var/folders/p5/lldhhw894tb...}, cssSelectorsEnabled: true, databaseEnabled: false, goog:chromeOptions: {debuggerAddress: localhost:57514}, handlesAlerts: true, hasTouchScreen: false, javascriptEnabled: true, locationContextEnabled: true, mobileEmulationEnabled: false, nativeEvents: true, networkConnectionEnabled: false, pageLoadStrategy: normal, platform: MAC, platformName: MAC, rotatable: false, setWindowRect: true, takesHeapSnapshot: true, takesScreenshot: true, unexpectedAlertBehaviour: , unhandledPromptBehavior: , version: 73.0.3683.86, webStorageEnabled: true}
Session ID: f43e61109a666a5bcb0edcb409ef056f)
	at com.kms.katalon.core.keyword.internal.KeywordMain.stepFailed(KeywordMain.groovy:36)
	at com.kms.katalon.core.webui.keyword.internal.WebUIKeywordMain.stepFailed(WebUIKeywordMain.groovy:65)
	at com.kms.katalon.core.webui.keyword.internal.WebUIKeywordMain.runKeyword(WebUIKeywordMain.groovy:43)
	at com.kms.katalon.core.webui.keyword.builtin.ClearTextKeyword.clearText(ClearTextKeyword.groovy:61)
	at com.kms.katalon.core.webui.keyword.builtin.ClearTextKeyword.execute(ClearTextKeyword.groovy:34)
	at com.kms.katalon.core.keyword.internal.KeywordExecutor.executeKeywordForPlatform(KeywordExecutor.groovy:53)
	at com.kms.katalon.core.webui.keyword.WebUiBuiltInKeywords.clearText(WebUiBuiltInKeywords.groovy:3817)
	at com.kms.katalon.core.webui.keyword.WebUiBuiltInKeywords$clearText$11.call(Unknown Source)
	at Oaths - Edit.run(Oaths - Edit:52)
	at com.kms.katalon.core.main.ScriptEngine.run(ScriptEngine.java:194)
	at com.kms.katalon.core.main.ScriptEngine.runScriptAsRawText(ScriptEngine.java:119)
	at com.kms.katalon.core.main.TestCaseExecutor.runScript(TestCaseExecutor.java:328)
	at com.kms.katalon.core.main.TestCaseExecutor.doExecute(TestCaseExecutor.java:319)
	at com.kms.katalon.core.main.TestCaseExecutor.processExecutionPhase(TestCaseExecutor.java:298)
	at com.kms.katalon.core.main.TestCaseExecutor.accessMainPhase(TestCaseExecutor.java:290)
	at com.kms.katalon.core.main.TestCaseExecutor.execute(TestCaseExecutor.java:224)
	at com.kms.katalon.core.main.TestSuiteExecutor.accessTestCaseMainPhase(TestSuiteExecutor.java:129)
	at com.kms.katalon.core.main.TestSuiteExecutor.accessTestSuiteMainPhase(TestSuiteExecutor.java:112)
	at com.kms.katalon.core.main.TestSuiteExecutor.execute(TestSuiteExecutor.java:81)
	at com.kms.katalon.core.main.TestCaseMain.startTestSuite(TestCaseMain.java:149)
	at com.kms.katalon.core.main.TestCaseMain$startTestSuite$0.call(Unknown Source)
	at TempTestSuite1553805915573.run(TempTestSuite1553805915573.groovy:36)


2019-03-28 15:54:37 - [TEST_STEP][PASSED] - openBrowser(""): Browser is opened with url: ''

2019-03-28 15:54:37 - [MESSAGE][INFO] - Starting 'Chrome' driver

2019-03-28 15:54:38 - [MESSAGE][PASSED] - Browser is opened with url: ''

2019-03-28 15:54:38 - [TEST_STEP][PASSED] - navigateToUrl(URL): Navigate to 'https://dev.epulse.io' successfully

2019-03-28 15:54:40 - [MESSAGE][PASSED] - Navigate to 'https://dev.epulse.io' successfully

2019-03-28 15:54:40 - [TEST_STEP][PASSED] - setText(findTestObject("Login/Email Address"), User_email): Text 'alonzo.mack@knowink.com' is set on object 'Object Repository/Login/Email Address'

2019-03-28 15:54:40 - [MESSAGE][PASSED] - Text 'alonzo.mack@knowink.com' is set on object 'Object Repository/Login/Email Address'

2019-03-28 15:54:40 - [TEST_STEP][PASSED] - setEncryptedText(findTestObject("Login/Password"), Pswrd): Text ****** has been set on object 'Object Repository/Login/Password'

2019-03-28 15:54:40 - [MESSAGE][PASSED] - Text ****** has been set on object 'Object Repository/Login/Password'

2019-03-28 15:54:40 - [TEST_STEP][PASSED] - click(findTestObject("Login/Sign In")): Object: 'Object Repository/Login/Sign In' is clicked on

2019-03-28 15:54:41 - [MESSAGE][PASSED] - Object: 'Object Repository/Login/Sign In' is clicked on

2019-03-28 15:54:41 - [TEST_STEP][PASSED] - delay(1): Delayed 1 second(s)

2019-03-28 15:54:42 - [MESSAGE][PASSED] - Delayed 1 second(s)

2019-03-28 15:54:42 - [TEST_STEP][PASSED] - navigateToUrl(Oaths, STOP_ON_FAILURE): Navigate to 'https://am-automation-test.dev.epulse.io/account_oaths' successfully

2019-03-28 15:54:42 - [MESSAGE][PASSED] - Navigate to 'https://am-automation-test.dev.epulse.io/account_oaths' successfully

2019-03-28 15:54:42 - [TEST_STEP][PASSED] - delay(1): Delayed 1 second(s)

2019-03-28 15:54:43 - [MESSAGE][PASSED] - Delayed 1 second(s)

2019-03-28 15:54:43 - [TEST_STEP][PASSED] - click(findTestObject("Admin Console ePulse Menu/Account Settings/Oaths/Add_Edit Oath/Edit Displayed Oath")): Object: 'Object Repository/Admin Console ePulse Menu/Account Settings/Oaths/Add_Edit Oath/Edit Displayed Oath' is clicked on

2019-03-28 15:54:44 - [MESSAGE][PASSED] - Object: 'Object Repository/Admin Console ePulse Menu/Account Settings/Oaths/Add_Edit Oath/Edit Displayed Oath' is clicked on

2019-03-28 15:54:44 - [TEST_STEP][PASSED] - clearText(findTestObject("Admin Console ePulse Menu/Account Settings/Oaths/Add_Edit Oath/Edit_Name_account_oathname")): Text of object 'Object Repository/Admin Console ePulse Menu/Account Settings/Oaths/Add_Edit Oath/Edit_Name_account_oathname' is cleared

2019-03-28 15:54:44 - [MESSAGE][PASSED] - Text of object 'Object Repository/Admin Console ePulse Menu/Account Settings/Oaths/Add_Edit Oath/Edit_Name_account_oathname' is cleared

2019-03-28 15:54:44 - [TEST_STEP][PASSED] - setText(findTestObject("Admin Console ePulse Menu/Account Settings/Oaths/Add_Edit Oath/Edit_Name_account_oathname"), "Reasonable Impediment Declaration Edited"): Text 'Reasonable Impediment Declaration Edited' is set on object 'Object Repository/Admin Console ePulse Menu/Account Settings/Oaths/Add_Edit Oath/Edit_Name_account_oathname'

2019-03-28 15:54:44 - [MESSAGE][PASSED] - Text 'Reasonable Impediment Declaration Edited' is set on object 'Object Repository/Admin Console ePulse Menu/Account Settings/Oaths/Add_Edit Oath/Edit_Name_account_oathname'

2019-03-28 15:54:44 - [TEST_STEP][FAILED] - clearText(findTestObject("Admin Console ePulse Menu/Account Settings/Oaths/Add_Edit Oath/Edit Instructions")): clearText(findTestObject("Admin Console ePulse Menu/Account Settings/Oaths/Add_Edit Oath/Edit Instructions")) FAILED.
Reason:
com.kms.katalon.core.exception.StepFailedException: Unable to clear text of object 'Object Repository/Admin Console ePulse Menu/Account Settings/Oaths/Add_Edit Oath/Edit Instructions' (Root cause: org.openqa.selenium.ElementNotVisibleException: element not interactable
  (Session info: chrome=73.0.3683.86)
  (Driver info: chromedriver=2.43.600229 (3fae4d0cda5334b4f533bede5a4787f7b832d052),platform=Mac OS X 10.13.3 x86_64) (WARNING: The server did not provide any stacktrace information)
Command duration or timeout: 0 milliseconds
Build info: version: '3.7.1', revision: '8a0099a', time: '2017-11-06T21:07:36.161Z'
System info: host: 'QAs-MacBook-Pro-2.local', ip: '2600:6c40:5400:153d:9044:d55b:b9a2:17b3%en0', os.name: 'Mac OS X', os.arch: 'x86_64', os.version: '10.13.3', java.version: '1.8.0_181'
Driver info: com.kms.katalon.selenium.driver.CChromeDriver
Capabilities {acceptInsecureCerts: false, acceptSslCerts: false, applicationCacheEnabled: false, browserConnectionEnabled: false, browserName: chrome, chrome: {chromedriverVersion: 2.43.600229 (3fae4d0cda5334..., userDataDir: /var/folders/p5/lldhhw894tb...}, cssSelectorsEnabled: true, databaseEnabled: false, goog:chromeOptions: {debuggerAddress: localhost:57514}, handlesAlerts: true, hasTouchScreen: false, javascriptEnabled: true, locationContextEnabled: true, mobileEmulationEnabled: false, nativeEvents: true, networkConnectionEnabled: false, pageLoadStrategy: normal, platform: MAC, platformName: MAC, rotatable: false, setWindowRect: true, takesHeapSnapshot: true, takesScreenshot: true, unexpectedAlertBehaviour: , unhandledPromptBehavior: , version: 73.0.3683.86, webStorageEnabled: true}
Session ID: f43e61109a666a5bcb0edcb409ef056f)
	at com.kms.katalon.core.keyword.internal.KeywordMain.stepFailed(KeywordMain.groovy:36)
	at com.kms.katalon.core.webui.keyword.internal.WebUIKeywordMain.stepFailed(WebUIKeywordMain.groovy:65)
	at com.kms.katalon.core.webui.keyword.internal.WebUIKeywordMain.runKeyword(WebUIKeywordMain.groovy:43)
	at com.kms.katalon.core.webui.keyword.builtin.ClearTextKeyword.clearText(ClearTextKeyword.groovy:61)
	at com.kms.katalon.core.webui.keyword.builtin.ClearTextKeyword.execute(ClearTextKeyword.groovy:34)
	at com.kms.katalon.core.keyword.internal.KeywordExecutor.executeKeywordForPlatform(KeywordExecutor.groovy:53)
	at com.kms.katalon.core.webui.keyword.WebUiBuiltInKeywords.clearText(WebUiBuiltInKeywords.groovy:3817)
	at com.kms.katalon.core.webui.keyword.WebUiBuiltInKeywords$clearText$11.call(Unknown Source)
	at Oaths - Edit.run(Oaths - Edit:52)
	at com.kms.katalon.core.main.ScriptEngine.run(ScriptEngine.java:194)
	at com.kms.katalon.core.main.ScriptEngine.runScriptAsRawText(ScriptEngine.java:119)
	at com.kms.katalon.core.main.TestCaseExecutor.runScript(TestCaseExecutor.java:328)
	at com.kms.katalon.core.main.TestCaseExecutor.doExecute(TestCaseExecutor.java:319)
	at com.kms.katalon.core.main.TestCaseExecutor.processExecutionPhase(TestCaseExecutor.java:298)
	at com.kms.katalon.core.main.TestCaseExecutor.accessMainPhase(TestCaseExecutor.java:290)
	at com.kms.katalon.core.main.TestCaseExecutor.execute(TestCaseExecutor.java:224)
	at com.kms.katalon.core.main.TestSuiteExecutor.accessTestCaseMainPhase(TestSuiteExecutor.java:129)
	at com.kms.katalon.core.main.TestSuiteExecutor.accessTestSuiteMainPhase(TestSuiteExecutor.java:112)
	at com.kms.katalon.core.main.TestSuiteExecutor.execute(TestSuiteExecutor.java:81)
	at com.kms.katalon.core.main.TestCaseMain.startTestSuite(TestCaseMain.java:149)
	at com.kms.katalon.core.main.TestCaseMain$startTestSuite$0.call(Unknown Source)
	at TempTestSuite1553805915573.run(TempTestSuite1553805915573.groovy:36)


2019-03-28 15:54:44 - [MESSAGE][FAILED] - Unable to clear text of object 'Object Repository/Admin Console ePulse Menu/Account Settings/Oaths/Add_Edit Oath/Edit Instructions' (Root cause: org.openqa.selenium.ElementNotVisibleException: element not interactable
  (Session info: chrome=73.0.3683.86)
  (Driver info: chromedriver=2.43.600229 (3fae4d0cda5334b4f533bede5a4787f7b832d052),platform=Mac OS X 10.13.3 x86_64) (WARNING: The server did not provide any stacktrace information)
Command duration or timeout: 0 milliseconds
Build info: version: '3.7.1', revision: '8a0099a', time: '2017-11-06T21:07:36.161Z'
System info: host: 'QAs-MacBook-Pro-2.local', ip: '2600:6c40:5400:153d:9044:d55b:b9a2:17b3%en0', os.name: 'Mac OS X', os.arch: 'x86_64', os.version: '10.13.3', java.version: '1.8.0_181'
Driver info: com.kms.katalon.selenium.driver.CChromeDriver
Capabilities {acceptInsecureCerts: false, acceptSslCerts: false, applicationCacheEnabled: false, browserConnectionEnabled: false, browserName: chrome, chrome: {chromedriverVersion: 2.43.600229 (3fae4d0cda5334..., userDataDir: /var/folders/p5/lldhhw894tb...}, cssSelectorsEnabled: true, databaseEnabled: false, goog:chromeOptions: {debuggerAddress: localhost:57514}, handlesAlerts: true, hasTouchScreen: false, javascriptEnabled: true, locationContextEnabled: true, mobileEmulationEnabled: false, nativeEvents: true, networkConnectionEnabled: false, pageLoadStrategy: normal, platform: MAC, platformName: MAC, rotatable: false, setWindowRect: true, takesHeapSnapshot: true, takesScreenshot: true, unexpectedAlertBehaviour: , unhandledPromptBehavior: , version: 73.0.3683.86, webStorageEnabled: true}
Session ID: f43e61109a666a5bcb0edcb409ef056f)
[[ATTACHMENT|/Users/alonzomack/Katalon Studio/Regression/Reports/dev_staging ready/20190328_154515/1553806484444.png]]

2019-03-28 15:54:44 - [MESSAGE][FAILED] - clearText(findTestObject("Admin Console ePulse Menu/Account Settings/Oaths/Add_Edit Oath/Edit Instructions")) FAILED.
Reason:
com.kms.katalon.core.exception.StepFailedException: Unable to clear text of object 'Object Repository/Admin Console ePulse Menu/Account Settings/Oaths/Add_Edit Oath/Edit Instructions' (Root cause: org.openqa.selenium.ElementNotVisibleException: element not interactable
  (Session info: chrome=73.0.3683.86)
  (Driver info: chromedriver=2.43.600229 (3fae4d0cda5334b4f533bede5a4787f7b832d052),platform=Mac OS X 10.13.3 x86_64) (WARNING: The server did not provide any stacktrace information)
Command duration or timeout: 0 milliseconds
Build info: version: '3.7.1', revision: '8a0099a', time: '2017-11-06T21:07:36.161Z'
System info: host: 'QAs-MacBook-Pro-2.local', ip: '2600:6c40:5400:153d:9044:d55b:b9a2:17b3%en0', os.name: 'Mac OS X', os.arch: 'x86_64', os.version: '10.13.3', java.version: '1.8.0_181'
Driver info: com.kms.katalon.selenium.driver.CChromeDriver
Capabilities {acceptInsecureCerts: false, acceptSslCerts: false, applicationCacheEnabled: false, browserConnectionEnabled: false, browserName: chrome, chrome: {chromedriverVersion: 2.43.600229 (3fae4d0cda5334..., userDataDir: /var/folders/p5/lldhhw894tb...}, cssSelectorsEnabled: true, databaseEnabled: false, goog:chromeOptions: {debuggerAddress: localhost:57514}, handlesAlerts: true, hasTouchScreen: false, javascriptEnabled: true, locationContextEnabled: true, mobileEmulationEnabled: false, nativeEvents: true, networkConnectionEnabled: false, pageLoadStrategy: normal, platform: MAC, platformName: MAC, rotatable: false, setWindowRect: true, takesHeapSnapshot: true, takesScreenshot: true, unexpectedAlertBehaviour: , unhandledPromptBehavior: , version: 73.0.3683.86, webStorageEnabled: true}
Session ID: f43e61109a666a5bcb0edcb409ef056f)
	at com.kms.katalon.core.keyword.internal.KeywordMain.stepFailed(KeywordMain.groovy:36)
	at com.kms.katalon.core.webui.keyword.internal.WebUIKeywordMain.stepFailed(WebUIKeywordMain.groovy:65)
	at com.kms.katalon.core.webui.keyword.internal.WebUIKeywordMain.runKeyword(WebUIKeywordMain.groovy:43)
	at com.kms.katalon.core.webui.keyword.builtin.ClearTextKeyword.clearText(ClearTextKeyword.groovy:61)
	at com.kms.katalon.core.webui.keyword.builtin.ClearTextKeyword.execute(ClearTextKeyword.groovy:34)
	at com.kms.katalon.core.keyword.internal.KeywordExecutor.executeKeywordForPlatform(KeywordExecutor.groovy:53)
	at com.kms.katalon.core.webui.keyword.WebUiBuiltInKeywords.clearText(WebUiBuiltInKeywords.groovy:3817)
	at com.kms.katalon.core.webui.keyword.WebUiBuiltInKeywords$clearText$11.call(Unknown Source)
	at Oaths - Edit.run(Oaths - Edit:52)
	at com.kms.katalon.core.main.ScriptEngine.run(ScriptEngine.java:194)
	at com.kms.katalon.core.main.ScriptEngine.runScriptAsRawText(ScriptEngine.java:119)
	at com.kms.katalon.core.main.TestCaseExecutor.runScript(TestCaseExecutor.java:328)
	at com.kms.katalon.core.main.TestCaseExecutor.doExecute(TestCaseExecutor.java:319)
	at com.kms.katalon.core.main.TestCaseExecutor.processExecutionPhase(TestCaseExecutor.java:298)
	at com.kms.katalon.core.main.TestCaseExecutor.accessMainPhase(TestCaseExecutor.java:290)
	at com.kms.katalon.core.main.TestCaseExecutor.execute(TestCaseExecutor.java:224)
	at com.kms.katalon.core.main.TestSuiteExecutor.accessTestCaseMainPhase(TestSuiteExecutor.java:129)
	at com.kms.katalon.core.main.TestSuiteExecutor.accessTestSuiteMainPhase(TestSuiteExecutor.java:112)
	at com.kms.katalon.core.main.TestSuiteExecutor.execute(TestSuiteExecutor.java:81)
	at com.kms.katalon.core.main.TestCaseMain.startTestSuite(TestCaseMain.java:149)
	at com.kms.katalon.core.main.TestCaseMain$startTestSuite$0.call(Unknown Source)
	at TempTestSuite1553805915573.run(TempTestSuite1553805915573.groovy:36)]]></system-out>
         <system-err><![CDATA[2019-03-28 15:54:37 - [TEST_CASE][FAILED] - Test Cases/Admin Console/Account Settings/Oaths()/Oaths - Edit: Test Cases/Admin Console/Account Settings/Oaths()/Oaths - Edit FAILED.
Reason:
com.kms.katalon.core.exception.StepFailedException: Unable to clear text of object 'Object Repository/Admin Console ePulse Menu/Account Settings/Oaths/Add_Edit Oath/Edit Instructions' (Root cause: org.openqa.selenium.ElementNotVisibleException: element not interactable
  (Session info: chrome=73.0.3683.86)
  (Driver info: chromedriver=2.43.600229 (3fae4d0cda5334b4f533bede5a4787f7b832d052),platform=Mac OS X 10.13.3 x86_64) (WARNING: The server did not provide any stacktrace information)
Command duration or timeout: 0 milliseconds
Build info: version: '3.7.1', revision: '8a0099a', time: '2017-11-06T21:07:36.161Z'
System info: host: 'QAs-MacBook-Pro-2.local', ip: '2600:6c40:5400:153d:9044:d55b:b9a2:17b3%en0', os.name: 'Mac OS X', os.arch: 'x86_64', os.version: '10.13.3', java.version: '1.8.0_181'
Driver info: com.kms.katalon.selenium.driver.CChromeDriver
Capabilities {acceptInsecureCerts: false, acceptSslCerts: false, applicationCacheEnabled: false, browserConnectionEnabled: false, browserName: chrome, chrome: {chromedriverVersion: 2.43.600229 (3fae4d0cda5334..., userDataDir: /var/folders/p5/lldhhw894tb...}, cssSelectorsEnabled: true, databaseEnabled: false, goog:chromeOptions: {debuggerAddress: localhost:57514}, handlesAlerts: true, hasTouchScreen: false, javascriptEnabled: true, locationContextEnabled: true, mobileEmulationEnabled: false, nativeEvents: true, networkConnectionEnabled: false, pageLoadStrategy: normal, platform: MAC, platformName: MAC, rotatable: false, setWindowRect: true, takesHeapSnapshot: true, takesScreenshot: true, unexpectedAlertBehaviour: , unhandledPromptBehavior: , version: 73.0.3683.86, webStorageEnabled: true}
Session ID: f43e61109a666a5bcb0edcb409ef056f)
	at com.kms.katalon.core.keyword.internal.KeywordMain.stepFailed(KeywordMain.groovy:36)
	at com.kms.katalon.core.webui.keyword.internal.WebUIKeywordMain.stepFailed(WebUIKeywordMain.groovy:65)
	at com.kms.katalon.core.webui.keyword.internal.WebUIKeywordMain.runKeyword(WebUIKeywordMain.groovy:43)
	at com.kms.katalon.core.webui.keyword.builtin.ClearTextKeyword.clearText(ClearTextKeyword.groovy:61)
	at com.kms.katalon.core.webui.keyword.builtin.ClearTextKeyword.execute(ClearTextKeyword.groovy:34)
	at com.kms.katalon.core.keyword.internal.KeywordExecutor.executeKeywordForPlatform(KeywordExecutor.groovy:53)
	at com.kms.katalon.core.webui.keyword.WebUiBuiltInKeywords.clearText(WebUiBuiltInKeywords.groovy:3817)
	at com.kms.katalon.core.webui.keyword.WebUiBuiltInKeywords$clearText$11.call(Unknown Source)
	at Oaths - Edit.run(Oaths - Edit:52)
	at com.kms.katalon.core.main.ScriptEngine.run(ScriptEngine.java:194)
	at com.kms.katalon.core.main.ScriptEngine.runScriptAsRawText(ScriptEngine.java:119)
	at com.kms.katalon.core.main.TestCaseExecutor.runScript(TestCaseExecutor.java:328)
	at com.kms.katalon.core.main.TestCaseExecutor.doExecute(TestCaseExecutor.java:319)
	at com.kms.katalon.core.main.TestCaseExecutor.processExecutionPhase(TestCaseExecutor.java:298)
	at com.kms.katalon.core.main.TestCaseExecutor.accessMainPhase(TestCaseExecutor.java:290)
	at com.kms.katalon.core.main.TestCaseExecutor.execute(TestCaseExecutor.java:224)
	at com.kms.katalon.core.main.TestSuiteExecutor.accessTestCaseMainPhase(TestSuiteExecutor.java:129)
	at com.kms.katalon.core.main.TestSuiteExecutor.accessTestSuiteMainPhase(TestSuiteExecutor.java:112)
	at com.kms.katalon.core.main.TestSuiteExecutor.execute(TestSuiteExecutor.java:81)
	at com.kms.katalon.core.main.TestCaseMain.startTestSuite(TestCaseMain.java:149)
	at com.kms.katalon.core.main.TestCaseMain$startTestSuite$0.call(Unknown Source)
	at TempTestSuite1553805915573.run(TempTestSuite1553805915573.groovy:36)]]></system-err>
      </testcase>
      <testcase name="Test Cases/Admin Console/Account Settings/Prompts()/Prompts - Add" classname="Test Cases/Admin Console/Account Settings/Prompts()/Prompts - Add" status="PASSED">
         <system-out><![CDATA[2019-03-28 15:54:47 - [TEST_CASE][PASSED] - Test Cases/Admin Console/Account Settings/Prompts()/Prompts - Add: Test Cases/Admin Console/Account Settings/Prompts()/Prompts - Add

2019-03-28 15:54:47 - [TEST_STEP][PASSED] - openBrowser(""): Browser is opened with url: ''

2019-03-28 15:54:47 - [MESSAGE][WARNING] - A browser is already opened. Closing browser and opening a new one

2019-03-28 15:54:47 - [MESSAGE][INFO] - Starting 'Chrome' driver

2019-03-28 15:54:48 - [MESSAGE][PASSED] - Browser is opened with url: ''

2019-03-28 15:54:48 - [TEST_STEP][PASSED] - navigateToUrl(URL): Navigate to 'https://dev.epulse.io' successfully

2019-03-28 15:54:49 - [MESSAGE][PASSED] - Navigate to 'https://dev.epulse.io' successfully

2019-03-28 15:54:49 - [TEST_STEP][PASSED] - setText(findTestObject("Login/Email Address"), User_email): Text 'alonzo.mack@knowink.com' is set on object 'Object Repository/Login/Email Address'

2019-03-28 15:54:50 - [MESSAGE][PASSED] - Text 'alonzo.mack@knowink.com' is set on object 'Object Repository/Login/Email Address'

2019-03-28 15:54:50 - [TEST_STEP][PASSED] - setEncryptedText(findTestObject("Login/Password"), Pswrd): Text ****** has been set on object 'Object Repository/Login/Password'

2019-03-28 15:54:50 - [MESSAGE][PASSED] - Text ****** has been set on object 'Object Repository/Login/Password'

2019-03-28 15:54:50 - [TEST_STEP][PASSED] - click(findTestObject("Login/Sign In")): Object: 'Object Repository/Login/Sign In' is clicked on

2019-03-28 15:54:50 - [MESSAGE][PASSED] - Object: 'Object Repository/Login/Sign In' is clicked on

2019-03-28 15:54:50 - [TEST_STEP][PASSED] - delay(1): Delayed 1 second(s)

2019-03-28 15:54:51 - [MESSAGE][PASSED] - Delayed 1 second(s)

2019-03-28 15:54:51 - [TEST_STEP][PASSED] - navigateToUrl(Prompts, STOP_ON_FAILURE): Navigate to 'https://am-Automation-test.dev.epulse.io/prompts' successfully

2019-03-28 15:54:53 - [MESSAGE][PASSED] - Navigate to 'https://am-Automation-test.dev.epulse.io/prompts' successfully

2019-03-28 15:54:53 - [TEST_STEP][PASSED] - delay(1): Delayed 1 second(s)

2019-03-28 15:54:54 - [MESSAGE][PASSED] - Delayed 1 second(s)

2019-03-28 15:54:54 - [TEST_STEP][PASSED] - click(findTestObject("Admin Console ePulse Menu/Account Settings/Prompts/Create_New_Prompt_Button")): Object: 'Object Repository/Admin Console ePulse Menu/Account Settings/Prompts/Create_New_Prompt_Button' is clicked on

2019-03-28 15:54:54 - [MESSAGE][PASSED] - Object: 'Object Repository/Admin Console ePulse Menu/Account Settings/Prompts/Create_New_Prompt_Button' is clicked on

2019-03-28 15:54:54 - [TEST_STEP][PASSED] - setText(findTestObject("Admin Console ePulse Menu/Account Settings/Prompts/Add_Edit Prompt Modal/Name"), "Test Prompt"): Text 'Test Prompt' is set on object 'Object Repository/Admin Console ePulse Menu/Account Settings/Prompts/Add_Edit Prompt Modal/Name'

2019-03-28 15:54:54 - [MESSAGE][PASSED] - Text 'Test Prompt' is set on object 'Object Repository/Admin Console ePulse Menu/Account Settings/Prompts/Add_Edit Prompt Modal/Name'

2019-03-28 15:54:54 - [TEST_STEP][PASSED] - setText(findTestObject("Admin Console ePulse Menu/Account Settings/Prompts/Add_Edit Prompt Modal/Heading"), "Prompt"): Text 'Prompt' is set on object 'Object Repository/Admin Console ePulse Menu/Account Settings/Prompts/Add_Edit Prompt Modal/Heading'

2019-03-28 15:54:54 - [MESSAGE][PASSED] - Text 'Prompt' is set on object 'Object Repository/Admin Console ePulse Menu/Account Settings/Prompts/Add_Edit Prompt Modal/Heading'

2019-03-28 15:54:54 - [TEST_STEP][PASSED] - selectOptionByValue(findTestObject("Admin Console ePulse Menu/Account Settings/Prompts/Add_Edit Prompt Modal/Select Color"), "0", true): All options with value '0' are selected in object 'Object Repository/Admin Console ePulse Menu/Account Settings/Prompts/Add_Edit Prompt Modal/Select Color'  using regular expression

2019-03-28 15:54:54 - [MESSAGE][PASSED] - All options with value '0' are selected in object 'Object Repository/Admin Console ePulse Menu/Account Settings/Prompts/Add_Edit Prompt Modal/Select Color'  using regular expression

2019-03-28 15:54:54 - [TEST_STEP][PASSED] - setText(findTestObject("Admin Console ePulse Menu/Account Settings/Prompts/Add_Edit Prompt Modal/Order"), "1"): Text '1' is set on object 'Object Repository/Admin Console ePulse Menu/Account Settings/Prompts/Add_Edit Prompt Modal/Order'

2019-03-28 15:54:54 - [MESSAGE][PASSED] - Text '1' is set on object 'Object Repository/Admin Console ePulse Menu/Account Settings/Prompts/Add_Edit Prompt Modal/Order'

2019-03-28 15:54:54 - [TEST_STEP][PASSED] - setText(findTestObject("Admin Console ePulse Menu/Account Settings/Prompts/Add_Edit Prompt Modal/Field Label"), "Prompt"): Text 'Prompt' is set on object 'Object Repository/Admin Console ePulse Menu/Account Settings/Prompts/Add_Edit Prompt Modal/Field Label'

2019-03-28 15:54:54 - [MESSAGE][PASSED] - Text 'Prompt' is set on object 'Object Repository/Admin Console ePulse Menu/Account Settings/Prompts/Add_Edit Prompt Modal/Field Label'

2019-03-28 15:54:54 - [TEST_STEP][PASSED] - setText(findTestObject("Admin Console ePulse Menu/Account Settings/Prompts/Add_Edit Prompt Modal/Field Name"), "Prompt"): Text 'Prompt' is set on object 'Object Repository/Admin Console ePulse Menu/Account Settings/Prompts/Add_Edit Prompt Modal/Field Name'

2019-03-28 15:54:54 - [MESSAGE][PASSED] - Text 'Prompt' is set on object 'Object Repository/Admin Console ePulse Menu/Account Settings/Prompts/Add_Edit Prompt Modal/Field Name'

2019-03-28 15:54:54 - [TEST_STEP][PASSED] - click(findTestObject("Admin Console ePulse Menu/Account Settings/Prompts/Add_Edit Prompt Modal/Show Voter Info_slider")): Object: 'Object Repository/Admin Console ePulse Menu/Account Settings/Prompts/Add_Edit Prompt Modal/Show Voter Info_slider' is clicked on

2019-03-28 15:54:54 - [MESSAGE][PASSED] - Object: 'Object Repository/Admin Console ePulse Menu/Account Settings/Prompts/Add_Edit Prompt Modal/Show Voter Info_slider' is clicked on

2019-03-28 15:54:54 - [TEST_STEP][PASSED] - click(findTestObject("Admin Console ePulse Menu/Account Settings/Prompts/Add_Edit Prompt Modal/Show DOB Field_slider")): Object: 'Object Repository/Admin Console ePulse Menu/Account Settings/Prompts/Add_Edit Prompt Modal/Show DOB Field_slider' is clicked on

2019-03-28 15:54:55 - [MESSAGE][PASSED] - Object: 'Object Repository/Admin Console ePulse Menu/Account Settings/Prompts/Add_Edit Prompt Modal/Show DOB Field_slider' is clicked on

2019-03-28 15:54:55 - [TEST_STEP][PASSED] - setText(findTestObject("Admin Console ePulse Menu/Account Settings/Prompts/Add_Edit Prompt Modal/Instructions textarea "), "Test Prompt"): Text 'Test Prompt' is set on object 'Object Repository/Admin Console ePulse Menu/Account Settings/Prompts/Add_Edit Prompt Modal/Instructions textarea '

2019-03-28 15:54:55 - [MESSAGE][PASSED] - Text 'Test Prompt' is set on object 'Object Repository/Admin Console ePulse Menu/Account Settings/Prompts/Add_Edit Prompt Modal/Instructions textarea '

2019-03-28 15:54:55 - [TEST_STEP][PASSED] - click(findTestObject("Admin Console ePulse Menu/Account Settings/Prompts/Add_Edit Prompt Modal/Submit")): Object: 'Object Repository/Admin Console ePulse Menu/Account Settings/Prompts/Add_Edit Prompt Modal/Submit' is clicked on

2019-03-28 15:54:55 - [MESSAGE][PASSED] - Object: 'Object Repository/Admin Console ePulse Menu/Account Settings/Prompts/Add_Edit Prompt Modal/Submit' is clicked on

2019-03-28 15:54:55 - [TEST_STEP][PASSED] - delay(2): Delayed 2 second(s)

2019-03-28 15:54:57 - [MESSAGE][PASSED] - Delayed 2 second(s)

2019-03-28 15:54:57 - [TEST_STEP][PASSED] - closeBrowser(): Browser is closed

2019-03-28 15:54:57 - [MESSAGE][PASSED] - Browser is closed]]></system-out>
         <system-err><![CDATA[]]></system-err>
      </testcase>
      <testcase name="Test Cases/Admin Console/Account Settings/Prompts()/Prompts - Add Criteria" classname="Test Cases/Admin Console/Account Settings/Prompts()/Prompts - Add Criteria" status="PASSED">
         <system-out><![CDATA[2019-03-28 15:54:59 - [TEST_CASE][PASSED] - Test Cases/Admin Console/Account Settings/Prompts()/Prompts - Add Criteria: Test Cases/Admin Console/Account Settings/Prompts()/Prompts - Add Criteria

2019-03-28 15:54:59 - [TEST_STEP][PASSED] - openBrowser(""): Browser is opened with url: ''

2019-03-28 15:54:59 - [MESSAGE][INFO] - Starting 'Chrome' driver

2019-03-28 15:55:00 - [MESSAGE][PASSED] - Browser is opened with url: ''

2019-03-28 15:55:00 - [TEST_STEP][PASSED] - navigateToUrl(URL): Navigate to 'https://dev.epulse.io' successfully

2019-03-28 15:55:02 - [MESSAGE][PASSED] - Navigate to 'https://dev.epulse.io' successfully

2019-03-28 15:55:02 - [TEST_STEP][PASSED] - setText(findTestObject("Login/Email Address"), User_email): Text 'alonzo.mack@knowink.com' is set on object 'Object Repository/Login/Email Address'

2019-03-28 15:55:02 - [MESSAGE][PASSED] - Text 'alonzo.mack@knowink.com' is set on object 'Object Repository/Login/Email Address'

2019-03-28 15:55:02 - [TEST_STEP][PASSED] - setEncryptedText(findTestObject("Login/Password"), Pswrd): Text ****** has been set on object 'Object Repository/Login/Password'

2019-03-28 15:55:02 - [MESSAGE][PASSED] - Text ****** has been set on object 'Object Repository/Login/Password'

2019-03-28 15:55:02 - [TEST_STEP][PASSED] - click(findTestObject("Login/Sign In")): Object: 'Object Repository/Login/Sign In' is clicked on

2019-03-28 15:55:03 - [MESSAGE][PASSED] - Object: 'Object Repository/Login/Sign In' is clicked on

2019-03-28 15:55:03 - [TEST_STEP][PASSED] - delay(1): Delayed 1 second(s)

2019-03-28 15:55:04 - [MESSAGE][PASSED] - Delayed 1 second(s)

2019-03-28 15:55:04 - [TEST_STEP][PASSED] - navigateToUrl(Prompts, STOP_ON_FAILURE): Navigate to 'https://am-Automation-test.dev.epulse.io/prompts' successfully

2019-03-28 15:55:05 - [MESSAGE][PASSED] - Navigate to 'https://am-Automation-test.dev.epulse.io/prompts' successfully

2019-03-28 15:55:05 - [TEST_STEP][PASSED] - delay(1): Delayed 1 second(s)

2019-03-28 15:55:06 - [MESSAGE][PASSED] - Delayed 1 second(s)

2019-03-28 15:55:06 - [TEST_STEP][PASSED] - click(findTestObject("Admin Console ePulse Menu/Account Settings/Prompts/Add_CRITERIA_To_Prompt")): Object: 'Object Repository/Admin Console ePulse Menu/Account Settings/Prompts/Add_CRITERIA_To_Prompt' is clicked on

2019-03-28 15:55:06 - [MESSAGE][PASSED] - Object: 'Object Repository/Admin Console ePulse Menu/Account Settings/Prompts/Add_CRITERIA_To_Prompt' is clicked on

2019-03-28 15:55:06 - [TEST_STEP][PASSED] - delay(1): Delayed 1 second(s)

2019-03-28 15:55:07 - [MESSAGE][PASSED] - Delayed 1 second(s)

2019-03-28 15:55:07 - [TEST_STEP][PASSED] - selectOptionByValue(findTestObject("Admin Console ePulse Menu/Account Settings/Prompts/Prompt Criteria Modal/Add Criteria Dropdown"), "status_id", true): All options with value 'status_id' are selected in object 'Object Repository/Admin Console ePulse Menu/Account Settings/Prompts/Prompt Criteria Modal/Add Criteria Dropdown'  using regular expression

2019-03-28 15:55:07 - [MESSAGE][PASSED] - All options with value 'status_id' are selected in object 'Object Repository/Admin Console ePulse Menu/Account Settings/Prompts/Prompt Criteria Modal/Add Criteria Dropdown'  using regular expression

2019-03-28 15:55:07 - [TEST_STEP][PASSED] - delay(1): Delayed 1 second(s)

2019-03-28 15:55:08 - [MESSAGE][PASSED] - Delayed 1 second(s)

2019-03-28 15:55:08 - [TEST_STEP][PASSED] - click(findTestObject("Admin Console ePulse Menu/Account Settings/Prompts/Prompt Criteria Modal/Add Criteria(Plus Sign)")): Object: 'Object Repository/Admin Console ePulse Menu/Account Settings/Prompts/Prompt Criteria Modal/Add Criteria(Plus Sign)' is clicked on

2019-03-28 15:55:08 - [MESSAGE][PASSED] - Object: 'Object Repository/Admin Console ePulse Menu/Account Settings/Prompts/Prompt Criteria Modal/Add Criteria(Plus Sign)' is clicked on

2019-03-28 15:55:08 - [TEST_STEP][PASSED] - delay(1): Delayed 1 second(s)

2019-03-28 15:55:09 - [MESSAGE][PASSED] - Delayed 1 second(s)

2019-03-28 15:55:09 - [TEST_STEP][PASSED] - selectOptionByValue(findTestObject("Admin Console ePulse Menu/Account Settings/Prompts/Prompt Criteria Modal/Add Criteria Dropdown"), "voter_status_reason", true): All options with value 'voter_status_reason' are selected in object 'Object Repository/Admin Console ePulse Menu/Account Settings/Prompts/Prompt Criteria Modal/Add Criteria Dropdown'  using regular expression

2019-03-28 15:55:09 - [MESSAGE][PASSED] - All options with value 'voter_status_reason' are selected in object 'Object Repository/Admin Console ePulse Menu/Account Settings/Prompts/Prompt Criteria Modal/Add Criteria Dropdown'  using regular expression

2019-03-28 15:55:09 - [TEST_STEP][PASSED] - delay(1): Delayed 1 second(s)

2019-03-28 15:55:10 - [MESSAGE][PASSED] - Delayed 1 second(s)

2019-03-28 15:55:10 - [TEST_STEP][PASSED] - selectOptionByValue(findTestObject("Admin Console ePulse Menu/Account Settings/Prompts/Prompt Criteria Modal/Voter Status Reason Operator"), "1", true): All options with value '1' are selected in object 'Object Repository/Admin Console ePulse Menu/Account Settings/Prompts/Prompt Criteria Modal/Voter Status Reason Operator'  using regular expression

2019-03-28 15:55:11 - [MESSAGE][PASSED] - All options with value '1' are selected in object 'Object Repository/Admin Console ePulse Menu/Account Settings/Prompts/Prompt Criteria Modal/Voter Status Reason Operator'  using regular expression

2019-03-28 15:55:11 - [TEST_STEP][PASSED] - delay(1): Delayed 1 second(s)

2019-03-28 15:55:12 - [MESSAGE][PASSED] - Delayed 1 second(s)

2019-03-28 15:55:12 - [TEST_STEP][PASSED] - setText(findTestObject("Admin Console ePulse Menu/Account Settings/Prompts/Prompt Criteria Modal/Voter Status Reason Input Field"), "Voted"): Text 'Voted' is set on object 'Object Repository/Admin Console ePulse Menu/Account Settings/Prompts/Prompt Criteria Modal/Voter Status Reason Input Field'

2019-03-28 15:55:12 - [MESSAGE][PASSED] - Text 'Voted' is set on object 'Object Repository/Admin Console ePulse Menu/Account Settings/Prompts/Prompt Criteria Modal/Voter Status Reason Input Field'

2019-03-28 15:55:12 - [TEST_STEP][PASSED] - delay(1): Delayed 1 second(s)

2019-03-28 15:55:13 - [MESSAGE][PASSED] - Delayed 1 second(s)

2019-03-28 15:55:13 - [TEST_STEP][PASSED] - click(findTestObject("Admin Console ePulse Menu/Account Settings/Prompts/Prompt Criteria Modal/Add Criteria(Plus Sign)")): Object: 'Object Repository/Admin Console ePulse Menu/Account Settings/Prompts/Prompt Criteria Modal/Add Criteria(Plus Sign)' is clicked on

2019-03-28 15:55:13 - [MESSAGE][PASSED] - Object: 'Object Repository/Admin Console ePulse Menu/Account Settings/Prompts/Prompt Criteria Modal/Add Criteria(Plus Sign)' is clicked on

2019-03-28 15:55:13 - [TEST_STEP][PASSED] - delay(1): Delayed 1 second(s)

2019-03-28 15:55:14 - [MESSAGE][PASSED] - Delayed 1 second(s)

2019-03-28 15:55:14 - [TEST_STEP][PASSED] - selectOptionByValue(findTestObject("Admin Console ePulse Menu/Account Settings/Prompts/Prompt Criteria Modal/Add Criteria Dropdown"), "voter_over_18", true): All options with value 'voter_over_18' are selected in object 'Object Repository/Admin Console ePulse Menu/Account Settings/Prompts/Prompt Criteria Modal/Add Criteria Dropdown'  using regular expression

2019-03-28 15:55:14 - [MESSAGE][PASSED] - All options with value 'voter_over_18' are selected in object 'Object Repository/Admin Console ePulse Menu/Account Settings/Prompts/Prompt Criteria Modal/Add Criteria Dropdown'  using regular expression

2019-03-28 15:55:14 - [TEST_STEP][PASSED] - delay(1): Delayed 1 second(s)

2019-03-28 15:55:15 - [MESSAGE][PASSED] - Delayed 1 second(s)

2019-03-28 15:55:15 - [TEST_STEP][PASSED] - click(findTestObject("Admin Console ePulse Menu/Account Settings/Prompts/Prompt Criteria Modal/Add Criteria(Plus Sign)")): Object: 'Object Repository/Admin Console ePulse Menu/Account Settings/Prompts/Prompt Criteria Modal/Add Criteria(Plus Sign)' is clicked on

2019-03-28 15:55:15 - [MESSAGE][PASSED] - Object: 'Object Repository/Admin Console ePulse Menu/Account Settings/Prompts/Prompt Criteria Modal/Add Criteria(Plus Sign)' is clicked on

2019-03-28 15:55:15 - [TEST_STEP][PASSED] - delay(1): Delayed 1 second(s)

2019-03-28 15:55:16 - [MESSAGE][PASSED] - Delayed 1 second(s)

2019-03-28 15:55:16 - [TEST_STEP][PASSED] - selectOptionByValue(findTestObject("Admin Console ePulse Menu/Account Settings/Prompts/Prompt Criteria Modal/Add Criteria Dropdown"), "voter_party", true): All options with value 'voter_party' are selected in object 'Object Repository/Admin Console ePulse Menu/Account Settings/Prompts/Prompt Criteria Modal/Add Criteria Dropdown'  using regular expression

2019-03-28 15:55:16 - [MESSAGE][PASSED] - All options with value 'voter_party' are selected in object 'Object Repository/Admin Console ePulse Menu/Account Settings/Prompts/Prompt Criteria Modal/Add Criteria Dropdown'  using regular expression

2019-03-28 15:55:16 - [TEST_STEP][PASSED] - delay(1): Delayed 1 second(s)

2019-03-28 15:55:17 - [MESSAGE][PASSED] - Delayed 1 second(s)

2019-03-28 15:55:17 - [TEST_STEP][PASSED] - click(findTestObject("Admin Console ePulse Menu/Account Settings/Prompts/Prompt Criteria Modal/Add Criteria(Plus Sign)")): Object: 'Object Repository/Admin Console ePulse Menu/Account Settings/Prompts/Prompt Criteria Modal/Add Criteria(Plus Sign)' is clicked on

2019-03-28 15:55:17 - [MESSAGE][PASSED] - Object: 'Object Repository/Admin Console ePulse Menu/Account Settings/Prompts/Prompt Criteria Modal/Add Criteria(Plus Sign)' is clicked on

2019-03-28 15:55:17 - [TEST_STEP][PASSED] - delay(1): Delayed 1 second(s)

2019-03-28 15:55:18 - [MESSAGE][PASSED] - Delayed 1 second(s)

2019-03-28 15:55:18 - [TEST_STEP][PASSED] - selectOptionByValue(findTestObject("Admin Console ePulse Menu/Account Settings/Prompts/Prompt Criteria Modal/Add Criteria Dropdown"), "voter_absentee_information", true): All options with value 'voter_absentee_information' are selected in object 'Object Repository/Admin Console ePulse Menu/Account Settings/Prompts/Prompt Criteria Modal/Add Criteria Dropdown'  using regular expression

2019-03-28 15:55:18 - [MESSAGE][PASSED] - All options with value 'voter_absentee_information' are selected in object 'Object Repository/Admin Console ePulse Menu/Account Settings/Prompts/Prompt Criteria Modal/Add Criteria Dropdown'  using regular expression

2019-03-28 15:55:18 - [TEST_STEP][PASSED] - delay(1): Delayed 1 second(s)

2019-03-28 15:55:19 - [MESSAGE][PASSED] - Delayed 1 second(s)

2019-03-28 15:55:19 - [TEST_STEP][PASSED] - selectOptionByValue(findTestObject("Admin Console ePulse Menu/Account Settings/Prompts/Prompt Criteria Modal/Absentee Status Type"), "S", true): All options with value 'S' are selected in object 'Object Repository/Admin Console ePulse Menu/Account Settings/Prompts/Prompt Criteria Modal/Absentee Status Type'  using regular expression

2019-03-28 15:55:19 - [MESSAGE][PASSED] - All options with value 'S' are selected in object 'Object Repository/Admin Console ePulse Menu/Account Settings/Prompts/Prompt Criteria Modal/Absentee Status Type'  using regular expression

2019-03-28 15:55:19 - [TEST_STEP][PASSED] - delay(2): Delayed 2 second(s)

2019-03-28 15:55:21 - [MESSAGE][PASSED] - Delayed 2 second(s)

2019-03-28 15:55:21 - [TEST_STEP][PASSED] - click(findTestObject("Admin Console ePulse Menu/Account Settings/Prompts/Prompt Criteria Modal/Add Criteria(Plus Sign)")): Object: 'Object Repository/Admin Console ePulse Menu/Account Settings/Prompts/Prompt Criteria Modal/Add Criteria(Plus Sign)' is clicked on

2019-03-28 15:55:22 - [MESSAGE][PASSED] - Object: 'Object Repository/Admin Console ePulse Menu/Account Settings/Prompts/Prompt Criteria Modal/Add Criteria(Plus Sign)' is clicked on

2019-03-28 15:55:22 - [TEST_STEP][PASSED] - delay(1): Delayed 1 second(s)

2019-03-28 15:55:23 - [MESSAGE][PASSED] - Delayed 1 second(s)

2019-03-28 15:55:23 - [TEST_STEP][PASSED] - selectOptionByValue(findTestObject("Admin Console ePulse Menu/Account Settings/Prompts/Prompt Criteria Modal/Add Criteria Dropdown"), "voter_absentee_information", true): All options with value 'voter_absentee_information' are selected in object 'Object Repository/Admin Console ePulse Menu/Account Settings/Prompts/Prompt Criteria Modal/Add Criteria Dropdown'  using regular expression

2019-03-28 15:55:23 - [MESSAGE][PASSED] - All options with value 'voter_absentee_information' are selected in object 'Object Repository/Admin Console ePulse Menu/Account Settings/Prompts/Prompt Criteria Modal/Add Criteria Dropdown'  using regular expression

2019-03-28 15:55:23 - [TEST_STEP][PASSED] - delay(1): Delayed 1 second(s)

2019-03-28 15:55:24 - [MESSAGE][PASSED] - Delayed 1 second(s)

2019-03-28 15:55:24 - [TEST_STEP][PASSED] - selectOptionByValue(findTestObject("Admin Console ePulse Menu/Account Settings/Prompts/Prompt Criteria Modal/Absentee Status Type"), "R", true): All options with value 'R' are selected in object 'Object Repository/Admin Console ePulse Menu/Account Settings/Prompts/Prompt Criteria Modal/Absentee Status Type'  using regular expression

2019-03-28 15:55:24 - [MESSAGE][PASSED] - All options with value 'R' are selected in object 'Object Repository/Admin Console ePulse Menu/Account Settings/Prompts/Prompt Criteria Modal/Absentee Status Type'  using regular expression

2019-03-28 15:55:24 - [TEST_STEP][PASSED] - delay(2): Delayed 2 second(s)

2019-03-28 15:55:26 - [MESSAGE][PASSED] - Delayed 2 second(s)

2019-03-28 15:55:26 - [TEST_STEP][PASSED] - click(findTestObject("Admin Console ePulse Menu/Account Settings/Prompts/Prompt Criteria Modal/Add Criteria(Plus Sign)")): Object: 'Object Repository/Admin Console ePulse Menu/Account Settings/Prompts/Prompt Criteria Modal/Add Criteria(Plus Sign)' is clicked on

2019-03-28 15:55:26 - [MESSAGE][PASSED] - Object: 'Object Repository/Admin Console ePulse Menu/Account Settings/Prompts/Prompt Criteria Modal/Add Criteria(Plus Sign)' is clicked on

2019-03-28 15:55:26 - [TEST_STEP][PASSED] - delay(1): Delayed 1 second(s)

2019-03-28 15:55:27 - [MESSAGE][PASSED] - Delayed 1 second(s)

2019-03-28 15:55:27 - [TEST_STEP][PASSED] - click(findTestObject("Admin Console ePulse Menu/Account Settings/Prompts/Prompt Criteria Modal/Save")): Object: 'Object Repository/Admin Console ePulse Menu/Account Settings/Prompts/Prompt Criteria Modal/Save' is clicked on

2019-03-28 15:55:27 - [MESSAGE][PASSED] - Object: 'Object Repository/Admin Console ePulse Menu/Account Settings/Prompts/Prompt Criteria Modal/Save' is clicked on

2019-03-28 15:55:27 - [TEST_STEP][PASSED] - closeBrowser(): Browser is closed

2019-03-28 15:55:27 - [MESSAGE][PASSED] - Browser is closed]]></system-out>
         <system-err><![CDATA[]]></system-err>
      </testcase>
      <testcase name="Test Cases/Admin Console/Account Settings/Prompts()/Prompts - Buttons" classname="Test Cases/Admin Console/Account Settings/Prompts()/Prompts - Buttons" status="PASSED">
         <system-out><![CDATA[2019-03-28 15:55:29 - [TEST_CASE][PASSED] - Test Cases/Admin Console/Account Settings/Prompts()/Prompts - Buttons: Test Cases/Admin Console/Account Settings/Prompts()/Prompts - Buttons

2019-03-28 15:55:29 - [TEST_STEP][PASSED] - openBrowser(""): Browser is opened with url: ''

2019-03-28 15:55:29 - [MESSAGE][INFO] - Starting 'Chrome' driver

2019-03-28 15:55:31 - [MESSAGE][PASSED] - Browser is opened with url: ''

2019-03-28 15:55:31 - [TEST_STEP][PASSED] - navigateToUrl(URL): Navigate to 'https://dev.epulse.io' successfully

2019-03-28 15:55:35 - [MESSAGE][PASSED] - Navigate to 'https://dev.epulse.io' successfully

2019-03-28 15:55:35 - [TEST_STEP][PASSED] - setText(findTestObject("Login/Email Address"), User_email): Text 'alonzo.mack@knowink.com' is set on object 'Object Repository/Login/Email Address'

2019-03-28 15:55:35 - [MESSAGE][PASSED] - Text 'alonzo.mack@knowink.com' is set on object 'Object Repository/Login/Email Address'

2019-03-28 15:55:35 - [TEST_STEP][PASSED] - setEncryptedText(findTestObject("Login/Password"), Pswrd): Text ****** has been set on object 'Object Repository/Login/Password'

2019-03-28 15:55:35 - [MESSAGE][PASSED] - Text ****** has been set on object 'Object Repository/Login/Password'

2019-03-28 15:55:35 - [TEST_STEP][PASSED] - click(findTestObject("Login/Sign In")): Object: 'Object Repository/Login/Sign In' is clicked on

2019-03-28 15:55:36 - [MESSAGE][PASSED] - Object: 'Object Repository/Login/Sign In' is clicked on

2019-03-28 15:55:36 - [TEST_STEP][PASSED] - delay(1): Delayed 1 second(s)

2019-03-28 15:55:37 - [MESSAGE][PASSED] - Delayed 1 second(s)

2019-03-28 15:55:37 - [TEST_STEP][PASSED] - navigateToUrl(Prompts, STOP_ON_FAILURE): Navigate to 'https://am-Automation-test.dev.epulse.io/prompts' successfully

2019-03-28 15:55:38 - [MESSAGE][PASSED] - Navigate to 'https://am-Automation-test.dev.epulse.io/prompts' successfully

2019-03-28 15:55:38 - [TEST_STEP][PASSED] - delay(1): Delayed 1 second(s)

2019-03-28 15:55:39 - [MESSAGE][PASSED] - Delayed 1 second(s)

2019-03-28 15:55:39 - [TEST_STEP][PASSED] - click(findTestObject("Admin Console ePulse Menu/Account Settings/Prompts/Add_BUTTON_To_Prompt")): Object: 'Object Repository/Admin Console ePulse Menu/Account Settings/Prompts/Add_BUTTON_To_Prompt' is clicked on

2019-03-28 15:55:39 - [MESSAGE][PASSED] - Object: 'Object Repository/Admin Console ePulse Menu/Account Settings/Prompts/Add_BUTTON_To_Prompt' is clicked on

2019-03-28 15:55:39 - [TEST_STEP][PASSED] - delay(1): Delayed 1 second(s)

2019-03-28 15:55:40 - [MESSAGE][PASSED] - Delayed 1 second(s)

2019-03-28 15:55:40 - [TEST_STEP][PASSED] - setText(findTestObject("Admin Console ePulse Menu/Account Settings/Prompts/Prompt Button Modal/Input Button Label"), "test"): Text 'test' is set on object 'Object Repository/Admin Console ePulse Menu/Account Settings/Prompts/Prompt Button Modal/Input Button Label'

2019-03-28 15:55:40 - [MESSAGE][PASSED] - Text 'test' is set on object 'Object Repository/Admin Console ePulse Menu/Account Settings/Prompts/Prompt Button Modal/Input Button Label'

2019-03-28 15:55:40 - [TEST_STEP][PASSED] - delay(1): Delayed 1 second(s)

2019-03-28 15:55:41 - [MESSAGE][PASSED] - Delayed 1 second(s)

2019-03-28 15:55:41 - [TEST_STEP][PASSED] - selectOptionByValue(findTestObject("Admin Console ePulse Menu/Account Settings/Prompts/Prompt Button Modal/Select Button Type Dropdown"), "0", true): All options with value '0' are selected in object 'Object Repository/Admin Console ePulse Menu/Account Settings/Prompts/Prompt Button Modal/Select Button Type Dropdown'  using regular expression

2019-03-28 15:55:42 - [MESSAGE][PASSED] - All options with value '0' are selected in object 'Object Repository/Admin Console ePulse Menu/Account Settings/Prompts/Prompt Button Modal/Select Button Type Dropdown'  using regular expression

2019-03-28 15:55:42 - [TEST_STEP][PASSED] - delay(1): Delayed 1 second(s)

2019-03-28 15:55:43 - [MESSAGE][PASSED] - Delayed 1 second(s)

2019-03-28 15:55:43 - [TEST_STEP][PASSED] - click(findTestObject("Admin Console ePulse Menu/Account Settings/Prompts/Prompt Button Modal/Add New Button(plus sign)")): Object: 'Object Repository/Admin Console ePulse Menu/Account Settings/Prompts/Prompt Button Modal/Add New Button(plus sign)' is clicked on

2019-03-28 15:55:43 - [MESSAGE][PASSED] - Object: 'Object Repository/Admin Console ePulse Menu/Account Settings/Prompts/Prompt Button Modal/Add New Button(plus sign)' is clicked on

2019-03-28 15:55:43 - [TEST_STEP][PASSED] - delay(1): Delayed 1 second(s)

2019-03-28 15:55:44 - [MESSAGE][PASSED] - Delayed 1 second(s)

2019-03-28 15:55:44 - [TEST_STEP][PASSED] - setText(findTestObject("Admin Console ePulse Menu/Account Settings/Prompts/Prompt Button Modal/Input Button Label"), "test1"): Text 'test1' is set on object 'Object Repository/Admin Console ePulse Menu/Account Settings/Prompts/Prompt Button Modal/Input Button Label'

2019-03-28 15:55:44 - [MESSAGE][PASSED] - Text 'test1' is set on object 'Object Repository/Admin Console ePulse Menu/Account Settings/Prompts/Prompt Button Modal/Input Button Label'

2019-03-28 15:55:44 - [TEST_STEP][PASSED] - delay(1): Delayed 1 second(s)

2019-03-28 15:55:45 - [MESSAGE][PASSED] - Delayed 1 second(s)

2019-03-28 15:55:45 - [TEST_STEP][PASSED] - selectOptionByValue(findTestObject("Admin Console ePulse Menu/Account Settings/Prompts/Prompt Button Modal/Select Button Type Dropdown"), "1", true): All options with value '1' are selected in object 'Object Repository/Admin Console ePulse Menu/Account Settings/Prompts/Prompt Button Modal/Select Button Type Dropdown'  using regular expression

2019-03-28 15:55:45 - [MESSAGE][PASSED] - All options with value '1' are selected in object 'Object Repository/Admin Console ePulse Menu/Account Settings/Prompts/Prompt Button Modal/Select Button Type Dropdown'  using regular expression

2019-03-28 15:55:45 - [TEST_STEP][PASSED] - setText(findTestObject("Admin Console ePulse Menu/Account Settings/Prompts/Prompt Button Modal/Page_Epulse  am-Automation-test  Pr/Prompt Button Value"), "Allow to vote", STOP_ON_FAILURE): Text 'Allow to vote' is set on object 'Object Repository/Admin Console ePulse Menu/Account Settings/Prompts/Prompt Button Modal/Page_Epulse  am-Automation-test  Pr/Prompt Button Value'

2019-03-28 15:55:45 - [MESSAGE][PASSED] - Text 'Allow to vote' is set on object 'Object Repository/Admin Console ePulse Menu/Account Settings/Prompts/Prompt Button Modal/Page_Epulse  am-Automation-test  Pr/Prompt Button Value'

2019-03-28 15:55:45 - [TEST_STEP][PASSED] - delay(1): Delayed 1 second(s)

2019-03-28 15:55:46 - [MESSAGE][PASSED] - Delayed 1 second(s)

2019-03-28 15:55:46 - [TEST_STEP][PASSED] - click(findTestObject("Admin Console ePulse Menu/Account Settings/Prompts/Prompt Button Modal/Add New Button(plus sign)")): Object: 'Object Repository/Admin Console ePulse Menu/Account Settings/Prompts/Prompt Button Modal/Add New Button(plus sign)' is clicked on

2019-03-28 15:55:46 - [MESSAGE][PASSED] - Object: 'Object Repository/Admin Console ePulse Menu/Account Settings/Prompts/Prompt Button Modal/Add New Button(plus sign)' is clicked on

2019-03-28 15:55:46 - [TEST_STEP][PASSED] - delay(1): Delayed 1 second(s)

2019-03-28 15:55:47 - [MESSAGE][PASSED] - Delayed 1 second(s)

2019-03-28 15:55:47 - [TEST_STEP][PASSED] - setText(findTestObject("Admin Console ePulse Menu/Account Settings/Prompts/Prompt Button Modal/Input Button Label"), "test3"): Text 'test3' is set on object 'Object Repository/Admin Console ePulse Menu/Account Settings/Prompts/Prompt Button Modal/Input Button Label'

2019-03-28 15:55:47 - [MESSAGE][PASSED] - Text 'test3' is set on object 'Object Repository/Admin Console ePulse Menu/Account Settings/Prompts/Prompt Button Modal/Input Button Label'

2019-03-28 15:55:47 - [TEST_STEP][PASSED] - delay(1): Delayed 1 second(s)

2019-03-28 15:55:48 - [MESSAGE][PASSED] - Delayed 1 second(s)

2019-03-28 15:55:48 - [TEST_STEP][PASSED] - selectOptionByValue(findTestObject("Admin Console ePulse Menu/Account Settings/Prompts/Prompt Button Modal/Select Button Type Dropdown"), "2", true): All options with value '2' are selected in object 'Object Repository/Admin Console ePulse Menu/Account Settings/Prompts/Prompt Button Modal/Select Button Type Dropdown'  using regular expression

2019-03-28 15:55:49 - [MESSAGE][PASSED] - All options with value '2' are selected in object 'Object Repository/Admin Console ePulse Menu/Account Settings/Prompts/Prompt Button Modal/Select Button Type Dropdown'  using regular expression

2019-03-28 15:55:49 - [TEST_STEP][PASSED] - delay(1): Delayed 1 second(s)

2019-03-28 15:55:50 - [MESSAGE][PASSED] - Delayed 1 second(s)

2019-03-28 15:55:50 - [TEST_STEP][PASSED] - setText(findTestObject("Admin Console ePulse Menu/Account Settings/Prompts/Prompt Button Modal/Page_Epulse  am-Automation-test  Pr/Prompt Button Value"), "asdf"): Text 'asdf' is set on object 'Object Repository/Admin Console ePulse Menu/Account Settings/Prompts/Prompt Button Modal/Page_Epulse  am-Automation-test  Pr/Prompt Button Value'

2019-03-28 15:55:50 - [MESSAGE][PASSED] - Text 'asdf' is set on object 'Object Repository/Admin Console ePulse Menu/Account Settings/Prompts/Prompt Button Modal/Page_Epulse  am-Automation-test  Pr/Prompt Button Value'

2019-03-28 15:55:50 - [TEST_STEP][PASSED] - delay(1): Delayed 1 second(s)

2019-03-28 15:55:51 - [MESSAGE][PASSED] - Delayed 1 second(s)

2019-03-28 15:55:51 - [TEST_STEP][PASSED] - click(findTestObject("Admin Console ePulse Menu/Account Settings/Prompts/Prompt Button Modal/Add New Button(plus sign)")): Object: 'Object Repository/Admin Console ePulse Menu/Account Settings/Prompts/Prompt Button Modal/Add New Button(plus sign)' is clicked on

2019-03-28 15:55:51 - [MESSAGE][PASSED] - Object: 'Object Repository/Admin Console ePulse Menu/Account Settings/Prompts/Prompt Button Modal/Add New Button(plus sign)' is clicked on

2019-03-28 15:55:51 - [TEST_STEP][PASSED] - delay(1): Delayed 1 second(s)

2019-03-28 15:55:52 - [MESSAGE][PASSED] - Delayed 1 second(s)

2019-03-28 15:55:52 - [TEST_STEP][PASSED] - setText(findTestObject("Admin Console ePulse Menu/Account Settings/Prompts/Prompt Button Modal/Input Button Label"), "test2"): Text 'test2' is set on object 'Object Repository/Admin Console ePulse Menu/Account Settings/Prompts/Prompt Button Modal/Input Button Label'

2019-03-28 15:55:52 - [MESSAGE][PASSED] - Text 'test2' is set on object 'Object Repository/Admin Console ePulse Menu/Account Settings/Prompts/Prompt Button Modal/Input Button Label'

2019-03-28 15:55:52 - [TEST_STEP][PASSED] - delay(1): Delayed 1 second(s)

2019-03-28 15:55:53 - [MESSAGE][PASSED] - Delayed 1 second(s)

2019-03-28 15:55:53 - [TEST_STEP][PASSED] - selectOptionByValue(findTestObject("Admin Console ePulse Menu/Account Settings/Prompts/Prompt Button Modal/Select Button Type Dropdown"), "3", true): All options with value '3' are selected in object 'Object Repository/Admin Console ePulse Menu/Account Settings/Prompts/Prompt Button Modal/Select Button Type Dropdown'  using regular expression

2019-03-28 15:55:53 - [MESSAGE][PASSED] - All options with value '3' are selected in object 'Object Repository/Admin Console ePulse Menu/Account Settings/Prompts/Prompt Button Modal/Select Button Type Dropdown'  using regular expression

2019-03-28 15:55:53 - [TEST_STEP][PASSED] - delay(1): Delayed 1 second(s)

2019-03-28 15:55:54 - [MESSAGE][PASSED] - Delayed 1 second(s)

2019-03-28 15:55:54 - [TEST_STEP][PASSED] - setText(findTestObject("Admin Console ePulse Menu/Account Settings/Prompts/Prompt Button Modal/Input Button Label"), "test4"): Text 'test4' is set on object 'Object Repository/Admin Console ePulse Menu/Account Settings/Prompts/Prompt Button Modal/Input Button Label'

2019-03-28 15:55:54 - [MESSAGE][PASSED] - Text 'test4' is set on object 'Object Repository/Admin Console ePulse Menu/Account Settings/Prompts/Prompt Button Modal/Input Button Label'

2019-03-28 15:55:54 - [TEST_STEP][PASSED] - delay(1): Delayed 1 second(s)

2019-03-28 15:55:55 - [MESSAGE][PASSED] - Delayed 1 second(s)

2019-03-28 15:55:55 - [TEST_STEP][PASSED] - selectOptionByValue(findTestObject("Admin Console ePulse Menu/Account Settings/Prompts/Prompt Button Modal/Select Button Type Dropdown"), "4", true): All options with value '4' are selected in object 'Object Repository/Admin Console ePulse Menu/Account Settings/Prompts/Prompt Button Modal/Select Button Type Dropdown'  using regular expression

2019-03-28 15:55:55 - [MESSAGE][PASSED] - All options with value '4' are selected in object 'Object Repository/Admin Console ePulse Menu/Account Settings/Prompts/Prompt Button Modal/Select Button Type Dropdown'  using regular expression

2019-03-28 15:55:55 - [TEST_STEP][PASSED] - delay(1): Delayed 1 second(s)

2019-03-28 15:55:56 - [MESSAGE][PASSED] - Delayed 1 second(s)

2019-03-28 15:55:56 - [TEST_STEP][PASSED] - click(findTestObject("Admin Console ePulse Menu/Account Settings/Prompts/Prompt Button Modal/Add New Button(plus sign)")): Object: 'Object Repository/Admin Console ePulse Menu/Account Settings/Prompts/Prompt Button Modal/Add New Button(plus sign)' is clicked on

2019-03-28 15:55:56 - [MESSAGE][PASSED] - Object: 'Object Repository/Admin Console ePulse Menu/Account Settings/Prompts/Prompt Button Modal/Add New Button(plus sign)' is clicked on

2019-03-28 15:55:56 - [TEST_STEP][PASSED] - delay(1): Delayed 1 second(s)

2019-03-28 15:55:57 - [MESSAGE][PASSED] - Delayed 1 second(s)

2019-03-28 15:55:57 - [TEST_STEP][PASSED] - setText(findTestObject("Admin Console ePulse Menu/Account Settings/Prompts/Prompt Button Modal/Input Button Label"), "test5"): Text 'test5' is set on object 'Object Repository/Admin Console ePulse Menu/Account Settings/Prompts/Prompt Button Modal/Input Button Label'

2019-03-28 15:55:58 - [MESSAGE][PASSED] - Text 'test5' is set on object 'Object Repository/Admin Console ePulse Menu/Account Settings/Prompts/Prompt Button Modal/Input Button Label'

2019-03-28 15:55:58 - [TEST_STEP][PASSED] - delay(1): Delayed 1 second(s)

2019-03-28 15:55:59 - [MESSAGE][PASSED] - Delayed 1 second(s)

2019-03-28 15:55:59 - [TEST_STEP][PASSED] - selectOptionByValue(findTestObject("Admin Console ePulse Menu/Account Settings/Prompts/Prompt Button Modal/Select Button Type Dropdown"), "5", true): All options with value '5' are selected in object 'Object Repository/Admin Console ePulse Menu/Account Settings/Prompts/Prompt Button Modal/Select Button Type Dropdown'  using regular expression

2019-03-28 15:55:59 - [MESSAGE][PASSED] - All options with value '5' are selected in object 'Object Repository/Admin Console ePulse Menu/Account Settings/Prompts/Prompt Button Modal/Select Button Type Dropdown'  using regular expression

2019-03-28 15:55:59 - [TEST_STEP][PASSED] - delay(1): Delayed 1 second(s)

2019-03-28 15:56:00 - [MESSAGE][PASSED] - Delayed 1 second(s)

2019-03-28 15:56:00 - [TEST_STEP][PASSED] - click(findTestObject("Admin Console ePulse Menu/Account Settings/Prompts/Prompt Button Modal/Add New Button(plus sign)")): Object: 'Object Repository/Admin Console ePulse Menu/Account Settings/Prompts/Prompt Button Modal/Add New Button(plus sign)' is clicked on

2019-03-28 15:56:00 - [MESSAGE][PASSED] - Object: 'Object Repository/Admin Console ePulse Menu/Account Settings/Prompts/Prompt Button Modal/Add New Button(plus sign)' is clicked on

2019-03-28 15:56:00 - [TEST_STEP][PASSED] - delay(1): Delayed 1 second(s)

2019-03-28 15:56:01 - [MESSAGE][PASSED] - Delayed 1 second(s)

2019-03-28 15:56:01 - [TEST_STEP][PASSED] - click(findTestObject("Admin Console ePulse Menu/Account Settings/Prompts/Prompt Button Modal/Close Button")): Object: 'Object Repository/Admin Console ePulse Menu/Account Settings/Prompts/Prompt Button Modal/Close Button' is clicked on

2019-03-28 15:56:01 - [MESSAGE][PASSED] - Object: 'Object Repository/Admin Console ePulse Menu/Account Settings/Prompts/Prompt Button Modal/Close Button' is clicked on

2019-03-28 15:56:01 - [TEST_STEP][PASSED] - delay(1): Delayed 1 second(s)

2019-03-28 15:56:02 - [MESSAGE][PASSED] - Delayed 1 second(s)

2019-03-28 15:56:02 - [TEST_STEP][PASSED] - closeBrowser(): Browser is closed

2019-03-28 15:56:02 - [MESSAGE][PASSED] - Browser is closed]]></system-out>
         <system-err><![CDATA[]]></system-err>
      </testcase>
      <testcase name="Test Cases/Admin Console/Account Settings/Prompts()/Prompts - Import" classname="Test Cases/Admin Console/Account Settings/Prompts()/Prompts - Import" status="PASSED">
         <system-out><![CDATA[2019-03-28 15:56:04 - [TEST_CASE][PASSED] - Test Cases/Admin Console/Account Settings/Prompts()/Prompts - Import: Test Cases/Admin Console/Account Settings/Prompts()/Prompts - Import

2019-03-28 15:56:04 - [TEST_STEP][PASSED] - openBrowser(""): Browser is opened with url: ''

2019-03-28 15:56:04 - [MESSAGE][INFO] - Starting 'Chrome' driver

2019-03-28 15:56:05 - [MESSAGE][PASSED] - Browser is opened with url: ''

2019-03-28 15:56:05 - [TEST_STEP][PASSED] - navigateToUrl(URL): Navigate to 'https://dev.epulse.io' successfully

2019-03-28 15:56:07 - [MESSAGE][PASSED] - Navigate to 'https://dev.epulse.io' successfully

2019-03-28 15:56:07 - [TEST_STEP][PASSED] - setText(findTestObject("Login/Email Address"), User_email): Text 'alonzo.mack@knowink.com' is set on object 'Object Repository/Login/Email Address'

2019-03-28 15:56:07 - [MESSAGE][PASSED] - Text 'alonzo.mack@knowink.com' is set on object 'Object Repository/Login/Email Address'

2019-03-28 15:56:07 - [TEST_STEP][PASSED] - setEncryptedText(findTestObject("Login/Password"), Pswrd): Text ****** has been set on object 'Object Repository/Login/Password'

2019-03-28 15:56:07 - [MESSAGE][PASSED] - Text ****** has been set on object 'Object Repository/Login/Password'

2019-03-28 15:56:07 - [TEST_STEP][PASSED] - click(findTestObject("Login/Sign In")): Object: 'Object Repository/Login/Sign In' is clicked on

2019-03-28 15:56:08 - [MESSAGE][PASSED] - Object: 'Object Repository/Login/Sign In' is clicked on

2019-03-28 15:56:08 - [TEST_STEP][PASSED] - delay(1): Delayed 1 second(s)

2019-03-28 15:56:09 - [MESSAGE][PASSED] - Delayed 1 second(s)

2019-03-28 15:56:09 - [TEST_STEP][PASSED] - navigateToUrl(Prompts_Imports, STOP_ON_FAILURE): Navigate to 'https://am-automation-test.dev.epulse.io/imports/prompts' successfully

2019-03-28 15:56:10 - [MESSAGE][PASSED] - Navigate to 'https://am-automation-test.dev.epulse.io/imports/prompts' successfully

2019-03-28 15:56:10 - [TEST_STEP][PASSED] - setText(findTestObject("Admin Console ePulse Menu/Account Settings/Prompts/Import Prompts Buttons/Choose File"), "/Users/alonzomack/Downloads/prompts-3.txt"): Text '/Users/alonzomack/Downloads/prompts-3.txt' is set on object 'Object Repository/Admin Console ePulse Menu/Account Settings/Prompts/Import Prompts Buttons/Choose File'

2019-03-28 15:56:10 - [MESSAGE][PASSED] - Text '/Users/alonzomack/Downloads/prompts-3.txt' is set on object 'Object Repository/Admin Console ePulse Menu/Account Settings/Prompts/Import Prompts Buttons/Choose File'

2019-03-28 15:56:10 - [TEST_STEP][PASSED] - click(findTestObject("Admin Console ePulse Menu/Account Settings/Prompts/Import Prompts Buttons/Continue Button")): Object: 'Object Repository/Admin Console ePulse Menu/Account Settings/Prompts/Import Prompts Buttons/Continue Button' is clicked on

2019-03-28 15:56:10 - [MESSAGE][PASSED] - Object: 'Object Repository/Admin Console ePulse Menu/Account Settings/Prompts/Import Prompts Buttons/Continue Button' is clicked on

2019-03-28 15:56:10 - [TEST_STEP][PASSED] - delay(1): Delayed 1 second(s)

2019-03-28 15:56:11 - [MESSAGE][PASSED] - Delayed 1 second(s)

2019-03-28 15:56:11 - [TEST_STEP][PASSED] - click(findTestObject("Admin Console ePulse Menu/Account Settings/Prompts/Import Prompts Buttons/button_Done(working)")): Object: 'Object Repository/Admin Console ePulse Menu/Account Settings/Prompts/Import Prompts Buttons/button_Done(working)' is clicked on

2019-03-28 15:56:15 - [MESSAGE][PASSED] - Object: 'Object Repository/Admin Console ePulse Menu/Account Settings/Prompts/Import Prompts Buttons/button_Done(working)' is clicked on

2019-03-28 15:56:15 - [TEST_STEP][PASSED] - delay(1): Delayed 1 second(s)

2019-03-28 15:56:16 - [MESSAGE][PASSED] - Delayed 1 second(s)

2019-03-28 15:56:16 - [TEST_STEP][PASSED] - closeBrowser(): Browser is closed

2019-03-28 15:56:16 - [MESSAGE][PASSED] - Browser is closed]]></system-out>
         <system-err><![CDATA[]]></system-err>
      </testcase>
      <testcase name="Test Cases/Admin Console/Account Settings/Prompts()/Prompts - Edit" classname="Test Cases/Admin Console/Account Settings/Prompts()/Prompts - Edit" status="PASSED">
         <system-out><![CDATA[2019-03-28 15:56:18 - [TEST_CASE][PASSED] - Test Cases/Admin Console/Account Settings/Prompts()/Prompts - Edit: Test Cases/Admin Console/Account Settings/Prompts()/Prompts - Edit

2019-03-28 15:56:18 - [TEST_STEP][PASSED] - openBrowser(""): Browser is opened with url: ''

2019-03-28 15:56:18 - [MESSAGE][INFO] - Starting 'Chrome' driver

2019-03-28 15:56:19 - [MESSAGE][PASSED] - Browser is opened with url: ''

2019-03-28 15:56:19 - [TEST_STEP][PASSED] - navigateToUrl(URL): Navigate to 'https://dev.epulse.io' successfully

2019-03-28 15:56:21 - [MESSAGE][PASSED] - Navigate to 'https://dev.epulse.io' successfully

2019-03-28 15:56:21 - [TEST_STEP][PASSED] - setText(findTestObject("Login/Email Address"), User_email): Text 'alonzo.mack@knowink.com' is set on object 'Object Repository/Login/Email Address'

2019-03-28 15:56:21 - [MESSAGE][PASSED] - Text 'alonzo.mack@knowink.com' is set on object 'Object Repository/Login/Email Address'

2019-03-28 15:56:21 - [TEST_STEP][PASSED] - setEncryptedText(findTestObject("Login/Password"), Pswrd): Text ****** has been set on object 'Object Repository/Login/Password'

2019-03-28 15:56:21 - [MESSAGE][PASSED] - Text ****** has been set on object 'Object Repository/Login/Password'

2019-03-28 15:56:21 - [TEST_STEP][PASSED] - click(findTestObject("Login/Sign In")): Object: 'Object Repository/Login/Sign In' is clicked on

2019-03-28 15:56:22 - [MESSAGE][PASSED] - Object: 'Object Repository/Login/Sign In' is clicked on

2019-03-28 15:56:22 - [TEST_STEP][PASSED] - delay(1): Delayed 1 second(s)

2019-03-28 15:56:23 - [MESSAGE][PASSED] - Delayed 1 second(s)

2019-03-28 15:56:23 - [TEST_STEP][PASSED] - navigateToUrl(Prompts, STOP_ON_FAILURE): Navigate to 'https://am-Automation-test.dev.epulse.io/prompts' successfully

2019-03-28 15:56:24 - [MESSAGE][PASSED] - Navigate to 'https://am-Automation-test.dev.epulse.io/prompts' successfully

2019-03-28 15:56:24 - [TEST_STEP][PASSED] - delay(1): Delayed 1 second(s)

2019-03-28 15:56:25 - [MESSAGE][PASSED] - Delayed 1 second(s)

2019-03-28 15:56:25 - [TEST_STEP][PASSED] - click(findTestObject("Admin Console ePulse Menu/Account Settings/Prompts/Edit Prompt")): Object: 'Object Repository/Admin Console ePulse Menu/Account Settings/Prompts/Edit Prompt' is clicked on

2019-03-28 15:56:25 - [MESSAGE][PASSED] - Object: 'Object Repository/Admin Console ePulse Menu/Account Settings/Prompts/Edit Prompt' is clicked on

2019-03-28 15:56:25 - [TEST_STEP][PASSED] - delay(2): Delayed 2 second(s)

2019-03-28 15:56:27 - [MESSAGE][PASSED] - Delayed 2 second(s)

2019-03-28 15:56:27 - [TEST_STEP][PASSED] - setText(findTestObject("Admin Console ePulse Menu/Account Settings/Prompts/Add_Edit Prompt Modal/Name"), "Test Prompt Test"): Text 'Test Prompt Test' is set on object 'Object Repository/Admin Console ePulse Menu/Account Settings/Prompts/Add_Edit Prompt Modal/Name'

2019-03-28 15:56:27 - [MESSAGE][PASSED] - Text 'Test Prompt Test' is set on object 'Object Repository/Admin Console ePulse Menu/Account Settings/Prompts/Add_Edit Prompt Modal/Name'

2019-03-28 15:56:27 - [TEST_STEP][PASSED] - delay(2): Delayed 2 second(s)

2019-03-28 15:56:29 - [MESSAGE][PASSED] - Delayed 2 second(s)

2019-03-28 15:56:29 - [TEST_STEP][PASSED] - setText(findTestObject("Admin Console ePulse Menu/Account Settings/Prompts/Add_Edit Prompt Modal/Heading"), "Prompt Edit"): Text 'Prompt Edit' is set on object 'Object Repository/Admin Console ePulse Menu/Account Settings/Prompts/Add_Edit Prompt Modal/Heading'

2019-03-28 15:56:30 - [MESSAGE][PASSED] - Text 'Prompt Edit' is set on object 'Object Repository/Admin Console ePulse Menu/Account Settings/Prompts/Add_Edit Prompt Modal/Heading'

2019-03-28 15:56:30 - [TEST_STEP][PASSED] - delay(2): Delayed 2 second(s)

2019-03-28 15:56:32 - [MESSAGE][PASSED] - Delayed 2 second(s)

2019-03-28 15:56:32 - [TEST_STEP][PASSED] - selectOptionByValue(findTestObject("Admin Console ePulse Menu/Account Settings/Prompts/Add_Edit Prompt Modal/Select Color"), "2", true): All options with value '2' are selected in object 'Object Repository/Admin Console ePulse Menu/Account Settings/Prompts/Add_Edit Prompt Modal/Select Color'  using regular expression

2019-03-28 15:56:32 - [MESSAGE][PASSED] - All options with value '2' are selected in object 'Object Repository/Admin Console ePulse Menu/Account Settings/Prompts/Add_Edit Prompt Modal/Select Color'  using regular expression

2019-03-28 15:56:32 - [TEST_STEP][PASSED] - delay(2): Delayed 2 second(s)

2019-03-28 15:56:34 - [MESSAGE][PASSED] - Delayed 2 second(s)

2019-03-28 15:56:34 - [TEST_STEP][PASSED] - setText(findTestObject("Admin Console ePulse Menu/Account Settings/Prompts/Add_Edit Prompt Modal/Order"), "2"): Text '2' is set on object 'Object Repository/Admin Console ePulse Menu/Account Settings/Prompts/Add_Edit Prompt Modal/Order'

2019-03-28 15:56:34 - [MESSAGE][PASSED] - Text '2' is set on object 'Object Repository/Admin Console ePulse Menu/Account Settings/Prompts/Add_Edit Prompt Modal/Order'

2019-03-28 15:56:34 - [TEST_STEP][PASSED] - delay(2): Delayed 2 second(s)

2019-03-28 15:56:36 - [MESSAGE][PASSED] - Delayed 2 second(s)

2019-03-28 15:56:36 - [TEST_STEP][PASSED] - setText(findTestObject("Admin Console ePulse Menu/Account Settings/Prompts/Add_Edit Prompt Modal/Field Label"), "Prompt Test"): Text 'Prompt Test' is set on object 'Object Repository/Admin Console ePulse Menu/Account Settings/Prompts/Add_Edit Prompt Modal/Field Label'

2019-03-28 15:56:36 - [MESSAGE][PASSED] - Text 'Prompt Test' is set on object 'Object Repository/Admin Console ePulse Menu/Account Settings/Prompts/Add_Edit Prompt Modal/Field Label'

2019-03-28 15:56:36 - [TEST_STEP][PASSED] - delay(2): Delayed 2 second(s)

2019-03-28 15:56:38 - [MESSAGE][PASSED] - Delayed 2 second(s)

2019-03-28 15:56:38 - [TEST_STEP][PASSED] - setText(findTestObject("Admin Console ePulse Menu/Account Settings/Prompts/Add_Edit Prompt Modal/Field Name"), "prompt test"): Text 'prompt test' is set on object 'Object Repository/Admin Console ePulse Menu/Account Settings/Prompts/Add_Edit Prompt Modal/Field Name'

2019-03-28 15:56:38 - [MESSAGE][PASSED] - Text 'prompt test' is set on object 'Object Repository/Admin Console ePulse Menu/Account Settings/Prompts/Add_Edit Prompt Modal/Field Name'

2019-03-28 15:56:38 - [TEST_STEP][PASSED] - delay(2): Delayed 2 second(s)

2019-03-28 15:56:40 - [MESSAGE][PASSED] - Delayed 2 second(s)

2019-03-28 15:56:40 - [TEST_STEP][PASSED] - click(findTestObject("Admin Console ePulse Menu/Account Settings/Prompts/Add_Edit Prompt Modal/Show Voter Info_slider")): Object: 'Object Repository/Admin Console ePulse Menu/Account Settings/Prompts/Add_Edit Prompt Modal/Show Voter Info_slider' is clicked on

2019-03-28 15:56:40 - [MESSAGE][PASSED] - Object: 'Object Repository/Admin Console ePulse Menu/Account Settings/Prompts/Add_Edit Prompt Modal/Show Voter Info_slider' is clicked on

2019-03-28 15:56:40 - [TEST_STEP][PASSED] - delay(2): Delayed 2 second(s)

2019-03-28 15:56:42 - [MESSAGE][PASSED] - Delayed 2 second(s)

2019-03-28 15:56:42 - [TEST_STEP][PASSED] - click(findTestObject("Admin Console ePulse Menu/Account Settings/Prompts/Add_Edit Prompt Modal/Show Text Field_slider")): Object: 'Object Repository/Admin Console ePulse Menu/Account Settings/Prompts/Add_Edit Prompt Modal/Show Text Field_slider' is clicked on

2019-03-28 15:56:42 - [MESSAGE][PASSED] - Object: 'Object Repository/Admin Console ePulse Menu/Account Settings/Prompts/Add_Edit Prompt Modal/Show Text Field_slider' is clicked on

2019-03-28 15:56:42 - [TEST_STEP][PASSED] - delay(2): Delayed 2 second(s)

2019-03-28 15:56:44 - [MESSAGE][PASSED] - Delayed 2 second(s)

2019-03-28 15:56:44 - [TEST_STEP][PASSED] - setText(findTestObject("Admin Console ePulse Menu/Account Settings/Prompts/Add_Edit Prompt Modal/Instructions textarea "), "Test Prompt2"): Text 'Test Prompt2' is set on object 'Object Repository/Admin Console ePulse Menu/Account Settings/Prompts/Add_Edit Prompt Modal/Instructions textarea '

2019-03-28 15:56:44 - [MESSAGE][PASSED] - Text 'Test Prompt2' is set on object 'Object Repository/Admin Console ePulse Menu/Account Settings/Prompts/Add_Edit Prompt Modal/Instructions textarea '

2019-03-28 15:56:44 - [TEST_STEP][PASSED] - delay(2): Delayed 2 second(s)

2019-03-28 15:56:46 - [MESSAGE][PASSED] - Delayed 2 second(s)

2019-03-28 15:56:46 - [TEST_STEP][PASSED] - click(findTestObject("Admin Console ePulse Menu/Account Settings/Prompts/Add_Edit Prompt Modal/Submit")): Object: 'Object Repository/Admin Console ePulse Menu/Account Settings/Prompts/Add_Edit Prompt Modal/Submit' is clicked on

2019-03-28 15:56:47 - [MESSAGE][PASSED] - Object: 'Object Repository/Admin Console ePulse Menu/Account Settings/Prompts/Add_Edit Prompt Modal/Submit' is clicked on

2019-03-28 15:56:47 - [TEST_STEP][PASSED] - delay(2): Delayed 2 second(s)

2019-03-28 15:56:49 - [MESSAGE][PASSED] - Delayed 2 second(s)

2019-03-28 15:56:49 - [TEST_STEP][PASSED] - closeBrowser(): Browser is closed

2019-03-28 15:56:49 - [MESSAGE][PASSED] - Browser is closed]]></system-out>
         <system-err><![CDATA[]]></system-err>
      </testcase>
      <testcase name="Test Cases/Admin Console/Account Settings/Prompts()/Prompts - Delete" classname="Test Cases/Admin Console/Account Settings/Prompts()/Prompts - Delete" status="PASSED">
         <system-out><![CDATA[2019-03-28 15:56:51 - [TEST_CASE][PASSED] - Test Cases/Admin Console/Account Settings/Prompts()/Prompts - Delete: Test Cases/Admin Console/Account Settings/Prompts()/Prompts - Delete

2019-03-28 15:56:51 - [TEST_STEP][PASSED] - openBrowser(""): Browser is opened with url: ''

2019-03-28 15:56:51 - [MESSAGE][INFO] - Starting 'Chrome' driver

2019-03-28 15:56:52 - [MESSAGE][PASSED] - Browser is opened with url: ''

2019-03-28 15:56:52 - [TEST_STEP][PASSED] - navigateToUrl(URL): Navigate to 'https://dev.epulse.io' successfully

2019-03-28 15:56:56 - [MESSAGE][PASSED] - Navigate to 'https://dev.epulse.io' successfully

2019-03-28 15:56:56 - [TEST_STEP][PASSED] - setText(findTestObject("Login/Email Address"), User_email): Text 'alonzo.mack@knowink.com' is set on object 'Object Repository/Login/Email Address'

2019-03-28 15:56:57 - [MESSAGE][PASSED] - Text 'alonzo.mack@knowink.com' is set on object 'Object Repository/Login/Email Address'

2019-03-28 15:56:57 - [TEST_STEP][PASSED] - setEncryptedText(findTestObject("Login/Password"), Pswrd): Text ****** has been set on object 'Object Repository/Login/Password'

2019-03-28 15:56:57 - [MESSAGE][PASSED] - Text ****** has been set on object 'Object Repository/Login/Password'

2019-03-28 15:56:57 - [TEST_STEP][PASSED] - click(findTestObject("Login/Sign In")): Object: 'Object Repository/Login/Sign In' is clicked on

2019-03-28 15:56:57 - [MESSAGE][PASSED] - Object: 'Object Repository/Login/Sign In' is clicked on

2019-03-28 15:56:57 - [TEST_STEP][PASSED] - delay(1): Delayed 1 second(s)

2019-03-28 15:56:58 - [MESSAGE][PASSED] - Delayed 1 second(s)

2019-03-28 15:56:58 - [TEST_STEP][PASSED] - navigateToUrl(Prompts, STOP_ON_FAILURE): Navigate to 'https://am-Automation-test.dev.epulse.io/prompts' successfully

2019-03-28 15:57:00 - [MESSAGE][PASSED] - Navigate to 'https://am-Automation-test.dev.epulse.io/prompts' successfully

2019-03-28 15:57:00 - [TEST_STEP][PASSED] - delay(1): Delayed 1 second(s)

2019-03-28 15:57:01 - [MESSAGE][PASSED] - Delayed 1 second(s)

2019-03-28 15:57:01 - [TEST_STEP][PASSED] - click(findTestObject("Admin Console ePulse Menu/Account Settings/Prompts/Delete Prompt")): Object: 'Object Repository/Admin Console ePulse Menu/Account Settings/Prompts/Delete Prompt' is clicked on

2019-03-28 15:57:01 - [MESSAGE][PASSED] - Object: 'Object Repository/Admin Console ePulse Menu/Account Settings/Prompts/Delete Prompt' is clicked on

2019-03-28 15:57:01 - [TEST_STEP][PASSED] - delay(3): Delayed 3 second(s)

2019-03-28 15:57:04 - [MESSAGE][PASSED] - Delayed 3 second(s)

2019-03-28 15:57:04 - [TEST_STEP][PASSED] - acceptAlert(): Alert accepted

2019-03-28 15:57:04 - [MESSAGE][PASSED] - Alert accepted

2019-03-28 15:57:04 - [TEST_STEP][PASSED] - closeBrowser(): Browser is closed

2019-03-28 15:57:04 - [MESSAGE][PASSED] - Browser is closed]]></system-out>
         <system-err><![CDATA[]]></system-err>
      </testcase>
      <testcase name="Test Cases/Admin Console/Poll Workers-Election Officials()/POLL WORKER - CLASSES" classname="Test Cases/Admin Console/Poll Workers-Election Officials()/POLL WORKER - CLASSES" status="PASSED">
         <system-out><![CDATA[2019-03-28 15:57:06 - [TEST_CASE][PASSED] - Test Cases/Admin Console/Poll Workers-Election Officials()/POLL WORKER - CLASSES: Test Cases/Admin Console/Poll Workers-Election Officials()/POLL WORKER - CLASSES

2019-03-28 15:57:06 - [TEST_STEP][PASSED] - openBrowser(""): Browser is opened with url: ''

2019-03-28 15:57:06 - [MESSAGE][INFO] - Starting 'Chrome' driver

2019-03-28 15:57:07 - [MESSAGE][PASSED] - Browser is opened with url: ''

2019-03-28 15:57:07 - [TEST_STEP][PASSED] - navigateToUrl(URL): Navigate to 'https://dev.epulse.io' successfully

2019-03-28 15:57:09 - [MESSAGE][PASSED] - Navigate to 'https://dev.epulse.io' successfully

2019-03-28 15:57:09 - [TEST_STEP][PASSED] - setText(findTestObject("Login/Email Address"), User_email): Text 'alonzo.mack@knowink.com' is set on object 'Object Repository/Login/Email Address'

2019-03-28 15:57:09 - [MESSAGE][PASSED] - Text 'alonzo.mack@knowink.com' is set on object 'Object Repository/Login/Email Address'

2019-03-28 15:57:09 - [TEST_STEP][PASSED] - setEncryptedText(findTestObject("Login/Password"), Pswrd): Text ****** has been set on object 'Object Repository/Login/Password'

2019-03-28 15:57:09 - [MESSAGE][PASSED] - Text ****** has been set on object 'Object Repository/Login/Password'

2019-03-28 15:57:09 - [TEST_STEP][PASSED] - click(findTestObject("Login/Sign In")): Object: 'Object Repository/Login/Sign In' is clicked on

2019-03-28 15:57:10 - [MESSAGE][PASSED] - Object: 'Object Repository/Login/Sign In' is clicked on

2019-03-28 15:57:10 - [TEST_STEP][PASSED] - delay(1): Delayed 1 second(s)

2019-03-28 15:57:11 - [MESSAGE][PASSED] - Delayed 1 second(s)

2019-03-28 15:57:11 - [TEST_STEP][PASSED] - for ([row = 1, row <= findTestData("PollWorker - Classes").getRowNumbers(), (row++)]): Object: 'Object Repository/Admin Console ePulse Menu/Poll Workers/New Poll Worker Class/Submit' is clicked on

2019-03-28 15:57:12 - [TEST_STEP][PASSED] - navigateToUrl(Poll_Workers_Classes_New): Navigate to 'https://am-automation-test.dev.epulse.io/poll_worker_classes/new' successfully

2019-03-28 15:57:13 - [MESSAGE][PASSED] - Navigate to 'https://am-automation-test.dev.epulse.io/poll_worker_classes/new' successfully

2019-03-28 15:57:13 - [TEST_STEP][PASSED] - click(findTestObject("Admin Console ePulse Menu/Poll Workers/New Poll Worker Class/Class Information/Class Information dropdown")): Object: 'Object Repository/Admin Console ePulse Menu/Poll Workers/New Poll Worker Class/Class Information/Class Information dropdown' is clicked on

2019-03-28 15:57:13 - [MESSAGE][PASSED] - Object: 'Object Repository/Admin Console ePulse Menu/Poll Workers/New Poll Worker Class/Class Information/Class Information dropdown' is clicked on

2019-03-28 15:57:13 - [TEST_STEP][PASSED] - delay(1): Delayed 1 second(s)

2019-03-28 15:57:14 - [MESSAGE][PASSED] - Delayed 1 second(s)

2019-03-28 15:57:14 - [TEST_STEP][PASSED] - setText(findTestObject("Admin Console ePulse Menu/Poll Workers/New Poll Worker Class/Class Information/Name"), findTestData("PollWorker - Classes").getValue("Name", row)): Text 'Training Class1' is set on object 'Object Repository/Admin Console ePulse Menu/Poll Workers/New Poll Worker Class/Class Information/Name'

2019-03-28 15:57:14 - [MESSAGE][PASSED] - Text 'Training Class1' is set on object 'Object Repository/Admin Console ePulse Menu/Poll Workers/New Poll Worker Class/Class Information/Name'

2019-03-28 15:57:14 - [TEST_STEP][PASSED] - delay(1): Delayed 1 second(s)

2019-03-28 15:57:15 - [MESSAGE][PASSED] - Delayed 1 second(s)

2019-03-28 15:57:15 - [TEST_STEP][PASSED] - setText(findTestObject("Admin Console ePulse Menu/Poll Workers/New Poll Worker Class/Class Information/Instructor"), findTestData("PollWorker - Classes").getValue("Instructor", row)): Text 'Jack Johnson1' is set on object 'Object Repository/Admin Console ePulse Menu/Poll Workers/New Poll Worker Class/Class Information/Instructor'

2019-03-28 15:57:16 - [MESSAGE][PASSED] - Text 'Jack Johnson1' is set on object 'Object Repository/Admin Console ePulse Menu/Poll Workers/New Poll Worker Class/Class Information/Instructor'

2019-03-28 15:57:16 - [TEST_STEP][PASSED] - delay(1): Delayed 1 second(s)

2019-03-28 15:57:17 - [MESSAGE][PASSED] - Delayed 1 second(s)

2019-03-28 15:57:17 - [TEST_STEP][PASSED] - setText(findTestObject("Admin Console ePulse Menu/Poll Workers/New Poll Worker Class/Address Information/Location"), findTestData("PollWorker - Classes").getValue("Location", row)): Text 'Civic Center' is set on object 'Object Repository/Admin Console ePulse Menu/Poll Workers/New Poll Worker Class/Address Information/Location'

2019-03-28 15:57:17 - [MESSAGE][PASSED] - Text 'Civic Center' is set on object 'Object Repository/Admin Console ePulse Menu/Poll Workers/New Poll Worker Class/Address Information/Location'

2019-03-28 15:57:17 - [TEST_STEP][PASSED] - delay(1): Delayed 1 second(s)

2019-03-28 15:57:18 - [MESSAGE][PASSED] - Delayed 1 second(s)

2019-03-28 15:57:18 - [TEST_STEP][PASSED] - doubleClick(findTestObject("Admin Console ePulse Menu/Poll Workers/New Poll Worker Class/Class Information/Date")): Object: 'Object Repository/Admin Console ePulse Menu/Poll Workers/New Poll Worker Class/Class Information/Date' is double clicked on

2019-03-28 15:57:18 - [MESSAGE][PASSED] - Object: 'Object Repository/Admin Console ePulse Menu/Poll Workers/New Poll Worker Class/Class Information/Date' is double clicked on

2019-03-28 15:57:18 - [TEST_STEP][PASSED] - delay(1): Delayed 1 second(s)

2019-03-28 15:57:19 - [MESSAGE][PASSED] - Delayed 1 second(s)

2019-03-28 15:57:19 - [TEST_STEP][PASSED] - setText(findTestObject("Admin Console ePulse Menu/Poll Workers/New Poll Worker Class/Class Information/Rate"), findTestData("PollWorker - Classes").getValue("Rate", row)): Text '10' is set on object 'Object Repository/Admin Console ePulse Menu/Poll Workers/New Poll Worker Class/Class Information/Rate'

2019-03-28 15:57:19 - [MESSAGE][PASSED] - Text '10' is set on object 'Object Repository/Admin Console ePulse Menu/Poll Workers/New Poll Worker Class/Class Information/Rate'

2019-03-28 15:57:19 - [TEST_STEP][PASSED] - delay(1): Delayed 1 second(s)

2019-03-28 15:57:20 - [MESSAGE][PASSED] - Delayed 1 second(s)

2019-03-28 15:57:20 - [TEST_STEP][PASSED] - setText(findTestObject("Admin Console ePulse Menu/Poll Workers/New Poll Worker Class/Class Information/Class Description"), findTestData("PollWorker - Classes").getValue("Descript", row)): Text 'Training Class Civic Center' is set on object 'Object Repository/Admin Console ePulse Menu/Poll Workers/New Poll Worker Class/Class Information/Class Description'

2019-03-28 15:57:20 - [MESSAGE][PASSED] - Text 'Training Class Civic Center' is set on object 'Object Repository/Admin Console ePulse Menu/Poll Workers/New Poll Worker Class/Class Information/Class Description'

2019-03-28 15:57:20 - [TEST_STEP][PASSED] - setText(findTestObject("Admin Console ePulse Menu/Poll Workers/New Poll Worker Class/Class Information/Name"), findTestData("PollWorker - Classes").getValue("Name", row)): Text 'Training Class1' is set on object 'Object Repository/Admin Console ePulse Menu/Poll Workers/New Poll Worker Class/Class Information/Name'

2019-03-28 15:57:20 - [MESSAGE][PASSED] - Text 'Training Class1' is set on object 'Object Repository/Admin Console ePulse Menu/Poll Workers/New Poll Worker Class/Class Information/Name'

2019-03-28 15:57:20 - [TEST_STEP][PASSED] - delay(1): Delayed 1 second(s)

2019-03-28 15:57:21 - [MESSAGE][PASSED] - Delayed 1 second(s)

2019-03-28 15:57:21 - [TEST_STEP][PASSED] - click(findTestObject("Admin Console ePulse Menu/Poll Workers/New Poll Worker Class/Address Information/Address Information dropdown")): Object: 'Object Repository/Admin Console ePulse Menu/Poll Workers/New Poll Worker Class/Address Information/Address Information dropdown' is clicked on

2019-03-28 15:57:22 - [MESSAGE][PASSED] - Object: 'Object Repository/Admin Console ePulse Menu/Poll Workers/New Poll Worker Class/Address Information/Address Information dropdown' is clicked on

2019-03-28 15:57:22 - [TEST_STEP][PASSED] - delay(1): Delayed 1 second(s)

2019-03-28 15:57:23 - [MESSAGE][PASSED] - Delayed 1 second(s)

2019-03-28 15:57:23 - [TEST_STEP][PASSED] - setText(findTestObject("Admin Console ePulse Menu/Poll Workers/New Poll Worker Class/Address Information/Address1"), findTestData("PollWorker - Classes").getValue("Address1", row)): Text '3478 Hillmont' is set on object 'Object Repository/Admin Console ePulse Menu/Poll Workers/New Poll Worker Class/Address Information/Address1'

2019-03-28 15:57:23 - [MESSAGE][PASSED] - Text '3478 Hillmont' is set on object 'Object Repository/Admin Console ePulse Menu/Poll Workers/New Poll Worker Class/Address Information/Address1'

2019-03-28 15:57:23 - [TEST_STEP][PASSED] - delay(1): Delayed 1 second(s)

2019-03-28 15:57:24 - [MESSAGE][PASSED] - Delayed 1 second(s)

2019-03-28 15:57:24 - [TEST_STEP][PASSED] - setText(findTestObject("Admin Console ePulse Menu/Poll Workers/New Poll Worker Class/Address Information/Address2"), findTestData("PollWorker - Classes").getValue("Address2", row)): Text 'Suite 301' is set on object 'Object Repository/Admin Console ePulse Menu/Poll Workers/New Poll Worker Class/Address Information/Address2'

2019-03-28 15:57:24 - [MESSAGE][PASSED] - Text 'Suite 301' is set on object 'Object Repository/Admin Console ePulse Menu/Poll Workers/New Poll Worker Class/Address Information/Address2'

2019-03-28 15:57:24 - [TEST_STEP][PASSED] - delay(1): Delayed 1 second(s)

2019-03-28 15:57:25 - [MESSAGE][PASSED] - Delayed 1 second(s)

2019-03-28 15:57:25 - [TEST_STEP][PASSED] - setText(findTestObject("Admin Console ePulse Menu/Poll Workers/New Poll Worker Class/Address Information/City"), findTestData("PollWorker - Classes").getValue("City", row)): Text 'Anywhere' is set on object 'Object Repository/Admin Console ePulse Menu/Poll Workers/New Poll Worker Class/Address Information/City'

2019-03-28 15:57:25 - [MESSAGE][PASSED] - Text 'Anywhere' is set on object 'Object Repository/Admin Console ePulse Menu/Poll Workers/New Poll Worker Class/Address Information/City'

2019-03-28 15:57:25 - [TEST_STEP][PASSED] - delay(1): Delayed 1 second(s)

2019-03-28 15:57:26 - [MESSAGE][PASSED] - Delayed 1 second(s)

2019-03-28 15:57:26 - [TEST_STEP][PASSED] - setText(findTestObject("Admin Console ePulse Menu/Poll Workers/New Poll Worker Class/Address Information/State"), findTestData("PollWorker - Classes").getValue("State", row)): Text 'US' is set on object 'Object Repository/Admin Console ePulse Menu/Poll Workers/New Poll Worker Class/Address Information/State'

2019-03-28 15:57:26 - [MESSAGE][PASSED] - Text 'US' is set on object 'Object Repository/Admin Console ePulse Menu/Poll Workers/New Poll Worker Class/Address Information/State'

2019-03-28 15:57:26 - [TEST_STEP][PASSED] - delay(1): Delayed 1 second(s)

2019-03-28 15:57:27 - [MESSAGE][PASSED] - Delayed 1 second(s)

2019-03-28 15:57:27 - [TEST_STEP][PASSED] - setText(findTestObject("Admin Console ePulse Menu/Poll Workers/New Poll Worker Class/Address Information/Zip"), findTestData("PollWorker - Classes").getValue("Zip", row)): Text '78473' is set on object 'Object Repository/Admin Console ePulse Menu/Poll Workers/New Poll Worker Class/Address Information/Zip'

2019-03-28 15:57:27 - [MESSAGE][PASSED] - Text '78473' is set on object 'Object Repository/Admin Console ePulse Menu/Poll Workers/New Poll Worker Class/Address Information/Zip'

2019-03-28 15:57:27 - [TEST_STEP][PASSED] - delay(1): Delayed 1 second(s)

2019-03-28 15:57:28 - [MESSAGE][PASSED] - Delayed 1 second(s)

2019-03-28 15:57:28 - [TEST_STEP][PASSED] - click(findTestObject("Admin Console ePulse Menu/Poll Workers/New Poll Worker Class/Submit")): Object: 'Object Repository/Admin Console ePulse Menu/Poll Workers/New Poll Worker Class/Submit' is clicked on

2019-03-28 15:57:29 - [MESSAGE][PASSED] - Object: 'Object Repository/Admin Console ePulse Menu/Poll Workers/New Poll Worker Class/Submit' is clicked on

2019-03-28 15:57:29 - [TEST_STEP][PASSED] - navigateToUrl(Poll_Workers_Classes_New): Navigate to 'https://am-automation-test.dev.epulse.io/poll_worker_classes/new' successfully

2019-03-28 15:57:29 - [MESSAGE][PASSED] - Navigate to 'https://am-automation-test.dev.epulse.io/poll_worker_classes/new' successfully

2019-03-28 15:57:29 - [TEST_STEP][PASSED] - click(findTestObject("Admin Console ePulse Menu/Poll Workers/New Poll Worker Class/Class Information/Class Information dropdown")): Object: 'Object Repository/Admin Console ePulse Menu/Poll Workers/New Poll Worker Class/Class Information/Class Information dropdown' is clicked on

2019-03-28 15:57:29 - [MESSAGE][PASSED] - Object: 'Object Repository/Admin Console ePulse Menu/Poll Workers/New Poll Worker Class/Class Information/Class Information dropdown' is clicked on

2019-03-28 15:57:29 - [TEST_STEP][PASSED] - delay(1): Delayed 1 second(s)

2019-03-28 15:57:30 - [MESSAGE][PASSED] - Delayed 1 second(s)

2019-03-28 15:57:30 - [TEST_STEP][PASSED] - setText(findTestObject("Admin Console ePulse Menu/Poll Workers/New Poll Worker Class/Class Information/Name"), findTestData("PollWorker - Classes").getValue("Name", row)): Text 'Training Class2' is set on object 'Object Repository/Admin Console ePulse Menu/Poll Workers/New Poll Worker Class/Class Information/Name'

2019-03-28 15:57:31 - [MESSAGE][PASSED] - Text 'Training Class2' is set on object 'Object Repository/Admin Console ePulse Menu/Poll Workers/New Poll Worker Class/Class Information/Name'

2019-03-28 15:57:31 - [TEST_STEP][PASSED] - delay(1): Delayed 1 second(s)

2019-03-28 15:57:32 - [MESSAGE][PASSED] - Delayed 1 second(s)

2019-03-28 15:57:32 - [TEST_STEP][PASSED] - setText(findTestObject("Admin Console ePulse Menu/Poll Workers/New Poll Worker Class/Class Information/Instructor"), findTestData("PollWorker - Classes").getValue("Instructor", row)): Text 'Jack Johnson2' is set on object 'Object Repository/Admin Console ePulse Menu/Poll Workers/New Poll Worker Class/Class Information/Instructor'

2019-03-28 15:57:32 - [MESSAGE][PASSED] - Text 'Jack Johnson2' is set on object 'Object Repository/Admin Console ePulse Menu/Poll Workers/New Poll Worker Class/Class Information/Instructor'

2019-03-28 15:57:32 - [TEST_STEP][PASSED] - delay(1): Delayed 1 second(s)

2019-03-28 15:57:33 - [MESSAGE][PASSED] - Delayed 1 second(s)

2019-03-28 15:57:33 - [TEST_STEP][PASSED] - setText(findTestObject("Admin Console ePulse Menu/Poll Workers/New Poll Worker Class/Address Information/Location"), findTestData("PollWorker - Classes").getValue("Location", row)): Text 'Civic Center' is set on object 'Object Repository/Admin Console ePulse Menu/Poll Workers/New Poll Worker Class/Address Information/Location'

2019-03-28 15:57:33 - [MESSAGE][PASSED] - Text 'Civic Center' is set on object 'Object Repository/Admin Console ePulse Menu/Poll Workers/New Poll Worker Class/Address Information/Location'

2019-03-28 15:57:33 - [TEST_STEP][PASSED] - delay(1): Delayed 1 second(s)

2019-03-28 15:57:34 - [MESSAGE][PASSED] - Delayed 1 second(s)

2019-03-28 15:57:34 - [TEST_STEP][PASSED] - doubleClick(findTestObject("Admin Console ePulse Menu/Poll Workers/New Poll Worker Class/Class Information/Date")): Object: 'Object Repository/Admin Console ePulse Menu/Poll Workers/New Poll Worker Class/Class Information/Date' is double clicked on

2019-03-28 15:57:34 - [MESSAGE][PASSED] - Object: 'Object Repository/Admin Console ePulse Menu/Poll Workers/New Poll Worker Class/Class Information/Date' is double clicked on

2019-03-28 15:57:34 - [TEST_STEP][PASSED] - delay(1): Delayed 1 second(s)

2019-03-28 15:57:35 - [MESSAGE][PASSED] - Delayed 1 second(s)

2019-03-28 15:57:35 - [TEST_STEP][PASSED] - setText(findTestObject("Admin Console ePulse Menu/Poll Workers/New Poll Worker Class/Class Information/Rate"), findTestData("PollWorker - Classes").getValue("Rate", row)): Text '11' is set on object 'Object Repository/Admin Console ePulse Menu/Poll Workers/New Poll Worker Class/Class Information/Rate'

2019-03-28 15:57:35 - [MESSAGE][PASSED] - Text '11' is set on object 'Object Repository/Admin Console ePulse Menu/Poll Workers/New Poll Worker Class/Class Information/Rate'

2019-03-28 15:57:35 - [TEST_STEP][PASSED] - delay(1): Delayed 1 second(s)

2019-03-28 15:57:36 - [MESSAGE][PASSED] - Delayed 1 second(s)

2019-03-28 15:57:36 - [TEST_STEP][PASSED] - setText(findTestObject("Admin Console ePulse Menu/Poll Workers/New Poll Worker Class/Class Information/Class Description"), findTestData("PollWorker - Classes").getValue("Descript", row)): Text 'Training Class Civic Center' is set on object 'Object Repository/Admin Console ePulse Menu/Poll Workers/New Poll Worker Class/Class Information/Class Description'

2019-03-28 15:57:37 - [MESSAGE][PASSED] - Text 'Training Class Civic Center' is set on object 'Object Repository/Admin Console ePulse Menu/Poll Workers/New Poll Worker Class/Class Information/Class Description'

2019-03-28 15:57:37 - [TEST_STEP][PASSED] - setText(findTestObject("Admin Console ePulse Menu/Poll Workers/New Poll Worker Class/Class Information/Name"), findTestData("PollWorker - Classes").getValue("Name", row)): Text 'Training Class2' is set on object 'Object Repository/Admin Console ePulse Menu/Poll Workers/New Poll Worker Class/Class Information/Name'

2019-03-28 15:57:37 - [MESSAGE][PASSED] - Text 'Training Class2' is set on object 'Object Repository/Admin Console ePulse Menu/Poll Workers/New Poll Worker Class/Class Information/Name'

2019-03-28 15:57:37 - [TEST_STEP][PASSED] - delay(1): Delayed 1 second(s)

2019-03-28 15:57:38 - [MESSAGE][PASSED] - Delayed 1 second(s)

2019-03-28 15:57:38 - [TEST_STEP][PASSED] - click(findTestObject("Admin Console ePulse Menu/Poll Workers/New Poll Worker Class/Address Information/Address Information dropdown")): Object: 'Object Repository/Admin Console ePulse Menu/Poll Workers/New Poll Worker Class/Address Information/Address Information dropdown' is clicked on

2019-03-28 15:57:38 - [MESSAGE][PASSED] - Object: 'Object Repository/Admin Console ePulse Menu/Poll Workers/New Poll Worker Class/Address Information/Address Information dropdown' is clicked on

2019-03-28 15:57:38 - [TEST_STEP][PASSED] - delay(1): Delayed 1 second(s)

2019-03-28 15:57:39 - [MESSAGE][PASSED] - Delayed 1 second(s)

2019-03-28 15:57:39 - [TEST_STEP][PASSED] - setText(findTestObject("Admin Console ePulse Menu/Poll Workers/New Poll Worker Class/Address Information/Address1"), findTestData("PollWorker - Classes").getValue("Address1", row)): Text '3479 Hillmont' is set on object 'Object Repository/Admin Console ePulse Menu/Poll Workers/New Poll Worker Class/Address Information/Address1'

2019-03-28 15:57:39 - [MESSAGE][PASSED] - Text '3479 Hillmont' is set on object 'Object Repository/Admin Console ePulse Menu/Poll Workers/New Poll Worker Class/Address Information/Address1'

2019-03-28 15:57:39 - [TEST_STEP][PASSED] - delay(1): Delayed 1 second(s)

2019-03-28 15:57:40 - [MESSAGE][PASSED] - Delayed 1 second(s)

2019-03-28 15:57:40 - [TEST_STEP][PASSED] - setText(findTestObject("Admin Console ePulse Menu/Poll Workers/New Poll Worker Class/Address Information/Address2"), findTestData("PollWorker - Classes").getValue("Address2", row)): Text 'Suite 302' is set on object 'Object Repository/Admin Console ePulse Menu/Poll Workers/New Poll Worker Class/Address Information/Address2'

2019-03-28 15:57:40 - [MESSAGE][PASSED] - Text 'Suite 302' is set on object 'Object Repository/Admin Console ePulse Menu/Poll Workers/New Poll Worker Class/Address Information/Address2'

2019-03-28 15:57:40 - [TEST_STEP][PASSED] - delay(1): Delayed 1 second(s)

2019-03-28 15:57:41 - [MESSAGE][PASSED] - Delayed 1 second(s)

2019-03-28 15:57:41 - [TEST_STEP][PASSED] - setText(findTestObject("Admin Console ePulse Menu/Poll Workers/New Poll Worker Class/Address Information/City"), findTestData("PollWorker - Classes").getValue("City", row)): Text 'Anywhere' is set on object 'Object Repository/Admin Console ePulse Menu/Poll Workers/New Poll Worker Class/Address Information/City'

2019-03-28 15:57:41 - [MESSAGE][PASSED] - Text 'Anywhere' is set on object 'Object Repository/Admin Console ePulse Menu/Poll Workers/New Poll Worker Class/Address Information/City'

2019-03-28 15:57:41 - [TEST_STEP][PASSED] - delay(1): Delayed 1 second(s)

2019-03-28 15:57:42 - [MESSAGE][PASSED] - Delayed 1 second(s)

2019-03-28 15:57:42 - [TEST_STEP][PASSED] - setText(findTestObject("Admin Console ePulse Menu/Poll Workers/New Poll Worker Class/Address Information/State"), findTestData("PollWorker - Classes").getValue("State", row)): Text 'US' is set on object 'Object Repository/Admin Console ePulse Menu/Poll Workers/New Poll Worker Class/Address Information/State'

2019-03-28 15:57:43 - [MESSAGE][PASSED] - Text 'US' is set on object 'Object Repository/Admin Console ePulse Menu/Poll Workers/New Poll Worker Class/Address Information/State'

2019-03-28 15:57:43 - [TEST_STEP][PASSED] - delay(1): Delayed 1 second(s)

2019-03-28 15:57:44 - [MESSAGE][PASSED] - Delayed 1 second(s)

2019-03-28 15:57:44 - [TEST_STEP][PASSED] - setText(findTestObject("Admin Console ePulse Menu/Poll Workers/New Poll Worker Class/Address Information/Zip"), findTestData("PollWorker - Classes").getValue("Zip", row)): Text '78474' is set on object 'Object Repository/Admin Console ePulse Menu/Poll Workers/New Poll Worker Class/Address Information/Zip'

2019-03-28 15:57:44 - [MESSAGE][PASSED] - Text '78474' is set on object 'Object Repository/Admin Console ePulse Menu/Poll Workers/New Poll Worker Class/Address Information/Zip'

2019-03-28 15:57:44 - [TEST_STEP][PASSED] - delay(1): Delayed 1 second(s)

2019-03-28 15:57:45 - [MESSAGE][PASSED] - Delayed 1 second(s)

2019-03-28 15:57:45 - [TEST_STEP][PASSED] - click(findTestObject("Admin Console ePulse Menu/Poll Workers/New Poll Worker Class/Submit")): Object: 'Object Repository/Admin Console ePulse Menu/Poll Workers/New Poll Worker Class/Submit' is clicked on

2019-03-28 15:57:45 - [MESSAGE][PASSED] - Object: 'Object Repository/Admin Console ePulse Menu/Poll Workers/New Poll Worker Class/Submit' is clicked on

2019-03-28 15:57:45 - [TEST_STEP][PASSED] - navigateToUrl(Poll_Workers_Classes_New): Navigate to 'https://am-automation-test.dev.epulse.io/poll_worker_classes/new' successfully

2019-03-28 15:57:46 - [MESSAGE][PASSED] - Navigate to 'https://am-automation-test.dev.epulse.io/poll_worker_classes/new' successfully

2019-03-28 15:57:46 - [TEST_STEP][PASSED] - click(findTestObject("Admin Console ePulse Menu/Poll Workers/New Poll Worker Class/Class Information/Class Information dropdown")): Object: 'Object Repository/Admin Console ePulse Menu/Poll Workers/New Poll Worker Class/Class Information/Class Information dropdown' is clicked on

2019-03-28 15:57:46 - [MESSAGE][PASSED] - Object: 'Object Repository/Admin Console ePulse Menu/Poll Workers/New Poll Worker Class/Class Information/Class Information dropdown' is clicked on

2019-03-28 15:57:46 - [TEST_STEP][PASSED] - delay(1): Delayed 1 second(s)

2019-03-28 15:57:47 - [MESSAGE][PASSED] - Delayed 1 second(s)

2019-03-28 15:57:47 - [TEST_STEP][PASSED] - setText(findTestObject("Admin Console ePulse Menu/Poll Workers/New Poll Worker Class/Class Information/Name"), findTestData("PollWorker - Classes").getValue("Name", row)): Text 'Training Class3' is set on object 'Object Repository/Admin Console ePulse Menu/Poll Workers/New Poll Worker Class/Class Information/Name'

2019-03-28 15:57:47 - [MESSAGE][PASSED] - Text 'Training Class3' is set on object 'Object Repository/Admin Console ePulse Menu/Poll Workers/New Poll Worker Class/Class Information/Name'

2019-03-28 15:57:47 - [TEST_STEP][PASSED] - delay(1): Delayed 1 second(s)

2019-03-28 15:57:48 - [MESSAGE][PASSED] - Delayed 1 second(s)

2019-03-28 15:57:48 - [TEST_STEP][PASSED] - setText(findTestObject("Admin Console ePulse Menu/Poll Workers/New Poll Worker Class/Class Information/Instructor"), findTestData("PollWorker - Classes").getValue("Instructor", row)): Text 'Jack Johnson3' is set on object 'Object Repository/Admin Console ePulse Menu/Poll Workers/New Poll Worker Class/Class Information/Instructor'

2019-03-28 15:57:48 - [MESSAGE][PASSED] - Text 'Jack Johnson3' is set on object 'Object Repository/Admin Console ePulse Menu/Poll Workers/New Poll Worker Class/Class Information/Instructor'

2019-03-28 15:57:48 - [TEST_STEP][PASSED] - delay(1): Delayed 1 second(s)

2019-03-28 15:57:49 - [MESSAGE][PASSED] - Delayed 1 second(s)

2019-03-28 15:57:49 - [TEST_STEP][PASSED] - setText(findTestObject("Admin Console ePulse Menu/Poll Workers/New Poll Worker Class/Address Information/Location"), findTestData("PollWorker - Classes").getValue("Location", row)): Text 'Civic Center' is set on object 'Object Repository/Admin Console ePulse Menu/Poll Workers/New Poll Worker Class/Address Information/Location'

2019-03-28 15:57:49 - [MESSAGE][PASSED] - Text 'Civic Center' is set on object 'Object Repository/Admin Console ePulse Menu/Poll Workers/New Poll Worker Class/Address Information/Location'

2019-03-28 15:57:49 - [TEST_STEP][PASSED] - delay(1): Delayed 1 second(s)

2019-03-28 15:57:50 - [MESSAGE][PASSED] - Delayed 1 second(s)

2019-03-28 15:57:50 - [TEST_STEP][PASSED] - doubleClick(findTestObject("Admin Console ePulse Menu/Poll Workers/New Poll Worker Class/Class Information/Date")): Object: 'Object Repository/Admin Console ePulse Menu/Poll Workers/New Poll Worker Class/Class Information/Date' is double clicked on

2019-03-28 15:57:50 - [MESSAGE][PASSED] - Object: 'Object Repository/Admin Console ePulse Menu/Poll Workers/New Poll Worker Class/Class Information/Date' is double clicked on

2019-03-28 15:57:50 - [TEST_STEP][PASSED] - delay(1): Delayed 1 second(s)

2019-03-28 15:57:51 - [MESSAGE][PASSED] - Delayed 1 second(s)

2019-03-28 15:57:51 - [TEST_STEP][PASSED] - setText(findTestObject("Admin Console ePulse Menu/Poll Workers/New Poll Worker Class/Class Information/Rate"), findTestData("PollWorker - Classes").getValue("Rate", row)): Text '12' is set on object 'Object Repository/Admin Console ePulse Menu/Poll Workers/New Poll Worker Class/Class Information/Rate'

2019-03-28 15:57:51 - [MESSAGE][PASSED] - Text '12' is set on object 'Object Repository/Admin Console ePulse Menu/Poll Workers/New Poll Worker Class/Class Information/Rate'

2019-03-28 15:57:51 - [TEST_STEP][PASSED] - delay(1): Delayed 1 second(s)

2019-03-28 15:57:52 - [MESSAGE][PASSED] - Delayed 1 second(s)

2019-03-28 15:57:52 - [TEST_STEP][PASSED] - setText(findTestObject("Admin Console ePulse Menu/Poll Workers/New Poll Worker Class/Class Information/Class Description"), findTestData("PollWorker - Classes").getValue("Descript", row)): Text 'Training Class Civic Center' is set on object 'Object Repository/Admin Console ePulse Menu/Poll Workers/New Poll Worker Class/Class Information/Class Description'

2019-03-28 15:57:53 - [MESSAGE][PASSED] - Text 'Training Class Civic Center' is set on object 'Object Repository/Admin Console ePulse Menu/Poll Workers/New Poll Worker Class/Class Information/Class Description'

2019-03-28 15:57:53 - [TEST_STEP][PASSED] - setText(findTestObject("Admin Console ePulse Menu/Poll Workers/New Poll Worker Class/Class Information/Name"), findTestData("PollWorker - Classes").getValue("Name", row)): Text 'Training Class3' is set on object 'Object Repository/Admin Console ePulse Menu/Poll Workers/New Poll Worker Class/Class Information/Name'

2019-03-28 15:57:53 - [MESSAGE][PASSED] - Text 'Training Class3' is set on object 'Object Repository/Admin Console ePulse Menu/Poll Workers/New Poll Worker Class/Class Information/Name'

2019-03-28 15:57:53 - [TEST_STEP][PASSED] - delay(1): Delayed 1 second(s)

2019-03-28 15:57:54 - [MESSAGE][PASSED] - Delayed 1 second(s)

2019-03-28 15:57:54 - [TEST_STEP][PASSED] - click(findTestObject("Admin Console ePulse Menu/Poll Workers/New Poll Worker Class/Address Information/Address Information dropdown")): Object: 'Object Repository/Admin Console ePulse Menu/Poll Workers/New Poll Worker Class/Address Information/Address Information dropdown' is clicked on

2019-03-28 15:57:54 - [MESSAGE][PASSED] - Object: 'Object Repository/Admin Console ePulse Menu/Poll Workers/New Poll Worker Class/Address Information/Address Information dropdown' is clicked on

2019-03-28 15:57:54 - [TEST_STEP][PASSED] - delay(1): Delayed 1 second(s)

2019-03-28 15:57:55 - [MESSAGE][PASSED] - Delayed 1 second(s)

2019-03-28 15:57:55 - [TEST_STEP][PASSED] - setText(findTestObject("Admin Console ePulse Menu/Poll Workers/New Poll Worker Class/Address Information/Address1"), findTestData("PollWorker - Classes").getValue("Address1", row)): Text '3480 Hillmont' is set on object 'Object Repository/Admin Console ePulse Menu/Poll Workers/New Poll Worker Class/Address Information/Address1'

2019-03-28 15:57:55 - [MESSAGE][PASSED] - Text '3480 Hillmont' is set on object 'Object Repository/Admin Console ePulse Menu/Poll Workers/New Poll Worker Class/Address Information/Address1'

2019-03-28 15:57:55 - [TEST_STEP][PASSED] - delay(1): Delayed 1 second(s)

2019-03-28 15:57:56 - [MESSAGE][PASSED] - Delayed 1 second(s)

2019-03-28 15:57:56 - [TEST_STEP][PASSED] - setText(findTestObject("Admin Console ePulse Menu/Poll Workers/New Poll Worker Class/Address Information/Address2"), findTestData("PollWorker - Classes").getValue("Address2", row)): Text 'Suite 303' is set on object 'Object Repository/Admin Console ePulse Menu/Poll Workers/New Poll Worker Class/Address Information/Address2'

2019-03-28 15:57:56 - [MESSAGE][PASSED] - Text 'Suite 303' is set on object 'Object Repository/Admin Console ePulse Menu/Poll Workers/New Poll Worker Class/Address Information/Address2'

2019-03-28 15:57:56 - [TEST_STEP][PASSED] - delay(1): Delayed 1 second(s)

2019-03-28 15:57:57 - [MESSAGE][PASSED] - Delayed 1 second(s)

2019-03-28 15:57:57 - [TEST_STEP][PASSED] - setText(findTestObject("Admin Console ePulse Menu/Poll Workers/New Poll Worker Class/Address Information/City"), findTestData("PollWorker - Classes").getValue("City", row)): Text 'Anywhere' is set on object 'Object Repository/Admin Console ePulse Menu/Poll Workers/New Poll Worker Class/Address Information/City'

2019-03-28 15:57:57 - [MESSAGE][PASSED] - Text 'Anywhere' is set on object 'Object Repository/Admin Console ePulse Menu/Poll Workers/New Poll Worker Class/Address Information/City'

2019-03-28 15:57:57 - [TEST_STEP][PASSED] - delay(1): Delayed 1 second(s)

2019-03-28 15:57:58 - [MESSAGE][PASSED] - Delayed 1 second(s)

2019-03-28 15:57:58 - [TEST_STEP][PASSED] - setText(findTestObject("Admin Console ePulse Menu/Poll Workers/New Poll Worker Class/Address Information/State"), findTestData("PollWorker - Classes").getValue("State", row)): Text 'US' is set on object 'Object Repository/Admin Console ePulse Menu/Poll Workers/New Poll Worker Class/Address Information/State'

2019-03-28 15:57:58 - [MESSAGE][PASSED] - Text 'US' is set on object 'Object Repository/Admin Console ePulse Menu/Poll Workers/New Poll Worker Class/Address Information/State'

2019-03-28 15:57:58 - [TEST_STEP][PASSED] - delay(1): Delayed 1 second(s)

2019-03-28 15:57:59 - [MESSAGE][PASSED] - Delayed 1 second(s)

2019-03-28 15:57:59 - [TEST_STEP][PASSED] - setText(findTestObject("Admin Console ePulse Menu/Poll Workers/New Poll Worker Class/Address Information/Zip"), findTestData("PollWorker - Classes").getValue("Zip", row)): Text '78475' is set on object 'Object Repository/Admin Console ePulse Menu/Poll Workers/New Poll Worker Class/Address Information/Zip'

2019-03-28 15:58:00 - [MESSAGE][PASSED] - Text '78475' is set on object 'Object Repository/Admin Console ePulse Menu/Poll Workers/New Poll Worker Class/Address Information/Zip'

2019-03-28 15:58:00 - [TEST_STEP][PASSED] - delay(1): Delayed 1 second(s)

2019-03-28 15:58:01 - [MESSAGE][PASSED] - Delayed 1 second(s)

2019-03-28 15:58:01 - [TEST_STEP][PASSED] - click(findTestObject("Admin Console ePulse Menu/Poll Workers/New Poll Worker Class/Submit")): Object: 'Object Repository/Admin Console ePulse Menu/Poll Workers/New Poll Worker Class/Submit' is clicked on

2019-03-28 15:58:01 - [MESSAGE][PASSED] - Object: 'Object Repository/Admin Console ePulse Menu/Poll Workers/New Poll Worker Class/Submit' is clicked on

2019-03-28 15:58:01 - [TEST_STEP][PASSED] - closeBrowser(): Browser is closed

2019-03-28 15:58:01 - [MESSAGE][PASSED] - Browser is closed]]></system-out>
         <system-err><![CDATA[]]></system-err>
      </testcase>
      <testcase name="Test Cases/Admin Console/Poll Workers-Election Officials()/POLL WORKER - ROLES" classname="Test Cases/Admin Console/Poll Workers-Election Officials()/POLL WORKER - ROLES" status="FAILED">
         <failure type="FAILED" message="Test Cases/Admin Console/Poll Workers-Election Officials()/POLL WORKER - ROLES FAILED.
Reason:
com.kms.katalon.core.exception.StepFailedException: Unable to set text (Root cause: java.lang.IllegalArgumentException: Object is null)
	at com.kms.katalon.core.keyword.internal.KeywordMain.stepFailed(KeywordMain.groovy:36)
	at com.kms.katalon.core.webui.keyword.internal.WebUIKeywordMain.stepFailed(WebUIKeywordMain.groovy:65)
	at com.kms.katalon.core.webui.keyword.internal.WebUIKeywordMain.runKeyword(WebUIKeywordMain.groovy:27)
	at com.kms.katalon.core.webui.keyword.builtin.SetTextKeyword.setText(SetTextKeyword.groovy:65)
	at com.kms.katalon.core.webui.keyword.builtin.SetTextKeyword.execute(SetTextKeyword.groovy:37)
	at com.kms.katalon.core.keyword.internal.KeywordExecutor.executeKeywordForPlatform(KeywordExecutor.groovy:53)
	at com.kms.katalon.core.webui.keyword.WebUiBuiltInKeywords.setText(WebUiBuiltInKeywords.groovy:950)
	at com.kms.katalon.core.webui.keyword.WebUiBuiltInKeywords$setText$1.call(Unknown Source)
	at POLL WORKER - ROLES.run(POLL WORKER - ROLES:39)
	at com.kms.katalon.core.main.ScriptEngine.run(ScriptEngine.java:194)
	at com.kms.katalon.core.main.ScriptEngine.runScriptAsRawText(ScriptEngine.java:119)
	at com.kms.katalon.core.main.TestCaseExecutor.runScript(TestCaseExecutor.java:328)
	at com.kms.katalon.core.main.TestCaseExecutor.doExecute(TestCaseExecutor.java:319)
	at com.kms.katalon.core.main.TestCaseExecutor.processExecutionPhase(TestCaseExecutor.java:298)
	at com.kms.katalon.core.main.TestCaseExecutor.accessMainPhase(TestCaseExecutor.java:290)
	at com.kms.katalon.core.main.TestCaseExecutor.execute(TestCaseExecutor.java:224)
	at com.kms.katalon.core.main.TestSuiteExecutor.accessTestCaseMainPhase(TestSuiteExecutor.java:129)
	at com.kms.katalon.core.main.TestSuiteExecutor.accessTestSuiteMainPhase(TestSuiteExecutor.java:112)
	at com.kms.katalon.core.main.TestSuiteExecutor.execute(TestSuiteExecutor.java:81)
	at com.kms.katalon.core.main.TestCaseMain.startTestSuite(TestCaseMain.java:149)
	at com.kms.katalon.core.main.TestCaseMain$startTestSuite$0.call(Unknown Source)
	at TempTestSuite1553805915573.run(TempTestSuite1553805915573.groovy:36)
"/>
         <system-out><![CDATA[2019-03-28 15:58:04 - [TEST_CASE][FAILED] - Test Cases/Admin Console/Poll Workers-Election Officials()/POLL WORKER - ROLES: Test Cases/Admin Console/Poll Workers-Election Officials()/POLL WORKER - ROLES FAILED.
Reason:
com.kms.katalon.core.exception.StepFailedException: Unable to set text (Root cause: java.lang.IllegalArgumentException: Object is null)
	at com.kms.katalon.core.keyword.internal.KeywordMain.stepFailed(KeywordMain.groovy:36)
	at com.kms.katalon.core.webui.keyword.internal.WebUIKeywordMain.stepFailed(WebUIKeywordMain.groovy:65)
	at com.kms.katalon.core.webui.keyword.internal.WebUIKeywordMain.runKeyword(WebUIKeywordMain.groovy:27)
	at com.kms.katalon.core.webui.keyword.builtin.SetTextKeyword.setText(SetTextKeyword.groovy:65)
	at com.kms.katalon.core.webui.keyword.builtin.SetTextKeyword.execute(SetTextKeyword.groovy:37)
	at com.kms.katalon.core.keyword.internal.KeywordExecutor.executeKeywordForPlatform(KeywordExecutor.groovy:53)
	at com.kms.katalon.core.webui.keyword.WebUiBuiltInKeywords.setText(WebUiBuiltInKeywords.groovy:950)
	at com.kms.katalon.core.webui.keyword.WebUiBuiltInKeywords$setText$1.call(Unknown Source)
	at POLL WORKER - ROLES.run(POLL WORKER - ROLES:39)
	at com.kms.katalon.core.main.ScriptEngine.run(ScriptEngine.java:194)
	at com.kms.katalon.core.main.ScriptEngine.runScriptAsRawText(ScriptEngine.java:119)
	at com.kms.katalon.core.main.TestCaseExecutor.runScript(TestCaseExecutor.java:328)
	at com.kms.katalon.core.main.TestCaseExecutor.doExecute(TestCaseExecutor.java:319)
	at com.kms.katalon.core.main.TestCaseExecutor.processExecutionPhase(TestCaseExecutor.java:298)
	at com.kms.katalon.core.main.TestCaseExecutor.accessMainPhase(TestCaseExecutor.java:290)
	at com.kms.katalon.core.main.TestCaseExecutor.execute(TestCaseExecutor.java:224)
	at com.kms.katalon.core.main.TestSuiteExecutor.accessTestCaseMainPhase(TestSuiteExecutor.java:129)
	at com.kms.katalon.core.main.TestSuiteExecutor.accessTestSuiteMainPhase(TestSuiteExecutor.java:112)
	at com.kms.katalon.core.main.TestSuiteExecutor.execute(TestSuiteExecutor.java:81)
	at com.kms.katalon.core.main.TestCaseMain.startTestSuite(TestCaseMain.java:149)
	at com.kms.katalon.core.main.TestCaseMain$startTestSuite$0.call(Unknown Source)
	at TempTestSuite1553805915573.run(TempTestSuite1553805915573.groovy:36)


2019-03-28 15:58:04 - [TEST_STEP][PASSED] - openBrowser(""): Browser is opened with url: ''

2019-03-28 15:58:04 - [MESSAGE][INFO] - Starting 'Chrome' driver

2019-03-28 15:58:05 - [MESSAGE][PASSED] - Browser is opened with url: ''

2019-03-28 15:58:05 - [TEST_STEP][PASSED] - navigateToUrl(URL): Navigate to 'https://dev.epulse.io' successfully

2019-03-28 15:58:07 - [MESSAGE][PASSED] - Navigate to 'https://dev.epulse.io' successfully

2019-03-28 15:58:07 - [TEST_STEP][PASSED] - setText(findTestObject("Login/Email Address"), User_email): Text 'alonzo.mack@knowink.com' is set on object 'Object Repository/Login/Email Address'

2019-03-28 15:58:07 - [MESSAGE][PASSED] - Text 'alonzo.mack@knowink.com' is set on object 'Object Repository/Login/Email Address'

2019-03-28 15:58:07 - [TEST_STEP][PASSED] - setEncryptedText(findTestObject("Login/Password"), Pswrd): Text ****** has been set on object 'Object Repository/Login/Password'

2019-03-28 15:58:07 - [MESSAGE][PASSED] - Text ****** has been set on object 'Object Repository/Login/Password'

2019-03-28 15:58:07 - [TEST_STEP][PASSED] - click(findTestObject("Login/Sign In")): Object: 'Object Repository/Login/Sign In' is clicked on

2019-03-28 15:58:08 - [MESSAGE][PASSED] - Object: 'Object Repository/Login/Sign In' is clicked on

2019-03-28 15:58:08 - [TEST_STEP][FAILED] - setText(findTestObject(null), ""): setText(findTestObject(null), "") FAILED.
Reason:
com.kms.katalon.core.exception.StepFailedException: Unable to set text (Root cause: java.lang.IllegalArgumentException: Object is null)
	at com.kms.katalon.core.keyword.internal.KeywordMain.stepFailed(KeywordMain.groovy:36)
	at com.kms.katalon.core.webui.keyword.internal.WebUIKeywordMain.stepFailed(WebUIKeywordMain.groovy:65)
	at com.kms.katalon.core.webui.keyword.internal.WebUIKeywordMain.runKeyword(WebUIKeywordMain.groovy:27)
	at com.kms.katalon.core.webui.keyword.builtin.SetTextKeyword.setText(SetTextKeyword.groovy:65)
	at com.kms.katalon.core.webui.keyword.builtin.SetTextKeyword.execute(SetTextKeyword.groovy:37)
	at com.kms.katalon.core.keyword.internal.KeywordExecutor.executeKeywordForPlatform(KeywordExecutor.groovy:53)
	at com.kms.katalon.core.webui.keyword.WebUiBuiltInKeywords.setText(WebUiBuiltInKeywords.groovy:950)
	at com.kms.katalon.core.webui.keyword.WebUiBuiltInKeywords$setText$1.call(Unknown Source)
	at POLL WORKER - ROLES.run(POLL WORKER - ROLES:39)
	at com.kms.katalon.core.main.ScriptEngine.run(ScriptEngine.java:194)
	at com.kms.katalon.core.main.ScriptEngine.runScriptAsRawText(ScriptEngine.java:119)
	at com.kms.katalon.core.main.TestCaseExecutor.runScript(TestCaseExecutor.java:328)
	at com.kms.katalon.core.main.TestCaseExecutor.doExecute(TestCaseExecutor.java:319)
	at com.kms.katalon.core.main.TestCaseExecutor.processExecutionPhase(TestCaseExecutor.java:298)
	at com.kms.katalon.core.main.TestCaseExecutor.accessMainPhase(TestCaseExecutor.java:290)
	at com.kms.katalon.core.main.TestCaseExecutor.execute(TestCaseExecutor.java:224)
	at com.kms.katalon.core.main.TestSuiteExecutor.accessTestCaseMainPhase(TestSuiteExecutor.java:129)
	at com.kms.katalon.core.main.TestSuiteExecutor.accessTestSuiteMainPhase(TestSuiteExecutor.java:112)
	at com.kms.katalon.core.main.TestSuiteExecutor.execute(TestSuiteExecutor.java:81)
	at com.kms.katalon.core.main.TestCaseMain.startTestSuite(TestCaseMain.java:149)
	at com.kms.katalon.core.main.TestCaseMain$startTestSuite$0.call(Unknown Source)
	at TempTestSuite1553805915573.run(TempTestSuite1553805915573.groovy:36)


2019-03-28 15:58:08 - [MESSAGE][WARNING] - Test object id is null

2019-03-28 15:58:08 - [MESSAGE][WARNING] - Test object with id 'Object Repository/' does not exist

2019-03-28 15:58:08 - [MESSAGE][FAILED] - Unable to set text (Root cause: java.lang.IllegalArgumentException: Object is null)
[[ATTACHMENT|/Users/alonzomack/Katalon Studio/Regression/Reports/dev_staging ready/20190328_154515/1553806688301.png]]

2019-03-28 15:58:08 - [MESSAGE][FAILED] - setText(findTestObject(null), "") FAILED.
Reason:
com.kms.katalon.core.exception.StepFailedException: Unable to set text (Root cause: java.lang.IllegalArgumentException: Object is null)
	at com.kms.katalon.core.keyword.internal.KeywordMain.stepFailed(KeywordMain.groovy:36)
	at com.kms.katalon.core.webui.keyword.internal.WebUIKeywordMain.stepFailed(WebUIKeywordMain.groovy:65)
	at com.kms.katalon.core.webui.keyword.internal.WebUIKeywordMain.runKeyword(WebUIKeywordMain.groovy:27)
	at com.kms.katalon.core.webui.keyword.builtin.SetTextKeyword.setText(SetTextKeyword.groovy:65)
	at com.kms.katalon.core.webui.keyword.builtin.SetTextKeyword.execute(SetTextKeyword.groovy:37)
	at com.kms.katalon.core.keyword.internal.KeywordExecutor.executeKeywordForPlatform(KeywordExecutor.groovy:53)
	at com.kms.katalon.core.webui.keyword.WebUiBuiltInKeywords.setText(WebUiBuiltInKeywords.groovy:950)
	at com.kms.katalon.core.webui.keyword.WebUiBuiltInKeywords$setText$1.call(Unknown Source)
	at POLL WORKER - ROLES.run(POLL WORKER - ROLES:39)
	at com.kms.katalon.core.main.ScriptEngine.run(ScriptEngine.java:194)
	at com.kms.katalon.core.main.ScriptEngine.runScriptAsRawText(ScriptEngine.java:119)
	at com.kms.katalon.core.main.TestCaseExecutor.runScript(TestCaseExecutor.java:328)
	at com.kms.katalon.core.main.TestCaseExecutor.doExecute(TestCaseExecutor.java:319)
	at com.kms.katalon.core.main.TestCaseExecutor.processExecutionPhase(TestCaseExecutor.java:298)
	at com.kms.katalon.core.main.TestCaseExecutor.accessMainPhase(TestCaseExecutor.java:290)
	at com.kms.katalon.core.main.TestCaseExecutor.execute(TestCaseExecutor.java:224)
	at com.kms.katalon.core.main.TestSuiteExecutor.accessTestCaseMainPhase(TestSuiteExecutor.java:129)
	at com.kms.katalon.core.main.TestSuiteExecutor.accessTestSuiteMainPhase(TestSuiteExecutor.java:112)
	at com.kms.katalon.core.main.TestSuiteExecutor.execute(TestSuiteExecutor.java:81)
	at com.kms.katalon.core.main.TestCaseMain.startTestSuite(TestCaseMain.java:149)
	at com.kms.katalon.core.main.TestCaseMain$startTestSuite$0.call(Unknown Source)
	at TempTestSuite1553805915573.run(TempTestSuite1553805915573.groovy:36)]]></system-out>
         <system-err><![CDATA[2019-03-28 15:58:04 - [TEST_CASE][FAILED] - Test Cases/Admin Console/Poll Workers-Election Officials()/POLL WORKER - ROLES: Test Cases/Admin Console/Poll Workers-Election Officials()/POLL WORKER - ROLES FAILED.
Reason:
com.kms.katalon.core.exception.StepFailedException: Unable to set text (Root cause: java.lang.IllegalArgumentException: Object is null)
	at com.kms.katalon.core.keyword.internal.KeywordMain.stepFailed(KeywordMain.groovy:36)
	at com.kms.katalon.core.webui.keyword.internal.WebUIKeywordMain.stepFailed(WebUIKeywordMain.groovy:65)
	at com.kms.katalon.core.webui.keyword.internal.WebUIKeywordMain.runKeyword(WebUIKeywordMain.groovy:27)
	at com.kms.katalon.core.webui.keyword.builtin.SetTextKeyword.setText(SetTextKeyword.groovy:65)
	at com.kms.katalon.core.webui.keyword.builtin.SetTextKeyword.execute(SetTextKeyword.groovy:37)
	at com.kms.katalon.core.keyword.internal.KeywordExecutor.executeKeywordForPlatform(KeywordExecutor.groovy:53)
	at com.kms.katalon.core.webui.keyword.WebUiBuiltInKeywords.setText(WebUiBuiltInKeywords.groovy:950)
	at com.kms.katalon.core.webui.keyword.WebUiBuiltInKeywords$setText$1.call(Unknown Source)
	at POLL WORKER - ROLES.run(POLL WORKER - ROLES:39)
	at com.kms.katalon.core.main.ScriptEngine.run(ScriptEngine.java:194)
	at com.kms.katalon.core.main.ScriptEngine.runScriptAsRawText(ScriptEngine.java:119)
	at com.kms.katalon.core.main.TestCaseExecutor.runScript(TestCaseExecutor.java:328)
	at com.kms.katalon.core.main.TestCaseExecutor.doExecute(TestCaseExecutor.java:319)
	at com.kms.katalon.core.main.TestCaseExecutor.processExecutionPhase(TestCaseExecutor.java:298)
	at com.kms.katalon.core.main.TestCaseExecutor.accessMainPhase(TestCaseExecutor.java:290)
	at com.kms.katalon.core.main.TestCaseExecutor.execute(TestCaseExecutor.java:224)
	at com.kms.katalon.core.main.TestSuiteExecutor.accessTestCaseMainPhase(TestSuiteExecutor.java:129)
	at com.kms.katalon.core.main.TestSuiteExecutor.accessTestSuiteMainPhase(TestSuiteExecutor.java:112)
	at com.kms.katalon.core.main.TestSuiteExecutor.execute(TestSuiteExecutor.java:81)
	at com.kms.katalon.core.main.TestCaseMain.startTestSuite(TestCaseMain.java:149)
	at com.kms.katalon.core.main.TestCaseMain$startTestSuite$0.call(Unknown Source)
	at TempTestSuite1553805915573.run(TempTestSuite1553805915573.groovy:36)]]></system-err>
      </testcase>
      <testcase name="Test Cases/Admin Console/Poll Workers-Election Officials()/Poll Workers - Manage - ADD" classname="Test Cases/Admin Console/Poll Workers-Election Officials()/Poll Workers - Manage - ADD" status="PASSED">
         <system-out><![CDATA[2019-03-28 15:58:10 - [TEST_CASE][PASSED] - Test Cases/Admin Console/Poll Workers-Election Officials()/Poll Workers - Manage - ADD: Test Cases/Admin Console/Poll Workers-Election Officials()/Poll Workers - Manage - ADD

2019-03-28 15:58:11 - [TEST_STEP][PASSED] - openBrowser(""): Browser is opened with url: ''

2019-03-28 15:58:11 - [MESSAGE][WARNING] - A browser is already opened. Closing browser and opening a new one

2019-03-28 15:58:11 - [MESSAGE][INFO] - Starting 'Chrome' driver

2019-03-28 15:58:12 - [MESSAGE][PASSED] - Browser is opened with url: ''

2019-03-28 15:58:12 - [TEST_STEP][PASSED] - navigateToUrl(URL): Navigate to 'https://dev.epulse.io' successfully

2019-03-28 15:58:13 - [MESSAGE][PASSED] - Navigate to 'https://dev.epulse.io' successfully

2019-03-28 15:58:13 - [TEST_STEP][PASSED] - setText(findTestObject("Login/Email Address"), User_email): Text 'alonzo.mack@knowink.com' is set on object 'Object Repository/Login/Email Address'

2019-03-28 15:58:13 - [MESSAGE][PASSED] - Text 'alonzo.mack@knowink.com' is set on object 'Object Repository/Login/Email Address'

2019-03-28 15:58:13 - [TEST_STEP][PASSED] - setEncryptedText(findTestObject("Login/Password"), Pswrd): Text ****** has been set on object 'Object Repository/Login/Password'

2019-03-28 15:58:14 - [MESSAGE][PASSED] - Text ****** has been set on object 'Object Repository/Login/Password'

2019-03-28 15:58:14 - [TEST_STEP][PASSED] - click(findTestObject("Login/Sign In")): Object: 'Object Repository/Login/Sign In' is clicked on

2019-03-28 15:58:14 - [MESSAGE][PASSED] - Object: 'Object Repository/Login/Sign In' is clicked on

2019-03-28 15:58:14 - [TEST_STEP][PASSED] - delay(1): Delayed 1 second(s)

2019-03-28 15:58:15 - [MESSAGE][PASSED] - Delayed 1 second(s)

2019-03-28 15:58:15 - [TEST_STEP][PASSED] - for ([row = 1, row <= findTestData("PollWorker - Add").getRowNumbers(), (row++)]): Delayed 1 second(s)

2019-03-28 15:58:15 - [TEST_STEP][PASSED] - navigateToUrl(Poll_Workers): Navigate to 'https://am-automation-test.dev.epulse.io/poll_workers' successfully

2019-03-28 15:58:17 - [MESSAGE][PASSED] - Navigate to 'https://am-automation-test.dev.epulse.io/poll_workers' successfully

2019-03-28 15:58:17 - [TEST_STEP][PASSED] - delay(1): Delayed 1 second(s)

2019-03-28 15:58:18 - [MESSAGE][PASSED] - Delayed 1 second(s)

2019-03-28 15:58:18 - [TEST_STEP][PASSED] - click(findTestObject("Admin Console ePulse Menu/Poll Workers/Poll Workers - Manage Page/Poll Workers (Actions Options)/Actions")): Object: 'Object Repository/Admin Console ePulse Menu/Poll Workers/Poll Workers - Manage Page/Poll Workers (Actions Options)/Actions' is clicked on

2019-03-28 15:58:18 - [MESSAGE][PASSED] - Object: 'Object Repository/Admin Console ePulse Menu/Poll Workers/Poll Workers - Manage Page/Poll Workers (Actions Options)/Actions' is clicked on

2019-03-28 15:58:18 - [TEST_STEP][PASSED] - delay(1): Delayed 1 second(s)

2019-03-28 15:58:19 - [MESSAGE][PASSED] - Delayed 1 second(s)

2019-03-28 15:58:19 - [TEST_STEP][PASSED] - click(findTestObject("Admin Console ePulse Menu/Poll Workers/Poll Workers - Manage Page/Poll Workers (Actions Options)/Add Poll Worker")): Object: 'Object Repository/Admin Console ePulse Menu/Poll Workers/Poll Workers - Manage Page/Poll Workers (Actions Options)/Add Poll Worker' is clicked on

2019-03-28 15:58:19 - [MESSAGE][PASSED] - Object: 'Object Repository/Admin Console ePulse Menu/Poll Workers/Poll Workers - Manage Page/Poll Workers (Actions Options)/Add Poll Worker' is clicked on

2019-03-28 15:58:19 - [TEST_STEP][PASSED] - delay(1): Delayed 1 second(s)

2019-03-28 15:58:20 - [MESSAGE][PASSED] - Delayed 1 second(s)

2019-03-28 15:58:20 - [TEST_STEP][PASSED] - click(findTestObject("Admin Console ePulse Menu/Poll Workers/Poll Workers - Manage Page/New Poll Worker/Personal Information/Personal Information dropdown")): Object: 'Object Repository/Admin Console ePulse Menu/Poll Workers/Poll Workers - Manage Page/New Poll Worker/Personal Information/Personal Information dropdown' is clicked on

2019-03-28 15:58:21 - [MESSAGE][PASSED] - Object: 'Object Repository/Admin Console ePulse Menu/Poll Workers/Poll Workers - Manage Page/New Poll Worker/Personal Information/Personal Information dropdown' is clicked on

2019-03-28 15:58:21 - [TEST_STEP][PASSED] - delay(1): Delayed 1 second(s)

2019-03-28 15:58:22 - [MESSAGE][PASSED] - Delayed 1 second(s)

2019-03-28 15:58:22 - [TEST_STEP][PASSED] - setText(findTestObject("Admin Console ePulse Menu/Poll Workers/Poll Workers - Manage Page/New Poll Worker/Personal Information/input_First Name"), findTestData("PollWorker - Add").getValue("FirstName", row)): Text 'Black' is set on object 'Object Repository/Admin Console ePulse Menu/Poll Workers/Poll Workers - Manage Page/New Poll Worker/Personal Information/input_First Name'

2019-03-28 15:58:22 - [MESSAGE][PASSED] - Text 'Black' is set on object 'Object Repository/Admin Console ePulse Menu/Poll Workers/Poll Workers - Manage Page/New Poll Worker/Personal Information/input_First Name'

2019-03-28 15:58:22 - [TEST_STEP][PASSED] - delay(1): Delayed 1 second(s)

2019-03-28 15:58:23 - [MESSAGE][PASSED] - Delayed 1 second(s)

2019-03-28 15:58:23 - [TEST_STEP][PASSED] - setText(findTestObject("Admin Console ePulse Menu/Poll Workers/Poll Workers - Manage Page/New Poll Worker/Personal Information/input_Middle Name"), findTestData("PollWorker - Add").getValue("MiddleName", row)): Text 'Jack' is set on object 'Object Repository/Admin Console ePulse Menu/Poll Workers/Poll Workers - Manage Page/New Poll Worker/Personal Information/input_Middle Name'

2019-03-28 15:58:23 - [MESSAGE][PASSED] - Text 'Jack' is set on object 'Object Repository/Admin Console ePulse Menu/Poll Workers/Poll Workers - Manage Page/New Poll Worker/Personal Information/input_Middle Name'

2019-03-28 15:58:23 - [TEST_STEP][PASSED] - delay(1): Delayed 1 second(s)

2019-03-28 15:58:24 - [MESSAGE][PASSED] - Delayed 1 second(s)

2019-03-28 15:58:24 - [TEST_STEP][PASSED] - setText(findTestObject("Admin Console ePulse Menu/Poll Workers/Poll Workers - Manage Page/New Poll Worker/Personal Information/input_Last Name"), findTestData("PollWorker - Add").getValue("LastName", row)): Text 'Johnson' is set on object 'Object Repository/Admin Console ePulse Menu/Poll Workers/Poll Workers - Manage Page/New Poll Worker/Personal Information/input_Last Name'

2019-03-28 15:58:24 - [MESSAGE][PASSED] - Text 'Johnson' is set on object 'Object Repository/Admin Console ePulse Menu/Poll Workers/Poll Workers - Manage Page/New Poll Worker/Personal Information/input_Last Name'

2019-03-28 15:58:24 - [TEST_STEP][PASSED] - delay(1): Delayed 1 second(s)

2019-03-28 15:58:25 - [MESSAGE][PASSED] - Delayed 1 second(s)

2019-03-28 15:58:25 - [TEST_STEP][PASSED] - click(findTestObject("Admin Console ePulse Menu/Poll Workers/Poll Workers - Manage Page/New Poll Worker/Personal Information/Party Select/Select DEM")): Object: 'Object Repository/Admin Console ePulse Menu/Poll Workers/Poll Workers - Manage Page/New Poll Worker/Personal Information/Party Select/Select DEM' is clicked on

2019-03-28 15:58:25 - [MESSAGE][PASSED] - Object: 'Object Repository/Admin Console ePulse Menu/Poll Workers/Poll Workers - Manage Page/New Poll Worker/Personal Information/Party Select/Select DEM' is clicked on

2019-03-28 15:58:25 - [TEST_STEP][PASSED] - delay(1): Delayed 1 second(s)

2019-03-28 15:58:26 - [MESSAGE][PASSED] - Delayed 1 second(s)

2019-03-28 15:58:26 - [TEST_STEP][PASSED] - click(findTestObject("Admin Console ePulse Menu/Poll Workers/Poll Workers - Manage Page/New Poll Worker/Personal Information/Status Select/Select Active")): Object: 'Object Repository/Admin Console ePulse Menu/Poll Workers/Poll Workers - Manage Page/New Poll Worker/Personal Information/Status Select/Select Active' is clicked on

2019-03-28 15:58:26 - [MESSAGE][PASSED] - Object: 'Object Repository/Admin Console ePulse Menu/Poll Workers/Poll Workers - Manage Page/New Poll Worker/Personal Information/Status Select/Select Active' is clicked on

2019-03-28 15:58:26 - [TEST_STEP][PASSED] - delay(1): Delayed 1 second(s)

2019-03-28 15:58:27 - [MESSAGE][PASSED] - Delayed 1 second(s)

2019-03-28 15:58:27 - [TEST_STEP][PASSED] - click(findTestObject("Admin Console ePulse Menu/Poll Workers/Poll Workers - Manage Page/New Poll Worker/Poll Pad Login/Poll Pad Login Dropdown")): Object: 'Object Repository/Admin Console ePulse Menu/Poll Workers/Poll Workers - Manage Page/New Poll Worker/Poll Pad Login/Poll Pad Login Dropdown' is clicked on

2019-03-28 15:58:27 - [MESSAGE][PASSED] - Object: 'Object Repository/Admin Console ePulse Menu/Poll Workers/Poll Workers - Manage Page/New Poll Worker/Poll Pad Login/Poll Pad Login Dropdown' is clicked on

2019-03-28 15:58:27 - [TEST_STEP][PASSED] - delay(1): Delayed 1 second(s)

2019-03-28 15:58:28 - [MESSAGE][PASSED] - Delayed 1 second(s)

2019-03-28 15:58:28 - [TEST_STEP][PASSED] - setText(findTestObject("Admin Console ePulse Menu/Poll Workers/Poll Workers - Manage Page/New Poll Worker/Poll Pad Login/input_Username"), findTestData("PollWorker - Add").getValue("UserName", row)): Text 'PW_1' is set on object 'Object Repository/Admin Console ePulse Menu/Poll Workers/Poll Workers - Manage Page/New Poll Worker/Poll Pad Login/input_Username'

2019-03-28 15:58:28 - [MESSAGE][PASSED] - Text 'PW_1' is set on object 'Object Repository/Admin Console ePulse Menu/Poll Workers/Poll Workers - Manage Page/New Poll Worker/Poll Pad Login/input_Username'

2019-03-28 15:58:28 - [TEST_STEP][PASSED] - delay(1): Delayed 1 second(s)

2019-03-28 15:58:29 - [MESSAGE][PASSED] - Delayed 1 second(s)

2019-03-28 15:58:29 - [TEST_STEP][PASSED] - selectOptionByValue(findTestObject("Admin Console ePulse Menu/Poll Workers/Poll Workers - Manage Page/New Poll Worker/Poll Pad Login/Select Poll Worker Type"), "0", false): All options with value '0' are selected in object 'Object Repository/Admin Console ePulse Menu/Poll Workers/Poll Workers - Manage Page/New Poll Worker/Poll Pad Login/Select Poll Worker Type' 

2019-03-28 15:58:29 - [MESSAGE][PASSED] - All options with value '0' are selected in object 'Object Repository/Admin Console ePulse Menu/Poll Workers/Poll Workers - Manage Page/New Poll Worker/Poll Pad Login/Select Poll Worker Type' 

2019-03-28 15:58:29 - [TEST_STEP][PASSED] - setText(findTestObject("Admin Console ePulse Menu/Poll Workers/Poll Workers - Manage Page/New Poll Worker/Poll Pad Login/input_Password"), findTestData("PollWorker - Add").getValue("Password1", row)): Text 'Qwerty1!' is set on object 'Object Repository/Admin Console ePulse Menu/Poll Workers/Poll Workers - Manage Page/New Poll Worker/Poll Pad Login/input_Password'

2019-03-28 15:58:29 - [MESSAGE][PASSED] - Text 'Qwerty1!' is set on object 'Object Repository/Admin Console ePulse Menu/Poll Workers/Poll Workers - Manage Page/New Poll Worker/Poll Pad Login/input_Password'

2019-03-28 15:58:29 - [TEST_STEP][PASSED] - delay(1): Delayed 1 second(s)

2019-03-28 15:58:30 - [MESSAGE][PASSED] - Delayed 1 second(s)

2019-03-28 15:58:30 - [TEST_STEP][PASSED] - setText(findTestObject("Admin Console ePulse Menu/Poll Workers/Poll Workers - Manage Page/New Poll Worker/Poll Pad Login/input_Confirm Password"), findTestData("PollWorker - Add").getValue("Password2", row)): Text 'Qwerty1!' is set on object 'Object Repository/Admin Console ePulse Menu/Poll Workers/Poll Workers - Manage Page/New Poll Worker/Poll Pad Login/input_Confirm Password'

2019-03-28 15:58:31 - [MESSAGE][PASSED] - Text 'Qwerty1!' is set on object 'Object Repository/Admin Console ePulse Menu/Poll Workers/Poll Workers - Manage Page/New Poll Worker/Poll Pad Login/input_Confirm Password'

2019-03-28 15:58:31 - [TEST_STEP][PASSED] - delay(1): Delayed 1 second(s)

2019-03-28 15:58:32 - [MESSAGE][PASSED] - Delayed 1 second(s)

2019-03-28 15:58:32 - [TEST_STEP][PASSED] - click(findTestObject("Admin Console ePulse Menu/Poll Workers/Poll Workers - Manage Page/New Poll Worker/Submit Poll Worker")): Object: 'Object Repository/Admin Console ePulse Menu/Poll Workers/Poll Workers - Manage Page/New Poll Worker/Submit Poll Worker' is clicked on

2019-03-28 15:58:33 - [MESSAGE][PASSED] - Object: 'Object Repository/Admin Console ePulse Menu/Poll Workers/Poll Workers - Manage Page/New Poll Worker/Submit Poll Worker' is clicked on

2019-03-28 15:58:33 - [TEST_STEP][PASSED] - delay(1): Delayed 1 second(s)

2019-03-28 15:58:34 - [MESSAGE][PASSED] - Delayed 1 second(s)

2019-03-28 15:58:34 - [TEST_STEP][PASSED] - navigateToUrl(Poll_Workers): Navigate to 'https://am-automation-test.dev.epulse.io/poll_workers' successfully

2019-03-28 15:58:34 - [MESSAGE][PASSED] - Navigate to 'https://am-automation-test.dev.epulse.io/poll_workers' successfully

2019-03-28 15:58:34 - [TEST_STEP][PASSED] - delay(1): Delayed 1 second(s)

2019-03-28 15:58:35 - [MESSAGE][PASSED] - Delayed 1 second(s)

2019-03-28 15:58:35 - [TEST_STEP][PASSED] - click(findTestObject("Admin Console ePulse Menu/Poll Workers/Poll Workers - Manage Page/Poll Workers (Actions Options)/Actions")): Object: 'Object Repository/Admin Console ePulse Menu/Poll Workers/Poll Workers - Manage Page/Poll Workers (Actions Options)/Actions' is clicked on

2019-03-28 15:58:35 - [MESSAGE][PASSED] - Object: 'Object Repository/Admin Console ePulse Menu/Poll Workers/Poll Workers - Manage Page/Poll Workers (Actions Options)/Actions' is clicked on

2019-03-28 15:58:35 - [TEST_STEP][PASSED] - delay(1): Delayed 1 second(s)

2019-03-28 15:58:36 - [MESSAGE][PASSED] - Delayed 1 second(s)

2019-03-28 15:58:36 - [TEST_STEP][PASSED] - click(findTestObject("Admin Console ePulse Menu/Poll Workers/Poll Workers - Manage Page/Poll Workers (Actions Options)/Add Poll Worker")): Object: 'Object Repository/Admin Console ePulse Menu/Poll Workers/Poll Workers - Manage Page/Poll Workers (Actions Options)/Add Poll Worker' is clicked on

2019-03-28 15:58:37 - [MESSAGE][PASSED] - Object: 'Object Repository/Admin Console ePulse Menu/Poll Workers/Poll Workers - Manage Page/Poll Workers (Actions Options)/Add Poll Worker' is clicked on

2019-03-28 15:58:37 - [TEST_STEP][PASSED] - delay(1): Delayed 1 second(s)

2019-03-28 15:58:38 - [MESSAGE][PASSED] - Delayed 1 second(s)

2019-03-28 15:58:38 - [TEST_STEP][PASSED] - click(findTestObject("Admin Console ePulse Menu/Poll Workers/Poll Workers - Manage Page/New Poll Worker/Personal Information/Personal Information dropdown")): Object: 'Object Repository/Admin Console ePulse Menu/Poll Workers/Poll Workers - Manage Page/New Poll Worker/Personal Information/Personal Information dropdown' is clicked on

2019-03-28 15:58:38 - [MESSAGE][PASSED] - Object: 'Object Repository/Admin Console ePulse Menu/Poll Workers/Poll Workers - Manage Page/New Poll Worker/Personal Information/Personal Information dropdown' is clicked on

2019-03-28 15:58:38 - [TEST_STEP][PASSED] - delay(1): Delayed 1 second(s)

2019-03-28 15:58:39 - [MESSAGE][PASSED] - Delayed 1 second(s)

2019-03-28 15:58:39 - [TEST_STEP][PASSED] - setText(findTestObject("Admin Console ePulse Menu/Poll Workers/Poll Workers - Manage Page/New Poll Worker/Personal Information/input_First Name"), findTestData("PollWorker - Add").getValue("FirstName", row)): Text 'Black1' is set on object 'Object Repository/Admin Console ePulse Menu/Poll Workers/Poll Workers - Manage Page/New Poll Worker/Personal Information/input_First Name'

2019-03-28 15:58:39 - [MESSAGE][PASSED] - Text 'Black1' is set on object 'Object Repository/Admin Console ePulse Menu/Poll Workers/Poll Workers - Manage Page/New Poll Worker/Personal Information/input_First Name'

2019-03-28 15:58:39 - [TEST_STEP][PASSED] - delay(1): Delayed 1 second(s)

2019-03-28 15:58:40 - [MESSAGE][PASSED] - Delayed 1 second(s)

2019-03-28 15:58:40 - [TEST_STEP][PASSED] - setText(findTestObject("Admin Console ePulse Menu/Poll Workers/Poll Workers - Manage Page/New Poll Worker/Personal Information/input_Middle Name"), findTestData("PollWorker - Add").getValue("MiddleName", row)): Text 'Jack1' is set on object 'Object Repository/Admin Console ePulse Menu/Poll Workers/Poll Workers - Manage Page/New Poll Worker/Personal Information/input_Middle Name'

2019-03-28 15:58:41 - [MESSAGE][PASSED] - Text 'Jack1' is set on object 'Object Repository/Admin Console ePulse Menu/Poll Workers/Poll Workers - Manage Page/New Poll Worker/Personal Information/input_Middle Name'

2019-03-28 15:58:41 - [TEST_STEP][PASSED] - delay(1): Delayed 1 second(s)

2019-03-28 15:58:42 - [MESSAGE][PASSED] - Delayed 1 second(s)

2019-03-28 15:58:42 - [TEST_STEP][PASSED] - setText(findTestObject("Admin Console ePulse Menu/Poll Workers/Poll Workers - Manage Page/New Poll Worker/Personal Information/input_Last Name"), findTestData("PollWorker - Add").getValue("LastName", row)): Text 'Johnson1' is set on object 'Object Repository/Admin Console ePulse Menu/Poll Workers/Poll Workers - Manage Page/New Poll Worker/Personal Information/input_Last Name'

2019-03-28 15:58:42 - [MESSAGE][PASSED] - Text 'Johnson1' is set on object 'Object Repository/Admin Console ePulse Menu/Poll Workers/Poll Workers - Manage Page/New Poll Worker/Personal Information/input_Last Name'

2019-03-28 15:58:42 - [TEST_STEP][PASSED] - delay(1): Delayed 1 second(s)

2019-03-28 15:58:43 - [MESSAGE][PASSED] - Delayed 1 second(s)

2019-03-28 15:58:43 - [TEST_STEP][PASSED] - click(findTestObject("Admin Console ePulse Menu/Poll Workers/Poll Workers - Manage Page/New Poll Worker/Personal Information/Party Select/Select DEM")): Object: 'Object Repository/Admin Console ePulse Menu/Poll Workers/Poll Workers - Manage Page/New Poll Worker/Personal Information/Party Select/Select DEM' is clicked on

2019-03-28 15:58:43 - [MESSAGE][PASSED] - Object: 'Object Repository/Admin Console ePulse Menu/Poll Workers/Poll Workers - Manage Page/New Poll Worker/Personal Information/Party Select/Select DEM' is clicked on

2019-03-28 15:58:43 - [TEST_STEP][PASSED] - delay(1): Delayed 1 second(s)

2019-03-28 15:58:44 - [MESSAGE][PASSED] - Delayed 1 second(s)

2019-03-28 15:58:44 - [TEST_STEP][PASSED] - click(findTestObject("Admin Console ePulse Menu/Poll Workers/Poll Workers - Manage Page/New Poll Worker/Personal Information/Status Select/Select Active")): Object: 'Object Repository/Admin Console ePulse Menu/Poll Workers/Poll Workers - Manage Page/New Poll Worker/Personal Information/Status Select/Select Active' is clicked on

2019-03-28 15:58:44 - [MESSAGE][PASSED] - Object: 'Object Repository/Admin Console ePulse Menu/Poll Workers/Poll Workers - Manage Page/New Poll Worker/Personal Information/Status Select/Select Active' is clicked on

2019-03-28 15:58:44 - [TEST_STEP][PASSED] - delay(1): Delayed 1 second(s)

2019-03-28 15:58:45 - [MESSAGE][PASSED] - Delayed 1 second(s)

2019-03-28 15:58:45 - [TEST_STEP][PASSED] - click(findTestObject("Admin Console ePulse Menu/Poll Workers/Poll Workers - Manage Page/New Poll Worker/Poll Pad Login/Poll Pad Login Dropdown")): Object: 'Object Repository/Admin Console ePulse Menu/Poll Workers/Poll Workers - Manage Page/New Poll Worker/Poll Pad Login/Poll Pad Login Dropdown' is clicked on

2019-03-28 15:58:45 - [MESSAGE][PASSED] - Object: 'Object Repository/Admin Console ePulse Menu/Poll Workers/Poll Workers - Manage Page/New Poll Worker/Poll Pad Login/Poll Pad Login Dropdown' is clicked on

2019-03-28 15:58:45 - [TEST_STEP][PASSED] - delay(1): Delayed 1 second(s)

2019-03-28 15:58:46 - [MESSAGE][PASSED] - Delayed 1 second(s)

2019-03-28 15:58:46 - [TEST_STEP][PASSED] - setText(findTestObject("Admin Console ePulse Menu/Poll Workers/Poll Workers - Manage Page/New Poll Worker/Poll Pad Login/input_Username"), findTestData("PollWorker - Add").getValue("UserName", row)): Text 'PW_2' is set on object 'Object Repository/Admin Console ePulse Menu/Poll Workers/Poll Workers - Manage Page/New Poll Worker/Poll Pad Login/input_Username'

2019-03-28 15:58:46 - [MESSAGE][PASSED] - Text 'PW_2' is set on object 'Object Repository/Admin Console ePulse Menu/Poll Workers/Poll Workers - Manage Page/New Poll Worker/Poll Pad Login/input_Username'

2019-03-28 15:58:46 - [TEST_STEP][PASSED] - delay(1): Delayed 1 second(s)

2019-03-28 15:58:47 - [MESSAGE][PASSED] - Delayed 1 second(s)

2019-03-28 15:58:47 - [TEST_STEP][PASSED] - selectOptionByValue(findTestObject("Admin Console ePulse Menu/Poll Workers/Poll Workers - Manage Page/New Poll Worker/Poll Pad Login/Select Poll Worker Type"), "0", false): All options with value '0' are selected in object 'Object Repository/Admin Console ePulse Menu/Poll Workers/Poll Workers - Manage Page/New Poll Worker/Poll Pad Login/Select Poll Worker Type' 

2019-03-28 15:58:47 - [MESSAGE][PASSED] - All options with value '0' are selected in object 'Object Repository/Admin Console ePulse Menu/Poll Workers/Poll Workers - Manage Page/New Poll Worker/Poll Pad Login/Select Poll Worker Type' 

2019-03-28 15:58:47 - [TEST_STEP][PASSED] - setText(findTestObject("Admin Console ePulse Menu/Poll Workers/Poll Workers - Manage Page/New Poll Worker/Poll Pad Login/input_Password"), findTestData("PollWorker - Add").getValue("Password1", row)): Text 'Qwerty1!' is set on object 'Object Repository/Admin Console ePulse Menu/Poll Workers/Poll Workers - Manage Page/New Poll Worker/Poll Pad Login/input_Password'

2019-03-28 15:58:47 - [MESSAGE][PASSED] - Text 'Qwerty1!' is set on object 'Object Repository/Admin Console ePulse Menu/Poll Workers/Poll Workers - Manage Page/New Poll Worker/Poll Pad Login/input_Password'

2019-03-28 15:58:47 - [TEST_STEP][PASSED] - delay(1): Delayed 1 second(s)

2019-03-28 15:58:48 - [MESSAGE][PASSED] - Delayed 1 second(s)

2019-03-28 15:58:48 - [TEST_STEP][PASSED] - setText(findTestObject("Admin Console ePulse Menu/Poll Workers/Poll Workers - Manage Page/New Poll Worker/Poll Pad Login/input_Confirm Password"), findTestData("PollWorker - Add").getValue("Password2", row)): Text 'Qwerty1!' is set on object 'Object Repository/Admin Console ePulse Menu/Poll Workers/Poll Workers - Manage Page/New Poll Worker/Poll Pad Login/input_Confirm Password'

2019-03-28 15:58:48 - [MESSAGE][PASSED] - Text 'Qwerty1!' is set on object 'Object Repository/Admin Console ePulse Menu/Poll Workers/Poll Workers - Manage Page/New Poll Worker/Poll Pad Login/input_Confirm Password'

2019-03-28 15:58:48 - [TEST_STEP][PASSED] - delay(1): Delayed 1 second(s)

2019-03-28 15:58:49 - [MESSAGE][PASSED] - Delayed 1 second(s)

2019-03-28 15:58:49 - [TEST_STEP][PASSED] - click(findTestObject("Admin Console ePulse Menu/Poll Workers/Poll Workers - Manage Page/New Poll Worker/Submit Poll Worker")): Object: 'Object Repository/Admin Console ePulse Menu/Poll Workers/Poll Workers - Manage Page/New Poll Worker/Submit Poll Worker' is clicked on

2019-03-28 15:58:51 - [MESSAGE][PASSED] - Object: 'Object Repository/Admin Console ePulse Menu/Poll Workers/Poll Workers - Manage Page/New Poll Worker/Submit Poll Worker' is clicked on

2019-03-28 15:58:51 - [TEST_STEP][PASSED] - delay(1): Delayed 1 second(s)

2019-03-28 15:58:52 - [MESSAGE][PASSED] - Delayed 1 second(s)

2019-03-28 15:58:52 - [TEST_STEP][PASSED] - navigateToUrl(Poll_Workers): Navigate to 'https://am-automation-test.dev.epulse.io/poll_workers' successfully

2019-03-28 15:58:52 - [MESSAGE][PASSED] - Navigate to 'https://am-automation-test.dev.epulse.io/poll_workers' successfully

2019-03-28 15:58:52 - [TEST_STEP][PASSED] - delay(1): Delayed 1 second(s)

2019-03-28 15:58:53 - [MESSAGE][PASSED] - Delayed 1 second(s)

2019-03-28 15:58:53 - [TEST_STEP][PASSED] - click(findTestObject("Admin Console ePulse Menu/Poll Workers/Poll Workers - Manage Page/Poll Workers (Actions Options)/Actions")): Object: 'Object Repository/Admin Console ePulse Menu/Poll Workers/Poll Workers - Manage Page/Poll Workers (Actions Options)/Actions' is clicked on

2019-03-28 15:58:53 - [MESSAGE][PASSED] - Object: 'Object Repository/Admin Console ePulse Menu/Poll Workers/Poll Workers - Manage Page/Poll Workers (Actions Options)/Actions' is clicked on

2019-03-28 15:58:53 - [TEST_STEP][PASSED] - delay(1): Delayed 1 second(s)

2019-03-28 15:58:54 - [MESSAGE][PASSED] - Delayed 1 second(s)

2019-03-28 15:58:54 - [TEST_STEP][PASSED] - click(findTestObject("Admin Console ePulse Menu/Poll Workers/Poll Workers - Manage Page/Poll Workers (Actions Options)/Add Poll Worker")): Object: 'Object Repository/Admin Console ePulse Menu/Poll Workers/Poll Workers - Manage Page/Poll Workers (Actions Options)/Add Poll Worker' is clicked on

2019-03-28 15:58:55 - [MESSAGE][PASSED] - Object: 'Object Repository/Admin Console ePulse Menu/Poll Workers/Poll Workers - Manage Page/Poll Workers (Actions Options)/Add Poll Worker' is clicked on

2019-03-28 15:58:55 - [TEST_STEP][PASSED] - delay(1): Delayed 1 second(s)

2019-03-28 15:58:56 - [MESSAGE][PASSED] - Delayed 1 second(s)

2019-03-28 15:58:56 - [TEST_STEP][PASSED] - click(findTestObject("Admin Console ePulse Menu/Poll Workers/Poll Workers - Manage Page/New Poll Worker/Personal Information/Personal Information dropdown")): Object: 'Object Repository/Admin Console ePulse Menu/Poll Workers/Poll Workers - Manage Page/New Poll Worker/Personal Information/Personal Information dropdown' is clicked on

2019-03-28 15:58:56 - [MESSAGE][PASSED] - Object: 'Object Repository/Admin Console ePulse Menu/Poll Workers/Poll Workers - Manage Page/New Poll Worker/Personal Information/Personal Information dropdown' is clicked on

2019-03-28 15:58:56 - [TEST_STEP][PASSED] - delay(1): Delayed 1 second(s)

2019-03-28 15:58:57 - [MESSAGE][PASSED] - Delayed 1 second(s)

2019-03-28 15:58:57 - [TEST_STEP][PASSED] - setText(findTestObject("Admin Console ePulse Menu/Poll Workers/Poll Workers - Manage Page/New Poll Worker/Personal Information/input_First Name"), findTestData("PollWorker - Add").getValue("FirstName", row)): Text 'Black2' is set on object 'Object Repository/Admin Console ePulse Menu/Poll Workers/Poll Workers - Manage Page/New Poll Worker/Personal Information/input_First Name'

2019-03-28 15:58:57 - [MESSAGE][PASSED] - Text 'Black2' is set on object 'Object Repository/Admin Console ePulse Menu/Poll Workers/Poll Workers - Manage Page/New Poll Worker/Personal Information/input_First Name'

2019-03-28 15:58:57 - [TEST_STEP][PASSED] - delay(1): Delayed 1 second(s)

2019-03-28 15:58:58 - [MESSAGE][PASSED] - Delayed 1 second(s)

2019-03-28 15:58:58 - [TEST_STEP][PASSED] - setText(findTestObject("Admin Console ePulse Menu/Poll Workers/Poll Workers - Manage Page/New Poll Worker/Personal Information/input_Middle Name"), findTestData("PollWorker - Add").getValue("MiddleName", row)): Text 'Jack2' is set on object 'Object Repository/Admin Console ePulse Menu/Poll Workers/Poll Workers - Manage Page/New Poll Worker/Personal Information/input_Middle Name'

2019-03-28 15:58:58 - [MESSAGE][PASSED] - Text 'Jack2' is set on object 'Object Repository/Admin Console ePulse Menu/Poll Workers/Poll Workers - Manage Page/New Poll Worker/Personal Information/input_Middle Name'

2019-03-28 15:58:58 - [TEST_STEP][PASSED] - delay(1): Delayed 1 second(s)

2019-03-28 15:58:59 - [MESSAGE][PASSED] - Delayed 1 second(s)

2019-03-28 15:58:59 - [TEST_STEP][PASSED] - setText(findTestObject("Admin Console ePulse Menu/Poll Workers/Poll Workers - Manage Page/New Poll Worker/Personal Information/input_Last Name"), findTestData("PollWorker - Add").getValue("LastName", row)): Text 'Johnson2' is set on object 'Object Repository/Admin Console ePulse Menu/Poll Workers/Poll Workers - Manage Page/New Poll Worker/Personal Information/input_Last Name'

2019-03-28 15:58:59 - [MESSAGE][PASSED] - Text 'Johnson2' is set on object 'Object Repository/Admin Console ePulse Menu/Poll Workers/Poll Workers - Manage Page/New Poll Worker/Personal Information/input_Last Name'

2019-03-28 15:58:59 - [TEST_STEP][PASSED] - delay(1): Delayed 1 second(s)

2019-03-28 15:59:00 - [MESSAGE][PASSED] - Delayed 1 second(s)

2019-03-28 15:59:00 - [TEST_STEP][PASSED] - click(findTestObject("Admin Console ePulse Menu/Poll Workers/Poll Workers - Manage Page/New Poll Worker/Personal Information/Party Select/Select DEM")): Object: 'Object Repository/Admin Console ePulse Menu/Poll Workers/Poll Workers - Manage Page/New Poll Worker/Personal Information/Party Select/Select DEM' is clicked on

2019-03-28 15:59:00 - [MESSAGE][PASSED] - Object: 'Object Repository/Admin Console ePulse Menu/Poll Workers/Poll Workers - Manage Page/New Poll Worker/Personal Information/Party Select/Select DEM' is clicked on

2019-03-28 15:59:00 - [TEST_STEP][PASSED] - delay(1): Delayed 1 second(s)

2019-03-28 15:59:01 - [MESSAGE][PASSED] - Delayed 1 second(s)

2019-03-28 15:59:01 - [TEST_STEP][PASSED] - click(findTestObject("Admin Console ePulse Menu/Poll Workers/Poll Workers - Manage Page/New Poll Worker/Personal Information/Status Select/Select Active")): Object: 'Object Repository/Admin Console ePulse Menu/Poll Workers/Poll Workers - Manage Page/New Poll Worker/Personal Information/Status Select/Select Active' is clicked on

2019-03-28 15:59:01 - [MESSAGE][PASSED] - Object: 'Object Repository/Admin Console ePulse Menu/Poll Workers/Poll Workers - Manage Page/New Poll Worker/Personal Information/Status Select/Select Active' is clicked on

2019-03-28 15:59:01 - [TEST_STEP][PASSED] - delay(1): Delayed 1 second(s)

2019-03-28 15:59:02 - [MESSAGE][PASSED] - Delayed 1 second(s)

2019-03-28 15:59:02 - [TEST_STEP][PASSED] - click(findTestObject("Admin Console ePulse Menu/Poll Workers/Poll Workers - Manage Page/New Poll Worker/Poll Pad Login/Poll Pad Login Dropdown")): Object: 'Object Repository/Admin Console ePulse Menu/Poll Workers/Poll Workers - Manage Page/New Poll Worker/Poll Pad Login/Poll Pad Login Dropdown' is clicked on

2019-03-28 15:59:02 - [MESSAGE][PASSED] - Object: 'Object Repository/Admin Console ePulse Menu/Poll Workers/Poll Workers - Manage Page/New Poll Worker/Poll Pad Login/Poll Pad Login Dropdown' is clicked on

2019-03-28 15:59:02 - [TEST_STEP][PASSED] - delay(1): Delayed 1 second(s)

2019-03-28 15:59:03 - [MESSAGE][PASSED] - Delayed 1 second(s)

2019-03-28 15:59:03 - [TEST_STEP][PASSED] - setText(findTestObject("Admin Console ePulse Menu/Poll Workers/Poll Workers - Manage Page/New Poll Worker/Poll Pad Login/input_Username"), findTestData("PollWorker - Add").getValue("UserName", row)): Text 'PW_3' is set on object 'Object Repository/Admin Console ePulse Menu/Poll Workers/Poll Workers - Manage Page/New Poll Worker/Poll Pad Login/input_Username'

2019-03-28 15:59:03 - [MESSAGE][PASSED] - Text 'PW_3' is set on object 'Object Repository/Admin Console ePulse Menu/Poll Workers/Poll Workers - Manage Page/New Poll Worker/Poll Pad Login/input_Username'

2019-03-28 15:59:03 - [TEST_STEP][PASSED] - delay(1): Delayed 1 second(s)

2019-03-28 15:59:04 - [MESSAGE][PASSED] - Delayed 1 second(s)

2019-03-28 15:59:04 - [TEST_STEP][PASSED] - selectOptionByValue(findTestObject("Admin Console ePulse Menu/Poll Workers/Poll Workers - Manage Page/New Poll Worker/Poll Pad Login/Select Poll Worker Type"), "0", false): All options with value '0' are selected in object 'Object Repository/Admin Console ePulse Menu/Poll Workers/Poll Workers - Manage Page/New Poll Worker/Poll Pad Login/Select Poll Worker Type' 

2019-03-28 15:59:05 - [MESSAGE][PASSED] - All options with value '0' are selected in object 'Object Repository/Admin Console ePulse Menu/Poll Workers/Poll Workers - Manage Page/New Poll Worker/Poll Pad Login/Select Poll Worker Type' 

2019-03-28 15:59:05 - [TEST_STEP][PASSED] - setText(findTestObject("Admin Console ePulse Menu/Poll Workers/Poll Workers - Manage Page/New Poll Worker/Poll Pad Login/input_Password"), findTestData("PollWorker - Add").getValue("Password1", row)): Text 'Qwerty1!' is set on object 'Object Repository/Admin Console ePulse Menu/Poll Workers/Poll Workers - Manage Page/New Poll Worker/Poll Pad Login/input_Password'

2019-03-28 15:59:05 - [MESSAGE][PASSED] - Text 'Qwerty1!' is set on object 'Object Repository/Admin Console ePulse Menu/Poll Workers/Poll Workers - Manage Page/New Poll Worker/Poll Pad Login/input_Password'

2019-03-28 15:59:05 - [TEST_STEP][PASSED] - delay(1): Delayed 1 second(s)

2019-03-28 15:59:06 - [MESSAGE][PASSED] - Delayed 1 second(s)

2019-03-28 15:59:06 - [TEST_STEP][PASSED] - setText(findTestObject("Admin Console ePulse Menu/Poll Workers/Poll Workers - Manage Page/New Poll Worker/Poll Pad Login/input_Confirm Password"), findTestData("PollWorker - Add").getValue("Password2", row)): Text 'Qwerty1!' is set on object 'Object Repository/Admin Console ePulse Menu/Poll Workers/Poll Workers - Manage Page/New Poll Worker/Poll Pad Login/input_Confirm Password'

2019-03-28 15:59:06 - [MESSAGE][PASSED] - Text 'Qwerty1!' is set on object 'Object Repository/Admin Console ePulse Menu/Poll Workers/Poll Workers - Manage Page/New Poll Worker/Poll Pad Login/input_Confirm Password'

2019-03-28 15:59:06 - [TEST_STEP][PASSED] - delay(1): Delayed 1 second(s)

2019-03-28 15:59:07 - [MESSAGE][PASSED] - Delayed 1 second(s)

2019-03-28 15:59:07 - [TEST_STEP][PASSED] - click(findTestObject("Admin Console ePulse Menu/Poll Workers/Poll Workers - Manage Page/New Poll Worker/Submit Poll Worker")): Object: 'Object Repository/Admin Console ePulse Menu/Poll Workers/Poll Workers - Manage Page/New Poll Worker/Submit Poll Worker' is clicked on

2019-03-28 15:59:08 - [MESSAGE][PASSED] - Object: 'Object Repository/Admin Console ePulse Menu/Poll Workers/Poll Workers - Manage Page/New Poll Worker/Submit Poll Worker' is clicked on

2019-03-28 15:59:08 - [TEST_STEP][PASSED] - delay(1): Delayed 1 second(s)

2019-03-28 15:59:09 - [MESSAGE][PASSED] - Delayed 1 second(s)

2019-03-28 15:59:09 - [TEST_STEP][PASSED] - verifyTextPresent("PW", true): Text 'PW' is present on page  using regular expression

2019-03-28 15:59:09 - [MESSAGE][PASSED] - Text 'PW' is present on page  using regular expression

2019-03-28 15:59:09 - [TEST_STEP][PASSED] - closeBrowser(): Browser is closed

2019-03-28 15:59:09 - [MESSAGE][PASSED] - Browser is closed]]></system-out>
         <system-err><![CDATA[]]></system-err>
      </testcase>
      <testcase name="Test Cases/Admin Console/Poll Workers-Election Officials()/Poll Workers - Manage - Import" classname="Test Cases/Admin Console/Poll Workers-Election Officials()/Poll Workers - Manage - Import" status="PASSED">
         <system-out><![CDATA[2019-03-28 15:59:11 - [TEST_CASE][PASSED] - Test Cases/Admin Console/Poll Workers-Election Officials()/Poll Workers - Manage - Import: Test Cases/Admin Console/Poll Workers-Election Officials()/Poll Workers - Manage - Import

2019-03-28 15:59:11 - [TEST_STEP][PASSED] - openBrowser(""): Browser is opened with url: ''

2019-03-28 15:59:11 - [MESSAGE][INFO] - Starting 'Chrome' driver

2019-03-28 15:59:13 - [MESSAGE][PASSED] - Browser is opened with url: ''

2019-03-28 15:59:13 - [TEST_STEP][PASSED] - navigateToUrl(URL): Navigate to 'https://dev.epulse.io' successfully

2019-03-28 15:59:14 - [MESSAGE][PASSED] - Navigate to 'https://dev.epulse.io' successfully

2019-03-28 15:59:14 - [TEST_STEP][PASSED] - setText(findTestObject("Login/Email Address"), User_email): Text 'alonzo.mack@knowink.com' is set on object 'Object Repository/Login/Email Address'

2019-03-28 15:59:14 - [MESSAGE][PASSED] - Text 'alonzo.mack@knowink.com' is set on object 'Object Repository/Login/Email Address'

2019-03-28 15:59:14 - [TEST_STEP][PASSED] - setEncryptedText(findTestObject("Login/Password"), Pswrd): Text ****** has been set on object 'Object Repository/Login/Password'

2019-03-28 15:59:14 - [MESSAGE][PASSED] - Text ****** has been set on object 'Object Repository/Login/Password'

2019-03-28 15:59:14 - [TEST_STEP][PASSED] - click(findTestObject("Login/Sign In")): Object: 'Object Repository/Login/Sign In' is clicked on

2019-03-28 15:59:15 - [MESSAGE][PASSED] - Object: 'Object Repository/Login/Sign In' is clicked on

2019-03-28 15:59:15 - [TEST_STEP][PASSED] - delay(1): Delayed 1 second(s)

2019-03-28 15:59:16 - [MESSAGE][PASSED] - Delayed 1 second(s)

2019-03-28 15:59:16 - [TEST_STEP][PASSED] - navigateToUrl(Poll_Workers, STOP_ON_FAILURE): Navigate to 'https://am-automation-test.dev.epulse.io/poll_workers' successfully

2019-03-28 15:59:20 - [MESSAGE][PASSED] - Navigate to 'https://am-automation-test.dev.epulse.io/poll_workers' successfully

2019-03-28 15:59:20 - [TEST_STEP][PASSED] - delay(1): Delayed 1 second(s)

2019-03-28 15:59:21 - [MESSAGE][PASSED] - Delayed 1 second(s)

2019-03-28 15:59:21 - [TEST_STEP][PASSED] - click(findTestObject("Admin Console ePulse Menu/Poll Workers/Poll Workers - Manage Page/Import Poll Workers")): Object: 'Object Repository/Admin Console ePulse Menu/Poll Workers/Poll Workers - Manage Page/Import Poll Workers' is clicked on

2019-03-28 15:59:22 - [MESSAGE][PASSED] - Object: 'Object Repository/Admin Console ePulse Menu/Poll Workers/Poll Workers - Manage Page/Import Poll Workers' is clicked on

2019-03-28 15:59:22 - [TEST_STEP][PASSED] - setText(findTestObject("Admin Console ePulse Menu/Account Settings/Prompts/Import Prompts Buttons/Choose File"), "/Users/alonzomack/Downloads/Automation uploads/poll_workers.csv"): Text '/Users/alonzomack/Downloads/Automation uploads/poll_workers.csv' is set on object 'Object Repository/Admin Console ePulse Menu/Account Settings/Prompts/Import Prompts Buttons/Choose File'

2019-03-28 15:59:22 - [MESSAGE][PASSED] - Text '/Users/alonzomack/Downloads/Automation uploads/poll_workers.csv' is set on object 'Object Repository/Admin Console ePulse Menu/Account Settings/Prompts/Import Prompts Buttons/Choose File'

2019-03-28 15:59:22 - [TEST_STEP][PASSED] - click(findTestObject("Admin Console ePulse Menu/Account Settings/Prompts/Import Prompts Buttons/Continue Button")): Object: 'Object Repository/Admin Console ePulse Menu/Account Settings/Prompts/Import Prompts Buttons/Continue Button' is clicked on

2019-03-28 15:59:22 - [MESSAGE][PASSED] - Object: 'Object Repository/Admin Console ePulse Menu/Account Settings/Prompts/Import Prompts Buttons/Continue Button' is clicked on

2019-03-28 15:59:22 - [TEST_STEP][PASSED] - delay(1): Delayed 1 second(s)

2019-03-28 15:59:23 - [MESSAGE][PASSED] - Delayed 1 second(s)

2019-03-28 15:59:23 - [TEST_STEP][PASSED] - click(findTestObject("Admin Console ePulse Menu/Account Settings/Prompts/Import Prompts Buttons/button_Done(working)")): Object: 'Object Repository/Admin Console ePulse Menu/Account Settings/Prompts/Import Prompts Buttons/button_Done(working)' is clicked on

2019-03-28 15:59:26 - [MESSAGE][PASSED] - Object: 'Object Repository/Admin Console ePulse Menu/Account Settings/Prompts/Import Prompts Buttons/button_Done(working)' is clicked on

2019-03-28 15:59:26 - [TEST_STEP][PASSED] - delay(1): Delayed 1 second(s)

2019-03-28 15:59:27 - [MESSAGE][PASSED] - Delayed 1 second(s)

2019-03-28 15:59:27 - [TEST_STEP][PASSED] - closeBrowser(): Browser is closed

2019-03-28 15:59:27 - [MESSAGE][PASSED] - Browser is closed]]></system-out>
         <system-err><![CDATA[]]></system-err>
      </testcase>
      <testcase name="Test Cases/Admin Console/Account Settings/Users()/Account Settings - New User(basic_Rover.Technician)" classname="Test Cases/Admin Console/Account Settings/Users()/Account Settings - New User(basic_Rover.Technician)" status="PASSED">
         <system-out><![CDATA[2019-03-28 15:59:29 - [TEST_CASE][PASSED] - Test Cases/Admin Console/Account Settings/Users()/Account Settings - New User(basic_Rover.Technician): Test Cases/Admin Console/Account Settings/Users()/Account Settings - New User(basic_Rover.Technician)

2019-03-28 15:59:29 - [TEST_STEP][PASSED] - openBrowser(""): Browser is opened with url: ''

2019-03-28 15:59:29 - [MESSAGE][INFO] - Starting 'Chrome' driver

2019-03-28 15:59:31 - [MESSAGE][PASSED] - Browser is opened with url: ''

2019-03-28 15:59:31 - [TEST_STEP][PASSED] - navigateToUrl(URL): Navigate to 'https://dev.epulse.io' successfully

2019-03-28 15:59:32 - [MESSAGE][PASSED] - Navigate to 'https://dev.epulse.io' successfully

2019-03-28 15:59:32 - [TEST_STEP][PASSED] - setText(findTestObject("Login/Email Address"), User_email): Text 'alonzo.mack@knowink.com' is set on object 'Object Repository/Login/Email Address'

2019-03-28 15:59:32 - [MESSAGE][PASSED] - Text 'alonzo.mack@knowink.com' is set on object 'Object Repository/Login/Email Address'

2019-03-28 15:59:32 - [TEST_STEP][PASSED] - setEncryptedText(findTestObject("Login/Password"), Pswrd): Text ****** has been set on object 'Object Repository/Login/Password'

2019-03-28 15:59:32 - [MESSAGE][PASSED] - Text ****** has been set on object 'Object Repository/Login/Password'

2019-03-28 15:59:32 - [TEST_STEP][PASSED] - click(findTestObject("Login/Sign In")): Object: 'Object Repository/Login/Sign In' is clicked on

2019-03-28 15:59:33 - [MESSAGE][PASSED] - Object: 'Object Repository/Login/Sign In' is clicked on

2019-03-28 15:59:33 - [TEST_STEP][PASSED] - delay(1): Delayed 1 second(s)

2019-03-28 15:59:34 - [MESSAGE][PASSED] - Delayed 1 second(s)

2019-03-28 15:59:34 - [TEST_STEP][PASSED] - navigateToUrl(Users, STOP_ON_FAILURE): Navigate to 'https://am-automation-test.dev.epulse.io/users' successfully

2019-03-28 15:59:35 - [MESSAGE][PASSED] - Navigate to 'https://am-automation-test.dev.epulse.io/users' successfully

2019-03-28 15:59:35 - [TEST_STEP][PASSED] - delay(1): Delayed 1 second(s)

2019-03-28 15:59:36 - [MESSAGE][PASSED] - Delayed 1 second(s)

2019-03-28 15:59:36 - [TEST_STEP][PASSED] - click(findTestObject("Admin Console ePulse Menu/Account Settings/Users/Add User")): Object: 'Object Repository/Admin Console ePulse Menu/Account Settings/Users/Add User' is clicked on

2019-03-28 15:59:37 - [MESSAGE][PASSED] - Object: 'Object Repository/Admin Console ePulse Menu/Account Settings/Users/Add User' is clicked on

2019-03-28 15:59:37 - [TEST_STEP][PASSED] - delay(1): Delayed 1 second(s)

2019-03-28 15:59:38 - [MESSAGE][PASSED] - Delayed 1 second(s)

2019-03-28 15:59:38 - [TEST_STEP][PASSED] - setText(findTestObject("Admin Console ePulse Menu/Account Settings/Add User/input_First name"), "add"): Text 'add' is set on object 'Object Repository/Admin Console ePulse Menu/Account Settings/Add User/input_First name'

2019-03-28 15:59:38 - [MESSAGE][PASSED] - Text 'add' is set on object 'Object Repository/Admin Console ePulse Menu/Account Settings/Add User/input_First name'

2019-03-28 15:59:38 - [TEST_STEP][PASSED] - delay(1): Delayed 1 second(s)

2019-03-28 15:59:39 - [MESSAGE][PASSED] - Delayed 1 second(s)

2019-03-28 15:59:39 - [TEST_STEP][PASSED] - setText(findTestObject("Admin Console ePulse Menu/Account Settings/Add User/input_Last name"), "User"): Text 'User' is set on object 'Object Repository/Admin Console ePulse Menu/Account Settings/Add User/input_Last name'

2019-03-28 15:59:39 - [MESSAGE][PASSED] - Text 'User' is set on object 'Object Repository/Admin Console ePulse Menu/Account Settings/Add User/input_Last name'

2019-03-28 15:59:39 - [TEST_STEP][PASSED] - delay(1): Delayed 1 second(s)

2019-03-28 15:59:40 - [MESSAGE][PASSED] - Delayed 1 second(s)

2019-03-28 15:59:40 - [TEST_STEP][PASSED] - setText(findTestObject("Admin Console ePulse Menu/Account Settings/Add User/input_Phone"), "3137777777"): Text '3137777777' is set on object 'Object Repository/Admin Console ePulse Menu/Account Settings/Add User/input_Phone'

2019-03-28 15:59:40 - [MESSAGE][PASSED] - Text '3137777777' is set on object 'Object Repository/Admin Console ePulse Menu/Account Settings/Add User/input_Phone'

2019-03-28 15:59:40 - [TEST_STEP][PASSED] - delay(1): Delayed 1 second(s)

2019-03-28 15:59:41 - [MESSAGE][PASSED] - Delayed 1 second(s)

2019-03-28 15:59:41 - [TEST_STEP][PASSED] - setText(findTestObject("Admin Console ePulse Menu/Account Settings/Add User/input_E-mail"), "addnew2-user@knowink.com"): Text 'addnew2-user@knowink.com' is set on object 'Object Repository/Admin Console ePulse Menu/Account Settings/Add User/input_E-mail'

2019-03-28 15:59:41 - [MESSAGE][PASSED] - Text 'addnew2-user@knowink.com' is set on object 'Object Repository/Admin Console ePulse Menu/Account Settings/Add User/input_E-mail'

2019-03-28 15:59:41 - [TEST_STEP][PASSED] - delay(1): Delayed 1 second(s)

2019-03-28 15:59:42 - [MESSAGE][PASSED] - Delayed 1 second(s)

2019-03-28 15:59:42 - [TEST_STEP][PASSED] - delay(1): Delayed 1 second(s)

2019-03-28 15:59:43 - [MESSAGE][PASSED] - Delayed 1 second(s)

2019-03-28 15:59:43 - [TEST_STEP][PASSED] - selectOptionByValue(findTestObject("Admin Console ePulse Menu/Account Settings/Add User/Select Epulse User"), "1", true): All options with value '1' are selected in object 'Object Repository/Admin Console ePulse Menu/Account Settings/Add User/Select Epulse User'  using regular expression

2019-03-28 15:59:44 - [MESSAGE][PASSED] - All options with value '1' are selected in object 'Object Repository/Admin Console ePulse Menu/Account Settings/Add User/Select Epulse User'  using regular expression

2019-03-28 15:59:44 - [TEST_STEP][PASSED] - delay(1): Delayed 1 second(s)

2019-03-28 15:59:45 - [MESSAGE][PASSED] - Delayed 1 second(s)

2019-03-28 15:59:45 - [TEST_STEP][NOT_RUN] - selectOptionByValue(findTestObject("Admin Console ePulse Menu/Account Settings/Add User/Select Notify by"), "2", true): NOT_RUN: selectOptionByValue(findTestObject("Admin Console ePulse Menu/Account Settings/Add User/Select Notify by"), "2", true)

2019-03-28 15:59:45 - [MESSAGE][NOT_RUN] - NOT_RUN: selectOptionByValue(findTestObject("Admin Console ePulse Menu/Account Settings/Add User/Select Notify by"), "2", true)

2019-03-28 15:59:45 - [TEST_STEP][NOT_RUN] - delay(1): NOT_RUN: delay(1)

2019-03-28 15:59:45 - [MESSAGE][NOT_RUN] - NOT_RUN: delay(1)

2019-03-28 15:59:45 - [TEST_STEP][NOT_RUN] - selectOptionByValue(findTestObject("Admin Console ePulse Menu/Account Settings/Add User/Select User Rights"), "basic", true): NOT_RUN: selectOptionByValue(findTestObject("Admin Console ePulse Menu/Account Settings/Add User/Select User Rights"), "basic", true)

2019-03-28 15:59:45 - [MESSAGE][NOT_RUN] - NOT_RUN: selectOptionByValue(findTestObject("Admin Console ePulse Menu/Account Settings/Add User/Select User Rights"), "basic", true)

2019-03-28 15:59:45 - [TEST_STEP][NOT_RUN] - delay(1): NOT_RUN: delay(1)

2019-03-28 15:59:45 - [MESSAGE][NOT_RUN] - NOT_RUN: delay(1)

2019-03-28 15:59:45 - [TEST_STEP][PASSED] - click(findTestObject("Common ePulse Objects/Submit Button")): Object: 'Object Repository/Common ePulse Objects/Submit Button' is clicked on

2019-03-28 15:59:46 - [MESSAGE][PASSED] - Object: 'Object Repository/Common ePulse Objects/Submit Button' is clicked on

2019-03-28 15:59:46 - [TEST_STEP][PASSED] - closeBrowser(): Browser is closed

2019-03-28 15:59:47 - [MESSAGE][PASSED] - Browser is closed]]></system-out>
         <system-err><![CDATA[]]></system-err>
      </testcase>
      <testcase name="Test Cases/Admin Console/Account Settings/Users()/Account Settings - New User(manager_standard)" classname="Test Cases/Admin Console/Account Settings/Users()/Account Settings - New User(manager_standard)" status="PASSED">
         <system-out><![CDATA[2019-03-28 15:59:49 - [TEST_CASE][PASSED] - Test Cases/Admin Console/Account Settings/Users()/Account Settings - New User(manager_standard): Test Cases/Admin Console/Account Settings/Users()/Account Settings - New User(manager_standard)

2019-03-28 15:59:49 - [TEST_STEP][PASSED] - openBrowser(""): Browser is opened with url: ''

2019-03-28 15:59:49 - [MESSAGE][INFO] - Starting 'Chrome' driver

2019-03-28 15:59:50 - [MESSAGE][PASSED] - Browser is opened with url: ''

2019-03-28 15:59:50 - [TEST_STEP][PASSED] - navigateToUrl(URL): Navigate to 'https://dev.epulse.io' successfully

2019-03-28 15:59:52 - [MESSAGE][PASSED] - Navigate to 'https://dev.epulse.io' successfully

2019-03-28 15:59:52 - [TEST_STEP][PASSED] - setText(findTestObject("Login/Email Address"), User_email): Text 'alonzo.mack@knowink.com' is set on object 'Object Repository/Login/Email Address'

2019-03-28 15:59:52 - [MESSAGE][PASSED] - Text 'alonzo.mack@knowink.com' is set on object 'Object Repository/Login/Email Address'

2019-03-28 15:59:52 - [TEST_STEP][PASSED] - setEncryptedText(findTestObject("Login/Password"), Pswrd): Text ****** has been set on object 'Object Repository/Login/Password'

2019-03-28 15:59:52 - [MESSAGE][PASSED] - Text ****** has been set on object 'Object Repository/Login/Password'

2019-03-28 15:59:52 - [TEST_STEP][PASSED] - click(findTestObject("Login/Sign In")): Object: 'Object Repository/Login/Sign In' is clicked on

2019-03-28 15:59:53 - [MESSAGE][PASSED] - Object: 'Object Repository/Login/Sign In' is clicked on

2019-03-28 15:59:53 - [TEST_STEP][PASSED] - delay(1): Delayed 1 second(s)

2019-03-28 15:59:54 - [MESSAGE][PASSED] - Delayed 1 second(s)

2019-03-28 15:59:54 - [TEST_STEP][PASSED] - navigateToUrl(Users, STOP_ON_FAILURE): Navigate to 'https://am-automation-test.dev.epulse.io/users' successfully

2019-03-28 15:59:55 - [MESSAGE][PASSED] - Navigate to 'https://am-automation-test.dev.epulse.io/users' successfully

2019-03-28 15:59:55 - [TEST_STEP][PASSED] - delay(1): Delayed 1 second(s)

2019-03-28 15:59:56 - [MESSAGE][PASSED] - Delayed 1 second(s)

2019-03-28 15:59:56 - [TEST_STEP][PASSED] - click(findTestObject("Admin Console ePulse Menu/Account Settings/Users/Add User")): Object: 'Object Repository/Admin Console ePulse Menu/Account Settings/Users/Add User' is clicked on

2019-03-28 15:59:56 - [MESSAGE][PASSED] - Object: 'Object Repository/Admin Console ePulse Menu/Account Settings/Users/Add User' is clicked on

2019-03-28 15:59:56 - [TEST_STEP][PASSED] - delay(1): Delayed 1 second(s)

2019-03-28 15:59:57 - [MESSAGE][PASSED] - Delayed 1 second(s)

2019-03-28 15:59:57 - [TEST_STEP][PASSED] - setText(findTestObject("Admin Console ePulse Menu/Account Settings/Add User/input_First name"), "add"): Text 'add' is set on object 'Object Repository/Admin Console ePulse Menu/Account Settings/Add User/input_First name'

2019-03-28 15:59:57 - [MESSAGE][PASSED] - Text 'add' is set on object 'Object Repository/Admin Console ePulse Menu/Account Settings/Add User/input_First name'

2019-03-28 15:59:57 - [TEST_STEP][PASSED] - delay(1): Delayed 1 second(s)

2019-03-28 15:59:58 - [MESSAGE][PASSED] - Delayed 1 second(s)

2019-03-28 15:59:58 - [TEST_STEP][PASSED] - setText(findTestObject("Admin Console ePulse Menu/Account Settings/Add User/input_Last name"), "User"): Text 'User' is set on object 'Object Repository/Admin Console ePulse Menu/Account Settings/Add User/input_Last name'

2019-03-28 15:59:58 - [MESSAGE][PASSED] - Text 'User' is set on object 'Object Repository/Admin Console ePulse Menu/Account Settings/Add User/input_Last name'

2019-03-28 15:59:58 - [TEST_STEP][PASSED] - delay(1): Delayed 1 second(s)

2019-03-28 15:59:59 - [MESSAGE][PASSED] - Delayed 1 second(s)

2019-03-28 15:59:59 - [TEST_STEP][PASSED] - setText(findTestObject("Admin Console ePulse Menu/Account Settings/Add User/input_Phone"), "3137777777"): Text '3137777777' is set on object 'Object Repository/Admin Console ePulse Menu/Account Settings/Add User/input_Phone'

2019-03-28 15:59:59 - [MESSAGE][PASSED] - Text '3137777777' is set on object 'Object Repository/Admin Console ePulse Menu/Account Settings/Add User/input_Phone'

2019-03-28 15:59:59 - [TEST_STEP][PASSED] - delay(1): Delayed 1 second(s)

2019-03-28 16:00:00 - [MESSAGE][PASSED] - Delayed 1 second(s)

2019-03-28 16:00:00 - [TEST_STEP][PASSED] - setText(findTestObject("Admin Console ePulse Menu/Account Settings/Add User/input_E-mail"), "addnew5-user@knowink.com"): Text 'addnew5-user@knowink.com' is set on object 'Object Repository/Admin Console ePulse Menu/Account Settings/Add User/input_E-mail'

2019-03-28 16:00:01 - [MESSAGE][PASSED] - Text 'addnew5-user@knowink.com' is set on object 'Object Repository/Admin Console ePulse Menu/Account Settings/Add User/input_E-mail'

2019-03-28 16:00:01 - [TEST_STEP][PASSED] - delay(1): Delayed 1 second(s)

2019-03-28 16:00:02 - [MESSAGE][PASSED] - Delayed 1 second(s)

2019-03-28 16:00:02 - [TEST_STEP][PASSED] - selectOptionByValue(findTestObject("Admin Console ePulse Menu/Account Settings/Add User/Select Notify by"), "2", true): All options with value '2' are selected in object 'Object Repository/Admin Console ePulse Menu/Account Settings/Add User/Select Notify by'  using regular expression

2019-03-28 16:00:02 - [MESSAGE][PASSED] - All options with value '2' are selected in object 'Object Repository/Admin Console ePulse Menu/Account Settings/Add User/Select Notify by'  using regular expression

2019-03-28 16:00:02 - [TEST_STEP][PASSED] - delay(1): Delayed 1 second(s)

2019-03-28 16:00:03 - [MESSAGE][PASSED] - Delayed 1 second(s)

2019-03-28 16:00:03 - [TEST_STEP][PASSED] - selectOptionByValue(findTestObject("Admin Console ePulse Menu/Account Settings/Add User/Select User Rights"), "manager", true): All options with value 'manager' are selected in object 'Object Repository/Admin Console ePulse Menu/Account Settings/Add User/Select User Rights'  using regular expression

2019-03-28 16:00:03 - [MESSAGE][PASSED] - All options with value 'manager' are selected in object 'Object Repository/Admin Console ePulse Menu/Account Settings/Add User/Select User Rights'  using regular expression

2019-03-28 16:00:03 - [TEST_STEP][PASSED] - delay(1): Delayed 1 second(s)

2019-03-28 16:00:04 - [MESSAGE][PASSED] - Delayed 1 second(s)

2019-03-28 16:00:04 - [TEST_STEP][PASSED] - click(findTestObject("Common ePulse Objects/Submit Button")): Object: 'Object Repository/Common ePulse Objects/Submit Button' is clicked on

2019-03-28 16:00:05 - [MESSAGE][PASSED] - Object: 'Object Repository/Common ePulse Objects/Submit Button' is clicked on

2019-03-28 16:00:05 - [TEST_STEP][NOT_RUN] - closeBrowser(): NOT_RUN: closeBrowser()

2019-03-28 16:00:05 - [MESSAGE][NOT_RUN] - NOT_RUN: closeBrowser()]]></system-out>
         <system-err><![CDATA[]]></system-err>
      </testcase>
      <testcase name="Test Cases/Admin Console/Account Settings/Users()/Account Settings - New User(election_day_Isync)" classname="Test Cases/Admin Console/Account Settings/Users()/Account Settings - New User(election_day_Isync)" status="PASSED">
         <system-out><![CDATA[2019-03-28 16:00:07 - [TEST_CASE][PASSED] - Test Cases/Admin Console/Account Settings/Users()/Account Settings - New User(election_day_Isync): Test Cases/Admin Console/Account Settings/Users()/Account Settings - New User(election_day_Isync)

2019-03-28 16:00:07 - [TEST_STEP][PASSED] - openBrowser(""): Browser is opened with url: ''

2019-03-28 16:00:07 - [MESSAGE][WARNING] - A browser is already opened. Closing browser and opening a new one

2019-03-28 16:00:07 - [MESSAGE][INFO] - Starting 'Chrome' driver

2019-03-28 16:00:09 - [MESSAGE][PASSED] - Browser is opened with url: ''

2019-03-28 16:00:09 - [TEST_STEP][PASSED] - navigateToUrl(URL): Navigate to 'https://dev.epulse.io' successfully

2019-03-28 16:00:10 - [MESSAGE][PASSED] - Navigate to 'https://dev.epulse.io' successfully

2019-03-28 16:00:10 - [TEST_STEP][PASSED] - setText(findTestObject("Login/Email Address"), User_email): Text 'alonzo.mack@knowink.com' is set on object 'Object Repository/Login/Email Address'

2019-03-28 16:00:10 - [MESSAGE][PASSED] - Text 'alonzo.mack@knowink.com' is set on object 'Object Repository/Login/Email Address'

2019-03-28 16:00:10 - [TEST_STEP][PASSED] - setEncryptedText(findTestObject("Login/Password"), Pswrd): Text ****** has been set on object 'Object Repository/Login/Password'

2019-03-28 16:00:11 - [MESSAGE][PASSED] - Text ****** has been set on object 'Object Repository/Login/Password'

2019-03-28 16:00:11 - [TEST_STEP][PASSED] - click(findTestObject("Login/Sign In")): Object: 'Object Repository/Login/Sign In' is clicked on

2019-03-28 16:00:11 - [MESSAGE][PASSED] - Object: 'Object Repository/Login/Sign In' is clicked on

2019-03-28 16:00:11 - [TEST_STEP][PASSED] - delay(1): Delayed 1 second(s)

2019-03-28 16:00:12 - [MESSAGE][PASSED] - Delayed 1 second(s)

2019-03-28 16:00:12 - [TEST_STEP][PASSED] - navigateToUrl(Users, STOP_ON_FAILURE): Navigate to 'https://am-automation-test.dev.epulse.io/users' successfully

2019-03-28 16:00:13 - [MESSAGE][PASSED] - Navigate to 'https://am-automation-test.dev.epulse.io/users' successfully

2019-03-28 16:00:13 - [TEST_STEP][PASSED] - delay(1): Delayed 1 second(s)

2019-03-28 16:00:14 - [MESSAGE][PASSED] - Delayed 1 second(s)

2019-03-28 16:00:14 - [TEST_STEP][PASSED] - click(findTestObject("Admin Console ePulse Menu/Account Settings/Users/Add User")): Object: 'Object Repository/Admin Console ePulse Menu/Account Settings/Users/Add User' is clicked on

2019-03-28 16:00:15 - [MESSAGE][PASSED] - Object: 'Object Repository/Admin Console ePulse Menu/Account Settings/Users/Add User' is clicked on

2019-03-28 16:00:15 - [TEST_STEP][PASSED] - delay(1): Delayed 1 second(s)

2019-03-28 16:00:16 - [MESSAGE][PASSED] - Delayed 1 second(s)

2019-03-28 16:00:16 - [TEST_STEP][PASSED] - setText(findTestObject("Admin Console ePulse Menu/Account Settings/Add User/input_First name"), "add"): Text 'add' is set on object 'Object Repository/Admin Console ePulse Menu/Account Settings/Add User/input_First name'

2019-03-28 16:00:16 - [MESSAGE][PASSED] - Text 'add' is set on object 'Object Repository/Admin Console ePulse Menu/Account Settings/Add User/input_First name'

2019-03-28 16:00:16 - [TEST_STEP][PASSED] - delay(1): Delayed 1 second(s)

2019-03-28 16:00:17 - [MESSAGE][PASSED] - Delayed 1 second(s)

2019-03-28 16:00:17 - [TEST_STEP][PASSED] - setText(findTestObject("Admin Console ePulse Menu/Account Settings/Add User/input_Last name"), "User"): Text 'User' is set on object 'Object Repository/Admin Console ePulse Menu/Account Settings/Add User/input_Last name'

2019-03-28 16:00:17 - [MESSAGE][PASSED] - Text 'User' is set on object 'Object Repository/Admin Console ePulse Menu/Account Settings/Add User/input_Last name'

2019-03-28 16:00:17 - [TEST_STEP][PASSED] - delay(1): Delayed 1 second(s)

2019-03-28 16:00:18 - [MESSAGE][PASSED] - Delayed 1 second(s)

2019-03-28 16:00:18 - [TEST_STEP][PASSED] - setText(findTestObject("Admin Console ePulse Menu/Account Settings/Add User/input_Phone"), "3137777777"): Text '3137777777' is set on object 'Object Repository/Admin Console ePulse Menu/Account Settings/Add User/input_Phone'

2019-03-28 16:00:18 - [MESSAGE][PASSED] - Text '3137777777' is set on object 'Object Repository/Admin Console ePulse Menu/Account Settings/Add User/input_Phone'

2019-03-28 16:00:18 - [TEST_STEP][PASSED] - delay(1): Delayed 1 second(s)

2019-03-28 16:00:19 - [MESSAGE][PASSED] - Delayed 1 second(s)

2019-03-28 16:00:19 - [TEST_STEP][PASSED] - setText(findTestObject("Admin Console ePulse Menu/Account Settings/Add User/input_E-mail"), "addnew4-user@knowink.com"): Text 'addnew4-user@knowink.com' is set on object 'Object Repository/Admin Console ePulse Menu/Account Settings/Add User/input_E-mail'

2019-03-28 16:00:19 - [MESSAGE][PASSED] - Text 'addnew4-user@knowink.com' is set on object 'Object Repository/Admin Console ePulse Menu/Account Settings/Add User/input_E-mail'

2019-03-28 16:00:19 - [TEST_STEP][PASSED] - delay(1): Delayed 1 second(s)

2019-03-28 16:00:20 - [MESSAGE][PASSED] - Delayed 1 second(s)

2019-03-28 16:00:20 - [TEST_STEP][PASSED] - selectOptionByValue(findTestObject("Admin Console ePulse Menu/Account Settings/Add User/Select Epulse User"), "3", true): All options with value '3' are selected in object 'Object Repository/Admin Console ePulse Menu/Account Settings/Add User/Select Epulse User'  using regular expression

2019-03-28 16:00:20 - [MESSAGE][PASSED] - All options with value '3' are selected in object 'Object Repository/Admin Console ePulse Menu/Account Settings/Add User/Select Epulse User'  using regular expression

2019-03-28 16:00:20 - [TEST_STEP][PASSED] - delay(1): Delayed 1 second(s)

2019-03-28 16:00:21 - [MESSAGE][PASSED] - Delayed 1 second(s)

2019-03-28 16:00:21 - [TEST_STEP][NOT_RUN] - selectOptionByValue(findTestObject("Admin Console ePulse Menu/Account Settings/Add User/Select Notify by"), "2", true): NOT_RUN: selectOptionByValue(findTestObject("Admin Console ePulse Menu/Account Settings/Add User/Select Notify by"), "2", true)

2019-03-28 16:00:21 - [MESSAGE][NOT_RUN] - NOT_RUN: selectOptionByValue(findTestObject("Admin Console ePulse Menu/Account Settings/Add User/Select Notify by"), "2", true)

2019-03-28 16:00:21 - [TEST_STEP][NOT_RUN] - delay(1): NOT_RUN: delay(1)

2019-03-28 16:00:21 - [MESSAGE][NOT_RUN] - NOT_RUN: delay(1)

2019-03-28 16:00:21 - [TEST_STEP][NOT_RUN] - selectOptionByValue(findTestObject("Admin Console ePulse Menu/Account Settings/Add User/Select User Rights"), "election_day", true): NOT_RUN: selectOptionByValue(findTestObject("Admin Console ePulse Menu/Account Settings/Add User/Select User Rights"), "election_day", true)

2019-03-28 16:00:21 - [MESSAGE][NOT_RUN] - NOT_RUN: selectOptionByValue(findTestObject("Admin Console ePulse Menu/Account Settings/Add User/Select User Rights"), "election_day", true)

2019-03-28 16:00:21 - [TEST_STEP][NOT_RUN] - delay(1): NOT_RUN: delay(1)

2019-03-28 16:00:21 - [MESSAGE][NOT_RUN] - NOT_RUN: delay(1)

2019-03-28 16:00:21 - [TEST_STEP][PASSED] - click(findTestObject("Common ePulse Objects/Submit Button")): Object: 'Object Repository/Common ePulse Objects/Submit Button' is clicked on

2019-03-28 16:00:24 - [MESSAGE][PASSED] - Object: 'Object Repository/Common ePulse Objects/Submit Button' is clicked on

2019-03-28 16:00:24 - [TEST_STEP][PASSED] - closeBrowser(): Browser is closed

2019-03-28 16:00:24 - [MESSAGE][PASSED] - Browser is closed]]></system-out>
         <system-err><![CDATA[]]></system-err>
      </testcase>
      <testcase name="Test Cases/Admin Console/Account Settings/Users()/Account Settings - New User(admin_Standard)" classname="Test Cases/Admin Console/Account Settings/Users()/Account Settings - New User(admin_Standard)" status="PASSED">
         <system-out><![CDATA[2019-03-28 16:00:26 - [TEST_CASE][PASSED] - Test Cases/Admin Console/Account Settings/Users()/Account Settings - New User(admin_Standard): Test Cases/Admin Console/Account Settings/Users()/Account Settings - New User(admin_Standard)

2019-03-28 16:00:26 - [TEST_STEP][PASSED] - openBrowser(""): Browser is opened with url: ''

2019-03-28 16:00:26 - [MESSAGE][INFO] - Starting 'Chrome' driver

2019-03-28 16:00:27 - [MESSAGE][PASSED] - Browser is opened with url: ''

2019-03-28 16:00:27 - [TEST_STEP][PASSED] - navigateToUrl(URL): Navigate to 'https://dev.epulse.io' successfully

2019-03-28 16:00:28 - [MESSAGE][PASSED] - Navigate to 'https://dev.epulse.io' successfully

2019-03-28 16:00:28 - [TEST_STEP][PASSED] - setText(findTestObject("Login/Email Address"), User_email): Text 'alonzo.mack@knowink.com' is set on object 'Object Repository/Login/Email Address'

2019-03-28 16:00:29 - [MESSAGE][PASSED] - Text 'alonzo.mack@knowink.com' is set on object 'Object Repository/Login/Email Address'

2019-03-28 16:00:29 - [TEST_STEP][PASSED] - setEncryptedText(findTestObject("Login/Password"), Pswrd): Text ****** has been set on object 'Object Repository/Login/Password'

2019-03-28 16:00:29 - [MESSAGE][PASSED] - Text ****** has been set on object 'Object Repository/Login/Password'

2019-03-28 16:00:29 - [TEST_STEP][PASSED] - click(findTestObject("Login/Sign In")): Object: 'Object Repository/Login/Sign In' is clicked on

2019-03-28 16:00:29 - [MESSAGE][PASSED] - Object: 'Object Repository/Login/Sign In' is clicked on

2019-03-28 16:00:29 - [TEST_STEP][PASSED] - delay(1): Delayed 1 second(s)

2019-03-28 16:00:30 - [MESSAGE][PASSED] - Delayed 1 second(s)

2019-03-28 16:00:30 - [TEST_STEP][PASSED] - navigateToUrl(Users, STOP_ON_FAILURE): Navigate to 'https://am-automation-test.dev.epulse.io/users' successfully

2019-03-28 16:00:31 - [MESSAGE][PASSED] - Navigate to 'https://am-automation-test.dev.epulse.io/users' successfully

2019-03-28 16:00:31 - [TEST_STEP][PASSED] - delay(1): Delayed 1 second(s)

2019-03-28 16:00:32 - [MESSAGE][PASSED] - Delayed 1 second(s)

2019-03-28 16:00:32 - [TEST_STEP][PASSED] - click(findTestObject("Admin Console ePulse Menu/Account Settings/Users/Add User")): Object: 'Object Repository/Admin Console ePulse Menu/Account Settings/Users/Add User' is clicked on

2019-03-28 16:00:33 - [MESSAGE][PASSED] - Object: 'Object Repository/Admin Console ePulse Menu/Account Settings/Users/Add User' is clicked on

2019-03-28 16:00:33 - [TEST_STEP][PASSED] - delay(1): Delayed 1 second(s)

2019-03-28 16:00:34 - [MESSAGE][PASSED] - Delayed 1 second(s)

2019-03-28 16:00:34 - [TEST_STEP][PASSED] - setText(findTestObject("Admin Console ePulse Menu/Account Settings/Add User/input_First name"), "add"): Text 'add' is set on object 'Object Repository/Admin Console ePulse Menu/Account Settings/Add User/input_First name'

2019-03-28 16:00:34 - [MESSAGE][PASSED] - Text 'add' is set on object 'Object Repository/Admin Console ePulse Menu/Account Settings/Add User/input_First name'

2019-03-28 16:00:34 - [TEST_STEP][PASSED] - delay(1): Delayed 1 second(s)

2019-03-28 16:00:35 - [MESSAGE][PASSED] - Delayed 1 second(s)

2019-03-28 16:00:35 - [TEST_STEP][PASSED] - setText(findTestObject("Admin Console ePulse Menu/Account Settings/Add User/input_Last name"), "User"): Text 'User' is set on object 'Object Repository/Admin Console ePulse Menu/Account Settings/Add User/input_Last name'

2019-03-28 16:00:35 - [MESSAGE][PASSED] - Text 'User' is set on object 'Object Repository/Admin Console ePulse Menu/Account Settings/Add User/input_Last name'

2019-03-28 16:00:35 - [TEST_STEP][PASSED] - delay(1): Delayed 1 second(s)

2019-03-28 16:00:36 - [MESSAGE][PASSED] - Delayed 1 second(s)

2019-03-28 16:00:36 - [TEST_STEP][PASSED] - setText(findTestObject("Admin Console ePulse Menu/Account Settings/Add User/input_Phone"), "3137777777"): Text '3137777777' is set on object 'Object Repository/Admin Console ePulse Menu/Account Settings/Add User/input_Phone'

2019-03-28 16:00:36 - [MESSAGE][PASSED] - Text '3137777777' is set on object 'Object Repository/Admin Console ePulse Menu/Account Settings/Add User/input_Phone'

2019-03-28 16:00:36 - [TEST_STEP][PASSED] - delay(1): Delayed 1 second(s)

2019-03-28 16:00:37 - [MESSAGE][PASSED] - Delayed 1 second(s)

2019-03-28 16:00:37 - [TEST_STEP][PASSED] - setText(findTestObject("Admin Console ePulse Menu/Account Settings/Add User/input_E-mail"), "addnew-user@knowink.com"): Text 'addnew-user@knowink.com' is set on object 'Object Repository/Admin Console ePulse Menu/Account Settings/Add User/input_E-mail'

2019-03-28 16:00:38 - [MESSAGE][PASSED] - Text 'addnew-user@knowink.com' is set on object 'Object Repository/Admin Console ePulse Menu/Account Settings/Add User/input_E-mail'

2019-03-28 16:00:38 - [TEST_STEP][PASSED] - delay(1): Delayed 1 second(s)

2019-03-28 16:00:39 - [MESSAGE][PASSED] - Delayed 1 second(s)

2019-03-28 16:00:39 - [TEST_STEP][PASSED] - selectOptionByValue(findTestObject("Admin Console ePulse Menu/Account Settings/Add User/Select Epulse User"), "0", true): All options with value '0' are selected in object 'Object Repository/Admin Console ePulse Menu/Account Settings/Add User/Select Epulse User'  using regular expression

2019-03-28 16:00:39 - [MESSAGE][PASSED] - All options with value '0' are selected in object 'Object Repository/Admin Console ePulse Menu/Account Settings/Add User/Select Epulse User'  using regular expression

2019-03-28 16:00:39 - [TEST_STEP][PASSED] - delay(1): Delayed 1 second(s)

2019-03-28 16:00:40 - [MESSAGE][PASSED] - Delayed 1 second(s)

2019-03-28 16:00:40 - [TEST_STEP][PASSED] - selectOptionByValue(findTestObject("Admin Console ePulse Menu/Account Settings/Add User/Select Notify by"), "2", true): All options with value '2' are selected in object 'Object Repository/Admin Console ePulse Menu/Account Settings/Add User/Select Notify by'  using regular expression

2019-03-28 16:00:40 - [MESSAGE][PASSED] - All options with value '2' are selected in object 'Object Repository/Admin Console ePulse Menu/Account Settings/Add User/Select Notify by'  using regular expression

2019-03-28 16:00:40 - [TEST_STEP][PASSED] - delay(1): Delayed 1 second(s)

2019-03-28 16:00:41 - [MESSAGE][PASSED] - Delayed 1 second(s)

2019-03-28 16:00:41 - [TEST_STEP][PASSED] - selectOptionByValue(findTestObject("Admin Console ePulse Menu/Account Settings/Add User/Select User Rights"), "admin", true): All options with value 'admin' are selected in object 'Object Repository/Admin Console ePulse Menu/Account Settings/Add User/Select User Rights'  using regular expression

2019-03-28 16:00:41 - [MESSAGE][PASSED] - All options with value 'admin' are selected in object 'Object Repository/Admin Console ePulse Menu/Account Settings/Add User/Select User Rights'  using regular expression

2019-03-28 16:00:41 - [TEST_STEP][PASSED] - delay(1): Delayed 1 second(s)

2019-03-28 16:00:42 - [MESSAGE][PASSED] - Delayed 1 second(s)

2019-03-28 16:00:42 - [TEST_STEP][PASSED] - click(findTestObject("Common ePulse Objects/Submit Button")): Object: 'Object Repository/Common ePulse Objects/Submit Button' is clicked on

2019-03-28 16:00:44 - [MESSAGE][PASSED] - Object: 'Object Repository/Common ePulse Objects/Submit Button' is clicked on

2019-03-28 16:00:44 - [TEST_STEP][NOT_RUN] - closeBrowser(): NOT_RUN: closeBrowser()

2019-03-28 16:00:44 - [MESSAGE][NOT_RUN] - NOT_RUN: closeBrowser()]]></system-out>
         <system-err><![CDATA[]]></system-err>
      </testcase>
      <testcase name="Test Cases/Admin Console/Account Settings/Users()/Account Settings - New User(coordinator_Call.Center)" classname="Test Cases/Admin Console/Account Settings/Users()/Account Settings - New User(coordinator_Call.Center)" status="PASSED">
         <system-out><![CDATA[2019-03-28 16:00:46 - [TEST_CASE][PASSED] - Test Cases/Admin Console/Account Settings/Users()/Account Settings - New User(coordinator_Call.Center): Test Cases/Admin Console/Account Settings/Users()/Account Settings - New User(coordinator_Call.Center)

2019-03-28 16:00:46 - [TEST_STEP][PASSED] - openBrowser(""): Browser is opened with url: ''

2019-03-28 16:00:46 - [MESSAGE][WARNING] - A browser is already opened. Closing browser and opening a new one

2019-03-28 16:00:46 - [MESSAGE][INFO] - Starting 'Chrome' driver

2019-03-28 16:00:47 - [MESSAGE][PASSED] - Browser is opened with url: ''

2019-03-28 16:00:47 - [TEST_STEP][PASSED] - navigateToUrl(URL): Navigate to 'https://dev.epulse.io' successfully

2019-03-28 16:00:48 - [MESSAGE][PASSED] - Navigate to 'https://dev.epulse.io' successfully

2019-03-28 16:00:48 - [TEST_STEP][PASSED] - setText(findTestObject("Login/Email Address"), User_email): Text 'alonzo.mack@knowink.com' is set on object 'Object Repository/Login/Email Address'

2019-03-28 16:00:49 - [MESSAGE][PASSED] - Text 'alonzo.mack@knowink.com' is set on object 'Object Repository/Login/Email Address'

2019-03-28 16:00:49 - [TEST_STEP][PASSED] - setEncryptedText(findTestObject("Login/Password"), Pswrd): Text ****** has been set on object 'Object Repository/Login/Password'

2019-03-28 16:00:49 - [MESSAGE][PASSED] - Text ****** has been set on object 'Object Repository/Login/Password'

2019-03-28 16:00:49 - [TEST_STEP][PASSED] - click(findTestObject("Login/Sign In")): Object: 'Object Repository/Login/Sign In' is clicked on

2019-03-28 16:00:49 - [MESSAGE][PASSED] - Object: 'Object Repository/Login/Sign In' is clicked on

2019-03-28 16:00:49 - [TEST_STEP][PASSED] - delay(1): Delayed 1 second(s)

2019-03-28 16:00:50 - [MESSAGE][PASSED] - Delayed 1 second(s)

2019-03-28 16:00:50 - [TEST_STEP][PASSED] - navigateToUrl(Users, STOP_ON_FAILURE): Navigate to 'https://am-automation-test.dev.epulse.io/users' successfully

2019-03-28 16:00:51 - [MESSAGE][PASSED] - Navigate to 'https://am-automation-test.dev.epulse.io/users' successfully

2019-03-28 16:00:51 - [TEST_STEP][PASSED] - delay(1): Delayed 1 second(s)

2019-03-28 16:00:52 - [MESSAGE][PASSED] - Delayed 1 second(s)

2019-03-28 16:00:52 - [TEST_STEP][PASSED] - click(findTestObject("Admin Console ePulse Menu/Account Settings/Users/Add User")): Object: 'Object Repository/Admin Console ePulse Menu/Account Settings/Users/Add User' is clicked on

2019-03-28 16:00:53 - [MESSAGE][PASSED] - Object: 'Object Repository/Admin Console ePulse Menu/Account Settings/Users/Add User' is clicked on

2019-03-28 16:00:53 - [TEST_STEP][PASSED] - delay(1): Delayed 1 second(s)

2019-03-28 16:00:54 - [MESSAGE][PASSED] - Delayed 1 second(s)

2019-03-28 16:00:54 - [TEST_STEP][PASSED] - setText(findTestObject("Admin Console ePulse Menu/Account Settings/Add User/input_First name"), "add"): Text 'add' is set on object 'Object Repository/Admin Console ePulse Menu/Account Settings/Add User/input_First name'

2019-03-28 16:00:54 - [MESSAGE][PASSED] - Text 'add' is set on object 'Object Repository/Admin Console ePulse Menu/Account Settings/Add User/input_First name'

2019-03-28 16:00:54 - [TEST_STEP][PASSED] - delay(1): Delayed 1 second(s)

2019-03-28 16:00:55 - [MESSAGE][PASSED] - Delayed 1 second(s)

2019-03-28 16:00:55 - [TEST_STEP][PASSED] - setText(findTestObject("Admin Console ePulse Menu/Account Settings/Add User/input_Last name"), "User"): Text 'User' is set on object 'Object Repository/Admin Console ePulse Menu/Account Settings/Add User/input_Last name'

2019-03-28 16:00:55 - [MESSAGE][PASSED] - Text 'User' is set on object 'Object Repository/Admin Console ePulse Menu/Account Settings/Add User/input_Last name'

2019-03-28 16:00:55 - [TEST_STEP][PASSED] - delay(1): Delayed 1 second(s)

2019-03-28 16:00:56 - [MESSAGE][PASSED] - Delayed 1 second(s)

2019-03-28 16:00:56 - [TEST_STEP][PASSED] - setText(findTestObject("Admin Console ePulse Menu/Account Settings/Add User/input_Phone"), "3137777777"): Text '3137777777' is set on object 'Object Repository/Admin Console ePulse Menu/Account Settings/Add User/input_Phone'

2019-03-28 16:00:56 - [MESSAGE][PASSED] - Text '3137777777' is set on object 'Object Repository/Admin Console ePulse Menu/Account Settings/Add User/input_Phone'

2019-03-28 16:00:56 - [TEST_STEP][PASSED] - delay(1): Delayed 1 second(s)

2019-03-28 16:00:57 - [MESSAGE][PASSED] - Delayed 1 second(s)

2019-03-28 16:00:57 - [TEST_STEP][PASSED] - setText(findTestObject("Admin Console ePulse Menu/Account Settings/Add User/input_E-mail"), "addnew3-user@knowink.com"): Text 'addnew3-user@knowink.com' is set on object 'Object Repository/Admin Console ePulse Menu/Account Settings/Add User/input_E-mail'

2019-03-28 16:00:58 - [MESSAGE][PASSED] - Text 'addnew3-user@knowink.com' is set on object 'Object Repository/Admin Console ePulse Menu/Account Settings/Add User/input_E-mail'

2019-03-28 16:00:58 - [TEST_STEP][PASSED] - delay(1): Delayed 1 second(s)

2019-03-28 16:00:59 - [MESSAGE][PASSED] - Delayed 1 second(s)

2019-03-28 16:00:59 - [TEST_STEP][PASSED] - selectOptionByValue(findTestObject("Admin Console ePulse Menu/Account Settings/Add User/Select Epulse User"), "2", true): All options with value '2' are selected in object 'Object Repository/Admin Console ePulse Menu/Account Settings/Add User/Select Epulse User'  using regular expression

2019-03-28 16:00:59 - [MESSAGE][PASSED] - All options with value '2' are selected in object 'Object Repository/Admin Console ePulse Menu/Account Settings/Add User/Select Epulse User'  using regular expression

2019-03-28 16:00:59 - [TEST_STEP][PASSED] - delay(1): Delayed 1 second(s)

2019-03-28 16:01:00 - [MESSAGE][PASSED] - Delayed 1 second(s)

2019-03-28 16:01:00 - [TEST_STEP][NOT_RUN] - selectOptionByValue(findTestObject("Admin Console ePulse Menu/Account Settings/Add User/Select Notify by"), "2", true): NOT_RUN: selectOptionByValue(findTestObject("Admin Console ePulse Menu/Account Settings/Add User/Select Notify by"), "2", true)

2019-03-28 16:01:00 - [MESSAGE][NOT_RUN] - NOT_RUN: selectOptionByValue(findTestObject("Admin Console ePulse Menu/Account Settings/Add User/Select Notify by"), "2", true)

2019-03-28 16:01:00 - [TEST_STEP][NOT_RUN] - delay(1): NOT_RUN: delay(1)

2019-03-28 16:01:00 - [MESSAGE][NOT_RUN] - NOT_RUN: delay(1)

2019-03-28 16:01:00 - [TEST_STEP][NOT_RUN] - selectOptionByValue(findTestObject("Admin Console ePulse Menu/Account Settings/Add User/Select User Rights"), "coordinator", true): NOT_RUN: selectOptionByValue(findTestObject("Admin Console ePulse Menu/Account Settings/Add User/Select User Rights"), "coordinator", true)

2019-03-28 16:01:00 - [MESSAGE][NOT_RUN] - NOT_RUN: selectOptionByValue(findTestObject("Admin Console ePulse Menu/Account Settings/Add User/Select User Rights"), "coordinator", true)

2019-03-28 16:01:00 - [TEST_STEP][NOT_RUN] - delay(1): NOT_RUN: delay(1)

2019-03-28 16:01:00 - [MESSAGE][NOT_RUN] - NOT_RUN: delay(1)

2019-03-28 16:01:00 - [TEST_STEP][PASSED] - click(findTestObject("Common ePulse Objects/Submit Button")): Object: 'Object Repository/Common ePulse Objects/Submit Button' is clicked on

2019-03-28 16:01:02 - [MESSAGE][PASSED] - Object: 'Object Repository/Common ePulse Objects/Submit Button' is clicked on

2019-03-28 16:01:02 - [TEST_STEP][PASSED] - closeBrowser(): Browser is closed

2019-03-28 16:01:02 - [MESSAGE][PASSED] - Browser is closed]]></system-out>
         <system-err><![CDATA[]]></system-err>
      </testcase>
      <testcase name="Test Cases/Admin Console/Account Settings/Languages/Languages - Import" classname="Test Cases/Admin Console/Account Settings/Languages/Languages - Import" status="PASSED">
         <system-out><![CDATA[2019-03-28 16:01:04 - [TEST_CASE][PASSED] - Test Cases/Admin Console/Account Settings/Languages/Languages - Import: Test Cases/Admin Console/Account Settings/Languages/Languages - Import

2019-03-28 16:01:04 - [TEST_STEP][PASSED] - openBrowser(""): Browser is opened with url: ''

2019-03-28 16:01:04 - [MESSAGE][INFO] - Starting 'Chrome' driver

2019-03-28 16:01:05 - [MESSAGE][PASSED] - Browser is opened with url: ''

2019-03-28 16:01:05 - [TEST_STEP][PASSED] - navigateToUrl(URL): Navigate to 'https://dev.epulse.io' successfully

2019-03-28 16:01:07 - [MESSAGE][PASSED] - Navigate to 'https://dev.epulse.io' successfully

2019-03-28 16:01:07 - [TEST_STEP][PASSED] - setText(findTestObject("Login/Email Address"), User_email): Text 'alonzo.mack@knowink.com' is set on object 'Object Repository/Login/Email Address'

2019-03-28 16:01:07 - [MESSAGE][PASSED] - Text 'alonzo.mack@knowink.com' is set on object 'Object Repository/Login/Email Address'

2019-03-28 16:01:07 - [TEST_STEP][PASSED] - setEncryptedText(findTestObject("Login/Password"), Pswrd): Text ****** has been set on object 'Object Repository/Login/Password'

2019-03-28 16:01:07 - [MESSAGE][PASSED] - Text ****** has been set on object 'Object Repository/Login/Password'

2019-03-28 16:01:07 - [TEST_STEP][PASSED] - click(findTestObject("Login/Sign In")): Object: 'Object Repository/Login/Sign In' is clicked on

2019-03-28 16:01:08 - [MESSAGE][PASSED] - Object: 'Object Repository/Login/Sign In' is clicked on

2019-03-28 16:01:08 - [TEST_STEP][PASSED] - delay(1): Delayed 1 second(s)

2019-03-28 16:01:09 - [MESSAGE][PASSED] - Delayed 1 second(s)

2019-03-28 16:01:09 - [TEST_STEP][PASSED] - navigateToUrl(languages_import, STOP_ON_FAILURE): Navigate to 'https://am-automation-test.dev.epulse.io/imports/languages' successfully

2019-03-28 16:01:10 - [MESSAGE][PASSED] - Navigate to 'https://am-automation-test.dev.epulse.io/imports/languages' successfully

2019-03-28 16:01:10 - [TEST_STEP][PASSED] - delay(1): Delayed 1 second(s)

2019-03-28 16:01:11 - [MESSAGE][PASSED] - Delayed 1 second(s)

2019-03-28 16:01:11 - [TEST_STEP][PASSED] - setText(findTestObject("Admin Console ePulse Menu/Account Settings/Prompts/Import Prompts Buttons/Choose File"), "/Users/alonzomack/Downloads/Automation uploads/languages.csv"): Text '/Users/alonzomack/Downloads/Automation uploads/languages.csv' is set on object 'Object Repository/Admin Console ePulse Menu/Account Settings/Prompts/Import Prompts Buttons/Choose File'

2019-03-28 16:01:11 - [MESSAGE][PASSED] - Text '/Users/alonzomack/Downloads/Automation uploads/languages.csv' is set on object 'Object Repository/Admin Console ePulse Menu/Account Settings/Prompts/Import Prompts Buttons/Choose File'

2019-03-28 16:01:11 - [TEST_STEP][PASSED] - click(findTestObject("Admin Console ePulse Menu/Account Settings/Prompts/Import Prompts Buttons/Continue Button")): Object: 'Object Repository/Admin Console ePulse Menu/Account Settings/Prompts/Import Prompts Buttons/Continue Button' is clicked on

2019-03-28 16:01:11 - [MESSAGE][PASSED] - Object: 'Object Repository/Admin Console ePulse Menu/Account Settings/Prompts/Import Prompts Buttons/Continue Button' is clicked on

2019-03-28 16:01:11 - [TEST_STEP][PASSED] - delay(1): Delayed 1 second(s)

2019-03-28 16:01:12 - [MESSAGE][PASSED] - Delayed 1 second(s)

2019-03-28 16:01:12 - [TEST_STEP][PASSED] - click(findTestObject("Admin Console ePulse Menu/Account Settings/Prompts/Import Prompts Buttons/button_Done(working)")): Object: 'Object Repository/Admin Console ePulse Menu/Account Settings/Prompts/Import Prompts Buttons/button_Done(working)' is clicked on

2019-03-28 16:01:16 - [MESSAGE][PASSED] - Object: 'Object Repository/Admin Console ePulse Menu/Account Settings/Prompts/Import Prompts Buttons/button_Done(working)' is clicked on

2019-03-28 16:01:16 - [TEST_STEP][PASSED] - delay(1): Delayed 1 second(s)

2019-03-28 16:01:17 - [MESSAGE][PASSED] - Delayed 1 second(s)

2019-03-28 16:01:17 - [TEST_STEP][PASSED] - closeBrowser(): Browser is closed

2019-03-28 16:01:17 - [MESSAGE][PASSED] - Browser is closed]]></system-out>
         <system-err><![CDATA[]]></system-err>
      </testcase>
      <testcase name="Test Cases/Admin Console/Account Settings/Poll Pad Setup()/Poll Pad Setup - Demo DB" classname="Test Cases/Admin Console/Account Settings/Poll Pad Setup()/Poll Pad Setup - Demo DB" status="FAILED">
         <failure type="FAILED" message="Test Cases/Admin Console/Account Settings/Poll Pad Setup()/Poll Pad Setup - Demo DB FAILED.
Reason:
com.kms.katalon.core.exception.StepFailedException: Unable to verify text 'Demo DB   processing...' is present  using regular expression (Root cause: com.kms.katalon.core.exception.StepFailedException: Text 'Demo DB   processing...' is not present on page  using regular expression)
	at com.kms.katalon.core.keyword.internal.KeywordMain.stepFailed(KeywordMain.groovy:36)
	at com.kms.katalon.core.webui.keyword.internal.WebUIKeywordMain.stepFailed(WebUIKeywordMain.groovy:65)
	at com.kms.katalon.core.webui.keyword.internal.WebUIKeywordMain.runKeyword(WebUIKeywordMain.groovy:27)
	at com.kms.katalon.core.webui.keyword.builtin.VerifyTextPresentKeyword.verifyTextPresent(VerifyTextPresentKeyword.groovy:83)
	at com.kms.katalon.core.webui.keyword.builtin.VerifyTextPresentKeyword.execute(VerifyTextPresentKeyword.groovy:68)
	at com.kms.katalon.core.keyword.internal.KeywordExecutor.executeKeywordForPlatform(KeywordExecutor.groovy:53)
	at com.kms.katalon.core.webui.keyword.WebUiBuiltInKeywords.verifyTextPresent(WebUiBuiltInKeywords.groovy:1693)
	at com.kms.katalon.core.webui.keyword.WebUiBuiltInKeywords$verifyTextPresent$14.call(Unknown Source)
	at Poll Pad Setup - Demo DB.run(Poll Pad Setup - Demo DB:51)
	at com.kms.katalon.core.main.ScriptEngine.run(ScriptEngine.java:194)
	at com.kms.katalon.core.main.ScriptEngine.runScriptAsRawText(ScriptEngine.java:119)
	at com.kms.katalon.core.main.TestCaseExecutor.runScript(TestCaseExecutor.java:328)
	at com.kms.katalon.core.main.TestCaseExecutor.doExecute(TestCaseExecutor.java:319)
	at com.kms.katalon.core.main.TestCaseExecutor.processExecutionPhase(TestCaseExecutor.java:298)
	at com.kms.katalon.core.main.TestCaseExecutor.accessMainPhase(TestCaseExecutor.java:290)
	at com.kms.katalon.core.main.TestCaseExecutor.execute(TestCaseExecutor.java:224)
	at com.kms.katalon.core.main.TestSuiteExecutor.accessTestCaseMainPhase(TestSuiteExecutor.java:129)
	at com.kms.katalon.core.main.TestSuiteExecutor.accessTestSuiteMainPhase(TestSuiteExecutor.java:112)
	at com.kms.katalon.core.main.TestSuiteExecutor.execute(TestSuiteExecutor.java:81)
	at com.kms.katalon.core.main.TestCaseMain.startTestSuite(TestCaseMain.java:149)
	at com.kms.katalon.core.main.TestCaseMain$startTestSuite$0.call(Unknown Source)
	at TempTestSuite1553805915573.run(TempTestSuite1553805915573.groovy:36)
"/>
         <system-out><![CDATA[2019-03-28 16:01:19 - [TEST_CASE][FAILED] - Test Cases/Admin Console/Account Settings/Poll Pad Setup()/Poll Pad Setup - Demo DB: Test Cases/Admin Console/Account Settings/Poll Pad Setup()/Poll Pad Setup - Demo DB FAILED.
Reason:
com.kms.katalon.core.exception.StepFailedException: Unable to verify text 'Demo DB   processing...' is present  using regular expression (Root cause: com.kms.katalon.core.exception.StepFailedException: Text 'Demo DB   processing...' is not present on page  using regular expression)
	at com.kms.katalon.core.keyword.internal.KeywordMain.stepFailed(KeywordMain.groovy:36)
	at com.kms.katalon.core.webui.keyword.internal.WebUIKeywordMain.stepFailed(WebUIKeywordMain.groovy:65)
	at com.kms.katalon.core.webui.keyword.internal.WebUIKeywordMain.runKeyword(WebUIKeywordMain.groovy:27)
	at com.kms.katalon.core.webui.keyword.builtin.VerifyTextPresentKeyword.verifyTextPresent(VerifyTextPresentKeyword.groovy:83)
	at com.kms.katalon.core.webui.keyword.builtin.VerifyTextPresentKeyword.execute(VerifyTextPresentKeyword.groovy:68)
	at com.kms.katalon.core.keyword.internal.KeywordExecutor.executeKeywordForPlatform(KeywordExecutor.groovy:53)
	at com.kms.katalon.core.webui.keyword.WebUiBuiltInKeywords.verifyTextPresent(WebUiBuiltInKeywords.groovy:1693)
	at com.kms.katalon.core.webui.keyword.WebUiBuiltInKeywords$verifyTextPresent$14.call(Unknown Source)
	at Poll Pad Setup - Demo DB.run(Poll Pad Setup - Demo DB:51)
	at com.kms.katalon.core.main.ScriptEngine.run(ScriptEngine.java:194)
	at com.kms.katalon.core.main.ScriptEngine.runScriptAsRawText(ScriptEngine.java:119)
	at com.kms.katalon.core.main.TestCaseExecutor.runScript(TestCaseExecutor.java:328)
	at com.kms.katalon.core.main.TestCaseExecutor.doExecute(TestCaseExecutor.java:319)
	at com.kms.katalon.core.main.TestCaseExecutor.processExecutionPhase(TestCaseExecutor.java:298)
	at com.kms.katalon.core.main.TestCaseExecutor.accessMainPhase(TestCaseExecutor.java:290)
	at com.kms.katalon.core.main.TestCaseExecutor.execute(TestCaseExecutor.java:224)
	at com.kms.katalon.core.main.TestSuiteExecutor.accessTestCaseMainPhase(TestSuiteExecutor.java:129)
	at com.kms.katalon.core.main.TestSuiteExecutor.accessTestSuiteMainPhase(TestSuiteExecutor.java:112)
	at com.kms.katalon.core.main.TestSuiteExecutor.execute(TestSuiteExecutor.java:81)
	at com.kms.katalon.core.main.TestCaseMain.startTestSuite(TestCaseMain.java:149)
	at com.kms.katalon.core.main.TestCaseMain$startTestSuite$0.call(Unknown Source)
	at TempTestSuite1553805915573.run(TempTestSuite1553805915573.groovy:36)


2019-03-28 16:01:19 - [TEST_STEP][PASSED] - openBrowser(""): Browser is opened with url: ''

2019-03-28 16:01:19 - [MESSAGE][INFO] - Starting 'Chrome' driver

2019-03-28 16:01:20 - [MESSAGE][PASSED] - Browser is opened with url: ''

2019-03-28 16:01:20 - [TEST_STEP][PASSED] - navigateToUrl(URL): Navigate to 'https://dev.epulse.io' successfully

2019-03-28 16:01:22 - [MESSAGE][PASSED] - Navigate to 'https://dev.epulse.io' successfully

2019-03-28 16:01:22 - [TEST_STEP][PASSED] - setText(findTestObject("Login/Email Address"), User_email): Text 'alonzo.mack@knowink.com' is set on object 'Object Repository/Login/Email Address'

2019-03-28 16:01:22 - [MESSAGE][PASSED] - Text 'alonzo.mack@knowink.com' is set on object 'Object Repository/Login/Email Address'

2019-03-28 16:01:22 - [TEST_STEP][PASSED] - setEncryptedText(findTestObject("Login/Password"), Pswrd): Text ****** has been set on object 'Object Repository/Login/Password'

2019-03-28 16:01:22 - [MESSAGE][PASSED] - Text ****** has been set on object 'Object Repository/Login/Password'

2019-03-28 16:01:22 - [TEST_STEP][PASSED] - click(findTestObject("Login/Sign In")): Object: 'Object Repository/Login/Sign In' is clicked on

2019-03-28 16:01:23 - [MESSAGE][PASSED] - Object: 'Object Repository/Login/Sign In' is clicked on

2019-03-28 16:01:23 - [TEST_STEP][PASSED] - delay(1): Delayed 1 second(s)

2019-03-28 16:01:24 - [MESSAGE][PASSED] - Delayed 1 second(s)

2019-03-28 16:01:24 - [TEST_STEP][PASSED] - navigateToUrl(Demo_DB): Navigate to 'https://am-automation-test.dev.epulse.io/account_settings/poll_pad' successfully

2019-03-28 16:01:25 - [MESSAGE][PASSED] - Navigate to 'https://am-automation-test.dev.epulse.io/account_settings/poll_pad' successfully

2019-03-28 16:01:25 - [TEST_STEP][PASSED] - click(findTestObject("Admin Console ePulse Menu/Account Settings/Poll Pad Setup/Demo Db")): Object: 'Object Repository/Admin Console ePulse Menu/Account Settings/Poll Pad Setup/Demo Db' is clicked on

2019-03-28 16:01:25 - [MESSAGE][PASSED] - Object: 'Object Repository/Admin Console ePulse Menu/Account Settings/Poll Pad Setup/Demo Db' is clicked on

2019-03-28 16:01:25 - [TEST_STEP][PASSED] - delay(1): Delayed 1 second(s)

2019-03-28 16:01:26 - [MESSAGE][PASSED] - Delayed 1 second(s)

2019-03-28 16:01:26 - [TEST_STEP][PASSED] - setText(findTestObject("Admin Console ePulse Menu/Account Settings/Poll Pad Setup/DEMO DB/Demo DB Name"), "Demo DB"): Text 'Demo DB' is set on object 'Object Repository/Admin Console ePulse Menu/Account Settings/Poll Pad Setup/DEMO DB/Demo DB Name'

2019-03-28 16:01:26 - [MESSAGE][PASSED] - Text 'Demo DB' is set on object 'Object Repository/Admin Console ePulse Menu/Account Settings/Poll Pad Setup/DEMO DB/Demo DB Name'

2019-03-28 16:01:26 - [TEST_STEP][PASSED] - delay(1): Delayed 1 second(s)

2019-03-28 16:01:27 - [MESSAGE][PASSED] - Delayed 1 second(s)

2019-03-28 16:01:27 - [TEST_STEP][NOT_RUN] - selectOptionByValue(findTestObject("Admin Console ePulse Menu/Account Settings/Poll Pad Setup/DEMO DB/Select Poll Pad Configuration"), "Test2", true): NOT_RUN: selectOptionByValue(findTestObject("Admin Console ePulse Menu/Account Settings/Poll Pad Setup/DEMO DB/Select Poll Pad Configuration"), "Test2", true)

2019-03-28 16:01:27 - [MESSAGE][NOT_RUN] - NOT_RUN: selectOptionByValue(findTestObject("Admin Console ePulse Menu/Account Settings/Poll Pad Setup/DEMO DB/Select Poll Pad Configuration"), "Test2", true)

2019-03-28 16:01:27 - [TEST_STEP][NOT_RUN] - selectOptionByIndex(findTestObject("Admin Console ePulse Menu/Account Settings/Poll Pad Setup/DEMO DB/Polling Place dropdown"), 2): NOT_RUN: selectOptionByIndex(findTestObject("Admin Console ePulse Menu/Account Settings/Poll Pad Setup/DEMO DB/Polling Place dropdown"), 2)

2019-03-28 16:01:27 - [MESSAGE][NOT_RUN] - NOT_RUN: selectOptionByIndex(findTestObject("Admin Console ePulse Menu/Account Settings/Poll Pad Setup/DEMO DB/Polling Place dropdown"), 2)

2019-03-28 16:01:27 - [TEST_STEP][PASSED] - click(findTestObject("Admin Console ePulse Menu/Account Settings/Poll Pad Setup/DEMO DB/Create Demo DB button")): Object: 'Object Repository/Admin Console ePulse Menu/Account Settings/Poll Pad Setup/DEMO DB/Create Demo DB button' is clicked on

2019-03-28 16:01:28 - [MESSAGE][PASSED] - Object: 'Object Repository/Admin Console ePulse Menu/Account Settings/Poll Pad Setup/DEMO DB/Create Demo DB button' is clicked on

2019-03-28 16:01:28 - [TEST_STEP][FAILED] - verifyTextPresent("Demo DB   processing...", true): verifyTextPresent("Demo DB   processing...", true) FAILED.
Reason:
com.kms.katalon.core.exception.StepFailedException: Unable to verify text 'Demo DB   processing...' is present  using regular expression (Root cause: com.kms.katalon.core.exception.StepFailedException: Text 'Demo DB   processing...' is not present on page  using regular expression)
	at com.kms.katalon.core.keyword.internal.KeywordMain.stepFailed(KeywordMain.groovy:36)
	at com.kms.katalon.core.webui.keyword.internal.WebUIKeywordMain.stepFailed(WebUIKeywordMain.groovy:65)
	at com.kms.katalon.core.webui.keyword.internal.WebUIKeywordMain.runKeyword(WebUIKeywordMain.groovy:27)
	at com.kms.katalon.core.webui.keyword.builtin.VerifyTextPresentKeyword.verifyTextPresent(VerifyTextPresentKeyword.groovy:83)
	at com.kms.katalon.core.webui.keyword.builtin.VerifyTextPresentKeyword.execute(VerifyTextPresentKeyword.groovy:68)
	at com.kms.katalon.core.keyword.internal.KeywordExecutor.executeKeywordForPlatform(KeywordExecutor.groovy:53)
	at com.kms.katalon.core.webui.keyword.WebUiBuiltInKeywords.verifyTextPresent(WebUiBuiltInKeywords.groovy:1693)
	at com.kms.katalon.core.webui.keyword.WebUiBuiltInKeywords$verifyTextPresent$14.call(Unknown Source)
	at Poll Pad Setup - Demo DB.run(Poll Pad Setup - Demo DB:51)
	at com.kms.katalon.core.main.ScriptEngine.run(ScriptEngine.java:194)
	at com.kms.katalon.core.main.ScriptEngine.runScriptAsRawText(ScriptEngine.java:119)
	at com.kms.katalon.core.main.TestCaseExecutor.runScript(TestCaseExecutor.java:328)
	at com.kms.katalon.core.main.TestCaseExecutor.doExecute(TestCaseExecutor.java:319)
	at com.kms.katalon.core.main.TestCaseExecutor.processExecutionPhase(TestCaseExecutor.java:298)
	at com.kms.katalon.core.main.TestCaseExecutor.accessMainPhase(TestCaseExecutor.java:290)
	at com.kms.katalon.core.main.TestCaseExecutor.execute(TestCaseExecutor.java:224)
	at com.kms.katalon.core.main.TestSuiteExecutor.accessTestCaseMainPhase(TestSuiteExecutor.java:129)
	at com.kms.katalon.core.main.TestSuiteExecutor.accessTestSuiteMainPhase(TestSuiteExecutor.java:112)
	at com.kms.katalon.core.main.TestSuiteExecutor.execute(TestSuiteExecutor.java:81)
	at com.kms.katalon.core.main.TestCaseMain.startTestSuite(TestCaseMain.java:149)
	at com.kms.katalon.core.main.TestCaseMain$startTestSuite$0.call(Unknown Source)
	at TempTestSuite1553805915573.run(TempTestSuite1553805915573.groovy:36)


2019-03-28 16:01:29 - [MESSAGE][FAILED] - Text 'Demo DB   processing...' is not present on page  using regular expression

2019-03-28 16:01:29 - [MESSAGE][FAILED] - Unable to verify text 'Demo DB   processing...' is present  using regular expression (Root cause: com.kms.katalon.core.exception.StepFailedException: Text 'Demo DB   processing...' is not present on page  using regular expression)
[[ATTACHMENT|/Users/alonzomack/Katalon Studio/Regression/Reports/dev_staging ready/20190328_154515/1553806889088.png]]

2019-03-28 16:01:29 - [MESSAGE][FAILED] - verifyTextPresent("Demo DB   processing...", true) FAILED.
Reason:
com.kms.katalon.core.exception.StepFailedException: Unable to verify text 'Demo DB   processing...' is present  using regular expression (Root cause: com.kms.katalon.core.exception.StepFailedException: Text 'Demo DB   processing...' is not present on page  using regular expression)
	at com.kms.katalon.core.keyword.internal.KeywordMain.stepFailed(KeywordMain.groovy:36)
	at com.kms.katalon.core.webui.keyword.internal.WebUIKeywordMain.stepFailed(WebUIKeywordMain.groovy:65)
	at com.kms.katalon.core.webui.keyword.internal.WebUIKeywordMain.runKeyword(WebUIKeywordMain.groovy:27)
	at com.kms.katalon.core.webui.keyword.builtin.VerifyTextPresentKeyword.verifyTextPresent(VerifyTextPresentKeyword.groovy:83)
	at com.kms.katalon.core.webui.keyword.builtin.VerifyTextPresentKeyword.execute(VerifyTextPresentKeyword.groovy:68)
	at com.kms.katalon.core.keyword.internal.KeywordExecutor.executeKeywordForPlatform(KeywordExecutor.groovy:53)
	at com.kms.katalon.core.webui.keyword.WebUiBuiltInKeywords.verifyTextPresent(WebUiBuiltInKeywords.groovy:1693)
	at com.kms.katalon.core.webui.keyword.WebUiBuiltInKeywords$verifyTextPresent$14.call(Unknown Source)
	at Poll Pad Setup - Demo DB.run(Poll Pad Setup - Demo DB:51)
	at com.kms.katalon.core.main.ScriptEngine.run(ScriptEngine.java:194)
	at com.kms.katalon.core.main.ScriptEngine.runScriptAsRawText(ScriptEngine.java:119)
	at com.kms.katalon.core.main.TestCaseExecutor.runScript(TestCaseExecutor.java:328)
	at com.kms.katalon.core.main.TestCaseExecutor.doExecute(TestCaseExecutor.java:319)
	at com.kms.katalon.core.main.TestCaseExecutor.processExecutionPhase(TestCaseExecutor.java:298)
	at com.kms.katalon.core.main.TestCaseExecutor.accessMainPhase(TestCaseExecutor.java:290)
	at com.kms.katalon.core.main.TestCaseExecutor.execute(TestCaseExecutor.java:224)
	at com.kms.katalon.core.main.TestSuiteExecutor.accessTestCaseMainPhase(TestSuiteExecutor.java:129)
	at com.kms.katalon.core.main.TestSuiteExecutor.accessTestSuiteMainPhase(TestSuiteExecutor.java:112)
	at com.kms.katalon.core.main.TestSuiteExecutor.execute(TestSuiteExecutor.java:81)
	at com.kms.katalon.core.main.TestCaseMain.startTestSuite(TestCaseMain.java:149)
	at com.kms.katalon.core.main.TestCaseMain$startTestSuite$0.call(Unknown Source)
	at TempTestSuite1553805915573.run(TempTestSuite1553805915573.groovy:36)]]></system-out>
         <system-err><![CDATA[2019-03-28 16:01:19 - [TEST_CASE][FAILED] - Test Cases/Admin Console/Account Settings/Poll Pad Setup()/Poll Pad Setup - Demo DB: Test Cases/Admin Console/Account Settings/Poll Pad Setup()/Poll Pad Setup - Demo DB FAILED.
Reason:
com.kms.katalon.core.exception.StepFailedException: Unable to verify text 'Demo DB   processing...' is present  using regular expression (Root cause: com.kms.katalon.core.exception.StepFailedException: Text 'Demo DB   processing...' is not present on page  using regular expression)
	at com.kms.katalon.core.keyword.internal.KeywordMain.stepFailed(KeywordMain.groovy:36)
	at com.kms.katalon.core.webui.keyword.internal.WebUIKeywordMain.stepFailed(WebUIKeywordMain.groovy:65)
	at com.kms.katalon.core.webui.keyword.internal.WebUIKeywordMain.runKeyword(WebUIKeywordMain.groovy:27)
	at com.kms.katalon.core.webui.keyword.builtin.VerifyTextPresentKeyword.verifyTextPresent(VerifyTextPresentKeyword.groovy:83)
	at com.kms.katalon.core.webui.keyword.builtin.VerifyTextPresentKeyword.execute(VerifyTextPresentKeyword.groovy:68)
	at com.kms.katalon.core.keyword.internal.KeywordExecutor.executeKeywordForPlatform(KeywordExecutor.groovy:53)
	at com.kms.katalon.core.webui.keyword.WebUiBuiltInKeywords.verifyTextPresent(WebUiBuiltInKeywords.groovy:1693)
	at com.kms.katalon.core.webui.keyword.WebUiBuiltInKeywords$verifyTextPresent$14.call(Unknown Source)
	at Poll Pad Setup - Demo DB.run(Poll Pad Setup - Demo DB:51)
	at com.kms.katalon.core.main.ScriptEngine.run(ScriptEngine.java:194)
	at com.kms.katalon.core.main.ScriptEngine.runScriptAsRawText(ScriptEngine.java:119)
	at com.kms.katalon.core.main.TestCaseExecutor.runScript(TestCaseExecutor.java:328)
	at com.kms.katalon.core.main.TestCaseExecutor.doExecute(TestCaseExecutor.java:319)
	at com.kms.katalon.core.main.TestCaseExecutor.processExecutionPhase(TestCaseExecutor.java:298)
	at com.kms.katalon.core.main.TestCaseExecutor.accessMainPhase(TestCaseExecutor.java:290)
	at com.kms.katalon.core.main.TestCaseExecutor.execute(TestCaseExecutor.java:224)
	at com.kms.katalon.core.main.TestSuiteExecutor.accessTestCaseMainPhase(TestSuiteExecutor.java:129)
	at com.kms.katalon.core.main.TestSuiteExecutor.accessTestSuiteMainPhase(TestSuiteExecutor.java:112)
	at com.kms.katalon.core.main.TestSuiteExecutor.execute(TestSuiteExecutor.java:81)
	at com.kms.katalon.core.main.TestCaseMain.startTestSuite(TestCaseMain.java:149)
	at com.kms.katalon.core.main.TestCaseMain$startTestSuite$0.call(Unknown Source)
	at TempTestSuite1553805915573.run(TempTestSuite1553805915573.groovy:36)]]></system-err>
      </testcase>
      <testcase name="Test Cases/Admin Console/Account Settings/Poll Pad Setup()/Poll Pad Setup - ISYNC" classname="Test Cases/Admin Console/Account Settings/Poll Pad Setup()/Poll Pad Setup - ISYNC" status="PASSED">
         <system-out><![CDATA[2019-03-28 16:01:31 - [TEST_CASE][PASSED] - Test Cases/Admin Console/Account Settings/Poll Pad Setup()/Poll Pad Setup - ISYNC: Test Cases/Admin Console/Account Settings/Poll Pad Setup()/Poll Pad Setup - ISYNC

2019-03-28 16:01:31 - [TEST_STEP][PASSED] - openBrowser(""): Browser is opened with url: ''

2019-03-28 16:01:31 - [MESSAGE][WARNING] - A browser is already opened. Closing browser and opening a new one

2019-03-28 16:01:32 - [MESSAGE][INFO] - Starting 'Chrome' driver

2019-03-28 16:01:33 - [MESSAGE][PASSED] - Browser is opened with url: ''

2019-03-28 16:01:33 - [TEST_STEP][PASSED] - navigateToUrl(URL): Navigate to 'https://dev.epulse.io' successfully

2019-03-28 16:01:34 - [MESSAGE][PASSED] - Navigate to 'https://dev.epulse.io' successfully

2019-03-28 16:01:34 - [TEST_STEP][PASSED] - setText(findTestObject("Login/Email Address"), User_email): Text 'alonzo.mack@knowink.com' is set on object 'Object Repository/Login/Email Address'

2019-03-28 16:01:35 - [MESSAGE][PASSED] - Text 'alonzo.mack@knowink.com' is set on object 'Object Repository/Login/Email Address'

2019-03-28 16:01:35 - [TEST_STEP][PASSED] - setEncryptedText(findTestObject("Login/Password"), Pswrd): Text ****** has been set on object 'Object Repository/Login/Password'

2019-03-28 16:01:35 - [MESSAGE][PASSED] - Text ****** has been set on object 'Object Repository/Login/Password'

2019-03-28 16:01:35 - [TEST_STEP][PASSED] - click(findTestObject("Login/Sign In")): Object: 'Object Repository/Login/Sign In' is clicked on

2019-03-28 16:01:35 - [MESSAGE][PASSED] - Object: 'Object Repository/Login/Sign In' is clicked on

2019-03-28 16:01:35 - [TEST_STEP][PASSED] - delay(1): Delayed 1 second(s)

2019-03-28 16:01:36 - [MESSAGE][PASSED] - Delayed 1 second(s)

2019-03-28 16:01:36 - [TEST_STEP][PASSED] - navigateToUrl(iSync): Navigate to 'https://am-automation-test.dev.epulse.io/account_settings/poll_pad' successfully

2019-03-28 16:01:38 - [MESSAGE][PASSED] - Navigate to 'https://am-automation-test.dev.epulse.io/account_settings/poll_pad' successfully

2019-03-28 16:01:38 - [TEST_STEP][PASSED] - click(findTestObject("Admin Console ePulse Menu/Account Settings/Poll Pad Setup/Isync")): Object: 'Object Repository/Admin Console ePulse Menu/Account Settings/Poll Pad Setup/Isync' is clicked on

2019-03-28 16:01:38 - [MESSAGE][PASSED] - Object: 'Object Repository/Admin Console ePulse Menu/Account Settings/Poll Pad Setup/Isync' is clicked on

2019-03-28 16:01:38 - [TEST_STEP][PASSED] - click(findTestObject("Admin Console ePulse Menu/Account Settings/Poll Pad Setup/ISYNC/Generate New button")): Object: 'Object Repository/Admin Console ePulse Menu/Account Settings/Poll Pad Setup/ISYNC/Generate New button' is clicked on

2019-03-28 16:01:39 - [MESSAGE][PASSED] - Object: 'Object Repository/Admin Console ePulse Menu/Account Settings/Poll Pad Setup/ISYNC/Generate New button' is clicked on

2019-03-28 16:01:39 - [TEST_STEP][PASSED] - delay(10): Delayed 10 second(s)

2019-03-28 16:01:49 - [MESSAGE][PASSED] - Delayed 10 second(s)

2019-03-28 16:01:49 - [TEST_STEP][PASSED] - click(findTestObject("Admin Console ePulse Menu/Account Settings/Poll Pad Setup/ISYNC/DOWNLOAD")): Object: 'Object Repository/Admin Console ePulse Menu/Account Settings/Poll Pad Setup/ISYNC/DOWNLOAD' is clicked on

2019-03-28 16:01:49 - [MESSAGE][PASSED] - Object: 'Object Repository/Admin Console ePulse Menu/Account Settings/Poll Pad Setup/ISYNC/DOWNLOAD' is clicked on

2019-03-28 16:01:49 - [TEST_STEP][PASSED] - delay(2): Delayed 2 second(s)

2019-03-28 16:01:51 - [MESSAGE][PASSED] - Delayed 2 second(s)

2019-03-28 16:01:51 - [TEST_STEP][PASSED] - click(findTestObject("Admin Console ePulse Menu/Account Settings/Poll Pad Setup/ISYNC/Delete Selected Download")): Object: 'Object Repository/Admin Console ePulse Menu/Account Settings/Poll Pad Setup/ISYNC/Delete Selected Download' is clicked on

2019-03-28 16:01:51 - [MESSAGE][PASSED] - Object: 'Object Repository/Admin Console ePulse Menu/Account Settings/Poll Pad Setup/ISYNC/Delete Selected Download' is clicked on

2019-03-28 16:01:51 - [TEST_STEP][PASSED] - acceptAlert(): Alert accepted

2019-03-28 16:01:51 - [MESSAGE][PASSED] - Alert accepted

2019-03-28 16:01:51 - [TEST_STEP][PASSED] - delay(1): Delayed 1 second(s)

2019-03-28 16:01:52 - [MESSAGE][PASSED] - Delayed 1 second(s)

2019-03-28 16:01:52 - [TEST_STEP][PASSED] - closeBrowser(): Browser is closed

2019-03-28 16:01:53 - [MESSAGE][PASSED] - Browser is closed]]></system-out>
         <system-err><![CDATA[]]></system-err>
      </testcase>
      <system-out><![CDATA[2019-03-28 15:45:21 - [TEST_SUITE][FAILED] - dev_staging ready: Test Cases/Admin Console/Account Settings/Oaths()/Oaths - Add FAILED.
Reason:
com.kms.katalon.core.exception.StepFailedException: Unable to set text 'Oath Instructions' of object 'Object Repository/Admin Console ePulse Menu/Account Settings/Oaths/Add_Edit Oath/Oath Instructions' (Root cause: org.openqa.selenium.ElementNotVisibleException: element not interactable
  (Session info: chrome=73.0.3683.86)
  (Driver info: chromedriver=2.43.600229 (3fae4d0cda5334b4f533bede5a4787f7b832d052),platform=Mac OS X 10.13.3 x86_64) (WARNING: The server did not provide any stacktrace information)
Command duration or timeout: 0 milliseconds
Build info: version: '3.7.1', revision: '8a0099a', time: '2017-11-06T21:07:36.161Z'
System info: host: 'QAs-MacBook-Pro-2.local', ip: '2600:6c40:5400:153d:9044:d55b:b9a2:17b3%en0', os.name: 'Mac OS X', os.arch: 'x86_64', os.version: '10.13.3', java.version: '1.8.0_181'
Driver info: com.kms.katalon.selenium.driver.CChromeDriver
Capabilities {acceptInsecureCerts: false, acceptSslCerts: false, applicationCacheEnabled: false, browserConnectionEnabled: false, browserName: chrome, chrome: {chromedriverVersion: 2.43.600229 (3fae4d0cda5334..., userDataDir: /var/folders/p5/lldhhw894tb...}, cssSelectorsEnabled: true, databaseEnabled: false, goog:chromeOptions: {debuggerAddress: localhost:57348}, handlesAlerts: true, hasTouchScreen: false, javascriptEnabled: true, locationContextEnabled: true, mobileEmulationEnabled: false, nativeEvents: true, networkConnectionEnabled: false, pageLoadStrategy: normal, platform: MAC, platformName: MAC, rotatable: false, setWindowRect: true, takesHeapSnapshot: true, takesScreenshot: true, unexpectedAlertBehaviour: , unhandledPromptBehavior: , version: 73.0.3683.86, webStorageEnabled: true}
Session ID: 980363027a9bc94054ae2bb544414833)
	at com.kms.katalon.core.keyword.internal.KeywordMain.stepFailed(KeywordMain.groovy:36)
	at com.kms.katalon.core.webui.keyword.internal.WebUIKeywordMain.stepFailed(WebUIKeywordMain.groovy:65)
	at com.kms.katalon.core.webui.keyword.internal.WebUIKeywordMain.runKeyword(WebUIKeywordMain.groovy:27)
	at com.kms.katalon.core.webui.keyword.builtin.SetTextKeyword.setText(SetTextKeyword.groovy:65)
	at com.kms.katalon.core.webui.keyword.builtin.SetTextKeyword.execute(SetTextKeyword.groovy:37)
	at com.kms.katalon.core.keyword.internal.KeywordExecutor.executeKeywordForPlatform(KeywordExecutor.groovy:53)
	at com.kms.katalon.core.webui.keyword.WebUiBuiltInKeywords.setText(WebUiBuiltInKeywords.groovy:950)
	at com.kms.katalon.core.webui.keyword.WebUiBuiltInKeywords$setText$1.call(Unknown Source)
	at Oaths - Add.run(Oaths - Add:49)
	at com.kms.katalon.core.main.ScriptEngine.run(ScriptEngine.java:194)
	at com.kms.katalon.core.main.ScriptEngine.runScriptAsRawText(ScriptEngine.java:119)
	at com.kms.katalon.core.main.TestCaseExecutor.runScript(TestCaseExecutor.java:328)
	at com.kms.katalon.core.main.TestCaseExecutor.doExecute(TestCaseExecutor.java:319)
	at com.kms.katalon.core.main.TestCaseExecutor.processExecutionPhase(TestCaseExecutor.java:298)
	at com.kms.katalon.core.main.TestCaseExecutor.accessMainPhase(TestCaseExecutor.java:290)
	at com.kms.katalon.core.main.TestCaseExecutor.execute(TestCaseExecutor.java:224)
	at com.kms.katalon.core.main.TestSuiteExecutor.accessTestCaseMainPhase(TestSuiteExecutor.java:129)
	at com.kms.katalon.core.main.TestSuiteExecutor.accessTestSuiteMainPhase(TestSuiteExecutor.java:112)
	at com.kms.katalon.core.main.TestSuiteExecutor.execute(TestSuiteExecutor.java:81)
	at com.kms.katalon.core.main.TestCaseMain.startTestSuite(TestCaseMain.java:149)
	at com.kms.katalon.core.main.TestCaseMain$startTestSuite$0.call(Unknown Source)
	at TempTestSuite1553805915573.run(TempTestSuite1553805915573.groovy:36)]]></system-out>
      <system-err><![CDATA[2019-03-28 15:45:21 - [TEST_SUITE][FAILED] - dev_staging ready: Test Cases/Admin Console/Account Settings/Oaths()/Oaths - Add FAILED.
Reason:
com.kms.katalon.core.exception.StepFailedException: Unable to set text 'Oath Instructions' of object 'Object Repository/Admin Console ePulse Menu/Account Settings/Oaths/Add_Edit Oath/Oath Instructions' (Root cause: org.openqa.selenium.ElementNotVisibleException: element not interactable
  (Session info: chrome=73.0.3683.86)
  (Driver info: chromedriver=2.43.600229 (3fae4d0cda5334b4f533bede5a4787f7b832d052),platform=Mac OS X 10.13.3 x86_64) (WARNING: The server did not provide any stacktrace information)
Command duration or timeout: 0 milliseconds
Build info: version: '3.7.1', revision: '8a0099a', time: '2017-11-06T21:07:36.161Z'
System info: host: 'QAs-MacBook-Pro-2.local', ip: '2600:6c40:5400:153d:9044:d55b:b9a2:17b3%en0', os.name: 'Mac OS X', os.arch: 'x86_64', os.version: '10.13.3', java.version: '1.8.0_181'
Driver info: com.kms.katalon.selenium.driver.CChromeDriver
Capabilities {acceptInsecureCerts: false, acceptSslCerts: false, applicationCacheEnabled: false, browserConnectionEnabled: false, browserName: chrome, chrome: {chromedriverVersion: 2.43.600229 (3fae4d0cda5334..., userDataDir: /var/folders/p5/lldhhw894tb...}, cssSelectorsEnabled: true, databaseEnabled: false, goog:chromeOptions: {debuggerAddress: localhost:57348}, handlesAlerts: true, hasTouchScreen: false, javascriptEnabled: true, locationContextEnabled: true, mobileEmulationEnabled: false, nativeEvents: true, networkConnectionEnabled: false, pageLoadStrategy: normal, platform: MAC, platformName: MAC, rotatable: false, setWindowRect: true, takesHeapSnapshot: true, takesScreenshot: true, unexpectedAlertBehaviour: , unhandledPromptBehavior: , version: 73.0.3683.86, webStorageEnabled: true}
Session ID: 980363027a9bc94054ae2bb544414833)
	at com.kms.katalon.core.keyword.internal.KeywordMain.stepFailed(KeywordMain.groovy:36)
	at com.kms.katalon.core.webui.keyword.internal.WebUIKeywordMain.stepFailed(WebUIKeywordMain.groovy:65)
	at com.kms.katalon.core.webui.keyword.internal.WebUIKeywordMain.runKeyword(WebUIKeywordMain.groovy:27)
	at com.kms.katalon.core.webui.keyword.builtin.SetTextKeyword.setText(SetTextKeyword.groovy:65)
	at com.kms.katalon.core.webui.keyword.builtin.SetTextKeyword.execute(SetTextKeyword.groovy:37)
	at com.kms.katalon.core.keyword.internal.KeywordExecutor.executeKeywordForPlatform(KeywordExecutor.groovy:53)
	at com.kms.katalon.core.webui.keyword.WebUiBuiltInKeywords.setText(WebUiBuiltInKeywords.groovy:950)
	at com.kms.katalon.core.webui.keyword.WebUiBuiltInKeywords$setText$1.call(Unknown Source)
	at Oaths - Add.run(Oaths - Add:49)
	at com.kms.katalon.core.main.ScriptEngine.run(ScriptEngine.java:194)
	at com.kms.katalon.core.main.ScriptEngine.runScriptAsRawText(ScriptEngine.java:119)
	at com.kms.katalon.core.main.TestCaseExecutor.runScript(TestCaseExecutor.java:328)
	at com.kms.katalon.core.main.TestCaseExecutor.doExecute(TestCaseExecutor.java:319)
	at com.kms.katalon.core.main.TestCaseExecutor.processExecutionPhase(TestCaseExecutor.java:298)
	at com.kms.katalon.core.main.TestCaseExecutor.accessMainPhase(TestCaseExecutor.java:290)
	at com.kms.katalon.core.main.TestCaseExecutor.execute(TestCaseExecutor.java:224)
	at com.kms.katalon.core.main.TestSuiteExecutor.accessTestCaseMainPhase(TestSuiteExecutor.java:129)
	at com.kms.katalon.core.main.TestSuiteExecutor.accessTestSuiteMainPhase(TestSuiteExecutor.java:112)
	at com.kms.katalon.core.main.TestSuiteExecutor.execute(TestSuiteExecutor.java:81)
	at com.kms.katalon.core.main.TestCaseMain.startTestSuite(TestCaseMain.java:149)
	at com.kms.katalon.core.main.TestCaseMain$startTestSuite$0.call(Unknown Source)
	at TempTestSuite1553805915573.run(TempTestSuite1553805915573.groovy:36)]]></system-err>
   </testsuite>
</testsuites>
