<?xml version="1.0" encoding="UTF-8"?>
<testsuites name="New Test Suite" time="1238" tests="54" failures="14" errors="0">
   <testsuite name="New Test Suite" tests="54" failures="14" errors="0" time="1238" timestamp="2018-11-15 12:08:25" hostname="alonzomack - 192.168.1.17" id="Test Suites/New Test Suite">
      <properties>
         <property name="deviceName" value=""/>
         <property name="devicePlatform" value=""/>
         <property name="logFolder" value="/Users/alonzomack/Katalon Studio/Regression/Reports/New Test Suite/20181115_120822"/>
         <property name="logFiles" value="/Users/alonzomack/Katalon Studio/Regression/Reports/New Test Suite/20181115_120822/execution0.log"/>
         <property name="attachments" value="/Users/alonzomack/Katalon Studio/Regression/Reports/New Test Suite/20181115_120822/1542305466974.png, /Users/alonzomack/Katalon Studio/Regression/Reports/New Test Suite/20181115_120822/1542305481479.png, /Users/alonzomack/Katalon Studio/Regression/Reports/New Test Suite/20181115_120822/1542305481744.png, /Users/alonzomack/Katalon Studio/Regression/Reports/New Test Suite/20181115_120822/1542305524429.png, /Users/alonzomack/Katalon Studio/Regression/Reports/New Test Suite/20181115_120822/1542305635165.png, /Users/alonzomack/Katalon Studio/Regression/Reports/New Test Suite/20181115_120822/1542305787782.png, /Users/alonzomack/Katalon Studio/Regression/Reports/New Test Suite/20181115_120822/1542306059692.png, /Users/alonzomack/Katalon Studio/Regression/Reports/New Test Suite/20181115_120822/1542306138841.png, /Users/alonzomack/Katalon Studio/Regression/Reports/New Test Suite/20181115_120822/1542306139126.png, /Users/alonzomack/Katalon Studio/Regression/Reports/New Test Suite/20181115_120822/1542306212698.png, /Users/alonzomack/Katalon Studio/Regression/Reports/New Test Suite/20181115_120822/1542306235253.png, /Users/alonzomack/Katalon Studio/Regression/Reports/New Test Suite/20181115_120822/1542306297538.png, /Users/alonzomack/Katalon Studio/Regression/Reports/New Test Suite/20181115_120822/1542306383654.png, /Users/alonzomack/Katalon Studio/Regression/Reports/New Test Suite/20181115_120822/1542306440458.png, /Users/alonzomack/Katalon Studio/Regression/Reports/New Test Suite/20181115_120822/1542306465263.png, /Users/alonzomack/Katalon Studio/Regression/Reports/New Test Suite/20181115_120822/1542306533551.png"/>
         <property name="hostName" value="alonzomack - 192.168.1.17"/>
         <property name="os" value="Mac OS X 64bit"/>
         <property name="katalonVersion" value="5.8.4.14"/>
         <property name="browser" value="Chrome 70.0.3538.102"/>
         <property name="hostAddress" value="192.168.1.17"/>
         <property name="sessionId" value="6f38f47519c0f3bbb8f5c756a02bb694"/>
         <property name="seleniumVersion" value="3.7.1"/>
         <property name="proxyInformation" value="ProxyInformation{proxyOption=NO_PROXY, proxyServerType=HTTP, password=, proxyServerAddress=, proxyServerPort=0}"/>
         <property name="platform" value="Mac OS X"/>
      </properties>
      <testcase name="Test Cases/SuperAdminConsole/Accounts/Account(SuperAdminConsole) - Delete" classname="Test Cases/SuperAdminConsole/Accounts/Account(SuperAdminConsole) - Delete" status="PASSED">
         <system-out><![CDATA[2018-11-15 12:08:26 - [TEST_CASE][PASSED] - Test Cases/SuperAdminConsole/Accounts/Account(SuperAdminConsole) - Delete: Test Cases/SuperAdminConsole/Accounts/Account(SuperAdminConsole) - Delete

2018-11-15 12:08:26 - [TEST_STEP][PASSED] - openBrowser: Browser is opened with url: ''

2018-11-15 12:08:28 - [MESSAGE][PASSED] - Browser is opened with url: ''

2018-11-15 12:08:28 - [TEST_STEP][PASSED] - navigateToUrl: Navigate to 'https://epulsedev2.com' successfully

2018-11-15 12:08:30 - [MESSAGE][PASSED] - Navigate to 'https://epulsedev2.com' successfully

2018-11-15 12:08:30 - [TEST_STEP][PASSED] - setText: Text 'alonzo.mack@knowink.com' is set on object 'Object Repository/Login/Email Address'

2018-11-15 12:08:30 - [MESSAGE][PASSED] - Text 'alonzo.mack@knowink.com' is set on object 'Object Repository/Login/Email Address'

2018-11-15 12:08:30 - [TEST_STEP][PASSED] - setEncryptedText: Text ****** has been set on object 'Object Repository/Login/Password'

2018-11-15 12:08:30 - [MESSAGE][PASSED] - Text ****** has been set on object 'Object Repository/Login/Password'

2018-11-15 12:08:30 - [TEST_STEP][PASSED] - click: Object: 'Object Repository/Login/Sign In' is clicked on

2018-11-15 12:08:32 - [MESSAGE][PASSED] - Object: 'Object Repository/Login/Sign In' is clicked on

2018-11-15 12:08:32 - [TEST_STEP][PASSED] - delay: Delayed 1 second(s)

2018-11-15 12:08:33 - [MESSAGE][PASSED] - Delayed 1 second(s)

2018-11-15 12:08:33 - [TEST_STEP][PASSED] - click: Object: 'Object Repository/Login/am-Automation-test' is clicked on

2018-11-15 12:08:34 - [MESSAGE][PASSED] - Object: 'Object Repository/Login/am-Automation-test' is clicked on

2018-11-15 12:08:34 - [TEST_STEP][PASSED] - delay: Delayed 1 second(s)

2018-11-15 12:08:35 - [MESSAGE][PASSED] - Delayed 1 second(s)

2018-11-15 12:08:35 - [TEST_STEP][PASSED] - mouseOver: Object: 'Object Repository/Common ePulse Objects/Actions(Gear icon)' is hovered

2018-11-15 12:08:35 - [MESSAGE][PASSED] - Object: 'Object Repository/Common ePulse Objects/Actions(Gear icon)' is hovered

2018-11-15 12:08:35 - [TEST_STEP][PASSED] - delay: Delayed 3 second(s)

2018-11-15 12:08:38 - [MESSAGE][PASSED] - Delayed 3 second(s)

2018-11-15 12:08:38 - [TEST_STEP][PASSED] - click: Object: 'Object Repository/SuperAdminConsole/Edit Accounts - Actions/Delete' is clicked on

2018-11-15 12:08:38 - [MESSAGE][PASSED] - Object: 'Object Repository/SuperAdminConsole/Edit Accounts - Actions/Delete' is clicked on

2018-11-15 12:08:38 - [TEST_STEP][PASSED] - acceptAlert: Alert accepted

2018-11-15 12:08:38 - [MESSAGE][PASSED] - Alert accepted

2018-11-15 12:08:38 - [TEST_STEP][PASSED] - closeBrowser: Browser is closed

2018-11-15 12:08:38 - [MESSAGE][PASSED] - Browser is closed]]></system-out>
         <system-err><![CDATA[]]></system-err>
      </testcase>
      <testcase name="Test Cases/SuperAdminConsole/Accounts/Create Account(SuperAdminConsole)" classname="Test Cases/SuperAdminConsole/Accounts/Create Account(SuperAdminConsole)" status="PASSED">
         <system-out><![CDATA[2018-11-15 12:08:38 - [TEST_CASE][PASSED] - Test Cases/SuperAdminConsole/Accounts/Create Account(SuperAdminConsole): Test Cases/SuperAdminConsole/Accounts/Create Account(SuperAdminConsole)

2018-11-15 12:08:38 - [TEST_STEP][PASSED] - openBrowser: Browser is opened with url: ''

2018-11-15 12:08:39 - [MESSAGE][PASSED] - Browser is opened with url: ''

2018-11-15 12:08:39 - [TEST_STEP][PASSED] - navigateToUrl: Navigate to 'https://epulsedev2.com' successfully

2018-11-15 12:08:41 - [MESSAGE][PASSED] - Navigate to 'https://epulsedev2.com' successfully

2018-11-15 12:08:41 - [TEST_STEP][PASSED] - setText: Text 'alonzo.mack@knowink.com' is set on object 'Object Repository/Login/Email Address'

2018-11-15 12:08:41 - [MESSAGE][PASSED] - Text 'alonzo.mack@knowink.com' is set on object 'Object Repository/Login/Email Address'

2018-11-15 12:08:41 - [TEST_STEP][PASSED] - setEncryptedText: Text ****** has been set on object 'Object Repository/Login/Password'

2018-11-15 12:08:41 - [MESSAGE][PASSED] - Text ****** has been set on object 'Object Repository/Login/Password'

2018-11-15 12:08:41 - [TEST_STEP][PASSED] - click: Object: 'Object Repository/Login/Sign In' is clicked on

2018-11-15 12:08:42 - [MESSAGE][PASSED] - Object: 'Object Repository/Login/Sign In' is clicked on

2018-11-15 12:08:42 - [TEST_STEP][PASSED] - delay: Delayed 1 second(s)

2018-11-15 12:08:43 - [MESSAGE][PASSED] - Delayed 1 second(s)

2018-11-15 12:08:43 - [TEST_STEP][PASSED] - click: Object: 'Object Repository/SuperAdminConsole/Account Creation/a_Add Account' is clicked on

2018-11-15 12:08:44 - [MESSAGE][PASSED] - Object: 'Object Repository/SuperAdminConsole/Account Creation/a_Add Account' is clicked on

2018-11-15 12:08:44 - [TEST_STEP][PASSED] - delay: Delayed 1 second(s)

2018-11-15 12:08:45 - [MESSAGE][PASSED] - Delayed 1 second(s)

2018-11-15 12:08:45 - [TEST_STEP][PASSED] - setText: Text 'am-Automation-test' is set on object 'Object Repository/SuperAdminConsole/Account Creation/Account Information/Display Title'

2018-11-15 12:08:45 - [MESSAGE][PASSED] - Text 'am-Automation-test' is set on object 'Object Repository/SuperAdminConsole/Account Creation/Account Information/Display Title'

2018-11-15 12:08:45 - [TEST_STEP][PASSED] - delay: Delayed 1 second(s)

2018-11-15 12:08:46 - [MESSAGE][PASSED] - Delayed 1 second(s)

2018-11-15 12:08:46 - [TEST_STEP][PASSED] - setText: Text 'am-Automation-test' is set on object 'Object Repository/SuperAdminConsole/Account Creation/Account Information/County'

2018-11-15 12:08:47 - [MESSAGE][PASSED] - Text 'am-Automation-test' is set on object 'Object Repository/SuperAdminConsole/Account Creation/Account Information/County'

2018-11-15 12:08:47 - [TEST_STEP][PASSED] - delay: Delayed 1 second(s)

2018-11-15 12:08:48 - [MESSAGE][PASSED] - Delayed 1 second(s)

2018-11-15 12:08:48 - [TEST_STEP][PASSED] - selectOptionByValue: All options with value 'MO' are selected in object 'Object Repository/SuperAdminConsole/Account Creation/Account Information/StateProvince'  using regular expression

2018-11-15 12:08:48 - [MESSAGE][PASSED] - All options with value 'MO' are selected in object 'Object Repository/SuperAdminConsole/Account Creation/Account Information/StateProvince'  using regular expression

2018-11-15 12:08:48 - [TEST_STEP][PASSED] - delay: Delayed 1 second(s)

2018-11-15 12:08:49 - [MESSAGE][PASSED] - Delayed 1 second(s)

2018-11-15 12:08:49 - [TEST_STEP][PASSED] - selectOptionByValue: All options with value '1' are selected in object 'Object Repository/SuperAdminConsole/Account Creation/Account Information/Pad Type'  using regular expression

2018-11-15 12:08:49 - [MESSAGE][PASSED] - All options with value '1' are selected in object 'Object Repository/SuperAdminConsole/Account Creation/Account Information/Pad Type'  using regular expression

2018-11-15 12:08:49 - [TEST_STEP][PASSED] - delay: Delayed 1 second(s)

2018-11-15 12:08:50 - [MESSAGE][PASSED] - Delayed 1 second(s)

2018-11-15 12:08:50 - [TEST_STEP][NOT_RUN] - selectOptionByValue: NOT_RUN: selectOptionByValue

2018-11-15 12:08:50 - [MESSAGE][NOT_RUN] - NOT_RUN: selectOptionByValue

2018-11-15 12:08:50 - [TEST_STEP][PASSED] - delay: Delayed 1 second(s)

2018-11-15 12:08:51 - [MESSAGE][PASSED] - Delayed 1 second(s)

2018-11-15 12:08:51 - [TEST_STEP][PASSED] - selectOptionByValue: All options with value 'mcvr' are selected in object 'Object Repository/SuperAdminConsole/Account Creation/Parsers and Exporters/Select_Voter File'  using regular expression

2018-11-15 12:08:52 - [MESSAGE][PASSED] - All options with value 'mcvr' are selected in object 'Object Repository/SuperAdminConsole/Account Creation/Parsers and Exporters/Select_Voter File'  using regular expression

2018-11-15 12:08:52 - [TEST_STEP][PASSED] - delay: Delayed 1 second(s)

2018-11-15 12:08:53 - [MESSAGE][PASSED] - Delayed 1 second(s)

2018-11-15 12:08:53 - [TEST_STEP][PASSED] - selectOptionByValue: All options with value 'mcvr' are selected in object 'Object Repository/SuperAdminConsole/Account Creation/Parsers and Exporters/Select_Supplemental file'  using regular expression

2018-11-15 12:08:53 - [MESSAGE][PASSED] - All options with value 'mcvr' are selected in object 'Object Repository/SuperAdminConsole/Account Creation/Parsers and Exporters/Select_Supplemental file'  using regular expression

2018-11-15 12:08:53 - [TEST_STEP][PASSED] - delay: Delayed 1 second(s)

2018-11-15 12:08:54 - [MESSAGE][PASSED] - Delayed 1 second(s)

2018-11-15 12:08:54 - [TEST_STEP][PASSED] - selectOptionByValue: All options with value 'epulse' are selected in object 'Object Repository/SuperAdminConsole/Account Creation/Parsers and Exporters/Polling Places'  using regular expression

2018-11-15 12:08:55 - [MESSAGE][PASSED] - All options with value 'epulse' are selected in object 'Object Repository/SuperAdminConsole/Account Creation/Parsers and Exporters/Polling Places'  using regular expression

2018-11-15 12:08:55 - [TEST_STEP][PASSED] - delay: Delayed 1 second(s)

2018-11-15 12:08:56 - [MESSAGE][PASSED] - Delayed 1 second(s)

2018-11-15 12:08:56 - [TEST_STEP][PASSED] - selectOptionByValue: All options with value 'mcvr' are selected in object 'Object Repository/SuperAdminConsole/Account Creation/Parsers and Exporters/Street Rules'  using regular expression

2018-11-15 12:08:56 - [MESSAGE][PASSED] - All options with value 'mcvr' are selected in object 'Object Repository/SuperAdminConsole/Account Creation/Parsers and Exporters/Street Rules'  using regular expression

2018-11-15 12:08:56 - [TEST_STEP][PASSED] - delay: Delayed 1 second(s)

2018-11-15 12:08:57 - [MESSAGE][PASSED] - Delayed 1 second(s)

2018-11-15 12:08:57 - [TEST_STEP][PASSED] - selectOptionByValue: All options with value 'mcvr' are selected in object 'Object Repository/SuperAdminConsole/Account Creation/Parsers and Exporters/Voter History Exporter'  using regular expression

2018-11-15 12:08:57 - [MESSAGE][PASSED] - All options with value 'mcvr' are selected in object 'Object Repository/SuperAdminConsole/Account Creation/Parsers and Exporters/Voter History Exporter'  using regular expression

2018-11-15 12:08:57 - [TEST_STEP][PASSED] - delay: Delayed 1 second(s)

2018-11-15 12:08:58 - [MESSAGE][PASSED] - Delayed 1 second(s)

2018-11-15 12:08:58 - [TEST_STEP][PASSED] - selectOptionByValue: All options with value 'epulse' are selected in object 'Object Repository/SuperAdminConsole/Account Creation/Parsers and Exporters/Signature Parser'  using regular expression

2018-11-15 12:08:58 - [MESSAGE][PASSED] - All options with value 'epulse' are selected in object 'Object Repository/SuperAdminConsole/Account Creation/Parsers and Exporters/Signature Parser'  using regular expression

2018-11-15 12:08:58 - [TEST_STEP][PASSED] - delay: Delayed 1 second(s)

2018-11-15 12:08:59 - [MESSAGE][PASSED] - Delayed 1 second(s)

2018-11-15 12:08:59 - [TEST_STEP][PASSED] - click: Object: 'Object Repository/SuperAdminConsole/Account Creation/Parsers and Exporters/Submit' is clicked on

2018-11-15 12:09:01 - [MESSAGE][PASSED] - Object: 'Object Repository/SuperAdminConsole/Account Creation/Parsers and Exporters/Submit' is clicked on

2018-11-15 12:09:01 - [TEST_STEP][PASSED] - delay: Delayed 1 second(s)

2018-11-15 12:09:02 - [MESSAGE][PASSED] - Delayed 1 second(s)

2018-11-15 12:09:02 - [TEST_STEP][PASSED] - closeBrowser: Browser is closed

2018-11-15 12:09:02 - [MESSAGE][PASSED] - Browser is closed]]></system-out>
         <system-err><![CDATA[]]></system-err>
      </testcase>
      <testcase name="Test Cases/Admin Console/Election Setup/Election Creation" classname="Test Cases/Admin Console/Election Setup/Election Creation" status="PASSED">
         <system-out><![CDATA[2018-11-15 12:09:02 - [TEST_CASE][PASSED] - Test Cases/Admin Console/Election Setup/Election Creation: Test Cases/Admin Console/Election Setup/Election Creation

2018-11-15 12:09:02 - [TEST_STEP][PASSED] - openBrowser: Browser is opened with url: ''

2018-11-15 12:09:03 - [MESSAGE][PASSED] - Browser is opened with url: ''

2018-11-15 12:09:03 - [TEST_STEP][PASSED] - navigateToUrl: Navigate to 'https://epulsedev2.com' successfully

2018-11-15 12:09:05 - [MESSAGE][PASSED] - Navigate to 'https://epulsedev2.com' successfully

2018-11-15 12:09:05 - [TEST_STEP][PASSED] - setText: Text 'alonzo.mack@knowink.com' is set on object 'Object Repository/Login/Email Address'

2018-11-15 12:09:05 - [MESSAGE][PASSED] - Text 'alonzo.mack@knowink.com' is set on object 'Object Repository/Login/Email Address'

2018-11-15 12:09:05 - [TEST_STEP][PASSED] - setEncryptedText: Text ****** has been set on object 'Object Repository/Login/Password'

2018-11-15 12:09:05 - [MESSAGE][PASSED] - Text ****** has been set on object 'Object Repository/Login/Password'

2018-11-15 12:09:05 - [TEST_STEP][PASSED] - click: Object: 'Object Repository/Login/Sign In' is clicked on

2018-11-15 12:09:06 - [MESSAGE][PASSED] - Object: 'Object Repository/Login/Sign In' is clicked on

2018-11-15 12:09:06 - [TEST_STEP][PASSED] - delay: Delayed 1 second(s)

2018-11-15 12:09:07 - [MESSAGE][PASSED] - Delayed 1 second(s)

2018-11-15 12:09:07 - [TEST_STEP][PASSED] - navigateToUrl: Navigate to 'https://am-automation-test.epulsedev2.com/elections/new' successfully

2018-11-15 12:09:08 - [MESSAGE][PASSED] - Navigate to 'https://am-automation-test.epulsedev2.com/elections/new' successfully

2018-11-15 12:09:08 - [TEST_STEP][PASSED] - setText: Text '/Users/alonzomack/Downloads/Imports/Missouri/voters_200_mcvr.txt' is set on object 'Object Repository/Common ePulse Objects/Choose File'

2018-11-15 12:09:08 - [MESSAGE][PASSED] - Text '/Users/alonzomack/Downloads/Imports/Missouri/voters_200_mcvr.txt' is set on object 'Object Repository/Common ePulse Objects/Choose File'

2018-11-15 12:09:08 - [TEST_STEP][PASSED] - click: Object: 'Object Repository/Common ePulse Objects/Continue Button' is clicked on

2018-11-15 12:09:08 - [MESSAGE][PASSED] - Object: 'Object Repository/Common ePulse Objects/Continue Button' is clicked on

2018-11-15 12:09:08 - [TEST_STEP][PASSED] - delay: Delayed 10 second(s)

2018-11-15 12:09:18 - [MESSAGE][PASSED] - Delayed 10 second(s)

2018-11-15 12:09:18 - [TEST_STEP][PASSED] - setText: Text 'Election Creation' is set on object 'Object Repository/Admin Console ePulse Menu/Election Setup/Election Creation/Election Name'

2018-11-15 12:09:18 - [MESSAGE][PASSED] - Text 'Election Creation' is set on object 'Object Repository/Admin Console ePulse Menu/Election Setup/Election Creation/Election Name'

2018-11-15 12:09:18 - [TEST_STEP][PASSED] - setText: Text '123' is set on object 'Object Repository/Admin Console ePulse Menu/Election Setup/Election Creation/Election Code'

2018-11-15 12:09:19 - [MESSAGE][PASSED] - Text '123' is set on object 'Object Repository/Admin Console ePulse Menu/Election Setup/Election Creation/Election Code'

2018-11-15 12:09:19 - [TEST_STEP][PASSED] - selectOptionByValue: All options with value 'general' are selected in object 'Object Repository/Admin Console ePulse Menu/Election Setup/Election Creation/Select Election Type'  using regular expression

2018-11-15 12:09:19 - [MESSAGE][PASSED] - All options with value 'general' are selected in object 'Object Repository/Admin Console ePulse Menu/Election Setup/Election Creation/Select Election Type'  using regular expression

2018-11-15 12:09:19 - [TEST_STEP][PASSED] - setText: Text '07/21/2021' is set on object 'Object Repository/Admin Console ePulse Menu/Election Setup/Election Creation/DATE'

2018-11-15 12:09:19 - [MESSAGE][PASSED] - Text '07/21/2021' is set on object 'Object Repository/Admin Console ePulse Menu/Election Setup/Election Creation/DATE'

2018-11-15 12:09:19 - [TEST_STEP][PASSED] - delay: Delayed 10 second(s)

2018-11-15 12:09:29 - [MESSAGE][PASSED] - Delayed 10 second(s)

2018-11-15 12:09:29 - [TEST_STEP][PASSED] - click: Object: 'Object Repository/Admin Console ePulse Menu/Election Setup/Election Creation/Next' is clicked on

2018-11-15 12:09:30 - [MESSAGE][PASSED] - Object: 'Object Repository/Admin Console ePulse Menu/Election Setup/Election Creation/Next' is clicked on

2018-11-15 12:09:30 - [TEST_STEP][PASSED] - delay: Delayed 10 second(s)

2018-11-15 12:09:40 - [MESSAGE][PASSED] - Delayed 10 second(s)

2018-11-15 12:09:40 - [TEST_STEP][PASSED] - click: Object: 'Object Repository/Admin Console ePulse Menu/Election Setup/Election Creation/Step3 Done' is clicked on

2018-11-15 12:09:41 - [MESSAGE][PASSED] - Object: 'Object Repository/Admin Console ePulse Menu/Election Setup/Election Creation/Step3 Done' is clicked on

2018-11-15 12:09:41 - [TEST_STEP][PASSED] - delay: Delayed 10 second(s)

2018-11-15 12:09:51 - [MESSAGE][PASSED] - Delayed 10 second(s)

2018-11-15 12:09:51 - [TEST_STEP][PASSED] - click: Object: 'Object Repository/Admin Console ePulse Menu/Election Setup/Election Creation/Step4 Done' is clicked on

2018-11-15 12:09:54 - [MESSAGE][PASSED] - Object: 'Object Repository/Admin Console ePulse Menu/Election Setup/Election Creation/Step4 Done' is clicked on

2018-11-15 12:09:54 - [TEST_STEP][PASSED] - delay: Delayed 10 second(s)

2018-11-15 12:10:04 - [MESSAGE][PASSED] - Delayed 10 second(s)

2018-11-15 12:10:04 - [TEST_STEP][PASSED] - click: Object: 'Object Repository/Admin Console ePulse Menu/Election Setup/Election Creation/Step5 Confirm' is clicked on

2018-11-15 12:10:04 - [MESSAGE][PASSED] - Object: 'Object Repository/Admin Console ePulse Menu/Election Setup/Election Creation/Step5 Confirm' is clicked on

2018-11-15 12:10:04 - [TEST_STEP][PASSED] - delay: Delayed 20 second(s)

2018-11-15 12:10:24 - [MESSAGE][PASSED] - Delayed 20 second(s)

2018-11-15 12:10:24 - [TEST_STEP][PASSED] - verifyTextPresent: Text 'Election Creation' is present on page  using regular expression

2018-11-15 12:10:24 - [MESSAGE][PASSED] - Text 'Election Creation' is present on page  using regular expression

2018-11-15 12:10:24 - [TEST_STEP][PASSED] - verifyTextPresent: Text 'Election Seed Files' is present on page  using regular expression

2018-11-15 12:10:24 - [MESSAGE][PASSED] - Text 'Election Seed Files' is present on page  using regular expression

2018-11-15 12:10:24 - [TEST_STEP][PASSED] - delay: Delayed 1 second(s)

2018-11-15 12:10:25 - [MESSAGE][PASSED] - Delayed 1 second(s)

2018-11-15 12:10:25 - [TEST_STEP][PASSED] - navigateToUrl: Navigate to 'https://am-automation-test.epulsedev2.com/voters#sort=last_name&direction=asc&display=list&page=1' successfully

2018-11-15 12:10:26 - [MESSAGE][PASSED] - Navigate to 'https://am-automation-test.epulsedev2.com/voters#sort=last_name&direction=asc&display=list&page=1' successfully

2018-11-15 12:10:26 - [TEST_STEP][PASSED] - delay: Delayed 1 second(s)

2018-11-15 12:10:27 - [MESSAGE][PASSED] - Delayed 1 second(s)

2018-11-15 12:10:27 - [TEST_STEP][PASSED] - delay: Delayed 1 second(s)

2018-11-15 12:10:28 - [MESSAGE][PASSED] - Delayed 1 second(s)

2018-11-15 12:10:28 - [TEST_STEP][PASSED] - verifyTextPresent: Text 'TWEEDIE MARIE AARON' is present on page  using regular expression

2018-11-15 12:10:28 - [MESSAGE][PASSED] - Text 'TWEEDIE MARIE AARON' is present on page  using regular expression

2018-11-15 12:10:28 - [TEST_STEP][PASSED] - closeBrowser: Browser is closed

2018-11-15 12:10:28 - [MESSAGE][PASSED] - Browser is closed]]></system-out>
         <system-err><![CDATA[]]></system-err>
      </testcase>
      <testcase name="Test Cases/Admin Console/Poll Pads/Poll Pad - Configuration/Poll Pad Configuration - Add" classname="Test Cases/Admin Console/Poll Pads/Poll Pad - Configuration/Poll Pad Configuration - Add" status="PASSED">
         <system-out><![CDATA[2018-11-15 12:10:28 - [TEST_CASE][PASSED] - Test Cases/Admin Console/Poll Pads/Poll Pad - Configuration/Poll Pad Configuration - Add: Test Cases/Admin Console/Poll Pads/Poll Pad - Configuration/Poll Pad Configuration - Add

2018-11-15 12:10:28 - [TEST_STEP][PASSED] - openBrowser: Browser is opened with url: ''

2018-11-15 12:10:29 - [MESSAGE][PASSED] - Browser is opened with url: ''

2018-11-15 12:10:29 - [TEST_STEP][PASSED] - navigateToUrl: Navigate to 'https://epulsedev2.com' successfully

2018-11-15 12:10:31 - [MESSAGE][PASSED] - Navigate to 'https://epulsedev2.com' successfully

2018-11-15 12:10:31 - [TEST_STEP][PASSED] - setText: Text 'alonzo.mack@knowink.com' is set on object 'Object Repository/Login/Email Address'

2018-11-15 12:10:31 - [MESSAGE][PASSED] - Text 'alonzo.mack@knowink.com' is set on object 'Object Repository/Login/Email Address'

2018-11-15 12:10:31 - [TEST_STEP][PASSED] - setEncryptedText: Text ****** has been set on object 'Object Repository/Login/Password'

2018-11-15 12:10:31 - [MESSAGE][PASSED] - Text ****** has been set on object 'Object Repository/Login/Password'

2018-11-15 12:10:31 - [TEST_STEP][PASSED] - click: Object: 'Object Repository/Login/Sign In' is clicked on

2018-11-15 12:10:32 - [MESSAGE][PASSED] - Object: 'Object Repository/Login/Sign In' is clicked on

2018-11-15 12:10:32 - [TEST_STEP][PASSED] - delay: Delayed 1 second(s)

2018-11-15 12:10:33 - [MESSAGE][PASSED] - Delayed 1 second(s)

2018-11-15 12:10:33 - [TEST_STEP][PASSED] - navigateToUrl: Navigate to 'https://am-automation-test.epulsedev2.com/poll_pad_configs#sort=name&direction=asc&display=list' successfully

2018-11-15 12:10:35 - [MESSAGE][PASSED] - Navigate to 'https://am-automation-test.epulsedev2.com/poll_pad_configs#sort=name&direction=asc&display=list' successfully

2018-11-15 12:10:35 - [TEST_STEP][PASSED] - delay: Delayed 1 second(s)

2018-11-15 12:10:36 - [MESSAGE][PASSED] - Delayed 1 second(s)

2018-11-15 12:10:36 - [TEST_STEP][PASSED] - click: Object: 'Object Repository/Admin Console ePulse Menu/Poll Pads/Poll Pad Config - Add/Add Configuration' is clicked on

2018-11-15 12:10:37 - [MESSAGE][PASSED] - Object: 'Object Repository/Admin Console ePulse Menu/Poll Pads/Poll Pad Config - Add/Add Configuration' is clicked on

2018-11-15 12:10:37 - [TEST_STEP][PASSED] - delay: Delayed 1 second(s)

2018-11-15 12:10:38 - [MESSAGE][PASSED] - Delayed 1 second(s)

2018-11-15 12:10:38 - [TEST_STEP][PASSED] - setText: Text 'Automation Created Config' is set on object 'Object Repository/Admin Console ePulse Menu/Poll Pads/Poll Pad Config - Add/PollPad Config Name'

2018-11-15 12:10:38 - [MESSAGE][PASSED] - Text 'Automation Created Config' is set on object 'Object Repository/Admin Console ePulse Menu/Poll Pads/Poll Pad Config - Add/PollPad Config Name'

2018-11-15 12:10:38 - [TEST_STEP][PASSED] - delay: Delayed 1 second(s)

2018-11-15 12:10:39 - [MESSAGE][PASSED] - Delayed 1 second(s)

2018-11-15 12:10:39 - [TEST_STEP][PASSED] - click: Object: 'Object Repository/Admin Console ePulse Menu/Poll Pads/Poll Pad Config - Add/Submit Config' is clicked on

2018-11-15 12:10:40 - [MESSAGE][PASSED] - Object: 'Object Repository/Admin Console ePulse Menu/Poll Pads/Poll Pad Config - Add/Submit Config' is clicked on

2018-11-15 12:10:40 - [TEST_STEP][PASSED] - delay: Delayed 1 second(s)

2018-11-15 12:10:41 - [MESSAGE][PASSED] - Delayed 1 second(s)

2018-11-15 12:10:41 - [TEST_STEP][PASSED] - closeBrowser: Browser is closed

2018-11-15 12:10:41 - [MESSAGE][PASSED] - Browser is closed]]></system-out>
         <system-err><![CDATA[]]></system-err>
      </testcase>
      <testcase name="Test Cases/Admin Console/Poll Pads/Poll Pad - Configuration/Poll Pad Configuration - Import" classname="Test Cases/Admin Console/Poll Pads/Poll Pad - Configuration/Poll Pad Configuration - Import" status="FAILED">
         <failure type="FAILED" message="(Stack trace: com.kms.katalon.core.exception.StepFailedException: Unable to click on object 'Object Repository/Common ePulse Objects/button_Done(working)' (Root cause: com.kms.katalon.core.webui.exception.WebElementNotFoundException: Web element with id: 'Object Repository/Common ePulse Objects/button_Done(working)' located by 'By.xpath: (.//*[normalize-space(text()) and normalize-space(.)='Done!'])[1]/following::button[1]' not found)
	at com.kms.katalon.core.keyword.internal.KeywordMain.stepFailed(KeywordMain.groovy:36)
	at com.kms.katalon.core.webui.keyword.internal.WebUIKeywordMain.stepFailed(WebUIKeywordMain.groovy:65)
	at com.kms.katalon.core.webui.keyword.internal.WebUIKeywordMain.runKeyword(WebUIKeywordMain.groovy:27)
	at com.kms.katalon.core.webui.keyword.builtin.ClickKeyword.click(ClickKeyword.groovy:86)
	at com.kms.katalon.core.webui.keyword.builtin.ClickKeyword.execute(ClickKeyword.groovy:67)
	at com.kms.katalon.core.keyword.internal.KeywordExecutor.executeKeywordForPlatform(KeywordExecutor.groovy:53)
	at com.kms.katalon.core.webui.keyword.WebUiBuiltInKeywords.click(WebUiBuiltInKeywords.groovy:616)
	at com.kms.katalon.core.webui.keyword.WebUiBuiltInKeywords$click$3.call(Unknown Source)
	at org.codehaus.groovy.runtime.callsite.CallSiteArray.defaultCall(CallSiteArray.java:48)
	at org.codehaus.groovy.runtime.callsite.AbstractCallSite.call(AbstractCallSite.java:113)
	at org.codehaus.groovy.runtime.callsite.AbstractCallSite.call(AbstractCallSite.java:125)
	at Script1541509680330.run(Script1541509680330.groovy:45)
	at com.kms.katalon.core.main.ScriptEngine.run(ScriptEngine.java:183)
	at com.kms.katalon.core.main.ScriptEngine.runScriptAsRawText(ScriptEngine.java:108)
	at com.kms.katalon.core.main.TestCaseExecutor.runScript(TestCaseExecutor.java:294)
	at com.kms.katalon.core.main.TestCaseExecutor.doExecute(TestCaseExecutor.java:285)
	at com.kms.katalon.core.main.TestCaseExecutor.processExecutionPhase(TestCaseExecutor.java:264)
	at com.kms.katalon.core.main.TestCaseExecutor.accessMainPhase(TestCaseExecutor.java:256)
	at com.kms.katalon.core.main.TestCaseExecutor.execute(TestCaseExecutor.java:200)
	at com.kms.katalon.core.main.TestSuiteExecutor.accessTestCaseMainPhase(TestSuiteExecutor.java:129)
	at com.kms.katalon.core.main.TestSuiteExecutor.accessTestSuiteMainPhase(TestSuiteExecutor.java:112)
	at com.kms.katalon.core.main.TestSuiteExecutor.execute(TestSuiteExecutor.java:81)
	at com.kms.katalon.core.main.TestCaseMain.startTestSuite(TestCaseMain.java:142)
	at com.kms.katalon.core.main.TestCaseMain$startTestSuite$0.call(Unknown Source)
	at org.codehaus.groovy.runtime.callsite.CallSiteArray.defaultCall(CallSiteArray.java:48)
	at org.codehaus.groovy.runtime.callsite.AbstractCallSite.call(AbstractCallSite.java:113)
	at org.codehaus.groovy.runtime.callsite.AbstractCallSite.call(AbstractCallSite.java:141)
	at TempTestSuite1542305302868.run(TempTestSuite1542305302868.groovy:36)
	at groovy.lang.GroovyShell.runScriptOrMainOrTestOrRunnable(GroovyShell.java:263)
	at groovy.lang.GroovyShell.run(GroovyShell.java:518)
	at groovy.lang.GroovyShell.run(GroovyShell.java:507)
	at groovy.ui.GroovyMain.processOnce(GroovyMain.java:653)
	at groovy.ui.GroovyMain.run(GroovyMain.java:384)
	at groovy.ui.GroovyMain.process(GroovyMain.java:370)
	at groovy.ui.GroovyMain.processArgs(GroovyMain.java:129)
	at groovy.ui.GroovyMain.main(GroovyMain.java:109)
	at sun.reflect.NativeMethodAccessorImpl.invoke0(Native Method)
	at sun.reflect.NativeMethodAccessorImpl.invoke(NativeMethodAccessorImpl.java:62)
	at sun.reflect.DelegatingMethodAccessorImpl.invoke(DelegatingMethodAccessorImpl.java:43)
	at java.lang.reflect.Method.invoke(Method.java:498)
	at org.codehaus.groovy.tools.GroovyStarter.rootLoader(GroovyStarter.java:109)
	at org.codehaus.groovy.tools.GroovyStarter.main(GroovyStarter.java:131)
)"/>
         <system-out><![CDATA[2018-11-15 12:10:41 - [TEST_CASE][FAILED] - Test Cases/Admin Console/Poll Pads/Poll Pad - Configuration/Poll Pad Configuration - Import: Test Cases/Admin Console/Poll Pads/Poll Pad - Configuration/Poll Pad Configuration - Import FAILED because (of) (Stack trace: com.kms.katalon.core.exception.StepFailedException: Unable to click on object 'Object Repository/Common ePulse Objects/button_Done(working)' (Root cause: com.kms.katalon.core.webui.exception.WebElementNotFoundException: Web element with id: 'Object Repository/Common ePulse Objects/button_Done(working)' located by 'By.xpath: (.//*[normalize-space(text()) and normalize-space(.)='Done!'])[1]/following::button[1]' not found)
	at com.kms.katalon.core.keyword.internal.KeywordMain.stepFailed(KeywordMain.groovy:36)
	at com.kms.katalon.core.webui.keyword.internal.WebUIKeywordMain.stepFailed(WebUIKeywordMain.groovy:65)
	at com.kms.katalon.core.webui.keyword.internal.WebUIKeywordMain.runKeyword(WebUIKeywordMain.groovy:27)
	at com.kms.katalon.core.webui.keyword.builtin.ClickKeyword.click(ClickKeyword.groovy:86)
	at com.kms.katalon.core.webui.keyword.builtin.ClickKeyword.execute(ClickKeyword.groovy:67)
	at com.kms.katalon.core.keyword.internal.KeywordExecutor.executeKeywordForPlatform(KeywordExecutor.groovy:53)
	at com.kms.katalon.core.webui.keyword.WebUiBuiltInKeywords.click(WebUiBuiltInKeywords.groovy:616)
	at com.kms.katalon.core.webui.keyword.WebUiBuiltInKeywords$click$3.call(Unknown Source)
	at org.codehaus.groovy.runtime.callsite.CallSiteArray.defaultCall(CallSiteArray.java:48)
	at org.codehaus.groovy.runtime.callsite.AbstractCallSite.call(AbstractCallSite.java:113)
	at org.codehaus.groovy.runtime.callsite.AbstractCallSite.call(AbstractCallSite.java:125)
	at Script1541509680330.run(Script1541509680330.groovy:45)
	at com.kms.katalon.core.main.ScriptEngine.run(ScriptEngine.java:183)
	at com.kms.katalon.core.main.ScriptEngine.runScriptAsRawText(ScriptEngine.java:108)
	at com.kms.katalon.core.main.TestCaseExecutor.runScript(TestCaseExecutor.java:294)
	at com.kms.katalon.core.main.TestCaseExecutor.doExecute(TestCaseExecutor.java:285)
	at com.kms.katalon.core.main.TestCaseExecutor.processExecutionPhase(TestCaseExecutor.java:264)
	at com.kms.katalon.core.main.TestCaseExecutor.accessMainPhase(TestCaseExecutor.java:256)
	at com.kms.katalon.core.main.TestCaseExecutor.execute(TestCaseExecutor.java:200)
	at com.kms.katalon.core.main.TestSuiteExecutor.accessTestCaseMainPhase(TestSuiteExecutor.java:129)
	at com.kms.katalon.core.main.TestSuiteExecutor.accessTestSuiteMainPhase(TestSuiteExecutor.java:112)
	at com.kms.katalon.core.main.TestSuiteExecutor.execute(TestSuiteExecutor.java:81)
	at com.kms.katalon.core.main.TestCaseMain.startTestSuite(TestCaseMain.java:142)
	at com.kms.katalon.core.main.TestCaseMain$startTestSuite$0.call(Unknown Source)
	at org.codehaus.groovy.runtime.callsite.CallSiteArray.defaultCall(CallSiteArray.java:48)
	at org.codehaus.groovy.runtime.callsite.AbstractCallSite.call(AbstractCallSite.java:113)
	at org.codehaus.groovy.runtime.callsite.AbstractCallSite.call(AbstractCallSite.java:141)
	at TempTestSuite1542305302868.run(TempTestSuite1542305302868.groovy:36)
	at groovy.lang.GroovyShell.runScriptOrMainOrTestOrRunnable(GroovyShell.java:263)
	at groovy.lang.GroovyShell.run(GroovyShell.java:518)
	at groovy.lang.GroovyShell.run(GroovyShell.java:507)
	at groovy.ui.GroovyMain.processOnce(GroovyMain.java:653)
	at groovy.ui.GroovyMain.run(GroovyMain.java:384)
	at groovy.ui.GroovyMain.process(GroovyMain.java:370)
	at groovy.ui.GroovyMain.processArgs(GroovyMain.java:129)
	at groovy.ui.GroovyMain.main(GroovyMain.java:109)
	at sun.reflect.NativeMethodAccessorImpl.invoke0(Native Method)
	at sun.reflect.NativeMethodAccessorImpl.invoke(NativeMethodAccessorImpl.java:62)
	at sun.reflect.DelegatingMethodAccessorImpl.invoke(DelegatingMethodAccessorImpl.java:43)
	at java.lang.reflect.Method.invoke(Method.java:498)
	at org.codehaus.groovy.tools.GroovyStarter.rootLoader(GroovyStarter.java:109)
	at org.codehaus.groovy.tools.GroovyStarter.main(GroovyStarter.java:131)
)

2018-11-15 12:10:42 - [TEST_STEP][PASSED] - openBrowser: Browser is opened with url: ''

2018-11-15 12:10:42 - [MESSAGE][PASSED] - Browser is opened with url: ''

2018-11-15 12:10:42 - [TEST_STEP][PASSED] - navigateToUrl: Navigate to 'https://epulsedev2.com' successfully

2018-11-15 12:10:44 - [MESSAGE][PASSED] - Navigate to 'https://epulsedev2.com' successfully

2018-11-15 12:10:44 - [TEST_STEP][PASSED] - setText: Text 'alonzo.mack@knowink.com' is set on object 'Object Repository/Login/Email Address'

2018-11-15 12:10:44 - [MESSAGE][PASSED] - Text 'alonzo.mack@knowink.com' is set on object 'Object Repository/Login/Email Address'

2018-11-15 12:10:44 - [TEST_STEP][PASSED] - setEncryptedText: Text ****** has been set on object 'Object Repository/Login/Password'

2018-11-15 12:10:44 - [MESSAGE][PASSED] - Text ****** has been set on object 'Object Repository/Login/Password'

2018-11-15 12:10:44 - [TEST_STEP][PASSED] - click: Object: 'Object Repository/Login/Sign In' is clicked on

2018-11-15 12:10:46 - [MESSAGE][PASSED] - Object: 'Object Repository/Login/Sign In' is clicked on

2018-11-15 12:10:46 - [TEST_STEP][PASSED] - delay: Delayed 1 second(s)

2018-11-15 12:10:47 - [MESSAGE][PASSED] - Delayed 1 second(s)

2018-11-15 12:10:47 - [TEST_STEP][PASSED] - navigateToUrl: Navigate to 'https://am-automation-test.epulsedev2.com/imports/poll_pad_config' successfully

2018-11-15 12:10:48 - [MESSAGE][PASSED] - Navigate to 'https://am-automation-test.epulsedev2.com/imports/poll_pad_config' successfully

2018-11-15 12:10:48 - [TEST_STEP][PASSED] - delay: Delayed 1 second(s)

2018-11-15 12:10:49 - [MESSAGE][PASSED] - Delayed 1 second(s)

2018-11-15 12:10:49 - [TEST_STEP][PASSED] - setText: Text '/Users/alonzomack/Downloads/Automation uploads/poll_pad_config.csv' is set on object 'Object Repository/Common ePulse Objects/Choose File'

2018-11-15 12:10:49 - [MESSAGE][PASSED] - Text '/Users/alonzomack/Downloads/Automation uploads/poll_pad_config.csv' is set on object 'Object Repository/Common ePulse Objects/Choose File'

2018-11-15 12:10:49 - [TEST_STEP][PASSED] - setText: Text 'Test Config' is set on object 'Object Repository/Admin Console ePulse Menu/Poll Pads/Poll Pads - Configuration Import/Config Name'

2018-11-15 12:10:49 - [MESSAGE][PASSED] - Text 'Test Config' is set on object 'Object Repository/Admin Console ePulse Menu/Poll Pads/Poll Pads - Configuration Import/Config Name'

2018-11-15 12:10:49 - [TEST_STEP][PASSED] - click: Object: 'Object Repository/Common ePulse Objects/Continue Button' is clicked on

2018-11-15 12:10:49 - [MESSAGE][PASSED] - Object: 'Object Repository/Common ePulse Objects/Continue Button' is clicked on

2018-11-15 12:10:49 - [TEST_STEP][PASSED] - delay: Delayed 1 second(s)

2018-11-15 12:10:50 - [MESSAGE][PASSED] - Delayed 1 second(s)

2018-11-15 12:10:50 - [TEST_STEP][FAILED] - click: Unable to click on object 'Object Repository/Common ePulse Objects/button_Done(working)' (Root cause: com.kms.katalon.core.webui.exception.WebElementNotFoundException: Web element with id: 'Object Repository/Common ePulse Objects/button_Done(working)' located by 'By.xpath: (.//*[normalize-space(text()) and normalize-space(.)='Done!'])[1]/following::button[1]' not found)

2018-11-15 12:11:07 - [MESSAGE][FAILED] - Unable to click on object 'Object Repository/Common ePulse Objects/button_Done(working)' (Root cause: com.kms.katalon.core.webui.exception.WebElementNotFoundException: Web element with id: 'Object Repository/Common ePulse Objects/button_Done(working)' located by 'By.xpath: (.//*[normalize-space(text()) and normalize-space(.)='Done!'])[1]/following::button[1]' not found)
[[ATTACHMENT|/Users/alonzomack/Katalon Studio/Regression/Reports/New Test Suite/20181115_120822/1542305466974.png]]]]></system-out>
         <system-err><![CDATA[2018-11-15 12:10:41 - [TEST_CASE][FAILED] - Test Cases/Admin Console/Poll Pads/Poll Pad - Configuration/Poll Pad Configuration - Import: Test Cases/Admin Console/Poll Pads/Poll Pad - Configuration/Poll Pad Configuration - Import FAILED because (of) (Stack trace: com.kms.katalon.core.exception.StepFailedException: Unable to click on object 'Object Repository/Common ePulse Objects/button_Done(working)' (Root cause: com.kms.katalon.core.webui.exception.WebElementNotFoundException: Web element with id: 'Object Repository/Common ePulse Objects/button_Done(working)' located by 'By.xpath: (.//*[normalize-space(text()) and normalize-space(.)='Done!'])[1]/following::button[1]' not found)
	at com.kms.katalon.core.keyword.internal.KeywordMain.stepFailed(KeywordMain.groovy:36)
	at com.kms.katalon.core.webui.keyword.internal.WebUIKeywordMain.stepFailed(WebUIKeywordMain.groovy:65)
	at com.kms.katalon.core.webui.keyword.internal.WebUIKeywordMain.runKeyword(WebUIKeywordMain.groovy:27)
	at com.kms.katalon.core.webui.keyword.builtin.ClickKeyword.click(ClickKeyword.groovy:86)
	at com.kms.katalon.core.webui.keyword.builtin.ClickKeyword.execute(ClickKeyword.groovy:67)
	at com.kms.katalon.core.keyword.internal.KeywordExecutor.executeKeywordForPlatform(KeywordExecutor.groovy:53)
	at com.kms.katalon.core.webui.keyword.WebUiBuiltInKeywords.click(WebUiBuiltInKeywords.groovy:616)
	at com.kms.katalon.core.webui.keyword.WebUiBuiltInKeywords$click$3.call(Unknown Source)
	at org.codehaus.groovy.runtime.callsite.CallSiteArray.defaultCall(CallSiteArray.java:48)
	at org.codehaus.groovy.runtime.callsite.AbstractCallSite.call(AbstractCallSite.java:113)
	at org.codehaus.groovy.runtime.callsite.AbstractCallSite.call(AbstractCallSite.java:125)
	at Script1541509680330.run(Script1541509680330.groovy:45)
	at com.kms.katalon.core.main.ScriptEngine.run(ScriptEngine.java:183)
	at com.kms.katalon.core.main.ScriptEngine.runScriptAsRawText(ScriptEngine.java:108)
	at com.kms.katalon.core.main.TestCaseExecutor.runScript(TestCaseExecutor.java:294)
	at com.kms.katalon.core.main.TestCaseExecutor.doExecute(TestCaseExecutor.java:285)
	at com.kms.katalon.core.main.TestCaseExecutor.processExecutionPhase(TestCaseExecutor.java:264)
	at com.kms.katalon.core.main.TestCaseExecutor.accessMainPhase(TestCaseExecutor.java:256)
	at com.kms.katalon.core.main.TestCaseExecutor.execute(TestCaseExecutor.java:200)
	at com.kms.katalon.core.main.TestSuiteExecutor.accessTestCaseMainPhase(TestSuiteExecutor.java:129)
	at com.kms.katalon.core.main.TestSuiteExecutor.accessTestSuiteMainPhase(TestSuiteExecutor.java:112)
	at com.kms.katalon.core.main.TestSuiteExecutor.execute(TestSuiteExecutor.java:81)
	at com.kms.katalon.core.main.TestCaseMain.startTestSuite(TestCaseMain.java:142)
	at com.kms.katalon.core.main.TestCaseMain$startTestSuite$0.call(Unknown Source)
	at org.codehaus.groovy.runtime.callsite.CallSiteArray.defaultCall(CallSiteArray.java:48)
	at org.codehaus.groovy.runtime.callsite.AbstractCallSite.call(AbstractCallSite.java:113)
	at org.codehaus.groovy.runtime.callsite.AbstractCallSite.call(AbstractCallSite.java:141)
	at TempTestSuite1542305302868.run(TempTestSuite1542305302868.groovy:36)
	at groovy.lang.GroovyShell.runScriptOrMainOrTestOrRunnable(GroovyShell.java:263)
	at groovy.lang.GroovyShell.run(GroovyShell.java:518)
	at groovy.lang.GroovyShell.run(GroovyShell.java:507)
	at groovy.ui.GroovyMain.processOnce(GroovyMain.java:653)
	at groovy.ui.GroovyMain.run(GroovyMain.java:384)
	at groovy.ui.GroovyMain.process(GroovyMain.java:370)
	at groovy.ui.GroovyMain.processArgs(GroovyMain.java:129)
	at groovy.ui.GroovyMain.main(GroovyMain.java:109)
	at sun.reflect.NativeMethodAccessorImpl.invoke0(Native Method)
	at sun.reflect.NativeMethodAccessorImpl.invoke(NativeMethodAccessorImpl.java:62)
	at sun.reflect.DelegatingMethodAccessorImpl.invoke(DelegatingMethodAccessorImpl.java:43)
	at java.lang.reflect.Method.invoke(Method.java:498)
	at org.codehaus.groovy.tools.GroovyStarter.rootLoader(GroovyStarter.java:109)
	at org.codehaus.groovy.tools.GroovyStarter.main(GroovyStarter.java:131)
)]]></system-err>
      </testcase>
      <testcase name="Test Cases/SuperAdminConsole/Poll Pads/PollPad - Add" classname="Test Cases/SuperAdminConsole/Poll Pads/PollPad - Add" status="FAILED">
         <failure type="FAILED" message="(Stack trace: com.kms.katalon.core.exception.StepFailedException: Verify element text of test object 'Object Repository/SuperAdminConsole/Poll Pads/Test PollPad' FAILED. (Root cause: Actual text '' and expected text 'Test PollPad' of test object 'Object Repository/SuperAdminConsole/Poll Pads/Test PollPad' are NOT matched.)
	at com.kms.katalon.core.keyword.internal.KeywordMain.stepFailed(KeywordMain.groovy:36)
	at com.kms.katalon.core.webui.keyword.internal.WebUIKeywordMain.stepFailed(WebUIKeywordMain.groovy:65)
	at com.kms.katalon.core.webui.keyword.internal.WebUIKeywordMain.runKeyword(WebUIKeywordMain.groovy:27)
	at com.kms.katalon.core.webui.keyword.builtin.VerifyElementTextKeyword.verifyElementText(VerifyElementTextKeyword.groovy:72)
	at com.kms.katalon.core.webui.keyword.builtin.VerifyElementTextKeyword.execute(VerifyElementTextKeyword.groovy:40)
	at com.kms.katalon.core.keyword.internal.KeywordExecutor.executeKeywordForPlatform(KeywordExecutor.groovy:53)
	at com.kms.katalon.core.webui.keyword.WebUiBuiltInKeywords.verifyElementText(WebUiBuiltInKeywords.groovy:3663)
	at com.kms.katalon.core.webui.keyword.WebUiBuiltInKeywords$verifyElementText$11.call(Unknown Source)
	at org.codehaus.groovy.runtime.callsite.CallSiteArray.defaultCall(CallSiteArray.java:48)
	at org.codehaus.groovy.runtime.callsite.AbstractCallSite.call(AbstractCallSite.java:113)
	at org.codehaus.groovy.runtime.callsite.AbstractCallSite.call(AbstractCallSite.java:133)
	at Script1540594161112.run(Script1540594161112.groovy:73)
	at com.kms.katalon.core.main.ScriptEngine.run(ScriptEngine.java:183)
	at com.kms.katalon.core.main.ScriptEngine.runScriptAsRawText(ScriptEngine.java:108)
	at com.kms.katalon.core.main.TestCaseExecutor.runScript(TestCaseExecutor.java:294)
	at com.kms.katalon.core.main.TestCaseExecutor.doExecute(TestCaseExecutor.java:285)
	at com.kms.katalon.core.main.TestCaseExecutor.processExecutionPhase(TestCaseExecutor.java:264)
	at com.kms.katalon.core.main.TestCaseExecutor.accessMainPhase(TestCaseExecutor.java:256)
	at com.kms.katalon.core.main.TestCaseExecutor.execute(TestCaseExecutor.java:200)
	at com.kms.katalon.core.main.TestSuiteExecutor.accessTestCaseMainPhase(TestSuiteExecutor.java:129)
	at com.kms.katalon.core.main.TestSuiteExecutor.accessTestSuiteMainPhase(TestSuiteExecutor.java:112)
	at com.kms.katalon.core.main.TestSuiteExecutor.execute(TestSuiteExecutor.java:81)
	at com.kms.katalon.core.main.TestCaseMain.startTestSuite(TestCaseMain.java:142)
	at com.kms.katalon.core.main.TestCaseMain$startTestSuite$0.call(Unknown Source)
	at org.codehaus.groovy.runtime.callsite.CallSiteArray.defaultCall(CallSiteArray.java:48)
	at org.codehaus.groovy.runtime.callsite.AbstractCallSite.call(AbstractCallSite.java:113)
	at org.codehaus.groovy.runtime.callsite.AbstractCallSite.call(AbstractCallSite.java:141)
	at TempTestSuite1542305302868.run(TempTestSuite1542305302868.groovy:36)
	at groovy.lang.GroovyShell.runScriptOrMainOrTestOrRunnable(GroovyShell.java:263)
	at groovy.lang.GroovyShell.run(GroovyShell.java:518)
	at groovy.lang.GroovyShell.run(GroovyShell.java:507)
	at groovy.ui.GroovyMain.processOnce(GroovyMain.java:653)
	at groovy.ui.GroovyMain.run(GroovyMain.java:384)
	at groovy.ui.GroovyMain.process(GroovyMain.java:370)
	at groovy.ui.GroovyMain.processArgs(GroovyMain.java:129)
	at groovy.ui.GroovyMain.main(GroovyMain.java:109)
	at sun.reflect.NativeMethodAccessorImpl.invoke0(Native Method)
	at sun.reflect.NativeMethodAccessorImpl.invoke(NativeMethodAccessorImpl.java:62)
	at sun.reflect.DelegatingMethodAccessorImpl.invoke(DelegatingMethodAccessorImpl.java:43)
	at java.lang.reflect.Method.invoke(Method.java:498)
	at org.codehaus.groovy.tools.GroovyStarter.rootLoader(GroovyStarter.java:109)
	at org.codehaus.groovy.tools.GroovyStarter.main(GroovyStarter.java:131)
)"/>
         <system-out><![CDATA[2018-11-15 12:11:07 - [TEST_CASE][FAILED] - Test Cases/SuperAdminConsole/Poll Pads/PollPad - Add: Test Cases/SuperAdminConsole/Poll Pads/PollPad - Add FAILED because (of) (Stack trace: com.kms.katalon.core.exception.StepFailedException: Verify element text of test object 'Object Repository/SuperAdminConsole/Poll Pads/Test PollPad' FAILED. (Root cause: Actual text '' and expected text 'Test PollPad' of test object 'Object Repository/SuperAdminConsole/Poll Pads/Test PollPad' are NOT matched.)
	at com.kms.katalon.core.keyword.internal.KeywordMain.stepFailed(KeywordMain.groovy:36)
	at com.kms.katalon.core.webui.keyword.internal.WebUIKeywordMain.stepFailed(WebUIKeywordMain.groovy:65)
	at com.kms.katalon.core.webui.keyword.internal.WebUIKeywordMain.runKeyword(WebUIKeywordMain.groovy:27)
	at com.kms.katalon.core.webui.keyword.builtin.VerifyElementTextKeyword.verifyElementText(VerifyElementTextKeyword.groovy:72)
	at com.kms.katalon.core.webui.keyword.builtin.VerifyElementTextKeyword.execute(VerifyElementTextKeyword.groovy:40)
	at com.kms.katalon.core.keyword.internal.KeywordExecutor.executeKeywordForPlatform(KeywordExecutor.groovy:53)
	at com.kms.katalon.core.webui.keyword.WebUiBuiltInKeywords.verifyElementText(WebUiBuiltInKeywords.groovy:3663)
	at com.kms.katalon.core.webui.keyword.WebUiBuiltInKeywords$verifyElementText$11.call(Unknown Source)
	at org.codehaus.groovy.runtime.callsite.CallSiteArray.defaultCall(CallSiteArray.java:48)
	at org.codehaus.groovy.runtime.callsite.AbstractCallSite.call(AbstractCallSite.java:113)
	at org.codehaus.groovy.runtime.callsite.AbstractCallSite.call(AbstractCallSite.java:133)
	at Script1540594161112.run(Script1540594161112.groovy:73)
	at com.kms.katalon.core.main.ScriptEngine.run(ScriptEngine.java:183)
	at com.kms.katalon.core.main.ScriptEngine.runScriptAsRawText(ScriptEngine.java:108)
	at com.kms.katalon.core.main.TestCaseExecutor.runScript(TestCaseExecutor.java:294)
	at com.kms.katalon.core.main.TestCaseExecutor.doExecute(TestCaseExecutor.java:285)
	at com.kms.katalon.core.main.TestCaseExecutor.processExecutionPhase(TestCaseExecutor.java:264)
	at com.kms.katalon.core.main.TestCaseExecutor.accessMainPhase(TestCaseExecutor.java:256)
	at com.kms.katalon.core.main.TestCaseExecutor.execute(TestCaseExecutor.java:200)
	at com.kms.katalon.core.main.TestSuiteExecutor.accessTestCaseMainPhase(TestSuiteExecutor.java:129)
	at com.kms.katalon.core.main.TestSuiteExecutor.accessTestSuiteMainPhase(TestSuiteExecutor.java:112)
	at com.kms.katalon.core.main.TestSuiteExecutor.execute(TestSuiteExecutor.java:81)
	at com.kms.katalon.core.main.TestCaseMain.startTestSuite(TestCaseMain.java:142)
	at com.kms.katalon.core.main.TestCaseMain$startTestSuite$0.call(Unknown Source)
	at org.codehaus.groovy.runtime.callsite.CallSiteArray.defaultCall(CallSiteArray.java:48)
	at org.codehaus.groovy.runtime.callsite.AbstractCallSite.call(AbstractCallSite.java:113)
	at org.codehaus.groovy.runtime.callsite.AbstractCallSite.call(AbstractCallSite.java:141)
	at TempTestSuite1542305302868.run(TempTestSuite1542305302868.groovy:36)
	at groovy.lang.GroovyShell.runScriptOrMainOrTestOrRunnable(GroovyShell.java:263)
	at groovy.lang.GroovyShell.run(GroovyShell.java:518)
	at groovy.lang.GroovyShell.run(GroovyShell.java:507)
	at groovy.ui.GroovyMain.processOnce(GroovyMain.java:653)
	at groovy.ui.GroovyMain.run(GroovyMain.java:384)
	at groovy.ui.GroovyMain.process(GroovyMain.java:370)
	at groovy.ui.GroovyMain.processArgs(GroovyMain.java:129)
	at groovy.ui.GroovyMain.main(GroovyMain.java:109)
	at sun.reflect.NativeMethodAccessorImpl.invoke0(Native Method)
	at sun.reflect.NativeMethodAccessorImpl.invoke(NativeMethodAccessorImpl.java:62)
	at sun.reflect.DelegatingMethodAccessorImpl.invoke(DelegatingMethodAccessorImpl.java:43)
	at java.lang.reflect.Method.invoke(Method.java:498)
	at org.codehaus.groovy.tools.GroovyStarter.rootLoader(GroovyStarter.java:109)
	at org.codehaus.groovy.tools.GroovyStarter.main(GroovyStarter.java:131)
)

2018-11-15 12:11:07 - [TEST_STEP][PASSED] - openBrowser: Browser is opened with url: ''

2018-11-15 12:11:07 - [MESSAGE][WARNING] - A browser is already opened. Closing browser and opening a new one

2018-11-15 12:11:08 - [MESSAGE][PASSED] - Browser is opened with url: ''

2018-11-15 12:11:08 - [TEST_STEP][PASSED] - navigateToUrl: Navigate to 'https://epulsedev2.com' successfully

2018-11-15 12:11:10 - [MESSAGE][PASSED] - Navigate to 'https://epulsedev2.com' successfully

2018-11-15 12:11:10 - [TEST_STEP][PASSED] - setText: Text 'alonzo.mack@knowink.com' is set on object 'Object Repository/Login/Email Address'

2018-11-15 12:11:10 - [MESSAGE][PASSED] - Text 'alonzo.mack@knowink.com' is set on object 'Object Repository/Login/Email Address'

2018-11-15 12:11:10 - [TEST_STEP][PASSED] - setEncryptedText: Text ****** has been set on object 'Object Repository/Login/Password'

2018-11-15 12:11:10 - [MESSAGE][PASSED] - Text ****** has been set on object 'Object Repository/Login/Password'

2018-11-15 12:11:10 - [TEST_STEP][PASSED] - click: Object: 'Object Repository/Login/Sign In' is clicked on

2018-11-15 12:11:11 - [MESSAGE][PASSED] - Object: 'Object Repository/Login/Sign In' is clicked on

2018-11-15 12:11:11 - [TEST_STEP][PASSED] - delay: Delayed 1 second(s)

2018-11-15 12:11:12 - [MESSAGE][PASSED] - Delayed 1 second(s)

2018-11-15 12:11:12 - [TEST_STEP][PASSED] - click: Object: 'Object Repository/SuperAdminConsole/Poll Pads/POLL PADS link' is clicked on

2018-11-15 12:11:13 - [MESSAGE][PASSED] - Object: 'Object Repository/SuperAdminConsole/Poll Pads/POLL PADS link' is clicked on

2018-11-15 12:11:13 - [TEST_STEP][PASSED] - delay: Delayed 1 second(s)

2018-11-15 12:11:14 - [MESSAGE][PASSED] - Delayed 1 second(s)

2018-11-15 12:11:14 - [TEST_STEP][PASSED] - click: Object: 'Object Repository/SuperAdminConsole/Poll Pads/Add Poll Pad' is clicked on

2018-11-15 12:11:14 - [MESSAGE][PASSED] - Object: 'Object Repository/SuperAdminConsole/Poll Pads/Add Poll Pad' is clicked on

2018-11-15 12:11:14 - [TEST_STEP][PASSED] - delay: Delayed 1 second(s)

2018-11-15 12:11:15 - [MESSAGE][PASSED] - Delayed 1 second(s)

2018-11-15 12:11:15 - [TEST_STEP][PASSED] - setText: Text 'Test PollPad' is set on object 'Object Repository/SuperAdminConsole/Poll Pads/Add Poll Pad Options/Poll_Pad_Name'

2018-11-15 12:11:15 - [MESSAGE][PASSED] - Text 'Test PollPad' is set on object 'Object Repository/SuperAdminConsole/Poll Pads/Add Poll Pad Options/Poll_Pad_Name'

2018-11-15 12:11:15 - [TEST_STEP][PASSED] - delay: Delayed 1 second(s)

2018-11-15 12:11:16 - [MESSAGE][PASSED] - Delayed 1 second(s)

2018-11-15 12:11:16 - [TEST_STEP][PASSED] - click: Object: 'Object Repository/SuperAdminConsole/Poll Pads/Add Poll Pad Options/Account' is clicked on

2018-11-15 12:11:16 - [MESSAGE][PASSED] - Object: 'Object Repository/SuperAdminConsole/Poll Pads/Add Poll Pad Options/Account' is clicked on

2018-11-15 12:11:16 - [TEST_STEP][PASSED] - click: Object: 'Object Repository/SuperAdminConsole/Poll Pads/AM-Mississippi' is clicked on

2018-11-15 12:11:17 - [MESSAGE][PASSED] - Object: 'Object Repository/SuperAdminConsole/Poll Pads/AM-Mississippi' is clicked on

2018-11-15 12:11:17 - [TEST_STEP][PASSED] - delay: Delayed 1 second(s)

2018-11-15 12:11:18 - [MESSAGE][PASSED] - Delayed 1 second(s)

2018-11-15 12:11:18 - [TEST_STEP][PASSED] - click: Object: 'Object Repository/SuperAdminConsole/Poll Pads/Add Poll Pad Options/Polling Places' is clicked on

2018-11-15 12:11:18 - [MESSAGE][PASSED] - Object: 'Object Repository/SuperAdminConsole/Poll Pads/Add Poll Pad Options/Polling Places' is clicked on

2018-11-15 12:11:18 - [TEST_STEP][PASSED] - click: Object: 'Object Repository/SuperAdminConsole/Poll Pads/Add Poll Pad Options/Polling Place(CATO FIRE STATION)' is clicked on

2018-11-15 12:11:18 - [MESSAGE][PASSED] - Object: 'Object Repository/SuperAdminConsole/Poll Pads/Add Poll Pad Options/Polling Place(CATO FIRE STATION)' is clicked on

2018-11-15 12:11:18 - [TEST_STEP][PASSED] - delay: Delayed 1 second(s)

2018-11-15 12:11:19 - [MESSAGE][PASSED] - Delayed 1 second(s)

2018-11-15 12:11:19 - [TEST_STEP][PASSED] - selectOptionByValue: All options with value '871' are selected in object 'Object Repository/SuperAdminConsole/Poll Pads/Add Poll Pad Options/Configuration' 

2018-11-15 12:11:19 - [MESSAGE][PASSED] - All options with value '871' are selected in object 'Object Repository/SuperAdminConsole/Poll Pads/Add Poll Pad Options/Configuration' 

2018-11-15 12:11:19 - [TEST_STEP][PASSED] - delay: Delayed 1 second(s)

2018-11-15 12:11:20 - [MESSAGE][PASSED] - Delayed 1 second(s)

2018-11-15 12:11:20 - [TEST_STEP][PASSED] - click: Object: 'Object Repository/Admin Console ePulse Menu/Account Settings/Prompts/Prompt Criteria Modal/Save' is clicked on

2018-11-15 12:11:20 - [MESSAGE][PASSED] - Object: 'Object Repository/Admin Console ePulse Menu/Account Settings/Prompts/Prompt Criteria Modal/Save' is clicked on

2018-11-15 12:11:20 - [TEST_STEP][PASSED] - delay: Delayed 1 second(s)

2018-11-15 12:11:21 - [MESSAGE][PASSED] - Delayed 1 second(s)

2018-11-15 12:11:21 - [TEST_STEP][FAILED] - verifyElementText: Verify element text of test object 'Object Repository/SuperAdminConsole/Poll Pads/Test PollPad' FAILED. (Root cause: Actual text '' and expected text 'Test PollPad' of test object 'Object Repository/SuperAdminConsole/Poll Pads/Test PollPad' are NOT matched.)

2018-11-15 12:11:21 - [MESSAGE][FAILED] - Actual text '' and expected text 'Test PollPad' of test object 'Object Repository/SuperAdminConsole/Poll Pads/Test PollPad' are NOT matched.
[[ATTACHMENT|/Users/alonzomack/Katalon Studio/Regression/Reports/New Test Suite/20181115_120822/1542305481479.png]]

2018-11-15 12:11:21 - [MESSAGE][FAILED] - Verify element text of test object 'Object Repository/SuperAdminConsole/Poll Pads/Test PollPad' FAILED. (Root cause: Actual text '' and expected text 'Test PollPad' of test object 'Object Repository/SuperAdminConsole/Poll Pads/Test PollPad' are NOT matched.)
[[ATTACHMENT|/Users/alonzomack/Katalon Studio/Regression/Reports/New Test Suite/20181115_120822/1542305481744.png]]]]></system-out>
         <system-err><![CDATA[2018-11-15 12:11:07 - [TEST_CASE][FAILED] - Test Cases/SuperAdminConsole/Poll Pads/PollPad - Add: Test Cases/SuperAdminConsole/Poll Pads/PollPad - Add FAILED because (of) (Stack trace: com.kms.katalon.core.exception.StepFailedException: Verify element text of test object 'Object Repository/SuperAdminConsole/Poll Pads/Test PollPad' FAILED. (Root cause: Actual text '' and expected text 'Test PollPad' of test object 'Object Repository/SuperAdminConsole/Poll Pads/Test PollPad' are NOT matched.)
	at com.kms.katalon.core.keyword.internal.KeywordMain.stepFailed(KeywordMain.groovy:36)
	at com.kms.katalon.core.webui.keyword.internal.WebUIKeywordMain.stepFailed(WebUIKeywordMain.groovy:65)
	at com.kms.katalon.core.webui.keyword.internal.WebUIKeywordMain.runKeyword(WebUIKeywordMain.groovy:27)
	at com.kms.katalon.core.webui.keyword.builtin.VerifyElementTextKeyword.verifyElementText(VerifyElementTextKeyword.groovy:72)
	at com.kms.katalon.core.webui.keyword.builtin.VerifyElementTextKeyword.execute(VerifyElementTextKeyword.groovy:40)
	at com.kms.katalon.core.keyword.internal.KeywordExecutor.executeKeywordForPlatform(KeywordExecutor.groovy:53)
	at com.kms.katalon.core.webui.keyword.WebUiBuiltInKeywords.verifyElementText(WebUiBuiltInKeywords.groovy:3663)
	at com.kms.katalon.core.webui.keyword.WebUiBuiltInKeywords$verifyElementText$11.call(Unknown Source)
	at org.codehaus.groovy.runtime.callsite.CallSiteArray.defaultCall(CallSiteArray.java:48)
	at org.codehaus.groovy.runtime.callsite.AbstractCallSite.call(AbstractCallSite.java:113)
	at org.codehaus.groovy.runtime.callsite.AbstractCallSite.call(AbstractCallSite.java:133)
	at Script1540594161112.run(Script1540594161112.groovy:73)
	at com.kms.katalon.core.main.ScriptEngine.run(ScriptEngine.java:183)
	at com.kms.katalon.core.main.ScriptEngine.runScriptAsRawText(ScriptEngine.java:108)
	at com.kms.katalon.core.main.TestCaseExecutor.runScript(TestCaseExecutor.java:294)
	at com.kms.katalon.core.main.TestCaseExecutor.doExecute(TestCaseExecutor.java:285)
	at com.kms.katalon.core.main.TestCaseExecutor.processExecutionPhase(TestCaseExecutor.java:264)
	at com.kms.katalon.core.main.TestCaseExecutor.accessMainPhase(TestCaseExecutor.java:256)
	at com.kms.katalon.core.main.TestCaseExecutor.execute(TestCaseExecutor.java:200)
	at com.kms.katalon.core.main.TestSuiteExecutor.accessTestCaseMainPhase(TestSuiteExecutor.java:129)
	at com.kms.katalon.core.main.TestSuiteExecutor.accessTestSuiteMainPhase(TestSuiteExecutor.java:112)
	at com.kms.katalon.core.main.TestSuiteExecutor.execute(TestSuiteExecutor.java:81)
	at com.kms.katalon.core.main.TestCaseMain.startTestSuite(TestCaseMain.java:142)
	at com.kms.katalon.core.main.TestCaseMain$startTestSuite$0.call(Unknown Source)
	at org.codehaus.groovy.runtime.callsite.CallSiteArray.defaultCall(CallSiteArray.java:48)
	at org.codehaus.groovy.runtime.callsite.AbstractCallSite.call(AbstractCallSite.java:113)
	at org.codehaus.groovy.runtime.callsite.AbstractCallSite.call(AbstractCallSite.java:141)
	at TempTestSuite1542305302868.run(TempTestSuite1542305302868.groovy:36)
	at groovy.lang.GroovyShell.runScriptOrMainOrTestOrRunnable(GroovyShell.java:263)
	at groovy.lang.GroovyShell.run(GroovyShell.java:518)
	at groovy.lang.GroovyShell.run(GroovyShell.java:507)
	at groovy.ui.GroovyMain.processOnce(GroovyMain.java:653)
	at groovy.ui.GroovyMain.run(GroovyMain.java:384)
	at groovy.ui.GroovyMain.process(GroovyMain.java:370)
	at groovy.ui.GroovyMain.processArgs(GroovyMain.java:129)
	at groovy.ui.GroovyMain.main(GroovyMain.java:109)
	at sun.reflect.NativeMethodAccessorImpl.invoke0(Native Method)
	at sun.reflect.NativeMethodAccessorImpl.invoke(NativeMethodAccessorImpl.java:62)
	at sun.reflect.DelegatingMethodAccessorImpl.invoke(DelegatingMethodAccessorImpl.java:43)
	at java.lang.reflect.Method.invoke(Method.java:498)
	at org.codehaus.groovy.tools.GroovyStarter.rootLoader(GroovyStarter.java:109)
	at org.codehaus.groovy.tools.GroovyStarter.main(GroovyStarter.java:131)
)]]></system-err>
      </testcase>
      <testcase name="Test Cases/SuperAdminConsole/Poll Pads/PollPad_Assign" classname="Test Cases/SuperAdminConsole/Poll Pads/PollPad_Assign" status="PASSED">
         <system-out><![CDATA[2018-11-15 12:11:21 - [TEST_CASE][PASSED] - Test Cases/SuperAdminConsole/Poll Pads/PollPad_Assign: Test Cases/SuperAdminConsole/Poll Pads/PollPad_Assign

2018-11-15 12:11:22 - [TEST_STEP][PASSED] - openBrowser: Browser is opened with url: 'https://epulsedev2.com'

2018-11-15 12:11:22 - [MESSAGE][WARNING] - A browser is already opened. Closing browser and opening a new one

2018-11-15 12:11:24 - [MESSAGE][PASSED] - Browser is opened with url: 'https://epulsedev2.com'

2018-11-15 12:11:24 - [TEST_STEP][PASSED] - openBrowser: Browser is opened with url: ''

2018-11-15 12:11:24 - [MESSAGE][WARNING] - A browser is already opened. Closing browser and opening a new one

2018-11-15 12:11:25 - [MESSAGE][PASSED] - Browser is opened with url: ''

2018-11-15 12:11:25 - [TEST_STEP][PASSED] - navigateToUrl: Navigate to 'https://epulsedev2.com' successfully

2018-11-15 12:11:27 - [MESSAGE][PASSED] - Navigate to 'https://epulsedev2.com' successfully

2018-11-15 12:11:27 - [TEST_STEP][PASSED] - setText: Text 'alonzo.mack@knowink.com' is set on object 'Object Repository/Login/Email Address'

2018-11-15 12:11:27 - [MESSAGE][PASSED] - Text 'alonzo.mack@knowink.com' is set on object 'Object Repository/Login/Email Address'

2018-11-15 12:11:27 - [TEST_STEP][PASSED] - setEncryptedText: Text ****** has been set on object 'Object Repository/Login/Password'

2018-11-15 12:11:27 - [MESSAGE][PASSED] - Text ****** has been set on object 'Object Repository/Login/Password'

2018-11-15 12:11:27 - [TEST_STEP][PASSED] - click: Object: 'Object Repository/Login/Sign In' is clicked on

2018-11-15 12:11:28 - [MESSAGE][PASSED] - Object: 'Object Repository/Login/Sign In' is clicked on

2018-11-15 12:11:28 - [TEST_STEP][PASSED] - delay: Delayed 1 second(s)

2018-11-15 12:11:29 - [MESSAGE][PASSED] - Delayed 1 second(s)

2018-11-15 12:11:29 - [TEST_STEP][PASSED] - click: Object: 'Object Repository/SuperAdminConsole/Poll Pads/POLL PADS link' is clicked on

2018-11-15 12:11:30 - [MESSAGE][PASSED] - Object: 'Object Repository/SuperAdminConsole/Poll Pads/POLL PADS link' is clicked on

2018-11-15 12:11:30 - [TEST_STEP][PASSED] - delay: Delayed 1 second(s)

2018-11-15 12:11:31 - [MESSAGE][PASSED] - Delayed 1 second(s)

2018-11-15 12:11:31 - [TEST_STEP][PASSED] - setText: Text 'Test Pollpad' is set on object 'Object Repository/SuperAdminConsole/Poll Pads/Test PollPad table search'

2018-11-15 12:11:31 - [MESSAGE][PASSED] - Text 'Test Pollpad' is set on object 'Object Repository/SuperAdminConsole/Poll Pads/Test PollPad table search'

2018-11-15 12:11:31 - [TEST_STEP][PASSED] - delay: Delayed 1 second(s)

2018-11-15 12:11:32 - [MESSAGE][PASSED] - Delayed 1 second(s)

2018-11-15 12:11:32 - [TEST_STEP][PASSED] - click: Object: 'Object Repository/SuperAdminConsole/Poll Pads/Add Poll Pad Options/Assign/edit pad-AM-Mississippi' is clicked on

2018-11-15 12:11:32 - [MESSAGE][PASSED] - Object: 'Object Repository/SuperAdminConsole/Poll Pads/Add Poll Pad Options/Assign/edit pad-AM-Mississippi' is clicked on

2018-11-15 12:11:32 - [TEST_STEP][PASSED] - delay: Delayed 1 second(s)

2018-11-15 12:11:33 - [MESSAGE][PASSED] - Delayed 1 second(s)

2018-11-15 12:11:33 - [TEST_STEP][PASSED] - click: Object: 'Object Repository/SuperAdminConsole/Poll Pads/Add Poll Pad Options/Account' is clicked on

2018-11-15 12:11:34 - [MESSAGE][PASSED] - Object: 'Object Repository/SuperAdminConsole/Poll Pads/Add Poll Pad Options/Account' is clicked on

2018-11-15 12:11:34 - [TEST_STEP][PASSED] - delay: Delayed 1 second(s)

2018-11-15 12:11:35 - [MESSAGE][PASSED] - Delayed 1 second(s)

2018-11-15 12:11:35 - [TEST_STEP][PASSED] - click: Object: 'Object Repository/SuperAdminConsole/Poll Pads/Add Poll Pad Options/Assign/Account(am-Automation-test)' is clicked on

2018-11-15 12:11:35 - [MESSAGE][PASSED] - Object: 'Object Repository/SuperAdminConsole/Poll Pads/Add Poll Pad Options/Assign/Account(am-Automation-test)' is clicked on

2018-11-15 12:11:35 - [TEST_STEP][PASSED] - delay: Delayed 1 second(s)

2018-11-15 12:11:36 - [MESSAGE][PASSED] - Delayed 1 second(s)

2018-11-15 12:11:36 - [TEST_STEP][PASSED] - click: Object: 'Object Repository/SuperAdminConsole/Poll Pads/Add Poll Pad Options/Election' is clicked on

2018-11-15 12:11:36 - [MESSAGE][PASSED] - Object: 'Object Repository/SuperAdminConsole/Poll Pads/Add Poll Pad Options/Election' is clicked on

2018-11-15 12:11:36 - [TEST_STEP][PASSED] - click: Object: 'Object Repository/SuperAdminConsole/Poll Pads/Add Poll Pad Options/Assign/Election(Election Creation)' is clicked on

2018-11-15 12:11:36 - [MESSAGE][PASSED] - Object: 'Object Repository/SuperAdminConsole/Poll Pads/Add Poll Pad Options/Assign/Election(Election Creation)' is clicked on

2018-11-15 12:11:36 - [TEST_STEP][PASSED] - delay: Delayed 1 second(s)

2018-11-15 12:11:37 - [MESSAGE][PASSED] - Delayed 1 second(s)

2018-11-15 12:11:37 - [TEST_STEP][PASSED] - click: Object: 'Object Repository/SuperAdminConsole/Poll Pads/Add Poll Pad Options/Polling Places' is clicked on

2018-11-15 12:11:37 - [MESSAGE][PASSED] - Object: 'Object Repository/SuperAdminConsole/Poll Pads/Add Poll Pad Options/Polling Places' is clicked on

2018-11-15 12:11:37 - [TEST_STEP][PASSED] - click: Object: 'Object Repository/SuperAdminConsole/Poll Pads/Add Poll Pad Options/Assign/Polling Place(MATHEWS DICKEY)' is clicked on

2018-11-15 12:11:37 - [MESSAGE][PASSED] - Object: 'Object Repository/SuperAdminConsole/Poll Pads/Add Poll Pad Options/Assign/Polling Place(MATHEWS DICKEY)' is clicked on

2018-11-15 12:11:37 - [TEST_STEP][PASSED] - delay: Delayed 1 second(s)

2018-11-15 12:11:38 - [MESSAGE][PASSED] - Delayed 1 second(s)

2018-11-15 12:11:38 - [TEST_STEP][PASSED] - selectOptionByLabel: All options with label 'Automation Created Config' are selected in object 'Object Repository/SuperAdminConsole/Poll Pads/Add Poll Pad Options/Assign/Select Configuration'  using regular expression

2018-11-15 12:11:38 - [MESSAGE][PASSED] - All options with label 'Automation Created Config' are selected in object 'Object Repository/SuperAdminConsole/Poll Pads/Add Poll Pad Options/Assign/Select Configuration'  using regular expression

2018-11-15 12:11:38 - [TEST_STEP][PASSED] - delay: Delayed 1 second(s)

2018-11-15 12:11:39 - [MESSAGE][PASSED] - Delayed 1 second(s)

2018-11-15 12:11:39 - [TEST_STEP][PASSED] - click: Object: 'Object Repository/Admin Console ePulse Menu/Account Settings/Prompts/Prompt Criteria Modal/Save' is clicked on

2018-11-15 12:11:39 - [MESSAGE][PASSED] - Object: 'Object Repository/Admin Console ePulse Menu/Account Settings/Prompts/Prompt Criteria Modal/Save' is clicked on

2018-11-15 12:11:39 - [TEST_STEP][PASSED] - delay: Delayed 1 second(s)

2018-11-15 12:11:40 - [MESSAGE][PASSED] - Delayed 1 second(s)

2018-11-15 12:11:40 - [TEST_STEP][PASSED] - closeBrowser: Browser is closed

2018-11-15 12:11:40 - [MESSAGE][PASSED] - Browser is closed]]></system-out>
         <system-err><![CDATA[]]></system-err>
      </testcase>
      <testcase name="Test Cases/Admin Console/Election Setup/Election Creation - Upload Supplemental" classname="Test Cases/Admin Console/Election Setup/Election Creation - Upload Supplemental" status="FAILED">
         <failure type="FAILED" message="(Stack trace: com.kms.katalon.core.exception.StepFailedException: Unable to verify text 'ABRON A AAARON' is present  using regular expression (Root cause: Text 'ABRON A AAARON' is not present on page  using regular expression)
	at com.kms.katalon.core.keyword.internal.KeywordMain.stepFailed(KeywordMain.groovy:36)
	at com.kms.katalon.core.webui.keyword.internal.WebUIKeywordMain.stepFailed(WebUIKeywordMain.groovy:65)
	at com.kms.katalon.core.webui.keyword.internal.WebUIKeywordMain.runKeyword(WebUIKeywordMain.groovy:27)
	at com.kms.katalon.core.webui.keyword.builtin.VerifyTextPresentKeyword.verifyTextPresent(VerifyTextPresentKeyword.groovy:83)
	at com.kms.katalon.core.webui.keyword.builtin.VerifyTextPresentKeyword.execute(VerifyTextPresentKeyword.groovy:68)
	at com.kms.katalon.core.keyword.internal.KeywordExecutor.executeKeywordForPlatform(KeywordExecutor.groovy:53)
	at com.kms.katalon.core.webui.keyword.WebUiBuiltInKeywords.verifyTextPresent(WebUiBuiltInKeywords.groovy:1693)
	at com.kms.katalon.core.webui.keyword.WebUiBuiltInKeywords$verifyTextPresent$10.call(Unknown Source)
	at org.codehaus.groovy.runtime.callsite.CallSiteArray.defaultCall(CallSiteArray.java:48)
	at org.codehaus.groovy.runtime.callsite.AbstractCallSite.call(AbstractCallSite.java:113)
	at org.codehaus.groovy.runtime.callsite.AbstractCallSite.call(AbstractCallSite.java:133)
	at Script1541014885083.run(Script1541014885083.groovy:73)
	at com.kms.katalon.core.main.ScriptEngine.run(ScriptEngine.java:183)
	at com.kms.katalon.core.main.ScriptEngine.runScriptAsRawText(ScriptEngine.java:108)
	at com.kms.katalon.core.main.TestCaseExecutor.runScript(TestCaseExecutor.java:294)
	at com.kms.katalon.core.main.TestCaseExecutor.doExecute(TestCaseExecutor.java:285)
	at com.kms.katalon.core.main.TestCaseExecutor.processExecutionPhase(TestCaseExecutor.java:264)
	at com.kms.katalon.core.main.TestCaseExecutor.accessMainPhase(TestCaseExecutor.java:256)
	at com.kms.katalon.core.main.TestCaseExecutor.execute(TestCaseExecutor.java:200)
	at com.kms.katalon.core.main.TestSuiteExecutor.accessTestCaseMainPhase(TestSuiteExecutor.java:129)
	at com.kms.katalon.core.main.TestSuiteExecutor.accessTestSuiteMainPhase(TestSuiteExecutor.java:112)
	at com.kms.katalon.core.main.TestSuiteExecutor.execute(TestSuiteExecutor.java:81)
	at com.kms.katalon.core.main.TestCaseMain.startTestSuite(TestCaseMain.java:142)
	at com.kms.katalon.core.main.TestCaseMain$startTestSuite$0.call(Unknown Source)
	at org.codehaus.groovy.runtime.callsite.CallSiteArray.defaultCall(CallSiteArray.java:48)
	at org.codehaus.groovy.runtime.callsite.AbstractCallSite.call(AbstractCallSite.java:113)
	at org.codehaus.groovy.runtime.callsite.AbstractCallSite.call(AbstractCallSite.java:141)
	at TempTestSuite1542305302868.run(TempTestSuite1542305302868.groovy:36)
	at groovy.lang.GroovyShell.runScriptOrMainOrTestOrRunnable(GroovyShell.java:263)
	at groovy.lang.GroovyShell.run(GroovyShell.java:518)
	at groovy.lang.GroovyShell.run(GroovyShell.java:507)
	at groovy.ui.GroovyMain.processOnce(GroovyMain.java:653)
	at groovy.ui.GroovyMain.run(GroovyMain.java:384)
	at groovy.ui.GroovyMain.process(GroovyMain.java:370)
	at groovy.ui.GroovyMain.processArgs(GroovyMain.java:129)
	at groovy.ui.GroovyMain.main(GroovyMain.java:109)
	at sun.reflect.NativeMethodAccessorImpl.invoke0(Native Method)
	at sun.reflect.NativeMethodAccessorImpl.invoke(NativeMethodAccessorImpl.java:62)
	at sun.reflect.DelegatingMethodAccessorImpl.invoke(DelegatingMethodAccessorImpl.java:43)
	at java.lang.reflect.Method.invoke(Method.java:498)
	at org.codehaus.groovy.tools.GroovyStarter.rootLoader(GroovyStarter.java:109)
	at org.codehaus.groovy.tools.GroovyStarter.main(GroovyStarter.java:131)
)"/>
         <system-out><![CDATA[2018-11-15 12:11:40 - [TEST_CASE][FAILED] - Test Cases/Admin Console/Election Setup/Election Creation - Upload Supplemental: Test Cases/Admin Console/Election Setup/Election Creation - Upload Supplemental FAILED because (of) (Stack trace: com.kms.katalon.core.exception.StepFailedException: Unable to verify text 'ABRON A AAARON' is present  using regular expression (Root cause: Text 'ABRON A AAARON' is not present on page  using regular expression)
	at com.kms.katalon.core.keyword.internal.KeywordMain.stepFailed(KeywordMain.groovy:36)
	at com.kms.katalon.core.webui.keyword.internal.WebUIKeywordMain.stepFailed(WebUIKeywordMain.groovy:65)
	at com.kms.katalon.core.webui.keyword.internal.WebUIKeywordMain.runKeyword(WebUIKeywordMain.groovy:27)
	at com.kms.katalon.core.webui.keyword.builtin.VerifyTextPresentKeyword.verifyTextPresent(VerifyTextPresentKeyword.groovy:83)
	at com.kms.katalon.core.webui.keyword.builtin.VerifyTextPresentKeyword.execute(VerifyTextPresentKeyword.groovy:68)
	at com.kms.katalon.core.keyword.internal.KeywordExecutor.executeKeywordForPlatform(KeywordExecutor.groovy:53)
	at com.kms.katalon.core.webui.keyword.WebUiBuiltInKeywords.verifyTextPresent(WebUiBuiltInKeywords.groovy:1693)
	at com.kms.katalon.core.webui.keyword.WebUiBuiltInKeywords$verifyTextPresent$10.call(Unknown Source)
	at org.codehaus.groovy.runtime.callsite.CallSiteArray.defaultCall(CallSiteArray.java:48)
	at org.codehaus.groovy.runtime.callsite.AbstractCallSite.call(AbstractCallSite.java:113)
	at org.codehaus.groovy.runtime.callsite.AbstractCallSite.call(AbstractCallSite.java:133)
	at Script1541014885083.run(Script1541014885083.groovy:73)
	at com.kms.katalon.core.main.ScriptEngine.run(ScriptEngine.java:183)
	at com.kms.katalon.core.main.ScriptEngine.runScriptAsRawText(ScriptEngine.java:108)
	at com.kms.katalon.core.main.TestCaseExecutor.runScript(TestCaseExecutor.java:294)
	at com.kms.katalon.core.main.TestCaseExecutor.doExecute(TestCaseExecutor.java:285)
	at com.kms.katalon.core.main.TestCaseExecutor.processExecutionPhase(TestCaseExecutor.java:264)
	at com.kms.katalon.core.main.TestCaseExecutor.accessMainPhase(TestCaseExecutor.java:256)
	at com.kms.katalon.core.main.TestCaseExecutor.execute(TestCaseExecutor.java:200)
	at com.kms.katalon.core.main.TestSuiteExecutor.accessTestCaseMainPhase(TestSuiteExecutor.java:129)
	at com.kms.katalon.core.main.TestSuiteExecutor.accessTestSuiteMainPhase(TestSuiteExecutor.java:112)
	at com.kms.katalon.core.main.TestSuiteExecutor.execute(TestSuiteExecutor.java:81)
	at com.kms.katalon.core.main.TestCaseMain.startTestSuite(TestCaseMain.java:142)
	at com.kms.katalon.core.main.TestCaseMain$startTestSuite$0.call(Unknown Source)
	at org.codehaus.groovy.runtime.callsite.CallSiteArray.defaultCall(CallSiteArray.java:48)
	at org.codehaus.groovy.runtime.callsite.AbstractCallSite.call(AbstractCallSite.java:113)
	at org.codehaus.groovy.runtime.callsite.AbstractCallSite.call(AbstractCallSite.java:141)
	at TempTestSuite1542305302868.run(TempTestSuite1542305302868.groovy:36)
	at groovy.lang.GroovyShell.runScriptOrMainOrTestOrRunnable(GroovyShell.java:263)
	at groovy.lang.GroovyShell.run(GroovyShell.java:518)
	at groovy.lang.GroovyShell.run(GroovyShell.java:507)
	at groovy.ui.GroovyMain.processOnce(GroovyMain.java:653)
	at groovy.ui.GroovyMain.run(GroovyMain.java:384)
	at groovy.ui.GroovyMain.process(GroovyMain.java:370)
	at groovy.ui.GroovyMain.processArgs(GroovyMain.java:129)
	at groovy.ui.GroovyMain.main(GroovyMain.java:109)
	at sun.reflect.NativeMethodAccessorImpl.invoke0(Native Method)
	at sun.reflect.NativeMethodAccessorImpl.invoke(NativeMethodAccessorImpl.java:62)
	at sun.reflect.DelegatingMethodAccessorImpl.invoke(DelegatingMethodAccessorImpl.java:43)
	at java.lang.reflect.Method.invoke(Method.java:498)
	at org.codehaus.groovy.tools.GroovyStarter.rootLoader(GroovyStarter.java:109)
	at org.codehaus.groovy.tools.GroovyStarter.main(GroovyStarter.java:131)
)

2018-11-15 12:11:40 - [TEST_STEP][PASSED] - openBrowser: Browser is opened with url: ''

2018-11-15 12:11:41 - [MESSAGE][PASSED] - Browser is opened with url: ''

2018-11-15 12:11:41 - [TEST_STEP][PASSED] - navigateToUrl: Navigate to 'https://epulsedev2.com' successfully

2018-11-15 12:11:44 - [MESSAGE][PASSED] - Navigate to 'https://epulsedev2.com' successfully

2018-11-15 12:11:44 - [TEST_STEP][PASSED] - setText: Text 'alonzo.mack@knowink.com' is set on object 'Object Repository/Login/Email Address'

2018-11-15 12:11:44 - [MESSAGE][PASSED] - Text 'alonzo.mack@knowink.com' is set on object 'Object Repository/Login/Email Address'

2018-11-15 12:11:44 - [TEST_STEP][PASSED] - setEncryptedText: Text ****** has been set on object 'Object Repository/Login/Password'

2018-11-15 12:11:44 - [MESSAGE][PASSED] - Text ****** has been set on object 'Object Repository/Login/Password'

2018-11-15 12:11:44 - [TEST_STEP][PASSED] - click: Object: 'Object Repository/Login/Sign In' is clicked on

2018-11-15 12:11:47 - [MESSAGE][PASSED] - Object: 'Object Repository/Login/Sign In' is clicked on

2018-11-15 12:11:47 - [TEST_STEP][PASSED] - delay: Delayed 1 second(s)

2018-11-15 12:11:48 - [MESSAGE][PASSED] - Delayed 1 second(s)

2018-11-15 12:11:48 - [TEST_STEP][PASSED] - navigateToUrl: Navigate to 'https://am-automation-test.epulsedev2.com/elections/' successfully

2018-11-15 12:11:49 - [MESSAGE][PASSED] - Navigate to 'https://am-automation-test.epulsedev2.com/elections/' successfully

2018-11-15 12:11:49 - [TEST_STEP][PASSED] - click: Object: 'Object Repository/Admin Console ePulse Menu/Election Setup/Election Creation/Supplemental File Upload/Election (Election Creation)' is clicked on

2018-11-15 12:11:51 - [MESSAGE][PASSED] - Object: 'Object Repository/Admin Console ePulse Menu/Election Setup/Election Creation/Supplemental File Upload/Election (Election Creation)' is clicked on

2018-11-15 12:11:51 - [TEST_STEP][PASSED] - click: Object: 'Object Repository/Admin Console ePulse Menu/Election Setup/Election Creation/Supplemental File Upload/Import Supplemental Voters' is clicked on

2018-11-15 12:11:52 - [MESSAGE][PASSED] - Object: 'Object Repository/Admin Console ePulse Menu/Election Setup/Election Creation/Supplemental File Upload/Import Supplemental Voters' is clicked on

2018-11-15 12:11:52 - [TEST_STEP][PASSED] - setText: Text '/Users/alonzomack/Downloads/Automation uploads/voters_201_mcvr.txt' is set on object 'Object Repository/Common ePulse Objects/Choose File'

2018-11-15 12:11:52 - [MESSAGE][PASSED] - Text '/Users/alonzomack/Downloads/Automation uploads/voters_201_mcvr.txt' is set on object 'Object Repository/Common ePulse Objects/Choose File'

2018-11-15 12:11:52 - [TEST_STEP][PASSED] - delay: Delayed 1 second(s)

2018-11-15 12:11:53 - [MESSAGE][PASSED] - Delayed 1 second(s)

2018-11-15 12:11:53 - [TEST_STEP][PASSED] - click: Object: 'Object Repository/Common ePulse Objects/Continue Button' is clicked on

2018-11-15 12:11:53 - [MESSAGE][PASSED] - Object: 'Object Repository/Common ePulse Objects/Continue Button' is clicked on

2018-11-15 12:11:53 - [TEST_STEP][PASSED] - delay: Delayed 1 second(s)

2018-11-15 12:11:54 - [MESSAGE][PASSED] - Delayed 1 second(s)

2018-11-15 12:11:54 - [TEST_STEP][PASSED] - click: Object: 'Object Repository/Admin Console ePulse Menu/Election Setup/Election Creation/Supplemental File Upload/Done' is clicked on

2018-11-15 12:12:00 - [MESSAGE][PASSED] - Object: 'Object Repository/Admin Console ePulse Menu/Election Setup/Election Creation/Supplemental File Upload/Done' is clicked on

2018-11-15 12:12:00 - [TEST_STEP][PASSED] - verifyTextPresent: Text 'Election Creation' is present on page  using regular expression

2018-11-15 12:12:00 - [MESSAGE][PASSED] - Text 'Election Creation' is present on page  using regular expression

2018-11-15 12:12:00 - [TEST_STEP][PASSED] - verifyTextPresent: Text 'Election Seed Files' is present on page  using regular expression

2018-11-15 12:12:00 - [MESSAGE][PASSED] - Text 'Election Seed Files' is present on page  using regular expression

2018-11-15 12:12:00 - [TEST_STEP][PASSED] - delay: Delayed 1 second(s)

2018-11-15 12:12:01 - [MESSAGE][PASSED] - Delayed 1 second(s)

2018-11-15 12:12:01 - [TEST_STEP][PASSED] - navigateToUrl: Navigate to 'https://am-automation-test.epulsedev2.com/voters#sort=last_name&direction=asc&display=list&page=1' successfully

2018-11-15 12:12:02 - [MESSAGE][PASSED] - Navigate to 'https://am-automation-test.epulsedev2.com/voters#sort=last_name&direction=asc&display=list&page=1' successfully

2018-11-15 12:12:02 - [TEST_STEP][PASSED] - delay: Delayed 1 second(s)

2018-11-15 12:12:03 - [MESSAGE][PASSED] - Delayed 1 second(s)

2018-11-15 12:12:03 - [TEST_STEP][PASSED] - delay: Delayed 1 second(s)

2018-11-15 12:12:04 - [MESSAGE][PASSED] - Delayed 1 second(s)

2018-11-15 12:12:04 - [TEST_STEP][FAILED] - verifyTextPresent: Unable to verify text 'ABRON A AAARON' is present  using regular expression (Root cause: Text 'ABRON A AAARON' is not present on page  using regular expression)

2018-11-15 12:12:04 - [MESSAGE][FAILED] - Text 'ABRON A AAARON' is not present on page  using regular expression

2018-11-15 12:12:04 - [MESSAGE][FAILED] - Unable to verify text 'ABRON A AAARON' is present  using regular expression (Root cause: Text 'ABRON A AAARON' is not present on page  using regular expression)
[[ATTACHMENT|/Users/alonzomack/Katalon Studio/Regression/Reports/New Test Suite/20181115_120822/1542305524429.png]]]]></system-out>
         <system-err><![CDATA[2018-11-15 12:11:40 - [TEST_CASE][FAILED] - Test Cases/Admin Console/Election Setup/Election Creation - Upload Supplemental: Test Cases/Admin Console/Election Setup/Election Creation - Upload Supplemental FAILED because (of) (Stack trace: com.kms.katalon.core.exception.StepFailedException: Unable to verify text 'ABRON A AAARON' is present  using regular expression (Root cause: Text 'ABRON A AAARON' is not present on page  using regular expression)
	at com.kms.katalon.core.keyword.internal.KeywordMain.stepFailed(KeywordMain.groovy:36)
	at com.kms.katalon.core.webui.keyword.internal.WebUIKeywordMain.stepFailed(WebUIKeywordMain.groovy:65)
	at com.kms.katalon.core.webui.keyword.internal.WebUIKeywordMain.runKeyword(WebUIKeywordMain.groovy:27)
	at com.kms.katalon.core.webui.keyword.builtin.VerifyTextPresentKeyword.verifyTextPresent(VerifyTextPresentKeyword.groovy:83)
	at com.kms.katalon.core.webui.keyword.builtin.VerifyTextPresentKeyword.execute(VerifyTextPresentKeyword.groovy:68)
	at com.kms.katalon.core.keyword.internal.KeywordExecutor.executeKeywordForPlatform(KeywordExecutor.groovy:53)
	at com.kms.katalon.core.webui.keyword.WebUiBuiltInKeywords.verifyTextPresent(WebUiBuiltInKeywords.groovy:1693)
	at com.kms.katalon.core.webui.keyword.WebUiBuiltInKeywords$verifyTextPresent$10.call(Unknown Source)
	at org.codehaus.groovy.runtime.callsite.CallSiteArray.defaultCall(CallSiteArray.java:48)
	at org.codehaus.groovy.runtime.callsite.AbstractCallSite.call(AbstractCallSite.java:113)
	at org.codehaus.groovy.runtime.callsite.AbstractCallSite.call(AbstractCallSite.java:133)
	at Script1541014885083.run(Script1541014885083.groovy:73)
	at com.kms.katalon.core.main.ScriptEngine.run(ScriptEngine.java:183)
	at com.kms.katalon.core.main.ScriptEngine.runScriptAsRawText(ScriptEngine.java:108)
	at com.kms.katalon.core.main.TestCaseExecutor.runScript(TestCaseExecutor.java:294)
	at com.kms.katalon.core.main.TestCaseExecutor.doExecute(TestCaseExecutor.java:285)
	at com.kms.katalon.core.main.TestCaseExecutor.processExecutionPhase(TestCaseExecutor.java:264)
	at com.kms.katalon.core.main.TestCaseExecutor.accessMainPhase(TestCaseExecutor.java:256)
	at com.kms.katalon.core.main.TestCaseExecutor.execute(TestCaseExecutor.java:200)
	at com.kms.katalon.core.main.TestSuiteExecutor.accessTestCaseMainPhase(TestSuiteExecutor.java:129)
	at com.kms.katalon.core.main.TestSuiteExecutor.accessTestSuiteMainPhase(TestSuiteExecutor.java:112)
	at com.kms.katalon.core.main.TestSuiteExecutor.execute(TestSuiteExecutor.java:81)
	at com.kms.katalon.core.main.TestCaseMain.startTestSuite(TestCaseMain.java:142)
	at com.kms.katalon.core.main.TestCaseMain$startTestSuite$0.call(Unknown Source)
	at org.codehaus.groovy.runtime.callsite.CallSiteArray.defaultCall(CallSiteArray.java:48)
	at org.codehaus.groovy.runtime.callsite.AbstractCallSite.call(AbstractCallSite.java:113)
	at org.codehaus.groovy.runtime.callsite.AbstractCallSite.call(AbstractCallSite.java:141)
	at TempTestSuite1542305302868.run(TempTestSuite1542305302868.groovy:36)
	at groovy.lang.GroovyShell.runScriptOrMainOrTestOrRunnable(GroovyShell.java:263)
	at groovy.lang.GroovyShell.run(GroovyShell.java:518)
	at groovy.lang.GroovyShell.run(GroovyShell.java:507)
	at groovy.ui.GroovyMain.processOnce(GroovyMain.java:653)
	at groovy.ui.GroovyMain.run(GroovyMain.java:384)
	at groovy.ui.GroovyMain.process(GroovyMain.java:370)
	at groovy.ui.GroovyMain.processArgs(GroovyMain.java:129)
	at groovy.ui.GroovyMain.main(GroovyMain.java:109)
	at sun.reflect.NativeMethodAccessorImpl.invoke0(Native Method)
	at sun.reflect.NativeMethodAccessorImpl.invoke(NativeMethodAccessorImpl.java:62)
	at sun.reflect.DelegatingMethodAccessorImpl.invoke(DelegatingMethodAccessorImpl.java:43)
	at java.lang.reflect.Method.invoke(Method.java:498)
	at org.codehaus.groovy.tools.GroovyStarter.rootLoader(GroovyStarter.java:109)
	at org.codehaus.groovy.tools.GroovyStarter.main(GroovyStarter.java:131)
)]]></system-err>
      </testcase>
      <testcase name="Test Cases/Admin Console/Account Settings/Add_Edit Voter/Add_Edit Voter - Import" classname="Test Cases/Admin Console/Account Settings/Add_Edit Voter/Add_Edit Voter - Import" status="PASSED">
         <system-out><![CDATA[2018-11-15 12:12:04 - [TEST_CASE][PASSED] - Test Cases/Admin Console/Account Settings/Add_Edit Voter/Add_Edit Voter - Import: Test Cases/Admin Console/Account Settings/Add_Edit Voter/Add_Edit Voter - Import

2018-11-15 12:12:04 - [TEST_STEP][PASSED] - openBrowser: Browser is opened with url: ''

2018-11-15 12:12:04 - [MESSAGE][WARNING] - A browser is already opened. Closing browser and opening a new one

2018-11-15 12:12:05 - [MESSAGE][PASSED] - Browser is opened with url: ''

2018-11-15 12:12:05 - [TEST_STEP][PASSED] - navigateToUrl: Navigate to 'https://epulsedev2.com' successfully

2018-11-15 12:12:07 - [MESSAGE][PASSED] - Navigate to 'https://epulsedev2.com' successfully

2018-11-15 12:12:07 - [TEST_STEP][PASSED] - setText: Text 'alonzo.mack@knowink.com' is set on object 'Object Repository/Login/Email Address'

2018-11-15 12:12:07 - [MESSAGE][PASSED] - Text 'alonzo.mack@knowink.com' is set on object 'Object Repository/Login/Email Address'

2018-11-15 12:12:07 - [TEST_STEP][PASSED] - setEncryptedText: Text ****** has been set on object 'Object Repository/Login/Password'

2018-11-15 12:12:07 - [MESSAGE][PASSED] - Text ****** has been set on object 'Object Repository/Login/Password'

2018-11-15 12:12:07 - [TEST_STEP][PASSED] - click: Object: 'Object Repository/Login/Sign In' is clicked on

2018-11-15 12:12:08 - [MESSAGE][PASSED] - Object: 'Object Repository/Login/Sign In' is clicked on

2018-11-15 12:12:08 - [TEST_STEP][PASSED] - delay: Delayed 1 second(s)

2018-11-15 12:12:09 - [MESSAGE][PASSED] - Delayed 1 second(s)

2018-11-15 12:12:09 - [TEST_STEP][PASSED] - navigateToUrl: Navigate to 'https://am-automation-test.epulsedev2.com/imports/add_voter' successfully

2018-11-15 12:12:10 - [MESSAGE][PASSED] - Navigate to 'https://am-automation-test.epulsedev2.com/imports/add_voter' successfully

2018-11-15 12:12:10 - [TEST_STEP][PASSED] - delay: Delayed 1 second(s)

2018-11-15 12:12:11 - [MESSAGE][PASSED] - Delayed 1 second(s)

2018-11-15 12:12:11 - [TEST_STEP][PASSED] - setText: Text '/Users/alonzomack/Downloads/Automation uploads/add_voter.txt' is set on object 'Object Repository/Admin Console ePulse Menu/Account Settings/Prompts/Import Prompts Buttons/Choose File'

2018-11-15 12:12:11 - [MESSAGE][PASSED] - Text '/Users/alonzomack/Downloads/Automation uploads/add_voter.txt' is set on object 'Object Repository/Admin Console ePulse Menu/Account Settings/Prompts/Import Prompts Buttons/Choose File'

2018-11-15 12:12:11 - [TEST_STEP][PASSED] - click: Object: 'Object Repository/Admin Console ePulse Menu/Account Settings/Prompts/Import Prompts Buttons/Continue Button' is clicked on

2018-11-15 12:12:11 - [MESSAGE][PASSED] - Object: 'Object Repository/Admin Console ePulse Menu/Account Settings/Prompts/Import Prompts Buttons/Continue Button' is clicked on

2018-11-15 12:12:11 - [TEST_STEP][PASSED] - delay: Delayed 2 second(s)

2018-11-15 12:12:13 - [MESSAGE][PASSED] - Delayed 2 second(s)

2018-11-15 12:12:13 - [TEST_STEP][PASSED] - click: Object: 'Object Repository/Admin Console ePulse Menu/Account Settings/Prompts/Import Prompts Buttons/button_Done(working)' is clicked on

2018-11-15 12:12:17 - [MESSAGE][PASSED] - Object: 'Object Repository/Admin Console ePulse Menu/Account Settings/Prompts/Import Prompts Buttons/button_Done(working)' is clicked on

2018-11-15 12:12:17 - [TEST_STEP][PASSED] - delay: Delayed 1 second(s)

2018-11-15 12:12:18 - [MESSAGE][PASSED] - Delayed 1 second(s)

2018-11-15 12:12:18 - [TEST_STEP][PASSED] - closeBrowser: Browser is closed

2018-11-15 12:12:18 - [MESSAGE][PASSED] - Browser is closed]]></system-out>
         <system-err><![CDATA[]]></system-err>
      </testcase>
      <testcase name="Test Cases/Admin Console/Account Settings/ID Methods/ID Methods - Add" classname="Test Cases/Admin Console/Account Settings/ID Methods/ID Methods - Add" status="PASSED">
         <system-out><![CDATA[2018-11-15 12:12:18 - [TEST_CASE][PASSED] - Test Cases/Admin Console/Account Settings/ID Methods/ID Methods - Add: Test Cases/Admin Console/Account Settings/ID Methods/ID Methods - Add

2018-11-15 12:12:18 - [TEST_STEP][PASSED] - openBrowser: Browser is opened with url: ''

2018-11-15 12:12:19 - [MESSAGE][PASSED] - Browser is opened with url: ''

2018-11-15 12:12:19 - [TEST_STEP][PASSED] - navigateToUrl: Navigate to 'https://epulsedev2.com' successfully

2018-11-15 12:12:22 - [MESSAGE][PASSED] - Navigate to 'https://epulsedev2.com' successfully

2018-11-15 12:12:22 - [TEST_STEP][PASSED] - setText: Text 'alonzo.mack@knowink.com' is set on object 'Object Repository/Login/Email Address'

2018-11-15 12:12:22 - [MESSAGE][PASSED] - Text 'alonzo.mack@knowink.com' is set on object 'Object Repository/Login/Email Address'

2018-11-15 12:12:22 - [TEST_STEP][PASSED] - setEncryptedText: Text ****** has been set on object 'Object Repository/Login/Password'

2018-11-15 12:12:22 - [MESSAGE][PASSED] - Text ****** has been set on object 'Object Repository/Login/Password'

2018-11-15 12:12:22 - [TEST_STEP][PASSED] - click: Object: 'Object Repository/Login/Sign In' is clicked on

2018-11-15 12:12:23 - [MESSAGE][PASSED] - Object: 'Object Repository/Login/Sign In' is clicked on

2018-11-15 12:12:23 - [TEST_STEP][PASSED] - delay: Delayed 1 second(s)

2018-11-15 12:12:24 - [MESSAGE][PASSED] - Delayed 1 second(s)

2018-11-15 12:12:24 - [TEST_STEP][PASSED] - navigateToUrl: Navigate to 'https://am-automation-test.epulsedev2.com/voter_id_methods' successfully

2018-11-15 12:12:26 - [MESSAGE][PASSED] - Navigate to 'https://am-automation-test.epulsedev2.com/voter_id_methods' successfully

2018-11-15 12:12:26 - [TEST_STEP][PASSED] - delay: Delayed 1 second(s)

2018-11-15 12:12:27 - [MESSAGE][PASSED] - Delayed 1 second(s)

2018-11-15 12:12:27 - [TEST_STEP][PASSED] - click: Object: 'Object Repository/Admin Console ePulse Menu/Account Settings/ID Methods/ID Methods Page/Add ID Method Button' is clicked on

2018-11-15 12:12:27 - [MESSAGE][PASSED] - Object: 'Object Repository/Admin Console ePulse Menu/Account Settings/ID Methods/ID Methods Page/Add ID Method Button' is clicked on

2018-11-15 12:12:27 - [TEST_STEP][PASSED] - setText: Text 'Drivers License' is set on object 'Object Repository/Admin Console ePulse Menu/Account Settings/ID Methods/New ID Method Modal/Name'

2018-11-15 12:12:27 - [MESSAGE][PASSED] - Text 'Drivers License' is set on object 'Object Repository/Admin Console ePulse Menu/Account Settings/ID Methods/New ID Method Modal/Name'

2018-11-15 12:12:27 - [TEST_STEP][PASSED] - setText: Text 'State Drivers License' is set on object 'Object Repository/Admin Console ePulse Menu/Account Settings/ID Methods/New ID Method Modal/Heading'

2018-11-15 12:12:27 - [MESSAGE][PASSED] - Text 'State Drivers License' is set on object 'Object Repository/Admin Console ePulse Menu/Account Settings/ID Methods/New ID Method Modal/Heading'

2018-11-15 12:12:27 - [TEST_STEP][PASSED] - selectOptionByValue: All options with value '1' are selected in object 'Object Repository/Admin Console ePulse Menu/Account Settings/ID Methods/New ID Method Modal/Select Color'  using regular expression

2018-11-15 12:12:27 - [MESSAGE][PASSED] - All options with value '1' are selected in object 'Object Repository/Admin Console ePulse Menu/Account Settings/ID Methods/New ID Method Modal/Select Color'  using regular expression

2018-11-15 12:12:27 - [TEST_STEP][PASSED] - setText: Text 'State Drivers License' is set on object 'Object Repository/Admin Console ePulse Menu/Account Settings/ID Methods/New ID Method Modal/Instructions'

2018-11-15 12:12:27 - [MESSAGE][PASSED] - Text 'State Drivers License' is set on object 'Object Repository/Admin Console ePulse Menu/Account Settings/ID Methods/New ID Method Modal/Instructions'

2018-11-15 12:12:27 - [TEST_STEP][PASSED] - setText: Text '1' is set on object 'Object Repository/Admin Console ePulse Menu/Account Settings/ID Methods/New ID Method Modal/Order'

2018-11-15 12:12:27 - [MESSAGE][PASSED] - Text '1' is set on object 'Object Repository/Admin Console ePulse Menu/Account Settings/ID Methods/New ID Method Modal/Order'

2018-11-15 12:12:27 - [TEST_STEP][PASSED] - click: Object: 'Object Repository/Admin Console ePulse Menu/Account Settings/ID Methods/New ID Method Modal/Show Does Name Match_slider' is clicked on

2018-11-15 12:12:27 - [MESSAGE][PASSED] - Object: 'Object Repository/Admin Console ePulse Menu/Account Settings/ID Methods/New ID Method Modal/Show Does Name Match_slider' is clicked on

2018-11-15 12:12:27 - [TEST_STEP][PASSED] - click: Object: 'Object Repository/Admin Console ePulse Menu/Account Settings/ID Methods/New ID Method Modal/Show Does Address Match_slider' is clicked on

2018-11-15 12:12:27 - [MESSAGE][PASSED] - Object: 'Object Repository/Admin Console ePulse Menu/Account Settings/ID Methods/New ID Method Modal/Show Does Address Match_slider' is clicked on

2018-11-15 12:12:27 - [TEST_STEP][PASSED] - click: Object: 'Object Repository/Admin Console ePulse Menu/Account Settings/ID Methods/New ID Method Modal/Show is ID Expired_slider' is clicked on

2018-11-15 12:12:27 - [MESSAGE][PASSED] - Object: 'Object Repository/Admin Console ePulse Menu/Account Settings/ID Methods/New ID Method Modal/Show is ID Expired_slider' is clicked on

2018-11-15 12:12:27 - [TEST_STEP][PASSED] - setText: Text 'No Drivers License?' is set on object 'Object Repository/Admin Console ePulse Menu/Account Settings/ID Methods/New ID Method Modal/Page_Epulse  am-Automation-test/Incorrect Heading'

2018-11-15 12:12:28 - [MESSAGE][PASSED] - Text 'No Drivers License?' is set on object 'Object Repository/Admin Console ePulse Menu/Account Settings/ID Methods/New ID Method Modal/Page_Epulse  am-Automation-test/Incorrect Heading'

2018-11-15 12:12:28 - [TEST_STEP][PASSED] - setText: Text 'Vote Provisional' is set on object 'Object Repository/Admin Console ePulse Menu/Account Settings/ID Methods/New ID Method Modal/Page_Epulse  am-Automation-test/Incorrect Instructions'

2018-11-15 12:12:28 - [MESSAGE][PASSED] - Text 'Vote Provisional' is set on object 'Object Repository/Admin Console ePulse Menu/Account Settings/ID Methods/New ID Method Modal/Page_Epulse  am-Automation-test/Incorrect Instructions'

2018-11-15 12:12:28 - [TEST_STEP][PASSED] - click: Object: 'Object Repository/Admin Console ePulse Menu/Account Settings/ID Methods/New ID Method Modal/Submit' is clicked on

2018-11-15 12:12:28 - [MESSAGE][PASSED] - Object: 'Object Repository/Admin Console ePulse Menu/Account Settings/ID Methods/New ID Method Modal/Submit' is clicked on]]></system-out>
         <system-err><![CDATA[]]></system-err>
      </testcase>
      <testcase name="Test Cases/Admin Console/Account Settings/ID Methods/ID Methods - Import" classname="Test Cases/Admin Console/Account Settings/ID Methods/ID Methods - Import" status="PASSED">
         <system-out><![CDATA[2018-11-15 12:12:28 - [TEST_CASE][PASSED] - Test Cases/Admin Console/Account Settings/ID Methods/ID Methods - Import: Test Cases/Admin Console/Account Settings/ID Methods/ID Methods - Import

2018-11-15 12:12:28 - [TEST_STEP][PASSED] - openBrowser: Browser is opened with url: ''

2018-11-15 12:12:28 - [MESSAGE][WARNING] - A browser is already opened. Closing browser and opening a new one

2018-11-15 12:12:29 - [MESSAGE][PASSED] - Browser is opened with url: ''

2018-11-15 12:12:29 - [TEST_STEP][PASSED] - navigateToUrl: Navigate to 'https://epulsedev2.com' successfully

2018-11-15 12:12:31 - [MESSAGE][PASSED] - Navigate to 'https://epulsedev2.com' successfully

2018-11-15 12:12:31 - [TEST_STEP][PASSED] - setText: Text 'alonzo.mack@knowink.com' is set on object 'Object Repository/Login/Email Address'

2018-11-15 12:12:31 - [MESSAGE][PASSED] - Text 'alonzo.mack@knowink.com' is set on object 'Object Repository/Login/Email Address'

2018-11-15 12:12:31 - [TEST_STEP][PASSED] - setEncryptedText: Text ****** has been set on object 'Object Repository/Login/Password'

2018-11-15 12:12:31 - [MESSAGE][PASSED] - Text ****** has been set on object 'Object Repository/Login/Password'

2018-11-15 12:12:31 - [TEST_STEP][PASSED] - click: Object: 'Object Repository/Login/Sign In' is clicked on

2018-11-15 12:12:32 - [MESSAGE][PASSED] - Object: 'Object Repository/Login/Sign In' is clicked on

2018-11-15 12:12:32 - [TEST_STEP][PASSED] - delay: Delayed 1 second(s)

2018-11-15 12:12:33 - [MESSAGE][PASSED] - Delayed 1 second(s)

2018-11-15 12:12:33 - [TEST_STEP][PASSED] - navigateToUrl: Navigate to 'https://am-automation-test.epulsedev2.com/voter_id_methods' successfully

2018-11-15 12:12:34 - [MESSAGE][PASSED] - Navigate to 'https://am-automation-test.epulsedev2.com/voter_id_methods' successfully

2018-11-15 12:12:34 - [TEST_STEP][PASSED] - click: Object: 'Object Repository/Admin Console ePulse Menu/Account Settings/ID Methods/ID Methods Page/Import' is clicked on

2018-11-15 12:12:35 - [MESSAGE][PASSED] - Object: 'Object Repository/Admin Console ePulse Menu/Account Settings/ID Methods/ID Methods Page/Import' is clicked on

2018-11-15 12:12:35 - [TEST_STEP][PASSED] - setText: Text '/Users/alonzomack/Downloads/Automation uploads/voter_id_methods.txt' is set on object 'Object Repository/Admin Console ePulse Menu/Account Settings/Prompts/Import Prompts Buttons/Choose File'

2018-11-15 12:12:35 - [MESSAGE][PASSED] - Text '/Users/alonzomack/Downloads/Automation uploads/voter_id_methods.txt' is set on object 'Object Repository/Admin Console ePulse Menu/Account Settings/Prompts/Import Prompts Buttons/Choose File'

2018-11-15 12:12:35 - [TEST_STEP][PASSED] - click: Object: 'Object Repository/Admin Console ePulse Menu/Account Settings/Prompts/Import Prompts Buttons/Continue Button' is clicked on

2018-11-15 12:12:35 - [MESSAGE][PASSED] - Object: 'Object Repository/Admin Console ePulse Menu/Account Settings/Prompts/Import Prompts Buttons/Continue Button' is clicked on

2018-11-15 12:12:35 - [TEST_STEP][PASSED] - delay: Delayed 1 second(s)

2018-11-15 12:12:36 - [MESSAGE][PASSED] - Delayed 1 second(s)

2018-11-15 12:12:36 - [TEST_STEP][PASSED] - click: Object: 'Object Repository/Admin Console ePulse Menu/Account Settings/Prompts/Import Prompts Buttons/button_Done(working)' is clicked on

2018-11-15 12:12:40 - [MESSAGE][PASSED] - Object: 'Object Repository/Admin Console ePulse Menu/Account Settings/Prompts/Import Prompts Buttons/button_Done(working)' is clicked on]]></system-out>
         <system-err><![CDATA[]]></system-err>
      </testcase>
      <testcase name="Test Cases/Admin Console/Account Settings/ID Methods/ID Methods - Edit" classname="Test Cases/Admin Console/Account Settings/ID Methods/ID Methods - Edit" status="PASSED">
         <system-out><![CDATA[2018-11-15 12:12:40 - [TEST_CASE][PASSED] - Test Cases/Admin Console/Account Settings/ID Methods/ID Methods - Edit: Test Cases/Admin Console/Account Settings/ID Methods/ID Methods - Edit

2018-11-15 12:12:40 - [TEST_STEP][PASSED] - openBrowser: Browser is opened with url: ''

2018-11-15 12:12:40 - [MESSAGE][WARNING] - A browser is already opened. Closing browser and opening a new one

2018-11-15 12:12:41 - [MESSAGE][PASSED] - Browser is opened with url: ''

2018-11-15 12:12:41 - [TEST_STEP][PASSED] - navigateToUrl: Navigate to 'https://epulsedev2.com' successfully

2018-11-15 12:12:43 - [MESSAGE][PASSED] - Navigate to 'https://epulsedev2.com' successfully

2018-11-15 12:12:43 - [TEST_STEP][PASSED] - setText: Text 'alonzo.mack@knowink.com' is set on object 'Object Repository/Login/Email Address'

2018-11-15 12:12:43 - [MESSAGE][PASSED] - Text 'alonzo.mack@knowink.com' is set on object 'Object Repository/Login/Email Address'

2018-11-15 12:12:43 - [TEST_STEP][PASSED] - setEncryptedText: Text ****** has been set on object 'Object Repository/Login/Password'

2018-11-15 12:12:43 - [MESSAGE][PASSED] - Text ****** has been set on object 'Object Repository/Login/Password'

2018-11-15 12:12:43 - [TEST_STEP][PASSED] - click: Object: 'Object Repository/Login/Sign In' is clicked on

2018-11-15 12:12:44 - [MESSAGE][PASSED] - Object: 'Object Repository/Login/Sign In' is clicked on

2018-11-15 12:12:44 - [TEST_STEP][PASSED] - delay: Delayed 1 second(s)

2018-11-15 12:12:45 - [MESSAGE][PASSED] - Delayed 1 second(s)

2018-11-15 12:12:45 - [TEST_STEP][PASSED] - navigateToUrl: Navigate to 'https://am-automation-test.epulsedev2.com/voter_id_methods' successfully

2018-11-15 12:12:47 - [MESSAGE][PASSED] - Navigate to 'https://am-automation-test.epulsedev2.com/voter_id_methods' successfully

2018-11-15 12:12:47 - [TEST_STEP][PASSED] - delay: Delayed 1 second(s)

2018-11-15 12:12:48 - [MESSAGE][PASSED] - Delayed 1 second(s)

2018-11-15 12:12:48 - [TEST_STEP][PASSED] - click: Object: 'Object Repository/Admin Console ePulse Menu/Account Settings/ID Methods/ID Methods Page/Page_Epulse  am-Automation-test/Edit Selected ID Method' is clicked on

2018-11-15 12:12:48 - [MESSAGE][PASSED] - Object: 'Object Repository/Admin Console ePulse Menu/Account Settings/ID Methods/ID Methods Page/Page_Epulse  am-Automation-test/Edit Selected ID Method' is clicked on

2018-11-15 12:12:48 - [TEST_STEP][PASSED] - setText: Text 'Drivers License_Edit' is set on object 'Object Repository/Admin Console ePulse Menu/Account Settings/ID Methods/New ID Method Modal/Name'

2018-11-15 12:12:48 - [MESSAGE][PASSED] - Text 'Drivers License_Edit' is set on object 'Object Repository/Admin Console ePulse Menu/Account Settings/ID Methods/New ID Method Modal/Name'

2018-11-15 12:12:48 - [TEST_STEP][PASSED] - setText: Text 'State Drivers License_Edit' is set on object 'Object Repository/Admin Console ePulse Menu/Account Settings/ID Methods/New ID Method Modal/Heading'

2018-11-15 12:12:48 - [MESSAGE][PASSED] - Text 'State Drivers License_Edit' is set on object 'Object Repository/Admin Console ePulse Menu/Account Settings/ID Methods/New ID Method Modal/Heading'

2018-11-15 12:12:48 - [TEST_STEP][PASSED] - selectOptionByValue: All options with value '0' are selected in object 'Object Repository/Admin Console ePulse Menu/Account Settings/ID Methods/New ID Method Modal/Select Color'  using regular expression

2018-11-15 12:12:49 - [MESSAGE][PASSED] - All options with value '0' are selected in object 'Object Repository/Admin Console ePulse Menu/Account Settings/ID Methods/New ID Method Modal/Select Color'  using regular expression

2018-11-15 12:12:49 - [TEST_STEP][PASSED] - setText: Text 'State Drivers License_Edit' is set on object 'Object Repository/Admin Console ePulse Menu/Account Settings/ID Methods/New ID Method Modal/Instructions'

2018-11-15 12:12:49 - [MESSAGE][PASSED] - Text 'State Drivers License_Edit' is set on object 'Object Repository/Admin Console ePulse Menu/Account Settings/ID Methods/New ID Method Modal/Instructions'

2018-11-15 12:12:49 - [TEST_STEP][PASSED] - setText: Text '2' is set on object 'Object Repository/Admin Console ePulse Menu/Account Settings/ID Methods/New ID Method Modal/Order'

2018-11-15 12:12:49 - [MESSAGE][PASSED] - Text '2' is set on object 'Object Repository/Admin Console ePulse Menu/Account Settings/ID Methods/New ID Method Modal/Order'

2018-11-15 12:12:49 - [TEST_STEP][NOT_RUN] - click: NOT_RUN: click

2018-11-15 12:12:49 - [MESSAGE][NOT_RUN] - NOT_RUN: click

2018-11-15 12:12:49 - [TEST_STEP][PASSED] - click: Object: 'Object Repository/Admin Console ePulse Menu/Account Settings/ID Methods/New ID Method Modal/Show Does Address Match_slider' is clicked on

2018-11-15 12:12:49 - [MESSAGE][PASSED] - Object: 'Object Repository/Admin Console ePulse Menu/Account Settings/ID Methods/New ID Method Modal/Show Does Address Match_slider' is clicked on

2018-11-15 12:12:49 - [TEST_STEP][NOT_RUN] - click: NOT_RUN: click

2018-11-15 12:12:49 - [MESSAGE][NOT_RUN] - NOT_RUN: click

2018-11-15 12:12:49 - [TEST_STEP][PASSED] - setText: Text 'No Drivers License_Edit?' is set on object 'Object Repository/Admin Console ePulse Menu/Account Settings/ID Methods/New ID Method Modal/Page_Epulse  am-Automation-test/Incorrect Heading'

2018-11-15 12:12:49 - [MESSAGE][PASSED] - Text 'No Drivers License_Edit?' is set on object 'Object Repository/Admin Console ePulse Menu/Account Settings/ID Methods/New ID Method Modal/Page_Epulse  am-Automation-test/Incorrect Heading'

2018-11-15 12:12:49 - [TEST_STEP][PASSED] - setText: Text 'Vote Provisional_Edit' is set on object 'Object Repository/Admin Console ePulse Menu/Account Settings/ID Methods/New ID Method Modal/Page_Epulse  am-Automation-test/Incorrect Instructions'

2018-11-15 12:12:49 - [MESSAGE][PASSED] - Text 'Vote Provisional_Edit' is set on object 'Object Repository/Admin Console ePulse Menu/Account Settings/ID Methods/New ID Method Modal/Page_Epulse  am-Automation-test/Incorrect Instructions'

2018-11-15 12:12:49 - [TEST_STEP][PASSED] - click: Object: 'Object Repository/Admin Console ePulse Menu/Account Settings/ID Methods/New ID Method Modal/Submit' is clicked on

2018-11-15 12:12:49 - [MESSAGE][PASSED] - Object: 'Object Repository/Admin Console ePulse Menu/Account Settings/ID Methods/New ID Method Modal/Submit' is clicked on

2018-11-15 12:12:49 - [TEST_STEP][PASSED] - closeBrowser: Browser is closed

2018-11-15 12:12:49 - [MESSAGE][PASSED] - Browser is closed]]></system-out>
         <system-err><![CDATA[]]></system-err>
      </testcase>
      <testcase name="Test Cases/Admin Console/Account Settings/ID Methods/ID Methods - Button" classname="Test Cases/Admin Console/Account Settings/ID Methods/ID Methods - Button" status="PASSED">
         <system-out><![CDATA[2018-11-15 12:12:49 - [TEST_CASE][PASSED] - Test Cases/Admin Console/Account Settings/ID Methods/ID Methods - Button: Test Cases/Admin Console/Account Settings/ID Methods/ID Methods - Button

2018-11-15 12:12:50 - [TEST_STEP][PASSED] - openBrowser: Browser is opened with url: ''

2018-11-15 12:12:51 - [MESSAGE][PASSED] - Browser is opened with url: ''

2018-11-15 12:12:51 - [TEST_STEP][PASSED] - navigateToUrl: Navigate to 'https://epulsedev2.com' successfully

2018-11-15 12:12:52 - [MESSAGE][PASSED] - Navigate to 'https://epulsedev2.com' successfully

2018-11-15 12:12:52 - [TEST_STEP][PASSED] - setText: Text 'alonzo.mack@knowink.com' is set on object 'Object Repository/Login/Email Address'

2018-11-15 12:12:52 - [MESSAGE][PASSED] - Text 'alonzo.mack@knowink.com' is set on object 'Object Repository/Login/Email Address'

2018-11-15 12:12:52 - [TEST_STEP][PASSED] - setEncryptedText: Text ****** has been set on object 'Object Repository/Login/Password'

2018-11-15 12:12:52 - [MESSAGE][PASSED] - Text ****** has been set on object 'Object Repository/Login/Password'

2018-11-15 12:12:52 - [TEST_STEP][PASSED] - click: Object: 'Object Repository/Login/Sign In' is clicked on

2018-11-15 12:12:54 - [MESSAGE][PASSED] - Object: 'Object Repository/Login/Sign In' is clicked on

2018-11-15 12:12:54 - [TEST_STEP][PASSED] - delay: Delayed 1 second(s)

2018-11-15 12:12:55 - [MESSAGE][PASSED] - Delayed 1 second(s)

2018-11-15 12:12:55 - [TEST_STEP][PASSED] - navigateToUrl: Navigate to 'https://am-automation-test.epulsedev2.com/voter_id_methods' successfully

2018-11-15 12:12:56 - [MESSAGE][PASSED] - Navigate to 'https://am-automation-test.epulsedev2.com/voter_id_methods' successfully

2018-11-15 12:12:56 - [TEST_STEP][PASSED] - delay: Delayed 1 second(s)

2018-11-15 12:12:57 - [MESSAGE][PASSED] - Delayed 1 second(s)

2018-11-15 12:12:57 - [TEST_STEP][PASSED] - click: Object: 'Object Repository/Admin Console ePulse Menu/Account Settings/ID Methods/ID Methods Page/Page_Epulse  am-Automation-test/Buttons' is clicked on

2018-11-15 12:12:57 - [MESSAGE][PASSED] - Object: 'Object Repository/Admin Console ePulse Menu/Account Settings/ID Methods/ID Methods Page/Page_Epulse  am-Automation-test/Buttons' is clicked on

2018-11-15 12:12:57 - [TEST_STEP][PASSED] - delay: Delayed 1 second(s)

2018-11-15 12:12:58 - [MESSAGE][PASSED] - Delayed 1 second(s)

2018-11-15 12:12:58 - [TEST_STEP][PASSED] - setText: Text 'test' is set on object 'Object Repository/Admin Console ePulse Menu/Account Settings/ID Methods/Buttons/Button Label'

2018-11-15 12:12:58 - [MESSAGE][PASSED] - Text 'test' is set on object 'Object Repository/Admin Console ePulse Menu/Account Settings/ID Methods/Buttons/Button Label'

2018-11-15 12:12:58 - [TEST_STEP][PASSED] - delay: Delayed 1 second(s)

2018-11-15 12:12:59 - [MESSAGE][PASSED] - Delayed 1 second(s)

2018-11-15 12:12:59 - [TEST_STEP][PASSED] - selectOptionByValue: All options with value '0' are selected in object 'Object Repository/Admin Console ePulse Menu/Account Settings/ID Methods/Buttons/Button Type'  using regular expression

2018-11-15 12:12:59 - [MESSAGE][PASSED] - All options with value '0' are selected in object 'Object Repository/Admin Console ePulse Menu/Account Settings/ID Methods/Buttons/Button Type'  using regular expression

2018-11-15 12:12:59 - [TEST_STEP][PASSED] - delay: Delayed 1 second(s)

2018-11-15 12:13:00 - [MESSAGE][PASSED] - Delayed 1 second(s)

2018-11-15 12:13:00 - [TEST_STEP][PASSED] - click: Object: 'Object Repository/Admin Console ePulse Menu/Account Settings/ID Methods/Buttons/Add Button(blue  sign)' is clicked on

2018-11-15 12:13:00 - [MESSAGE][PASSED] - Object: 'Object Repository/Admin Console ePulse Menu/Account Settings/ID Methods/Buttons/Add Button(blue  sign)' is clicked on

2018-11-15 12:13:00 - [TEST_STEP][PASSED] - delay: Delayed 1 second(s)

2018-11-15 12:13:01 - [MESSAGE][PASSED] - Delayed 1 second(s)

2018-11-15 12:13:01 - [TEST_STEP][PASSED] - setText: Text '1test' is set on object 'Object Repository/Admin Console ePulse Menu/Account Settings/ID Methods/Buttons/Button Label'

2018-11-15 12:13:01 - [MESSAGE][PASSED] - Text '1test' is set on object 'Object Repository/Admin Console ePulse Menu/Account Settings/ID Methods/Buttons/Button Label'

2018-11-15 12:13:01 - [TEST_STEP][PASSED] - delay: Delayed 1 second(s)

2018-11-15 12:13:02 - [MESSAGE][PASSED] - Delayed 1 second(s)

2018-11-15 12:13:02 - [TEST_STEP][PASSED] - selectOptionByValue: All options with value '1' are selected in object 'Object Repository/Admin Console ePulse Menu/Account Settings/ID Methods/Buttons/Button Type'  using regular expression

2018-11-15 12:13:03 - [MESSAGE][PASSED] - All options with value '1' are selected in object 'Object Repository/Admin Console ePulse Menu/Account Settings/ID Methods/Buttons/Button Type'  using regular expression

2018-11-15 12:13:03 - [TEST_STEP][PASSED] - setText: Text 'Allow to vote' is set on object 'Object Repository/Admin Console ePulse Menu/Account Settings/ID Methods/Buttons/Additional text field'

2018-11-15 12:13:03 - [MESSAGE][PASSED] - Text 'Allow to vote' is set on object 'Object Repository/Admin Console ePulse Menu/Account Settings/ID Methods/Buttons/Additional text field'

2018-11-15 12:13:03 - [TEST_STEP][PASSED] - delay: Delayed 1 second(s)

2018-11-15 12:13:04 - [MESSAGE][PASSED] - Delayed 1 second(s)

2018-11-15 12:13:04 - [TEST_STEP][PASSED] - click: Object: 'Object Repository/Admin Console ePulse Menu/Account Settings/ID Methods/Buttons/Add Button(blue  sign)' is clicked on

2018-11-15 12:13:04 - [MESSAGE][PASSED] - Object: 'Object Repository/Admin Console ePulse Menu/Account Settings/ID Methods/Buttons/Add Button(blue  sign)' is clicked on

2018-11-15 12:13:04 - [TEST_STEP][PASSED] - delay: Delayed 1 second(s)

2018-11-15 12:13:05 - [MESSAGE][PASSED] - Delayed 1 second(s)

2018-11-15 12:13:05 - [TEST_STEP][PASSED] - setText: Text '2test' is set on object 'Object Repository/Admin Console ePulse Menu/Account Settings/ID Methods/Buttons/Button Label'

2018-11-15 12:13:05 - [MESSAGE][PASSED] - Text '2test' is set on object 'Object Repository/Admin Console ePulse Menu/Account Settings/ID Methods/Buttons/Button Label'

2018-11-15 12:13:05 - [TEST_STEP][PASSED] - delay: Delayed 1 second(s)

2018-11-15 12:13:06 - [MESSAGE][PASSED] - Delayed 1 second(s)

2018-11-15 12:13:06 - [TEST_STEP][PASSED] - selectOptionByValue: All options with value '2' are selected in object 'Object Repository/Admin Console ePulse Menu/Account Settings/ID Methods/Buttons/Button Type'  using regular expression

2018-11-15 12:13:06 - [MESSAGE][PASSED] - All options with value '2' are selected in object 'Object Repository/Admin Console ePulse Menu/Account Settings/ID Methods/Buttons/Button Type'  using regular expression

2018-11-15 12:13:06 - [TEST_STEP][PASSED] - delay: Delayed 1 second(s)

2018-11-15 12:13:07 - [MESSAGE][PASSED] - Delayed 1 second(s)

2018-11-15 12:13:07 - [TEST_STEP][PASSED] - setText: Text 'asdf' is set on object 'Object Repository/Admin Console ePulse Menu/Account Settings/ID Methods/Buttons/Additional text field'

2018-11-15 12:13:07 - [MESSAGE][PASSED] - Text 'asdf' is set on object 'Object Repository/Admin Console ePulse Menu/Account Settings/ID Methods/Buttons/Additional text field'

2018-11-15 12:13:07 - [TEST_STEP][PASSED] - delay: Delayed 1 second(s)

2018-11-15 12:13:08 - [MESSAGE][PASSED] - Delayed 1 second(s)

2018-11-15 12:13:08 - [TEST_STEP][PASSED] - click: Object: 'Object Repository/Admin Console ePulse Menu/Account Settings/ID Methods/Buttons/Add Button(blue  sign)' is clicked on

2018-11-15 12:13:08 - [MESSAGE][PASSED] - Object: 'Object Repository/Admin Console ePulse Menu/Account Settings/ID Methods/Buttons/Add Button(blue  sign)' is clicked on

2018-11-15 12:13:08 - [TEST_STEP][PASSED] - delay: Delayed 1 second(s)

2018-11-15 12:13:09 - [MESSAGE][PASSED] - Delayed 1 second(s)

2018-11-15 12:13:09 - [TEST_STEP][PASSED] - setText: Text '3test' is set on object 'Object Repository/Admin Console ePulse Menu/Account Settings/ID Methods/Buttons/Button Label'

2018-11-15 12:13:09 - [MESSAGE][PASSED] - Text '3test' is set on object 'Object Repository/Admin Console ePulse Menu/Account Settings/ID Methods/Buttons/Button Label'

2018-11-15 12:13:09 - [TEST_STEP][PASSED] - delay: Delayed 1 second(s)

2018-11-15 12:13:10 - [MESSAGE][PASSED] - Delayed 1 second(s)

2018-11-15 12:13:10 - [TEST_STEP][PASSED] - selectOptionByValue: All options with value '3' are selected in object 'Object Repository/Admin Console ePulse Menu/Account Settings/ID Methods/Buttons/Button Type'  using regular expression

2018-11-15 12:13:10 - [MESSAGE][PASSED] - All options with value '3' are selected in object 'Object Repository/Admin Console ePulse Menu/Account Settings/ID Methods/Buttons/Button Type'  using regular expression

2018-11-15 12:13:10 - [TEST_STEP][PASSED] - delay: Delayed 1 second(s)

2018-11-15 12:13:11 - [MESSAGE][PASSED] - Delayed 1 second(s)

2018-11-15 12:13:11 - [TEST_STEP][PASSED] - click: Object: 'Object Repository/Admin Console ePulse Menu/Account Settings/ID Methods/Buttons/Add Button(blue  sign)' is clicked on

2018-11-15 12:13:11 - [MESSAGE][PASSED] - Object: 'Object Repository/Admin Console ePulse Menu/Account Settings/ID Methods/Buttons/Add Button(blue  sign)' is clicked on

2018-11-15 12:13:11 - [TEST_STEP][PASSED] - delay: Delayed 1 second(s)

2018-11-15 12:13:12 - [MESSAGE][PASSED] - Delayed 1 second(s)

2018-11-15 12:13:12 - [TEST_STEP][PASSED] - setText: Text '4test' is set on object 'Object Repository/Admin Console ePulse Menu/Account Settings/ID Methods/Buttons/Button Label'

2018-11-15 12:13:12 - [MESSAGE][PASSED] - Text '4test' is set on object 'Object Repository/Admin Console ePulse Menu/Account Settings/ID Methods/Buttons/Button Label'

2018-11-15 12:13:12 - [TEST_STEP][PASSED] - delay: Delayed 1 second(s)

2018-11-15 12:13:13 - [MESSAGE][PASSED] - Delayed 1 second(s)

2018-11-15 12:13:13 - [TEST_STEP][PASSED] - selectOptionByValue: All options with value '4' are selected in object 'Object Repository/Admin Console ePulse Menu/Account Settings/ID Methods/Buttons/Button Type'  using regular expression

2018-11-15 12:13:14 - [MESSAGE][PASSED] - All options with value '4' are selected in object 'Object Repository/Admin Console ePulse Menu/Account Settings/ID Methods/Buttons/Button Type'  using regular expression

2018-11-15 12:13:14 - [TEST_STEP][PASSED] - delay: Delayed 1 second(s)

2018-11-15 12:13:15 - [MESSAGE][PASSED] - Delayed 1 second(s)

2018-11-15 12:13:15 - [TEST_STEP][PASSED] - click: Object: 'Object Repository/Admin Console ePulse Menu/Account Settings/ID Methods/Buttons/Add Button(blue  sign)' is clicked on

2018-11-15 12:13:15 - [MESSAGE][PASSED] - Object: 'Object Repository/Admin Console ePulse Menu/Account Settings/ID Methods/Buttons/Add Button(blue  sign)' is clicked on

2018-11-15 12:13:15 - [TEST_STEP][PASSED] - delay: Delayed 1 second(s)

2018-11-15 12:13:16 - [MESSAGE][PASSED] - Delayed 1 second(s)

2018-11-15 12:13:16 - [TEST_STEP][PASSED] - setText: Text '5test' is set on object 'Object Repository/Admin Console ePulse Menu/Account Settings/ID Methods/Buttons/Button Label'

2018-11-15 12:13:16 - [MESSAGE][PASSED] - Text '5test' is set on object 'Object Repository/Admin Console ePulse Menu/Account Settings/ID Methods/Buttons/Button Label'

2018-11-15 12:13:16 - [TEST_STEP][PASSED] - delay: Delayed 1 second(s)

2018-11-15 12:13:17 - [MESSAGE][PASSED] - Delayed 1 second(s)

2018-11-15 12:13:17 - [TEST_STEP][PASSED] - selectOptionByValue: All options with value '5' are selected in object 'Object Repository/Admin Console ePulse Menu/Account Settings/ID Methods/Buttons/Button Type'  using regular expression

2018-11-15 12:13:17 - [MESSAGE][PASSED] - All options with value '5' are selected in object 'Object Repository/Admin Console ePulse Menu/Account Settings/ID Methods/Buttons/Button Type'  using regular expression

2018-11-15 12:13:17 - [TEST_STEP][PASSED] - delay: Delayed 1 second(s)

2018-11-15 12:13:18 - [MESSAGE][PASSED] - Delayed 1 second(s)

2018-11-15 12:13:18 - [TEST_STEP][PASSED] - click: Object: 'Object Repository/Admin Console ePulse Menu/Account Settings/ID Methods/Buttons/Add Button(blue  sign)' is clicked on

2018-11-15 12:13:18 - [MESSAGE][PASSED] - Object: 'Object Repository/Admin Console ePulse Menu/Account Settings/ID Methods/Buttons/Add Button(blue  sign)' is clicked on

2018-11-15 12:13:18 - [TEST_STEP][PASSED] - delay: Delayed 1 second(s)

2018-11-15 12:13:19 - [MESSAGE][PASSED] - Delayed 1 second(s)

2018-11-15 12:13:19 - [TEST_STEP][PASSED] - click: Object: 'Object Repository/Admin Console ePulse Menu/Account Settings/Prompts/Prompt Button Modal/Close Button' is clicked on

2018-11-15 12:13:19 - [MESSAGE][PASSED] - Object: 'Object Repository/Admin Console ePulse Menu/Account Settings/Prompts/Prompt Button Modal/Close Button' is clicked on

2018-11-15 12:13:19 - [TEST_STEP][PASSED] - delay: Delayed 1 second(s)

2018-11-15 12:13:20 - [MESSAGE][PASSED] - Delayed 1 second(s)

2018-11-15 12:13:20 - [TEST_STEP][PASSED] - closeBrowser: Browser is closed

2018-11-15 12:13:20 - [MESSAGE][PASSED] - Browser is closed]]></system-out>
         <system-err><![CDATA[]]></system-err>
      </testcase>
      <testcase name="Test Cases/Admin Console/Account Settings/ID Methods/ID Methods - Edit Oath" classname="Test Cases/Admin Console/Account Settings/ID Methods/ID Methods - Edit Oath" status="PASSED">
         <system-out><![CDATA[2018-11-15 12:13:20 - [TEST_CASE][PASSED] - Test Cases/Admin Console/Account Settings/ID Methods/ID Methods - Edit Oath: Test Cases/Admin Console/Account Settings/ID Methods/ID Methods - Edit Oath

2018-11-15 12:13:20 - [TEST_STEP][PASSED] - openBrowser: Browser is opened with url: ''

2018-11-15 12:13:21 - [MESSAGE][PASSED] - Browser is opened with url: ''

2018-11-15 12:13:21 - [TEST_STEP][PASSED] - navigateToUrl: Navigate to 'https://epulsedev2.com' successfully

2018-11-15 12:13:22 - [MESSAGE][PASSED] - Navigate to 'https://epulsedev2.com' successfully

2018-11-15 12:13:22 - [TEST_STEP][PASSED] - setText: Text 'alonzo.mack@knowink.com' is set on object 'Object Repository/Login/Email Address'

2018-11-15 12:13:23 - [MESSAGE][PASSED] - Text 'alonzo.mack@knowink.com' is set on object 'Object Repository/Login/Email Address'

2018-11-15 12:13:23 - [TEST_STEP][PASSED] - setEncryptedText: Text ****** has been set on object 'Object Repository/Login/Password'

2018-11-15 12:13:23 - [MESSAGE][PASSED] - Text ****** has been set on object 'Object Repository/Login/Password'

2018-11-15 12:13:23 - [TEST_STEP][PASSED] - click: Object: 'Object Repository/Login/Sign In' is clicked on

2018-11-15 12:13:24 - [MESSAGE][PASSED] - Object: 'Object Repository/Login/Sign In' is clicked on

2018-11-15 12:13:24 - [TEST_STEP][PASSED] - delay: Delayed 1 second(s)

2018-11-15 12:13:25 - [MESSAGE][PASSED] - Delayed 1 second(s)

2018-11-15 12:13:25 - [TEST_STEP][PASSED] - navigateToUrl: Navigate to 'https://am-automation-test.epulsedev2.com/voter_id_methods' successfully

2018-11-15 12:13:26 - [MESSAGE][PASSED] - Navigate to 'https://am-automation-test.epulsedev2.com/voter_id_methods' successfully

2018-11-15 12:13:26 - [TEST_STEP][PASSED] - click: Object: 'Object Repository/Admin Console ePulse Menu/Account Settings/ID Methods/ID Methods Page/Edit ID Method Oath' is clicked on

2018-11-15 12:13:26 - [MESSAGE][PASSED] - Object: 'Object Repository/Admin Console ePulse Menu/Account Settings/ID Methods/ID Methods Page/Edit ID Method Oath' is clicked on

2018-11-15 12:13:26 - [TEST_STEP][PASSED] - delay: Delayed 1 second(s)

2018-11-15 12:13:27 - [MESSAGE][PASSED] - Delayed 1 second(s)

2018-11-15 12:13:27 - [TEST_STEP][PASSED] - setText: Text 'Customize the oath displayed to voters. ' is set on object 'Object Repository/Admin Console ePulse Menu/Account Settings/ID Methods/Edit ID Method Modal/Customized Oath text area'

2018-11-15 12:13:27 - [MESSAGE][PASSED] - Text 'Customize the oath displayed to voters. ' is set on object 'Object Repository/Admin Console ePulse Menu/Account Settings/ID Methods/Edit ID Method Modal/Customized Oath text area'

2018-11-15 12:13:27 - [TEST_STEP][PASSED] - delay: Delayed 1 second(s)

2018-11-15 12:13:28 - [MESSAGE][PASSED] - Delayed 1 second(s)

2018-11-15 12:13:28 - [TEST_STEP][PASSED] - click: Object: 'Object Repository/Admin Console ePulse Menu/Account Settings/ID Methods/Edit ID Method Modal/Submit' is clicked on

2018-11-15 12:13:28 - [MESSAGE][PASSED] - Object: 'Object Repository/Admin Console ePulse Menu/Account Settings/ID Methods/Edit ID Method Modal/Submit' is clicked on]]></system-out>
         <system-err><![CDATA[]]></system-err>
      </testcase>
      <testcase name="Test Cases/Admin Console/Account Settings/ID Methods/ID Methods - ALT Button" classname="Test Cases/Admin Console/Account Settings/ID Methods/ID Methods - ALT Button" status="FAILED">
         <failure type="FAILED" message="(Stack trace: com.kms.katalon.core.exception.StepFailedException: Unable to click on object 'Object Repository/Admin Console ePulse Menu/Account Settings/ID Methods/ID Methods Page/Page_Epulse  am-Automation-test/Alt. Buttons' (Root cause: com.kms.katalon.core.webui.exception.WebElementNotFoundException: Web element with id: 'Object Repository/Admin Console ePulse Menu/Account Settings/ID Methods/ID Methods Page/Page_Epulse  am-Automation-test/Alt. Buttons' located by 'By.xpath: //section[@id='sort_table']/table/tbody/tr[2]/td[6]/a[4]' not found)
	at com.kms.katalon.core.keyword.internal.KeywordMain.stepFailed(KeywordMain.groovy:36)
	at com.kms.katalon.core.webui.keyword.internal.WebUIKeywordMain.stepFailed(WebUIKeywordMain.groovy:65)
	at com.kms.katalon.core.webui.keyword.internal.WebUIKeywordMain.runKeyword(WebUIKeywordMain.groovy:27)
	at com.kms.katalon.core.webui.keyword.builtin.ClickKeyword.click(ClickKeyword.groovy:86)
	at com.kms.katalon.core.webui.keyword.builtin.ClickKeyword.execute(ClickKeyword.groovy:67)
	at com.kms.katalon.core.keyword.internal.KeywordExecutor.executeKeywordForPlatform(KeywordExecutor.groovy:53)
	at com.kms.katalon.core.webui.keyword.WebUiBuiltInKeywords.click(WebUiBuiltInKeywords.groovy:616)
	at com.kms.katalon.core.webui.keyword.WebUiBuiltInKeywords$click$3.call(Unknown Source)
	at org.codehaus.groovy.runtime.callsite.CallSiteArray.defaultCall(CallSiteArray.java:48)
	at org.codehaus.groovy.runtime.callsite.AbstractCallSite.call(AbstractCallSite.java:113)
	at org.codehaus.groovy.runtime.callsite.AbstractCallSite.call(AbstractCallSite.java:125)
	at Script1541102923642.run(Script1541102923642.groovy:37)
	at com.kms.katalon.core.main.ScriptEngine.run(ScriptEngine.java:183)
	at com.kms.katalon.core.main.ScriptEngine.runScriptAsRawText(ScriptEngine.java:108)
	at com.kms.katalon.core.main.TestCaseExecutor.runScript(TestCaseExecutor.java:294)
	at com.kms.katalon.core.main.TestCaseExecutor.doExecute(TestCaseExecutor.java:285)
	at com.kms.katalon.core.main.TestCaseExecutor.processExecutionPhase(TestCaseExecutor.java:264)
	at com.kms.katalon.core.main.TestCaseExecutor.accessMainPhase(TestCaseExecutor.java:256)
	at com.kms.katalon.core.main.TestCaseExecutor.execute(TestCaseExecutor.java:200)
	at com.kms.katalon.core.main.TestSuiteExecutor.accessTestCaseMainPhase(TestSuiteExecutor.java:129)
	at com.kms.katalon.core.main.TestSuiteExecutor.accessTestSuiteMainPhase(TestSuiteExecutor.java:112)
	at com.kms.katalon.core.main.TestSuiteExecutor.execute(TestSuiteExecutor.java:81)
	at com.kms.katalon.core.main.TestCaseMain.startTestSuite(TestCaseMain.java:142)
	at com.kms.katalon.core.main.TestCaseMain$startTestSuite$0.call(Unknown Source)
	at org.codehaus.groovy.runtime.callsite.CallSiteArray.defaultCall(CallSiteArray.java:48)
	at org.codehaus.groovy.runtime.callsite.AbstractCallSite.call(AbstractCallSite.java:113)
	at org.codehaus.groovy.runtime.callsite.AbstractCallSite.call(AbstractCallSite.java:141)
	at TempTestSuite1542305302868.run(TempTestSuite1542305302868.groovy:36)
	at groovy.lang.GroovyShell.runScriptOrMainOrTestOrRunnable(GroovyShell.java:263)
	at groovy.lang.GroovyShell.run(GroovyShell.java:518)
	at groovy.lang.GroovyShell.run(GroovyShell.java:507)
	at groovy.ui.GroovyMain.processOnce(GroovyMain.java:653)
	at groovy.ui.GroovyMain.run(GroovyMain.java:384)
	at groovy.ui.GroovyMain.process(GroovyMain.java:370)
	at groovy.ui.GroovyMain.processArgs(GroovyMain.java:129)
	at groovy.ui.GroovyMain.main(GroovyMain.java:109)
	at sun.reflect.NativeMethodAccessorImpl.invoke0(Native Method)
	at sun.reflect.NativeMethodAccessorImpl.invoke(NativeMethodAccessorImpl.java:62)
	at sun.reflect.DelegatingMethodAccessorImpl.invoke(DelegatingMethodAccessorImpl.java:43)
	at java.lang.reflect.Method.invoke(Method.java:498)
	at org.codehaus.groovy.tools.GroovyStarter.rootLoader(GroovyStarter.java:109)
	at org.codehaus.groovy.tools.GroovyStarter.main(GroovyStarter.java:131)
)"/>
         <system-out><![CDATA[2018-11-15 12:13:28 - [TEST_CASE][FAILED] - Test Cases/Admin Console/Account Settings/ID Methods/ID Methods - ALT Button: Test Cases/Admin Console/Account Settings/ID Methods/ID Methods - ALT Button FAILED because (of) (Stack trace: com.kms.katalon.core.exception.StepFailedException: Unable to click on object 'Object Repository/Admin Console ePulse Menu/Account Settings/ID Methods/ID Methods Page/Page_Epulse  am-Automation-test/Alt. Buttons' (Root cause: com.kms.katalon.core.webui.exception.WebElementNotFoundException: Web element with id: 'Object Repository/Admin Console ePulse Menu/Account Settings/ID Methods/ID Methods Page/Page_Epulse  am-Automation-test/Alt. Buttons' located by 'By.xpath: //section[@id='sort_table']/table/tbody/tr[2]/td[6]/a[4]' not found)
	at com.kms.katalon.core.keyword.internal.KeywordMain.stepFailed(KeywordMain.groovy:36)
	at com.kms.katalon.core.webui.keyword.internal.WebUIKeywordMain.stepFailed(WebUIKeywordMain.groovy:65)
	at com.kms.katalon.core.webui.keyword.internal.WebUIKeywordMain.runKeyword(WebUIKeywordMain.groovy:27)
	at com.kms.katalon.core.webui.keyword.builtin.ClickKeyword.click(ClickKeyword.groovy:86)
	at com.kms.katalon.core.webui.keyword.builtin.ClickKeyword.execute(ClickKeyword.groovy:67)
	at com.kms.katalon.core.keyword.internal.KeywordExecutor.executeKeywordForPlatform(KeywordExecutor.groovy:53)
	at com.kms.katalon.core.webui.keyword.WebUiBuiltInKeywords.click(WebUiBuiltInKeywords.groovy:616)
	at com.kms.katalon.core.webui.keyword.WebUiBuiltInKeywords$click$3.call(Unknown Source)
	at org.codehaus.groovy.runtime.callsite.CallSiteArray.defaultCall(CallSiteArray.java:48)
	at org.codehaus.groovy.runtime.callsite.AbstractCallSite.call(AbstractCallSite.java:113)
	at org.codehaus.groovy.runtime.callsite.AbstractCallSite.call(AbstractCallSite.java:125)
	at Script1541102923642.run(Script1541102923642.groovy:37)
	at com.kms.katalon.core.main.ScriptEngine.run(ScriptEngine.java:183)
	at com.kms.katalon.core.main.ScriptEngine.runScriptAsRawText(ScriptEngine.java:108)
	at com.kms.katalon.core.main.TestCaseExecutor.runScript(TestCaseExecutor.java:294)
	at com.kms.katalon.core.main.TestCaseExecutor.doExecute(TestCaseExecutor.java:285)
	at com.kms.katalon.core.main.TestCaseExecutor.processExecutionPhase(TestCaseExecutor.java:264)
	at com.kms.katalon.core.main.TestCaseExecutor.accessMainPhase(TestCaseExecutor.java:256)
	at com.kms.katalon.core.main.TestCaseExecutor.execute(TestCaseExecutor.java:200)
	at com.kms.katalon.core.main.TestSuiteExecutor.accessTestCaseMainPhase(TestSuiteExecutor.java:129)
	at com.kms.katalon.core.main.TestSuiteExecutor.accessTestSuiteMainPhase(TestSuiteExecutor.java:112)
	at com.kms.katalon.core.main.TestSuiteExecutor.execute(TestSuiteExecutor.java:81)
	at com.kms.katalon.core.main.TestCaseMain.startTestSuite(TestCaseMain.java:142)
	at com.kms.katalon.core.main.TestCaseMain$startTestSuite$0.call(Unknown Source)
	at org.codehaus.groovy.runtime.callsite.CallSiteArray.defaultCall(CallSiteArray.java:48)
	at org.codehaus.groovy.runtime.callsite.AbstractCallSite.call(AbstractCallSite.java:113)
	at org.codehaus.groovy.runtime.callsite.AbstractCallSite.call(AbstractCallSite.java:141)
	at TempTestSuite1542305302868.run(TempTestSuite1542305302868.groovy:36)
	at groovy.lang.GroovyShell.runScriptOrMainOrTestOrRunnable(GroovyShell.java:263)
	at groovy.lang.GroovyShell.run(GroovyShell.java:518)
	at groovy.lang.GroovyShell.run(GroovyShell.java:507)
	at groovy.ui.GroovyMain.processOnce(GroovyMain.java:653)
	at groovy.ui.GroovyMain.run(GroovyMain.java:384)
	at groovy.ui.GroovyMain.process(GroovyMain.java:370)
	at groovy.ui.GroovyMain.processArgs(GroovyMain.java:129)
	at groovy.ui.GroovyMain.main(GroovyMain.java:109)
	at sun.reflect.NativeMethodAccessorImpl.invoke0(Native Method)
	at sun.reflect.NativeMethodAccessorImpl.invoke(NativeMethodAccessorImpl.java:62)
	at sun.reflect.DelegatingMethodAccessorImpl.invoke(DelegatingMethodAccessorImpl.java:43)
	at java.lang.reflect.Method.invoke(Method.java:498)
	at org.codehaus.groovy.tools.GroovyStarter.rootLoader(GroovyStarter.java:109)
	at org.codehaus.groovy.tools.GroovyStarter.main(GroovyStarter.java:131)
)

2018-11-15 12:13:28 - [TEST_STEP][PASSED] - openBrowser: Browser is opened with url: ''

2018-11-15 12:13:28 - [MESSAGE][WARNING] - A browser is already opened. Closing browser and opening a new one

2018-11-15 12:13:29 - [MESSAGE][PASSED] - Browser is opened with url: ''

2018-11-15 12:13:29 - [TEST_STEP][PASSED] - navigateToUrl: Navigate to 'https://epulsedev2.com' successfully

2018-11-15 12:13:31 - [MESSAGE][PASSED] - Navigate to 'https://epulsedev2.com' successfully

2018-11-15 12:13:31 - [TEST_STEP][PASSED] - setText: Text 'alonzo.mack@knowink.com' is set on object 'Object Repository/Login/Email Address'

2018-11-15 12:13:31 - [MESSAGE][PASSED] - Text 'alonzo.mack@knowink.com' is set on object 'Object Repository/Login/Email Address'

2018-11-15 12:13:31 - [TEST_STEP][PASSED] - setEncryptedText: Text ****** has been set on object 'Object Repository/Login/Password'

2018-11-15 12:13:31 - [MESSAGE][PASSED] - Text ****** has been set on object 'Object Repository/Login/Password'

2018-11-15 12:13:31 - [TEST_STEP][PASSED] - click: Object: 'Object Repository/Login/Sign In' is clicked on

2018-11-15 12:13:32 - [MESSAGE][PASSED] - Object: 'Object Repository/Login/Sign In' is clicked on

2018-11-15 12:13:32 - [TEST_STEP][PASSED] - delay: Delayed 1 second(s)

2018-11-15 12:13:33 - [MESSAGE][PASSED] - Delayed 1 second(s)

2018-11-15 12:13:33 - [TEST_STEP][PASSED] - navigateToUrl: Navigate to 'https://am-automation-test.epulsedev2.com/voter_id_methods' successfully

2018-11-15 12:13:34 - [MESSAGE][PASSED] - Navigate to 'https://am-automation-test.epulsedev2.com/voter_id_methods' successfully

2018-11-15 12:13:34 - [TEST_STEP][PASSED] - delay: Delayed 1 second(s)

2018-11-15 12:13:35 - [MESSAGE][PASSED] - Delayed 1 second(s)

2018-11-15 12:13:35 - [TEST_STEP][FAILED] - click: Unable to click on object 'Object Repository/Admin Console ePulse Menu/Account Settings/ID Methods/ID Methods Page/Page_Epulse  am-Automation-test/Alt. Buttons' (Root cause: com.kms.katalon.core.webui.exception.WebElementNotFoundException: Web element with id: 'Object Repository/Admin Console ePulse Menu/Account Settings/ID Methods/ID Methods Page/Page_Epulse  am-Automation-test/Alt. Buttons' located by 'By.xpath: //section[@id='sort_table']/table/tbody/tr[2]/td[6]/a[4]' not found)

2018-11-15 12:13:55 - [MESSAGE][FAILED] - Unable to click on object 'Object Repository/Admin Console ePulse Menu/Account Settings/ID Methods/ID Methods Page/Page_Epulse  am-Automation-test/Alt. Buttons' (Root cause: com.kms.katalon.core.webui.exception.WebElementNotFoundException: Web element with id: 'Object Repository/Admin Console ePulse Menu/Account Settings/ID Methods/ID Methods Page/Page_Epulse  am-Automation-test/Alt. Buttons' located by 'By.xpath: //section[@id='sort_table']/table/tbody/tr[2]/td[6]/a[4]' not found)
[[ATTACHMENT|/Users/alonzomack/Katalon Studio/Regression/Reports/New Test Suite/20181115_120822/1542305635165.png]]]]></system-out>
         <system-err><![CDATA[2018-11-15 12:13:28 - [TEST_CASE][FAILED] - Test Cases/Admin Console/Account Settings/ID Methods/ID Methods - ALT Button: Test Cases/Admin Console/Account Settings/ID Methods/ID Methods - ALT Button FAILED because (of) (Stack trace: com.kms.katalon.core.exception.StepFailedException: Unable to click on object 'Object Repository/Admin Console ePulse Menu/Account Settings/ID Methods/ID Methods Page/Page_Epulse  am-Automation-test/Alt. Buttons' (Root cause: com.kms.katalon.core.webui.exception.WebElementNotFoundException: Web element with id: 'Object Repository/Admin Console ePulse Menu/Account Settings/ID Methods/ID Methods Page/Page_Epulse  am-Automation-test/Alt. Buttons' located by 'By.xpath: //section[@id='sort_table']/table/tbody/tr[2]/td[6]/a[4]' not found)
	at com.kms.katalon.core.keyword.internal.KeywordMain.stepFailed(KeywordMain.groovy:36)
	at com.kms.katalon.core.webui.keyword.internal.WebUIKeywordMain.stepFailed(WebUIKeywordMain.groovy:65)
	at com.kms.katalon.core.webui.keyword.internal.WebUIKeywordMain.runKeyword(WebUIKeywordMain.groovy:27)
	at com.kms.katalon.core.webui.keyword.builtin.ClickKeyword.click(ClickKeyword.groovy:86)
	at com.kms.katalon.core.webui.keyword.builtin.ClickKeyword.execute(ClickKeyword.groovy:67)
	at com.kms.katalon.core.keyword.internal.KeywordExecutor.executeKeywordForPlatform(KeywordExecutor.groovy:53)
	at com.kms.katalon.core.webui.keyword.WebUiBuiltInKeywords.click(WebUiBuiltInKeywords.groovy:616)
	at com.kms.katalon.core.webui.keyword.WebUiBuiltInKeywords$click$3.call(Unknown Source)
	at org.codehaus.groovy.runtime.callsite.CallSiteArray.defaultCall(CallSiteArray.java:48)
	at org.codehaus.groovy.runtime.callsite.AbstractCallSite.call(AbstractCallSite.java:113)
	at org.codehaus.groovy.runtime.callsite.AbstractCallSite.call(AbstractCallSite.java:125)
	at Script1541102923642.run(Script1541102923642.groovy:37)
	at com.kms.katalon.core.main.ScriptEngine.run(ScriptEngine.java:183)
	at com.kms.katalon.core.main.ScriptEngine.runScriptAsRawText(ScriptEngine.java:108)
	at com.kms.katalon.core.main.TestCaseExecutor.runScript(TestCaseExecutor.java:294)
	at com.kms.katalon.core.main.TestCaseExecutor.doExecute(TestCaseExecutor.java:285)
	at com.kms.katalon.core.main.TestCaseExecutor.processExecutionPhase(TestCaseExecutor.java:264)
	at com.kms.katalon.core.main.TestCaseExecutor.accessMainPhase(TestCaseExecutor.java:256)
	at com.kms.katalon.core.main.TestCaseExecutor.execute(TestCaseExecutor.java:200)
	at com.kms.katalon.core.main.TestSuiteExecutor.accessTestCaseMainPhase(TestSuiteExecutor.java:129)
	at com.kms.katalon.core.main.TestSuiteExecutor.accessTestSuiteMainPhase(TestSuiteExecutor.java:112)
	at com.kms.katalon.core.main.TestSuiteExecutor.execute(TestSuiteExecutor.java:81)
	at com.kms.katalon.core.main.TestCaseMain.startTestSuite(TestCaseMain.java:142)
	at com.kms.katalon.core.main.TestCaseMain$startTestSuite$0.call(Unknown Source)
	at org.codehaus.groovy.runtime.callsite.CallSiteArray.defaultCall(CallSiteArray.java:48)
	at org.codehaus.groovy.runtime.callsite.AbstractCallSite.call(AbstractCallSite.java:113)
	at org.codehaus.groovy.runtime.callsite.AbstractCallSite.call(AbstractCallSite.java:141)
	at TempTestSuite1542305302868.run(TempTestSuite1542305302868.groovy:36)
	at groovy.lang.GroovyShell.runScriptOrMainOrTestOrRunnable(GroovyShell.java:263)
	at groovy.lang.GroovyShell.run(GroovyShell.java:518)
	at groovy.lang.GroovyShell.run(GroovyShell.java:507)
	at groovy.ui.GroovyMain.processOnce(GroovyMain.java:653)
	at groovy.ui.GroovyMain.run(GroovyMain.java:384)
	at groovy.ui.GroovyMain.process(GroovyMain.java:370)
	at groovy.ui.GroovyMain.processArgs(GroovyMain.java:129)
	at groovy.ui.GroovyMain.main(GroovyMain.java:109)
	at sun.reflect.NativeMethodAccessorImpl.invoke0(Native Method)
	at sun.reflect.NativeMethodAccessorImpl.invoke(NativeMethodAccessorImpl.java:62)
	at sun.reflect.DelegatingMethodAccessorImpl.invoke(DelegatingMethodAccessorImpl.java:43)
	at java.lang.reflect.Method.invoke(Method.java:498)
	at org.codehaus.groovy.tools.GroovyStarter.rootLoader(GroovyStarter.java:109)
	at org.codehaus.groovy.tools.GroovyStarter.main(GroovyStarter.java:131)
)]]></system-err>
      </testcase>
      <testcase name="Test Cases/Admin Console/Account Settings/Languages/Languages - Import" classname="Test Cases/Admin Console/Account Settings/Languages/Languages - Import" status="PASSED">
         <system-out><![CDATA[2018-11-15 12:13:55 - [TEST_CASE][PASSED] - Test Cases/Admin Console/Account Settings/Languages/Languages - Import: Test Cases/Admin Console/Account Settings/Languages/Languages - Import

2018-11-15 12:13:55 - [TEST_STEP][PASSED] - openBrowser: Browser is opened with url: ''

2018-11-15 12:13:55 - [MESSAGE][WARNING] - A browser is already opened. Closing browser and opening a new one

2018-11-15 12:13:56 - [MESSAGE][PASSED] - Browser is opened with url: ''

2018-11-15 12:13:56 - [TEST_STEP][PASSED] - navigateToUrl: Navigate to 'https://epulsedev2.com' successfully

2018-11-15 12:13:57 - [MESSAGE][PASSED] - Navigate to 'https://epulsedev2.com' successfully

2018-11-15 12:13:57 - [TEST_STEP][PASSED] - setText: Text 'alonzo.mack@knowink.com' is set on object 'Object Repository/Login/Email Address'

2018-11-15 12:13:58 - [MESSAGE][PASSED] - Text 'alonzo.mack@knowink.com' is set on object 'Object Repository/Login/Email Address'

2018-11-15 12:13:58 - [TEST_STEP][PASSED] - setEncryptedText: Text ****** has been set on object 'Object Repository/Login/Password'

2018-11-15 12:13:58 - [MESSAGE][PASSED] - Text ****** has been set on object 'Object Repository/Login/Password'

2018-11-15 12:13:58 - [TEST_STEP][PASSED] - click: Object: 'Object Repository/Login/Sign In' is clicked on

2018-11-15 12:13:59 - [MESSAGE][PASSED] - Object: 'Object Repository/Login/Sign In' is clicked on

2018-11-15 12:13:59 - [TEST_STEP][PASSED] - delay: Delayed 1 second(s)

2018-11-15 12:14:00 - [MESSAGE][PASSED] - Delayed 1 second(s)

2018-11-15 12:14:00 - [TEST_STEP][PASSED] - navigateToUrl: Navigate to 'https://am-automation-test.epulsedev2.com/imports/languages' successfully

2018-11-15 12:14:01 - [MESSAGE][PASSED] - Navigate to 'https://am-automation-test.epulsedev2.com/imports/languages' successfully

2018-11-15 12:14:01 - [TEST_STEP][PASSED] - delay: Delayed 1 second(s)

2018-11-15 12:14:02 - [MESSAGE][PASSED] - Delayed 1 second(s)

2018-11-15 12:14:02 - [TEST_STEP][PASSED] - setText: Text '/Users/alonzomack/Downloads/Automation uploads/languages.csv' is set on object 'Object Repository/Admin Console ePulse Menu/Account Settings/Prompts/Import Prompts Buttons/Choose File'

2018-11-15 12:14:02 - [MESSAGE][PASSED] - Text '/Users/alonzomack/Downloads/Automation uploads/languages.csv' is set on object 'Object Repository/Admin Console ePulse Menu/Account Settings/Prompts/Import Prompts Buttons/Choose File'

2018-11-15 12:14:02 - [TEST_STEP][PASSED] - click: Object: 'Object Repository/Admin Console ePulse Menu/Account Settings/Prompts/Import Prompts Buttons/Continue Button' is clicked on

2018-11-15 12:14:02 - [MESSAGE][PASSED] - Object: 'Object Repository/Admin Console ePulse Menu/Account Settings/Prompts/Import Prompts Buttons/Continue Button' is clicked on

2018-11-15 12:14:02 - [TEST_STEP][PASSED] - delay: Delayed 1 second(s)

2018-11-15 12:14:03 - [MESSAGE][PASSED] - Delayed 1 second(s)

2018-11-15 12:14:03 - [TEST_STEP][PASSED] - click: Object: 'Object Repository/Admin Console ePulse Menu/Account Settings/Prompts/Import Prompts Buttons/button_Done(working)' is clicked on

2018-11-15 12:14:08 - [MESSAGE][PASSED] - Object: 'Object Repository/Admin Console ePulse Menu/Account Settings/Prompts/Import Prompts Buttons/button_Done(working)' is clicked on

2018-11-15 12:14:08 - [TEST_STEP][PASSED] - delay: Delayed 1 second(s)

2018-11-15 12:14:09 - [MESSAGE][PASSED] - Delayed 1 second(s)

2018-11-15 12:14:09 - [TEST_STEP][PASSED] - closeBrowser: Browser is closed

2018-11-15 12:14:09 - [MESSAGE][PASSED] - Browser is closed]]></system-out>
         <system-err><![CDATA[]]></system-err>
      </testcase>
      <testcase name="Test Cases/Admin Console/Account Settings/Oaths/Oaths - Add" classname="Test Cases/Admin Console/Account Settings/Oaths/Oaths - Add" status="PASSED">
         <system-out><![CDATA[2018-11-15 12:14:09 - [TEST_CASE][PASSED] - Test Cases/Admin Console/Account Settings/Oaths/Oaths - Add: Test Cases/Admin Console/Account Settings/Oaths/Oaths - Add

2018-11-15 12:14:09 - [TEST_STEP][PASSED] - openBrowser: Browser is opened with url: ''

2018-11-15 12:14:10 - [MESSAGE][PASSED] - Browser is opened with url: ''

2018-11-15 12:14:10 - [TEST_STEP][PASSED] - navigateToUrl: Navigate to 'https://epulsedev2.com' successfully

2018-11-15 12:14:12 - [MESSAGE][PASSED] - Navigate to 'https://epulsedev2.com' successfully

2018-11-15 12:14:12 - [TEST_STEP][PASSED] - setText: Text 'alonzo.mack@knowink.com' is set on object 'Object Repository/Login/Email Address'

2018-11-15 12:14:12 - [MESSAGE][PASSED] - Text 'alonzo.mack@knowink.com' is set on object 'Object Repository/Login/Email Address'

2018-11-15 12:14:12 - [TEST_STEP][PASSED] - setEncryptedText: Text ****** has been set on object 'Object Repository/Login/Password'

2018-11-15 12:14:12 - [MESSAGE][PASSED] - Text ****** has been set on object 'Object Repository/Login/Password'

2018-11-15 12:14:12 - [TEST_STEP][PASSED] - click: Object: 'Object Repository/Login/Sign In' is clicked on

2018-11-15 12:14:13 - [MESSAGE][PASSED] - Object: 'Object Repository/Login/Sign In' is clicked on

2018-11-15 12:14:13 - [TEST_STEP][PASSED] - delay: Delayed 1 second(s)

2018-11-15 12:14:14 - [MESSAGE][PASSED] - Delayed 1 second(s)

2018-11-15 12:14:14 - [TEST_STEP][PASSED] - navigateToUrl: Navigate to 'https://am-automation-test.epulsedev2.com/account_oaths' successfully

2018-11-15 12:14:15 - [MESSAGE][PASSED] - Navigate to 'https://am-automation-test.epulsedev2.com/account_oaths' successfully

2018-11-15 12:14:15 - [TEST_STEP][PASSED] - delay: Delayed 1 second(s)

2018-11-15 12:14:16 - [MESSAGE][PASSED] - Delayed 1 second(s)

2018-11-15 12:14:16 - [TEST_STEP][PASSED] - click: Object: 'Object Repository/Admin Console ePulse Menu/Account Settings/Oaths/New Oath' is clicked on

2018-11-15 12:14:16 - [MESSAGE][PASSED] - Object: 'Object Repository/Admin Console ePulse Menu/Account Settings/Oaths/New Oath' is clicked on

2018-11-15 12:14:16 - [TEST_STEP][PASSED] - setText: Text 'ID Method' is set on object 'Object Repository/Admin Console ePulse Menu/Account Settings/Oaths/Add_Edit Oath/Oath Name'

2018-11-15 12:14:16 - [MESSAGE][PASSED] - Text 'ID Method' is set on object 'Object Repository/Admin Console ePulse Menu/Account Settings/Oaths/Add_Edit Oath/Oath Name'

2018-11-15 12:14:16 - [TEST_STEP][PASSED] - setText: Text 'Oath Instructions' is set on object 'Object Repository/Admin Console ePulse Menu/Account Settings/Oaths/Add_Edit Oath/Oath Instructions'

2018-11-15 12:14:16 - [MESSAGE][PASSED] - Text 'Oath Instructions' is set on object 'Object Repository/Admin Console ePulse Menu/Account Settings/Oaths/Add_Edit Oath/Oath Instructions'

2018-11-15 12:14:16 - [TEST_STEP][PASSED] - setText: Text 'Customize the oath displayed to voters' is set on object 'Object Repository/Admin Console ePulse Menu/Account Settings/Oaths/Add_Edit Oath/Customized Oath Text Area'

2018-11-15 12:14:17 - [MESSAGE][PASSED] - Text 'Customize the oath displayed to voters' is set on object 'Object Repository/Admin Console ePulse Menu/Account Settings/Oaths/Add_Edit Oath/Customized Oath Text Area'

2018-11-15 12:14:17 - [TEST_STEP][PASSED] - click: Object: 'Object Repository/Admin Console ePulse Menu/Account Settings/Oaths/Add_Edit Oath/Oath Type Dropdown' is clicked on

2018-11-15 12:14:17 - [MESSAGE][PASSED] - Object: 'Object Repository/Admin Console ePulse Menu/Account Settings/Oaths/Add_Edit Oath/Oath Type Dropdown' is clicked on

2018-11-15 12:14:17 - [TEST_STEP][PASSED] - click: Object: 'Object Repository/Admin Console ePulse Menu/Account Settings/Oaths/Add_Edit Oath/Id Method' is clicked on

2018-11-15 12:14:17 - [MESSAGE][PASSED] - Object: 'Object Repository/Admin Console ePulse Menu/Account Settings/Oaths/Add_Edit Oath/Id Method' is clicked on

2018-11-15 12:14:17 - [TEST_STEP][PASSED] - click: Object: 'Object Repository/Admin Console ePulse Menu/Account Settings/Oaths/Add_Edit Oath/Submit' is clicked on

2018-11-15 12:14:17 - [MESSAGE][PASSED] - Object: 'Object Repository/Admin Console ePulse Menu/Account Settings/Oaths/Add_Edit Oath/Submit' is clicked on

2018-11-15 12:14:17 - [TEST_STEP][PASSED] - delay: Delayed 1 second(s)

2018-11-15 12:14:18 - [MESSAGE][PASSED] - Delayed 1 second(s)

2018-11-15 12:14:18 - [TEST_STEP][PASSED] - click: Object: 'Object Repository/Admin Console ePulse Menu/Account Settings/Oaths/New Oath' is clicked on

2018-11-15 12:14:18 - [MESSAGE][PASSED] - Object: 'Object Repository/Admin Console ePulse Menu/Account Settings/Oaths/New Oath' is clicked on

2018-11-15 12:14:18 - [TEST_STEP][PASSED] - setText: Text 'Voter Check In Signing Page' is set on object 'Object Repository/Admin Console ePulse Menu/Account Settings/Oaths/Add_Edit Oath/Oath Name'

2018-11-15 12:14:18 - [MESSAGE][PASSED] - Text 'Voter Check In Signing Page' is set on object 'Object Repository/Admin Console ePulse Menu/Account Settings/Oaths/Add_Edit Oath/Oath Name'

2018-11-15 12:14:18 - [TEST_STEP][PASSED] - setText: Text 'Oath Instructions' is set on object 'Object Repository/Admin Console ePulse Menu/Account Settings/Oaths/Add_Edit Oath/Oath Instructions'

2018-11-15 12:14:18 - [MESSAGE][PASSED] - Text 'Oath Instructions' is set on object 'Object Repository/Admin Console ePulse Menu/Account Settings/Oaths/Add_Edit Oath/Oath Instructions'

2018-11-15 12:14:18 - [TEST_STEP][PASSED] - setText: Text 'Customize the oath displayed to voters' is set on object 'Object Repository/Admin Console ePulse Menu/Account Settings/Oaths/Add_Edit Oath/Customized Oath Text Area'

2018-11-15 12:14:18 - [MESSAGE][PASSED] - Text 'Customize the oath displayed to voters' is set on object 'Object Repository/Admin Console ePulse Menu/Account Settings/Oaths/Add_Edit Oath/Customized Oath Text Area'

2018-11-15 12:14:18 - [TEST_STEP][PASSED] - click: Object: 'Object Repository/Admin Console ePulse Menu/Account Settings/Oaths/Add_Edit Oath/Oath Type Dropdown' is clicked on

2018-11-15 12:14:18 - [MESSAGE][PASSED] - Object: 'Object Repository/Admin Console ePulse Menu/Account Settings/Oaths/Add_Edit Oath/Oath Type Dropdown' is clicked on

2018-11-15 12:14:18 - [TEST_STEP][PASSED] - click: Object: 'Object Repository/Admin Console ePulse Menu/Account Settings/Oaths/Add_Edit Oath/Voter Check In Signing Pa' is clicked on

2018-11-15 12:14:19 - [MESSAGE][PASSED] - Object: 'Object Repository/Admin Console ePulse Menu/Account Settings/Oaths/Add_Edit Oath/Voter Check In Signing Pa' is clicked on

2018-11-15 12:14:19 - [TEST_STEP][PASSED] - click: Object: 'Object Repository/Admin Console ePulse Menu/Account Settings/Oaths/Add_Edit Oath/Submit' is clicked on

2018-11-15 12:14:19 - [MESSAGE][PASSED] - Object: 'Object Repository/Admin Console ePulse Menu/Account Settings/Oaths/Add_Edit Oath/Submit' is clicked on

2018-11-15 12:14:19 - [TEST_STEP][PASSED] - delay: Delayed 1 second(s)

2018-11-15 12:14:20 - [MESSAGE][PASSED] - Delayed 1 second(s)

2018-11-15 12:14:20 - [TEST_STEP][PASSED] - click: Object: 'Object Repository/Admin Console ePulse Menu/Account Settings/Oaths/New Oath' is clicked on

2018-11-15 12:14:20 - [MESSAGE][PASSED] - Object: 'Object Repository/Admin Console ePulse Menu/Account Settings/Oaths/New Oath' is clicked on

2018-11-15 12:14:20 - [TEST_STEP][PASSED] - setText: Text 'Allow Voter to Vote' is set on object 'Object Repository/Admin Console ePulse Menu/Account Settings/Oaths/Add_Edit Oath/Oath Name'

2018-11-15 12:14:20 - [MESSAGE][PASSED] - Text 'Allow Voter to Vote' is set on object 'Object Repository/Admin Console ePulse Menu/Account Settings/Oaths/Add_Edit Oath/Oath Name'

2018-11-15 12:14:20 - [TEST_STEP][PASSED] - setText: Text 'Oath Instructions' is set on object 'Object Repository/Admin Console ePulse Menu/Account Settings/Oaths/Add_Edit Oath/Oath Instructions'

2018-11-15 12:14:20 - [MESSAGE][PASSED] - Text 'Oath Instructions' is set on object 'Object Repository/Admin Console ePulse Menu/Account Settings/Oaths/Add_Edit Oath/Oath Instructions'

2018-11-15 12:14:20 - [TEST_STEP][PASSED] - setText: Text 'Customize the oath displayed to voters' is set on object 'Object Repository/Admin Console ePulse Menu/Account Settings/Oaths/Add_Edit Oath/Customized Oath Text Area'

2018-11-15 12:14:20 - [MESSAGE][PASSED] - Text 'Customize the oath displayed to voters' is set on object 'Object Repository/Admin Console ePulse Menu/Account Settings/Oaths/Add_Edit Oath/Customized Oath Text Area'

2018-11-15 12:14:20 - [TEST_STEP][PASSED] - click: Object: 'Object Repository/Admin Console ePulse Menu/Account Settings/Oaths/Add_Edit Oath/Oath Type Dropdown' is clicked on

2018-11-15 12:14:20 - [MESSAGE][PASSED] - Object: 'Object Repository/Admin Console ePulse Menu/Account Settings/Oaths/Add_Edit Oath/Oath Type Dropdown' is clicked on

2018-11-15 12:14:20 - [TEST_STEP][PASSED] - click: Object: 'Object Repository/Admin Console ePulse Menu/Account Settings/Oaths/Add_Edit Oath/Allow Voter To Vote' is clicked on

2018-11-15 12:14:20 - [MESSAGE][PASSED] - Object: 'Object Repository/Admin Console ePulse Menu/Account Settings/Oaths/Add_Edit Oath/Allow Voter To Vote' is clicked on

2018-11-15 12:14:20 - [TEST_STEP][PASSED] - click: Object: 'Object Repository/Admin Console ePulse Menu/Account Settings/Oaths/Add_Edit Oath/Submit' is clicked on

2018-11-15 12:14:20 - [MESSAGE][PASSED] - Object: 'Object Repository/Admin Console ePulse Menu/Account Settings/Oaths/Add_Edit Oath/Submit' is clicked on

2018-11-15 12:14:20 - [TEST_STEP][PASSED] - delay: Delayed 1 second(s)

2018-11-15 12:14:21 - [MESSAGE][PASSED] - Delayed 1 second(s)

2018-11-15 12:14:21 - [TEST_STEP][PASSED] - click: Object: 'Object Repository/Admin Console ePulse Menu/Account Settings/Oaths/New Oath' is clicked on

2018-11-15 12:14:21 - [MESSAGE][PASSED] - Object: 'Object Repository/Admin Console ePulse Menu/Account Settings/Oaths/New Oath' is clicked on

2018-11-15 12:14:21 - [TEST_STEP][PASSED] - setText: Text 'Voter Check In Signing Page(Provisional' is set on object 'Object Repository/Admin Console ePulse Menu/Account Settings/Oaths/Add_Edit Oath/Oath Name'

2018-11-15 12:14:21 - [MESSAGE][PASSED] - Text 'Voter Check In Signing Page(Provisional' is set on object 'Object Repository/Admin Console ePulse Menu/Account Settings/Oaths/Add_Edit Oath/Oath Name'

2018-11-15 12:14:21 - [TEST_STEP][PASSED] - setText: Text 'Oath Instructions' is set on object 'Object Repository/Admin Console ePulse Menu/Account Settings/Oaths/Add_Edit Oath/Oath Instructions'

2018-11-15 12:14:21 - [MESSAGE][PASSED] - Text 'Oath Instructions' is set on object 'Object Repository/Admin Console ePulse Menu/Account Settings/Oaths/Add_Edit Oath/Oath Instructions'

2018-11-15 12:14:21 - [TEST_STEP][PASSED] - setText: Text 'Customize the oath displayed to voters' is set on object 'Object Repository/Admin Console ePulse Menu/Account Settings/Oaths/Add_Edit Oath/Customized Oath Text Area'

2018-11-15 12:14:22 - [MESSAGE][PASSED] - Text 'Customize the oath displayed to voters' is set on object 'Object Repository/Admin Console ePulse Menu/Account Settings/Oaths/Add_Edit Oath/Customized Oath Text Area'

2018-11-15 12:14:22 - [TEST_STEP][PASSED] - click: Object: 'Object Repository/Admin Console ePulse Menu/Account Settings/Oaths/Add_Edit Oath/Oath Type Dropdown' is clicked on

2018-11-15 12:14:22 - [MESSAGE][PASSED] - Object: 'Object Repository/Admin Console ePulse Menu/Account Settings/Oaths/Add_Edit Oath/Oath Type Dropdown' is clicked on

2018-11-15 12:14:22 - [TEST_STEP][PASSED] - click: Object: 'Object Repository/Admin Console ePulse Menu/Account Settings/Oaths/Add_Edit Oath/Voter Check In Signing Pa' is clicked on

2018-11-15 12:14:22 - [MESSAGE][PASSED] - Object: 'Object Repository/Admin Console ePulse Menu/Account Settings/Oaths/Add_Edit Oath/Voter Check In Signing Pa' is clicked on

2018-11-15 12:14:22 - [TEST_STEP][PASSED] - click: Object: 'Object Repository/Admin Console ePulse Menu/Account Settings/Oaths/Add_Edit Oath/Submit' is clicked on

2018-11-15 12:14:22 - [MESSAGE][PASSED] - Object: 'Object Repository/Admin Console ePulse Menu/Account Settings/Oaths/Add_Edit Oath/Submit' is clicked on

2018-11-15 12:14:22 - [TEST_STEP][PASSED] - delay: Delayed 1 second(s)

2018-11-15 12:14:23 - [MESSAGE][PASSED] - Delayed 1 second(s)

2018-11-15 12:14:23 - [TEST_STEP][PASSED] - click: Object: 'Object Repository/Admin Console ePulse Menu/Account Settings/Oaths/New Oath' is clicked on

2018-11-15 12:14:23 - [MESSAGE][PASSED] - Object: 'Object Repository/Admin Console ePulse Menu/Account Settings/Oaths/New Oath' is clicked on

2018-11-15 12:14:23 - [TEST_STEP][PASSED] - setText: Text 'Similar Name Affidavit' is set on object 'Object Repository/Admin Console ePulse Menu/Account Settings/Oaths/Add_Edit Oath/Oath Name'

2018-11-15 12:14:23 - [MESSAGE][PASSED] - Text 'Similar Name Affidavit' is set on object 'Object Repository/Admin Console ePulse Menu/Account Settings/Oaths/Add_Edit Oath/Oath Name'

2018-11-15 12:14:23 - [TEST_STEP][PASSED] - setText: Text 'Oath Instructions' is set on object 'Object Repository/Admin Console ePulse Menu/Account Settings/Oaths/Add_Edit Oath/Oath Instructions'

2018-11-15 12:14:23 - [MESSAGE][PASSED] - Text 'Oath Instructions' is set on object 'Object Repository/Admin Console ePulse Menu/Account Settings/Oaths/Add_Edit Oath/Oath Instructions'

2018-11-15 12:14:23 - [TEST_STEP][PASSED] - setText: Text 'Customize the oath displayed to voters' is set on object 'Object Repository/Admin Console ePulse Menu/Account Settings/Oaths/Add_Edit Oath/Customized Oath Text Area'

2018-11-15 12:14:23 - [MESSAGE][PASSED] - Text 'Customize the oath displayed to voters' is set on object 'Object Repository/Admin Console ePulse Menu/Account Settings/Oaths/Add_Edit Oath/Customized Oath Text Area'

2018-11-15 12:14:23 - [TEST_STEP][PASSED] - click: Object: 'Object Repository/Admin Console ePulse Menu/Account Settings/Oaths/Add_Edit Oath/Oath Type Dropdown' is clicked on

2018-11-15 12:14:23 - [MESSAGE][PASSED] - Object: 'Object Repository/Admin Console ePulse Menu/Account Settings/Oaths/Add_Edit Oath/Oath Type Dropdown' is clicked on

2018-11-15 12:14:23 - [TEST_STEP][PASSED] - click: Object: 'Object Repository/Admin Console ePulse Menu/Account Settings/Oaths/Add_Edit Oath/Similar Name Affidavit' is clicked on

2018-11-15 12:14:23 - [MESSAGE][PASSED] - Object: 'Object Repository/Admin Console ePulse Menu/Account Settings/Oaths/Add_Edit Oath/Similar Name Affidavit' is clicked on

2018-11-15 12:14:23 - [TEST_STEP][PASSED] - click: Object: 'Object Repository/Admin Console ePulse Menu/Account Settings/Oaths/Add_Edit Oath/Submit' is clicked on

2018-11-15 12:14:23 - [MESSAGE][PASSED] - Object: 'Object Repository/Admin Console ePulse Menu/Account Settings/Oaths/Add_Edit Oath/Submit' is clicked on

2018-11-15 12:14:23 - [TEST_STEP][PASSED] - delay: Delayed 1 second(s)

2018-11-15 12:14:24 - [MESSAGE][PASSED] - Delayed 1 second(s)

2018-11-15 12:14:24 - [TEST_STEP][PASSED] - click: Object: 'Object Repository/Admin Console ePulse Menu/Account Settings/Oaths/New Oath' is clicked on

2018-11-15 12:14:24 - [MESSAGE][PASSED] - Object: 'Object Repository/Admin Console ePulse Menu/Account Settings/Oaths/New Oath' is clicked on

2018-11-15 12:14:24 - [TEST_STEP][PASSED] - setText: Text 'Reasonable Impediment Declaration' is set on object 'Object Repository/Admin Console ePulse Menu/Account Settings/Oaths/Add_Edit Oath/Oath Name'

2018-11-15 12:14:25 - [MESSAGE][PASSED] - Text 'Reasonable Impediment Declaration' is set on object 'Object Repository/Admin Console ePulse Menu/Account Settings/Oaths/Add_Edit Oath/Oath Name'

2018-11-15 12:14:25 - [TEST_STEP][PASSED] - setText: Text 'Oath Instructions' is set on object 'Object Repository/Admin Console ePulse Menu/Account Settings/Oaths/Add_Edit Oath/Oath Instructions'

2018-11-15 12:14:25 - [MESSAGE][PASSED] - Text 'Oath Instructions' is set on object 'Object Repository/Admin Console ePulse Menu/Account Settings/Oaths/Add_Edit Oath/Oath Instructions'

2018-11-15 12:14:25 - [TEST_STEP][PASSED] - setText: Text 'Customize the oath displayed to voters' is set on object 'Object Repository/Admin Console ePulse Menu/Account Settings/Oaths/Add_Edit Oath/Customized Oath Text Area'

2018-11-15 12:14:25 - [MESSAGE][PASSED] - Text 'Customize the oath displayed to voters' is set on object 'Object Repository/Admin Console ePulse Menu/Account Settings/Oaths/Add_Edit Oath/Customized Oath Text Area'

2018-11-15 12:14:25 - [TEST_STEP][PASSED] - click: Object: 'Object Repository/Admin Console ePulse Menu/Account Settings/Oaths/Add_Edit Oath/Oath Type Dropdown' is clicked on

2018-11-15 12:14:25 - [MESSAGE][PASSED] - Object: 'Object Repository/Admin Console ePulse Menu/Account Settings/Oaths/Add_Edit Oath/Oath Type Dropdown' is clicked on

2018-11-15 12:14:25 - [TEST_STEP][PASSED] - click: Object: 'Object Repository/Admin Console ePulse Menu/Account Settings/Oaths/Add_Edit Oath/Reasonable Impediment Decla' is clicked on

2018-11-15 12:14:25 - [MESSAGE][PASSED] - Object: 'Object Repository/Admin Console ePulse Menu/Account Settings/Oaths/Add_Edit Oath/Reasonable Impediment Decla' is clicked on

2018-11-15 12:14:25 - [TEST_STEP][PASSED] - click: Object: 'Object Repository/Admin Console ePulse Menu/Account Settings/Oaths/Add_Edit Oath/Submit' is clicked on

2018-11-15 12:14:25 - [MESSAGE][PASSED] - Object: 'Object Repository/Admin Console ePulse Menu/Account Settings/Oaths/Add_Edit Oath/Submit' is clicked on]]></system-out>
         <system-err><![CDATA[]]></system-err>
      </testcase>
      <testcase name="Test Cases/Admin Console/Account Settings/Oaths/Oaths - Import" classname="Test Cases/Admin Console/Account Settings/Oaths/Oaths - Import" status="PASSED">
         <system-out><![CDATA[2018-11-15 12:14:25 - [TEST_CASE][PASSED] - Test Cases/Admin Console/Account Settings/Oaths/Oaths - Import: Test Cases/Admin Console/Account Settings/Oaths/Oaths - Import

2018-11-15 12:14:25 - [TEST_STEP][PASSED] - openBrowser: Browser is opened with url: ''

2018-11-15 12:14:25 - [MESSAGE][WARNING] - A browser is already opened. Closing browser and opening a new one

2018-11-15 12:14:26 - [MESSAGE][PASSED] - Browser is opened with url: ''

2018-11-15 12:14:26 - [TEST_STEP][PASSED] - navigateToUrl: Navigate to 'https://epulsedev2.com' successfully

2018-11-15 12:14:28 - [MESSAGE][PASSED] - Navigate to 'https://epulsedev2.com' successfully

2018-11-15 12:14:28 - [TEST_STEP][PASSED] - setText: Text 'alonzo.mack@knowink.com' is set on object 'Object Repository/Login/Email Address'

2018-11-15 12:14:28 - [MESSAGE][PASSED] - Text 'alonzo.mack@knowink.com' is set on object 'Object Repository/Login/Email Address'

2018-11-15 12:14:28 - [TEST_STEP][PASSED] - setEncryptedText: Text ****** has been set on object 'Object Repository/Login/Password'

2018-11-15 12:14:28 - [MESSAGE][PASSED] - Text ****** has been set on object 'Object Repository/Login/Password'

2018-11-15 12:14:28 - [TEST_STEP][PASSED] - click: Object: 'Object Repository/Login/Sign In' is clicked on

2018-11-15 12:14:29 - [MESSAGE][PASSED] - Object: 'Object Repository/Login/Sign In' is clicked on

2018-11-15 12:14:29 - [TEST_STEP][PASSED] - delay: Delayed 1 second(s)

2018-11-15 12:14:30 - [MESSAGE][PASSED] - Delayed 1 second(s)

2018-11-15 12:14:30 - [TEST_STEP][PASSED] - navigateToUrl: Navigate to 'https://am-automation-test.epulsedev2.com/imports/account_oath' successfully

2018-11-15 12:14:31 - [MESSAGE][PASSED] - Navigate to 'https://am-automation-test.epulsedev2.com/imports/account_oath' successfully

2018-11-15 12:14:31 - [TEST_STEP][PASSED] - delay: Delayed 1 second(s)

2018-11-15 12:14:32 - [MESSAGE][PASSED] - Delayed 1 second(s)

2018-11-15 12:14:32 - [TEST_STEP][PASSED] - setText: Text '/Users/alonzomack/Downloads/oaths.csv' is set on object 'Object Repository/Common ePulse Objects/Choose File'

2018-11-15 12:14:32 - [MESSAGE][PASSED] - Text '/Users/alonzomack/Downloads/oaths.csv' is set on object 'Object Repository/Common ePulse Objects/Choose File'

2018-11-15 12:14:32 - [TEST_STEP][PASSED] - delay: Delayed 1 second(s)

2018-11-15 12:14:33 - [MESSAGE][PASSED] - Delayed 1 second(s)

2018-11-15 12:14:33 - [TEST_STEP][NOT_RUN] - click: NOT_RUN: click

2018-11-15 12:14:33 - [MESSAGE][NOT_RUN] - NOT_RUN: click

2018-11-15 12:14:33 - [TEST_STEP][PASSED] - delay: Delayed 1 second(s)

2018-11-15 12:14:34 - [MESSAGE][PASSED] - Delayed 1 second(s)

2018-11-15 12:14:34 - [TEST_STEP][PASSED] - click: Object: 'Object Repository/Common ePulse Objects/Continue Button' is clicked on

2018-11-15 12:14:34 - [MESSAGE][PASSED] - Object: 'Object Repository/Common ePulse Objects/Continue Button' is clicked on

2018-11-15 12:14:34 - [TEST_STEP][PASSED] - delay: Delayed 1 second(s)

2018-11-15 12:14:35 - [MESSAGE][PASSED] - Delayed 1 second(s)

2018-11-15 12:14:35 - [TEST_STEP][PASSED] - click: Object: 'Object Repository/Common ePulse Objects/button_Done(working)' is clicked on

2018-11-15 12:14:39 - [MESSAGE][PASSED] - Object: 'Object Repository/Common ePulse Objects/button_Done(working)' is clicked on

2018-11-15 12:14:39 - [TEST_STEP][PASSED] - delay: Delayed 1 second(s)

2018-11-15 12:14:40 - [MESSAGE][PASSED] - Delayed 1 second(s)

2018-11-15 12:14:40 - [TEST_STEP][PASSED] - navigateToUrl: Navigate to 'https://am-automation-test.epulsedev2.com/account_oaths' successfully

2018-11-15 12:14:41 - [MESSAGE][PASSED] - Navigate to 'https://am-automation-test.epulsedev2.com/account_oaths' successfully

2018-11-15 12:14:41 - [TEST_STEP][PASSED] - delay: Delayed 1 second(s)

2018-11-15 12:14:42 - [MESSAGE][PASSED] - Delayed 1 second(s)

2018-11-15 12:14:42 - [TEST_STEP][PASSED] - closeBrowser: Browser is closed

2018-11-15 12:14:42 - [MESSAGE][PASSED] - Browser is closed]]></system-out>
         <system-err><![CDATA[]]></system-err>
      </testcase>
      <testcase name="Test Cases/Admin Console/Account Settings/Oaths/Oaths - Edit" classname="Test Cases/Admin Console/Account Settings/Oaths/Oaths - Edit" status="PASSED">
         <system-out><![CDATA[2018-11-15 12:14:42 - [TEST_CASE][PASSED] - Test Cases/Admin Console/Account Settings/Oaths/Oaths - Edit: Test Cases/Admin Console/Account Settings/Oaths/Oaths - Edit

2018-11-15 12:14:42 - [TEST_STEP][PASSED] - openBrowser: Browser is opened with url: ''

2018-11-15 12:14:43 - [MESSAGE][PASSED] - Browser is opened with url: ''

2018-11-15 12:14:43 - [TEST_STEP][PASSED] - navigateToUrl: Navigate to 'https://epulsedev2.com' successfully

2018-11-15 12:14:44 - [MESSAGE][PASSED] - Navigate to 'https://epulsedev2.com' successfully

2018-11-15 12:14:44 - [TEST_STEP][PASSED] - setText: Text 'alonzo.mack@knowink.com' is set on object 'Object Repository/Login/Email Address'

2018-11-15 12:14:44 - [MESSAGE][PASSED] - Text 'alonzo.mack@knowink.com' is set on object 'Object Repository/Login/Email Address'

2018-11-15 12:14:44 - [TEST_STEP][PASSED] - setEncryptedText: Text ****** has been set on object 'Object Repository/Login/Password'

2018-11-15 12:14:45 - [MESSAGE][PASSED] - Text ****** has been set on object 'Object Repository/Login/Password'

2018-11-15 12:14:45 - [TEST_STEP][PASSED] - click: Object: 'Object Repository/Login/Sign In' is clicked on

2018-11-15 12:14:46 - [MESSAGE][PASSED] - Object: 'Object Repository/Login/Sign In' is clicked on

2018-11-15 12:14:46 - [TEST_STEP][PASSED] - delay: Delayed 1 second(s)

2018-11-15 12:14:47 - [MESSAGE][PASSED] - Delayed 1 second(s)

2018-11-15 12:14:47 - [TEST_STEP][PASSED] - navigateToUrl: Navigate to 'https://am-automation-test.epulsedev2.com/account_oaths' successfully

2018-11-15 12:14:48 - [MESSAGE][PASSED] - Navigate to 'https://am-automation-test.epulsedev2.com/account_oaths' successfully

2018-11-15 12:14:48 - [TEST_STEP][PASSED] - delay: Delayed 1 second(s)

2018-11-15 12:14:49 - [MESSAGE][PASSED] - Delayed 1 second(s)

2018-11-15 12:14:49 - [TEST_STEP][PASSED] - click: Object: 'Object Repository/Admin Console ePulse Menu/Account Settings/Oaths/Add_Edit Oath/Edit Displayed Oath' is clicked on

2018-11-15 12:14:49 - [MESSAGE][PASSED] - Object: 'Object Repository/Admin Console ePulse Menu/Account Settings/Oaths/Add_Edit Oath/Edit Displayed Oath' is clicked on

2018-11-15 12:14:49 - [TEST_STEP][PASSED] - clearText: Text of object 'Object Repository/Admin Console ePulse Menu/Account Settings/Oaths/Add_Edit Oath/Edit_Name_account_oathname' is cleared

2018-11-15 12:14:49 - [MESSAGE][PASSED] - Text of object 'Object Repository/Admin Console ePulse Menu/Account Settings/Oaths/Add_Edit Oath/Edit_Name_account_oathname' is cleared

2018-11-15 12:14:49 - [TEST_STEP][PASSED] - setText: Text 'Reasonable Impediment Declaration Edited' is set on object 'Object Repository/Admin Console ePulse Menu/Account Settings/Oaths/Add_Edit Oath/Edit_Name_account_oathname'

2018-11-15 12:14:49 - [MESSAGE][PASSED] - Text 'Reasonable Impediment Declaration Edited' is set on object 'Object Repository/Admin Console ePulse Menu/Account Settings/Oaths/Add_Edit Oath/Edit_Name_account_oathname'

2018-11-15 12:14:49 - [TEST_STEP][PASSED] - clearText: Text of object 'Object Repository/Admin Console ePulse Menu/Account Settings/Oaths/Add_Edit Oath/Edit Instructions' is cleared

2018-11-15 12:14:49 - [MESSAGE][PASSED] - Text of object 'Object Repository/Admin Console ePulse Menu/Account Settings/Oaths/Add_Edit Oath/Edit Instructions' is cleared

2018-11-15 12:14:49 - [TEST_STEP][PASSED] - setText: Text 'Oath Instructions Edited' is set on object 'Object Repository/Admin Console ePulse Menu/Account Settings/Oaths/Add_Edit Oath/Edit Instructions'

2018-11-15 12:14:49 - [MESSAGE][PASSED] - Text 'Oath Instructions Edited' is set on object 'Object Repository/Admin Console ePulse Menu/Account Settings/Oaths/Add_Edit Oath/Edit Instructions'

2018-11-15 12:14:49 - [TEST_STEP][PASSED] - clearText: Text of object 'Object Repository/Admin Console ePulse Menu/Account Settings/Oaths/Add_Edit Oath/Edit Customized Oath Text' is cleared

2018-11-15 12:14:49 - [MESSAGE][PASSED] - Text of object 'Object Repository/Admin Console ePulse Menu/Account Settings/Oaths/Add_Edit Oath/Edit Customized Oath Text' is cleared

2018-11-15 12:14:49 - [TEST_STEP][PASSED] - setText: Text 'Edit the Customized oath displayed to voters' is set on object 'Object Repository/Admin Console ePulse Menu/Account Settings/Oaths/Add_Edit Oath/Edit Customized Oath Text'

2018-11-15 12:14:49 - [MESSAGE][PASSED] - Text 'Edit the Customized oath displayed to voters' is set on object 'Object Repository/Admin Console ePulse Menu/Account Settings/Oaths/Add_Edit Oath/Edit Customized Oath Text'

2018-11-15 12:14:49 - [TEST_STEP][PASSED] - click: Object: 'Object Repository/Submit Edit' is clicked on

2018-11-15 12:14:49 - [MESSAGE][PASSED] - Object: 'Object Repository/Submit Edit' is clicked on

2018-11-15 12:14:49 - [TEST_STEP][PASSED] - delay: Delayed 1 second(s)

2018-11-15 12:14:50 - [MESSAGE][PASSED] - Delayed 1 second(s)

2018-11-15 12:14:50 - [TEST_STEP][PASSED] - closeBrowser: Browser is closed

2018-11-15 12:14:50 - [MESSAGE][PASSED] - Browser is closed]]></system-out>
         <system-err><![CDATA[]]></system-err>
      </testcase>
      <testcase name="Test Cases/Admin Console/Account Settings/Oaths/Oaths - Filter - Status" classname="Test Cases/Admin Console/Account Settings/Oaths/Oaths - Filter - Status" status="PASSED">
         <system-out><![CDATA[2018-11-15 12:14:50 - [TEST_CASE][PASSED] - Test Cases/Admin Console/Account Settings/Oaths/Oaths - Filter - Status: Test Cases/Admin Console/Account Settings/Oaths/Oaths - Filter - Status

2018-11-15 12:14:51 - [TEST_STEP][PASSED] - openBrowser: Browser is opened with url: ''

2018-11-15 12:14:51 - [MESSAGE][PASSED] - Browser is opened with url: ''

2018-11-15 12:14:51 - [TEST_STEP][PASSED] - navigateToUrl: Navigate to 'https://epulsedev2.com' successfully

2018-11-15 12:14:53 - [MESSAGE][PASSED] - Navigate to 'https://epulsedev2.com' successfully

2018-11-15 12:14:53 - [TEST_STEP][PASSED] - setText: Text 'alonzo.mack@knowink.com' is set on object 'Object Repository/Login/Email Address'

2018-11-15 12:14:53 - [MESSAGE][PASSED] - Text 'alonzo.mack@knowink.com' is set on object 'Object Repository/Login/Email Address'

2018-11-15 12:14:53 - [TEST_STEP][PASSED] - setEncryptedText: Text ****** has been set on object 'Object Repository/Login/Password'

2018-11-15 12:14:53 - [MESSAGE][PASSED] - Text ****** has been set on object 'Object Repository/Login/Password'

2018-11-15 12:14:53 - [TEST_STEP][PASSED] - click: Object: 'Object Repository/Login/Sign In' is clicked on

2018-11-15 12:14:54 - [MESSAGE][PASSED] - Object: 'Object Repository/Login/Sign In' is clicked on

2018-11-15 12:14:54 - [TEST_STEP][PASSED] - delay: Delayed 1 second(s)

2018-11-15 12:14:55 - [MESSAGE][PASSED] - Delayed 1 second(s)

2018-11-15 12:14:55 - [TEST_STEP][PASSED] - navigateToUrl: Navigate to 'https://am-automation-test.epulsedev2.com/account_oaths' successfully

2018-11-15 12:14:57 - [MESSAGE][PASSED] - Navigate to 'https://am-automation-test.epulsedev2.com/account_oaths' successfully

2018-11-15 12:14:57 - [TEST_STEP][PASSED] - delay: Delayed 1 second(s)

2018-11-15 12:14:58 - [MESSAGE][PASSED] - Delayed 1 second(s)

2018-11-15 12:14:58 - [TEST_STEP][PASSED] - click: Object: 'Object Repository/Admin Console ePulse Menu/Account Settings/Oaths/TEMP/Page_Epulse  am-Automation-test/Status Filter' is clicked on

2018-11-15 12:14:58 - [MESSAGE][PASSED] - Object: 'Object Repository/Admin Console ePulse Menu/Account Settings/Oaths/TEMP/Page_Epulse  am-Automation-test/Status Filter' is clicked on

2018-11-15 12:14:58 - [TEST_STEP][PASSED] - delay: Delayed 1 second(s)

2018-11-15 12:14:59 - [MESSAGE][PASSED] - Delayed 1 second(s)

2018-11-15 12:14:59 - [TEST_STEP][PASSED] - click: Object: 'Object Repository/Admin Console ePulse Menu/Account Settings/Oaths/TEMP/Page_Epulse  am-Automation-test/Apply Status Filters' is clicked on

2018-11-15 12:14:59 - [MESSAGE][PASSED] - Object: 'Object Repository/Admin Console ePulse Menu/Account Settings/Oaths/TEMP/Page_Epulse  am-Automation-test/Apply Status Filters' is clicked on

2018-11-15 12:14:59 - [TEST_STEP][PASSED] - delay: Delayed 1 second(s)

2018-11-15 12:15:00 - [MESSAGE][PASSED] - Delayed 1 second(s)

2018-11-15 12:15:00 - [TEST_STEP][PASSED] - click: Object: 'Object Repository/Admin Console ePulse Menu/Account Settings/Oaths/TEMP/Page_Epulse  am-Automation-test/Close Current Status Filter' is clicked on

2018-11-15 12:15:00 - [MESSAGE][PASSED] - Object: 'Object Repository/Admin Console ePulse Menu/Account Settings/Oaths/TEMP/Page_Epulse  am-Automation-test/Close Current Status Filter' is clicked on

2018-11-15 12:15:00 - [TEST_STEP][PASSED] - click: Object: 'Object Repository/Admin Console ePulse Menu/Account Settings/Oaths/TEMP/Page_Epulse  am-Automation-test/Status Filter' is clicked on

2018-11-15 12:15:00 - [MESSAGE][PASSED] - Object: 'Object Repository/Admin Console ePulse Menu/Account Settings/Oaths/TEMP/Page_Epulse  am-Automation-test/Status Filter' is clicked on

2018-11-15 12:15:00 - [TEST_STEP][PASSED] - selectOptionByValue: All options with value 'archived' are selected in object 'Object Repository/Admin Console ePulse Menu/Account Settings/Oaths/TEMP/Page_Epulse  am-Automation-test/Status Filter Dropdown'  using regular expression

2018-11-15 12:15:00 - [MESSAGE][PASSED] - All options with value 'archived' are selected in object 'Object Repository/Admin Console ePulse Menu/Account Settings/Oaths/TEMP/Page_Epulse  am-Automation-test/Status Filter Dropdown'  using regular expression

2018-11-15 12:15:00 - [TEST_STEP][PASSED] - click: Object: 'Object Repository/Admin Console ePulse Menu/Account Settings/Oaths/TEMP/Page_Epulse  am-Automation-test/Apply Status Filters' is clicked on

2018-11-15 12:15:00 - [MESSAGE][PASSED] - Object: 'Object Repository/Admin Console ePulse Menu/Account Settings/Oaths/TEMP/Page_Epulse  am-Automation-test/Apply Status Filters' is clicked on

2018-11-15 12:15:00 - [TEST_STEP][PASSED] - delay: Delayed 1 second(s)

2018-11-15 12:15:01 - [MESSAGE][PASSED] - Delayed 1 second(s)

2018-11-15 12:15:01 - [TEST_STEP][PASSED] - click: Object: 'Object Repository/Admin Console ePulse Menu/Account Settings/Oaths/TEMP/Page_Epulse  am-Automation-test/Close Archived Status Filter' is clicked on

2018-11-15 12:15:01 - [MESSAGE][PASSED] - Object: 'Object Repository/Admin Console ePulse Menu/Account Settings/Oaths/TEMP/Page_Epulse  am-Automation-test/Close Archived Status Filter' is clicked on

2018-11-15 12:15:01 - [TEST_STEP][PASSED] - click: Object: 'Object Repository/Admin Console ePulse Menu/Account Settings/Oaths/TEMP/Page_Epulse  am-Automation-test/Status Filter' is clicked on

2018-11-15 12:15:01 - [MESSAGE][PASSED] - Object: 'Object Repository/Admin Console ePulse Menu/Account Settings/Oaths/TEMP/Page_Epulse  am-Automation-test/Status Filter' is clicked on

2018-11-15 12:15:01 - [TEST_STEP][PASSED] - selectOptionByValue: All options with value 'both' are selected in object 'Object Repository/Admin Console ePulse Menu/Account Settings/Oaths/TEMP/Page_Epulse  am-Automation-test/Status Filter Dropdown'  using regular expression

2018-11-15 12:15:01 - [MESSAGE][PASSED] - All options with value 'both' are selected in object 'Object Repository/Admin Console ePulse Menu/Account Settings/Oaths/TEMP/Page_Epulse  am-Automation-test/Status Filter Dropdown'  using regular expression

2018-11-15 12:15:01 - [TEST_STEP][PASSED] - click: Object: 'Object Repository/Admin Console ePulse Menu/Account Settings/Oaths/TEMP/Page_Epulse  am-Automation-test/Apply Status Filters' is clicked on

2018-11-15 12:15:01 - [MESSAGE][PASSED] - Object: 'Object Repository/Admin Console ePulse Menu/Account Settings/Oaths/TEMP/Page_Epulse  am-Automation-test/Apply Status Filters' is clicked on

2018-11-15 12:15:01 - [TEST_STEP][PASSED] - delay: Delayed 1 second(s)

2018-11-15 12:15:02 - [MESSAGE][PASSED] - Delayed 1 second(s)

2018-11-15 12:15:02 - [TEST_STEP][PASSED] - click: Object: 'Object Repository/Admin Console ePulse Menu/Account Settings/Oaths/TEMP/Page_Epulse  am-Automation-test/Close Both Status Filter' is clicked on

2018-11-15 12:15:02 - [MESSAGE][PASSED] - Object: 'Object Repository/Admin Console ePulse Menu/Account Settings/Oaths/TEMP/Page_Epulse  am-Automation-test/Close Both Status Filter' is clicked on

2018-11-15 12:15:02 - [TEST_STEP][PASSED] - closeBrowser: Browser is closed

2018-11-15 12:15:03 - [MESSAGE][PASSED] - Browser is closed]]></system-out>
         <system-err><![CDATA[]]></system-err>
      </testcase>
      <testcase name="Test Cases/Admin Console/Account Settings/Oaths/Oaths - Filter - Type" classname="Test Cases/Admin Console/Account Settings/Oaths/Oaths - Filter - Type" status="PASSED">
         <system-out><![CDATA[2018-11-15 12:15:03 - [TEST_CASE][PASSED] - Test Cases/Admin Console/Account Settings/Oaths/Oaths - Filter - Type: Test Cases/Admin Console/Account Settings/Oaths/Oaths - Filter - Type

2018-11-15 12:15:03 - [TEST_STEP][PASSED] - openBrowser: Browser is opened with url: ''

2018-11-15 12:15:04 - [MESSAGE][PASSED] - Browser is opened with url: ''

2018-11-15 12:15:04 - [TEST_STEP][PASSED] - navigateToUrl: Navigate to 'https://epulsedev2.com' successfully

2018-11-15 12:15:05 - [MESSAGE][PASSED] - Navigate to 'https://epulsedev2.com' successfully

2018-11-15 12:15:05 - [TEST_STEP][PASSED] - setText: Text 'alonzo.mack@knowink.com' is set on object 'Object Repository/Login/Email Address'

2018-11-15 12:15:05 - [MESSAGE][PASSED] - Text 'alonzo.mack@knowink.com' is set on object 'Object Repository/Login/Email Address'

2018-11-15 12:15:05 - [TEST_STEP][PASSED] - setEncryptedText: Text ****** has been set on object 'Object Repository/Login/Password'

2018-11-15 12:15:05 - [MESSAGE][PASSED] - Text ****** has been set on object 'Object Repository/Login/Password'

2018-11-15 12:15:05 - [TEST_STEP][PASSED] - click: Object: 'Object Repository/Login/Sign In' is clicked on

2018-11-15 12:15:07 - [MESSAGE][PASSED] - Object: 'Object Repository/Login/Sign In' is clicked on

2018-11-15 12:15:07 - [TEST_STEP][PASSED] - delay: Delayed 1 second(s)

2018-11-15 12:15:08 - [MESSAGE][PASSED] - Delayed 1 second(s)

2018-11-15 12:15:08 - [TEST_STEP][PASSED] - navigateToUrl: Navigate to 'https://am-automation-test.epulsedev2.com/account_oaths' successfully

2018-11-15 12:15:09 - [MESSAGE][PASSED] - Navigate to 'https://am-automation-test.epulsedev2.com/account_oaths' successfully

2018-11-15 12:15:09 - [TEST_STEP][PASSED] - delay: Delayed 1 second(s)

2018-11-15 12:15:10 - [MESSAGE][PASSED] - Delayed 1 second(s)

2018-11-15 12:15:10 - [TEST_STEP][PASSED] - click: Object: 'Object Repository/Admin Console ePulse Menu/Account Settings/Oaths/TEMP/TEMP Type Filter/Filter Oath Types/Filter Type Dropdown' is clicked on

2018-11-15 12:15:10 - [MESSAGE][PASSED] - Object: 'Object Repository/Admin Console ePulse Menu/Account Settings/Oaths/TEMP/TEMP Type Filter/Filter Oath Types/Filter Type Dropdown' is clicked on

2018-11-15 12:15:10 - [TEST_STEP][PASSED] - delay: Delayed 1 second(s)

2018-11-15 12:15:11 - [MESSAGE][PASSED] - Delayed 1 second(s)

2018-11-15 12:15:11 - [TEST_STEP][PASSED] - click: Object: 'Object Repository/Admin Console ePulse Menu/Account Settings/Oaths/TEMP/TEMP Type Filter/Filter Oath Types/Apply Type Filters' is clicked on

2018-11-15 12:15:11 - [MESSAGE][PASSED] - Object: 'Object Repository/Admin Console ePulse Menu/Account Settings/Oaths/TEMP/TEMP Type Filter/Filter Oath Types/Apply Type Filters' is clicked on

2018-11-15 12:15:11 - [TEST_STEP][PASSED] - delay: Delayed 1 second(s)

2018-11-15 12:15:12 - [MESSAGE][PASSED] - Delayed 1 second(s)

2018-11-15 12:15:12 - [TEST_STEP][PASSED] - click: Object: 'Object Repository/Admin Console ePulse Menu/Account Settings/Oaths/TEMP/TEMP Type Filter/Filter Oath Types/Remove Filter Type ALL' is clicked on

2018-11-15 12:15:12 - [MESSAGE][PASSED] - Object: 'Object Repository/Admin Console ePulse Menu/Account Settings/Oaths/TEMP/TEMP Type Filter/Filter Oath Types/Remove Filter Type ALL' is clicked on

2018-11-15 12:15:12 - [TEST_STEP][PASSED] - delay: Delayed 1 second(s)

2018-11-15 12:15:13 - [MESSAGE][PASSED] - Delayed 1 second(s)

2018-11-15 12:15:13 - [TEST_STEP][PASSED] - click: Object: 'Object Repository/Admin Console ePulse Menu/Account Settings/Oaths/TEMP/TEMP Type Filter/Filter Oath Types/Filter Type Dropdown' is clicked on

2018-11-15 12:15:13 - [MESSAGE][PASSED] - Object: 'Object Repository/Admin Console ePulse Menu/Account Settings/Oaths/TEMP/TEMP Type Filter/Filter Oath Types/Filter Type Dropdown' is clicked on

2018-11-15 12:15:13 - [TEST_STEP][PASSED] - delay: Delayed 1 second(s)

2018-11-15 12:15:14 - [MESSAGE][PASSED] - Delayed 1 second(s)

2018-11-15 12:15:14 - [TEST_STEP][PASSED] - click: Object: 'Object Repository/Admin Console ePulse Menu/Account Settings/Oaths/TEMP/TEMP Type Filter/Filter Oath Types/Filter Dropdown Options' is clicked on

2018-11-15 12:15:14 - [MESSAGE][PASSED] - Object: 'Object Repository/Admin Console ePulse Menu/Account Settings/Oaths/TEMP/TEMP Type Filter/Filter Oath Types/Filter Dropdown Options' is clicked on

2018-11-15 12:15:14 - [TEST_STEP][PASSED] - delay: Delayed 1 second(s)

2018-11-15 12:15:15 - [MESSAGE][PASSED] - Delayed 1 second(s)

2018-11-15 12:15:15 - [TEST_STEP][PASSED] - click: Object: 'Object Repository/Admin Console ePulse Menu/Account Settings/Oaths/TEMP/TEMP Type Filter/Filter Oath Types/Select Id Method' is clicked on

2018-11-15 12:15:15 - [MESSAGE][PASSED] - Object: 'Object Repository/Admin Console ePulse Menu/Account Settings/Oaths/TEMP/TEMP Type Filter/Filter Oath Types/Select Id Method' is clicked on

2018-11-15 12:15:15 - [TEST_STEP][PASSED] - delay: Delayed 1 second(s)

2018-11-15 12:15:16 - [MESSAGE][PASSED] - Delayed 1 second(s)

2018-11-15 12:15:16 - [TEST_STEP][PASSED] - click: Object: 'Object Repository/Admin Console ePulse Menu/Account Settings/Oaths/TEMP/TEMP Type Filter/Filter Oath Types/Apply Type Filters' is clicked on

2018-11-15 12:15:16 - [MESSAGE][PASSED] - Object: 'Object Repository/Admin Console ePulse Menu/Account Settings/Oaths/TEMP/TEMP Type Filter/Filter Oath Types/Apply Type Filters' is clicked on

2018-11-15 12:15:16 - [TEST_STEP][PASSED] - delay: Delayed 1 second(s)

2018-11-15 12:15:17 - [MESSAGE][PASSED] - Delayed 1 second(s)

2018-11-15 12:15:17 - [TEST_STEP][PASSED] - click: Object: 'Object Repository/Admin Console ePulse Menu/Account Settings/Oaths/TEMP/TEMP Type Filter/Filter Oath Types/Type Dropdown' is clicked on

2018-11-15 12:15:17 - [MESSAGE][PASSED] - Object: 'Object Repository/Admin Console ePulse Menu/Account Settings/Oaths/TEMP/TEMP Type Filter/Filter Oath Types/Type Dropdown' is clicked on

2018-11-15 12:15:17 - [TEST_STEP][PASSED] - delay: Delayed 1 second(s)

2018-11-15 12:15:18 - [MESSAGE][PASSED] - Delayed 1 second(s)

2018-11-15 12:15:18 - [TEST_STEP][PASSED] - click: Object: 'Object Repository/Admin Console ePulse Menu/Account Settings/Oaths/TEMP/TEMP Type Filter/Filter Oath Types/Filter Type Dropdown' is clicked on

2018-11-15 12:15:18 - [MESSAGE][PASSED] - Object: 'Object Repository/Admin Console ePulse Menu/Account Settings/Oaths/TEMP/TEMP Type Filter/Filter Oath Types/Filter Type Dropdown' is clicked on

2018-11-15 12:15:18 - [TEST_STEP][PASSED] - delay: Delayed 1 second(s)

2018-11-15 12:15:19 - [MESSAGE][PASSED] - Delayed 1 second(s)

2018-11-15 12:15:19 - [TEST_STEP][PASSED] - click: Object: 'Object Repository/Admin Console ePulse Menu/Account Settings/Oaths/TEMP/TEMP Type Filter/Filter Oath Types/a_Id Method' is clicked on

2018-11-15 12:15:19 - [MESSAGE][PASSED] - Object: 'Object Repository/Admin Console ePulse Menu/Account Settings/Oaths/TEMP/TEMP Type Filter/Filter Oath Types/a_Id Method' is clicked on

2018-11-15 12:15:19 - [TEST_STEP][PASSED] - delay: Delayed 1 second(s)

2018-11-15 12:15:20 - [MESSAGE][PASSED] - Delayed 1 second(s)

2018-11-15 12:15:20 - [TEST_STEP][PASSED] - click: Object: 'Object Repository/Admin Console ePulse Menu/Account Settings/Oaths/TEMP/TEMP Type Filter/Filter Oath Types/li_Allow Voter To Vote' is clicked on

2018-11-15 12:15:20 - [MESSAGE][PASSED] - Object: 'Object Repository/Admin Console ePulse Menu/Account Settings/Oaths/TEMP/TEMP Type Filter/Filter Oath Types/li_Allow Voter To Vote' is clicked on

2018-11-15 12:15:20 - [TEST_STEP][PASSED] - delay: Delayed 1 second(s)

2018-11-15 12:15:21 - [MESSAGE][PASSED] - Delayed 1 second(s)

2018-11-15 12:15:21 - [TEST_STEP][PASSED] - click: Object: 'Object Repository/Admin Console ePulse Menu/Account Settings/Oaths/TEMP/TEMP Type Filter/Filter Oath Types/Apply Type Filters' is clicked on

2018-11-15 12:15:21 - [MESSAGE][PASSED] - Object: 'Object Repository/Admin Console ePulse Menu/Account Settings/Oaths/TEMP/TEMP Type Filter/Filter Oath Types/Apply Type Filters' is clicked on

2018-11-15 12:15:21 - [TEST_STEP][PASSED] - delay: Delayed 1 second(s)

2018-11-15 12:15:22 - [MESSAGE][PASSED] - Delayed 1 second(s)

2018-11-15 12:15:22 - [TEST_STEP][PASSED] - click: Object: 'Object Repository/Admin Console ePulse Menu/Account Settings/Oaths/TEMP/TEMP Type Filter/Filter Oath Types/span_Type Allow Voter To Vote_' is clicked on

2018-11-15 12:15:22 - [MESSAGE][PASSED] - Object: 'Object Repository/Admin Console ePulse Menu/Account Settings/Oaths/TEMP/TEMP Type Filter/Filter Oath Types/span_Type Allow Voter To Vote_' is clicked on

2018-11-15 12:15:22 - [TEST_STEP][PASSED] - delay: Delayed 1 second(s)

2018-11-15 12:15:23 - [MESSAGE][PASSED] - Delayed 1 second(s)

2018-11-15 12:15:23 - [TEST_STEP][PASSED] - click: Object: 'Object Repository/Admin Console ePulse Menu/Account Settings/Oaths/TEMP/TEMP Type Filter/Filter Oath Types/Filter Type Dropdown' is clicked on

2018-11-15 12:15:24 - [MESSAGE][PASSED] - Object: 'Object Repository/Admin Console ePulse Menu/Account Settings/Oaths/TEMP/TEMP Type Filter/Filter Oath Types/Filter Type Dropdown' is clicked on

2018-11-15 12:15:24 - [TEST_STEP][PASSED] - delay: Delayed 1 second(s)

2018-11-15 12:15:25 - [MESSAGE][PASSED] - Delayed 1 second(s)

2018-11-15 12:15:25 - [TEST_STEP][PASSED] - click: Object: 'Object Repository/Admin Console ePulse Menu/Account Settings/Oaths/TEMP/TEMP Type Filter/Filter Oath Types/a_Allow Voter To Vote' is clicked on

2018-11-15 12:15:25 - [MESSAGE][PASSED] - Object: 'Object Repository/Admin Console ePulse Menu/Account Settings/Oaths/TEMP/TEMP Type Filter/Filter Oath Types/a_Allow Voter To Vote' is clicked on

2018-11-15 12:15:25 - [TEST_STEP][PASSED] - delay: Delayed 1 second(s)

2018-11-15 12:15:26 - [MESSAGE][PASSED] - Delayed 1 second(s)

2018-11-15 12:15:26 - [TEST_STEP][PASSED] - click: Object: 'Object Repository/Admin Console ePulse Menu/Account Settings/Oaths/TEMP/TEMP Type Filter/Filter Oath Types/li_Similar Name Affidavit' is clicked on

2018-11-15 12:15:26 - [MESSAGE][PASSED] - Object: 'Object Repository/Admin Console ePulse Menu/Account Settings/Oaths/TEMP/TEMP Type Filter/Filter Oath Types/li_Similar Name Affidavit' is clicked on

2018-11-15 12:15:26 - [TEST_STEP][PASSED] - delay: Delayed 1 second(s)

2018-11-15 12:15:27 - [MESSAGE][PASSED] - Delayed 1 second(s)

2018-11-15 12:15:27 - [TEST_STEP][PASSED] - click: Object: 'Object Repository/Admin Console ePulse Menu/Account Settings/Oaths/TEMP/TEMP Type Filter/Filter Oath Types/Apply Type Filters' is clicked on

2018-11-15 12:15:27 - [MESSAGE][PASSED] - Object: 'Object Repository/Admin Console ePulse Menu/Account Settings/Oaths/TEMP/TEMP Type Filter/Filter Oath Types/Apply Type Filters' is clicked on

2018-11-15 12:15:27 - [TEST_STEP][PASSED] - delay: Delayed 1 second(s)

2018-11-15 12:15:28 - [MESSAGE][PASSED] - Delayed 1 second(s)

2018-11-15 12:15:28 - [TEST_STEP][PASSED] - click: Object: 'Object Repository/Admin Console ePulse Menu/Account Settings/Oaths/TEMP/TEMP Type Filter/Filter Oath Types/Remove Filter Similar Name Affidav' is clicked on

2018-11-15 12:15:28 - [MESSAGE][PASSED] - Object: 'Object Repository/Admin Console ePulse Menu/Account Settings/Oaths/TEMP/TEMP Type Filter/Filter Oath Types/Remove Filter Similar Name Affidav' is clicked on

2018-11-15 12:15:28 - [TEST_STEP][PASSED] - delay: Delayed 1 second(s)

2018-11-15 12:15:29 - [MESSAGE][PASSED] - Delayed 1 second(s)

2018-11-15 12:15:29 - [TEST_STEP][PASSED] - click: Object: 'Object Repository/Admin Console ePulse Menu/Account Settings/Oaths/TEMP/TEMP Type Filter/Filter Oath Types/Filter Type Dropdown' is clicked on

2018-11-15 12:15:29 - [MESSAGE][PASSED] - Object: 'Object Repository/Admin Console ePulse Menu/Account Settings/Oaths/TEMP/TEMP Type Filter/Filter Oath Types/Filter Type Dropdown' is clicked on

2018-11-15 12:15:29 - [TEST_STEP][PASSED] - delay: Delayed 1 second(s)

2018-11-15 12:15:30 - [MESSAGE][PASSED] - Delayed 1 second(s)

2018-11-15 12:15:30 - [TEST_STEP][PASSED] - click: Object: 'Object Repository/Admin Console ePulse Menu/Account Settings/Oaths/TEMP/TEMP Type Filter/Filter Oath Types/a_Similar Name Affidavit' is clicked on

2018-11-15 12:15:30 - [MESSAGE][PASSED] - Object: 'Object Repository/Admin Console ePulse Menu/Account Settings/Oaths/TEMP/TEMP Type Filter/Filter Oath Types/a_Similar Name Affidavit' is clicked on

2018-11-15 12:15:30 - [TEST_STEP][PASSED] - delay: Delayed 1 second(s)

2018-11-15 12:15:31 - [MESSAGE][PASSED] - Delayed 1 second(s)

2018-11-15 12:15:31 - [TEST_STEP][PASSED] - click: Object: 'Object Repository/Admin Console ePulse Menu/Account Settings/Oaths/TEMP/TEMP Type Filter/Filter Oath Types/li_Reasonable Impediment Decla' is clicked on

2018-11-15 12:15:31 - [MESSAGE][PASSED] - Object: 'Object Repository/Admin Console ePulse Menu/Account Settings/Oaths/TEMP/TEMP Type Filter/Filter Oath Types/li_Reasonable Impediment Decla' is clicked on

2018-11-15 12:15:31 - [TEST_STEP][PASSED] - delay: Delayed 1 second(s)

2018-11-15 12:15:32 - [MESSAGE][PASSED] - Delayed 1 second(s)

2018-11-15 12:15:32 - [TEST_STEP][PASSED] - click: Object: 'Object Repository/Admin Console ePulse Menu/Account Settings/Oaths/TEMP/TEMP Type Filter/Filter Oath Types/Apply Type Filters' is clicked on

2018-11-15 12:15:32 - [MESSAGE][PASSED] - Object: 'Object Repository/Admin Console ePulse Menu/Account Settings/Oaths/TEMP/TEMP Type Filter/Filter Oath Types/Apply Type Filters' is clicked on

2018-11-15 12:15:32 - [TEST_STEP][PASSED] - delay: Delayed 1 second(s)

2018-11-15 12:15:33 - [MESSAGE][PASSED] - Delayed 1 second(s)

2018-11-15 12:15:33 - [TEST_STEP][PASSED] - click: Object: 'Object Repository/Admin Console ePulse Menu/Account Settings/Oaths/TEMP/TEMP Type Filter/Filter Oath Types/Remove Filter Reasonable Impediment' is clicked on

2018-11-15 12:15:33 - [MESSAGE][PASSED] - Object: 'Object Repository/Admin Console ePulse Menu/Account Settings/Oaths/TEMP/TEMP Type Filter/Filter Oath Types/Remove Filter Reasonable Impediment' is clicked on

2018-11-15 12:15:33 - [TEST_STEP][PASSED] - delay: Delayed 1 second(s)

2018-11-15 12:15:34 - [MESSAGE][PASSED] - Delayed 1 second(s)]]></system-out>
         <system-err><![CDATA[]]></system-err>
      </testcase>
      <testcase name="Test Cases/Admin Console/Account Settings/Prompts/Prompts - Add Criteria" classname="Test Cases/Admin Console/Account Settings/Prompts/Prompts - Add Criteria" status="PASSED">
         <system-out><![CDATA[2018-11-15 12:15:34 - [TEST_CASE][PASSED] - Test Cases/Admin Console/Account Settings/Prompts/Prompts - Add Criteria: Test Cases/Admin Console/Account Settings/Prompts/Prompts - Add Criteria

2018-11-15 12:15:34 - [TEST_STEP][PASSED] - openBrowser: Browser is opened with url: ''

2018-11-15 12:15:34 - [MESSAGE][WARNING] - A browser is already opened. Closing browser and opening a new one

2018-11-15 12:15:35 - [MESSAGE][PASSED] - Browser is opened with url: ''

2018-11-15 12:15:35 - [TEST_STEP][PASSED] - navigateToUrl: Navigate to 'https://epulsedev2.com' successfully

2018-11-15 12:15:38 - [MESSAGE][PASSED] - Navigate to 'https://epulsedev2.com' successfully

2018-11-15 12:15:38 - [TEST_STEP][PASSED] - setText: Text 'alonzo.mack@knowink.com' is set on object 'Object Repository/Login/Email Address'

2018-11-15 12:15:38 - [MESSAGE][PASSED] - Text 'alonzo.mack@knowink.com' is set on object 'Object Repository/Login/Email Address'

2018-11-15 12:15:38 - [TEST_STEP][PASSED] - setEncryptedText: Text ****** has been set on object 'Object Repository/Login/Password'

2018-11-15 12:15:38 - [MESSAGE][PASSED] - Text ****** has been set on object 'Object Repository/Login/Password'

2018-11-15 12:15:38 - [TEST_STEP][PASSED] - click: Object: 'Object Repository/Login/Sign In' is clicked on

2018-11-15 12:15:42 - [MESSAGE][PASSED] - Object: 'Object Repository/Login/Sign In' is clicked on

2018-11-15 12:15:42 - [TEST_STEP][PASSED] - delay: Delayed 1 second(s)

2018-11-15 12:15:43 - [MESSAGE][PASSED] - Delayed 1 second(s)

2018-11-15 12:15:43 - [TEST_STEP][PASSED] - navigateToUrl: Navigate to 'https://am-Automation-test.epulsedev2.com/prompts' successfully

2018-11-15 12:15:46 - [MESSAGE][PASSED] - Navigate to 'https://am-Automation-test.epulsedev2.com/prompts' successfully

2018-11-15 12:15:46 - [TEST_STEP][PASSED] - delay: Delayed 1 second(s)

2018-11-15 12:15:47 - [MESSAGE][PASSED] - Delayed 1 second(s)

2018-11-15 12:15:47 - [TEST_STEP][PASSED] - click: Object: 'Object Repository/Admin Console ePulse Menu/Account Settings/Prompts/Add_CRITERIA_To_Prompt' is clicked on

2018-11-15 12:15:47 - [MESSAGE][PASSED] - Object: 'Object Repository/Admin Console ePulse Menu/Account Settings/Prompts/Add_CRITERIA_To_Prompt' is clicked on

2018-11-15 12:15:47 - [TEST_STEP][PASSED] - delay: Delayed 1 second(s)

2018-11-15 12:15:48 - [MESSAGE][PASSED] - Delayed 1 second(s)

2018-11-15 12:15:48 - [TEST_STEP][PASSED] - selectOptionByValue: All options with value 'status_id' are selected in object 'Object Repository/Admin Console ePulse Menu/Account Settings/Prompts/Prompt Criteria Modal/Add Criteria Dropdown'  using regular expression

2018-11-15 12:15:48 - [MESSAGE][PASSED] - All options with value 'status_id' are selected in object 'Object Repository/Admin Console ePulse Menu/Account Settings/Prompts/Prompt Criteria Modal/Add Criteria Dropdown'  using regular expression

2018-11-15 12:15:48 - [TEST_STEP][PASSED] - delay: Delayed 1 second(s)

2018-11-15 12:15:49 - [MESSAGE][PASSED] - Delayed 1 second(s)

2018-11-15 12:15:49 - [TEST_STEP][PASSED] - click: Object: 'Object Repository/Admin Console ePulse Menu/Account Settings/Prompts/Prompt Criteria Modal/Add Criteria(Plus Sign)' is clicked on

2018-11-15 12:15:49 - [MESSAGE][PASSED] - Object: 'Object Repository/Admin Console ePulse Menu/Account Settings/Prompts/Prompt Criteria Modal/Add Criteria(Plus Sign)' is clicked on

2018-11-15 12:15:49 - [TEST_STEP][PASSED] - delay: Delayed 1 second(s)

2018-11-15 12:15:50 - [MESSAGE][PASSED] - Delayed 1 second(s)

2018-11-15 12:15:50 - [TEST_STEP][PASSED] - selectOptionByValue: All options with value 'voter_status_reason' are selected in object 'Object Repository/Admin Console ePulse Menu/Account Settings/Prompts/Prompt Criteria Modal/Add Criteria Dropdown'  using regular expression

2018-11-15 12:15:50 - [MESSAGE][PASSED] - All options with value 'voter_status_reason' are selected in object 'Object Repository/Admin Console ePulse Menu/Account Settings/Prompts/Prompt Criteria Modal/Add Criteria Dropdown'  using regular expression

2018-11-15 12:15:50 - [TEST_STEP][PASSED] - delay: Delayed 1 second(s)

2018-11-15 12:15:51 - [MESSAGE][PASSED] - Delayed 1 second(s)

2018-11-15 12:15:51 - [TEST_STEP][PASSED] - selectOptionByValue: All options with value '1' are selected in object 'Object Repository/Admin Console ePulse Menu/Account Settings/Prompts/Prompt Criteria Modal/Voter Status Reason Operator'  using regular expression

2018-11-15 12:15:51 - [MESSAGE][PASSED] - All options with value '1' are selected in object 'Object Repository/Admin Console ePulse Menu/Account Settings/Prompts/Prompt Criteria Modal/Voter Status Reason Operator'  using regular expression

2018-11-15 12:15:51 - [TEST_STEP][PASSED] - delay: Delayed 1 second(s)

2018-11-15 12:15:52 - [MESSAGE][PASSED] - Delayed 1 second(s)

2018-11-15 12:15:52 - [TEST_STEP][PASSED] - setText: Text 'Voted' is set on object 'Object Repository/Admin Console ePulse Menu/Account Settings/Prompts/Prompt Criteria Modal/Voter Status Reason Input Field'

2018-11-15 12:15:52 - [MESSAGE][PASSED] - Text 'Voted' is set on object 'Object Repository/Admin Console ePulse Menu/Account Settings/Prompts/Prompt Criteria Modal/Voter Status Reason Input Field'

2018-11-15 12:15:52 - [TEST_STEP][PASSED] - delay: Delayed 1 second(s)

2018-11-15 12:15:53 - [MESSAGE][PASSED] - Delayed 1 second(s)

2018-11-15 12:15:53 - [TEST_STEP][PASSED] - click: Object: 'Object Repository/Admin Console ePulse Menu/Account Settings/Prompts/Prompt Criteria Modal/Add Criteria(Plus Sign)' is clicked on

2018-11-15 12:15:53 - [MESSAGE][PASSED] - Object: 'Object Repository/Admin Console ePulse Menu/Account Settings/Prompts/Prompt Criteria Modal/Add Criteria(Plus Sign)' is clicked on

2018-11-15 12:15:53 - [TEST_STEP][PASSED] - delay: Delayed 1 second(s)

2018-11-15 12:15:54 - [MESSAGE][PASSED] - Delayed 1 second(s)

2018-11-15 12:15:54 - [TEST_STEP][PASSED] - selectOptionByValue: All options with value 'voter_over_18' are selected in object 'Object Repository/Admin Console ePulse Menu/Account Settings/Prompts/Prompt Criteria Modal/Add Criteria Dropdown'  using regular expression

2018-11-15 12:15:54 - [MESSAGE][PASSED] - All options with value 'voter_over_18' are selected in object 'Object Repository/Admin Console ePulse Menu/Account Settings/Prompts/Prompt Criteria Modal/Add Criteria Dropdown'  using regular expression

2018-11-15 12:15:54 - [TEST_STEP][PASSED] - delay: Delayed 1 second(s)

2018-11-15 12:15:55 - [MESSAGE][PASSED] - Delayed 1 second(s)

2018-11-15 12:15:55 - [TEST_STEP][PASSED] - click: Object: 'Object Repository/Admin Console ePulse Menu/Account Settings/Prompts/Prompt Criteria Modal/Add Criteria(Plus Sign)' is clicked on

2018-11-15 12:15:56 - [MESSAGE][PASSED] - Object: 'Object Repository/Admin Console ePulse Menu/Account Settings/Prompts/Prompt Criteria Modal/Add Criteria(Plus Sign)' is clicked on

2018-11-15 12:15:56 - [TEST_STEP][PASSED] - delay: Delayed 1 second(s)

2018-11-15 12:15:57 - [MESSAGE][PASSED] - Delayed 1 second(s)

2018-11-15 12:15:57 - [TEST_STEP][PASSED] - selectOptionByValue: All options with value 'voter_party' are selected in object 'Object Repository/Admin Console ePulse Menu/Account Settings/Prompts/Prompt Criteria Modal/Add Criteria Dropdown'  using regular expression

2018-11-15 12:15:57 - [MESSAGE][PASSED] - All options with value 'voter_party' are selected in object 'Object Repository/Admin Console ePulse Menu/Account Settings/Prompts/Prompt Criteria Modal/Add Criteria Dropdown'  using regular expression

2018-11-15 12:15:57 - [TEST_STEP][PASSED] - delay: Delayed 1 second(s)

2018-11-15 12:15:58 - [MESSAGE][PASSED] - Delayed 1 second(s)

2018-11-15 12:15:58 - [TEST_STEP][PASSED] - click: Object: 'Object Repository/Admin Console ePulse Menu/Account Settings/Prompts/Prompt Criteria Modal/Add Criteria(Plus Sign)' is clicked on

2018-11-15 12:15:58 - [MESSAGE][PASSED] - Object: 'Object Repository/Admin Console ePulse Menu/Account Settings/Prompts/Prompt Criteria Modal/Add Criteria(Plus Sign)' is clicked on

2018-11-15 12:15:58 - [TEST_STEP][PASSED] - delay: Delayed 1 second(s)

2018-11-15 12:15:59 - [MESSAGE][PASSED] - Delayed 1 second(s)

2018-11-15 12:15:59 - [TEST_STEP][PASSED] - selectOptionByValue: All options with value 'voter_absentee_information' are selected in object 'Object Repository/Admin Console ePulse Menu/Account Settings/Prompts/Prompt Criteria Modal/Add Criteria Dropdown'  using regular expression

2018-11-15 12:15:59 - [MESSAGE][PASSED] - All options with value 'voter_absentee_information' are selected in object 'Object Repository/Admin Console ePulse Menu/Account Settings/Prompts/Prompt Criteria Modal/Add Criteria Dropdown'  using regular expression

2018-11-15 12:15:59 - [TEST_STEP][PASSED] - delay: Delayed 1 second(s)

2018-11-15 12:16:00 - [MESSAGE][PASSED] - Delayed 1 second(s)

2018-11-15 12:16:00 - [TEST_STEP][PASSED] - selectOptionByValue: All options with value 'S' are selected in object 'Object Repository/Admin Console ePulse Menu/Account Settings/Prompts/Prompt Criteria Modal/Absentee Status Type'  using regular expression

2018-11-15 12:16:00 - [MESSAGE][PASSED] - All options with value 'S' are selected in object 'Object Repository/Admin Console ePulse Menu/Account Settings/Prompts/Prompt Criteria Modal/Absentee Status Type'  using regular expression

2018-11-15 12:16:00 - [TEST_STEP][PASSED] - delay: Delayed 2 second(s)

2018-11-15 12:16:02 - [MESSAGE][PASSED] - Delayed 2 second(s)

2018-11-15 12:16:02 - [TEST_STEP][PASSED] - click: Object: 'Object Repository/Admin Console ePulse Menu/Account Settings/Prompts/Prompt Criteria Modal/Add Criteria(Plus Sign)' is clicked on

2018-11-15 12:16:02 - [MESSAGE][PASSED] - Object: 'Object Repository/Admin Console ePulse Menu/Account Settings/Prompts/Prompt Criteria Modal/Add Criteria(Plus Sign)' is clicked on

2018-11-15 12:16:02 - [TEST_STEP][PASSED] - delay: Delayed 1 second(s)

2018-11-15 12:16:03 - [MESSAGE][PASSED] - Delayed 1 second(s)

2018-11-15 12:16:03 - [TEST_STEP][PASSED] - selectOptionByValue: All options with value 'voter_absentee_information' are selected in object 'Object Repository/Admin Console ePulse Menu/Account Settings/Prompts/Prompt Criteria Modal/Add Criteria Dropdown'  using regular expression

2018-11-15 12:16:03 - [MESSAGE][PASSED] - All options with value 'voter_absentee_information' are selected in object 'Object Repository/Admin Console ePulse Menu/Account Settings/Prompts/Prompt Criteria Modal/Add Criteria Dropdown'  using regular expression

2018-11-15 12:16:03 - [TEST_STEP][PASSED] - delay: Delayed 1 second(s)

2018-11-15 12:16:04 - [MESSAGE][PASSED] - Delayed 1 second(s)

2018-11-15 12:16:04 - [TEST_STEP][PASSED] - selectOptionByValue: All options with value 'R' are selected in object 'Object Repository/Admin Console ePulse Menu/Account Settings/Prompts/Prompt Criteria Modal/Absentee Status Type'  using regular expression

2018-11-15 12:16:04 - [MESSAGE][PASSED] - All options with value 'R' are selected in object 'Object Repository/Admin Console ePulse Menu/Account Settings/Prompts/Prompt Criteria Modal/Absentee Status Type'  using regular expression

2018-11-15 12:16:04 - [TEST_STEP][PASSED] - delay: Delayed 2 second(s)

2018-11-15 12:16:06 - [MESSAGE][PASSED] - Delayed 2 second(s)

2018-11-15 12:16:06 - [TEST_STEP][PASSED] - click: Object: 'Object Repository/Admin Console ePulse Menu/Account Settings/Prompts/Prompt Criteria Modal/Add Criteria(Plus Sign)' is clicked on

2018-11-15 12:16:06 - [MESSAGE][PASSED] - Object: 'Object Repository/Admin Console ePulse Menu/Account Settings/Prompts/Prompt Criteria Modal/Add Criteria(Plus Sign)' is clicked on

2018-11-15 12:16:06 - [TEST_STEP][PASSED] - delay: Delayed 1 second(s)

2018-11-15 12:16:07 - [MESSAGE][PASSED] - Delayed 1 second(s)

2018-11-15 12:16:07 - [TEST_STEP][PASSED] - click: Object: 'Object Repository/Admin Console ePulse Menu/Account Settings/Prompts/Prompt Criteria Modal/Save' is clicked on

2018-11-15 12:16:07 - [MESSAGE][PASSED] - Object: 'Object Repository/Admin Console ePulse Menu/Account Settings/Prompts/Prompt Criteria Modal/Save' is clicked on

2018-11-15 12:16:07 - [TEST_STEP][PASSED] - closeBrowser: Browser is closed

2018-11-15 12:16:08 - [MESSAGE][PASSED] - Browser is closed]]></system-out>
         <system-err><![CDATA[]]></system-err>
      </testcase>
      <testcase name="Test Cases/Admin Console/Account Settings/Prompts/Prompts - Import" classname="Test Cases/Admin Console/Account Settings/Prompts/Prompts - Import" status="PASSED">
         <system-out><![CDATA[2018-11-15 12:16:08 - [TEST_CASE][PASSED] - Test Cases/Admin Console/Account Settings/Prompts/Prompts - Import: Test Cases/Admin Console/Account Settings/Prompts/Prompts - Import

2018-11-15 12:16:08 - [TEST_STEP][PASSED] - openBrowser: Browser is opened with url: ''

2018-11-15 12:16:09 - [MESSAGE][PASSED] - Browser is opened with url: ''

2018-11-15 12:16:09 - [TEST_STEP][PASSED] - navigateToUrl: Navigate to 'https://epulsedev2.com' successfully

2018-11-15 12:16:10 - [MESSAGE][PASSED] - Navigate to 'https://epulsedev2.com' successfully

2018-11-15 12:16:10 - [TEST_STEP][PASSED] - setText: Text 'alonzo.mack@knowink.com' is set on object 'Object Repository/Login/Email Address'

2018-11-15 12:16:10 - [MESSAGE][PASSED] - Text 'alonzo.mack@knowink.com' is set on object 'Object Repository/Login/Email Address'

2018-11-15 12:16:10 - [TEST_STEP][PASSED] - setEncryptedText: Text ****** has been set on object 'Object Repository/Login/Password'

2018-11-15 12:16:10 - [MESSAGE][PASSED] - Text ****** has been set on object 'Object Repository/Login/Password'

2018-11-15 12:16:10 - [TEST_STEP][PASSED] - click: Object: 'Object Repository/Login/Sign In' is clicked on

2018-11-15 12:16:11 - [MESSAGE][PASSED] - Object: 'Object Repository/Login/Sign In' is clicked on

2018-11-15 12:16:11 - [TEST_STEP][PASSED] - delay: Delayed 1 second(s)

2018-11-15 12:16:12 - [MESSAGE][PASSED] - Delayed 1 second(s)

2018-11-15 12:16:12 - [TEST_STEP][PASSED] - navigateToUrl: Navigate to 'https://am-Automation-test.epulsedev2.com/imports/prompts' successfully

2018-11-15 12:16:13 - [MESSAGE][PASSED] - Navigate to 'https://am-Automation-test.epulsedev2.com/imports/prompts' successfully

2018-11-15 12:16:13 - [TEST_STEP][PASSED] - setText: Text '/Users/alonzomack/Downloads/prompts-3.txt' is set on object 'Object Repository/Admin Console ePulse Menu/Account Settings/Prompts/Import Prompts Buttons/Choose File'

2018-11-15 12:16:13 - [MESSAGE][PASSED] - Text '/Users/alonzomack/Downloads/prompts-3.txt' is set on object 'Object Repository/Admin Console ePulse Menu/Account Settings/Prompts/Import Prompts Buttons/Choose File'

2018-11-15 12:16:13 - [TEST_STEP][PASSED] - click: Object: 'Object Repository/Admin Console ePulse Menu/Account Settings/Prompts/Import Prompts Buttons/Continue Button' is clicked on

2018-11-15 12:16:13 - [MESSAGE][PASSED] - Object: 'Object Repository/Admin Console ePulse Menu/Account Settings/Prompts/Import Prompts Buttons/Continue Button' is clicked on

2018-11-15 12:16:13 - [TEST_STEP][PASSED] - delay: Delayed 1 second(s)

2018-11-15 12:16:14 - [MESSAGE][PASSED] - Delayed 1 second(s)

2018-11-15 12:16:14 - [TEST_STEP][PASSED] - click: Object: 'Object Repository/Admin Console ePulse Menu/Account Settings/Prompts/Import Prompts Buttons/button_Done(working)' is clicked on

2018-11-15 12:16:18 - [MESSAGE][PASSED] - Object: 'Object Repository/Admin Console ePulse Menu/Account Settings/Prompts/Import Prompts Buttons/button_Done(working)' is clicked on]]></system-out>
         <system-err><![CDATA[]]></system-err>
      </testcase>
      <testcase name="Test Cases/Admin Console/Account Settings/Prompts/Prompts - Add PollPad Config" classname="Test Cases/Admin Console/Account Settings/Prompts/Prompts - Add PollPad Config" status="FAILED">
         <failure type="FAILED" message="(Stack trace: com.kms.katalon.core.exception.StepFailedException: Unable to click on object (Root cause: java.lang.IllegalArgumentException: Object is null)
	at com.kms.katalon.core.keyword.internal.KeywordMain.stepFailed(KeywordMain.groovy:36)
	at com.kms.katalon.core.webui.keyword.internal.WebUIKeywordMain.stepFailed(WebUIKeywordMain.groovy:65)
	at com.kms.katalon.core.webui.keyword.internal.WebUIKeywordMain.runKeyword(WebUIKeywordMain.groovy:27)
	at com.kms.katalon.core.webui.keyword.builtin.ClickKeyword.click(ClickKeyword.groovy:86)
	at com.kms.katalon.core.webui.keyword.builtin.ClickKeyword.execute(ClickKeyword.groovy:67)
	at com.kms.katalon.core.keyword.internal.KeywordExecutor.executeKeywordForPlatform(KeywordExecutor.groovy:53)
	at com.kms.katalon.core.webui.keyword.WebUiBuiltInKeywords.click(WebUiBuiltInKeywords.groovy:616)
	at com.kms.katalon.core.webui.keyword.WebUiBuiltInKeywords$click$3.call(Unknown Source)
	at org.codehaus.groovy.runtime.callsite.CallSiteArray.defaultCall(CallSiteArray.java:48)
	at org.codehaus.groovy.runtime.callsite.AbstractCallSite.call(AbstractCallSite.java:113)
	at org.codehaus.groovy.runtime.callsite.AbstractCallSite.call(AbstractCallSite.java:125)
	at Script1540925285860.run(Script1540925285860.groovy:37)
	at com.kms.katalon.core.main.ScriptEngine.run(ScriptEngine.java:183)
	at com.kms.katalon.core.main.ScriptEngine.runScriptAsRawText(ScriptEngine.java:108)
	at com.kms.katalon.core.main.TestCaseExecutor.runScript(TestCaseExecutor.java:294)
	at com.kms.katalon.core.main.TestCaseExecutor.doExecute(TestCaseExecutor.java:285)
	at com.kms.katalon.core.main.TestCaseExecutor.processExecutionPhase(TestCaseExecutor.java:264)
	at com.kms.katalon.core.main.TestCaseExecutor.accessMainPhase(TestCaseExecutor.java:256)
	at com.kms.katalon.core.main.TestCaseExecutor.execute(TestCaseExecutor.java:200)
	at com.kms.katalon.core.main.TestSuiteExecutor.accessTestCaseMainPhase(TestSuiteExecutor.java:129)
	at com.kms.katalon.core.main.TestSuiteExecutor.accessTestSuiteMainPhase(TestSuiteExecutor.java:112)
	at com.kms.katalon.core.main.TestSuiteExecutor.execute(TestSuiteExecutor.java:81)
	at com.kms.katalon.core.main.TestCaseMain.startTestSuite(TestCaseMain.java:142)
	at com.kms.katalon.core.main.TestCaseMain$startTestSuite$0.call(Unknown Source)
	at org.codehaus.groovy.runtime.callsite.CallSiteArray.defaultCall(CallSiteArray.java:48)
	at org.codehaus.groovy.runtime.callsite.AbstractCallSite.call(AbstractCallSite.java:113)
	at org.codehaus.groovy.runtime.callsite.AbstractCallSite.call(AbstractCallSite.java:141)
	at TempTestSuite1542305302868.run(TempTestSuite1542305302868.groovy:36)
	at groovy.lang.GroovyShell.runScriptOrMainOrTestOrRunnable(GroovyShell.java:263)
	at groovy.lang.GroovyShell.run(GroovyShell.java:518)
	at groovy.lang.GroovyShell.run(GroovyShell.java:507)
	at groovy.ui.GroovyMain.processOnce(GroovyMain.java:653)
	at groovy.ui.GroovyMain.run(GroovyMain.java:384)
	at groovy.ui.GroovyMain.process(GroovyMain.java:370)
	at groovy.ui.GroovyMain.processArgs(GroovyMain.java:129)
	at groovy.ui.GroovyMain.main(GroovyMain.java:109)
	at sun.reflect.NativeMethodAccessorImpl.invoke0(Native Method)
	at sun.reflect.NativeMethodAccessorImpl.invoke(NativeMethodAccessorImpl.java:62)
	at sun.reflect.DelegatingMethodAccessorImpl.invoke(DelegatingMethodAccessorImpl.java:43)
	at java.lang.reflect.Method.invoke(Method.java:498)
	at org.codehaus.groovy.tools.GroovyStarter.rootLoader(GroovyStarter.java:109)
	at org.codehaus.groovy.tools.GroovyStarter.main(GroovyStarter.java:131)
)"/>
         <system-out><![CDATA[2018-11-15 12:16:18 - [TEST_CASE][FAILED] - Test Cases/Admin Console/Account Settings/Prompts/Prompts - Add PollPad Config: Test Cases/Admin Console/Account Settings/Prompts/Prompts - Add PollPad Config FAILED because (of) (Stack trace: com.kms.katalon.core.exception.StepFailedException: Unable to click on object (Root cause: java.lang.IllegalArgumentException: Object is null)
	at com.kms.katalon.core.keyword.internal.KeywordMain.stepFailed(KeywordMain.groovy:36)
	at com.kms.katalon.core.webui.keyword.internal.WebUIKeywordMain.stepFailed(WebUIKeywordMain.groovy:65)
	at com.kms.katalon.core.webui.keyword.internal.WebUIKeywordMain.runKeyword(WebUIKeywordMain.groovy:27)
	at com.kms.katalon.core.webui.keyword.builtin.ClickKeyword.click(ClickKeyword.groovy:86)
	at com.kms.katalon.core.webui.keyword.builtin.ClickKeyword.execute(ClickKeyword.groovy:67)
	at com.kms.katalon.core.keyword.internal.KeywordExecutor.executeKeywordForPlatform(KeywordExecutor.groovy:53)
	at com.kms.katalon.core.webui.keyword.WebUiBuiltInKeywords.click(WebUiBuiltInKeywords.groovy:616)
	at com.kms.katalon.core.webui.keyword.WebUiBuiltInKeywords$click$3.call(Unknown Source)
	at org.codehaus.groovy.runtime.callsite.CallSiteArray.defaultCall(CallSiteArray.java:48)
	at org.codehaus.groovy.runtime.callsite.AbstractCallSite.call(AbstractCallSite.java:113)
	at org.codehaus.groovy.runtime.callsite.AbstractCallSite.call(AbstractCallSite.java:125)
	at Script1540925285860.run(Script1540925285860.groovy:37)
	at com.kms.katalon.core.main.ScriptEngine.run(ScriptEngine.java:183)
	at com.kms.katalon.core.main.ScriptEngine.runScriptAsRawText(ScriptEngine.java:108)
	at com.kms.katalon.core.main.TestCaseExecutor.runScript(TestCaseExecutor.java:294)
	at com.kms.katalon.core.main.TestCaseExecutor.doExecute(TestCaseExecutor.java:285)
	at com.kms.katalon.core.main.TestCaseExecutor.processExecutionPhase(TestCaseExecutor.java:264)
	at com.kms.katalon.core.main.TestCaseExecutor.accessMainPhase(TestCaseExecutor.java:256)
	at com.kms.katalon.core.main.TestCaseExecutor.execute(TestCaseExecutor.java:200)
	at com.kms.katalon.core.main.TestSuiteExecutor.accessTestCaseMainPhase(TestSuiteExecutor.java:129)
	at com.kms.katalon.core.main.TestSuiteExecutor.accessTestSuiteMainPhase(TestSuiteExecutor.java:112)
	at com.kms.katalon.core.main.TestSuiteExecutor.execute(TestSuiteExecutor.java:81)
	at com.kms.katalon.core.main.TestCaseMain.startTestSuite(TestCaseMain.java:142)
	at com.kms.katalon.core.main.TestCaseMain$startTestSuite$0.call(Unknown Source)
	at org.codehaus.groovy.runtime.callsite.CallSiteArray.defaultCall(CallSiteArray.java:48)
	at org.codehaus.groovy.runtime.callsite.AbstractCallSite.call(AbstractCallSite.java:113)
	at org.codehaus.groovy.runtime.callsite.AbstractCallSite.call(AbstractCallSite.java:141)
	at TempTestSuite1542305302868.run(TempTestSuite1542305302868.groovy:36)
	at groovy.lang.GroovyShell.runScriptOrMainOrTestOrRunnable(GroovyShell.java:263)
	at groovy.lang.GroovyShell.run(GroovyShell.java:518)
	at groovy.lang.GroovyShell.run(GroovyShell.java:507)
	at groovy.ui.GroovyMain.processOnce(GroovyMain.java:653)
	at groovy.ui.GroovyMain.run(GroovyMain.java:384)
	at groovy.ui.GroovyMain.process(GroovyMain.java:370)
	at groovy.ui.GroovyMain.processArgs(GroovyMain.java:129)
	at groovy.ui.GroovyMain.main(GroovyMain.java:109)
	at sun.reflect.NativeMethodAccessorImpl.invoke0(Native Method)
	at sun.reflect.NativeMethodAccessorImpl.invoke(NativeMethodAccessorImpl.java:62)
	at sun.reflect.DelegatingMethodAccessorImpl.invoke(DelegatingMethodAccessorImpl.java:43)
	at java.lang.reflect.Method.invoke(Method.java:498)
	at org.codehaus.groovy.tools.GroovyStarter.rootLoader(GroovyStarter.java:109)
	at org.codehaus.groovy.tools.GroovyStarter.main(GroovyStarter.java:131)
)

2018-11-15 12:16:18 - [TEST_STEP][PASSED] - openBrowser: Browser is opened with url: ''

2018-11-15 12:16:18 - [MESSAGE][WARNING] - A browser is already opened. Closing browser and opening a new one

2018-11-15 12:16:19 - [MESSAGE][PASSED] - Browser is opened with url: ''

2018-11-15 12:16:19 - [TEST_STEP][PASSED] - navigateToUrl: Navigate to 'https://epulsedev2.com' successfully

2018-11-15 12:16:22 - [MESSAGE][PASSED] - Navigate to 'https://epulsedev2.com' successfully

2018-11-15 12:16:22 - [TEST_STEP][PASSED] - setText: Text 'alonzo.mack@knowink.com' is set on object 'Object Repository/Login/Email Address'

2018-11-15 12:16:22 - [MESSAGE][PASSED] - Text 'alonzo.mack@knowink.com' is set on object 'Object Repository/Login/Email Address'

2018-11-15 12:16:22 - [TEST_STEP][PASSED] - setEncryptedText: Text ****** has been set on object 'Object Repository/Login/Password'

2018-11-15 12:16:22 - [MESSAGE][PASSED] - Text ****** has been set on object 'Object Repository/Login/Password'

2018-11-15 12:16:22 - [TEST_STEP][PASSED] - click: Object: 'Object Repository/Login/Sign In' is clicked on

2018-11-15 12:16:24 - [MESSAGE][PASSED] - Object: 'Object Repository/Login/Sign In' is clicked on

2018-11-15 12:16:24 - [TEST_STEP][PASSED] - delay: Delayed 1 second(s)

2018-11-15 12:16:25 - [MESSAGE][PASSED] - Delayed 1 second(s)

2018-11-15 12:16:25 - [TEST_STEP][PASSED] - navigateToUrl: Navigate to 'https://am-Automation-test.epulsedev2.com/prompts' successfully

2018-11-15 12:16:26 - [MESSAGE][PASSED] - Navigate to 'https://am-Automation-test.epulsedev2.com/prompts' successfully

2018-11-15 12:16:26 - [TEST_STEP][PASSED] - delay: Delayed 1 second(s)

2018-11-15 12:16:27 - [MESSAGE][PASSED] - Delayed 1 second(s)

2018-11-15 12:16:27 - [TEST_STEP][FAILED] - click: Unable to click on object (Root cause: java.lang.IllegalArgumentException: Object is null)

2018-11-15 12:16:27 - [MESSAGE][WARNING] - Test object with id 'Object Repository/null' does not exist

2018-11-15 12:16:27 - [MESSAGE][WARNING] - Test object with id 'Object Repository/' does not exist

2018-11-15 12:16:28 - [MESSAGE][FAILED] - Unable to click on object (Root cause: java.lang.IllegalArgumentException: Object is null)
[[ATTACHMENT|/Users/alonzomack/Katalon Studio/Regression/Reports/New Test Suite/20181115_120822/1542305787782.png]]]]></system-out>
         <system-err><![CDATA[2018-11-15 12:16:18 - [TEST_CASE][FAILED] - Test Cases/Admin Console/Account Settings/Prompts/Prompts - Add PollPad Config: Test Cases/Admin Console/Account Settings/Prompts/Prompts - Add PollPad Config FAILED because (of) (Stack trace: com.kms.katalon.core.exception.StepFailedException: Unable to click on object (Root cause: java.lang.IllegalArgumentException: Object is null)
	at com.kms.katalon.core.keyword.internal.KeywordMain.stepFailed(KeywordMain.groovy:36)
	at com.kms.katalon.core.webui.keyword.internal.WebUIKeywordMain.stepFailed(WebUIKeywordMain.groovy:65)
	at com.kms.katalon.core.webui.keyword.internal.WebUIKeywordMain.runKeyword(WebUIKeywordMain.groovy:27)
	at com.kms.katalon.core.webui.keyword.builtin.ClickKeyword.click(ClickKeyword.groovy:86)
	at com.kms.katalon.core.webui.keyword.builtin.ClickKeyword.execute(ClickKeyword.groovy:67)
	at com.kms.katalon.core.keyword.internal.KeywordExecutor.executeKeywordForPlatform(KeywordExecutor.groovy:53)
	at com.kms.katalon.core.webui.keyword.WebUiBuiltInKeywords.click(WebUiBuiltInKeywords.groovy:616)
	at com.kms.katalon.core.webui.keyword.WebUiBuiltInKeywords$click$3.call(Unknown Source)
	at org.codehaus.groovy.runtime.callsite.CallSiteArray.defaultCall(CallSiteArray.java:48)
	at org.codehaus.groovy.runtime.callsite.AbstractCallSite.call(AbstractCallSite.java:113)
	at org.codehaus.groovy.runtime.callsite.AbstractCallSite.call(AbstractCallSite.java:125)
	at Script1540925285860.run(Script1540925285860.groovy:37)
	at com.kms.katalon.core.main.ScriptEngine.run(ScriptEngine.java:183)
	at com.kms.katalon.core.main.ScriptEngine.runScriptAsRawText(ScriptEngine.java:108)
	at com.kms.katalon.core.main.TestCaseExecutor.runScript(TestCaseExecutor.java:294)
	at com.kms.katalon.core.main.TestCaseExecutor.doExecute(TestCaseExecutor.java:285)
	at com.kms.katalon.core.main.TestCaseExecutor.processExecutionPhase(TestCaseExecutor.java:264)
	at com.kms.katalon.core.main.TestCaseExecutor.accessMainPhase(TestCaseExecutor.java:256)
	at com.kms.katalon.core.main.TestCaseExecutor.execute(TestCaseExecutor.java:200)
	at com.kms.katalon.core.main.TestSuiteExecutor.accessTestCaseMainPhase(TestSuiteExecutor.java:129)
	at com.kms.katalon.core.main.TestSuiteExecutor.accessTestSuiteMainPhase(TestSuiteExecutor.java:112)
	at com.kms.katalon.core.main.TestSuiteExecutor.execute(TestSuiteExecutor.java:81)
	at com.kms.katalon.core.main.TestCaseMain.startTestSuite(TestCaseMain.java:142)
	at com.kms.katalon.core.main.TestCaseMain$startTestSuite$0.call(Unknown Source)
	at org.codehaus.groovy.runtime.callsite.CallSiteArray.defaultCall(CallSiteArray.java:48)
	at org.codehaus.groovy.runtime.callsite.AbstractCallSite.call(AbstractCallSite.java:113)
	at org.codehaus.groovy.runtime.callsite.AbstractCallSite.call(AbstractCallSite.java:141)
	at TempTestSuite1542305302868.run(TempTestSuite1542305302868.groovy:36)
	at groovy.lang.GroovyShell.runScriptOrMainOrTestOrRunnable(GroovyShell.java:263)
	at groovy.lang.GroovyShell.run(GroovyShell.java:518)
	at groovy.lang.GroovyShell.run(GroovyShell.java:507)
	at groovy.ui.GroovyMain.processOnce(GroovyMain.java:653)
	at groovy.ui.GroovyMain.run(GroovyMain.java:384)
	at groovy.ui.GroovyMain.process(GroovyMain.java:370)
	at groovy.ui.GroovyMain.processArgs(GroovyMain.java:129)
	at groovy.ui.GroovyMain.main(GroovyMain.java:109)
	at sun.reflect.NativeMethodAccessorImpl.invoke0(Native Method)
	at sun.reflect.NativeMethodAccessorImpl.invoke(NativeMethodAccessorImpl.java:62)
	at sun.reflect.DelegatingMethodAccessorImpl.invoke(DelegatingMethodAccessorImpl.java:43)
	at java.lang.reflect.Method.invoke(Method.java:498)
	at org.codehaus.groovy.tools.GroovyStarter.rootLoader(GroovyStarter.java:109)
	at org.codehaus.groovy.tools.GroovyStarter.main(GroovyStarter.java:131)
)]]></system-err>
      </testcase>
      <testcase name="Test Cases/Admin Console/Account Settings/Prompts/Prompts - Buttons" classname="Test Cases/Admin Console/Account Settings/Prompts/Prompts - Buttons" status="PASSED">
         <system-out><![CDATA[2018-11-15 12:16:28 - [TEST_CASE][PASSED] - Test Cases/Admin Console/Account Settings/Prompts/Prompts - Buttons: Test Cases/Admin Console/Account Settings/Prompts/Prompts - Buttons

2018-11-15 12:16:28 - [TEST_STEP][PASSED] - openBrowser: Browser is opened with url: ''

2018-11-15 12:16:28 - [MESSAGE][WARNING] - A browser is already opened. Closing browser and opening a new one

2018-11-15 12:16:29 - [MESSAGE][PASSED] - Browser is opened with url: ''

2018-11-15 12:16:29 - [TEST_STEP][PASSED] - navigateToUrl: Navigate to 'https://epulsedev2.com' successfully

2018-11-15 12:16:30 - [MESSAGE][PASSED] - Navigate to 'https://epulsedev2.com' successfully

2018-11-15 12:16:30 - [TEST_STEP][PASSED] - setText: Text 'alonzo.mack@knowink.com' is set on object 'Object Repository/Login/Email Address'

2018-11-15 12:16:31 - [MESSAGE][PASSED] - Text 'alonzo.mack@knowink.com' is set on object 'Object Repository/Login/Email Address'

2018-11-15 12:16:31 - [TEST_STEP][PASSED] - setEncryptedText: Text ****** has been set on object 'Object Repository/Login/Password'

2018-11-15 12:16:31 - [MESSAGE][PASSED] - Text ****** has been set on object 'Object Repository/Login/Password'

2018-11-15 12:16:31 - [TEST_STEP][PASSED] - click: Object: 'Object Repository/Login/Sign In' is clicked on

2018-11-15 12:16:32 - [MESSAGE][PASSED] - Object: 'Object Repository/Login/Sign In' is clicked on

2018-11-15 12:16:32 - [TEST_STEP][PASSED] - delay: Delayed 1 second(s)

2018-11-15 12:16:33 - [MESSAGE][PASSED] - Delayed 1 second(s)

2018-11-15 12:16:33 - [TEST_STEP][PASSED] - navigateToUrl: Navigate to 'https://am-Automation-test.epulsedev2.com/prompts' successfully

2018-11-15 12:16:34 - [MESSAGE][PASSED] - Navigate to 'https://am-Automation-test.epulsedev2.com/prompts' successfully

2018-11-15 12:16:34 - [TEST_STEP][PASSED] - delay: Delayed 1 second(s)

2018-11-15 12:16:35 - [MESSAGE][PASSED] - Delayed 1 second(s)

2018-11-15 12:16:35 - [TEST_STEP][PASSED] - click: Object: 'Object Repository/Admin Console ePulse Menu/Account Settings/Prompts/Add_BUTTON_To_Prompt' is clicked on

2018-11-15 12:16:35 - [MESSAGE][PASSED] - Object: 'Object Repository/Admin Console ePulse Menu/Account Settings/Prompts/Add_BUTTON_To_Prompt' is clicked on

2018-11-15 12:16:35 - [TEST_STEP][PASSED] - delay: Delayed 1 second(s)

2018-11-15 12:16:36 - [MESSAGE][PASSED] - Delayed 1 second(s)

2018-11-15 12:16:36 - [TEST_STEP][PASSED] - setText: Text 'test' is set on object 'Object Repository/Admin Console ePulse Menu/Account Settings/Prompts/Prompt Button Modal/Input Button Label'

2018-11-15 12:16:36 - [MESSAGE][PASSED] - Text 'test' is set on object 'Object Repository/Admin Console ePulse Menu/Account Settings/Prompts/Prompt Button Modal/Input Button Label'

2018-11-15 12:16:36 - [TEST_STEP][PASSED] - delay: Delayed 1 second(s)

2018-11-15 12:16:37 - [MESSAGE][PASSED] - Delayed 1 second(s)

2018-11-15 12:16:37 - [TEST_STEP][PASSED] - selectOptionByValue: All options with value '0' are selected in object 'Object Repository/Admin Console ePulse Menu/Account Settings/Prompts/Prompt Button Modal/Select Button Type Dropdown'  using regular expression

2018-11-15 12:16:38 - [MESSAGE][PASSED] - All options with value '0' are selected in object 'Object Repository/Admin Console ePulse Menu/Account Settings/Prompts/Prompt Button Modal/Select Button Type Dropdown'  using regular expression

2018-11-15 12:16:38 - [TEST_STEP][PASSED] - delay: Delayed 1 second(s)

2018-11-15 12:16:39 - [MESSAGE][PASSED] - Delayed 1 second(s)

2018-11-15 12:16:39 - [TEST_STEP][PASSED] - click: Object: 'Object Repository/Admin Console ePulse Menu/Account Settings/Prompts/Prompt Button Modal/Add New Button(plus sign)' is clicked on

2018-11-15 12:16:39 - [MESSAGE][PASSED] - Object: 'Object Repository/Admin Console ePulse Menu/Account Settings/Prompts/Prompt Button Modal/Add New Button(plus sign)' is clicked on

2018-11-15 12:16:39 - [TEST_STEP][PASSED] - delay: Delayed 1 second(s)

2018-11-15 12:16:40 - [MESSAGE][PASSED] - Delayed 1 second(s)

2018-11-15 12:16:40 - [TEST_STEP][PASSED] - setText: Text 'test1' is set on object 'Object Repository/Admin Console ePulse Menu/Account Settings/Prompts/Prompt Button Modal/Input Button Label'

2018-11-15 12:16:40 - [MESSAGE][PASSED] - Text 'test1' is set on object 'Object Repository/Admin Console ePulse Menu/Account Settings/Prompts/Prompt Button Modal/Input Button Label'

2018-11-15 12:16:40 - [TEST_STEP][PASSED] - delay: Delayed 1 second(s)

2018-11-15 12:16:41 - [MESSAGE][PASSED] - Delayed 1 second(s)

2018-11-15 12:16:41 - [TEST_STEP][PASSED] - selectOptionByValue: All options with value '1' are selected in object 'Object Repository/Admin Console ePulse Menu/Account Settings/Prompts/Prompt Button Modal/Select Button Type Dropdown'  using regular expression

2018-11-15 12:16:41 - [MESSAGE][PASSED] - All options with value '1' are selected in object 'Object Repository/Admin Console ePulse Menu/Account Settings/Prompts/Prompt Button Modal/Select Button Type Dropdown'  using regular expression

2018-11-15 12:16:41 - [TEST_STEP][PASSED] - setText: Text 'Allow to vote' is set on object 'Object Repository/Admin Console ePulse Menu/Account Settings/Prompts/Prompt Button Modal/Page_Epulse  am-Automation-test  Pr/Prompt Button Value'

2018-11-15 12:16:41 - [MESSAGE][PASSED] - Text 'Allow to vote' is set on object 'Object Repository/Admin Console ePulse Menu/Account Settings/Prompts/Prompt Button Modal/Page_Epulse  am-Automation-test  Pr/Prompt Button Value'

2018-11-15 12:16:41 - [TEST_STEP][PASSED] - delay: Delayed 1 second(s)

2018-11-15 12:16:42 - [MESSAGE][PASSED] - Delayed 1 second(s)

2018-11-15 12:16:42 - [TEST_STEP][PASSED] - click: Object: 'Object Repository/Admin Console ePulse Menu/Account Settings/Prompts/Prompt Button Modal/Add New Button(plus sign)' is clicked on

2018-11-15 12:16:42 - [MESSAGE][PASSED] - Object: 'Object Repository/Admin Console ePulse Menu/Account Settings/Prompts/Prompt Button Modal/Add New Button(plus sign)' is clicked on

2018-11-15 12:16:42 - [TEST_STEP][PASSED] - delay: Delayed 1 second(s)

2018-11-15 12:16:43 - [MESSAGE][PASSED] - Delayed 1 second(s)

2018-11-15 12:16:43 - [TEST_STEP][PASSED] - setText: Text 'test3' is set on object 'Object Repository/Admin Console ePulse Menu/Account Settings/Prompts/Prompt Button Modal/Input Button Label'

2018-11-15 12:16:43 - [MESSAGE][PASSED] - Text 'test3' is set on object 'Object Repository/Admin Console ePulse Menu/Account Settings/Prompts/Prompt Button Modal/Input Button Label'

2018-11-15 12:16:43 - [TEST_STEP][PASSED] - delay: Delayed 1 second(s)

2018-11-15 12:16:44 - [MESSAGE][PASSED] - Delayed 1 second(s)

2018-11-15 12:16:44 - [TEST_STEP][PASSED] - selectOptionByValue: All options with value '2' are selected in object 'Object Repository/Admin Console ePulse Menu/Account Settings/Prompts/Prompt Button Modal/Select Button Type Dropdown'  using regular expression

2018-11-15 12:16:44 - [MESSAGE][PASSED] - All options with value '2' are selected in object 'Object Repository/Admin Console ePulse Menu/Account Settings/Prompts/Prompt Button Modal/Select Button Type Dropdown'  using regular expression

2018-11-15 12:16:44 - [TEST_STEP][PASSED] - delay: Delayed 1 second(s)

2018-11-15 12:16:45 - [MESSAGE][PASSED] - Delayed 1 second(s)

2018-11-15 12:16:45 - [TEST_STEP][PASSED] - setText: Text 'asdf' is set on object 'Object Repository/Admin Console ePulse Menu/Account Settings/Prompts/Prompt Button Modal/Page_Epulse  am-Automation-test  Pr/Prompt Button Value'

2018-11-15 12:16:45 - [MESSAGE][PASSED] - Text 'asdf' is set on object 'Object Repository/Admin Console ePulse Menu/Account Settings/Prompts/Prompt Button Modal/Page_Epulse  am-Automation-test  Pr/Prompt Button Value'

2018-11-15 12:16:45 - [TEST_STEP][PASSED] - delay: Delayed 1 second(s)

2018-11-15 12:16:46 - [MESSAGE][PASSED] - Delayed 1 second(s)

2018-11-15 12:16:46 - [TEST_STEP][PASSED] - click: Object: 'Object Repository/Admin Console ePulse Menu/Account Settings/Prompts/Prompt Button Modal/Add New Button(plus sign)' is clicked on

2018-11-15 12:16:47 - [MESSAGE][PASSED] - Object: 'Object Repository/Admin Console ePulse Menu/Account Settings/Prompts/Prompt Button Modal/Add New Button(plus sign)' is clicked on

2018-11-15 12:16:47 - [TEST_STEP][PASSED] - delay: Delayed 1 second(s)

2018-11-15 12:16:48 - [MESSAGE][PASSED] - Delayed 1 second(s)

2018-11-15 12:16:48 - [TEST_STEP][PASSED] - setText: Text 'test2' is set on object 'Object Repository/Admin Console ePulse Menu/Account Settings/Prompts/Prompt Button Modal/Input Button Label'

2018-11-15 12:16:48 - [MESSAGE][PASSED] - Text 'test2' is set on object 'Object Repository/Admin Console ePulse Menu/Account Settings/Prompts/Prompt Button Modal/Input Button Label'

2018-11-15 12:16:48 - [TEST_STEP][PASSED] - delay: Delayed 1 second(s)

2018-11-15 12:16:49 - [MESSAGE][PASSED] - Delayed 1 second(s)

2018-11-15 12:16:49 - [TEST_STEP][PASSED] - selectOptionByValue: All options with value '3' are selected in object 'Object Repository/Admin Console ePulse Menu/Account Settings/Prompts/Prompt Button Modal/Select Button Type Dropdown'  using regular expression

2018-11-15 12:16:49 - [MESSAGE][PASSED] - All options with value '3' are selected in object 'Object Repository/Admin Console ePulse Menu/Account Settings/Prompts/Prompt Button Modal/Select Button Type Dropdown'  using regular expression

2018-11-15 12:16:49 - [TEST_STEP][PASSED] - delay: Delayed 1 second(s)

2018-11-15 12:16:50 - [MESSAGE][PASSED] - Delayed 1 second(s)

2018-11-15 12:16:50 - [TEST_STEP][PASSED] - setText: Text 'test4' is set on object 'Object Repository/Admin Console ePulse Menu/Account Settings/Prompts/Prompt Button Modal/Input Button Label'

2018-11-15 12:16:50 - [MESSAGE][PASSED] - Text 'test4' is set on object 'Object Repository/Admin Console ePulse Menu/Account Settings/Prompts/Prompt Button Modal/Input Button Label'

2018-11-15 12:16:50 - [TEST_STEP][PASSED] - delay: Delayed 1 second(s)

2018-11-15 12:16:51 - [MESSAGE][PASSED] - Delayed 1 second(s)

2018-11-15 12:16:51 - [TEST_STEP][PASSED] - selectOptionByValue: All options with value '4' are selected in object 'Object Repository/Admin Console ePulse Menu/Account Settings/Prompts/Prompt Button Modal/Select Button Type Dropdown'  using regular expression

2018-11-15 12:16:51 - [MESSAGE][PASSED] - All options with value '4' are selected in object 'Object Repository/Admin Console ePulse Menu/Account Settings/Prompts/Prompt Button Modal/Select Button Type Dropdown'  using regular expression

2018-11-15 12:16:51 - [TEST_STEP][PASSED] - delay: Delayed 1 second(s)

2018-11-15 12:16:52 - [MESSAGE][PASSED] - Delayed 1 second(s)

2018-11-15 12:16:52 - [TEST_STEP][PASSED] - click: Object: 'Object Repository/Admin Console ePulse Menu/Account Settings/Prompts/Prompt Button Modal/Add New Button(plus sign)' is clicked on

2018-11-15 12:16:52 - [MESSAGE][PASSED] - Object: 'Object Repository/Admin Console ePulse Menu/Account Settings/Prompts/Prompt Button Modal/Add New Button(plus sign)' is clicked on

2018-11-15 12:16:52 - [TEST_STEP][PASSED] - delay: Delayed 1 second(s)

2018-11-15 12:16:53 - [MESSAGE][PASSED] - Delayed 1 second(s)

2018-11-15 12:16:53 - [TEST_STEP][PASSED] - setText: Text 'test5' is set on object 'Object Repository/Admin Console ePulse Menu/Account Settings/Prompts/Prompt Button Modal/Input Button Label'

2018-11-15 12:16:53 - [MESSAGE][PASSED] - Text 'test5' is set on object 'Object Repository/Admin Console ePulse Menu/Account Settings/Prompts/Prompt Button Modal/Input Button Label'

2018-11-15 12:16:53 - [TEST_STEP][PASSED] - delay: Delayed 1 second(s)

2018-11-15 12:16:54 - [MESSAGE][PASSED] - Delayed 1 second(s)

2018-11-15 12:16:54 - [TEST_STEP][PASSED] - selectOptionByValue: All options with value '5' are selected in object 'Object Repository/Admin Console ePulse Menu/Account Settings/Prompts/Prompt Button Modal/Select Button Type Dropdown'  using regular expression

2018-11-15 12:16:54 - [MESSAGE][PASSED] - All options with value '5' are selected in object 'Object Repository/Admin Console ePulse Menu/Account Settings/Prompts/Prompt Button Modal/Select Button Type Dropdown'  using regular expression

2018-11-15 12:16:54 - [TEST_STEP][PASSED] - delay: Delayed 1 second(s)

2018-11-15 12:16:55 - [MESSAGE][PASSED] - Delayed 1 second(s)

2018-11-15 12:16:55 - [TEST_STEP][PASSED] - click: Object: 'Object Repository/Admin Console ePulse Menu/Account Settings/Prompts/Prompt Button Modal/Add New Button(plus sign)' is clicked on

2018-11-15 12:16:55 - [MESSAGE][PASSED] - Object: 'Object Repository/Admin Console ePulse Menu/Account Settings/Prompts/Prompt Button Modal/Add New Button(plus sign)' is clicked on

2018-11-15 12:16:55 - [TEST_STEP][PASSED] - delay: Delayed 1 second(s)

2018-11-15 12:16:56 - [MESSAGE][PASSED] - Delayed 1 second(s)

2018-11-15 12:16:56 - [TEST_STEP][PASSED] - click: Object: 'Object Repository/Admin Console ePulse Menu/Account Settings/Prompts/Prompt Button Modal/Close Button' is clicked on

2018-11-15 12:16:56 - [MESSAGE][PASSED] - Object: 'Object Repository/Admin Console ePulse Menu/Account Settings/Prompts/Prompt Button Modal/Close Button' is clicked on

2018-11-15 12:16:56 - [TEST_STEP][PASSED] - delay: Delayed 1 second(s)

2018-11-15 12:16:57 - [MESSAGE][PASSED] - Delayed 1 second(s)

2018-11-15 12:16:57 - [TEST_STEP][PASSED] - closeBrowser: Browser is closed

2018-11-15 12:16:58 - [MESSAGE][PASSED] - Browser is closed]]></system-out>
         <system-err><![CDATA[]]></system-err>
      </testcase>
      <testcase name="Test Cases/Admin Console/Account Settings/Prompts/Prompts - Add" classname="Test Cases/Admin Console/Account Settings/Prompts/Prompts - Add" status="PASSED">
         <system-out><![CDATA[2018-11-15 12:16:58 - [TEST_CASE][PASSED] - Test Cases/Admin Console/Account Settings/Prompts/Prompts - Add: Test Cases/Admin Console/Account Settings/Prompts/Prompts - Add

2018-11-15 12:16:58 - [TEST_STEP][PASSED] - openBrowser: Browser is opened with url: ''

2018-11-15 12:16:58 - [MESSAGE][PASSED] - Browser is opened with url: ''

2018-11-15 12:16:58 - [TEST_STEP][PASSED] - navigateToUrl: Navigate to 'https://epulsedev2.com' successfully

2018-11-15 12:17:00 - [MESSAGE][PASSED] - Navigate to 'https://epulsedev2.com' successfully

2018-11-15 12:17:00 - [TEST_STEP][PASSED] - setText: Text 'alonzo.mack@knowink.com' is set on object 'Object Repository/Login/Email Address'

2018-11-15 12:17:00 - [MESSAGE][PASSED] - Text 'alonzo.mack@knowink.com' is set on object 'Object Repository/Login/Email Address'

2018-11-15 12:17:00 - [TEST_STEP][PASSED] - setEncryptedText: Text ****** has been set on object 'Object Repository/Login/Password'

2018-11-15 12:17:00 - [MESSAGE][PASSED] - Text ****** has been set on object 'Object Repository/Login/Password'

2018-11-15 12:17:00 - [TEST_STEP][PASSED] - click: Object: 'Object Repository/Login/Sign In' is clicked on

2018-11-15 12:17:02 - [MESSAGE][PASSED] - Object: 'Object Repository/Login/Sign In' is clicked on

2018-11-15 12:17:02 - [TEST_STEP][PASSED] - delay: Delayed 1 second(s)

2018-11-15 12:17:03 - [MESSAGE][PASSED] - Delayed 1 second(s)

2018-11-15 12:17:03 - [TEST_STEP][PASSED] - navigateToUrl: Navigate to 'https://am-Automation-test.epulsedev2.com/prompts' successfully

2018-11-15 12:17:04 - [MESSAGE][PASSED] - Navigate to 'https://am-Automation-test.epulsedev2.com/prompts' successfully

2018-11-15 12:17:04 - [TEST_STEP][PASSED] - delay: Delayed 1 second(s)

2018-11-15 12:17:05 - [MESSAGE][PASSED] - Delayed 1 second(s)

2018-11-15 12:17:05 - [TEST_STEP][PASSED] - click: Object: 'Object Repository/Admin Console ePulse Menu/Account Settings/Prompts/Create_New_Prompt_Button' is clicked on

2018-11-15 12:17:05 - [MESSAGE][PASSED] - Object: 'Object Repository/Admin Console ePulse Menu/Account Settings/Prompts/Create_New_Prompt_Button' is clicked on

2018-11-15 12:17:05 - [TEST_STEP][PASSED] - setText: Text 'Test Prompt' is set on object 'Object Repository/Admin Console ePulse Menu/Account Settings/Prompts/Add_Edit Prompt Modal/Name'

2018-11-15 12:17:05 - [MESSAGE][PASSED] - Text 'Test Prompt' is set on object 'Object Repository/Admin Console ePulse Menu/Account Settings/Prompts/Add_Edit Prompt Modal/Name'

2018-11-15 12:17:05 - [TEST_STEP][PASSED] - setText: Text 'Prompt' is set on object 'Object Repository/Admin Console ePulse Menu/Account Settings/Prompts/Add_Edit Prompt Modal/Heading'

2018-11-15 12:17:06 - [MESSAGE][PASSED] - Text 'Prompt' is set on object 'Object Repository/Admin Console ePulse Menu/Account Settings/Prompts/Add_Edit Prompt Modal/Heading'

2018-11-15 12:17:06 - [TEST_STEP][PASSED] - selectOptionByValue: All options with value '0' are selected in object 'Object Repository/Admin Console ePulse Menu/Account Settings/Prompts/Add_Edit Prompt Modal/Select Color'  using regular expression

2018-11-15 12:17:06 - [MESSAGE][PASSED] - All options with value '0' are selected in object 'Object Repository/Admin Console ePulse Menu/Account Settings/Prompts/Add_Edit Prompt Modal/Select Color'  using regular expression

2018-11-15 12:17:06 - [TEST_STEP][PASSED] - setText: Text '1' is set on object 'Object Repository/Admin Console ePulse Menu/Account Settings/Prompts/Add_Edit Prompt Modal/Order'

2018-11-15 12:17:06 - [MESSAGE][PASSED] - Text '1' is set on object 'Object Repository/Admin Console ePulse Menu/Account Settings/Prompts/Add_Edit Prompt Modal/Order'

2018-11-15 12:17:06 - [TEST_STEP][PASSED] - setText: Text 'Prompt' is set on object 'Object Repository/Admin Console ePulse Menu/Account Settings/Prompts/Add_Edit Prompt Modal/Field Label'

2018-11-15 12:17:06 - [MESSAGE][PASSED] - Text 'Prompt' is set on object 'Object Repository/Admin Console ePulse Menu/Account Settings/Prompts/Add_Edit Prompt Modal/Field Label'

2018-11-15 12:17:06 - [TEST_STEP][PASSED] - setText: Text 'Prompt' is set on object 'Object Repository/Admin Console ePulse Menu/Account Settings/Prompts/Add_Edit Prompt Modal/Field Name'

2018-11-15 12:17:06 - [MESSAGE][PASSED] - Text 'Prompt' is set on object 'Object Repository/Admin Console ePulse Menu/Account Settings/Prompts/Add_Edit Prompt Modal/Field Name'

2018-11-15 12:17:06 - [TEST_STEP][PASSED] - click: Object: 'Object Repository/Admin Console ePulse Menu/Account Settings/Prompts/Add_Edit Prompt Modal/Show Voter Info_slider' is clicked on

2018-11-15 12:17:06 - [MESSAGE][PASSED] - Object: 'Object Repository/Admin Console ePulse Menu/Account Settings/Prompts/Add_Edit Prompt Modal/Show Voter Info_slider' is clicked on

2018-11-15 12:17:06 - [TEST_STEP][PASSED] - click: Object: 'Object Repository/Admin Console ePulse Menu/Account Settings/Prompts/Add_Edit Prompt Modal/Show DOB Field_slider' is clicked on

2018-11-15 12:17:06 - [MESSAGE][PASSED] - Object: 'Object Repository/Admin Console ePulse Menu/Account Settings/Prompts/Add_Edit Prompt Modal/Show DOB Field_slider' is clicked on

2018-11-15 12:17:06 - [TEST_STEP][PASSED] - setText: Text 'Test Prompt' is set on object 'Object Repository/Admin Console ePulse Menu/Account Settings/Prompts/Add_Edit Prompt Modal/Instructions textarea '

2018-11-15 12:17:06 - [MESSAGE][PASSED] - Text 'Test Prompt' is set on object 'Object Repository/Admin Console ePulse Menu/Account Settings/Prompts/Add_Edit Prompt Modal/Instructions textarea '

2018-11-15 12:17:06 - [TEST_STEP][PASSED] - click: Object: 'Object Repository/Admin Console ePulse Menu/Account Settings/Prompts/Add_Edit Prompt Modal/Submit' is clicked on

2018-11-15 12:17:06 - [MESSAGE][PASSED] - Object: 'Object Repository/Admin Console ePulse Menu/Account Settings/Prompts/Add_Edit Prompt Modal/Submit' is clicked on

2018-11-15 12:17:06 - [TEST_STEP][PASSED] - delay: Delayed 2 second(s)

2018-11-15 12:17:08 - [MESSAGE][PASSED] - Delayed 2 second(s)

2018-11-15 12:17:08 - [TEST_STEP][PASSED] - closeBrowser: Browser is closed

2018-11-15 12:17:08 - [MESSAGE][PASSED] - Browser is closed]]></system-out>
         <system-err><![CDATA[]]></system-err>
      </testcase>
      <testcase name="Test Cases/Admin Console/Account Settings/Prompts/Prompts - Edit" classname="Test Cases/Admin Console/Account Settings/Prompts/Prompts - Edit" status="PASSED">
         <system-out><![CDATA[2018-11-15 12:17:08 - [TEST_CASE][PASSED] - Test Cases/Admin Console/Account Settings/Prompts/Prompts - Edit: Test Cases/Admin Console/Account Settings/Prompts/Prompts - Edit

2018-11-15 12:17:08 - [TEST_STEP][PASSED] - openBrowser: Browser is opened with url: ''

2018-11-15 12:17:09 - [MESSAGE][PASSED] - Browser is opened with url: ''

2018-11-15 12:17:09 - [TEST_STEP][PASSED] - navigateToUrl: Navigate to 'https://epulsedev2.com' successfully

2018-11-15 12:17:11 - [MESSAGE][PASSED] - Navigate to 'https://epulsedev2.com' successfully

2018-11-15 12:17:11 - [TEST_STEP][PASSED] - setText: Text 'alonzo.mack@knowink.com' is set on object 'Object Repository/Login/Email Address'

2018-11-15 12:17:11 - [MESSAGE][PASSED] - Text 'alonzo.mack@knowink.com' is set on object 'Object Repository/Login/Email Address'

2018-11-15 12:17:11 - [TEST_STEP][PASSED] - setEncryptedText: Text ****** has been set on object 'Object Repository/Login/Password'

2018-11-15 12:17:11 - [MESSAGE][PASSED] - Text ****** has been set on object 'Object Repository/Login/Password'

2018-11-15 12:17:11 - [TEST_STEP][PASSED] - click: Object: 'Object Repository/Login/Sign In' is clicked on

2018-11-15 12:17:12 - [MESSAGE][PASSED] - Object: 'Object Repository/Login/Sign In' is clicked on

2018-11-15 12:17:12 - [TEST_STEP][PASSED] - delay: Delayed 1 second(s)

2018-11-15 12:17:13 - [MESSAGE][PASSED] - Delayed 1 second(s)

2018-11-15 12:17:13 - [TEST_STEP][PASSED] - navigateToUrl: Navigate to 'https://am-Automation-test.epulsedev2.com/prompts' successfully

2018-11-15 12:17:15 - [MESSAGE][PASSED] - Navigate to 'https://am-Automation-test.epulsedev2.com/prompts' successfully

2018-11-15 12:17:15 - [TEST_STEP][PASSED] - delay: Delayed 1 second(s)

2018-11-15 12:17:16 - [MESSAGE][PASSED] - Delayed 1 second(s)

2018-11-15 12:17:16 - [TEST_STEP][PASSED] - click: Object: 'Object Repository/Admin Console ePulse Menu/Account Settings/Prompts/Edit Prompt' is clicked on

2018-11-15 12:17:16 - [MESSAGE][PASSED] - Object: 'Object Repository/Admin Console ePulse Menu/Account Settings/Prompts/Edit Prompt' is clicked on

2018-11-15 12:17:16 - [TEST_STEP][PASSED] - delay: Delayed 2 second(s)

2018-11-15 12:17:18 - [MESSAGE][PASSED] - Delayed 2 second(s)

2018-11-15 12:17:18 - [TEST_STEP][PASSED] - setText: Text 'Test Prompt Test' is set on object 'Object Repository/Admin Console ePulse Menu/Account Settings/Prompts/Add_Edit Prompt Modal/Name'

2018-11-15 12:17:18 - [MESSAGE][PASSED] - Text 'Test Prompt Test' is set on object 'Object Repository/Admin Console ePulse Menu/Account Settings/Prompts/Add_Edit Prompt Modal/Name'

2018-11-15 12:17:18 - [TEST_STEP][PASSED] - delay: Delayed 2 second(s)

2018-11-15 12:17:20 - [MESSAGE][PASSED] - Delayed 2 second(s)

2018-11-15 12:17:20 - [TEST_STEP][PASSED] - setText: Text 'Prompt Edit' is set on object 'Object Repository/Admin Console ePulse Menu/Account Settings/Prompts/Add_Edit Prompt Modal/Heading'

2018-11-15 12:17:20 - [MESSAGE][PASSED] - Text 'Prompt Edit' is set on object 'Object Repository/Admin Console ePulse Menu/Account Settings/Prompts/Add_Edit Prompt Modal/Heading'

2018-11-15 12:17:20 - [TEST_STEP][PASSED] - delay: Delayed 2 second(s)

2018-11-15 12:17:22 - [MESSAGE][PASSED] - Delayed 2 second(s)

2018-11-15 12:17:22 - [TEST_STEP][PASSED] - selectOptionByValue: All options with value '2' are selected in object 'Object Repository/Admin Console ePulse Menu/Account Settings/Prompts/Add_Edit Prompt Modal/Select Color'  using regular expression

2018-11-15 12:17:22 - [MESSAGE][PASSED] - All options with value '2' are selected in object 'Object Repository/Admin Console ePulse Menu/Account Settings/Prompts/Add_Edit Prompt Modal/Select Color'  using regular expression

2018-11-15 12:17:22 - [TEST_STEP][PASSED] - delay: Delayed 2 second(s)

2018-11-15 12:17:24 - [MESSAGE][PASSED] - Delayed 2 second(s)

2018-11-15 12:17:24 - [TEST_STEP][PASSED] - setText: Text '2' is set on object 'Object Repository/Admin Console ePulse Menu/Account Settings/Prompts/Add_Edit Prompt Modal/Order'

2018-11-15 12:17:24 - [MESSAGE][PASSED] - Text '2' is set on object 'Object Repository/Admin Console ePulse Menu/Account Settings/Prompts/Add_Edit Prompt Modal/Order'

2018-11-15 12:17:24 - [TEST_STEP][PASSED] - delay: Delayed 2 second(s)

2018-11-15 12:17:26 - [MESSAGE][PASSED] - Delayed 2 second(s)

2018-11-15 12:17:26 - [TEST_STEP][PASSED] - setText: Text 'Prompt Test' is set on object 'Object Repository/Admin Console ePulse Menu/Account Settings/Prompts/Add_Edit Prompt Modal/Field Label'

2018-11-15 12:17:27 - [MESSAGE][PASSED] - Text 'Prompt Test' is set on object 'Object Repository/Admin Console ePulse Menu/Account Settings/Prompts/Add_Edit Prompt Modal/Field Label'

2018-11-15 12:17:27 - [TEST_STEP][PASSED] - delay: Delayed 2 second(s)

2018-11-15 12:17:29 - [MESSAGE][PASSED] - Delayed 2 second(s)

2018-11-15 12:17:29 - [TEST_STEP][PASSED] - setText: Text 'prompt test' is set on object 'Object Repository/Admin Console ePulse Menu/Account Settings/Prompts/Add_Edit Prompt Modal/Field Name'

2018-11-15 12:17:29 - [MESSAGE][PASSED] - Text 'prompt test' is set on object 'Object Repository/Admin Console ePulse Menu/Account Settings/Prompts/Add_Edit Prompt Modal/Field Name'

2018-11-15 12:17:29 - [TEST_STEP][PASSED] - delay: Delayed 2 second(s)

2018-11-15 12:17:31 - [MESSAGE][PASSED] - Delayed 2 second(s)

2018-11-15 12:17:31 - [TEST_STEP][PASSED] - click: Object: 'Object Repository/Admin Console ePulse Menu/Account Settings/Prompts/Add_Edit Prompt Modal/Show Voter Info_slider' is clicked on

2018-11-15 12:17:31 - [MESSAGE][PASSED] - Object: 'Object Repository/Admin Console ePulse Menu/Account Settings/Prompts/Add_Edit Prompt Modal/Show Voter Info_slider' is clicked on

2018-11-15 12:17:31 - [TEST_STEP][PASSED] - delay: Delayed 2 second(s)

2018-11-15 12:17:33 - [MESSAGE][PASSED] - Delayed 2 second(s)

2018-11-15 12:17:33 - [TEST_STEP][PASSED] - click: Object: 'Object Repository/Admin Console ePulse Menu/Account Settings/Prompts/Add_Edit Prompt Modal/Show Text Field_slider' is clicked on

2018-11-15 12:17:33 - [MESSAGE][PASSED] - Object: 'Object Repository/Admin Console ePulse Menu/Account Settings/Prompts/Add_Edit Prompt Modal/Show Text Field_slider' is clicked on

2018-11-15 12:17:33 - [TEST_STEP][PASSED] - delay: Delayed 2 second(s)

2018-11-15 12:17:35 - [MESSAGE][PASSED] - Delayed 2 second(s)

2018-11-15 12:17:35 - [TEST_STEP][PASSED] - setText: Text 'Test Prompt2' is set on object 'Object Repository/Admin Console ePulse Menu/Account Settings/Prompts/Add_Edit Prompt Modal/Instructions textarea '

2018-11-15 12:17:35 - [MESSAGE][PASSED] - Text 'Test Prompt2' is set on object 'Object Repository/Admin Console ePulse Menu/Account Settings/Prompts/Add_Edit Prompt Modal/Instructions textarea '

2018-11-15 12:17:35 - [TEST_STEP][PASSED] - delay: Delayed 2 second(s)

2018-11-15 12:17:37 - [MESSAGE][PASSED] - Delayed 2 second(s)

2018-11-15 12:17:37 - [TEST_STEP][PASSED] - click: Object: 'Object Repository/Admin Console ePulse Menu/Account Settings/Prompts/Add_Edit Prompt Modal/Submit' is clicked on

2018-11-15 12:17:37 - [MESSAGE][PASSED] - Object: 'Object Repository/Admin Console ePulse Menu/Account Settings/Prompts/Add_Edit Prompt Modal/Submit' is clicked on

2018-11-15 12:17:37 - [TEST_STEP][PASSED] - delay: Delayed 2 second(s)

2018-11-15 12:17:39 - [MESSAGE][PASSED] - Delayed 2 second(s)

2018-11-15 12:17:39 - [TEST_STEP][PASSED] - closeBrowser: Browser is closed

2018-11-15 12:17:39 - [MESSAGE][PASSED] - Browser is closed]]></system-out>
         <system-err><![CDATA[]]></system-err>
      </testcase>
      <testcase name="Test Cases/Admin Console/Account Settings/Poll Pad Setup/Poll Pad Setup - Demo DB" classname="Test Cases/Admin Console/Account Settings/Poll Pad Setup/Poll Pad Setup - Demo DB" status="PASSED">
         <system-out><![CDATA[2018-11-15 12:17:39 - [TEST_CASE][PASSED] - Test Cases/Admin Console/Account Settings/Poll Pad Setup/Poll Pad Setup - Demo DB: Test Cases/Admin Console/Account Settings/Poll Pad Setup/Poll Pad Setup - Demo DB

2018-11-15 12:17:39 - [TEST_STEP][PASSED] - openBrowser: Browser is opened with url: ''

2018-11-15 12:17:40 - [MESSAGE][PASSED] - Browser is opened with url: ''

2018-11-15 12:17:40 - [TEST_STEP][PASSED] - navigateToUrl: Navigate to 'https://epulsedev2.com' successfully

2018-11-15 12:17:42 - [MESSAGE][PASSED] - Navigate to 'https://epulsedev2.com' successfully

2018-11-15 12:17:42 - [TEST_STEP][PASSED] - setText: Text 'alonzo.mack@knowink.com' is set on object 'Object Repository/Login/Email Address'

2018-11-15 12:17:42 - [MESSAGE][PASSED] - Text 'alonzo.mack@knowink.com' is set on object 'Object Repository/Login/Email Address'

2018-11-15 12:17:42 - [TEST_STEP][PASSED] - setEncryptedText: Text ****** has been set on object 'Object Repository/Login/Password'

2018-11-15 12:17:42 - [MESSAGE][PASSED] - Text ****** has been set on object 'Object Repository/Login/Password'

2018-11-15 12:17:42 - [TEST_STEP][PASSED] - click: Object: 'Object Repository/Login/Sign In' is clicked on

2018-11-15 12:17:43 - [MESSAGE][PASSED] - Object: 'Object Repository/Login/Sign In' is clicked on

2018-11-15 12:17:43 - [TEST_STEP][PASSED] - delay: Delayed 1 second(s)

2018-11-15 12:17:44 - [MESSAGE][PASSED] - Delayed 1 second(s)

2018-11-15 12:17:44 - [TEST_STEP][PASSED] - navigateToUrl: Navigate to 'https://am-automation-test.epulsedev2.com/account_settings/poll_pad' successfully

2018-11-15 12:17:45 - [MESSAGE][PASSED] - Navigate to 'https://am-automation-test.epulsedev2.com/account_settings/poll_pad' successfully

2018-11-15 12:17:45 - [TEST_STEP][PASSED] - click: Object: 'Object Repository/Admin Console ePulse Menu/Account Settings/Poll Pad Setup/Demo Db' is clicked on

2018-11-15 12:17:45 - [MESSAGE][PASSED] - Object: 'Object Repository/Admin Console ePulse Menu/Account Settings/Poll Pad Setup/Demo Db' is clicked on

2018-11-15 12:17:45 - [TEST_STEP][PASSED] - delay: Delayed 1 second(s)

2018-11-15 12:17:46 - [MESSAGE][PASSED] - Delayed 1 second(s)

2018-11-15 12:17:46 - [TEST_STEP][PASSED] - setText: Text 'Demo DB' is set on object 'Object Repository/Admin Console ePulse Menu/Account Settings/Poll Pad Setup/DEMO DB/Demo DB Name'

2018-11-15 12:17:47 - [MESSAGE][PASSED] - Text 'Demo DB' is set on object 'Object Repository/Admin Console ePulse Menu/Account Settings/Poll Pad Setup/DEMO DB/Demo DB Name'

2018-11-15 12:17:47 - [TEST_STEP][PASSED] - delay: Delayed 1 second(s)

2018-11-15 12:17:48 - [MESSAGE][PASSED] - Delayed 1 second(s)

2018-11-15 12:17:48 - [TEST_STEP][NOT_RUN] - selectOptionByValue: NOT_RUN: selectOptionByValue

2018-11-15 12:17:48 - [MESSAGE][NOT_RUN] - NOT_RUN: selectOptionByValue

2018-11-15 12:17:48 - [TEST_STEP][NOT_RUN] - selectOptionByIndex: NOT_RUN: selectOptionByIndex

2018-11-15 12:17:48 - [MESSAGE][NOT_RUN] - NOT_RUN: selectOptionByIndex

2018-11-15 12:17:48 - [TEST_STEP][PASSED] - click: Object: 'Object Repository/Admin Console ePulse Menu/Account Settings/Poll Pad Setup/DEMO DB/Create Demo DB button' is clicked on

2018-11-15 12:17:49 - [MESSAGE][PASSED] - Object: 'Object Repository/Admin Console ePulse Menu/Account Settings/Poll Pad Setup/DEMO DB/Create Demo DB button' is clicked on

2018-11-15 12:17:49 - [TEST_STEP][PASSED] - verifyTextPresent: Text 'Demo DB   processing...' is present on page  using regular expression

2018-11-15 12:17:49 - [MESSAGE][PASSED] - Text 'Demo DB   processing...' is present on page  using regular expression

2018-11-15 12:17:49 - [TEST_STEP][PASSED] - delay: Delayed 120 second(s)

2018-11-15 12:19:49 - [MESSAGE][PASSED] - Delayed 120 second(s)

2018-11-15 12:19:49 - [TEST_STEP][PASSED] - refresh: Refresh successfully

2018-11-15 12:19:50 - [MESSAGE][PASSED] - Refresh successfully

2018-11-15 12:19:50 - [TEST_STEP][PASSED] - verifyTextPresent: Text 'Demo DB   created on:' is present on page  using regular expression

2018-11-15 12:19:50 - [MESSAGE][PASSED] - Text 'Demo DB   created on:' is present on page  using regular expression

2018-11-15 12:19:50 - [TEST_STEP][PASSED] - delay: Delayed 1 second(s)

2018-11-15 12:19:51 - [MESSAGE][PASSED] - Delayed 1 second(s)

2018-11-15 12:19:51 - [TEST_STEP][PASSED] - closeBrowser: Browser is closed

2018-11-15 12:19:51 - [MESSAGE][PASSED] - Browser is closed]]></system-out>
         <system-err><![CDATA[]]></system-err>
      </testcase>
      <testcase name="Test Cases/Admin Console/Account Settings/Poll Pad Setup/Poll Pad Setup - ISYNC" classname="Test Cases/Admin Console/Account Settings/Poll Pad Setup/Poll Pad Setup - ISYNC" status="PASSED">
         <system-out><![CDATA[2018-11-15 12:19:51 - [TEST_CASE][PASSED] - Test Cases/Admin Console/Account Settings/Poll Pad Setup/Poll Pad Setup - ISYNC: Test Cases/Admin Console/Account Settings/Poll Pad Setup/Poll Pad Setup - ISYNC

2018-11-15 12:19:51 - [TEST_STEP][PASSED] - openBrowser: Browser is opened with url: ''

2018-11-15 12:19:52 - [MESSAGE][PASSED] - Browser is opened with url: ''

2018-11-15 12:19:52 - [TEST_STEP][PASSED] - navigateToUrl: Navigate to 'https://epulsedev2.com' successfully

2018-11-15 12:19:54 - [MESSAGE][PASSED] - Navigate to 'https://epulsedev2.com' successfully

2018-11-15 12:19:54 - [TEST_STEP][PASSED] - setText: Text 'alonzo.mack@knowink.com' is set on object 'Object Repository/Login/Email Address'

2018-11-15 12:19:54 - [MESSAGE][PASSED] - Text 'alonzo.mack@knowink.com' is set on object 'Object Repository/Login/Email Address'

2018-11-15 12:19:54 - [TEST_STEP][PASSED] - setEncryptedText: Text ****** has been set on object 'Object Repository/Login/Password'

2018-11-15 12:19:54 - [MESSAGE][PASSED] - Text ****** has been set on object 'Object Repository/Login/Password'

2018-11-15 12:19:54 - [TEST_STEP][PASSED] - click: Object: 'Object Repository/Login/Sign In' is clicked on

2018-11-15 12:19:55 - [MESSAGE][PASSED] - Object: 'Object Repository/Login/Sign In' is clicked on

2018-11-15 12:19:55 - [TEST_STEP][PASSED] - delay: Delayed 1 second(s)

2018-11-15 12:19:56 - [MESSAGE][PASSED] - Delayed 1 second(s)

2018-11-15 12:19:56 - [TEST_STEP][PASSED] - navigateToUrl: Navigate to 'https://am-automation-test.epulsedev2.com/account_settings/poll_pad' successfully

2018-11-15 12:20:00 - [MESSAGE][PASSED] - Navigate to 'https://am-automation-test.epulsedev2.com/account_settings/poll_pad' successfully

2018-11-15 12:20:00 - [TEST_STEP][PASSED] - click: Object: 'Object Repository/Admin Console ePulse Menu/Account Settings/Poll Pad Setup/Isync' is clicked on

2018-11-15 12:20:00 - [MESSAGE][PASSED] - Object: 'Object Repository/Admin Console ePulse Menu/Account Settings/Poll Pad Setup/Isync' is clicked on

2018-11-15 12:20:00 - [TEST_STEP][PASSED] - click: Object: 'Object Repository/Admin Console ePulse Menu/Account Settings/Poll Pad Setup/ISYNC/Generate New button' is clicked on

2018-11-15 12:20:00 - [MESSAGE][PASSED] - Object: 'Object Repository/Admin Console ePulse Menu/Account Settings/Poll Pad Setup/ISYNC/Generate New button' is clicked on

2018-11-15 12:20:00 - [TEST_STEP][PASSED] - delay: Delayed 10 second(s)

2018-11-15 12:20:10 - [MESSAGE][PASSED] - Delayed 10 second(s)

2018-11-15 12:20:10 - [TEST_STEP][PASSED] - click: Object: 'Object Repository/Admin Console ePulse Menu/Account Settings/Poll Pad Setup/ISYNC/DOWNLOAD' is clicked on

2018-11-15 12:20:11 - [MESSAGE][PASSED] - Object: 'Object Repository/Admin Console ePulse Menu/Account Settings/Poll Pad Setup/ISYNC/DOWNLOAD' is clicked on

2018-11-15 12:20:11 - [TEST_STEP][PASSED] - delay: Delayed 2 second(s)

2018-11-15 12:20:13 - [MESSAGE][PASSED] - Delayed 2 second(s)

2018-11-15 12:20:13 - [TEST_STEP][PASSED] - click: Object: 'Object Repository/Admin Console ePulse Menu/Account Settings/Poll Pad Setup/ISYNC/Delete Selected Download' is clicked on

2018-11-15 12:20:13 - [MESSAGE][PASSED] - Object: 'Object Repository/Admin Console ePulse Menu/Account Settings/Poll Pad Setup/ISYNC/Delete Selected Download' is clicked on

2018-11-15 12:20:13 - [TEST_STEP][PASSED] - acceptAlert: Alert accepted

2018-11-15 12:20:13 - [MESSAGE][PASSED] - Alert accepted

2018-11-15 12:20:13 - [TEST_STEP][PASSED] - delay: Delayed 1 second(s)

2018-11-15 12:20:14 - [MESSAGE][PASSED] - Delayed 1 second(s)

2018-11-15 12:20:14 - [TEST_STEP][PASSED] - closeBrowser: Browser is closed

2018-11-15 12:20:14 - [MESSAGE][PASSED] - Browser is closed]]></system-out>
         <system-err><![CDATA[]]></system-err>
      </testcase>
      <testcase name="Test Cases/Admin Console/Poll Pads/Poll Pad - Configuration/Poll Pad Configuration - Copy" classname="Test Cases/Admin Console/Poll Pads/Poll Pad - Configuration/Poll Pad Configuration - Copy" status="PASSED">
         <system-out><![CDATA[2018-11-15 12:20:14 - [TEST_CASE][PASSED] - Test Cases/Admin Console/Poll Pads/Poll Pad - Configuration/Poll Pad Configuration - Copy: Test Cases/Admin Console/Poll Pads/Poll Pad - Configuration/Poll Pad Configuration - Copy

2018-11-15 12:20:14 - [TEST_STEP][PASSED] - openBrowser: Browser is opened with url: ''

2018-11-15 12:20:15 - [MESSAGE][PASSED] - Browser is opened with url: ''

2018-11-15 12:20:15 - [TEST_STEP][PASSED] - navigateToUrl: Navigate to 'https://epulsedev2.com' successfully

2018-11-15 12:20:18 - [MESSAGE][PASSED] - Navigate to 'https://epulsedev2.com' successfully

2018-11-15 12:20:18 - [TEST_STEP][PASSED] - setText: Text 'alonzo.mack@knowink.com' is set on object 'Object Repository/Login/Email Address'

2018-11-15 12:20:18 - [MESSAGE][PASSED] - Text 'alonzo.mack@knowink.com' is set on object 'Object Repository/Login/Email Address'

2018-11-15 12:20:18 - [TEST_STEP][PASSED] - setEncryptedText: Text ****** has been set on object 'Object Repository/Login/Password'

2018-11-15 12:20:18 - [MESSAGE][PASSED] - Text ****** has been set on object 'Object Repository/Login/Password'

2018-11-15 12:20:18 - [TEST_STEP][PASSED] - click: Object: 'Object Repository/Login/Sign In' is clicked on

2018-11-15 12:20:20 - [MESSAGE][PASSED] - Object: 'Object Repository/Login/Sign In' is clicked on

2018-11-15 12:20:20 - [TEST_STEP][PASSED] - delay: Delayed 1 second(s)

2018-11-15 12:20:21 - [MESSAGE][PASSED] - Delayed 1 second(s)

2018-11-15 12:20:21 - [TEST_STEP][PASSED] - navigateToUrl: Navigate to 'https://am-automation-test.epulsedev2.com/poll_pad_configs#sort=name&direction=asc&display=list' successfully

2018-11-15 12:20:22 - [MESSAGE][PASSED] - Navigate to 'https://am-automation-test.epulsedev2.com/poll_pad_configs#sort=name&direction=asc&display=list' successfully

2018-11-15 12:20:22 - [TEST_STEP][PASSED] - delay: Delayed 1 second(s)

2018-11-15 12:20:23 - [MESSAGE][PASSED] - Delayed 1 second(s)

2018-11-15 12:20:23 - [TEST_STEP][PASSED] - click: Object: 'Object Repository/Admin Console ePulse Menu/Poll Pads/Copy Config' is clicked on

2018-11-15 12:20:23 - [MESSAGE][PASSED] - Object: 'Object Repository/Admin Console ePulse Menu/Poll Pads/Copy Config' is clicked on

2018-11-15 12:20:23 - [TEST_STEP][PASSED] - delay: Delayed 1 second(s)

2018-11-15 12:20:24 - [MESSAGE][PASSED] - Delayed 1 second(s)

2018-11-15 12:20:24 - [TEST_STEP][PASSED] - setText: Text 'Copy of selected config' is set on object 'Object Repository/Admin Console ePulse Menu/Poll Pads/PollPad Config Name(copy)'

2018-11-15 12:20:24 - [MESSAGE][PASSED] - Text 'Copy of selected config' is set on object 'Object Repository/Admin Console ePulse Menu/Poll Pads/PollPad Config Name(copy)'

2018-11-15 12:20:24 - [TEST_STEP][PASSED] - delay: Delayed 1 second(s)

2018-11-15 12:20:25 - [MESSAGE][PASSED] - Delayed 1 second(s)

2018-11-15 12:20:25 - [TEST_STEP][PASSED] - click: Object: 'Object Repository/Admin Console ePulse Menu/Poll Pads/Submit COPY' is clicked on

2018-11-15 12:20:25 - [MESSAGE][PASSED] - Object: 'Object Repository/Admin Console ePulse Menu/Poll Pads/Submit COPY' is clicked on

2018-11-15 12:20:25 - [TEST_STEP][PASSED] - delay: Delayed 1 second(s)

2018-11-15 12:20:26 - [MESSAGE][PASSED] - Delayed 1 second(s)

2018-11-15 12:20:26 - [TEST_STEP][PASSED] - closeBrowser: Browser is closed

2018-11-15 12:20:26 - [MESSAGE][PASSED] - Browser is closed]]></system-out>
         <system-err><![CDATA[]]></system-err>
      </testcase>
      <testcase name="Test Cases/Admin Console/Poll Workers-Election Officials/POLL WORKER - ROLES" classname="Test Cases/Admin Console/Poll Workers-Election Officials/POLL WORKER - ROLES" status="PASSED">
         <system-out><![CDATA[2018-11-15 12:20:26 - [TEST_CASE][PASSED] - Test Cases/Admin Console/Poll Workers-Election Officials/POLL WORKER - ROLES: Test Cases/Admin Console/Poll Workers-Election Officials/POLL WORKER - ROLES

2018-11-15 12:20:26 - [TEST_STEP][PASSED] - openBrowser: Browser is opened with url: ''

2018-11-15 12:20:27 - [MESSAGE][PASSED] - Browser is opened with url: ''

2018-11-15 12:20:27 - [TEST_STEP][PASSED] - navigateToUrl: Navigate to 'https://epulsedev2.com' successfully

2018-11-15 12:20:30 - [MESSAGE][PASSED] - Navigate to 'https://epulsedev2.com' successfully

2018-11-15 12:20:30 - [TEST_STEP][PASSED] - setText: Text 'alonzo.mack@knowink.com' is set on object 'Object Repository/Login/Email Address'

2018-11-15 12:20:30 - [MESSAGE][PASSED] - Text 'alonzo.mack@knowink.com' is set on object 'Object Repository/Login/Email Address'

2018-11-15 12:20:30 - [TEST_STEP][PASSED] - setEncryptedText: Text ****** has been set on object 'Object Repository/Login/Password'

2018-11-15 12:20:30 - [MESSAGE][PASSED] - Text ****** has been set on object 'Object Repository/Login/Password'

2018-11-15 12:20:30 - [TEST_STEP][PASSED] - click: Object: 'Object Repository/Login/Sign In' is clicked on

2018-11-15 12:20:32 - [MESSAGE][PASSED] - Object: 'Object Repository/Login/Sign In' is clicked on

2018-11-15 12:20:32 - [TEST_STEP][PASSED] - delay: Delayed 1 second(s)

2018-11-15 12:20:33 - [MESSAGE][PASSED] - Delayed 1 second(s)

2018-11-15 12:20:33 - [TEST_STEP][PASSED] - delay: Delayed 1 second(s)

2018-11-15 12:20:34 - [MESSAGE][PASSED] - Delayed 1 second(s)

2018-11-15 12:20:34 - [TEST_STEP][PASSED] - navigateToUrl: Navigate to 'https://am-automation-test.epulsedev2.com/poll_worker_roles#sort=name&direction=asc&display=list' successfully

2018-11-15 12:20:35 - [MESSAGE][PASSED] - Navigate to 'https://am-automation-test.epulsedev2.com/poll_worker_roles#sort=name&direction=asc&display=list' successfully

2018-11-15 12:20:35 - [TEST_STEP][PASSED] - delay: Delayed 1 second(s)

2018-11-15 12:20:36 - [MESSAGE][PASSED] - Delayed 1 second(s)

2018-11-15 12:20:36 - [TEST_STEP][PASSED] - delay: Delayed 1 second(s)

2018-11-15 12:20:37 - [MESSAGE][PASSED] - Delayed 1 second(s)

2018-11-15 12:20:37 - [TEST_STEP][PASSED] - delay: Delayed 1 second(s)

2018-11-15 12:20:38 - [MESSAGE][PASSED] - Delayed 1 second(s)

2018-11-15 12:20:38 - [TEST_STEP][PASSED] - click: Object: 'Object Repository/Admin Console ePulse Menu/Poll Workers/Poll Workers Roles/Add Role' is clicked on

2018-11-15 12:20:38 - [MESSAGE][PASSED] - Object: 'Object Repository/Admin Console ePulse Menu/Poll Workers/Poll Workers Roles/Add Role' is clicked on

2018-11-15 12:20:38 - [TEST_STEP][PASSED] - delay: Delayed 1 second(s)

2018-11-15 12:20:39 - [MESSAGE][PASSED] - Delayed 1 second(s)

2018-11-15 12:20:39 - [TEST_STEP][PASSED] - setText: Text 'Senior Admin' is set on object 'Object Repository/Admin Console ePulse Menu/Poll Workers/Poll Workers Roles/Add Poll Workers Roles Modal/input_Name'

2018-11-15 12:20:39 - [MESSAGE][PASSED] - Text 'Senior Admin' is set on object 'Object Repository/Admin Console ePulse Menu/Poll Workers/Poll Workers Roles/Add Poll Workers Roles Modal/input_Name'

2018-11-15 12:20:39 - [TEST_STEP][PASSED] - delay: Delayed 1 second(s)

2018-11-15 12:20:40 - [MESSAGE][PASSED] - Delayed 1 second(s)

2018-11-15 12:20:40 - [TEST_STEP][PASSED] - setText: Text '15' is set on object 'Object Repository/Admin Console ePulse Menu/Poll Workers/Poll Workers Roles/Add Poll Workers Roles Modal/Rate'

2018-11-15 12:20:40 - [MESSAGE][PASSED] - Text '15' is set on object 'Object Repository/Admin Console ePulse Menu/Poll Workers/Poll Workers Roles/Add Poll Workers Roles Modal/Rate'

2018-11-15 12:20:40 - [TEST_STEP][PASSED] - delay: Delayed 1 second(s)

2018-11-15 12:20:41 - [MESSAGE][PASSED] - Delayed 1 second(s)

2018-11-15 12:20:41 - [TEST_STEP][PASSED] - selectOptionByValue: All options with value '1' are selected in object 'Object Repository/Admin Console ePulse Menu/Poll Workers/Poll Workers Roles/Add Poll Workers Roles Modal/Select Rate Type'  using regular expression

2018-11-15 12:20:41 - [MESSAGE][PASSED] - All options with value '1' are selected in object 'Object Repository/Admin Console ePulse Menu/Poll Workers/Poll Workers Roles/Add Poll Workers Roles Modal/Select Rate Type'  using regular expression

2018-11-15 12:20:41 - [TEST_STEP][PASSED] - delay: Delayed 1 second(s)

2018-11-15 12:20:42 - [MESSAGE][PASSED] - Delayed 1 second(s)

2018-11-15 12:20:42 - [TEST_STEP][PASSED] - setText: Text '8' is set on object 'Object Repository/Admin Console ePulse Menu/Poll Workers/Poll Workers Roles/Add Poll Workers Roles Modal/input_Max hours for hourly pay'

2018-11-15 12:20:42 - [MESSAGE][PASSED] - Text '8' is set on object 'Object Repository/Admin Console ePulse Menu/Poll Workers/Poll Workers Roles/Add Poll Workers Roles Modal/input_Max hours for hourly pay'

2018-11-15 12:20:42 - [TEST_STEP][PASSED] - delay: Delayed 1 second(s)

2018-11-15 12:20:43 - [MESSAGE][PASSED] - Delayed 1 second(s)

2018-11-15 12:20:43 - [TEST_STEP][PASSED] - click: Object: 'Object Repository/Admin Console ePulse Menu/Poll Workers/Poll Workers Roles/Add Poll Workers Roles Modal/SAVE' is clicked on

2018-11-15 12:20:44 - [MESSAGE][PASSED] - Object: 'Object Repository/Admin Console ePulse Menu/Poll Workers/Poll Workers Roles/Add Poll Workers Roles Modal/SAVE' is clicked on

2018-11-15 12:20:44 - [TEST_STEP][PASSED] - delay: Delayed 1 second(s)

2018-11-15 12:20:45 - [MESSAGE][PASSED] - Delayed 1 second(s)

2018-11-15 12:20:45 - [TEST_STEP][PASSED] - closeBrowser: Browser is closed

2018-11-15 12:20:45 - [MESSAGE][PASSED] - Browser is closed]]></system-out>
         <system-err><![CDATA[]]></system-err>
      </testcase>
      <testcase name="Test Cases/Admin Console/Poll Workers-Election Officials/Poll Workers - Manage - ADD" classname="Test Cases/Admin Console/Poll Workers-Election Officials/Poll Workers - Manage - ADD" status="FAILED">
         <failure type="FAILED" message="(Stack trace: com.kms.katalon.core.exception.StepFailedException: Unable to select option by value '3292' of object 'Object Repository/Admin Console ePulse Menu/Poll Workers/Poll Workers - Manage Page/New Poll Worker/Personal Information/Select_Party'  using regular expression (Root cause: No option matched.)
	at com.kms.katalon.core.keyword.internal.KeywordMain.stepFailed(KeywordMain.groovy:36)
	at com.kms.katalon.core.webui.keyword.internal.WebUIKeywordMain.stepFailed(WebUIKeywordMain.groovy:65)
	at com.kms.katalon.core.webui.keyword.internal.WebUIKeywordMain.runKeyword(WebUIKeywordMain.groovy:27)
	at com.kms.katalon.core.webui.keyword.builtin.SelectOptionByValueKeyword.selectOptionByValue(SelectOptionByValueKeyword.groovy:99)
	at com.kms.katalon.core.webui.keyword.builtin.SelectOptionByValueKeyword.execute(SelectOptionByValueKeyword.groovy:71)
	at com.kms.katalon.core.keyword.internal.KeywordExecutor.executeKeywordForPlatform(KeywordExecutor.groovy:53)
	at com.kms.katalon.core.webui.keyword.WebUiBuiltInKeywords.selectOptionByValue(WebUiBuiltInKeywords.groovy:1138)
	at com.kms.katalon.core.webui.keyword.WebUiBuiltInKeywords$selectOptionByValue$8.call(Unknown Source)
	at org.codehaus.groovy.runtime.callsite.CallSiteArray.defaultCall(CallSiteArray.java:48)
	at org.codehaus.groovy.runtime.callsite.AbstractCallSite.call(AbstractCallSite.java:113)
	at org.codehaus.groovy.runtime.callsite.AbstractCallSite.call(AbstractCallSite.java:141)
	at Script1542225178113.run(Script1542225178113.groovy:67)
	at com.kms.katalon.core.main.ScriptEngine.run(ScriptEngine.java:183)
	at com.kms.katalon.core.main.ScriptEngine.runScriptAsRawText(ScriptEngine.java:108)
	at com.kms.katalon.core.main.TestCaseExecutor.runScript(TestCaseExecutor.java:294)
	at com.kms.katalon.core.main.TestCaseExecutor.doExecute(TestCaseExecutor.java:285)
	at com.kms.katalon.core.main.TestCaseExecutor.processExecutionPhase(TestCaseExecutor.java:264)
	at com.kms.katalon.core.main.TestCaseExecutor.accessMainPhase(TestCaseExecutor.java:256)
	at com.kms.katalon.core.main.TestCaseExecutor.execute(TestCaseExecutor.java:200)
	at com.kms.katalon.core.main.TestSuiteExecutor.accessTestCaseMainPhase(TestSuiteExecutor.java:129)
	at com.kms.katalon.core.main.TestSuiteExecutor.accessTestSuiteMainPhase(TestSuiteExecutor.java:112)
	at com.kms.katalon.core.main.TestSuiteExecutor.execute(TestSuiteExecutor.java:81)
	at com.kms.katalon.core.main.TestCaseMain.startTestSuite(TestCaseMain.java:142)
	at com.kms.katalon.core.main.TestCaseMain$startTestSuite$0.call(Unknown Source)
	at org.codehaus.groovy.runtime.callsite.CallSiteArray.defaultCall(CallSiteArray.java:48)
	at org.codehaus.groovy.runtime.callsite.AbstractCallSite.call(AbstractCallSite.java:113)
	at org.codehaus.groovy.runtime.callsite.AbstractCallSite.call(AbstractCallSite.java:141)
	at TempTestSuite1542305302868.run(TempTestSuite1542305302868.groovy:36)
	at groovy.lang.GroovyShell.runScriptOrMainOrTestOrRunnable(GroovyShell.java:263)
	at groovy.lang.GroovyShell.run(GroovyShell.java:518)
	at groovy.lang.GroovyShell.run(GroovyShell.java:507)
	at groovy.ui.GroovyMain.processOnce(GroovyMain.java:653)
	at groovy.ui.GroovyMain.run(GroovyMain.java:384)
	at groovy.ui.GroovyMain.process(GroovyMain.java:370)
	at groovy.ui.GroovyMain.processArgs(GroovyMain.java:129)
	at groovy.ui.GroovyMain.main(GroovyMain.java:109)
	at sun.reflect.NativeMethodAccessorImpl.invoke0(Native Method)
	at sun.reflect.NativeMethodAccessorImpl.invoke(NativeMethodAccessorImpl.java:62)
	at sun.reflect.DelegatingMethodAccessorImpl.invoke(DelegatingMethodAccessorImpl.java:43)
	at java.lang.reflect.Method.invoke(Method.java:498)
	at org.codehaus.groovy.tools.GroovyStarter.rootLoader(GroovyStarter.java:109)
	at org.codehaus.groovy.tools.GroovyStarter.main(GroovyStarter.java:131)
)"/>
         <system-out><![CDATA[2018-11-15 12:20:45 - [TEST_CASE][FAILED] - Test Cases/Admin Console/Poll Workers-Election Officials/Poll Workers - Manage - ADD: Test Cases/Admin Console/Poll Workers-Election Officials/Poll Workers - Manage - ADD FAILED because (of) (Stack trace: com.kms.katalon.core.exception.StepFailedException: Unable to select option by value '3292' of object 'Object Repository/Admin Console ePulse Menu/Poll Workers/Poll Workers - Manage Page/New Poll Worker/Personal Information/Select_Party'  using regular expression (Root cause: No option matched.)
	at com.kms.katalon.core.keyword.internal.KeywordMain.stepFailed(KeywordMain.groovy:36)
	at com.kms.katalon.core.webui.keyword.internal.WebUIKeywordMain.stepFailed(WebUIKeywordMain.groovy:65)
	at com.kms.katalon.core.webui.keyword.internal.WebUIKeywordMain.runKeyword(WebUIKeywordMain.groovy:27)
	at com.kms.katalon.core.webui.keyword.builtin.SelectOptionByValueKeyword.selectOptionByValue(SelectOptionByValueKeyword.groovy:99)
	at com.kms.katalon.core.webui.keyword.builtin.SelectOptionByValueKeyword.execute(SelectOptionByValueKeyword.groovy:71)
	at com.kms.katalon.core.keyword.internal.KeywordExecutor.executeKeywordForPlatform(KeywordExecutor.groovy:53)
	at com.kms.katalon.core.webui.keyword.WebUiBuiltInKeywords.selectOptionByValue(WebUiBuiltInKeywords.groovy:1138)
	at com.kms.katalon.core.webui.keyword.WebUiBuiltInKeywords$selectOptionByValue$8.call(Unknown Source)
	at org.codehaus.groovy.runtime.callsite.CallSiteArray.defaultCall(CallSiteArray.java:48)
	at org.codehaus.groovy.runtime.callsite.AbstractCallSite.call(AbstractCallSite.java:113)
	at org.codehaus.groovy.runtime.callsite.AbstractCallSite.call(AbstractCallSite.java:141)
	at Script1542225178113.run(Script1542225178113.groovy:67)
	at com.kms.katalon.core.main.ScriptEngine.run(ScriptEngine.java:183)
	at com.kms.katalon.core.main.ScriptEngine.runScriptAsRawText(ScriptEngine.java:108)
	at com.kms.katalon.core.main.TestCaseExecutor.runScript(TestCaseExecutor.java:294)
	at com.kms.katalon.core.main.TestCaseExecutor.doExecute(TestCaseExecutor.java:285)
	at com.kms.katalon.core.main.TestCaseExecutor.processExecutionPhase(TestCaseExecutor.java:264)
	at com.kms.katalon.core.main.TestCaseExecutor.accessMainPhase(TestCaseExecutor.java:256)
	at com.kms.katalon.core.main.TestCaseExecutor.execute(TestCaseExecutor.java:200)
	at com.kms.katalon.core.main.TestSuiteExecutor.accessTestCaseMainPhase(TestSuiteExecutor.java:129)
	at com.kms.katalon.core.main.TestSuiteExecutor.accessTestSuiteMainPhase(TestSuiteExecutor.java:112)
	at com.kms.katalon.core.main.TestSuiteExecutor.execute(TestSuiteExecutor.java:81)
	at com.kms.katalon.core.main.TestCaseMain.startTestSuite(TestCaseMain.java:142)
	at com.kms.katalon.core.main.TestCaseMain$startTestSuite$0.call(Unknown Source)
	at org.codehaus.groovy.runtime.callsite.CallSiteArray.defaultCall(CallSiteArray.java:48)
	at org.codehaus.groovy.runtime.callsite.AbstractCallSite.call(AbstractCallSite.java:113)
	at org.codehaus.groovy.runtime.callsite.AbstractCallSite.call(AbstractCallSite.java:141)
	at TempTestSuite1542305302868.run(TempTestSuite1542305302868.groovy:36)
	at groovy.lang.GroovyShell.runScriptOrMainOrTestOrRunnable(GroovyShell.java:263)
	at groovy.lang.GroovyShell.run(GroovyShell.java:518)
	at groovy.lang.GroovyShell.run(GroovyShell.java:507)
	at groovy.ui.GroovyMain.processOnce(GroovyMain.java:653)
	at groovy.ui.GroovyMain.run(GroovyMain.java:384)
	at groovy.ui.GroovyMain.process(GroovyMain.java:370)
	at groovy.ui.GroovyMain.processArgs(GroovyMain.java:129)
	at groovy.ui.GroovyMain.main(GroovyMain.java:109)
	at sun.reflect.NativeMethodAccessorImpl.invoke0(Native Method)
	at sun.reflect.NativeMethodAccessorImpl.invoke(NativeMethodAccessorImpl.java:62)
	at sun.reflect.DelegatingMethodAccessorImpl.invoke(DelegatingMethodAccessorImpl.java:43)
	at java.lang.reflect.Method.invoke(Method.java:498)
	at org.codehaus.groovy.tools.GroovyStarter.rootLoader(GroovyStarter.java:109)
	at org.codehaus.groovy.tools.GroovyStarter.main(GroovyStarter.java:131)
)

2018-11-15 12:20:45 - [TEST_STEP][PASSED] - openBrowser: Browser is opened with url: ''

2018-11-15 12:20:46 - [MESSAGE][PASSED] - Browser is opened with url: ''

2018-11-15 12:20:46 - [TEST_STEP][PASSED] - navigateToUrl: Navigate to 'https://epulsedev2.com' successfully

2018-11-15 12:20:47 - [MESSAGE][PASSED] - Navigate to 'https://epulsedev2.com' successfully

2018-11-15 12:20:47 - [TEST_STEP][PASSED] - setText: Text 'alonzo.mack@knowink.com' is set on object 'Object Repository/Login/Email Address'

2018-11-15 12:20:48 - [MESSAGE][PASSED] - Text 'alonzo.mack@knowink.com' is set on object 'Object Repository/Login/Email Address'

2018-11-15 12:20:48 - [TEST_STEP][PASSED] - setEncryptedText: Text ****** has been set on object 'Object Repository/Login/Password'

2018-11-15 12:20:48 - [MESSAGE][PASSED] - Text ****** has been set on object 'Object Repository/Login/Password'

2018-11-15 12:20:48 - [TEST_STEP][PASSED] - click: Object: 'Object Repository/Login/Sign In' is clicked on

2018-11-15 12:20:49 - [MESSAGE][PASSED] - Object: 'Object Repository/Login/Sign In' is clicked on

2018-11-15 12:20:49 - [TEST_STEP][PASSED] - delay: Delayed 1 second(s)

2018-11-15 12:20:50 - [MESSAGE][PASSED] - Delayed 1 second(s)

2018-11-15 12:20:50 - [TEST_STEP][PASSED] - navigateToUrl: Navigate to 'https://am-automation-test.epulsedev2.com/poll_workers' successfully

2018-11-15 12:20:51 - [MESSAGE][PASSED] - Navigate to 'https://am-automation-test.epulsedev2.com/poll_workers' successfully

2018-11-15 12:20:51 - [TEST_STEP][PASSED] - delay: Delayed 1 second(s)

2018-11-15 12:20:52 - [MESSAGE][PASSED] - Delayed 1 second(s)

2018-11-15 12:20:52 - [TEST_STEP][PASSED] - mouseOver: Object: 'Object Repository/Admin Console ePulse Menu/Poll Workers/Poll Workers - Manage Page/Poll Workers (Actions Options)/Actions' is hovered

2018-11-15 12:20:52 - [MESSAGE][PASSED] - Object: 'Object Repository/Admin Console ePulse Menu/Poll Workers/Poll Workers - Manage Page/Poll Workers (Actions Options)/Actions' is hovered

2018-11-15 12:20:52 - [TEST_STEP][PASSED] - delay: Delayed 1 second(s)

2018-11-15 12:20:54 - [MESSAGE][PASSED] - Delayed 1 second(s)

2018-11-15 12:20:54 - [TEST_STEP][PASSED] - click: Object: 'Object Repository/Admin Console ePulse Menu/Poll Workers/Poll Workers - Manage Page/Poll Workers (Actions Options)/Add Poll Worker' is clicked on

2018-11-15 12:20:55 - [MESSAGE][PASSED] - Object: 'Object Repository/Admin Console ePulse Menu/Poll Workers/Poll Workers - Manage Page/Poll Workers (Actions Options)/Add Poll Worker' is clicked on

2018-11-15 12:20:55 - [TEST_STEP][PASSED] - delay: Delayed 1 second(s)

2018-11-15 12:20:56 - [MESSAGE][PASSED] - Delayed 1 second(s)

2018-11-15 12:20:56 - [TEST_STEP][PASSED] - click: Object: 'Object Repository/Admin Console ePulse Menu/Poll Workers/Poll Workers - Manage Page/New Poll Worker/Personal Information/Personal Information dropdown' is clicked on

2018-11-15 12:20:56 - [MESSAGE][PASSED] - Object: 'Object Repository/Admin Console ePulse Menu/Poll Workers/Poll Workers - Manage Page/New Poll Worker/Personal Information/Personal Information dropdown' is clicked on

2018-11-15 12:20:56 - [TEST_STEP][PASSED] - delay: Delayed 1 second(s)

2018-11-15 12:20:57 - [MESSAGE][PASSED] - Delayed 1 second(s)

2018-11-15 12:20:57 - [TEST_STEP][PASSED] - setText: Text 'poll' is set on object 'Object Repository/Admin Console ePulse Menu/Poll Workers/Poll Workers - Manage Page/New Poll Worker/Personal Information/input_First Name'

2018-11-15 12:20:57 - [MESSAGE][PASSED] - Text 'poll' is set on object 'Object Repository/Admin Console ePulse Menu/Poll Workers/Poll Workers - Manage Page/New Poll Worker/Personal Information/input_First Name'

2018-11-15 12:20:57 - [TEST_STEP][PASSED] - delay: Delayed 1 second(s)

2018-11-15 12:20:58 - [MESSAGE][PASSED] - Delayed 1 second(s)

2018-11-15 12:20:58 - [TEST_STEP][PASSED] - setText: Text 'worker' is set on object 'Object Repository/Admin Console ePulse Menu/Poll Workers/Poll Workers - Manage Page/New Poll Worker/Personal Information/input_Last Name'

2018-11-15 12:20:58 - [MESSAGE][PASSED] - Text 'worker' is set on object 'Object Repository/Admin Console ePulse Menu/Poll Workers/Poll Workers - Manage Page/New Poll Worker/Personal Information/input_Last Name'

2018-11-15 12:20:58 - [TEST_STEP][PASSED] - delay: Delayed 1 second(s)

2018-11-15 12:20:59 - [MESSAGE][PASSED] - Delayed 1 second(s)

2018-11-15 12:20:59 - [TEST_STEP][FAILED] - selectOptionByValue: Unable to select option by value '3292' of object 'Object Repository/Admin Console ePulse Menu/Poll Workers/Poll Workers - Manage Page/New Poll Worker/Personal Information/Select_Party'  using regular expression (Root cause: No option matched.)

2018-11-15 12:20:59 - [MESSAGE][FAILED] - No option matched.

2018-11-15 12:20:59 - [MESSAGE][FAILED] - Unable to select option by value '3292' of object 'Object Repository/Admin Console ePulse Menu/Poll Workers/Poll Workers - Manage Page/New Poll Worker/Personal Information/Select_Party'  using regular expression (Root cause: No option matched.)
[[ATTACHMENT|/Users/alonzomack/Katalon Studio/Regression/Reports/New Test Suite/20181115_120822/1542306059692.png]]]]></system-out>
         <system-err><![CDATA[2018-11-15 12:20:45 - [TEST_CASE][FAILED] - Test Cases/Admin Console/Poll Workers-Election Officials/Poll Workers - Manage - ADD: Test Cases/Admin Console/Poll Workers-Election Officials/Poll Workers - Manage - ADD FAILED because (of) (Stack trace: com.kms.katalon.core.exception.StepFailedException: Unable to select option by value '3292' of object 'Object Repository/Admin Console ePulse Menu/Poll Workers/Poll Workers - Manage Page/New Poll Worker/Personal Information/Select_Party'  using regular expression (Root cause: No option matched.)
	at com.kms.katalon.core.keyword.internal.KeywordMain.stepFailed(KeywordMain.groovy:36)
	at com.kms.katalon.core.webui.keyword.internal.WebUIKeywordMain.stepFailed(WebUIKeywordMain.groovy:65)
	at com.kms.katalon.core.webui.keyword.internal.WebUIKeywordMain.runKeyword(WebUIKeywordMain.groovy:27)
	at com.kms.katalon.core.webui.keyword.builtin.SelectOptionByValueKeyword.selectOptionByValue(SelectOptionByValueKeyword.groovy:99)
	at com.kms.katalon.core.webui.keyword.builtin.SelectOptionByValueKeyword.execute(SelectOptionByValueKeyword.groovy:71)
	at com.kms.katalon.core.keyword.internal.KeywordExecutor.executeKeywordForPlatform(KeywordExecutor.groovy:53)
	at com.kms.katalon.core.webui.keyword.WebUiBuiltInKeywords.selectOptionByValue(WebUiBuiltInKeywords.groovy:1138)
	at com.kms.katalon.core.webui.keyword.WebUiBuiltInKeywords$selectOptionByValue$8.call(Unknown Source)
	at org.codehaus.groovy.runtime.callsite.CallSiteArray.defaultCall(CallSiteArray.java:48)
	at org.codehaus.groovy.runtime.callsite.AbstractCallSite.call(AbstractCallSite.java:113)
	at org.codehaus.groovy.runtime.callsite.AbstractCallSite.call(AbstractCallSite.java:141)
	at Script1542225178113.run(Script1542225178113.groovy:67)
	at com.kms.katalon.core.main.ScriptEngine.run(ScriptEngine.java:183)
	at com.kms.katalon.core.main.ScriptEngine.runScriptAsRawText(ScriptEngine.java:108)
	at com.kms.katalon.core.main.TestCaseExecutor.runScript(TestCaseExecutor.java:294)
	at com.kms.katalon.core.main.TestCaseExecutor.doExecute(TestCaseExecutor.java:285)
	at com.kms.katalon.core.main.TestCaseExecutor.processExecutionPhase(TestCaseExecutor.java:264)
	at com.kms.katalon.core.main.TestCaseExecutor.accessMainPhase(TestCaseExecutor.java:256)
	at com.kms.katalon.core.main.TestCaseExecutor.execute(TestCaseExecutor.java:200)
	at com.kms.katalon.core.main.TestSuiteExecutor.accessTestCaseMainPhase(TestSuiteExecutor.java:129)
	at com.kms.katalon.core.main.TestSuiteExecutor.accessTestSuiteMainPhase(TestSuiteExecutor.java:112)
	at com.kms.katalon.core.main.TestSuiteExecutor.execute(TestSuiteExecutor.java:81)
	at com.kms.katalon.core.main.TestCaseMain.startTestSuite(TestCaseMain.java:142)
	at com.kms.katalon.core.main.TestCaseMain$startTestSuite$0.call(Unknown Source)
	at org.codehaus.groovy.runtime.callsite.CallSiteArray.defaultCall(CallSiteArray.java:48)
	at org.codehaus.groovy.runtime.callsite.AbstractCallSite.call(AbstractCallSite.java:113)
	at org.codehaus.groovy.runtime.callsite.AbstractCallSite.call(AbstractCallSite.java:141)
	at TempTestSuite1542305302868.run(TempTestSuite1542305302868.groovy:36)
	at groovy.lang.GroovyShell.runScriptOrMainOrTestOrRunnable(GroovyShell.java:263)
	at groovy.lang.GroovyShell.run(GroovyShell.java:518)
	at groovy.lang.GroovyShell.run(GroovyShell.java:507)
	at groovy.ui.GroovyMain.processOnce(GroovyMain.java:653)
	at groovy.ui.GroovyMain.run(GroovyMain.java:384)
	at groovy.ui.GroovyMain.process(GroovyMain.java:370)
	at groovy.ui.GroovyMain.processArgs(GroovyMain.java:129)
	at groovy.ui.GroovyMain.main(GroovyMain.java:109)
	at sun.reflect.NativeMethodAccessorImpl.invoke0(Native Method)
	at sun.reflect.NativeMethodAccessorImpl.invoke(NativeMethodAccessorImpl.java:62)
	at sun.reflect.DelegatingMethodAccessorImpl.invoke(DelegatingMethodAccessorImpl.java:43)
	at java.lang.reflect.Method.invoke(Method.java:498)
	at org.codehaus.groovy.tools.GroovyStarter.rootLoader(GroovyStarter.java:109)
	at org.codehaus.groovy.tools.GroovyStarter.main(GroovyStarter.java:131)
)]]></system-err>
      </testcase>
      <testcase name="Test Cases/Admin Console/Poll Workers-Election Officials/Poll Workers - Manage - Import" classname="Test Cases/Admin Console/Poll Workers-Election Officials/Poll Workers - Manage - Import" status="PASSED">
         <system-out><![CDATA[2018-11-15 12:20:59 - [TEST_CASE][PASSED] - Test Cases/Admin Console/Poll Workers-Election Officials/Poll Workers - Manage - Import: Test Cases/Admin Console/Poll Workers-Election Officials/Poll Workers - Manage - Import

2018-11-15 12:21:00 - [TEST_STEP][PASSED] - openBrowser: Browser is opened with url: ''

2018-11-15 12:21:00 - [MESSAGE][WARNING] - A browser is already opened. Closing browser and opening a new one

2018-11-15 12:21:01 - [MESSAGE][PASSED] - Browser is opened with url: ''

2018-11-15 12:21:01 - [TEST_STEP][PASSED] - navigateToUrl: Navigate to 'https://epulsedev2.com' successfully

2018-11-15 12:21:02 - [MESSAGE][PASSED] - Navigate to 'https://epulsedev2.com' successfully

2018-11-15 12:21:02 - [TEST_STEP][PASSED] - setText: Text 'alonzo.mack@knowink.com' is set on object 'Object Repository/Login/Email Address'

2018-11-15 12:21:02 - [MESSAGE][PASSED] - Text 'alonzo.mack@knowink.com' is set on object 'Object Repository/Login/Email Address'

2018-11-15 12:21:02 - [TEST_STEP][PASSED] - setEncryptedText: Text ****** has been set on object 'Object Repository/Login/Password'

2018-11-15 12:21:03 - [MESSAGE][PASSED] - Text ****** has been set on object 'Object Repository/Login/Password'

2018-11-15 12:21:03 - [TEST_STEP][PASSED] - click: Object: 'Object Repository/Login/Sign In' is clicked on

2018-11-15 12:21:04 - [MESSAGE][PASSED] - Object: 'Object Repository/Login/Sign In' is clicked on

2018-11-15 12:21:04 - [TEST_STEP][PASSED] - delay: Delayed 1 second(s)

2018-11-15 12:21:05 - [MESSAGE][PASSED] - Delayed 1 second(s)

2018-11-15 12:21:05 - [TEST_STEP][PASSED] - navigateToUrl: Navigate to 'https://am-automation-test.epulsedev2.com/poll_workers' successfully

2018-11-15 12:21:09 - [MESSAGE][PASSED] - Navigate to 'https://am-automation-test.epulsedev2.com/poll_workers' successfully

2018-11-15 12:21:09 - [TEST_STEP][PASSED] - delay: Delayed 1 second(s)

2018-11-15 12:21:10 - [MESSAGE][PASSED] - Delayed 1 second(s)

2018-11-15 12:21:10 - [TEST_STEP][PASSED] - click: Object: 'Object Repository/Admin Console ePulse Menu/Poll Workers/Poll Workers - Manage Page/Import Poll Workers' is clicked on

2018-11-15 12:21:12 - [MESSAGE][PASSED] - Object: 'Object Repository/Admin Console ePulse Menu/Poll Workers/Poll Workers - Manage Page/Import Poll Workers' is clicked on

2018-11-15 12:21:12 - [TEST_STEP][PASSED] - setText: Text '/Users/alonzomack/Downloads/Automation uploads/poll_workers.csv' is set on object 'Object Repository/Admin Console ePulse Menu/Account Settings/Prompts/Import Prompts Buttons/Choose File'

2018-11-15 12:21:12 - [MESSAGE][PASSED] - Text '/Users/alonzomack/Downloads/Automation uploads/poll_workers.csv' is set on object 'Object Repository/Admin Console ePulse Menu/Account Settings/Prompts/Import Prompts Buttons/Choose File'

2018-11-15 12:21:12 - [TEST_STEP][PASSED] - click: Object: 'Object Repository/Admin Console ePulse Menu/Account Settings/Prompts/Import Prompts Buttons/Continue Button' is clicked on

2018-11-15 12:21:12 - [MESSAGE][PASSED] - Object: 'Object Repository/Admin Console ePulse Menu/Account Settings/Prompts/Import Prompts Buttons/Continue Button' is clicked on

2018-11-15 12:21:12 - [TEST_STEP][PASSED] - delay: Delayed 1 second(s)

2018-11-15 12:21:13 - [MESSAGE][PASSED] - Delayed 1 second(s)

2018-11-15 12:21:13 - [TEST_STEP][PASSED] - click: Object: 'Object Repository/Admin Console ePulse Menu/Account Settings/Prompts/Import Prompts Buttons/button_Done(working)' is clicked on

2018-11-15 12:21:18 - [MESSAGE][PASSED] - Object: 'Object Repository/Admin Console ePulse Menu/Account Settings/Prompts/Import Prompts Buttons/button_Done(working)' is clicked on

2018-11-15 12:21:18 - [TEST_STEP][PASSED] - delay: Delayed 1 second(s)

2018-11-15 12:21:19 - [MESSAGE][PASSED] - Delayed 1 second(s)

2018-11-15 12:21:19 - [TEST_STEP][PASSED] - closeBrowser: Browser is closed

2018-11-15 12:21:19 - [MESSAGE][PASSED] - Browser is closed]]></system-out>
         <system-err><![CDATA[]]></system-err>
      </testcase>
      <testcase name="Test Cases/Admin Console/Poll Workers-Election Officials/POLL WORKER - CLASSES" classname="Test Cases/Admin Console/Poll Workers-Election Officials/POLL WORKER - CLASSES" status="PASSED">
         <system-out><![CDATA[2018-11-15 12:21:19 - [TEST_CASE][PASSED] - Test Cases/Admin Console/Poll Workers-Election Officials/POLL WORKER - CLASSES: Test Cases/Admin Console/Poll Workers-Election Officials/POLL WORKER - CLASSES

2018-11-15 12:21:20 - [TEST_STEP][PASSED] - openBrowser: Browser is opened with url: ''

2018-11-15 12:21:20 - [MESSAGE][PASSED] - Browser is opened with url: ''

2018-11-15 12:21:20 - [TEST_STEP][PASSED] - navigateToUrl: Navigate to 'https://epulsedev2.com' successfully

2018-11-15 12:21:22 - [MESSAGE][PASSED] - Navigate to 'https://epulsedev2.com' successfully

2018-11-15 12:21:22 - [TEST_STEP][PASSED] - setText: Text 'alonzo.mack@knowink.com' is set on object 'Object Repository/Login/Email Address'

2018-11-15 12:21:23 - [MESSAGE][PASSED] - Text 'alonzo.mack@knowink.com' is set on object 'Object Repository/Login/Email Address'

2018-11-15 12:21:23 - [TEST_STEP][PASSED] - setEncryptedText: Text ****** has been set on object 'Object Repository/Login/Password'

2018-11-15 12:21:23 - [MESSAGE][PASSED] - Text ****** has been set on object 'Object Repository/Login/Password'

2018-11-15 12:21:23 - [TEST_STEP][PASSED] - click: Object: 'Object Repository/Login/Sign In' is clicked on

2018-11-15 12:21:24 - [MESSAGE][PASSED] - Object: 'Object Repository/Login/Sign In' is clicked on

2018-11-15 12:21:24 - [TEST_STEP][PASSED] - delay: Delayed 1 second(s)

2018-11-15 12:21:25 - [MESSAGE][PASSED] - Delayed 1 second(s)

2018-11-15 12:21:25 - [TEST_STEP][PASSED] - delay: Delayed 1 second(s)

2018-11-15 12:21:26 - [MESSAGE][PASSED] - Delayed 1 second(s)

2018-11-15 12:21:26 - [TEST_STEP][PASSED] - navigateToUrl: Navigate to 'https://am-automation-test.epulsedev2.com/poll_worker_classes/new' successfully

2018-11-15 12:21:27 - [MESSAGE][PASSED] - Navigate to 'https://am-automation-test.epulsedev2.com/poll_worker_classes/new' successfully

2018-11-15 12:21:27 - [TEST_STEP][PASSED] - delay: Delayed 1 second(s)

2018-11-15 12:21:28 - [MESSAGE][PASSED] - Delayed 1 second(s)

2018-11-15 12:21:28 - [TEST_STEP][PASSED] - delay: Delayed 1 second(s)

2018-11-15 12:21:29 - [MESSAGE][PASSED] - Delayed 1 second(s)

2018-11-15 12:21:29 - [TEST_STEP][PASSED] - click: Object: 'Object Repository/Admin Console ePulse Menu/Poll Workers/New Poll Worker Class/Class Information/Class Information dropdown' is clicked on

2018-11-15 12:21:29 - [MESSAGE][PASSED] - Object: 'Object Repository/Admin Console ePulse Menu/Poll Workers/New Poll Worker Class/Class Information/Class Information dropdown' is clicked on

2018-11-15 12:21:29 - [TEST_STEP][PASSED] - delay: Delayed 1 second(s)

2018-11-15 12:21:30 - [MESSAGE][PASSED] - Delayed 1 second(s)

2018-11-15 12:21:30 - [TEST_STEP][PASSED] - setText: Text 'Name' is set on object 'Object Repository/Admin Console ePulse Menu/Poll Workers/New Poll Worker Class/Class Information/Name'

2018-11-15 12:21:30 - [MESSAGE][PASSED] - Text 'Name' is set on object 'Object Repository/Admin Console ePulse Menu/Poll Workers/New Poll Worker Class/Class Information/Name'

2018-11-15 12:21:30 - [TEST_STEP][PASSED] - delay: Delayed 1 second(s)

2018-11-15 12:21:31 - [MESSAGE][PASSED] - Delayed 1 second(s)

2018-11-15 12:21:31 - [TEST_STEP][PASSED] - setText: Text 'Instructor' is set on object 'Object Repository/Admin Console ePulse Menu/Poll Workers/New Poll Worker Class/Class Information/Instructor'

2018-11-15 12:21:31 - [MESSAGE][PASSED] - Text 'Instructor' is set on object 'Object Repository/Admin Console ePulse Menu/Poll Workers/New Poll Worker Class/Class Information/Instructor'

2018-11-15 12:21:31 - [TEST_STEP][PASSED] - delay: Delayed 1 second(s)

2018-11-15 12:21:32 - [MESSAGE][PASSED] - Delayed 1 second(s)

2018-11-15 12:21:32 - [TEST_STEP][PASSED] - setText: Text 'Location' is set on object 'Object Repository/Admin Console ePulse Menu/Poll Workers/New Poll Worker Class/Address Information/Location'

2018-11-15 12:21:33 - [MESSAGE][PASSED] - Text 'Location' is set on object 'Object Repository/Admin Console ePulse Menu/Poll Workers/New Poll Worker Class/Address Information/Location'

2018-11-15 12:21:33 - [TEST_STEP][PASSED] - delay: Delayed 1 second(s)

2018-11-15 12:21:34 - [MESSAGE][PASSED] - Delayed 1 second(s)

2018-11-15 12:21:34 - [TEST_STEP][PASSED] - doubleClick: Object: 'Object Repository/Admin Console ePulse Menu/Poll Workers/New Poll Worker Class/Class Information/Date' is double clicked on

2018-11-15 12:21:34 - [MESSAGE][PASSED] - Object: 'Object Repository/Admin Console ePulse Menu/Poll Workers/New Poll Worker Class/Class Information/Date' is double clicked on

2018-11-15 12:21:34 - [TEST_STEP][PASSED] - delay: Delayed 1 second(s)

2018-11-15 12:21:35 - [MESSAGE][PASSED] - Delayed 1 second(s)

2018-11-15 12:21:35 - [TEST_STEP][PASSED] - setText: Text '10' is set on object 'Object Repository/Admin Console ePulse Menu/Poll Workers/New Poll Worker Class/Class Information/Rate'

2018-11-15 12:21:35 - [MESSAGE][PASSED] - Text '10' is set on object 'Object Repository/Admin Console ePulse Menu/Poll Workers/New Poll Worker Class/Class Information/Rate'

2018-11-15 12:21:35 - [TEST_STEP][PASSED] - delay: Delayed 1 second(s)

2018-11-15 12:21:36 - [MESSAGE][PASSED] - Delayed 1 second(s)

2018-11-15 12:21:36 - [TEST_STEP][PASSED] - setText: Text 'Descipt' is set on object 'Object Repository/Admin Console ePulse Menu/Poll Workers/New Poll Worker Class/Class Information/Class Description'

2018-11-15 12:21:36 - [MESSAGE][PASSED] - Text 'Descipt' is set on object 'Object Repository/Admin Console ePulse Menu/Poll Workers/New Poll Worker Class/Class Information/Class Description'

2018-11-15 12:21:36 - [TEST_STEP][PASSED] - delay: Delayed 1 second(s)

2018-11-15 12:21:37 - [MESSAGE][PASSED] - Delayed 1 second(s)

2018-11-15 12:21:37 - [TEST_STEP][PASSED] - click: Object: 'Object Repository/Admin Console ePulse Menu/Poll Workers/New Poll Worker Class/Address Information/Address Information dropdown' is clicked on

2018-11-15 12:21:37 - [MESSAGE][PASSED] - Object: 'Object Repository/Admin Console ePulse Menu/Poll Workers/New Poll Worker Class/Address Information/Address Information dropdown' is clicked on

2018-11-15 12:21:37 - [TEST_STEP][PASSED] - delay: Delayed 1 second(s)

2018-11-15 12:21:38 - [MESSAGE][PASSED] - Delayed 1 second(s)

2018-11-15 12:21:38 - [TEST_STEP][PASSED] - setText: Text '123' is set on object 'Object Repository/Admin Console ePulse Menu/Poll Workers/New Poll Worker Class/Address Information/Address1'

2018-11-15 12:21:38 - [MESSAGE][PASSED] - Text '123' is set on object 'Object Repository/Admin Console ePulse Menu/Poll Workers/New Poll Worker Class/Address Information/Address1'

2018-11-15 12:21:38 - [TEST_STEP][PASSED] - delay: Delayed 1 second(s)

2018-11-15 12:21:39 - [MESSAGE][PASSED] - Delayed 1 second(s)

2018-11-15 12:21:39 - [TEST_STEP][PASSED] - setText: Text 'abc' is set on object 'Object Repository/Admin Console ePulse Menu/Poll Workers/New Poll Worker Class/Address Information/Address2'

2018-11-15 12:21:39 - [MESSAGE][PASSED] - Text 'abc' is set on object 'Object Repository/Admin Console ePulse Menu/Poll Workers/New Poll Worker Class/Address Information/Address2'

2018-11-15 12:21:39 - [TEST_STEP][PASSED] - delay: Delayed 1 second(s)

2018-11-15 12:21:40 - [MESSAGE][PASSED] - Delayed 1 second(s)

2018-11-15 12:21:40 - [TEST_STEP][PASSED] - setText: Text 'abc' is set on object 'Object Repository/Admin Console ePulse Menu/Poll Workers/New Poll Worker Class/Address Information/City'

2018-11-15 12:21:40 - [MESSAGE][PASSED] - Text 'abc' is set on object 'Object Repository/Admin Console ePulse Menu/Poll Workers/New Poll Worker Class/Address Information/City'

2018-11-15 12:21:40 - [TEST_STEP][PASSED] - delay: Delayed 1 second(s)

2018-11-15 12:21:41 - [MESSAGE][PASSED] - Delayed 1 second(s)

2018-11-15 12:21:41 - [TEST_STEP][PASSED] - setText: Text 'ab' is set on object 'Object Repository/Admin Console ePulse Menu/Poll Workers/New Poll Worker Class/Address Information/State'

2018-11-15 12:21:41 - [MESSAGE][PASSED] - Text 'ab' is set on object 'Object Repository/Admin Console ePulse Menu/Poll Workers/New Poll Worker Class/Address Information/State'

2018-11-15 12:21:41 - [TEST_STEP][PASSED] - delay: Delayed 1 second(s)

2018-11-15 12:21:42 - [MESSAGE][PASSED] - Delayed 1 second(s)

2018-11-15 12:21:42 - [TEST_STEP][PASSED] - setText: Text '62232' is set on object 'Object Repository/Admin Console ePulse Menu/Poll Workers/New Poll Worker Class/Address Information/Zip'

2018-11-15 12:21:42 - [MESSAGE][PASSED] - Text '62232' is set on object 'Object Repository/Admin Console ePulse Menu/Poll Workers/New Poll Worker Class/Address Information/Zip'

2018-11-15 12:21:42 - [TEST_STEP][PASSED] - delay: Delayed 1 second(s)

2018-11-15 12:21:43 - [MESSAGE][PASSED] - Delayed 1 second(s)

2018-11-15 12:21:43 - [TEST_STEP][PASSED] - click: Object: 'Object Repository/Admin Console ePulse Menu/Poll Workers/New Poll Worker Class/Submit' is clicked on

2018-11-15 12:21:45 - [MESSAGE][PASSED] - Object: 'Object Repository/Admin Console ePulse Menu/Poll Workers/New Poll Worker Class/Submit' is clicked on

2018-11-15 12:21:45 - [TEST_STEP][PASSED] - closeBrowser: Browser is closed

2018-11-15 12:21:45 - [MESSAGE][PASSED] - Browser is closed]]></system-out>
         <system-err><![CDATA[]]></system-err>
      </testcase>
      <testcase name="Test Cases/SuperAdminConsole/Poll Pads/PollPad - Filter by Account" classname="Test Cases/SuperAdminConsole/Poll Pads/PollPad - Filter by Account" status="PASSED">
         <system-out><![CDATA[2018-11-15 12:21:45 - [TEST_CASE][PASSED] - Test Cases/SuperAdminConsole/Poll Pads/PollPad - Filter by Account: Test Cases/SuperAdminConsole/Poll Pads/PollPad - Filter by Account

2018-11-15 12:21:45 - [TEST_STEP][PASSED] - openBrowser: Browser is opened with url: 'https://epulsedev2.com'

2018-11-15 12:21:48 - [MESSAGE][PASSED] - Browser is opened with url: 'https://epulsedev2.com'

2018-11-15 12:21:48 - [TEST_STEP][PASSED] - openBrowser: Browser is opened with url: ''

2018-11-15 12:21:48 - [MESSAGE][WARNING] - A browser is already opened. Closing browser and opening a new one

2018-11-15 12:21:49 - [MESSAGE][PASSED] - Browser is opened with url: ''

2018-11-15 12:21:49 - [TEST_STEP][PASSED] - navigateToUrl: Navigate to 'https://epulsedev2.com' successfully

2018-11-15 12:21:54 - [MESSAGE][PASSED] - Navigate to 'https://epulsedev2.com' successfully

2018-11-15 12:21:54 - [TEST_STEP][PASSED] - setText: Text 'alonzo.mack@knowink.com' is set on object 'Object Repository/Login/Email Address'

2018-11-15 12:21:54 - [MESSAGE][PASSED] - Text 'alonzo.mack@knowink.com' is set on object 'Object Repository/Login/Email Address'

2018-11-15 12:21:54 - [TEST_STEP][PASSED] - setEncryptedText: Text ****** has been set on object 'Object Repository/Login/Password'

2018-11-15 12:21:54 - [MESSAGE][PASSED] - Text ****** has been set on object 'Object Repository/Login/Password'

2018-11-15 12:21:54 - [TEST_STEP][PASSED] - click: Object: 'Object Repository/Login/Sign In' is clicked on

2018-11-15 12:21:55 - [MESSAGE][PASSED] - Object: 'Object Repository/Login/Sign In' is clicked on

2018-11-15 12:21:55 - [TEST_STEP][PASSED] - delay: Delayed 1 second(s)

2018-11-15 12:21:56 - [MESSAGE][PASSED] - Delayed 1 second(s)

2018-11-15 12:21:56 - [TEST_STEP][PASSED] - click: Object: 'Object Repository/SuperAdminConsole/Poll Pads/POLL PADS link' is clicked on

2018-11-15 12:21:58 - [MESSAGE][PASSED] - Object: 'Object Repository/SuperAdminConsole/Poll Pads/POLL PADS link' is clicked on

2018-11-15 12:21:58 - [TEST_STEP][PASSED] - delay: Delayed 1 second(s)

2018-11-15 12:21:59 - [MESSAGE][PASSED] - Delayed 1 second(s)

2018-11-15 12:21:59 - [TEST_STEP][PASSED] - click: Object: 'Object Repository/SuperAdminConsole/Poll Pads/Poll Pads Account Filter/Account Filter' is clicked on

2018-11-15 12:21:59 - [MESSAGE][PASSED] - Object: 'Object Repository/SuperAdminConsole/Poll Pads/Poll Pads Account Filter/Account Filter' is clicked on

2018-11-15 12:21:59 - [TEST_STEP][PASSED] - click: Object: 'Object Repository/SuperAdminConsole/Poll Pads/Poll Pads Account Filter/dropdown' is clicked on

2018-11-15 12:21:59 - [MESSAGE][PASSED] - Object: 'Object Repository/SuperAdminConsole/Poll Pads/Poll Pads Account Filter/dropdown' is clicked on

2018-11-15 12:21:59 - [TEST_STEP][PASSED] - click: Object: 'Object Repository/SuperAdminConsole/Poll Pads/Poll Pads Account Filter/Filter_AM-Canada' is clicked on

2018-11-15 12:21:59 - [MESSAGE][PASSED] - Object: 'Object Repository/SuperAdminConsole/Poll Pads/Poll Pads Account Filter/Filter_AM-Canada' is clicked on

2018-11-15 12:21:59 - [TEST_STEP][PASSED] - delay: Delayed 1 second(s)

2018-11-15 12:22:00 - [MESSAGE][PASSED] - Delayed 1 second(s)

2018-11-15 12:22:00 - [TEST_STEP][PASSED] - click: Object: 'Object Repository/Common ePulse Objects/Apply Filters' is clicked on

2018-11-15 12:22:00 - [MESSAGE][PASSED] - Object: 'Object Repository/Common ePulse Objects/Apply Filters' is clicked on

2018-11-15 12:22:00 - [TEST_STEP][PASSED] - delay: Delayed 1 second(s)

2018-11-15 12:22:01 - [MESSAGE][PASSED] - Delayed 1 second(s)

2018-11-15 12:22:01 - [TEST_STEP][PASSED] - click: Object: 'Object Repository/SuperAdminConsole/Poll Pads/Poll Pads Account Filter/Remove_Account AM-Canada_Filter' is clicked on

2018-11-15 12:22:01 - [MESSAGE][PASSED] - Object: 'Object Repository/SuperAdminConsole/Poll Pads/Poll Pads Account Filter/Remove_Account AM-Canada_Filter' is clicked on

2018-11-15 12:22:01 - [TEST_STEP][PASSED] - delay: Delayed 1 second(s)

2018-11-15 12:22:02 - [MESSAGE][PASSED] - Delayed 1 second(s)

2018-11-15 12:22:02 - [TEST_STEP][PASSED] - closeBrowser: Browser is closed

2018-11-15 12:22:02 - [MESSAGE][PASSED] - Browser is closed]]></system-out>
         <system-err><![CDATA[]]></system-err>
      </testcase>
      <testcase name="Test Cases/SuperAdminConsole/Users/SuperAdmin User - Filter by User Type" classname="Test Cases/SuperAdminConsole/Users/SuperAdmin User - Filter by User Type" status="FAILED">
         <failure type="FAILED" message="(Stack trace: com.kms.katalon.core.exception.StepFailedException: Unable to accept alert (Root cause: No alert found)
	at com.kms.katalon.core.keyword.internal.KeywordMain.stepFailed(KeywordMain.groovy:36)
	at com.kms.katalon.core.webui.keyword.internal.WebUIKeywordMain.stepFailed(WebUIKeywordMain.groovy:65)
	at com.kms.katalon.core.webui.keyword.internal.WebUIKeywordMain.runKeyword(WebUIKeywordMain.groovy:27)
	at com.kms.katalon.core.webui.keyword.builtin.AcceptAlertKeyword.acceptAlert(AcceptAlertKeyword.groovy:71)
	at com.kms.katalon.core.webui.keyword.builtin.AcceptAlertKeyword.execute(AcceptAlertKeyword.groovy:66)
	at com.kms.katalon.core.keyword.internal.KeywordExecutor.executeKeywordForPlatform(KeywordExecutor.groovy:53)
	at com.kms.katalon.core.webui.keyword.WebUiBuiltInKeywords.acceptAlert(WebUiBuiltInKeywords.groovy:1492)
	at com.kms.katalon.core.webui.keyword.WebUiBuiltInKeywords$acceptAlert$6.call(Unknown Source)
	at org.codehaus.groovy.runtime.callsite.CallSiteArray.defaultCall(CallSiteArray.java:48)
	at org.codehaus.groovy.runtime.callsite.AbstractCallSite.call(AbstractCallSite.java:113)
	at org.codehaus.groovy.runtime.callsite.AbstractCallSite.call(AbstractCallSite.java:117)
	at Script1540845493063.run(Script1540845493063.groovy:69)
	at com.kms.katalon.core.main.ScriptEngine.run(ScriptEngine.java:183)
	at com.kms.katalon.core.main.ScriptEngine.runScriptAsRawText(ScriptEngine.java:108)
	at com.kms.katalon.core.main.TestCaseExecutor.runScript(TestCaseExecutor.java:294)
	at com.kms.katalon.core.main.TestCaseExecutor.doExecute(TestCaseExecutor.java:285)
	at com.kms.katalon.core.main.TestCaseExecutor.processExecutionPhase(TestCaseExecutor.java:264)
	at com.kms.katalon.core.main.TestCaseExecutor.accessMainPhase(TestCaseExecutor.java:256)
	at com.kms.katalon.core.main.TestCaseExecutor.execute(TestCaseExecutor.java:200)
	at com.kms.katalon.core.main.TestSuiteExecutor.accessTestCaseMainPhase(TestSuiteExecutor.java:129)
	at com.kms.katalon.core.main.TestSuiteExecutor.accessTestSuiteMainPhase(TestSuiteExecutor.java:112)
	at com.kms.katalon.core.main.TestSuiteExecutor.execute(TestSuiteExecutor.java:81)
	at com.kms.katalon.core.main.TestCaseMain.startTestSuite(TestCaseMain.java:142)
	at com.kms.katalon.core.main.TestCaseMain$startTestSuite$0.call(Unknown Source)
	at org.codehaus.groovy.runtime.callsite.CallSiteArray.defaultCall(CallSiteArray.java:48)
	at org.codehaus.groovy.runtime.callsite.AbstractCallSite.call(AbstractCallSite.java:113)
	at org.codehaus.groovy.runtime.callsite.AbstractCallSite.call(AbstractCallSite.java:141)
	at TempTestSuite1542305302868.run(TempTestSuite1542305302868.groovy:36)
	at groovy.lang.GroovyShell.runScriptOrMainOrTestOrRunnable(GroovyShell.java:263)
	at groovy.lang.GroovyShell.run(GroovyShell.java:518)
	at groovy.lang.GroovyShell.run(GroovyShell.java:507)
	at groovy.ui.GroovyMain.processOnce(GroovyMain.java:653)
	at groovy.ui.GroovyMain.run(GroovyMain.java:384)
	at groovy.ui.GroovyMain.process(GroovyMain.java:370)
	at groovy.ui.GroovyMain.processArgs(GroovyMain.java:129)
	at groovy.ui.GroovyMain.main(GroovyMain.java:109)
	at sun.reflect.NativeMethodAccessorImpl.invoke0(Native Method)
	at sun.reflect.NativeMethodAccessorImpl.invoke(NativeMethodAccessorImpl.java:62)
	at sun.reflect.DelegatingMethodAccessorImpl.invoke(DelegatingMethodAccessorImpl.java:43)
	at java.lang.reflect.Method.invoke(Method.java:498)
	at org.codehaus.groovy.tools.GroovyStarter.rootLoader(GroovyStarter.java:109)
	at org.codehaus.groovy.tools.GroovyStarter.main(GroovyStarter.java:131)
)"/>
         <system-out><![CDATA[2018-11-15 12:22:02 - [TEST_CASE][FAILED] - Test Cases/SuperAdminConsole/Users/SuperAdmin User - Filter by User Type: Test Cases/SuperAdminConsole/Users/SuperAdmin User - Filter by User Type FAILED because (of) (Stack trace: com.kms.katalon.core.exception.StepFailedException: Unable to accept alert (Root cause: No alert found)
	at com.kms.katalon.core.keyword.internal.KeywordMain.stepFailed(KeywordMain.groovy:36)
	at com.kms.katalon.core.webui.keyword.internal.WebUIKeywordMain.stepFailed(WebUIKeywordMain.groovy:65)
	at com.kms.katalon.core.webui.keyword.internal.WebUIKeywordMain.runKeyword(WebUIKeywordMain.groovy:27)
	at com.kms.katalon.core.webui.keyword.builtin.AcceptAlertKeyword.acceptAlert(AcceptAlertKeyword.groovy:71)
	at com.kms.katalon.core.webui.keyword.builtin.AcceptAlertKeyword.execute(AcceptAlertKeyword.groovy:66)
	at com.kms.katalon.core.keyword.internal.KeywordExecutor.executeKeywordForPlatform(KeywordExecutor.groovy:53)
	at com.kms.katalon.core.webui.keyword.WebUiBuiltInKeywords.acceptAlert(WebUiBuiltInKeywords.groovy:1492)
	at com.kms.katalon.core.webui.keyword.WebUiBuiltInKeywords$acceptAlert$6.call(Unknown Source)
	at org.codehaus.groovy.runtime.callsite.CallSiteArray.defaultCall(CallSiteArray.java:48)
	at org.codehaus.groovy.runtime.callsite.AbstractCallSite.call(AbstractCallSite.java:113)
	at org.codehaus.groovy.runtime.callsite.AbstractCallSite.call(AbstractCallSite.java:117)
	at Script1540845493063.run(Script1540845493063.groovy:69)
	at com.kms.katalon.core.main.ScriptEngine.run(ScriptEngine.java:183)
	at com.kms.katalon.core.main.ScriptEngine.runScriptAsRawText(ScriptEngine.java:108)
	at com.kms.katalon.core.main.TestCaseExecutor.runScript(TestCaseExecutor.java:294)
	at com.kms.katalon.core.main.TestCaseExecutor.doExecute(TestCaseExecutor.java:285)
	at com.kms.katalon.core.main.TestCaseExecutor.processExecutionPhase(TestCaseExecutor.java:264)
	at com.kms.katalon.core.main.TestCaseExecutor.accessMainPhase(TestCaseExecutor.java:256)
	at com.kms.katalon.core.main.TestCaseExecutor.execute(TestCaseExecutor.java:200)
	at com.kms.katalon.core.main.TestSuiteExecutor.accessTestCaseMainPhase(TestSuiteExecutor.java:129)
	at com.kms.katalon.core.main.TestSuiteExecutor.accessTestSuiteMainPhase(TestSuiteExecutor.java:112)
	at com.kms.katalon.core.main.TestSuiteExecutor.execute(TestSuiteExecutor.java:81)
	at com.kms.katalon.core.main.TestCaseMain.startTestSuite(TestCaseMain.java:142)
	at com.kms.katalon.core.main.TestCaseMain$startTestSuite$0.call(Unknown Source)
	at org.codehaus.groovy.runtime.callsite.CallSiteArray.defaultCall(CallSiteArray.java:48)
	at org.codehaus.groovy.runtime.callsite.AbstractCallSite.call(AbstractCallSite.java:113)
	at org.codehaus.groovy.runtime.callsite.AbstractCallSite.call(AbstractCallSite.java:141)
	at TempTestSuite1542305302868.run(TempTestSuite1542305302868.groovy:36)
	at groovy.lang.GroovyShell.runScriptOrMainOrTestOrRunnable(GroovyShell.java:263)
	at groovy.lang.GroovyShell.run(GroovyShell.java:518)
	at groovy.lang.GroovyShell.run(GroovyShell.java:507)
	at groovy.ui.GroovyMain.processOnce(GroovyMain.java:653)
	at groovy.ui.GroovyMain.run(GroovyMain.java:384)
	at groovy.ui.GroovyMain.process(GroovyMain.java:370)
	at groovy.ui.GroovyMain.processArgs(GroovyMain.java:129)
	at groovy.ui.GroovyMain.main(GroovyMain.java:109)
	at sun.reflect.NativeMethodAccessorImpl.invoke0(Native Method)
	at sun.reflect.NativeMethodAccessorImpl.invoke(NativeMethodAccessorImpl.java:62)
	at sun.reflect.DelegatingMethodAccessorImpl.invoke(DelegatingMethodAccessorImpl.java:43)
	at java.lang.reflect.Method.invoke(Method.java:498)
	at org.codehaus.groovy.tools.GroovyStarter.rootLoader(GroovyStarter.java:109)
	at org.codehaus.groovy.tools.GroovyStarter.main(GroovyStarter.java:131)
)

2018-11-15 12:22:02 - [TEST_STEP][PASSED] - openBrowser: Browser is opened with url: ''

2018-11-15 12:22:03 - [MESSAGE][PASSED] - Browser is opened with url: ''

2018-11-15 12:22:03 - [TEST_STEP][PASSED] - navigateToUrl: Navigate to 'https://epulsedev2.com' successfully

2018-11-15 12:22:05 - [MESSAGE][PASSED] - Navigate to 'https://epulsedev2.com' successfully

2018-11-15 12:22:05 - [TEST_STEP][PASSED] - setText: Text 'alonzo.mack@knowink.com' is set on object 'Object Repository/Login/Email Address'

2018-11-15 12:22:05 - [MESSAGE][PASSED] - Text 'alonzo.mack@knowink.com' is set on object 'Object Repository/Login/Email Address'

2018-11-15 12:22:05 - [TEST_STEP][PASSED] - setEncryptedText: Text ****** has been set on object 'Object Repository/Login/Password'

2018-11-15 12:22:05 - [MESSAGE][PASSED] - Text ****** has been set on object 'Object Repository/Login/Password'

2018-11-15 12:22:05 - [TEST_STEP][PASSED] - click: Object: 'Object Repository/Login/Sign In' is clicked on

2018-11-15 12:22:06 - [MESSAGE][PASSED] - Object: 'Object Repository/Login/Sign In' is clicked on

2018-11-15 12:22:06 - [TEST_STEP][PASSED] - delay: Delayed 1 second(s)

2018-11-15 12:22:07 - [MESSAGE][PASSED] - Delayed 1 second(s)

2018-11-15 12:22:07 - [TEST_STEP][PASSED] - click: Object: 'Object Repository/SuperAdminConsole/SuperAdmin Users/USERS' is clicked on

2018-11-15 12:22:08 - [MESSAGE][PASSED] - Object: 'Object Repository/SuperAdminConsole/SuperAdmin Users/USERS' is clicked on

2018-11-15 12:22:08 - [TEST_STEP][PASSED] - delay: Delayed 1 second(s)

2018-11-15 12:22:09 - [MESSAGE][PASSED] - Delayed 1 second(s)

2018-11-15 12:22:09 - [TEST_STEP][PASSED] - click: Object: 'Object Repository/SuperAdminConsole/SuperAdmin Users/User Type Dropdown' is clicked on

2018-11-15 12:22:10 - [MESSAGE][PASSED] - Object: 'Object Repository/SuperAdminConsole/SuperAdmin Users/User Type Dropdown' is clicked on

2018-11-15 12:22:10 - [TEST_STEP][PASSED] - selectOptionByValue: All options with value 'both' are selected in object 'Object Repository/SuperAdminConsole/SuperAdmin Users/select_User Type' 

2018-11-15 12:22:10 - [MESSAGE][PASSED] - All options with value 'both' are selected in object 'Object Repository/SuperAdminConsole/SuperAdmin Users/select_User Type' 

2018-11-15 12:22:10 - [TEST_STEP][PASSED] - click: Object: 'Object Repository/SuperAdminConsole/SuperAdmin Users/UserType Apply Filters' is clicked on

2018-11-15 12:22:10 - [MESSAGE][PASSED] - Object: 'Object Repository/SuperAdminConsole/SuperAdmin Users/UserType Apply Filters' is clicked on

2018-11-15 12:22:10 - [TEST_STEP][PASSED] - delay: Delayed 2 second(s)

2018-11-15 12:22:12 - [MESSAGE][PASSED] - Delayed 2 second(s)

2018-11-15 12:22:12 - [TEST_STEP][PASSED] - click: Object: 'Object Repository/Common ePulse Objects/Remove_Filter' is clicked on

2018-11-15 12:22:12 - [MESSAGE][PASSED] - Object: 'Object Repository/Common ePulse Objects/Remove_Filter' is clicked on

2018-11-15 12:22:12 - [TEST_STEP][PASSED] - click: Object: 'Object Repository/SuperAdminConsole/SuperAdmin Users/User Type Dropdown' is clicked on

2018-11-15 12:22:12 - [MESSAGE][PASSED] - Object: 'Object Repository/SuperAdminConsole/SuperAdmin Users/User Type Dropdown' is clicked on

2018-11-15 12:22:12 - [TEST_STEP][PASSED] - selectOptionByValue: All options with value 'super_admin' are selected in object 'Object Repository/SuperAdminConsole/SuperAdmin Users/select_User Type'  using regular expression

2018-11-15 12:22:12 - [MESSAGE][PASSED] - All options with value 'super_admin' are selected in object 'Object Repository/SuperAdminConsole/SuperAdmin Users/select_User Type'  using regular expression

2018-11-15 12:22:12 - [TEST_STEP][PASSED] - click: Object: 'Object Repository/SuperAdminConsole/SuperAdmin Users/UserType Apply Filters' is clicked on

2018-11-15 12:22:12 - [MESSAGE][PASSED] - Object: 'Object Repository/SuperAdminConsole/SuperAdmin Users/UserType Apply Filters' is clicked on

2018-11-15 12:22:12 - [TEST_STEP][PASSED] - delay: Delayed 2 second(s)

2018-11-15 12:22:14 - [MESSAGE][PASSED] - Delayed 2 second(s)

2018-11-15 12:22:14 - [TEST_STEP][PASSED] - click: Object: 'Object Repository/Common ePulse Objects/Remove_Filter' is clicked on

2018-11-15 12:22:14 - [MESSAGE][PASSED] - Object: 'Object Repository/Common ePulse Objects/Remove_Filter' is clicked on

2018-11-15 12:22:14 - [TEST_STEP][PASSED] - click: Object: 'Object Repository/SuperAdminConsole/SuperAdmin Users/User Type Dropdown' is clicked on

2018-11-15 12:22:14 - [MESSAGE][PASSED] - Object: 'Object Repository/SuperAdminConsole/SuperAdmin Users/User Type Dropdown' is clicked on

2018-11-15 12:22:14 - [TEST_STEP][PASSED] - selectOptionByValue: All options with value 'regular' are selected in object 'Object Repository/SuperAdminConsole/SuperAdmin Users/select_User Type'  using regular expression

2018-11-15 12:22:14 - [MESSAGE][PASSED] - All options with value 'regular' are selected in object 'Object Repository/SuperAdminConsole/SuperAdmin Users/select_User Type'  using regular expression

2018-11-15 12:22:14 - [TEST_STEP][PASSED] - click: Object: 'Object Repository/SuperAdminConsole/SuperAdmin Users/UserType Apply Filters' is clicked on

2018-11-15 12:22:14 - [MESSAGE][PASSED] - Object: 'Object Repository/SuperAdminConsole/SuperAdmin Users/UserType Apply Filters' is clicked on

2018-11-15 12:22:14 - [TEST_STEP][PASSED] - delay: Delayed 2 second(s)

2018-11-15 12:22:16 - [MESSAGE][PASSED] - Delayed 2 second(s)

2018-11-15 12:22:16 - [TEST_STEP][PASSED] - click: Object: 'Object Repository/Common ePulse Objects/Remove_Filter' is clicked on

2018-11-15 12:22:16 - [MESSAGE][PASSED] - Object: 'Object Repository/Common ePulse Objects/Remove_Filter' is clicked on

2018-11-15 12:22:16 - [TEST_STEP][PASSED] - delay: Delayed 2 second(s)

2018-11-15 12:22:18 - [MESSAGE][PASSED] - Delayed 2 second(s)

2018-11-15 12:22:18 - [TEST_STEP][FAILED] - acceptAlert: Unable to accept alert (Root cause: No alert found)

2018-11-15 12:22:19 - [MESSAGE][FAILED] - No alert found
[[ATTACHMENT|/Users/alonzomack/Katalon Studio/Regression/Reports/New Test Suite/20181115_120822/1542306138841.png]]

2018-11-15 12:22:19 - [MESSAGE][FAILED] - Unable to accept alert (Root cause: No alert found)
[[ATTACHMENT|/Users/alonzomack/Katalon Studio/Regression/Reports/New Test Suite/20181115_120822/1542306139126.png]]]]></system-out>
         <system-err><![CDATA[2018-11-15 12:22:02 - [TEST_CASE][FAILED] - Test Cases/SuperAdminConsole/Users/SuperAdmin User - Filter by User Type: Test Cases/SuperAdminConsole/Users/SuperAdmin User - Filter by User Type FAILED because (of) (Stack trace: com.kms.katalon.core.exception.StepFailedException: Unable to accept alert (Root cause: No alert found)
	at com.kms.katalon.core.keyword.internal.KeywordMain.stepFailed(KeywordMain.groovy:36)
	at com.kms.katalon.core.webui.keyword.internal.WebUIKeywordMain.stepFailed(WebUIKeywordMain.groovy:65)
	at com.kms.katalon.core.webui.keyword.internal.WebUIKeywordMain.runKeyword(WebUIKeywordMain.groovy:27)
	at com.kms.katalon.core.webui.keyword.builtin.AcceptAlertKeyword.acceptAlert(AcceptAlertKeyword.groovy:71)
	at com.kms.katalon.core.webui.keyword.builtin.AcceptAlertKeyword.execute(AcceptAlertKeyword.groovy:66)
	at com.kms.katalon.core.keyword.internal.KeywordExecutor.executeKeywordForPlatform(KeywordExecutor.groovy:53)
	at com.kms.katalon.core.webui.keyword.WebUiBuiltInKeywords.acceptAlert(WebUiBuiltInKeywords.groovy:1492)
	at com.kms.katalon.core.webui.keyword.WebUiBuiltInKeywords$acceptAlert$6.call(Unknown Source)
	at org.codehaus.groovy.runtime.callsite.CallSiteArray.defaultCall(CallSiteArray.java:48)
	at org.codehaus.groovy.runtime.callsite.AbstractCallSite.call(AbstractCallSite.java:113)
	at org.codehaus.groovy.runtime.callsite.AbstractCallSite.call(AbstractCallSite.java:117)
	at Script1540845493063.run(Script1540845493063.groovy:69)
	at com.kms.katalon.core.main.ScriptEngine.run(ScriptEngine.java:183)
	at com.kms.katalon.core.main.ScriptEngine.runScriptAsRawText(ScriptEngine.java:108)
	at com.kms.katalon.core.main.TestCaseExecutor.runScript(TestCaseExecutor.java:294)
	at com.kms.katalon.core.main.TestCaseExecutor.doExecute(TestCaseExecutor.java:285)
	at com.kms.katalon.core.main.TestCaseExecutor.processExecutionPhase(TestCaseExecutor.java:264)
	at com.kms.katalon.core.main.TestCaseExecutor.accessMainPhase(TestCaseExecutor.java:256)
	at com.kms.katalon.core.main.TestCaseExecutor.execute(TestCaseExecutor.java:200)
	at com.kms.katalon.core.main.TestSuiteExecutor.accessTestCaseMainPhase(TestSuiteExecutor.java:129)
	at com.kms.katalon.core.main.TestSuiteExecutor.accessTestSuiteMainPhase(TestSuiteExecutor.java:112)
	at com.kms.katalon.core.main.TestSuiteExecutor.execute(TestSuiteExecutor.java:81)
	at com.kms.katalon.core.main.TestCaseMain.startTestSuite(TestCaseMain.java:142)
	at com.kms.katalon.core.main.TestCaseMain$startTestSuite$0.call(Unknown Source)
	at org.codehaus.groovy.runtime.callsite.CallSiteArray.defaultCall(CallSiteArray.java:48)
	at org.codehaus.groovy.runtime.callsite.AbstractCallSite.call(AbstractCallSite.java:113)
	at org.codehaus.groovy.runtime.callsite.AbstractCallSite.call(AbstractCallSite.java:141)
	at TempTestSuite1542305302868.run(TempTestSuite1542305302868.groovy:36)
	at groovy.lang.GroovyShell.runScriptOrMainOrTestOrRunnable(GroovyShell.java:263)
	at groovy.lang.GroovyShell.run(GroovyShell.java:518)
	at groovy.lang.GroovyShell.run(GroovyShell.java:507)
	at groovy.ui.GroovyMain.processOnce(GroovyMain.java:653)
	at groovy.ui.GroovyMain.run(GroovyMain.java:384)
	at groovy.ui.GroovyMain.process(GroovyMain.java:370)
	at groovy.ui.GroovyMain.processArgs(GroovyMain.java:129)
	at groovy.ui.GroovyMain.main(GroovyMain.java:109)
	at sun.reflect.NativeMethodAccessorImpl.invoke0(Native Method)
	at sun.reflect.NativeMethodAccessorImpl.invoke(NativeMethodAccessorImpl.java:62)
	at sun.reflect.DelegatingMethodAccessorImpl.invoke(DelegatingMethodAccessorImpl.java:43)
	at java.lang.reflect.Method.invoke(Method.java:498)
	at org.codehaus.groovy.tools.GroovyStarter.rootLoader(GroovyStarter.java:109)
	at org.codehaus.groovy.tools.GroovyStarter.main(GroovyStarter.java:131)
)]]></system-err>
      </testcase>
      <testcase name="Test Cases/SuperAdminConsole/Users/Add New Admin User" classname="Test Cases/SuperAdminConsole/Users/Add New Admin User" status="PASSED">
         <system-out><![CDATA[2018-11-15 12:22:19 - [TEST_CASE][PASSED] - Test Cases/SuperAdminConsole/Users/Add New Admin User: Test Cases/SuperAdminConsole/Users/Add New Admin User

2018-11-15 12:22:19 - [TEST_STEP][PASSED] - openBrowser: Browser is opened with url: ''

2018-11-15 12:22:19 - [MESSAGE][WARNING] - A browser is already opened. Closing browser and opening a new one

2018-11-15 12:22:20 - [MESSAGE][PASSED] - Browser is opened with url: ''

2018-11-15 12:22:20 - [TEST_STEP][PASSED] - navigateToUrl: Navigate to 'https://epulsedev2.com' successfully

2018-11-15 12:22:22 - [MESSAGE][PASSED] - Navigate to 'https://epulsedev2.com' successfully

2018-11-15 12:22:22 - [TEST_STEP][PASSED] - setText: Text 'alonzo.mack@knowink.com' is set on object 'Object Repository/Login/Email Address'

2018-11-15 12:22:23 - [MESSAGE][PASSED] - Text 'alonzo.mack@knowink.com' is set on object 'Object Repository/Login/Email Address'

2018-11-15 12:22:23 - [TEST_STEP][PASSED] - setEncryptedText: Text ****** has been set on object 'Object Repository/Login/Password'

2018-11-15 12:22:23 - [MESSAGE][PASSED] - Text ****** has been set on object 'Object Repository/Login/Password'

2018-11-15 12:22:23 - [TEST_STEP][PASSED] - click: Object: 'Object Repository/Login/Sign In' is clicked on

2018-11-15 12:22:24 - [MESSAGE][PASSED] - Object: 'Object Repository/Login/Sign In' is clicked on

2018-11-15 12:22:24 - [TEST_STEP][PASSED] - delay: Delayed 1 second(s)

2018-11-15 12:22:25 - [MESSAGE][PASSED] - Delayed 1 second(s)

2018-11-15 12:22:25 - [TEST_STEP][PASSED] - delay: Delayed 1 second(s)

2018-11-15 12:22:26 - [MESSAGE][PASSED] - Delayed 1 second(s)

2018-11-15 12:22:26 - [TEST_STEP][PASSED] - click: Object: 'Object Repository/SuperAdminConsole/SuperAdmin Users/USERS' is clicked on

2018-11-15 12:22:27 - [MESSAGE][PASSED] - Object: 'Object Repository/SuperAdminConsole/SuperAdmin Users/USERS' is clicked on

2018-11-15 12:22:27 - [TEST_STEP][PASSED] - delay: Delayed 1 second(s)

2018-11-15 12:22:28 - [MESSAGE][PASSED] - Delayed 1 second(s)

2018-11-15 12:22:28 - [TEST_STEP][PASSED] - click: Object: 'Object Repository/SuperAdminConsole/SuperAdmin Users/ADD_EDIT/Add Admin User' is clicked on

2018-11-15 12:22:29 - [MESSAGE][PASSED] - Object: 'Object Repository/SuperAdminConsole/SuperAdmin Users/ADD_EDIT/Add Admin User' is clicked on

2018-11-15 12:22:29 - [TEST_STEP][PASSED] - delay: Delayed 1 second(s)

2018-11-15 12:22:30 - [MESSAGE][PASSED] - Delayed 1 second(s)

2018-11-15 12:22:30 - [TEST_STEP][PASSED] - setText: Text 'FirstN' is set on object 'Object Repository/SuperAdminConsole/SuperAdmin Users/ADD_EDIT/input_First name'

2018-11-15 12:22:30 - [MESSAGE][PASSED] - Text 'FirstN' is set on object 'Object Repository/SuperAdminConsole/SuperAdmin Users/ADD_EDIT/input_First name'

2018-11-15 12:22:30 - [TEST_STEP][PASSED] - delay: Delayed 1 second(s)

2018-11-15 12:22:31 - [MESSAGE][PASSED] - Delayed 1 second(s)

2018-11-15 12:22:31 - [TEST_STEP][PASSED] - setText: Text 'LastN' is set on object 'Object Repository/SuperAdminConsole/SuperAdmin Users/ADD_EDIT/input_Last name'

2018-11-15 12:22:31 - [MESSAGE][PASSED] - Text 'LastN' is set on object 'Object Repository/SuperAdminConsole/SuperAdmin Users/ADD_EDIT/input_Last name'

2018-11-15 12:22:31 - [TEST_STEP][PASSED] - delay: Delayed 1 second(s)

2018-11-15 12:22:32 - [MESSAGE][PASSED] - Delayed 1 second(s)

2018-11-15 12:22:32 - [TEST_STEP][PASSED] - setText: Text 'FirstN.LastN@knowink.com' is set on object 'Object Repository/SuperAdminConsole/SuperAdmin Users/ADD_EDIT/input_E-mail'

2018-11-15 12:22:32 - [MESSAGE][PASSED] - Text 'FirstN.LastN@knowink.com' is set on object 'Object Repository/SuperAdminConsole/SuperAdmin Users/ADD_EDIT/input_E-mail'

2018-11-15 12:22:32 - [TEST_STEP][PASSED] - delay: Delayed 1 second(s)

2018-11-15 12:22:33 - [MESSAGE][PASSED] - Delayed 1 second(s)

2018-11-15 12:22:33 - [TEST_STEP][PASSED] - click: Object: 'Object Repository/SuperAdminConsole/SuperAdmin Users/ADD_EDIT/Edit and Access Accounts_slider' is clicked on

2018-11-15 12:22:34 - [MESSAGE][PASSED] - Object: 'Object Repository/SuperAdminConsole/SuperAdmin Users/ADD_EDIT/Edit and Access Accounts_slider' is clicked on

2018-11-15 12:22:34 - [TEST_STEP][PASSED] - delay: Delayed 1 second(s)

2018-11-15 12:22:35 - [MESSAGE][PASSED] - Delayed 1 second(s)

2018-11-15 12:22:35 - [TEST_STEP][PASSED] - click: Object: 'Object Repository/SuperAdminConsole/SuperAdmin Users/ADD_EDIT/Create and Edit Admin User' is clicked on

2018-11-15 12:22:35 - [MESSAGE][PASSED] - Object: 'Object Repository/SuperAdminConsole/SuperAdmin Users/ADD_EDIT/Create and Edit Admin User' is clicked on

2018-11-15 12:22:35 - [TEST_STEP][PASSED] - delay: Delayed 1 second(s)

2018-11-15 12:22:36 - [MESSAGE][PASSED] - Delayed 1 second(s)

2018-11-15 12:22:36 - [TEST_STEP][PASSED] - click: Object: 'Object Repository/SuperAdminConsole/SuperAdmin Users/ADD_EDIT/View  Manage Poll Pads_slider' is clicked on

2018-11-15 12:22:36 - [MESSAGE][PASSED] - Object: 'Object Repository/SuperAdminConsole/SuperAdmin Users/ADD_EDIT/View  Manage Poll Pads_slider' is clicked on

2018-11-15 12:22:36 - [TEST_STEP][PASSED] - delay: Delayed 1 second(s)

2018-11-15 12:22:37 - [MESSAGE][PASSED] - Delayed 1 second(s)

2018-11-15 12:22:37 - [TEST_STEP][PASSED] - click: Object: 'Object Repository/SuperAdminConsole/SuperAdmin Users/ADD_EDIT/View and Manage Settings_slider' is clicked on

2018-11-15 12:22:37 - [MESSAGE][PASSED] - Object: 'Object Repository/SuperAdminConsole/SuperAdmin Users/ADD_EDIT/View and Manage Settings_slider' is clicked on

2018-11-15 12:22:37 - [TEST_STEP][PASSED] - delay: Delayed 1 second(s)

2018-11-15 12:22:38 - [MESSAGE][PASSED] - Delayed 1 second(s)

2018-11-15 12:22:38 - [TEST_STEP][PASSED] - click: Object: 'Object Repository/SuperAdminConsole/SuperAdmin Users/ADD_EDIT/View and Manage Reports_slider' is clicked on

2018-11-15 12:22:38 - [MESSAGE][PASSED] - Object: 'Object Repository/SuperAdminConsole/SuperAdmin Users/ADD_EDIT/View and Manage Reports_slider' is clicked on

2018-11-15 12:22:38 - [TEST_STEP][PASSED] - delay: Delayed 1 second(s)

2018-11-15 12:22:39 - [MESSAGE][PASSED] - Delayed 1 second(s)

2018-11-15 12:22:39 - [TEST_STEP][PASSED] - click: Object: 'Object Repository/SuperAdminConsole/SuperAdmin Users/ADD_EDIT/View Audit Logs_slider' is clicked on

2018-11-15 12:22:39 - [MESSAGE][PASSED] - Object: 'Object Repository/SuperAdminConsole/SuperAdmin Users/ADD_EDIT/View Audit Logs_slider' is clicked on

2018-11-15 12:22:39 - [TEST_STEP][PASSED] - delay: Delayed 1 second(s)

2018-11-15 12:22:40 - [MESSAGE][PASSED] - Delayed 1 second(s)

2018-11-15 12:22:40 - [TEST_STEP][PASSED] - click: Object: 'Object Repository/SuperAdminConsole/SuperAdmin Users/ADD_EDIT/Restricted Account Access_slider' is clicked on

2018-11-15 12:22:40 - [MESSAGE][PASSED] - Object: 'Object Repository/SuperAdminConsole/SuperAdmin Users/ADD_EDIT/Restricted Account Access_slider' is clicked on

2018-11-15 12:22:40 - [TEST_STEP][PASSED] - delay: Delayed 1 second(s)

2018-11-15 12:22:41 - [MESSAGE][PASSED] - Delayed 1 second(s)

2018-11-15 12:22:41 - [TEST_STEP][PASSED] - click: Object: 'Object Repository/Common ePulse Objects/Submit Button' is clicked on

2018-11-15 12:22:42 - [MESSAGE][PASSED] - Object: 'Object Repository/Common ePulse Objects/Submit Button' is clicked on

2018-11-15 12:22:42 - [TEST_STEP][PASSED] - closeBrowser: Browser is closed

2018-11-15 12:22:42 - [MESSAGE][PASSED] - Browser is closed]]></system-out>
         <system-err><![CDATA[]]></system-err>
      </testcase>
      <testcase name="Test Cases/SuperAdminConsole/Users/SuperAdmin User - Filter by Account" classname="Test Cases/SuperAdminConsole/Users/SuperAdmin User - Filter by Account" status="PASSED">
         <system-out><![CDATA[2018-11-15 12:22:42 - [TEST_CASE][PASSED] - Test Cases/SuperAdminConsole/Users/SuperAdmin User - Filter by Account: Test Cases/SuperAdminConsole/Users/SuperAdmin User - Filter by Account

2018-11-15 12:22:42 - [TEST_STEP][PASSED] - openBrowser: Browser is opened with url: ''

2018-11-15 12:22:43 - [MESSAGE][PASSED] - Browser is opened with url: ''

2018-11-15 12:22:43 - [TEST_STEP][PASSED] - navigateToUrl: Navigate to 'https://epulsedev2.com' successfully

2018-11-15 12:22:45 - [MESSAGE][PASSED] - Navigate to 'https://epulsedev2.com' successfully

2018-11-15 12:22:45 - [TEST_STEP][PASSED] - setText: Text 'alonzo.mack@knowink.com' is set on object 'Object Repository/Login/Email Address'

2018-11-15 12:22:45 - [MESSAGE][PASSED] - Text 'alonzo.mack@knowink.com' is set on object 'Object Repository/Login/Email Address'

2018-11-15 12:22:45 - [TEST_STEP][PASSED] - setEncryptedText: Text ****** has been set on object 'Object Repository/Login/Password'

2018-11-15 12:22:45 - [MESSAGE][PASSED] - Text ****** has been set on object 'Object Repository/Login/Password'

2018-11-15 12:22:45 - [TEST_STEP][PASSED] - click: Object: 'Object Repository/Login/Sign In' is clicked on

2018-11-15 12:22:47 - [MESSAGE][PASSED] - Object: 'Object Repository/Login/Sign In' is clicked on

2018-11-15 12:22:47 - [TEST_STEP][PASSED] - delay: Delayed 1 second(s)

2018-11-15 12:22:48 - [MESSAGE][PASSED] - Delayed 1 second(s)

2018-11-15 12:22:48 - [TEST_STEP][PASSED] - delay: Delayed 1 second(s)

2018-11-15 12:22:49 - [MESSAGE][PASSED] - Delayed 1 second(s)

2018-11-15 12:22:49 - [TEST_STEP][PASSED] - click: Object: 'Object Repository/SuperAdminConsole/SuperAdmin Users/USERS' is clicked on

2018-11-15 12:22:50 - [MESSAGE][PASSED] - Object: 'Object Repository/SuperAdminConsole/SuperAdmin Users/USERS' is clicked on

2018-11-15 12:22:50 - [TEST_STEP][PASSED] - delay: Delayed 1 second(s)

2018-11-15 12:22:51 - [MESSAGE][PASSED] - Delayed 1 second(s)

2018-11-15 12:22:51 - [TEST_STEP][PASSED] - click: Object: 'Object Repository/SuperAdminConsole/Poll Pads/Poll Pads Account Filter/Account Filter' is clicked on

2018-11-15 12:22:51 - [MESSAGE][PASSED] - Object: 'Object Repository/SuperAdminConsole/Poll Pads/Poll Pads Account Filter/Account Filter' is clicked on

2018-11-15 12:22:51 - [TEST_STEP][PASSED] - click: Object: 'Object Repository/SuperAdminConsole/Poll Pads/Poll Pads Account Filter/dropdown' is clicked on

2018-11-15 12:22:51 - [MESSAGE][PASSED] - Object: 'Object Repository/SuperAdminConsole/Poll Pads/Poll Pads Account Filter/dropdown' is clicked on

2018-11-15 12:22:51 - [TEST_STEP][PASSED] - click: Object: 'Object Repository/SuperAdminConsole/Poll Pads/Poll Pads Account Filter/Filter_AM-Canada' is clicked on

2018-11-15 12:22:51 - [MESSAGE][PASSED] - Object: 'Object Repository/SuperAdminConsole/Poll Pads/Poll Pads Account Filter/Filter_AM-Canada' is clicked on

2018-11-15 12:22:51 - [TEST_STEP][PASSED] - delay: Delayed 1 second(s)

2018-11-15 12:22:52 - [MESSAGE][PASSED] - Delayed 1 second(s)

2018-11-15 12:22:52 - [TEST_STEP][PASSED] - click: Object: 'Object Repository/Common ePulse Objects/Apply Filters' is clicked on

2018-11-15 12:22:52 - [MESSAGE][PASSED] - Object: 'Object Repository/Common ePulse Objects/Apply Filters' is clicked on

2018-11-15 12:22:52 - [TEST_STEP][PASSED] - delay: Delayed 1 second(s)

2018-11-15 12:22:53 - [MESSAGE][PASSED] - Delayed 1 second(s)

2018-11-15 12:22:53 - [TEST_STEP][PASSED] - click: Object: 'Object Repository/SuperAdminConsole/Poll Pads/Poll Pads Account Filter/Remove_Account AM-Canada_Filter' is clicked on

2018-11-15 12:22:53 - [MESSAGE][PASSED] - Object: 'Object Repository/SuperAdminConsole/Poll Pads/Poll Pads Account Filter/Remove_Account AM-Canada_Filter' is clicked on

2018-11-15 12:22:53 - [TEST_STEP][PASSED] - delay: Delayed 2 second(s)

2018-11-15 12:22:55 - [MESSAGE][PASSED] - Delayed 2 second(s)

2018-11-15 12:22:55 - [TEST_STEP][PASSED] - closeBrowser: Browser is closed

2018-11-15 12:22:55 - [MESSAGE][PASSED] - Browser is closed]]></system-out>
         <system-err><![CDATA[]]></system-err>
      </testcase>
      <testcase name="Test Cases/SuperAdminConsole/Parties/SuperAdmin Console Parties - Edit Parties" classname="Test Cases/SuperAdminConsole/Parties/SuperAdmin Console Parties - Edit Parties" status="PASSED">
         <system-out><![CDATA[2018-11-15 12:22:55 - [TEST_CASE][PASSED] - Test Cases/SuperAdminConsole/Parties/SuperAdmin Console Parties - Edit Parties: Test Cases/SuperAdminConsole/Parties/SuperAdmin Console Parties - Edit Parties

2018-11-15 12:22:56 - [TEST_STEP][PASSED] - openBrowser: Browser is opened with url: ''

2018-11-15 12:22:56 - [MESSAGE][PASSED] - Browser is opened with url: ''

2018-11-15 12:22:56 - [TEST_STEP][PASSED] - navigateToUrl: Navigate to 'https://epulsedev2.com' successfully

2018-11-15 12:22:59 - [MESSAGE][PASSED] - Navigate to 'https://epulsedev2.com' successfully

2018-11-15 12:22:59 - [TEST_STEP][PASSED] - setText: Text 'alonzo.mack@knowink.com' is set on object 'Object Repository/Login/Email Address'

2018-11-15 12:22:59 - [MESSAGE][PASSED] - Text 'alonzo.mack@knowink.com' is set on object 'Object Repository/Login/Email Address'

2018-11-15 12:22:59 - [TEST_STEP][PASSED] - setEncryptedText: Text ****** has been set on object 'Object Repository/Login/Password'

2018-11-15 12:22:59 - [MESSAGE][PASSED] - Text ****** has been set on object 'Object Repository/Login/Password'

2018-11-15 12:22:59 - [TEST_STEP][PASSED] - click: Object: 'Object Repository/Login/Sign In' is clicked on

2018-11-15 12:23:01 - [MESSAGE][PASSED] - Object: 'Object Repository/Login/Sign In' is clicked on]]></system-out>
         <system-err><![CDATA[]]></system-err>
      </testcase>
      <testcase name="Test Cases/SuperAdminConsole/Parties/SuperAdmin Console Parties - Edit Unaffliliated Ballot Parties" classname="Test Cases/SuperAdminConsole/Parties/SuperAdmin Console Parties - Edit Unaffliliated Ballot Parties" status="PASSED">
         <system-out><![CDATA[2018-11-15 12:23:01 - [TEST_CASE][PASSED] - Test Cases/SuperAdminConsole/Parties/SuperAdmin Console Parties - Edit Unaffliliated Ballot Parties: Test Cases/SuperAdminConsole/Parties/SuperAdmin Console Parties - Edit Unaffliliated Ballot Parties

2018-11-15 12:23:01 - [TEST_STEP][PASSED] - openBrowser: Browser is opened with url: ''

2018-11-15 12:23:01 - [MESSAGE][WARNING] - A browser is already opened. Closing browser and opening a new one

2018-11-15 12:23:02 - [MESSAGE][PASSED] - Browser is opened with url: ''

2018-11-15 12:23:02 - [TEST_STEP][PASSED] - navigateToUrl: Navigate to 'https://epulsedev2.com' successfully

2018-11-15 12:23:04 - [MESSAGE][PASSED] - Navigate to 'https://epulsedev2.com' successfully

2018-11-15 12:23:04 - [TEST_STEP][PASSED] - setText: Text 'alonzo.mack@knowink.com' is set on object 'Object Repository/Login/Email Address'

2018-11-15 12:23:04 - [MESSAGE][PASSED] - Text 'alonzo.mack@knowink.com' is set on object 'Object Repository/Login/Email Address'

2018-11-15 12:23:04 - [TEST_STEP][PASSED] - setEncryptedText: Text ****** has been set on object 'Object Repository/Login/Password'

2018-11-15 12:23:04 - [MESSAGE][PASSED] - Text ****** has been set on object 'Object Repository/Login/Password'

2018-11-15 12:23:04 - [TEST_STEP][PASSED] - click: Object: 'Object Repository/Login/Sign In' is clicked on

2018-11-15 12:23:05 - [MESSAGE][PASSED] - Object: 'Object Repository/Login/Sign In' is clicked on]]></system-out>
         <system-err><![CDATA[]]></system-err>
      </testcase>
      <testcase name="Test Cases/SuperAdminConsole/Parties/SuperAdmin Console Parties - Add State" classname="Test Cases/SuperAdminConsole/Parties/SuperAdmin Console Parties - Add State" status="PASSED">
         <system-out><![CDATA[2018-11-15 12:23:05 - [TEST_CASE][PASSED] - Test Cases/SuperAdminConsole/Parties/SuperAdmin Console Parties - Add State: Test Cases/SuperAdminConsole/Parties/SuperAdmin Console Parties - Add State

2018-11-15 12:23:05 - [TEST_STEP][PASSED] - openBrowser: Browser is opened with url: ''

2018-11-15 12:23:05 - [MESSAGE][WARNING] - A browser is already opened. Closing browser and opening a new one

2018-11-15 12:23:06 - [MESSAGE][PASSED] - Browser is opened with url: ''

2018-11-15 12:23:06 - [TEST_STEP][PASSED] - navigateToUrl: Navigate to 'https://epulsedev2.com' successfully

2018-11-15 12:23:07 - [MESSAGE][PASSED] - Navigate to 'https://epulsedev2.com' successfully

2018-11-15 12:23:07 - [TEST_STEP][PASSED] - setText: Text 'alonzo.mack@knowink.com' is set on object 'Object Repository/Login/Email Address'

2018-11-15 12:23:08 - [MESSAGE][PASSED] - Text 'alonzo.mack@knowink.com' is set on object 'Object Repository/Login/Email Address'

2018-11-15 12:23:08 - [TEST_STEP][PASSED] - setEncryptedText: Text ****** has been set on object 'Object Repository/Login/Password'

2018-11-15 12:23:08 - [MESSAGE][PASSED] - Text ****** has been set on object 'Object Repository/Login/Password'

2018-11-15 12:23:08 - [TEST_STEP][PASSED] - click: Object: 'Object Repository/Login/Sign In' is clicked on

2018-11-15 12:23:09 - [MESSAGE][PASSED] - Object: 'Object Repository/Login/Sign In' is clicked on

2018-11-15 12:23:09 - [TEST_STEP][PASSED] - delay: Delayed 1 second(s)

2018-11-15 12:23:10 - [MESSAGE][PASSED] - Delayed 1 second(s)

2018-11-15 12:23:10 - [TEST_STEP][PASSED] - click: Object: 'Object Repository/SuperAdminConsole/PARTIES/Add State/PARTIES' is clicked on

2018-11-15 12:23:11 - [MESSAGE][PASSED] - Object: 'Object Repository/SuperAdminConsole/PARTIES/Add State/PARTIES' is clicked on

2018-11-15 12:23:11 - [TEST_STEP][PASSED] - delay: Delayed 1 second(s)

2018-11-15 12:23:12 - [MESSAGE][PASSED] - Delayed 1 second(s)

2018-11-15 12:23:12 - [TEST_STEP][PASSED] - click: Object: 'Object Repository/SuperAdminConsole/PARTIES/Add State/Add State' is clicked on

2018-11-15 12:23:12 - [MESSAGE][PASSED] - Object: 'Object Repository/SuperAdminConsole/PARTIES/Add State/Add State' is clicked on

2018-11-15 12:23:12 - [TEST_STEP][PASSED] - delay: Delayed 1 second(s)

2018-11-15 12:23:13 - [MESSAGE][PASSED] - Delayed 1 second(s)

2018-11-15 12:23:13 - [TEST_STEP][PASSED] - selectOptionByValue: All options with value 'MN' are selected in object 'Object Repository/SuperAdminConsole/PARTIES/Add State/States Dropdown'  using regular expression

2018-11-15 12:23:13 - [MESSAGE][PASSED] - All options with value 'MN' are selected in object 'Object Repository/SuperAdminConsole/PARTIES/Add State/States Dropdown'  using regular expression

2018-11-15 12:23:13 - [TEST_STEP][PASSED] - delay: Delayed 1 second(s)

2018-11-15 12:23:14 - [MESSAGE][PASSED] - Delayed 1 second(s)

2018-11-15 12:23:14 - [TEST_STEP][PASSED] - click: Object: 'Object Repository/SuperAdminConsole/PARTIES/Add State/Create Button' is clicked on

2018-11-15 12:23:15 - [MESSAGE][PASSED] - Object: 'Object Repository/SuperAdminConsole/PARTIES/Add State/Create Button' is clicked on

2018-11-15 12:23:15 - [TEST_STEP][PASSED] - delay: Delayed 1 second(s)

2018-11-15 12:23:16 - [MESSAGE][PASSED] - Delayed 1 second(s)

2018-11-15 12:23:16 - [TEST_STEP][PASSED] - closeBrowser: Browser is closed

2018-11-15 12:23:16 - [MESSAGE][PASSED] - Browser is closed]]></system-out>
         <system-err><![CDATA[]]></system-err>
      </testcase>
      <testcase name="Test Cases/SuperAdminConsole/Audit Logs/Audit Logs - Filters" classname="Test Cases/SuperAdminConsole/Audit Logs/Audit Logs - Filters" status="FAILED">
         <failure type="FAILED" message="(Stack trace: com.kms.katalon.core.exception.StepFailedException: Unable to click on object 'Object Repository/SuperAdminConsole/Audit Logs/Apply Filters' (Root cause: org.openqa.selenium.ElementNotVisibleException: element not visible
  (Session info: chrome=70.0.3538.102)
  (Driver info: chromedriver=2.35.528157 (4429ca2590d6988c0745c24c8858745aaaec01ef),platform=Mac OS X 10.13.3 x86_64) (WARNING: The server did not provide any stacktrace information)
Command duration or timeout: 0 milliseconds
Build info: version: '3.7.1', revision: '8a0099a', time: '2017-11-06T21:07:36.161Z'
System info: host: 'QAs-MacBook-Pro-2.local', ip: '2600:6c40:5400:153d:440f:2c60:c4d9:500b%en0', os.name: 'Mac OS X', os.arch: 'x86_64', os.version: '10.13.3', java.version: '1.8.0_181'
Driver info: com.kms.katalon.selenium.driver.CChromeDriver
Capabilities {acceptInsecureCerts: false, acceptSslCerts: false, applicationCacheEnabled: false, browserConnectionEnabled: false, browserName: chrome, chrome: {chromedriverVersion: 2.35.528157 (4429ca2590d698..., userDataDir: /var/folders/p5/lldhhw894tb...}, cssSelectorsEnabled: true, databaseEnabled: false, handlesAlerts: true, hasTouchScreen: false, javascriptEnabled: true, locationContextEnabled: true, mobileEmulationEnabled: false, nativeEvents: true, networkConnectionEnabled: false, pageLoadStrategy: normal, platform: MAC, platformName: MAC, rotatable: false, setWindowRect: true, takesHeapSnapshot: true, takesScreenshot: true, unexpectedAlertBehaviour: , unhandledPromptBehavior: , version: 70.0.3538.102, webStorageEnabled: true}
Session ID: d5d8de281f92a9eef992b9211726678d)
	at com.kms.katalon.core.keyword.internal.KeywordMain.stepFailed(KeywordMain.groovy:36)
	at com.kms.katalon.core.webui.keyword.internal.WebUIKeywordMain.stepFailed(WebUIKeywordMain.groovy:65)
	at com.kms.katalon.core.webui.keyword.internal.WebUIKeywordMain.runKeyword(WebUIKeywordMain.groovy:27)
	at com.kms.katalon.core.webui.keyword.builtin.ClickKeyword.click(ClickKeyword.groovy:86)
	at com.kms.katalon.core.webui.keyword.builtin.ClickKeyword.execute(ClickKeyword.groovy:67)
	at com.kms.katalon.core.keyword.internal.KeywordExecutor.executeKeywordForPlatform(KeywordExecutor.groovy:53)
	at com.kms.katalon.core.webui.keyword.WebUiBuiltInKeywords.click(WebUiBuiltInKeywords.groovy:616)
	at com.kms.katalon.core.webui.keyword.WebUiBuiltInKeywords$click$3.call(Unknown Source)
	at org.codehaus.groovy.runtime.callsite.CallSiteArray.defaultCall(CallSiteArray.java:48)
	at org.codehaus.groovy.runtime.callsite.AbstractCallSite.call(AbstractCallSite.java:113)
	at org.codehaus.groovy.runtime.callsite.AbstractCallSite.call(AbstractCallSite.java:125)
	at Script1541795104813.run(Script1541795104813.groovy:71)
	at com.kms.katalon.core.main.ScriptEngine.run(ScriptEngine.java:183)
	at com.kms.katalon.core.main.ScriptEngine.runScriptAsRawText(ScriptEngine.java:108)
	at com.kms.katalon.core.main.TestCaseExecutor.runScript(TestCaseExecutor.java:294)
	at com.kms.katalon.core.main.TestCaseExecutor.doExecute(TestCaseExecutor.java:285)
	at com.kms.katalon.core.main.TestCaseExecutor.processExecutionPhase(TestCaseExecutor.java:264)
	at com.kms.katalon.core.main.TestCaseExecutor.accessMainPhase(TestCaseExecutor.java:256)
	at com.kms.katalon.core.main.TestCaseExecutor.execute(TestCaseExecutor.java:200)
	at com.kms.katalon.core.main.TestSuiteExecutor.accessTestCaseMainPhase(TestSuiteExecutor.java:129)
	at com.kms.katalon.core.main.TestSuiteExecutor.accessTestSuiteMainPhase(TestSuiteExecutor.java:112)
	at com.kms.katalon.core.main.TestSuiteExecutor.execute(TestSuiteExecutor.java:81)
	at com.kms.katalon.core.main.TestCaseMain.startTestSuite(TestCaseMain.java:142)
	at com.kms.katalon.core.main.TestCaseMain$startTestSuite$0.call(Unknown Source)
	at org.codehaus.groovy.runtime.callsite.CallSiteArray.defaultCall(CallSiteArray.java:48)
	at org.codehaus.groovy.runtime.callsite.AbstractCallSite.call(AbstractCallSite.java:113)
	at org.codehaus.groovy.runtime.callsite.AbstractCallSite.call(AbstractCallSite.java:141)
	at TempTestSuite1542305302868.run(TempTestSuite1542305302868.groovy:36)
	at groovy.lang.GroovyShell.runScriptOrMainOrTestOrRunnable(GroovyShell.java:263)
	at groovy.lang.GroovyShell.run(GroovyShell.java:518)
	at groovy.lang.GroovyShell.run(GroovyShell.java:507)
	at groovy.ui.GroovyMain.processOnce(GroovyMain.java:653)
	at groovy.ui.GroovyMain.run(GroovyMain.java:384)
	at groovy.ui.GroovyMain.process(GroovyMain.java:370)
	at groovy.ui.GroovyMain.processArgs(GroovyMain.java:129)
	at groovy.ui.GroovyMain.main(GroovyMain.java:109)
	at sun.reflect.NativeMethodAccessorImpl.invoke0(Native Method)
	at sun.reflect.NativeMethodAccessorImpl.invoke(NativeMethodAccessorImpl.java:62)
	at sun.reflect.DelegatingMethodAccessorImpl.invoke(DelegatingMethodAccessorImpl.java:43)
	at java.lang.reflect.Method.invoke(Method.java:498)
	at org.codehaus.groovy.tools.GroovyStarter.rootLoader(GroovyStarter.java:109)
	at org.codehaus.groovy.tools.GroovyStarter.main(GroovyStarter.java:131)
)"/>
         <system-out><![CDATA[2018-11-15 12:23:16 - [TEST_CASE][FAILED] - Test Cases/SuperAdminConsole/Audit Logs/Audit Logs - Filters: Test Cases/SuperAdminConsole/Audit Logs/Audit Logs - Filters FAILED because (of) (Stack trace: com.kms.katalon.core.exception.StepFailedException: Unable to click on object 'Object Repository/SuperAdminConsole/Audit Logs/Apply Filters' (Root cause: org.openqa.selenium.ElementNotVisibleException: element not visible
  (Session info: chrome=70.0.3538.102)
  (Driver info: chromedriver=2.35.528157 (4429ca2590d6988c0745c24c8858745aaaec01ef),platform=Mac OS X 10.13.3 x86_64) (WARNING: The server did not provide any stacktrace information)
Command duration or timeout: 0 milliseconds
Build info: version: '3.7.1', revision: '8a0099a', time: '2017-11-06T21:07:36.161Z'
System info: host: 'QAs-MacBook-Pro-2.local', ip: '2600:6c40:5400:153d:440f:2c60:c4d9:500b%en0', os.name: 'Mac OS X', os.arch: 'x86_64', os.version: '10.13.3', java.version: '1.8.0_181'
Driver info: com.kms.katalon.selenium.driver.CChromeDriver
Capabilities {acceptInsecureCerts: false, acceptSslCerts: false, applicationCacheEnabled: false, browserConnectionEnabled: false, browserName: chrome, chrome: {chromedriverVersion: 2.35.528157 (4429ca2590d698..., userDataDir: /var/folders/p5/lldhhw894tb...}, cssSelectorsEnabled: true, databaseEnabled: false, handlesAlerts: true, hasTouchScreen: false, javascriptEnabled: true, locationContextEnabled: true, mobileEmulationEnabled: false, nativeEvents: true, networkConnectionEnabled: false, pageLoadStrategy: normal, platform: MAC, platformName: MAC, rotatable: false, setWindowRect: true, takesHeapSnapshot: true, takesScreenshot: true, unexpectedAlertBehaviour: , unhandledPromptBehavior: , version: 70.0.3538.102, webStorageEnabled: true}
Session ID: d5d8de281f92a9eef992b9211726678d)
	at com.kms.katalon.core.keyword.internal.KeywordMain.stepFailed(KeywordMain.groovy:36)
	at com.kms.katalon.core.webui.keyword.internal.WebUIKeywordMain.stepFailed(WebUIKeywordMain.groovy:65)
	at com.kms.katalon.core.webui.keyword.internal.WebUIKeywordMain.runKeyword(WebUIKeywordMain.groovy:27)
	at com.kms.katalon.core.webui.keyword.builtin.ClickKeyword.click(ClickKeyword.groovy:86)
	at com.kms.katalon.core.webui.keyword.builtin.ClickKeyword.execute(ClickKeyword.groovy:67)
	at com.kms.katalon.core.keyword.internal.KeywordExecutor.executeKeywordForPlatform(KeywordExecutor.groovy:53)
	at com.kms.katalon.core.webui.keyword.WebUiBuiltInKeywords.click(WebUiBuiltInKeywords.groovy:616)
	at com.kms.katalon.core.webui.keyword.WebUiBuiltInKeywords$click$3.call(Unknown Source)
	at org.codehaus.groovy.runtime.callsite.CallSiteArray.defaultCall(CallSiteArray.java:48)
	at org.codehaus.groovy.runtime.callsite.AbstractCallSite.call(AbstractCallSite.java:113)
	at org.codehaus.groovy.runtime.callsite.AbstractCallSite.call(AbstractCallSite.java:125)
	at Script1541795104813.run(Script1541795104813.groovy:71)
	at com.kms.katalon.core.main.ScriptEngine.run(ScriptEngine.java:183)
	at com.kms.katalon.core.main.ScriptEngine.runScriptAsRawText(ScriptEngine.java:108)
	at com.kms.katalon.core.main.TestCaseExecutor.runScript(TestCaseExecutor.java:294)
	at com.kms.katalon.core.main.TestCaseExecutor.doExecute(TestCaseExecutor.java:285)
	at com.kms.katalon.core.main.TestCaseExecutor.processExecutionPhase(TestCaseExecutor.java:264)
	at com.kms.katalon.core.main.TestCaseExecutor.accessMainPhase(TestCaseExecutor.java:256)
	at com.kms.katalon.core.main.TestCaseExecutor.execute(TestCaseExecutor.java:200)
	at com.kms.katalon.core.main.TestSuiteExecutor.accessTestCaseMainPhase(TestSuiteExecutor.java:129)
	at com.kms.katalon.core.main.TestSuiteExecutor.accessTestSuiteMainPhase(TestSuiteExecutor.java:112)
	at com.kms.katalon.core.main.TestSuiteExecutor.execute(TestSuiteExecutor.java:81)
	at com.kms.katalon.core.main.TestCaseMain.startTestSuite(TestCaseMain.java:142)
	at com.kms.katalon.core.main.TestCaseMain$startTestSuite$0.call(Unknown Source)
	at org.codehaus.groovy.runtime.callsite.CallSiteArray.defaultCall(CallSiteArray.java:48)
	at org.codehaus.groovy.runtime.callsite.AbstractCallSite.call(AbstractCallSite.java:113)
	at org.codehaus.groovy.runtime.callsite.AbstractCallSite.call(AbstractCallSite.java:141)
	at TempTestSuite1542305302868.run(TempTestSuite1542305302868.groovy:36)
	at groovy.lang.GroovyShell.runScriptOrMainOrTestOrRunnable(GroovyShell.java:263)
	at groovy.lang.GroovyShell.run(GroovyShell.java:518)
	at groovy.lang.GroovyShell.run(GroovyShell.java:507)
	at groovy.ui.GroovyMain.processOnce(GroovyMain.java:653)
	at groovy.ui.GroovyMain.run(GroovyMain.java:384)
	at groovy.ui.GroovyMain.process(GroovyMain.java:370)
	at groovy.ui.GroovyMain.processArgs(GroovyMain.java:129)
	at groovy.ui.GroovyMain.main(GroovyMain.java:109)
	at sun.reflect.NativeMethodAccessorImpl.invoke0(Native Method)
	at sun.reflect.NativeMethodAccessorImpl.invoke(NativeMethodAccessorImpl.java:62)
	at sun.reflect.DelegatingMethodAccessorImpl.invoke(DelegatingMethodAccessorImpl.java:43)
	at java.lang.reflect.Method.invoke(Method.java:498)
	at org.codehaus.groovy.tools.GroovyStarter.rootLoader(GroovyStarter.java:109)
	at org.codehaus.groovy.tools.GroovyStarter.main(GroovyStarter.java:131)
)

2018-11-15 12:23:17 - [TEST_STEP][PASSED] - openBrowser: Browser is opened with url: ''

2018-11-15 12:23:18 - [MESSAGE][PASSED] - Browser is opened with url: ''

2018-11-15 12:23:18 - [TEST_STEP][PASSED] - navigateToUrl: Navigate to 'https://epulsedev2.com' successfully

2018-11-15 12:23:19 - [MESSAGE][PASSED] - Navigate to 'https://epulsedev2.com' successfully

2018-11-15 12:23:19 - [TEST_STEP][PASSED] - setText: Text 'alonzo.mack@knowink.com' is set on object 'Object Repository/Login/Email Address'

2018-11-15 12:23:19 - [MESSAGE][PASSED] - Text 'alonzo.mack@knowink.com' is set on object 'Object Repository/Login/Email Address'

2018-11-15 12:23:19 - [TEST_STEP][PASSED] - setEncryptedText: Text ****** has been set on object 'Object Repository/Login/Password'

2018-11-15 12:23:19 - [MESSAGE][PASSED] - Text ****** has been set on object 'Object Repository/Login/Password'

2018-11-15 12:23:19 - [TEST_STEP][PASSED] - click: Object: 'Object Repository/Login/Sign In' is clicked on

2018-11-15 12:23:20 - [MESSAGE][PASSED] - Object: 'Object Repository/Login/Sign In' is clicked on

2018-11-15 12:23:20 - [TEST_STEP][PASSED] - click: Object: 'Object Repository/SuperAdminConsole/Audit Logs/AUDIT LOGS link' is clicked on

2018-11-15 12:23:21 - [MESSAGE][PASSED] - Object: 'Object Repository/SuperAdminConsole/Audit Logs/AUDIT LOGS link' is clicked on

2018-11-15 12:23:21 - [TEST_STEP][PASSED] - delay: Delayed 1 second(s)

2018-11-15 12:23:22 - [MESSAGE][PASSED] - Delayed 1 second(s)

2018-11-15 12:23:22 - [TEST_STEP][PASSED] - click: Object: 'Object Repository/SuperAdminConsole/Audit Logs/User Filter' is clicked on

2018-11-15 12:23:23 - [MESSAGE][PASSED] - Object: 'Object Repository/SuperAdminConsole/Audit Logs/User Filter' is clicked on

2018-11-15 12:23:23 - [TEST_STEP][PASSED] - delay: Delayed 1 second(s)

2018-11-15 12:23:24 - [MESSAGE][PASSED] - Delayed 1 second(s)

2018-11-15 12:23:24 - [TEST_STEP][PASSED] - click: Object: 'Object Repository/SuperAdminConsole/Audit Logs/a_alonzo.mackknowink.com' is clicked on

2018-11-15 12:23:24 - [MESSAGE][PASSED] - Object: 'Object Repository/SuperAdminConsole/Audit Logs/a_alonzo.mackknowink.com' is clicked on

2018-11-15 12:23:24 - [TEST_STEP][PASSED] - delay: Delayed 1 second(s)

2018-11-15 12:23:25 - [MESSAGE][PASSED] - Delayed 1 second(s)

2018-11-15 12:23:25 - [TEST_STEP][PASSED] - click: Object: 'Object Repository/SuperAdminConsole/Audit Logs/alonzo.mackknowink.com' is clicked on

2018-11-15 12:23:25 - [MESSAGE][PASSED] - Object: 'Object Repository/SuperAdminConsole/Audit Logs/alonzo.mackknowink.com' is clicked on

2018-11-15 12:23:25 - [TEST_STEP][PASSED] - delay: Delayed 1 second(s)

2018-11-15 12:23:26 - [MESSAGE][PASSED] - Delayed 1 second(s)

2018-11-15 12:23:26 - [TEST_STEP][PASSED] - click: Object: 'Object Repository/SuperAdminConsole/Audit Logs/Apply Filters' is clicked on

2018-11-15 12:23:26 - [MESSAGE][PASSED] - Object: 'Object Repository/SuperAdminConsole/Audit Logs/Apply Filters' is clicked on

2018-11-15 12:23:26 - [TEST_STEP][PASSED] - delay: Delayed 1 second(s)

2018-11-15 12:23:27 - [MESSAGE][PASSED] - Delayed 1 second(s)

2018-11-15 12:23:27 - [TEST_STEP][PASSED] - click: Object: 'Object Repository/SuperAdminConsole/Audit Logs/Remove Filter' is clicked on

2018-11-15 12:23:27 - [MESSAGE][PASSED] - Object: 'Object Repository/SuperAdminConsole/Audit Logs/Remove Filter' is clicked on

2018-11-15 12:23:27 - [TEST_STEP][PASSED] - delay: Delayed 1 second(s)

2018-11-15 12:23:28 - [MESSAGE][PASSED] - Delayed 1 second(s)

2018-11-15 12:23:28 - [TEST_STEP][PASSED] - click: Object: 'Object Repository/SuperAdminConsole/Audit Logs/Election Filter' is clicked on

2018-11-15 12:23:28 - [MESSAGE][PASSED] - Object: 'Object Repository/SuperAdminConsole/Audit Logs/Election Filter' is clicked on

2018-11-15 12:23:28 - [TEST_STEP][PASSED] - delay: Delayed 1 second(s)

2018-11-15 12:23:29 - [MESSAGE][PASSED] - Delayed 1 second(s)

2018-11-15 12:23:29 - [TEST_STEP][PASSED] - click: Object: 'Object Repository/SuperAdminConsole/Audit Logs/Logs/a_General Election' is clicked on

2018-11-15 12:23:29 - [MESSAGE][PASSED] - Object: 'Object Repository/SuperAdminConsole/Audit Logs/Logs/a_General Election' is clicked on

2018-11-15 12:23:29 - [TEST_STEP][PASSED] - delay: Delayed 1 second(s)

2018-11-15 12:23:30 - [MESSAGE][PASSED] - Delayed 1 second(s)

2018-11-15 12:23:30 - [TEST_STEP][PASSED] - setText: Text '' is set on object 'Object Repository/SuperAdminConsole/Audit Logs/Logs/input'

2018-11-15 12:23:30 - [MESSAGE][PASSED] - Text '' is set on object 'Object Repository/SuperAdminConsole/Audit Logs/Logs/input'

2018-11-15 12:23:30 - [TEST_STEP][PASSED] - delay: Delayed 1 second(s)

2018-11-15 12:23:31 - [MESSAGE][PASSED] - Delayed 1 second(s)

2018-11-15 12:23:31 - [TEST_STEP][PASSED] - click: Object: 'Object Repository/SuperAdminConsole/Audit Logs/Logs/li_linncounty 11-2' is clicked on

2018-11-15 12:23:31 - [MESSAGE][PASSED] - Object: 'Object Repository/SuperAdminConsole/Audit Logs/Logs/li_linncounty 11-2' is clicked on

2018-11-15 12:23:31 - [TEST_STEP][PASSED] - delay: Delayed 1 second(s)

2018-11-15 12:23:32 - [MESSAGE][PASSED] - Delayed 1 second(s)

2018-11-15 12:23:32 - [TEST_STEP][FAILED] - click: Unable to click on object 'Object Repository/SuperAdminConsole/Audit Logs/Apply Filters' (Root cause: org.openqa.selenium.ElementNotVisibleException: element not visible
  (Session info: chrome=70.0.3538.102)
  (Driver info: chromedriver=2.35.528157 (4429ca2590d6988c0745c24c8858745aaaec01ef),platform=Mac OS X 10.13.3 x86_64) (WARNING: The server did not provide any stacktrace information)
Command duration or timeout: 0 milliseconds
Build info: version: '3.7.1', revision: '8a0099a', time: '2017-11-06T21:07:36.161Z'
System info: host: 'QAs-MacBook-Pro-2.local', ip: '2600:6c40:5400:153d:440f:2c60:c4d9:500b%en0', os.name: 'Mac OS X', os.arch: 'x86_64', os.version: '10.13.3', java.version: '1.8.0_181'
Driver info: com.kms.katalon.selenium.driver.CChromeDriver
Capabilities {acceptInsecureCerts: false, acceptSslCerts: false, applicationCacheEnabled: false, browserConnectionEnabled: false, browserName: chrome, chrome: {chromedriverVersion: 2.35.528157 (4429ca2590d698..., userDataDir: /var/folders/p5/lldhhw894tb...}, cssSelectorsEnabled: true, databaseEnabled: false, handlesAlerts: true, hasTouchScreen: false, javascriptEnabled: true, locationContextEnabled: true, mobileEmulationEnabled: false, nativeEvents: true, networkConnectionEnabled: false, pageLoadStrategy: normal, platform: MAC, platformName: MAC, rotatable: false, setWindowRect: true, takesHeapSnapshot: true, takesScreenshot: true, unexpectedAlertBehaviour: , unhandledPromptBehavior: , version: 70.0.3538.102, webStorageEnabled: true}
Session ID: d5d8de281f92a9eef992b9211726678d)

2018-11-15 12:23:32 - [MESSAGE][FAILED] - Unable to click on object 'Object Repository/SuperAdminConsole/Audit Logs/Apply Filters' (Root cause: org.openqa.selenium.ElementNotVisibleException: element not visible
  (Session info: chrome=70.0.3538.102)
  (Driver info: chromedriver=2.35.528157 (4429ca2590d6988c0745c24c8858745aaaec01ef),platform=Mac OS X 10.13.3 x86_64) (WARNING: The server did not provide any stacktrace information)
Command duration or timeout: 0 milliseconds
Build info: version: '3.7.1', revision: '8a0099a', time: '2017-11-06T21:07:36.161Z'
System info: host: 'QAs-MacBook-Pro-2.local', ip: '2600:6c40:5400:153d:440f:2c60:c4d9:500b%en0', os.name: 'Mac OS X', os.arch: 'x86_64', os.version: '10.13.3', java.version: '1.8.0_181'
Driver info: com.kms.katalon.selenium.driver.CChromeDriver
Capabilities {acceptInsecureCerts: false, acceptSslCerts: false, applicationCacheEnabled: false, browserConnectionEnabled: false, browserName: chrome, chrome: {chromedriverVersion: 2.35.528157 (4429ca2590d698..., userDataDir: /var/folders/p5/lldhhw894tb...}, cssSelectorsEnabled: true, databaseEnabled: false, handlesAlerts: true, hasTouchScreen: false, javascriptEnabled: true, locationContextEnabled: true, mobileEmulationEnabled: false, nativeEvents: true, networkConnectionEnabled: false, pageLoadStrategy: normal, platform: MAC, platformName: MAC, rotatable: false, setWindowRect: true, takesHeapSnapshot: true, takesScreenshot: true, unexpectedAlertBehaviour: , unhandledPromptBehavior: , version: 70.0.3538.102, webStorageEnabled: true}
Session ID: d5d8de281f92a9eef992b9211726678d)
[[ATTACHMENT|/Users/alonzomack/Katalon Studio/Regression/Reports/New Test Suite/20181115_120822/1542306212698.png]]]]></system-out>
         <system-err><![CDATA[2018-11-15 12:23:16 - [TEST_CASE][FAILED] - Test Cases/SuperAdminConsole/Audit Logs/Audit Logs - Filters: Test Cases/SuperAdminConsole/Audit Logs/Audit Logs - Filters FAILED because (of) (Stack trace: com.kms.katalon.core.exception.StepFailedException: Unable to click on object 'Object Repository/SuperAdminConsole/Audit Logs/Apply Filters' (Root cause: org.openqa.selenium.ElementNotVisibleException: element not visible
  (Session info: chrome=70.0.3538.102)
  (Driver info: chromedriver=2.35.528157 (4429ca2590d6988c0745c24c8858745aaaec01ef),platform=Mac OS X 10.13.3 x86_64) (WARNING: The server did not provide any stacktrace information)
Command duration or timeout: 0 milliseconds
Build info: version: '3.7.1', revision: '8a0099a', time: '2017-11-06T21:07:36.161Z'
System info: host: 'QAs-MacBook-Pro-2.local', ip: '2600:6c40:5400:153d:440f:2c60:c4d9:500b%en0', os.name: 'Mac OS X', os.arch: 'x86_64', os.version: '10.13.3', java.version: '1.8.0_181'
Driver info: com.kms.katalon.selenium.driver.CChromeDriver
Capabilities {acceptInsecureCerts: false, acceptSslCerts: false, applicationCacheEnabled: false, browserConnectionEnabled: false, browserName: chrome, chrome: {chromedriverVersion: 2.35.528157 (4429ca2590d698..., userDataDir: /var/folders/p5/lldhhw894tb...}, cssSelectorsEnabled: true, databaseEnabled: false, handlesAlerts: true, hasTouchScreen: false, javascriptEnabled: true, locationContextEnabled: true, mobileEmulationEnabled: false, nativeEvents: true, networkConnectionEnabled: false, pageLoadStrategy: normal, platform: MAC, platformName: MAC, rotatable: false, setWindowRect: true, takesHeapSnapshot: true, takesScreenshot: true, unexpectedAlertBehaviour: , unhandledPromptBehavior: , version: 70.0.3538.102, webStorageEnabled: true}
Session ID: d5d8de281f92a9eef992b9211726678d)
	at com.kms.katalon.core.keyword.internal.KeywordMain.stepFailed(KeywordMain.groovy:36)
	at com.kms.katalon.core.webui.keyword.internal.WebUIKeywordMain.stepFailed(WebUIKeywordMain.groovy:65)
	at com.kms.katalon.core.webui.keyword.internal.WebUIKeywordMain.runKeyword(WebUIKeywordMain.groovy:27)
	at com.kms.katalon.core.webui.keyword.builtin.ClickKeyword.click(ClickKeyword.groovy:86)
	at com.kms.katalon.core.webui.keyword.builtin.ClickKeyword.execute(ClickKeyword.groovy:67)
	at com.kms.katalon.core.keyword.internal.KeywordExecutor.executeKeywordForPlatform(KeywordExecutor.groovy:53)
	at com.kms.katalon.core.webui.keyword.WebUiBuiltInKeywords.click(WebUiBuiltInKeywords.groovy:616)
	at com.kms.katalon.core.webui.keyword.WebUiBuiltInKeywords$click$3.call(Unknown Source)
	at org.codehaus.groovy.runtime.callsite.CallSiteArray.defaultCall(CallSiteArray.java:48)
	at org.codehaus.groovy.runtime.callsite.AbstractCallSite.call(AbstractCallSite.java:113)
	at org.codehaus.groovy.runtime.callsite.AbstractCallSite.call(AbstractCallSite.java:125)
	at Script1541795104813.run(Script1541795104813.groovy:71)
	at com.kms.katalon.core.main.ScriptEngine.run(ScriptEngine.java:183)
	at com.kms.katalon.core.main.ScriptEngine.runScriptAsRawText(ScriptEngine.java:108)
	at com.kms.katalon.core.main.TestCaseExecutor.runScript(TestCaseExecutor.java:294)
	at com.kms.katalon.core.main.TestCaseExecutor.doExecute(TestCaseExecutor.java:285)
	at com.kms.katalon.core.main.TestCaseExecutor.processExecutionPhase(TestCaseExecutor.java:264)
	at com.kms.katalon.core.main.TestCaseExecutor.accessMainPhase(TestCaseExecutor.java:256)
	at com.kms.katalon.core.main.TestCaseExecutor.execute(TestCaseExecutor.java:200)
	at com.kms.katalon.core.main.TestSuiteExecutor.accessTestCaseMainPhase(TestSuiteExecutor.java:129)
	at com.kms.katalon.core.main.TestSuiteExecutor.accessTestSuiteMainPhase(TestSuiteExecutor.java:112)
	at com.kms.katalon.core.main.TestSuiteExecutor.execute(TestSuiteExecutor.java:81)
	at com.kms.katalon.core.main.TestCaseMain.startTestSuite(TestCaseMain.java:142)
	at com.kms.katalon.core.main.TestCaseMain$startTestSuite$0.call(Unknown Source)
	at org.codehaus.groovy.runtime.callsite.CallSiteArray.defaultCall(CallSiteArray.java:48)
	at org.codehaus.groovy.runtime.callsite.AbstractCallSite.call(AbstractCallSite.java:113)
	at org.codehaus.groovy.runtime.callsite.AbstractCallSite.call(AbstractCallSite.java:141)
	at TempTestSuite1542305302868.run(TempTestSuite1542305302868.groovy:36)
	at groovy.lang.GroovyShell.runScriptOrMainOrTestOrRunnable(GroovyShell.java:263)
	at groovy.lang.GroovyShell.run(GroovyShell.java:518)
	at groovy.lang.GroovyShell.run(GroovyShell.java:507)
	at groovy.ui.GroovyMain.processOnce(GroovyMain.java:653)
	at groovy.ui.GroovyMain.run(GroovyMain.java:384)
	at groovy.ui.GroovyMain.process(GroovyMain.java:370)
	at groovy.ui.GroovyMain.processArgs(GroovyMain.java:129)
	at groovy.ui.GroovyMain.main(GroovyMain.java:109)
	at sun.reflect.NativeMethodAccessorImpl.invoke0(Native Method)
	at sun.reflect.NativeMethodAccessorImpl.invoke(NativeMethodAccessorImpl.java:62)
	at sun.reflect.DelegatingMethodAccessorImpl.invoke(DelegatingMethodAccessorImpl.java:43)
	at java.lang.reflect.Method.invoke(Method.java:498)
	at org.codehaus.groovy.tools.GroovyStarter.rootLoader(GroovyStarter.java:109)
	at org.codehaus.groovy.tools.GroovyStarter.main(GroovyStarter.java:131)
)]]></system-err>
      </testcase>
      <testcase name="Test Cases/Admin Console/Election Setup/Ballot Styles/Ballot Styles - Import" classname="Test Cases/Admin Console/Election Setup/Ballot Styles/Ballot Styles - Import" status="PASSED">
         <system-out><![CDATA[2018-11-15 12:23:32 - [TEST_CASE][PASSED] - Test Cases/Admin Console/Election Setup/Ballot Styles/Ballot Styles - Import: Test Cases/Admin Console/Election Setup/Ballot Styles/Ballot Styles - Import

2018-11-15 12:23:33 - [TEST_STEP][PASSED] - openBrowser: Browser is opened with url: ''

2018-11-15 12:23:33 - [MESSAGE][WARNING] - A browser is already opened. Closing browser and opening a new one

2018-11-15 12:23:34 - [MESSAGE][PASSED] - Browser is opened with url: ''

2018-11-15 12:23:34 - [TEST_STEP][PASSED] - navigateToUrl: Navigate to 'https://epulsedev2.com' successfully

2018-11-15 12:23:35 - [MESSAGE][PASSED] - Navigate to 'https://epulsedev2.com' successfully

2018-11-15 12:23:35 - [TEST_STEP][PASSED] - setText: Text 'alonzo.mack@knowink.com' is set on object 'Object Repository/Login/Email Address'

2018-11-15 12:23:36 - [MESSAGE][PASSED] - Text 'alonzo.mack@knowink.com' is set on object 'Object Repository/Login/Email Address'

2018-11-15 12:23:36 - [TEST_STEP][PASSED] - setEncryptedText: Text ****** has been set on object 'Object Repository/Login/Password'

2018-11-15 12:23:36 - [MESSAGE][PASSED] - Text ****** has been set on object 'Object Repository/Login/Password'

2018-11-15 12:23:36 - [TEST_STEP][PASSED] - click: Object: 'Object Repository/Login/Sign In' is clicked on

2018-11-15 12:23:37 - [MESSAGE][PASSED] - Object: 'Object Repository/Login/Sign In' is clicked on

2018-11-15 12:23:37 - [TEST_STEP][PASSED] - delay: Delayed 1 second(s)

2018-11-15 12:23:38 - [MESSAGE][PASSED] - Delayed 1 second(s)

2018-11-15 12:23:38 - [TEST_STEP][PASSED] - navigateToUrl: Navigate to 'https://am-automation-test.epulsedev2.com/imports/ballot_types' successfully

2018-11-15 12:23:43 - [MESSAGE][PASSED] - Navigate to 'https://am-automation-test.epulsedev2.com/imports/ballot_types' successfully

2018-11-15 12:23:43 - [TEST_STEP][PASSED] - delay: Delayed 1 second(s)

2018-11-15 12:23:44 - [MESSAGE][PASSED] - Delayed 1 second(s)

2018-11-15 12:23:44 - [TEST_STEP][PASSED] - setText: Text '/Users/alonzomack/Downloads/Automation uploads/ballot_types.csv' is set on object 'Object Repository/Common ePulse Objects/Choose File'

2018-11-15 12:23:44 - [MESSAGE][PASSED] - Text '/Users/alonzomack/Downloads/Automation uploads/ballot_types.csv' is set on object 'Object Repository/Common ePulse Objects/Choose File'

2018-11-15 12:23:44 - [TEST_STEP][PASSED] - click: Object: 'Object Repository/Common ePulse Objects/Continue Button' is clicked on

2018-11-15 12:23:44 - [MESSAGE][PASSED] - Object: 'Object Repository/Common ePulse Objects/Continue Button' is clicked on

2018-11-15 12:23:44 - [TEST_STEP][PASSED] - delay: Delayed 1 second(s)

2018-11-15 12:23:45 - [MESSAGE][PASSED] - Delayed 1 second(s)

2018-11-15 12:23:45 - [TEST_STEP][PASSED] - click: Object: 'Object Repository/Common ePulse Objects/button_Done(working)' is clicked on

2018-11-15 12:23:51 - [MESSAGE][PASSED] - Object: 'Object Repository/Common ePulse Objects/button_Done(working)' is clicked on

2018-11-15 12:23:51 - [TEST_STEP][PASSED] - closeBrowser: Browser is closed

2018-11-15 12:23:51 - [MESSAGE][PASSED] - Browser is closed]]></system-out>
         <system-err><![CDATA[]]></system-err>
      </testcase>
      <testcase name="Test Cases/Admin Console/Account Settings/Account Settings - Users" classname="Test Cases/Admin Console/Account Settings/Account Settings - Users" status="FAILED">
         <failure type="FAILED" message="(Stack trace: com.kms.katalon.core.exception.StepFailedException: Unable to set text (Root cause: java.lang.IllegalArgumentException: Object is null)
	at com.kms.katalon.core.keyword.internal.KeywordMain.stepFailed(KeywordMain.groovy:36)
	at com.kms.katalon.core.webui.keyword.internal.WebUIKeywordMain.stepFailed(WebUIKeywordMain.groovy:65)
	at com.kms.katalon.core.webui.keyword.internal.WebUIKeywordMain.runKeyword(WebUIKeywordMain.groovy:27)
	at com.kms.katalon.core.webui.keyword.builtin.SetTextKeyword.setText(SetTextKeyword.groovy:65)
	at com.kms.katalon.core.webui.keyword.builtin.SetTextKeyword.execute(SetTextKeyword.groovy:37)
	at com.kms.katalon.core.keyword.internal.KeywordExecutor.executeKeywordForPlatform(KeywordExecutor.groovy:53)
	at com.kms.katalon.core.webui.keyword.WebUiBuiltInKeywords.setText(WebUiBuiltInKeywords.groovy:950)
	at com.kms.katalon.core.webui.keyword.WebUiBuiltInKeywords$setText$1.call(Unknown Source)
	at org.codehaus.groovy.runtime.callsite.CallSiteArray.defaultCall(CallSiteArray.java:48)
	at org.codehaus.groovy.runtime.callsite.AbstractCallSite.call(AbstractCallSite.java:113)
	at org.codehaus.groovy.runtime.callsite.AbstractCallSite.call(AbstractCallSite.java:133)
	at Script1529949966022.run(Script1529949966022.groovy:27)
	at com.kms.katalon.core.main.ScriptEngine.run(ScriptEngine.java:183)
	at com.kms.katalon.core.main.ScriptEngine.runScriptAsRawText(ScriptEngine.java:108)
	at com.kms.katalon.core.main.TestCaseExecutor.runScript(TestCaseExecutor.java:294)
	at com.kms.katalon.core.main.TestCaseExecutor.doExecute(TestCaseExecutor.java:285)
	at com.kms.katalon.core.main.TestCaseExecutor.processExecutionPhase(TestCaseExecutor.java:264)
	at com.kms.katalon.core.main.TestCaseExecutor.accessMainPhase(TestCaseExecutor.java:256)
	at com.kms.katalon.core.main.TestCaseExecutor.execute(TestCaseExecutor.java:200)
	at com.kms.katalon.core.main.TestSuiteExecutor.accessTestCaseMainPhase(TestSuiteExecutor.java:129)
	at com.kms.katalon.core.main.TestSuiteExecutor.accessTestSuiteMainPhase(TestSuiteExecutor.java:112)
	at com.kms.katalon.core.main.TestSuiteExecutor.execute(TestSuiteExecutor.java:81)
	at com.kms.katalon.core.main.TestCaseMain.startTestSuite(TestCaseMain.java:142)
	at com.kms.katalon.core.main.TestCaseMain$startTestSuite$0.call(Unknown Source)
	at org.codehaus.groovy.runtime.callsite.CallSiteArray.defaultCall(CallSiteArray.java:48)
	at org.codehaus.groovy.runtime.callsite.AbstractCallSite.call(AbstractCallSite.java:113)
	at org.codehaus.groovy.runtime.callsite.AbstractCallSite.call(AbstractCallSite.java:141)
	at TempTestSuite1542305302868.run(TempTestSuite1542305302868.groovy:36)
	at groovy.lang.GroovyShell.runScriptOrMainOrTestOrRunnable(GroovyShell.java:263)
	at groovy.lang.GroovyShell.run(GroovyShell.java:518)
	at groovy.lang.GroovyShell.run(GroovyShell.java:507)
	at groovy.ui.GroovyMain.processOnce(GroovyMain.java:653)
	at groovy.ui.GroovyMain.run(GroovyMain.java:384)
	at groovy.ui.GroovyMain.process(GroovyMain.java:370)
	at groovy.ui.GroovyMain.processArgs(GroovyMain.java:129)
	at groovy.ui.GroovyMain.main(GroovyMain.java:109)
	at sun.reflect.NativeMethodAccessorImpl.invoke0(Native Method)
	at sun.reflect.NativeMethodAccessorImpl.invoke(NativeMethodAccessorImpl.java:62)
	at sun.reflect.DelegatingMethodAccessorImpl.invoke(DelegatingMethodAccessorImpl.java:43)
	at java.lang.reflect.Method.invoke(Method.java:498)
	at org.codehaus.groovy.tools.GroovyStarter.rootLoader(GroovyStarter.java:109)
	at org.codehaus.groovy.tools.GroovyStarter.main(GroovyStarter.java:131)
)"/>
         <system-out><![CDATA[2018-11-15 12:23:51 - [TEST_CASE][FAILED] - Test Cases/Admin Console/Account Settings/Account Settings - Users: Test Cases/Admin Console/Account Settings/Account Settings - Users FAILED because (of) (Stack trace: com.kms.katalon.core.exception.StepFailedException: Unable to set text (Root cause: java.lang.IllegalArgumentException: Object is null)
	at com.kms.katalon.core.keyword.internal.KeywordMain.stepFailed(KeywordMain.groovy:36)
	at com.kms.katalon.core.webui.keyword.internal.WebUIKeywordMain.stepFailed(WebUIKeywordMain.groovy:65)
	at com.kms.katalon.core.webui.keyword.internal.WebUIKeywordMain.runKeyword(WebUIKeywordMain.groovy:27)
	at com.kms.katalon.core.webui.keyword.builtin.SetTextKeyword.setText(SetTextKeyword.groovy:65)
	at com.kms.katalon.core.webui.keyword.builtin.SetTextKeyword.execute(SetTextKeyword.groovy:37)
	at com.kms.katalon.core.keyword.internal.KeywordExecutor.executeKeywordForPlatform(KeywordExecutor.groovy:53)
	at com.kms.katalon.core.webui.keyword.WebUiBuiltInKeywords.setText(WebUiBuiltInKeywords.groovy:950)
	at com.kms.katalon.core.webui.keyword.WebUiBuiltInKeywords$setText$1.call(Unknown Source)
	at org.codehaus.groovy.runtime.callsite.CallSiteArray.defaultCall(CallSiteArray.java:48)
	at org.codehaus.groovy.runtime.callsite.AbstractCallSite.call(AbstractCallSite.java:113)
	at org.codehaus.groovy.runtime.callsite.AbstractCallSite.call(AbstractCallSite.java:133)
	at Script1529949966022.run(Script1529949966022.groovy:27)
	at com.kms.katalon.core.main.ScriptEngine.run(ScriptEngine.java:183)
	at com.kms.katalon.core.main.ScriptEngine.runScriptAsRawText(ScriptEngine.java:108)
	at com.kms.katalon.core.main.TestCaseExecutor.runScript(TestCaseExecutor.java:294)
	at com.kms.katalon.core.main.TestCaseExecutor.doExecute(TestCaseExecutor.java:285)
	at com.kms.katalon.core.main.TestCaseExecutor.processExecutionPhase(TestCaseExecutor.java:264)
	at com.kms.katalon.core.main.TestCaseExecutor.accessMainPhase(TestCaseExecutor.java:256)
	at com.kms.katalon.core.main.TestCaseExecutor.execute(TestCaseExecutor.java:200)
	at com.kms.katalon.core.main.TestSuiteExecutor.accessTestCaseMainPhase(TestSuiteExecutor.java:129)
	at com.kms.katalon.core.main.TestSuiteExecutor.accessTestSuiteMainPhase(TestSuiteExecutor.java:112)
	at com.kms.katalon.core.main.TestSuiteExecutor.execute(TestSuiteExecutor.java:81)
	at com.kms.katalon.core.main.TestCaseMain.startTestSuite(TestCaseMain.java:142)
	at com.kms.katalon.core.main.TestCaseMain$startTestSuite$0.call(Unknown Source)
	at org.codehaus.groovy.runtime.callsite.CallSiteArray.defaultCall(CallSiteArray.java:48)
	at org.codehaus.groovy.runtime.callsite.AbstractCallSite.call(AbstractCallSite.java:113)
	at org.codehaus.groovy.runtime.callsite.AbstractCallSite.call(AbstractCallSite.java:141)
	at TempTestSuite1542305302868.run(TempTestSuite1542305302868.groovy:36)
	at groovy.lang.GroovyShell.runScriptOrMainOrTestOrRunnable(GroovyShell.java:263)
	at groovy.lang.GroovyShell.run(GroovyShell.java:518)
	at groovy.lang.GroovyShell.run(GroovyShell.java:507)
	at groovy.ui.GroovyMain.processOnce(GroovyMain.java:653)
	at groovy.ui.GroovyMain.run(GroovyMain.java:384)
	at groovy.ui.GroovyMain.process(GroovyMain.java:370)
	at groovy.ui.GroovyMain.processArgs(GroovyMain.java:129)
	at groovy.ui.GroovyMain.main(GroovyMain.java:109)
	at sun.reflect.NativeMethodAccessorImpl.invoke0(Native Method)
	at sun.reflect.NativeMethodAccessorImpl.invoke(NativeMethodAccessorImpl.java:62)
	at sun.reflect.DelegatingMethodAccessorImpl.invoke(DelegatingMethodAccessorImpl.java:43)
	at java.lang.reflect.Method.invoke(Method.java:498)
	at org.codehaus.groovy.tools.GroovyStarter.rootLoader(GroovyStarter.java:109)
	at org.codehaus.groovy.tools.GroovyStarter.main(GroovyStarter.java:131)
)

2018-11-15 12:23:52 - [TEST_STEP][PASSED] - openBrowser: Browser is opened with url: ''

2018-11-15 12:23:53 - [MESSAGE][PASSED] - Browser is opened with url: ''

2018-11-15 12:23:53 - [TEST_STEP][PASSED] - navigateToUrl: Navigate to 'https://epulsedev2.com/users/sign_in' successfully

2018-11-15 12:23:55 - [MESSAGE][PASSED] - Navigate to 'https://epulsedev2.com/users/sign_in' successfully

2018-11-15 12:23:55 - [TEST_STEP][FAILED] - setText: Unable to set text (Root cause: java.lang.IllegalArgumentException: Object is null)

2018-11-15 12:23:55 - [MESSAGE][WARNING] - Test object with id 'Object Repository/Page_Epulse/input_useremail' does not exist

2018-11-15 12:23:55 - [MESSAGE][WARNING] - Test object with id 'Object Repository/' does not exist

2018-11-15 12:23:55 - [MESSAGE][FAILED] - Unable to set text (Root cause: java.lang.IllegalArgumentException: Object is null)
[[ATTACHMENT|/Users/alonzomack/Katalon Studio/Regression/Reports/New Test Suite/20181115_120822/1542306235253.png]]]]></system-out>
         <system-err><![CDATA[2018-11-15 12:23:51 - [TEST_CASE][FAILED] - Test Cases/Admin Console/Account Settings/Account Settings - Users: Test Cases/Admin Console/Account Settings/Account Settings - Users FAILED because (of) (Stack trace: com.kms.katalon.core.exception.StepFailedException: Unable to set text (Root cause: java.lang.IllegalArgumentException: Object is null)
	at com.kms.katalon.core.keyword.internal.KeywordMain.stepFailed(KeywordMain.groovy:36)
	at com.kms.katalon.core.webui.keyword.internal.WebUIKeywordMain.stepFailed(WebUIKeywordMain.groovy:65)
	at com.kms.katalon.core.webui.keyword.internal.WebUIKeywordMain.runKeyword(WebUIKeywordMain.groovy:27)
	at com.kms.katalon.core.webui.keyword.builtin.SetTextKeyword.setText(SetTextKeyword.groovy:65)
	at com.kms.katalon.core.webui.keyword.builtin.SetTextKeyword.execute(SetTextKeyword.groovy:37)
	at com.kms.katalon.core.keyword.internal.KeywordExecutor.executeKeywordForPlatform(KeywordExecutor.groovy:53)
	at com.kms.katalon.core.webui.keyword.WebUiBuiltInKeywords.setText(WebUiBuiltInKeywords.groovy:950)
	at com.kms.katalon.core.webui.keyword.WebUiBuiltInKeywords$setText$1.call(Unknown Source)
	at org.codehaus.groovy.runtime.callsite.CallSiteArray.defaultCall(CallSiteArray.java:48)
	at org.codehaus.groovy.runtime.callsite.AbstractCallSite.call(AbstractCallSite.java:113)
	at org.codehaus.groovy.runtime.callsite.AbstractCallSite.call(AbstractCallSite.java:133)
	at Script1529949966022.run(Script1529949966022.groovy:27)
	at com.kms.katalon.core.main.ScriptEngine.run(ScriptEngine.java:183)
	at com.kms.katalon.core.main.ScriptEngine.runScriptAsRawText(ScriptEngine.java:108)
	at com.kms.katalon.core.main.TestCaseExecutor.runScript(TestCaseExecutor.java:294)
	at com.kms.katalon.core.main.TestCaseExecutor.doExecute(TestCaseExecutor.java:285)
	at com.kms.katalon.core.main.TestCaseExecutor.processExecutionPhase(TestCaseExecutor.java:264)
	at com.kms.katalon.core.main.TestCaseExecutor.accessMainPhase(TestCaseExecutor.java:256)
	at com.kms.katalon.core.main.TestCaseExecutor.execute(TestCaseExecutor.java:200)
	at com.kms.katalon.core.main.TestSuiteExecutor.accessTestCaseMainPhase(TestSuiteExecutor.java:129)
	at com.kms.katalon.core.main.TestSuiteExecutor.accessTestSuiteMainPhase(TestSuiteExecutor.java:112)
	at com.kms.katalon.core.main.TestSuiteExecutor.execute(TestSuiteExecutor.java:81)
	at com.kms.katalon.core.main.TestCaseMain.startTestSuite(TestCaseMain.java:142)
	at com.kms.katalon.core.main.TestCaseMain$startTestSuite$0.call(Unknown Source)
	at org.codehaus.groovy.runtime.callsite.CallSiteArray.defaultCall(CallSiteArray.java:48)
	at org.codehaus.groovy.runtime.callsite.AbstractCallSite.call(AbstractCallSite.java:113)
	at org.codehaus.groovy.runtime.callsite.AbstractCallSite.call(AbstractCallSite.java:141)
	at TempTestSuite1542305302868.run(TempTestSuite1542305302868.groovy:36)
	at groovy.lang.GroovyShell.runScriptOrMainOrTestOrRunnable(GroovyShell.java:263)
	at groovy.lang.GroovyShell.run(GroovyShell.java:518)
	at groovy.lang.GroovyShell.run(GroovyShell.java:507)
	at groovy.ui.GroovyMain.processOnce(GroovyMain.java:653)
	at groovy.ui.GroovyMain.run(GroovyMain.java:384)
	at groovy.ui.GroovyMain.process(GroovyMain.java:370)
	at groovy.ui.GroovyMain.processArgs(GroovyMain.java:129)
	at groovy.ui.GroovyMain.main(GroovyMain.java:109)
	at sun.reflect.NativeMethodAccessorImpl.invoke0(Native Method)
	at sun.reflect.NativeMethodAccessorImpl.invoke(NativeMethodAccessorImpl.java:62)
	at sun.reflect.DelegatingMethodAccessorImpl.invoke(DelegatingMethodAccessorImpl.java:43)
	at java.lang.reflect.Method.invoke(Method.java:498)
	at org.codehaus.groovy.tools.GroovyStarter.rootLoader(GroovyStarter.java:109)
	at org.codehaus.groovy.tools.GroovyStarter.main(GroovyStarter.java:131)
)]]></system-err>
      </testcase>
      <testcase name="Test Cases/SuperAdminConsole/Statuses/Statuses_Add" classname="Test Cases/SuperAdminConsole/Statuses/Statuses_Add" status="PASSED">
         <system-out><![CDATA[2018-11-15 12:23:55 - [TEST_CASE][PASSED] - Test Cases/SuperAdminConsole/Statuses/Statuses_Add: Test Cases/SuperAdminConsole/Statuses/Statuses_Add

2018-11-15 12:23:55 - [TEST_STEP][PASSED] - openBrowser: Browser is opened with url: ''

2018-11-15 12:23:55 - [MESSAGE][WARNING] - A browser is already opened. Closing browser and opening a new one

2018-11-15 12:23:56 - [MESSAGE][PASSED] - Browser is opened with url: ''

2018-11-15 12:23:56 - [TEST_STEP][PASSED] - navigateToUrl: Navigate to 'https://epulsedev2.com' successfully

2018-11-15 12:23:58 - [MESSAGE][PASSED] - Navigate to 'https://epulsedev2.com' successfully

2018-11-15 12:23:58 - [TEST_STEP][PASSED] - setText: Text 'alonzo.mack@knowink.com' is set on object 'Object Repository/Login/Email Address'

2018-11-15 12:23:58 - [MESSAGE][PASSED] - Text 'alonzo.mack@knowink.com' is set on object 'Object Repository/Login/Email Address'

2018-11-15 12:23:58 - [TEST_STEP][PASSED] - setEncryptedText: Text ****** has been set on object 'Object Repository/Login/Password'

2018-11-15 12:23:58 - [MESSAGE][PASSED] - Text ****** has been set on object 'Object Repository/Login/Password'

2018-11-15 12:23:58 - [TEST_STEP][PASSED] - click: Object: 'Object Repository/Login/Sign In' is clicked on

2018-11-15 12:23:59 - [MESSAGE][PASSED] - Object: 'Object Repository/Login/Sign In' is clicked on

2018-11-15 12:23:59 - [TEST_STEP][PASSED] - delay: Delayed 1 second(s)

2018-11-15 12:24:00 - [MESSAGE][PASSED] - Delayed 1 second(s)

2018-11-15 12:24:00 - [TEST_STEP][PASSED] - click: Object: 'Object Repository/SuperAdminConsole/STATUS/STATUSES' is clicked on

2018-11-15 12:24:01 - [MESSAGE][PASSED] - Object: 'Object Repository/SuperAdminConsole/STATUS/STATUSES' is clicked on

2018-11-15 12:24:01 - [TEST_STEP][PASSED] - delay: Delayed 1 second(s)

2018-11-15 12:24:02 - [MESSAGE][PASSED] - Delayed 1 second(s)

2018-11-15 12:24:02 - [TEST_STEP][PASSED] - click: Object: 'Object Repository/SuperAdminConsole/STATUS/Add Status' is clicked on

2018-11-15 12:24:02 - [MESSAGE][PASSED] - Object: 'Object Repository/SuperAdminConsole/STATUS/Add Status' is clicked on

2018-11-15 12:24:02 - [TEST_STEP][PASSED] - delay: Delayed 1 second(s)

2018-11-15 12:24:03 - [MESSAGE][PASSED] - Delayed 1 second(s)

2018-11-15 12:24:03 - [TEST_STEP][PASSED] - selectOptionByValue: All options with value 'voter' are selected in object 'Object Repository/SuperAdminConsole/STATUS/Selet_Voter Type'  using regular expression

2018-11-15 12:24:03 - [MESSAGE][PASSED] - All options with value 'voter' are selected in object 'Object Repository/SuperAdminConsole/STATUS/Selet_Voter Type'  using regular expression

2018-11-15 12:24:03 - [TEST_STEP][PASSED] - delay: Delayed 1 second(s)

2018-11-15 12:24:04 - [MESSAGE][PASSED] - Delayed 1 second(s)

2018-11-15 12:24:04 - [TEST_STEP][PASSED] - selectOptionByValue: All options with value '1' are selected in object 'Object Repository/SuperAdminConsole/STATUS/select_Voter Status'  using regular expression

2018-11-15 12:24:05 - [MESSAGE][PASSED] - All options with value '1' are selected in object 'Object Repository/SuperAdminConsole/STATUS/select_Voter Status'  using regular expression

2018-11-15 12:24:05 - [TEST_STEP][PASSED] - delay: Delayed 1 second(s)

2018-11-15 12:24:06 - [MESSAGE][PASSED] - Delayed 1 second(s)

2018-11-15 12:24:06 - [TEST_STEP][PASSED] - selectOptionByValue: All options with value '3' are selected in object 'Object Repository/SuperAdminConsole/STATUS/select_Color'  using regular expression

2018-11-15 12:24:06 - [MESSAGE][PASSED] - All options with value '3' are selected in object 'Object Repository/SuperAdminConsole/STATUS/select_Color'  using regular expression

2018-11-15 12:24:06 - [TEST_STEP][PASSED] - delay: Delayed 1 second(s)

2018-11-15 12:24:07 - [MESSAGE][PASSED] - Delayed 1 second(s)

2018-11-15 12:24:07 - [TEST_STEP][PASSED] - selectOptionByValue: All options with value 'true' are selected in object 'Object Repository/SuperAdminConsole/STATUS/select_Allowed to Vote'  using regular expression

2018-11-15 12:24:07 - [MESSAGE][PASSED] - All options with value 'true' are selected in object 'Object Repository/SuperAdminConsole/STATUS/select_Allowed to Vote'  using regular expression

2018-11-15 12:24:07 - [TEST_STEP][PASSED] - delay: Delayed 1 second(s)

2018-11-15 12:24:08 - [MESSAGE][PASSED] - Delayed 1 second(s)

2018-11-15 12:24:08 - [TEST_STEP][PASSED] - selectOptionByValue: All options with value 'false' are selected in object 'Object Repository/SuperAdminConsole/STATUS/Select Confirm ID Scan'  using regular expression

2018-11-15 12:24:08 - [MESSAGE][PASSED] - All options with value 'false' are selected in object 'Object Repository/SuperAdminConsole/STATUS/Select Confirm ID Scan'  using regular expression

2018-11-15 12:24:08 - [TEST_STEP][PASSED] - delay: Delayed 1 second(s)

2018-11-15 12:24:09 - [MESSAGE][PASSED] - Delayed 1 second(s)

2018-11-15 12:24:09 - [TEST_STEP][PASSED] - selectOptionByValue: All options with value 'true' are selected in object 'Object Repository/SuperAdminConsole/STATUS/Select_Name Shown on Voter Lookup'  using regular expression

2018-11-15 12:24:09 - [MESSAGE][PASSED] - All options with value 'true' are selected in object 'Object Repository/SuperAdminConsole/STATUS/Select_Name Shown on Voter Lookup'  using regular expression

2018-11-15 12:24:09 - [TEST_STEP][PASSED] - delay: Delayed 1 second(s)

2018-11-15 12:24:10 - [MESSAGE][PASSED] - Delayed 1 second(s)

2018-11-15 12:24:10 - [TEST_STEP][PASSED] - click: Object: 'Object Repository/SuperAdminConsole/STATUS/SAVE' is clicked on

2018-11-15 12:24:10 - [MESSAGE][PASSED] - Object: 'Object Repository/SuperAdminConsole/STATUS/SAVE' is clicked on

2018-11-15 12:24:10 - [TEST_STEP][PASSED] - closeBrowser: Browser is closed

2018-11-15 12:24:10 - [MESSAGE][PASSED] - Browser is closed]]></system-out>
         <system-err><![CDATA[]]></system-err>
      </testcase>
      <testcase name="Test Cases/SuperAdminConsole/Statuses/Statuses_Edit" classname="Test Cases/SuperAdminConsole/Statuses/Statuses_Edit" status="PASSED">
         <system-out><![CDATA[2018-11-15 12:24:10 - [TEST_CASE][PASSED] - Test Cases/SuperAdminConsole/Statuses/Statuses_Edit: Test Cases/SuperAdminConsole/Statuses/Statuses_Edit

2018-11-15 12:24:10 - [TEST_STEP][PASSED] - openBrowser: Browser is opened with url: ''

2018-11-15 12:24:11 - [MESSAGE][PASSED] - Browser is opened with url: ''

2018-11-15 12:24:11 - [TEST_STEP][PASSED] - navigateToUrl: Navigate to 'https://epulsedev2.com' successfully

2018-11-15 12:24:13 - [MESSAGE][PASSED] - Navigate to 'https://epulsedev2.com' successfully

2018-11-15 12:24:13 - [TEST_STEP][PASSED] - setText: Text 'alonzo.mack@knowink.com' is set on object 'Object Repository/Login/Email Address'

2018-11-15 12:24:13 - [MESSAGE][PASSED] - Text 'alonzo.mack@knowink.com' is set on object 'Object Repository/Login/Email Address'

2018-11-15 12:24:13 - [TEST_STEP][PASSED] - setEncryptedText: Text ****** has been set on object 'Object Repository/Login/Password'

2018-11-15 12:24:13 - [MESSAGE][PASSED] - Text ****** has been set on object 'Object Repository/Login/Password'

2018-11-15 12:24:13 - [TEST_STEP][PASSED] - click: Object: 'Object Repository/Login/Sign In' is clicked on

2018-11-15 12:24:14 - [MESSAGE][PASSED] - Object: 'Object Repository/Login/Sign In' is clicked on

2018-11-15 12:24:14 - [TEST_STEP][PASSED] - delay: Delayed 1 second(s)

2018-11-15 12:24:15 - [MESSAGE][PASSED] - Delayed 1 second(s)

2018-11-15 12:24:15 - [TEST_STEP][PASSED] - click: Object: 'Object Repository/SuperAdminConsole/STATUS/STATUSES' is clicked on

2018-11-15 12:24:16 - [MESSAGE][PASSED] - Object: 'Object Repository/SuperAdminConsole/STATUS/STATUSES' is clicked on

2018-11-15 12:24:16 - [TEST_STEP][PASSED] - delay: Delayed 1 second(s)

2018-11-15 12:24:17 - [MESSAGE][PASSED] - Delayed 1 second(s)

2018-11-15 12:24:17 - [TEST_STEP][PASSED] - click: Object: 'Object Repository/SuperAdminConsole/STATUS/Edit Absentee Status' is clicked on

2018-11-15 12:24:17 - [MESSAGE][PASSED] - Object: 'Object Repository/SuperAdminConsole/STATUS/Edit Absentee Status' is clicked on

2018-11-15 12:24:17 - [TEST_STEP][PASSED] - delay: Delayed 1 second(s)

2018-11-15 12:24:18 - [MESSAGE][PASSED] - Delayed 1 second(s)

2018-11-15 12:24:18 - [TEST_STEP][PASSED] - setText: Text 'Custome Name' is set on object 'Object Repository/SuperAdminConsole/STATUS/Input_Status_Custom Name'

2018-11-15 12:24:18 - [MESSAGE][PASSED] - Text 'Custome Name' is set on object 'Object Repository/SuperAdminConsole/STATUS/Input_Status_Custom Name'

2018-11-15 12:24:18 - [TEST_STEP][PASSED] - delay: Delayed 1 second(s)

2018-11-15 12:24:19 - [MESSAGE][PASSED] - Delayed 1 second(s)

2018-11-15 12:24:19 - [TEST_STEP][PASSED] - selectOptionByValue: All options with value 'false' are selected in object 'Object Repository/SuperAdminConsole/STATUS/select_Allowed to Vote'  using regular expression

2018-11-15 12:24:19 - [MESSAGE][PASSED] - All options with value 'false' are selected in object 'Object Repository/SuperAdminConsole/STATUS/select_Allowed to Vote'  using regular expression

2018-11-15 12:24:19 - [TEST_STEP][PASSED] - delay: Delayed 1 second(s)

2018-11-15 12:24:20 - [MESSAGE][PASSED] - Delayed 1 second(s)

2018-11-15 12:24:20 - [TEST_STEP][PASSED] - selectOptionByValue: All options with value 'false' are selected in object 'Object Repository/SuperAdminConsole/STATUS/Select Confirm ID Scan'  using regular expression

2018-11-15 12:24:20 - [MESSAGE][PASSED] - All options with value 'false' are selected in object 'Object Repository/SuperAdminConsole/STATUS/Select Confirm ID Scan'  using regular expression

2018-11-15 12:24:20 - [TEST_STEP][PASSED] - delay: Delayed 1 second(s)

2018-11-15 12:24:21 - [MESSAGE][PASSED] - Delayed 1 second(s)

2018-11-15 12:24:21 - [TEST_STEP][PASSED] - click: Object: 'Object Repository/SuperAdminConsole/STATUS/SAVE' is clicked on

2018-11-15 12:24:21 - [MESSAGE][PASSED] - Object: 'Object Repository/SuperAdminConsole/STATUS/SAVE' is clicked on

2018-11-15 12:24:21 - [TEST_STEP][PASSED] - delay: Delayed 1 second(s)

2018-11-15 12:24:22 - [MESSAGE][PASSED] - Delayed 1 second(s)

2018-11-15 12:24:22 - [TEST_STEP][PASSED] - closeBrowser: Browser is closed

2018-11-15 12:24:23 - [MESSAGE][PASSED] - Browser is closed]]></system-out>
         <system-err><![CDATA[]]></system-err>
      </testcase>
      <testcase name="Test Cases/SuperAdminConsole/Statuses/Statuses - Add Absentee Status" classname="Test Cases/SuperAdminConsole/Statuses/Statuses - Add Absentee Status" status="PASSED">
         <system-out><![CDATA[2018-11-15 12:24:23 - [TEST_CASE][PASSED] - Test Cases/SuperAdminConsole/Statuses/Statuses - Add Absentee Status: Test Cases/SuperAdminConsole/Statuses/Statuses - Add Absentee Status

2018-11-15 12:24:23 - [TEST_STEP][PASSED] - openBrowser: Browser is opened with url: ''

2018-11-15 12:24:24 - [MESSAGE][PASSED] - Browser is opened with url: ''

2018-11-15 12:24:24 - [TEST_STEP][PASSED] - navigateToUrl: Navigate to 'https://epulsedev2.com' successfully

2018-11-15 12:24:26 - [MESSAGE][PASSED] - Navigate to 'https://epulsedev2.com' successfully

2018-11-15 12:24:26 - [TEST_STEP][PASSED] - setText: Text 'alonzo.mack@knowink.com' is set on object 'Object Repository/Login/Email Address'

2018-11-15 12:24:26 - [MESSAGE][PASSED] - Text 'alonzo.mack@knowink.com' is set on object 'Object Repository/Login/Email Address'

2018-11-15 12:24:26 - [TEST_STEP][PASSED] - setEncryptedText: Text ****** has been set on object 'Object Repository/Login/Password'

2018-11-15 12:24:26 - [MESSAGE][PASSED] - Text ****** has been set on object 'Object Repository/Login/Password'

2018-11-15 12:24:26 - [TEST_STEP][PASSED] - click: Object: 'Object Repository/Login/Sign In' is clicked on

2018-11-15 12:24:28 - [MESSAGE][PASSED] - Object: 'Object Repository/Login/Sign In' is clicked on

2018-11-15 12:24:28 - [TEST_STEP][PASSED] - delay: Delayed 1 second(s)

2018-11-15 12:24:29 - [MESSAGE][PASSED] - Delayed 1 second(s)

2018-11-15 12:24:29 - [TEST_STEP][PASSED] - delay: Delayed 1 second(s)

2018-11-15 12:24:30 - [MESSAGE][PASSED] - Delayed 1 second(s)

2018-11-15 12:24:30 - [TEST_STEP][PASSED] - click: Object: 'Object Repository/SuperAdminConsole/STATUS/STATUSES' is clicked on

2018-11-15 12:24:31 - [MESSAGE][PASSED] - Object: 'Object Repository/SuperAdminConsole/STATUS/STATUSES' is clicked on

2018-11-15 12:24:31 - [TEST_STEP][PASSED] - delay: Delayed 1 second(s)

2018-11-15 12:24:32 - [MESSAGE][PASSED] - Delayed 1 second(s)

2018-11-15 12:24:32 - [TEST_STEP][PASSED] - click: Object: 'Object Repository/SuperAdminConsole/STATUS/Add Status' is clicked on

2018-11-15 12:24:32 - [MESSAGE][PASSED] - Object: 'Object Repository/SuperAdminConsole/STATUS/Add Status' is clicked on

2018-11-15 12:24:32 - [TEST_STEP][PASSED] - delay: Delayed 1 second(s)

2018-11-15 12:24:33 - [MESSAGE][PASSED] - Delayed 1 second(s)

2018-11-15 12:24:33 - [TEST_STEP][PASSED] - selectOptionByValue: All options with value 'absentee' are selected in object 'Object Repository/SuperAdminConsole/STATUS/Selet_Voter Type'  using regular expression

2018-11-15 12:24:33 - [MESSAGE][PASSED] - All options with value 'absentee' are selected in object 'Object Repository/SuperAdminConsole/STATUS/Selet_Voter Type'  using regular expression

2018-11-15 12:24:33 - [TEST_STEP][PASSED] - delay: Delayed 1 second(s)

2018-11-15 12:24:34 - [MESSAGE][PASSED] - Delayed 1 second(s)

2018-11-15 12:24:34 - [TEST_STEP][PASSED] - selectOptionByValue: All options with value '17' are selected in object 'Object Repository/SuperAdminConsole/STATUS/Select Absentee Status'  using regular expression

2018-11-15 12:24:34 - [MESSAGE][PASSED] - All options with value '17' are selected in object 'Object Repository/SuperAdminConsole/STATUS/Select Absentee Status'  using regular expression

2018-11-15 12:24:34 - [TEST_STEP][PASSED] - delay: Delayed 1 second(s)

2018-11-15 12:24:35 - [MESSAGE][PASSED] - Delayed 1 second(s)

2018-11-15 12:24:35 - [TEST_STEP][PASSED] - selectOptionByValue: All options with value '2' are selected in object 'Object Repository/SuperAdminConsole/STATUS/select_Color'  using regular expression

2018-11-15 12:24:36 - [MESSAGE][PASSED] - All options with value '2' are selected in object 'Object Repository/SuperAdminConsole/STATUS/select_Color'  using regular expression

2018-11-15 12:24:36 - [TEST_STEP][PASSED] - delay: Delayed 1 second(s)

2018-11-15 12:24:37 - [MESSAGE][PASSED] - Delayed 1 second(s)

2018-11-15 12:24:37 - [TEST_STEP][PASSED] - selectOptionByValue: All options with value 'false' are selected in object 'Object Repository/SuperAdminConsole/STATUS/select_Allowed to Vote'  using regular expression

2018-11-15 12:24:37 - [MESSAGE][PASSED] - All options with value 'false' are selected in object 'Object Repository/SuperAdminConsole/STATUS/select_Allowed to Vote'  using regular expression

2018-11-15 12:24:37 - [TEST_STEP][PASSED] - delay: Delayed 1 second(s)

2018-11-15 12:24:38 - [MESSAGE][PASSED] - Delayed 1 second(s)

2018-11-15 12:24:38 - [TEST_STEP][PASSED] - selectOptionByValue: All options with value 'false' are selected in object 'Object Repository/SuperAdminConsole/STATUS/Select Confirm ID Scan'  using regular expression

2018-11-15 12:24:38 - [MESSAGE][PASSED] - All options with value 'false' are selected in object 'Object Repository/SuperAdminConsole/STATUS/Select Confirm ID Scan'  using regular expression

2018-11-15 12:24:38 - [TEST_STEP][PASSED] - delay: Delayed 1 second(s)

2018-11-15 12:24:39 - [MESSAGE][PASSED] - Delayed 1 second(s)

2018-11-15 12:24:39 - [TEST_STEP][PASSED] - selectOptionByValue: All options with value 'true' are selected in object 'Object Repository/SuperAdminConsole/STATUS/Select_Name Shown on Voter Lookup'  using regular expression

2018-11-15 12:24:39 - [MESSAGE][PASSED] - All options with value 'true' are selected in object 'Object Repository/SuperAdminConsole/STATUS/Select_Name Shown on Voter Lookup'  using regular expression

2018-11-15 12:24:39 - [TEST_STEP][PASSED] - delay: Delayed 1 second(s)

2018-11-15 12:24:40 - [MESSAGE][PASSED] - Delayed 1 second(s)

2018-11-15 12:24:40 - [TEST_STEP][PASSED] - click: Object: 'Object Repository/SuperAdminConsole/STATUS/SAVE' is clicked on

2018-11-15 12:24:40 - [MESSAGE][PASSED] - Object: 'Object Repository/SuperAdminConsole/STATUS/SAVE' is clicked on

2018-11-15 12:24:40 - [TEST_STEP][PASSED] - delay: Delayed 1 second(s)

2018-11-15 12:24:41 - [MESSAGE][PASSED] - Delayed 1 second(s)

2018-11-15 12:24:41 - [TEST_STEP][PASSED] - closeBrowser: Browser is closed

2018-11-15 12:24:41 - [MESSAGE][PASSED] - Browser is closed]]></system-out>
         <system-err><![CDATA[]]></system-err>
      </testcase>
      <testcase name="Test Cases/SuperAdminConsole/Audit Logs/Audit Logs - Filters" classname="Test Cases/SuperAdminConsole/Audit Logs/Audit Logs - Filters" status="FAILED">
         <failure type="FAILED" message="(Stack trace: com.kms.katalon.core.exception.StepFailedException: Unable to click on object 'Object Repository/SuperAdminConsole/Audit Logs/Apply Filters' (Root cause: org.openqa.selenium.ElementNotVisibleException: element not visible
  (Session info: chrome=70.0.3538.102)
  (Driver info: chromedriver=2.35.528157 (4429ca2590d6988c0745c24c8858745aaaec01ef),platform=Mac OS X 10.13.3 x86_64) (WARNING: The server did not provide any stacktrace information)
Command duration or timeout: 0 milliseconds
Build info: version: '3.7.1', revision: '8a0099a', time: '2017-11-06T21:07:36.161Z'
System info: host: 'QAs-MacBook-Pro-2.local', ip: '2600:6c40:5400:153d:440f:2c60:c4d9:500b%en0', os.name: 'Mac OS X', os.arch: 'x86_64', os.version: '10.13.3', java.version: '1.8.0_181'
Driver info: com.kms.katalon.selenium.driver.CChromeDriver
Capabilities {acceptInsecureCerts: false, acceptSslCerts: false, applicationCacheEnabled: false, browserConnectionEnabled: false, browserName: chrome, chrome: {chromedriverVersion: 2.35.528157 (4429ca2590d698..., userDataDir: /var/folders/p5/lldhhw894tb...}, cssSelectorsEnabled: true, databaseEnabled: false, handlesAlerts: true, hasTouchScreen: false, javascriptEnabled: true, locationContextEnabled: true, mobileEmulationEnabled: false, nativeEvents: true, networkConnectionEnabled: false, pageLoadStrategy: normal, platform: MAC, platformName: MAC, rotatable: false, setWindowRect: true, takesHeapSnapshot: true, takesScreenshot: true, unexpectedAlertBehaviour: , unhandledPromptBehavior: , version: 70.0.3538.102, webStorageEnabled: true}
Session ID: 6a0ca71c430fc22d893c24b1a411673d)
	at com.kms.katalon.core.keyword.internal.KeywordMain.stepFailed(KeywordMain.groovy:36)
	at com.kms.katalon.core.webui.keyword.internal.WebUIKeywordMain.stepFailed(WebUIKeywordMain.groovy:65)
	at com.kms.katalon.core.webui.keyword.internal.WebUIKeywordMain.runKeyword(WebUIKeywordMain.groovy:27)
	at com.kms.katalon.core.webui.keyword.builtin.ClickKeyword.click(ClickKeyword.groovy:86)
	at com.kms.katalon.core.webui.keyword.builtin.ClickKeyword.execute(ClickKeyword.groovy:67)
	at com.kms.katalon.core.keyword.internal.KeywordExecutor.executeKeywordForPlatform(KeywordExecutor.groovy:53)
	at com.kms.katalon.core.webui.keyword.WebUiBuiltInKeywords.click(WebUiBuiltInKeywords.groovy:616)
	at com.kms.katalon.core.webui.keyword.WebUiBuiltInKeywords$click$3.call(Unknown Source)
	at Script1541795104813.run(Script1541795104813.groovy:71)
	at com.kms.katalon.core.main.ScriptEngine.run(ScriptEngine.java:183)
	at com.kms.katalon.core.main.ScriptEngine.runScriptAsRawText(ScriptEngine.java:108)
	at com.kms.katalon.core.main.TestCaseExecutor.runScript(TestCaseExecutor.java:294)
	at com.kms.katalon.core.main.TestCaseExecutor.doExecute(TestCaseExecutor.java:285)
	at com.kms.katalon.core.main.TestCaseExecutor.processExecutionPhase(TestCaseExecutor.java:264)
	at com.kms.katalon.core.main.TestCaseExecutor.accessMainPhase(TestCaseExecutor.java:256)
	at com.kms.katalon.core.main.TestCaseExecutor.execute(TestCaseExecutor.java:200)
	at com.kms.katalon.core.main.TestSuiteExecutor.accessTestCaseMainPhase(TestSuiteExecutor.java:129)
	at com.kms.katalon.core.main.TestSuiteExecutor.accessTestSuiteMainPhase(TestSuiteExecutor.java:112)
	at com.kms.katalon.core.main.TestSuiteExecutor.execute(TestSuiteExecutor.java:81)
	at com.kms.katalon.core.main.TestCaseMain.startTestSuite(TestCaseMain.java:142)
	at com.kms.katalon.core.main.TestCaseMain$startTestSuite$0.call(Unknown Source)
	at org.codehaus.groovy.runtime.callsite.CallSiteArray.defaultCall(CallSiteArray.java:48)
	at org.codehaus.groovy.runtime.callsite.AbstractCallSite.call(AbstractCallSite.java:113)
	at org.codehaus.groovy.runtime.callsite.AbstractCallSite.call(AbstractCallSite.java:141)
	at TempTestSuite1542305302868.run(TempTestSuite1542305302868.groovy:36)
	at groovy.lang.GroovyShell.runScriptOrMainOrTestOrRunnable(GroovyShell.java:263)
	at groovy.lang.GroovyShell.run(GroovyShell.java:518)
	at groovy.lang.GroovyShell.run(GroovyShell.java:507)
	at groovy.ui.GroovyMain.processOnce(GroovyMain.java:653)
	at groovy.ui.GroovyMain.run(GroovyMain.java:384)
	at groovy.ui.GroovyMain.process(GroovyMain.java:370)
	at groovy.ui.GroovyMain.processArgs(GroovyMain.java:129)
	at groovy.ui.GroovyMain.main(GroovyMain.java:109)
	at sun.reflect.NativeMethodAccessorImpl.invoke0(Native Method)
	at sun.reflect.NativeMethodAccessorImpl.invoke(NativeMethodAccessorImpl.java:62)
	at sun.reflect.DelegatingMethodAccessorImpl.invoke(DelegatingMethodAccessorImpl.java:43)
	at java.lang.reflect.Method.invoke(Method.java:498)
	at org.codehaus.groovy.tools.GroovyStarter.rootLoader(GroovyStarter.java:109)
	at org.codehaus.groovy.tools.GroovyStarter.main(GroovyStarter.java:131)
)"/>
         <system-out><![CDATA[2018-11-15 12:24:41 - [TEST_CASE][FAILED] - Test Cases/SuperAdminConsole/Audit Logs/Audit Logs - Filters: Test Cases/SuperAdminConsole/Audit Logs/Audit Logs - Filters FAILED because (of) (Stack trace: com.kms.katalon.core.exception.StepFailedException: Unable to click on object 'Object Repository/SuperAdminConsole/Audit Logs/Apply Filters' (Root cause: org.openqa.selenium.ElementNotVisibleException: element not visible
  (Session info: chrome=70.0.3538.102)
  (Driver info: chromedriver=2.35.528157 (4429ca2590d6988c0745c24c8858745aaaec01ef),platform=Mac OS X 10.13.3 x86_64) (WARNING: The server did not provide any stacktrace information)
Command duration or timeout: 0 milliseconds
Build info: version: '3.7.1', revision: '8a0099a', time: '2017-11-06T21:07:36.161Z'
System info: host: 'QAs-MacBook-Pro-2.local', ip: '2600:6c40:5400:153d:440f:2c60:c4d9:500b%en0', os.name: 'Mac OS X', os.arch: 'x86_64', os.version: '10.13.3', java.version: '1.8.0_181'
Driver info: com.kms.katalon.selenium.driver.CChromeDriver
Capabilities {acceptInsecureCerts: false, acceptSslCerts: false, applicationCacheEnabled: false, browserConnectionEnabled: false, browserName: chrome, chrome: {chromedriverVersion: 2.35.528157 (4429ca2590d698..., userDataDir: /var/folders/p5/lldhhw894tb...}, cssSelectorsEnabled: true, databaseEnabled: false, handlesAlerts: true, hasTouchScreen: false, javascriptEnabled: true, locationContextEnabled: true, mobileEmulationEnabled: false, nativeEvents: true, networkConnectionEnabled: false, pageLoadStrategy: normal, platform: MAC, platformName: MAC, rotatable: false, setWindowRect: true, takesHeapSnapshot: true, takesScreenshot: true, unexpectedAlertBehaviour: , unhandledPromptBehavior: , version: 70.0.3538.102, webStorageEnabled: true}
Session ID: 6a0ca71c430fc22d893c24b1a411673d)
	at com.kms.katalon.core.keyword.internal.KeywordMain.stepFailed(KeywordMain.groovy:36)
	at com.kms.katalon.core.webui.keyword.internal.WebUIKeywordMain.stepFailed(WebUIKeywordMain.groovy:65)
	at com.kms.katalon.core.webui.keyword.internal.WebUIKeywordMain.runKeyword(WebUIKeywordMain.groovy:27)
	at com.kms.katalon.core.webui.keyword.builtin.ClickKeyword.click(ClickKeyword.groovy:86)
	at com.kms.katalon.core.webui.keyword.builtin.ClickKeyword.execute(ClickKeyword.groovy:67)
	at com.kms.katalon.core.keyword.internal.KeywordExecutor.executeKeywordForPlatform(KeywordExecutor.groovy:53)
	at com.kms.katalon.core.webui.keyword.WebUiBuiltInKeywords.click(WebUiBuiltInKeywords.groovy:616)
	at com.kms.katalon.core.webui.keyword.WebUiBuiltInKeywords$click$3.call(Unknown Source)
	at Script1541795104813.run(Script1541795104813.groovy:71)
	at com.kms.katalon.core.main.ScriptEngine.run(ScriptEngine.java:183)
	at com.kms.katalon.core.main.ScriptEngine.runScriptAsRawText(ScriptEngine.java:108)
	at com.kms.katalon.core.main.TestCaseExecutor.runScript(TestCaseExecutor.java:294)
	at com.kms.katalon.core.main.TestCaseExecutor.doExecute(TestCaseExecutor.java:285)
	at com.kms.katalon.core.main.TestCaseExecutor.processExecutionPhase(TestCaseExecutor.java:264)
	at com.kms.katalon.core.main.TestCaseExecutor.accessMainPhase(TestCaseExecutor.java:256)
	at com.kms.katalon.core.main.TestCaseExecutor.execute(TestCaseExecutor.java:200)
	at com.kms.katalon.core.main.TestSuiteExecutor.accessTestCaseMainPhase(TestSuiteExecutor.java:129)
	at com.kms.katalon.core.main.TestSuiteExecutor.accessTestSuiteMainPhase(TestSuiteExecutor.java:112)
	at com.kms.katalon.core.main.TestSuiteExecutor.execute(TestSuiteExecutor.java:81)
	at com.kms.katalon.core.main.TestCaseMain.startTestSuite(TestCaseMain.java:142)
	at com.kms.katalon.core.main.TestCaseMain$startTestSuite$0.call(Unknown Source)
	at org.codehaus.groovy.runtime.callsite.CallSiteArray.defaultCall(CallSiteArray.java:48)
	at org.codehaus.groovy.runtime.callsite.AbstractCallSite.call(AbstractCallSite.java:113)
	at org.codehaus.groovy.runtime.callsite.AbstractCallSite.call(AbstractCallSite.java:141)
	at TempTestSuite1542305302868.run(TempTestSuite1542305302868.groovy:36)
	at groovy.lang.GroovyShell.runScriptOrMainOrTestOrRunnable(GroovyShell.java:263)
	at groovy.lang.GroovyShell.run(GroovyShell.java:518)
	at groovy.lang.GroovyShell.run(GroovyShell.java:507)
	at groovy.ui.GroovyMain.processOnce(GroovyMain.java:653)
	at groovy.ui.GroovyMain.run(GroovyMain.java:384)
	at groovy.ui.GroovyMain.process(GroovyMain.java:370)
	at groovy.ui.GroovyMain.processArgs(GroovyMain.java:129)
	at groovy.ui.GroovyMain.main(GroovyMain.java:109)
	at sun.reflect.NativeMethodAccessorImpl.invoke0(Native Method)
	at sun.reflect.NativeMethodAccessorImpl.invoke(NativeMethodAccessorImpl.java:62)
	at sun.reflect.DelegatingMethodAccessorImpl.invoke(DelegatingMethodAccessorImpl.java:43)
	at java.lang.reflect.Method.invoke(Method.java:498)
	at org.codehaus.groovy.tools.GroovyStarter.rootLoader(GroovyStarter.java:109)
	at org.codehaus.groovy.tools.GroovyStarter.main(GroovyStarter.java:131)
)

2018-11-15 12:24:41 - [TEST_STEP][PASSED] - openBrowser: Browser is opened with url: ''

2018-11-15 12:24:42 - [MESSAGE][PASSED] - Browser is opened with url: ''

2018-11-15 12:24:42 - [TEST_STEP][PASSED] - navigateToUrl: Navigate to 'https://epulsedev2.com' successfully

2018-11-15 12:24:44 - [MESSAGE][PASSED] - Navigate to 'https://epulsedev2.com' successfully

2018-11-15 12:24:44 - [TEST_STEP][PASSED] - setText: Text 'alonzo.mack@knowink.com' is set on object 'Object Repository/Login/Email Address'

2018-11-15 12:24:44 - [MESSAGE][PASSED] - Text 'alonzo.mack@knowink.com' is set on object 'Object Repository/Login/Email Address'

2018-11-15 12:24:44 - [TEST_STEP][PASSED] - setEncryptedText: Text ****** has been set on object 'Object Repository/Login/Password'

2018-11-15 12:24:44 - [MESSAGE][PASSED] - Text ****** has been set on object 'Object Repository/Login/Password'

2018-11-15 12:24:44 - [TEST_STEP][PASSED] - click: Object: 'Object Repository/Login/Sign In' is clicked on

2018-11-15 12:24:45 - [MESSAGE][PASSED] - Object: 'Object Repository/Login/Sign In' is clicked on

2018-11-15 12:24:45 - [TEST_STEP][PASSED] - click: Object: 'Object Repository/SuperAdminConsole/Audit Logs/AUDIT LOGS link' is clicked on

2018-11-15 12:24:46 - [MESSAGE][PASSED] - Object: 'Object Repository/SuperAdminConsole/Audit Logs/AUDIT LOGS link' is clicked on

2018-11-15 12:24:46 - [TEST_STEP][PASSED] - delay: Delayed 1 second(s)

2018-11-15 12:24:47 - [MESSAGE][PASSED] - Delayed 1 second(s)

2018-11-15 12:24:47 - [TEST_STEP][PASSED] - click: Object: 'Object Repository/SuperAdminConsole/Audit Logs/User Filter' is clicked on

2018-11-15 12:24:47 - [MESSAGE][PASSED] - Object: 'Object Repository/SuperAdminConsole/Audit Logs/User Filter' is clicked on

2018-11-15 12:24:47 - [TEST_STEP][PASSED] - delay: Delayed 1 second(s)

2018-11-15 12:24:48 - [MESSAGE][PASSED] - Delayed 1 second(s)

2018-11-15 12:24:48 - [TEST_STEP][PASSED] - click: Object: 'Object Repository/SuperAdminConsole/Audit Logs/a_alonzo.mackknowink.com' is clicked on

2018-11-15 12:24:48 - [MESSAGE][PASSED] - Object: 'Object Repository/SuperAdminConsole/Audit Logs/a_alonzo.mackknowink.com' is clicked on

2018-11-15 12:24:48 - [TEST_STEP][PASSED] - delay: Delayed 1 second(s)

2018-11-15 12:24:49 - [MESSAGE][PASSED] - Delayed 1 second(s)

2018-11-15 12:24:49 - [TEST_STEP][PASSED] - click: Object: 'Object Repository/SuperAdminConsole/Audit Logs/alonzo.mackknowink.com' is clicked on

2018-11-15 12:24:50 - [MESSAGE][PASSED] - Object: 'Object Repository/SuperAdminConsole/Audit Logs/alonzo.mackknowink.com' is clicked on

2018-11-15 12:24:50 - [TEST_STEP][PASSED] - delay: Delayed 1 second(s)

2018-11-15 12:24:51 - [MESSAGE][PASSED] - Delayed 1 second(s)

2018-11-15 12:24:51 - [TEST_STEP][PASSED] - click: Object: 'Object Repository/SuperAdminConsole/Audit Logs/Apply Filters' is clicked on

2018-11-15 12:24:51 - [MESSAGE][PASSED] - Object: 'Object Repository/SuperAdminConsole/Audit Logs/Apply Filters' is clicked on

2018-11-15 12:24:51 - [TEST_STEP][PASSED] - delay: Delayed 1 second(s)

2018-11-15 12:24:52 - [MESSAGE][PASSED] - Delayed 1 second(s)

2018-11-15 12:24:52 - [TEST_STEP][PASSED] - click: Object: 'Object Repository/SuperAdminConsole/Audit Logs/Remove Filter' is clicked on

2018-11-15 12:24:52 - [MESSAGE][PASSED] - Object: 'Object Repository/SuperAdminConsole/Audit Logs/Remove Filter' is clicked on

2018-11-15 12:24:52 - [TEST_STEP][PASSED] - delay: Delayed 1 second(s)

2018-11-15 12:24:53 - [MESSAGE][PASSED] - Delayed 1 second(s)

2018-11-15 12:24:53 - [TEST_STEP][PASSED] - click: Object: 'Object Repository/SuperAdminConsole/Audit Logs/Election Filter' is clicked on

2018-11-15 12:24:53 - [MESSAGE][PASSED] - Object: 'Object Repository/SuperAdminConsole/Audit Logs/Election Filter' is clicked on

2018-11-15 12:24:53 - [TEST_STEP][PASSED] - delay: Delayed 1 second(s)

2018-11-15 12:24:54 - [MESSAGE][PASSED] - Delayed 1 second(s)

2018-11-15 12:24:54 - [TEST_STEP][PASSED] - click: Object: 'Object Repository/SuperAdminConsole/Audit Logs/Logs/a_General Election' is clicked on

2018-11-15 12:24:54 - [MESSAGE][PASSED] - Object: 'Object Repository/SuperAdminConsole/Audit Logs/Logs/a_General Election' is clicked on

2018-11-15 12:24:54 - [TEST_STEP][PASSED] - delay: Delayed 1 second(s)

2018-11-15 12:24:55 - [MESSAGE][PASSED] - Delayed 1 second(s)

2018-11-15 12:24:55 - [TEST_STEP][PASSED] - setText: Text '' is set on object 'Object Repository/SuperAdminConsole/Audit Logs/Logs/input'

2018-11-15 12:24:55 - [MESSAGE][PASSED] - Text '' is set on object 'Object Repository/SuperAdminConsole/Audit Logs/Logs/input'

2018-11-15 12:24:55 - [TEST_STEP][PASSED] - delay: Delayed 1 second(s)

2018-11-15 12:24:56 - [MESSAGE][PASSED] - Delayed 1 second(s)

2018-11-15 12:24:56 - [TEST_STEP][PASSED] - click: Object: 'Object Repository/SuperAdminConsole/Audit Logs/Logs/li_linncounty 11-2' is clicked on

2018-11-15 12:24:56 - [MESSAGE][PASSED] - Object: 'Object Repository/SuperAdminConsole/Audit Logs/Logs/li_linncounty 11-2' is clicked on

2018-11-15 12:24:56 - [TEST_STEP][PASSED] - delay: Delayed 1 second(s)

2018-11-15 12:24:57 - [MESSAGE][PASSED] - Delayed 1 second(s)

2018-11-15 12:24:57 - [TEST_STEP][FAILED] - click: Unable to click on object 'Object Repository/SuperAdminConsole/Audit Logs/Apply Filters' (Root cause: org.openqa.selenium.ElementNotVisibleException: element not visible
  (Session info: chrome=70.0.3538.102)
  (Driver info: chromedriver=2.35.528157 (4429ca2590d6988c0745c24c8858745aaaec01ef),platform=Mac OS X 10.13.3 x86_64) (WARNING: The server did not provide any stacktrace information)
Command duration or timeout: 0 milliseconds
Build info: version: '3.7.1', revision: '8a0099a', time: '2017-11-06T21:07:36.161Z'
System info: host: 'QAs-MacBook-Pro-2.local', ip: '2600:6c40:5400:153d:440f:2c60:c4d9:500b%en0', os.name: 'Mac OS X', os.arch: 'x86_64', os.version: '10.13.3', java.version: '1.8.0_181'
Driver info: com.kms.katalon.selenium.driver.CChromeDriver
Capabilities {acceptInsecureCerts: false, acceptSslCerts: false, applicationCacheEnabled: false, browserConnectionEnabled: false, browserName: chrome, chrome: {chromedriverVersion: 2.35.528157 (4429ca2590d698..., userDataDir: /var/folders/p5/lldhhw894tb...}, cssSelectorsEnabled: true, databaseEnabled: false, handlesAlerts: true, hasTouchScreen: false, javascriptEnabled: true, locationContextEnabled: true, mobileEmulationEnabled: false, nativeEvents: true, networkConnectionEnabled: false, pageLoadStrategy: normal, platform: MAC, platformName: MAC, rotatable: false, setWindowRect: true, takesHeapSnapshot: true, takesScreenshot: true, unexpectedAlertBehaviour: , unhandledPromptBehavior: , version: 70.0.3538.102, webStorageEnabled: true}
Session ID: 6a0ca71c430fc22d893c24b1a411673d)

2018-11-15 12:24:57 - [MESSAGE][FAILED] - Unable to click on object 'Object Repository/SuperAdminConsole/Audit Logs/Apply Filters' (Root cause: org.openqa.selenium.ElementNotVisibleException: element not visible
  (Session info: chrome=70.0.3538.102)
  (Driver info: chromedriver=2.35.528157 (4429ca2590d6988c0745c24c8858745aaaec01ef),platform=Mac OS X 10.13.3 x86_64) (WARNING: The server did not provide any stacktrace information)
Command duration or timeout: 0 milliseconds
Build info: version: '3.7.1', revision: '8a0099a', time: '2017-11-06T21:07:36.161Z'
System info: host: 'QAs-MacBook-Pro-2.local', ip: '2600:6c40:5400:153d:440f:2c60:c4d9:500b%en0', os.name: 'Mac OS X', os.arch: 'x86_64', os.version: '10.13.3', java.version: '1.8.0_181'
Driver info: com.kms.katalon.selenium.driver.CChromeDriver
Capabilities {acceptInsecureCerts: false, acceptSslCerts: false, applicationCacheEnabled: false, browserConnectionEnabled: false, browserName: chrome, chrome: {chromedriverVersion: 2.35.528157 (4429ca2590d698..., userDataDir: /var/folders/p5/lldhhw894tb...}, cssSelectorsEnabled: true, databaseEnabled: false, handlesAlerts: true, hasTouchScreen: false, javascriptEnabled: true, locationContextEnabled: true, mobileEmulationEnabled: false, nativeEvents: true, networkConnectionEnabled: false, pageLoadStrategy: normal, platform: MAC, platformName: MAC, rotatable: false, setWindowRect: true, takesHeapSnapshot: true, takesScreenshot: true, unexpectedAlertBehaviour: , unhandledPromptBehavior: , version: 70.0.3538.102, webStorageEnabled: true}
Session ID: 6a0ca71c430fc22d893c24b1a411673d)
[[ATTACHMENT|/Users/alonzomack/Katalon Studio/Regression/Reports/New Test Suite/20181115_120822/1542306297538.png]]]]></system-out>
         <system-err><![CDATA[2018-11-15 12:24:41 - [TEST_CASE][FAILED] - Test Cases/SuperAdminConsole/Audit Logs/Audit Logs - Filters: Test Cases/SuperAdminConsole/Audit Logs/Audit Logs - Filters FAILED because (of) (Stack trace: com.kms.katalon.core.exception.StepFailedException: Unable to click on object 'Object Repository/SuperAdminConsole/Audit Logs/Apply Filters' (Root cause: org.openqa.selenium.ElementNotVisibleException: element not visible
  (Session info: chrome=70.0.3538.102)
  (Driver info: chromedriver=2.35.528157 (4429ca2590d6988c0745c24c8858745aaaec01ef),platform=Mac OS X 10.13.3 x86_64) (WARNING: The server did not provide any stacktrace information)
Command duration or timeout: 0 milliseconds
Build info: version: '3.7.1', revision: '8a0099a', time: '2017-11-06T21:07:36.161Z'
System info: host: 'QAs-MacBook-Pro-2.local', ip: '2600:6c40:5400:153d:440f:2c60:c4d9:500b%en0', os.name: 'Mac OS X', os.arch: 'x86_64', os.version: '10.13.3', java.version: '1.8.0_181'
Driver info: com.kms.katalon.selenium.driver.CChromeDriver
Capabilities {acceptInsecureCerts: false, acceptSslCerts: false, applicationCacheEnabled: false, browserConnectionEnabled: false, browserName: chrome, chrome: {chromedriverVersion: 2.35.528157 (4429ca2590d698..., userDataDir: /var/folders/p5/lldhhw894tb...}, cssSelectorsEnabled: true, databaseEnabled: false, handlesAlerts: true, hasTouchScreen: false, javascriptEnabled: true, locationContextEnabled: true, mobileEmulationEnabled: false, nativeEvents: true, networkConnectionEnabled: false, pageLoadStrategy: normal, platform: MAC, platformName: MAC, rotatable: false, setWindowRect: true, takesHeapSnapshot: true, takesScreenshot: true, unexpectedAlertBehaviour: , unhandledPromptBehavior: , version: 70.0.3538.102, webStorageEnabled: true}
Session ID: 6a0ca71c430fc22d893c24b1a411673d)
	at com.kms.katalon.core.keyword.internal.KeywordMain.stepFailed(KeywordMain.groovy:36)
	at com.kms.katalon.core.webui.keyword.internal.WebUIKeywordMain.stepFailed(WebUIKeywordMain.groovy:65)
	at com.kms.katalon.core.webui.keyword.internal.WebUIKeywordMain.runKeyword(WebUIKeywordMain.groovy:27)
	at com.kms.katalon.core.webui.keyword.builtin.ClickKeyword.click(ClickKeyword.groovy:86)
	at com.kms.katalon.core.webui.keyword.builtin.ClickKeyword.execute(ClickKeyword.groovy:67)
	at com.kms.katalon.core.keyword.internal.KeywordExecutor.executeKeywordForPlatform(KeywordExecutor.groovy:53)
	at com.kms.katalon.core.webui.keyword.WebUiBuiltInKeywords.click(WebUiBuiltInKeywords.groovy:616)
	at com.kms.katalon.core.webui.keyword.WebUiBuiltInKeywords$click$3.call(Unknown Source)
	at Script1541795104813.run(Script1541795104813.groovy:71)
	at com.kms.katalon.core.main.ScriptEngine.run(ScriptEngine.java:183)
	at com.kms.katalon.core.main.ScriptEngine.runScriptAsRawText(ScriptEngine.java:108)
	at com.kms.katalon.core.main.TestCaseExecutor.runScript(TestCaseExecutor.java:294)
	at com.kms.katalon.core.main.TestCaseExecutor.doExecute(TestCaseExecutor.java:285)
	at com.kms.katalon.core.main.TestCaseExecutor.processExecutionPhase(TestCaseExecutor.java:264)
	at com.kms.katalon.core.main.TestCaseExecutor.accessMainPhase(TestCaseExecutor.java:256)
	at com.kms.katalon.core.main.TestCaseExecutor.execute(TestCaseExecutor.java:200)
	at com.kms.katalon.core.main.TestSuiteExecutor.accessTestCaseMainPhase(TestSuiteExecutor.java:129)
	at com.kms.katalon.core.main.TestSuiteExecutor.accessTestSuiteMainPhase(TestSuiteExecutor.java:112)
	at com.kms.katalon.core.main.TestSuiteExecutor.execute(TestSuiteExecutor.java:81)
	at com.kms.katalon.core.main.TestCaseMain.startTestSuite(TestCaseMain.java:142)
	at com.kms.katalon.core.main.TestCaseMain$startTestSuite$0.call(Unknown Source)
	at org.codehaus.groovy.runtime.callsite.CallSiteArray.defaultCall(CallSiteArray.java:48)
	at org.codehaus.groovy.runtime.callsite.AbstractCallSite.call(AbstractCallSite.java:113)
	at org.codehaus.groovy.runtime.callsite.AbstractCallSite.call(AbstractCallSite.java:141)
	at TempTestSuite1542305302868.run(TempTestSuite1542305302868.groovy:36)
	at groovy.lang.GroovyShell.runScriptOrMainOrTestOrRunnable(GroovyShell.java:263)
	at groovy.lang.GroovyShell.run(GroovyShell.java:518)
	at groovy.lang.GroovyShell.run(GroovyShell.java:507)
	at groovy.ui.GroovyMain.processOnce(GroovyMain.java:653)
	at groovy.ui.GroovyMain.run(GroovyMain.java:384)
	at groovy.ui.GroovyMain.process(GroovyMain.java:370)
	at groovy.ui.GroovyMain.processArgs(GroovyMain.java:129)
	at groovy.ui.GroovyMain.main(GroovyMain.java:109)
	at sun.reflect.NativeMethodAccessorImpl.invoke0(Native Method)
	at sun.reflect.NativeMethodAccessorImpl.invoke(NativeMethodAccessorImpl.java:62)
	at sun.reflect.DelegatingMethodAccessorImpl.invoke(DelegatingMethodAccessorImpl.java:43)
	at java.lang.reflect.Method.invoke(Method.java:498)
	at org.codehaus.groovy.tools.GroovyStarter.rootLoader(GroovyStarter.java:109)
	at org.codehaus.groovy.tools.GroovyStarter.main(GroovyStarter.java:131)
)]]></system-err>
      </testcase>
      <testcase name="Test Cases/Admin Console/Election Setup/Ballot Styles/Ballot Styles - Import" classname="Test Cases/Admin Console/Election Setup/Ballot Styles/Ballot Styles - Import" status="PASSED">
         <system-out><![CDATA[2018-11-15 12:24:57 - [TEST_CASE][PASSED] - Test Cases/Admin Console/Election Setup/Ballot Styles/Ballot Styles - Import: Test Cases/Admin Console/Election Setup/Ballot Styles/Ballot Styles - Import

2018-11-15 12:24:57 - [TEST_STEP][PASSED] - openBrowser: Browser is opened with url: ''

2018-11-15 12:24:57 - [MESSAGE][WARNING] - A browser is already opened. Closing browser and opening a new one

2018-11-15 12:24:59 - [MESSAGE][PASSED] - Browser is opened with url: ''

2018-11-15 12:24:59 - [TEST_STEP][PASSED] - navigateToUrl: Navigate to 'https://epulsedev2.com' successfully

2018-11-15 12:25:00 - [MESSAGE][PASSED] - Navigate to 'https://epulsedev2.com' successfully

2018-11-15 12:25:00 - [TEST_STEP][PASSED] - setText: Text 'alonzo.mack@knowink.com' is set on object 'Object Repository/Login/Email Address'

2018-11-15 12:25:00 - [MESSAGE][PASSED] - Text 'alonzo.mack@knowink.com' is set on object 'Object Repository/Login/Email Address'

2018-11-15 12:25:00 - [TEST_STEP][PASSED] - setEncryptedText: Text ****** has been set on object 'Object Repository/Login/Password'

2018-11-15 12:25:00 - [MESSAGE][PASSED] - Text ****** has been set on object 'Object Repository/Login/Password'

2018-11-15 12:25:00 - [TEST_STEP][PASSED] - click: Object: 'Object Repository/Login/Sign In' is clicked on

2018-11-15 12:25:01 - [MESSAGE][PASSED] - Object: 'Object Repository/Login/Sign In' is clicked on

2018-11-15 12:25:01 - [TEST_STEP][PASSED] - delay: Delayed 1 second(s)

2018-11-15 12:25:02 - [MESSAGE][PASSED] - Delayed 1 second(s)

2018-11-15 12:25:02 - [TEST_STEP][PASSED] - navigateToUrl: Navigate to 'https://am-automation-test.epulsedev2.com/imports/ballot_types' successfully

2018-11-15 12:25:03 - [MESSAGE][PASSED] - Navigate to 'https://am-automation-test.epulsedev2.com/imports/ballot_types' successfully

2018-11-15 12:25:03 - [TEST_STEP][PASSED] - delay: Delayed 1 second(s)

2018-11-15 12:25:04 - [MESSAGE][PASSED] - Delayed 1 second(s)

2018-11-15 12:25:04 - [TEST_STEP][PASSED] - setText: Text '/Users/alonzomack/Downloads/Automation uploads/ballot_types.csv' is set on object 'Object Repository/Common ePulse Objects/Choose File'

2018-11-15 12:25:04 - [MESSAGE][PASSED] - Text '/Users/alonzomack/Downloads/Automation uploads/ballot_types.csv' is set on object 'Object Repository/Common ePulse Objects/Choose File'

2018-11-15 12:25:04 - [TEST_STEP][PASSED] - click: Object: 'Object Repository/Common ePulse Objects/Continue Button' is clicked on

2018-11-15 12:25:04 - [MESSAGE][PASSED] - Object: 'Object Repository/Common ePulse Objects/Continue Button' is clicked on

2018-11-15 12:25:04 - [TEST_STEP][PASSED] - delay: Delayed 1 second(s)

2018-11-15 12:25:05 - [MESSAGE][PASSED] - Delayed 1 second(s)

2018-11-15 12:25:05 - [TEST_STEP][PASSED] - click: Object: 'Object Repository/Common ePulse Objects/button_Done(working)' is clicked on

2018-11-15 12:25:09 - [MESSAGE][PASSED] - Object: 'Object Repository/Common ePulse Objects/button_Done(working)' is clicked on

2018-11-15 12:25:09 - [TEST_STEP][PASSED] - closeBrowser: Browser is closed

2018-11-15 12:25:09 - [MESSAGE][PASSED] - Browser is closed]]></system-out>
         <system-err><![CDATA[]]></system-err>
      </testcase>
      <testcase name="Test Cases/Admin Console/Account Settings/ID Methods/ID Methods - Export" classname="Test Cases/Admin Console/Account Settings/ID Methods/ID Methods - Export" status="PASSED">
         <system-out><![CDATA[2018-11-15 12:25:09 - [TEST_CASE][PASSED] - Test Cases/Admin Console/Account Settings/ID Methods/ID Methods - Export: Test Cases/Admin Console/Account Settings/ID Methods/ID Methods - Export

2018-11-15 12:25:09 - [TEST_STEP][PASSED] - openBrowser: Browser is opened with url: ''

2018-11-15 12:25:10 - [MESSAGE][PASSED] - Browser is opened with url: ''

2018-11-15 12:25:10 - [TEST_STEP][PASSED] - navigateToUrl: Navigate to 'https://epulsedev2.com' successfully

2018-11-15 12:25:12 - [MESSAGE][PASSED] - Navigate to 'https://epulsedev2.com' successfully

2018-11-15 12:25:12 - [TEST_STEP][PASSED] - setText: Text 'alonzo.mack@knowink.com' is set on object 'Object Repository/Login/Email Address'

2018-11-15 12:25:12 - [MESSAGE][PASSED] - Text 'alonzo.mack@knowink.com' is set on object 'Object Repository/Login/Email Address'

2018-11-15 12:25:12 - [TEST_STEP][PASSED] - setEncryptedText: Text ****** has been set on object 'Object Repository/Login/Password'

2018-11-15 12:25:12 - [MESSAGE][PASSED] - Text ****** has been set on object 'Object Repository/Login/Password'

2018-11-15 12:25:12 - [TEST_STEP][PASSED] - click: Object: 'Object Repository/Login/Sign In' is clicked on

2018-11-15 12:25:13 - [MESSAGE][PASSED] - Object: 'Object Repository/Login/Sign In' is clicked on

2018-11-15 12:25:13 - [TEST_STEP][PASSED] - delay: Delayed 1 second(s)

2018-11-15 12:25:14 - [MESSAGE][PASSED] - Delayed 1 second(s)

2018-11-15 12:25:14 - [TEST_STEP][PASSED] - navigateToUrl: Navigate to 'https://am-automation-test.epulsedev2.com/voter_id_methods' successfully

2018-11-15 12:25:15 - [MESSAGE][PASSED] - Navigate to 'https://am-automation-test.epulsedev2.com/voter_id_methods' successfully

2018-11-15 12:25:15 - [TEST_STEP][PASSED] - delay: Delayed 1 second(s)

2018-11-15 12:25:16 - [MESSAGE][PASSED] - Delayed 1 second(s)

2018-11-15 12:25:16 - [TEST_STEP][PASSED] - click: Object: 'Object Repository/Admin Console ePulse Menu/Account Settings/ID Methods/ID Methods Page/Export' is clicked on

2018-11-15 12:25:17 - [MESSAGE][PASSED] - Object: 'Object Repository/Admin Console ePulse Menu/Account Settings/ID Methods/ID Methods Page/Export' is clicked on

2018-11-15 12:25:17 - [TEST_STEP][PASSED] - delay: Delayed 1 second(s)

2018-11-15 12:25:18 - [MESSAGE][PASSED] - Delayed 1 second(s)

2018-11-15 12:25:18 - [TEST_STEP][PASSED] - closeBrowser: Browser is closed

2018-11-15 12:25:18 - [MESSAGE][PASSED] - Browser is closed]]></system-out>
         <system-err><![CDATA[]]></system-err>
      </testcase>
      <testcase name="Test Cases/Admin Console/Account Settings/Oaths/Oaths - Export" classname="Test Cases/Admin Console/Account Settings/Oaths/Oaths - Export" status="PASSED">
         <system-out><![CDATA[2018-11-15 12:25:18 - [TEST_CASE][PASSED] - Test Cases/Admin Console/Account Settings/Oaths/Oaths - Export: Test Cases/Admin Console/Account Settings/Oaths/Oaths - Export

2018-11-15 12:25:18 - [TEST_STEP][PASSED] - openBrowser: Browser is opened with url: ''

2018-11-15 12:25:19 - [MESSAGE][PASSED] - Browser is opened with url: ''

2018-11-15 12:25:19 - [TEST_STEP][PASSED] - navigateToUrl: Navigate to 'https://epulsedev2.com' successfully

2018-11-15 12:25:20 - [MESSAGE][PASSED] - Navigate to 'https://epulsedev2.com' successfully

2018-11-15 12:25:20 - [TEST_STEP][PASSED] - setText: Text 'alonzo.mack@knowink.com' is set on object 'Object Repository/Login/Email Address'

2018-11-15 12:25:20 - [MESSAGE][PASSED] - Text 'alonzo.mack@knowink.com' is set on object 'Object Repository/Login/Email Address'

2018-11-15 12:25:20 - [TEST_STEP][PASSED] - setEncryptedText: Text ****** has been set on object 'Object Repository/Login/Password'

2018-11-15 12:25:20 - [MESSAGE][PASSED] - Text ****** has been set on object 'Object Repository/Login/Password'

2018-11-15 12:25:20 - [TEST_STEP][PASSED] - click: Object: 'Object Repository/Login/Sign In' is clicked on

2018-11-15 12:25:21 - [MESSAGE][PASSED] - Object: 'Object Repository/Login/Sign In' is clicked on

2018-11-15 12:25:21 - [TEST_STEP][PASSED] - delay: Delayed 1 second(s)

2018-11-15 12:25:22 - [MESSAGE][PASSED] - Delayed 1 second(s)

2018-11-15 12:25:22 - [TEST_STEP][PASSED] - navigateToUrl: Navigate to 'https://am-automation-test.epulsedev2.com/account_oaths' successfully

2018-11-15 12:25:23 - [MESSAGE][PASSED] - Navigate to 'https://am-automation-test.epulsedev2.com/account_oaths' successfully

2018-11-15 12:25:23 - [TEST_STEP][PASSED] - delay: Delayed 1 second(s)

2018-11-15 12:25:24 - [MESSAGE][PASSED] - Delayed 1 second(s)

2018-11-15 12:25:24 - [TEST_STEP][PASSED] - click: Object: 'Object Repository/Admin Console ePulse Menu/Account Settings/Oaths/Page_Epulse  am-Automation-test/Download' is clicked on

2018-11-15 12:25:25 - [MESSAGE][PASSED] - Object: 'Object Repository/Admin Console ePulse Menu/Account Settings/Oaths/Page_Epulse  am-Automation-test/Download' is clicked on

2018-11-15 12:25:25 - [TEST_STEP][PASSED] - delay: Delayed 1 second(s)

2018-11-15 12:25:26 - [MESSAGE][PASSED] - Delayed 1 second(s)

2018-11-15 12:25:26 - [TEST_STEP][PASSED] - closeBrowser: Browser is closed

2018-11-15 12:25:26 - [MESSAGE][PASSED] - Browser is closed]]></system-out>
         <system-err><![CDATA[]]></system-err>
      </testcase>
      <testcase name="Test Cases/Admin Console/Account Settings/Add_Edit Voter/Add_Edit Voter - Export" classname="Test Cases/Admin Console/Account Settings/Add_Edit Voter/Add_Edit Voter - Export" status="PASSED">
         <system-out><![CDATA[2018-11-15 12:25:26 - [TEST_CASE][PASSED] - Test Cases/Admin Console/Account Settings/Add_Edit Voter/Add_Edit Voter - Export: Test Cases/Admin Console/Account Settings/Add_Edit Voter/Add_Edit Voter - Export

2018-11-15 12:25:26 - [TEST_STEP][PASSED] - openBrowser: Browser is opened with url: ''

2018-11-15 12:25:27 - [MESSAGE][PASSED] - Browser is opened with url: ''

2018-11-15 12:25:27 - [TEST_STEP][PASSED] - navigateToUrl: Navigate to 'https://epulsedev2.com' successfully

2018-11-15 12:25:28 - [MESSAGE][PASSED] - Navigate to 'https://epulsedev2.com' successfully

2018-11-15 12:25:28 - [TEST_STEP][PASSED] - setText: Text 'alonzo.mack@knowink.com' is set on object 'Object Repository/Login/Email Address'

2018-11-15 12:25:28 - [MESSAGE][PASSED] - Text 'alonzo.mack@knowink.com' is set on object 'Object Repository/Login/Email Address'

2018-11-15 12:25:28 - [TEST_STEP][PASSED] - setEncryptedText: Text ****** has been set on object 'Object Repository/Login/Password'

2018-11-15 12:25:29 - [MESSAGE][PASSED] - Text ****** has been set on object 'Object Repository/Login/Password'

2018-11-15 12:25:29 - [TEST_STEP][PASSED] - click: Object: 'Object Repository/Login/Sign In' is clicked on

2018-11-15 12:25:30 - [MESSAGE][PASSED] - Object: 'Object Repository/Login/Sign In' is clicked on

2018-11-15 12:25:30 - [TEST_STEP][PASSED] - delay: Delayed 1 second(s)

2018-11-15 12:25:31 - [MESSAGE][PASSED] - Delayed 1 second(s)

2018-11-15 12:25:31 - [TEST_STEP][PASSED] - navigateToUrl: Navigate to 'https://am-automation-test.epulsedev2.com/add_voters' successfully

2018-11-15 12:25:32 - [MESSAGE][PASSED] - Navigate to 'https://am-automation-test.epulsedev2.com/add_voters' successfully

2018-11-15 12:25:32 - [TEST_STEP][PASSED] - delay: Delayed 1 second(s)

2018-11-15 12:25:33 - [MESSAGE][PASSED] - Delayed 1 second(s)

2018-11-15 12:25:33 - [TEST_STEP][PASSED] - click: Object: 'Object Repository/Admin Console ePulse Menu/Account Settings/ID Methods/ID Methods Page/Export' is clicked on

2018-11-15 12:25:33 - [MESSAGE][PASSED] - Object: 'Object Repository/Admin Console ePulse Menu/Account Settings/ID Methods/ID Methods Page/Export' is clicked on

2018-11-15 12:25:33 - [TEST_STEP][PASSED] - delay: Delayed 1 second(s)

2018-11-15 12:25:34 - [MESSAGE][PASSED] - Delayed 1 second(s)

2018-11-15 12:25:34 - [TEST_STEP][PASSED] - closeBrowser: Browser is closed

2018-11-15 12:25:34 - [MESSAGE][PASSED] - Browser is closed]]></system-out>
         <system-err><![CDATA[]]></system-err>
      </testcase>
      <testcase name="Test Cases/Admin Console/Poll Pads/Poll Pad - Configuration/Poll Pad Configuration - Export" classname="Test Cases/Admin Console/Poll Pads/Poll Pad - Configuration/Poll Pad Configuration - Export" status="PASSED">
         <system-out><![CDATA[2018-11-15 12:25:34 - [TEST_CASE][PASSED] - Test Cases/Admin Console/Poll Pads/Poll Pad - Configuration/Poll Pad Configuration - Export: Test Cases/Admin Console/Poll Pads/Poll Pad - Configuration/Poll Pad Configuration - Export

2018-11-15 12:25:34 - [TEST_STEP][PASSED] - openBrowser: Browser is opened with url: ''

2018-11-15 12:25:35 - [MESSAGE][PASSED] - Browser is opened with url: ''

2018-11-15 12:25:35 - [TEST_STEP][PASSED] - navigateToUrl: Navigate to 'https://epulsedev2.com' successfully

2018-11-15 12:25:37 - [MESSAGE][PASSED] - Navigate to 'https://epulsedev2.com' successfully

2018-11-15 12:25:37 - [TEST_STEP][PASSED] - setText: Text 'alonzo.mack@knowink.com' is set on object 'Object Repository/Login/Email Address'

2018-11-15 12:25:37 - [MESSAGE][PASSED] - Text 'alonzo.mack@knowink.com' is set on object 'Object Repository/Login/Email Address'

2018-11-15 12:25:37 - [TEST_STEP][PASSED] - setEncryptedText: Text ****** has been set on object 'Object Repository/Login/Password'

2018-11-15 12:25:37 - [MESSAGE][PASSED] - Text ****** has been set on object 'Object Repository/Login/Password'

2018-11-15 12:25:37 - [TEST_STEP][PASSED] - click: Object: 'Object Repository/Login/Sign In' is clicked on

2018-11-15 12:25:38 - [MESSAGE][PASSED] - Object: 'Object Repository/Login/Sign In' is clicked on

2018-11-15 12:25:38 - [TEST_STEP][PASSED] - delay: Delayed 1 second(s)

2018-11-15 12:25:39 - [MESSAGE][PASSED] - Delayed 1 second(s)

2018-11-15 12:25:39 - [TEST_STEP][PASSED] - navigateToUrl: Navigate to 'https://am-automation-test.epulsedev2.com/poll_pad_configs#sort=name&direction=asc&display=list' successfully

2018-11-15 12:25:40 - [MESSAGE][PASSED] - Navigate to 'https://am-automation-test.epulsedev2.com/poll_pad_configs#sort=name&direction=asc&display=list' successfully

2018-11-15 12:25:40 - [TEST_STEP][PASSED] - delay: Delayed 1 second(s)

2018-11-15 12:25:41 - [MESSAGE][PASSED] - Delayed 1 second(s)

2018-11-15 12:25:41 - [TEST_STEP][PASSED] - click: Object: 'Object Repository/Admin Console ePulse Menu/Poll Pads/Export Config' is clicked on

2018-11-15 12:25:41 - [MESSAGE][PASSED] - Object: 'Object Repository/Admin Console ePulse Menu/Poll Pads/Export Config' is clicked on

2018-11-15 12:25:41 - [TEST_STEP][PASSED] - delay: Delayed 2 second(s)

2018-11-15 12:25:43 - [MESSAGE][PASSED] - Delayed 2 second(s)

2018-11-15 12:25:43 - [TEST_STEP][PASSED] - closeBrowser: Browser is closed

2018-11-15 12:25:43 - [MESSAGE][PASSED] - Browser is closed]]></system-out>
         <system-err><![CDATA[]]></system-err>
      </testcase>
      <testcase name="Test Cases/Admin Console/Account Settings/Add_Edit Voter/Add_Edit Voter - Export" classname="Test Cases/Admin Console/Account Settings/Add_Edit Voter/Add_Edit Voter - Export" status="PASSED">
         <system-out><![CDATA[2018-11-15 12:25:43 - [TEST_CASE][PASSED] - Test Cases/Admin Console/Account Settings/Add_Edit Voter/Add_Edit Voter - Export: Test Cases/Admin Console/Account Settings/Add_Edit Voter/Add_Edit Voter - Export

2018-11-15 12:25:43 - [TEST_STEP][PASSED] - openBrowser: Browser is opened with url: ''

2018-11-15 12:25:44 - [MESSAGE][PASSED] - Browser is opened with url: ''

2018-11-15 12:25:44 - [TEST_STEP][PASSED] - navigateToUrl: Navigate to 'https://epulsedev2.com' successfully

2018-11-15 12:25:46 - [MESSAGE][PASSED] - Navigate to 'https://epulsedev2.com' successfully

2018-11-15 12:25:46 - [TEST_STEP][PASSED] - setText: Text 'alonzo.mack@knowink.com' is set on object 'Object Repository/Login/Email Address'

2018-11-15 12:25:46 - [MESSAGE][PASSED] - Text 'alonzo.mack@knowink.com' is set on object 'Object Repository/Login/Email Address'

2018-11-15 12:25:46 - [TEST_STEP][PASSED] - setEncryptedText: Text ****** has been set on object 'Object Repository/Login/Password'

2018-11-15 12:25:46 - [MESSAGE][PASSED] - Text ****** has been set on object 'Object Repository/Login/Password'

2018-11-15 12:25:46 - [TEST_STEP][PASSED] - click: Object: 'Object Repository/Login/Sign In' is clicked on

2018-11-15 12:25:47 - [MESSAGE][PASSED] - Object: 'Object Repository/Login/Sign In' is clicked on

2018-11-15 12:25:47 - [TEST_STEP][PASSED] - delay: Delayed 1 second(s)

2018-11-15 12:25:48 - [MESSAGE][PASSED] - Delayed 1 second(s)

2018-11-15 12:25:48 - [TEST_STEP][PASSED] - navigateToUrl: Navigate to 'https://am-automation-test.epulsedev2.com/add_voters' successfully

2018-11-15 12:25:49 - [MESSAGE][PASSED] - Navigate to 'https://am-automation-test.epulsedev2.com/add_voters' successfully

2018-11-15 12:25:49 - [TEST_STEP][PASSED] - delay: Delayed 1 second(s)

2018-11-15 12:25:50 - [MESSAGE][PASSED] - Delayed 1 second(s)

2018-11-15 12:25:50 - [TEST_STEP][PASSED] - click: Object: 'Object Repository/Admin Console ePulse Menu/Account Settings/ID Methods/ID Methods Page/Export' is clicked on

2018-11-15 12:25:50 - [MESSAGE][PASSED] - Object: 'Object Repository/Admin Console ePulse Menu/Account Settings/ID Methods/ID Methods Page/Export' is clicked on

2018-11-15 12:25:50 - [TEST_STEP][PASSED] - delay: Delayed 1 second(s)

2018-11-15 12:25:51 - [MESSAGE][PASSED] - Delayed 1 second(s)

2018-11-15 12:25:51 - [TEST_STEP][PASSED] - closeBrowser: Browser is closed

2018-11-15 12:25:51 - [MESSAGE][PASSED] - Browser is closed]]></system-out>
         <system-err><![CDATA[]]></system-err>
      </testcase>
      <testcase name="Test Cases/SuperAdminConsole/Users/SuperAdmin User Account - Delete - Actions" classname="Test Cases/SuperAdminConsole/Users/SuperAdmin User Account - Delete - Actions" status="PASSED">
         <system-out><![CDATA[2018-11-15 12:25:51 - [TEST_CASE][PASSED] - Test Cases/SuperAdminConsole/Users/SuperAdmin User Account - Delete - Actions: Test Cases/SuperAdminConsole/Users/SuperAdmin User Account - Delete - Actions

2018-11-15 12:25:51 - [TEST_STEP][PASSED] - openBrowser: Browser is opened with url: ''

2018-11-15 12:25:52 - [MESSAGE][PASSED] - Browser is opened with url: ''

2018-11-15 12:25:52 - [TEST_STEP][PASSED] - navigateToUrl: Navigate to 'https://epulsedev2.com' successfully

2018-11-15 12:25:54 - [MESSAGE][PASSED] - Navigate to 'https://epulsedev2.com' successfully

2018-11-15 12:25:54 - [TEST_STEP][PASSED] - setText: Text 'alonzo.mack@knowink.com' is set on object 'Object Repository/Login/Email Address'

2018-11-15 12:25:54 - [MESSAGE][PASSED] - Text 'alonzo.mack@knowink.com' is set on object 'Object Repository/Login/Email Address'

2018-11-15 12:25:54 - [TEST_STEP][PASSED] - setEncryptedText: Text ****** has been set on object 'Object Repository/Login/Password'

2018-11-15 12:25:54 - [MESSAGE][PASSED] - Text ****** has been set on object 'Object Repository/Login/Password'

2018-11-15 12:25:54 - [TEST_STEP][PASSED] - click: Object: 'Object Repository/Login/Sign In' is clicked on

2018-11-15 12:25:55 - [MESSAGE][PASSED] - Object: 'Object Repository/Login/Sign In' is clicked on

2018-11-15 12:25:55 - [TEST_STEP][PASSED] - delay: Delayed 1 second(s)

2018-11-15 12:25:56 - [MESSAGE][PASSED] - Delayed 1 second(s)

2018-11-15 12:25:56 - [TEST_STEP][PASSED] - delay: Delayed 1 second(s)

2018-11-15 12:25:57 - [MESSAGE][PASSED] - Delayed 1 second(s)

2018-11-15 12:25:57 - [TEST_STEP][PASSED] - click: Object: 'Object Repository/SuperAdminConsole/SuperAdmin Users/USERS' is clicked on

2018-11-15 12:25:58 - [MESSAGE][PASSED] - Object: 'Object Repository/SuperAdminConsole/SuperAdmin Users/USERS' is clicked on

2018-11-15 12:25:58 - [TEST_STEP][PASSED] - delay: Delayed 1 second(s)

2018-11-15 12:25:59 - [MESSAGE][PASSED] - Delayed 1 second(s)

2018-11-15 12:25:59 - [TEST_STEP][PASSED] - setText: Text 'firstn' is set on object 'Object Repository/Common ePulse Objects/table-search'

2018-11-15 12:26:00 - [MESSAGE][PASSED] - Text 'firstn' is set on object 'Object Repository/Common ePulse Objects/table-search'

2018-11-15 12:26:00 - [TEST_STEP][PASSED] - delay: Delayed 1 second(s)

2018-11-15 12:26:01 - [MESSAGE][PASSED] - Delayed 1 second(s)

2018-11-15 12:26:01 - [TEST_STEP][PASSED] - click: Object: 'Object Repository/SuperAdminConsole/SuperAdmin Users/User_firstn.lastnknowink.com' is clicked on

2018-11-15 12:26:01 - [MESSAGE][PASSED] - Object: 'Object Repository/SuperAdminConsole/SuperAdmin Users/User_firstn.lastnknowink.com' is clicked on

2018-11-15 12:26:01 - [TEST_STEP][PASSED] - delay: Delayed 1 second(s)

2018-11-15 12:26:02 - [MESSAGE][PASSED] - Delayed 1 second(s)

2018-11-15 12:26:02 - [TEST_STEP][PASSED] - mouseOver: Object: 'Object Repository/Common ePulse Objects/Actions(Gear icon)' is hovered

2018-11-15 12:26:03 - [MESSAGE][PASSED] - Object: 'Object Repository/Common ePulse Objects/Actions(Gear icon)' is hovered

2018-11-15 12:26:03 - [TEST_STEP][PASSED] - delay: Delayed 1 second(s)

2018-11-15 12:26:04 - [MESSAGE][PASSED] - Delayed 1 second(s)

2018-11-15 12:26:04 - [TEST_STEP][PASSED] - click: Object: 'Object Repository/Common ePulse Objects/Delete Button' is clicked on

2018-11-15 12:26:04 - [MESSAGE][PASSED] - Object: 'Object Repository/Common ePulse Objects/Delete Button' is clicked on

2018-11-15 12:26:04 - [TEST_STEP][PASSED] - delay: Delayed 1 second(s)

2018-11-15 12:26:05 - [MESSAGE][PASSED] - Delayed 1 second(s)

2018-11-15 12:26:05 - [TEST_STEP][PASSED] - acceptAlert: Alert accepted

2018-11-15 12:26:05 - [MESSAGE][PASSED] - Alert accepted

2018-11-15 12:26:05 - [TEST_STEP][PASSED] - setText: Text 'firstn' is set on object 'Object Repository/Common ePulse Objects/table-search'

2018-11-15 12:26:06 - [MESSAGE][PASSED] - Text 'firstn' is set on object 'Object Repository/Common ePulse Objects/table-search'

2018-11-15 12:26:06 - [TEST_STEP][PASSED] - closeBrowser: Browser is closed

2018-11-15 12:26:07 - [MESSAGE][PASSED] - Browser is closed]]></system-out>
         <system-err><![CDATA[]]></system-err>
      </testcase>
      <testcase name="Test Cases/Admin Console/Poll Pads/Poll Pad - Configuration/Poll Pad Configuration - Delete" classname="Test Cases/Admin Console/Poll Pads/Poll Pad - Configuration/Poll Pad Configuration - Delete" status="PASSED">
         <system-out><![CDATA[2018-11-15 12:26:07 - [TEST_CASE][PASSED] - Test Cases/Admin Console/Poll Pads/Poll Pad - Configuration/Poll Pad Configuration - Delete: Test Cases/Admin Console/Poll Pads/Poll Pad - Configuration/Poll Pad Configuration - Delete

2018-11-15 12:26:07 - [TEST_STEP][PASSED] - openBrowser: Browser is opened with url: ''

2018-11-15 12:26:07 - [MESSAGE][PASSED] - Browser is opened with url: ''

2018-11-15 12:26:07 - [TEST_STEP][PASSED] - navigateToUrl: Navigate to 'https://epulsedev2.com' successfully

2018-11-15 12:26:09 - [MESSAGE][PASSED] - Navigate to 'https://epulsedev2.com' successfully

2018-11-15 12:26:09 - [TEST_STEP][PASSED] - setText: Text 'alonzo.mack@knowink.com' is set on object 'Object Repository/Login/Email Address'

2018-11-15 12:26:09 - [MESSAGE][PASSED] - Text 'alonzo.mack@knowink.com' is set on object 'Object Repository/Login/Email Address'

2018-11-15 12:26:09 - [TEST_STEP][PASSED] - setEncryptedText: Text ****** has been set on object 'Object Repository/Login/Password'

2018-11-15 12:26:09 - [MESSAGE][PASSED] - Text ****** has been set on object 'Object Repository/Login/Password'

2018-11-15 12:26:09 - [TEST_STEP][PASSED] - click: Object: 'Object Repository/Login/Sign In' is clicked on

2018-11-15 12:26:10 - [MESSAGE][PASSED] - Object: 'Object Repository/Login/Sign In' is clicked on

2018-11-15 12:26:10 - [TEST_STEP][PASSED] - delay: Delayed 1 second(s)

2018-11-15 12:26:11 - [MESSAGE][PASSED] - Delayed 1 second(s)

2018-11-15 12:26:11 - [TEST_STEP][PASSED] - navigateToUrl: Navigate to 'https://am-automation-test.epulsedev2.com/poll_pad_configs#sort=name&direction=asc&display=list' successfully

2018-11-15 12:26:12 - [MESSAGE][PASSED] - Navigate to 'https://am-automation-test.epulsedev2.com/poll_pad_configs#sort=name&direction=asc&display=list' successfully

2018-11-15 12:26:12 - [TEST_STEP][PASSED] - delay: Delayed 1 second(s)

2018-11-15 12:26:13 - [MESSAGE][PASSED] - Delayed 1 second(s)

2018-11-15 12:26:13 - [TEST_STEP][PASSED] - delay: Delayed 1 second(s)

2018-11-15 12:26:14 - [MESSAGE][PASSED] - Delayed 1 second(s)

2018-11-15 12:26:14 - [TEST_STEP][PASSED] - click: Object: 'Object Repository/Admin Console ePulse Menu/Poll Pads/Delete Config' is clicked on

2018-11-15 12:26:14 - [MESSAGE][PASSED] - Object: 'Object Repository/Admin Console ePulse Menu/Poll Pads/Delete Config' is clicked on

2018-11-15 12:26:14 - [TEST_STEP][PASSED] - acceptAlert: Alert accepted

2018-11-15 12:26:14 - [MESSAGE][PASSED] - Alert accepted

2018-11-15 12:26:14 - [TEST_STEP][PASSED] - delay: Delayed 1 second(s)

2018-11-15 12:26:15 - [MESSAGE][PASSED] - Delayed 1 second(s)]]></system-out>
         <system-err><![CDATA[]]></system-err>
      </testcase>
      <testcase name="Test Cases/SuperAdminConsole/Poll Pads/PollPad - Action - Delete" classname="Test Cases/SuperAdminConsole/Poll Pads/PollPad - Action - Delete" status="FAILED">
         <failure type="FAILED" message="(Stack trace: com.kms.katalon.core.exception.StepFailedException: Unable to click on object (Root cause: java.lang.IllegalArgumentException: Object is null)
	at com.kms.katalon.core.keyword.internal.KeywordMain.stepFailed(KeywordMain.groovy:36)
	at com.kms.katalon.core.webui.keyword.internal.WebUIKeywordMain.stepFailed(WebUIKeywordMain.groovy:65)
	at com.kms.katalon.core.webui.keyword.internal.WebUIKeywordMain.runKeyword(WebUIKeywordMain.groovy:27)
	at com.kms.katalon.core.webui.keyword.builtin.ClickKeyword.click(ClickKeyword.groovy:86)
	at com.kms.katalon.core.webui.keyword.builtin.ClickKeyword.execute(ClickKeyword.groovy:67)
	at com.kms.katalon.core.keyword.internal.KeywordExecutor.executeKeywordForPlatform(KeywordExecutor.groovy:53)
	at com.kms.katalon.core.webui.keyword.WebUiBuiltInKeywords.click(WebUiBuiltInKeywords.groovy:616)
	at com.kms.katalon.core.webui.keyword.WebUiBuiltInKeywords$click$3.call(Unknown Source)
	at org.codehaus.groovy.runtime.callsite.CallSiteArray.defaultCall(CallSiteArray.java:48)
	at org.codehaus.groovy.runtime.callsite.AbstractCallSite.call(AbstractCallSite.java:113)
	at org.codehaus.groovy.runtime.callsite.AbstractCallSite.call(AbstractCallSite.java:125)
	at Script1540594103508.run(Script1540594103508.groovy:41)
	at com.kms.katalon.core.main.ScriptEngine.run(ScriptEngine.java:183)
	at com.kms.katalon.core.main.ScriptEngine.runScriptAsRawText(ScriptEngine.java:108)
	at com.kms.katalon.core.main.TestCaseExecutor.runScript(TestCaseExecutor.java:294)
	at com.kms.katalon.core.main.TestCaseExecutor.doExecute(TestCaseExecutor.java:285)
	at com.kms.katalon.core.main.TestCaseExecutor.processExecutionPhase(TestCaseExecutor.java:264)
	at com.kms.katalon.core.main.TestCaseExecutor.accessMainPhase(TestCaseExecutor.java:256)
	at com.kms.katalon.core.main.TestCaseExecutor.execute(TestCaseExecutor.java:200)
	at com.kms.katalon.core.main.TestSuiteExecutor.accessTestCaseMainPhase(TestSuiteExecutor.java:129)
	at com.kms.katalon.core.main.TestSuiteExecutor.accessTestSuiteMainPhase(TestSuiteExecutor.java:112)
	at com.kms.katalon.core.main.TestSuiteExecutor.execute(TestSuiteExecutor.java:81)
	at com.kms.katalon.core.main.TestCaseMain.startTestSuite(TestCaseMain.java:142)
	at com.kms.katalon.core.main.TestCaseMain$startTestSuite$0.call(Unknown Source)
	at org.codehaus.groovy.runtime.callsite.CallSiteArray.defaultCall(CallSiteArray.java:48)
	at org.codehaus.groovy.runtime.callsite.AbstractCallSite.call(AbstractCallSite.java:113)
	at org.codehaus.groovy.runtime.callsite.AbstractCallSite.call(AbstractCallSite.java:141)
	at TempTestSuite1542305302868.run(TempTestSuite1542305302868.groovy:36)
	at groovy.lang.GroovyShell.runScriptOrMainOrTestOrRunnable(GroovyShell.java:263)
	at groovy.lang.GroovyShell.run(GroovyShell.java:518)
	at groovy.lang.GroovyShell.run(GroovyShell.java:507)
	at groovy.ui.GroovyMain.processOnce(GroovyMain.java:653)
	at groovy.ui.GroovyMain.run(GroovyMain.java:384)
	at groovy.ui.GroovyMain.process(GroovyMain.java:370)
	at groovy.ui.GroovyMain.processArgs(GroovyMain.java:129)
	at groovy.ui.GroovyMain.main(GroovyMain.java:109)
	at sun.reflect.NativeMethodAccessorImpl.invoke0(Native Method)
	at sun.reflect.NativeMethodAccessorImpl.invoke(NativeMethodAccessorImpl.java:62)
	at sun.reflect.DelegatingMethodAccessorImpl.invoke(DelegatingMethodAccessorImpl.java:43)
	at java.lang.reflect.Method.invoke(Method.java:498)
	at org.codehaus.groovy.tools.GroovyStarter.rootLoader(GroovyStarter.java:109)
	at org.codehaus.groovy.tools.GroovyStarter.main(GroovyStarter.java:131)
)"/>
         <system-out><![CDATA[2018-11-15 12:26:15 - [TEST_CASE][FAILED] - Test Cases/SuperAdminConsole/Poll Pads/PollPad - Action - Delete: Test Cases/SuperAdminConsole/Poll Pads/PollPad - Action - Delete FAILED because (of) (Stack trace: com.kms.katalon.core.exception.StepFailedException: Unable to click on object (Root cause: java.lang.IllegalArgumentException: Object is null)
	at com.kms.katalon.core.keyword.internal.KeywordMain.stepFailed(KeywordMain.groovy:36)
	at com.kms.katalon.core.webui.keyword.internal.WebUIKeywordMain.stepFailed(WebUIKeywordMain.groovy:65)
	at com.kms.katalon.core.webui.keyword.internal.WebUIKeywordMain.runKeyword(WebUIKeywordMain.groovy:27)
	at com.kms.katalon.core.webui.keyword.builtin.ClickKeyword.click(ClickKeyword.groovy:86)
	at com.kms.katalon.core.webui.keyword.builtin.ClickKeyword.execute(ClickKeyword.groovy:67)
	at com.kms.katalon.core.keyword.internal.KeywordExecutor.executeKeywordForPlatform(KeywordExecutor.groovy:53)
	at com.kms.katalon.core.webui.keyword.WebUiBuiltInKeywords.click(WebUiBuiltInKeywords.groovy:616)
	at com.kms.katalon.core.webui.keyword.WebUiBuiltInKeywords$click$3.call(Unknown Source)
	at org.codehaus.groovy.runtime.callsite.CallSiteArray.defaultCall(CallSiteArray.java:48)
	at org.codehaus.groovy.runtime.callsite.AbstractCallSite.call(AbstractCallSite.java:113)
	at org.codehaus.groovy.runtime.callsite.AbstractCallSite.call(AbstractCallSite.java:125)
	at Script1540594103508.run(Script1540594103508.groovy:41)
	at com.kms.katalon.core.main.ScriptEngine.run(ScriptEngine.java:183)
	at com.kms.katalon.core.main.ScriptEngine.runScriptAsRawText(ScriptEngine.java:108)
	at com.kms.katalon.core.main.TestCaseExecutor.runScript(TestCaseExecutor.java:294)
	at com.kms.katalon.core.main.TestCaseExecutor.doExecute(TestCaseExecutor.java:285)
	at com.kms.katalon.core.main.TestCaseExecutor.processExecutionPhase(TestCaseExecutor.java:264)
	at com.kms.katalon.core.main.TestCaseExecutor.accessMainPhase(TestCaseExecutor.java:256)
	at com.kms.katalon.core.main.TestCaseExecutor.execute(TestCaseExecutor.java:200)
	at com.kms.katalon.core.main.TestSuiteExecutor.accessTestCaseMainPhase(TestSuiteExecutor.java:129)
	at com.kms.katalon.core.main.TestSuiteExecutor.accessTestSuiteMainPhase(TestSuiteExecutor.java:112)
	at com.kms.katalon.core.main.TestSuiteExecutor.execute(TestSuiteExecutor.java:81)
	at com.kms.katalon.core.main.TestCaseMain.startTestSuite(TestCaseMain.java:142)
	at com.kms.katalon.core.main.TestCaseMain$startTestSuite$0.call(Unknown Source)
	at org.codehaus.groovy.runtime.callsite.CallSiteArray.defaultCall(CallSiteArray.java:48)
	at org.codehaus.groovy.runtime.callsite.AbstractCallSite.call(AbstractCallSite.java:113)
	at org.codehaus.groovy.runtime.callsite.AbstractCallSite.call(AbstractCallSite.java:141)
	at TempTestSuite1542305302868.run(TempTestSuite1542305302868.groovy:36)
	at groovy.lang.GroovyShell.runScriptOrMainOrTestOrRunnable(GroovyShell.java:263)
	at groovy.lang.GroovyShell.run(GroovyShell.java:518)
	at groovy.lang.GroovyShell.run(GroovyShell.java:507)
	at groovy.ui.GroovyMain.processOnce(GroovyMain.java:653)
	at groovy.ui.GroovyMain.run(GroovyMain.java:384)
	at groovy.ui.GroovyMain.process(GroovyMain.java:370)
	at groovy.ui.GroovyMain.processArgs(GroovyMain.java:129)
	at groovy.ui.GroovyMain.main(GroovyMain.java:109)
	at sun.reflect.NativeMethodAccessorImpl.invoke0(Native Method)
	at sun.reflect.NativeMethodAccessorImpl.invoke(NativeMethodAccessorImpl.java:62)
	at sun.reflect.DelegatingMethodAccessorImpl.invoke(DelegatingMethodAccessorImpl.java:43)
	at java.lang.reflect.Method.invoke(Method.java:498)
	at org.codehaus.groovy.tools.GroovyStarter.rootLoader(GroovyStarter.java:109)
	at org.codehaus.groovy.tools.GroovyStarter.main(GroovyStarter.java:131)
)

2018-11-15 12:26:15 - [TEST_STEP][PASSED] - openBrowser: Browser is opened with url: ''

2018-11-15 12:26:15 - [MESSAGE][WARNING] - A browser is already opened. Closing browser and opening a new one

2018-11-15 12:26:16 - [MESSAGE][PASSED] - Browser is opened with url: ''

2018-11-15 12:26:16 - [TEST_STEP][PASSED] - navigateToUrl: Navigate to 'https://epulsedev2.com' successfully

2018-11-15 12:26:18 - [MESSAGE][PASSED] - Navigate to 'https://epulsedev2.com' successfully

2018-11-15 12:26:18 - [TEST_STEP][PASSED] - setText: Text 'alonzo.mack@knowink.com' is set on object 'Object Repository/Login/Email Address'

2018-11-15 12:26:18 - [MESSAGE][PASSED] - Text 'alonzo.mack@knowink.com' is set on object 'Object Repository/Login/Email Address'

2018-11-15 12:26:18 - [TEST_STEP][PASSED] - setEncryptedText: Text ****** has been set on object 'Object Repository/Login/Password'

2018-11-15 12:26:18 - [MESSAGE][PASSED] - Text ****** has been set on object 'Object Repository/Login/Password'

2018-11-15 12:26:18 - [TEST_STEP][PASSED] - click: Object: 'Object Repository/Login/Sign In' is clicked on

2018-11-15 12:26:19 - [MESSAGE][PASSED] - Object: 'Object Repository/Login/Sign In' is clicked on

2018-11-15 12:26:19 - [TEST_STEP][PASSED] - delay: Delayed 1 second(s)

2018-11-15 12:26:20 - [MESSAGE][PASSED] - Delayed 1 second(s)

2018-11-15 12:26:20 - [TEST_STEP][PASSED] - click: Object: 'Object Repository/SuperAdminConsole/Poll Pads/POLL PADS link' is clicked on

2018-11-15 12:26:21 - [MESSAGE][PASSED] - Object: 'Object Repository/SuperAdminConsole/Poll Pads/POLL PADS link' is clicked on

2018-11-15 12:26:21 - [TEST_STEP][PASSED] - delay: Delayed 1 second(s)

2018-11-15 12:26:22 - [MESSAGE][PASSED] - Delayed 1 second(s)

2018-11-15 12:26:22 - [TEST_STEP][PASSED] - setText: Text 'Test Pollpad' is set on object 'Object Repository/SuperAdminConsole/Poll Pads/Test PollPad table search'

2018-11-15 12:26:22 - [MESSAGE][PASSED] - Text 'Test Pollpad' is set on object 'Object Repository/SuperAdminConsole/Poll Pads/Test PollPad table search'

2018-11-15 12:26:22 - [TEST_STEP][PASSED] - delay: Delayed 1 second(s)

2018-11-15 12:26:23 - [MESSAGE][PASSED] - Delayed 1 second(s)

2018-11-15 12:26:23 - [TEST_STEP][FAILED] - click: Unable to click on object (Root cause: java.lang.IllegalArgumentException: Object is null)

2018-11-15 12:26:23 - [MESSAGE][WARNING] - Test object with id 'Object Repository/null' does not exist

2018-11-15 12:26:23 - [MESSAGE][WARNING] - Test object with id 'Object Repository/' does not exist

2018-11-15 12:26:23 - [MESSAGE][FAILED] - Unable to click on object (Root cause: java.lang.IllegalArgumentException: Object is null)
[[ATTACHMENT|/Users/alonzomack/Katalon Studio/Regression/Reports/New Test Suite/20181115_120822/1542306383654.png]]]]></system-out>
         <system-err><![CDATA[2018-11-15 12:26:15 - [TEST_CASE][FAILED] - Test Cases/SuperAdminConsole/Poll Pads/PollPad - Action - Delete: Test Cases/SuperAdminConsole/Poll Pads/PollPad - Action - Delete FAILED because (of) (Stack trace: com.kms.katalon.core.exception.StepFailedException: Unable to click on object (Root cause: java.lang.IllegalArgumentException: Object is null)
	at com.kms.katalon.core.keyword.internal.KeywordMain.stepFailed(KeywordMain.groovy:36)
	at com.kms.katalon.core.webui.keyword.internal.WebUIKeywordMain.stepFailed(WebUIKeywordMain.groovy:65)
	at com.kms.katalon.core.webui.keyword.internal.WebUIKeywordMain.runKeyword(WebUIKeywordMain.groovy:27)
	at com.kms.katalon.core.webui.keyword.builtin.ClickKeyword.click(ClickKeyword.groovy:86)
	at com.kms.katalon.core.webui.keyword.builtin.ClickKeyword.execute(ClickKeyword.groovy:67)
	at com.kms.katalon.core.keyword.internal.KeywordExecutor.executeKeywordForPlatform(KeywordExecutor.groovy:53)
	at com.kms.katalon.core.webui.keyword.WebUiBuiltInKeywords.click(WebUiBuiltInKeywords.groovy:616)
	at com.kms.katalon.core.webui.keyword.WebUiBuiltInKeywords$click$3.call(Unknown Source)
	at org.codehaus.groovy.runtime.callsite.CallSiteArray.defaultCall(CallSiteArray.java:48)
	at org.codehaus.groovy.runtime.callsite.AbstractCallSite.call(AbstractCallSite.java:113)
	at org.codehaus.groovy.runtime.callsite.AbstractCallSite.call(AbstractCallSite.java:125)
	at Script1540594103508.run(Script1540594103508.groovy:41)
	at com.kms.katalon.core.main.ScriptEngine.run(ScriptEngine.java:183)
	at com.kms.katalon.core.main.ScriptEngine.runScriptAsRawText(ScriptEngine.java:108)
	at com.kms.katalon.core.main.TestCaseExecutor.runScript(TestCaseExecutor.java:294)
	at com.kms.katalon.core.main.TestCaseExecutor.doExecute(TestCaseExecutor.java:285)
	at com.kms.katalon.core.main.TestCaseExecutor.processExecutionPhase(TestCaseExecutor.java:264)
	at com.kms.katalon.core.main.TestCaseExecutor.accessMainPhase(TestCaseExecutor.java:256)
	at com.kms.katalon.core.main.TestCaseExecutor.execute(TestCaseExecutor.java:200)
	at com.kms.katalon.core.main.TestSuiteExecutor.accessTestCaseMainPhase(TestSuiteExecutor.java:129)
	at com.kms.katalon.core.main.TestSuiteExecutor.accessTestSuiteMainPhase(TestSuiteExecutor.java:112)
	at com.kms.katalon.core.main.TestSuiteExecutor.execute(TestSuiteExecutor.java:81)
	at com.kms.katalon.core.main.TestCaseMain.startTestSuite(TestCaseMain.java:142)
	at com.kms.katalon.core.main.TestCaseMain$startTestSuite$0.call(Unknown Source)
	at org.codehaus.groovy.runtime.callsite.CallSiteArray.defaultCall(CallSiteArray.java:48)
	at org.codehaus.groovy.runtime.callsite.AbstractCallSite.call(AbstractCallSite.java:113)
	at org.codehaus.groovy.runtime.callsite.AbstractCallSite.call(AbstractCallSite.java:141)
	at TempTestSuite1542305302868.run(TempTestSuite1542305302868.groovy:36)
	at groovy.lang.GroovyShell.runScriptOrMainOrTestOrRunnable(GroovyShell.java:263)
	at groovy.lang.GroovyShell.run(GroovyShell.java:518)
	at groovy.lang.GroovyShell.run(GroovyShell.java:507)
	at groovy.ui.GroovyMain.processOnce(GroovyMain.java:653)
	at groovy.ui.GroovyMain.run(GroovyMain.java:384)
	at groovy.ui.GroovyMain.process(GroovyMain.java:370)
	at groovy.ui.GroovyMain.processArgs(GroovyMain.java:129)
	at groovy.ui.GroovyMain.main(GroovyMain.java:109)
	at sun.reflect.NativeMethodAccessorImpl.invoke0(Native Method)
	at sun.reflect.NativeMethodAccessorImpl.invoke(NativeMethodAccessorImpl.java:62)
	at sun.reflect.DelegatingMethodAccessorImpl.invoke(DelegatingMethodAccessorImpl.java:43)
	at java.lang.reflect.Method.invoke(Method.java:498)
	at org.codehaus.groovy.tools.GroovyStarter.rootLoader(GroovyStarter.java:109)
	at org.codehaus.groovy.tools.GroovyStarter.main(GroovyStarter.java:131)
)]]></system-err>
      </testcase>
      <testcase name="Test Cases/SuperAdminConsole/Poll Pads/PollPad - In-Line Delete" classname="Test Cases/SuperAdminConsole/Poll Pads/PollPad - In-Line Delete" status="PASSED">
         <system-out><![CDATA[2018-11-15 12:26:23 - [TEST_CASE][PASSED] - Test Cases/SuperAdminConsole/Poll Pads/PollPad - In-Line Delete: Test Cases/SuperAdminConsole/Poll Pads/PollPad - In-Line Delete

2018-11-15 12:26:24 - [TEST_STEP][PASSED] - openBrowser: Browser is opened with url: 'https://epulsedev2.com'

2018-11-15 12:26:24 - [MESSAGE][WARNING] - A browser is already opened. Closing browser and opening a new one

2018-11-15 12:26:26 - [MESSAGE][PASSED] - Browser is opened with url: 'https://epulsedev2.com'

2018-11-15 12:26:26 - [TEST_STEP][PASSED] - openBrowser: Browser is opened with url: ''

2018-11-15 12:26:26 - [MESSAGE][WARNING] - A browser is already opened. Closing browser and opening a new one

2018-11-15 12:26:27 - [MESSAGE][PASSED] - Browser is opened with url: ''

2018-11-15 12:26:27 - [TEST_STEP][PASSED] - navigateToUrl: Navigate to 'https://epulsedev2.com' successfully

2018-11-15 12:26:28 - [MESSAGE][PASSED] - Navigate to 'https://epulsedev2.com' successfully

2018-11-15 12:26:28 - [TEST_STEP][PASSED] - setText: Text 'alonzo.mack@knowink.com' is set on object 'Object Repository/Login/Email Address'

2018-11-15 12:26:28 - [MESSAGE][PASSED] - Text 'alonzo.mack@knowink.com' is set on object 'Object Repository/Login/Email Address'

2018-11-15 12:26:28 - [TEST_STEP][PASSED] - setEncryptedText: Text ****** has been set on object 'Object Repository/Login/Password'

2018-11-15 12:26:28 - [MESSAGE][PASSED] - Text ****** has been set on object 'Object Repository/Login/Password'

2018-11-15 12:26:28 - [TEST_STEP][PASSED] - click: Object: 'Object Repository/Login/Sign In' is clicked on

2018-11-15 12:26:29 - [MESSAGE][PASSED] - Object: 'Object Repository/Login/Sign In' is clicked on

2018-11-15 12:26:29 - [TEST_STEP][PASSED] - delay: Delayed 1 second(s)

2018-11-15 12:26:30 - [MESSAGE][PASSED] - Delayed 1 second(s)

2018-11-15 12:26:30 - [TEST_STEP][PASSED] - click: Object: 'Object Repository/SuperAdminConsole/Poll Pads/POLL PADS link' is clicked on

2018-11-15 12:26:36 - [MESSAGE][PASSED] - Object: 'Object Repository/SuperAdminConsole/Poll Pads/POLL PADS link' is clicked on

2018-11-15 12:26:36 - [TEST_STEP][PASSED] - setText: Text 'Test Pollpad' is set on object 'Object Repository/SuperAdminConsole/Poll Pads/Test PollPad table search'

2018-11-15 12:26:36 - [MESSAGE][PASSED] - Text 'Test Pollpad' is set on object 'Object Repository/SuperAdminConsole/Poll Pads/Test PollPad table search'

2018-11-15 12:26:36 - [TEST_STEP][PASSED] - delay: Delayed 1 second(s)

2018-11-15 12:26:37 - [MESSAGE][PASSED] - Delayed 1 second(s)

2018-11-15 12:26:37 - [TEST_STEP][PASSED] - click: Object: 'Object Repository/SuperAdminConsole/Poll Pads/Delete/Delete - In-Line/Delete Test PollPad' is clicked on

2018-11-15 12:26:37 - [MESSAGE][PASSED] - Object: 'Object Repository/SuperAdminConsole/Poll Pads/Delete/Delete - In-Line/Delete Test PollPad' is clicked on

2018-11-15 12:26:37 - [TEST_STEP][PASSED] - delay: Delayed 1 second(s)

2018-11-15 12:26:38 - [MESSAGE][PASSED] - Delayed 1 second(s)

2018-11-15 12:26:38 - [TEST_STEP][PASSED] - acceptAlert: Alert accepted

2018-11-15 12:26:38 - [MESSAGE][PASSED] - Alert accepted

2018-11-15 12:26:38 - [TEST_STEP][PASSED] - delay: Delayed 1 second(s)

2018-11-15 12:26:39 - [MESSAGE][PASSED] - Delayed 1 second(s)

2018-11-15 12:26:39 - [TEST_STEP][PASSED] - closeBrowser: Browser is closed

2018-11-15 12:26:39 - [MESSAGE][PASSED] - Browser is closed]]></system-out>
         <system-err><![CDATA[]]></system-err>
      </testcase>
      <testcase name="Test Cases/Admin Console/Account Settings/ID Methods/ID Methods - Delete" classname="Test Cases/Admin Console/Account Settings/ID Methods/ID Methods - Delete" status="PASSED">
         <system-out><![CDATA[2018-11-15 12:26:39 - [TEST_CASE][PASSED] - Test Cases/Admin Console/Account Settings/ID Methods/ID Methods - Delete: Test Cases/Admin Console/Account Settings/ID Methods/ID Methods - Delete

2018-11-15 12:26:39 - [TEST_STEP][PASSED] - openBrowser: Browser is opened with url: ''

2018-11-15 12:26:40 - [MESSAGE][PASSED] - Browser is opened with url: ''

2018-11-15 12:26:40 - [TEST_STEP][PASSED] - navigateToUrl: Navigate to 'https://epulsedev2.com' successfully

2018-11-15 12:26:43 - [MESSAGE][PASSED] - Navigate to 'https://epulsedev2.com' successfully

2018-11-15 12:26:43 - [TEST_STEP][PASSED] - setText: Text 'alonzo.mack@knowink.com' is set on object 'Object Repository/Login/Email Address'

2018-11-15 12:26:43 - [MESSAGE][PASSED] - Text 'alonzo.mack@knowink.com' is set on object 'Object Repository/Login/Email Address'

2018-11-15 12:26:43 - [TEST_STEP][PASSED] - setEncryptedText: Text ****** has been set on object 'Object Repository/Login/Password'

2018-11-15 12:26:43 - [MESSAGE][PASSED] - Text ****** has been set on object 'Object Repository/Login/Password'

2018-11-15 12:26:43 - [TEST_STEP][PASSED] - click: Object: 'Object Repository/Login/Sign In' is clicked on

2018-11-15 12:26:45 - [MESSAGE][PASSED] - Object: 'Object Repository/Login/Sign In' is clicked on

2018-11-15 12:26:45 - [TEST_STEP][PASSED] - delay: Delayed 1 second(s)

2018-11-15 12:26:46 - [MESSAGE][PASSED] - Delayed 1 second(s)

2018-11-15 12:26:46 - [TEST_STEP][PASSED] - navigateToUrl: Navigate to 'https://am-automation-test.epulsedev2.com/voter_id_methods' successfully

2018-11-15 12:26:47 - [MESSAGE][PASSED] - Navigate to 'https://am-automation-test.epulsedev2.com/voter_id_methods' successfully

2018-11-15 12:26:47 - [TEST_STEP][PASSED] - delay: Delayed 1 second(s)

2018-11-15 12:26:48 - [MESSAGE][PASSED] - Delayed 1 second(s)

2018-11-15 12:26:48 - [TEST_STEP][PASSED] - click: Object: 'Object Repository/Admin Console ePulse Menu/Account Settings/ID Methods/ID Methods Page/Page_Epulse  am-Automation-test/Delete Selected ID Method' is clicked on

2018-11-15 12:26:48 - [MESSAGE][PASSED] - Object: 'Object Repository/Admin Console ePulse Menu/Account Settings/ID Methods/ID Methods Page/Page_Epulse  am-Automation-test/Delete Selected ID Method' is clicked on

2018-11-15 12:26:48 - [TEST_STEP][PASSED] - delay: Delayed 3 second(s)

2018-11-15 12:26:51 - [MESSAGE][PASSED] - Delayed 3 second(s)

2018-11-15 12:26:51 - [TEST_STEP][PASSED] - acceptAlert: Alert accepted

2018-11-15 12:26:51 - [MESSAGE][PASSED] - Alert accepted

2018-11-15 12:26:51 - [TEST_STEP][PASSED] - closeBrowser: Browser is closed

2018-11-15 12:26:51 - [MESSAGE][PASSED] - Browser is closed]]></system-out>
         <system-err><![CDATA[]]></system-err>
      </testcase>
      <testcase name="Test Cases/SuperAdminConsole/Parties/SuperAdmin Console Parties - Delete State" classname="Test Cases/SuperAdminConsole/Parties/SuperAdmin Console Parties - Delete State" status="PASSED">
         <system-out><![CDATA[2018-11-15 12:26:51 - [TEST_CASE][PASSED] - Test Cases/SuperAdminConsole/Parties/SuperAdmin Console Parties - Delete State: Test Cases/SuperAdminConsole/Parties/SuperAdmin Console Parties - Delete State

2018-11-15 12:26:51 - [TEST_STEP][PASSED] - openBrowser: Browser is opened with url: ''

2018-11-15 12:26:52 - [MESSAGE][PASSED] - Browser is opened with url: ''

2018-11-15 12:26:52 - [TEST_STEP][PASSED] - navigateToUrl: Navigate to 'https://epulsedev2.com' successfully

2018-11-15 12:26:54 - [MESSAGE][PASSED] - Navigate to 'https://epulsedev2.com' successfully

2018-11-15 12:26:54 - [TEST_STEP][PASSED] - setText: Text 'alonzo.mack@knowink.com' is set on object 'Object Repository/Login/Email Address'

2018-11-15 12:26:54 - [MESSAGE][PASSED] - Text 'alonzo.mack@knowink.com' is set on object 'Object Repository/Login/Email Address'

2018-11-15 12:26:54 - [TEST_STEP][PASSED] - setEncryptedText: Text ****** has been set on object 'Object Repository/Login/Password'

2018-11-15 12:26:54 - [MESSAGE][PASSED] - Text ****** has been set on object 'Object Repository/Login/Password'

2018-11-15 12:26:54 - [TEST_STEP][PASSED] - click: Object: 'Object Repository/Login/Sign In' is clicked on

2018-11-15 12:26:56 - [MESSAGE][PASSED] - Object: 'Object Repository/Login/Sign In' is clicked on]]></system-out>
         <system-err><![CDATA[]]></system-err>
      </testcase>
      <testcase name="Test Cases/SuperAdminConsole/Users/SuperAdmin User Account - Delete - Actions" classname="Test Cases/SuperAdminConsole/Users/SuperAdmin User Account - Delete - Actions" status="FAILED">
         <failure type="FAILED" message="(Stack trace: com.kms.katalon.core.exception.StepFailedException: Unable to click on object 'Object Repository/SuperAdminConsole/SuperAdmin Users/User_firstn.lastnknowink.com' (Root cause: com.kms.katalon.core.webui.exception.WebElementNotFoundException: Web element with id: 'Object Repository/SuperAdminConsole/SuperAdmin Users/User_firstn.lastnknowink.com' located by 'By.xpath: //a[(text()=&quot;firstn.lastn@knowink.com&quot;)]' not found)
	at com.kms.katalon.core.keyword.internal.KeywordMain.stepFailed(KeywordMain.groovy:36)
	at com.kms.katalon.core.webui.keyword.internal.WebUIKeywordMain.stepFailed(WebUIKeywordMain.groovy:65)
	at com.kms.katalon.core.webui.keyword.internal.WebUIKeywordMain.runKeyword(WebUIKeywordMain.groovy:27)
	at com.kms.katalon.core.webui.keyword.builtin.ClickKeyword.click(ClickKeyword.groovy:86)
	at com.kms.katalon.core.webui.keyword.builtin.ClickKeyword.execute(ClickKeyword.groovy:67)
	at com.kms.katalon.core.keyword.internal.KeywordExecutor.executeKeywordForPlatform(KeywordExecutor.groovy:53)
	at com.kms.katalon.core.webui.keyword.WebUiBuiltInKeywords.click(WebUiBuiltInKeywords.groovy:604)
	at com.kms.katalon.core.webui.keyword.WebUiBuiltInKeywords$click$4.call(Unknown Source)
	at Script1540837522308.run(Script1540837522308.groovy:50)
	at com.kms.katalon.core.main.ScriptEngine.run(ScriptEngine.java:183)
	at com.kms.katalon.core.main.ScriptEngine.runScriptAsRawText(ScriptEngine.java:108)
	at com.kms.katalon.core.main.TestCaseExecutor.runScript(TestCaseExecutor.java:294)
	at com.kms.katalon.core.main.TestCaseExecutor.doExecute(TestCaseExecutor.java:285)
	at com.kms.katalon.core.main.TestCaseExecutor.processExecutionPhase(TestCaseExecutor.java:264)
	at com.kms.katalon.core.main.TestCaseExecutor.accessMainPhase(TestCaseExecutor.java:256)
	at com.kms.katalon.core.main.TestCaseExecutor.execute(TestCaseExecutor.java:200)
	at com.kms.katalon.core.main.TestSuiteExecutor.accessTestCaseMainPhase(TestSuiteExecutor.java:129)
	at com.kms.katalon.core.main.TestSuiteExecutor.accessTestSuiteMainPhase(TestSuiteExecutor.java:112)
	at com.kms.katalon.core.main.TestSuiteExecutor.execute(TestSuiteExecutor.java:81)
	at com.kms.katalon.core.main.TestCaseMain.startTestSuite(TestCaseMain.java:142)
	at com.kms.katalon.core.main.TestCaseMain$startTestSuite$0.call(Unknown Source)
	at org.codehaus.groovy.runtime.callsite.CallSiteArray.defaultCall(CallSiteArray.java:48)
	at org.codehaus.groovy.runtime.callsite.AbstractCallSite.call(AbstractCallSite.java:113)
	at org.codehaus.groovy.runtime.callsite.AbstractCallSite.call(AbstractCallSite.java:141)
	at TempTestSuite1542305302868.run(TempTestSuite1542305302868.groovy:36)
	at groovy.lang.GroovyShell.runScriptOrMainOrTestOrRunnable(GroovyShell.java:263)
	at groovy.lang.GroovyShell.run(GroovyShell.java:518)
	at groovy.lang.GroovyShell.run(GroovyShell.java:507)
	at groovy.ui.GroovyMain.processOnce(GroovyMain.java:653)
	at groovy.ui.GroovyMain.run(GroovyMain.java:384)
	at groovy.ui.GroovyMain.process(GroovyMain.java:370)
	at groovy.ui.GroovyMain.processArgs(GroovyMain.java:129)
	at groovy.ui.GroovyMain.main(GroovyMain.java:109)
	at sun.reflect.NativeMethodAccessorImpl.invoke0(Native Method)
	at sun.reflect.NativeMethodAccessorImpl.invoke(NativeMethodAccessorImpl.java:62)
	at sun.reflect.DelegatingMethodAccessorImpl.invoke(DelegatingMethodAccessorImpl.java:43)
	at java.lang.reflect.Method.invoke(Method.java:498)
	at org.codehaus.groovy.tools.GroovyStarter.rootLoader(GroovyStarter.java:109)
	at org.codehaus.groovy.tools.GroovyStarter.main(GroovyStarter.java:131)
)"/>
         <system-out><![CDATA[2018-11-15 12:26:56 - [TEST_CASE][FAILED] - Test Cases/SuperAdminConsole/Users/SuperAdmin User Account - Delete - Actions: Test Cases/SuperAdminConsole/Users/SuperAdmin User Account - Delete - Actions FAILED because (of) (Stack trace: com.kms.katalon.core.exception.StepFailedException: Unable to click on object 'Object Repository/SuperAdminConsole/SuperAdmin Users/User_firstn.lastnknowink.com' (Root cause: com.kms.katalon.core.webui.exception.WebElementNotFoundException: Web element with id: 'Object Repository/SuperAdminConsole/SuperAdmin Users/User_firstn.lastnknowink.com' located by 'By.xpath: //a[(text()="firstn.lastn@knowink.com")]' not found)
	at com.kms.katalon.core.keyword.internal.KeywordMain.stepFailed(KeywordMain.groovy:36)
	at com.kms.katalon.core.webui.keyword.internal.WebUIKeywordMain.stepFailed(WebUIKeywordMain.groovy:65)
	at com.kms.katalon.core.webui.keyword.internal.WebUIKeywordMain.runKeyword(WebUIKeywordMain.groovy:27)
	at com.kms.katalon.core.webui.keyword.builtin.ClickKeyword.click(ClickKeyword.groovy:86)
	at com.kms.katalon.core.webui.keyword.builtin.ClickKeyword.execute(ClickKeyword.groovy:67)
	at com.kms.katalon.core.keyword.internal.KeywordExecutor.executeKeywordForPlatform(KeywordExecutor.groovy:53)
	at com.kms.katalon.core.webui.keyword.WebUiBuiltInKeywords.click(WebUiBuiltInKeywords.groovy:604)
	at com.kms.katalon.core.webui.keyword.WebUiBuiltInKeywords$click$4.call(Unknown Source)
	at Script1540837522308.run(Script1540837522308.groovy:50)
	at com.kms.katalon.core.main.ScriptEngine.run(ScriptEngine.java:183)
	at com.kms.katalon.core.main.ScriptEngine.runScriptAsRawText(ScriptEngine.java:108)
	at com.kms.katalon.core.main.TestCaseExecutor.runScript(TestCaseExecutor.java:294)
	at com.kms.katalon.core.main.TestCaseExecutor.doExecute(TestCaseExecutor.java:285)
	at com.kms.katalon.core.main.TestCaseExecutor.processExecutionPhase(TestCaseExecutor.java:264)
	at com.kms.katalon.core.main.TestCaseExecutor.accessMainPhase(TestCaseExecutor.java:256)
	at com.kms.katalon.core.main.TestCaseExecutor.execute(TestCaseExecutor.java:200)
	at com.kms.katalon.core.main.TestSuiteExecutor.accessTestCaseMainPhase(TestSuiteExecutor.java:129)
	at com.kms.katalon.core.main.TestSuiteExecutor.accessTestSuiteMainPhase(TestSuiteExecutor.java:112)
	at com.kms.katalon.core.main.TestSuiteExecutor.execute(TestSuiteExecutor.java:81)
	at com.kms.katalon.core.main.TestCaseMain.startTestSuite(TestCaseMain.java:142)
	at com.kms.katalon.core.main.TestCaseMain$startTestSuite$0.call(Unknown Source)
	at org.codehaus.groovy.runtime.callsite.CallSiteArray.defaultCall(CallSiteArray.java:48)
	at org.codehaus.groovy.runtime.callsite.AbstractCallSite.call(AbstractCallSite.java:113)
	at org.codehaus.groovy.runtime.callsite.AbstractCallSite.call(AbstractCallSite.java:141)
	at TempTestSuite1542305302868.run(TempTestSuite1542305302868.groovy:36)
	at groovy.lang.GroovyShell.runScriptOrMainOrTestOrRunnable(GroovyShell.java:263)
	at groovy.lang.GroovyShell.run(GroovyShell.java:518)
	at groovy.lang.GroovyShell.run(GroovyShell.java:507)
	at groovy.ui.GroovyMain.processOnce(GroovyMain.java:653)
	at groovy.ui.GroovyMain.run(GroovyMain.java:384)
	at groovy.ui.GroovyMain.process(GroovyMain.java:370)
	at groovy.ui.GroovyMain.processArgs(GroovyMain.java:129)
	at groovy.ui.GroovyMain.main(GroovyMain.java:109)
	at sun.reflect.NativeMethodAccessorImpl.invoke0(Native Method)
	at sun.reflect.NativeMethodAccessorImpl.invoke(NativeMethodAccessorImpl.java:62)
	at sun.reflect.DelegatingMethodAccessorImpl.invoke(DelegatingMethodAccessorImpl.java:43)
	at java.lang.reflect.Method.invoke(Method.java:498)
	at org.codehaus.groovy.tools.GroovyStarter.rootLoader(GroovyStarter.java:109)
	at org.codehaus.groovy.tools.GroovyStarter.main(GroovyStarter.java:131)
)

2018-11-15 12:26:56 - [TEST_STEP][PASSED] - openBrowser: Browser is opened with url: ''

2018-11-15 12:26:56 - [MESSAGE][WARNING] - A browser is already opened. Closing browser and opening a new one

2018-11-15 12:26:57 - [MESSAGE][PASSED] - Browser is opened with url: ''

2018-11-15 12:26:57 - [TEST_STEP][PASSED] - navigateToUrl: Navigate to 'https://epulsedev2.com' successfully

2018-11-15 12:26:58 - [MESSAGE][PASSED] - Navigate to 'https://epulsedev2.com' successfully

2018-11-15 12:26:58 - [TEST_STEP][PASSED] - setText: Text 'alonzo.mack@knowink.com' is set on object 'Object Repository/Login/Email Address'

2018-11-15 12:26:58 - [MESSAGE][PASSED] - Text 'alonzo.mack@knowink.com' is set on object 'Object Repository/Login/Email Address'

2018-11-15 12:26:58 - [TEST_STEP][PASSED] - setEncryptedText: Text ****** has been set on object 'Object Repository/Login/Password'

2018-11-15 12:26:58 - [MESSAGE][PASSED] - Text ****** has been set on object 'Object Repository/Login/Password'

2018-11-15 12:26:58 - [TEST_STEP][PASSED] - click: Object: 'Object Repository/Login/Sign In' is clicked on

2018-11-15 12:26:59 - [MESSAGE][PASSED] - Object: 'Object Repository/Login/Sign In' is clicked on

2018-11-15 12:26:59 - [TEST_STEP][PASSED] - delay: Delayed 1 second(s)

2018-11-15 12:27:00 - [MESSAGE][PASSED] - Delayed 1 second(s)

2018-11-15 12:27:00 - [TEST_STEP][PASSED] - delay: Delayed 1 second(s)

2018-11-15 12:27:01 - [MESSAGE][PASSED] - Delayed 1 second(s)

2018-11-15 12:27:01 - [TEST_STEP][PASSED] - click: Object: 'Object Repository/SuperAdminConsole/SuperAdmin Users/USERS' is clicked on

2018-11-15 12:27:02 - [MESSAGE][PASSED] - Object: 'Object Repository/SuperAdminConsole/SuperAdmin Users/USERS' is clicked on

2018-11-15 12:27:02 - [TEST_STEP][PASSED] - delay: Delayed 1 second(s)

2018-11-15 12:27:03 - [MESSAGE][PASSED] - Delayed 1 second(s)

2018-11-15 12:27:03 - [TEST_STEP][PASSED] - setText: Text 'firstn' is set on object 'Object Repository/Common ePulse Objects/table-search'

2018-11-15 12:27:03 - [MESSAGE][PASSED] - Text 'firstn' is set on object 'Object Repository/Common ePulse Objects/table-search'

2018-11-15 12:27:03 - [TEST_STEP][PASSED] - delay: Delayed 1 second(s)

2018-11-15 12:27:04 - [MESSAGE][PASSED] - Delayed 1 second(s)

2018-11-15 12:27:04 - [TEST_STEP][FAILED] - click: Unable to click on object 'Object Repository/SuperAdminConsole/SuperAdmin Users/User_firstn.lastnknowink.com' (Root cause: com.kms.katalon.core.webui.exception.WebElementNotFoundException: Web element with id: 'Object Repository/SuperAdminConsole/SuperAdmin Users/User_firstn.lastnknowink.com' located by 'By.xpath: //a[(text()="firstn.lastn@knowink.com")]' not found)

2018-11-15 12:27:20 - [MESSAGE][FAILED] - Unable to click on object 'Object Repository/SuperAdminConsole/SuperAdmin Users/User_firstn.lastnknowink.com' (Root cause: com.kms.katalon.core.webui.exception.WebElementNotFoundException: Web element with id: 'Object Repository/SuperAdminConsole/SuperAdmin Users/User_firstn.lastnknowink.com' located by 'By.xpath: //a[(text()="firstn.lastn@knowink.com")]' not found)
[[ATTACHMENT|/Users/alonzomack/Katalon Studio/Regression/Reports/New Test Suite/20181115_120822/1542306440458.png]]]]></system-out>
         <system-err><![CDATA[2018-11-15 12:26:56 - [TEST_CASE][FAILED] - Test Cases/SuperAdminConsole/Users/SuperAdmin User Account - Delete - Actions: Test Cases/SuperAdminConsole/Users/SuperAdmin User Account - Delete - Actions FAILED because (of) (Stack trace: com.kms.katalon.core.exception.StepFailedException: Unable to click on object 'Object Repository/SuperAdminConsole/SuperAdmin Users/User_firstn.lastnknowink.com' (Root cause: com.kms.katalon.core.webui.exception.WebElementNotFoundException: Web element with id: 'Object Repository/SuperAdminConsole/SuperAdmin Users/User_firstn.lastnknowink.com' located by 'By.xpath: //a[(text()="firstn.lastn@knowink.com")]' not found)
	at com.kms.katalon.core.keyword.internal.KeywordMain.stepFailed(KeywordMain.groovy:36)
	at com.kms.katalon.core.webui.keyword.internal.WebUIKeywordMain.stepFailed(WebUIKeywordMain.groovy:65)
	at com.kms.katalon.core.webui.keyword.internal.WebUIKeywordMain.runKeyword(WebUIKeywordMain.groovy:27)
	at com.kms.katalon.core.webui.keyword.builtin.ClickKeyword.click(ClickKeyword.groovy:86)
	at com.kms.katalon.core.webui.keyword.builtin.ClickKeyword.execute(ClickKeyword.groovy:67)
	at com.kms.katalon.core.keyword.internal.KeywordExecutor.executeKeywordForPlatform(KeywordExecutor.groovy:53)
	at com.kms.katalon.core.webui.keyword.WebUiBuiltInKeywords.click(WebUiBuiltInKeywords.groovy:604)
	at com.kms.katalon.core.webui.keyword.WebUiBuiltInKeywords$click$4.call(Unknown Source)
	at Script1540837522308.run(Script1540837522308.groovy:50)
	at com.kms.katalon.core.main.ScriptEngine.run(ScriptEngine.java:183)
	at com.kms.katalon.core.main.ScriptEngine.runScriptAsRawText(ScriptEngine.java:108)
	at com.kms.katalon.core.main.TestCaseExecutor.runScript(TestCaseExecutor.java:294)
	at com.kms.katalon.core.main.TestCaseExecutor.doExecute(TestCaseExecutor.java:285)
	at com.kms.katalon.core.main.TestCaseExecutor.processExecutionPhase(TestCaseExecutor.java:264)
	at com.kms.katalon.core.main.TestCaseExecutor.accessMainPhase(TestCaseExecutor.java:256)
	at com.kms.katalon.core.main.TestCaseExecutor.execute(TestCaseExecutor.java:200)
	at com.kms.katalon.core.main.TestSuiteExecutor.accessTestCaseMainPhase(TestSuiteExecutor.java:129)
	at com.kms.katalon.core.main.TestSuiteExecutor.accessTestSuiteMainPhase(TestSuiteExecutor.java:112)
	at com.kms.katalon.core.main.TestSuiteExecutor.execute(TestSuiteExecutor.java:81)
	at com.kms.katalon.core.main.TestCaseMain.startTestSuite(TestCaseMain.java:142)
	at com.kms.katalon.core.main.TestCaseMain$startTestSuite$0.call(Unknown Source)
	at org.codehaus.groovy.runtime.callsite.CallSiteArray.defaultCall(CallSiteArray.java:48)
	at org.codehaus.groovy.runtime.callsite.AbstractCallSite.call(AbstractCallSite.java:113)
	at org.codehaus.groovy.runtime.callsite.AbstractCallSite.call(AbstractCallSite.java:141)
	at TempTestSuite1542305302868.run(TempTestSuite1542305302868.groovy:36)
	at groovy.lang.GroovyShell.runScriptOrMainOrTestOrRunnable(GroovyShell.java:263)
	at groovy.lang.GroovyShell.run(GroovyShell.java:518)
	at groovy.lang.GroovyShell.run(GroovyShell.java:507)
	at groovy.ui.GroovyMain.processOnce(GroovyMain.java:653)
	at groovy.ui.GroovyMain.run(GroovyMain.java:384)
	at groovy.ui.GroovyMain.process(GroovyMain.java:370)
	at groovy.ui.GroovyMain.processArgs(GroovyMain.java:129)
	at groovy.ui.GroovyMain.main(GroovyMain.java:109)
	at sun.reflect.NativeMethodAccessorImpl.invoke0(Native Method)
	at sun.reflect.NativeMethodAccessorImpl.invoke(NativeMethodAccessorImpl.java:62)
	at sun.reflect.DelegatingMethodAccessorImpl.invoke(DelegatingMethodAccessorImpl.java:43)
	at java.lang.reflect.Method.invoke(Method.java:498)
	at org.codehaus.groovy.tools.GroovyStarter.rootLoader(GroovyStarter.java:109)
	at org.codehaus.groovy.tools.GroovyStarter.main(GroovyStarter.java:131)
)]]></system-err>
      </testcase>
      <testcase name="Test Cases/SuperAdminConsole/Users/SuperAdmin User Account - Delete - In-Line" classname="Test Cases/SuperAdminConsole/Users/SuperAdmin User Account - Delete - In-Line" status="FAILED">
         <failure type="FAILED" message="(Stack trace: com.kms.katalon.core.exception.StepFailedException: Unable to click on object 'Object Repository/SuperAdminConsole/SuperAdmin Users/in-line delete icon' (Root cause: com.kms.katalon.core.webui.exception.WebElementNotFoundException: Web element with id: 'Object Repository/SuperAdminConsole/SuperAdmin Users/in-line delete icon' located by 'By.xpath: //section[@id='sort_table']/table/tbody/tr[2]/td[7]/a' not found)
	at com.kms.katalon.core.keyword.internal.KeywordMain.stepFailed(KeywordMain.groovy:36)
	at com.kms.katalon.core.webui.keyword.internal.WebUIKeywordMain.stepFailed(WebUIKeywordMain.groovy:65)
	at com.kms.katalon.core.webui.keyword.internal.WebUIKeywordMain.runKeyword(WebUIKeywordMain.groovy:27)
	at com.kms.katalon.core.webui.keyword.builtin.ClickKeyword.click(ClickKeyword.groovy:86)
	at com.kms.katalon.core.webui.keyword.builtin.ClickKeyword.execute(ClickKeyword.groovy:67)
	at com.kms.katalon.core.keyword.internal.KeywordExecutor.executeKeywordForPlatform(KeywordExecutor.groovy:53)
	at com.kms.katalon.core.webui.keyword.WebUiBuiltInKeywords.click(WebUiBuiltInKeywords.groovy:616)
	at com.kms.katalon.core.webui.keyword.WebUiBuiltInKeywords$click$3.call(Unknown Source)
	at org.codehaus.groovy.runtime.callsite.CallSiteArray.defaultCall(CallSiteArray.java:48)
	at org.codehaus.groovy.runtime.callsite.AbstractCallSite.call(AbstractCallSite.java:113)
	at org.codehaus.groovy.runtime.callsite.AbstractCallSite.call(AbstractCallSite.java:125)
	at Script1540837545514.run(Script1540837545514.groovy:50)
	at com.kms.katalon.core.main.ScriptEngine.run(ScriptEngine.java:183)
	at com.kms.katalon.core.main.ScriptEngine.runScriptAsRawText(ScriptEngine.java:108)
	at com.kms.katalon.core.main.TestCaseExecutor.runScript(TestCaseExecutor.java:294)
	at com.kms.katalon.core.main.TestCaseExecutor.doExecute(TestCaseExecutor.java:285)
	at com.kms.katalon.core.main.TestCaseExecutor.processExecutionPhase(TestCaseExecutor.java:264)
	at com.kms.katalon.core.main.TestCaseExecutor.accessMainPhase(TestCaseExecutor.java:256)
	at com.kms.katalon.core.main.TestCaseExecutor.execute(TestCaseExecutor.java:200)
	at com.kms.katalon.core.main.TestSuiteExecutor.accessTestCaseMainPhase(TestSuiteExecutor.java:129)
	at com.kms.katalon.core.main.TestSuiteExecutor.accessTestSuiteMainPhase(TestSuiteExecutor.java:112)
	at com.kms.katalon.core.main.TestSuiteExecutor.execute(TestSuiteExecutor.java:81)
	at com.kms.katalon.core.main.TestCaseMain.startTestSuite(TestCaseMain.java:142)
	at com.kms.katalon.core.main.TestCaseMain$startTestSuite$0.call(Unknown Source)
	at org.codehaus.groovy.runtime.callsite.CallSiteArray.defaultCall(CallSiteArray.java:48)
	at org.codehaus.groovy.runtime.callsite.AbstractCallSite.call(AbstractCallSite.java:113)
	at org.codehaus.groovy.runtime.callsite.AbstractCallSite.call(AbstractCallSite.java:141)
	at TempTestSuite1542305302868.run(TempTestSuite1542305302868.groovy:36)
	at groovy.lang.GroovyShell.runScriptOrMainOrTestOrRunnable(GroovyShell.java:263)
	at groovy.lang.GroovyShell.run(GroovyShell.java:518)
	at groovy.lang.GroovyShell.run(GroovyShell.java:507)
	at groovy.ui.GroovyMain.processOnce(GroovyMain.java:653)
	at groovy.ui.GroovyMain.run(GroovyMain.java:384)
	at groovy.ui.GroovyMain.process(GroovyMain.java:370)
	at groovy.ui.GroovyMain.processArgs(GroovyMain.java:129)
	at groovy.ui.GroovyMain.main(GroovyMain.java:109)
	at sun.reflect.NativeMethodAccessorImpl.invoke0(Native Method)
	at sun.reflect.NativeMethodAccessorImpl.invoke(NativeMethodAccessorImpl.java:62)
	at sun.reflect.DelegatingMethodAccessorImpl.invoke(DelegatingMethodAccessorImpl.java:43)
	at java.lang.reflect.Method.invoke(Method.java:498)
	at org.codehaus.groovy.tools.GroovyStarter.rootLoader(GroovyStarter.java:109)
	at org.codehaus.groovy.tools.GroovyStarter.main(GroovyStarter.java:131)
)"/>
         <system-out><![CDATA[2018-11-15 12:27:20 - [TEST_CASE][FAILED] - Test Cases/SuperAdminConsole/Users/SuperAdmin User Account - Delete - In-Line: Test Cases/SuperAdminConsole/Users/SuperAdmin User Account - Delete - In-Line FAILED because (of) (Stack trace: com.kms.katalon.core.exception.StepFailedException: Unable to click on object 'Object Repository/SuperAdminConsole/SuperAdmin Users/in-line delete icon' (Root cause: com.kms.katalon.core.webui.exception.WebElementNotFoundException: Web element with id: 'Object Repository/SuperAdminConsole/SuperAdmin Users/in-line delete icon' located by 'By.xpath: //section[@id='sort_table']/table/tbody/tr[2]/td[7]/a' not found)
	at com.kms.katalon.core.keyword.internal.KeywordMain.stepFailed(KeywordMain.groovy:36)
	at com.kms.katalon.core.webui.keyword.internal.WebUIKeywordMain.stepFailed(WebUIKeywordMain.groovy:65)
	at com.kms.katalon.core.webui.keyword.internal.WebUIKeywordMain.runKeyword(WebUIKeywordMain.groovy:27)
	at com.kms.katalon.core.webui.keyword.builtin.ClickKeyword.click(ClickKeyword.groovy:86)
	at com.kms.katalon.core.webui.keyword.builtin.ClickKeyword.execute(ClickKeyword.groovy:67)
	at com.kms.katalon.core.keyword.internal.KeywordExecutor.executeKeywordForPlatform(KeywordExecutor.groovy:53)
	at com.kms.katalon.core.webui.keyword.WebUiBuiltInKeywords.click(WebUiBuiltInKeywords.groovy:616)
	at com.kms.katalon.core.webui.keyword.WebUiBuiltInKeywords$click$3.call(Unknown Source)
	at org.codehaus.groovy.runtime.callsite.CallSiteArray.defaultCall(CallSiteArray.java:48)
	at org.codehaus.groovy.runtime.callsite.AbstractCallSite.call(AbstractCallSite.java:113)
	at org.codehaus.groovy.runtime.callsite.AbstractCallSite.call(AbstractCallSite.java:125)
	at Script1540837545514.run(Script1540837545514.groovy:50)
	at com.kms.katalon.core.main.ScriptEngine.run(ScriptEngine.java:183)
	at com.kms.katalon.core.main.ScriptEngine.runScriptAsRawText(ScriptEngine.java:108)
	at com.kms.katalon.core.main.TestCaseExecutor.runScript(TestCaseExecutor.java:294)
	at com.kms.katalon.core.main.TestCaseExecutor.doExecute(TestCaseExecutor.java:285)
	at com.kms.katalon.core.main.TestCaseExecutor.processExecutionPhase(TestCaseExecutor.java:264)
	at com.kms.katalon.core.main.TestCaseExecutor.accessMainPhase(TestCaseExecutor.java:256)
	at com.kms.katalon.core.main.TestCaseExecutor.execute(TestCaseExecutor.java:200)
	at com.kms.katalon.core.main.TestSuiteExecutor.accessTestCaseMainPhase(TestSuiteExecutor.java:129)
	at com.kms.katalon.core.main.TestSuiteExecutor.accessTestSuiteMainPhase(TestSuiteExecutor.java:112)
	at com.kms.katalon.core.main.TestSuiteExecutor.execute(TestSuiteExecutor.java:81)
	at com.kms.katalon.core.main.TestCaseMain.startTestSuite(TestCaseMain.java:142)
	at com.kms.katalon.core.main.TestCaseMain$startTestSuite$0.call(Unknown Source)
	at org.codehaus.groovy.runtime.callsite.CallSiteArray.defaultCall(CallSiteArray.java:48)
	at org.codehaus.groovy.runtime.callsite.AbstractCallSite.call(AbstractCallSite.java:113)
	at org.codehaus.groovy.runtime.callsite.AbstractCallSite.call(AbstractCallSite.java:141)
	at TempTestSuite1542305302868.run(TempTestSuite1542305302868.groovy:36)
	at groovy.lang.GroovyShell.runScriptOrMainOrTestOrRunnable(GroovyShell.java:263)
	at groovy.lang.GroovyShell.run(GroovyShell.java:518)
	at groovy.lang.GroovyShell.run(GroovyShell.java:507)
	at groovy.ui.GroovyMain.processOnce(GroovyMain.java:653)
	at groovy.ui.GroovyMain.run(GroovyMain.java:384)
	at groovy.ui.GroovyMain.process(GroovyMain.java:370)
	at groovy.ui.GroovyMain.processArgs(GroovyMain.java:129)
	at groovy.ui.GroovyMain.main(GroovyMain.java:109)
	at sun.reflect.NativeMethodAccessorImpl.invoke0(Native Method)
	at sun.reflect.NativeMethodAccessorImpl.invoke(NativeMethodAccessorImpl.java:62)
	at sun.reflect.DelegatingMethodAccessorImpl.invoke(DelegatingMethodAccessorImpl.java:43)
	at java.lang.reflect.Method.invoke(Method.java:498)
	at org.codehaus.groovy.tools.GroovyStarter.rootLoader(GroovyStarter.java:109)
	at org.codehaus.groovy.tools.GroovyStarter.main(GroovyStarter.java:131)
)

2018-11-15 12:27:20 - [TEST_STEP][PASSED] - openBrowser: Browser is opened with url: ''

2018-11-15 12:27:20 - [MESSAGE][WARNING] - A browser is already opened. Closing browser and opening a new one

2018-11-15 12:27:21 - [MESSAGE][PASSED] - Browser is opened with url: ''

2018-11-15 12:27:21 - [TEST_STEP][PASSED] - navigateToUrl: Navigate to 'https://epulsedev2.com' successfully

2018-11-15 12:27:23 - [MESSAGE][PASSED] - Navigate to 'https://epulsedev2.com' successfully

2018-11-15 12:27:23 - [TEST_STEP][PASSED] - setText: Text 'alonzo.mack@knowink.com' is set on object 'Object Repository/Login/Email Address'

2018-11-15 12:27:23 - [MESSAGE][PASSED] - Text 'alonzo.mack@knowink.com' is set on object 'Object Repository/Login/Email Address'

2018-11-15 12:27:23 - [TEST_STEP][PASSED] - setEncryptedText: Text ****** has been set on object 'Object Repository/Login/Password'

2018-11-15 12:27:23 - [MESSAGE][PASSED] - Text ****** has been set on object 'Object Repository/Login/Password'

2018-11-15 12:27:23 - [TEST_STEP][PASSED] - click: Object: 'Object Repository/Login/Sign In' is clicked on

2018-11-15 12:27:24 - [MESSAGE][PASSED] - Object: 'Object Repository/Login/Sign In' is clicked on

2018-11-15 12:27:24 - [TEST_STEP][PASSED] - delay: Delayed 1 second(s)

2018-11-15 12:27:25 - [MESSAGE][PASSED] - Delayed 1 second(s)

2018-11-15 12:27:25 - [TEST_STEP][PASSED] - delay: Delayed 1 second(s)

2018-11-15 12:27:26 - [MESSAGE][PASSED] - Delayed 1 second(s)

2018-11-15 12:27:26 - [TEST_STEP][PASSED] - click: Object: 'Object Repository/SuperAdminConsole/SuperAdmin Users/USERS' is clicked on

2018-11-15 12:27:27 - [MESSAGE][PASSED] - Object: 'Object Repository/SuperAdminConsole/SuperAdmin Users/USERS' is clicked on

2018-11-15 12:27:27 - [TEST_STEP][PASSED] - delay: Delayed 1 second(s)

2018-11-15 12:27:28 - [MESSAGE][PASSED] - Delayed 1 second(s)

2018-11-15 12:27:28 - [TEST_STEP][PASSED] - setText: Text 'firstn' is set on object 'Object Repository/Common ePulse Objects/table-search'

2018-11-15 12:27:28 - [MESSAGE][PASSED] - Text 'firstn' is set on object 'Object Repository/Common ePulse Objects/table-search'

2018-11-15 12:27:28 - [TEST_STEP][PASSED] - delay: Delayed 1 second(s)

2018-11-15 12:27:29 - [MESSAGE][PASSED] - Delayed 1 second(s)

2018-11-15 12:27:29 - [TEST_STEP][FAILED] - click: Unable to click on object 'Object Repository/SuperAdminConsole/SuperAdmin Users/in-line delete icon' (Root cause: com.kms.katalon.core.webui.exception.WebElementNotFoundException: Web element with id: 'Object Repository/SuperAdminConsole/SuperAdmin Users/in-line delete icon' located by 'By.xpath: //section[@id='sort_table']/table/tbody/tr[2]/td[7]/a' not found)

2018-11-15 12:27:45 - [MESSAGE][FAILED] - Unable to click on object 'Object Repository/SuperAdminConsole/SuperAdmin Users/in-line delete icon' (Root cause: com.kms.katalon.core.webui.exception.WebElementNotFoundException: Web element with id: 'Object Repository/SuperAdminConsole/SuperAdmin Users/in-line delete icon' located by 'By.xpath: //section[@id='sort_table']/table/tbody/tr[2]/td[7]/a' not found)
[[ATTACHMENT|/Users/alonzomack/Katalon Studio/Regression/Reports/New Test Suite/20181115_120822/1542306465263.png]]]]></system-out>
         <system-err><![CDATA[2018-11-15 12:27:20 - [TEST_CASE][FAILED] - Test Cases/SuperAdminConsole/Users/SuperAdmin User Account - Delete - In-Line: Test Cases/SuperAdminConsole/Users/SuperAdmin User Account - Delete - In-Line FAILED because (of) (Stack trace: com.kms.katalon.core.exception.StepFailedException: Unable to click on object 'Object Repository/SuperAdminConsole/SuperAdmin Users/in-line delete icon' (Root cause: com.kms.katalon.core.webui.exception.WebElementNotFoundException: Web element with id: 'Object Repository/SuperAdminConsole/SuperAdmin Users/in-line delete icon' located by 'By.xpath: //section[@id='sort_table']/table/tbody/tr[2]/td[7]/a' not found)
	at com.kms.katalon.core.keyword.internal.KeywordMain.stepFailed(KeywordMain.groovy:36)
	at com.kms.katalon.core.webui.keyword.internal.WebUIKeywordMain.stepFailed(WebUIKeywordMain.groovy:65)
	at com.kms.katalon.core.webui.keyword.internal.WebUIKeywordMain.runKeyword(WebUIKeywordMain.groovy:27)
	at com.kms.katalon.core.webui.keyword.builtin.ClickKeyword.click(ClickKeyword.groovy:86)
	at com.kms.katalon.core.webui.keyword.builtin.ClickKeyword.execute(ClickKeyword.groovy:67)
	at com.kms.katalon.core.keyword.internal.KeywordExecutor.executeKeywordForPlatform(KeywordExecutor.groovy:53)
	at com.kms.katalon.core.webui.keyword.WebUiBuiltInKeywords.click(WebUiBuiltInKeywords.groovy:616)
	at com.kms.katalon.core.webui.keyword.WebUiBuiltInKeywords$click$3.call(Unknown Source)
	at org.codehaus.groovy.runtime.callsite.CallSiteArray.defaultCall(CallSiteArray.java:48)
	at org.codehaus.groovy.runtime.callsite.AbstractCallSite.call(AbstractCallSite.java:113)
	at org.codehaus.groovy.runtime.callsite.AbstractCallSite.call(AbstractCallSite.java:125)
	at Script1540837545514.run(Script1540837545514.groovy:50)
	at com.kms.katalon.core.main.ScriptEngine.run(ScriptEngine.java:183)
	at com.kms.katalon.core.main.ScriptEngine.runScriptAsRawText(ScriptEngine.java:108)
	at com.kms.katalon.core.main.TestCaseExecutor.runScript(TestCaseExecutor.java:294)
	at com.kms.katalon.core.main.TestCaseExecutor.doExecute(TestCaseExecutor.java:285)
	at com.kms.katalon.core.main.TestCaseExecutor.processExecutionPhase(TestCaseExecutor.java:264)
	at com.kms.katalon.core.main.TestCaseExecutor.accessMainPhase(TestCaseExecutor.java:256)
	at com.kms.katalon.core.main.TestCaseExecutor.execute(TestCaseExecutor.java:200)
	at com.kms.katalon.core.main.TestSuiteExecutor.accessTestCaseMainPhase(TestSuiteExecutor.java:129)
	at com.kms.katalon.core.main.TestSuiteExecutor.accessTestSuiteMainPhase(TestSuiteExecutor.java:112)
	at com.kms.katalon.core.main.TestSuiteExecutor.execute(TestSuiteExecutor.java:81)
	at com.kms.katalon.core.main.TestCaseMain.startTestSuite(TestCaseMain.java:142)
	at com.kms.katalon.core.main.TestCaseMain$startTestSuite$0.call(Unknown Source)
	at org.codehaus.groovy.runtime.callsite.CallSiteArray.defaultCall(CallSiteArray.java:48)
	at org.codehaus.groovy.runtime.callsite.AbstractCallSite.call(AbstractCallSite.java:113)
	at org.codehaus.groovy.runtime.callsite.AbstractCallSite.call(AbstractCallSite.java:141)
	at TempTestSuite1542305302868.run(TempTestSuite1542305302868.groovy:36)
	at groovy.lang.GroovyShell.runScriptOrMainOrTestOrRunnable(GroovyShell.java:263)
	at groovy.lang.GroovyShell.run(GroovyShell.java:518)
	at groovy.lang.GroovyShell.run(GroovyShell.java:507)
	at groovy.ui.GroovyMain.processOnce(GroovyMain.java:653)
	at groovy.ui.GroovyMain.run(GroovyMain.java:384)
	at groovy.ui.GroovyMain.process(GroovyMain.java:370)
	at groovy.ui.GroovyMain.processArgs(GroovyMain.java:129)
	at groovy.ui.GroovyMain.main(GroovyMain.java:109)
	at sun.reflect.NativeMethodAccessorImpl.invoke0(Native Method)
	at sun.reflect.NativeMethodAccessorImpl.invoke(NativeMethodAccessorImpl.java:62)
	at sun.reflect.DelegatingMethodAccessorImpl.invoke(DelegatingMethodAccessorImpl.java:43)
	at java.lang.reflect.Method.invoke(Method.java:498)
	at org.codehaus.groovy.tools.GroovyStarter.rootLoader(GroovyStarter.java:109)
	at org.codehaus.groovy.tools.GroovyStarter.main(GroovyStarter.java:131)
)]]></system-err>
      </testcase>
      <testcase name="Test Cases/SuperAdminConsole/Parties/SuperAdmin Console Parties - Delete State" classname="Test Cases/SuperAdminConsole/Parties/SuperAdmin Console Parties - Delete State" status="PASSED">
         <system-out><![CDATA[2018-11-15 12:27:45 - [TEST_CASE][PASSED] - Test Cases/SuperAdminConsole/Parties/SuperAdmin Console Parties - Delete State: Test Cases/SuperAdminConsole/Parties/SuperAdmin Console Parties - Delete State

2018-11-15 12:27:45 - [TEST_STEP][PASSED] - openBrowser: Browser is opened with url: ''

2018-11-15 12:27:45 - [MESSAGE][WARNING] - A browser is already opened. Closing browser and opening a new one

2018-11-15 12:27:46 - [MESSAGE][PASSED] - Browser is opened with url: ''

2018-11-15 12:27:46 - [TEST_STEP][PASSED] - navigateToUrl: Navigate to 'https://epulsedev2.com' successfully

2018-11-15 12:27:48 - [MESSAGE][PASSED] - Navigate to 'https://epulsedev2.com' successfully

2018-11-15 12:27:48 - [TEST_STEP][PASSED] - setText: Text 'alonzo.mack@knowink.com' is set on object 'Object Repository/Login/Email Address'

2018-11-15 12:27:48 - [MESSAGE][PASSED] - Text 'alonzo.mack@knowink.com' is set on object 'Object Repository/Login/Email Address'

2018-11-15 12:27:48 - [TEST_STEP][PASSED] - setEncryptedText: Text ****** has been set on object 'Object Repository/Login/Password'

2018-11-15 12:27:48 - [MESSAGE][PASSED] - Text ****** has been set on object 'Object Repository/Login/Password'

2018-11-15 12:27:48 - [TEST_STEP][PASSED] - click: Object: 'Object Repository/Login/Sign In' is clicked on

2018-11-15 12:27:49 - [MESSAGE][PASSED] - Object: 'Object Repository/Login/Sign In' is clicked on]]></system-out>
         <system-err><![CDATA[]]></system-err>
      </testcase>
      <testcase name="Test Cases/SuperAdminConsole/Statuses/Statuses_Delete" classname="Test Cases/SuperAdminConsole/Statuses/Statuses_Delete" status="PASSED">
         <system-out><![CDATA[2018-11-15 12:27:49 - [TEST_CASE][PASSED] - Test Cases/SuperAdminConsole/Statuses/Statuses_Delete: Test Cases/SuperAdminConsole/Statuses/Statuses_Delete

2018-11-15 12:27:49 - [TEST_STEP][PASSED] - openBrowser: Browser is opened with url: ''

2018-11-15 12:27:49 - [MESSAGE][WARNING] - A browser is already opened. Closing browser and opening a new one

2018-11-15 12:27:50 - [MESSAGE][PASSED] - Browser is opened with url: ''

2018-11-15 12:27:50 - [TEST_STEP][PASSED] - navigateToUrl: Navigate to 'https://epulsedev2.com' successfully

2018-11-15 12:27:52 - [MESSAGE][PASSED] - Navigate to 'https://epulsedev2.com' successfully

2018-11-15 12:27:52 - [TEST_STEP][PASSED] - setText: Text 'alonzo.mack@knowink.com' is set on object 'Object Repository/Login/Email Address'

2018-11-15 12:27:52 - [MESSAGE][PASSED] - Text 'alonzo.mack@knowink.com' is set on object 'Object Repository/Login/Email Address'

2018-11-15 12:27:52 - [TEST_STEP][PASSED] - setEncryptedText: Text ****** has been set on object 'Object Repository/Login/Password'

2018-11-15 12:27:52 - [MESSAGE][PASSED] - Text ****** has been set on object 'Object Repository/Login/Password'

2018-11-15 12:27:52 - [TEST_STEP][PASSED] - click: Object: 'Object Repository/Login/Sign In' is clicked on

2018-11-15 12:27:54 - [MESSAGE][PASSED] - Object: 'Object Repository/Login/Sign In' is clicked on

2018-11-15 12:27:54 - [TEST_STEP][PASSED] - delay: Delayed 1 second(s)

2018-11-15 12:27:55 - [MESSAGE][PASSED] - Delayed 1 second(s)

2018-11-15 12:27:55 - [TEST_STEP][PASSED] - click: Object: 'Object Repository/SuperAdminConsole/STATUS/STATUSES' is clicked on

2018-11-15 12:27:56 - [MESSAGE][PASSED] - Object: 'Object Repository/SuperAdminConsole/STATUS/STATUSES' is clicked on

2018-11-15 12:27:56 - [TEST_STEP][PASSED] - delay: Delayed 1 second(s)

2018-11-15 12:27:57 - [MESSAGE][PASSED] - Delayed 1 second(s)

2018-11-15 12:27:57 - [TEST_STEP][PASSED] - click: Object: 'Object Repository/SuperAdminConsole/STATUS/Delete Absentee Status' is clicked on

2018-11-15 12:27:57 - [MESSAGE][PASSED] - Object: 'Object Repository/SuperAdminConsole/STATUS/Delete Absentee Status' is clicked on

2018-11-15 12:27:57 - [TEST_STEP][PASSED] - delay: Delayed 1 second(s)

2018-11-15 12:27:58 - [MESSAGE][PASSED] - Delayed 1 second(s)

2018-11-15 12:27:58 - [TEST_STEP][PASSED] - closeBrowser: Browser is closed

2018-11-15 12:27:58 - [MESSAGE][PASSED] - Browser is closed]]></system-out>
         <system-err><![CDATA[]]></system-err>
      </testcase>
      <testcase name="Test Cases/Admin Console/Account Settings/Oaths/Oaths - Delete" classname="Test Cases/Admin Console/Account Settings/Oaths/Oaths - Delete" status="PASSED">
         <system-out><![CDATA[2018-11-15 12:27:58 - [TEST_CASE][PASSED] - Test Cases/Admin Console/Account Settings/Oaths/Oaths - Delete: Test Cases/Admin Console/Account Settings/Oaths/Oaths - Delete

2018-11-15 12:27:58 - [TEST_STEP][PASSED] - openBrowser: Browser is opened with url: ''

2018-11-15 12:27:59 - [MESSAGE][PASSED] - Browser is opened with url: ''

2018-11-15 12:27:59 - [TEST_STEP][PASSED] - navigateToUrl: Navigate to 'https://epulsedev2.com' successfully

2018-11-15 12:28:00 - [MESSAGE][PASSED] - Navigate to 'https://epulsedev2.com' successfully

2018-11-15 12:28:00 - [TEST_STEP][PASSED] - setText: Text 'alonzo.mack@knowink.com' is set on object 'Object Repository/Login/Email Address'

2018-11-15 12:28:00 - [MESSAGE][PASSED] - Text 'alonzo.mack@knowink.com' is set on object 'Object Repository/Login/Email Address'

2018-11-15 12:28:00 - [TEST_STEP][PASSED] - setEncryptedText: Text ****** has been set on object 'Object Repository/Login/Password'

2018-11-15 12:28:01 - [MESSAGE][PASSED] - Text ****** has been set on object 'Object Repository/Login/Password'

2018-11-15 12:28:01 - [TEST_STEP][PASSED] - click: Object: 'Object Repository/Login/Sign In' is clicked on

2018-11-15 12:28:02 - [MESSAGE][PASSED] - Object: 'Object Repository/Login/Sign In' is clicked on

2018-11-15 12:28:02 - [TEST_STEP][PASSED] - delay: Delayed 1 second(s)

2018-11-15 12:28:03 - [MESSAGE][PASSED] - Delayed 1 second(s)

2018-11-15 12:28:03 - [TEST_STEP][PASSED] - navigateToUrl: Navigate to 'https://am-automation-test.epulsedev2.com/account_oaths' successfully

2018-11-15 12:28:04 - [MESSAGE][PASSED] - Navigate to 'https://am-automation-test.epulsedev2.com/account_oaths' successfully

2018-11-15 12:28:04 - [TEST_STEP][PASSED] - delay: Delayed 1 second(s)

2018-11-15 12:28:05 - [MESSAGE][PASSED] - Delayed 1 second(s)

2018-11-15 12:28:05 - [TEST_STEP][PASSED] - click: Object: 'Object Repository/Admin Console ePulse Menu/Account Settings/Oaths/Delete Displayed Oath' is clicked on

2018-11-15 12:28:05 - [MESSAGE][PASSED] - Object: 'Object Repository/Admin Console ePulse Menu/Account Settings/Oaths/Delete Displayed Oath' is clicked on

2018-11-15 12:28:05 - [TEST_STEP][PASSED] - delay: Delayed 1 second(s)

2018-11-15 12:28:06 - [MESSAGE][PASSED] - Delayed 1 second(s)

2018-11-15 12:28:06 - [TEST_STEP][PASSED] - acceptAlert: Alert accepted

2018-11-15 12:28:06 - [MESSAGE][PASSED] - Alert accepted

2018-11-15 12:28:06 - [TEST_STEP][PASSED] - delay: Delayed 1 second(s)

2018-11-15 12:28:07 - [MESSAGE][PASSED] - Delayed 1 second(s)

2018-11-15 12:28:07 - [TEST_STEP][PASSED] - click: Object: 'Object Repository/Admin Console ePulse Menu/Account Settings/Oaths/Delete Displayed Oath' is clicked on

2018-11-15 12:28:07 - [MESSAGE][PASSED] - Object: 'Object Repository/Admin Console ePulse Menu/Account Settings/Oaths/Delete Displayed Oath' is clicked on

2018-11-15 12:28:07 - [TEST_STEP][PASSED] - delay: Delayed 1 second(s)

2018-11-15 12:28:08 - [MESSAGE][PASSED] - Delayed 1 second(s)

2018-11-15 12:28:08 - [TEST_STEP][PASSED] - acceptAlert: Alert accepted

2018-11-15 12:28:08 - [MESSAGE][PASSED] - Alert accepted

2018-11-15 12:28:08 - [TEST_STEP][PASSED] - delay: Delayed 1 second(s)

2018-11-15 12:28:09 - [MESSAGE][PASSED] - Delayed 1 second(s)

2018-11-15 12:28:09 - [TEST_STEP][PASSED] - click: Object: 'Object Repository/Admin Console ePulse Menu/Account Settings/Oaths/Delete Displayed Oath' is clicked on

2018-11-15 12:28:09 - [MESSAGE][PASSED] - Object: 'Object Repository/Admin Console ePulse Menu/Account Settings/Oaths/Delete Displayed Oath' is clicked on

2018-11-15 12:28:09 - [TEST_STEP][PASSED] - delay: Delayed 1 second(s)

2018-11-15 12:28:10 - [MESSAGE][PASSED] - Delayed 1 second(s)

2018-11-15 12:28:10 - [TEST_STEP][PASSED] - acceptAlert: Alert accepted

2018-11-15 12:28:10 - [MESSAGE][PASSED] - Alert accepted

2018-11-15 12:28:10 - [TEST_STEP][PASSED] - delay: Delayed 1 second(s)

2018-11-15 12:28:11 - [MESSAGE][PASSED] - Delayed 1 second(s)

2018-11-15 12:28:11 - [TEST_STEP][PASSED] - click: Object: 'Object Repository/Admin Console ePulse Menu/Account Settings/Oaths/Delete Displayed Oath' is clicked on

2018-11-15 12:28:11 - [MESSAGE][PASSED] - Object: 'Object Repository/Admin Console ePulse Menu/Account Settings/Oaths/Delete Displayed Oath' is clicked on

2018-11-15 12:28:11 - [TEST_STEP][PASSED] - delay: Delayed 1 second(s)

2018-11-15 12:28:12 - [MESSAGE][PASSED] - Delayed 1 second(s)

2018-11-15 12:28:12 - [TEST_STEP][PASSED] - acceptAlert: Alert accepted

2018-11-15 12:28:12 - [MESSAGE][PASSED] - Alert accepted

2018-11-15 12:28:12 - [TEST_STEP][PASSED] - delay: Delayed 1 second(s)

2018-11-15 12:28:13 - [MESSAGE][PASSED] - Delayed 1 second(s)

2018-11-15 12:28:13 - [TEST_STEP][PASSED] - click: Object: 'Object Repository/Admin Console ePulse Menu/Account Settings/Oaths/Delete Displayed Oath' is clicked on

2018-11-15 12:28:13 - [MESSAGE][PASSED] - Object: 'Object Repository/Admin Console ePulse Menu/Account Settings/Oaths/Delete Displayed Oath' is clicked on

2018-11-15 12:28:13 - [TEST_STEP][PASSED] - delay: Delayed 1 second(s)

2018-11-15 12:28:14 - [MESSAGE][PASSED] - Delayed 1 second(s)

2018-11-15 12:28:14 - [TEST_STEP][PASSED] - acceptAlert: Alert accepted

2018-11-15 12:28:14 - [MESSAGE][PASSED] - Alert accepted

2018-11-15 12:28:14 - [TEST_STEP][PASSED] - delay: Delayed 1 second(s)

2018-11-15 12:28:15 - [MESSAGE][PASSED] - Delayed 1 second(s)

2018-11-15 12:28:15 - [TEST_STEP][PASSED] - click: Object: 'Object Repository/Admin Console ePulse Menu/Account Settings/Oaths/Delete Displayed Oath' is clicked on

2018-11-15 12:28:16 - [MESSAGE][PASSED] - Object: 'Object Repository/Admin Console ePulse Menu/Account Settings/Oaths/Delete Displayed Oath' is clicked on

2018-11-15 12:28:16 - [TEST_STEP][PASSED] - delay: Delayed 1 second(s)

2018-11-15 12:28:17 - [MESSAGE][PASSED] - Delayed 1 second(s)

2018-11-15 12:28:17 - [TEST_STEP][PASSED] - acceptAlert: Alert accepted

2018-11-15 12:28:17 - [MESSAGE][PASSED] - Alert accepted

2018-11-15 12:28:17 - [TEST_STEP][PASSED] - delay: Delayed 1 second(s)

2018-11-15 12:28:18 - [MESSAGE][PASSED] - Delayed 1 second(s)

2018-11-15 12:28:18 - [TEST_STEP][PASSED] - closeBrowser: Browser is closed

2018-11-15 12:28:18 - [MESSAGE][PASSED] - Browser is closed]]></system-out>
         <system-err><![CDATA[]]></system-err>
      </testcase>
      <testcase name="Test Cases/Admin Console/Account Settings/Prompts/Prompts - Delete" classname="Test Cases/Admin Console/Account Settings/Prompts/Prompts - Delete" status="PASSED">
         <system-out><![CDATA[2018-11-15 12:28:18 - [TEST_CASE][PASSED] - Test Cases/Admin Console/Account Settings/Prompts/Prompts - Delete: Test Cases/Admin Console/Account Settings/Prompts/Prompts - Delete

2018-11-15 12:28:18 - [TEST_STEP][PASSED] - openBrowser: Browser is opened with url: ''

2018-11-15 12:28:19 - [MESSAGE][PASSED] - Browser is opened with url: ''

2018-11-15 12:28:19 - [TEST_STEP][PASSED] - navigateToUrl: Navigate to 'https://epulsedev2.com' successfully

2018-11-15 12:28:20 - [MESSAGE][PASSED] - Navigate to 'https://epulsedev2.com' successfully

2018-11-15 12:28:20 - [TEST_STEP][PASSED] - setText: Text 'alonzo.mack@knowink.com' is set on object 'Object Repository/Login/Email Address'

2018-11-15 12:28:20 - [MESSAGE][PASSED] - Text 'alonzo.mack@knowink.com' is set on object 'Object Repository/Login/Email Address'

2018-11-15 12:28:20 - [TEST_STEP][PASSED] - setEncryptedText: Text ****** has been set on object 'Object Repository/Login/Password'

2018-11-15 12:28:20 - [MESSAGE][PASSED] - Text ****** has been set on object 'Object Repository/Login/Password'

2018-11-15 12:28:20 - [TEST_STEP][PASSED] - click: Object: 'Object Repository/Login/Sign In' is clicked on

2018-11-15 12:28:21 - [MESSAGE][PASSED] - Object: 'Object Repository/Login/Sign In' is clicked on

2018-11-15 12:28:21 - [TEST_STEP][PASSED] - delay: Delayed 1 second(s)

2018-11-15 12:28:22 - [MESSAGE][PASSED] - Delayed 1 second(s)

2018-11-15 12:28:22 - [TEST_STEP][PASSED] - navigateToUrl: Navigate to 'https://am-Automation-test.epulsedev2.com/prompts' successfully

2018-11-15 12:28:24 - [MESSAGE][PASSED] - Navigate to 'https://am-Automation-test.epulsedev2.com/prompts' successfully

2018-11-15 12:28:24 - [TEST_STEP][PASSED] - delay: Delayed 1 second(s)

2018-11-15 12:28:25 - [MESSAGE][PASSED] - Delayed 1 second(s)

2018-11-15 12:28:25 - [TEST_STEP][PASSED] - click: Object: 'Object Repository/Admin Console ePulse Menu/Account Settings/Prompts/Delete Prompt' is clicked on

2018-11-15 12:28:25 - [MESSAGE][PASSED] - Object: 'Object Repository/Admin Console ePulse Menu/Account Settings/Prompts/Delete Prompt' is clicked on

2018-11-15 12:28:25 - [TEST_STEP][PASSED] - delay: Delayed 3 second(s)

2018-11-15 12:28:28 - [MESSAGE][PASSED] - Delayed 3 second(s)

2018-11-15 12:28:28 - [TEST_STEP][PASSED] - acceptAlert: Alert accepted

2018-11-15 12:28:28 - [MESSAGE][PASSED] - Alert accepted

2018-11-15 12:28:28 - [TEST_STEP][PASSED] - closeBrowser: Browser is closed

2018-11-15 12:28:28 - [MESSAGE][PASSED] - Browser is closed]]></system-out>
         <system-err><![CDATA[]]></system-err>
      </testcase>
      <testcase name="Test Cases/SuperAdminConsole/Accounts/Account(SuperAdminConsole) - Edit" classname="Test Cases/SuperAdminConsole/Accounts/Account(SuperAdminConsole) - Edit" status="FAILED">
         <failure type="FAILED" message="(Stack trace: com.kms.katalon.core.exception.StepFailedException: Unable to select option by value '2.0.canada' of object 'Object Repository/SuperAdminConsole/Account Creation/Account Information/Poll Pad 3 Version'  using regular expression (Root cause: com.kms.katalon.core.webui.exception.WebElementNotFoundException: Web element with id: 'Object Repository/SuperAdminConsole/Account Creation/Account Information/Poll Pad 3 Version' located by 'By.xpath: //select[@name = 'account[poll_pad_3_version]' and @id = 'account_poll_pad_3_version' and (text() = '
                      1.0.1
                      1.1.0
                      1.2.canada
                      1.3.0
                      1.3.1
                      1.3.3
                      1.3.4
                      1.3.5
                      2.0.canada
                      2.0.1
                      2.1.0
                      2.1.1
                      2.1.2
                      2.1.3
                      2.1.4
                      2.1.5
                      2.1.6
                      2.1.7
                      2.1.8
                      2.1.9
                      2.1.10
                      2.1.11
                      2.2.0
                      2.3.0
                      unstable-test' or . = '
                      1.0.1
                      1.1.0
                      1.2.canada
                      1.3.0
                      1.3.1
                      1.3.3
                      1.3.4
                      1.3.5
                      2.0.canada
                      2.0.1
                      2.1.0
                      2.1.1
                      2.1.2
                      2.1.3
                      2.1.4
                      2.1.5
                      2.1.6
                      2.1.7
                      2.1.8
                      2.1.9
                      2.1.10
                      2.1.11
                      2.2.0
                      2.3.0
                      unstable-test')]' not found)
	at com.kms.katalon.core.keyword.internal.KeywordMain.stepFailed(KeywordMain.groovy:36)
	at com.kms.katalon.core.webui.keyword.internal.WebUIKeywordMain.stepFailed(WebUIKeywordMain.groovy:65)
	at com.kms.katalon.core.webui.keyword.internal.WebUIKeywordMain.runKeyword(WebUIKeywordMain.groovy:27)
	at com.kms.katalon.core.webui.keyword.builtin.SelectOptionByValueKeyword.selectOptionByValue(SelectOptionByValueKeyword.groovy:99)
	at com.kms.katalon.core.webui.keyword.builtin.SelectOptionByValueKeyword.execute(SelectOptionByValueKeyword.groovy:71)
	at com.kms.katalon.core.keyword.internal.KeywordExecutor.executeKeywordForPlatform(KeywordExecutor.groovy:53)
	at com.kms.katalon.core.webui.keyword.WebUiBuiltInKeywords.selectOptionByValue(WebUiBuiltInKeywords.groovy:1138)
	at com.kms.katalon.core.webui.keyword.WebUiBuiltInKeywords$selectOptionByValue$8.call(Unknown Source)
	at org.codehaus.groovy.runtime.callsite.CallSiteArray.defaultCall(CallSiteArray.java:48)
	at org.codehaus.groovy.runtime.callsite.AbstractCallSite.call(AbstractCallSite.java:113)
	at org.codehaus.groovy.runtime.callsite.AbstractCallSite.call(AbstractCallSite.java:141)
	at Script1540486305801.run(Script1540486305801.groovy:52)
	at com.kms.katalon.core.main.ScriptEngine.run(ScriptEngine.java:183)
	at com.kms.katalon.core.main.ScriptEngine.runScriptAsRawText(ScriptEngine.java:108)
	at com.kms.katalon.core.main.TestCaseExecutor.runScript(TestCaseExecutor.java:294)
	at com.kms.katalon.core.main.TestCaseExecutor.doExecute(TestCaseExecutor.java:285)
	at com.kms.katalon.core.main.TestCaseExecutor.processExecutionPhase(TestCaseExecutor.java:264)
	at com.kms.katalon.core.main.TestCaseExecutor.accessMainPhase(TestCaseExecutor.java:256)
	at com.kms.katalon.core.main.TestCaseExecutor.execute(TestCaseExecutor.java:200)
	at com.kms.katalon.core.main.TestSuiteExecutor.accessTestCaseMainPhase(TestSuiteExecutor.java:129)
	at com.kms.katalon.core.main.TestSuiteExecutor.accessTestSuiteMainPhase(TestSuiteExecutor.java:112)
	at com.kms.katalon.core.main.TestSuiteExecutor.execute(TestSuiteExecutor.java:81)
	at com.kms.katalon.core.main.TestCaseMain.startTestSuite(TestCaseMain.java:142)
	at com.kms.katalon.core.main.TestCaseMain$startTestSuite$0.call(Unknown Source)
	at org.codehaus.groovy.runtime.callsite.CallSiteArray.defaultCall(CallSiteArray.java:48)
	at org.codehaus.groovy.runtime.callsite.AbstractCallSite.call(AbstractCallSite.java:113)
	at org.codehaus.groovy.runtime.callsite.AbstractCallSite.call(AbstractCallSite.java:141)
	at TempTestSuite1542305302868.run(TempTestSuite1542305302868.groovy:36)
	at groovy.lang.GroovyShell.runScriptOrMainOrTestOrRunnable(GroovyShell.java:263)
	at groovy.lang.GroovyShell.run(GroovyShell.java:518)
	at groovy.lang.GroovyShell.run(GroovyShell.java:507)
	at groovy.ui.GroovyMain.processOnce(GroovyMain.java:653)
	at groovy.ui.GroovyMain.run(GroovyMain.java:384)
	at groovy.ui.GroovyMain.process(GroovyMain.java:370)
	at groovy.ui.GroovyMain.processArgs(GroovyMain.java:129)
	at groovy.ui.GroovyMain.main(GroovyMain.java:109)
	at sun.reflect.NativeMethodAccessorImpl.invoke0(Native Method)
	at sun.reflect.NativeMethodAccessorImpl.invoke(NativeMethodAccessorImpl.java:62)
	at sun.reflect.DelegatingMethodAccessorImpl.invoke(DelegatingMethodAccessorImpl.java:43)
	at java.lang.reflect.Method.invoke(Method.java:498)
	at org.codehaus.groovy.tools.GroovyStarter.rootLoader(GroovyStarter.java:109)
	at org.codehaus.groovy.tools.GroovyStarter.main(GroovyStarter.java:131)
)"/>
         <system-out><![CDATA[2018-11-15 12:28:28 - [TEST_CASE][FAILED] - Test Cases/SuperAdminConsole/Accounts/Account(SuperAdminConsole) - Edit: Test Cases/SuperAdminConsole/Accounts/Account(SuperAdminConsole) - Edit FAILED because (of) (Stack trace: com.kms.katalon.core.exception.StepFailedException: Unable to select option by value '2.0.canada' of object 'Object Repository/SuperAdminConsole/Account Creation/Account Information/Poll Pad 3 Version'  using regular expression (Root cause: com.kms.katalon.core.webui.exception.WebElementNotFoundException: Web element with id: 'Object Repository/SuperAdminConsole/Account Creation/Account Information/Poll Pad 3 Version' located by 'By.xpath: //select[@name = 'account[poll_pad_3_version]' and @id = 'account_poll_pad_3_version' and (text() = '
                      1.0.1
                      1.1.0
                      1.2.canada
                      1.3.0
                      1.3.1
                      1.3.3
                      1.3.4
                      1.3.5
                      2.0.canada
                      2.0.1
                      2.1.0
                      2.1.1
                      2.1.2
                      2.1.3
                      2.1.4
                      2.1.5
                      2.1.6
                      2.1.7
                      2.1.8
                      2.1.9
                      2.1.10
                      2.1.11
                      2.2.0
                      2.3.0
                      unstable-test' or . = '
                      1.0.1
                      1.1.0
                      1.2.canada
                      1.3.0
                      1.3.1
                      1.3.3
                      1.3.4
                      1.3.5
                      2.0.canada
                      2.0.1
                      2.1.0
                      2.1.1
                      2.1.2
                      2.1.3
                      2.1.4
                      2.1.5
                      2.1.6
                      2.1.7
                      2.1.8
                      2.1.9
                      2.1.10
                      2.1.11
                      2.2.0
                      2.3.0
                      unstable-test')]' not found)
	at com.kms.katalon.core.keyword.internal.KeywordMain.stepFailed(KeywordMain.groovy:36)
	at com.kms.katalon.core.webui.keyword.internal.WebUIKeywordMain.stepFailed(WebUIKeywordMain.groovy:65)
	at com.kms.katalon.core.webui.keyword.internal.WebUIKeywordMain.runKeyword(WebUIKeywordMain.groovy:27)
	at com.kms.katalon.core.webui.keyword.builtin.SelectOptionByValueKeyword.selectOptionByValue(SelectOptionByValueKeyword.groovy:99)
	at com.kms.katalon.core.webui.keyword.builtin.SelectOptionByValueKeyword.execute(SelectOptionByValueKeyword.groovy:71)
	at com.kms.katalon.core.keyword.internal.KeywordExecutor.executeKeywordForPlatform(KeywordExecutor.groovy:53)
	at com.kms.katalon.core.webui.keyword.WebUiBuiltInKeywords.selectOptionByValue(WebUiBuiltInKeywords.groovy:1138)
	at com.kms.katalon.core.webui.keyword.WebUiBuiltInKeywords$selectOptionByValue$8.call(Unknown Source)
	at org.codehaus.groovy.runtime.callsite.CallSiteArray.defaultCall(CallSiteArray.java:48)
	at org.codehaus.groovy.runtime.callsite.AbstractCallSite.call(AbstractCallSite.java:113)
	at org.codehaus.groovy.runtime.callsite.AbstractCallSite.call(AbstractCallSite.java:141)
	at Script1540486305801.run(Script1540486305801.groovy:52)
	at com.kms.katalon.core.main.ScriptEngine.run(ScriptEngine.java:183)
	at com.kms.katalon.core.main.ScriptEngine.runScriptAsRawText(ScriptEngine.java:108)
	at com.kms.katalon.core.main.TestCaseExecutor.runScript(TestCaseExecutor.java:294)
	at com.kms.katalon.core.main.TestCaseExecutor.doExecute(TestCaseExecutor.java:285)
	at com.kms.katalon.core.main.TestCaseExecutor.processExecutionPhase(TestCaseExecutor.java:264)
	at com.kms.katalon.core.main.TestCaseExecutor.accessMainPhase(TestCaseExecutor.java:256)
	at com.kms.katalon.core.main.TestCaseExecutor.execute(TestCaseExecutor.java:200)
	at com.kms.katalon.core.main.TestSuiteExecutor.accessTestCaseMainPhase(TestSuiteExecutor.java:129)
	at com.kms.katalon.core.main.TestSuiteExecutor.accessTestSuiteMainPhase(TestSuiteExecutor.java:112)
	at com.kms.katalon.core.main.TestSuiteExecutor.execute(TestSuiteExecutor.java:81)
	at com.kms.katalon.core.main.TestCaseMain.startTestSuite(TestCaseMain.java:142)
	at com.kms.katalon.core.main.TestCaseMain$startTestSuite$0.call(Unknown Source)
	at org.codehaus.groovy.runtime.callsite.CallSiteArray.defaultCall(CallSiteArray.java:48)
	at org.codehaus.groovy.runtime.callsite.AbstractCallSite.call(AbstractCallSite.java:113)
	at org.codehaus.groovy.runtime.callsite.AbstractCallSite.call(AbstractCallSite.java:141)
	at TempTestSuite1542305302868.run(TempTestSuite1542305302868.groovy:36)
	at groovy.lang.GroovyShell.runScriptOrMainOrTestOrRunnable(GroovyShell.java:263)
	at groovy.lang.GroovyShell.run(GroovyShell.java:518)
	at groovy.lang.GroovyShell.run(GroovyShell.java:507)
	at groovy.ui.GroovyMain.processOnce(GroovyMain.java:653)
	at groovy.ui.GroovyMain.run(GroovyMain.java:384)
	at groovy.ui.GroovyMain.process(GroovyMain.java:370)
	at groovy.ui.GroovyMain.processArgs(GroovyMain.java:129)
	at groovy.ui.GroovyMain.main(GroovyMain.java:109)
	at sun.reflect.NativeMethodAccessorImpl.invoke0(Native Method)
	at sun.reflect.NativeMethodAccessorImpl.invoke(NativeMethodAccessorImpl.java:62)
	at sun.reflect.DelegatingMethodAccessorImpl.invoke(DelegatingMethodAccessorImpl.java:43)
	at java.lang.reflect.Method.invoke(Method.java:498)
	at org.codehaus.groovy.tools.GroovyStarter.rootLoader(GroovyStarter.java:109)
	at org.codehaus.groovy.tools.GroovyStarter.main(GroovyStarter.java:131)
)

2018-11-15 12:28:28 - [TEST_STEP][PASSED] - openBrowser: Browser is opened with url: ''

2018-11-15 12:28:29 - [MESSAGE][PASSED] - Browser is opened with url: ''

2018-11-15 12:28:29 - [TEST_STEP][PASSED] - navigateToUrl: Navigate to 'https://epulsedev2.com' successfully

2018-11-15 12:28:30 - [MESSAGE][PASSED] - Navigate to 'https://epulsedev2.com' successfully

2018-11-15 12:28:30 - [TEST_STEP][PASSED] - setText: Text 'alonzo.mack@knowink.com' is set on object 'Object Repository/Login/Email Address'

2018-11-15 12:28:30 - [MESSAGE][PASSED] - Text 'alonzo.mack@knowink.com' is set on object 'Object Repository/Login/Email Address'

2018-11-15 12:28:30 - [TEST_STEP][PASSED] - setEncryptedText: Text ****** has been set on object 'Object Repository/Login/Password'

2018-11-15 12:28:31 - [MESSAGE][PASSED] - Text ****** has been set on object 'Object Repository/Login/Password'

2018-11-15 12:28:31 - [TEST_STEP][PASSED] - click: Object: 'Object Repository/Login/Sign In' is clicked on

2018-11-15 12:28:32 - [MESSAGE][PASSED] - Object: 'Object Repository/Login/Sign In' is clicked on

2018-11-15 12:28:32 - [TEST_STEP][PASSED] - delay: Delayed 1 second(s)

2018-11-15 12:28:33 - [MESSAGE][PASSED] - Delayed 1 second(s)

2018-11-15 12:28:33 - [TEST_STEP][PASSED] - click: Object: 'Object Repository/Login/am-Automation-test' is clicked on

2018-11-15 12:28:34 - [MESSAGE][PASSED] - Object: 'Object Repository/Login/am-Automation-test' is clicked on

2018-11-15 12:28:34 - [TEST_STEP][PASSED] - delay: Delayed 1 second(s)

2018-11-15 12:28:35 - [MESSAGE][PASSED] - Delayed 1 second(s)

2018-11-15 12:28:35 - [TEST_STEP][PASSED] - setText: Text 'AM-MO-AUTO123' is set on object 'Object Repository/SuperAdminConsole/Account Creation/Account Information/Display Title'

2018-11-15 12:28:35 - [MESSAGE][PASSED] - Text 'AM-MO-AUTO123' is set on object 'Object Repository/SuperAdminConsole/Account Creation/Account Information/Display Title'

2018-11-15 12:28:35 - [TEST_STEP][PASSED] - delay: Delayed 1 second(s)

2018-11-15 12:28:36 - [MESSAGE][PASSED] - Delayed 1 second(s)

2018-11-15 12:28:36 - [TEST_STEP][PASSED] - setText: Text 'AM-MO-AUTO123' is set on object 'Object Repository/SuperAdminConsole/Account Creation/Account Information/County'

2018-11-15 12:28:36 - [MESSAGE][PASSED] - Text 'AM-MO-AUTO123' is set on object 'Object Repository/SuperAdminConsole/Account Creation/Account Information/County'

2018-11-15 12:28:36 - [TEST_STEP][PASSED] - delay: Delayed 1 second(s)

2018-11-15 12:28:37 - [MESSAGE][PASSED] - Delayed 1 second(s)

2018-11-15 12:28:37 - [TEST_STEP][FAILED] - selectOptionByValue: Unable to select option by value '2.0.canada' of object 'Object Repository/SuperAdminConsole/Account Creation/Account Information/Poll Pad 3 Version'  using regular expression (Root cause: com.kms.katalon.core.webui.exception.WebElementNotFoundException: Web element with id: 'Object Repository/SuperAdminConsole/Account Creation/Account Information/Poll Pad 3 Version' located by 'By.xpath: //select[@name = 'account[poll_pad_3_version]' and @id = 'account_poll_pad_3_version' and (text() = '
                      1.0.1
                      1.1.0
                      1.2.canada
                      1.3.0
                      1.3.1
                      1.3.3
                      1.3.4
                      1.3.5
                      2.0.canada
                      2.0.1
                      2.1.0
                      2.1.1
                      2.1.2
                      2.1.3
                      2.1.4
                      2.1.5
                      2.1.6
                      2.1.7
                      2.1.8
                      2.1.9
                      2.1.10
                      2.1.11
                      2.2.0
                      2.3.0
                      unstable-test' or . = '
                      1.0.1
                      1.1.0
                      1.2.canada
                      1.3.0
                      1.3.1
                      1.3.3
                      1.3.4
                      1.3.5
                      2.0.canada
                      2.0.1
                      2.1.0
                      2.1.1
                      2.1.2
                      2.1.3
                      2.1.4
                      2.1.5
                      2.1.6
                      2.1.7
                      2.1.8
                      2.1.9
                      2.1.10
                      2.1.11
                      2.2.0
                      2.3.0
                      unstable-test')]' not found)

2018-11-15 12:28:53 - [MESSAGE][FAILED] - Unable to select option by value '2.0.canada' of object 'Object Repository/SuperAdminConsole/Account Creation/Account Information/Poll Pad 3 Version'  using regular expression (Root cause: com.kms.katalon.core.webui.exception.WebElementNotFoundException: Web element with id: 'Object Repository/SuperAdminConsole/Account Creation/Account Information/Poll Pad 3 Version' located by 'By.xpath: //select[@name = 'account[poll_pad_3_version]' and @id = 'account_poll_pad_3_version' and (text() = '
                      1.0.1
                      1.1.0
                      1.2.canada
                      1.3.0
                      1.3.1
                      1.3.3
                      1.3.4
                      1.3.5
                      2.0.canada
                      2.0.1
                      2.1.0
                      2.1.1
                      2.1.2
                      2.1.3
                      2.1.4
                      2.1.5
                      2.1.6
                      2.1.7
                      2.1.8
                      2.1.9
                      2.1.10
                      2.1.11
                      2.2.0
                      2.3.0
                      unstable-test' or . = '
                      1.0.1
                      1.1.0
                      1.2.canada
                      1.3.0
                      1.3.1
                      1.3.3
                      1.3.4
                      1.3.5
                      2.0.canada
                      2.0.1
                      2.1.0
                      2.1.1
                      2.1.2
                      2.1.3
                      2.1.4
                      2.1.5
                      2.1.6
                      2.1.7
                      2.1.8
                      2.1.9
                      2.1.10
                      2.1.11
                      2.2.0
                      2.3.0
                      unstable-test')]' not found)
[[ATTACHMENT|/Users/alonzomack/Katalon Studio/Regression/Reports/New Test Suite/20181115_120822/1542306533551.png]]]]></system-out>
         <system-err><![CDATA[2018-11-15 12:28:28 - [TEST_CASE][FAILED] - Test Cases/SuperAdminConsole/Accounts/Account(SuperAdminConsole) - Edit: Test Cases/SuperAdminConsole/Accounts/Account(SuperAdminConsole) - Edit FAILED because (of) (Stack trace: com.kms.katalon.core.exception.StepFailedException: Unable to select option by value '2.0.canada' of object 'Object Repository/SuperAdminConsole/Account Creation/Account Information/Poll Pad 3 Version'  using regular expression (Root cause: com.kms.katalon.core.webui.exception.WebElementNotFoundException: Web element with id: 'Object Repository/SuperAdminConsole/Account Creation/Account Information/Poll Pad 3 Version' located by 'By.xpath: //select[@name = 'account[poll_pad_3_version]' and @id = 'account_poll_pad_3_version' and (text() = '
                      1.0.1
                      1.1.0
                      1.2.canada
                      1.3.0
                      1.3.1
                      1.3.3
                      1.3.4
                      1.3.5
                      2.0.canada
                      2.0.1
                      2.1.0
                      2.1.1
                      2.1.2
                      2.1.3
                      2.1.4
                      2.1.5
                      2.1.6
                      2.1.7
                      2.1.8
                      2.1.9
                      2.1.10
                      2.1.11
                      2.2.0
                      2.3.0
                      unstable-test' or . = '
                      1.0.1
                      1.1.0
                      1.2.canada
                      1.3.0
                      1.3.1
                      1.3.3
                      1.3.4
                      1.3.5
                      2.0.canada
                      2.0.1
                      2.1.0
                      2.1.1
                      2.1.2
                      2.1.3
                      2.1.4
                      2.1.5
                      2.1.6
                      2.1.7
                      2.1.8
                      2.1.9
                      2.1.10
                      2.1.11
                      2.2.0
                      2.3.0
                      unstable-test')]' not found)
	at com.kms.katalon.core.keyword.internal.KeywordMain.stepFailed(KeywordMain.groovy:36)
	at com.kms.katalon.core.webui.keyword.internal.WebUIKeywordMain.stepFailed(WebUIKeywordMain.groovy:65)
	at com.kms.katalon.core.webui.keyword.internal.WebUIKeywordMain.runKeyword(WebUIKeywordMain.groovy:27)
	at com.kms.katalon.core.webui.keyword.builtin.SelectOptionByValueKeyword.selectOptionByValue(SelectOptionByValueKeyword.groovy:99)
	at com.kms.katalon.core.webui.keyword.builtin.SelectOptionByValueKeyword.execute(SelectOptionByValueKeyword.groovy:71)
	at com.kms.katalon.core.keyword.internal.KeywordExecutor.executeKeywordForPlatform(KeywordExecutor.groovy:53)
	at com.kms.katalon.core.webui.keyword.WebUiBuiltInKeywords.selectOptionByValue(WebUiBuiltInKeywords.groovy:1138)
	at com.kms.katalon.core.webui.keyword.WebUiBuiltInKeywords$selectOptionByValue$8.call(Unknown Source)
	at org.codehaus.groovy.runtime.callsite.CallSiteArray.defaultCall(CallSiteArray.java:48)
	at org.codehaus.groovy.runtime.callsite.AbstractCallSite.call(AbstractCallSite.java:113)
	at org.codehaus.groovy.runtime.callsite.AbstractCallSite.call(AbstractCallSite.java:141)
	at Script1540486305801.run(Script1540486305801.groovy:52)
	at com.kms.katalon.core.main.ScriptEngine.run(ScriptEngine.java:183)
	at com.kms.katalon.core.main.ScriptEngine.runScriptAsRawText(ScriptEngine.java:108)
	at com.kms.katalon.core.main.TestCaseExecutor.runScript(TestCaseExecutor.java:294)
	at com.kms.katalon.core.main.TestCaseExecutor.doExecute(TestCaseExecutor.java:285)
	at com.kms.katalon.core.main.TestCaseExecutor.processExecutionPhase(TestCaseExecutor.java:264)
	at com.kms.katalon.core.main.TestCaseExecutor.accessMainPhase(TestCaseExecutor.java:256)
	at com.kms.katalon.core.main.TestCaseExecutor.execute(TestCaseExecutor.java:200)
	at com.kms.katalon.core.main.TestSuiteExecutor.accessTestCaseMainPhase(TestSuiteExecutor.java:129)
	at com.kms.katalon.core.main.TestSuiteExecutor.accessTestSuiteMainPhase(TestSuiteExecutor.java:112)
	at com.kms.katalon.core.main.TestSuiteExecutor.execute(TestSuiteExecutor.java:81)
	at com.kms.katalon.core.main.TestCaseMain.startTestSuite(TestCaseMain.java:142)
	at com.kms.katalon.core.main.TestCaseMain$startTestSuite$0.call(Unknown Source)
	at org.codehaus.groovy.runtime.callsite.CallSiteArray.defaultCall(CallSiteArray.java:48)
	at org.codehaus.groovy.runtime.callsite.AbstractCallSite.call(AbstractCallSite.java:113)
	at org.codehaus.groovy.runtime.callsite.AbstractCallSite.call(AbstractCallSite.java:141)
	at TempTestSuite1542305302868.run(TempTestSuite1542305302868.groovy:36)
	at groovy.lang.GroovyShell.runScriptOrMainOrTestOrRunnable(GroovyShell.java:263)
	at groovy.lang.GroovyShell.run(GroovyShell.java:518)
	at groovy.lang.GroovyShell.run(GroovyShell.java:507)
	at groovy.ui.GroovyMain.processOnce(GroovyMain.java:653)
	at groovy.ui.GroovyMain.run(GroovyMain.java:384)
	at groovy.ui.GroovyMain.process(GroovyMain.java:370)
	at groovy.ui.GroovyMain.processArgs(GroovyMain.java:129)
	at groovy.ui.GroovyMain.main(GroovyMain.java:109)
	at sun.reflect.NativeMethodAccessorImpl.invoke0(Native Method)
	at sun.reflect.NativeMethodAccessorImpl.invoke(NativeMethodAccessorImpl.java:62)
	at sun.reflect.DelegatingMethodAccessorImpl.invoke(DelegatingMethodAccessorImpl.java:43)
	at java.lang.reflect.Method.invoke(Method.java:498)
	at org.codehaus.groovy.tools.GroovyStarter.rootLoader(GroovyStarter.java:109)
	at org.codehaus.groovy.tools.GroovyStarter.main(GroovyStarter.java:131)
)]]></system-err>
      </testcase>
      <testcase name="Test Cases/SuperAdminConsole/Accounts/Account(SuperAdminConsole) - Delete" classname="Test Cases/SuperAdminConsole/Accounts/Account(SuperAdminConsole) - Delete" status="PASSED">
         <system-out><![CDATA[2018-11-15 12:28:53 - [TEST_CASE][PASSED] - Test Cases/SuperAdminConsole/Accounts/Account(SuperAdminConsole) - Delete: Test Cases/SuperAdminConsole/Accounts/Account(SuperAdminConsole) - Delete

2018-11-15 12:28:53 - [TEST_STEP][PASSED] - openBrowser: Browser is opened with url: ''

2018-11-15 12:28:53 - [MESSAGE][WARNING] - A browser is already opened. Closing browser and opening a new one

2018-11-15 12:28:54 - [MESSAGE][PASSED] - Browser is opened with url: ''

2018-11-15 12:28:54 - [TEST_STEP][PASSED] - navigateToUrl: Navigate to 'https://epulsedev2.com' successfully

2018-11-15 12:28:56 - [MESSAGE][PASSED] - Navigate to 'https://epulsedev2.com' successfully

2018-11-15 12:28:56 - [TEST_STEP][PASSED] - setText: Text 'alonzo.mack@knowink.com' is set on object 'Object Repository/Login/Email Address'

2018-11-15 12:28:56 - [MESSAGE][PASSED] - Text 'alonzo.mack@knowink.com' is set on object 'Object Repository/Login/Email Address'

2018-11-15 12:28:56 - [TEST_STEP][PASSED] - setEncryptedText: Text ****** has been set on object 'Object Repository/Login/Password'

2018-11-15 12:28:56 - [MESSAGE][PASSED] - Text ****** has been set on object 'Object Repository/Login/Password'

2018-11-15 12:28:56 - [TEST_STEP][PASSED] - click: Object: 'Object Repository/Login/Sign In' is clicked on

2018-11-15 12:28:57 - [MESSAGE][PASSED] - Object: 'Object Repository/Login/Sign In' is clicked on

2018-11-15 12:28:57 - [TEST_STEP][PASSED] - delay: Delayed 1 second(s)

2018-11-15 12:28:58 - [MESSAGE][PASSED] - Delayed 1 second(s)

2018-11-15 12:28:58 - [TEST_STEP][PASSED] - click: Object: 'Object Repository/Login/am-Automation-test' is clicked on

2018-11-15 12:28:59 - [MESSAGE][PASSED] - Object: 'Object Repository/Login/am-Automation-test' is clicked on

2018-11-15 12:28:59 - [TEST_STEP][PASSED] - delay: Delayed 1 second(s)

2018-11-15 12:29:00 - [MESSAGE][PASSED] - Delayed 1 second(s)

2018-11-15 12:29:00 - [TEST_STEP][PASSED] - mouseOver: Object: 'Object Repository/Common ePulse Objects/Actions(Gear icon)' is hovered

2018-11-15 12:29:00 - [MESSAGE][PASSED] - Object: 'Object Repository/Common ePulse Objects/Actions(Gear icon)' is hovered

2018-11-15 12:29:00 - [TEST_STEP][PASSED] - delay: Delayed 3 second(s)

2018-11-15 12:29:03 - [MESSAGE][PASSED] - Delayed 3 second(s)

2018-11-15 12:29:03 - [TEST_STEP][PASSED] - click: Object: 'Object Repository/SuperAdminConsole/Edit Accounts - Actions/Delete' is clicked on

2018-11-15 12:29:03 - [MESSAGE][PASSED] - Object: 'Object Repository/SuperAdminConsole/Edit Accounts - Actions/Delete' is clicked on

2018-11-15 12:29:03 - [TEST_STEP][PASSED] - acceptAlert: Alert accepted

2018-11-15 12:29:03 - [MESSAGE][PASSED] - Alert accepted

2018-11-15 12:29:03 - [TEST_STEP][PASSED] - closeBrowser: Browser is closed

2018-11-15 12:29:03 - [MESSAGE][PASSED] - Browser is closed]]></system-out>
         <system-err><![CDATA[]]></system-err>
      </testcase>
      <system-out><![CDATA[2018-11-15 12:08:25 - [TEST_SUITE][FAILED] - New Test Suite: Test Cases/Admin Console/Poll Pads/Poll Pad - Configuration/Poll Pad Configuration - Import FAILED because (of) (Stack trace: com.kms.katalon.core.exception.StepFailedException: Unable to click on object 'Object Repository/Common ePulse Objects/button_Done(working)' (Root cause: com.kms.katalon.core.webui.exception.WebElementNotFoundException: Web element with id: 'Object Repository/Common ePulse Objects/button_Done(working)' located by 'By.xpath: (.//*[normalize-space(text()) and normalize-space(.)='Done!'])[1]/following::button[1]' not found)
	at com.kms.katalon.core.keyword.internal.KeywordMain.stepFailed(KeywordMain.groovy:36)
	at com.kms.katalon.core.webui.keyword.internal.WebUIKeywordMain.stepFailed(WebUIKeywordMain.groovy:65)
	at com.kms.katalon.core.webui.keyword.internal.WebUIKeywordMain.runKeyword(WebUIKeywordMain.groovy:27)
	at com.kms.katalon.core.webui.keyword.builtin.ClickKeyword.click(ClickKeyword.groovy:86)
	at com.kms.katalon.core.webui.keyword.builtin.ClickKeyword.execute(ClickKeyword.groovy:67)
	at com.kms.katalon.core.keyword.internal.KeywordExecutor.executeKeywordForPlatform(KeywordExecutor.groovy:53)
	at com.kms.katalon.core.webui.keyword.WebUiBuiltInKeywords.click(WebUiBuiltInKeywords.groovy:616)
	at com.kms.katalon.core.webui.keyword.WebUiBuiltInKeywords$click$3.call(Unknown Source)
	at org.codehaus.groovy.runtime.callsite.CallSiteArray.defaultCall(CallSiteArray.java:48)
	at org.codehaus.groovy.runtime.callsite.AbstractCallSite.call(AbstractCallSite.java:113)
	at org.codehaus.groovy.runtime.callsite.AbstractCallSite.call(AbstractCallSite.java:125)
	at Script1541509680330.run(Script1541509680330.groovy:45)
	at com.kms.katalon.core.main.ScriptEngine.run(ScriptEngine.java:183)
	at com.kms.katalon.core.main.ScriptEngine.runScriptAsRawText(ScriptEngine.java:108)
	at com.kms.katalon.core.main.TestCaseExecutor.runScript(TestCaseExecutor.java:294)
	at com.kms.katalon.core.main.TestCaseExecutor.doExecute(TestCaseExecutor.java:285)
	at com.kms.katalon.core.main.TestCaseExecutor.processExecutionPhase(TestCaseExecutor.java:264)
	at com.kms.katalon.core.main.TestCaseExecutor.accessMainPhase(TestCaseExecutor.java:256)
	at com.kms.katalon.core.main.TestCaseExecutor.execute(TestCaseExecutor.java:200)
	at com.kms.katalon.core.main.TestSuiteExecutor.accessTestCaseMainPhase(TestSuiteExecutor.java:129)
	at com.kms.katalon.core.main.TestSuiteExecutor.accessTestSuiteMainPhase(TestSuiteExecutor.java:112)
	at com.kms.katalon.core.main.TestSuiteExecutor.execute(TestSuiteExecutor.java:81)
	at com.kms.katalon.core.main.TestCaseMain.startTestSuite(TestCaseMain.java:142)
	at com.kms.katalon.core.main.TestCaseMain$startTestSuite$0.call(Unknown Source)
	at org.codehaus.groovy.runtime.callsite.CallSiteArray.defaultCall(CallSiteArray.java:48)
	at org.codehaus.groovy.runtime.callsite.AbstractCallSite.call(AbstractCallSite.java:113)
	at org.codehaus.groovy.runtime.callsite.AbstractCallSite.call(AbstractCallSite.java:141)
	at TempTestSuite1542305302868.run(TempTestSuite1542305302868.groovy:36)
	at groovy.lang.GroovyShell.runScriptOrMainOrTestOrRunnable(GroovyShell.java:263)
	at groovy.lang.GroovyShell.run(GroovyShell.java:518)
	at groovy.lang.GroovyShell.run(GroovyShell.java:507)
	at groovy.ui.GroovyMain.processOnce(GroovyMain.java:653)
	at groovy.ui.GroovyMain.run(GroovyMain.java:384)
	at groovy.ui.GroovyMain.process(GroovyMain.java:370)
	at groovy.ui.GroovyMain.processArgs(GroovyMain.java:129)
	at groovy.ui.GroovyMain.main(GroovyMain.java:109)
	at sun.reflect.NativeMethodAccessorImpl.invoke0(Native Method)
	at sun.reflect.NativeMethodAccessorImpl.invoke(NativeMethodAccessorImpl.java:62)
	at sun.reflect.DelegatingMethodAccessorImpl.invoke(DelegatingMethodAccessorImpl.java:43)
	at java.lang.reflect.Method.invoke(Method.java:498)
	at org.codehaus.groovy.tools.GroovyStarter.rootLoader(GroovyStarter.java:109)
	at org.codehaus.groovy.tools.GroovyStarter.main(GroovyStarter.java:131)
)]]></system-out>
      <system-err><![CDATA[2018-11-15 12:08:25 - [TEST_SUITE][FAILED] - New Test Suite: Test Cases/Admin Console/Poll Pads/Poll Pad - Configuration/Poll Pad Configuration - Import FAILED because (of) (Stack trace: com.kms.katalon.core.exception.StepFailedException: Unable to click on object 'Object Repository/Common ePulse Objects/button_Done(working)' (Root cause: com.kms.katalon.core.webui.exception.WebElementNotFoundException: Web element with id: 'Object Repository/Common ePulse Objects/button_Done(working)' located by 'By.xpath: (.//*[normalize-space(text()) and normalize-space(.)='Done!'])[1]/following::button[1]' not found)
	at com.kms.katalon.core.keyword.internal.KeywordMain.stepFailed(KeywordMain.groovy:36)
	at com.kms.katalon.core.webui.keyword.internal.WebUIKeywordMain.stepFailed(WebUIKeywordMain.groovy:65)
	at com.kms.katalon.core.webui.keyword.internal.WebUIKeywordMain.runKeyword(WebUIKeywordMain.groovy:27)
	at com.kms.katalon.core.webui.keyword.builtin.ClickKeyword.click(ClickKeyword.groovy:86)
	at com.kms.katalon.core.webui.keyword.builtin.ClickKeyword.execute(ClickKeyword.groovy:67)
	at com.kms.katalon.core.keyword.internal.KeywordExecutor.executeKeywordForPlatform(KeywordExecutor.groovy:53)
	at com.kms.katalon.core.webui.keyword.WebUiBuiltInKeywords.click(WebUiBuiltInKeywords.groovy:616)
	at com.kms.katalon.core.webui.keyword.WebUiBuiltInKeywords$click$3.call(Unknown Source)
	at org.codehaus.groovy.runtime.callsite.CallSiteArray.defaultCall(CallSiteArray.java:48)
	at org.codehaus.groovy.runtime.callsite.AbstractCallSite.call(AbstractCallSite.java:113)
	at org.codehaus.groovy.runtime.callsite.AbstractCallSite.call(AbstractCallSite.java:125)
	at Script1541509680330.run(Script1541509680330.groovy:45)
	at com.kms.katalon.core.main.ScriptEngine.run(ScriptEngine.java:183)
	at com.kms.katalon.core.main.ScriptEngine.runScriptAsRawText(ScriptEngine.java:108)
	at com.kms.katalon.core.main.TestCaseExecutor.runScript(TestCaseExecutor.java:294)
	at com.kms.katalon.core.main.TestCaseExecutor.doExecute(TestCaseExecutor.java:285)
	at com.kms.katalon.core.main.TestCaseExecutor.processExecutionPhase(TestCaseExecutor.java:264)
	at com.kms.katalon.core.main.TestCaseExecutor.accessMainPhase(TestCaseExecutor.java:256)
	at com.kms.katalon.core.main.TestCaseExecutor.execute(TestCaseExecutor.java:200)
	at com.kms.katalon.core.main.TestSuiteExecutor.accessTestCaseMainPhase(TestSuiteExecutor.java:129)
	at com.kms.katalon.core.main.TestSuiteExecutor.accessTestSuiteMainPhase(TestSuiteExecutor.java:112)
	at com.kms.katalon.core.main.TestSuiteExecutor.execute(TestSuiteExecutor.java:81)
	at com.kms.katalon.core.main.TestCaseMain.startTestSuite(TestCaseMain.java:142)
	at com.kms.katalon.core.main.TestCaseMain$startTestSuite$0.call(Unknown Source)
	at org.codehaus.groovy.runtime.callsite.CallSiteArray.defaultCall(CallSiteArray.java:48)
	at org.codehaus.groovy.runtime.callsite.AbstractCallSite.call(AbstractCallSite.java:113)
	at org.codehaus.groovy.runtime.callsite.AbstractCallSite.call(AbstractCallSite.java:141)
	at TempTestSuite1542305302868.run(TempTestSuite1542305302868.groovy:36)
	at groovy.lang.GroovyShell.runScriptOrMainOrTestOrRunnable(GroovyShell.java:263)
	at groovy.lang.GroovyShell.run(GroovyShell.java:518)
	at groovy.lang.GroovyShell.run(GroovyShell.java:507)
	at groovy.ui.GroovyMain.processOnce(GroovyMain.java:653)
	at groovy.ui.GroovyMain.run(GroovyMain.java:384)
	at groovy.ui.GroovyMain.process(GroovyMain.java:370)
	at groovy.ui.GroovyMain.processArgs(GroovyMain.java:129)
	at groovy.ui.GroovyMain.main(GroovyMain.java:109)
	at sun.reflect.NativeMethodAccessorImpl.invoke0(Native Method)
	at sun.reflect.NativeMethodAccessorImpl.invoke(NativeMethodAccessorImpl.java:62)
	at sun.reflect.DelegatingMethodAccessorImpl.invoke(DelegatingMethodAccessorImpl.java:43)
	at java.lang.reflect.Method.invoke(Method.java:498)
	at org.codehaus.groovy.tools.GroovyStarter.rootLoader(GroovyStarter.java:109)
	at org.codehaus.groovy.tools.GroovyStarter.main(GroovyStarter.java:131)
)]]></system-err>
   </testsuite>
</testsuites>
