<?xml version="1.0" encoding="UTF-8"?>
<testsuites name="dev_staging smoketest" time="1082" tests="41" failures="8" errors="0">
   <testsuite name="dev_staging smoketest" tests="41" failures="8" errors="0" time="1082" timestamp="2019-05-13 11:11:04" hostname="alonzomack - 192.168.1.14" id="Test Suites/dev_staging smoketest">
      <properties>
         <property name="deviceName" value=""/>
         <property name="devicePlatform" value=""/>
         <property name="logFolder" value="/Users/alonzomack/Katalon Studio/Regression/Reports/dev_staging smoketest/20190513_111059"/>
         <property name="logFiles" value="/Users/alonzomack/Katalon Studio/Regression/Reports/dev_staging smoketest/20190513_111059/execution0.log"/>
         <property name="attachments" value="/Users/alonzomack/Katalon Studio/Regression/Reports/dev_staging smoketest/20190513_111059/1557764344270.png, /Users/alonzomack/Katalon Studio/Regression/Reports/dev_staging smoketest/20190513_111059/1557764382582.png, /Users/alonzomack/Katalon Studio/Regression/Reports/dev_staging smoketest/20190513_111059/1557764430187.png, /Users/alonzomack/Katalon Studio/Regression/Reports/dev_staging smoketest/20190513_111059/1557764441476.png, /Users/alonzomack/Katalon Studio/Regression/Reports/dev_staging smoketest/20190513_111059/1557764482858.png, /Users/alonzomack/Katalon Studio/Regression/Reports/dev_staging smoketest/20190513_111059/1557764574784.png, /Users/alonzomack/Katalon Studio/Regression/Reports/dev_staging smoketest/20190513_111059/1557764689066.png, /Users/alonzomack/Katalon Studio/Regression/Reports/dev_staging smoketest/20190513_111059/1557764921562.png"/>
         <property name="hostName" value="alonzomack - 192.168.1.14"/>
         <property name="os" value="Mac OS X 64bit"/>
         <property name="katalonVersion" value="5.10.1.1"/>
         <property name="browser" value="Chrome 74.0.3729.131"/>
         <property name="hostAddress" value="192.168.1.14"/>
         <property name="sessionId" value="0f576cd4b56074d4cadef5722306d81a"/>
         <property name="seleniumVersion" value="3.7.1"/>
         <property name="proxyInformation" value="ProxyInformation{proxyOption=NO_PROXY, proxyServerType=HTTP, password=, proxyServerAddress=, proxyServerPort=0}"/>
         <property name="platform" value="Mac OS X"/>
      </properties>
      <testcase name="Test Cases/SuperAdminConsole/Accounts/Account(SuperAdminConsole) - Delete" classname="Test Cases/SuperAdminConsole/Accounts/Account(SuperAdminConsole) - Delete" status="PASSED">
         <system-out><![CDATA[2019-05-13 11:11:05 - [TEST_CASE][PASSED] - Test Cases/SuperAdminConsole/Accounts/Account(SuperAdminConsole) - Delete: Test Cases/SuperAdminConsole/Accounts/Account(SuperAdminConsole) - Delete

2019-05-13 11:11:06 - [TEST_STEP][PASSED] - openBrowser(""): Browser is opened with url: ''

2019-05-13 11:11:06 - [MESSAGE][INFO] - Starting 'Chrome' driver

2019-05-13 11:11:06 - [MESSAGE][INFO] - Action delay is set to 0 seconds

2019-05-13 11:11:09 - [MESSAGE][PASSED] - Browser is opened with url: ''

2019-05-13 11:11:09 - [TEST_STEP][PASSED] - navigateToUrl(URL): Navigate to 'https://epulsedev2.com' successfully

2019-05-13 11:11:16 - [MESSAGE][PASSED] - Navigate to 'https://epulsedev2.com' successfully

2019-05-13 11:11:16 - [TEST_STEP][PASSED] - setText(findTestObject("Login/Email Address"), User_email): Text 'alonzo.mack@knowink.com' is set on object 'Object Repository/Login/Email Address'

2019-05-13 11:11:16 - [MESSAGE][PASSED] - Text 'alonzo.mack@knowink.com' is set on object 'Object Repository/Login/Email Address'

2019-05-13 11:11:16 - [TEST_STEP][PASSED] - setEncryptedText(findTestObject("Login/Password"), Pswrd): Text ****** has been set on object 'Object Repository/Login/Password'

2019-05-13 11:11:17 - [MESSAGE][PASSED] - Text ****** has been set on object 'Object Repository/Login/Password'

2019-05-13 11:11:17 - [TEST_STEP][PASSED] - click(findTestObject("Login/Sign In")): Object: 'Object Repository/Login/Sign In' is clicked on

2019-05-13 11:11:18 - [MESSAGE][PASSED] - Object: 'Object Repository/Login/Sign In' is clicked on

2019-05-13 11:11:18 - [TEST_STEP][PASSED] - delay(1): Delayed 1 second(s)

2019-05-13 11:11:19 - [MESSAGE][PASSED] - Delayed 1 second(s)

2019-05-13 11:11:19 - [TEST_STEP][PASSED] - click(findTestObject("Login/am-Automation-test"), STOP_ON_FAILURE): Object: 'Object Repository/Login/am-Automation-test' is clicked on

2019-05-13 11:11:20 - [MESSAGE][PASSED] - Object: 'Object Repository/Login/am-Automation-test' is clicked on

2019-05-13 11:11:20 - [TEST_STEP][PASSED] - delay(1): Delayed 1 second(s)

2019-05-13 11:11:21 - [MESSAGE][PASSED] - Delayed 1 second(s)

2019-05-13 11:11:21 - [TEST_STEP][PASSED] - mouseOver(findTestObject("Common ePulse Objects/Actions(Gear icon)")): Object: 'Object Repository/Common ePulse Objects/Actions(Gear icon)' is hovered

2019-05-13 11:11:21 - [MESSAGE][PASSED] - Object: 'Object Repository/Common ePulse Objects/Actions(Gear icon)' is hovered

2019-05-13 11:11:21 - [TEST_STEP][PASSED] - delay(3): Delayed 3 second(s)

2019-05-13 11:11:24 - [MESSAGE][PASSED] - Delayed 3 second(s)

2019-05-13 11:11:24 - [TEST_STEP][PASSED] - click(findTestObject("SuperAdminConsole/Edit Accounts - Actions/Delete")): Object: 'Object Repository/SuperAdminConsole/Edit Accounts - Actions/Delete' is clicked on

2019-05-13 11:11:24 - [MESSAGE][PASSED] - Object: 'Object Repository/SuperAdminConsole/Edit Accounts - Actions/Delete' is clicked on

2019-05-13 11:11:24 - [TEST_STEP][PASSED] - delay(1): Delayed 1 second(s)

2019-05-13 11:11:25 - [MESSAGE][PASSED] - Delayed 1 second(s)

2019-05-13 11:11:25 - [TEST_STEP][PASSED] - acceptAlert(): Alert accepted

2019-05-13 11:11:25 - [MESSAGE][PASSED] - Alert accepted

2019-05-13 11:11:25 - [TEST_STEP][PASSED] - closeBrowser(STOP_ON_FAILURE): Browser is closed

2019-05-13 11:11:25 - [MESSAGE][PASSED] - Browser is closed]]></system-out>
         <system-err><![CDATA[]]></system-err>
      </testcase>
      <testcase name="Test Cases/SuperAdminConsole/Accounts/Create Account(SuperAdminConsole)" classname="Test Cases/SuperAdminConsole/Accounts/Create Account(SuperAdminConsole)" status="PASSED">
         <system-out><![CDATA[2019-05-13 11:11:27 - [TEST_CASE][PASSED] - Test Cases/SuperAdminConsole/Accounts/Create Account(SuperAdminConsole): Test Cases/SuperAdminConsole/Accounts/Create Account(SuperAdminConsole)

2019-05-13 11:11:27 - [TEST_STEP][PASSED] - callTestCase(findTestCase("Login/SuperAdminLogin"), [:], STOP_ON_FAILURE): Call Test Case 'Test Cases/Login/SuperAdminLogin' successfully

2019-05-13 11:11:27 - [TEST_CASE][PASSED] - Test Cases/Login/SuperAdminLogin: Test Cases/Login/SuperAdminLogin

2019-05-13 11:11:27 - [TEST_STEP][PASSED] - openBrowser(""): Browser is opened with url: ''

2019-05-13 11:11:27 - [MESSAGE][INFO] - Starting 'Chrome' driver

2019-05-13 11:11:29 - [MESSAGE][PASSED] - Browser is opened with url: ''

2019-05-13 11:11:29 - [TEST_STEP][PASSED] - navigateToUrl(URL): Navigate to 'https://epulsedev2.com' successfully

2019-05-13 11:11:31 - [MESSAGE][PASSED] - Navigate to 'https://epulsedev2.com' successfully

2019-05-13 11:11:31 - [TEST_STEP][PASSED] - setText(findTestObject("Login/Email Address"), User_email): Text 'alonzo.mack@knowink.com' is set on object 'Object Repository/Login/Email Address'

2019-05-13 11:11:32 - [MESSAGE][PASSED] - Text 'alonzo.mack@knowink.com' is set on object 'Object Repository/Login/Email Address'

2019-05-13 11:11:32 - [TEST_STEP][PASSED] - setEncryptedText(findTestObject("Login/Password"), Pswrd): Text ****** has been set on object 'Object Repository/Login/Password'

2019-05-13 11:11:32 - [MESSAGE][PASSED] - Text ****** has been set on object 'Object Repository/Login/Password'

2019-05-13 11:11:32 - [TEST_STEP][PASSED] - click(findTestObject("Login/Sign In")): Object: 'Object Repository/Login/Sign In' is clicked on

2019-05-13 11:11:33 - [MESSAGE][PASSED] - Object: 'Object Repository/Login/Sign In' is clicked on

2019-05-13 11:11:33 - [MESSAGE][PASSED] - Call Test Case 'Test Cases/Login/SuperAdminLogin' successfully

2019-05-13 11:11:33 - [TEST_STEP][PASSED] - delay(1): Delayed 1 second(s)

2019-05-13 11:11:34 - [MESSAGE][PASSED] - Delayed 1 second(s)

2019-05-13 11:11:34 - [TEST_STEP][PASSED] - click(findTestObject("SuperAdminConsole/Account Creation/a_Add Account")): Object: 'Object Repository/SuperAdminConsole/Account Creation/a_Add Account' is clicked on

2019-05-13 11:11:34 - [MESSAGE][PASSED] - Object: 'Object Repository/SuperAdminConsole/Account Creation/a_Add Account' is clicked on

2019-05-13 11:11:34 - [TEST_STEP][PASSED] - delay(1): Delayed 1 second(s)

2019-05-13 11:11:35 - [MESSAGE][PASSED] - Delayed 1 second(s)

2019-05-13 11:11:35 - [TEST_STEP][PASSED] - setText(findTestObject("SuperAdminConsole/Account Creation/Account Information/Display Title"), "am-Automation-test"): Text 'am-Automation-test' is set on object 'Object Repository/SuperAdminConsole/Account Creation/Account Information/Display Title'

2019-05-13 11:11:36 - [MESSAGE][PASSED] - Text 'am-Automation-test' is set on object 'Object Repository/SuperAdminConsole/Account Creation/Account Information/Display Title'

2019-05-13 11:11:36 - [TEST_STEP][PASSED] - delay(1): Delayed 1 second(s)

2019-05-13 11:11:37 - [MESSAGE][PASSED] - Delayed 1 second(s)

2019-05-13 11:11:37 - [TEST_STEP][PASSED] - setText(findTestObject("SuperAdminConsole/Account Creation/Account Information/County"), "am-Automation-test"): Text 'am-Automation-test' is set on object 'Object Repository/SuperAdminConsole/Account Creation/Account Information/County'

2019-05-13 11:11:37 - [MESSAGE][PASSED] - Text 'am-Automation-test' is set on object 'Object Repository/SuperAdminConsole/Account Creation/Account Information/County'

2019-05-13 11:11:37 - [TEST_STEP][PASSED] - delay(1): Delayed 1 second(s)

2019-05-13 11:11:38 - [MESSAGE][PASSED] - Delayed 1 second(s)

2019-05-13 11:11:38 - [TEST_STEP][PASSED] - selectOptionByValue(findTestObject("SuperAdminConsole/Account Creation/Account Information/StateProvince"), "MO", true): All options with value 'MO' are selected in object 'Object Repository/SuperAdminConsole/Account Creation/Account Information/StateProvince'  using regular expression

2019-05-13 11:11:39 - [MESSAGE][PASSED] - All options with value 'MO' are selected in object 'Object Repository/SuperAdminConsole/Account Creation/Account Information/StateProvince'  using regular expression

2019-05-13 11:11:39 - [TEST_STEP][PASSED] - delay(1): Delayed 1 second(s)

2019-05-13 11:11:40 - [MESSAGE][PASSED] - Delayed 1 second(s)

2019-05-13 11:11:40 - [TEST_STEP][PASSED] - selectOptionByValue(findTestObject("SuperAdminConsole/Account Creation/Account Information/Pad Type"), "1", true): All options with value '1' are selected in object 'Object Repository/SuperAdminConsole/Account Creation/Account Information/Pad Type'  using regular expression

2019-05-13 11:11:40 - [MESSAGE][PASSED] - All options with value '1' are selected in object 'Object Repository/SuperAdminConsole/Account Creation/Account Information/Pad Type'  using regular expression

2019-05-13 11:11:40 - [TEST_STEP][PASSED] - delay(1): Delayed 1 second(s)

2019-05-13 11:11:41 - [MESSAGE][PASSED] - Delayed 1 second(s)

2019-05-13 11:11:41 - [TEST_STEP][NOT_RUN] - selectOptionByValue(findTestObject("SuperAdminConsole/Account Creation/Account Information/Poll Pad 3 Version"), "1.0.1", true): NOT_RUN: selectOptionByValue(findTestObject("SuperAdminConsole/Account Creation/Account Information/Poll Pad 3 Version"), "1.0.1", true)

2019-05-13 11:11:41 - [MESSAGE][NOT_RUN] - NOT_RUN: selectOptionByValue(findTestObject("SuperAdminConsole/Account Creation/Account Information/Poll Pad 3 Version"), "1.0.1", true)

2019-05-13 11:11:41 - [TEST_STEP][PASSED] - delay(1): Delayed 1 second(s)

2019-05-13 11:11:42 - [MESSAGE][PASSED] - Delayed 1 second(s)

2019-05-13 11:11:42 - [TEST_STEP][PASSED] - selectOptionByValue(findTestObject("SuperAdminConsole/Account Creation/Parsers and Exporters/Select_Voter File"), "mcvr", true): All options with value 'mcvr' are selected in object 'Object Repository/SuperAdminConsole/Account Creation/Parsers and Exporters/Select_Voter File'  using regular expression

2019-05-13 11:11:42 - [MESSAGE][PASSED] - All options with value 'mcvr' are selected in object 'Object Repository/SuperAdminConsole/Account Creation/Parsers and Exporters/Select_Voter File'  using regular expression

2019-05-13 11:11:42 - [TEST_STEP][PASSED] - delay(1): Delayed 1 second(s)

2019-05-13 11:11:43 - [MESSAGE][PASSED] - Delayed 1 second(s)

2019-05-13 11:11:43 - [TEST_STEP][PASSED] - selectOptionByValue(findTestObject("SuperAdminConsole/Account Creation/Parsers and Exporters/Select_Supplemental file"), "mcvr", true): All options with value 'mcvr' are selected in object 'Object Repository/SuperAdminConsole/Account Creation/Parsers and Exporters/Select_Supplemental file'  using regular expression

2019-05-13 11:11:44 - [MESSAGE][PASSED] - All options with value 'mcvr' are selected in object 'Object Repository/SuperAdminConsole/Account Creation/Parsers and Exporters/Select_Supplemental file'  using regular expression

2019-05-13 11:11:44 - [TEST_STEP][PASSED] - delay(1): Delayed 1 second(s)

2019-05-13 11:11:45 - [MESSAGE][PASSED] - Delayed 1 second(s)

2019-05-13 11:11:45 - [TEST_STEP][PASSED] - selectOptionByValue(findTestObject("SuperAdminConsole/Account Creation/Parsers and Exporters/Polling Places"), "epulse", true): All options with value 'epulse' are selected in object 'Object Repository/SuperAdminConsole/Account Creation/Parsers and Exporters/Polling Places'  using regular expression

2019-05-13 11:11:45 - [MESSAGE][PASSED] - All options with value 'epulse' are selected in object 'Object Repository/SuperAdminConsole/Account Creation/Parsers and Exporters/Polling Places'  using regular expression

2019-05-13 11:11:45 - [TEST_STEP][PASSED] - delay(1): Delayed 1 second(s)

2019-05-13 11:11:46 - [MESSAGE][PASSED] - Delayed 1 second(s)

2019-05-13 11:11:46 - [TEST_STEP][PASSED] - selectOptionByValue(findTestObject("SuperAdminConsole/Account Creation/Parsers and Exporters/Street Rules"), "mcvr", true): All options with value 'mcvr' are selected in object 'Object Repository/SuperAdminConsole/Account Creation/Parsers and Exporters/Street Rules'  using regular expression

2019-05-13 11:11:46 - [MESSAGE][PASSED] - All options with value 'mcvr' are selected in object 'Object Repository/SuperAdminConsole/Account Creation/Parsers and Exporters/Street Rules'  using regular expression

2019-05-13 11:11:46 - [TEST_STEP][PASSED] - delay(1): Delayed 1 second(s)

2019-05-13 11:11:47 - [MESSAGE][PASSED] - Delayed 1 second(s)

2019-05-13 11:11:47 - [TEST_STEP][PASSED] - selectOptionByValue(findTestObject("SuperAdminConsole/Account Creation/Parsers and Exporters/Voter History Exporter"), "mcvr", true): All options with value 'mcvr' are selected in object 'Object Repository/SuperAdminConsole/Account Creation/Parsers and Exporters/Voter History Exporter'  using regular expression

2019-05-13 11:11:48 - [MESSAGE][PASSED] - All options with value 'mcvr' are selected in object 'Object Repository/SuperAdminConsole/Account Creation/Parsers and Exporters/Voter History Exporter'  using regular expression

2019-05-13 11:11:48 - [TEST_STEP][PASSED] - delay(1): Delayed 1 second(s)

2019-05-13 11:11:49 - [MESSAGE][PASSED] - Delayed 1 second(s)

2019-05-13 11:11:49 - [TEST_STEP][PASSED] - selectOptionByValue(findTestObject("SuperAdminConsole/Account Creation/Parsers and Exporters/Signature Parser"), "epulse", true): All options with value 'epulse' are selected in object 'Object Repository/SuperAdminConsole/Account Creation/Parsers and Exporters/Signature Parser'  using regular expression

2019-05-13 11:11:49 - [MESSAGE][PASSED] - All options with value 'epulse' are selected in object 'Object Repository/SuperAdminConsole/Account Creation/Parsers and Exporters/Signature Parser'  using regular expression

2019-05-13 11:11:49 - [TEST_STEP][PASSED] - delay(1): Delayed 1 second(s)

2019-05-13 11:11:50 - [MESSAGE][PASSED] - Delayed 1 second(s)

2019-05-13 11:11:50 - [TEST_STEP][PASSED] - click(findTestObject("SuperAdminConsole/Account Creation/Parsers and Exporters/Submit")): Object: 'Object Repository/SuperAdminConsole/Account Creation/Parsers and Exporters/Submit' is clicked on

2019-05-13 11:11:51 - [MESSAGE][PASSED] - Object: 'Object Repository/SuperAdminConsole/Account Creation/Parsers and Exporters/Submit' is clicked on

2019-05-13 11:11:51 - [TEST_STEP][PASSED] - delay(1): Delayed 1 second(s)

2019-05-13 11:11:52 - [MESSAGE][PASSED] - Delayed 1 second(s)

2019-05-13 11:11:52 - [TEST_STEP][PASSED] - closeBrowser(): Browser is closed

2019-05-13 11:11:53 - [MESSAGE][PASSED] - Browser is closed]]></system-out>
         <system-err><![CDATA[]]></system-err>
      </testcase>
      <testcase name="Test Cases/Admin Console/Election Setup/Elections/Election Creation" classname="Test Cases/Admin Console/Election Setup/Elections/Election Creation" status="PASSED">
         <system-out><![CDATA[2019-05-13 11:11:55 - [TEST_CASE][PASSED] - Test Cases/Admin Console/Election Setup/Elections/Election Creation: Test Cases/Admin Console/Election Setup/Elections/Election Creation

2019-05-13 11:11:55 - [TEST_STEP][PASSED] - openBrowser(""): Browser is opened with url: ''

2019-05-13 11:11:55 - [MESSAGE][INFO] - Starting 'Chrome' driver

2019-05-13 11:11:57 - [MESSAGE][PASSED] - Browser is opened with url: ''

2019-05-13 11:11:57 - [TEST_STEP][PASSED] - navigateToUrl(URL): Navigate to 'https://epulsedev2.com' successfully

2019-05-13 11:12:00 - [MESSAGE][PASSED] - Navigate to 'https://epulsedev2.com' successfully

2019-05-13 11:12:00 - [TEST_STEP][PASSED] - setText(findTestObject("Login/Email Address"), User_email): Text 'alonzo.mack@knowink.com' is set on object 'Object Repository/Login/Email Address'

2019-05-13 11:12:00 - [MESSAGE][PASSED] - Text 'alonzo.mack@knowink.com' is set on object 'Object Repository/Login/Email Address'

2019-05-13 11:12:00 - [TEST_STEP][PASSED] - setEncryptedText(findTestObject("Login/Password"), Pswrd): Text ****** has been set on object 'Object Repository/Login/Password'

2019-05-13 11:12:00 - [MESSAGE][PASSED] - Text ****** has been set on object 'Object Repository/Login/Password'

2019-05-13 11:12:00 - [TEST_STEP][PASSED] - click(findTestObject("Login/Sign In")): Object: 'Object Repository/Login/Sign In' is clicked on

2019-05-13 11:12:01 - [MESSAGE][PASSED] - Object: 'Object Repository/Login/Sign In' is clicked on

2019-05-13 11:12:01 - [TEST_STEP][PASSED] - delay(1): Delayed 1 second(s)

2019-05-13 11:12:02 - [MESSAGE][PASSED] - Delayed 1 second(s)

2019-05-13 11:12:02 - [TEST_STEP][PASSED] - navigateToUrl(Election_Import): Navigate to 'https://am-automation-test.epulsedev2.com/elections/new' successfully

2019-05-13 11:12:03 - [MESSAGE][PASSED] - Navigate to 'https://am-automation-test.epulsedev2.com/elections/new' successfully

2019-05-13 11:12:03 - [TEST_STEP][PASSED] - setText(findTestObject("Common ePulse Objects/Choose File"), "/Users/alonzomack/Downloads/Imports/Missouri/voters_200_mcvr.txt"): Text '/Users/alonzomack/Downloads/Imports/Missouri/voters_200_mcvr.txt' is set on object 'Object Repository/Common ePulse Objects/Choose File'

2019-05-13 11:12:03 - [MESSAGE][PASSED] - Text '/Users/alonzomack/Downloads/Imports/Missouri/voters_200_mcvr.txt' is set on object 'Object Repository/Common ePulse Objects/Choose File'

2019-05-13 11:12:03 - [TEST_STEP][PASSED] - click(findTestObject("Common ePulse Objects/Continue Button"), STOP_ON_FAILURE): Object: 'Object Repository/Common ePulse Objects/Continue Button' is clicked on

2019-05-13 11:12:04 - [MESSAGE][PASSED] - Object: 'Object Repository/Common ePulse Objects/Continue Button' is clicked on

2019-05-13 11:12:04 - [TEST_STEP][PASSED] - delay(10): Delayed 10 second(s)

2019-05-13 11:12:14 - [MESSAGE][PASSED] - Delayed 10 second(s)

2019-05-13 11:12:14 - [TEST_STEP][PASSED] - delay(10): Delayed 10 second(s)

2019-05-13 11:12:24 - [MESSAGE][PASSED] - Delayed 10 second(s)

2019-05-13 11:12:24 - [TEST_STEP][PASSED] - refresh(STOP_ON_FAILURE): Refresh successfully

2019-05-13 11:12:24 - [MESSAGE][PASSED] - Refresh successfully

2019-05-13 11:12:24 - [TEST_STEP][PASSED] - setText(findTestObject("Admin Console ePulse Menu/Election Setup/Election Creation/Election Name"), "Election Creation"): Text 'Election Creation' is set on object 'Object Repository/Admin Console ePulse Menu/Election Setup/Election Creation/Election Name'

2019-05-13 11:12:24 - [MESSAGE][PASSED] - Text 'Election Creation' is set on object 'Object Repository/Admin Console ePulse Menu/Election Setup/Election Creation/Election Name'

2019-05-13 11:12:24 - [TEST_STEP][PASSED] - setText(findTestObject("Admin Console ePulse Menu/Election Setup/Election Creation/Election Code"), "123"): Text '123' is set on object 'Object Repository/Admin Console ePulse Menu/Election Setup/Election Creation/Election Code'

2019-05-13 11:12:25 - [MESSAGE][PASSED] - Text '123' is set on object 'Object Repository/Admin Console ePulse Menu/Election Setup/Election Creation/Election Code'

2019-05-13 11:12:25 - [TEST_STEP][PASSED] - selectOptionByValue(findTestObject("Admin Console ePulse Menu/Election Setup/Election Creation/Select Election Type"), "general", true): All options with value 'general' are selected in object 'Object Repository/Admin Console ePulse Menu/Election Setup/Election Creation/Select Election Type'  using regular expression

2019-05-13 11:12:25 - [MESSAGE][PASSED] - All options with value 'general' are selected in object 'Object Repository/Admin Console ePulse Menu/Election Setup/Election Creation/Select Election Type'  using regular expression

2019-05-13 11:12:25 - [TEST_STEP][PASSED] - clearText(findTestObject("Admin Console ePulse Menu/Election Setup/Election Creation/DATE")): Text of object 'Object Repository/Admin Console ePulse Menu/Election Setup/Election Creation/DATE' is cleared

2019-05-13 11:12:25 - [MESSAGE][PASSED] - Text of object 'Object Repository/Admin Console ePulse Menu/Election Setup/Election Creation/DATE' is cleared

2019-05-13 11:12:25 - [TEST_STEP][PASSED] - setText(findTestObject("Admin Console ePulse Menu/Election Setup/Election Creation/DATE"), "07/21/2021"): Text '07/21/2021' is set on object 'Object Repository/Admin Console ePulse Menu/Election Setup/Election Creation/DATE'

2019-05-13 11:12:25 - [MESSAGE][PASSED] - Text '07/21/2021' is set on object 'Object Repository/Admin Console ePulse Menu/Election Setup/Election Creation/DATE'

2019-05-13 11:12:25 - [TEST_STEP][PASSED] - click(findTestObject("Admin Console ePulse Menu/Election Setup/Election Creation/Next")): Object: 'Object Repository/Admin Console ePulse Menu/Election Setup/Election Creation/Next' is clicked on

2019-05-13 11:12:26 - [MESSAGE][PASSED] - Object: 'Object Repository/Admin Console ePulse Menu/Election Setup/Election Creation/Next' is clicked on

2019-05-13 11:12:26 - [TEST_STEP][PASSED] - waitForElementPresent(findTestObject("Admin Console ePulse Menu/Election Setup/Election Creation/Step3 Done"), 0): Object 'Object Repository/Admin Console ePulse Menu/Election Setup/Election Creation/Step3 Done' is present

2019-05-13 11:12:26 - [MESSAGE][WARNING] - Timeout '0' is invalid. Using default page load timeout: '15'

2019-05-13 11:12:26 - [MESSAGE][PASSED] - Object 'Object Repository/Admin Console ePulse Menu/Election Setup/Election Creation/Step3 Done' is present

2019-05-13 11:12:26 - [TEST_STEP][PASSED] - click(findTestObject("Admin Console ePulse Menu/Election Setup/Election Creation/Step3 Done")): Object: 'Object Repository/Admin Console ePulse Menu/Election Setup/Election Creation/Step3 Done' is clicked on

2019-05-13 11:12:27 - [MESSAGE][PASSED] - Object: 'Object Repository/Admin Console ePulse Menu/Election Setup/Election Creation/Step3 Done' is clicked on

2019-05-13 11:12:27 - [TEST_STEP][PASSED] - waitForElementVisible(findTestObject("Admin Console ePulse Menu/Election Setup/Election Creation/Step4 Done"), 0): Object 'Object Repository/Admin Console ePulse Menu/Election Setup/Election Creation/Step4 Done' is visible

2019-05-13 11:12:27 - [MESSAGE][WARNING] - Timeout '0' is invalid. Using default page load timeout: '15'

2019-05-13 11:12:27 - [MESSAGE][PASSED] - Object 'Object Repository/Admin Console ePulse Menu/Election Setup/Election Creation/Step4 Done' is visible

2019-05-13 11:12:27 - [TEST_STEP][PASSED] - click(findTestObject("Admin Console ePulse Menu/Election Setup/Election Creation/Step4 Done")): Object: 'Object Repository/Admin Console ePulse Menu/Election Setup/Election Creation/Step4 Done' is clicked on

2019-05-13 11:12:27 - [MESSAGE][PASSED] - Object: 'Object Repository/Admin Console ePulse Menu/Election Setup/Election Creation/Step4 Done' is clicked on

2019-05-13 11:12:27 - [TEST_STEP][PASSED] - waitForElementPresent(findTestObject("Admin Console ePulse Menu/Election Setup/Election Creation/Step5 Confirm"), 0): Object 'Object Repository/Admin Console ePulse Menu/Election Setup/Election Creation/Step5 Confirm' is present

2019-05-13 11:12:27 - [MESSAGE][WARNING] - Timeout '0' is invalid. Using default page load timeout: '15'

2019-05-13 11:12:27 - [MESSAGE][PASSED] - Object 'Object Repository/Admin Console ePulse Menu/Election Setup/Election Creation/Step5 Confirm' is present

2019-05-13 11:12:27 - [TEST_STEP][PASSED] - click(findTestObject("Admin Console ePulse Menu/Election Setup/Election Creation/Step5 Confirm")): Object: 'Object Repository/Admin Console ePulse Menu/Election Setup/Election Creation/Step5 Confirm' is clicked on

2019-05-13 11:12:28 - [MESSAGE][PASSED] - Object: 'Object Repository/Admin Console ePulse Menu/Election Setup/Election Creation/Step5 Confirm' is clicked on

2019-05-13 11:12:28 - [TEST_STEP][PASSED] - delay(20): Delayed 20 second(s)

2019-05-13 11:12:48 - [MESSAGE][PASSED] - Delayed 20 second(s)

2019-05-13 11:12:48 - [TEST_STEP][PASSED] - verifyTextPresent("Election Creation", true): Text 'Election Creation' is present on page  using regular expression

2019-05-13 11:12:48 - [MESSAGE][PASSED] - Text 'Election Creation' is present on page  using regular expression

2019-05-13 11:12:48 - [TEST_STEP][PASSED] - verifyTextPresent("Election Seed Files", true): Text 'Election Seed Files' is present on page  using regular expression

2019-05-13 11:12:48 - [MESSAGE][PASSED] - Text 'Election Seed Files' is present on page  using regular expression

2019-05-13 11:12:48 - [TEST_STEP][PASSED] - delay(1): Delayed 1 second(s)

2019-05-13 11:12:49 - [MESSAGE][PASSED] - Delayed 1 second(s)

2019-05-13 11:12:49 - [TEST_STEP][PASSED] - navigateToUrl(Reg_Voters): Navigate to 'https://am-automation-test.epulsedev2.com/voters#sort=last_name&direction=asc&display=list&page=1' successfully

2019-05-13 11:12:50 - [MESSAGE][PASSED] - Navigate to 'https://am-automation-test.epulsedev2.com/voters#sort=last_name&direction=asc&display=list&page=1' successfully

2019-05-13 11:12:50 - [TEST_STEP][PASSED] - delay(1): Delayed 1 second(s)

2019-05-13 11:12:51 - [MESSAGE][PASSED] - Delayed 1 second(s)

2019-05-13 11:12:51 - [TEST_STEP][PASSED] - delay(1): Delayed 1 second(s)

2019-05-13 11:12:52 - [MESSAGE][PASSED] - Delayed 1 second(s)

2019-05-13 11:12:52 - [TEST_STEP][PASSED] - verifyTextPresent("TWEEDIE MARIE AARON", true): Text 'TWEEDIE MARIE AARON' is present on page  using regular expression

2019-05-13 11:12:52 - [MESSAGE][PASSED] - Text 'TWEEDIE MARIE AARON' is present on page  using regular expression

2019-05-13 11:12:52 - [TEST_STEP][PASSED] - closeBrowser(): Browser is closed

2019-05-13 11:12:52 - [MESSAGE][PASSED] - Browser is closed]]></system-out>
         <system-err><![CDATA[]]></system-err>
      </testcase>
      <testcase name="Test Cases/Admin Console/Election Setup/Elections/Election Creation - Upload Supplemental" classname="Test Cases/Admin Console/Election Setup/Elections/Election Creation - Upload Supplemental" status="PASSED">
         <system-out><![CDATA[2019-05-13 11:12:54 - [TEST_CASE][PASSED] - Test Cases/Admin Console/Election Setup/Elections/Election Creation - Upload Supplemental: Test Cases/Admin Console/Election Setup/Elections/Election Creation - Upload Supplemental

2019-05-13 11:12:54 - [TEST_STEP][PASSED] - openBrowser(""): Browser is opened with url: ''

2019-05-13 11:12:54 - [MESSAGE][INFO] - Starting 'Chrome' driver

2019-05-13 11:12:56 - [MESSAGE][PASSED] - Browser is opened with url: ''

2019-05-13 11:12:56 - [TEST_STEP][PASSED] - navigateToUrl(URL): Navigate to 'https://epulsedev2.com' successfully

2019-05-13 11:12:58 - [MESSAGE][PASSED] - Navigate to 'https://epulsedev2.com' successfully

2019-05-13 11:12:58 - [TEST_STEP][PASSED] - setText(findTestObject("Login/Email Address"), User_email): Text 'alonzo.mack@knowink.com' is set on object 'Object Repository/Login/Email Address'

2019-05-13 11:12:58 - [MESSAGE][PASSED] - Text 'alonzo.mack@knowink.com' is set on object 'Object Repository/Login/Email Address'

2019-05-13 11:12:58 - [TEST_STEP][PASSED] - setEncryptedText(findTestObject("Login/Password"), Pswrd): Text ****** has been set on object 'Object Repository/Login/Password'

2019-05-13 11:12:59 - [MESSAGE][PASSED] - Text ****** has been set on object 'Object Repository/Login/Password'

2019-05-13 11:12:59 - [TEST_STEP][PASSED] - click(findTestObject("Login/Sign In")): Object: 'Object Repository/Login/Sign In' is clicked on

2019-05-13 11:12:59 - [MESSAGE][PASSED] - Object: 'Object Repository/Login/Sign In' is clicked on

2019-05-13 11:12:59 - [TEST_STEP][PASSED] - delay(1): Delayed 1 second(s)

2019-05-13 11:13:00 - [MESSAGE][PASSED] - Delayed 1 second(s)

2019-05-13 11:13:00 - [TEST_STEP][PASSED] - navigateToUrl(Elections_Page): Navigate to 'https://am-automation-test.epulsedev2.com/elections' successfully

2019-05-13 11:13:02 - [MESSAGE][PASSED] - Navigate to 'https://am-automation-test.epulsedev2.com/elections' successfully

2019-05-13 11:13:02 - [TEST_STEP][PASSED] - click(findTestObject("Admin Console ePulse Menu/Election Setup/Election Creation/Supplemental File Upload/Election (Election Creation)")): Object: 'Object Repository/Admin Console ePulse Menu/Election Setup/Election Creation/Supplemental File Upload/Election (Election Creation)' is clicked on

2019-05-13 11:13:03 - [MESSAGE][PASSED] - Object: 'Object Repository/Admin Console ePulse Menu/Election Setup/Election Creation/Supplemental File Upload/Election (Election Creation)' is clicked on

2019-05-13 11:13:03 - [TEST_STEP][PASSED] - click(findTestObject("Admin Console ePulse Menu/Election Setup/Election Creation/Supplemental File Upload/Import Supplemental Voters")): Object: 'Object Repository/Admin Console ePulse Menu/Election Setup/Election Creation/Supplemental File Upload/Import Supplemental Voters' is clicked on

2019-05-13 11:13:04 - [MESSAGE][PASSED] - Object: 'Object Repository/Admin Console ePulse Menu/Election Setup/Election Creation/Supplemental File Upload/Import Supplemental Voters' is clicked on

2019-05-13 11:13:04 - [TEST_STEP][PASSED] - setText(findTestObject("Common ePulse Objects/Choose File"), "/Users/alonzomack/Downloads/Automation uploads/voters_201_mcvr.txt"): Text '/Users/alonzomack/Downloads/Automation uploads/voters_201_mcvr.txt' is set on object 'Object Repository/Common ePulse Objects/Choose File'

2019-05-13 11:13:04 - [MESSAGE][PASSED] - Text '/Users/alonzomack/Downloads/Automation uploads/voters_201_mcvr.txt' is set on object 'Object Repository/Common ePulse Objects/Choose File'

2019-05-13 11:13:04 - [TEST_STEP][PASSED] - delay(1): Delayed 1 second(s)

2019-05-13 11:13:05 - [MESSAGE][PASSED] - Delayed 1 second(s)

2019-05-13 11:13:05 - [TEST_STEP][PASSED] - click(findTestObject("Common ePulse Objects/Continue Button"), STOP_ON_FAILURE): Object: 'Object Repository/Common ePulse Objects/Continue Button' is clicked on

2019-05-13 11:13:05 - [MESSAGE][PASSED] - Object: 'Object Repository/Common ePulse Objects/Continue Button' is clicked on

2019-05-13 11:13:05 - [TEST_STEP][PASSED] - delay(1): Delayed 1 second(s)

2019-05-13 11:13:06 - [MESSAGE][PASSED] - Delayed 1 second(s)

2019-05-13 11:13:06 - [TEST_STEP][PASSED] - click(findTestObject("Admin Console ePulse Menu/Election Setup/Election Creation/Supplemental File Upload/Done")): Object: 'Object Repository/Admin Console ePulse Menu/Election Setup/Election Creation/Supplemental File Upload/Done' is clicked on

2019-05-13 11:13:11 - [MESSAGE][PASSED] - Object: 'Object Repository/Admin Console ePulse Menu/Election Setup/Election Creation/Supplemental File Upload/Done' is clicked on

2019-05-13 11:13:11 - [TEST_STEP][PASSED] - verifyTextPresent("Election Creation", true): Text 'Election Creation' is present on page  using regular expression

2019-05-13 11:13:11 - [MESSAGE][PASSED] - Text 'Election Creation' is present on page  using regular expression

2019-05-13 11:13:11 - [TEST_STEP][PASSED] - verifyTextPresent("Election Seed Files", true): Text 'Election Seed Files' is present on page  using regular expression

2019-05-13 11:13:11 - [MESSAGE][PASSED] - Text 'Election Seed Files' is present on page  using regular expression

2019-05-13 11:13:11 - [TEST_STEP][PASSED] - delay(1): Delayed 1 second(s)

2019-05-13 11:13:12 - [MESSAGE][PASSED] - Delayed 1 second(s)

2019-05-13 11:13:12 - [TEST_STEP][PASSED] - navigateToUrl(Reg_Voters): Navigate to 'https://am-automation-test.epulsedev2.com/voters#sort=last_name&direction=asc&display=list&page=1' successfully

2019-05-13 11:13:13 - [MESSAGE][PASSED] - Navigate to 'https://am-automation-test.epulsedev2.com/voters#sort=last_name&direction=asc&display=list&page=1' successfully

2019-05-13 11:13:13 - [TEST_STEP][PASSED] - delay(1): Delayed 1 second(s)

2019-05-13 11:13:14 - [MESSAGE][PASSED] - Delayed 1 second(s)

2019-05-13 11:13:14 - [TEST_STEP][PASSED] - delay(1): Delayed 1 second(s)

2019-05-13 11:13:15 - [MESSAGE][PASSED] - Delayed 1 second(s)

2019-05-13 11:13:15 - [TEST_STEP][PASSED] - verifyTextPresent("ABRON A AAARON", true): Text 'ABRON A AAARON' is present on page  using regular expression

2019-05-13 11:13:15 - [MESSAGE][PASSED] - Text 'ABRON A AAARON' is present on page  using regular expression

2019-05-13 11:13:15 - [TEST_STEP][PASSED] - closeBrowser(): Browser is closed

2019-05-13 11:13:15 - [MESSAGE][PASSED] - Browser is closed]]></system-out>
         <system-err><![CDATA[]]></system-err>
      </testcase>
      <testcase name="Test Cases/Admin Console/Poll Pads/Poll Pad - Configuration()/Poll Pad Configuration - Add" classname="Test Cases/Admin Console/Poll Pads/Poll Pad - Configuration()/Poll Pad Configuration - Add" status="PASSED">
         <system-out><![CDATA[2019-05-13 11:13:17 - [TEST_CASE][PASSED] - Test Cases/Admin Console/Poll Pads/Poll Pad - Configuration()/Poll Pad Configuration - Add: Test Cases/Admin Console/Poll Pads/Poll Pad - Configuration()/Poll Pad Configuration - Add

2019-05-13 11:13:17 - [TEST_STEP][PASSED] - openBrowser(""): Browser is opened with url: ''

2019-05-13 11:13:17 - [MESSAGE][INFO] - Starting 'Chrome' driver

2019-05-13 11:13:18 - [MESSAGE][PASSED] - Browser is opened with url: ''

2019-05-13 11:13:18 - [TEST_STEP][PASSED] - navigateToUrl(URL): Navigate to 'https://epulsedev2.com' successfully

2019-05-13 11:13:21 - [MESSAGE][PASSED] - Navigate to 'https://epulsedev2.com' successfully

2019-05-13 11:13:21 - [TEST_STEP][PASSED] - setText(findTestObject("Login/Email Address"), User_email): Text 'alonzo.mack@knowink.com' is set on object 'Object Repository/Login/Email Address'

2019-05-13 11:13:21 - [MESSAGE][PASSED] - Text 'alonzo.mack@knowink.com' is set on object 'Object Repository/Login/Email Address'

2019-05-13 11:13:21 - [TEST_STEP][PASSED] - setEncryptedText(findTestObject("Login/Password"), Pswrd): Text ****** has been set on object 'Object Repository/Login/Password'

2019-05-13 11:13:21 - [MESSAGE][PASSED] - Text ****** has been set on object 'Object Repository/Login/Password'

2019-05-13 11:13:21 - [TEST_STEP][PASSED] - click(findTestObject("Login/Sign In")): Object: 'Object Repository/Login/Sign In' is clicked on

2019-05-13 11:13:22 - [MESSAGE][PASSED] - Object: 'Object Repository/Login/Sign In' is clicked on

2019-05-13 11:13:22 - [TEST_STEP][PASSED] - delay(1): Delayed 1 second(s)

2019-05-13 11:13:23 - [MESSAGE][PASSED] - Delayed 1 second(s)

2019-05-13 11:13:23 - [TEST_STEP][PASSED] - navigateToUrl(Pollpad_Config_Page): Navigate to 'https://am-automation-test.epulsedev2.com/poll_pad_configs' successfully

2019-05-13 11:13:25 - [MESSAGE][PASSED] - Navigate to 'https://am-automation-test.epulsedev2.com/poll_pad_configs' successfully

2019-05-13 11:13:25 - [TEST_STEP][PASSED] - delay(1): Delayed 1 second(s)

2019-05-13 11:13:26 - [MESSAGE][PASSED] - Delayed 1 second(s)

2019-05-13 11:13:26 - [TEST_STEP][PASSED] - click(findTestObject("Admin Console ePulse Menu/Poll Pads/Poll Pad Config - Add/Add Configuration")): Object: 'Object Repository/Admin Console ePulse Menu/Poll Pads/Poll Pad Config - Add/Add Configuration' is clicked on

2019-05-13 11:13:26 - [MESSAGE][PASSED] - Object: 'Object Repository/Admin Console ePulse Menu/Poll Pads/Poll Pad Config - Add/Add Configuration' is clicked on

2019-05-13 11:13:26 - [TEST_STEP][PASSED] - delay(1): Delayed 1 second(s)

2019-05-13 11:13:27 - [MESSAGE][PASSED] - Delayed 1 second(s)

2019-05-13 11:13:27 - [TEST_STEP][PASSED] - setText(findTestObject("Admin Console ePulse Menu/Poll Pads/Poll Pad Config - Add/PollPad Config Name"), "Automation Created Config"): Text 'Automation Created Config' is set on object 'Object Repository/Admin Console ePulse Menu/Poll Pads/Poll Pad Config - Add/PollPad Config Name'

2019-05-13 11:13:28 - [MESSAGE][PASSED] - Text 'Automation Created Config' is set on object 'Object Repository/Admin Console ePulse Menu/Poll Pads/Poll Pad Config - Add/PollPad Config Name'

2019-05-13 11:13:28 - [TEST_STEP][PASSED] - delay(1): Delayed 1 second(s)

2019-05-13 11:13:29 - [MESSAGE][PASSED] - Delayed 1 second(s)

2019-05-13 11:13:29 - [TEST_STEP][PASSED] - click(findTestObject("Admin Console ePulse Menu/Poll Pads/Poll Pad Config - Add/Submit Config")): Object: 'Object Repository/Admin Console ePulse Menu/Poll Pads/Poll Pad Config - Add/Submit Config' is clicked on

2019-05-13 11:13:30 - [MESSAGE][PASSED] - Object: 'Object Repository/Admin Console ePulse Menu/Poll Pads/Poll Pad Config - Add/Submit Config' is clicked on

2019-05-13 11:13:30 - [TEST_STEP][PASSED] - delay(1): Delayed 1 second(s)

2019-05-13 11:13:31 - [MESSAGE][PASSED] - Delayed 1 second(s)

2019-05-13 11:13:31 - [TEST_STEP][PASSED] - closeBrowser(): Browser is closed

2019-05-13 11:13:31 - [MESSAGE][PASSED] - Browser is closed]]></system-out>
         <system-err><![CDATA[]]></system-err>
      </testcase>
      <testcase name="Test Cases/Admin Console/Poll Pads/Poll Pad - Configuration()/Poll Pad Configuration - Delete" classname="Test Cases/Admin Console/Poll Pads/Poll Pad - Configuration()/Poll Pad Configuration - Delete" status="PASSED">
         <system-out><![CDATA[2019-05-13 11:13:33 - [TEST_CASE][PASSED] - Test Cases/Admin Console/Poll Pads/Poll Pad - Configuration()/Poll Pad Configuration - Delete: Test Cases/Admin Console/Poll Pads/Poll Pad - Configuration()/Poll Pad Configuration - Delete

2019-05-13 11:13:33 - [TEST_STEP][PASSED] - openBrowser(""): Browser is opened with url: ''

2019-05-13 11:13:33 - [MESSAGE][INFO] - Starting 'Chrome' driver

2019-05-13 11:13:35 - [MESSAGE][PASSED] - Browser is opened with url: ''

2019-05-13 11:13:35 - [TEST_STEP][PASSED] - navigateToUrl(URL): Navigate to 'https://epulsedev2.com' successfully

2019-05-13 11:13:38 - [MESSAGE][PASSED] - Navigate to 'https://epulsedev2.com' successfully

2019-05-13 11:13:38 - [TEST_STEP][PASSED] - setText(findTestObject("Login/Email Address"), User_email): Text 'alonzo.mack@knowink.com' is set on object 'Object Repository/Login/Email Address'

2019-05-13 11:13:38 - [MESSAGE][PASSED] - Text 'alonzo.mack@knowink.com' is set on object 'Object Repository/Login/Email Address'

2019-05-13 11:13:38 - [TEST_STEP][PASSED] - setEncryptedText(findTestObject("Login/Password"), Pswrd): Text ****** has been set on object 'Object Repository/Login/Password'

2019-05-13 11:13:38 - [MESSAGE][PASSED] - Text ****** has been set on object 'Object Repository/Login/Password'

2019-05-13 11:13:38 - [TEST_STEP][PASSED] - click(findTestObject("Login/Sign In")): Object: 'Object Repository/Login/Sign In' is clicked on

2019-05-13 11:13:39 - [MESSAGE][PASSED] - Object: 'Object Repository/Login/Sign In' is clicked on

2019-05-13 11:13:39 - [TEST_STEP][PASSED] - delay(1): Delayed 1 second(s)

2019-05-13 11:13:40 - [MESSAGE][PASSED] - Delayed 1 second(s)

2019-05-13 11:13:40 - [TEST_STEP][PASSED] - navigateToUrl(Pollpad_Config_Page): Navigate to 'https://am-automation-test.epulsedev2.com/poll_pad_configs' successfully

2019-05-13 11:13:41 - [MESSAGE][PASSED] - Navigate to 'https://am-automation-test.epulsedev2.com/poll_pad_configs' successfully

2019-05-13 11:13:41 - [TEST_STEP][PASSED] - delay(1): Delayed 1 second(s)

2019-05-13 11:13:42 - [MESSAGE][PASSED] - Delayed 1 second(s)

2019-05-13 11:13:42 - [TEST_STEP][PASSED] - delay(1): Delayed 1 second(s)

2019-05-13 11:13:43 - [MESSAGE][PASSED] - Delayed 1 second(s)

2019-05-13 11:13:43 - [TEST_STEP][PASSED] - click(findTestObject("Admin Console ePulse Menu/Poll Pads/Delete Config")): Object: 'Object Repository/Admin Console ePulse Menu/Poll Pads/Delete Config' is clicked on

2019-05-13 11:13:43 - [MESSAGE][PASSED] - Object: 'Object Repository/Admin Console ePulse Menu/Poll Pads/Delete Config' is clicked on

2019-05-13 11:13:43 - [TEST_STEP][PASSED] - acceptAlert(): Alert accepted

2019-05-13 11:13:43 - [MESSAGE][PASSED] - Alert accepted

2019-05-13 11:13:43 - [TEST_STEP][PASSED] - delay(1): Delayed 1 second(s)

2019-05-13 11:13:44 - [MESSAGE][PASSED] - Delayed 1 second(s)]]></system-out>
         <system-err><![CDATA[]]></system-err>
      </testcase>
      <testcase name="Test Cases/Admin Console/Poll Pads/Poll Pad - Configuration()/Poll Pad Configuration - Add" classname="Test Cases/Admin Console/Poll Pads/Poll Pad - Configuration()/Poll Pad Configuration - Add" status="PASSED">
         <system-out><![CDATA[2019-05-13 11:13:46 - [TEST_CASE][PASSED] - Test Cases/Admin Console/Poll Pads/Poll Pad - Configuration()/Poll Pad Configuration - Add: Test Cases/Admin Console/Poll Pads/Poll Pad - Configuration()/Poll Pad Configuration - Add

2019-05-13 11:13:46 - [TEST_STEP][PASSED] - openBrowser(""): Browser is opened with url: ''

2019-05-13 11:13:46 - [MESSAGE][WARNING] - A browser is already opened. Closing browser and opening a new one

2019-05-13 11:13:46 - [MESSAGE][INFO] - Starting 'Chrome' driver

2019-05-13 11:13:48 - [MESSAGE][PASSED] - Browser is opened with url: ''

2019-05-13 11:13:48 - [TEST_STEP][PASSED] - navigateToUrl(URL): Navigate to 'https://epulsedev2.com' successfully

2019-05-13 11:13:50 - [MESSAGE][PASSED] - Navigate to 'https://epulsedev2.com' successfully

2019-05-13 11:13:50 - [TEST_STEP][PASSED] - setText(findTestObject("Login/Email Address"), User_email): Text 'alonzo.mack@knowink.com' is set on object 'Object Repository/Login/Email Address'

2019-05-13 11:13:51 - [MESSAGE][PASSED] - Text 'alonzo.mack@knowink.com' is set on object 'Object Repository/Login/Email Address'

2019-05-13 11:13:51 - [TEST_STEP][PASSED] - setEncryptedText(findTestObject("Login/Password"), Pswrd): Text ****** has been set on object 'Object Repository/Login/Password'

2019-05-13 11:13:51 - [MESSAGE][PASSED] - Text ****** has been set on object 'Object Repository/Login/Password'

2019-05-13 11:13:51 - [TEST_STEP][PASSED] - click(findTestObject("Login/Sign In")): Object: 'Object Repository/Login/Sign In' is clicked on

2019-05-13 11:13:52 - [MESSAGE][PASSED] - Object: 'Object Repository/Login/Sign In' is clicked on

2019-05-13 11:13:52 - [TEST_STEP][PASSED] - delay(1): Delayed 1 second(s)

2019-05-13 11:13:53 - [MESSAGE][PASSED] - Delayed 1 second(s)

2019-05-13 11:13:53 - [TEST_STEP][PASSED] - navigateToUrl(Pollpad_Config_Page): Navigate to 'https://am-automation-test.epulsedev2.com/poll_pad_configs' successfully

2019-05-13 11:13:54 - [MESSAGE][PASSED] - Navigate to 'https://am-automation-test.epulsedev2.com/poll_pad_configs' successfully

2019-05-13 11:13:54 - [TEST_STEP][PASSED] - delay(1): Delayed 1 second(s)

2019-05-13 11:13:55 - [MESSAGE][PASSED] - Delayed 1 second(s)

2019-05-13 11:13:55 - [TEST_STEP][PASSED] - click(findTestObject("Admin Console ePulse Menu/Poll Pads/Poll Pad Config - Add/Add Configuration")): Object: 'Object Repository/Admin Console ePulse Menu/Poll Pads/Poll Pad Config - Add/Add Configuration' is clicked on

2019-05-13 11:13:56 - [MESSAGE][PASSED] - Object: 'Object Repository/Admin Console ePulse Menu/Poll Pads/Poll Pad Config - Add/Add Configuration' is clicked on

2019-05-13 11:13:56 - [TEST_STEP][PASSED] - delay(1): Delayed 1 second(s)

2019-05-13 11:13:57 - [MESSAGE][PASSED] - Delayed 1 second(s)

2019-05-13 11:13:57 - [TEST_STEP][PASSED] - setText(findTestObject("Admin Console ePulse Menu/Poll Pads/Poll Pad Config - Add/PollPad Config Name"), "Automation Created Config"): Text 'Automation Created Config' is set on object 'Object Repository/Admin Console ePulse Menu/Poll Pads/Poll Pad Config - Add/PollPad Config Name'

2019-05-13 11:13:57 - [MESSAGE][PASSED] - Text 'Automation Created Config' is set on object 'Object Repository/Admin Console ePulse Menu/Poll Pads/Poll Pad Config - Add/PollPad Config Name'

2019-05-13 11:13:57 - [TEST_STEP][PASSED] - delay(1): Delayed 1 second(s)

2019-05-13 11:13:58 - [MESSAGE][PASSED] - Delayed 1 second(s)

2019-05-13 11:13:58 - [TEST_STEP][PASSED] - click(findTestObject("Admin Console ePulse Menu/Poll Pads/Poll Pad Config - Add/Submit Config")): Object: 'Object Repository/Admin Console ePulse Menu/Poll Pads/Poll Pad Config - Add/Submit Config' is clicked on

2019-05-13 11:14:01 - [MESSAGE][PASSED] - Object: 'Object Repository/Admin Console ePulse Menu/Poll Pads/Poll Pad Config - Add/Submit Config' is clicked on

2019-05-13 11:14:01 - [TEST_STEP][PASSED] - delay(1): Delayed 1 second(s)

2019-05-13 11:14:02 - [MESSAGE][PASSED] - Delayed 1 second(s)

2019-05-13 11:14:02 - [TEST_STEP][PASSED] - closeBrowser(): Browser is closed

2019-05-13 11:14:02 - [MESSAGE][PASSED] - Browser is closed]]></system-out>
         <system-err><![CDATA[]]></system-err>
      </testcase>
      <testcase name="Test Cases/Admin Console/Poll Pads/Poll Pad - Configuration()/Poll Pad Configuration - Import" classname="Test Cases/Admin Console/Poll Pads/Poll Pad - Configuration()/Poll Pad Configuration - Import" status="PASSED">
         <system-out><![CDATA[2019-05-13 11:14:04 - [TEST_CASE][PASSED] - Test Cases/Admin Console/Poll Pads/Poll Pad - Configuration()/Poll Pad Configuration - Import: Test Cases/Admin Console/Poll Pads/Poll Pad - Configuration()/Poll Pad Configuration - Import

2019-05-13 11:14:04 - [TEST_STEP][PASSED] - openBrowser(""): Browser is opened with url: ''

2019-05-13 11:14:04 - [MESSAGE][INFO] - Starting 'Chrome' driver

2019-05-13 11:14:05 - [MESSAGE][PASSED] - Browser is opened with url: ''

2019-05-13 11:14:05 - [TEST_STEP][PASSED] - navigateToUrl(URL): Navigate to 'https://epulsedev2.com' successfully

2019-05-13 11:14:11 - [MESSAGE][PASSED] - Navigate to 'https://epulsedev2.com' successfully

2019-05-13 11:14:11 - [TEST_STEP][PASSED] - setText(findTestObject("Login/Email Address"), User_email): Text 'alonzo.mack@knowink.com' is set on object 'Object Repository/Login/Email Address'

2019-05-13 11:14:11 - [MESSAGE][PASSED] - Text 'alonzo.mack@knowink.com' is set on object 'Object Repository/Login/Email Address'

2019-05-13 11:14:11 - [TEST_STEP][PASSED] - setEncryptedText(findTestObject("Login/Password"), Pswrd): Text ****** has been set on object 'Object Repository/Login/Password'

2019-05-13 11:14:11 - [MESSAGE][PASSED] - Text ****** has been set on object 'Object Repository/Login/Password'

2019-05-13 11:14:11 - [TEST_STEP][PASSED] - click(findTestObject("Login/Sign In")): Object: 'Object Repository/Login/Sign In' is clicked on

2019-05-13 11:14:12 - [MESSAGE][PASSED] - Object: 'Object Repository/Login/Sign In' is clicked on

2019-05-13 11:14:12 - [TEST_STEP][PASSED] - delay(1): Delayed 1 second(s)

2019-05-13 11:14:13 - [MESSAGE][PASSED] - Delayed 1 second(s)

2019-05-13 11:14:13 - [TEST_STEP][PASSED] - navigateToUrl(Pollpad_Config_Import): Navigate to 'https://am-automation-test.epulsedev2.com/imports/poll_pad_config' successfully

2019-05-13 11:14:14 - [MESSAGE][PASSED] - Navigate to 'https://am-automation-test.epulsedev2.com/imports/poll_pad_config' successfully

2019-05-13 11:14:14 - [TEST_STEP][PASSED] - delay(1): Delayed 1 second(s)

2019-05-13 11:14:15 - [MESSAGE][PASSED] - Delayed 1 second(s)

2019-05-13 11:14:15 - [TEST_STEP][PASSED] - setText(findTestObject("Common ePulse Objects/Choose File"), "/Users/alonzomack/Downloads/Automation uploads/poll_pad_config.csv"): Text '/Users/alonzomack/Downloads/Automation uploads/poll_pad_config.csv' is set on object 'Object Repository/Common ePulse Objects/Choose File'

2019-05-13 11:14:16 - [MESSAGE][PASSED] - Text '/Users/alonzomack/Downloads/Automation uploads/poll_pad_config.csv' is set on object 'Object Repository/Common ePulse Objects/Choose File'

2019-05-13 11:14:16 - [TEST_STEP][PASSED] - setText(findTestObject("Admin Console ePulse Menu/Poll Pads/Poll Pads - Configuration Import/Config Name"), "Test Config"): Text 'Test Config' is set on object 'Object Repository/Admin Console ePulse Menu/Poll Pads/Poll Pads - Configuration Import/Config Name'

2019-05-13 11:14:16 - [MESSAGE][PASSED] - Text 'Test Config' is set on object 'Object Repository/Admin Console ePulse Menu/Poll Pads/Poll Pads - Configuration Import/Config Name'

2019-05-13 11:14:16 - [TEST_STEP][PASSED] - click(findTestObject("Common ePulse Objects/Continue Button")): Object: 'Object Repository/Common ePulse Objects/Continue Button' is clicked on

2019-05-13 11:14:16 - [MESSAGE][PASSED] - Object: 'Object Repository/Common ePulse Objects/Continue Button' is clicked on

2019-05-13 11:14:16 - [TEST_STEP][PASSED] - delay(1): Delayed 1 second(s)

2019-05-13 11:14:17 - [MESSAGE][PASSED] - Delayed 1 second(s)

2019-05-13 11:14:17 - [TEST_STEP][PASSED] - click(findTestObject("Common ePulse Objects/button_Done(working)")): Object: 'Object Repository/Common ePulse Objects/button_Done(working)' is clicked on

2019-05-13 11:14:19 - [MESSAGE][PASSED] - Object: 'Object Repository/Common ePulse Objects/button_Done(working)' is clicked on

2019-05-13 11:14:19 - [TEST_STEP][PASSED] - closeBrowser(STOP_ON_FAILURE): Browser is closed

2019-05-13 11:14:19 - [MESSAGE][PASSED] - Browser is closed]]></system-out>
         <system-err><![CDATA[]]></system-err>
      </testcase>
      <testcase name="Test Cases/Admin Console/Poll Pads/Poll Pad - Configuration()/Poll Pad Configuration - Copy" classname="Test Cases/Admin Console/Poll Pads/Poll Pad - Configuration()/Poll Pad Configuration - Copy" status="PASSED">
         <system-out><![CDATA[2019-05-13 11:14:21 - [TEST_CASE][PASSED] - Test Cases/Admin Console/Poll Pads/Poll Pad - Configuration()/Poll Pad Configuration - Copy: Test Cases/Admin Console/Poll Pads/Poll Pad - Configuration()/Poll Pad Configuration - Copy

2019-05-13 11:14:21 - [TEST_STEP][PASSED] - openBrowser(""): Browser is opened with url: ''

2019-05-13 11:14:21 - [MESSAGE][INFO] - Starting 'Chrome' driver

2019-05-13 11:14:23 - [MESSAGE][PASSED] - Browser is opened with url: ''

2019-05-13 11:14:23 - [TEST_STEP][PASSED] - navigateToUrl(URL): Navigate to 'https://epulsedev2.com' successfully

2019-05-13 11:14:25 - [MESSAGE][PASSED] - Navigate to 'https://epulsedev2.com' successfully

2019-05-13 11:14:25 - [TEST_STEP][PASSED] - setText(findTestObject("Login/Email Address"), User_email): Text 'alonzo.mack@knowink.com' is set on object 'Object Repository/Login/Email Address'

2019-05-13 11:14:25 - [MESSAGE][PASSED] - Text 'alonzo.mack@knowink.com' is set on object 'Object Repository/Login/Email Address'

2019-05-13 11:14:25 - [TEST_STEP][PASSED] - setEncryptedText(findTestObject("Login/Password"), Pswrd): Text ****** has been set on object 'Object Repository/Login/Password'

2019-05-13 11:14:25 - [MESSAGE][PASSED] - Text ****** has been set on object 'Object Repository/Login/Password'

2019-05-13 11:14:25 - [TEST_STEP][PASSED] - click(findTestObject("Login/Sign In")): Object: 'Object Repository/Login/Sign In' is clicked on

2019-05-13 11:14:26 - [MESSAGE][PASSED] - Object: 'Object Repository/Login/Sign In' is clicked on

2019-05-13 11:14:26 - [TEST_STEP][PASSED] - delay(1): Delayed 1 second(s)

2019-05-13 11:14:27 - [MESSAGE][PASSED] - Delayed 1 second(s)

2019-05-13 11:14:27 - [TEST_STEP][PASSED] - navigateToUrl(Pollpad_Config_Page): Navigate to 'https://am-automation-test.epulsedev2.com/poll_pad_configs' successfully

2019-05-13 11:14:28 - [MESSAGE][PASSED] - Navigate to 'https://am-automation-test.epulsedev2.com/poll_pad_configs' successfully

2019-05-13 11:14:28 - [TEST_STEP][PASSED] - delay(1): Delayed 1 second(s)

2019-05-13 11:14:29 - [MESSAGE][PASSED] - Delayed 1 second(s)

2019-05-13 11:14:29 - [TEST_STEP][PASSED] - click(findTestObject("Admin Console ePulse Menu/Poll Pads/Copy Config")): Object: 'Object Repository/Admin Console ePulse Menu/Poll Pads/Copy Config' is clicked on

2019-05-13 11:14:30 - [MESSAGE][PASSED] - Object: 'Object Repository/Admin Console ePulse Menu/Poll Pads/Copy Config' is clicked on

2019-05-13 11:14:30 - [TEST_STEP][PASSED] - delay(1): Delayed 1 second(s)

2019-05-13 11:14:31 - [MESSAGE][PASSED] - Delayed 1 second(s)

2019-05-13 11:14:31 - [TEST_STEP][PASSED] - setText(findTestObject("Admin Console ePulse Menu/Poll Pads/PollPad Config Name(copy)"), "Copy of selected config"): Text 'Copy of selected config' is set on object 'Object Repository/Admin Console ePulse Menu/Poll Pads/PollPad Config Name(copy)'

2019-05-13 11:14:31 - [MESSAGE][PASSED] - Text 'Copy of selected config' is set on object 'Object Repository/Admin Console ePulse Menu/Poll Pads/PollPad Config Name(copy)'

2019-05-13 11:14:31 - [TEST_STEP][PASSED] - delay(1): Delayed 1 second(s)

2019-05-13 11:14:32 - [MESSAGE][PASSED] - Delayed 1 second(s)

2019-05-13 11:14:32 - [TEST_STEP][PASSED] - click(findTestObject("Admin Console ePulse Menu/Poll Pads/Submit COPY")): Object: 'Object Repository/Admin Console ePulse Menu/Poll Pads/Submit COPY' is clicked on

2019-05-13 11:14:32 - [MESSAGE][PASSED] - Object: 'Object Repository/Admin Console ePulse Menu/Poll Pads/Submit COPY' is clicked on

2019-05-13 11:14:32 - [TEST_STEP][PASSED] - delay(1): Delayed 1 second(s)

2019-05-13 11:14:33 - [MESSAGE][PASSED] - Delayed 1 second(s)

2019-05-13 11:14:33 - [TEST_STEP][PASSED] - closeBrowser(STOP_ON_FAILURE): Browser is closed

2019-05-13 11:14:33 - [MESSAGE][PASSED] - Browser is closed]]></system-out>
         <system-err><![CDATA[]]></system-err>
      </testcase>
      <testcase name="Test Cases/Admin Console/Poll Pads/Poll Pad - Configuration()/Poll Pad Configuration - Export" classname="Test Cases/Admin Console/Poll Pads/Poll Pad - Configuration()/Poll Pad Configuration - Export" status="PASSED">
         <system-out><![CDATA[2019-05-13 11:14:35 - [TEST_CASE][PASSED] - Test Cases/Admin Console/Poll Pads/Poll Pad - Configuration()/Poll Pad Configuration - Export: Test Cases/Admin Console/Poll Pads/Poll Pad - Configuration()/Poll Pad Configuration - Export

2019-05-13 11:14:35 - [TEST_STEP][PASSED] - openBrowser(""): Browser is opened with url: ''

2019-05-13 11:14:35 - [MESSAGE][INFO] - Starting 'Chrome' driver

2019-05-13 11:14:36 - [MESSAGE][PASSED] - Browser is opened with url: ''

2019-05-13 11:14:36 - [TEST_STEP][PASSED] - navigateToUrl(URL): Navigate to 'https://epulsedev2.com' successfully

2019-05-13 11:14:38 - [MESSAGE][PASSED] - Navigate to 'https://epulsedev2.com' successfully

2019-05-13 11:14:38 - [TEST_STEP][PASSED] - setText(findTestObject("Login/Email Address"), User_email): Text 'alonzo.mack@knowink.com' is set on object 'Object Repository/Login/Email Address'

2019-05-13 11:14:39 - [MESSAGE][PASSED] - Text 'alonzo.mack@knowink.com' is set on object 'Object Repository/Login/Email Address'

2019-05-13 11:14:39 - [TEST_STEP][PASSED] - setEncryptedText(findTestObject("Login/Password"), Pswrd): Text ****** has been set on object 'Object Repository/Login/Password'

2019-05-13 11:14:39 - [MESSAGE][PASSED] - Text ****** has been set on object 'Object Repository/Login/Password'

2019-05-13 11:14:39 - [TEST_STEP][PASSED] - click(findTestObject("Login/Sign In")): Object: 'Object Repository/Login/Sign In' is clicked on

2019-05-13 11:14:40 - [MESSAGE][PASSED] - Object: 'Object Repository/Login/Sign In' is clicked on

2019-05-13 11:14:40 - [TEST_STEP][PASSED] - delay(1): Delayed 1 second(s)

2019-05-13 11:14:41 - [MESSAGE][PASSED] - Delayed 1 second(s)

2019-05-13 11:14:41 - [TEST_STEP][PASSED] - navigateToUrl(Pollpad_Config_Page): Navigate to 'https://am-automation-test.epulsedev2.com/poll_pad_configs' successfully

2019-05-13 11:14:42 - [MESSAGE][PASSED] - Navigate to 'https://am-automation-test.epulsedev2.com/poll_pad_configs' successfully

2019-05-13 11:14:42 - [TEST_STEP][PASSED] - delay(1): Delayed 1 second(s)

2019-05-13 11:14:43 - [MESSAGE][PASSED] - Delayed 1 second(s)

2019-05-13 11:14:43 - [TEST_STEP][PASSED] - click(findTestObject("Admin Console ePulse Menu/Poll Pads/Export Config")): Object: 'Object Repository/Admin Console ePulse Menu/Poll Pads/Export Config' is clicked on

2019-05-13 11:14:43 - [MESSAGE][PASSED] - Object: 'Object Repository/Admin Console ePulse Menu/Poll Pads/Export Config' is clicked on

2019-05-13 11:14:43 - [TEST_STEP][PASSED] - delay(2): Delayed 2 second(s)

2019-05-13 11:14:45 - [MESSAGE][PASSED] - Delayed 2 second(s)

2019-05-13 11:14:45 - [TEST_STEP][PASSED] - closeBrowser(): Browser is closed

2019-05-13 11:14:45 - [MESSAGE][PASSED] - Browser is closed]]></system-out>
         <system-err><![CDATA[]]></system-err>
      </testcase>
      <testcase name="Test Cases/SuperAdminConsole/Poll Pads/PollPad - Add" classname="Test Cases/SuperAdminConsole/Poll Pads/PollPad - Add" status="PASSED">
         <system-out><![CDATA[2019-05-13 11:14:48 - [TEST_CASE][PASSED] - Test Cases/SuperAdminConsole/Poll Pads/PollPad - Add: Test Cases/SuperAdminConsole/Poll Pads/PollPad - Add

2019-05-13 11:14:48 - [TEST_STEP][PASSED] - openBrowser(""): Browser is opened with url: ''

2019-05-13 11:14:48 - [MESSAGE][INFO] - Starting 'Chrome' driver

2019-05-13 11:14:49 - [MESSAGE][PASSED] - Browser is opened with url: ''

2019-05-13 11:14:49 - [TEST_STEP][PASSED] - navigateToUrl(URL): Navigate to 'https://epulsedev2.com' successfully

2019-05-13 11:14:52 - [MESSAGE][PASSED] - Navigate to 'https://epulsedev2.com' successfully

2019-05-13 11:14:52 - [TEST_STEP][PASSED] - setText(findTestObject("Login/Email Address"), User_email): Text 'alonzo.mack@knowink.com' is set on object 'Object Repository/Login/Email Address'

2019-05-13 11:14:52 - [MESSAGE][PASSED] - Text 'alonzo.mack@knowink.com' is set on object 'Object Repository/Login/Email Address'

2019-05-13 11:14:52 - [TEST_STEP][PASSED] - setEncryptedText(findTestObject("Login/Password"), Pswrd): Text ****** has been set on object 'Object Repository/Login/Password'

2019-05-13 11:14:52 - [MESSAGE][PASSED] - Text ****** has been set on object 'Object Repository/Login/Password'

2019-05-13 11:14:52 - [TEST_STEP][PASSED] - click(findTestObject("Login/Sign In")): Object: 'Object Repository/Login/Sign In' is clicked on

2019-05-13 11:14:53 - [MESSAGE][PASSED] - Object: 'Object Repository/Login/Sign In' is clicked on

2019-05-13 11:14:53 - [TEST_STEP][PASSED] - delay(1): Delayed 1 second(s)

2019-05-13 11:14:54 - [MESSAGE][PASSED] - Delayed 1 second(s)

2019-05-13 11:14:54 - [TEST_STEP][PASSED] - click(findTestObject("SuperAdminConsole/Poll Pads/POLL PADS link")): Object: 'Object Repository/SuperAdminConsole/Poll Pads/POLL PADS link' is clicked on

2019-05-13 11:14:55 - [MESSAGE][PASSED] - Object: 'Object Repository/SuperAdminConsole/Poll Pads/POLL PADS link' is clicked on

2019-05-13 11:14:55 - [TEST_STEP][PASSED] - delay(1): Delayed 1 second(s)

2019-05-13 11:14:56 - [MESSAGE][PASSED] - Delayed 1 second(s)

2019-05-13 11:14:56 - [TEST_STEP][PASSED] - click(findTestObject("SuperAdminConsole/Poll Pads/Add Poll Pad")): Object: 'Object Repository/SuperAdminConsole/Poll Pads/Add Poll Pad' is clicked on

2019-05-13 11:14:56 - [MESSAGE][PASSED] - Object: 'Object Repository/SuperAdminConsole/Poll Pads/Add Poll Pad' is clicked on

2019-05-13 11:14:56 - [TEST_STEP][PASSED] - delay(1): Delayed 1 second(s)

2019-05-13 11:14:57 - [MESSAGE][PASSED] - Delayed 1 second(s)

2019-05-13 11:14:57 - [TEST_STEP][PASSED] - setText(findTestObject("SuperAdminConsole/Poll Pads/Add Poll Pad Options/Poll_Pad_Name"), "Test PollPad"): Text 'Test PollPad' is set on object 'Object Repository/SuperAdminConsole/Poll Pads/Add Poll Pad Options/Poll_Pad_Name'

2019-05-13 11:14:57 - [MESSAGE][PASSED] - Text 'Test PollPad' is set on object 'Object Repository/SuperAdminConsole/Poll Pads/Add Poll Pad Options/Poll_Pad_Name'

2019-05-13 11:14:57 - [TEST_STEP][PASSED] - delay(1): Delayed 1 second(s)

2019-05-13 11:14:58 - [MESSAGE][PASSED] - Delayed 1 second(s)

2019-05-13 11:14:58 - [TEST_STEP][PASSED] - click(findTestObject("SuperAdminConsole/Poll Pads/Add Poll Pad Options/Account")): Object: 'Object Repository/SuperAdminConsole/Poll Pads/Add Poll Pad Options/Account' is clicked on

2019-05-13 11:14:58 - [MESSAGE][PASSED] - Object: 'Object Repository/SuperAdminConsole/Poll Pads/Add Poll Pad Options/Account' is clicked on

2019-05-13 11:14:58 - [TEST_STEP][PASSED] - click(findTestObject("SuperAdminConsole/Poll Pads/AM-Mississippi")): Object: 'Object Repository/SuperAdminConsole/Poll Pads/AM-Mississippi' is clicked on

2019-05-13 11:14:58 - [MESSAGE][PASSED] - Object: 'Object Repository/SuperAdminConsole/Poll Pads/AM-Mississippi' is clicked on

2019-05-13 11:14:58 - [TEST_STEP][PASSED] - delay(1): Delayed 1 second(s)

2019-05-13 11:14:59 - [MESSAGE][PASSED] - Delayed 1 second(s)

2019-05-13 11:14:59 - [TEST_STEP][PASSED] - click(findTestObject("SuperAdminConsole/Poll Pads/Add Poll Pad Options/Polling Places"), STOP_ON_FAILURE): Object: 'Object Repository/SuperAdminConsole/Poll Pads/Add Poll Pad Options/Polling Places' is clicked on

2019-05-13 11:14:59 - [MESSAGE][PASSED] - Object: 'Object Repository/SuperAdminConsole/Poll Pads/Add Poll Pad Options/Polling Places' is clicked on

2019-05-13 11:14:59 - [TEST_STEP][PASSED] - click(findTestObject("SuperAdminConsole/Poll Pads/Add Poll Pad Options/Polling Place(CATO FIRE STATION)"), STOP_ON_FAILURE): Object: 'Object Repository/SuperAdminConsole/Poll Pads/Add Poll Pad Options/Polling Place(CATO FIRE STATION)' is clicked on

2019-05-13 11:14:59 - [MESSAGE][PASSED] - Object: 'Object Repository/SuperAdminConsole/Poll Pads/Add Poll Pad Options/Polling Place(CATO FIRE STATION)' is clicked on

2019-05-13 11:14:59 - [TEST_STEP][PASSED] - delay(1): Delayed 1 second(s)

2019-05-13 11:15:00 - [MESSAGE][PASSED] - Delayed 1 second(s)

2019-05-13 11:15:00 - [TEST_STEP][PASSED] - click(findTestObject("SuperAdminConsole/Poll Pads/Add Poll Pad Options/Configuration")): Object: 'Object Repository/SuperAdminConsole/Poll Pads/Add Poll Pad Options/Configuration' is clicked on

2019-05-13 11:15:01 - [MESSAGE][PASSED] - Object: 'Object Repository/SuperAdminConsole/Poll Pads/Add Poll Pad Options/Configuration' is clicked on

2019-05-13 11:15:01 - [TEST_STEP][PASSED] - delay(1): Delayed 1 second(s)

2019-05-13 11:15:02 - [MESSAGE][PASSED] - Delayed 1 second(s)

2019-05-13 11:15:02 - [TEST_STEP][PASSED] - click(findTestObject("Admin Console ePulse Menu/Account Settings/Prompts/Prompt Criteria Modal/Save")): Object: 'Object Repository/Admin Console ePulse Menu/Account Settings/Prompts/Prompt Criteria Modal/Save' is clicked on

2019-05-13 11:15:02 - [MESSAGE][PASSED] - Object: 'Object Repository/Admin Console ePulse Menu/Account Settings/Prompts/Prompt Criteria Modal/Save' is clicked on

2019-05-13 11:15:02 - [TEST_STEP][PASSED] - delay(1): Delayed 1 second(s)

2019-05-13 11:15:03 - [MESSAGE][PASSED] - Delayed 1 second(s)

2019-05-13 11:15:03 - [TEST_STEP][PASSED] - closeBrowser(): Browser is closed

2019-05-13 11:15:03 - [MESSAGE][PASSED] - Browser is closed]]></system-out>
         <system-err><![CDATA[]]></system-err>
      </testcase>
      <testcase name="Test Cases/SuperAdminConsole/Poll Pads/PollPad_Assign" classname="Test Cases/SuperAdminConsole/Poll Pads/PollPad_Assign" status="PASSED">
         <system-out><![CDATA[2019-05-13 11:15:05 - [TEST_CASE][PASSED] - Test Cases/SuperAdminConsole/Poll Pads/PollPad_Assign: Test Cases/SuperAdminConsole/Poll Pads/PollPad_Assign

2019-05-13 11:15:05 - [TEST_STEP][PASSED] - openBrowser("https://epulsedev2.com"): Browser is opened with url: 'https://epulsedev2.com'

2019-05-13 11:15:05 - [MESSAGE][INFO] - Starting 'Chrome' driver

2019-05-13 11:15:09 - [MESSAGE][PASSED] - Browser is opened with url: 'https://epulsedev2.com'

2019-05-13 11:15:09 - [TEST_STEP][PASSED] - openBrowser(""): Browser is opened with url: ''

2019-05-13 11:15:09 - [MESSAGE][WARNING] - A browser is already opened. Closing browser and opening a new one

2019-05-13 11:15:09 - [MESSAGE][INFO] - Starting 'Chrome' driver

2019-05-13 11:15:11 - [MESSAGE][PASSED] - Browser is opened with url: ''

2019-05-13 11:15:11 - [TEST_STEP][PASSED] - navigateToUrl(URL): Navigate to 'https://epulsedev2.com' successfully

2019-05-13 11:15:14 - [MESSAGE][PASSED] - Navigate to 'https://epulsedev2.com' successfully

2019-05-13 11:15:14 - [TEST_STEP][PASSED] - setText(findTestObject("Login/Email Address"), User_email): Text 'alonzo.mack@knowink.com' is set on object 'Object Repository/Login/Email Address'

2019-05-13 11:15:14 - [MESSAGE][PASSED] - Text 'alonzo.mack@knowink.com' is set on object 'Object Repository/Login/Email Address'

2019-05-13 11:15:14 - [TEST_STEP][PASSED] - setEncryptedText(findTestObject("Login/Password"), Pswrd): Text ****** has been set on object 'Object Repository/Login/Password'

2019-05-13 11:15:14 - [MESSAGE][PASSED] - Text ****** has been set on object 'Object Repository/Login/Password'

2019-05-13 11:15:14 - [TEST_STEP][PASSED] - click(findTestObject("Login/Sign In")): Object: 'Object Repository/Login/Sign In' is clicked on

2019-05-13 11:15:15 - [MESSAGE][PASSED] - Object: 'Object Repository/Login/Sign In' is clicked on

2019-05-13 11:15:15 - [TEST_STEP][PASSED] - delay(1): Delayed 1 second(s)

2019-05-13 11:15:16 - [MESSAGE][PASSED] - Delayed 1 second(s)

2019-05-13 11:15:16 - [TEST_STEP][PASSED] - click(findTestObject("SuperAdminConsole/Poll Pads/POLL PADS link")): Object: 'Object Repository/SuperAdminConsole/Poll Pads/POLL PADS link' is clicked on

2019-05-13 11:15:17 - [MESSAGE][PASSED] - Object: 'Object Repository/SuperAdminConsole/Poll Pads/POLL PADS link' is clicked on

2019-05-13 11:15:17 - [TEST_STEP][PASSED] - delay(1): Delayed 1 second(s)

2019-05-13 11:15:18 - [MESSAGE][PASSED] - Delayed 1 second(s)

2019-05-13 11:15:18 - [TEST_STEP][PASSED] - setText(findTestObject("SuperAdminConsole/Poll Pads/Test PollPad table search"), "Test Pollpad"): Text 'Test Pollpad' is set on object 'Object Repository/SuperAdminConsole/Poll Pads/Test PollPad table search'

2019-05-13 11:15:18 - [MESSAGE][PASSED] - Text 'Test Pollpad' is set on object 'Object Repository/SuperAdminConsole/Poll Pads/Test PollPad table search'

2019-05-13 11:15:18 - [TEST_STEP][PASSED] - delay(1): Delayed 1 second(s)

2019-05-13 11:15:19 - [MESSAGE][PASSED] - Delayed 1 second(s)

2019-05-13 11:15:19 - [TEST_STEP][PASSED] - click(findTestObject("SuperAdminConsole/Poll Pads/Add Poll Pad Options/Assign/edit pad-AM-Mississippi")): Object: 'Object Repository/SuperAdminConsole/Poll Pads/Add Poll Pad Options/Assign/edit pad-AM-Mississippi' is clicked on

2019-05-13 11:15:19 - [MESSAGE][PASSED] - Object: 'Object Repository/SuperAdminConsole/Poll Pads/Add Poll Pad Options/Assign/edit pad-AM-Mississippi' is clicked on

2019-05-13 11:15:19 - [TEST_STEP][PASSED] - delay(1): Delayed 1 second(s)

2019-05-13 11:15:20 - [MESSAGE][PASSED] - Delayed 1 second(s)

2019-05-13 11:15:20 - [TEST_STEP][PASSED] - click(findTestObject("SuperAdminConsole/Poll Pads/Add Poll Pad Options/Account")): Object: 'Object Repository/SuperAdminConsole/Poll Pads/Add Poll Pad Options/Account' is clicked on

2019-05-13 11:15:20 - [MESSAGE][PASSED] - Object: 'Object Repository/SuperAdminConsole/Poll Pads/Add Poll Pad Options/Account' is clicked on

2019-05-13 11:15:20 - [TEST_STEP][PASSED] - delay(1): Delayed 1 second(s)

2019-05-13 11:15:21 - [MESSAGE][PASSED] - Delayed 1 second(s)

2019-05-13 11:15:21 - [TEST_STEP][PASSED] - click(findTestObject("SuperAdminConsole/Poll Pads/Add Poll Pad Options/Assign/Account(am-Automation-test)")): Object: 'Object Repository/SuperAdminConsole/Poll Pads/Add Poll Pad Options/Assign/Account(am-Automation-test)' is clicked on

2019-05-13 11:15:22 - [MESSAGE][PASSED] - Object: 'Object Repository/SuperAdminConsole/Poll Pads/Add Poll Pad Options/Assign/Account(am-Automation-test)' is clicked on

2019-05-13 11:15:22 - [TEST_STEP][PASSED] - delay(1): Delayed 1 second(s)

2019-05-13 11:15:23 - [MESSAGE][PASSED] - Delayed 1 second(s)

2019-05-13 11:15:23 - [TEST_STEP][PASSED] - click(findTestObject("SuperAdminConsole/Poll Pads/Add Poll Pad Options/Election")): Object: 'Object Repository/SuperAdminConsole/Poll Pads/Add Poll Pad Options/Election' is clicked on

2019-05-13 11:15:23 - [MESSAGE][PASSED] - Object: 'Object Repository/SuperAdminConsole/Poll Pads/Add Poll Pad Options/Election' is clicked on

2019-05-13 11:15:23 - [TEST_STEP][PASSED] - click(findTestObject("SuperAdminConsole/Poll Pads/Add Poll Pad Options/Assign/Election(Election Creation)")): Object: 'Object Repository/SuperAdminConsole/Poll Pads/Add Poll Pad Options/Assign/Election(Election Creation)' is clicked on

2019-05-13 11:15:23 - [MESSAGE][PASSED] - Object: 'Object Repository/SuperAdminConsole/Poll Pads/Add Poll Pad Options/Assign/Election(Election Creation)' is clicked on

2019-05-13 11:15:23 - [TEST_STEP][PASSED] - delay(1): Delayed 1 second(s)

2019-05-13 11:15:24 - [MESSAGE][PASSED] - Delayed 1 second(s)

2019-05-13 11:15:24 - [TEST_STEP][PASSED] - click(findTestObject("SuperAdminConsole/Poll Pads/Add Poll Pad Options/Polling Places")): Object: 'Object Repository/SuperAdminConsole/Poll Pads/Add Poll Pad Options/Polling Places' is clicked on

2019-05-13 11:15:24 - [MESSAGE][PASSED] - Object: 'Object Repository/SuperAdminConsole/Poll Pads/Add Poll Pad Options/Polling Places' is clicked on

2019-05-13 11:15:24 - [TEST_STEP][PASSED] - click(findTestObject("SuperAdminConsole/Poll Pads/Add Poll Pad Options/Assign/Polling Place(MATHEWS DICKEY)")): Object: 'Object Repository/SuperAdminConsole/Poll Pads/Add Poll Pad Options/Assign/Polling Place(MATHEWS DICKEY)' is clicked on

2019-05-13 11:15:24 - [MESSAGE][PASSED] - Object: 'Object Repository/SuperAdminConsole/Poll Pads/Add Poll Pad Options/Assign/Polling Place(MATHEWS DICKEY)' is clicked on

2019-05-13 11:15:24 - [TEST_STEP][PASSED] - delay(1): Delayed 1 second(s)

2019-05-13 11:15:25 - [MESSAGE][PASSED] - Delayed 1 second(s)

2019-05-13 11:15:25 - [TEST_STEP][PASSED] - selectOptionByLabel(findTestObject("SuperAdminConsole/Poll Pads/Add Poll Pad Options/Assign/Select Configuration"), "Automation Created Config", true): All options with label 'Automation Created Config' are selected in object 'Object Repository/SuperAdminConsole/Poll Pads/Add Poll Pad Options/Assign/Select Configuration'  using regular expression

2019-05-13 11:15:25 - [MESSAGE][PASSED] - All options with label 'Automation Created Config' are selected in object 'Object Repository/SuperAdminConsole/Poll Pads/Add Poll Pad Options/Assign/Select Configuration'  using regular expression

2019-05-13 11:15:25 - [TEST_STEP][PASSED] - delay(1): Delayed 1 second(s)

2019-05-13 11:15:26 - [MESSAGE][PASSED] - Delayed 1 second(s)

2019-05-13 11:15:26 - [TEST_STEP][PASSED] - click(findTestObject("Admin Console ePulse Menu/Account Settings/Prompts/Prompt Criteria Modal/Save")): Object: 'Object Repository/Admin Console ePulse Menu/Account Settings/Prompts/Prompt Criteria Modal/Save' is clicked on

2019-05-13 11:15:26 - [MESSAGE][PASSED] - Object: 'Object Repository/Admin Console ePulse Menu/Account Settings/Prompts/Prompt Criteria Modal/Save' is clicked on

2019-05-13 11:15:26 - [TEST_STEP][PASSED] - delay(1): Delayed 1 second(s)

2019-05-13 11:15:27 - [MESSAGE][PASSED] - Delayed 1 second(s)

2019-05-13 11:15:27 - [TEST_STEP][PASSED] - closeBrowser(): Browser is closed

2019-05-13 11:15:27 - [MESSAGE][PASSED] - Browser is closed]]></system-out>
         <system-err><![CDATA[]]></system-err>
      </testcase>
      <testcase name="Test Cases/Admin Console/Election Setup/Ballot Styles/Ballot Styles - Downloads" classname="Test Cases/Admin Console/Election Setup/Ballot Styles/Ballot Styles - Downloads" status="PASSED">
         <system-out><![CDATA[2019-05-13 11:15:29 - [TEST_CASE][PASSED] - Test Cases/Admin Console/Election Setup/Ballot Styles/Ballot Styles - Downloads: Test Cases/Admin Console/Election Setup/Ballot Styles/Ballot Styles - Downloads

2019-05-13 11:15:30 - [TEST_STEP][PASSED] - openBrowser(""): Browser is opened with url: ''

2019-05-13 11:15:30 - [MESSAGE][INFO] - Starting 'Chrome' driver

2019-05-13 11:15:31 - [MESSAGE][PASSED] - Browser is opened with url: ''

2019-05-13 11:15:31 - [TEST_STEP][PASSED] - navigateToUrl(URL): Navigate to 'https://epulsedev2.com' successfully

2019-05-13 11:15:34 - [MESSAGE][PASSED] - Navigate to 'https://epulsedev2.com' successfully

2019-05-13 11:15:34 - [TEST_STEP][PASSED] - setText(findTestObject("Login/Email Address"), User_email): Text 'alonzo.mack@knowink.com' is set on object 'Object Repository/Login/Email Address'

2019-05-13 11:15:34 - [MESSAGE][PASSED] - Text 'alonzo.mack@knowink.com' is set on object 'Object Repository/Login/Email Address'

2019-05-13 11:15:34 - [TEST_STEP][PASSED] - setEncryptedText(findTestObject("Login/Password"), Pswrd): Text ****** has been set on object 'Object Repository/Login/Password'

2019-05-13 11:15:34 - [MESSAGE][PASSED] - Text ****** has been set on object 'Object Repository/Login/Password'

2019-05-13 11:15:34 - [TEST_STEP][PASSED] - click(findTestObject("Login/Sign In")): Object: 'Object Repository/Login/Sign In' is clicked on

2019-05-13 11:15:35 - [MESSAGE][PASSED] - Object: 'Object Repository/Login/Sign In' is clicked on

2019-05-13 11:15:35 - [TEST_STEP][PASSED] - delay(1): Delayed 1 second(s)

2019-05-13 11:15:36 - [MESSAGE][PASSED] - Delayed 1 second(s)

2019-05-13 11:15:36 - [TEST_STEP][PASSED] - navigateToUrl(Ballot_Types): Navigate to 'https://am-automation-test.epulsedev2.com/ballot_types' successfully

2019-05-13 11:15:38 - [MESSAGE][PASSED] - Navigate to 'https://am-automation-test.epulsedev2.com/ballot_types' successfully

2019-05-13 11:15:38 - [TEST_STEP][PASSED] - delay(1): Delayed 1 second(s)

2019-05-13 11:15:39 - [MESSAGE][PASSED] - Delayed 1 second(s)

2019-05-13 11:15:39 - [TEST_STEP][PASSED] - click(findTestObject("Admin Console ePulse Menu/Election Setup/Ballot Styles/Download")): Object: 'Object Repository/Admin Console ePulse Menu/Election Setup/Ballot Styles/Download' is clicked on

2019-05-13 11:15:40 - [MESSAGE][PASSED] - Object: 'Object Repository/Admin Console ePulse Menu/Election Setup/Ballot Styles/Download' is clicked on

2019-05-13 11:15:40 - [TEST_STEP][PASSED] - delay(2): Delayed 2 second(s)

2019-05-13 11:15:42 - [MESSAGE][PASSED] - Delayed 2 second(s)

2019-05-13 11:15:42 - [TEST_STEP][NOT_RUN] - click(findTestObject("Common ePulse Objects/button_Done(working)")): NOT_RUN: click(findTestObject("Common ePulse Objects/button_Done(working)"))

2019-05-13 11:15:42 - [MESSAGE][NOT_RUN] - NOT_RUN: click(findTestObject("Common ePulse Objects/button_Done(working)"))

2019-05-13 11:15:42 - [TEST_STEP][PASSED] - closeBrowser(STOP_ON_FAILURE): Browser is closed

2019-05-13 11:15:42 - [MESSAGE][PASSED] - Browser is closed]]></system-out>
         <system-err><![CDATA[]]></system-err>
      </testcase>
      <testcase name="Test Cases/Admin Console/Election Setup/Ballot Styles/Ballot Styles - Import" classname="Test Cases/Admin Console/Election Setup/Ballot Styles/Ballot Styles - Import" status="PASSED">
         <system-out><![CDATA[2019-05-13 11:15:44 - [TEST_CASE][PASSED] - Test Cases/Admin Console/Election Setup/Ballot Styles/Ballot Styles - Import: Test Cases/Admin Console/Election Setup/Ballot Styles/Ballot Styles - Import

2019-05-13 11:15:44 - [TEST_STEP][PASSED] - openBrowser(""): Browser is opened with url: ''

2019-05-13 11:15:44 - [MESSAGE][INFO] - Starting 'Chrome' driver

2019-05-13 11:15:46 - [MESSAGE][PASSED] - Browser is opened with url: ''

2019-05-13 11:15:46 - [TEST_STEP][PASSED] - navigateToUrl(URL): Navigate to 'https://epulsedev2.com' successfully

2019-05-13 11:15:48 - [MESSAGE][PASSED] - Navigate to 'https://epulsedev2.com' successfully

2019-05-13 11:15:48 - [TEST_STEP][PASSED] - setText(findTestObject("Login/Email Address"), User_email): Text 'alonzo.mack@knowink.com' is set on object 'Object Repository/Login/Email Address'

2019-05-13 11:15:48 - [MESSAGE][PASSED] - Text 'alonzo.mack@knowink.com' is set on object 'Object Repository/Login/Email Address'

2019-05-13 11:15:48 - [TEST_STEP][PASSED] - setEncryptedText(findTestObject("Login/Password"), Pswrd): Text ****** has been set on object 'Object Repository/Login/Password'

2019-05-13 11:15:48 - [MESSAGE][PASSED] - Text ****** has been set on object 'Object Repository/Login/Password'

2019-05-13 11:15:48 - [TEST_STEP][PASSED] - click(findTestObject("Login/Sign In")): Object: 'Object Repository/Login/Sign In' is clicked on

2019-05-13 11:15:49 - [MESSAGE][PASSED] - Object: 'Object Repository/Login/Sign In' is clicked on

2019-05-13 11:15:49 - [TEST_STEP][PASSED] - delay(1): Delayed 1 second(s)

2019-05-13 11:15:50 - [MESSAGE][PASSED] - Delayed 1 second(s)

2019-05-13 11:15:50 - [TEST_STEP][PASSED] - navigateToUrl(Ballot_Types): Navigate to 'https://am-automation-test.epulsedev2.com/ballot_types' successfully

2019-05-13 11:15:52 - [MESSAGE][PASSED] - Navigate to 'https://am-automation-test.epulsedev2.com/ballot_types' successfully

2019-05-13 11:15:52 - [TEST_STEP][PASSED] - delay(1): Delayed 1 second(s)

2019-05-13 11:15:53 - [MESSAGE][PASSED] - Delayed 1 second(s)

2019-05-13 11:15:53 - [TEST_STEP][PASSED] - click(findTestObject("Admin Console ePulse Menu/Election Setup/Ballot Styles/Import")): Object: 'Object Repository/Admin Console ePulse Menu/Election Setup/Ballot Styles/Import' is clicked on

2019-05-13 11:15:53 - [MESSAGE][PASSED] - Object: 'Object Repository/Admin Console ePulse Menu/Election Setup/Ballot Styles/Import' is clicked on

2019-05-13 11:15:53 - [TEST_STEP][PASSED] - setText(findTestObject("Common ePulse Objects/Choose File"), "/Users/alonzomack/Downloads/Automation uploads/ballot_types.csv"): Text '/Users/alonzomack/Downloads/Automation uploads/ballot_types.csv' is set on object 'Object Repository/Common ePulse Objects/Choose File'

2019-05-13 11:15:53 - [MESSAGE][PASSED] - Text '/Users/alonzomack/Downloads/Automation uploads/ballot_types.csv' is set on object 'Object Repository/Common ePulse Objects/Choose File'

2019-05-13 11:15:53 - [TEST_STEP][PASSED] - click(findTestObject("Common ePulse Objects/Continue Button")): Object: 'Object Repository/Common ePulse Objects/Continue Button' is clicked on

2019-05-13 11:15:53 - [MESSAGE][PASSED] - Object: 'Object Repository/Common ePulse Objects/Continue Button' is clicked on

2019-05-13 11:15:53 - [TEST_STEP][PASSED] - delay(1): Delayed 1 second(s)

2019-05-13 11:15:54 - [MESSAGE][PASSED] - Delayed 1 second(s)

2019-05-13 11:15:55 - [TEST_STEP][PASSED] - click(findTestObject("Common ePulse Objects/button_Done(working)")): Object: 'Object Repository/Common ePulse Objects/button_Done(working)' is clicked on

2019-05-13 11:15:58 - [MESSAGE][PASSED] - Object: 'Object Repository/Common ePulse Objects/button_Done(working)' is clicked on

2019-05-13 11:15:58 - [TEST_STEP][PASSED] - closeBrowser(STOP_ON_FAILURE): Browser is closed

2019-05-13 11:15:58 - [MESSAGE][PASSED] - Browser is closed]]></system-out>
         <system-err><![CDATA[]]></system-err>
      </testcase>
      <testcase name="Test Cases/Admin Console/Account Settings/Add_Edit Voter/Add_Edit Voter - Export" classname="Test Cases/Admin Console/Account Settings/Add_Edit Voter/Add_Edit Voter - Export" status="PASSED">
         <system-out><![CDATA[2019-05-13 11:16:00 - [TEST_CASE][PASSED] - Test Cases/Admin Console/Account Settings/Add_Edit Voter/Add_Edit Voter - Export: Test Cases/Admin Console/Account Settings/Add_Edit Voter/Add_Edit Voter - Export

2019-05-13 11:16:00 - [TEST_STEP][PASSED] - openBrowser(""): Browser is opened with url: ''

2019-05-13 11:16:00 - [MESSAGE][INFO] - Starting 'Chrome' driver

2019-05-13 11:16:01 - [MESSAGE][PASSED] - Browser is opened with url: ''

2019-05-13 11:16:01 - [TEST_STEP][PASSED] - navigateToUrl(URL): Navigate to 'https://epulsedev2.com' successfully

2019-05-13 11:16:04 - [MESSAGE][PASSED] - Navigate to 'https://epulsedev2.com' successfully

2019-05-13 11:16:04 - [TEST_STEP][PASSED] - setText(findTestObject("Login/Email Address"), User_email): Text 'alonzo.mack@knowink.com' is set on object 'Object Repository/Login/Email Address'

2019-05-13 11:16:04 - [MESSAGE][PASSED] - Text 'alonzo.mack@knowink.com' is set on object 'Object Repository/Login/Email Address'

2019-05-13 11:16:04 - [TEST_STEP][PASSED] - setEncryptedText(findTestObject("Login/Password"), Pswrd): Text ****** has been set on object 'Object Repository/Login/Password'

2019-05-13 11:16:04 - [MESSAGE][PASSED] - Text ****** has been set on object 'Object Repository/Login/Password'

2019-05-13 11:16:04 - [TEST_STEP][PASSED] - click(findTestObject("Login/Sign In")): Object: 'Object Repository/Login/Sign In' is clicked on

2019-05-13 11:16:05 - [MESSAGE][PASSED] - Object: 'Object Repository/Login/Sign In' is clicked on

2019-05-13 11:16:05 - [TEST_STEP][PASSED] - delay(1): Delayed 1 second(s)

2019-05-13 11:16:06 - [MESSAGE][PASSED] - Delayed 1 second(s)

2019-05-13 11:16:06 - [TEST_STEP][PASSED] - navigateToUrl(Add_Voter): Navigate to 'https://am-automation-test.epulsedev2.com/add_voters' successfully

2019-05-13 11:16:07 - [MESSAGE][PASSED] - Navigate to 'https://am-automation-test.epulsedev2.com/add_voters' successfully

2019-05-13 11:16:07 - [TEST_STEP][PASSED] - delay(1): Delayed 1 second(s)

2019-05-13 11:16:08 - [MESSAGE][PASSED] - Delayed 1 second(s)

2019-05-13 11:16:08 - [TEST_STEP][PASSED] - click(findTestObject("Admin Console ePulse Menu/Account Settings/ID Methods/ID Methods Page/Export")): Object: 'Object Repository/Admin Console ePulse Menu/Account Settings/ID Methods/ID Methods Page/Export' is clicked on

2019-05-13 11:16:08 - [MESSAGE][PASSED] - Object: 'Object Repository/Admin Console ePulse Menu/Account Settings/ID Methods/ID Methods Page/Export' is clicked on

2019-05-13 11:16:08 - [TEST_STEP][PASSED] - delay(1): Delayed 1 second(s)

2019-05-13 11:16:09 - [MESSAGE][PASSED] - Delayed 1 second(s)

2019-05-13 11:16:09 - [TEST_STEP][PASSED] - closeBrowser(STOP_ON_FAILURE): Browser is closed

2019-05-13 11:16:10 - [MESSAGE][PASSED] - Browser is closed]]></system-out>
         <system-err><![CDATA[]]></system-err>
      </testcase>
      <testcase name="Test Cases/Admin Console/Account Settings/Add_Edit Voter/Add_Edit Voter - Import" classname="Test Cases/Admin Console/Account Settings/Add_Edit Voter/Add_Edit Voter - Import" status="PASSED">
         <system-out><![CDATA[2019-05-13 11:16:12 - [TEST_CASE][PASSED] - Test Cases/Admin Console/Account Settings/Add_Edit Voter/Add_Edit Voter - Import: Test Cases/Admin Console/Account Settings/Add_Edit Voter/Add_Edit Voter - Import

2019-05-13 11:16:12 - [TEST_STEP][PASSED] - openBrowser(""): Browser is opened with url: ''

2019-05-13 11:16:12 - [MESSAGE][INFO] - Starting 'Chrome' driver

2019-05-13 11:16:13 - [MESSAGE][PASSED] - Browser is opened with url: ''

2019-05-13 11:16:13 - [TEST_STEP][PASSED] - navigateToUrl(URL): Navigate to 'https://epulsedev2.com' successfully

2019-05-13 11:16:15 - [MESSAGE][PASSED] - Navigate to 'https://epulsedev2.com' successfully

2019-05-13 11:16:15 - [TEST_STEP][PASSED] - setText(findTestObject("Login/Email Address"), User_email): Text 'alonzo.mack@knowink.com' is set on object 'Object Repository/Login/Email Address'

2019-05-13 11:16:16 - [MESSAGE][PASSED] - Text 'alonzo.mack@knowink.com' is set on object 'Object Repository/Login/Email Address'

2019-05-13 11:16:16 - [TEST_STEP][PASSED] - setEncryptedText(findTestObject("Login/Password"), Pswrd): Text ****** has been set on object 'Object Repository/Login/Password'

2019-05-13 11:16:16 - [MESSAGE][PASSED] - Text ****** has been set on object 'Object Repository/Login/Password'

2019-05-13 11:16:16 - [TEST_STEP][PASSED] - click(findTestObject("Login/Sign In")): Object: 'Object Repository/Login/Sign In' is clicked on

2019-05-13 11:16:17 - [MESSAGE][PASSED] - Object: 'Object Repository/Login/Sign In' is clicked on

2019-05-13 11:16:17 - [TEST_STEP][PASSED] - delay(1): Delayed 1 second(s)

2019-05-13 11:16:18 - [MESSAGE][PASSED] - Delayed 1 second(s)

2019-05-13 11:16:18 - [TEST_STEP][PASSED] - navigateToUrl(Add_Edit_Voter_Import, STOP_ON_FAILURE): Navigate to 'https://am-automation-test.epulsedev2.com/imports/add_voter' successfully

2019-05-13 11:16:19 - [MESSAGE][PASSED] - Navigate to 'https://am-automation-test.epulsedev2.com/imports/add_voter' successfully

2019-05-13 11:16:19 - [TEST_STEP][PASSED] - delay(1): Delayed 1 second(s)

2019-05-13 11:16:20 - [MESSAGE][PASSED] - Delayed 1 second(s)

2019-05-13 11:16:20 - [TEST_STEP][PASSED] - setText(findTestObject("Admin Console ePulse Menu/Account Settings/Prompts/Import Prompts Buttons/Choose File"), "/Users/alonzomack/Downloads/Automation uploads/add_voter.txt"): Text '/Users/alonzomack/Downloads/Automation uploads/add_voter.txt' is set on object 'Object Repository/Admin Console ePulse Menu/Account Settings/Prompts/Import Prompts Buttons/Choose File'

2019-05-13 11:16:20 - [MESSAGE][PASSED] - Text '/Users/alonzomack/Downloads/Automation uploads/add_voter.txt' is set on object 'Object Repository/Admin Console ePulse Menu/Account Settings/Prompts/Import Prompts Buttons/Choose File'

2019-05-13 11:16:20 - [TEST_STEP][PASSED] - click(findTestObject("Admin Console ePulse Menu/Account Settings/Prompts/Import Prompts Buttons/Continue Button")): Object: 'Object Repository/Admin Console ePulse Menu/Account Settings/Prompts/Import Prompts Buttons/Continue Button' is clicked on

2019-05-13 11:16:20 - [MESSAGE][PASSED] - Object: 'Object Repository/Admin Console ePulse Menu/Account Settings/Prompts/Import Prompts Buttons/Continue Button' is clicked on

2019-05-13 11:16:20 - [TEST_STEP][PASSED] - delay(2): Delayed 2 second(s)

2019-05-13 11:16:22 - [MESSAGE][PASSED] - Delayed 2 second(s)

2019-05-13 11:16:22 - [TEST_STEP][PASSED] - click(findTestObject("Admin Console ePulse Menu/Account Settings/Prompts/Import Prompts Buttons/button_Done(working)")): Object: 'Object Repository/Admin Console ePulse Menu/Account Settings/Prompts/Import Prompts Buttons/button_Done(working)' is clicked on

2019-05-13 11:16:25 - [MESSAGE][PASSED] - Object: 'Object Repository/Admin Console ePulse Menu/Account Settings/Prompts/Import Prompts Buttons/button_Done(working)' is clicked on

2019-05-13 11:16:25 - [TEST_STEP][PASSED] - delay(1): Delayed 1 second(s)

2019-05-13 11:16:26 - [MESSAGE][PASSED] - Delayed 1 second(s)

2019-05-13 11:16:26 - [TEST_STEP][PASSED] - closeBrowser(): Browser is closed

2019-05-13 11:16:26 - [MESSAGE][PASSED] - Browser is closed]]></system-out>
         <system-err><![CDATA[]]></system-err>
      </testcase>
      <testcase name="Test Cases/Admin Console/Account Settings/ID Methods()/ID Methods - Add" classname="Test Cases/Admin Console/Account Settings/ID Methods()/ID Methods - Add" status="PASSED">
         <system-out><![CDATA[2019-05-13 11:16:28 - [TEST_CASE][PASSED] - Test Cases/Admin Console/Account Settings/ID Methods()/ID Methods - Add: Test Cases/Admin Console/Account Settings/ID Methods()/ID Methods - Add

2019-05-13 11:16:28 - [TEST_STEP][PASSED] - openBrowser(""): Browser is opened with url: ''

2019-05-13 11:16:28 - [MESSAGE][INFO] - Starting 'Chrome' driver

2019-05-13 11:16:30 - [MESSAGE][PASSED] - Browser is opened with url: ''

2019-05-13 11:16:30 - [TEST_STEP][PASSED] - navigateToUrl(URL): Navigate to 'https://epulsedev2.com' successfully

2019-05-13 11:16:32 - [MESSAGE][PASSED] - Navigate to 'https://epulsedev2.com' successfully

2019-05-13 11:16:32 - [TEST_STEP][PASSED] - setText(findTestObject("Login/Email Address"), User_email): Text 'alonzo.mack@knowink.com' is set on object 'Object Repository/Login/Email Address'

2019-05-13 11:16:32 - [MESSAGE][PASSED] - Text 'alonzo.mack@knowink.com' is set on object 'Object Repository/Login/Email Address'

2019-05-13 11:16:32 - [TEST_STEP][PASSED] - setEncryptedText(findTestObject("Login/Password"), Pswrd): Text ****** has been set on object 'Object Repository/Login/Password'

2019-05-13 11:16:33 - [MESSAGE][PASSED] - Text ****** has been set on object 'Object Repository/Login/Password'

2019-05-13 11:16:33 - [TEST_STEP][PASSED] - click(findTestObject("Login/Sign In")): Object: 'Object Repository/Login/Sign In' is clicked on

2019-05-13 11:16:34 - [MESSAGE][PASSED] - Object: 'Object Repository/Login/Sign In' is clicked on

2019-05-13 11:16:34 - [TEST_STEP][PASSED] - delay(1): Delayed 1 second(s)

2019-05-13 11:16:35 - [MESSAGE][PASSED] - Delayed 1 second(s)

2019-05-13 11:16:35 - [TEST_STEP][PASSED] - navigateToUrl(voter_id_methods, STOP_ON_FAILURE): Navigate to 'https://am-automation-test.epulsedev2.com/voter_id_methods' successfully

2019-05-13 11:16:39 - [MESSAGE][PASSED] - Navigate to 'https://am-automation-test.epulsedev2.com/voter_id_methods' successfully

2019-05-13 11:16:39 - [TEST_STEP][PASSED] - delay(1): Delayed 1 second(s)

2019-05-13 11:16:40 - [MESSAGE][PASSED] - Delayed 1 second(s)

2019-05-13 11:16:40 - [TEST_STEP][PASSED] - click(findTestObject("Admin Console ePulse Menu/Account Settings/ID Methods/ID Methods Page/Add ID Method Button")): Object: 'Object Repository/Admin Console ePulse Menu/Account Settings/ID Methods/ID Methods Page/Add ID Method Button' is clicked on

2019-05-13 11:16:40 - [MESSAGE][PASSED] - Object: 'Object Repository/Admin Console ePulse Menu/Account Settings/ID Methods/ID Methods Page/Add ID Method Button' is clicked on

2019-05-13 11:16:40 - [TEST_STEP][PASSED] - setText(findTestObject("Admin Console ePulse Menu/Account Settings/ID Methods/New ID Method Modal/Name"), "Drivers License"): Text 'Drivers License' is set on object 'Object Repository/Admin Console ePulse Menu/Account Settings/ID Methods/New ID Method Modal/Name'

2019-05-13 11:16:40 - [MESSAGE][PASSED] - Text 'Drivers License' is set on object 'Object Repository/Admin Console ePulse Menu/Account Settings/ID Methods/New ID Method Modal/Name'

2019-05-13 11:16:40 - [TEST_STEP][PASSED] - setText(findTestObject("Admin Console ePulse Menu/Account Settings/ID Methods/New ID Method Modal/Heading"), "State Drivers License"): Text 'State Drivers License' is set on object 'Object Repository/Admin Console ePulse Menu/Account Settings/ID Methods/New ID Method Modal/Heading'

2019-05-13 11:16:41 - [MESSAGE][PASSED] - Text 'State Drivers License' is set on object 'Object Repository/Admin Console ePulse Menu/Account Settings/ID Methods/New ID Method Modal/Heading'

2019-05-13 11:16:41 - [TEST_STEP][PASSED] - selectOptionByValue(findTestObject("Admin Console ePulse Menu/Account Settings/ID Methods/New ID Method Modal/Select Color"), "1", true): All options with value '1' are selected in object 'Object Repository/Admin Console ePulse Menu/Account Settings/ID Methods/New ID Method Modal/Select Color'  using regular expression

2019-05-13 11:16:41 - [MESSAGE][PASSED] - All options with value '1' are selected in object 'Object Repository/Admin Console ePulse Menu/Account Settings/ID Methods/New ID Method Modal/Select Color'  using regular expression

2019-05-13 11:16:41 - [TEST_STEP][PASSED] - setText(findTestObject("Admin Console ePulse Menu/Account Settings/ID Methods/New ID Method Modal/Instructions"), "State Drivers License"): Text 'State Drivers License' is set on object 'Object Repository/Admin Console ePulse Menu/Account Settings/ID Methods/New ID Method Modal/Instructions'

2019-05-13 11:16:41 - [MESSAGE][PASSED] - Text 'State Drivers License' is set on object 'Object Repository/Admin Console ePulse Menu/Account Settings/ID Methods/New ID Method Modal/Instructions'

2019-05-13 11:16:41 - [TEST_STEP][PASSED] - setText(findTestObject("Admin Console ePulse Menu/Account Settings/ID Methods/New ID Method Modal/Order"), "1"): Text '1' is set on object 'Object Repository/Admin Console ePulse Menu/Account Settings/ID Methods/New ID Method Modal/Order'

2019-05-13 11:16:41 - [MESSAGE][PASSED] - Text '1' is set on object 'Object Repository/Admin Console ePulse Menu/Account Settings/ID Methods/New ID Method Modal/Order'

2019-05-13 11:16:41 - [TEST_STEP][PASSED] - click(findTestObject("Admin Console ePulse Menu/Account Settings/ID Methods/New ID Method Modal/Show Does Name Match_slider")): Object: 'Object Repository/Admin Console ePulse Menu/Account Settings/ID Methods/New ID Method Modal/Show Does Name Match_slider' is clicked on

2019-05-13 11:16:41 - [MESSAGE][PASSED] - Object: 'Object Repository/Admin Console ePulse Menu/Account Settings/ID Methods/New ID Method Modal/Show Does Name Match_slider' is clicked on

2019-05-13 11:16:41 - [TEST_STEP][PASSED] - click(findTestObject("Admin Console ePulse Menu/Account Settings/ID Methods/New ID Method Modal/Show Does Address Match_slider"), STOP_ON_FAILURE): Object: 'Object Repository/Admin Console ePulse Menu/Account Settings/ID Methods/New ID Method Modal/Show Does Address Match_slider' is clicked on

2019-05-13 11:16:41 - [MESSAGE][PASSED] - Object: 'Object Repository/Admin Console ePulse Menu/Account Settings/ID Methods/New ID Method Modal/Show Does Address Match_slider' is clicked on

2019-05-13 11:16:41 - [TEST_STEP][PASSED] - click(findTestObject("Admin Console ePulse Menu/Account Settings/ID Methods/New ID Method Modal/Show is ID Expired_slider"), STOP_ON_FAILURE): Object: 'Object Repository/Admin Console ePulse Menu/Account Settings/ID Methods/New ID Method Modal/Show is ID Expired_slider' is clicked on

2019-05-13 11:16:41 - [MESSAGE][PASSED] - Object: 'Object Repository/Admin Console ePulse Menu/Account Settings/ID Methods/New ID Method Modal/Show is ID Expired_slider' is clicked on

2019-05-13 11:16:41 - [TEST_STEP][PASSED] - setText(findTestObject("Admin Console ePulse Menu/Account Settings/ID Methods/New ID Method Modal/Page_Epulse  am-Automation-test/Incorrect Heading"), "No Drivers License?"): Text 'No Drivers License?' is set on object 'Object Repository/Admin Console ePulse Menu/Account Settings/ID Methods/New ID Method Modal/Page_Epulse  am-Automation-test/Incorrect Heading'

2019-05-13 11:16:41 - [MESSAGE][PASSED] - Text 'No Drivers License?' is set on object 'Object Repository/Admin Console ePulse Menu/Account Settings/ID Methods/New ID Method Modal/Page_Epulse  am-Automation-test/Incorrect Heading'

2019-05-13 11:16:41 - [TEST_STEP][PASSED] - setText(findTestObject("Admin Console ePulse Menu/Account Settings/ID Methods/New ID Method Modal/Page_Epulse  am-Automation-test/Incorrect Instructions"), "Vote Provisional"): Text 'Vote Provisional' is set on object 'Object Repository/Admin Console ePulse Menu/Account Settings/ID Methods/New ID Method Modal/Page_Epulse  am-Automation-test/Incorrect Instructions'

2019-05-13 11:16:42 - [MESSAGE][PASSED] - Text 'Vote Provisional' is set on object 'Object Repository/Admin Console ePulse Menu/Account Settings/ID Methods/New ID Method Modal/Page_Epulse  am-Automation-test/Incorrect Instructions'

2019-05-13 11:16:42 - [TEST_STEP][PASSED] - click(findTestObject("Admin Console ePulse Menu/Account Settings/ID Methods/New ID Method Modal/Submit"), STOP_ON_FAILURE): Object: 'Object Repository/Admin Console ePulse Menu/Account Settings/ID Methods/New ID Method Modal/Submit' is clicked on

2019-05-13 11:16:42 - [MESSAGE][PASSED] - Object: 'Object Repository/Admin Console ePulse Menu/Account Settings/ID Methods/New ID Method Modal/Submit' is clicked on]]></system-out>
         <system-err><![CDATA[]]></system-err>
      </testcase>
      <testcase name="Test Cases/Admin Console/Account Settings/ID Methods()/ID Methods - ALT Button" classname="Test Cases/Admin Console/Account Settings/ID Methods()/ID Methods - ALT Button" status="PASSED">
         <system-out><![CDATA[2019-05-13 11:16:44 - [TEST_CASE][PASSED] - Test Cases/Admin Console/Account Settings/ID Methods()/ID Methods - ALT Button: Test Cases/Admin Console/Account Settings/ID Methods()/ID Methods - ALT Button

2019-05-13 11:16:44 - [TEST_STEP][PASSED] - openBrowser(""): Browser is opened with url: ''

2019-05-13 11:16:44 - [MESSAGE][WARNING] - A browser is already opened. Closing browser and opening a new one

2019-05-13 11:16:44 - [MESSAGE][INFO] - Starting 'Chrome' driver

2019-05-13 11:16:45 - [MESSAGE][PASSED] - Browser is opened with url: ''

2019-05-13 11:16:45 - [TEST_STEP][PASSED] - navigateToUrl(URL): Navigate to 'https://epulsedev2.com' successfully

2019-05-13 11:16:47 - [MESSAGE][PASSED] - Navigate to 'https://epulsedev2.com' successfully

2019-05-13 11:16:47 - [TEST_STEP][PASSED] - setText(findTestObject("Login/Email Address"), User_email): Text 'alonzo.mack@knowink.com' is set on object 'Object Repository/Login/Email Address'

2019-05-13 11:16:48 - [MESSAGE][PASSED] - Text 'alonzo.mack@knowink.com' is set on object 'Object Repository/Login/Email Address'

2019-05-13 11:16:48 - [TEST_STEP][PASSED] - setEncryptedText(findTestObject("Login/Password"), Pswrd): Text ****** has been set on object 'Object Repository/Login/Password'

2019-05-13 11:16:48 - [MESSAGE][PASSED] - Text ****** has been set on object 'Object Repository/Login/Password'

2019-05-13 11:16:48 - [TEST_STEP][PASSED] - click(findTestObject("Login/Sign In")): Object: 'Object Repository/Login/Sign In' is clicked on

2019-05-13 11:16:49 - [MESSAGE][PASSED] - Object: 'Object Repository/Login/Sign In' is clicked on

2019-05-13 11:16:49 - [TEST_STEP][PASSED] - delay(1): Delayed 1 second(s)

2019-05-13 11:16:50 - [MESSAGE][PASSED] - Delayed 1 second(s)

2019-05-13 11:16:50 - [TEST_STEP][PASSED] - navigateToUrl(voter_id_methods, STOP_ON_FAILURE): Navigate to 'https://am-automation-test.epulsedev2.com/voter_id_methods' successfully

2019-05-13 11:16:51 - [MESSAGE][PASSED] - Navigate to 'https://am-automation-test.epulsedev2.com/voter_id_methods' successfully

2019-05-13 11:16:51 - [TEST_STEP][PASSED] - delay(1): Delayed 1 second(s)

2019-05-13 11:16:52 - [MESSAGE][PASSED] - Delayed 1 second(s)

2019-05-13 11:16:52 - [TEST_STEP][PASSED] - click(findTestObject("Admin Console ePulse Menu/Account Settings/ID Methods/ID Methods Page/Page_Epulse  am-Automation-test/Alt. Buttons")): Object: 'Object Repository/Admin Console ePulse Menu/Account Settings/ID Methods/ID Methods Page/Page_Epulse  am-Automation-test/Alt. Buttons' is clicked on

2019-05-13 11:16:52 - [MESSAGE][PASSED] - Object: 'Object Repository/Admin Console ePulse Menu/Account Settings/ID Methods/ID Methods Page/Page_Epulse  am-Automation-test/Alt. Buttons' is clicked on

2019-05-13 11:16:52 - [TEST_STEP][PASSED] - delay(1): Delayed 1 second(s)

2019-05-13 11:16:53 - [MESSAGE][PASSED] - Delayed 1 second(s)

2019-05-13 11:16:53 - [TEST_STEP][PASSED] - setText(findTestObject("Admin Console ePulse Menu/Account Settings/ID Methods/Buttons/Button Label"), "test"): Text 'test' is set on object 'Object Repository/Admin Console ePulse Menu/Account Settings/ID Methods/Buttons/Button Label'

2019-05-13 11:16:53 - [MESSAGE][PASSED] - Text 'test' is set on object 'Object Repository/Admin Console ePulse Menu/Account Settings/ID Methods/Buttons/Button Label'

2019-05-13 11:16:53 - [TEST_STEP][PASSED] - delay(1): Delayed 1 second(s)

2019-05-13 11:16:54 - [MESSAGE][PASSED] - Delayed 1 second(s)

2019-05-13 11:16:54 - [TEST_STEP][PASSED] - selectOptionByValue(findTestObject("Admin Console ePulse Menu/Account Settings/ID Methods/Buttons/Button Type"), "0", true): All options with value '0' are selected in object 'Object Repository/Admin Console ePulse Menu/Account Settings/ID Methods/Buttons/Button Type'  using regular expression

2019-05-13 11:16:54 - [MESSAGE][PASSED] - All options with value '0' are selected in object 'Object Repository/Admin Console ePulse Menu/Account Settings/ID Methods/Buttons/Button Type'  using regular expression

2019-05-13 11:16:54 - [TEST_STEP][PASSED] - delay(1): Delayed 1 second(s)

2019-05-13 11:16:55 - [MESSAGE][PASSED] - Delayed 1 second(s)

2019-05-13 11:16:55 - [TEST_STEP][PASSED] - click(findTestObject("Admin Console ePulse Menu/Account Settings/ID Methods/Buttons/Add Button(blue  sign)")): Object: 'Object Repository/Admin Console ePulse Menu/Account Settings/ID Methods/Buttons/Add Button(blue  sign)' is clicked on

2019-05-13 11:16:55 - [MESSAGE][PASSED] - Object: 'Object Repository/Admin Console ePulse Menu/Account Settings/ID Methods/Buttons/Add Button(blue  sign)' is clicked on

2019-05-13 11:16:55 - [TEST_STEP][PASSED] - delay(1): Delayed 1 second(s)

2019-05-13 11:16:56 - [MESSAGE][PASSED] - Delayed 1 second(s)

2019-05-13 11:16:56 - [TEST_STEP][PASSED] - setText(findTestObject("Admin Console ePulse Menu/Account Settings/ID Methods/Buttons/Button Label"), "1test"): Text '1test' is set on object 'Object Repository/Admin Console ePulse Menu/Account Settings/ID Methods/Buttons/Button Label'

2019-05-13 11:16:56 - [MESSAGE][PASSED] - Text '1test' is set on object 'Object Repository/Admin Console ePulse Menu/Account Settings/ID Methods/Buttons/Button Label'

2019-05-13 11:16:56 - [TEST_STEP][PASSED] - delay(1): Delayed 1 second(s)

2019-05-13 11:16:57 - [MESSAGE][PASSED] - Delayed 1 second(s)

2019-05-13 11:16:57 - [TEST_STEP][PASSED] - selectOptionByValue(findTestObject("Admin Console ePulse Menu/Account Settings/ID Methods/Buttons/Button Type"), "1", true): All options with value '1' are selected in object 'Object Repository/Admin Console ePulse Menu/Account Settings/ID Methods/Buttons/Button Type'  using regular expression

2019-05-13 11:16:57 - [MESSAGE][PASSED] - All options with value '1' are selected in object 'Object Repository/Admin Console ePulse Menu/Account Settings/ID Methods/Buttons/Button Type'  using regular expression

2019-05-13 11:16:57 - [TEST_STEP][PASSED] - setText(findTestObject("Admin Console ePulse Menu/Account Settings/ID Methods/Buttons/Additional text field"), "Allow to vote", STOP_ON_FAILURE): Text 'Allow to vote' is set on object 'Object Repository/Admin Console ePulse Menu/Account Settings/ID Methods/Buttons/Additional text field'

2019-05-13 11:16:58 - [MESSAGE][PASSED] - Text 'Allow to vote' is set on object 'Object Repository/Admin Console ePulse Menu/Account Settings/ID Methods/Buttons/Additional text field'

2019-05-13 11:16:58 - [TEST_STEP][PASSED] - delay(1): Delayed 1 second(s)

2019-05-13 11:16:59 - [MESSAGE][PASSED] - Delayed 1 second(s)

2019-05-13 11:16:59 - [TEST_STEP][PASSED] - click(findTestObject("Admin Console ePulse Menu/Account Settings/ID Methods/Buttons/Add Button(blue  sign)")): Object: 'Object Repository/Admin Console ePulse Menu/Account Settings/ID Methods/Buttons/Add Button(blue  sign)' is clicked on

2019-05-13 11:16:59 - [MESSAGE][PASSED] - Object: 'Object Repository/Admin Console ePulse Menu/Account Settings/ID Methods/Buttons/Add Button(blue  sign)' is clicked on

2019-05-13 11:16:59 - [TEST_STEP][PASSED] - delay(1): Delayed 1 second(s)

2019-05-13 11:17:00 - [MESSAGE][PASSED] - Delayed 1 second(s)

2019-05-13 11:17:00 - [TEST_STEP][PASSED] - setText(findTestObject("Admin Console ePulse Menu/Account Settings/ID Methods/Buttons/Button Label"), "2test"): Text '2test' is set on object 'Object Repository/Admin Console ePulse Menu/Account Settings/ID Methods/Buttons/Button Label'

2019-05-13 11:17:00 - [MESSAGE][PASSED] - Text '2test' is set on object 'Object Repository/Admin Console ePulse Menu/Account Settings/ID Methods/Buttons/Button Label'

2019-05-13 11:17:00 - [TEST_STEP][PASSED] - delay(1): Delayed 1 second(s)

2019-05-13 11:17:01 - [MESSAGE][PASSED] - Delayed 1 second(s)

2019-05-13 11:17:01 - [TEST_STEP][PASSED] - selectOptionByValue(findTestObject("Admin Console ePulse Menu/Account Settings/ID Methods/Buttons/Button Type"), "2", true): All options with value '2' are selected in object 'Object Repository/Admin Console ePulse Menu/Account Settings/ID Methods/Buttons/Button Type'  using regular expression

2019-05-13 11:17:01 - [MESSAGE][PASSED] - All options with value '2' are selected in object 'Object Repository/Admin Console ePulse Menu/Account Settings/ID Methods/Buttons/Button Type'  using regular expression

2019-05-13 11:17:01 - [TEST_STEP][PASSED] - delay(1): Delayed 1 second(s)

2019-05-13 11:17:02 - [MESSAGE][PASSED] - Delayed 1 second(s)

2019-05-13 11:17:02 - [TEST_STEP][PASSED] - setText(findTestObject("Admin Console ePulse Menu/Account Settings/ID Methods/Buttons/Additional text field"), "asdf"): Text 'asdf' is set on object 'Object Repository/Admin Console ePulse Menu/Account Settings/ID Methods/Buttons/Additional text field'

2019-05-13 11:17:02 - [MESSAGE][PASSED] - Text 'asdf' is set on object 'Object Repository/Admin Console ePulse Menu/Account Settings/ID Methods/Buttons/Additional text field'

2019-05-13 11:17:02 - [TEST_STEP][PASSED] - delay(1): Delayed 1 second(s)

2019-05-13 11:17:03 - [MESSAGE][PASSED] - Delayed 1 second(s)

2019-05-13 11:17:03 - [TEST_STEP][PASSED] - click(findTestObject("Admin Console ePulse Menu/Account Settings/ID Methods/Buttons/Add Button(blue  sign)")): Object: 'Object Repository/Admin Console ePulse Menu/Account Settings/ID Methods/Buttons/Add Button(blue  sign)' is clicked on

2019-05-13 11:17:03 - [MESSAGE][PASSED] - Object: 'Object Repository/Admin Console ePulse Menu/Account Settings/ID Methods/Buttons/Add Button(blue  sign)' is clicked on

2019-05-13 11:17:03 - [TEST_STEP][PASSED] - delay(1): Delayed 1 second(s)

2019-05-13 11:17:04 - [MESSAGE][PASSED] - Delayed 1 second(s)

2019-05-13 11:17:04 - [TEST_STEP][PASSED] - setText(findTestObject("Admin Console ePulse Menu/Account Settings/ID Methods/Buttons/Button Label"), "3test"): Text '3test' is set on object 'Object Repository/Admin Console ePulse Menu/Account Settings/ID Methods/Buttons/Button Label'

2019-05-13 11:17:04 - [MESSAGE][PASSED] - Text '3test' is set on object 'Object Repository/Admin Console ePulse Menu/Account Settings/ID Methods/Buttons/Button Label'

2019-05-13 11:17:04 - [TEST_STEP][PASSED] - delay(1): Delayed 1 second(s)

2019-05-13 11:17:05 - [MESSAGE][PASSED] - Delayed 1 second(s)

2019-05-13 11:17:05 - [TEST_STEP][PASSED] - selectOptionByValue(findTestObject("Admin Console ePulse Menu/Account Settings/ID Methods/Buttons/Button Type"), "3", true): All options with value '3' are selected in object 'Object Repository/Admin Console ePulse Menu/Account Settings/ID Methods/Buttons/Button Type'  using regular expression

2019-05-13 11:17:05 - [MESSAGE][PASSED] - All options with value '3' are selected in object 'Object Repository/Admin Console ePulse Menu/Account Settings/ID Methods/Buttons/Button Type'  using regular expression

2019-05-13 11:17:05 - [TEST_STEP][PASSED] - delay(1): Delayed 1 second(s)

2019-05-13 11:17:07 - [MESSAGE][PASSED] - Delayed 1 second(s)

2019-05-13 11:17:07 - [TEST_STEP][PASSED] - click(findTestObject("Admin Console ePulse Menu/Account Settings/ID Methods/Buttons/Add Button(blue  sign)")): Object: 'Object Repository/Admin Console ePulse Menu/Account Settings/ID Methods/Buttons/Add Button(blue  sign)' is clicked on

2019-05-13 11:17:07 - [MESSAGE][PASSED] - Object: 'Object Repository/Admin Console ePulse Menu/Account Settings/ID Methods/Buttons/Add Button(blue  sign)' is clicked on

2019-05-13 11:17:07 - [TEST_STEP][PASSED] - delay(1): Delayed 1 second(s)

2019-05-13 11:17:08 - [MESSAGE][PASSED] - Delayed 1 second(s)

2019-05-13 11:17:08 - [TEST_STEP][PASSED] - setText(findTestObject("Admin Console ePulse Menu/Account Settings/ID Methods/Buttons/Button Label"), "4test"): Text '4test' is set on object 'Object Repository/Admin Console ePulse Menu/Account Settings/ID Methods/Buttons/Button Label'

2019-05-13 11:17:08 - [MESSAGE][PASSED] - Text '4test' is set on object 'Object Repository/Admin Console ePulse Menu/Account Settings/ID Methods/Buttons/Button Label'

2019-05-13 11:17:08 - [TEST_STEP][PASSED] - delay(1): Delayed 1 second(s)

2019-05-13 11:17:09 - [MESSAGE][PASSED] - Delayed 1 second(s)

2019-05-13 11:17:09 - [TEST_STEP][PASSED] - selectOptionByValue(findTestObject("Admin Console ePulse Menu/Account Settings/ID Methods/Buttons/Button Type"), "4", true): All options with value '4' are selected in object 'Object Repository/Admin Console ePulse Menu/Account Settings/ID Methods/Buttons/Button Type'  using regular expression

2019-05-13 11:17:09 - [MESSAGE][PASSED] - All options with value '4' are selected in object 'Object Repository/Admin Console ePulse Menu/Account Settings/ID Methods/Buttons/Button Type'  using regular expression

2019-05-13 11:17:09 - [TEST_STEP][PASSED] - delay(1): Delayed 1 second(s)

2019-05-13 11:17:10 - [MESSAGE][PASSED] - Delayed 1 second(s)

2019-05-13 11:17:10 - [TEST_STEP][PASSED] - click(findTestObject("Admin Console ePulse Menu/Account Settings/ID Methods/Buttons/Add Button(blue  sign)")): Object: 'Object Repository/Admin Console ePulse Menu/Account Settings/ID Methods/Buttons/Add Button(blue  sign)' is clicked on

2019-05-13 11:17:10 - [MESSAGE][PASSED] - Object: 'Object Repository/Admin Console ePulse Menu/Account Settings/ID Methods/Buttons/Add Button(blue  sign)' is clicked on

2019-05-13 11:17:10 - [TEST_STEP][PASSED] - delay(1): Delayed 1 second(s)

2019-05-13 11:17:11 - [MESSAGE][PASSED] - Delayed 1 second(s)

2019-05-13 11:17:11 - [TEST_STEP][PASSED] - setText(findTestObject("Admin Console ePulse Menu/Account Settings/ID Methods/Buttons/Button Label"), "5test"): Text '5test' is set on object 'Object Repository/Admin Console ePulse Menu/Account Settings/ID Methods/Buttons/Button Label'

2019-05-13 11:17:11 - [MESSAGE][PASSED] - Text '5test' is set on object 'Object Repository/Admin Console ePulse Menu/Account Settings/ID Methods/Buttons/Button Label'

2019-05-13 11:17:11 - [TEST_STEP][PASSED] - delay(1): Delayed 1 second(s)

2019-05-13 11:17:12 - [MESSAGE][PASSED] - Delayed 1 second(s)

2019-05-13 11:17:12 - [TEST_STEP][PASSED] - selectOptionByValue(findTestObject("Admin Console ePulse Menu/Account Settings/ID Methods/Buttons/Button Type"), "5", true): All options with value '5' are selected in object 'Object Repository/Admin Console ePulse Menu/Account Settings/ID Methods/Buttons/Button Type'  using regular expression

2019-05-13 11:17:12 - [MESSAGE][PASSED] - All options with value '5' are selected in object 'Object Repository/Admin Console ePulse Menu/Account Settings/ID Methods/Buttons/Button Type'  using regular expression

2019-05-13 11:17:12 - [TEST_STEP][PASSED] - delay(1): Delayed 1 second(s)

2019-05-13 11:17:13 - [MESSAGE][PASSED] - Delayed 1 second(s)

2019-05-13 11:17:13 - [TEST_STEP][PASSED] - click(findTestObject("Admin Console ePulse Menu/Account Settings/ID Methods/Buttons/Add Button(blue  sign)")): Object: 'Object Repository/Admin Console ePulse Menu/Account Settings/ID Methods/Buttons/Add Button(blue  sign)' is clicked on

2019-05-13 11:17:13 - [MESSAGE][PASSED] - Object: 'Object Repository/Admin Console ePulse Menu/Account Settings/ID Methods/Buttons/Add Button(blue  sign)' is clicked on

2019-05-13 11:17:13 - [TEST_STEP][PASSED] - delay(1): Delayed 1 second(s)

2019-05-13 11:17:14 - [MESSAGE][PASSED] - Delayed 1 second(s)

2019-05-13 11:17:14 - [TEST_STEP][PASSED] - click(findTestObject("Admin Console ePulse Menu/Account Settings/Prompts/Prompt Button Modal/Close Button")): Object: 'Object Repository/Admin Console ePulse Menu/Account Settings/Prompts/Prompt Button Modal/Close Button' is clicked on

2019-05-13 11:17:14 - [MESSAGE][PASSED] - Object: 'Object Repository/Admin Console ePulse Menu/Account Settings/Prompts/Prompt Button Modal/Close Button' is clicked on

2019-05-13 11:17:14 - [TEST_STEP][PASSED] - delay(1): Delayed 1 second(s)

2019-05-13 11:17:15 - [MESSAGE][PASSED] - Delayed 1 second(s)

2019-05-13 11:17:15 - [TEST_STEP][PASSED] - closeBrowser(): Browser is closed

2019-05-13 11:17:15 - [MESSAGE][PASSED] - Browser is closed]]></system-out>
         <system-err><![CDATA[]]></system-err>
      </testcase>
      <testcase name="Test Cases/Admin Console/Account Settings/ID Methods()/ID Methods - Button" classname="Test Cases/Admin Console/Account Settings/ID Methods()/ID Methods - Button" status="PASSED">
         <system-out><![CDATA[2019-05-13 11:17:17 - [TEST_CASE][PASSED] - Test Cases/Admin Console/Account Settings/ID Methods()/ID Methods - Button: Test Cases/Admin Console/Account Settings/ID Methods()/ID Methods - Button

2019-05-13 11:17:18 - [TEST_STEP][PASSED] - openBrowser(""): Browser is opened with url: ''

2019-05-13 11:17:18 - [MESSAGE][INFO] - Starting 'Chrome' driver

2019-05-13 11:17:19 - [MESSAGE][PASSED] - Browser is opened with url: ''

2019-05-13 11:17:19 - [TEST_STEP][PASSED] - navigateToUrl(URL): Navigate to 'https://epulsedev2.com' successfully

2019-05-13 11:17:21 - [MESSAGE][PASSED] - Navigate to 'https://epulsedev2.com' successfully

2019-05-13 11:17:21 - [TEST_STEP][PASSED] - setText(findTestObject("Login/Email Address"), User_email): Text 'alonzo.mack@knowink.com' is set on object 'Object Repository/Login/Email Address'

2019-05-13 11:17:22 - [MESSAGE][PASSED] - Text 'alonzo.mack@knowink.com' is set on object 'Object Repository/Login/Email Address'

2019-05-13 11:17:22 - [TEST_STEP][PASSED] - setEncryptedText(findTestObject("Login/Password"), Pswrd): Text ****** has been set on object 'Object Repository/Login/Password'

2019-05-13 11:17:22 - [MESSAGE][PASSED] - Text ****** has been set on object 'Object Repository/Login/Password'

2019-05-13 11:17:22 - [TEST_STEP][PASSED] - click(findTestObject("Login/Sign In")): Object: 'Object Repository/Login/Sign In' is clicked on

2019-05-13 11:17:23 - [MESSAGE][PASSED] - Object: 'Object Repository/Login/Sign In' is clicked on

2019-05-13 11:17:23 - [TEST_STEP][PASSED] - delay(1): Delayed 1 second(s)

2019-05-13 11:17:24 - [MESSAGE][PASSED] - Delayed 1 second(s)

2019-05-13 11:17:24 - [TEST_STEP][PASSED] - navigateToUrl(voter_id_methods, STOP_ON_FAILURE): Navigate to 'https://am-automation-test.epulsedev2.com/voter_id_methods' successfully

2019-05-13 11:17:25 - [MESSAGE][PASSED] - Navigate to 'https://am-automation-test.epulsedev2.com/voter_id_methods' successfully

2019-05-13 11:17:25 - [TEST_STEP][PASSED] - delay(1): Delayed 1 second(s)

2019-05-13 11:17:26 - [MESSAGE][PASSED] - Delayed 1 second(s)

2019-05-13 11:17:26 - [TEST_STEP][PASSED] - click(findTestObject("Admin Console ePulse Menu/Account Settings/ID Methods/ID Methods Page/Page_Epulse  am-Automation-test/Buttons")): Object: 'Object Repository/Admin Console ePulse Menu/Account Settings/ID Methods/ID Methods Page/Page_Epulse  am-Automation-test/Buttons' is clicked on

2019-05-13 11:17:26 - [MESSAGE][PASSED] - Object: 'Object Repository/Admin Console ePulse Menu/Account Settings/ID Methods/ID Methods Page/Page_Epulse  am-Automation-test/Buttons' is clicked on

2019-05-13 11:17:26 - [TEST_STEP][PASSED] - delay(1): Delayed 1 second(s)

2019-05-13 11:17:27 - [MESSAGE][PASSED] - Delayed 1 second(s)

2019-05-13 11:17:27 - [TEST_STEP][PASSED] - setText(findTestObject("Admin Console ePulse Menu/Account Settings/ID Methods/Buttons/Button Label"), "test"): Text 'test' is set on object 'Object Repository/Admin Console ePulse Menu/Account Settings/ID Methods/Buttons/Button Label'

2019-05-13 11:17:27 - [MESSAGE][PASSED] - Text 'test' is set on object 'Object Repository/Admin Console ePulse Menu/Account Settings/ID Methods/Buttons/Button Label'

2019-05-13 11:17:27 - [TEST_STEP][PASSED] - delay(1): Delayed 1 second(s)

2019-05-13 11:17:28 - [MESSAGE][PASSED] - Delayed 1 second(s)

2019-05-13 11:17:28 - [TEST_STEP][PASSED] - selectOptionByValue(findTestObject("Admin Console ePulse Menu/Account Settings/ID Methods/Buttons/Button Type"), "0", true): All options with value '0' are selected in object 'Object Repository/Admin Console ePulse Menu/Account Settings/ID Methods/Buttons/Button Type'  using regular expression

2019-05-13 11:17:28 - [MESSAGE][PASSED] - All options with value '0' are selected in object 'Object Repository/Admin Console ePulse Menu/Account Settings/ID Methods/Buttons/Button Type'  using regular expression

2019-05-13 11:17:28 - [TEST_STEP][PASSED] - delay(1): Delayed 1 second(s)

2019-05-13 11:17:29 - [MESSAGE][PASSED] - Delayed 1 second(s)

2019-05-13 11:17:29 - [TEST_STEP][PASSED] - click(findTestObject("Admin Console ePulse Menu/Account Settings/ID Methods/Buttons/Add Button(blue  sign)")): Object: 'Object Repository/Admin Console ePulse Menu/Account Settings/ID Methods/Buttons/Add Button(blue  sign)' is clicked on

2019-05-13 11:17:29 - [MESSAGE][PASSED] - Object: 'Object Repository/Admin Console ePulse Menu/Account Settings/ID Methods/Buttons/Add Button(blue  sign)' is clicked on

2019-05-13 11:17:29 - [TEST_STEP][PASSED] - delay(1): Delayed 1 second(s)

2019-05-13 11:17:30 - [MESSAGE][PASSED] - Delayed 1 second(s)

2019-05-13 11:17:30 - [TEST_STEP][PASSED] - setText(findTestObject("Admin Console ePulse Menu/Account Settings/ID Methods/Buttons/Button Label"), "1test"): Text '1test' is set on object 'Object Repository/Admin Console ePulse Menu/Account Settings/ID Methods/Buttons/Button Label'

2019-05-13 11:17:30 - [MESSAGE][PASSED] - Text '1test' is set on object 'Object Repository/Admin Console ePulse Menu/Account Settings/ID Methods/Buttons/Button Label'

2019-05-13 11:17:30 - [TEST_STEP][PASSED] - delay(1): Delayed 1 second(s)

2019-05-13 11:17:31 - [MESSAGE][PASSED] - Delayed 1 second(s)

2019-05-13 11:17:31 - [TEST_STEP][PASSED] - selectOptionByValue(findTestObject("Admin Console ePulse Menu/Account Settings/ID Methods/Buttons/Button Type"), "1", true): All options with value '1' are selected in object 'Object Repository/Admin Console ePulse Menu/Account Settings/ID Methods/Buttons/Button Type'  using regular expression

2019-05-13 11:17:32 - [MESSAGE][PASSED] - All options with value '1' are selected in object 'Object Repository/Admin Console ePulse Menu/Account Settings/ID Methods/Buttons/Button Type'  using regular expression

2019-05-13 11:17:32 - [TEST_STEP][PASSED] - setText(findTestObject("Admin Console ePulse Menu/Account Settings/ID Methods/Buttons/Additional text field"), "Allow to vote", STOP_ON_FAILURE): Text 'Allow to vote' is set on object 'Object Repository/Admin Console ePulse Menu/Account Settings/ID Methods/Buttons/Additional text field'

2019-05-13 11:17:32 - [MESSAGE][PASSED] - Text 'Allow to vote' is set on object 'Object Repository/Admin Console ePulse Menu/Account Settings/ID Methods/Buttons/Additional text field'

2019-05-13 11:17:32 - [TEST_STEP][PASSED] - delay(1): Delayed 1 second(s)

2019-05-13 11:17:33 - [MESSAGE][PASSED] - Delayed 1 second(s)

2019-05-13 11:17:33 - [TEST_STEP][PASSED] - click(findTestObject("Admin Console ePulse Menu/Account Settings/ID Methods/Buttons/Add Button(blue  sign)")): Object: 'Object Repository/Admin Console ePulse Menu/Account Settings/ID Methods/Buttons/Add Button(blue  sign)' is clicked on

2019-05-13 11:17:33 - [MESSAGE][PASSED] - Object: 'Object Repository/Admin Console ePulse Menu/Account Settings/ID Methods/Buttons/Add Button(blue  sign)' is clicked on

2019-05-13 11:17:33 - [TEST_STEP][PASSED] - delay(1): Delayed 1 second(s)

2019-05-13 11:17:34 - [MESSAGE][PASSED] - Delayed 1 second(s)

2019-05-13 11:17:34 - [TEST_STEP][PASSED] - setText(findTestObject("Admin Console ePulse Menu/Account Settings/ID Methods/Buttons/Button Label"), "2test"): Text '2test' is set on object 'Object Repository/Admin Console ePulse Menu/Account Settings/ID Methods/Buttons/Button Label'

2019-05-13 11:17:34 - [MESSAGE][PASSED] - Text '2test' is set on object 'Object Repository/Admin Console ePulse Menu/Account Settings/ID Methods/Buttons/Button Label'

2019-05-13 11:17:34 - [TEST_STEP][PASSED] - delay(1): Delayed 1 second(s)

2019-05-13 11:17:35 - [MESSAGE][PASSED] - Delayed 1 second(s)

2019-05-13 11:17:35 - [TEST_STEP][PASSED] - selectOptionByValue(findTestObject("Admin Console ePulse Menu/Account Settings/ID Methods/Buttons/Button Type"), "2", true): All options with value '2' are selected in object 'Object Repository/Admin Console ePulse Menu/Account Settings/ID Methods/Buttons/Button Type'  using regular expression

2019-05-13 11:17:35 - [MESSAGE][PASSED] - All options with value '2' are selected in object 'Object Repository/Admin Console ePulse Menu/Account Settings/ID Methods/Buttons/Button Type'  using regular expression

2019-05-13 11:17:35 - [TEST_STEP][PASSED] - delay(1): Delayed 1 second(s)

2019-05-13 11:17:36 - [MESSAGE][PASSED] - Delayed 1 second(s)

2019-05-13 11:17:36 - [TEST_STEP][PASSED] - setText(findTestObject("Admin Console ePulse Menu/Account Settings/ID Methods/Buttons/Additional text field"), "asdf"): Text 'asdf' is set on object 'Object Repository/Admin Console ePulse Menu/Account Settings/ID Methods/Buttons/Additional text field'

2019-05-13 11:17:36 - [MESSAGE][PASSED] - Text 'asdf' is set on object 'Object Repository/Admin Console ePulse Menu/Account Settings/ID Methods/Buttons/Additional text field'

2019-05-13 11:17:36 - [TEST_STEP][PASSED] - delay(1): Delayed 1 second(s)

2019-05-13 11:17:37 - [MESSAGE][PASSED] - Delayed 1 second(s)

2019-05-13 11:17:37 - [TEST_STEP][PASSED] - click(findTestObject("Admin Console ePulse Menu/Account Settings/ID Methods/Buttons/Add Button(blue  sign)")): Object: 'Object Repository/Admin Console ePulse Menu/Account Settings/ID Methods/Buttons/Add Button(blue  sign)' is clicked on

2019-05-13 11:17:37 - [MESSAGE][PASSED] - Object: 'Object Repository/Admin Console ePulse Menu/Account Settings/ID Methods/Buttons/Add Button(blue  sign)' is clicked on

2019-05-13 11:17:37 - [TEST_STEP][PASSED] - delay(1): Delayed 1 second(s)

2019-05-13 11:17:38 - [MESSAGE][PASSED] - Delayed 1 second(s)

2019-05-13 11:17:38 - [TEST_STEP][PASSED] - setText(findTestObject("Admin Console ePulse Menu/Account Settings/ID Methods/Buttons/Button Label"), "3test"): Text '3test' is set on object 'Object Repository/Admin Console ePulse Menu/Account Settings/ID Methods/Buttons/Button Label'

2019-05-13 11:17:38 - [MESSAGE][PASSED] - Text '3test' is set on object 'Object Repository/Admin Console ePulse Menu/Account Settings/ID Methods/Buttons/Button Label'

2019-05-13 11:17:38 - [TEST_STEP][PASSED] - delay(1): Delayed 1 second(s)

2019-05-13 11:17:39 - [MESSAGE][PASSED] - Delayed 1 second(s)

2019-05-13 11:17:39 - [TEST_STEP][PASSED] - selectOptionByValue(findTestObject("Admin Console ePulse Menu/Account Settings/ID Methods/Buttons/Button Type"), "3", true): All options with value '3' are selected in object 'Object Repository/Admin Console ePulse Menu/Account Settings/ID Methods/Buttons/Button Type'  using regular expression

2019-05-13 11:17:40 - [MESSAGE][PASSED] - All options with value '3' are selected in object 'Object Repository/Admin Console ePulse Menu/Account Settings/ID Methods/Buttons/Button Type'  using regular expression

2019-05-13 11:17:40 - [TEST_STEP][PASSED] - delay(1): Delayed 1 second(s)

2019-05-13 11:17:41 - [MESSAGE][PASSED] - Delayed 1 second(s)

2019-05-13 11:17:41 - [TEST_STEP][PASSED] - click(findTestObject("Admin Console ePulse Menu/Account Settings/ID Methods/Buttons/Add Button(blue  sign)")): Object: 'Object Repository/Admin Console ePulse Menu/Account Settings/ID Methods/Buttons/Add Button(blue  sign)' is clicked on

2019-05-13 11:17:41 - [MESSAGE][PASSED] - Object: 'Object Repository/Admin Console ePulse Menu/Account Settings/ID Methods/Buttons/Add Button(blue  sign)' is clicked on

2019-05-13 11:17:41 - [TEST_STEP][PASSED] - delay(1): Delayed 1 second(s)

2019-05-13 11:17:42 - [MESSAGE][PASSED] - Delayed 1 second(s)

2019-05-13 11:17:42 - [TEST_STEP][PASSED] - setText(findTestObject("Admin Console ePulse Menu/Account Settings/ID Methods/Buttons/Button Label"), "4test"): Text '4test' is set on object 'Object Repository/Admin Console ePulse Menu/Account Settings/ID Methods/Buttons/Button Label'

2019-05-13 11:17:42 - [MESSAGE][PASSED] - Text '4test' is set on object 'Object Repository/Admin Console ePulse Menu/Account Settings/ID Methods/Buttons/Button Label'

2019-05-13 11:17:42 - [TEST_STEP][PASSED] - delay(1): Delayed 1 second(s)

2019-05-13 11:17:43 - [MESSAGE][PASSED] - Delayed 1 second(s)

2019-05-13 11:17:43 - [TEST_STEP][PASSED] - selectOptionByValue(findTestObject("Admin Console ePulse Menu/Account Settings/ID Methods/Buttons/Button Type"), "4", true): All options with value '4' are selected in object 'Object Repository/Admin Console ePulse Menu/Account Settings/ID Methods/Buttons/Button Type'  using regular expression

2019-05-13 11:17:43 - [MESSAGE][PASSED] - All options with value '4' are selected in object 'Object Repository/Admin Console ePulse Menu/Account Settings/ID Methods/Buttons/Button Type'  using regular expression

2019-05-13 11:17:43 - [TEST_STEP][PASSED] - delay(1): Delayed 1 second(s)

2019-05-13 11:17:44 - [MESSAGE][PASSED] - Delayed 1 second(s)

2019-05-13 11:17:44 - [TEST_STEP][PASSED] - click(findTestObject("Admin Console ePulse Menu/Account Settings/ID Methods/Buttons/Add Button(blue  sign)")): Object: 'Object Repository/Admin Console ePulse Menu/Account Settings/ID Methods/Buttons/Add Button(blue  sign)' is clicked on

2019-05-13 11:17:44 - [MESSAGE][PASSED] - Object: 'Object Repository/Admin Console ePulse Menu/Account Settings/ID Methods/Buttons/Add Button(blue  sign)' is clicked on

2019-05-13 11:17:44 - [TEST_STEP][PASSED] - delay(1): Delayed 1 second(s)

2019-05-13 11:17:45 - [MESSAGE][PASSED] - Delayed 1 second(s)

2019-05-13 11:17:45 - [TEST_STEP][PASSED] - setText(findTestObject("Admin Console ePulse Menu/Account Settings/ID Methods/Buttons/Button Label"), "5test"): Text '5test' is set on object 'Object Repository/Admin Console ePulse Menu/Account Settings/ID Methods/Buttons/Button Label'

2019-05-13 11:17:45 - [MESSAGE][PASSED] - Text '5test' is set on object 'Object Repository/Admin Console ePulse Menu/Account Settings/ID Methods/Buttons/Button Label'

2019-05-13 11:17:45 - [TEST_STEP][PASSED] - delay(1): Delayed 1 second(s)

2019-05-13 11:17:46 - [MESSAGE][PASSED] - Delayed 1 second(s)

2019-05-13 11:17:46 - [TEST_STEP][PASSED] - selectOptionByValue(findTestObject("Admin Console ePulse Menu/Account Settings/ID Methods/Buttons/Button Type"), "5", true): All options with value '5' are selected in object 'Object Repository/Admin Console ePulse Menu/Account Settings/ID Methods/Buttons/Button Type'  using regular expression

2019-05-13 11:17:46 - [MESSAGE][PASSED] - All options with value '5' are selected in object 'Object Repository/Admin Console ePulse Menu/Account Settings/ID Methods/Buttons/Button Type'  using regular expression

2019-05-13 11:17:46 - [TEST_STEP][PASSED] - delay(1): Delayed 1 second(s)

2019-05-13 11:17:47 - [MESSAGE][PASSED] - Delayed 1 second(s)

2019-05-13 11:17:47 - [TEST_STEP][PASSED] - click(findTestObject("Admin Console ePulse Menu/Account Settings/ID Methods/Buttons/Add Button(blue  sign)")): Object: 'Object Repository/Admin Console ePulse Menu/Account Settings/ID Methods/Buttons/Add Button(blue  sign)' is clicked on

2019-05-13 11:17:47 - [MESSAGE][PASSED] - Object: 'Object Repository/Admin Console ePulse Menu/Account Settings/ID Methods/Buttons/Add Button(blue  sign)' is clicked on

2019-05-13 11:17:47 - [TEST_STEP][PASSED] - delay(1): Delayed 1 second(s)

2019-05-13 11:17:48 - [MESSAGE][PASSED] - Delayed 1 second(s)

2019-05-13 11:17:48 - [TEST_STEP][PASSED] - click(findTestObject("Admin Console ePulse Menu/Account Settings/Prompts/Prompt Button Modal/Close Button")): Object: 'Object Repository/Admin Console ePulse Menu/Account Settings/Prompts/Prompt Button Modal/Close Button' is clicked on

2019-05-13 11:17:48 - [MESSAGE][PASSED] - Object: 'Object Repository/Admin Console ePulse Menu/Account Settings/Prompts/Prompt Button Modal/Close Button' is clicked on

2019-05-13 11:17:48 - [TEST_STEP][PASSED] - delay(1): Delayed 1 second(s)

2019-05-13 11:17:49 - [MESSAGE][PASSED] - Delayed 1 second(s)

2019-05-13 11:17:49 - [TEST_STEP][PASSED] - closeBrowser(): Browser is closed

2019-05-13 11:17:50 - [MESSAGE][PASSED] - Browser is closed]]></system-out>
         <system-err><![CDATA[]]></system-err>
      </testcase>
      <testcase name="Test Cases/Admin Console/Account Settings/ID Methods()/ID Methods - Edit" classname="Test Cases/Admin Console/Account Settings/ID Methods()/ID Methods - Edit" status="PASSED">
         <system-out><![CDATA[2019-05-13 11:17:52 - [TEST_CASE][PASSED] - Test Cases/Admin Console/Account Settings/ID Methods()/ID Methods - Edit: Test Cases/Admin Console/Account Settings/ID Methods()/ID Methods - Edit

2019-05-13 11:17:52 - [TEST_STEP][PASSED] - openBrowser(""): Browser is opened with url: ''

2019-05-13 11:17:52 - [MESSAGE][INFO] - Starting 'Chrome' driver

2019-05-13 11:17:53 - [MESSAGE][PASSED] - Browser is opened with url: ''

2019-05-13 11:17:53 - [TEST_STEP][PASSED] - navigateToUrl(URL): Navigate to 'https://epulsedev2.com' successfully

2019-05-13 11:17:55 - [MESSAGE][PASSED] - Navigate to 'https://epulsedev2.com' successfully

2019-05-13 11:17:55 - [TEST_STEP][PASSED] - setText(findTestObject("Login/Email Address"), User_email): Text 'alonzo.mack@knowink.com' is set on object 'Object Repository/Login/Email Address'

2019-05-13 11:17:55 - [MESSAGE][PASSED] - Text 'alonzo.mack@knowink.com' is set on object 'Object Repository/Login/Email Address'

2019-05-13 11:17:55 - [TEST_STEP][PASSED] - setEncryptedText(findTestObject("Login/Password"), Pswrd): Text ****** has been set on object 'Object Repository/Login/Password'

2019-05-13 11:17:55 - [MESSAGE][PASSED] - Text ****** has been set on object 'Object Repository/Login/Password'

2019-05-13 11:17:55 - [TEST_STEP][PASSED] - click(findTestObject("Login/Sign In")): Object: 'Object Repository/Login/Sign In' is clicked on

2019-05-13 11:17:56 - [MESSAGE][PASSED] - Object: 'Object Repository/Login/Sign In' is clicked on

2019-05-13 11:17:56 - [TEST_STEP][PASSED] - delay(1): Delayed 1 second(s)

2019-05-13 11:17:57 - [MESSAGE][PASSED] - Delayed 1 second(s)

2019-05-13 11:17:57 - [TEST_STEP][PASSED] - navigateToUrl(voter_id_methods, STOP_ON_FAILURE): Navigate to 'https://am-automation-test.epulsedev2.com/voter_id_methods' successfully

2019-05-13 11:17:59 - [MESSAGE][PASSED] - Navigate to 'https://am-automation-test.epulsedev2.com/voter_id_methods' successfully

2019-05-13 11:17:59 - [TEST_STEP][PASSED] - delay(1): Delayed 1 second(s)

2019-05-13 11:18:00 - [MESSAGE][PASSED] - Delayed 1 second(s)

2019-05-13 11:18:00 - [TEST_STEP][PASSED] - click(findTestObject("Admin Console ePulse Menu/Account Settings/ID Methods/ID Methods Page/Page_Epulse  am-Automation-test/Edit Selected ID Method")): Object: 'Object Repository/Admin Console ePulse Menu/Account Settings/ID Methods/ID Methods Page/Page_Epulse  am-Automation-test/Edit Selected ID Method' is clicked on

2019-05-13 11:18:00 - [MESSAGE][PASSED] - Object: 'Object Repository/Admin Console ePulse Menu/Account Settings/ID Methods/ID Methods Page/Page_Epulse  am-Automation-test/Edit Selected ID Method' is clicked on

2019-05-13 11:18:00 - [TEST_STEP][PASSED] - setText(findTestObject("Admin Console ePulse Menu/Account Settings/ID Methods/New ID Method Modal/Name"), "Drivers License_Edit"): Text 'Drivers License_Edit' is set on object 'Object Repository/Admin Console ePulse Menu/Account Settings/ID Methods/New ID Method Modal/Name'

2019-05-13 11:18:00 - [MESSAGE][PASSED] - Text 'Drivers License_Edit' is set on object 'Object Repository/Admin Console ePulse Menu/Account Settings/ID Methods/New ID Method Modal/Name'

2019-05-13 11:18:00 - [TEST_STEP][PASSED] - setText(findTestObject("Admin Console ePulse Menu/Account Settings/ID Methods/New ID Method Modal/Heading"), "State Drivers License_Edit"): Text 'State Drivers License_Edit' is set on object 'Object Repository/Admin Console ePulse Menu/Account Settings/ID Methods/New ID Method Modal/Heading'

2019-05-13 11:18:00 - [MESSAGE][PASSED] - Text 'State Drivers License_Edit' is set on object 'Object Repository/Admin Console ePulse Menu/Account Settings/ID Methods/New ID Method Modal/Heading'

2019-05-13 11:18:00 - [TEST_STEP][PASSED] - selectOptionByValue(findTestObject("Admin Console ePulse Menu/Account Settings/ID Methods/New ID Method Modal/Select Color"), "0", true): All options with value '0' are selected in object 'Object Repository/Admin Console ePulse Menu/Account Settings/ID Methods/New ID Method Modal/Select Color'  using regular expression

2019-05-13 11:18:00 - [MESSAGE][PASSED] - All options with value '0' are selected in object 'Object Repository/Admin Console ePulse Menu/Account Settings/ID Methods/New ID Method Modal/Select Color'  using regular expression

2019-05-13 11:18:00 - [TEST_STEP][PASSED] - setText(findTestObject("Admin Console ePulse Menu/Account Settings/ID Methods/New ID Method Modal/Instructions"), "State Drivers License_Edit"): Text 'State Drivers License_Edit' is set on object 'Object Repository/Admin Console ePulse Menu/Account Settings/ID Methods/New ID Method Modal/Instructions'

2019-05-13 11:18:01 - [MESSAGE][PASSED] - Text 'State Drivers License_Edit' is set on object 'Object Repository/Admin Console ePulse Menu/Account Settings/ID Methods/New ID Method Modal/Instructions'

2019-05-13 11:18:01 - [TEST_STEP][PASSED] - setText(findTestObject("Admin Console ePulse Menu/Account Settings/ID Methods/New ID Method Modal/Order"), "2"): Text '2' is set on object 'Object Repository/Admin Console ePulse Menu/Account Settings/ID Methods/New ID Method Modal/Order'

2019-05-13 11:18:01 - [MESSAGE][PASSED] - Text '2' is set on object 'Object Repository/Admin Console ePulse Menu/Account Settings/ID Methods/New ID Method Modal/Order'

2019-05-13 11:18:01 - [TEST_STEP][NOT_RUN] - click(findTestObject("Admin Console ePulse Menu/Account Settings/ID Methods/New ID Method Modal/Show Does Name Match_slider")): NOT_RUN: click(findTestObject("Admin Console ePulse Menu/Account Settings/ID Methods/New ID Method Modal/Show Does Name Match_slider"))

2019-05-13 11:18:01 - [MESSAGE][NOT_RUN] - NOT_RUN: click(findTestObject("Admin Console ePulse Menu/Account Settings/ID Methods/New ID Method Modal/Show Does Name Match_slider"))

2019-05-13 11:18:01 - [TEST_STEP][PASSED] - click(findTestObject("Admin Console ePulse Menu/Account Settings/ID Methods/New ID Method Modal/Show Does Address Match_slider"), STOP_ON_FAILURE): Object: 'Object Repository/Admin Console ePulse Menu/Account Settings/ID Methods/New ID Method Modal/Show Does Address Match_slider' is clicked on

2019-05-13 11:18:01 - [MESSAGE][PASSED] - Object: 'Object Repository/Admin Console ePulse Menu/Account Settings/ID Methods/New ID Method Modal/Show Does Address Match_slider' is clicked on

2019-05-13 11:18:01 - [TEST_STEP][NOT_RUN] - click(findTestObject("Admin Console ePulse Menu/Account Settings/ID Methods/New ID Method Modal/Show is ID Expired_slider"), STOP_ON_FAILURE): NOT_RUN: click(findTestObject("Admin Console ePulse Menu/Account Settings/ID Methods/New ID Method Modal/Show is ID Expired_slider"), STOP_ON_FAILURE)

2019-05-13 11:18:01 - [MESSAGE][NOT_RUN] - NOT_RUN: click(findTestObject("Admin Console ePulse Menu/Account Settings/ID Methods/New ID Method Modal/Show is ID Expired_slider"), STOP_ON_FAILURE)

2019-05-13 11:18:01 - [TEST_STEP][PASSED] - setText(findTestObject("Admin Console ePulse Menu/Account Settings/ID Methods/New ID Method Modal/Page_Epulse  am-Automation-test/Incorrect Heading"), "No Drivers License_Edit?"): Text 'No Drivers License_Edit?' is set on object 'Object Repository/Admin Console ePulse Menu/Account Settings/ID Methods/New ID Method Modal/Page_Epulse  am-Automation-test/Incorrect Heading'

2019-05-13 11:18:01 - [MESSAGE][PASSED] - Text 'No Drivers License_Edit?' is set on object 'Object Repository/Admin Console ePulse Menu/Account Settings/ID Methods/New ID Method Modal/Page_Epulse  am-Automation-test/Incorrect Heading'

2019-05-13 11:18:01 - [TEST_STEP][PASSED] - setText(findTestObject("Admin Console ePulse Menu/Account Settings/ID Methods/New ID Method Modal/Page_Epulse  am-Automation-test/Incorrect Instructions"), "Vote Provisional_Edit"): Text 'Vote Provisional_Edit' is set on object 'Object Repository/Admin Console ePulse Menu/Account Settings/ID Methods/New ID Method Modal/Page_Epulse  am-Automation-test/Incorrect Instructions'

2019-05-13 11:18:01 - [MESSAGE][PASSED] - Text 'Vote Provisional_Edit' is set on object 'Object Repository/Admin Console ePulse Menu/Account Settings/ID Methods/New ID Method Modal/Page_Epulse  am-Automation-test/Incorrect Instructions'

2019-05-13 11:18:01 - [TEST_STEP][PASSED] - click(findTestObject("Admin Console ePulse Menu/Account Settings/ID Methods/New ID Method Modal/Submit"), STOP_ON_FAILURE): Object: 'Object Repository/Admin Console ePulse Menu/Account Settings/ID Methods/New ID Method Modal/Submit' is clicked on

2019-05-13 11:18:01 - [MESSAGE][PASSED] - Object: 'Object Repository/Admin Console ePulse Menu/Account Settings/ID Methods/New ID Method Modal/Submit' is clicked on

2019-05-13 11:18:01 - [TEST_STEP][PASSED] - closeBrowser(): Browser is closed

2019-05-13 11:18:01 - [MESSAGE][PASSED] - Browser is closed]]></system-out>
         <system-err><![CDATA[]]></system-err>
      </testcase>
      <testcase name="Test Cases/Admin Console/Account Settings/ID Methods()/ID Methods - Edit Oath" classname="Test Cases/Admin Console/Account Settings/ID Methods()/ID Methods - Edit Oath" status="PASSED">
         <system-out><![CDATA[2019-05-13 11:18:03 - [TEST_CASE][PASSED] - Test Cases/Admin Console/Account Settings/ID Methods()/ID Methods - Edit Oath: Test Cases/Admin Console/Account Settings/ID Methods()/ID Methods - Edit Oath

2019-05-13 11:18:04 - [TEST_STEP][PASSED] - openBrowser(""): Browser is opened with url: ''

2019-05-13 11:18:04 - [MESSAGE][INFO] - Starting 'Chrome' driver

2019-05-13 11:18:05 - [MESSAGE][PASSED] - Browser is opened with url: ''

2019-05-13 11:18:05 - [TEST_STEP][PASSED] - navigateToUrl(URL): Navigate to 'https://epulsedev2.com' successfully

2019-05-13 11:18:07 - [MESSAGE][PASSED] - Navigate to 'https://epulsedev2.com' successfully

2019-05-13 11:18:07 - [TEST_STEP][PASSED] - setText(findTestObject("Login/Email Address"), User_email): Text 'alonzo.mack@knowink.com' is set on object 'Object Repository/Login/Email Address'

2019-05-13 11:18:07 - [MESSAGE][PASSED] - Text 'alonzo.mack@knowink.com' is set on object 'Object Repository/Login/Email Address'

2019-05-13 11:18:07 - [TEST_STEP][PASSED] - setEncryptedText(findTestObject("Login/Password"), Pswrd): Text ****** has been set on object 'Object Repository/Login/Password'

2019-05-13 11:18:08 - [MESSAGE][PASSED] - Text ****** has been set on object 'Object Repository/Login/Password'

2019-05-13 11:18:08 - [TEST_STEP][PASSED] - click(findTestObject("Login/Sign In")): Object: 'Object Repository/Login/Sign In' is clicked on

2019-05-13 11:18:08 - [MESSAGE][PASSED] - Object: 'Object Repository/Login/Sign In' is clicked on

2019-05-13 11:18:08 - [TEST_STEP][PASSED] - delay(1): Delayed 1 second(s)

2019-05-13 11:18:09 - [MESSAGE][PASSED] - Delayed 1 second(s)

2019-05-13 11:18:09 - [TEST_STEP][PASSED] - navigateToUrl(voter_id_methods, STOP_ON_FAILURE): Navigate to 'https://am-automation-test.epulsedev2.com/voter_id_methods' successfully

2019-05-13 11:18:11 - [MESSAGE][PASSED] - Navigate to 'https://am-automation-test.epulsedev2.com/voter_id_methods' successfully

2019-05-13 11:18:11 - [TEST_STEP][PASSED] - click(findTestObject("Admin Console ePulse Menu/Account Settings/ID Methods/ID Methods Page/Edit ID Method Oath")): Object: 'Object Repository/Admin Console ePulse Menu/Account Settings/ID Methods/ID Methods Page/Edit ID Method Oath' is clicked on

2019-05-13 11:18:11 - [MESSAGE][PASSED] - Object: 'Object Repository/Admin Console ePulse Menu/Account Settings/ID Methods/ID Methods Page/Edit ID Method Oath' is clicked on

2019-05-13 11:18:11 - [TEST_STEP][PASSED] - delay(1): Delayed 1 second(s)

2019-05-13 11:18:12 - [MESSAGE][PASSED] - Delayed 1 second(s)

2019-05-13 11:18:12 - [TEST_STEP][PASSED] - setText(findTestObject("Admin Console ePulse Menu/Account Settings/ID Methods/Edit ID Method Modal/Customized Oath text area"), "Customize the oath displayed to voters. "): Text 'Customize the oath displayed to voters. ' is set on object 'Object Repository/Admin Console ePulse Menu/Account Settings/ID Methods/Edit ID Method Modal/Customized Oath text area'

2019-05-13 11:18:12 - [MESSAGE][PASSED] - Text 'Customize the oath displayed to voters. ' is set on object 'Object Repository/Admin Console ePulse Menu/Account Settings/ID Methods/Edit ID Method Modal/Customized Oath text area'

2019-05-13 11:18:12 - [TEST_STEP][PASSED] - delay(1): Delayed 1 second(s)

2019-05-13 11:18:13 - [MESSAGE][PASSED] - Delayed 1 second(s)

2019-05-13 11:18:13 - [TEST_STEP][PASSED] - click(findTestObject("Admin Console ePulse Menu/Account Settings/ID Methods/Edit ID Method Modal/Submit"), STOP_ON_FAILURE): Object: 'Object Repository/Admin Console ePulse Menu/Account Settings/ID Methods/Edit ID Method Modal/Submit' is clicked on

2019-05-13 11:18:13 - [MESSAGE][PASSED] - Object: 'Object Repository/Admin Console ePulse Menu/Account Settings/ID Methods/Edit ID Method Modal/Submit' is clicked on]]></system-out>
         <system-err><![CDATA[]]></system-err>
      </testcase>
      <testcase name="Test Cases/Admin Console/Account Settings/ID Methods()/ID Methods - Export" classname="Test Cases/Admin Console/Account Settings/ID Methods()/ID Methods - Export" status="PASSED">
         <system-out><![CDATA[2019-05-13 11:18:15 - [TEST_CASE][PASSED] - Test Cases/Admin Console/Account Settings/ID Methods()/ID Methods - Export: Test Cases/Admin Console/Account Settings/ID Methods()/ID Methods - Export

2019-05-13 11:18:15 - [TEST_STEP][PASSED] - openBrowser(""): Browser is opened with url: ''

2019-05-13 11:18:15 - [MESSAGE][WARNING] - A browser is already opened. Closing browser and opening a new one

2019-05-13 11:18:15 - [MESSAGE][INFO] - Starting 'Chrome' driver

2019-05-13 11:18:17 - [MESSAGE][PASSED] - Browser is opened with url: ''

2019-05-13 11:18:17 - [TEST_STEP][PASSED] - navigateToUrl(URL): Navigate to 'https://epulsedev2.com' successfully

2019-05-13 11:18:19 - [MESSAGE][PASSED] - Navigate to 'https://epulsedev2.com' successfully

2019-05-13 11:18:19 - [TEST_STEP][PASSED] - setText(findTestObject("Login/Email Address"), User_email): Text 'alonzo.mack@knowink.com' is set on object 'Object Repository/Login/Email Address'

2019-05-13 11:18:19 - [MESSAGE][PASSED] - Text 'alonzo.mack@knowink.com' is set on object 'Object Repository/Login/Email Address'

2019-05-13 11:18:19 - [TEST_STEP][PASSED] - setEncryptedText(findTestObject("Login/Password"), Pswrd): Text ****** has been set on object 'Object Repository/Login/Password'

2019-05-13 11:18:19 - [MESSAGE][PASSED] - Text ****** has been set on object 'Object Repository/Login/Password'

2019-05-13 11:18:19 - [TEST_STEP][PASSED] - click(findTestObject("Login/Sign In")): Object: 'Object Repository/Login/Sign In' is clicked on

2019-05-13 11:18:20 - [MESSAGE][PASSED] - Object: 'Object Repository/Login/Sign In' is clicked on

2019-05-13 11:18:20 - [TEST_STEP][PASSED] - delay(1): Delayed 1 second(s)

2019-05-13 11:18:21 - [MESSAGE][PASSED] - Delayed 1 second(s)

2019-05-13 11:18:21 - [TEST_STEP][PASSED] - navigateToUrl(voter_id_methods): Navigate to 'https://am-automation-test.epulsedev2.com/voter_id_methods' successfully

2019-05-13 11:18:22 - [MESSAGE][PASSED] - Navigate to 'https://am-automation-test.epulsedev2.com/voter_id_methods' successfully

2019-05-13 11:18:22 - [TEST_STEP][PASSED] - delay(1): Delayed 1 second(s)

2019-05-13 11:18:23 - [MESSAGE][PASSED] - Delayed 1 second(s)

2019-05-13 11:18:23 - [TEST_STEP][PASSED] - click(findTestObject("Admin Console ePulse Menu/Account Settings/ID Methods/ID Methods Page/Export")): Object: 'Object Repository/Admin Console ePulse Menu/Account Settings/ID Methods/ID Methods Page/Export' is clicked on

2019-05-13 11:18:24 - [MESSAGE][PASSED] - Object: 'Object Repository/Admin Console ePulse Menu/Account Settings/ID Methods/ID Methods Page/Export' is clicked on

2019-05-13 11:18:24 - [TEST_STEP][PASSED] - delay(1): Delayed 1 second(s)

2019-05-13 11:18:25 - [MESSAGE][PASSED] - Delayed 1 second(s)

2019-05-13 11:18:25 - [TEST_STEP][PASSED] - closeBrowser(STOP_ON_FAILURE): Browser is closed

2019-05-13 11:18:25 - [MESSAGE][PASSED] - Browser is closed]]></system-out>
         <system-err><![CDATA[]]></system-err>
      </testcase>
      <testcase name="Test Cases/Admin Console/Account Settings/ID Methods()/ID Methods - Import" classname="Test Cases/Admin Console/Account Settings/ID Methods()/ID Methods - Import" status="PASSED">
         <system-out><![CDATA[2019-05-13 11:18:27 - [TEST_CASE][PASSED] - Test Cases/Admin Console/Account Settings/ID Methods()/ID Methods - Import: Test Cases/Admin Console/Account Settings/ID Methods()/ID Methods - Import

2019-05-13 11:18:27 - [TEST_STEP][PASSED] - openBrowser(""): Browser is opened with url: ''

2019-05-13 11:18:27 - [MESSAGE][INFO] - Starting 'Chrome' driver

2019-05-13 11:18:28 - [MESSAGE][PASSED] - Browser is opened with url: ''

2019-05-13 11:18:28 - [TEST_STEP][PASSED] - navigateToUrl(URL): Navigate to 'https://epulsedev2.com' successfully

2019-05-13 11:18:31 - [MESSAGE][PASSED] - Navigate to 'https://epulsedev2.com' successfully

2019-05-13 11:18:31 - [TEST_STEP][PASSED] - setText(findTestObject("Login/Email Address"), User_email): Text 'alonzo.mack@knowink.com' is set on object 'Object Repository/Login/Email Address'

2019-05-13 11:18:31 - [MESSAGE][PASSED] - Text 'alonzo.mack@knowink.com' is set on object 'Object Repository/Login/Email Address'

2019-05-13 11:18:31 - [TEST_STEP][PASSED] - setEncryptedText(findTestObject("Login/Password"), Pswrd): Text ****** has been set on object 'Object Repository/Login/Password'

2019-05-13 11:18:31 - [MESSAGE][PASSED] - Text ****** has been set on object 'Object Repository/Login/Password'

2019-05-13 11:18:31 - [TEST_STEP][PASSED] - click(findTestObject("Login/Sign In")): Object: 'Object Repository/Login/Sign In' is clicked on

2019-05-13 11:18:32 - [MESSAGE][PASSED] - Object: 'Object Repository/Login/Sign In' is clicked on

2019-05-13 11:18:32 - [TEST_STEP][PASSED] - delay(1): Delayed 1 second(s)

2019-05-13 11:18:33 - [MESSAGE][PASSED] - Delayed 1 second(s)

2019-05-13 11:18:33 - [TEST_STEP][PASSED] - navigateToUrl(voter_id_methods, STOP_ON_FAILURE): Navigate to 'https://am-automation-test.epulsedev2.com/voter_id_methods' successfully

2019-05-13 11:18:34 - [MESSAGE][PASSED] - Navigate to 'https://am-automation-test.epulsedev2.com/voter_id_methods' successfully

2019-05-13 11:18:34 - [TEST_STEP][PASSED] - click(findTestObject("Admin Console ePulse Menu/Account Settings/ID Methods/ID Methods Page/Import")): Object: 'Object Repository/Admin Console ePulse Menu/Account Settings/ID Methods/ID Methods Page/Import' is clicked on

2019-05-13 11:18:35 - [MESSAGE][PASSED] - Object: 'Object Repository/Admin Console ePulse Menu/Account Settings/ID Methods/ID Methods Page/Import' is clicked on

2019-05-13 11:18:35 - [TEST_STEP][PASSED] - setText(findTestObject("Admin Console ePulse Menu/Account Settings/Prompts/Import Prompts Buttons/Choose File"), "/Users/alonzomack/Downloads/Automation uploads/voter_id_methods.txt"): Text '/Users/alonzomack/Downloads/Automation uploads/voter_id_methods.txt' is set on object 'Object Repository/Admin Console ePulse Menu/Account Settings/Prompts/Import Prompts Buttons/Choose File'

2019-05-13 11:18:35 - [MESSAGE][PASSED] - Text '/Users/alonzomack/Downloads/Automation uploads/voter_id_methods.txt' is set on object 'Object Repository/Admin Console ePulse Menu/Account Settings/Prompts/Import Prompts Buttons/Choose File'

2019-05-13 11:18:35 - [TEST_STEP][PASSED] - click(findTestObject("Admin Console ePulse Menu/Account Settings/Prompts/Import Prompts Buttons/Continue Button")): Object: 'Object Repository/Admin Console ePulse Menu/Account Settings/Prompts/Import Prompts Buttons/Continue Button' is clicked on

2019-05-13 11:18:35 - [MESSAGE][PASSED] - Object: 'Object Repository/Admin Console ePulse Menu/Account Settings/Prompts/Import Prompts Buttons/Continue Button' is clicked on

2019-05-13 11:18:35 - [TEST_STEP][PASSED] - delay(1): Delayed 1 second(s)

2019-05-13 11:18:36 - [MESSAGE][PASSED] - Delayed 1 second(s)

2019-05-13 11:18:36 - [TEST_STEP][PASSED] - click(findTestObject("Admin Console ePulse Menu/Account Settings/Prompts/Import Prompts Buttons/button_Done(working)")): Object: 'Object Repository/Admin Console ePulse Menu/Account Settings/Prompts/Import Prompts Buttons/button_Done(working)' is clicked on

2019-05-13 11:18:39 - [MESSAGE][PASSED] - Object: 'Object Repository/Admin Console ePulse Menu/Account Settings/Prompts/Import Prompts Buttons/button_Done(working)' is clicked on]]></system-out>
         <system-err><![CDATA[]]></system-err>
      </testcase>
      <testcase name="Test Cases/Admin Console/Account Settings/ID Methods()/ID Methods - Delete" classname="Test Cases/Admin Console/Account Settings/ID Methods()/ID Methods - Delete" status="PASSED">
         <system-out><![CDATA[2019-05-13 11:18:41 - [TEST_CASE][PASSED] - Test Cases/Admin Console/Account Settings/ID Methods()/ID Methods - Delete: Test Cases/Admin Console/Account Settings/ID Methods()/ID Methods - Delete

2019-05-13 11:18:42 - [TEST_STEP][PASSED] - openBrowser(""): Browser is opened with url: ''

2019-05-13 11:18:42 - [MESSAGE][WARNING] - A browser is already opened. Closing browser and opening a new one

2019-05-13 11:18:42 - [MESSAGE][INFO] - Starting 'Chrome' driver

2019-05-13 11:18:43 - [MESSAGE][PASSED] - Browser is opened with url: ''

2019-05-13 11:18:43 - [TEST_STEP][PASSED] - navigateToUrl(URL): Navigate to 'https://epulsedev2.com' successfully

2019-05-13 11:18:45 - [MESSAGE][PASSED] - Navigate to 'https://epulsedev2.com' successfully

2019-05-13 11:18:45 - [TEST_STEP][PASSED] - setText(findTestObject("Login/Email Address"), User_email): Text 'alonzo.mack@knowink.com' is set on object 'Object Repository/Login/Email Address'

2019-05-13 11:18:45 - [MESSAGE][PASSED] - Text 'alonzo.mack@knowink.com' is set on object 'Object Repository/Login/Email Address'

2019-05-13 11:18:45 - [TEST_STEP][PASSED] - setEncryptedText(findTestObject("Login/Password"), Pswrd): Text ****** has been set on object 'Object Repository/Login/Password'

2019-05-13 11:18:45 - [MESSAGE][PASSED] - Text ****** has been set on object 'Object Repository/Login/Password'

2019-05-13 11:18:45 - [TEST_STEP][PASSED] - click(findTestObject("Login/Sign In")): Object: 'Object Repository/Login/Sign In' is clicked on

2019-05-13 11:18:46 - [MESSAGE][PASSED] - Object: 'Object Repository/Login/Sign In' is clicked on

2019-05-13 11:18:46 - [TEST_STEP][PASSED] - delay(1): Delayed 1 second(s)

2019-05-13 11:18:47 - [MESSAGE][PASSED] - Delayed 1 second(s)

2019-05-13 11:18:47 - [TEST_STEP][PASSED] - navigateToUrl(voter_id_methods, STOP_ON_FAILURE): Navigate to 'https://am-automation-test.epulsedev2.com/voter_id_methods' successfully

2019-05-13 11:18:48 - [MESSAGE][PASSED] - Navigate to 'https://am-automation-test.epulsedev2.com/voter_id_methods' successfully

2019-05-13 11:18:48 - [TEST_STEP][PASSED] - delay(1): Delayed 1 second(s)

2019-05-13 11:18:49 - [MESSAGE][PASSED] - Delayed 1 second(s)

2019-05-13 11:18:49 - [TEST_STEP][PASSED] - click(findTestObject("Admin Console ePulse Menu/Account Settings/ID Methods/ID Methods Page/Page_Epulse  am-Automation-test/Delete Selected ID Method")): Object: 'Object Repository/Admin Console ePulse Menu/Account Settings/ID Methods/ID Methods Page/Page_Epulse  am-Automation-test/Delete Selected ID Method' is clicked on

2019-05-13 11:18:50 - [MESSAGE][PASSED] - Object: 'Object Repository/Admin Console ePulse Menu/Account Settings/ID Methods/ID Methods Page/Page_Epulse  am-Automation-test/Delete Selected ID Method' is clicked on

2019-05-13 11:18:50 - [TEST_STEP][PASSED] - delay(3): Delayed 3 second(s)

2019-05-13 11:18:53 - [MESSAGE][PASSED] - Delayed 3 second(s)

2019-05-13 11:18:53 - [TEST_STEP][PASSED] - acceptAlert(): Alert accepted

2019-05-13 11:18:53 - [MESSAGE][PASSED] - Alert accepted

2019-05-13 11:18:53 - [TEST_STEP][PASSED] - closeBrowser(): Browser is closed

2019-05-13 11:18:53 - [MESSAGE][PASSED] - Browser is closed]]></system-out>
         <system-err><![CDATA[]]></system-err>
      </testcase>
      <testcase name="Test Cases/Admin Console/Account Settings/Oaths()/Oaths - Add" classname="Test Cases/Admin Console/Account Settings/Oaths()/Oaths - Add" status="FAILED">
         <failure type="FAILED" message="Test Cases/Admin Console/Account Settings/Oaths()/Oaths - Add FAILED.
Reason:
com.kms.katalon.core.exception.StepFailedException: Unable to set text 'Oath Instructions' of object 'Object Repository/Admin Console ePulse Menu/Account Settings/Oaths/Add_Edit Oath/Oath Instructions' (Root cause: org.openqa.selenium.ElementNotVisibleException: element not interactable
  (Session info: chrome=74.0.3729.131)
  (Driver info: chromedriver=2.43.600229 (3fae4d0cda5334b4f533bede5a4787f7b832d052),platform=Mac OS X 10.13.3 x86_64) (WARNING: The server did not provide any stacktrace information)
Command duration or timeout: 0 milliseconds
Build info: version: '3.7.1', revision: '8a0099a', time: '2017-11-06T21:07:36.161Z'
System info: host: 'QAs-MacBook-Pro-2.local', ip: '2600:6c40:5400:153d:f5a6:601:affc:661a%en0', os.name: 'Mac OS X', os.arch: 'x86_64', os.version: '10.13.3', java.version: '1.8.0_181'
Driver info: com.kms.katalon.selenium.driver.CChromeDriver
Capabilities {acceptInsecureCerts: false, acceptSslCerts: false, applicationCacheEnabled: false, browserConnectionEnabled: false, browserName: chrome, chrome: {chromedriverVersion: 2.43.600229 (3fae4d0cda5334..., userDataDir: /var/folders/p5/lldhhw894tb...}, cssSelectorsEnabled: true, databaseEnabled: false, goog:chromeOptions: {debuggerAddress: localhost:53488}, handlesAlerts: true, hasTouchScreen: false, javascriptEnabled: true, locationContextEnabled: true, mobileEmulationEnabled: false, nativeEvents: true, networkConnectionEnabled: false, pageLoadStrategy: normal, platform: MAC, platformName: MAC, rotatable: false, setWindowRect: true, takesHeapSnapshot: true, takesScreenshot: true, unexpectedAlertBehaviour: , unhandledPromptBehavior: , version: 74.0.3729.131, webStorageEnabled: true}
Session ID: 5cb41a511443fb3cca86d3830b297a46)
	at com.kms.katalon.core.keyword.internal.KeywordMain.stepFailed(KeywordMain.groovy:36)
	at com.kms.katalon.core.webui.keyword.internal.WebUIKeywordMain.stepFailed(WebUIKeywordMain.groovy:65)
	at com.kms.katalon.core.webui.keyword.internal.WebUIKeywordMain.runKeyword(WebUIKeywordMain.groovy:27)
	at com.kms.katalon.core.webui.keyword.builtin.SetTextKeyword.setText(SetTextKeyword.groovy:65)
	at com.kms.katalon.core.webui.keyword.builtin.SetTextKeyword.execute(SetTextKeyword.groovy:37)
	at com.kms.katalon.core.keyword.internal.KeywordExecutor.executeKeywordForPlatform(KeywordExecutor.groovy:53)
	at com.kms.katalon.core.webui.keyword.WebUiBuiltInKeywords.setText(WebUiBuiltInKeywords.groovy:950)
	at com.kms.katalon.core.webui.keyword.WebUiBuiltInKeywords$setText$1.call(Unknown Source)
	at Oaths - Add.run(Oaths - Add:49)
	at com.kms.katalon.core.main.ScriptEngine.run(ScriptEngine.java:194)
	at com.kms.katalon.core.main.ScriptEngine.runScriptAsRawText(ScriptEngine.java:119)
	at com.kms.katalon.core.main.TestCaseExecutor.runScript(TestCaseExecutor.java:328)
	at com.kms.katalon.core.main.TestCaseExecutor.doExecute(TestCaseExecutor.java:319)
	at com.kms.katalon.core.main.TestCaseExecutor.processExecutionPhase(TestCaseExecutor.java:298)
	at com.kms.katalon.core.main.TestCaseExecutor.accessMainPhase(TestCaseExecutor.java:290)
	at com.kms.katalon.core.main.TestCaseExecutor.execute(TestCaseExecutor.java:224)
	at com.kms.katalon.core.main.TestSuiteExecutor.accessTestCaseMainPhase(TestSuiteExecutor.java:129)
	at com.kms.katalon.core.main.TestSuiteExecutor.accessTestSuiteMainPhase(TestSuiteExecutor.java:112)
	at com.kms.katalon.core.main.TestSuiteExecutor.execute(TestSuiteExecutor.java:81)
	at com.kms.katalon.core.main.TestCaseMain.startTestSuite(TestCaseMain.java:149)
	at com.kms.katalon.core.main.TestCaseMain$startTestSuite$0.call(Unknown Source)
	at TempTestSuite1557763859677.run(TempTestSuite1557763859677.groovy:36)
"/>
         <system-out><![CDATA[2019-05-13 11:18:55 - [TEST_CASE][FAILED] - Test Cases/Admin Console/Account Settings/Oaths()/Oaths - Add: Test Cases/Admin Console/Account Settings/Oaths()/Oaths - Add FAILED.
Reason:
com.kms.katalon.core.exception.StepFailedException: Unable to set text 'Oath Instructions' of object 'Object Repository/Admin Console ePulse Menu/Account Settings/Oaths/Add_Edit Oath/Oath Instructions' (Root cause: org.openqa.selenium.ElementNotVisibleException: element not interactable
  (Session info: chrome=74.0.3729.131)
  (Driver info: chromedriver=2.43.600229 (3fae4d0cda5334b4f533bede5a4787f7b832d052),platform=Mac OS X 10.13.3 x86_64) (WARNING: The server did not provide any stacktrace information)
Command duration or timeout: 0 milliseconds
Build info: version: '3.7.1', revision: '8a0099a', time: '2017-11-06T21:07:36.161Z'
System info: host: 'QAs-MacBook-Pro-2.local', ip: '2600:6c40:5400:153d:f5a6:601:affc:661a%en0', os.name: 'Mac OS X', os.arch: 'x86_64', os.version: '10.13.3', java.version: '1.8.0_181'
Driver info: com.kms.katalon.selenium.driver.CChromeDriver
Capabilities {acceptInsecureCerts: false, acceptSslCerts: false, applicationCacheEnabled: false, browserConnectionEnabled: false, browserName: chrome, chrome: {chromedriverVersion: 2.43.600229 (3fae4d0cda5334..., userDataDir: /var/folders/p5/lldhhw894tb...}, cssSelectorsEnabled: true, databaseEnabled: false, goog:chromeOptions: {debuggerAddress: localhost:53488}, handlesAlerts: true, hasTouchScreen: false, javascriptEnabled: true, locationContextEnabled: true, mobileEmulationEnabled: false, nativeEvents: true, networkConnectionEnabled: false, pageLoadStrategy: normal, platform: MAC, platformName: MAC, rotatable: false, setWindowRect: true, takesHeapSnapshot: true, takesScreenshot: true, unexpectedAlertBehaviour: , unhandledPromptBehavior: , version: 74.0.3729.131, webStorageEnabled: true}
Session ID: 5cb41a511443fb3cca86d3830b297a46)
	at com.kms.katalon.core.keyword.internal.KeywordMain.stepFailed(KeywordMain.groovy:36)
	at com.kms.katalon.core.webui.keyword.internal.WebUIKeywordMain.stepFailed(WebUIKeywordMain.groovy:65)
	at com.kms.katalon.core.webui.keyword.internal.WebUIKeywordMain.runKeyword(WebUIKeywordMain.groovy:27)
	at com.kms.katalon.core.webui.keyword.builtin.SetTextKeyword.setText(SetTextKeyword.groovy:65)
	at com.kms.katalon.core.webui.keyword.builtin.SetTextKeyword.execute(SetTextKeyword.groovy:37)
	at com.kms.katalon.core.keyword.internal.KeywordExecutor.executeKeywordForPlatform(KeywordExecutor.groovy:53)
	at com.kms.katalon.core.webui.keyword.WebUiBuiltInKeywords.setText(WebUiBuiltInKeywords.groovy:950)
	at com.kms.katalon.core.webui.keyword.WebUiBuiltInKeywords$setText$1.call(Unknown Source)
	at Oaths - Add.run(Oaths - Add:49)
	at com.kms.katalon.core.main.ScriptEngine.run(ScriptEngine.java:194)
	at com.kms.katalon.core.main.ScriptEngine.runScriptAsRawText(ScriptEngine.java:119)
	at com.kms.katalon.core.main.TestCaseExecutor.runScript(TestCaseExecutor.java:328)
	at com.kms.katalon.core.main.TestCaseExecutor.doExecute(TestCaseExecutor.java:319)
	at com.kms.katalon.core.main.TestCaseExecutor.processExecutionPhase(TestCaseExecutor.java:298)
	at com.kms.katalon.core.main.TestCaseExecutor.accessMainPhase(TestCaseExecutor.java:290)
	at com.kms.katalon.core.main.TestCaseExecutor.execute(TestCaseExecutor.java:224)
	at com.kms.katalon.core.main.TestSuiteExecutor.accessTestCaseMainPhase(TestSuiteExecutor.java:129)
	at com.kms.katalon.core.main.TestSuiteExecutor.accessTestSuiteMainPhase(TestSuiteExecutor.java:112)
	at com.kms.katalon.core.main.TestSuiteExecutor.execute(TestSuiteExecutor.java:81)
	at com.kms.katalon.core.main.TestCaseMain.startTestSuite(TestCaseMain.java:149)
	at com.kms.katalon.core.main.TestCaseMain$startTestSuite$0.call(Unknown Source)
	at TempTestSuite1557763859677.run(TempTestSuite1557763859677.groovy:36)


2019-05-13 11:18:55 - [TEST_STEP][PASSED] - openBrowser(""): Browser is opened with url: ''

2019-05-13 11:18:55 - [MESSAGE][INFO] - Starting 'Chrome' driver

2019-05-13 11:18:56 - [MESSAGE][PASSED] - Browser is opened with url: ''

2019-05-13 11:18:56 - [TEST_STEP][PASSED] - navigateToUrl(URL): Navigate to 'https://epulsedev2.com' successfully

2019-05-13 11:18:59 - [MESSAGE][PASSED] - Navigate to 'https://epulsedev2.com' successfully

2019-05-13 11:18:59 - [TEST_STEP][PASSED] - setText(findTestObject("Login/Email Address"), User_email): Text 'alonzo.mack@knowink.com' is set on object 'Object Repository/Login/Email Address'

2019-05-13 11:18:59 - [MESSAGE][PASSED] - Text 'alonzo.mack@knowink.com' is set on object 'Object Repository/Login/Email Address'

2019-05-13 11:18:59 - [TEST_STEP][PASSED] - setEncryptedText(findTestObject("Login/Password"), Pswrd): Text ****** has been set on object 'Object Repository/Login/Password'

2019-05-13 11:18:59 - [MESSAGE][PASSED] - Text ****** has been set on object 'Object Repository/Login/Password'

2019-05-13 11:18:59 - [TEST_STEP][PASSED] - click(findTestObject("Login/Sign In")): Object: 'Object Repository/Login/Sign In' is clicked on

2019-05-13 11:19:00 - [MESSAGE][PASSED] - Object: 'Object Repository/Login/Sign In' is clicked on

2019-05-13 11:19:00 - [TEST_STEP][PASSED] - delay(1): Delayed 1 second(s)

2019-05-13 11:19:01 - [MESSAGE][PASSED] - Delayed 1 second(s)

2019-05-13 11:19:01 - [TEST_STEP][PASSED] - navigateToUrl(Oaths, STOP_ON_FAILURE): Navigate to 'https://am-automation-test.epulsedev2.com/account_oaths' successfully

2019-05-13 11:19:02 - [MESSAGE][PASSED] - Navigate to 'https://am-automation-test.epulsedev2.com/account_oaths' successfully

2019-05-13 11:19:02 - [TEST_STEP][PASSED] - delay(1): Delayed 1 second(s)

2019-05-13 11:19:03 - [MESSAGE][PASSED] - Delayed 1 second(s)

2019-05-13 11:19:03 - [TEST_STEP][PASSED] - click(findTestObject("Admin Console ePulse Menu/Account Settings/Oaths/New Oath")): Object: 'Object Repository/Admin Console ePulse Menu/Account Settings/Oaths/New Oath' is clicked on

2019-05-13 11:19:03 - [MESSAGE][PASSED] - Object: 'Object Repository/Admin Console ePulse Menu/Account Settings/Oaths/New Oath' is clicked on

2019-05-13 11:19:03 - [TEST_STEP][PASSED] - setText(findTestObject("Admin Console ePulse Menu/Account Settings/Oaths/Add_Edit Oath/Oath Name"), "ID Method"): Text 'ID Method' is set on object 'Object Repository/Admin Console ePulse Menu/Account Settings/Oaths/Add_Edit Oath/Oath Name'

2019-05-13 11:19:04 - [MESSAGE][PASSED] - Text 'ID Method' is set on object 'Object Repository/Admin Console ePulse Menu/Account Settings/Oaths/Add_Edit Oath/Oath Name'

2019-05-13 11:19:04 - [TEST_STEP][FAILED] - setText(findTestObject("Admin Console ePulse Menu/Account Settings/Oaths/Add_Edit Oath/Oath Instructions"), "Oath Instructions"): setText(findTestObject("Admin Console ePulse Menu/Account Settings/Oaths/Add_Edit Oath/Oath Instructions"), "Oath Instructions") FAILED.
Reason:
com.kms.katalon.core.exception.StepFailedException: Unable to set text 'Oath Instructions' of object 'Object Repository/Admin Console ePulse Menu/Account Settings/Oaths/Add_Edit Oath/Oath Instructions' (Root cause: org.openqa.selenium.ElementNotVisibleException: element not interactable
  (Session info: chrome=74.0.3729.131)
  (Driver info: chromedriver=2.43.600229 (3fae4d0cda5334b4f533bede5a4787f7b832d052),platform=Mac OS X 10.13.3 x86_64) (WARNING: The server did not provide any stacktrace information)
Command duration or timeout: 0 milliseconds
Build info: version: '3.7.1', revision: '8a0099a', time: '2017-11-06T21:07:36.161Z'
System info: host: 'QAs-MacBook-Pro-2.local', ip: '2600:6c40:5400:153d:f5a6:601:affc:661a%en0', os.name: 'Mac OS X', os.arch: 'x86_64', os.version: '10.13.3', java.version: '1.8.0_181'
Driver info: com.kms.katalon.selenium.driver.CChromeDriver
Capabilities {acceptInsecureCerts: false, acceptSslCerts: false, applicationCacheEnabled: false, browserConnectionEnabled: false, browserName: chrome, chrome: {chromedriverVersion: 2.43.600229 (3fae4d0cda5334..., userDataDir: /var/folders/p5/lldhhw894tb...}, cssSelectorsEnabled: true, databaseEnabled: false, goog:chromeOptions: {debuggerAddress: localhost:53488}, handlesAlerts: true, hasTouchScreen: false, javascriptEnabled: true, locationContextEnabled: true, mobileEmulationEnabled: false, nativeEvents: true, networkConnectionEnabled: false, pageLoadStrategy: normal, platform: MAC, platformName: MAC, rotatable: false, setWindowRect: true, takesHeapSnapshot: true, takesScreenshot: true, unexpectedAlertBehaviour: , unhandledPromptBehavior: , version: 74.0.3729.131, webStorageEnabled: true}
Session ID: 5cb41a511443fb3cca86d3830b297a46)
	at com.kms.katalon.core.keyword.internal.KeywordMain.stepFailed(KeywordMain.groovy:36)
	at com.kms.katalon.core.webui.keyword.internal.WebUIKeywordMain.stepFailed(WebUIKeywordMain.groovy:65)
	at com.kms.katalon.core.webui.keyword.internal.WebUIKeywordMain.runKeyword(WebUIKeywordMain.groovy:27)
	at com.kms.katalon.core.webui.keyword.builtin.SetTextKeyword.setText(SetTextKeyword.groovy:65)
	at com.kms.katalon.core.webui.keyword.builtin.SetTextKeyword.execute(SetTextKeyword.groovy:37)
	at com.kms.katalon.core.keyword.internal.KeywordExecutor.executeKeywordForPlatform(KeywordExecutor.groovy:53)
	at com.kms.katalon.core.webui.keyword.WebUiBuiltInKeywords.setText(WebUiBuiltInKeywords.groovy:950)
	at com.kms.katalon.core.webui.keyword.WebUiBuiltInKeywords$setText$1.call(Unknown Source)
	at Oaths - Add.run(Oaths - Add:49)
	at com.kms.katalon.core.main.ScriptEngine.run(ScriptEngine.java:194)
	at com.kms.katalon.core.main.ScriptEngine.runScriptAsRawText(ScriptEngine.java:119)
	at com.kms.katalon.core.main.TestCaseExecutor.runScript(TestCaseExecutor.java:328)
	at com.kms.katalon.core.main.TestCaseExecutor.doExecute(TestCaseExecutor.java:319)
	at com.kms.katalon.core.main.TestCaseExecutor.processExecutionPhase(TestCaseExecutor.java:298)
	at com.kms.katalon.core.main.TestCaseExecutor.accessMainPhase(TestCaseExecutor.java:290)
	at com.kms.katalon.core.main.TestCaseExecutor.execute(TestCaseExecutor.java:224)
	at com.kms.katalon.core.main.TestSuiteExecutor.accessTestCaseMainPhase(TestSuiteExecutor.java:129)
	at com.kms.katalon.core.main.TestSuiteExecutor.accessTestSuiteMainPhase(TestSuiteExecutor.java:112)
	at com.kms.katalon.core.main.TestSuiteExecutor.execute(TestSuiteExecutor.java:81)
	at com.kms.katalon.core.main.TestCaseMain.startTestSuite(TestCaseMain.java:149)
	at com.kms.katalon.core.main.TestCaseMain$startTestSuite$0.call(Unknown Source)
	at TempTestSuite1557763859677.run(TempTestSuite1557763859677.groovy:36)


2019-05-13 11:19:04 - [MESSAGE][FAILED] - Unable to set text 'Oath Instructions' of object 'Object Repository/Admin Console ePulse Menu/Account Settings/Oaths/Add_Edit Oath/Oath Instructions' (Root cause: org.openqa.selenium.ElementNotVisibleException: element not interactable
  (Session info: chrome=74.0.3729.131)
  (Driver info: chromedriver=2.43.600229 (3fae4d0cda5334b4f533bede5a4787f7b832d052),platform=Mac OS X 10.13.3 x86_64) (WARNING: The server did not provide any stacktrace information)
Command duration or timeout: 0 milliseconds
Build info: version: '3.7.1', revision: '8a0099a', time: '2017-11-06T21:07:36.161Z'
System info: host: 'QAs-MacBook-Pro-2.local', ip: '2600:6c40:5400:153d:f5a6:601:affc:661a%en0', os.name: 'Mac OS X', os.arch: 'x86_64', os.version: '10.13.3', java.version: '1.8.0_181'
Driver info: com.kms.katalon.selenium.driver.CChromeDriver
Capabilities {acceptInsecureCerts: false, acceptSslCerts: false, applicationCacheEnabled: false, browserConnectionEnabled: false, browserName: chrome, chrome: {chromedriverVersion: 2.43.600229 (3fae4d0cda5334..., userDataDir: /var/folders/p5/lldhhw894tb...}, cssSelectorsEnabled: true, databaseEnabled: false, goog:chromeOptions: {debuggerAddress: localhost:53488}, handlesAlerts: true, hasTouchScreen: false, javascriptEnabled: true, locationContextEnabled: true, mobileEmulationEnabled: false, nativeEvents: true, networkConnectionEnabled: false, pageLoadStrategy: normal, platform: MAC, platformName: MAC, rotatable: false, setWindowRect: true, takesHeapSnapshot: true, takesScreenshot: true, unexpectedAlertBehaviour: , unhandledPromptBehavior: , version: 74.0.3729.131, webStorageEnabled: true}
Session ID: 5cb41a511443fb3cca86d3830b297a46)
[[ATTACHMENT|/Users/alonzomack/Katalon Studio/Regression/Reports/dev_staging smoketest/20190513_111059/1557764344270.png]]

2019-05-13 11:19:04 - [MESSAGE][FAILED] - setText(findTestObject("Admin Console ePulse Menu/Account Settings/Oaths/Add_Edit Oath/Oath Instructions"), "Oath Instructions") FAILED.
Reason:
com.kms.katalon.core.exception.StepFailedException: Unable to set text 'Oath Instructions' of object 'Object Repository/Admin Console ePulse Menu/Account Settings/Oaths/Add_Edit Oath/Oath Instructions' (Root cause: org.openqa.selenium.ElementNotVisibleException: element not interactable
  (Session info: chrome=74.0.3729.131)
  (Driver info: chromedriver=2.43.600229 (3fae4d0cda5334b4f533bede5a4787f7b832d052),platform=Mac OS X 10.13.3 x86_64) (WARNING: The server did not provide any stacktrace information)
Command duration or timeout: 0 milliseconds
Build info: version: '3.7.1', revision: '8a0099a', time: '2017-11-06T21:07:36.161Z'
System info: host: 'QAs-MacBook-Pro-2.local', ip: '2600:6c40:5400:153d:f5a6:601:affc:661a%en0', os.name: 'Mac OS X', os.arch: 'x86_64', os.version: '10.13.3', java.version: '1.8.0_181'
Driver info: com.kms.katalon.selenium.driver.CChromeDriver
Capabilities {acceptInsecureCerts: false, acceptSslCerts: false, applicationCacheEnabled: false, browserConnectionEnabled: false, browserName: chrome, chrome: {chromedriverVersion: 2.43.600229 (3fae4d0cda5334..., userDataDir: /var/folders/p5/lldhhw894tb...}, cssSelectorsEnabled: true, databaseEnabled: false, goog:chromeOptions: {debuggerAddress: localhost:53488}, handlesAlerts: true, hasTouchScreen: false, javascriptEnabled: true, locationContextEnabled: true, mobileEmulationEnabled: false, nativeEvents: true, networkConnectionEnabled: false, pageLoadStrategy: normal, platform: MAC, platformName: MAC, rotatable: false, setWindowRect: true, takesHeapSnapshot: true, takesScreenshot: true, unexpectedAlertBehaviour: , unhandledPromptBehavior: , version: 74.0.3729.131, webStorageEnabled: true}
Session ID: 5cb41a511443fb3cca86d3830b297a46)
	at com.kms.katalon.core.keyword.internal.KeywordMain.stepFailed(KeywordMain.groovy:36)
	at com.kms.katalon.core.webui.keyword.internal.WebUIKeywordMain.stepFailed(WebUIKeywordMain.groovy:65)
	at com.kms.katalon.core.webui.keyword.internal.WebUIKeywordMain.runKeyword(WebUIKeywordMain.groovy:27)
	at com.kms.katalon.core.webui.keyword.builtin.SetTextKeyword.setText(SetTextKeyword.groovy:65)
	at com.kms.katalon.core.webui.keyword.builtin.SetTextKeyword.execute(SetTextKeyword.groovy:37)
	at com.kms.katalon.core.keyword.internal.KeywordExecutor.executeKeywordForPlatform(KeywordExecutor.groovy:53)
	at com.kms.katalon.core.webui.keyword.WebUiBuiltInKeywords.setText(WebUiBuiltInKeywords.groovy:950)
	at com.kms.katalon.core.webui.keyword.WebUiBuiltInKeywords$setText$1.call(Unknown Source)
	at Oaths - Add.run(Oaths - Add:49)
	at com.kms.katalon.core.main.ScriptEngine.run(ScriptEngine.java:194)
	at com.kms.katalon.core.main.ScriptEngine.runScriptAsRawText(ScriptEngine.java:119)
	at com.kms.katalon.core.main.TestCaseExecutor.runScript(TestCaseExecutor.java:328)
	at com.kms.katalon.core.main.TestCaseExecutor.doExecute(TestCaseExecutor.java:319)
	at com.kms.katalon.core.main.TestCaseExecutor.processExecutionPhase(TestCaseExecutor.java:298)
	at com.kms.katalon.core.main.TestCaseExecutor.accessMainPhase(TestCaseExecutor.java:290)
	at com.kms.katalon.core.main.TestCaseExecutor.execute(TestCaseExecutor.java:224)
	at com.kms.katalon.core.main.TestSuiteExecutor.accessTestCaseMainPhase(TestSuiteExecutor.java:129)
	at com.kms.katalon.core.main.TestSuiteExecutor.accessTestSuiteMainPhase(TestSuiteExecutor.java:112)
	at com.kms.katalon.core.main.TestSuiteExecutor.execute(TestSuiteExecutor.java:81)
	at com.kms.katalon.core.main.TestCaseMain.startTestSuite(TestCaseMain.java:149)
	at com.kms.katalon.core.main.TestCaseMain$startTestSuite$0.call(Unknown Source)
	at TempTestSuite1557763859677.run(TempTestSuite1557763859677.groovy:36)]]></system-out>
         <system-err><![CDATA[2019-05-13 11:18:55 - [TEST_CASE][FAILED] - Test Cases/Admin Console/Account Settings/Oaths()/Oaths - Add: Test Cases/Admin Console/Account Settings/Oaths()/Oaths - Add FAILED.
Reason:
com.kms.katalon.core.exception.StepFailedException: Unable to set text 'Oath Instructions' of object 'Object Repository/Admin Console ePulse Menu/Account Settings/Oaths/Add_Edit Oath/Oath Instructions' (Root cause: org.openqa.selenium.ElementNotVisibleException: element not interactable
  (Session info: chrome=74.0.3729.131)
  (Driver info: chromedriver=2.43.600229 (3fae4d0cda5334b4f533bede5a4787f7b832d052),platform=Mac OS X 10.13.3 x86_64) (WARNING: The server did not provide any stacktrace information)
Command duration or timeout: 0 milliseconds
Build info: version: '3.7.1', revision: '8a0099a', time: '2017-11-06T21:07:36.161Z'
System info: host: 'QAs-MacBook-Pro-2.local', ip: '2600:6c40:5400:153d:f5a6:601:affc:661a%en0', os.name: 'Mac OS X', os.arch: 'x86_64', os.version: '10.13.3', java.version: '1.8.0_181'
Driver info: com.kms.katalon.selenium.driver.CChromeDriver
Capabilities {acceptInsecureCerts: false, acceptSslCerts: false, applicationCacheEnabled: false, browserConnectionEnabled: false, browserName: chrome, chrome: {chromedriverVersion: 2.43.600229 (3fae4d0cda5334..., userDataDir: /var/folders/p5/lldhhw894tb...}, cssSelectorsEnabled: true, databaseEnabled: false, goog:chromeOptions: {debuggerAddress: localhost:53488}, handlesAlerts: true, hasTouchScreen: false, javascriptEnabled: true, locationContextEnabled: true, mobileEmulationEnabled: false, nativeEvents: true, networkConnectionEnabled: false, pageLoadStrategy: normal, platform: MAC, platformName: MAC, rotatable: false, setWindowRect: true, takesHeapSnapshot: true, takesScreenshot: true, unexpectedAlertBehaviour: , unhandledPromptBehavior: , version: 74.0.3729.131, webStorageEnabled: true}
Session ID: 5cb41a511443fb3cca86d3830b297a46)
	at com.kms.katalon.core.keyword.internal.KeywordMain.stepFailed(KeywordMain.groovy:36)
	at com.kms.katalon.core.webui.keyword.internal.WebUIKeywordMain.stepFailed(WebUIKeywordMain.groovy:65)
	at com.kms.katalon.core.webui.keyword.internal.WebUIKeywordMain.runKeyword(WebUIKeywordMain.groovy:27)
	at com.kms.katalon.core.webui.keyword.builtin.SetTextKeyword.setText(SetTextKeyword.groovy:65)
	at com.kms.katalon.core.webui.keyword.builtin.SetTextKeyword.execute(SetTextKeyword.groovy:37)
	at com.kms.katalon.core.keyword.internal.KeywordExecutor.executeKeywordForPlatform(KeywordExecutor.groovy:53)
	at com.kms.katalon.core.webui.keyword.WebUiBuiltInKeywords.setText(WebUiBuiltInKeywords.groovy:950)
	at com.kms.katalon.core.webui.keyword.WebUiBuiltInKeywords$setText$1.call(Unknown Source)
	at Oaths - Add.run(Oaths - Add:49)
	at com.kms.katalon.core.main.ScriptEngine.run(ScriptEngine.java:194)
	at com.kms.katalon.core.main.ScriptEngine.runScriptAsRawText(ScriptEngine.java:119)
	at com.kms.katalon.core.main.TestCaseExecutor.runScript(TestCaseExecutor.java:328)
	at com.kms.katalon.core.main.TestCaseExecutor.doExecute(TestCaseExecutor.java:319)
	at com.kms.katalon.core.main.TestCaseExecutor.processExecutionPhase(TestCaseExecutor.java:298)
	at com.kms.katalon.core.main.TestCaseExecutor.accessMainPhase(TestCaseExecutor.java:290)
	at com.kms.katalon.core.main.TestCaseExecutor.execute(TestCaseExecutor.java:224)
	at com.kms.katalon.core.main.TestSuiteExecutor.accessTestCaseMainPhase(TestSuiteExecutor.java:129)
	at com.kms.katalon.core.main.TestSuiteExecutor.accessTestSuiteMainPhase(TestSuiteExecutor.java:112)
	at com.kms.katalon.core.main.TestSuiteExecutor.execute(TestSuiteExecutor.java:81)
	at com.kms.katalon.core.main.TestCaseMain.startTestSuite(TestCaseMain.java:149)
	at com.kms.katalon.core.main.TestCaseMain$startTestSuite$0.call(Unknown Source)
	at TempTestSuite1557763859677.run(TempTestSuite1557763859677.groovy:36)]]></system-err>
      </testcase>
      <testcase name="Test Cases/Admin Console/Account Settings/Oaths()/Oaths - Filter - Type" classname="Test Cases/Admin Console/Account Settings/Oaths()/Oaths - Filter - Type" status="FAILED">
         <failure type="FAILED" message="Test Cases/Admin Console/Account Settings/Oaths()/Oaths - Filter - Type FAILED.
Reason:
com.kms.katalon.core.exception.StepFailedException: Unable to click on object 'Object Repository/Admin Console ePulse Menu/Account Settings/Oaths/TEMP/TEMP Type Filter/Filter Oath Types/li_Allow Voter To Vote' (Root cause: com.kms.katalon.core.webui.exception.WebElementNotFoundException: Web element with id: 'Object Repository/Admin Console ePulse Menu/Account Settings/Oaths/TEMP/TEMP Type Filter/Filter Oath Types/li_Allow Voter To Vote' located by 'By.xpath: //ul[@id='filters']/li/div/div[2]/div/div/ul/li[3]' not found)
	at com.kms.katalon.core.keyword.internal.KeywordMain.stepFailed(KeywordMain.groovy:36)
	at com.kms.katalon.core.webui.keyword.internal.WebUIKeywordMain.stepFailed(WebUIKeywordMain.groovy:65)
	at com.kms.katalon.core.webui.keyword.internal.WebUIKeywordMain.runKeyword(WebUIKeywordMain.groovy:27)
	at com.kms.katalon.core.webui.keyword.builtin.ClickKeyword.click(ClickKeyword.groovy:86)
	at com.kms.katalon.core.webui.keyword.builtin.ClickKeyword.execute(ClickKeyword.groovy:67)
	at com.kms.katalon.core.keyword.internal.KeywordExecutor.executeKeywordForPlatform(KeywordExecutor.groovy:53)
	at com.kms.katalon.core.webui.keyword.WebUiBuiltInKeywords.click(WebUiBuiltInKeywords.groovy:616)
	at com.kms.katalon.core.webui.keyword.WebUiBuiltInKeywords$click$3.call(Unknown Source)
	at Oaths - Filter - Type.run(Oaths - Filter - Type:85)
	at com.kms.katalon.core.main.ScriptEngine.run(ScriptEngine.java:194)
	at com.kms.katalon.core.main.ScriptEngine.runScriptAsRawText(ScriptEngine.java:119)
	at com.kms.katalon.core.main.TestCaseExecutor.runScript(TestCaseExecutor.java:328)
	at com.kms.katalon.core.main.TestCaseExecutor.doExecute(TestCaseExecutor.java:319)
	at com.kms.katalon.core.main.TestCaseExecutor.processExecutionPhase(TestCaseExecutor.java:298)
	at com.kms.katalon.core.main.TestCaseExecutor.accessMainPhase(TestCaseExecutor.java:290)
	at com.kms.katalon.core.main.TestCaseExecutor.execute(TestCaseExecutor.java:224)
	at com.kms.katalon.core.main.TestSuiteExecutor.accessTestCaseMainPhase(TestSuiteExecutor.java:129)
	at com.kms.katalon.core.main.TestSuiteExecutor.accessTestSuiteMainPhase(TestSuiteExecutor.java:112)
	at com.kms.katalon.core.main.TestSuiteExecutor.execute(TestSuiteExecutor.java:81)
	at com.kms.katalon.core.main.TestCaseMain.startTestSuite(TestCaseMain.java:149)
	at com.kms.katalon.core.main.TestCaseMain$startTestSuite$0.call(Unknown Source)
	at TempTestSuite1557763859677.run(TempTestSuite1557763859677.groovy:36)
"/>
         <system-out><![CDATA[2019-05-13 11:19:06 - [TEST_CASE][FAILED] - Test Cases/Admin Console/Account Settings/Oaths()/Oaths - Filter - Type: Test Cases/Admin Console/Account Settings/Oaths()/Oaths - Filter - Type FAILED.
Reason:
com.kms.katalon.core.exception.StepFailedException: Unable to click on object 'Object Repository/Admin Console ePulse Menu/Account Settings/Oaths/TEMP/TEMP Type Filter/Filter Oath Types/li_Allow Voter To Vote' (Root cause: com.kms.katalon.core.webui.exception.WebElementNotFoundException: Web element with id: 'Object Repository/Admin Console ePulse Menu/Account Settings/Oaths/TEMP/TEMP Type Filter/Filter Oath Types/li_Allow Voter To Vote' located by 'By.xpath: //ul[@id='filters']/li/div/div[2]/div/div/ul/li[3]' not found)
	at com.kms.katalon.core.keyword.internal.KeywordMain.stepFailed(KeywordMain.groovy:36)
	at com.kms.katalon.core.webui.keyword.internal.WebUIKeywordMain.stepFailed(WebUIKeywordMain.groovy:65)
	at com.kms.katalon.core.webui.keyword.internal.WebUIKeywordMain.runKeyword(WebUIKeywordMain.groovy:27)
	at com.kms.katalon.core.webui.keyword.builtin.ClickKeyword.click(ClickKeyword.groovy:86)
	at com.kms.katalon.core.webui.keyword.builtin.ClickKeyword.execute(ClickKeyword.groovy:67)
	at com.kms.katalon.core.keyword.internal.KeywordExecutor.executeKeywordForPlatform(KeywordExecutor.groovy:53)
	at com.kms.katalon.core.webui.keyword.WebUiBuiltInKeywords.click(WebUiBuiltInKeywords.groovy:616)
	at com.kms.katalon.core.webui.keyword.WebUiBuiltInKeywords$click$3.call(Unknown Source)
	at Oaths - Filter - Type.run(Oaths - Filter - Type:85)
	at com.kms.katalon.core.main.ScriptEngine.run(ScriptEngine.java:194)
	at com.kms.katalon.core.main.ScriptEngine.runScriptAsRawText(ScriptEngine.java:119)
	at com.kms.katalon.core.main.TestCaseExecutor.runScript(TestCaseExecutor.java:328)
	at com.kms.katalon.core.main.TestCaseExecutor.doExecute(TestCaseExecutor.java:319)
	at com.kms.katalon.core.main.TestCaseExecutor.processExecutionPhase(TestCaseExecutor.java:298)
	at com.kms.katalon.core.main.TestCaseExecutor.accessMainPhase(TestCaseExecutor.java:290)
	at com.kms.katalon.core.main.TestCaseExecutor.execute(TestCaseExecutor.java:224)
	at com.kms.katalon.core.main.TestSuiteExecutor.accessTestCaseMainPhase(TestSuiteExecutor.java:129)
	at com.kms.katalon.core.main.TestSuiteExecutor.accessTestSuiteMainPhase(TestSuiteExecutor.java:112)
	at com.kms.katalon.core.main.TestSuiteExecutor.execute(TestSuiteExecutor.java:81)
	at com.kms.katalon.core.main.TestCaseMain.startTestSuite(TestCaseMain.java:149)
	at com.kms.katalon.core.main.TestCaseMain$startTestSuite$0.call(Unknown Source)
	at TempTestSuite1557763859677.run(TempTestSuite1557763859677.groovy:36)


2019-05-13 11:19:06 - [TEST_STEP][PASSED] - openBrowser(""): Browser is opened with url: ''

2019-05-13 11:19:06 - [MESSAGE][WARNING] - A browser is already opened. Closing browser and opening a new one

2019-05-13 11:19:07 - [MESSAGE][INFO] - Starting 'Chrome' driver

2019-05-13 11:19:08 - [MESSAGE][PASSED] - Browser is opened with url: ''

2019-05-13 11:19:08 - [TEST_STEP][PASSED] - navigateToUrl(URL): Navigate to 'https://epulsedev2.com' successfully

2019-05-13 11:19:11 - [MESSAGE][PASSED] - Navigate to 'https://epulsedev2.com' successfully

2019-05-13 11:19:11 - [TEST_STEP][PASSED] - setText(findTestObject("Login/Email Address"), User_email): Text 'alonzo.mack@knowink.com' is set on object 'Object Repository/Login/Email Address'

2019-05-13 11:19:11 - [MESSAGE][PASSED] - Text 'alonzo.mack@knowink.com' is set on object 'Object Repository/Login/Email Address'

2019-05-13 11:19:11 - [TEST_STEP][PASSED] - setEncryptedText(findTestObject("Login/Password"), Pswrd): Text ****** has been set on object 'Object Repository/Login/Password'

2019-05-13 11:19:11 - [MESSAGE][PASSED] - Text ****** has been set on object 'Object Repository/Login/Password'

2019-05-13 11:19:11 - [TEST_STEP][PASSED] - click(findTestObject("Login/Sign In")): Object: 'Object Repository/Login/Sign In' is clicked on

2019-05-13 11:19:12 - [MESSAGE][PASSED] - Object: 'Object Repository/Login/Sign In' is clicked on

2019-05-13 11:19:12 - [TEST_STEP][PASSED] - delay(1): Delayed 1 second(s)

2019-05-13 11:19:13 - [MESSAGE][PASSED] - Delayed 1 second(s)

2019-05-13 11:19:13 - [TEST_STEP][PASSED] - navigateToUrl(Oaths, STOP_ON_FAILURE): Navigate to 'https://am-automation-test.epulsedev2.com/account_oaths' successfully

2019-05-13 11:19:15 - [MESSAGE][PASSED] - Navigate to 'https://am-automation-test.epulsedev2.com/account_oaths' successfully

2019-05-13 11:19:15 - [TEST_STEP][PASSED] - delay(1): Delayed 1 second(s)

2019-05-13 11:19:16 - [MESSAGE][PASSED] - Delayed 1 second(s)

2019-05-13 11:19:16 - [TEST_STEP][PASSED] - click(findTestObject("Admin Console ePulse Menu/Account Settings/Oaths/TEMP/TEMP Type Filter/Filter Oath Types/Filter Type Dropdown")): Object: 'Object Repository/Admin Console ePulse Menu/Account Settings/Oaths/TEMP/TEMP Type Filter/Filter Oath Types/Filter Type Dropdown' is clicked on

2019-05-13 11:19:16 - [MESSAGE][PASSED] - Object: 'Object Repository/Admin Console ePulse Menu/Account Settings/Oaths/TEMP/TEMP Type Filter/Filter Oath Types/Filter Type Dropdown' is clicked on

2019-05-13 11:19:16 - [TEST_STEP][PASSED] - delay(1): Delayed 1 second(s)

2019-05-13 11:19:17 - [MESSAGE][PASSED] - Delayed 1 second(s)

2019-05-13 11:19:17 - [TEST_STEP][PASSED] - click(findTestObject("Admin Console ePulse Menu/Account Settings/Oaths/TEMP/TEMP Type Filter/Filter Oath Types/Apply Type Filters")): Object: 'Object Repository/Admin Console ePulse Menu/Account Settings/Oaths/TEMP/TEMP Type Filter/Filter Oath Types/Apply Type Filters' is clicked on

2019-05-13 11:19:17 - [MESSAGE][PASSED] - Object: 'Object Repository/Admin Console ePulse Menu/Account Settings/Oaths/TEMP/TEMP Type Filter/Filter Oath Types/Apply Type Filters' is clicked on

2019-05-13 11:19:17 - [TEST_STEP][PASSED] - delay(1): Delayed 1 second(s)

2019-05-13 11:19:18 - [MESSAGE][PASSED] - Delayed 1 second(s)

2019-05-13 11:19:18 - [TEST_STEP][PASSED] - click(findTestObject("Admin Console ePulse Menu/Account Settings/Oaths/TEMP/TEMP Type Filter/Filter Oath Types/Remove Filter Type ALL")): Object: 'Object Repository/Admin Console ePulse Menu/Account Settings/Oaths/TEMP/TEMP Type Filter/Filter Oath Types/Remove Filter Type ALL' is clicked on

2019-05-13 11:19:18 - [MESSAGE][PASSED] - Object: 'Object Repository/Admin Console ePulse Menu/Account Settings/Oaths/TEMP/TEMP Type Filter/Filter Oath Types/Remove Filter Type ALL' is clicked on

2019-05-13 11:19:18 - [TEST_STEP][PASSED] - delay(1): Delayed 1 second(s)

2019-05-13 11:19:19 - [MESSAGE][PASSED] - Delayed 1 second(s)

2019-05-13 11:19:19 - [TEST_STEP][PASSED] - click(findTestObject("Admin Console ePulse Menu/Account Settings/Oaths/TEMP/TEMP Type Filter/Filter Oath Types/Filter Type Dropdown")): Object: 'Object Repository/Admin Console ePulse Menu/Account Settings/Oaths/TEMP/TEMP Type Filter/Filter Oath Types/Filter Type Dropdown' is clicked on

2019-05-13 11:19:19 - [MESSAGE][PASSED] - Object: 'Object Repository/Admin Console ePulse Menu/Account Settings/Oaths/TEMP/TEMP Type Filter/Filter Oath Types/Filter Type Dropdown' is clicked on

2019-05-13 11:19:19 - [TEST_STEP][PASSED] - delay(1): Delayed 1 second(s)

2019-05-13 11:19:20 - [MESSAGE][PASSED] - Delayed 1 second(s)

2019-05-13 11:19:20 - [TEST_STEP][PASSED] - click(findTestObject("Admin Console ePulse Menu/Account Settings/Oaths/TEMP/TEMP Type Filter/Filter Oath Types/Filter Dropdown Options")): Object: 'Object Repository/Admin Console ePulse Menu/Account Settings/Oaths/TEMP/TEMP Type Filter/Filter Oath Types/Filter Dropdown Options' is clicked on

2019-05-13 11:19:20 - [MESSAGE][PASSED] - Object: 'Object Repository/Admin Console ePulse Menu/Account Settings/Oaths/TEMP/TEMP Type Filter/Filter Oath Types/Filter Dropdown Options' is clicked on

2019-05-13 11:19:20 - [TEST_STEP][PASSED] - delay(1): Delayed 1 second(s)

2019-05-13 11:19:21 - [MESSAGE][PASSED] - Delayed 1 second(s)

2019-05-13 11:19:21 - [TEST_STEP][PASSED] - click(findTestObject("Admin Console ePulse Menu/Account Settings/Oaths/TEMP/TEMP Type Filter/Filter Oath Types/Select Id Method")): Object: 'Object Repository/Admin Console ePulse Menu/Account Settings/Oaths/TEMP/TEMP Type Filter/Filter Oath Types/Select Id Method' is clicked on

2019-05-13 11:19:21 - [MESSAGE][PASSED] - Object: 'Object Repository/Admin Console ePulse Menu/Account Settings/Oaths/TEMP/TEMP Type Filter/Filter Oath Types/Select Id Method' is clicked on

2019-05-13 11:19:21 - [TEST_STEP][PASSED] - delay(1): Delayed 1 second(s)

2019-05-13 11:19:22 - [MESSAGE][PASSED] - Delayed 1 second(s)

2019-05-13 11:19:22 - [TEST_STEP][PASSED] - click(findTestObject("Admin Console ePulse Menu/Account Settings/Oaths/TEMP/TEMP Type Filter/Filter Oath Types/Apply Type Filters")): Object: 'Object Repository/Admin Console ePulse Menu/Account Settings/Oaths/TEMP/TEMP Type Filter/Filter Oath Types/Apply Type Filters' is clicked on

2019-05-13 11:19:22 - [MESSAGE][PASSED] - Object: 'Object Repository/Admin Console ePulse Menu/Account Settings/Oaths/TEMP/TEMP Type Filter/Filter Oath Types/Apply Type Filters' is clicked on

2019-05-13 11:19:22 - [TEST_STEP][PASSED] - delay(1): Delayed 1 second(s)

2019-05-13 11:19:23 - [MESSAGE][PASSED] - Delayed 1 second(s)

2019-05-13 11:19:23 - [TEST_STEP][PASSED] - click(findTestObject("Admin Console ePulse Menu/Account Settings/Oaths/TEMP/TEMP Type Filter/Filter Oath Types/Type Dropdown")): Object: 'Object Repository/Admin Console ePulse Menu/Account Settings/Oaths/TEMP/TEMP Type Filter/Filter Oath Types/Type Dropdown' is clicked on

2019-05-13 11:19:24 - [MESSAGE][PASSED] - Object: 'Object Repository/Admin Console ePulse Menu/Account Settings/Oaths/TEMP/TEMP Type Filter/Filter Oath Types/Type Dropdown' is clicked on

2019-05-13 11:19:24 - [TEST_STEP][PASSED] - delay(1): Delayed 1 second(s)

2019-05-13 11:19:25 - [MESSAGE][PASSED] - Delayed 1 second(s)

2019-05-13 11:19:25 - [TEST_STEP][PASSED] - click(findTestObject("Admin Console ePulse Menu/Account Settings/Oaths/TEMP/TEMP Type Filter/Filter Oath Types/Filter Type Dropdown")): Object: 'Object Repository/Admin Console ePulse Menu/Account Settings/Oaths/TEMP/TEMP Type Filter/Filter Oath Types/Filter Type Dropdown' is clicked on

2019-05-13 11:19:25 - [MESSAGE][PASSED] - Object: 'Object Repository/Admin Console ePulse Menu/Account Settings/Oaths/TEMP/TEMP Type Filter/Filter Oath Types/Filter Type Dropdown' is clicked on

2019-05-13 11:19:25 - [TEST_STEP][PASSED] - delay(1): Delayed 1 second(s)

2019-05-13 11:19:26 - [MESSAGE][PASSED] - Delayed 1 second(s)

2019-05-13 11:19:26 - [TEST_STEP][PASSED] - click(findTestObject("Admin Console ePulse Menu/Account Settings/Oaths/TEMP/TEMP Type Filter/Filter Oath Types/a_Id Method")): Object: 'Object Repository/Admin Console ePulse Menu/Account Settings/Oaths/TEMP/TEMP Type Filter/Filter Oath Types/a_Id Method' is clicked on

2019-05-13 11:19:26 - [MESSAGE][PASSED] - Object: 'Object Repository/Admin Console ePulse Menu/Account Settings/Oaths/TEMP/TEMP Type Filter/Filter Oath Types/a_Id Method' is clicked on

2019-05-13 11:19:26 - [TEST_STEP][PASSED] - delay(1): Delayed 1 second(s)

2019-05-13 11:19:27 - [MESSAGE][PASSED] - Delayed 1 second(s)

2019-05-13 11:19:27 - [TEST_STEP][FAILED] - click(findTestObject("Admin Console ePulse Menu/Account Settings/Oaths/TEMP/TEMP Type Filter/Filter Oath Types/li_Allow Voter To Vote")): click(findTestObject("Admin Console ePulse Menu/Account Settings/Oaths/TEMP/TEMP Type Filter/Filter Oath Types/li_Allow Voter To Vote")) FAILED.
Reason:
com.kms.katalon.core.exception.StepFailedException: Unable to click on object 'Object Repository/Admin Console ePulse Menu/Account Settings/Oaths/TEMP/TEMP Type Filter/Filter Oath Types/li_Allow Voter To Vote' (Root cause: com.kms.katalon.core.webui.exception.WebElementNotFoundException: Web element with id: 'Object Repository/Admin Console ePulse Menu/Account Settings/Oaths/TEMP/TEMP Type Filter/Filter Oath Types/li_Allow Voter To Vote' located by 'By.xpath: //ul[@id='filters']/li/div/div[2]/div/div/ul/li[3]' not found)
	at com.kms.katalon.core.keyword.internal.KeywordMain.stepFailed(KeywordMain.groovy:36)
	at com.kms.katalon.core.webui.keyword.internal.WebUIKeywordMain.stepFailed(WebUIKeywordMain.groovy:65)
	at com.kms.katalon.core.webui.keyword.internal.WebUIKeywordMain.runKeyword(WebUIKeywordMain.groovy:27)
	at com.kms.katalon.core.webui.keyword.builtin.ClickKeyword.click(ClickKeyword.groovy:86)
	at com.kms.katalon.core.webui.keyword.builtin.ClickKeyword.execute(ClickKeyword.groovy:67)
	at com.kms.katalon.core.keyword.internal.KeywordExecutor.executeKeywordForPlatform(KeywordExecutor.groovy:53)
	at com.kms.katalon.core.webui.keyword.WebUiBuiltInKeywords.click(WebUiBuiltInKeywords.groovy:616)
	at com.kms.katalon.core.webui.keyword.WebUiBuiltInKeywords$click$3.call(Unknown Source)
	at Oaths - Filter - Type.run(Oaths - Filter - Type:85)
	at com.kms.katalon.core.main.ScriptEngine.run(ScriptEngine.java:194)
	at com.kms.katalon.core.main.ScriptEngine.runScriptAsRawText(ScriptEngine.java:119)
	at com.kms.katalon.core.main.TestCaseExecutor.runScript(TestCaseExecutor.java:328)
	at com.kms.katalon.core.main.TestCaseExecutor.doExecute(TestCaseExecutor.java:319)
	at com.kms.katalon.core.main.TestCaseExecutor.processExecutionPhase(TestCaseExecutor.java:298)
	at com.kms.katalon.core.main.TestCaseExecutor.accessMainPhase(TestCaseExecutor.java:290)
	at com.kms.katalon.core.main.TestCaseExecutor.execute(TestCaseExecutor.java:224)
	at com.kms.katalon.core.main.TestSuiteExecutor.accessTestCaseMainPhase(TestSuiteExecutor.java:129)
	at com.kms.katalon.core.main.TestSuiteExecutor.accessTestSuiteMainPhase(TestSuiteExecutor.java:112)
	at com.kms.katalon.core.main.TestSuiteExecutor.execute(TestSuiteExecutor.java:81)
	at com.kms.katalon.core.main.TestCaseMain.startTestSuite(TestCaseMain.java:149)
	at com.kms.katalon.core.main.TestCaseMain$startTestSuite$0.call(Unknown Source)
	at TempTestSuite1557763859677.run(TempTestSuite1557763859677.groovy:36)


2019-05-13 11:19:42 - [MESSAGE][INFO] - Unable to find the element located by 'By.xpath: //ul[@id='filters']/li/div/div[2]/div/div/ul/li[3]'. Please recheck the objects properties to make sure the desired element is located. 

2019-05-13 11:19:42 - [MESSAGE][FAILED] - Unable to click on object 'Object Repository/Admin Console ePulse Menu/Account Settings/Oaths/TEMP/TEMP Type Filter/Filter Oath Types/li_Allow Voter To Vote' (Root cause: com.kms.katalon.core.webui.exception.WebElementNotFoundException: Web element with id: 'Object Repository/Admin Console ePulse Menu/Account Settings/Oaths/TEMP/TEMP Type Filter/Filter Oath Types/li_Allow Voter To Vote' located by 'By.xpath: //ul[@id='filters']/li/div/div[2]/div/div/ul/li[3]' not found)
[[ATTACHMENT|/Users/alonzomack/Katalon Studio/Regression/Reports/dev_staging smoketest/20190513_111059/1557764382582.png]]

2019-05-13 11:19:42 - [MESSAGE][FAILED] - click(findTestObject("Admin Console ePulse Menu/Account Settings/Oaths/TEMP/TEMP Type Filter/Filter Oath Types/li_Allow Voter To Vote")) FAILED.
Reason:
com.kms.katalon.core.exception.StepFailedException: Unable to click on object 'Object Repository/Admin Console ePulse Menu/Account Settings/Oaths/TEMP/TEMP Type Filter/Filter Oath Types/li_Allow Voter To Vote' (Root cause: com.kms.katalon.core.webui.exception.WebElementNotFoundException: Web element with id: 'Object Repository/Admin Console ePulse Menu/Account Settings/Oaths/TEMP/TEMP Type Filter/Filter Oath Types/li_Allow Voter To Vote' located by 'By.xpath: //ul[@id='filters']/li/div/div[2]/div/div/ul/li[3]' not found)
	at com.kms.katalon.core.keyword.internal.KeywordMain.stepFailed(KeywordMain.groovy:36)
	at com.kms.katalon.core.webui.keyword.internal.WebUIKeywordMain.stepFailed(WebUIKeywordMain.groovy:65)
	at com.kms.katalon.core.webui.keyword.internal.WebUIKeywordMain.runKeyword(WebUIKeywordMain.groovy:27)
	at com.kms.katalon.core.webui.keyword.builtin.ClickKeyword.click(ClickKeyword.groovy:86)
	at com.kms.katalon.core.webui.keyword.builtin.ClickKeyword.execute(ClickKeyword.groovy:67)
	at com.kms.katalon.core.keyword.internal.KeywordExecutor.executeKeywordForPlatform(KeywordExecutor.groovy:53)
	at com.kms.katalon.core.webui.keyword.WebUiBuiltInKeywords.click(WebUiBuiltInKeywords.groovy:616)
	at com.kms.katalon.core.webui.keyword.WebUiBuiltInKeywords$click$3.call(Unknown Source)
	at Oaths - Filter - Type.run(Oaths - Filter - Type:85)
	at com.kms.katalon.core.main.ScriptEngine.run(ScriptEngine.java:194)
	at com.kms.katalon.core.main.ScriptEngine.runScriptAsRawText(ScriptEngine.java:119)
	at com.kms.katalon.core.main.TestCaseExecutor.runScript(TestCaseExecutor.java:328)
	at com.kms.katalon.core.main.TestCaseExecutor.doExecute(TestCaseExecutor.java:319)
	at com.kms.katalon.core.main.TestCaseExecutor.processExecutionPhase(TestCaseExecutor.java:298)
	at com.kms.katalon.core.main.TestCaseExecutor.accessMainPhase(TestCaseExecutor.java:290)
	at com.kms.katalon.core.main.TestCaseExecutor.execute(TestCaseExecutor.java:224)
	at com.kms.katalon.core.main.TestSuiteExecutor.accessTestCaseMainPhase(TestSuiteExecutor.java:129)
	at com.kms.katalon.core.main.TestSuiteExecutor.accessTestSuiteMainPhase(TestSuiteExecutor.java:112)
	at com.kms.katalon.core.main.TestSuiteExecutor.execute(TestSuiteExecutor.java:81)
	at com.kms.katalon.core.main.TestCaseMain.startTestSuite(TestCaseMain.java:149)
	at com.kms.katalon.core.main.TestCaseMain$startTestSuite$0.call(Unknown Source)
	at TempTestSuite1557763859677.run(TempTestSuite1557763859677.groovy:36)]]></system-out>
         <system-err><![CDATA[2019-05-13 11:19:06 - [TEST_CASE][FAILED] - Test Cases/Admin Console/Account Settings/Oaths()/Oaths - Filter - Type: Test Cases/Admin Console/Account Settings/Oaths()/Oaths - Filter - Type FAILED.
Reason:
com.kms.katalon.core.exception.StepFailedException: Unable to click on object 'Object Repository/Admin Console ePulse Menu/Account Settings/Oaths/TEMP/TEMP Type Filter/Filter Oath Types/li_Allow Voter To Vote' (Root cause: com.kms.katalon.core.webui.exception.WebElementNotFoundException: Web element with id: 'Object Repository/Admin Console ePulse Menu/Account Settings/Oaths/TEMP/TEMP Type Filter/Filter Oath Types/li_Allow Voter To Vote' located by 'By.xpath: //ul[@id='filters']/li/div/div[2]/div/div/ul/li[3]' not found)
	at com.kms.katalon.core.keyword.internal.KeywordMain.stepFailed(KeywordMain.groovy:36)
	at com.kms.katalon.core.webui.keyword.internal.WebUIKeywordMain.stepFailed(WebUIKeywordMain.groovy:65)
	at com.kms.katalon.core.webui.keyword.internal.WebUIKeywordMain.runKeyword(WebUIKeywordMain.groovy:27)
	at com.kms.katalon.core.webui.keyword.builtin.ClickKeyword.click(ClickKeyword.groovy:86)
	at com.kms.katalon.core.webui.keyword.builtin.ClickKeyword.execute(ClickKeyword.groovy:67)
	at com.kms.katalon.core.keyword.internal.KeywordExecutor.executeKeywordForPlatform(KeywordExecutor.groovy:53)
	at com.kms.katalon.core.webui.keyword.WebUiBuiltInKeywords.click(WebUiBuiltInKeywords.groovy:616)
	at com.kms.katalon.core.webui.keyword.WebUiBuiltInKeywords$click$3.call(Unknown Source)
	at Oaths - Filter - Type.run(Oaths - Filter - Type:85)
	at com.kms.katalon.core.main.ScriptEngine.run(ScriptEngine.java:194)
	at com.kms.katalon.core.main.ScriptEngine.runScriptAsRawText(ScriptEngine.java:119)
	at com.kms.katalon.core.main.TestCaseExecutor.runScript(TestCaseExecutor.java:328)
	at com.kms.katalon.core.main.TestCaseExecutor.doExecute(TestCaseExecutor.java:319)
	at com.kms.katalon.core.main.TestCaseExecutor.processExecutionPhase(TestCaseExecutor.java:298)
	at com.kms.katalon.core.main.TestCaseExecutor.accessMainPhase(TestCaseExecutor.java:290)
	at com.kms.katalon.core.main.TestCaseExecutor.execute(TestCaseExecutor.java:224)
	at com.kms.katalon.core.main.TestSuiteExecutor.accessTestCaseMainPhase(TestSuiteExecutor.java:129)
	at com.kms.katalon.core.main.TestSuiteExecutor.accessTestSuiteMainPhase(TestSuiteExecutor.java:112)
	at com.kms.katalon.core.main.TestSuiteExecutor.execute(TestSuiteExecutor.java:81)
	at com.kms.katalon.core.main.TestCaseMain.startTestSuite(TestCaseMain.java:149)
	at com.kms.katalon.core.main.TestCaseMain$startTestSuite$0.call(Unknown Source)
	at TempTestSuite1557763859677.run(TempTestSuite1557763859677.groovy:36)]]></system-err>
      </testcase>
      <testcase name="Test Cases/Admin Console/Account Settings/Oaths()/Oaths - Filter - Status" classname="Test Cases/Admin Console/Account Settings/Oaths()/Oaths - Filter - Status" status="PASSED">
         <system-out><![CDATA[2019-05-13 11:19:44 - [TEST_CASE][PASSED] - Test Cases/Admin Console/Account Settings/Oaths()/Oaths - Filter - Status: Test Cases/Admin Console/Account Settings/Oaths()/Oaths - Filter - Status

2019-05-13 11:19:45 - [TEST_STEP][PASSED] - openBrowser(""): Browser is opened with url: ''

2019-05-13 11:19:45 - [MESSAGE][WARNING] - A browser is already opened. Closing browser and opening a new one

2019-05-13 11:19:45 - [MESSAGE][INFO] - Starting 'Chrome' driver

2019-05-13 11:19:46 - [MESSAGE][PASSED] - Browser is opened with url: ''

2019-05-13 11:19:46 - [TEST_STEP][PASSED] - navigateToUrl(URL): Navigate to 'https://epulsedev2.com' successfully

2019-05-13 11:19:52 - [MESSAGE][PASSED] - Navigate to 'https://epulsedev2.com' successfully

2019-05-13 11:19:52 - [TEST_STEP][PASSED] - setText(findTestObject("Login/Email Address"), User_email): Text 'alonzo.mack@knowink.com' is set on object 'Object Repository/Login/Email Address'

2019-05-13 11:19:52 - [MESSAGE][PASSED] - Text 'alonzo.mack@knowink.com' is set on object 'Object Repository/Login/Email Address'

2019-05-13 11:19:52 - [TEST_STEP][PASSED] - setEncryptedText(findTestObject("Login/Password"), Pswrd): Text ****** has been set on object 'Object Repository/Login/Password'

2019-05-13 11:19:52 - [MESSAGE][PASSED] - Text ****** has been set on object 'Object Repository/Login/Password'

2019-05-13 11:19:52 - [TEST_STEP][PASSED] - click(findTestObject("Login/Sign In")): Object: 'Object Repository/Login/Sign In' is clicked on

2019-05-13 11:19:53 - [MESSAGE][PASSED] - Object: 'Object Repository/Login/Sign In' is clicked on

2019-05-13 11:19:53 - [TEST_STEP][PASSED] - delay(1): Delayed 1 second(s)

2019-05-13 11:19:54 - [MESSAGE][PASSED] - Delayed 1 second(s)

2019-05-13 11:19:54 - [TEST_STEP][PASSED] - navigateToUrl(Oaths, STOP_ON_FAILURE): Navigate to 'https://am-automation-test.epulsedev2.com/account_oaths' successfully

2019-05-13 11:19:55 - [MESSAGE][PASSED] - Navigate to 'https://am-automation-test.epulsedev2.com/account_oaths' successfully

2019-05-13 11:19:55 - [TEST_STEP][PASSED] - delay(1): Delayed 1 second(s)

2019-05-13 11:19:56 - [MESSAGE][PASSED] - Delayed 1 second(s)

2019-05-13 11:19:56 - [TEST_STEP][PASSED] - click(findTestObject("Admin Console ePulse Menu/Account Settings/Oaths/TEMP/Page_Epulse  am-Automation-test/Status Filter")): Object: 'Object Repository/Admin Console ePulse Menu/Account Settings/Oaths/TEMP/Page_Epulse  am-Automation-test/Status Filter' is clicked on

2019-05-13 11:19:56 - [MESSAGE][PASSED] - Object: 'Object Repository/Admin Console ePulse Menu/Account Settings/Oaths/TEMP/Page_Epulse  am-Automation-test/Status Filter' is clicked on

2019-05-13 11:19:56 - [TEST_STEP][PASSED] - delay(1): Delayed 1 second(s)

2019-05-13 11:19:57 - [MESSAGE][PASSED] - Delayed 1 second(s)

2019-05-13 11:19:57 - [TEST_STEP][PASSED] - click(findTestObject("Admin Console ePulse Menu/Account Settings/Oaths/TEMP/Page_Epulse  am-Automation-test/Apply Status Filters")): Object: 'Object Repository/Admin Console ePulse Menu/Account Settings/Oaths/TEMP/Page_Epulse  am-Automation-test/Apply Status Filters' is clicked on

2019-05-13 11:19:57 - [MESSAGE][PASSED] - Object: 'Object Repository/Admin Console ePulse Menu/Account Settings/Oaths/TEMP/Page_Epulse  am-Automation-test/Apply Status Filters' is clicked on

2019-05-13 11:19:57 - [TEST_STEP][PASSED] - delay(1): Delayed 1 second(s)

2019-05-13 11:19:58 - [MESSAGE][PASSED] - Delayed 1 second(s)

2019-05-13 11:19:58 - [TEST_STEP][PASSED] - click(findTestObject("Admin Console ePulse Menu/Account Settings/Oaths/TEMP/Page_Epulse  am-Automation-test/Close Current Status Filter")): Object: 'Object Repository/Admin Console ePulse Menu/Account Settings/Oaths/TEMP/Page_Epulse  am-Automation-test/Close Current Status Filter' is clicked on

2019-05-13 11:19:58 - [MESSAGE][PASSED] - Object: 'Object Repository/Admin Console ePulse Menu/Account Settings/Oaths/TEMP/Page_Epulse  am-Automation-test/Close Current Status Filter' is clicked on

2019-05-13 11:19:58 - [TEST_STEP][PASSED] - click(findTestObject("Admin Console ePulse Menu/Account Settings/Oaths/TEMP/Page_Epulse  am-Automation-test/Status Filter")): Object: 'Object Repository/Admin Console ePulse Menu/Account Settings/Oaths/TEMP/Page_Epulse  am-Automation-test/Status Filter' is clicked on

2019-05-13 11:19:59 - [MESSAGE][PASSED] - Object: 'Object Repository/Admin Console ePulse Menu/Account Settings/Oaths/TEMP/Page_Epulse  am-Automation-test/Status Filter' is clicked on

2019-05-13 11:19:59 - [TEST_STEP][PASSED] - selectOptionByValue(findTestObject("Admin Console ePulse Menu/Account Settings/Oaths/TEMP/Page_Epulse  am-Automation-test/Status Filter Dropdown"), "archived", true): All options with value 'archived' are selected in object 'Object Repository/Admin Console ePulse Menu/Account Settings/Oaths/TEMP/Page_Epulse  am-Automation-test/Status Filter Dropdown'  using regular expression

2019-05-13 11:19:59 - [MESSAGE][PASSED] - All options with value 'archived' are selected in object 'Object Repository/Admin Console ePulse Menu/Account Settings/Oaths/TEMP/Page_Epulse  am-Automation-test/Status Filter Dropdown'  using regular expression

2019-05-13 11:19:59 - [TEST_STEP][PASSED] - click(findTestObject("Admin Console ePulse Menu/Account Settings/Oaths/TEMP/Page_Epulse  am-Automation-test/Apply Status Filters")): Object: 'Object Repository/Admin Console ePulse Menu/Account Settings/Oaths/TEMP/Page_Epulse  am-Automation-test/Apply Status Filters' is clicked on

2019-05-13 11:19:59 - [MESSAGE][PASSED] - Object: 'Object Repository/Admin Console ePulse Menu/Account Settings/Oaths/TEMP/Page_Epulse  am-Automation-test/Apply Status Filters' is clicked on

2019-05-13 11:19:59 - [TEST_STEP][PASSED] - delay(1): Delayed 1 second(s)

2019-05-13 11:20:00 - [MESSAGE][PASSED] - Delayed 1 second(s)

2019-05-13 11:20:00 - [TEST_STEP][PASSED] - click(findTestObject("Admin Console ePulse Menu/Account Settings/Oaths/TEMP/Page_Epulse  am-Automation-test/Close Archived Status Filter")): Object: 'Object Repository/Admin Console ePulse Menu/Account Settings/Oaths/TEMP/Page_Epulse  am-Automation-test/Close Archived Status Filter' is clicked on

2019-05-13 11:20:00 - [MESSAGE][PASSED] - Object: 'Object Repository/Admin Console ePulse Menu/Account Settings/Oaths/TEMP/Page_Epulse  am-Automation-test/Close Archived Status Filter' is clicked on

2019-05-13 11:20:00 - [TEST_STEP][PASSED] - click(findTestObject("Admin Console ePulse Menu/Account Settings/Oaths/TEMP/Page_Epulse  am-Automation-test/Status Filter")): Object: 'Object Repository/Admin Console ePulse Menu/Account Settings/Oaths/TEMP/Page_Epulse  am-Automation-test/Status Filter' is clicked on

2019-05-13 11:20:00 - [MESSAGE][PASSED] - Object: 'Object Repository/Admin Console ePulse Menu/Account Settings/Oaths/TEMP/Page_Epulse  am-Automation-test/Status Filter' is clicked on

2019-05-13 11:20:00 - [TEST_STEP][PASSED] - selectOptionByValue(findTestObject("Admin Console ePulse Menu/Account Settings/Oaths/TEMP/Page_Epulse  am-Automation-test/Status Filter Dropdown"), "both", true): All options with value 'both' are selected in object 'Object Repository/Admin Console ePulse Menu/Account Settings/Oaths/TEMP/Page_Epulse  am-Automation-test/Status Filter Dropdown'  using regular expression

2019-05-13 11:20:00 - [MESSAGE][PASSED] - All options with value 'both' are selected in object 'Object Repository/Admin Console ePulse Menu/Account Settings/Oaths/TEMP/Page_Epulse  am-Automation-test/Status Filter Dropdown'  using regular expression

2019-05-13 11:20:00 - [TEST_STEP][PASSED] - click(findTestObject("Admin Console ePulse Menu/Account Settings/Oaths/TEMP/Page_Epulse  am-Automation-test/Apply Status Filters")): Object: 'Object Repository/Admin Console ePulse Menu/Account Settings/Oaths/TEMP/Page_Epulse  am-Automation-test/Apply Status Filters' is clicked on

2019-05-13 11:20:00 - [MESSAGE][PASSED] - Object: 'Object Repository/Admin Console ePulse Menu/Account Settings/Oaths/TEMP/Page_Epulse  am-Automation-test/Apply Status Filters' is clicked on

2019-05-13 11:20:00 - [TEST_STEP][PASSED] - delay(1): Delayed 1 second(s)

2019-05-13 11:20:01 - [MESSAGE][PASSED] - Delayed 1 second(s)

2019-05-13 11:20:01 - [TEST_STEP][PASSED] - click(findTestObject("Admin Console ePulse Menu/Account Settings/Oaths/TEMP/Page_Epulse  am-Automation-test/Close Both Status Filter")): Object: 'Object Repository/Admin Console ePulse Menu/Account Settings/Oaths/TEMP/Page_Epulse  am-Automation-test/Close Both Status Filter' is clicked on

2019-05-13 11:20:01 - [MESSAGE][PASSED] - Object: 'Object Repository/Admin Console ePulse Menu/Account Settings/Oaths/TEMP/Page_Epulse  am-Automation-test/Close Both Status Filter' is clicked on

2019-05-13 11:20:01 - [TEST_STEP][PASSED] - closeBrowser(): Browser is closed

2019-05-13 11:20:01 - [MESSAGE][PASSED] - Browser is closed]]></system-out>
         <system-err><![CDATA[]]></system-err>
      </testcase>
      <testcase name="Test Cases/Admin Console/Account Settings/Oaths()/Oaths - Delete" classname="Test Cases/Admin Console/Account Settings/Oaths()/Oaths - Delete" status="FAILED">
         <failure type="FAILED" message="Test Cases/Admin Console/Account Settings/Oaths()/Oaths - Delete FAILED.
Reason:
com.kms.katalon.core.exception.StepFailedException: Unable to click on object 'Object Repository/Admin Console ePulse Menu/Account Settings/Oaths/Delete Displayed Oath' (Root cause: com.kms.katalon.core.webui.exception.WebElementNotFoundException: Web element with id: 'Object Repository/Admin Console ePulse Menu/Account Settings/Oaths/Delete Displayed Oath' located by 'By.xpath: //section[@id='sort_table']/table/tbody/tr[2]/td[8]/a[2]' not found)
	at com.kms.katalon.core.keyword.internal.KeywordMain.stepFailed(KeywordMain.groovy:36)
	at com.kms.katalon.core.webui.keyword.internal.WebUIKeywordMain.stepFailed(WebUIKeywordMain.groovy:65)
	at com.kms.katalon.core.webui.keyword.internal.WebUIKeywordMain.runKeyword(WebUIKeywordMain.groovy:27)
	at com.kms.katalon.core.webui.keyword.builtin.ClickKeyword.click(ClickKeyword.groovy:86)
	at com.kms.katalon.core.webui.keyword.builtin.ClickKeyword.execute(ClickKeyword.groovy:67)
	at com.kms.katalon.core.keyword.internal.KeywordExecutor.executeKeywordForPlatform(KeywordExecutor.groovy:53)
	at com.kms.katalon.core.webui.keyword.WebUiBuiltInKeywords.click(WebUiBuiltInKeywords.groovy:616)
	at com.kms.katalon.core.webui.keyword.WebUiBuiltInKeywords$click$3.call(Unknown Source)
	at Oaths - Delete.run(Oaths - Delete:53)
	at com.kms.katalon.core.main.ScriptEngine.run(ScriptEngine.java:194)
	at com.kms.katalon.core.main.ScriptEngine.runScriptAsRawText(ScriptEngine.java:119)
	at com.kms.katalon.core.main.TestCaseExecutor.runScript(TestCaseExecutor.java:328)
	at com.kms.katalon.core.main.TestCaseExecutor.doExecute(TestCaseExecutor.java:319)
	at com.kms.katalon.core.main.TestCaseExecutor.processExecutionPhase(TestCaseExecutor.java:298)
	at com.kms.katalon.core.main.TestCaseExecutor.accessMainPhase(TestCaseExecutor.java:290)
	at com.kms.katalon.core.main.TestCaseExecutor.execute(TestCaseExecutor.java:224)
	at com.kms.katalon.core.main.TestSuiteExecutor.accessTestCaseMainPhase(TestSuiteExecutor.java:129)
	at com.kms.katalon.core.main.TestSuiteExecutor.accessTestSuiteMainPhase(TestSuiteExecutor.java:112)
	at com.kms.katalon.core.main.TestSuiteExecutor.execute(TestSuiteExecutor.java:81)
	at com.kms.katalon.core.main.TestCaseMain.startTestSuite(TestCaseMain.java:149)
	at com.kms.katalon.core.main.TestCaseMain$startTestSuite$0.call(Unknown Source)
	at TempTestSuite1557763859677.run(TempTestSuite1557763859677.groovy:36)
"/>
         <system-out><![CDATA[2019-05-13 11:20:03 - [TEST_CASE][FAILED] - Test Cases/Admin Console/Account Settings/Oaths()/Oaths - Delete: Test Cases/Admin Console/Account Settings/Oaths()/Oaths - Delete FAILED.
Reason:
com.kms.katalon.core.exception.StepFailedException: Unable to click on object 'Object Repository/Admin Console ePulse Menu/Account Settings/Oaths/Delete Displayed Oath' (Root cause: com.kms.katalon.core.webui.exception.WebElementNotFoundException: Web element with id: 'Object Repository/Admin Console ePulse Menu/Account Settings/Oaths/Delete Displayed Oath' located by 'By.xpath: //section[@id='sort_table']/table/tbody/tr[2]/td[8]/a[2]' not found)
	at com.kms.katalon.core.keyword.internal.KeywordMain.stepFailed(KeywordMain.groovy:36)
	at com.kms.katalon.core.webui.keyword.internal.WebUIKeywordMain.stepFailed(WebUIKeywordMain.groovy:65)
	at com.kms.katalon.core.webui.keyword.internal.WebUIKeywordMain.runKeyword(WebUIKeywordMain.groovy:27)
	at com.kms.katalon.core.webui.keyword.builtin.ClickKeyword.click(ClickKeyword.groovy:86)
	at com.kms.katalon.core.webui.keyword.builtin.ClickKeyword.execute(ClickKeyword.groovy:67)
	at com.kms.katalon.core.keyword.internal.KeywordExecutor.executeKeywordForPlatform(KeywordExecutor.groovy:53)
	at com.kms.katalon.core.webui.keyword.WebUiBuiltInKeywords.click(WebUiBuiltInKeywords.groovy:616)
	at com.kms.katalon.core.webui.keyword.WebUiBuiltInKeywords$click$3.call(Unknown Source)
	at Oaths - Delete.run(Oaths - Delete:53)
	at com.kms.katalon.core.main.ScriptEngine.run(ScriptEngine.java:194)
	at com.kms.katalon.core.main.ScriptEngine.runScriptAsRawText(ScriptEngine.java:119)
	at com.kms.katalon.core.main.TestCaseExecutor.runScript(TestCaseExecutor.java:328)
	at com.kms.katalon.core.main.TestCaseExecutor.doExecute(TestCaseExecutor.java:319)
	at com.kms.katalon.core.main.TestCaseExecutor.processExecutionPhase(TestCaseExecutor.java:298)
	at com.kms.katalon.core.main.TestCaseExecutor.accessMainPhase(TestCaseExecutor.java:290)
	at com.kms.katalon.core.main.TestCaseExecutor.execute(TestCaseExecutor.java:224)
	at com.kms.katalon.core.main.TestSuiteExecutor.accessTestCaseMainPhase(TestSuiteExecutor.java:129)
	at com.kms.katalon.core.main.TestSuiteExecutor.accessTestSuiteMainPhase(TestSuiteExecutor.java:112)
	at com.kms.katalon.core.main.TestSuiteExecutor.execute(TestSuiteExecutor.java:81)
	at com.kms.katalon.core.main.TestCaseMain.startTestSuite(TestCaseMain.java:149)
	at com.kms.katalon.core.main.TestCaseMain$startTestSuite$0.call(Unknown Source)
	at TempTestSuite1557763859677.run(TempTestSuite1557763859677.groovy:36)


2019-05-13 11:20:04 - [TEST_STEP][PASSED] - openBrowser(""): Browser is opened with url: ''

2019-05-13 11:20:04 - [MESSAGE][INFO] - Starting 'Chrome' driver

2019-05-13 11:20:05 - [MESSAGE][PASSED] - Browser is opened with url: ''

2019-05-13 11:20:05 - [TEST_STEP][PASSED] - navigateToUrl(URL): Navigate to 'https://epulsedev2.com' successfully

2019-05-13 11:20:07 - [MESSAGE][PASSED] - Navigate to 'https://epulsedev2.com' successfully

2019-05-13 11:20:07 - [TEST_STEP][PASSED] - setText(findTestObject("Login/Email Address"), User_email): Text 'alonzo.mack@knowink.com' is set on object 'Object Repository/Login/Email Address'

2019-05-13 11:20:08 - [MESSAGE][PASSED] - Text 'alonzo.mack@knowink.com' is set on object 'Object Repository/Login/Email Address'

2019-05-13 11:20:08 - [TEST_STEP][PASSED] - setEncryptedText(findTestObject("Login/Password"), Pswrd): Text ****** has been set on object 'Object Repository/Login/Password'

2019-05-13 11:20:08 - [MESSAGE][PASSED] - Text ****** has been set on object 'Object Repository/Login/Password'

2019-05-13 11:20:08 - [TEST_STEP][PASSED] - click(findTestObject("Login/Sign In")): Object: 'Object Repository/Login/Sign In' is clicked on

2019-05-13 11:20:09 - [MESSAGE][PASSED] - Object: 'Object Repository/Login/Sign In' is clicked on

2019-05-13 11:20:09 - [TEST_STEP][PASSED] - delay(1): Delayed 1 second(s)

2019-05-13 11:20:10 - [MESSAGE][PASSED] - Delayed 1 second(s)

2019-05-13 11:20:10 - [TEST_STEP][PASSED] - navigateToUrl(Oaths, STOP_ON_FAILURE): Navigate to 'https://am-automation-test.epulsedev2.com/account_oaths' successfully

2019-05-13 11:20:11 - [MESSAGE][PASSED] - Navigate to 'https://am-automation-test.epulsedev2.com/account_oaths' successfully

2019-05-13 11:20:11 - [TEST_STEP][PASSED] - delay(1): Delayed 1 second(s)

2019-05-13 11:20:12 - [MESSAGE][PASSED] - Delayed 1 second(s)

2019-05-13 11:20:12 - [TEST_STEP][PASSED] - click(findTestObject("Admin Console ePulse Menu/Account Settings/Oaths/Delete Displayed Oath")): Object: 'Object Repository/Admin Console ePulse Menu/Account Settings/Oaths/Delete Displayed Oath' is clicked on

2019-05-13 11:20:12 - [MESSAGE][PASSED] - Object: 'Object Repository/Admin Console ePulse Menu/Account Settings/Oaths/Delete Displayed Oath' is clicked on

2019-05-13 11:20:12 - [TEST_STEP][PASSED] - delay(1): Delayed 1 second(s)

2019-05-13 11:20:13 - [MESSAGE][PASSED] - Delayed 1 second(s)

2019-05-13 11:20:13 - [TEST_STEP][PASSED] - acceptAlert(STOP_ON_FAILURE): Alert accepted

2019-05-13 11:20:13 - [MESSAGE][PASSED] - Alert accepted

2019-05-13 11:20:13 - [TEST_STEP][PASSED] - delay(1): Delayed 1 second(s)

2019-05-13 11:20:14 - [MESSAGE][PASSED] - Delayed 1 second(s)

2019-05-13 11:20:14 - [TEST_STEP][FAILED] - click(findTestObject("Admin Console ePulse Menu/Account Settings/Oaths/Delete Displayed Oath")): click(findTestObject("Admin Console ePulse Menu/Account Settings/Oaths/Delete Displayed Oath")) FAILED.
Reason:
com.kms.katalon.core.exception.StepFailedException: Unable to click on object 'Object Repository/Admin Console ePulse Menu/Account Settings/Oaths/Delete Displayed Oath' (Root cause: com.kms.katalon.core.webui.exception.WebElementNotFoundException: Web element with id: 'Object Repository/Admin Console ePulse Menu/Account Settings/Oaths/Delete Displayed Oath' located by 'By.xpath: //section[@id='sort_table']/table/tbody/tr[2]/td[8]/a[2]' not found)
	at com.kms.katalon.core.keyword.internal.KeywordMain.stepFailed(KeywordMain.groovy:36)
	at com.kms.katalon.core.webui.keyword.internal.WebUIKeywordMain.stepFailed(WebUIKeywordMain.groovy:65)
	at com.kms.katalon.core.webui.keyword.internal.WebUIKeywordMain.runKeyword(WebUIKeywordMain.groovy:27)
	at com.kms.katalon.core.webui.keyword.builtin.ClickKeyword.click(ClickKeyword.groovy:86)
	at com.kms.katalon.core.webui.keyword.builtin.ClickKeyword.execute(ClickKeyword.groovy:67)
	at com.kms.katalon.core.keyword.internal.KeywordExecutor.executeKeywordForPlatform(KeywordExecutor.groovy:53)
	at com.kms.katalon.core.webui.keyword.WebUiBuiltInKeywords.click(WebUiBuiltInKeywords.groovy:616)
	at com.kms.katalon.core.webui.keyword.WebUiBuiltInKeywords$click$3.call(Unknown Source)
	at Oaths - Delete.run(Oaths - Delete:53)
	at com.kms.katalon.core.main.ScriptEngine.run(ScriptEngine.java:194)
	at com.kms.katalon.core.main.ScriptEngine.runScriptAsRawText(ScriptEngine.java:119)
	at com.kms.katalon.core.main.TestCaseExecutor.runScript(TestCaseExecutor.java:328)
	at com.kms.katalon.core.main.TestCaseExecutor.doExecute(TestCaseExecutor.java:319)
	at com.kms.katalon.core.main.TestCaseExecutor.processExecutionPhase(TestCaseExecutor.java:298)
	at com.kms.katalon.core.main.TestCaseExecutor.accessMainPhase(TestCaseExecutor.java:290)
	at com.kms.katalon.core.main.TestCaseExecutor.execute(TestCaseExecutor.java:224)
	at com.kms.katalon.core.main.TestSuiteExecutor.accessTestCaseMainPhase(TestSuiteExecutor.java:129)
	at com.kms.katalon.core.main.TestSuiteExecutor.accessTestSuiteMainPhase(TestSuiteExecutor.java:112)
	at com.kms.katalon.core.main.TestSuiteExecutor.execute(TestSuiteExecutor.java:81)
	at com.kms.katalon.core.main.TestCaseMain.startTestSuite(TestCaseMain.java:149)
	at com.kms.katalon.core.main.TestCaseMain$startTestSuite$0.call(Unknown Source)
	at TempTestSuite1557763859677.run(TempTestSuite1557763859677.groovy:36)


2019-05-13 11:20:30 - [MESSAGE][INFO] - Unable to find the element located by 'By.xpath: //section[@id='sort_table']/table/tbody/tr[2]/td[8]/a[2]'. Please recheck the objects properties to make sure the desired element is located. 

2019-05-13 11:20:30 - [MESSAGE][FAILED] - Unable to click on object 'Object Repository/Admin Console ePulse Menu/Account Settings/Oaths/Delete Displayed Oath' (Root cause: com.kms.katalon.core.webui.exception.WebElementNotFoundException: Web element with id: 'Object Repository/Admin Console ePulse Menu/Account Settings/Oaths/Delete Displayed Oath' located by 'By.xpath: //section[@id='sort_table']/table/tbody/tr[2]/td[8]/a[2]' not found)
[[ATTACHMENT|/Users/alonzomack/Katalon Studio/Regression/Reports/dev_staging smoketest/20190513_111059/1557764430187.png]]

2019-05-13 11:20:30 - [MESSAGE][FAILED] - click(findTestObject("Admin Console ePulse Menu/Account Settings/Oaths/Delete Displayed Oath")) FAILED.
Reason:
com.kms.katalon.core.exception.StepFailedException: Unable to click on object 'Object Repository/Admin Console ePulse Menu/Account Settings/Oaths/Delete Displayed Oath' (Root cause: com.kms.katalon.core.webui.exception.WebElementNotFoundException: Web element with id: 'Object Repository/Admin Console ePulse Menu/Account Settings/Oaths/Delete Displayed Oath' located by 'By.xpath: //section[@id='sort_table']/table/tbody/tr[2]/td[8]/a[2]' not found)
	at com.kms.katalon.core.keyword.internal.KeywordMain.stepFailed(KeywordMain.groovy:36)
	at com.kms.katalon.core.webui.keyword.internal.WebUIKeywordMain.stepFailed(WebUIKeywordMain.groovy:65)
	at com.kms.katalon.core.webui.keyword.internal.WebUIKeywordMain.runKeyword(WebUIKeywordMain.groovy:27)
	at com.kms.katalon.core.webui.keyword.builtin.ClickKeyword.click(ClickKeyword.groovy:86)
	at com.kms.katalon.core.webui.keyword.builtin.ClickKeyword.execute(ClickKeyword.groovy:67)
	at com.kms.katalon.core.keyword.internal.KeywordExecutor.executeKeywordForPlatform(KeywordExecutor.groovy:53)
	at com.kms.katalon.core.webui.keyword.WebUiBuiltInKeywords.click(WebUiBuiltInKeywords.groovy:616)
	at com.kms.katalon.core.webui.keyword.WebUiBuiltInKeywords$click$3.call(Unknown Source)
	at Oaths - Delete.run(Oaths - Delete:53)
	at com.kms.katalon.core.main.ScriptEngine.run(ScriptEngine.java:194)
	at com.kms.katalon.core.main.ScriptEngine.runScriptAsRawText(ScriptEngine.java:119)
	at com.kms.katalon.core.main.TestCaseExecutor.runScript(TestCaseExecutor.java:328)
	at com.kms.katalon.core.main.TestCaseExecutor.doExecute(TestCaseExecutor.java:319)
	at com.kms.katalon.core.main.TestCaseExecutor.processExecutionPhase(TestCaseExecutor.java:298)
	at com.kms.katalon.core.main.TestCaseExecutor.accessMainPhase(TestCaseExecutor.java:290)
	at com.kms.katalon.core.main.TestCaseExecutor.execute(TestCaseExecutor.java:224)
	at com.kms.katalon.core.main.TestSuiteExecutor.accessTestCaseMainPhase(TestSuiteExecutor.java:129)
	at com.kms.katalon.core.main.TestSuiteExecutor.accessTestSuiteMainPhase(TestSuiteExecutor.java:112)
	at com.kms.katalon.core.main.TestSuiteExecutor.execute(TestSuiteExecutor.java:81)
	at com.kms.katalon.core.main.TestCaseMain.startTestSuite(TestCaseMain.java:149)
	at com.kms.katalon.core.main.TestCaseMain$startTestSuite$0.call(Unknown Source)
	at TempTestSuite1557763859677.run(TempTestSuite1557763859677.groovy:36)]]></system-out>
         <system-err><![CDATA[2019-05-13 11:20:03 - [TEST_CASE][FAILED] - Test Cases/Admin Console/Account Settings/Oaths()/Oaths - Delete: Test Cases/Admin Console/Account Settings/Oaths()/Oaths - Delete FAILED.
Reason:
com.kms.katalon.core.exception.StepFailedException: Unable to click on object 'Object Repository/Admin Console ePulse Menu/Account Settings/Oaths/Delete Displayed Oath' (Root cause: com.kms.katalon.core.webui.exception.WebElementNotFoundException: Web element with id: 'Object Repository/Admin Console ePulse Menu/Account Settings/Oaths/Delete Displayed Oath' located by 'By.xpath: //section[@id='sort_table']/table/tbody/tr[2]/td[8]/a[2]' not found)
	at com.kms.katalon.core.keyword.internal.KeywordMain.stepFailed(KeywordMain.groovy:36)
	at com.kms.katalon.core.webui.keyword.internal.WebUIKeywordMain.stepFailed(WebUIKeywordMain.groovy:65)
	at com.kms.katalon.core.webui.keyword.internal.WebUIKeywordMain.runKeyword(WebUIKeywordMain.groovy:27)
	at com.kms.katalon.core.webui.keyword.builtin.ClickKeyword.click(ClickKeyword.groovy:86)
	at com.kms.katalon.core.webui.keyword.builtin.ClickKeyword.execute(ClickKeyword.groovy:67)
	at com.kms.katalon.core.keyword.internal.KeywordExecutor.executeKeywordForPlatform(KeywordExecutor.groovy:53)
	at com.kms.katalon.core.webui.keyword.WebUiBuiltInKeywords.click(WebUiBuiltInKeywords.groovy:616)
	at com.kms.katalon.core.webui.keyword.WebUiBuiltInKeywords$click$3.call(Unknown Source)
	at Oaths - Delete.run(Oaths - Delete:53)
	at com.kms.katalon.core.main.ScriptEngine.run(ScriptEngine.java:194)
	at com.kms.katalon.core.main.ScriptEngine.runScriptAsRawText(ScriptEngine.java:119)
	at com.kms.katalon.core.main.TestCaseExecutor.runScript(TestCaseExecutor.java:328)
	at com.kms.katalon.core.main.TestCaseExecutor.doExecute(TestCaseExecutor.java:319)
	at com.kms.katalon.core.main.TestCaseExecutor.processExecutionPhase(TestCaseExecutor.java:298)
	at com.kms.katalon.core.main.TestCaseExecutor.accessMainPhase(TestCaseExecutor.java:290)
	at com.kms.katalon.core.main.TestCaseExecutor.execute(TestCaseExecutor.java:224)
	at com.kms.katalon.core.main.TestSuiteExecutor.accessTestCaseMainPhase(TestSuiteExecutor.java:129)
	at com.kms.katalon.core.main.TestSuiteExecutor.accessTestSuiteMainPhase(TestSuiteExecutor.java:112)
	at com.kms.katalon.core.main.TestSuiteExecutor.execute(TestSuiteExecutor.java:81)
	at com.kms.katalon.core.main.TestCaseMain.startTestSuite(TestCaseMain.java:149)
	at com.kms.katalon.core.main.TestCaseMain$startTestSuite$0.call(Unknown Source)
	at TempTestSuite1557763859677.run(TempTestSuite1557763859677.groovy:36)]]></system-err>
      </testcase>
      <testcase name="Test Cases/Admin Console/Account Settings/Oaths()/Oaths - Import" classname="Test Cases/Admin Console/Account Settings/Oaths()/Oaths - Import" status="FAILED">
         <failure type="FAILED" message="Test Cases/Admin Console/Account Settings/Oaths()/Oaths - Import FAILED.
Reason:
com.kms.katalon.core.exception.StepFailedException: Unable to set text '/Users/alonzomack/Downloads/oaths.csv' of object 'Object Repository/Common ePulse Objects/Choose File' (Root cause: org.openqa.selenium.WebDriverException: invalid argument: File not found : /Users/alonzomack/Downloads/oaths.csv
  (Session info: chrome=74.0.3729.131)
  (Driver info: chromedriver=2.43.600229 (3fae4d0cda5334b4f533bede5a4787f7b832d052),platform=Mac OS X 10.13.3 x86_64) (WARNING: The server did not provide any stacktrace information)
Command duration or timeout: 0 milliseconds
Build info: version: '3.7.1', revision: '8a0099a', time: '2017-11-06T21:07:36.161Z'
System info: host: 'QAs-MacBook-Pro-2.local', ip: '2600:6c40:5400:153d:f5a6:601:affc:661a%en0', os.name: 'Mac OS X', os.arch: 'x86_64', os.version: '10.13.3', java.version: '1.8.0_181'
Driver info: com.kms.katalon.selenium.driver.CChromeDriver
Capabilities {acceptInsecureCerts: false, acceptSslCerts: false, applicationCacheEnabled: false, browserConnectionEnabled: false, browserName: chrome, chrome: {chromedriverVersion: 2.43.600229 (3fae4d0cda5334..., userDataDir: /var/folders/p5/lldhhw894tb...}, cssSelectorsEnabled: true, databaseEnabled: false, goog:chromeOptions: {debuggerAddress: localhost:53622}, handlesAlerts: true, hasTouchScreen: false, javascriptEnabled: true, locationContextEnabled: true, mobileEmulationEnabled: false, nativeEvents: true, networkConnectionEnabled: false, pageLoadStrategy: normal, platform: MAC, platformName: MAC, rotatable: false, setWindowRect: true, takesHeapSnapshot: true, takesScreenshot: true, unexpectedAlertBehaviour: , unhandledPromptBehavior: , version: 74.0.3729.131, webStorageEnabled: true}
Session ID: 5b7777cda3865dd186e7036a3a100100)
	at com.kms.katalon.core.keyword.internal.KeywordMain.stepFailed(KeywordMain.groovy:36)
	at com.kms.katalon.core.webui.keyword.internal.WebUIKeywordMain.stepFailed(WebUIKeywordMain.groovy:65)
	at com.kms.katalon.core.webui.keyword.internal.WebUIKeywordMain.runKeyword(WebUIKeywordMain.groovy:27)
	at com.kms.katalon.core.webui.keyword.builtin.SetTextKeyword.setText(SetTextKeyword.groovy:65)
	at com.kms.katalon.core.webui.keyword.builtin.SetTextKeyword.execute(SetTextKeyword.groovy:37)
	at com.kms.katalon.core.keyword.internal.KeywordExecutor.executeKeywordForPlatform(KeywordExecutor.groovy:53)
	at com.kms.katalon.core.webui.keyword.WebUiBuiltInKeywords.setText(WebUiBuiltInKeywords.groovy:950)
	at com.kms.katalon.core.webui.keyword.WebUiBuiltInKeywords$setText$1.call(Unknown Source)
	at Oaths - Import.run(Oaths - Import:45)
	at com.kms.katalon.core.main.ScriptEngine.run(ScriptEngine.java:194)
	at com.kms.katalon.core.main.ScriptEngine.runScriptAsRawText(ScriptEngine.java:119)
	at com.kms.katalon.core.main.TestCaseExecutor.runScript(TestCaseExecutor.java:328)
	at com.kms.katalon.core.main.TestCaseExecutor.doExecute(TestCaseExecutor.java:319)
	at com.kms.katalon.core.main.TestCaseExecutor.processExecutionPhase(TestCaseExecutor.java:298)
	at com.kms.katalon.core.main.TestCaseExecutor.accessMainPhase(TestCaseExecutor.java:290)
	at com.kms.katalon.core.main.TestCaseExecutor.execute(TestCaseExecutor.java:224)
	at com.kms.katalon.core.main.TestSuiteExecutor.accessTestCaseMainPhase(TestSuiteExecutor.java:129)
	at com.kms.katalon.core.main.TestSuiteExecutor.accessTestSuiteMainPhase(TestSuiteExecutor.java:112)
	at com.kms.katalon.core.main.TestSuiteExecutor.execute(TestSuiteExecutor.java:81)
	at com.kms.katalon.core.main.TestCaseMain.startTestSuite(TestCaseMain.java:149)
	at com.kms.katalon.core.main.TestCaseMain$startTestSuite$0.call(Unknown Source)
	at TempTestSuite1557763859677.run(TempTestSuite1557763859677.groovy:36)
"/>
         <system-out><![CDATA[2019-05-13 11:20:32 - [TEST_CASE][FAILED] - Test Cases/Admin Console/Account Settings/Oaths()/Oaths - Import: Test Cases/Admin Console/Account Settings/Oaths()/Oaths - Import FAILED.
Reason:
com.kms.katalon.core.exception.StepFailedException: Unable to set text '/Users/alonzomack/Downloads/oaths.csv' of object 'Object Repository/Common ePulse Objects/Choose File' (Root cause: org.openqa.selenium.WebDriverException: invalid argument: File not found : /Users/alonzomack/Downloads/oaths.csv
  (Session info: chrome=74.0.3729.131)
  (Driver info: chromedriver=2.43.600229 (3fae4d0cda5334b4f533bede5a4787f7b832d052),platform=Mac OS X 10.13.3 x86_64) (WARNING: The server did not provide any stacktrace information)
Command duration or timeout: 0 milliseconds
Build info: version: '3.7.1', revision: '8a0099a', time: '2017-11-06T21:07:36.161Z'
System info: host: 'QAs-MacBook-Pro-2.local', ip: '2600:6c40:5400:153d:f5a6:601:affc:661a%en0', os.name: 'Mac OS X', os.arch: 'x86_64', os.version: '10.13.3', java.version: '1.8.0_181'
Driver info: com.kms.katalon.selenium.driver.CChromeDriver
Capabilities {acceptInsecureCerts: false, acceptSslCerts: false, applicationCacheEnabled: false, browserConnectionEnabled: false, browserName: chrome, chrome: {chromedriverVersion: 2.43.600229 (3fae4d0cda5334..., userDataDir: /var/folders/p5/lldhhw894tb...}, cssSelectorsEnabled: true, databaseEnabled: false, goog:chromeOptions: {debuggerAddress: localhost:53622}, handlesAlerts: true, hasTouchScreen: false, javascriptEnabled: true, locationContextEnabled: true, mobileEmulationEnabled: false, nativeEvents: true, networkConnectionEnabled: false, pageLoadStrategy: normal, platform: MAC, platformName: MAC, rotatable: false, setWindowRect: true, takesHeapSnapshot: true, takesScreenshot: true, unexpectedAlertBehaviour: , unhandledPromptBehavior: , version: 74.0.3729.131, webStorageEnabled: true}
Session ID: 5b7777cda3865dd186e7036a3a100100)
	at com.kms.katalon.core.keyword.internal.KeywordMain.stepFailed(KeywordMain.groovy:36)
	at com.kms.katalon.core.webui.keyword.internal.WebUIKeywordMain.stepFailed(WebUIKeywordMain.groovy:65)
	at com.kms.katalon.core.webui.keyword.internal.WebUIKeywordMain.runKeyword(WebUIKeywordMain.groovy:27)
	at com.kms.katalon.core.webui.keyword.builtin.SetTextKeyword.setText(SetTextKeyword.groovy:65)
	at com.kms.katalon.core.webui.keyword.builtin.SetTextKeyword.execute(SetTextKeyword.groovy:37)
	at com.kms.katalon.core.keyword.internal.KeywordExecutor.executeKeywordForPlatform(KeywordExecutor.groovy:53)
	at com.kms.katalon.core.webui.keyword.WebUiBuiltInKeywords.setText(WebUiBuiltInKeywords.groovy:950)
	at com.kms.katalon.core.webui.keyword.WebUiBuiltInKeywords$setText$1.call(Unknown Source)
	at Oaths - Import.run(Oaths - Import:45)
	at com.kms.katalon.core.main.ScriptEngine.run(ScriptEngine.java:194)
	at com.kms.katalon.core.main.ScriptEngine.runScriptAsRawText(ScriptEngine.java:119)
	at com.kms.katalon.core.main.TestCaseExecutor.runScript(TestCaseExecutor.java:328)
	at com.kms.katalon.core.main.TestCaseExecutor.doExecute(TestCaseExecutor.java:319)
	at com.kms.katalon.core.main.TestCaseExecutor.processExecutionPhase(TestCaseExecutor.java:298)
	at com.kms.katalon.core.main.TestCaseExecutor.accessMainPhase(TestCaseExecutor.java:290)
	at com.kms.katalon.core.main.TestCaseExecutor.execute(TestCaseExecutor.java:224)
	at com.kms.katalon.core.main.TestSuiteExecutor.accessTestCaseMainPhase(TestSuiteExecutor.java:129)
	at com.kms.katalon.core.main.TestSuiteExecutor.accessTestSuiteMainPhase(TestSuiteExecutor.java:112)
	at com.kms.katalon.core.main.TestSuiteExecutor.execute(TestSuiteExecutor.java:81)
	at com.kms.katalon.core.main.TestCaseMain.startTestSuite(TestCaseMain.java:149)
	at com.kms.katalon.core.main.TestCaseMain$startTestSuite$0.call(Unknown Source)
	at TempTestSuite1557763859677.run(TempTestSuite1557763859677.groovy:36)


2019-05-13 11:20:32 - [TEST_STEP][PASSED] - openBrowser(""): Browser is opened with url: ''

2019-05-13 11:20:32 - [MESSAGE][WARNING] - A browser is already opened. Closing browser and opening a new one

2019-05-13 11:20:32 - [MESSAGE][INFO] - Starting 'Chrome' driver

2019-05-13 11:20:34 - [MESSAGE][PASSED] - Browser is opened with url: ''

2019-05-13 11:20:34 - [TEST_STEP][PASSED] - navigateToUrl(URL): Navigate to 'https://epulsedev2.com' successfully

2019-05-13 11:20:36 - [MESSAGE][PASSED] - Navigate to 'https://epulsedev2.com' successfully

2019-05-13 11:20:36 - [TEST_STEP][PASSED] - setText(findTestObject("Login/Email Address"), User_email): Text 'alonzo.mack@knowink.com' is set on object 'Object Repository/Login/Email Address'

2019-05-13 11:20:36 - [MESSAGE][PASSED] - Text 'alonzo.mack@knowink.com' is set on object 'Object Repository/Login/Email Address'

2019-05-13 11:20:36 - [TEST_STEP][PASSED] - setEncryptedText(findTestObject("Login/Password"), Pswrd): Text ****** has been set on object 'Object Repository/Login/Password'

2019-05-13 11:20:37 - [MESSAGE][PASSED] - Text ****** has been set on object 'Object Repository/Login/Password'

2019-05-13 11:20:37 - [TEST_STEP][PASSED] - click(findTestObject("Login/Sign In")): Object: 'Object Repository/Login/Sign In' is clicked on

2019-05-13 11:20:38 - [MESSAGE][PASSED] - Object: 'Object Repository/Login/Sign In' is clicked on

2019-05-13 11:20:38 - [TEST_STEP][PASSED] - delay(1): Delayed 1 second(s)

2019-05-13 11:20:39 - [MESSAGE][PASSED] - Delayed 1 second(s)

2019-05-13 11:20:39 - [TEST_STEP][PASSED] - navigateToUrl(Oaths_Imports, STOP_ON_FAILURE): Navigate to 'https://am-automation-test.epulsedev2.com/imports/account_oath' successfully

2019-05-13 11:20:40 - [MESSAGE][PASSED] - Navigate to 'https://am-automation-test.epulsedev2.com/imports/account_oath' successfully

2019-05-13 11:20:40 - [TEST_STEP][PASSED] - delay(1): Delayed 1 second(s)

2019-05-13 11:20:41 - [MESSAGE][PASSED] - Delayed 1 second(s)

2019-05-13 11:20:41 - [TEST_STEP][FAILED] - setText(findTestObject("Common ePulse Objects/Choose File"), "/Users/alonzomack/Downloads/oaths.csv"): setText(findTestObject("Common ePulse Objects/Choose File"), "/Users/alonzomack/Downloads/oaths.csv") FAILED.
Reason:
com.kms.katalon.core.exception.StepFailedException: Unable to set text '/Users/alonzomack/Downloads/oaths.csv' of object 'Object Repository/Common ePulse Objects/Choose File' (Root cause: org.openqa.selenium.WebDriverException: invalid argument: File not found : /Users/alonzomack/Downloads/oaths.csv
  (Session info: chrome=74.0.3729.131)
  (Driver info: chromedriver=2.43.600229 (3fae4d0cda5334b4f533bede5a4787f7b832d052),platform=Mac OS X 10.13.3 x86_64) (WARNING: The server did not provide any stacktrace information)
Command duration or timeout: 0 milliseconds
Build info: version: '3.7.1', revision: '8a0099a', time: '2017-11-06T21:07:36.161Z'
System info: host: 'QAs-MacBook-Pro-2.local', ip: '2600:6c40:5400:153d:f5a6:601:affc:661a%en0', os.name: 'Mac OS X', os.arch: 'x86_64', os.version: '10.13.3', java.version: '1.8.0_181'
Driver info: com.kms.katalon.selenium.driver.CChromeDriver
Capabilities {acceptInsecureCerts: false, acceptSslCerts: false, applicationCacheEnabled: false, browserConnectionEnabled: false, browserName: chrome, chrome: {chromedriverVersion: 2.43.600229 (3fae4d0cda5334..., userDataDir: /var/folders/p5/lldhhw894tb...}, cssSelectorsEnabled: true, databaseEnabled: false, goog:chromeOptions: {debuggerAddress: localhost:53622}, handlesAlerts: true, hasTouchScreen: false, javascriptEnabled: true, locationContextEnabled: true, mobileEmulationEnabled: false, nativeEvents: true, networkConnectionEnabled: false, pageLoadStrategy: normal, platform: MAC, platformName: MAC, rotatable: false, setWindowRect: true, takesHeapSnapshot: true, takesScreenshot: true, unexpectedAlertBehaviour: , unhandledPromptBehavior: , version: 74.0.3729.131, webStorageEnabled: true}
Session ID: 5b7777cda3865dd186e7036a3a100100)
	at com.kms.katalon.core.keyword.internal.KeywordMain.stepFailed(KeywordMain.groovy:36)
	at com.kms.katalon.core.webui.keyword.internal.WebUIKeywordMain.stepFailed(WebUIKeywordMain.groovy:65)
	at com.kms.katalon.core.webui.keyword.internal.WebUIKeywordMain.runKeyword(WebUIKeywordMain.groovy:27)
	at com.kms.katalon.core.webui.keyword.builtin.SetTextKeyword.setText(SetTextKeyword.groovy:65)
	at com.kms.katalon.core.webui.keyword.builtin.SetTextKeyword.execute(SetTextKeyword.groovy:37)
	at com.kms.katalon.core.keyword.internal.KeywordExecutor.executeKeywordForPlatform(KeywordExecutor.groovy:53)
	at com.kms.katalon.core.webui.keyword.WebUiBuiltInKeywords.setText(WebUiBuiltInKeywords.groovy:950)
	at com.kms.katalon.core.webui.keyword.WebUiBuiltInKeywords$setText$1.call(Unknown Source)
	at Oaths - Import.run(Oaths - Import:45)
	at com.kms.katalon.core.main.ScriptEngine.run(ScriptEngine.java:194)
	at com.kms.katalon.core.main.ScriptEngine.runScriptAsRawText(ScriptEngine.java:119)
	at com.kms.katalon.core.main.TestCaseExecutor.runScript(TestCaseExecutor.java:328)
	at com.kms.katalon.core.main.TestCaseExecutor.doExecute(TestCaseExecutor.java:319)
	at com.kms.katalon.core.main.TestCaseExecutor.processExecutionPhase(TestCaseExecutor.java:298)
	at com.kms.katalon.core.main.TestCaseExecutor.accessMainPhase(TestCaseExecutor.java:290)
	at com.kms.katalon.core.main.TestCaseExecutor.execute(TestCaseExecutor.java:224)
	at com.kms.katalon.core.main.TestSuiteExecutor.accessTestCaseMainPhase(TestSuiteExecutor.java:129)
	at com.kms.katalon.core.main.TestSuiteExecutor.accessTestSuiteMainPhase(TestSuiteExecutor.java:112)
	at com.kms.katalon.core.main.TestSuiteExecutor.execute(TestSuiteExecutor.java:81)
	at com.kms.katalon.core.main.TestCaseMain.startTestSuite(TestCaseMain.java:149)
	at com.kms.katalon.core.main.TestCaseMain$startTestSuite$0.call(Unknown Source)
	at TempTestSuite1557763859677.run(TempTestSuite1557763859677.groovy:36)


2019-05-13 11:20:41 - [MESSAGE][FAILED] - Unable to set text '/Users/alonzomack/Downloads/oaths.csv' of object 'Object Repository/Common ePulse Objects/Choose File' (Root cause: org.openqa.selenium.WebDriverException: invalid argument: File not found : /Users/alonzomack/Downloads/oaths.csv
  (Session info: chrome=74.0.3729.131)
  (Driver info: chromedriver=2.43.600229 (3fae4d0cda5334b4f533bede5a4787f7b832d052),platform=Mac OS X 10.13.3 x86_64) (WARNING: The server did not provide any stacktrace information)
Command duration or timeout: 0 milliseconds
Build info: version: '3.7.1', revision: '8a0099a', time: '2017-11-06T21:07:36.161Z'
System info: host: 'QAs-MacBook-Pro-2.local', ip: '2600:6c40:5400:153d:f5a6:601:affc:661a%en0', os.name: 'Mac OS X', os.arch: 'x86_64', os.version: '10.13.3', java.version: '1.8.0_181'
Driver info: com.kms.katalon.selenium.driver.CChromeDriver
Capabilities {acceptInsecureCerts: false, acceptSslCerts: false, applicationCacheEnabled: false, browserConnectionEnabled: false, browserName: chrome, chrome: {chromedriverVersion: 2.43.600229 (3fae4d0cda5334..., userDataDir: /var/folders/p5/lldhhw894tb...}, cssSelectorsEnabled: true, databaseEnabled: false, goog:chromeOptions: {debuggerAddress: localhost:53622}, handlesAlerts: true, hasTouchScreen: false, javascriptEnabled: true, locationContextEnabled: true, mobileEmulationEnabled: false, nativeEvents: true, networkConnectionEnabled: false, pageLoadStrategy: normal, platform: MAC, platformName: MAC, rotatable: false, setWindowRect: true, takesHeapSnapshot: true, takesScreenshot: true, unexpectedAlertBehaviour: , unhandledPromptBehavior: , version: 74.0.3729.131, webStorageEnabled: true}
Session ID: 5b7777cda3865dd186e7036a3a100100)
[[ATTACHMENT|/Users/alonzomack/Katalon Studio/Regression/Reports/dev_staging smoketest/20190513_111059/1557764441476.png]]

2019-05-13 11:20:41 - [MESSAGE][FAILED] - setText(findTestObject("Common ePulse Objects/Choose File"), "/Users/alonzomack/Downloads/oaths.csv") FAILED.
Reason:
com.kms.katalon.core.exception.StepFailedException: Unable to set text '/Users/alonzomack/Downloads/oaths.csv' of object 'Object Repository/Common ePulse Objects/Choose File' (Root cause: org.openqa.selenium.WebDriverException: invalid argument: File not found : /Users/alonzomack/Downloads/oaths.csv
  (Session info: chrome=74.0.3729.131)
  (Driver info: chromedriver=2.43.600229 (3fae4d0cda5334b4f533bede5a4787f7b832d052),platform=Mac OS X 10.13.3 x86_64) (WARNING: The server did not provide any stacktrace information)
Command duration or timeout: 0 milliseconds
Build info: version: '3.7.1', revision: '8a0099a', time: '2017-11-06T21:07:36.161Z'
System info: host: 'QAs-MacBook-Pro-2.local', ip: '2600:6c40:5400:153d:f5a6:601:affc:661a%en0', os.name: 'Mac OS X', os.arch: 'x86_64', os.version: '10.13.3', java.version: '1.8.0_181'
Driver info: com.kms.katalon.selenium.driver.CChromeDriver
Capabilities {acceptInsecureCerts: false, acceptSslCerts: false, applicationCacheEnabled: false, browserConnectionEnabled: false, browserName: chrome, chrome: {chromedriverVersion: 2.43.600229 (3fae4d0cda5334..., userDataDir: /var/folders/p5/lldhhw894tb...}, cssSelectorsEnabled: true, databaseEnabled: false, goog:chromeOptions: {debuggerAddress: localhost:53622}, handlesAlerts: true, hasTouchScreen: false, javascriptEnabled: true, locationContextEnabled: true, mobileEmulationEnabled: false, nativeEvents: true, networkConnectionEnabled: false, pageLoadStrategy: normal, platform: MAC, platformName: MAC, rotatable: false, setWindowRect: true, takesHeapSnapshot: true, takesScreenshot: true, unexpectedAlertBehaviour: , unhandledPromptBehavior: , version: 74.0.3729.131, webStorageEnabled: true}
Session ID: 5b7777cda3865dd186e7036a3a100100)
	at com.kms.katalon.core.keyword.internal.KeywordMain.stepFailed(KeywordMain.groovy:36)
	at com.kms.katalon.core.webui.keyword.internal.WebUIKeywordMain.stepFailed(WebUIKeywordMain.groovy:65)
	at com.kms.katalon.core.webui.keyword.internal.WebUIKeywordMain.runKeyword(WebUIKeywordMain.groovy:27)
	at com.kms.katalon.core.webui.keyword.builtin.SetTextKeyword.setText(SetTextKeyword.groovy:65)
	at com.kms.katalon.core.webui.keyword.builtin.SetTextKeyword.execute(SetTextKeyword.groovy:37)
	at com.kms.katalon.core.keyword.internal.KeywordExecutor.executeKeywordForPlatform(KeywordExecutor.groovy:53)
	at com.kms.katalon.core.webui.keyword.WebUiBuiltInKeywords.setText(WebUiBuiltInKeywords.groovy:950)
	at com.kms.katalon.core.webui.keyword.WebUiBuiltInKeywords$setText$1.call(Unknown Source)
	at Oaths - Import.run(Oaths - Import:45)
	at com.kms.katalon.core.main.ScriptEngine.run(ScriptEngine.java:194)
	at com.kms.katalon.core.main.ScriptEngine.runScriptAsRawText(ScriptEngine.java:119)
	at com.kms.katalon.core.main.TestCaseExecutor.runScript(TestCaseExecutor.java:328)
	at com.kms.katalon.core.main.TestCaseExecutor.doExecute(TestCaseExecutor.java:319)
	at com.kms.katalon.core.main.TestCaseExecutor.processExecutionPhase(TestCaseExecutor.java:298)
	at com.kms.katalon.core.main.TestCaseExecutor.accessMainPhase(TestCaseExecutor.java:290)
	at com.kms.katalon.core.main.TestCaseExecutor.execute(TestCaseExecutor.java:224)
	at com.kms.katalon.core.main.TestSuiteExecutor.accessTestCaseMainPhase(TestSuiteExecutor.java:129)
	at com.kms.katalon.core.main.TestSuiteExecutor.accessTestSuiteMainPhase(TestSuiteExecutor.java:112)
	at com.kms.katalon.core.main.TestSuiteExecutor.execute(TestSuiteExecutor.java:81)
	at com.kms.katalon.core.main.TestCaseMain.startTestSuite(TestCaseMain.java:149)
	at com.kms.katalon.core.main.TestCaseMain$startTestSuite$0.call(Unknown Source)
	at TempTestSuite1557763859677.run(TempTestSuite1557763859677.groovy:36)]]></system-out>
         <system-err><![CDATA[2019-05-13 11:20:32 - [TEST_CASE][FAILED] - Test Cases/Admin Console/Account Settings/Oaths()/Oaths - Import: Test Cases/Admin Console/Account Settings/Oaths()/Oaths - Import FAILED.
Reason:
com.kms.katalon.core.exception.StepFailedException: Unable to set text '/Users/alonzomack/Downloads/oaths.csv' of object 'Object Repository/Common ePulse Objects/Choose File' (Root cause: org.openqa.selenium.WebDriverException: invalid argument: File not found : /Users/alonzomack/Downloads/oaths.csv
  (Session info: chrome=74.0.3729.131)
  (Driver info: chromedriver=2.43.600229 (3fae4d0cda5334b4f533bede5a4787f7b832d052),platform=Mac OS X 10.13.3 x86_64) (WARNING: The server did not provide any stacktrace information)
Command duration or timeout: 0 milliseconds
Build info: version: '3.7.1', revision: '8a0099a', time: '2017-11-06T21:07:36.161Z'
System info: host: 'QAs-MacBook-Pro-2.local', ip: '2600:6c40:5400:153d:f5a6:601:affc:661a%en0', os.name: 'Mac OS X', os.arch: 'x86_64', os.version: '10.13.3', java.version: '1.8.0_181'
Driver info: com.kms.katalon.selenium.driver.CChromeDriver
Capabilities {acceptInsecureCerts: false, acceptSslCerts: false, applicationCacheEnabled: false, browserConnectionEnabled: false, browserName: chrome, chrome: {chromedriverVersion: 2.43.600229 (3fae4d0cda5334..., userDataDir: /var/folders/p5/lldhhw894tb...}, cssSelectorsEnabled: true, databaseEnabled: false, goog:chromeOptions: {debuggerAddress: localhost:53622}, handlesAlerts: true, hasTouchScreen: false, javascriptEnabled: true, locationContextEnabled: true, mobileEmulationEnabled: false, nativeEvents: true, networkConnectionEnabled: false, pageLoadStrategy: normal, platform: MAC, platformName: MAC, rotatable: false, setWindowRect: true, takesHeapSnapshot: true, takesScreenshot: true, unexpectedAlertBehaviour: , unhandledPromptBehavior: , version: 74.0.3729.131, webStorageEnabled: true}
Session ID: 5b7777cda3865dd186e7036a3a100100)
	at com.kms.katalon.core.keyword.internal.KeywordMain.stepFailed(KeywordMain.groovy:36)
	at com.kms.katalon.core.webui.keyword.internal.WebUIKeywordMain.stepFailed(WebUIKeywordMain.groovy:65)
	at com.kms.katalon.core.webui.keyword.internal.WebUIKeywordMain.runKeyword(WebUIKeywordMain.groovy:27)
	at com.kms.katalon.core.webui.keyword.builtin.SetTextKeyword.setText(SetTextKeyword.groovy:65)
	at com.kms.katalon.core.webui.keyword.builtin.SetTextKeyword.execute(SetTextKeyword.groovy:37)
	at com.kms.katalon.core.keyword.internal.KeywordExecutor.executeKeywordForPlatform(KeywordExecutor.groovy:53)
	at com.kms.katalon.core.webui.keyword.WebUiBuiltInKeywords.setText(WebUiBuiltInKeywords.groovy:950)
	at com.kms.katalon.core.webui.keyword.WebUiBuiltInKeywords$setText$1.call(Unknown Source)
	at Oaths - Import.run(Oaths - Import:45)
	at com.kms.katalon.core.main.ScriptEngine.run(ScriptEngine.java:194)
	at com.kms.katalon.core.main.ScriptEngine.runScriptAsRawText(ScriptEngine.java:119)
	at com.kms.katalon.core.main.TestCaseExecutor.runScript(TestCaseExecutor.java:328)
	at com.kms.katalon.core.main.TestCaseExecutor.doExecute(TestCaseExecutor.java:319)
	at com.kms.katalon.core.main.TestCaseExecutor.processExecutionPhase(TestCaseExecutor.java:298)
	at com.kms.katalon.core.main.TestCaseExecutor.accessMainPhase(TestCaseExecutor.java:290)
	at com.kms.katalon.core.main.TestCaseExecutor.execute(TestCaseExecutor.java:224)
	at com.kms.katalon.core.main.TestSuiteExecutor.accessTestCaseMainPhase(TestSuiteExecutor.java:129)
	at com.kms.katalon.core.main.TestSuiteExecutor.accessTestSuiteMainPhase(TestSuiteExecutor.java:112)
	at com.kms.katalon.core.main.TestSuiteExecutor.execute(TestSuiteExecutor.java:81)
	at com.kms.katalon.core.main.TestCaseMain.startTestSuite(TestCaseMain.java:149)
	at com.kms.katalon.core.main.TestCaseMain$startTestSuite$0.call(Unknown Source)
	at TempTestSuite1557763859677.run(TempTestSuite1557763859677.groovy:36)]]></system-err>
      </testcase>
      <testcase name="Test Cases/Admin Console/Account Settings/Oaths()/Oaths - Export" classname="Test Cases/Admin Console/Account Settings/Oaths()/Oaths - Export" status="PASSED">
         <system-out><![CDATA[2019-05-13 11:20:43 - [TEST_CASE][PASSED] - Test Cases/Admin Console/Account Settings/Oaths()/Oaths - Export: Test Cases/Admin Console/Account Settings/Oaths()/Oaths - Export

2019-05-13 11:20:43 - [TEST_STEP][PASSED] - openBrowser(""): Browser is opened with url: ''

2019-05-13 11:20:43 - [MESSAGE][WARNING] - A browser is already opened. Closing browser and opening a new one

2019-05-13 11:20:44 - [MESSAGE][INFO] - Starting 'Chrome' driver

2019-05-13 11:20:45 - [MESSAGE][PASSED] - Browser is opened with url: ''

2019-05-13 11:20:45 - [TEST_STEP][PASSED] - navigateToUrl(URL): Navigate to 'https://epulsedev2.com' successfully

2019-05-13 11:20:47 - [MESSAGE][PASSED] - Navigate to 'https://epulsedev2.com' successfully

2019-05-13 11:20:47 - [TEST_STEP][PASSED] - setText(findTestObject("Login/Email Address"), User_email): Text 'alonzo.mack@knowink.com' is set on object 'Object Repository/Login/Email Address'

2019-05-13 11:20:47 - [MESSAGE][PASSED] - Text 'alonzo.mack@knowink.com' is set on object 'Object Repository/Login/Email Address'

2019-05-13 11:20:47 - [TEST_STEP][PASSED] - setEncryptedText(findTestObject("Login/Password"), Pswrd): Text ****** has been set on object 'Object Repository/Login/Password'

2019-05-13 11:20:47 - [MESSAGE][PASSED] - Text ****** has been set on object 'Object Repository/Login/Password'

2019-05-13 11:20:47 - [TEST_STEP][PASSED] - click(findTestObject("Login/Sign In")): Object: 'Object Repository/Login/Sign In' is clicked on

2019-05-13 11:20:48 - [MESSAGE][PASSED] - Object: 'Object Repository/Login/Sign In' is clicked on

2019-05-13 11:20:48 - [TEST_STEP][PASSED] - delay(1): Delayed 1 second(s)

2019-05-13 11:20:49 - [MESSAGE][PASSED] - Delayed 1 second(s)

2019-05-13 11:20:49 - [TEST_STEP][PASSED] - navigateToUrl(Oaths): Navigate to 'https://am-automation-test.epulsedev2.com/account_oaths' successfully

2019-05-13 11:20:50 - [MESSAGE][PASSED] - Navigate to 'https://am-automation-test.epulsedev2.com/account_oaths' successfully

2019-05-13 11:20:50 - [TEST_STEP][PASSED] - delay(1): Delayed 1 second(s)

2019-05-13 11:20:51 - [MESSAGE][PASSED] - Delayed 1 second(s)

2019-05-13 11:20:51 - [TEST_STEP][PASSED] - click(findTestObject("Admin Console ePulse Menu/Account Settings/Oaths/Page_Epulse  am-Automation-test/Download")): Object: 'Object Repository/Admin Console ePulse Menu/Account Settings/Oaths/Page_Epulse  am-Automation-test/Download' is clicked on

2019-05-13 11:20:52 - [MESSAGE][PASSED] - Object: 'Object Repository/Admin Console ePulse Menu/Account Settings/Oaths/Page_Epulse  am-Automation-test/Download' is clicked on

2019-05-13 11:20:52 - [TEST_STEP][PASSED] - delay(1): Delayed 1 second(s)

2019-05-13 11:20:53 - [MESSAGE][PASSED] - Delayed 1 second(s)

2019-05-13 11:20:53 - [TEST_STEP][PASSED] - closeBrowser(STOP_ON_FAILURE): Browser is closed

2019-05-13 11:20:53 - [MESSAGE][PASSED] - Browser is closed]]></system-out>
         <system-err><![CDATA[]]></system-err>
      </testcase>
      <testcase name="Test Cases/Admin Console/Account Settings/Oaths()/Oaths - Edit" classname="Test Cases/Admin Console/Account Settings/Oaths()/Oaths - Edit" status="FAILED">
         <failure type="FAILED" message="Test Cases/Admin Console/Account Settings/Oaths()/Oaths - Edit FAILED.
Reason:
com.kms.katalon.core.exception.StepFailedException: Unable to click on object 'Object Repository/Admin Console ePulse Menu/Account Settings/Oaths/Add_Edit Oath/Edit Displayed Oath' (Root cause: com.kms.katalon.core.webui.exception.WebElementNotFoundException: Web element with id: 'Object Repository/Admin Console ePulse Menu/Account Settings/Oaths/Add_Edit Oath/Edit Displayed Oath' located by 'By.xpath: //section[@id='sort_table']/table/tbody/tr[2]/td[8]/a' not found)
	at com.kms.katalon.core.keyword.internal.KeywordMain.stepFailed(KeywordMain.groovy:36)
	at com.kms.katalon.core.webui.keyword.internal.WebUIKeywordMain.stepFailed(WebUIKeywordMain.groovy:65)
	at com.kms.katalon.core.webui.keyword.internal.WebUIKeywordMain.runKeyword(WebUIKeywordMain.groovy:27)
	at com.kms.katalon.core.webui.keyword.builtin.ClickKeyword.click(ClickKeyword.groovy:86)
	at com.kms.katalon.core.webui.keyword.builtin.ClickKeyword.execute(ClickKeyword.groovy:67)
	at com.kms.katalon.core.keyword.internal.KeywordExecutor.executeKeywordForPlatform(KeywordExecutor.groovy:53)
	at com.kms.katalon.core.webui.keyword.WebUiBuiltInKeywords.click(WebUiBuiltInKeywords.groovy:616)
	at com.kms.katalon.core.webui.keyword.WebUiBuiltInKeywords$click$3.call(Unknown Source)
	at Oaths - Edit.run(Oaths - Edit:45)
	at com.kms.katalon.core.main.ScriptEngine.run(ScriptEngine.java:194)
	at com.kms.katalon.core.main.ScriptEngine.runScriptAsRawText(ScriptEngine.java:119)
	at com.kms.katalon.core.main.TestCaseExecutor.runScript(TestCaseExecutor.java:328)
	at com.kms.katalon.core.main.TestCaseExecutor.doExecute(TestCaseExecutor.java:319)
	at com.kms.katalon.core.main.TestCaseExecutor.processExecutionPhase(TestCaseExecutor.java:298)
	at com.kms.katalon.core.main.TestCaseExecutor.accessMainPhase(TestCaseExecutor.java:290)
	at com.kms.katalon.core.main.TestCaseExecutor.execute(TestCaseExecutor.java:224)
	at com.kms.katalon.core.main.TestSuiteExecutor.accessTestCaseMainPhase(TestSuiteExecutor.java:129)
	at com.kms.katalon.core.main.TestSuiteExecutor.accessTestSuiteMainPhase(TestSuiteExecutor.java:112)
	at com.kms.katalon.core.main.TestSuiteExecutor.execute(TestSuiteExecutor.java:81)
	at com.kms.katalon.core.main.TestCaseMain.startTestSuite(TestCaseMain.java:149)
	at com.kms.katalon.core.main.TestCaseMain$startTestSuite$0.call(Unknown Source)
	at TempTestSuite1557763859677.run(TempTestSuite1557763859677.groovy:36)
"/>
         <system-out><![CDATA[2019-05-13 11:20:55 - [TEST_CASE][FAILED] - Test Cases/Admin Console/Account Settings/Oaths()/Oaths - Edit: Test Cases/Admin Console/Account Settings/Oaths()/Oaths - Edit FAILED.
Reason:
com.kms.katalon.core.exception.StepFailedException: Unable to click on object 'Object Repository/Admin Console ePulse Menu/Account Settings/Oaths/Add_Edit Oath/Edit Displayed Oath' (Root cause: com.kms.katalon.core.webui.exception.WebElementNotFoundException: Web element with id: 'Object Repository/Admin Console ePulse Menu/Account Settings/Oaths/Add_Edit Oath/Edit Displayed Oath' located by 'By.xpath: //section[@id='sort_table']/table/tbody/tr[2]/td[8]/a' not found)
	at com.kms.katalon.core.keyword.internal.KeywordMain.stepFailed(KeywordMain.groovy:36)
	at com.kms.katalon.core.webui.keyword.internal.WebUIKeywordMain.stepFailed(WebUIKeywordMain.groovy:65)
	at com.kms.katalon.core.webui.keyword.internal.WebUIKeywordMain.runKeyword(WebUIKeywordMain.groovy:27)
	at com.kms.katalon.core.webui.keyword.builtin.ClickKeyword.click(ClickKeyword.groovy:86)
	at com.kms.katalon.core.webui.keyword.builtin.ClickKeyword.execute(ClickKeyword.groovy:67)
	at com.kms.katalon.core.keyword.internal.KeywordExecutor.executeKeywordForPlatform(KeywordExecutor.groovy:53)
	at com.kms.katalon.core.webui.keyword.WebUiBuiltInKeywords.click(WebUiBuiltInKeywords.groovy:616)
	at com.kms.katalon.core.webui.keyword.WebUiBuiltInKeywords$click$3.call(Unknown Source)
	at Oaths - Edit.run(Oaths - Edit:45)
	at com.kms.katalon.core.main.ScriptEngine.run(ScriptEngine.java:194)
	at com.kms.katalon.core.main.ScriptEngine.runScriptAsRawText(ScriptEngine.java:119)
	at com.kms.katalon.core.main.TestCaseExecutor.runScript(TestCaseExecutor.java:328)
	at com.kms.katalon.core.main.TestCaseExecutor.doExecute(TestCaseExecutor.java:319)
	at com.kms.katalon.core.main.TestCaseExecutor.processExecutionPhase(TestCaseExecutor.java:298)
	at com.kms.katalon.core.main.TestCaseExecutor.accessMainPhase(TestCaseExecutor.java:290)
	at com.kms.katalon.core.main.TestCaseExecutor.execute(TestCaseExecutor.java:224)
	at com.kms.katalon.core.main.TestSuiteExecutor.accessTestCaseMainPhase(TestSuiteExecutor.java:129)
	at com.kms.katalon.core.main.TestSuiteExecutor.accessTestSuiteMainPhase(TestSuiteExecutor.java:112)
	at com.kms.katalon.core.main.TestSuiteExecutor.execute(TestSuiteExecutor.java:81)
	at com.kms.katalon.core.main.TestCaseMain.startTestSuite(TestCaseMain.java:149)
	at com.kms.katalon.core.main.TestCaseMain$startTestSuite$0.call(Unknown Source)
	at TempTestSuite1557763859677.run(TempTestSuite1557763859677.groovy:36)


2019-05-13 11:20:55 - [TEST_STEP][PASSED] - openBrowser(""): Browser is opened with url: ''

2019-05-13 11:20:55 - [MESSAGE][INFO] - Starting 'Chrome' driver

2019-05-13 11:20:56 - [MESSAGE][PASSED] - Browser is opened with url: ''

2019-05-13 11:20:56 - [TEST_STEP][PASSED] - navigateToUrl(URL): Navigate to 'https://epulsedev2.com' successfully

2019-05-13 11:21:02 - [MESSAGE][PASSED] - Navigate to 'https://epulsedev2.com' successfully

2019-05-13 11:21:02 - [TEST_STEP][PASSED] - setText(findTestObject("Login/Email Address"), User_email): Text 'alonzo.mack@knowink.com' is set on object 'Object Repository/Login/Email Address'

2019-05-13 11:21:03 - [MESSAGE][PASSED] - Text 'alonzo.mack@knowink.com' is set on object 'Object Repository/Login/Email Address'

2019-05-13 11:21:03 - [TEST_STEP][PASSED] - setEncryptedText(findTestObject("Login/Password"), Pswrd): Text ****** has been set on object 'Object Repository/Login/Password'

2019-05-13 11:21:03 - [MESSAGE][PASSED] - Text ****** has been set on object 'Object Repository/Login/Password'

2019-05-13 11:21:03 - [TEST_STEP][PASSED] - click(findTestObject("Login/Sign In")): Object: 'Object Repository/Login/Sign In' is clicked on

2019-05-13 11:21:03 - [MESSAGE][PASSED] - Object: 'Object Repository/Login/Sign In' is clicked on

2019-05-13 11:21:03 - [TEST_STEP][PASSED] - delay(1): Delayed 1 second(s)

2019-05-13 11:21:04 - [MESSAGE][PASSED] - Delayed 1 second(s)

2019-05-13 11:21:04 - [TEST_STEP][PASSED] - navigateToUrl(Oaths, STOP_ON_FAILURE): Navigate to 'https://am-automation-test.epulsedev2.com/account_oaths' successfully

2019-05-13 11:21:06 - [MESSAGE][PASSED] - Navigate to 'https://am-automation-test.epulsedev2.com/account_oaths' successfully

2019-05-13 11:21:06 - [TEST_STEP][PASSED] - delay(1): Delayed 1 second(s)

2019-05-13 11:21:07 - [MESSAGE][PASSED] - Delayed 1 second(s)

2019-05-13 11:21:07 - [TEST_STEP][FAILED] - click(findTestObject("Admin Console ePulse Menu/Account Settings/Oaths/Add_Edit Oath/Edit Displayed Oath")): click(findTestObject("Admin Console ePulse Menu/Account Settings/Oaths/Add_Edit Oath/Edit Displayed Oath")) FAILED.
Reason:
com.kms.katalon.core.exception.StepFailedException: Unable to click on object 'Object Repository/Admin Console ePulse Menu/Account Settings/Oaths/Add_Edit Oath/Edit Displayed Oath' (Root cause: com.kms.katalon.core.webui.exception.WebElementNotFoundException: Web element with id: 'Object Repository/Admin Console ePulse Menu/Account Settings/Oaths/Add_Edit Oath/Edit Displayed Oath' located by 'By.xpath: //section[@id='sort_table']/table/tbody/tr[2]/td[8]/a' not found)
	at com.kms.katalon.core.keyword.internal.KeywordMain.stepFailed(KeywordMain.groovy:36)
	at com.kms.katalon.core.webui.keyword.internal.WebUIKeywordMain.stepFailed(WebUIKeywordMain.groovy:65)
	at com.kms.katalon.core.webui.keyword.internal.WebUIKeywordMain.runKeyword(WebUIKeywordMain.groovy:27)
	at com.kms.katalon.core.webui.keyword.builtin.ClickKeyword.click(ClickKeyword.groovy:86)
	at com.kms.katalon.core.webui.keyword.builtin.ClickKeyword.execute(ClickKeyword.groovy:67)
	at com.kms.katalon.core.keyword.internal.KeywordExecutor.executeKeywordForPlatform(KeywordExecutor.groovy:53)
	at com.kms.katalon.core.webui.keyword.WebUiBuiltInKeywords.click(WebUiBuiltInKeywords.groovy:616)
	at com.kms.katalon.core.webui.keyword.WebUiBuiltInKeywords$click$3.call(Unknown Source)
	at Oaths - Edit.run(Oaths - Edit:45)
	at com.kms.katalon.core.main.ScriptEngine.run(ScriptEngine.java:194)
	at com.kms.katalon.core.main.ScriptEngine.runScriptAsRawText(ScriptEngine.java:119)
	at com.kms.katalon.core.main.TestCaseExecutor.runScript(TestCaseExecutor.java:328)
	at com.kms.katalon.core.main.TestCaseExecutor.doExecute(TestCaseExecutor.java:319)
	at com.kms.katalon.core.main.TestCaseExecutor.processExecutionPhase(TestCaseExecutor.java:298)
	at com.kms.katalon.core.main.TestCaseExecutor.accessMainPhase(TestCaseExecutor.java:290)
	at com.kms.katalon.core.main.TestCaseExecutor.execute(TestCaseExecutor.java:224)
	at com.kms.katalon.core.main.TestSuiteExecutor.accessTestCaseMainPhase(TestSuiteExecutor.java:129)
	at com.kms.katalon.core.main.TestSuiteExecutor.accessTestSuiteMainPhase(TestSuiteExecutor.java:112)
	at com.kms.katalon.core.main.TestSuiteExecutor.execute(TestSuiteExecutor.java:81)
	at com.kms.katalon.core.main.TestCaseMain.startTestSuite(TestCaseMain.java:149)
	at com.kms.katalon.core.main.TestCaseMain$startTestSuite$0.call(Unknown Source)
	at TempTestSuite1557763859677.run(TempTestSuite1557763859677.groovy:36)


2019-05-13 11:21:22 - [MESSAGE][INFO] - Unable to find the element located by 'By.xpath: //section[@id='sort_table']/table/tbody/tr[2]/td[8]/a'. Please recheck the objects properties to make sure the desired element is located. 

2019-05-13 11:21:23 - [MESSAGE][FAILED] - Unable to click on object 'Object Repository/Admin Console ePulse Menu/Account Settings/Oaths/Add_Edit Oath/Edit Displayed Oath' (Root cause: com.kms.katalon.core.webui.exception.WebElementNotFoundException: Web element with id: 'Object Repository/Admin Console ePulse Menu/Account Settings/Oaths/Add_Edit Oath/Edit Displayed Oath' located by 'By.xpath: //section[@id='sort_table']/table/tbody/tr[2]/td[8]/a' not found)
[[ATTACHMENT|/Users/alonzomack/Katalon Studio/Regression/Reports/dev_staging smoketest/20190513_111059/1557764482858.png]]

2019-05-13 11:21:23 - [MESSAGE][FAILED] - click(findTestObject("Admin Console ePulse Menu/Account Settings/Oaths/Add_Edit Oath/Edit Displayed Oath")) FAILED.
Reason:
com.kms.katalon.core.exception.StepFailedException: Unable to click on object 'Object Repository/Admin Console ePulse Menu/Account Settings/Oaths/Add_Edit Oath/Edit Displayed Oath' (Root cause: com.kms.katalon.core.webui.exception.WebElementNotFoundException: Web element with id: 'Object Repository/Admin Console ePulse Menu/Account Settings/Oaths/Add_Edit Oath/Edit Displayed Oath' located by 'By.xpath: //section[@id='sort_table']/table/tbody/tr[2]/td[8]/a' not found)
	at com.kms.katalon.core.keyword.internal.KeywordMain.stepFailed(KeywordMain.groovy:36)
	at com.kms.katalon.core.webui.keyword.internal.WebUIKeywordMain.stepFailed(WebUIKeywordMain.groovy:65)
	at com.kms.katalon.core.webui.keyword.internal.WebUIKeywordMain.runKeyword(WebUIKeywordMain.groovy:27)
	at com.kms.katalon.core.webui.keyword.builtin.ClickKeyword.click(ClickKeyword.groovy:86)
	at com.kms.katalon.core.webui.keyword.builtin.ClickKeyword.execute(ClickKeyword.groovy:67)
	at com.kms.katalon.core.keyword.internal.KeywordExecutor.executeKeywordForPlatform(KeywordExecutor.groovy:53)
	at com.kms.katalon.core.webui.keyword.WebUiBuiltInKeywords.click(WebUiBuiltInKeywords.groovy:616)
	at com.kms.katalon.core.webui.keyword.WebUiBuiltInKeywords$click$3.call(Unknown Source)
	at Oaths - Edit.run(Oaths - Edit:45)
	at com.kms.katalon.core.main.ScriptEngine.run(ScriptEngine.java:194)
	at com.kms.katalon.core.main.ScriptEngine.runScriptAsRawText(ScriptEngine.java:119)
	at com.kms.katalon.core.main.TestCaseExecutor.runScript(TestCaseExecutor.java:328)
	at com.kms.katalon.core.main.TestCaseExecutor.doExecute(TestCaseExecutor.java:319)
	at com.kms.katalon.core.main.TestCaseExecutor.processExecutionPhase(TestCaseExecutor.java:298)
	at com.kms.katalon.core.main.TestCaseExecutor.accessMainPhase(TestCaseExecutor.java:290)
	at com.kms.katalon.core.main.TestCaseExecutor.execute(TestCaseExecutor.java:224)
	at com.kms.katalon.core.main.TestSuiteExecutor.accessTestCaseMainPhase(TestSuiteExecutor.java:129)
	at com.kms.katalon.core.main.TestSuiteExecutor.accessTestSuiteMainPhase(TestSuiteExecutor.java:112)
	at com.kms.katalon.core.main.TestSuiteExecutor.execute(TestSuiteExecutor.java:81)
	at com.kms.katalon.core.main.TestCaseMain.startTestSuite(TestCaseMain.java:149)
	at com.kms.katalon.core.main.TestCaseMain$startTestSuite$0.call(Unknown Source)
	at TempTestSuite1557763859677.run(TempTestSuite1557763859677.groovy:36)]]></system-out>
         <system-err><![CDATA[2019-05-13 11:20:55 - [TEST_CASE][FAILED] - Test Cases/Admin Console/Account Settings/Oaths()/Oaths - Edit: Test Cases/Admin Console/Account Settings/Oaths()/Oaths - Edit FAILED.
Reason:
com.kms.katalon.core.exception.StepFailedException: Unable to click on object 'Object Repository/Admin Console ePulse Menu/Account Settings/Oaths/Add_Edit Oath/Edit Displayed Oath' (Root cause: com.kms.katalon.core.webui.exception.WebElementNotFoundException: Web element with id: 'Object Repository/Admin Console ePulse Menu/Account Settings/Oaths/Add_Edit Oath/Edit Displayed Oath' located by 'By.xpath: //section[@id='sort_table']/table/tbody/tr[2]/td[8]/a' not found)
	at com.kms.katalon.core.keyword.internal.KeywordMain.stepFailed(KeywordMain.groovy:36)
	at com.kms.katalon.core.webui.keyword.internal.WebUIKeywordMain.stepFailed(WebUIKeywordMain.groovy:65)
	at com.kms.katalon.core.webui.keyword.internal.WebUIKeywordMain.runKeyword(WebUIKeywordMain.groovy:27)
	at com.kms.katalon.core.webui.keyword.builtin.ClickKeyword.click(ClickKeyword.groovy:86)
	at com.kms.katalon.core.webui.keyword.builtin.ClickKeyword.execute(ClickKeyword.groovy:67)
	at com.kms.katalon.core.keyword.internal.KeywordExecutor.executeKeywordForPlatform(KeywordExecutor.groovy:53)
	at com.kms.katalon.core.webui.keyword.WebUiBuiltInKeywords.click(WebUiBuiltInKeywords.groovy:616)
	at com.kms.katalon.core.webui.keyword.WebUiBuiltInKeywords$click$3.call(Unknown Source)
	at Oaths - Edit.run(Oaths - Edit:45)
	at com.kms.katalon.core.main.ScriptEngine.run(ScriptEngine.java:194)
	at com.kms.katalon.core.main.ScriptEngine.runScriptAsRawText(ScriptEngine.java:119)
	at com.kms.katalon.core.main.TestCaseExecutor.runScript(TestCaseExecutor.java:328)
	at com.kms.katalon.core.main.TestCaseExecutor.doExecute(TestCaseExecutor.java:319)
	at com.kms.katalon.core.main.TestCaseExecutor.processExecutionPhase(TestCaseExecutor.java:298)
	at com.kms.katalon.core.main.TestCaseExecutor.accessMainPhase(TestCaseExecutor.java:290)
	at com.kms.katalon.core.main.TestCaseExecutor.execute(TestCaseExecutor.java:224)
	at com.kms.katalon.core.main.TestSuiteExecutor.accessTestCaseMainPhase(TestSuiteExecutor.java:129)
	at com.kms.katalon.core.main.TestSuiteExecutor.accessTestSuiteMainPhase(TestSuiteExecutor.java:112)
	at com.kms.katalon.core.main.TestSuiteExecutor.execute(TestSuiteExecutor.java:81)
	at com.kms.katalon.core.main.TestCaseMain.startTestSuite(TestCaseMain.java:149)
	at com.kms.katalon.core.main.TestCaseMain$startTestSuite$0.call(Unknown Source)
	at TempTestSuite1557763859677.run(TempTestSuite1557763859677.groovy:36)]]></system-err>
      </testcase>
      <testcase name="Test Cases/Admin Console/Account Settings/Prompts()/Prompts - Add" classname="Test Cases/Admin Console/Account Settings/Prompts()/Prompts - Add" status="PASSED">
         <system-out><![CDATA[2019-05-13 11:21:25 - [TEST_CASE][PASSED] - Test Cases/Admin Console/Account Settings/Prompts()/Prompts - Add: Test Cases/Admin Console/Account Settings/Prompts()/Prompts - Add

2019-05-13 11:21:25 - [TEST_STEP][PASSED] - openBrowser(""): Browser is opened with url: ''

2019-05-13 11:21:25 - [MESSAGE][WARNING] - A browser is already opened. Closing browser and opening a new one

2019-05-13 11:21:25 - [MESSAGE][INFO] - Starting 'Chrome' driver

2019-05-13 11:21:26 - [MESSAGE][PASSED] - Browser is opened with url: ''

2019-05-13 11:21:26 - [TEST_STEP][PASSED] - navigateToUrl(URL): Navigate to 'https://epulsedev2.com' successfully

2019-05-13 11:21:29 - [MESSAGE][PASSED] - Navigate to 'https://epulsedev2.com' successfully

2019-05-13 11:21:29 - [TEST_STEP][PASSED] - setText(findTestObject("Login/Email Address"), User_email): Text 'alonzo.mack@knowink.com' is set on object 'Object Repository/Login/Email Address'

2019-05-13 11:21:29 - [MESSAGE][PASSED] - Text 'alonzo.mack@knowink.com' is set on object 'Object Repository/Login/Email Address'

2019-05-13 11:21:29 - [TEST_STEP][PASSED] - setEncryptedText(findTestObject("Login/Password"), Pswrd): Text ****** has been set on object 'Object Repository/Login/Password'

2019-05-13 11:21:29 - [MESSAGE][PASSED] - Text ****** has been set on object 'Object Repository/Login/Password'

2019-05-13 11:21:29 - [TEST_STEP][PASSED] - click(findTestObject("Login/Sign In")): Object: 'Object Repository/Login/Sign In' is clicked on

2019-05-13 11:21:30 - [MESSAGE][PASSED] - Object: 'Object Repository/Login/Sign In' is clicked on

2019-05-13 11:21:30 - [TEST_STEP][PASSED] - delay(1): Delayed 1 second(s)

2019-05-13 11:21:31 - [MESSAGE][PASSED] - Delayed 1 second(s)

2019-05-13 11:21:31 - [TEST_STEP][PASSED] - navigateToUrl(Prompts, STOP_ON_FAILURE): Navigate to 'https://am-Automation-test.epulsedev2.com/prompts' successfully

2019-05-13 11:21:32 - [MESSAGE][PASSED] - Navigate to 'https://am-Automation-test.epulsedev2.com/prompts' successfully

2019-05-13 11:21:32 - [TEST_STEP][PASSED] - delay(1): Delayed 1 second(s)

2019-05-13 11:21:33 - [MESSAGE][PASSED] - Delayed 1 second(s)

2019-05-13 11:21:33 - [TEST_STEP][PASSED] - click(findTestObject("Admin Console ePulse Menu/Account Settings/Prompts/Create_New_Prompt_Button")): Object: 'Object Repository/Admin Console ePulse Menu/Account Settings/Prompts/Create_New_Prompt_Button' is clicked on

2019-05-13 11:21:33 - [MESSAGE][PASSED] - Object: 'Object Repository/Admin Console ePulse Menu/Account Settings/Prompts/Create_New_Prompt_Button' is clicked on

2019-05-13 11:21:33 - [TEST_STEP][PASSED] - setText(findTestObject("Admin Console ePulse Menu/Account Settings/Prompts/Add_Edit Prompt Modal/Name"), "Test Prompt"): Text 'Test Prompt' is set on object 'Object Repository/Admin Console ePulse Menu/Account Settings/Prompts/Add_Edit Prompt Modal/Name'

2019-05-13 11:21:33 - [MESSAGE][PASSED] - Text 'Test Prompt' is set on object 'Object Repository/Admin Console ePulse Menu/Account Settings/Prompts/Add_Edit Prompt Modal/Name'

2019-05-13 11:21:33 - [TEST_STEP][PASSED] - setText(findTestObject("Admin Console ePulse Menu/Account Settings/Prompts/Add_Edit Prompt Modal/Heading"), "Prompt"): Text 'Prompt' is set on object 'Object Repository/Admin Console ePulse Menu/Account Settings/Prompts/Add_Edit Prompt Modal/Heading'

2019-05-13 11:21:34 - [MESSAGE][PASSED] - Text 'Prompt' is set on object 'Object Repository/Admin Console ePulse Menu/Account Settings/Prompts/Add_Edit Prompt Modal/Heading'

2019-05-13 11:21:34 - [TEST_STEP][PASSED] - selectOptionByValue(findTestObject("Admin Console ePulse Menu/Account Settings/Prompts/Add_Edit Prompt Modal/Select Color"), "0", true): All options with value '0' are selected in object 'Object Repository/Admin Console ePulse Menu/Account Settings/Prompts/Add_Edit Prompt Modal/Select Color'  using regular expression

2019-05-13 11:21:34 - [MESSAGE][PASSED] - All options with value '0' are selected in object 'Object Repository/Admin Console ePulse Menu/Account Settings/Prompts/Add_Edit Prompt Modal/Select Color'  using regular expression

2019-05-13 11:21:34 - [TEST_STEP][PASSED] - setText(findTestObject("Admin Console ePulse Menu/Account Settings/Prompts/Add_Edit Prompt Modal/Order"), "1"): Text '1' is set on object 'Object Repository/Admin Console ePulse Menu/Account Settings/Prompts/Add_Edit Prompt Modal/Order'

2019-05-13 11:21:34 - [MESSAGE][PASSED] - Text '1' is set on object 'Object Repository/Admin Console ePulse Menu/Account Settings/Prompts/Add_Edit Prompt Modal/Order'

2019-05-13 11:21:34 - [TEST_STEP][PASSED] - setText(findTestObject("Admin Console ePulse Menu/Account Settings/Prompts/Add_Edit Prompt Modal/Field Label"), "Prompt"): Text 'Prompt' is set on object 'Object Repository/Admin Console ePulse Menu/Account Settings/Prompts/Add_Edit Prompt Modal/Field Label'

2019-05-13 11:21:34 - [MESSAGE][PASSED] - Text 'Prompt' is set on object 'Object Repository/Admin Console ePulse Menu/Account Settings/Prompts/Add_Edit Prompt Modal/Field Label'

2019-05-13 11:21:34 - [TEST_STEP][PASSED] - setText(findTestObject("Admin Console ePulse Menu/Account Settings/Prompts/Add_Edit Prompt Modal/Field Name"), "Prompt"): Text 'Prompt' is set on object 'Object Repository/Admin Console ePulse Menu/Account Settings/Prompts/Add_Edit Prompt Modal/Field Name'

2019-05-13 11:21:34 - [MESSAGE][PASSED] - Text 'Prompt' is set on object 'Object Repository/Admin Console ePulse Menu/Account Settings/Prompts/Add_Edit Prompt Modal/Field Name'

2019-05-13 11:21:34 - [TEST_STEP][PASSED] - click(findTestObject("Admin Console ePulse Menu/Account Settings/Prompts/Add_Edit Prompt Modal/Show Voter Info_slider")): Object: 'Object Repository/Admin Console ePulse Menu/Account Settings/Prompts/Add_Edit Prompt Modal/Show Voter Info_slider' is clicked on

2019-05-13 11:21:34 - [MESSAGE][PASSED] - Object: 'Object Repository/Admin Console ePulse Menu/Account Settings/Prompts/Add_Edit Prompt Modal/Show Voter Info_slider' is clicked on

2019-05-13 11:21:34 - [TEST_STEP][PASSED] - click(findTestObject("Admin Console ePulse Menu/Account Settings/Prompts/Add_Edit Prompt Modal/Show DOB Field_slider")): Object: 'Object Repository/Admin Console ePulse Menu/Account Settings/Prompts/Add_Edit Prompt Modal/Show DOB Field_slider' is clicked on

2019-05-13 11:21:34 - [MESSAGE][PASSED] - Object: 'Object Repository/Admin Console ePulse Menu/Account Settings/Prompts/Add_Edit Prompt Modal/Show DOB Field_slider' is clicked on

2019-05-13 11:21:34 - [TEST_STEP][PASSED] - setText(findTestObject("Admin Console ePulse Menu/Account Settings/Prompts/Add_Edit Prompt Modal/Instructions textarea "), "Test Prompt"): Text 'Test Prompt' is set on object 'Object Repository/Admin Console ePulse Menu/Account Settings/Prompts/Add_Edit Prompt Modal/Instructions textarea '

2019-05-13 11:21:34 - [MESSAGE][PASSED] - Text 'Test Prompt' is set on object 'Object Repository/Admin Console ePulse Menu/Account Settings/Prompts/Add_Edit Prompt Modal/Instructions textarea '

2019-05-13 11:21:34 - [TEST_STEP][PASSED] - click(findTestObject("Admin Console ePulse Menu/Account Settings/Prompts/Add_Edit Prompt Modal/Submit")): Object: 'Object Repository/Admin Console ePulse Menu/Account Settings/Prompts/Add_Edit Prompt Modal/Submit' is clicked on

2019-05-13 11:21:34 - [MESSAGE][PASSED] - Object: 'Object Repository/Admin Console ePulse Menu/Account Settings/Prompts/Add_Edit Prompt Modal/Submit' is clicked on

2019-05-13 11:21:34 - [TEST_STEP][PASSED] - delay(2): Delayed 2 second(s)

2019-05-13 11:21:36 - [MESSAGE][PASSED] - Delayed 2 second(s)

2019-05-13 11:21:36 - [TEST_STEP][PASSED] - closeBrowser(): Browser is closed

2019-05-13 11:21:37 - [MESSAGE][PASSED] - Browser is closed]]></system-out>
         <system-err><![CDATA[]]></system-err>
      </testcase>
      <testcase name="Test Cases/Admin Console/Account Settings/Prompts()/Prompts - Add Criteria" classname="Test Cases/Admin Console/Account Settings/Prompts()/Prompts - Add Criteria" status="PASSED">
         <system-out><![CDATA[2019-05-13 11:21:39 - [TEST_CASE][PASSED] - Test Cases/Admin Console/Account Settings/Prompts()/Prompts - Add Criteria: Test Cases/Admin Console/Account Settings/Prompts()/Prompts - Add Criteria

2019-05-13 11:21:39 - [TEST_STEP][PASSED] - openBrowser(""): Browser is opened with url: ''

2019-05-13 11:21:39 - [MESSAGE][INFO] - Starting 'Chrome' driver

2019-05-13 11:21:40 - [MESSAGE][PASSED] - Browser is opened with url: ''

2019-05-13 11:21:40 - [TEST_STEP][PASSED] - navigateToUrl(URL): Navigate to 'https://epulsedev2.com' successfully

2019-05-13 11:21:43 - [MESSAGE][PASSED] - Navigate to 'https://epulsedev2.com' successfully

2019-05-13 11:21:43 - [TEST_STEP][PASSED] - setText(findTestObject("Login/Email Address"), User_email): Text 'alonzo.mack@knowink.com' is set on object 'Object Repository/Login/Email Address'

2019-05-13 11:21:43 - [MESSAGE][PASSED] - Text 'alonzo.mack@knowink.com' is set on object 'Object Repository/Login/Email Address'

2019-05-13 11:21:43 - [TEST_STEP][PASSED] - setEncryptedText(findTestObject("Login/Password"), Pswrd): Text ****** has been set on object 'Object Repository/Login/Password'

2019-05-13 11:21:43 - [MESSAGE][PASSED] - Text ****** has been set on object 'Object Repository/Login/Password'

2019-05-13 11:21:43 - [TEST_STEP][PASSED] - click(findTestObject("Login/Sign In")): Object: 'Object Repository/Login/Sign In' is clicked on

2019-05-13 11:21:44 - [MESSAGE][PASSED] - Object: 'Object Repository/Login/Sign In' is clicked on

2019-05-13 11:21:44 - [TEST_STEP][PASSED] - delay(1): Delayed 1 second(s)

2019-05-13 11:21:45 - [MESSAGE][PASSED] - Delayed 1 second(s)

2019-05-13 11:21:45 - [TEST_STEP][PASSED] - navigateToUrl(Prompts, STOP_ON_FAILURE): Navigate to 'https://am-Automation-test.epulsedev2.com/prompts' successfully

2019-05-13 11:21:46 - [MESSAGE][PASSED] - Navigate to 'https://am-Automation-test.epulsedev2.com/prompts' successfully

2019-05-13 11:21:46 - [TEST_STEP][PASSED] - delay(1): Delayed 1 second(s)

2019-05-13 11:21:47 - [MESSAGE][PASSED] - Delayed 1 second(s)

2019-05-13 11:21:47 - [TEST_STEP][PASSED] - click(findTestObject("Admin Console ePulse Menu/Account Settings/Prompts/Add_CRITERIA_To_Prompt")): Object: 'Object Repository/Admin Console ePulse Menu/Account Settings/Prompts/Add_CRITERIA_To_Prompt' is clicked on

2019-05-13 11:21:47 - [MESSAGE][PASSED] - Object: 'Object Repository/Admin Console ePulse Menu/Account Settings/Prompts/Add_CRITERIA_To_Prompt' is clicked on

2019-05-13 11:21:47 - [TEST_STEP][PASSED] - delay(1): Delayed 1 second(s)

2019-05-13 11:21:48 - [MESSAGE][PASSED] - Delayed 1 second(s)

2019-05-13 11:21:48 - [TEST_STEP][PASSED] - selectOptionByValue(findTestObject("Admin Console ePulse Menu/Account Settings/Prompts/Prompt Criteria Modal/Add Criteria Dropdown"), "status_id", true): All options with value 'status_id' are selected in object 'Object Repository/Admin Console ePulse Menu/Account Settings/Prompts/Prompt Criteria Modal/Add Criteria Dropdown'  using regular expression

2019-05-13 11:21:48 - [MESSAGE][PASSED] - All options with value 'status_id' are selected in object 'Object Repository/Admin Console ePulse Menu/Account Settings/Prompts/Prompt Criteria Modal/Add Criteria Dropdown'  using regular expression

2019-05-13 11:21:48 - [TEST_STEP][PASSED] - delay(1): Delayed 1 second(s)

2019-05-13 11:21:49 - [MESSAGE][PASSED] - Delayed 1 second(s)

2019-05-13 11:21:49 - [TEST_STEP][PASSED] - click(findTestObject("Admin Console ePulse Menu/Account Settings/Prompts/Prompt Criteria Modal/Add Criteria(Plus Sign)")): Object: 'Object Repository/Admin Console ePulse Menu/Account Settings/Prompts/Prompt Criteria Modal/Add Criteria(Plus Sign)' is clicked on

2019-05-13 11:21:49 - [MESSAGE][PASSED] - Object: 'Object Repository/Admin Console ePulse Menu/Account Settings/Prompts/Prompt Criteria Modal/Add Criteria(Plus Sign)' is clicked on

2019-05-13 11:21:49 - [TEST_STEP][PASSED] - delay(1): Delayed 1 second(s)

2019-05-13 11:21:50 - [MESSAGE][PASSED] - Delayed 1 second(s)

2019-05-13 11:21:50 - [TEST_STEP][PASSED] - selectOptionByValue(findTestObject("Admin Console ePulse Menu/Account Settings/Prompts/Prompt Criteria Modal/Add Criteria Dropdown"), "voter_status_reason", true): All options with value 'voter_status_reason' are selected in object 'Object Repository/Admin Console ePulse Menu/Account Settings/Prompts/Prompt Criteria Modal/Add Criteria Dropdown'  using regular expression

2019-05-13 11:21:51 - [MESSAGE][PASSED] - All options with value 'voter_status_reason' are selected in object 'Object Repository/Admin Console ePulse Menu/Account Settings/Prompts/Prompt Criteria Modal/Add Criteria Dropdown'  using regular expression

2019-05-13 11:21:51 - [TEST_STEP][PASSED] - delay(1): Delayed 1 second(s)

2019-05-13 11:21:52 - [MESSAGE][PASSED] - Delayed 1 second(s)

2019-05-13 11:21:52 - [TEST_STEP][PASSED] - selectOptionByValue(findTestObject("Admin Console ePulse Menu/Account Settings/Prompts/Prompt Criteria Modal/Voter Status Reason Operator"), "1", true): All options with value '1' are selected in object 'Object Repository/Admin Console ePulse Menu/Account Settings/Prompts/Prompt Criteria Modal/Voter Status Reason Operator'  using regular expression

2019-05-13 11:21:52 - [MESSAGE][PASSED] - All options with value '1' are selected in object 'Object Repository/Admin Console ePulse Menu/Account Settings/Prompts/Prompt Criteria Modal/Voter Status Reason Operator'  using regular expression

2019-05-13 11:21:52 - [TEST_STEP][PASSED] - delay(1): Delayed 1 second(s)

2019-05-13 11:21:53 - [MESSAGE][PASSED] - Delayed 1 second(s)

2019-05-13 11:21:53 - [TEST_STEP][PASSED] - setText(findTestObject("Admin Console ePulse Menu/Account Settings/Prompts/Prompt Criteria Modal/Voter Status Reason Input Field"), "Voted"): Text 'Voted' is set on object 'Object Repository/Admin Console ePulse Menu/Account Settings/Prompts/Prompt Criteria Modal/Voter Status Reason Input Field'

2019-05-13 11:21:53 - [MESSAGE][PASSED] - Text 'Voted' is set on object 'Object Repository/Admin Console ePulse Menu/Account Settings/Prompts/Prompt Criteria Modal/Voter Status Reason Input Field'

2019-05-13 11:21:53 - [TEST_STEP][PASSED] - delay(1): Delayed 1 second(s)

2019-05-13 11:21:54 - [MESSAGE][PASSED] - Delayed 1 second(s)

2019-05-13 11:21:54 - [TEST_STEP][PASSED] - click(findTestObject("Admin Console ePulse Menu/Account Settings/Prompts/Prompt Criteria Modal/Add Criteria(Plus Sign)")): Object: 'Object Repository/Admin Console ePulse Menu/Account Settings/Prompts/Prompt Criteria Modal/Add Criteria(Plus Sign)' is clicked on

2019-05-13 11:21:54 - [MESSAGE][PASSED] - Object: 'Object Repository/Admin Console ePulse Menu/Account Settings/Prompts/Prompt Criteria Modal/Add Criteria(Plus Sign)' is clicked on

2019-05-13 11:21:54 - [TEST_STEP][PASSED] - delay(1): Delayed 1 second(s)

2019-05-13 11:21:55 - [MESSAGE][PASSED] - Delayed 1 second(s)

2019-05-13 11:21:55 - [TEST_STEP][PASSED] - selectOptionByValue(findTestObject("Admin Console ePulse Menu/Account Settings/Prompts/Prompt Criteria Modal/Add Criteria Dropdown"), "voter_over_18", true): All options with value 'voter_over_18' are selected in object 'Object Repository/Admin Console ePulse Menu/Account Settings/Prompts/Prompt Criteria Modal/Add Criteria Dropdown'  using regular expression

2019-05-13 11:21:55 - [MESSAGE][PASSED] - All options with value 'voter_over_18' are selected in object 'Object Repository/Admin Console ePulse Menu/Account Settings/Prompts/Prompt Criteria Modal/Add Criteria Dropdown'  using regular expression

2019-05-13 11:21:55 - [TEST_STEP][PASSED] - delay(1): Delayed 1 second(s)

2019-05-13 11:21:56 - [MESSAGE][PASSED] - Delayed 1 second(s)

2019-05-13 11:21:56 - [TEST_STEP][PASSED] - click(findTestObject("Admin Console ePulse Menu/Account Settings/Prompts/Prompt Criteria Modal/Add Criteria(Plus Sign)")): Object: 'Object Repository/Admin Console ePulse Menu/Account Settings/Prompts/Prompt Criteria Modal/Add Criteria(Plus Sign)' is clicked on

2019-05-13 11:21:56 - [MESSAGE][PASSED] - Object: 'Object Repository/Admin Console ePulse Menu/Account Settings/Prompts/Prompt Criteria Modal/Add Criteria(Plus Sign)' is clicked on

2019-05-13 11:21:56 - [TEST_STEP][PASSED] - delay(1): Delayed 1 second(s)

2019-05-13 11:21:57 - [MESSAGE][PASSED] - Delayed 1 second(s)

2019-05-13 11:21:57 - [TEST_STEP][PASSED] - selectOptionByValue(findTestObject("Admin Console ePulse Menu/Account Settings/Prompts/Prompt Criteria Modal/Add Criteria Dropdown"), "voter_party", true): All options with value 'voter_party' are selected in object 'Object Repository/Admin Console ePulse Menu/Account Settings/Prompts/Prompt Criteria Modal/Add Criteria Dropdown'  using regular expression

2019-05-13 11:21:57 - [MESSAGE][PASSED] - All options with value 'voter_party' are selected in object 'Object Repository/Admin Console ePulse Menu/Account Settings/Prompts/Prompt Criteria Modal/Add Criteria Dropdown'  using regular expression

2019-05-13 11:21:57 - [TEST_STEP][PASSED] - delay(1): Delayed 1 second(s)

2019-05-13 11:21:58 - [MESSAGE][PASSED] - Delayed 1 second(s)

2019-05-13 11:21:58 - [TEST_STEP][PASSED] - click(findTestObject("Admin Console ePulse Menu/Account Settings/Prompts/Prompt Criteria Modal/Add Criteria(Plus Sign)")): Object: 'Object Repository/Admin Console ePulse Menu/Account Settings/Prompts/Prompt Criteria Modal/Add Criteria(Plus Sign)' is clicked on

2019-05-13 11:21:59 - [MESSAGE][PASSED] - Object: 'Object Repository/Admin Console ePulse Menu/Account Settings/Prompts/Prompt Criteria Modal/Add Criteria(Plus Sign)' is clicked on

2019-05-13 11:21:59 - [TEST_STEP][PASSED] - delay(1): Delayed 1 second(s)

2019-05-13 11:22:00 - [MESSAGE][PASSED] - Delayed 1 second(s)

2019-05-13 11:22:00 - [TEST_STEP][PASSED] - selectOptionByValue(findTestObject("Admin Console ePulse Menu/Account Settings/Prompts/Prompt Criteria Modal/Add Criteria Dropdown"), "voter_absentee_information", true): All options with value 'voter_absentee_information' are selected in object 'Object Repository/Admin Console ePulse Menu/Account Settings/Prompts/Prompt Criteria Modal/Add Criteria Dropdown'  using regular expression

2019-05-13 11:22:00 - [MESSAGE][PASSED] - All options with value 'voter_absentee_information' are selected in object 'Object Repository/Admin Console ePulse Menu/Account Settings/Prompts/Prompt Criteria Modal/Add Criteria Dropdown'  using regular expression

2019-05-13 11:22:00 - [TEST_STEP][PASSED] - delay(1): Delayed 1 second(s)

2019-05-13 11:22:01 - [MESSAGE][PASSED] - Delayed 1 second(s)

2019-05-13 11:22:01 - [TEST_STEP][PASSED] - selectOptionByValue(findTestObject("Admin Console ePulse Menu/Account Settings/Prompts/Prompt Criteria Modal/Absentee Status Type"), "S", true): All options with value 'S' are selected in object 'Object Repository/Admin Console ePulse Menu/Account Settings/Prompts/Prompt Criteria Modal/Absentee Status Type'  using regular expression

2019-05-13 11:22:01 - [MESSAGE][PASSED] - All options with value 'S' are selected in object 'Object Repository/Admin Console ePulse Menu/Account Settings/Prompts/Prompt Criteria Modal/Absentee Status Type'  using regular expression

2019-05-13 11:22:01 - [TEST_STEP][PASSED] - delay(2): Delayed 2 second(s)

2019-05-13 11:22:03 - [MESSAGE][PASSED] - Delayed 2 second(s)

2019-05-13 11:22:03 - [TEST_STEP][PASSED] - click(findTestObject("Admin Console ePulse Menu/Account Settings/Prompts/Prompt Criteria Modal/Add Criteria(Plus Sign)")): Object: 'Object Repository/Admin Console ePulse Menu/Account Settings/Prompts/Prompt Criteria Modal/Add Criteria(Plus Sign)' is clicked on

2019-05-13 11:22:03 - [MESSAGE][PASSED] - Object: 'Object Repository/Admin Console ePulse Menu/Account Settings/Prompts/Prompt Criteria Modal/Add Criteria(Plus Sign)' is clicked on

2019-05-13 11:22:03 - [TEST_STEP][PASSED] - delay(1): Delayed 1 second(s)

2019-05-13 11:22:04 - [MESSAGE][PASSED] - Delayed 1 second(s)

2019-05-13 11:22:04 - [TEST_STEP][PASSED] - selectOptionByValue(findTestObject("Admin Console ePulse Menu/Account Settings/Prompts/Prompt Criteria Modal/Add Criteria Dropdown"), "voter_absentee_information", true): All options with value 'voter_absentee_information' are selected in object 'Object Repository/Admin Console ePulse Menu/Account Settings/Prompts/Prompt Criteria Modal/Add Criteria Dropdown'  using regular expression

2019-05-13 11:22:04 - [MESSAGE][PASSED] - All options with value 'voter_absentee_information' are selected in object 'Object Repository/Admin Console ePulse Menu/Account Settings/Prompts/Prompt Criteria Modal/Add Criteria Dropdown'  using regular expression

2019-05-13 11:22:04 - [TEST_STEP][PASSED] - delay(1): Delayed 1 second(s)

2019-05-13 11:22:05 - [MESSAGE][PASSED] - Delayed 1 second(s)

2019-05-13 11:22:05 - [TEST_STEP][PASSED] - selectOptionByValue(findTestObject("Admin Console ePulse Menu/Account Settings/Prompts/Prompt Criteria Modal/Absentee Status Type"), "R", true): All options with value 'R' are selected in object 'Object Repository/Admin Console ePulse Menu/Account Settings/Prompts/Prompt Criteria Modal/Absentee Status Type'  using regular expression

2019-05-13 11:22:05 - [MESSAGE][PASSED] - All options with value 'R' are selected in object 'Object Repository/Admin Console ePulse Menu/Account Settings/Prompts/Prompt Criteria Modal/Absentee Status Type'  using regular expression

2019-05-13 11:22:05 - [TEST_STEP][PASSED] - delay(2): Delayed 2 second(s)

2019-05-13 11:22:07 - [MESSAGE][PASSED] - Delayed 2 second(s)

2019-05-13 11:22:07 - [TEST_STEP][PASSED] - click(findTestObject("Admin Console ePulse Menu/Account Settings/Prompts/Prompt Criteria Modal/Add Criteria(Plus Sign)")): Object: 'Object Repository/Admin Console ePulse Menu/Account Settings/Prompts/Prompt Criteria Modal/Add Criteria(Plus Sign)' is clicked on

2019-05-13 11:22:07 - [MESSAGE][PASSED] - Object: 'Object Repository/Admin Console ePulse Menu/Account Settings/Prompts/Prompt Criteria Modal/Add Criteria(Plus Sign)' is clicked on

2019-05-13 11:22:07 - [TEST_STEP][PASSED] - delay(1): Delayed 1 second(s)

2019-05-13 11:22:08 - [MESSAGE][PASSED] - Delayed 1 second(s)

2019-05-13 11:22:08 - [TEST_STEP][PASSED] - click(findTestObject("Admin Console ePulse Menu/Account Settings/Prompts/Prompt Criteria Modal/Save")): Object: 'Object Repository/Admin Console ePulse Menu/Account Settings/Prompts/Prompt Criteria Modal/Save' is clicked on

2019-05-13 11:22:08 - [MESSAGE][PASSED] - Object: 'Object Repository/Admin Console ePulse Menu/Account Settings/Prompts/Prompt Criteria Modal/Save' is clicked on

2019-05-13 11:22:08 - [TEST_STEP][PASSED] - closeBrowser(): Browser is closed

2019-05-13 11:22:08 - [MESSAGE][PASSED] - Browser is closed]]></system-out>
         <system-err><![CDATA[]]></system-err>
      </testcase>
      <testcase name="Test Cases/Admin Console/Account Settings/Prompts()/Prompts - Buttons" classname="Test Cases/Admin Console/Account Settings/Prompts()/Prompts - Buttons" status="PASSED">
         <system-out><![CDATA[2019-05-13 11:22:11 - [TEST_CASE][PASSED] - Test Cases/Admin Console/Account Settings/Prompts()/Prompts - Buttons: Test Cases/Admin Console/Account Settings/Prompts()/Prompts - Buttons

2019-05-13 11:22:11 - [TEST_STEP][PASSED] - openBrowser(""): Browser is opened with url: ''

2019-05-13 11:22:11 - [MESSAGE][INFO] - Starting 'Chrome' driver

2019-05-13 11:22:12 - [MESSAGE][PASSED] - Browser is opened with url: ''

2019-05-13 11:22:12 - [TEST_STEP][PASSED] - navigateToUrl(URL): Navigate to 'https://epulsedev2.com' successfully

2019-05-13 11:22:17 - [MESSAGE][PASSED] - Navigate to 'https://epulsedev2.com' successfully

2019-05-13 11:22:17 - [TEST_STEP][PASSED] - setText(findTestObject("Login/Email Address"), User_email): Text 'alonzo.mack@knowink.com' is set on object 'Object Repository/Login/Email Address'

2019-05-13 11:22:18 - [MESSAGE][PASSED] - Text 'alonzo.mack@knowink.com' is set on object 'Object Repository/Login/Email Address'

2019-05-13 11:22:18 - [TEST_STEP][PASSED] - setEncryptedText(findTestObject("Login/Password"), Pswrd): Text ****** has been set on object 'Object Repository/Login/Password'

2019-05-13 11:22:18 - [MESSAGE][PASSED] - Text ****** has been set on object 'Object Repository/Login/Password'

2019-05-13 11:22:18 - [TEST_STEP][PASSED] - click(findTestObject("Login/Sign In")): Object: 'Object Repository/Login/Sign In' is clicked on

2019-05-13 11:22:18 - [MESSAGE][PASSED] - Object: 'Object Repository/Login/Sign In' is clicked on

2019-05-13 11:22:18 - [TEST_STEP][PASSED] - delay(1): Delayed 1 second(s)

2019-05-13 11:22:19 - [MESSAGE][PASSED] - Delayed 1 second(s)

2019-05-13 11:22:19 - [TEST_STEP][PASSED] - navigateToUrl(Prompts, STOP_ON_FAILURE): Navigate to 'https://am-Automation-test.epulsedev2.com/prompts' successfully

2019-05-13 11:22:21 - [MESSAGE][PASSED] - Navigate to 'https://am-Automation-test.epulsedev2.com/prompts' successfully

2019-05-13 11:22:21 - [TEST_STEP][PASSED] - delay(1): Delayed 1 second(s)

2019-05-13 11:22:22 - [MESSAGE][PASSED] - Delayed 1 second(s)

2019-05-13 11:22:22 - [TEST_STEP][PASSED] - click(findTestObject("Admin Console ePulse Menu/Account Settings/Prompts/Add_BUTTON_To_Prompt")): Object: 'Object Repository/Admin Console ePulse Menu/Account Settings/Prompts/Add_BUTTON_To_Prompt' is clicked on

2019-05-13 11:22:22 - [MESSAGE][PASSED] - Object: 'Object Repository/Admin Console ePulse Menu/Account Settings/Prompts/Add_BUTTON_To_Prompt' is clicked on

2019-05-13 11:22:22 - [TEST_STEP][PASSED] - delay(1): Delayed 1 second(s)

2019-05-13 11:22:23 - [MESSAGE][PASSED] - Delayed 1 second(s)

2019-05-13 11:22:23 - [TEST_STEP][PASSED] - setText(findTestObject("Admin Console ePulse Menu/Account Settings/Prompts/Prompt Button Modal/Input Button Label"), "test"): Text 'test' is set on object 'Object Repository/Admin Console ePulse Menu/Account Settings/Prompts/Prompt Button Modal/Input Button Label'

2019-05-13 11:22:23 - [MESSAGE][PASSED] - Text 'test' is set on object 'Object Repository/Admin Console ePulse Menu/Account Settings/Prompts/Prompt Button Modal/Input Button Label'

2019-05-13 11:22:23 - [TEST_STEP][PASSED] - delay(1): Delayed 1 second(s)

2019-05-13 11:22:24 - [MESSAGE][PASSED] - Delayed 1 second(s)

2019-05-13 11:22:24 - [TEST_STEP][PASSED] - selectOptionByValue(findTestObject("Admin Console ePulse Menu/Account Settings/Prompts/Prompt Button Modal/Select Button Type Dropdown"), "0", true): All options with value '0' are selected in object 'Object Repository/Admin Console ePulse Menu/Account Settings/Prompts/Prompt Button Modal/Select Button Type Dropdown'  using regular expression

2019-05-13 11:22:24 - [MESSAGE][PASSED] - All options with value '0' are selected in object 'Object Repository/Admin Console ePulse Menu/Account Settings/Prompts/Prompt Button Modal/Select Button Type Dropdown'  using regular expression

2019-05-13 11:22:24 - [TEST_STEP][PASSED] - delay(1): Delayed 1 second(s)

2019-05-13 11:22:25 - [MESSAGE][PASSED] - Delayed 1 second(s)

2019-05-13 11:22:25 - [TEST_STEP][PASSED] - click(findTestObject("Admin Console ePulse Menu/Account Settings/Prompts/Prompt Button Modal/Add New Button(plus sign)")): Object: 'Object Repository/Admin Console ePulse Menu/Account Settings/Prompts/Prompt Button Modal/Add New Button(plus sign)' is clicked on

2019-05-13 11:22:25 - [MESSAGE][PASSED] - Object: 'Object Repository/Admin Console ePulse Menu/Account Settings/Prompts/Prompt Button Modal/Add New Button(plus sign)' is clicked on

2019-05-13 11:22:25 - [TEST_STEP][PASSED] - delay(1): Delayed 1 second(s)

2019-05-13 11:22:26 - [MESSAGE][PASSED] - Delayed 1 second(s)

2019-05-13 11:22:26 - [TEST_STEP][PASSED] - setText(findTestObject("Admin Console ePulse Menu/Account Settings/Prompts/Prompt Button Modal/Input Button Label"), "test1"): Text 'test1' is set on object 'Object Repository/Admin Console ePulse Menu/Account Settings/Prompts/Prompt Button Modal/Input Button Label'

2019-05-13 11:22:26 - [MESSAGE][PASSED] - Text 'test1' is set on object 'Object Repository/Admin Console ePulse Menu/Account Settings/Prompts/Prompt Button Modal/Input Button Label'

2019-05-13 11:22:26 - [TEST_STEP][PASSED] - delay(1): Delayed 1 second(s)

2019-05-13 11:22:27 - [MESSAGE][PASSED] - Delayed 1 second(s)

2019-05-13 11:22:27 - [TEST_STEP][PASSED] - selectOptionByValue(findTestObject("Admin Console ePulse Menu/Account Settings/Prompts/Prompt Button Modal/Select Button Type Dropdown"), "1", true): All options with value '1' are selected in object 'Object Repository/Admin Console ePulse Menu/Account Settings/Prompts/Prompt Button Modal/Select Button Type Dropdown'  using regular expression

2019-05-13 11:22:28 - [MESSAGE][PASSED] - All options with value '1' are selected in object 'Object Repository/Admin Console ePulse Menu/Account Settings/Prompts/Prompt Button Modal/Select Button Type Dropdown'  using regular expression

2019-05-13 11:22:28 - [TEST_STEP][PASSED] - setText(findTestObject("Admin Console ePulse Menu/Account Settings/Prompts/Prompt Button Modal/Page_Epulse  am-Automation-test  Pr/Prompt Button Value"), "Allow to vote", STOP_ON_FAILURE): Text 'Allow to vote' is set on object 'Object Repository/Admin Console ePulse Menu/Account Settings/Prompts/Prompt Button Modal/Page_Epulse  am-Automation-test  Pr/Prompt Button Value'

2019-05-13 11:22:28 - [MESSAGE][PASSED] - Text 'Allow to vote' is set on object 'Object Repository/Admin Console ePulse Menu/Account Settings/Prompts/Prompt Button Modal/Page_Epulse  am-Automation-test  Pr/Prompt Button Value'

2019-05-13 11:22:28 - [TEST_STEP][PASSED] - delay(1): Delayed 1 second(s)

2019-05-13 11:22:29 - [MESSAGE][PASSED] - Delayed 1 second(s)

2019-05-13 11:22:29 - [TEST_STEP][PASSED] - click(findTestObject("Admin Console ePulse Menu/Account Settings/Prompts/Prompt Button Modal/Add New Button(plus sign)")): Object: 'Object Repository/Admin Console ePulse Menu/Account Settings/Prompts/Prompt Button Modal/Add New Button(plus sign)' is clicked on

2019-05-13 11:22:29 - [MESSAGE][PASSED] - Object: 'Object Repository/Admin Console ePulse Menu/Account Settings/Prompts/Prompt Button Modal/Add New Button(plus sign)' is clicked on

2019-05-13 11:22:29 - [TEST_STEP][PASSED] - delay(1): Delayed 1 second(s)

2019-05-13 11:22:30 - [MESSAGE][PASSED] - Delayed 1 second(s)

2019-05-13 11:22:30 - [TEST_STEP][PASSED] - setText(findTestObject("Admin Console ePulse Menu/Account Settings/Prompts/Prompt Button Modal/Input Button Label"), "test3"): Text 'test3' is set on object 'Object Repository/Admin Console ePulse Menu/Account Settings/Prompts/Prompt Button Modal/Input Button Label'

2019-05-13 11:22:30 - [MESSAGE][PASSED] - Text 'test3' is set on object 'Object Repository/Admin Console ePulse Menu/Account Settings/Prompts/Prompt Button Modal/Input Button Label'

2019-05-13 11:22:30 - [TEST_STEP][PASSED] - delay(1): Delayed 1 second(s)

2019-05-13 11:22:31 - [MESSAGE][PASSED] - Delayed 1 second(s)

2019-05-13 11:22:31 - [TEST_STEP][PASSED] - selectOptionByValue(findTestObject("Admin Console ePulse Menu/Account Settings/Prompts/Prompt Button Modal/Select Button Type Dropdown"), "2", true): All options with value '2' are selected in object 'Object Repository/Admin Console ePulse Menu/Account Settings/Prompts/Prompt Button Modal/Select Button Type Dropdown'  using regular expression

2019-05-13 11:22:31 - [MESSAGE][PASSED] - All options with value '2' are selected in object 'Object Repository/Admin Console ePulse Menu/Account Settings/Prompts/Prompt Button Modal/Select Button Type Dropdown'  using regular expression

2019-05-13 11:22:31 - [TEST_STEP][PASSED] - delay(1): Delayed 1 second(s)

2019-05-13 11:22:32 - [MESSAGE][PASSED] - Delayed 1 second(s)

2019-05-13 11:22:32 - [TEST_STEP][PASSED] - setText(findTestObject("Admin Console ePulse Menu/Account Settings/Prompts/Prompt Button Modal/Page_Epulse  am-Automation-test  Pr/Prompt Button Value"), "asdf"): Text 'asdf' is set on object 'Object Repository/Admin Console ePulse Menu/Account Settings/Prompts/Prompt Button Modal/Page_Epulse  am-Automation-test  Pr/Prompt Button Value'

2019-05-13 11:22:32 - [MESSAGE][PASSED] - Text 'asdf' is set on object 'Object Repository/Admin Console ePulse Menu/Account Settings/Prompts/Prompt Button Modal/Page_Epulse  am-Automation-test  Pr/Prompt Button Value'

2019-05-13 11:22:32 - [TEST_STEP][PASSED] - delay(1): Delayed 1 second(s)

2019-05-13 11:22:33 - [MESSAGE][PASSED] - Delayed 1 second(s)

2019-05-13 11:22:33 - [TEST_STEP][PASSED] - click(findTestObject("Admin Console ePulse Menu/Account Settings/Prompts/Prompt Button Modal/Add New Button(plus sign)")): Object: 'Object Repository/Admin Console ePulse Menu/Account Settings/Prompts/Prompt Button Modal/Add New Button(plus sign)' is clicked on

2019-05-13 11:22:33 - [MESSAGE][PASSED] - Object: 'Object Repository/Admin Console ePulse Menu/Account Settings/Prompts/Prompt Button Modal/Add New Button(plus sign)' is clicked on

2019-05-13 11:22:33 - [TEST_STEP][PASSED] - delay(1): Delayed 1 second(s)

2019-05-13 11:22:34 - [MESSAGE][PASSED] - Delayed 1 second(s)

2019-05-13 11:22:34 - [TEST_STEP][PASSED] - setText(findTestObject("Admin Console ePulse Menu/Account Settings/Prompts/Prompt Button Modal/Input Button Label"), "test2"): Text 'test2' is set on object 'Object Repository/Admin Console ePulse Menu/Account Settings/Prompts/Prompt Button Modal/Input Button Label'

2019-05-13 11:22:34 - [MESSAGE][PASSED] - Text 'test2' is set on object 'Object Repository/Admin Console ePulse Menu/Account Settings/Prompts/Prompt Button Modal/Input Button Label'

2019-05-13 11:22:34 - [TEST_STEP][PASSED] - delay(1): Delayed 1 second(s)

2019-05-13 11:22:35 - [MESSAGE][PASSED] - Delayed 1 second(s)

2019-05-13 11:22:35 - [TEST_STEP][PASSED] - selectOptionByValue(findTestObject("Admin Console ePulse Menu/Account Settings/Prompts/Prompt Button Modal/Select Button Type Dropdown"), "3", true): All options with value '3' are selected in object 'Object Repository/Admin Console ePulse Menu/Account Settings/Prompts/Prompt Button Modal/Select Button Type Dropdown'  using regular expression

2019-05-13 11:22:36 - [MESSAGE][PASSED] - All options with value '3' are selected in object 'Object Repository/Admin Console ePulse Menu/Account Settings/Prompts/Prompt Button Modal/Select Button Type Dropdown'  using regular expression

2019-05-13 11:22:36 - [TEST_STEP][PASSED] - delay(1): Delayed 1 second(s)

2019-05-13 11:22:37 - [MESSAGE][PASSED] - Delayed 1 second(s)

2019-05-13 11:22:37 - [TEST_STEP][PASSED] - setText(findTestObject("Admin Console ePulse Menu/Account Settings/Prompts/Prompt Button Modal/Input Button Label"), "test4"): Text 'test4' is set on object 'Object Repository/Admin Console ePulse Menu/Account Settings/Prompts/Prompt Button Modal/Input Button Label'

2019-05-13 11:22:37 - [MESSAGE][PASSED] - Text 'test4' is set on object 'Object Repository/Admin Console ePulse Menu/Account Settings/Prompts/Prompt Button Modal/Input Button Label'

2019-05-13 11:22:37 - [TEST_STEP][PASSED] - delay(1): Delayed 1 second(s)

2019-05-13 11:22:38 - [MESSAGE][PASSED] - Delayed 1 second(s)

2019-05-13 11:22:38 - [TEST_STEP][PASSED] - selectOptionByValue(findTestObject("Admin Console ePulse Menu/Account Settings/Prompts/Prompt Button Modal/Select Button Type Dropdown"), "4", true): All options with value '4' are selected in object 'Object Repository/Admin Console ePulse Menu/Account Settings/Prompts/Prompt Button Modal/Select Button Type Dropdown'  using regular expression

2019-05-13 11:22:38 - [MESSAGE][PASSED] - All options with value '4' are selected in object 'Object Repository/Admin Console ePulse Menu/Account Settings/Prompts/Prompt Button Modal/Select Button Type Dropdown'  using regular expression

2019-05-13 11:22:38 - [TEST_STEP][PASSED] - delay(1): Delayed 1 second(s)

2019-05-13 11:22:39 - [MESSAGE][PASSED] - Delayed 1 second(s)

2019-05-13 11:22:39 - [TEST_STEP][PASSED] - click(findTestObject("Admin Console ePulse Menu/Account Settings/Prompts/Prompt Button Modal/Add New Button(plus sign)")): Object: 'Object Repository/Admin Console ePulse Menu/Account Settings/Prompts/Prompt Button Modal/Add New Button(plus sign)' is clicked on

2019-05-13 11:22:39 - [MESSAGE][PASSED] - Object: 'Object Repository/Admin Console ePulse Menu/Account Settings/Prompts/Prompt Button Modal/Add New Button(plus sign)' is clicked on

2019-05-13 11:22:39 - [TEST_STEP][PASSED] - delay(1): Delayed 1 second(s)

2019-05-13 11:22:40 - [MESSAGE][PASSED] - Delayed 1 second(s)

2019-05-13 11:22:40 - [TEST_STEP][PASSED] - setText(findTestObject("Admin Console ePulse Menu/Account Settings/Prompts/Prompt Button Modal/Input Button Label"), "test5"): Text 'test5' is set on object 'Object Repository/Admin Console ePulse Menu/Account Settings/Prompts/Prompt Button Modal/Input Button Label'

2019-05-13 11:22:40 - [MESSAGE][PASSED] - Text 'test5' is set on object 'Object Repository/Admin Console ePulse Menu/Account Settings/Prompts/Prompt Button Modal/Input Button Label'

2019-05-13 11:22:40 - [TEST_STEP][PASSED] - delay(1): Delayed 1 second(s)

2019-05-13 11:22:41 - [MESSAGE][PASSED] - Delayed 1 second(s)

2019-05-13 11:22:41 - [TEST_STEP][PASSED] - selectOptionByValue(findTestObject("Admin Console ePulse Menu/Account Settings/Prompts/Prompt Button Modal/Select Button Type Dropdown"), "5", true): All options with value '5' are selected in object 'Object Repository/Admin Console ePulse Menu/Account Settings/Prompts/Prompt Button Modal/Select Button Type Dropdown'  using regular expression

2019-05-13 11:22:41 - [MESSAGE][PASSED] - All options with value '5' are selected in object 'Object Repository/Admin Console ePulse Menu/Account Settings/Prompts/Prompt Button Modal/Select Button Type Dropdown'  using regular expression

2019-05-13 11:22:41 - [TEST_STEP][PASSED] - delay(1): Delayed 1 second(s)

2019-05-13 11:22:42 - [MESSAGE][PASSED] - Delayed 1 second(s)

2019-05-13 11:22:42 - [TEST_STEP][PASSED] - click(findTestObject("Admin Console ePulse Menu/Account Settings/Prompts/Prompt Button Modal/Add New Button(plus sign)")): Object: 'Object Repository/Admin Console ePulse Menu/Account Settings/Prompts/Prompt Button Modal/Add New Button(plus sign)' is clicked on

2019-05-13 11:22:42 - [MESSAGE][PASSED] - Object: 'Object Repository/Admin Console ePulse Menu/Account Settings/Prompts/Prompt Button Modal/Add New Button(plus sign)' is clicked on

2019-05-13 11:22:42 - [TEST_STEP][PASSED] - delay(1): Delayed 1 second(s)

2019-05-13 11:22:44 - [MESSAGE][PASSED] - Delayed 1 second(s)

2019-05-13 11:22:44 - [TEST_STEP][PASSED] - click(findTestObject("Admin Console ePulse Menu/Account Settings/Prompts/Prompt Button Modal/Close Button")): Object: 'Object Repository/Admin Console ePulse Menu/Account Settings/Prompts/Prompt Button Modal/Close Button' is clicked on

2019-05-13 11:22:44 - [MESSAGE][PASSED] - Object: 'Object Repository/Admin Console ePulse Menu/Account Settings/Prompts/Prompt Button Modal/Close Button' is clicked on

2019-05-13 11:22:44 - [TEST_STEP][PASSED] - delay(1): Delayed 1 second(s)

2019-05-13 11:22:45 - [MESSAGE][PASSED] - Delayed 1 second(s)

2019-05-13 11:22:45 - [TEST_STEP][PASSED] - closeBrowser(): Browser is closed

2019-05-13 11:22:45 - [MESSAGE][PASSED] - Browser is closed]]></system-out>
         <system-err><![CDATA[]]></system-err>
      </testcase>
      <testcase name="Test Cases/Admin Console/Account Settings/Prompts()/Prompts - Import" classname="Test Cases/Admin Console/Account Settings/Prompts()/Prompts - Import" status="FAILED">
         <failure type="FAILED" message="Test Cases/Admin Console/Account Settings/Prompts()/Prompts - Import FAILED.
Reason:
com.kms.katalon.core.exception.StepFailedException: Unable to set text '/Users/alonzomack/Downloads/prompts-3.txt' of object 'Object Repository/Admin Console ePulse Menu/Account Settings/Prompts/Import Prompts Buttons/Choose File' (Root cause: org.openqa.selenium.WebDriverException: invalid argument: File not found : /Users/alonzomack/Downloads/prompts-3.txt
  (Session info: chrome=74.0.3729.131)
  (Driver info: chromedriver=2.43.600229 (3fae4d0cda5334b4f533bede5a4787f7b832d052),platform=Mac OS X 10.13.3 x86_64) (WARNING: The server did not provide any stacktrace information)
Command duration or timeout: 0 milliseconds
Build info: version: '3.7.1', revision: '8a0099a', time: '2017-11-06T21:07:36.161Z'
System info: host: 'QAs-MacBook-Pro-2.local', ip: '2600:6c40:5400:153d:f5a6:601:affc:661a%en0', os.name: 'Mac OS X', os.arch: 'x86_64', os.version: '10.13.3', java.version: '1.8.0_181'
Driver info: com.kms.katalon.selenium.driver.CChromeDriver
Capabilities {acceptInsecureCerts: false, acceptSslCerts: false, applicationCacheEnabled: false, browserConnectionEnabled: false, browserName: chrome, chrome: {chromedriverVersion: 2.43.600229 (3fae4d0cda5334..., userDataDir: /var/folders/p5/lldhhw894tb...}, cssSelectorsEnabled: true, databaseEnabled: false, goog:chromeOptions: {debuggerAddress: localhost:53794}, handlesAlerts: true, hasTouchScreen: false, javascriptEnabled: true, locationContextEnabled: true, mobileEmulationEnabled: false, nativeEvents: true, networkConnectionEnabled: false, pageLoadStrategy: normal, platform: MAC, platformName: MAC, rotatable: false, setWindowRect: true, takesHeapSnapshot: true, takesScreenshot: true, unexpectedAlertBehaviour: , unhandledPromptBehavior: , version: 74.0.3729.131, webStorageEnabled: true}
Session ID: 1a5ec58cadd99fc4726c8f85f7b30ab1)
	at com.kms.katalon.core.keyword.internal.KeywordMain.stepFailed(KeywordMain.groovy:36)
	at com.kms.katalon.core.webui.keyword.internal.WebUIKeywordMain.stepFailed(WebUIKeywordMain.groovy:65)
	at com.kms.katalon.core.webui.keyword.internal.WebUIKeywordMain.runKeyword(WebUIKeywordMain.groovy:27)
	at com.kms.katalon.core.webui.keyword.builtin.SetTextKeyword.setText(SetTextKeyword.groovy:65)
	at com.kms.katalon.core.webui.keyword.builtin.SetTextKeyword.execute(SetTextKeyword.groovy:37)
	at com.kms.katalon.core.keyword.internal.KeywordExecutor.executeKeywordForPlatform(KeywordExecutor.groovy:53)
	at com.kms.katalon.core.webui.keyword.WebUiBuiltInKeywords.setText(WebUiBuiltInKeywords.groovy:950)
	at com.kms.katalon.core.webui.keyword.WebUiBuiltInKeywords$setText$1.call(Unknown Source)
	at Prompts - Import.run(Prompts - Import:43)
	at com.kms.katalon.core.main.ScriptEngine.run(ScriptEngine.java:194)
	at com.kms.katalon.core.main.ScriptEngine.runScriptAsRawText(ScriptEngine.java:119)
	at com.kms.katalon.core.main.TestCaseExecutor.runScript(TestCaseExecutor.java:328)
	at com.kms.katalon.core.main.TestCaseExecutor.doExecute(TestCaseExecutor.java:319)
	at com.kms.katalon.core.main.TestCaseExecutor.processExecutionPhase(TestCaseExecutor.java:298)
	at com.kms.katalon.core.main.TestCaseExecutor.accessMainPhase(TestCaseExecutor.java:290)
	at com.kms.katalon.core.main.TestCaseExecutor.execute(TestCaseExecutor.java:224)
	at com.kms.katalon.core.main.TestSuiteExecutor.accessTestCaseMainPhase(TestSuiteExecutor.java:129)
	at com.kms.katalon.core.main.TestSuiteExecutor.accessTestSuiteMainPhase(TestSuiteExecutor.java:112)
	at com.kms.katalon.core.main.TestSuiteExecutor.execute(TestSuiteExecutor.java:81)
	at com.kms.katalon.core.main.TestCaseMain.startTestSuite(TestCaseMain.java:149)
	at com.kms.katalon.core.main.TestCaseMain$startTestSuite$0.call(Unknown Source)
	at TempTestSuite1557763859677.run(TempTestSuite1557763859677.groovy:36)
"/>
         <system-out><![CDATA[2019-05-13 11:22:47 - [TEST_CASE][FAILED] - Test Cases/Admin Console/Account Settings/Prompts()/Prompts - Import: Test Cases/Admin Console/Account Settings/Prompts()/Prompts - Import FAILED.
Reason:
com.kms.katalon.core.exception.StepFailedException: Unable to set text '/Users/alonzomack/Downloads/prompts-3.txt' of object 'Object Repository/Admin Console ePulse Menu/Account Settings/Prompts/Import Prompts Buttons/Choose File' (Root cause: org.openqa.selenium.WebDriverException: invalid argument: File not found : /Users/alonzomack/Downloads/prompts-3.txt
  (Session info: chrome=74.0.3729.131)
  (Driver info: chromedriver=2.43.600229 (3fae4d0cda5334b4f533bede5a4787f7b832d052),platform=Mac OS X 10.13.3 x86_64) (WARNING: The server did not provide any stacktrace information)
Command duration or timeout: 0 milliseconds
Build info: version: '3.7.1', revision: '8a0099a', time: '2017-11-06T21:07:36.161Z'
System info: host: 'QAs-MacBook-Pro-2.local', ip: '2600:6c40:5400:153d:f5a6:601:affc:661a%en0', os.name: 'Mac OS X', os.arch: 'x86_64', os.version: '10.13.3', java.version: '1.8.0_181'
Driver info: com.kms.katalon.selenium.driver.CChromeDriver
Capabilities {acceptInsecureCerts: false, acceptSslCerts: false, applicationCacheEnabled: false, browserConnectionEnabled: false, browserName: chrome, chrome: {chromedriverVersion: 2.43.600229 (3fae4d0cda5334..., userDataDir: /var/folders/p5/lldhhw894tb...}, cssSelectorsEnabled: true, databaseEnabled: false, goog:chromeOptions: {debuggerAddress: localhost:53794}, handlesAlerts: true, hasTouchScreen: false, javascriptEnabled: true, locationContextEnabled: true, mobileEmulationEnabled: false, nativeEvents: true, networkConnectionEnabled: false, pageLoadStrategy: normal, platform: MAC, platformName: MAC, rotatable: false, setWindowRect: true, takesHeapSnapshot: true, takesScreenshot: true, unexpectedAlertBehaviour: , unhandledPromptBehavior: , version: 74.0.3729.131, webStorageEnabled: true}
Session ID: 1a5ec58cadd99fc4726c8f85f7b30ab1)
	at com.kms.katalon.core.keyword.internal.KeywordMain.stepFailed(KeywordMain.groovy:36)
	at com.kms.katalon.core.webui.keyword.internal.WebUIKeywordMain.stepFailed(WebUIKeywordMain.groovy:65)
	at com.kms.katalon.core.webui.keyword.internal.WebUIKeywordMain.runKeyword(WebUIKeywordMain.groovy:27)
	at com.kms.katalon.core.webui.keyword.builtin.SetTextKeyword.setText(SetTextKeyword.groovy:65)
	at com.kms.katalon.core.webui.keyword.builtin.SetTextKeyword.execute(SetTextKeyword.groovy:37)
	at com.kms.katalon.core.keyword.internal.KeywordExecutor.executeKeywordForPlatform(KeywordExecutor.groovy:53)
	at com.kms.katalon.core.webui.keyword.WebUiBuiltInKeywords.setText(WebUiBuiltInKeywords.groovy:950)
	at com.kms.katalon.core.webui.keyword.WebUiBuiltInKeywords$setText$1.call(Unknown Source)
	at Prompts - Import.run(Prompts - Import:43)
	at com.kms.katalon.core.main.ScriptEngine.run(ScriptEngine.java:194)
	at com.kms.katalon.core.main.ScriptEngine.runScriptAsRawText(ScriptEngine.java:119)
	at com.kms.katalon.core.main.TestCaseExecutor.runScript(TestCaseExecutor.java:328)
	at com.kms.katalon.core.main.TestCaseExecutor.doExecute(TestCaseExecutor.java:319)
	at com.kms.katalon.core.main.TestCaseExecutor.processExecutionPhase(TestCaseExecutor.java:298)
	at com.kms.katalon.core.main.TestCaseExecutor.accessMainPhase(TestCaseExecutor.java:290)
	at com.kms.katalon.core.main.TestCaseExecutor.execute(TestCaseExecutor.java:224)
	at com.kms.katalon.core.main.TestSuiteExecutor.accessTestCaseMainPhase(TestSuiteExecutor.java:129)
	at com.kms.katalon.core.main.TestSuiteExecutor.accessTestSuiteMainPhase(TestSuiteExecutor.java:112)
	at com.kms.katalon.core.main.TestSuiteExecutor.execute(TestSuiteExecutor.java:81)
	at com.kms.katalon.core.main.TestCaseMain.startTestSuite(TestCaseMain.java:149)
	at com.kms.katalon.core.main.TestCaseMain$startTestSuite$0.call(Unknown Source)
	at TempTestSuite1557763859677.run(TempTestSuite1557763859677.groovy:36)


2019-05-13 11:22:47 - [TEST_STEP][PASSED] - openBrowser(""): Browser is opened with url: ''

2019-05-13 11:22:47 - [MESSAGE][INFO] - Starting 'Chrome' driver

2019-05-13 11:22:48 - [MESSAGE][PASSED] - Browser is opened with url: ''

2019-05-13 11:22:48 - [TEST_STEP][PASSED] - navigateToUrl(URL): Navigate to 'https://epulsedev2.com' successfully

2019-05-13 11:22:51 - [MESSAGE][PASSED] - Navigate to 'https://epulsedev2.com' successfully

2019-05-13 11:22:51 - [TEST_STEP][PASSED] - setText(findTestObject("Login/Email Address"), User_email): Text 'alonzo.mack@knowink.com' is set on object 'Object Repository/Login/Email Address'

2019-05-13 11:22:51 - [MESSAGE][PASSED] - Text 'alonzo.mack@knowink.com' is set on object 'Object Repository/Login/Email Address'

2019-05-13 11:22:51 - [TEST_STEP][PASSED] - setEncryptedText(findTestObject("Login/Password"), Pswrd): Text ****** has been set on object 'Object Repository/Login/Password'

2019-05-13 11:22:51 - [MESSAGE][PASSED] - Text ****** has been set on object 'Object Repository/Login/Password'

2019-05-13 11:22:51 - [TEST_STEP][PASSED] - click(findTestObject("Login/Sign In")): Object: 'Object Repository/Login/Sign In' is clicked on

2019-05-13 11:22:52 - [MESSAGE][PASSED] - Object: 'Object Repository/Login/Sign In' is clicked on

2019-05-13 11:22:52 - [TEST_STEP][PASSED] - delay(1): Delayed 1 second(s)

2019-05-13 11:22:53 - [MESSAGE][PASSED] - Delayed 1 second(s)

2019-05-13 11:22:53 - [TEST_STEP][PASSED] - navigateToUrl(Prompts_Imports, STOP_ON_FAILURE): Navigate to 'https://am-automation-test.epulsedev2.com/imports/prompts' successfully

2019-05-13 11:22:54 - [MESSAGE][PASSED] - Navigate to 'https://am-automation-test.epulsedev2.com/imports/prompts' successfully

2019-05-13 11:22:54 - [TEST_STEP][FAILED] - setText(findTestObject("Admin Console ePulse Menu/Account Settings/Prompts/Import Prompts Buttons/Choose File"), "/Users/alonzomack/Downloads/prompts-3.txt"): setText(findTestObject("Admin Console ePulse Menu/Account Settings/Prompts/Import Prompts Buttons/Choose File"), "/Users/alonzomack/Downloads/prompts-3.txt") FAILED.
Reason:
com.kms.katalon.core.exception.StepFailedException: Unable to set text '/Users/alonzomack/Downloads/prompts-3.txt' of object 'Object Repository/Admin Console ePulse Menu/Account Settings/Prompts/Import Prompts Buttons/Choose File' (Root cause: org.openqa.selenium.WebDriverException: invalid argument: File not found : /Users/alonzomack/Downloads/prompts-3.txt
  (Session info: chrome=74.0.3729.131)
  (Driver info: chromedriver=2.43.600229 (3fae4d0cda5334b4f533bede5a4787f7b832d052),platform=Mac OS X 10.13.3 x86_64) (WARNING: The server did not provide any stacktrace information)
Command duration or timeout: 0 milliseconds
Build info: version: '3.7.1', revision: '8a0099a', time: '2017-11-06T21:07:36.161Z'
System info: host: 'QAs-MacBook-Pro-2.local', ip: '2600:6c40:5400:153d:f5a6:601:affc:661a%en0', os.name: 'Mac OS X', os.arch: 'x86_64', os.version: '10.13.3', java.version: '1.8.0_181'
Driver info: com.kms.katalon.selenium.driver.CChromeDriver
Capabilities {acceptInsecureCerts: false, acceptSslCerts: false, applicationCacheEnabled: false, browserConnectionEnabled: false, browserName: chrome, chrome: {chromedriverVersion: 2.43.600229 (3fae4d0cda5334..., userDataDir: /var/folders/p5/lldhhw894tb...}, cssSelectorsEnabled: true, databaseEnabled: false, goog:chromeOptions: {debuggerAddress: localhost:53794}, handlesAlerts: true, hasTouchScreen: false, javascriptEnabled: true, locationContextEnabled: true, mobileEmulationEnabled: false, nativeEvents: true, networkConnectionEnabled: false, pageLoadStrategy: normal, platform: MAC, platformName: MAC, rotatable: false, setWindowRect: true, takesHeapSnapshot: true, takesScreenshot: true, unexpectedAlertBehaviour: , unhandledPromptBehavior: , version: 74.0.3729.131, webStorageEnabled: true}
Session ID: 1a5ec58cadd99fc4726c8f85f7b30ab1)
	at com.kms.katalon.core.keyword.internal.KeywordMain.stepFailed(KeywordMain.groovy:36)
	at com.kms.katalon.core.webui.keyword.internal.WebUIKeywordMain.stepFailed(WebUIKeywordMain.groovy:65)
	at com.kms.katalon.core.webui.keyword.internal.WebUIKeywordMain.runKeyword(WebUIKeywordMain.groovy:27)
	at com.kms.katalon.core.webui.keyword.builtin.SetTextKeyword.setText(SetTextKeyword.groovy:65)
	at com.kms.katalon.core.webui.keyword.builtin.SetTextKeyword.execute(SetTextKeyword.groovy:37)
	at com.kms.katalon.core.keyword.internal.KeywordExecutor.executeKeywordForPlatform(KeywordExecutor.groovy:53)
	at com.kms.katalon.core.webui.keyword.WebUiBuiltInKeywords.setText(WebUiBuiltInKeywords.groovy:950)
	at com.kms.katalon.core.webui.keyword.WebUiBuiltInKeywords$setText$1.call(Unknown Source)
	at Prompts - Import.run(Prompts - Import:43)
	at com.kms.katalon.core.main.ScriptEngine.run(ScriptEngine.java:194)
	at com.kms.katalon.core.main.ScriptEngine.runScriptAsRawText(ScriptEngine.java:119)
	at com.kms.katalon.core.main.TestCaseExecutor.runScript(TestCaseExecutor.java:328)
	at com.kms.katalon.core.main.TestCaseExecutor.doExecute(TestCaseExecutor.java:319)
	at com.kms.katalon.core.main.TestCaseExecutor.processExecutionPhase(TestCaseExecutor.java:298)
	at com.kms.katalon.core.main.TestCaseExecutor.accessMainPhase(TestCaseExecutor.java:290)
	at com.kms.katalon.core.main.TestCaseExecutor.execute(TestCaseExecutor.java:224)
	at com.kms.katalon.core.main.TestSuiteExecutor.accessTestCaseMainPhase(TestSuiteExecutor.java:129)
	at com.kms.katalon.core.main.TestSuiteExecutor.accessTestSuiteMainPhase(TestSuiteExecutor.java:112)
	at com.kms.katalon.core.main.TestSuiteExecutor.execute(TestSuiteExecutor.java:81)
	at com.kms.katalon.core.main.TestCaseMain.startTestSuite(TestCaseMain.java:149)
	at com.kms.katalon.core.main.TestCaseMain$startTestSuite$0.call(Unknown Source)
	at TempTestSuite1557763859677.run(TempTestSuite1557763859677.groovy:36)


2019-05-13 11:22:55 - [MESSAGE][FAILED] - Unable to set text '/Users/alonzomack/Downloads/prompts-3.txt' of object 'Object Repository/Admin Console ePulse Menu/Account Settings/Prompts/Import Prompts Buttons/Choose File' (Root cause: org.openqa.selenium.WebDriverException: invalid argument: File not found : /Users/alonzomack/Downloads/prompts-3.txt
  (Session info: chrome=74.0.3729.131)
  (Driver info: chromedriver=2.43.600229 (3fae4d0cda5334b4f533bede5a4787f7b832d052),platform=Mac OS X 10.13.3 x86_64) (WARNING: The server did not provide any stacktrace information)
Command duration or timeout: 0 milliseconds
Build info: version: '3.7.1', revision: '8a0099a', time: '2017-11-06T21:07:36.161Z'
System info: host: 'QAs-MacBook-Pro-2.local', ip: '2600:6c40:5400:153d:f5a6:601:affc:661a%en0', os.name: 'Mac OS X', os.arch: 'x86_64', os.version: '10.13.3', java.version: '1.8.0_181'
Driver info: com.kms.katalon.selenium.driver.CChromeDriver
Capabilities {acceptInsecureCerts: false, acceptSslCerts: false, applicationCacheEnabled: false, browserConnectionEnabled: false, browserName: chrome, chrome: {chromedriverVersion: 2.43.600229 (3fae4d0cda5334..., userDataDir: /var/folders/p5/lldhhw894tb...}, cssSelectorsEnabled: true, databaseEnabled: false, goog:chromeOptions: {debuggerAddress: localhost:53794}, handlesAlerts: true, hasTouchScreen: false, javascriptEnabled: true, locationContextEnabled: true, mobileEmulationEnabled: false, nativeEvents: true, networkConnectionEnabled: false, pageLoadStrategy: normal, platform: MAC, platformName: MAC, rotatable: false, setWindowRect: true, takesHeapSnapshot: true, takesScreenshot: true, unexpectedAlertBehaviour: , unhandledPromptBehavior: , version: 74.0.3729.131, webStorageEnabled: true}
Session ID: 1a5ec58cadd99fc4726c8f85f7b30ab1)
[[ATTACHMENT|/Users/alonzomack/Katalon Studio/Regression/Reports/dev_staging smoketest/20190513_111059/1557764574784.png]]

2019-05-13 11:22:55 - [MESSAGE][FAILED] - setText(findTestObject("Admin Console ePulse Menu/Account Settings/Prompts/Import Prompts Buttons/Choose File"), "/Users/alonzomack/Downloads/prompts-3.txt") FAILED.
Reason:
com.kms.katalon.core.exception.StepFailedException: Unable to set text '/Users/alonzomack/Downloads/prompts-3.txt' of object 'Object Repository/Admin Console ePulse Menu/Account Settings/Prompts/Import Prompts Buttons/Choose File' (Root cause: org.openqa.selenium.WebDriverException: invalid argument: File not found : /Users/alonzomack/Downloads/prompts-3.txt
  (Session info: chrome=74.0.3729.131)
  (Driver info: chromedriver=2.43.600229 (3fae4d0cda5334b4f533bede5a4787f7b832d052),platform=Mac OS X 10.13.3 x86_64) (WARNING: The server did not provide any stacktrace information)
Command duration or timeout: 0 milliseconds
Build info: version: '3.7.1', revision: '8a0099a', time: '2017-11-06T21:07:36.161Z'
System info: host: 'QAs-MacBook-Pro-2.local', ip: '2600:6c40:5400:153d:f5a6:601:affc:661a%en0', os.name: 'Mac OS X', os.arch: 'x86_64', os.version: '10.13.3', java.version: '1.8.0_181'
Driver info: com.kms.katalon.selenium.driver.CChromeDriver
Capabilities {acceptInsecureCerts: false, acceptSslCerts: false, applicationCacheEnabled: false, browserConnectionEnabled: false, browserName: chrome, chrome: {chromedriverVersion: 2.43.600229 (3fae4d0cda5334..., userDataDir: /var/folders/p5/lldhhw894tb...}, cssSelectorsEnabled: true, databaseEnabled: false, goog:chromeOptions: {debuggerAddress: localhost:53794}, handlesAlerts: true, hasTouchScreen: false, javascriptEnabled: true, locationContextEnabled: true, mobileEmulationEnabled: false, nativeEvents: true, networkConnectionEnabled: false, pageLoadStrategy: normal, platform: MAC, platformName: MAC, rotatable: false, setWindowRect: true, takesHeapSnapshot: true, takesScreenshot: true, unexpectedAlertBehaviour: , unhandledPromptBehavior: , version: 74.0.3729.131, webStorageEnabled: true}
Session ID: 1a5ec58cadd99fc4726c8f85f7b30ab1)
	at com.kms.katalon.core.keyword.internal.KeywordMain.stepFailed(KeywordMain.groovy:36)
	at com.kms.katalon.core.webui.keyword.internal.WebUIKeywordMain.stepFailed(WebUIKeywordMain.groovy:65)
	at com.kms.katalon.core.webui.keyword.internal.WebUIKeywordMain.runKeyword(WebUIKeywordMain.groovy:27)
	at com.kms.katalon.core.webui.keyword.builtin.SetTextKeyword.setText(SetTextKeyword.groovy:65)
	at com.kms.katalon.core.webui.keyword.builtin.SetTextKeyword.execute(SetTextKeyword.groovy:37)
	at com.kms.katalon.core.keyword.internal.KeywordExecutor.executeKeywordForPlatform(KeywordExecutor.groovy:53)
	at com.kms.katalon.core.webui.keyword.WebUiBuiltInKeywords.setText(WebUiBuiltInKeywords.groovy:950)
	at com.kms.katalon.core.webui.keyword.WebUiBuiltInKeywords$setText$1.call(Unknown Source)
	at Prompts - Import.run(Prompts - Import:43)
	at com.kms.katalon.core.main.ScriptEngine.run(ScriptEngine.java:194)
	at com.kms.katalon.core.main.ScriptEngine.runScriptAsRawText(ScriptEngine.java:119)
	at com.kms.katalon.core.main.TestCaseExecutor.runScript(TestCaseExecutor.java:328)
	at com.kms.katalon.core.main.TestCaseExecutor.doExecute(TestCaseExecutor.java:319)
	at com.kms.katalon.core.main.TestCaseExecutor.processExecutionPhase(TestCaseExecutor.java:298)
	at com.kms.katalon.core.main.TestCaseExecutor.accessMainPhase(TestCaseExecutor.java:290)
	at com.kms.katalon.core.main.TestCaseExecutor.execute(TestCaseExecutor.java:224)
	at com.kms.katalon.core.main.TestSuiteExecutor.accessTestCaseMainPhase(TestSuiteExecutor.java:129)
	at com.kms.katalon.core.main.TestSuiteExecutor.accessTestSuiteMainPhase(TestSuiteExecutor.java:112)
	at com.kms.katalon.core.main.TestSuiteExecutor.execute(TestSuiteExecutor.java:81)
	at com.kms.katalon.core.main.TestCaseMain.startTestSuite(TestCaseMain.java:149)
	at com.kms.katalon.core.main.TestCaseMain$startTestSuite$0.call(Unknown Source)
	at TempTestSuite1557763859677.run(TempTestSuite1557763859677.groovy:36)]]></system-out>
         <system-err><![CDATA[2019-05-13 11:22:47 - [TEST_CASE][FAILED] - Test Cases/Admin Console/Account Settings/Prompts()/Prompts - Import: Test Cases/Admin Console/Account Settings/Prompts()/Prompts - Import FAILED.
Reason:
com.kms.katalon.core.exception.StepFailedException: Unable to set text '/Users/alonzomack/Downloads/prompts-3.txt' of object 'Object Repository/Admin Console ePulse Menu/Account Settings/Prompts/Import Prompts Buttons/Choose File' (Root cause: org.openqa.selenium.WebDriverException: invalid argument: File not found : /Users/alonzomack/Downloads/prompts-3.txt
  (Session info: chrome=74.0.3729.131)
  (Driver info: chromedriver=2.43.600229 (3fae4d0cda5334b4f533bede5a4787f7b832d052),platform=Mac OS X 10.13.3 x86_64) (WARNING: The server did not provide any stacktrace information)
Command duration or timeout: 0 milliseconds
Build info: version: '3.7.1', revision: '8a0099a', time: '2017-11-06T21:07:36.161Z'
System info: host: 'QAs-MacBook-Pro-2.local', ip: '2600:6c40:5400:153d:f5a6:601:affc:661a%en0', os.name: 'Mac OS X', os.arch: 'x86_64', os.version: '10.13.3', java.version: '1.8.0_181'
Driver info: com.kms.katalon.selenium.driver.CChromeDriver
Capabilities {acceptInsecureCerts: false, acceptSslCerts: false, applicationCacheEnabled: false, browserConnectionEnabled: false, browserName: chrome, chrome: {chromedriverVersion: 2.43.600229 (3fae4d0cda5334..., userDataDir: /var/folders/p5/lldhhw894tb...}, cssSelectorsEnabled: true, databaseEnabled: false, goog:chromeOptions: {debuggerAddress: localhost:53794}, handlesAlerts: true, hasTouchScreen: false, javascriptEnabled: true, locationContextEnabled: true, mobileEmulationEnabled: false, nativeEvents: true, networkConnectionEnabled: false, pageLoadStrategy: normal, platform: MAC, platformName: MAC, rotatable: false, setWindowRect: true, takesHeapSnapshot: true, takesScreenshot: true, unexpectedAlertBehaviour: , unhandledPromptBehavior: , version: 74.0.3729.131, webStorageEnabled: true}
Session ID: 1a5ec58cadd99fc4726c8f85f7b30ab1)
	at com.kms.katalon.core.keyword.internal.KeywordMain.stepFailed(KeywordMain.groovy:36)
	at com.kms.katalon.core.webui.keyword.internal.WebUIKeywordMain.stepFailed(WebUIKeywordMain.groovy:65)
	at com.kms.katalon.core.webui.keyword.internal.WebUIKeywordMain.runKeyword(WebUIKeywordMain.groovy:27)
	at com.kms.katalon.core.webui.keyword.builtin.SetTextKeyword.setText(SetTextKeyword.groovy:65)
	at com.kms.katalon.core.webui.keyword.builtin.SetTextKeyword.execute(SetTextKeyword.groovy:37)
	at com.kms.katalon.core.keyword.internal.KeywordExecutor.executeKeywordForPlatform(KeywordExecutor.groovy:53)
	at com.kms.katalon.core.webui.keyword.WebUiBuiltInKeywords.setText(WebUiBuiltInKeywords.groovy:950)
	at com.kms.katalon.core.webui.keyword.WebUiBuiltInKeywords$setText$1.call(Unknown Source)
	at Prompts - Import.run(Prompts - Import:43)
	at com.kms.katalon.core.main.ScriptEngine.run(ScriptEngine.java:194)
	at com.kms.katalon.core.main.ScriptEngine.runScriptAsRawText(ScriptEngine.java:119)
	at com.kms.katalon.core.main.TestCaseExecutor.runScript(TestCaseExecutor.java:328)
	at com.kms.katalon.core.main.TestCaseExecutor.doExecute(TestCaseExecutor.java:319)
	at com.kms.katalon.core.main.TestCaseExecutor.processExecutionPhase(TestCaseExecutor.java:298)
	at com.kms.katalon.core.main.TestCaseExecutor.accessMainPhase(TestCaseExecutor.java:290)
	at com.kms.katalon.core.main.TestCaseExecutor.execute(TestCaseExecutor.java:224)
	at com.kms.katalon.core.main.TestSuiteExecutor.accessTestCaseMainPhase(TestSuiteExecutor.java:129)
	at com.kms.katalon.core.main.TestSuiteExecutor.accessTestSuiteMainPhase(TestSuiteExecutor.java:112)
	at com.kms.katalon.core.main.TestSuiteExecutor.execute(TestSuiteExecutor.java:81)
	at com.kms.katalon.core.main.TestCaseMain.startTestSuite(TestCaseMain.java:149)
	at com.kms.katalon.core.main.TestCaseMain$startTestSuite$0.call(Unknown Source)
	at TempTestSuite1557763859677.run(TempTestSuite1557763859677.groovy:36)]]></system-err>
      </testcase>
      <testcase name="Test Cases/Admin Console/Account Settings/Prompts()/Prompts - Edit" classname="Test Cases/Admin Console/Account Settings/Prompts()/Prompts - Edit" status="PASSED">
         <system-out><![CDATA[2019-05-13 11:22:57 - [TEST_CASE][PASSED] - Test Cases/Admin Console/Account Settings/Prompts()/Prompts - Edit: Test Cases/Admin Console/Account Settings/Prompts()/Prompts - Edit

2019-05-13 11:22:57 - [TEST_STEP][PASSED] - openBrowser(""): Browser is opened with url: ''

2019-05-13 11:22:57 - [MESSAGE][WARNING] - A browser is already opened. Closing browser and opening a new one

2019-05-13 11:22:57 - [MESSAGE][INFO] - Starting 'Chrome' driver

2019-05-13 11:22:58 - [MESSAGE][PASSED] - Browser is opened with url: ''

2019-05-13 11:22:58 - [TEST_STEP][PASSED] - navigateToUrl(URL): Navigate to 'https://epulsedev2.com' successfully

2019-05-13 11:23:00 - [MESSAGE][PASSED] - Navigate to 'https://epulsedev2.com' successfully

2019-05-13 11:23:00 - [TEST_STEP][PASSED] - setText(findTestObject("Login/Email Address"), User_email): Text 'alonzo.mack@knowink.com' is set on object 'Object Repository/Login/Email Address'

2019-05-13 11:23:00 - [MESSAGE][PASSED] - Text 'alonzo.mack@knowink.com' is set on object 'Object Repository/Login/Email Address'

2019-05-13 11:23:00 - [TEST_STEP][PASSED] - setEncryptedText(findTestObject("Login/Password"), Pswrd): Text ****** has been set on object 'Object Repository/Login/Password'

2019-05-13 11:23:00 - [MESSAGE][PASSED] - Text ****** has been set on object 'Object Repository/Login/Password'

2019-05-13 11:23:00 - [TEST_STEP][PASSED] - click(findTestObject("Login/Sign In")): Object: 'Object Repository/Login/Sign In' is clicked on

2019-05-13 11:23:01 - [MESSAGE][PASSED] - Object: 'Object Repository/Login/Sign In' is clicked on

2019-05-13 11:23:01 - [TEST_STEP][PASSED] - delay(1): Delayed 1 second(s)

2019-05-13 11:23:02 - [MESSAGE][PASSED] - Delayed 1 second(s)

2019-05-13 11:23:02 - [TEST_STEP][PASSED] - navigateToUrl(Prompts, STOP_ON_FAILURE): Navigate to 'https://am-Automation-test.epulsedev2.com/prompts' successfully

2019-05-13 11:23:03 - [MESSAGE][PASSED] - Navigate to 'https://am-Automation-test.epulsedev2.com/prompts' successfully

2019-05-13 11:23:03 - [TEST_STEP][PASSED] - delay(1): Delayed 1 second(s)

2019-05-13 11:23:04 - [MESSAGE][PASSED] - Delayed 1 second(s)

2019-05-13 11:23:04 - [TEST_STEP][PASSED] - click(findTestObject("Admin Console ePulse Menu/Account Settings/Prompts/Edit Prompt")): Object: 'Object Repository/Admin Console ePulse Menu/Account Settings/Prompts/Edit Prompt' is clicked on

2019-05-13 11:23:04 - [MESSAGE][PASSED] - Object: 'Object Repository/Admin Console ePulse Menu/Account Settings/Prompts/Edit Prompt' is clicked on

2019-05-13 11:23:04 - [TEST_STEP][PASSED] - delay(2): Delayed 2 second(s)

2019-05-13 11:23:06 - [MESSAGE][PASSED] - Delayed 2 second(s)

2019-05-13 11:23:06 - [TEST_STEP][PASSED] - setText(findTestObject("Admin Console ePulse Menu/Account Settings/Prompts/Add_Edit Prompt Modal/Name"), "Test Prompt Test"): Text 'Test Prompt Test' is set on object 'Object Repository/Admin Console ePulse Menu/Account Settings/Prompts/Add_Edit Prompt Modal/Name'

2019-05-13 11:23:07 - [MESSAGE][PASSED] - Text 'Test Prompt Test' is set on object 'Object Repository/Admin Console ePulse Menu/Account Settings/Prompts/Add_Edit Prompt Modal/Name'

2019-05-13 11:23:07 - [TEST_STEP][PASSED] - delay(2): Delayed 2 second(s)

2019-05-13 11:23:09 - [MESSAGE][PASSED] - Delayed 2 second(s)

2019-05-13 11:23:09 - [TEST_STEP][PASSED] - setText(findTestObject("Admin Console ePulse Menu/Account Settings/Prompts/Add_Edit Prompt Modal/Heading"), "Prompt Edit"): Text 'Prompt Edit' is set on object 'Object Repository/Admin Console ePulse Menu/Account Settings/Prompts/Add_Edit Prompt Modal/Heading'

2019-05-13 11:23:09 - [MESSAGE][PASSED] - Text 'Prompt Edit' is set on object 'Object Repository/Admin Console ePulse Menu/Account Settings/Prompts/Add_Edit Prompt Modal/Heading'

2019-05-13 11:23:09 - [TEST_STEP][PASSED] - delay(2): Delayed 2 second(s)

2019-05-13 11:23:11 - [MESSAGE][PASSED] - Delayed 2 second(s)

2019-05-13 11:23:11 - [TEST_STEP][PASSED] - selectOptionByValue(findTestObject("Admin Console ePulse Menu/Account Settings/Prompts/Add_Edit Prompt Modal/Select Color"), "2", true): All options with value '2' are selected in object 'Object Repository/Admin Console ePulse Menu/Account Settings/Prompts/Add_Edit Prompt Modal/Select Color'  using regular expression

2019-05-13 11:23:11 - [MESSAGE][PASSED] - All options with value '2' are selected in object 'Object Repository/Admin Console ePulse Menu/Account Settings/Prompts/Add_Edit Prompt Modal/Select Color'  using regular expression

2019-05-13 11:23:11 - [TEST_STEP][PASSED] - delay(2): Delayed 2 second(s)

2019-05-13 11:23:13 - [MESSAGE][PASSED] - Delayed 2 second(s)

2019-05-13 11:23:13 - [TEST_STEP][PASSED] - setText(findTestObject("Admin Console ePulse Menu/Account Settings/Prompts/Add_Edit Prompt Modal/Order"), "2"): Text '2' is set on object 'Object Repository/Admin Console ePulse Menu/Account Settings/Prompts/Add_Edit Prompt Modal/Order'

2019-05-13 11:23:13 - [MESSAGE][PASSED] - Text '2' is set on object 'Object Repository/Admin Console ePulse Menu/Account Settings/Prompts/Add_Edit Prompt Modal/Order'

2019-05-13 11:23:13 - [TEST_STEP][PASSED] - delay(2): Delayed 2 second(s)

2019-05-13 11:23:15 - [MESSAGE][PASSED] - Delayed 2 second(s)

2019-05-13 11:23:15 - [TEST_STEP][PASSED] - setText(findTestObject("Admin Console ePulse Menu/Account Settings/Prompts/Add_Edit Prompt Modal/Field Label"), "Prompt Test"): Text 'Prompt Test' is set on object 'Object Repository/Admin Console ePulse Menu/Account Settings/Prompts/Add_Edit Prompt Modal/Field Label'

2019-05-13 11:23:15 - [MESSAGE][PASSED] - Text 'Prompt Test' is set on object 'Object Repository/Admin Console ePulse Menu/Account Settings/Prompts/Add_Edit Prompt Modal/Field Label'

2019-05-13 11:23:15 - [TEST_STEP][PASSED] - delay(2): Delayed 2 second(s)

2019-05-13 11:23:17 - [MESSAGE][PASSED] - Delayed 2 second(s)

2019-05-13 11:23:17 - [TEST_STEP][PASSED] - setText(findTestObject("Admin Console ePulse Menu/Account Settings/Prompts/Add_Edit Prompt Modal/Field Name"), "prompt test"): Text 'prompt test' is set on object 'Object Repository/Admin Console ePulse Menu/Account Settings/Prompts/Add_Edit Prompt Modal/Field Name'

2019-05-13 11:23:17 - [MESSAGE][PASSED] - Text 'prompt test' is set on object 'Object Repository/Admin Console ePulse Menu/Account Settings/Prompts/Add_Edit Prompt Modal/Field Name'

2019-05-13 11:23:17 - [TEST_STEP][PASSED] - delay(2): Delayed 2 second(s)

2019-05-13 11:23:19 - [MESSAGE][PASSED] - Delayed 2 second(s)

2019-05-13 11:23:19 - [TEST_STEP][PASSED] - click(findTestObject("Admin Console ePulse Menu/Account Settings/Prompts/Add_Edit Prompt Modal/Show Voter Info_slider")): Object: 'Object Repository/Admin Console ePulse Menu/Account Settings/Prompts/Add_Edit Prompt Modal/Show Voter Info_slider' is clicked on

2019-05-13 11:23:19 - [MESSAGE][PASSED] - Object: 'Object Repository/Admin Console ePulse Menu/Account Settings/Prompts/Add_Edit Prompt Modal/Show Voter Info_slider' is clicked on

2019-05-13 11:23:19 - [TEST_STEP][PASSED] - delay(2): Delayed 2 second(s)

2019-05-13 11:23:21 - [MESSAGE][PASSED] - Delayed 2 second(s)

2019-05-13 11:23:21 - [TEST_STEP][PASSED] - click(findTestObject("Admin Console ePulse Menu/Account Settings/Prompts/Add_Edit Prompt Modal/Show Text Field_slider")): Object: 'Object Repository/Admin Console ePulse Menu/Account Settings/Prompts/Add_Edit Prompt Modal/Show Text Field_slider' is clicked on

2019-05-13 11:23:21 - [MESSAGE][PASSED] - Object: 'Object Repository/Admin Console ePulse Menu/Account Settings/Prompts/Add_Edit Prompt Modal/Show Text Field_slider' is clicked on

2019-05-13 11:23:21 - [TEST_STEP][PASSED] - delay(2): Delayed 2 second(s)

2019-05-13 11:23:23 - [MESSAGE][PASSED] - Delayed 2 second(s)

2019-05-13 11:23:23 - [TEST_STEP][PASSED] - setText(findTestObject("Admin Console ePulse Menu/Account Settings/Prompts/Add_Edit Prompt Modal/Instructions textarea "), "Test Prompt2"): Text 'Test Prompt2' is set on object 'Object Repository/Admin Console ePulse Menu/Account Settings/Prompts/Add_Edit Prompt Modal/Instructions textarea '

2019-05-13 11:23:24 - [MESSAGE][PASSED] - Text 'Test Prompt2' is set on object 'Object Repository/Admin Console ePulse Menu/Account Settings/Prompts/Add_Edit Prompt Modal/Instructions textarea '

2019-05-13 11:23:24 - [TEST_STEP][PASSED] - delay(2): Delayed 2 second(s)

2019-05-13 11:23:26 - [MESSAGE][PASSED] - Delayed 2 second(s)

2019-05-13 11:23:26 - [TEST_STEP][PASSED] - click(findTestObject("Admin Console ePulse Menu/Account Settings/Prompts/Add_Edit Prompt Modal/Submit")): Object: 'Object Repository/Admin Console ePulse Menu/Account Settings/Prompts/Add_Edit Prompt Modal/Submit' is clicked on

2019-05-13 11:23:26 - [MESSAGE][PASSED] - Object: 'Object Repository/Admin Console ePulse Menu/Account Settings/Prompts/Add_Edit Prompt Modal/Submit' is clicked on

2019-05-13 11:23:26 - [TEST_STEP][PASSED] - delay(2): Delayed 2 second(s)

2019-05-13 11:23:28 - [MESSAGE][PASSED] - Delayed 2 second(s)

2019-05-13 11:23:28 - [TEST_STEP][PASSED] - closeBrowser(): Browser is closed

2019-05-13 11:23:28 - [MESSAGE][PASSED] - Browser is closed]]></system-out>
         <system-err><![CDATA[]]></system-err>
      </testcase>
      <testcase name="Test Cases/Admin Console/Account Settings/Prompts()/Prompts - Delete" classname="Test Cases/Admin Console/Account Settings/Prompts()/Prompts - Delete" status="PASSED">
         <system-out><![CDATA[2019-05-13 11:23:30 - [TEST_CASE][PASSED] - Test Cases/Admin Console/Account Settings/Prompts()/Prompts - Delete: Test Cases/Admin Console/Account Settings/Prompts()/Prompts - Delete

2019-05-13 11:23:30 - [TEST_STEP][PASSED] - openBrowser(""): Browser is opened with url: ''

2019-05-13 11:23:30 - [MESSAGE][INFO] - Starting 'Chrome' driver

2019-05-13 11:23:31 - [MESSAGE][PASSED] - Browser is opened with url: ''

2019-05-13 11:23:31 - [TEST_STEP][PASSED] - navigateToUrl(URL): Navigate to 'https://epulsedev2.com' successfully

2019-05-13 11:23:33 - [MESSAGE][PASSED] - Navigate to 'https://epulsedev2.com' successfully

2019-05-13 11:23:33 - [TEST_STEP][PASSED] - setText(findTestObject("Login/Email Address"), User_email): Text 'alonzo.mack@knowink.com' is set on object 'Object Repository/Login/Email Address'

2019-05-13 11:23:33 - [MESSAGE][PASSED] - Text 'alonzo.mack@knowink.com' is set on object 'Object Repository/Login/Email Address'

2019-05-13 11:23:33 - [TEST_STEP][PASSED] - setEncryptedText(findTestObject("Login/Password"), Pswrd): Text ****** has been set on object 'Object Repository/Login/Password'

2019-05-13 11:23:33 - [MESSAGE][PASSED] - Text ****** has been set on object 'Object Repository/Login/Password'

2019-05-13 11:23:33 - [TEST_STEP][PASSED] - click(findTestObject("Login/Sign In")): Object: 'Object Repository/Login/Sign In' is clicked on

2019-05-13 11:23:34 - [MESSAGE][PASSED] - Object: 'Object Repository/Login/Sign In' is clicked on

2019-05-13 11:23:34 - [TEST_STEP][PASSED] - delay(1): Delayed 1 second(s)

2019-05-13 11:23:35 - [MESSAGE][PASSED] - Delayed 1 second(s)

2019-05-13 11:23:35 - [TEST_STEP][PASSED] - navigateToUrl(Prompts, STOP_ON_FAILURE): Navigate to 'https://am-Automation-test.epulsedev2.com/prompts' successfully

2019-05-13 11:23:37 - [MESSAGE][PASSED] - Navigate to 'https://am-Automation-test.epulsedev2.com/prompts' successfully

2019-05-13 11:23:37 - [TEST_STEP][PASSED] - delay(1): Delayed 1 second(s)

2019-05-13 11:23:38 - [MESSAGE][PASSED] - Delayed 1 second(s)

2019-05-13 11:23:38 - [TEST_STEP][PASSED] - click(findTestObject("Admin Console ePulse Menu/Account Settings/Prompts/Delete Prompt")): Object: 'Object Repository/Admin Console ePulse Menu/Account Settings/Prompts/Delete Prompt' is clicked on

2019-05-13 11:23:38 - [MESSAGE][PASSED] - Object: 'Object Repository/Admin Console ePulse Menu/Account Settings/Prompts/Delete Prompt' is clicked on

2019-05-13 11:23:38 - [TEST_STEP][PASSED] - delay(3): Delayed 3 second(s)

2019-05-13 11:23:41 - [MESSAGE][PASSED] - Delayed 3 second(s)

2019-05-13 11:23:41 - [TEST_STEP][PASSED] - acceptAlert(): Alert accepted

2019-05-13 11:23:41 - [MESSAGE][PASSED] - Alert accepted

2019-05-13 11:23:41 - [TEST_STEP][PASSED] - closeBrowser(): Browser is closed

2019-05-13 11:23:41 - [MESSAGE][PASSED] - Browser is closed]]></system-out>
         <system-err><![CDATA[]]></system-err>
      </testcase>
      <testcase name="Test Cases/Admin Console/Poll Workers-Election Officials()/POLL WORKER - CLASSES" classname="Test Cases/Admin Console/Poll Workers-Election Officials()/POLL WORKER - CLASSES" status="PASSED">
         <system-out><![CDATA[2019-05-13 11:23:43 - [TEST_CASE][PASSED] - Test Cases/Admin Console/Poll Workers-Election Officials()/POLL WORKER - CLASSES: Test Cases/Admin Console/Poll Workers-Election Officials()/POLL WORKER - CLASSES

2019-05-13 11:23:43 - [TEST_STEP][PASSED] - openBrowser(""): Browser is opened with url: ''

2019-05-13 11:23:43 - [MESSAGE][INFO] - Starting 'Chrome' driver

2019-05-13 11:23:44 - [MESSAGE][PASSED] - Browser is opened with url: ''

2019-05-13 11:23:44 - [TEST_STEP][PASSED] - navigateToUrl(URL): Navigate to 'https://epulsedev2.com' successfully

2019-05-13 11:23:48 - [MESSAGE][PASSED] - Navigate to 'https://epulsedev2.com' successfully

2019-05-13 11:23:48 - [TEST_STEP][PASSED] - setText(findTestObject("Login/Email Address"), User_email): Text 'alonzo.mack@knowink.com' is set on object 'Object Repository/Login/Email Address'

2019-05-13 11:23:48 - [MESSAGE][PASSED] - Text 'alonzo.mack@knowink.com' is set on object 'Object Repository/Login/Email Address'

2019-05-13 11:23:48 - [TEST_STEP][PASSED] - setEncryptedText(findTestObject("Login/Password"), Pswrd): Text ****** has been set on object 'Object Repository/Login/Password'

2019-05-13 11:23:48 - [MESSAGE][PASSED] - Text ****** has been set on object 'Object Repository/Login/Password'

2019-05-13 11:23:48 - [TEST_STEP][PASSED] - click(findTestObject("Login/Sign In")): Object: 'Object Repository/Login/Sign In' is clicked on

2019-05-13 11:23:49 - [MESSAGE][PASSED] - Object: 'Object Repository/Login/Sign In' is clicked on

2019-05-13 11:23:49 - [TEST_STEP][PASSED] - delay(1): Delayed 1 second(s)

2019-05-13 11:23:50 - [MESSAGE][PASSED] - Delayed 1 second(s)

2019-05-13 11:23:50 - [TEST_STEP][PASSED] - for ([row = 1, row <= findTestData("PollWorker - Classes").getRowNumbers(), (row++)]): Object: 'Object Repository/Admin Console ePulse Menu/Poll Workers/New Poll Worker Class/Submit' is clicked on

2019-05-13 11:23:51 - [TEST_STEP][PASSED] - navigateToUrl(Poll_Workers_Classes_New): Navigate to 'https://am-automation-test.epulsedev2.com/poll_worker_classes/new' successfully

2019-05-13 11:23:52 - [MESSAGE][PASSED] - Navigate to 'https://am-automation-test.epulsedev2.com/poll_worker_classes/new' successfully

2019-05-13 11:23:52 - [TEST_STEP][PASSED] - click(findTestObject("Admin Console ePulse Menu/Poll Workers/New Poll Worker Class/Class Information/Class Information dropdown")): Object: 'Object Repository/Admin Console ePulse Menu/Poll Workers/New Poll Worker Class/Class Information/Class Information dropdown' is clicked on

2019-05-13 11:23:52 - [MESSAGE][PASSED] - Object: 'Object Repository/Admin Console ePulse Menu/Poll Workers/New Poll Worker Class/Class Information/Class Information dropdown' is clicked on

2019-05-13 11:23:52 - [TEST_STEP][PASSED] - delay(1): Delayed 1 second(s)

2019-05-13 11:23:54 - [MESSAGE][PASSED] - Delayed 1 second(s)

2019-05-13 11:23:54 - [TEST_STEP][PASSED] - setText(findTestObject("Admin Console ePulse Menu/Poll Workers/New Poll Worker Class/Class Information/Name"), findTestData("PollWorker - Classes").getValue("Name", row)): Text 'Training Class1' is set on object 'Object Repository/Admin Console ePulse Menu/Poll Workers/New Poll Worker Class/Class Information/Name'

2019-05-13 11:23:54 - [MESSAGE][PASSED] - Text 'Training Class1' is set on object 'Object Repository/Admin Console ePulse Menu/Poll Workers/New Poll Worker Class/Class Information/Name'

2019-05-13 11:23:54 - [TEST_STEP][PASSED] - delay(1): Delayed 1 second(s)

2019-05-13 11:23:55 - [MESSAGE][PASSED] - Delayed 1 second(s)

2019-05-13 11:23:55 - [TEST_STEP][PASSED] - setText(findTestObject("Admin Console ePulse Menu/Poll Workers/New Poll Worker Class/Class Information/Instructor"), findTestData("PollWorker - Classes").getValue("Instructor", row)): Text 'Jack Johnson1' is set on object 'Object Repository/Admin Console ePulse Menu/Poll Workers/New Poll Worker Class/Class Information/Instructor'

2019-05-13 11:23:55 - [MESSAGE][PASSED] - Text 'Jack Johnson1' is set on object 'Object Repository/Admin Console ePulse Menu/Poll Workers/New Poll Worker Class/Class Information/Instructor'

2019-05-13 11:23:55 - [TEST_STEP][PASSED] - delay(1): Delayed 1 second(s)

2019-05-13 11:23:56 - [MESSAGE][PASSED] - Delayed 1 second(s)

2019-05-13 11:23:56 - [TEST_STEP][PASSED] - setText(findTestObject("Admin Console ePulse Menu/Poll Workers/New Poll Worker Class/Address Information/Location"), findTestData("PollWorker - Classes").getValue("Location", row)): Text 'Civic Center' is set on object 'Object Repository/Admin Console ePulse Menu/Poll Workers/New Poll Worker Class/Address Information/Location'

2019-05-13 11:23:56 - [MESSAGE][PASSED] - Text 'Civic Center' is set on object 'Object Repository/Admin Console ePulse Menu/Poll Workers/New Poll Worker Class/Address Information/Location'

2019-05-13 11:23:56 - [TEST_STEP][PASSED] - delay(1): Delayed 1 second(s)

2019-05-13 11:23:57 - [MESSAGE][PASSED] - Delayed 1 second(s)

2019-05-13 11:23:57 - [TEST_STEP][PASSED] - doubleClick(findTestObject("Admin Console ePulse Menu/Poll Workers/New Poll Worker Class/Class Information/Date")): Object: 'Object Repository/Admin Console ePulse Menu/Poll Workers/New Poll Worker Class/Class Information/Date' is double clicked on

2019-05-13 11:23:57 - [MESSAGE][PASSED] - Object: 'Object Repository/Admin Console ePulse Menu/Poll Workers/New Poll Worker Class/Class Information/Date' is double clicked on

2019-05-13 11:23:57 - [TEST_STEP][PASSED] - delay(1): Delayed 1 second(s)

2019-05-13 11:23:58 - [MESSAGE][PASSED] - Delayed 1 second(s)

2019-05-13 11:23:58 - [TEST_STEP][PASSED] - setText(findTestObject("Admin Console ePulse Menu/Poll Workers/New Poll Worker Class/Class Information/Rate"), findTestData("PollWorker - Classes").getValue("Rate", row)): Text '10' is set on object 'Object Repository/Admin Console ePulse Menu/Poll Workers/New Poll Worker Class/Class Information/Rate'

2019-05-13 11:23:59 - [MESSAGE][PASSED] - Text '10' is set on object 'Object Repository/Admin Console ePulse Menu/Poll Workers/New Poll Worker Class/Class Information/Rate'

2019-05-13 11:23:59 - [TEST_STEP][PASSED] - delay(1): Delayed 1 second(s)

2019-05-13 11:24:00 - [MESSAGE][PASSED] - Delayed 1 second(s)

2019-05-13 11:24:00 - [TEST_STEP][PASSED] - setText(findTestObject("Admin Console ePulse Menu/Poll Workers/New Poll Worker Class/Class Information/Class Description"), findTestData("PollWorker - Classes").getValue("Descript", row)): Text 'Training Class Civic Center' is set on object 'Object Repository/Admin Console ePulse Menu/Poll Workers/New Poll Worker Class/Class Information/Class Description'

2019-05-13 11:24:00 - [MESSAGE][PASSED] - Text 'Training Class Civic Center' is set on object 'Object Repository/Admin Console ePulse Menu/Poll Workers/New Poll Worker Class/Class Information/Class Description'

2019-05-13 11:24:00 - [TEST_STEP][PASSED] - setText(findTestObject("Admin Console ePulse Menu/Poll Workers/New Poll Worker Class/Class Information/Name"), findTestData("PollWorker - Classes").getValue("Name", row)): Text 'Training Class1' is set on object 'Object Repository/Admin Console ePulse Menu/Poll Workers/New Poll Worker Class/Class Information/Name'

2019-05-13 11:24:00 - [MESSAGE][PASSED] - Text 'Training Class1' is set on object 'Object Repository/Admin Console ePulse Menu/Poll Workers/New Poll Worker Class/Class Information/Name'

2019-05-13 11:24:00 - [TEST_STEP][PASSED] - delay(1): Delayed 1 second(s)

2019-05-13 11:24:01 - [MESSAGE][PASSED] - Delayed 1 second(s)

2019-05-13 11:24:01 - [TEST_STEP][PASSED] - click(findTestObject("Admin Console ePulse Menu/Poll Workers/New Poll Worker Class/Address Information/Address Information dropdown")): Object: 'Object Repository/Admin Console ePulse Menu/Poll Workers/New Poll Worker Class/Address Information/Address Information dropdown' is clicked on

2019-05-13 11:24:01 - [MESSAGE][PASSED] - Object: 'Object Repository/Admin Console ePulse Menu/Poll Workers/New Poll Worker Class/Address Information/Address Information dropdown' is clicked on

2019-05-13 11:24:01 - [TEST_STEP][PASSED] - delay(1): Delayed 1 second(s)

2019-05-13 11:24:02 - [MESSAGE][PASSED] - Delayed 1 second(s)

2019-05-13 11:24:02 - [TEST_STEP][PASSED] - setText(findTestObject("Admin Console ePulse Menu/Poll Workers/New Poll Worker Class/Address Information/Address1"), findTestData("PollWorker - Classes").getValue("Address1", row)): Text '3478 Hillmont' is set on object 'Object Repository/Admin Console ePulse Menu/Poll Workers/New Poll Worker Class/Address Information/Address1'

2019-05-13 11:24:02 - [MESSAGE][PASSED] - Text '3478 Hillmont' is set on object 'Object Repository/Admin Console ePulse Menu/Poll Workers/New Poll Worker Class/Address Information/Address1'

2019-05-13 11:24:02 - [TEST_STEP][PASSED] - delay(1): Delayed 1 second(s)

2019-05-13 11:24:03 - [MESSAGE][PASSED] - Delayed 1 second(s)

2019-05-13 11:24:03 - [TEST_STEP][PASSED] - setText(findTestObject("Admin Console ePulse Menu/Poll Workers/New Poll Worker Class/Address Information/Address2"), findTestData("PollWorker - Classes").getValue("Address2", row)): Text 'Suite 301' is set on object 'Object Repository/Admin Console ePulse Menu/Poll Workers/New Poll Worker Class/Address Information/Address2'

2019-05-13 11:24:03 - [MESSAGE][PASSED] - Text 'Suite 301' is set on object 'Object Repository/Admin Console ePulse Menu/Poll Workers/New Poll Worker Class/Address Information/Address2'

2019-05-13 11:24:03 - [TEST_STEP][PASSED] - delay(1): Delayed 1 second(s)

2019-05-13 11:24:04 - [MESSAGE][PASSED] - Delayed 1 second(s)

2019-05-13 11:24:04 - [TEST_STEP][PASSED] - setText(findTestObject("Admin Console ePulse Menu/Poll Workers/New Poll Worker Class/Address Information/City"), findTestData("PollWorker - Classes").getValue("City", row)): Text 'Anywhere' is set on object 'Object Repository/Admin Console ePulse Menu/Poll Workers/New Poll Worker Class/Address Information/City'

2019-05-13 11:24:04 - [MESSAGE][PASSED] - Text 'Anywhere' is set on object 'Object Repository/Admin Console ePulse Menu/Poll Workers/New Poll Worker Class/Address Information/City'

2019-05-13 11:24:04 - [TEST_STEP][PASSED] - delay(1): Delayed 1 second(s)

2019-05-13 11:24:05 - [MESSAGE][PASSED] - Delayed 1 second(s)

2019-05-13 11:24:05 - [TEST_STEP][PASSED] - setText(findTestObject("Admin Console ePulse Menu/Poll Workers/New Poll Worker Class/Address Information/State"), findTestData("PollWorker - Classes").getValue("State", row)): Text 'US' is set on object 'Object Repository/Admin Console ePulse Menu/Poll Workers/New Poll Worker Class/Address Information/State'

2019-05-13 11:24:06 - [MESSAGE][PASSED] - Text 'US' is set on object 'Object Repository/Admin Console ePulse Menu/Poll Workers/New Poll Worker Class/Address Information/State'

2019-05-13 11:24:06 - [TEST_STEP][PASSED] - delay(1): Delayed 1 second(s)

2019-05-13 11:24:07 - [MESSAGE][PASSED] - Delayed 1 second(s)

2019-05-13 11:24:07 - [TEST_STEP][PASSED] - setText(findTestObject("Admin Console ePulse Menu/Poll Workers/New Poll Worker Class/Address Information/Zip"), findTestData("PollWorker - Classes").getValue("Zip", row)): Text '78473' is set on object 'Object Repository/Admin Console ePulse Menu/Poll Workers/New Poll Worker Class/Address Information/Zip'

2019-05-13 11:24:07 - [MESSAGE][PASSED] - Text '78473' is set on object 'Object Repository/Admin Console ePulse Menu/Poll Workers/New Poll Worker Class/Address Information/Zip'

2019-05-13 11:24:07 - [TEST_STEP][PASSED] - delay(1): Delayed 1 second(s)

2019-05-13 11:24:08 - [MESSAGE][PASSED] - Delayed 1 second(s)

2019-05-13 11:24:08 - [TEST_STEP][PASSED] - click(findTestObject("Admin Console ePulse Menu/Poll Workers/New Poll Worker Class/Submit")): Object: 'Object Repository/Admin Console ePulse Menu/Poll Workers/New Poll Worker Class/Submit' is clicked on

2019-05-13 11:24:09 - [MESSAGE][PASSED] - Object: 'Object Repository/Admin Console ePulse Menu/Poll Workers/New Poll Worker Class/Submit' is clicked on

2019-05-13 11:24:09 - [TEST_STEP][PASSED] - navigateToUrl(Poll_Workers_Classes_New): Navigate to 'https://am-automation-test.epulsedev2.com/poll_worker_classes/new' successfully

2019-05-13 11:24:09 - [MESSAGE][PASSED] - Navigate to 'https://am-automation-test.epulsedev2.com/poll_worker_classes/new' successfully

2019-05-13 11:24:09 - [TEST_STEP][PASSED] - click(findTestObject("Admin Console ePulse Menu/Poll Workers/New Poll Worker Class/Class Information/Class Information dropdown")): Object: 'Object Repository/Admin Console ePulse Menu/Poll Workers/New Poll Worker Class/Class Information/Class Information dropdown' is clicked on

2019-05-13 11:24:09 - [MESSAGE][PASSED] - Object: 'Object Repository/Admin Console ePulse Menu/Poll Workers/New Poll Worker Class/Class Information/Class Information dropdown' is clicked on

2019-05-13 11:24:09 - [TEST_STEP][PASSED] - delay(1): Delayed 1 second(s)

2019-05-13 11:24:10 - [MESSAGE][PASSED] - Delayed 1 second(s)

2019-05-13 11:24:10 - [TEST_STEP][PASSED] - setText(findTestObject("Admin Console ePulse Menu/Poll Workers/New Poll Worker Class/Class Information/Name"), findTestData("PollWorker - Classes").getValue("Name", row)): Text 'Training Class2' is set on object 'Object Repository/Admin Console ePulse Menu/Poll Workers/New Poll Worker Class/Class Information/Name'

2019-05-13 11:24:10 - [MESSAGE][PASSED] - Text 'Training Class2' is set on object 'Object Repository/Admin Console ePulse Menu/Poll Workers/New Poll Worker Class/Class Information/Name'

2019-05-13 11:24:10 - [TEST_STEP][PASSED] - delay(1): Delayed 1 second(s)

2019-05-13 11:24:11 - [MESSAGE][PASSED] - Delayed 1 second(s)

2019-05-13 11:24:11 - [TEST_STEP][PASSED] - setText(findTestObject("Admin Console ePulse Menu/Poll Workers/New Poll Worker Class/Class Information/Instructor"), findTestData("PollWorker - Classes").getValue("Instructor", row)): Text 'Jack Johnson2' is set on object 'Object Repository/Admin Console ePulse Menu/Poll Workers/New Poll Worker Class/Class Information/Instructor'

2019-05-13 11:24:12 - [MESSAGE][PASSED] - Text 'Jack Johnson2' is set on object 'Object Repository/Admin Console ePulse Menu/Poll Workers/New Poll Worker Class/Class Information/Instructor'

2019-05-13 11:24:12 - [TEST_STEP][PASSED] - delay(1): Delayed 1 second(s)

2019-05-13 11:24:13 - [MESSAGE][PASSED] - Delayed 1 second(s)

2019-05-13 11:24:13 - [TEST_STEP][PASSED] - setText(findTestObject("Admin Console ePulse Menu/Poll Workers/New Poll Worker Class/Address Information/Location"), findTestData("PollWorker - Classes").getValue("Location", row)): Text 'Civic Center' is set on object 'Object Repository/Admin Console ePulse Menu/Poll Workers/New Poll Worker Class/Address Information/Location'

2019-05-13 11:24:13 - [MESSAGE][PASSED] - Text 'Civic Center' is set on object 'Object Repository/Admin Console ePulse Menu/Poll Workers/New Poll Worker Class/Address Information/Location'

2019-05-13 11:24:13 - [TEST_STEP][PASSED] - delay(1): Delayed 1 second(s)

2019-05-13 11:24:14 - [MESSAGE][PASSED] - Delayed 1 second(s)

2019-05-13 11:24:14 - [TEST_STEP][PASSED] - doubleClick(findTestObject("Admin Console ePulse Menu/Poll Workers/New Poll Worker Class/Class Information/Date")): Object: 'Object Repository/Admin Console ePulse Menu/Poll Workers/New Poll Worker Class/Class Information/Date' is double clicked on

2019-05-13 11:24:14 - [MESSAGE][PASSED] - Object: 'Object Repository/Admin Console ePulse Menu/Poll Workers/New Poll Worker Class/Class Information/Date' is double clicked on

2019-05-13 11:24:14 - [TEST_STEP][PASSED] - delay(1): Delayed 1 second(s)

2019-05-13 11:24:15 - [MESSAGE][PASSED] - Delayed 1 second(s)

2019-05-13 11:24:15 - [TEST_STEP][PASSED] - setText(findTestObject("Admin Console ePulse Menu/Poll Workers/New Poll Worker Class/Class Information/Rate"), findTestData("PollWorker - Classes").getValue("Rate", row)): Text '11' is set on object 'Object Repository/Admin Console ePulse Menu/Poll Workers/New Poll Worker Class/Class Information/Rate'

2019-05-13 11:24:15 - [MESSAGE][PASSED] - Text '11' is set on object 'Object Repository/Admin Console ePulse Menu/Poll Workers/New Poll Worker Class/Class Information/Rate'

2019-05-13 11:24:15 - [TEST_STEP][PASSED] - delay(1): Delayed 1 second(s)

2019-05-13 11:24:16 - [MESSAGE][PASSED] - Delayed 1 second(s)

2019-05-13 11:24:16 - [TEST_STEP][PASSED] - setText(findTestObject("Admin Console ePulse Menu/Poll Workers/New Poll Worker Class/Class Information/Class Description"), findTestData("PollWorker - Classes").getValue("Descript", row)): Text 'Training Class Civic Center' is set on object 'Object Repository/Admin Console ePulse Menu/Poll Workers/New Poll Worker Class/Class Information/Class Description'

2019-05-13 11:24:16 - [MESSAGE][PASSED] - Text 'Training Class Civic Center' is set on object 'Object Repository/Admin Console ePulse Menu/Poll Workers/New Poll Worker Class/Class Information/Class Description'

2019-05-13 11:24:16 - [TEST_STEP][PASSED] - setText(findTestObject("Admin Console ePulse Menu/Poll Workers/New Poll Worker Class/Class Information/Name"), findTestData("PollWorker - Classes").getValue("Name", row)): Text 'Training Class2' is set on object 'Object Repository/Admin Console ePulse Menu/Poll Workers/New Poll Worker Class/Class Information/Name'

2019-05-13 11:24:16 - [MESSAGE][PASSED] - Text 'Training Class2' is set on object 'Object Repository/Admin Console ePulse Menu/Poll Workers/New Poll Worker Class/Class Information/Name'

2019-05-13 11:24:16 - [TEST_STEP][PASSED] - delay(1): Delayed 1 second(s)

2019-05-13 11:24:17 - [MESSAGE][PASSED] - Delayed 1 second(s)

2019-05-13 11:24:17 - [TEST_STEP][PASSED] - click(findTestObject("Admin Console ePulse Menu/Poll Workers/New Poll Worker Class/Address Information/Address Information dropdown")): Object: 'Object Repository/Admin Console ePulse Menu/Poll Workers/New Poll Worker Class/Address Information/Address Information dropdown' is clicked on

2019-05-13 11:24:18 - [MESSAGE][PASSED] - Object: 'Object Repository/Admin Console ePulse Menu/Poll Workers/New Poll Worker Class/Address Information/Address Information dropdown' is clicked on

2019-05-13 11:24:18 - [TEST_STEP][PASSED] - delay(1): Delayed 1 second(s)

2019-05-13 11:24:19 - [MESSAGE][PASSED] - Delayed 1 second(s)

2019-05-13 11:24:19 - [TEST_STEP][PASSED] - setText(findTestObject("Admin Console ePulse Menu/Poll Workers/New Poll Worker Class/Address Information/Address1"), findTestData("PollWorker - Classes").getValue("Address1", row)): Text '3479 Hillmont' is set on object 'Object Repository/Admin Console ePulse Menu/Poll Workers/New Poll Worker Class/Address Information/Address1'

2019-05-13 11:24:19 - [MESSAGE][PASSED] - Text '3479 Hillmont' is set on object 'Object Repository/Admin Console ePulse Menu/Poll Workers/New Poll Worker Class/Address Information/Address1'

2019-05-13 11:24:19 - [TEST_STEP][PASSED] - delay(1): Delayed 1 second(s)

2019-05-13 11:24:20 - [MESSAGE][PASSED] - Delayed 1 second(s)

2019-05-13 11:24:20 - [TEST_STEP][PASSED] - setText(findTestObject("Admin Console ePulse Menu/Poll Workers/New Poll Worker Class/Address Information/Address2"), findTestData("PollWorker - Classes").getValue("Address2", row)): Text 'Suite 302' is set on object 'Object Repository/Admin Console ePulse Menu/Poll Workers/New Poll Worker Class/Address Information/Address2'

2019-05-13 11:24:20 - [MESSAGE][PASSED] - Text 'Suite 302' is set on object 'Object Repository/Admin Console ePulse Menu/Poll Workers/New Poll Worker Class/Address Information/Address2'

2019-05-13 11:24:20 - [TEST_STEP][PASSED] - delay(1): Delayed 1 second(s)

2019-05-13 11:24:21 - [MESSAGE][PASSED] - Delayed 1 second(s)

2019-05-13 11:24:21 - [TEST_STEP][PASSED] - setText(findTestObject("Admin Console ePulse Menu/Poll Workers/New Poll Worker Class/Address Information/City"), findTestData("PollWorker - Classes").getValue("City", row)): Text 'Anywhere' is set on object 'Object Repository/Admin Console ePulse Menu/Poll Workers/New Poll Worker Class/Address Information/City'

2019-05-13 11:24:21 - [MESSAGE][PASSED] - Text 'Anywhere' is set on object 'Object Repository/Admin Console ePulse Menu/Poll Workers/New Poll Worker Class/Address Information/City'

2019-05-13 11:24:21 - [TEST_STEP][PASSED] - delay(1): Delayed 1 second(s)

2019-05-13 11:24:22 - [MESSAGE][PASSED] - Delayed 1 second(s)

2019-05-13 11:24:22 - [TEST_STEP][PASSED] - setText(findTestObject("Admin Console ePulse Menu/Poll Workers/New Poll Worker Class/Address Information/State"), findTestData("PollWorker - Classes").getValue("State", row)): Text 'US' is set on object 'Object Repository/Admin Console ePulse Menu/Poll Workers/New Poll Worker Class/Address Information/State'

2019-05-13 11:24:22 - [MESSAGE][PASSED] - Text 'US' is set on object 'Object Repository/Admin Console ePulse Menu/Poll Workers/New Poll Worker Class/Address Information/State'

2019-05-13 11:24:22 - [TEST_STEP][PASSED] - delay(1): Delayed 1 second(s)

2019-05-13 11:24:23 - [MESSAGE][PASSED] - Delayed 1 second(s)

2019-05-13 11:24:23 - [TEST_STEP][PASSED] - setText(findTestObject("Admin Console ePulse Menu/Poll Workers/New Poll Worker Class/Address Information/Zip"), findTestData("PollWorker - Classes").getValue("Zip", row)): Text '78474' is set on object 'Object Repository/Admin Console ePulse Menu/Poll Workers/New Poll Worker Class/Address Information/Zip'

2019-05-13 11:24:23 - [MESSAGE][PASSED] - Text '78474' is set on object 'Object Repository/Admin Console ePulse Menu/Poll Workers/New Poll Worker Class/Address Information/Zip'

2019-05-13 11:24:23 - [TEST_STEP][PASSED] - delay(1): Delayed 1 second(s)

2019-05-13 11:24:24 - [MESSAGE][PASSED] - Delayed 1 second(s)

2019-05-13 11:24:24 - [TEST_STEP][PASSED] - click(findTestObject("Admin Console ePulse Menu/Poll Workers/New Poll Worker Class/Submit")): Object: 'Object Repository/Admin Console ePulse Menu/Poll Workers/New Poll Worker Class/Submit' is clicked on

2019-05-13 11:24:25 - [MESSAGE][PASSED] - Object: 'Object Repository/Admin Console ePulse Menu/Poll Workers/New Poll Worker Class/Submit' is clicked on

2019-05-13 11:24:25 - [TEST_STEP][PASSED] - navigateToUrl(Poll_Workers_Classes_New): Navigate to 'https://am-automation-test.epulsedev2.com/poll_worker_classes/new' successfully

2019-05-13 11:24:26 - [MESSAGE][PASSED] - Navigate to 'https://am-automation-test.epulsedev2.com/poll_worker_classes/new' successfully

2019-05-13 11:24:26 - [TEST_STEP][PASSED] - click(findTestObject("Admin Console ePulse Menu/Poll Workers/New Poll Worker Class/Class Information/Class Information dropdown")): Object: 'Object Repository/Admin Console ePulse Menu/Poll Workers/New Poll Worker Class/Class Information/Class Information dropdown' is clicked on

2019-05-13 11:24:26 - [MESSAGE][PASSED] - Object: 'Object Repository/Admin Console ePulse Menu/Poll Workers/New Poll Worker Class/Class Information/Class Information dropdown' is clicked on

2019-05-13 11:24:26 - [TEST_STEP][PASSED] - delay(1): Delayed 1 second(s)

2019-05-13 11:24:27 - [MESSAGE][PASSED] - Delayed 1 second(s)

2019-05-13 11:24:27 - [TEST_STEP][PASSED] - setText(findTestObject("Admin Console ePulse Menu/Poll Workers/New Poll Worker Class/Class Information/Name"), findTestData("PollWorker - Classes").getValue("Name", row)): Text 'Training Class3' is set on object 'Object Repository/Admin Console ePulse Menu/Poll Workers/New Poll Worker Class/Class Information/Name'

2019-05-13 11:24:27 - [MESSAGE][PASSED] - Text 'Training Class3' is set on object 'Object Repository/Admin Console ePulse Menu/Poll Workers/New Poll Worker Class/Class Information/Name'

2019-05-13 11:24:27 - [TEST_STEP][PASSED] - delay(1): Delayed 1 second(s)

2019-05-13 11:24:28 - [MESSAGE][PASSED] - Delayed 1 second(s)

2019-05-13 11:24:28 - [TEST_STEP][PASSED] - setText(findTestObject("Admin Console ePulse Menu/Poll Workers/New Poll Worker Class/Class Information/Instructor"), findTestData("PollWorker - Classes").getValue("Instructor", row)): Text 'Jack Johnson3' is set on object 'Object Repository/Admin Console ePulse Menu/Poll Workers/New Poll Worker Class/Class Information/Instructor'

2019-05-13 11:24:28 - [MESSAGE][PASSED] - Text 'Jack Johnson3' is set on object 'Object Repository/Admin Console ePulse Menu/Poll Workers/New Poll Worker Class/Class Information/Instructor'

2019-05-13 11:24:28 - [TEST_STEP][PASSED] - delay(1): Delayed 1 second(s)

2019-05-13 11:24:29 - [MESSAGE][PASSED] - Delayed 1 second(s)

2019-05-13 11:24:29 - [TEST_STEP][PASSED] - setText(findTestObject("Admin Console ePulse Menu/Poll Workers/New Poll Worker Class/Address Information/Location"), findTestData("PollWorker - Classes").getValue("Location", row)): Text 'Civic Center' is set on object 'Object Repository/Admin Console ePulse Menu/Poll Workers/New Poll Worker Class/Address Information/Location'

2019-05-13 11:24:29 - [MESSAGE][PASSED] - Text 'Civic Center' is set on object 'Object Repository/Admin Console ePulse Menu/Poll Workers/New Poll Worker Class/Address Information/Location'

2019-05-13 11:24:29 - [TEST_STEP][PASSED] - delay(1): Delayed 1 second(s)

2019-05-13 11:24:30 - [MESSAGE][PASSED] - Delayed 1 second(s)

2019-05-13 11:24:30 - [TEST_STEP][PASSED] - doubleClick(findTestObject("Admin Console ePulse Menu/Poll Workers/New Poll Worker Class/Class Information/Date")): Object: 'Object Repository/Admin Console ePulse Menu/Poll Workers/New Poll Worker Class/Class Information/Date' is double clicked on

2019-05-13 11:24:30 - [MESSAGE][PASSED] - Object: 'Object Repository/Admin Console ePulse Menu/Poll Workers/New Poll Worker Class/Class Information/Date' is double clicked on

2019-05-13 11:24:30 - [TEST_STEP][PASSED] - delay(1): Delayed 1 second(s)

2019-05-13 11:24:31 - [MESSAGE][PASSED] - Delayed 1 second(s)

2019-05-13 11:24:31 - [TEST_STEP][PASSED] - setText(findTestObject("Admin Console ePulse Menu/Poll Workers/New Poll Worker Class/Class Information/Rate"), findTestData("PollWorker - Classes").getValue("Rate", row)): Text '12' is set on object 'Object Repository/Admin Console ePulse Menu/Poll Workers/New Poll Worker Class/Class Information/Rate'

2019-05-13 11:24:32 - [MESSAGE][PASSED] - Text '12' is set on object 'Object Repository/Admin Console ePulse Menu/Poll Workers/New Poll Worker Class/Class Information/Rate'

2019-05-13 11:24:32 - [TEST_STEP][PASSED] - delay(1): Delayed 1 second(s)

2019-05-13 11:24:33 - [MESSAGE][PASSED] - Delayed 1 second(s)

2019-05-13 11:24:33 - [TEST_STEP][PASSED] - setText(findTestObject("Admin Console ePulse Menu/Poll Workers/New Poll Worker Class/Class Information/Class Description"), findTestData("PollWorker - Classes").getValue("Descript", row)): Text 'Training Class Civic Center' is set on object 'Object Repository/Admin Console ePulse Menu/Poll Workers/New Poll Worker Class/Class Information/Class Description'

2019-05-13 11:24:33 - [MESSAGE][PASSED] - Text 'Training Class Civic Center' is set on object 'Object Repository/Admin Console ePulse Menu/Poll Workers/New Poll Worker Class/Class Information/Class Description'

2019-05-13 11:24:33 - [TEST_STEP][PASSED] - setText(findTestObject("Admin Console ePulse Menu/Poll Workers/New Poll Worker Class/Class Information/Name"), findTestData("PollWorker - Classes").getValue("Name", row)): Text 'Training Class3' is set on object 'Object Repository/Admin Console ePulse Menu/Poll Workers/New Poll Worker Class/Class Information/Name'

2019-05-13 11:24:33 - [MESSAGE][PASSED] - Text 'Training Class3' is set on object 'Object Repository/Admin Console ePulse Menu/Poll Workers/New Poll Worker Class/Class Information/Name'

2019-05-13 11:24:33 - [TEST_STEP][PASSED] - delay(1): Delayed 1 second(s)

2019-05-13 11:24:34 - [MESSAGE][PASSED] - Delayed 1 second(s)

2019-05-13 11:24:34 - [TEST_STEP][PASSED] - click(findTestObject("Admin Console ePulse Menu/Poll Workers/New Poll Worker Class/Address Information/Address Information dropdown")): Object: 'Object Repository/Admin Console ePulse Menu/Poll Workers/New Poll Worker Class/Address Information/Address Information dropdown' is clicked on

2019-05-13 11:24:34 - [MESSAGE][PASSED] - Object: 'Object Repository/Admin Console ePulse Menu/Poll Workers/New Poll Worker Class/Address Information/Address Information dropdown' is clicked on

2019-05-13 11:24:34 - [TEST_STEP][PASSED] - delay(1): Delayed 1 second(s)

2019-05-13 11:24:35 - [MESSAGE][PASSED] - Delayed 1 second(s)

2019-05-13 11:24:35 - [TEST_STEP][PASSED] - setText(findTestObject("Admin Console ePulse Menu/Poll Workers/New Poll Worker Class/Address Information/Address1"), findTestData("PollWorker - Classes").getValue("Address1", row)): Text '3480 Hillmont' is set on object 'Object Repository/Admin Console ePulse Menu/Poll Workers/New Poll Worker Class/Address Information/Address1'

2019-05-13 11:24:35 - [MESSAGE][PASSED] - Text '3480 Hillmont' is set on object 'Object Repository/Admin Console ePulse Menu/Poll Workers/New Poll Worker Class/Address Information/Address1'

2019-05-13 11:24:35 - [TEST_STEP][PASSED] - delay(1): Delayed 1 second(s)

2019-05-13 11:24:36 - [MESSAGE][PASSED] - Delayed 1 second(s)

2019-05-13 11:24:36 - [TEST_STEP][PASSED] - setText(findTestObject("Admin Console ePulse Menu/Poll Workers/New Poll Worker Class/Address Information/Address2"), findTestData("PollWorker - Classes").getValue("Address2", row)): Text 'Suite 303' is set on object 'Object Repository/Admin Console ePulse Menu/Poll Workers/New Poll Worker Class/Address Information/Address2'

2019-05-13 11:24:36 - [MESSAGE][PASSED] - Text 'Suite 303' is set on object 'Object Repository/Admin Console ePulse Menu/Poll Workers/New Poll Worker Class/Address Information/Address2'

2019-05-13 11:24:36 - [TEST_STEP][PASSED] - delay(1): Delayed 1 second(s)

2019-05-13 11:24:37 - [MESSAGE][PASSED] - Delayed 1 second(s)

2019-05-13 11:24:37 - [TEST_STEP][PASSED] - setText(findTestObject("Admin Console ePulse Menu/Poll Workers/New Poll Worker Class/Address Information/City"), findTestData("PollWorker - Classes").getValue("City", row)): Text 'Anywhere' is set on object 'Object Repository/Admin Console ePulse Menu/Poll Workers/New Poll Worker Class/Address Information/City'

2019-05-13 11:24:37 - [MESSAGE][PASSED] - Text 'Anywhere' is set on object 'Object Repository/Admin Console ePulse Menu/Poll Workers/New Poll Worker Class/Address Information/City'

2019-05-13 11:24:37 - [TEST_STEP][PASSED] - delay(1): Delayed 1 second(s)

2019-05-13 11:24:38 - [MESSAGE][PASSED] - Delayed 1 second(s)

2019-05-13 11:24:38 - [TEST_STEP][PASSED] - setText(findTestObject("Admin Console ePulse Menu/Poll Workers/New Poll Worker Class/Address Information/State"), findTestData("PollWorker - Classes").getValue("State", row)): Text 'US' is set on object 'Object Repository/Admin Console ePulse Menu/Poll Workers/New Poll Worker Class/Address Information/State'

2019-05-13 11:24:39 - [MESSAGE][PASSED] - Text 'US' is set on object 'Object Repository/Admin Console ePulse Menu/Poll Workers/New Poll Worker Class/Address Information/State'

2019-05-13 11:24:39 - [TEST_STEP][PASSED] - delay(1): Delayed 1 second(s)

2019-05-13 11:24:40 - [MESSAGE][PASSED] - Delayed 1 second(s)

2019-05-13 11:24:40 - [TEST_STEP][PASSED] - setText(findTestObject("Admin Console ePulse Menu/Poll Workers/New Poll Worker Class/Address Information/Zip"), findTestData("PollWorker - Classes").getValue("Zip", row)): Text '78475' is set on object 'Object Repository/Admin Console ePulse Menu/Poll Workers/New Poll Worker Class/Address Information/Zip'

2019-05-13 11:24:40 - [MESSAGE][PASSED] - Text '78475' is set on object 'Object Repository/Admin Console ePulse Menu/Poll Workers/New Poll Worker Class/Address Information/Zip'

2019-05-13 11:24:40 - [TEST_STEP][PASSED] - delay(1): Delayed 1 second(s)

2019-05-13 11:24:41 - [MESSAGE][PASSED] - Delayed 1 second(s)

2019-05-13 11:24:41 - [TEST_STEP][PASSED] - click(findTestObject("Admin Console ePulse Menu/Poll Workers/New Poll Worker Class/Submit")): Object: 'Object Repository/Admin Console ePulse Menu/Poll Workers/New Poll Worker Class/Submit' is clicked on

2019-05-13 11:24:42 - [MESSAGE][PASSED] - Object: 'Object Repository/Admin Console ePulse Menu/Poll Workers/New Poll Worker Class/Submit' is clicked on

2019-05-13 11:24:42 - [TEST_STEP][PASSED] - closeBrowser(): Browser is closed

2019-05-13 11:24:42 - [MESSAGE][PASSED] - Browser is closed]]></system-out>
         <system-err><![CDATA[]]></system-err>
      </testcase>
      <testcase name="Test Cases/Admin Console/Poll Workers-Election Officials()/POLL WORKER - ROLES" classname="Test Cases/Admin Console/Poll Workers-Election Officials()/POLL WORKER - ROLES" status="FAILED">
         <failure type="FAILED" message="Test Cases/Admin Console/Poll Workers-Election Officials()/POLL WORKER - ROLES FAILED.
Reason:
com.kms.katalon.core.exception.StepFailedException: Unable to set text (Root cause: java.lang.IllegalArgumentException: Object is null)
	at com.kms.katalon.core.keyword.internal.KeywordMain.stepFailed(KeywordMain.groovy:36)
	at com.kms.katalon.core.webui.keyword.internal.WebUIKeywordMain.stepFailed(WebUIKeywordMain.groovy:65)
	at com.kms.katalon.core.webui.keyword.internal.WebUIKeywordMain.runKeyword(WebUIKeywordMain.groovy:27)
	at com.kms.katalon.core.webui.keyword.builtin.SetTextKeyword.setText(SetTextKeyword.groovy:65)
	at com.kms.katalon.core.webui.keyword.builtin.SetTextKeyword.execute(SetTextKeyword.groovy:37)
	at com.kms.katalon.core.keyword.internal.KeywordExecutor.executeKeywordForPlatform(KeywordExecutor.groovy:53)
	at com.kms.katalon.core.webui.keyword.WebUiBuiltInKeywords.setText(WebUiBuiltInKeywords.groovy:950)
	at com.kms.katalon.core.webui.keyword.WebUiBuiltInKeywords$setText$1.call(Unknown Source)
	at POLL WORKER - ROLES.run(POLL WORKER - ROLES:39)
	at com.kms.katalon.core.main.ScriptEngine.run(ScriptEngine.java:194)
	at com.kms.katalon.core.main.ScriptEngine.runScriptAsRawText(ScriptEngine.java:119)
	at com.kms.katalon.core.main.TestCaseExecutor.runScript(TestCaseExecutor.java:328)
	at com.kms.katalon.core.main.TestCaseExecutor.doExecute(TestCaseExecutor.java:319)
	at com.kms.katalon.core.main.TestCaseExecutor.processExecutionPhase(TestCaseExecutor.java:298)
	at com.kms.katalon.core.main.TestCaseExecutor.accessMainPhase(TestCaseExecutor.java:290)
	at com.kms.katalon.core.main.TestCaseExecutor.execute(TestCaseExecutor.java:224)
	at com.kms.katalon.core.main.TestSuiteExecutor.accessTestCaseMainPhase(TestSuiteExecutor.java:129)
	at com.kms.katalon.core.main.TestSuiteExecutor.accessTestSuiteMainPhase(TestSuiteExecutor.java:112)
	at com.kms.katalon.core.main.TestSuiteExecutor.execute(TestSuiteExecutor.java:81)
	at com.kms.katalon.core.main.TestCaseMain.startTestSuite(TestCaseMain.java:149)
	at com.kms.katalon.core.main.TestCaseMain$startTestSuite$0.call(Unknown Source)
	at TempTestSuite1557763859677.run(TempTestSuite1557763859677.groovy:36)
"/>
         <system-out><![CDATA[2019-05-13 11:24:44 - [TEST_CASE][FAILED] - Test Cases/Admin Console/Poll Workers-Election Officials()/POLL WORKER - ROLES: Test Cases/Admin Console/Poll Workers-Election Officials()/POLL WORKER - ROLES FAILED.
Reason:
com.kms.katalon.core.exception.StepFailedException: Unable to set text (Root cause: java.lang.IllegalArgumentException: Object is null)
	at com.kms.katalon.core.keyword.internal.KeywordMain.stepFailed(KeywordMain.groovy:36)
	at com.kms.katalon.core.webui.keyword.internal.WebUIKeywordMain.stepFailed(WebUIKeywordMain.groovy:65)
	at com.kms.katalon.core.webui.keyword.internal.WebUIKeywordMain.runKeyword(WebUIKeywordMain.groovy:27)
	at com.kms.katalon.core.webui.keyword.builtin.SetTextKeyword.setText(SetTextKeyword.groovy:65)
	at com.kms.katalon.core.webui.keyword.builtin.SetTextKeyword.execute(SetTextKeyword.groovy:37)
	at com.kms.katalon.core.keyword.internal.KeywordExecutor.executeKeywordForPlatform(KeywordExecutor.groovy:53)
	at com.kms.katalon.core.webui.keyword.WebUiBuiltInKeywords.setText(WebUiBuiltInKeywords.groovy:950)
	at com.kms.katalon.core.webui.keyword.WebUiBuiltInKeywords$setText$1.call(Unknown Source)
	at POLL WORKER - ROLES.run(POLL WORKER - ROLES:39)
	at com.kms.katalon.core.main.ScriptEngine.run(ScriptEngine.java:194)
	at com.kms.katalon.core.main.ScriptEngine.runScriptAsRawText(ScriptEngine.java:119)
	at com.kms.katalon.core.main.TestCaseExecutor.runScript(TestCaseExecutor.java:328)
	at com.kms.katalon.core.main.TestCaseExecutor.doExecute(TestCaseExecutor.java:319)
	at com.kms.katalon.core.main.TestCaseExecutor.processExecutionPhase(TestCaseExecutor.java:298)
	at com.kms.katalon.core.main.TestCaseExecutor.accessMainPhase(TestCaseExecutor.java:290)
	at com.kms.katalon.core.main.TestCaseExecutor.execute(TestCaseExecutor.java:224)
	at com.kms.katalon.core.main.TestSuiteExecutor.accessTestCaseMainPhase(TestSuiteExecutor.java:129)
	at com.kms.katalon.core.main.TestSuiteExecutor.accessTestSuiteMainPhase(TestSuiteExecutor.java:112)
	at com.kms.katalon.core.main.TestSuiteExecutor.execute(TestSuiteExecutor.java:81)
	at com.kms.katalon.core.main.TestCaseMain.startTestSuite(TestCaseMain.java:149)
	at com.kms.katalon.core.main.TestCaseMain$startTestSuite$0.call(Unknown Source)
	at TempTestSuite1557763859677.run(TempTestSuite1557763859677.groovy:36)


2019-05-13 11:24:44 - [TEST_STEP][PASSED] - openBrowser(""): Browser is opened with url: ''

2019-05-13 11:24:44 - [MESSAGE][INFO] - Starting 'Chrome' driver

2019-05-13 11:24:45 - [MESSAGE][PASSED] - Browser is opened with url: ''

2019-05-13 11:24:45 - [TEST_STEP][PASSED] - navigateToUrl(URL): Navigate to 'https://epulsedev2.com' successfully

2019-05-13 11:24:47 - [MESSAGE][PASSED] - Navigate to 'https://epulsedev2.com' successfully

2019-05-13 11:24:47 - [TEST_STEP][PASSED] - setText(findTestObject("Login/Email Address"), User_email): Text 'alonzo.mack@knowink.com' is set on object 'Object Repository/Login/Email Address'

2019-05-13 11:24:48 - [MESSAGE][PASSED] - Text 'alonzo.mack@knowink.com' is set on object 'Object Repository/Login/Email Address'

2019-05-13 11:24:48 - [TEST_STEP][PASSED] - setEncryptedText(findTestObject("Login/Password"), Pswrd): Text ****** has been set on object 'Object Repository/Login/Password'

2019-05-13 11:24:48 - [MESSAGE][PASSED] - Text ****** has been set on object 'Object Repository/Login/Password'

2019-05-13 11:24:48 - [TEST_STEP][PASSED] - click(findTestObject("Login/Sign In")): Object: 'Object Repository/Login/Sign In' is clicked on

2019-05-13 11:24:49 - [MESSAGE][PASSED] - Object: 'Object Repository/Login/Sign In' is clicked on

2019-05-13 11:24:49 - [TEST_STEP][FAILED] - setText(findTestObject(null), ""): setText(findTestObject(null), "") FAILED.
Reason:
com.kms.katalon.core.exception.StepFailedException: Unable to set text (Root cause: java.lang.IllegalArgumentException: Object is null)
	at com.kms.katalon.core.keyword.internal.KeywordMain.stepFailed(KeywordMain.groovy:36)
	at com.kms.katalon.core.webui.keyword.internal.WebUIKeywordMain.stepFailed(WebUIKeywordMain.groovy:65)
	at com.kms.katalon.core.webui.keyword.internal.WebUIKeywordMain.runKeyword(WebUIKeywordMain.groovy:27)
	at com.kms.katalon.core.webui.keyword.builtin.SetTextKeyword.setText(SetTextKeyword.groovy:65)
	at com.kms.katalon.core.webui.keyword.builtin.SetTextKeyword.execute(SetTextKeyword.groovy:37)
	at com.kms.katalon.core.keyword.internal.KeywordExecutor.executeKeywordForPlatform(KeywordExecutor.groovy:53)
	at com.kms.katalon.core.webui.keyword.WebUiBuiltInKeywords.setText(WebUiBuiltInKeywords.groovy:950)
	at com.kms.katalon.core.webui.keyword.WebUiBuiltInKeywords$setText$1.call(Unknown Source)
	at POLL WORKER - ROLES.run(POLL WORKER - ROLES:39)
	at com.kms.katalon.core.main.ScriptEngine.run(ScriptEngine.java:194)
	at com.kms.katalon.core.main.ScriptEngine.runScriptAsRawText(ScriptEngine.java:119)
	at com.kms.katalon.core.main.TestCaseExecutor.runScript(TestCaseExecutor.java:328)
	at com.kms.katalon.core.main.TestCaseExecutor.doExecute(TestCaseExecutor.java:319)
	at com.kms.katalon.core.main.TestCaseExecutor.processExecutionPhase(TestCaseExecutor.java:298)
	at com.kms.katalon.core.main.TestCaseExecutor.accessMainPhase(TestCaseExecutor.java:290)
	at com.kms.katalon.core.main.TestCaseExecutor.execute(TestCaseExecutor.java:224)
	at com.kms.katalon.core.main.TestSuiteExecutor.accessTestCaseMainPhase(TestSuiteExecutor.java:129)
	at com.kms.katalon.core.main.TestSuiteExecutor.accessTestSuiteMainPhase(TestSuiteExecutor.java:112)
	at com.kms.katalon.core.main.TestSuiteExecutor.execute(TestSuiteExecutor.java:81)
	at com.kms.katalon.core.main.TestCaseMain.startTestSuite(TestCaseMain.java:149)
	at com.kms.katalon.core.main.TestCaseMain$startTestSuite$0.call(Unknown Source)
	at TempTestSuite1557763859677.run(TempTestSuite1557763859677.groovy:36)


2019-05-13 11:24:49 - [MESSAGE][WARNING] - Test object id is null

2019-05-13 11:24:49 - [MESSAGE][WARNING] - Test object with id 'Object Repository/' does not exist

2019-05-13 11:24:49 - [MESSAGE][FAILED] - Unable to set text (Root cause: java.lang.IllegalArgumentException: Object is null)
[[ATTACHMENT|/Users/alonzomack/Katalon Studio/Regression/Reports/dev_staging smoketest/20190513_111059/1557764689066.png]]

2019-05-13 11:24:49 - [MESSAGE][FAILED] - setText(findTestObject(null), "") FAILED.
Reason:
com.kms.katalon.core.exception.StepFailedException: Unable to set text (Root cause: java.lang.IllegalArgumentException: Object is null)
	at com.kms.katalon.core.keyword.internal.KeywordMain.stepFailed(KeywordMain.groovy:36)
	at com.kms.katalon.core.webui.keyword.internal.WebUIKeywordMain.stepFailed(WebUIKeywordMain.groovy:65)
	at com.kms.katalon.core.webui.keyword.internal.WebUIKeywordMain.runKeyword(WebUIKeywordMain.groovy:27)
	at com.kms.katalon.core.webui.keyword.builtin.SetTextKeyword.setText(SetTextKeyword.groovy:65)
	at com.kms.katalon.core.webui.keyword.builtin.SetTextKeyword.execute(SetTextKeyword.groovy:37)
	at com.kms.katalon.core.keyword.internal.KeywordExecutor.executeKeywordForPlatform(KeywordExecutor.groovy:53)
	at com.kms.katalon.core.webui.keyword.WebUiBuiltInKeywords.setText(WebUiBuiltInKeywords.groovy:950)
	at com.kms.katalon.core.webui.keyword.WebUiBuiltInKeywords$setText$1.call(Unknown Source)
	at POLL WORKER - ROLES.run(POLL WORKER - ROLES:39)
	at com.kms.katalon.core.main.ScriptEngine.run(ScriptEngine.java:194)
	at com.kms.katalon.core.main.ScriptEngine.runScriptAsRawText(ScriptEngine.java:119)
	at com.kms.katalon.core.main.TestCaseExecutor.runScript(TestCaseExecutor.java:328)
	at com.kms.katalon.core.main.TestCaseExecutor.doExecute(TestCaseExecutor.java:319)
	at com.kms.katalon.core.main.TestCaseExecutor.processExecutionPhase(TestCaseExecutor.java:298)
	at com.kms.katalon.core.main.TestCaseExecutor.accessMainPhase(TestCaseExecutor.java:290)
	at com.kms.katalon.core.main.TestCaseExecutor.execute(TestCaseExecutor.java:224)
	at com.kms.katalon.core.main.TestSuiteExecutor.accessTestCaseMainPhase(TestSuiteExecutor.java:129)
	at com.kms.katalon.core.main.TestSuiteExecutor.accessTestSuiteMainPhase(TestSuiteExecutor.java:112)
	at com.kms.katalon.core.main.TestSuiteExecutor.execute(TestSuiteExecutor.java:81)
	at com.kms.katalon.core.main.TestCaseMain.startTestSuite(TestCaseMain.java:149)
	at com.kms.katalon.core.main.TestCaseMain$startTestSuite$0.call(Unknown Source)
	at TempTestSuite1557763859677.run(TempTestSuite1557763859677.groovy:36)]]></system-out>
         <system-err><![CDATA[2019-05-13 11:24:44 - [TEST_CASE][FAILED] - Test Cases/Admin Console/Poll Workers-Election Officials()/POLL WORKER - ROLES: Test Cases/Admin Console/Poll Workers-Election Officials()/POLL WORKER - ROLES FAILED.
Reason:
com.kms.katalon.core.exception.StepFailedException: Unable to set text (Root cause: java.lang.IllegalArgumentException: Object is null)
	at com.kms.katalon.core.keyword.internal.KeywordMain.stepFailed(KeywordMain.groovy:36)
	at com.kms.katalon.core.webui.keyword.internal.WebUIKeywordMain.stepFailed(WebUIKeywordMain.groovy:65)
	at com.kms.katalon.core.webui.keyword.internal.WebUIKeywordMain.runKeyword(WebUIKeywordMain.groovy:27)
	at com.kms.katalon.core.webui.keyword.builtin.SetTextKeyword.setText(SetTextKeyword.groovy:65)
	at com.kms.katalon.core.webui.keyword.builtin.SetTextKeyword.execute(SetTextKeyword.groovy:37)
	at com.kms.katalon.core.keyword.internal.KeywordExecutor.executeKeywordForPlatform(KeywordExecutor.groovy:53)
	at com.kms.katalon.core.webui.keyword.WebUiBuiltInKeywords.setText(WebUiBuiltInKeywords.groovy:950)
	at com.kms.katalon.core.webui.keyword.WebUiBuiltInKeywords$setText$1.call(Unknown Source)
	at POLL WORKER - ROLES.run(POLL WORKER - ROLES:39)
	at com.kms.katalon.core.main.ScriptEngine.run(ScriptEngine.java:194)
	at com.kms.katalon.core.main.ScriptEngine.runScriptAsRawText(ScriptEngine.java:119)
	at com.kms.katalon.core.main.TestCaseExecutor.runScript(TestCaseExecutor.java:328)
	at com.kms.katalon.core.main.TestCaseExecutor.doExecute(TestCaseExecutor.java:319)
	at com.kms.katalon.core.main.TestCaseExecutor.processExecutionPhase(TestCaseExecutor.java:298)
	at com.kms.katalon.core.main.TestCaseExecutor.accessMainPhase(TestCaseExecutor.java:290)
	at com.kms.katalon.core.main.TestCaseExecutor.execute(TestCaseExecutor.java:224)
	at com.kms.katalon.core.main.TestSuiteExecutor.accessTestCaseMainPhase(TestSuiteExecutor.java:129)
	at com.kms.katalon.core.main.TestSuiteExecutor.accessTestSuiteMainPhase(TestSuiteExecutor.java:112)
	at com.kms.katalon.core.main.TestSuiteExecutor.execute(TestSuiteExecutor.java:81)
	at com.kms.katalon.core.main.TestCaseMain.startTestSuite(TestCaseMain.java:149)
	at com.kms.katalon.core.main.TestCaseMain$startTestSuite$0.call(Unknown Source)
	at TempTestSuite1557763859677.run(TempTestSuite1557763859677.groovy:36)]]></system-err>
      </testcase>
      <testcase name="Test Cases/Admin Console/Poll Workers-Election Officials()/Poll Workers - Manage - ADD" classname="Test Cases/Admin Console/Poll Workers-Election Officials()/Poll Workers - Manage - ADD" status="PASSED">
         <system-out><![CDATA[2019-05-13 11:24:51 - [TEST_CASE][PASSED] - Test Cases/Admin Console/Poll Workers-Election Officials()/Poll Workers - Manage - ADD: Test Cases/Admin Console/Poll Workers-Election Officials()/Poll Workers - Manage - ADD

2019-05-13 11:24:51 - [TEST_STEP][PASSED] - openBrowser(""): Browser is opened with url: ''

2019-05-13 11:24:51 - [MESSAGE][WARNING] - A browser is already opened. Closing browser and opening a new one

2019-05-13 11:24:51 - [MESSAGE][INFO] - Starting 'Chrome' driver

2019-05-13 11:24:52 - [MESSAGE][PASSED] - Browser is opened with url: ''

2019-05-13 11:24:52 - [TEST_STEP][PASSED] - navigateToUrl(URL): Navigate to 'https://epulsedev2.com' successfully

2019-05-13 11:24:55 - [MESSAGE][PASSED] - Navigate to 'https://epulsedev2.com' successfully

2019-05-13 11:24:55 - [TEST_STEP][PASSED] - setText(findTestObject("Login/Email Address"), User_email): Text 'alonzo.mack@knowink.com' is set on object 'Object Repository/Login/Email Address'

2019-05-13 11:24:55 - [MESSAGE][PASSED] - Text 'alonzo.mack@knowink.com' is set on object 'Object Repository/Login/Email Address'

2019-05-13 11:24:55 - [TEST_STEP][PASSED] - setEncryptedText(findTestObject("Login/Password"), Pswrd): Text ****** has been set on object 'Object Repository/Login/Password'

2019-05-13 11:24:55 - [MESSAGE][PASSED] - Text ****** has been set on object 'Object Repository/Login/Password'

2019-05-13 11:24:55 - [TEST_STEP][PASSED] - click(findTestObject("Login/Sign In")): Object: 'Object Repository/Login/Sign In' is clicked on

2019-05-13 11:24:56 - [MESSAGE][PASSED] - Object: 'Object Repository/Login/Sign In' is clicked on

2019-05-13 11:24:56 - [TEST_STEP][PASSED] - delay(1): Delayed 1 second(s)

2019-05-13 11:24:57 - [MESSAGE][PASSED] - Delayed 1 second(s)

2019-05-13 11:24:57 - [TEST_STEP][PASSED] - for ([row = 1, row <= findTestData("PollWorker - Add").getRowNumbers(), (row++)]): Delayed 1 second(s)

2019-05-13 11:24:57 - [TEST_STEP][PASSED] - navigateToUrl(Poll_Workers): Navigate to 'https://am-automation-test.epulsedev2.com/poll_workers' successfully

2019-05-13 11:24:58 - [MESSAGE][PASSED] - Navigate to 'https://am-automation-test.epulsedev2.com/poll_workers' successfully

2019-05-13 11:24:58 - [TEST_STEP][PASSED] - delay(1): Delayed 1 second(s)

2019-05-13 11:24:59 - [MESSAGE][PASSED] - Delayed 1 second(s)

2019-05-13 11:24:59 - [TEST_STEP][PASSED] - click(findTestObject("Admin Console ePulse Menu/Poll Workers/Poll Workers - Manage Page/Poll Workers (Actions Options)/Actions")): Object: 'Object Repository/Admin Console ePulse Menu/Poll Workers/Poll Workers - Manage Page/Poll Workers (Actions Options)/Actions' is clicked on

2019-05-13 11:24:59 - [MESSAGE][PASSED] - Object: 'Object Repository/Admin Console ePulse Menu/Poll Workers/Poll Workers - Manage Page/Poll Workers (Actions Options)/Actions' is clicked on

2019-05-13 11:24:59 - [TEST_STEP][PASSED] - delay(1): Delayed 1 second(s)

2019-05-13 11:25:00 - [MESSAGE][PASSED] - Delayed 1 second(s)

2019-05-13 11:25:00 - [TEST_STEP][PASSED] - click(findTestObject("Admin Console ePulse Menu/Poll Workers/Poll Workers - Manage Page/Poll Workers (Actions Options)/Add Poll Worker")): Object: 'Object Repository/Admin Console ePulse Menu/Poll Workers/Poll Workers - Manage Page/Poll Workers (Actions Options)/Add Poll Worker' is clicked on

2019-05-13 11:25:01 - [MESSAGE][PASSED] - Object: 'Object Repository/Admin Console ePulse Menu/Poll Workers/Poll Workers - Manage Page/Poll Workers (Actions Options)/Add Poll Worker' is clicked on

2019-05-13 11:25:01 - [TEST_STEP][PASSED] - delay(1): Delayed 1 second(s)

2019-05-13 11:25:02 - [MESSAGE][PASSED] - Delayed 1 second(s)

2019-05-13 11:25:02 - [TEST_STEP][PASSED] - click(findTestObject("Admin Console ePulse Menu/Poll Workers/Poll Workers - Manage Page/New Poll Worker/Personal Information/Personal Information dropdown")): Object: 'Object Repository/Admin Console ePulse Menu/Poll Workers/Poll Workers - Manage Page/New Poll Worker/Personal Information/Personal Information dropdown' is clicked on

2019-05-13 11:25:02 - [MESSAGE][PASSED] - Object: 'Object Repository/Admin Console ePulse Menu/Poll Workers/Poll Workers - Manage Page/New Poll Worker/Personal Information/Personal Information dropdown' is clicked on

2019-05-13 11:25:02 - [TEST_STEP][PASSED] - delay(1): Delayed 1 second(s)

2019-05-13 11:25:03 - [MESSAGE][PASSED] - Delayed 1 second(s)

2019-05-13 11:25:03 - [TEST_STEP][PASSED] - setText(findTestObject("Admin Console ePulse Menu/Poll Workers/Poll Workers - Manage Page/New Poll Worker/Personal Information/input_First Name"), findTestData("PollWorker - Add").getValue("FirstName", row)): Text 'Black' is set on object 'Object Repository/Admin Console ePulse Menu/Poll Workers/Poll Workers - Manage Page/New Poll Worker/Personal Information/input_First Name'

2019-05-13 11:25:04 - [MESSAGE][PASSED] - Text 'Black' is set on object 'Object Repository/Admin Console ePulse Menu/Poll Workers/Poll Workers - Manage Page/New Poll Worker/Personal Information/input_First Name'

2019-05-13 11:25:04 - [TEST_STEP][PASSED] - delay(1): Delayed 1 second(s)

2019-05-13 11:25:05 - [MESSAGE][PASSED] - Delayed 1 second(s)

2019-05-13 11:25:05 - [TEST_STEP][PASSED] - setText(findTestObject("Admin Console ePulse Menu/Poll Workers/Poll Workers - Manage Page/New Poll Worker/Personal Information/input_Middle Name"), findTestData("PollWorker - Add").getValue("MiddleName", row)): Text 'Jack' is set on object 'Object Repository/Admin Console ePulse Menu/Poll Workers/Poll Workers - Manage Page/New Poll Worker/Personal Information/input_Middle Name'

2019-05-13 11:25:05 - [MESSAGE][PASSED] - Text 'Jack' is set on object 'Object Repository/Admin Console ePulse Menu/Poll Workers/Poll Workers - Manage Page/New Poll Worker/Personal Information/input_Middle Name'

2019-05-13 11:25:05 - [TEST_STEP][PASSED] - delay(1): Delayed 1 second(s)

2019-05-13 11:25:06 - [MESSAGE][PASSED] - Delayed 1 second(s)

2019-05-13 11:25:06 - [TEST_STEP][PASSED] - setText(findTestObject("Admin Console ePulse Menu/Poll Workers/Poll Workers - Manage Page/New Poll Worker/Personal Information/input_Last Name"), findTestData("PollWorker - Add").getValue("LastName", row)): Text 'Johnson' is set on object 'Object Repository/Admin Console ePulse Menu/Poll Workers/Poll Workers - Manage Page/New Poll Worker/Personal Information/input_Last Name'

2019-05-13 11:25:06 - [MESSAGE][PASSED] - Text 'Johnson' is set on object 'Object Repository/Admin Console ePulse Menu/Poll Workers/Poll Workers - Manage Page/New Poll Worker/Personal Information/input_Last Name'

2019-05-13 11:25:06 - [TEST_STEP][PASSED] - delay(1): Delayed 1 second(s)

2019-05-13 11:25:07 - [MESSAGE][PASSED] - Delayed 1 second(s)

2019-05-13 11:25:07 - [TEST_STEP][PASSED] - click(findTestObject("Admin Console ePulse Menu/Poll Workers/Poll Workers - Manage Page/New Poll Worker/Personal Information/Party Select/Select DEM")): Object: 'Object Repository/Admin Console ePulse Menu/Poll Workers/Poll Workers - Manage Page/New Poll Worker/Personal Information/Party Select/Select DEM' is clicked on

2019-05-13 11:25:07 - [MESSAGE][PASSED] - Object: 'Object Repository/Admin Console ePulse Menu/Poll Workers/Poll Workers - Manage Page/New Poll Worker/Personal Information/Party Select/Select DEM' is clicked on

2019-05-13 11:25:07 - [TEST_STEP][PASSED] - delay(1): Delayed 1 second(s)

2019-05-13 11:25:08 - [MESSAGE][PASSED] - Delayed 1 second(s)

2019-05-13 11:25:08 - [TEST_STEP][PASSED] - click(findTestObject("Admin Console ePulse Menu/Poll Workers/Poll Workers - Manage Page/New Poll Worker/Personal Information/Status Select/Select Active")): Object: 'Object Repository/Admin Console ePulse Menu/Poll Workers/Poll Workers - Manage Page/New Poll Worker/Personal Information/Status Select/Select Active' is clicked on

2019-05-13 11:25:08 - [MESSAGE][PASSED] - Object: 'Object Repository/Admin Console ePulse Menu/Poll Workers/Poll Workers - Manage Page/New Poll Worker/Personal Information/Status Select/Select Active' is clicked on

2019-05-13 11:25:08 - [TEST_STEP][PASSED] - delay(1): Delayed 1 second(s)

2019-05-13 11:25:09 - [MESSAGE][PASSED] - Delayed 1 second(s)

2019-05-13 11:25:09 - [TEST_STEP][PASSED] - click(findTestObject("Admin Console ePulse Menu/Poll Workers/Poll Workers - Manage Page/New Poll Worker/Poll Pad Login/Poll Pad Login Dropdown")): Object: 'Object Repository/Admin Console ePulse Menu/Poll Workers/Poll Workers - Manage Page/New Poll Worker/Poll Pad Login/Poll Pad Login Dropdown' is clicked on

2019-05-13 11:25:09 - [MESSAGE][PASSED] - Object: 'Object Repository/Admin Console ePulse Menu/Poll Workers/Poll Workers - Manage Page/New Poll Worker/Poll Pad Login/Poll Pad Login Dropdown' is clicked on

2019-05-13 11:25:09 - [TEST_STEP][PASSED] - delay(1): Delayed 1 second(s)

2019-05-13 11:25:10 - [MESSAGE][PASSED] - Delayed 1 second(s)

2019-05-13 11:25:10 - [TEST_STEP][PASSED] - setText(findTestObject("Admin Console ePulse Menu/Poll Workers/Poll Workers - Manage Page/New Poll Worker/Poll Pad Login/input_Username"), findTestData("PollWorker - Add").getValue("UserName", row)): Text 'PW_1' is set on object 'Object Repository/Admin Console ePulse Menu/Poll Workers/Poll Workers - Manage Page/New Poll Worker/Poll Pad Login/input_Username'

2019-05-13 11:25:10 - [MESSAGE][PASSED] - Text 'PW_1' is set on object 'Object Repository/Admin Console ePulse Menu/Poll Workers/Poll Workers - Manage Page/New Poll Worker/Poll Pad Login/input_Username'

2019-05-13 11:25:10 - [TEST_STEP][PASSED] - delay(1): Delayed 1 second(s)

2019-05-13 11:25:11 - [MESSAGE][PASSED] - Delayed 1 second(s)

2019-05-13 11:25:11 - [TEST_STEP][PASSED] - selectOptionByValue(findTestObject("Admin Console ePulse Menu/Poll Workers/Poll Workers - Manage Page/New Poll Worker/Poll Pad Login/Select Poll Worker Type"), "0", false): All options with value '0' are selected in object 'Object Repository/Admin Console ePulse Menu/Poll Workers/Poll Workers - Manage Page/New Poll Worker/Poll Pad Login/Select Poll Worker Type' 

2019-05-13 11:25:11 - [MESSAGE][PASSED] - All options with value '0' are selected in object 'Object Repository/Admin Console ePulse Menu/Poll Workers/Poll Workers - Manage Page/New Poll Worker/Poll Pad Login/Select Poll Worker Type' 

2019-05-13 11:25:11 - [TEST_STEP][PASSED] - setText(findTestObject("Admin Console ePulse Menu/Poll Workers/Poll Workers - Manage Page/New Poll Worker/Poll Pad Login/input_Password"), findTestData("PollWorker - Add").getValue("Password1", row)): Text 'Qwerty1!' is set on object 'Object Repository/Admin Console ePulse Menu/Poll Workers/Poll Workers - Manage Page/New Poll Worker/Poll Pad Login/input_Password'

2019-05-13 11:25:11 - [MESSAGE][PASSED] - Text 'Qwerty1!' is set on object 'Object Repository/Admin Console ePulse Menu/Poll Workers/Poll Workers - Manage Page/New Poll Worker/Poll Pad Login/input_Password'

2019-05-13 11:25:11 - [TEST_STEP][PASSED] - delay(1): Delayed 1 second(s)

2019-05-13 11:25:12 - [MESSAGE][PASSED] - Delayed 1 second(s)

2019-05-13 11:25:12 - [TEST_STEP][PASSED] - setText(findTestObject("Admin Console ePulse Menu/Poll Workers/Poll Workers - Manage Page/New Poll Worker/Poll Pad Login/input_Confirm Password"), findTestData("PollWorker - Add").getValue("Password2", row)): Text 'Qwerty1!' is set on object 'Object Repository/Admin Console ePulse Menu/Poll Workers/Poll Workers - Manage Page/New Poll Worker/Poll Pad Login/input_Confirm Password'

2019-05-13 11:25:12 - [MESSAGE][PASSED] - Text 'Qwerty1!' is set on object 'Object Repository/Admin Console ePulse Menu/Poll Workers/Poll Workers - Manage Page/New Poll Worker/Poll Pad Login/input_Confirm Password'

2019-05-13 11:25:12 - [TEST_STEP][PASSED] - delay(1): Delayed 1 second(s)

2019-05-13 11:25:14 - [MESSAGE][PASSED] - Delayed 1 second(s)

2019-05-13 11:25:14 - [TEST_STEP][PASSED] - click(findTestObject("Admin Console ePulse Menu/Poll Workers/Poll Workers - Manage Page/New Poll Worker/Submit Poll Worker")): Object: 'Object Repository/Admin Console ePulse Menu/Poll Workers/Poll Workers - Manage Page/New Poll Worker/Submit Poll Worker' is clicked on

2019-05-13 11:25:15 - [MESSAGE][PASSED] - Object: 'Object Repository/Admin Console ePulse Menu/Poll Workers/Poll Workers - Manage Page/New Poll Worker/Submit Poll Worker' is clicked on

2019-05-13 11:25:15 - [TEST_STEP][PASSED] - delay(1): Delayed 1 second(s)

2019-05-13 11:25:16 - [MESSAGE][PASSED] - Delayed 1 second(s)

2019-05-13 11:25:16 - [TEST_STEP][PASSED] - navigateToUrl(Poll_Workers): Navigate to 'https://am-automation-test.epulsedev2.com/poll_workers' successfully

2019-05-13 11:25:17 - [MESSAGE][PASSED] - Navigate to 'https://am-automation-test.epulsedev2.com/poll_workers' successfully

2019-05-13 11:25:17 - [TEST_STEP][PASSED] - delay(1): Delayed 1 second(s)

2019-05-13 11:25:18 - [MESSAGE][PASSED] - Delayed 1 second(s)

2019-05-13 11:25:18 - [TEST_STEP][PASSED] - click(findTestObject("Admin Console ePulse Menu/Poll Workers/Poll Workers - Manage Page/Poll Workers (Actions Options)/Actions")): Object: 'Object Repository/Admin Console ePulse Menu/Poll Workers/Poll Workers - Manage Page/Poll Workers (Actions Options)/Actions' is clicked on

2019-05-13 11:25:18 - [MESSAGE][PASSED] - Object: 'Object Repository/Admin Console ePulse Menu/Poll Workers/Poll Workers - Manage Page/Poll Workers (Actions Options)/Actions' is clicked on

2019-05-13 11:25:18 - [TEST_STEP][PASSED] - delay(1): Delayed 1 second(s)

2019-05-13 11:25:19 - [MESSAGE][PASSED] - Delayed 1 second(s)

2019-05-13 11:25:19 - [TEST_STEP][PASSED] - click(findTestObject("Admin Console ePulse Menu/Poll Workers/Poll Workers - Manage Page/Poll Workers (Actions Options)/Add Poll Worker")): Object: 'Object Repository/Admin Console ePulse Menu/Poll Workers/Poll Workers - Manage Page/Poll Workers (Actions Options)/Add Poll Worker' is clicked on

2019-05-13 11:25:19 - [MESSAGE][PASSED] - Object: 'Object Repository/Admin Console ePulse Menu/Poll Workers/Poll Workers - Manage Page/Poll Workers (Actions Options)/Add Poll Worker' is clicked on

2019-05-13 11:25:19 - [TEST_STEP][PASSED] - delay(1): Delayed 1 second(s)

2019-05-13 11:25:20 - [MESSAGE][PASSED] - Delayed 1 second(s)

2019-05-13 11:25:20 - [TEST_STEP][PASSED] - click(findTestObject("Admin Console ePulse Menu/Poll Workers/Poll Workers - Manage Page/New Poll Worker/Personal Information/Personal Information dropdown")): Object: 'Object Repository/Admin Console ePulse Menu/Poll Workers/Poll Workers - Manage Page/New Poll Worker/Personal Information/Personal Information dropdown' is clicked on

2019-05-13 11:25:21 - [MESSAGE][PASSED] - Object: 'Object Repository/Admin Console ePulse Menu/Poll Workers/Poll Workers - Manage Page/New Poll Worker/Personal Information/Personal Information dropdown' is clicked on

2019-05-13 11:25:21 - [TEST_STEP][PASSED] - delay(1): Delayed 1 second(s)

2019-05-13 11:25:22 - [MESSAGE][PASSED] - Delayed 1 second(s)

2019-05-13 11:25:22 - [TEST_STEP][PASSED] - setText(findTestObject("Admin Console ePulse Menu/Poll Workers/Poll Workers - Manage Page/New Poll Worker/Personal Information/input_First Name"), findTestData("PollWorker - Add").getValue("FirstName", row)): Text 'Black1' is set on object 'Object Repository/Admin Console ePulse Menu/Poll Workers/Poll Workers - Manage Page/New Poll Worker/Personal Information/input_First Name'

2019-05-13 11:25:22 - [MESSAGE][PASSED] - Text 'Black1' is set on object 'Object Repository/Admin Console ePulse Menu/Poll Workers/Poll Workers - Manage Page/New Poll Worker/Personal Information/input_First Name'

2019-05-13 11:25:22 - [TEST_STEP][PASSED] - delay(1): Delayed 1 second(s)

2019-05-13 11:25:23 - [MESSAGE][PASSED] - Delayed 1 second(s)

2019-05-13 11:25:23 - [TEST_STEP][PASSED] - setText(findTestObject("Admin Console ePulse Menu/Poll Workers/Poll Workers - Manage Page/New Poll Worker/Personal Information/input_Middle Name"), findTestData("PollWorker - Add").getValue("MiddleName", row)): Text 'Jack1' is set on object 'Object Repository/Admin Console ePulse Menu/Poll Workers/Poll Workers - Manage Page/New Poll Worker/Personal Information/input_Middle Name'

2019-05-13 11:25:23 - [MESSAGE][PASSED] - Text 'Jack1' is set on object 'Object Repository/Admin Console ePulse Menu/Poll Workers/Poll Workers - Manage Page/New Poll Worker/Personal Information/input_Middle Name'

2019-05-13 11:25:23 - [TEST_STEP][PASSED] - delay(1): Delayed 1 second(s)

2019-05-13 11:25:24 - [MESSAGE][PASSED] - Delayed 1 second(s)

2019-05-13 11:25:24 - [TEST_STEP][PASSED] - setText(findTestObject("Admin Console ePulse Menu/Poll Workers/Poll Workers - Manage Page/New Poll Worker/Personal Information/input_Last Name"), findTestData("PollWorker - Add").getValue("LastName", row)): Text 'Johnson1' is set on object 'Object Repository/Admin Console ePulse Menu/Poll Workers/Poll Workers - Manage Page/New Poll Worker/Personal Information/input_Last Name'

2019-05-13 11:25:24 - [MESSAGE][PASSED] - Text 'Johnson1' is set on object 'Object Repository/Admin Console ePulse Menu/Poll Workers/Poll Workers - Manage Page/New Poll Worker/Personal Information/input_Last Name'

2019-05-13 11:25:24 - [TEST_STEP][PASSED] - delay(1): Delayed 1 second(s)

2019-05-13 11:25:25 - [MESSAGE][PASSED] - Delayed 1 second(s)

2019-05-13 11:25:25 - [TEST_STEP][PASSED] - click(findTestObject("Admin Console ePulse Menu/Poll Workers/Poll Workers - Manage Page/New Poll Worker/Personal Information/Party Select/Select DEM")): Object: 'Object Repository/Admin Console ePulse Menu/Poll Workers/Poll Workers - Manage Page/New Poll Worker/Personal Information/Party Select/Select DEM' is clicked on

2019-05-13 11:25:25 - [MESSAGE][PASSED] - Object: 'Object Repository/Admin Console ePulse Menu/Poll Workers/Poll Workers - Manage Page/New Poll Worker/Personal Information/Party Select/Select DEM' is clicked on

2019-05-13 11:25:25 - [TEST_STEP][PASSED] - delay(1): Delayed 1 second(s)

2019-05-13 11:25:26 - [MESSAGE][PASSED] - Delayed 1 second(s)

2019-05-13 11:25:26 - [TEST_STEP][PASSED] - click(findTestObject("Admin Console ePulse Menu/Poll Workers/Poll Workers - Manage Page/New Poll Worker/Personal Information/Status Select/Select Active")): Object: 'Object Repository/Admin Console ePulse Menu/Poll Workers/Poll Workers - Manage Page/New Poll Worker/Personal Information/Status Select/Select Active' is clicked on

2019-05-13 11:25:26 - [MESSAGE][PASSED] - Object: 'Object Repository/Admin Console ePulse Menu/Poll Workers/Poll Workers - Manage Page/New Poll Worker/Personal Information/Status Select/Select Active' is clicked on

2019-05-13 11:25:26 - [TEST_STEP][PASSED] - delay(1): Delayed 1 second(s)

2019-05-13 11:25:27 - [MESSAGE][PASSED] - Delayed 1 second(s)

2019-05-13 11:25:27 - [TEST_STEP][PASSED] - click(findTestObject("Admin Console ePulse Menu/Poll Workers/Poll Workers - Manage Page/New Poll Worker/Poll Pad Login/Poll Pad Login Dropdown")): Object: 'Object Repository/Admin Console ePulse Menu/Poll Workers/Poll Workers - Manage Page/New Poll Worker/Poll Pad Login/Poll Pad Login Dropdown' is clicked on

2019-05-13 11:25:27 - [MESSAGE][PASSED] - Object: 'Object Repository/Admin Console ePulse Menu/Poll Workers/Poll Workers - Manage Page/New Poll Worker/Poll Pad Login/Poll Pad Login Dropdown' is clicked on

2019-05-13 11:25:27 - [TEST_STEP][PASSED] - delay(1): Delayed 1 second(s)

2019-05-13 11:25:28 - [MESSAGE][PASSED] - Delayed 1 second(s)

2019-05-13 11:25:28 - [TEST_STEP][PASSED] - setText(findTestObject("Admin Console ePulse Menu/Poll Workers/Poll Workers - Manage Page/New Poll Worker/Poll Pad Login/input_Username"), findTestData("PollWorker - Add").getValue("UserName", row)): Text 'PW_2' is set on object 'Object Repository/Admin Console ePulse Menu/Poll Workers/Poll Workers - Manage Page/New Poll Worker/Poll Pad Login/input_Username'

2019-05-13 11:25:28 - [MESSAGE][PASSED] - Text 'PW_2' is set on object 'Object Repository/Admin Console ePulse Menu/Poll Workers/Poll Workers - Manage Page/New Poll Worker/Poll Pad Login/input_Username'

2019-05-13 11:25:28 - [TEST_STEP][PASSED] - delay(1): Delayed 1 second(s)

2019-05-13 11:25:29 - [MESSAGE][PASSED] - Delayed 1 second(s)

2019-05-13 11:25:29 - [TEST_STEP][PASSED] - selectOptionByValue(findTestObject("Admin Console ePulse Menu/Poll Workers/Poll Workers - Manage Page/New Poll Worker/Poll Pad Login/Select Poll Worker Type"), "0", false): All options with value '0' are selected in object 'Object Repository/Admin Console ePulse Menu/Poll Workers/Poll Workers - Manage Page/New Poll Worker/Poll Pad Login/Select Poll Worker Type' 

2019-05-13 11:25:29 - [MESSAGE][PASSED] - All options with value '0' are selected in object 'Object Repository/Admin Console ePulse Menu/Poll Workers/Poll Workers - Manage Page/New Poll Worker/Poll Pad Login/Select Poll Worker Type' 

2019-05-13 11:25:29 - [TEST_STEP][PASSED] - setText(findTestObject("Admin Console ePulse Menu/Poll Workers/Poll Workers - Manage Page/New Poll Worker/Poll Pad Login/input_Password"), findTestData("PollWorker - Add").getValue("Password1", row)): Text 'Qwerty1!' is set on object 'Object Repository/Admin Console ePulse Menu/Poll Workers/Poll Workers - Manage Page/New Poll Worker/Poll Pad Login/input_Password'

2019-05-13 11:25:29 - [MESSAGE][PASSED] - Text 'Qwerty1!' is set on object 'Object Repository/Admin Console ePulse Menu/Poll Workers/Poll Workers - Manage Page/New Poll Worker/Poll Pad Login/input_Password'

2019-05-13 11:25:29 - [TEST_STEP][PASSED] - delay(1): Delayed 1 second(s)

2019-05-13 11:25:30 - [MESSAGE][PASSED] - Delayed 1 second(s)

2019-05-13 11:25:30 - [TEST_STEP][PASSED] - setText(findTestObject("Admin Console ePulse Menu/Poll Workers/Poll Workers - Manage Page/New Poll Worker/Poll Pad Login/input_Confirm Password"), findTestData("PollWorker - Add").getValue("Password2", row)): Text 'Qwerty1!' is set on object 'Object Repository/Admin Console ePulse Menu/Poll Workers/Poll Workers - Manage Page/New Poll Worker/Poll Pad Login/input_Confirm Password'

2019-05-13 11:25:31 - [MESSAGE][PASSED] - Text 'Qwerty1!' is set on object 'Object Repository/Admin Console ePulse Menu/Poll Workers/Poll Workers - Manage Page/New Poll Worker/Poll Pad Login/input_Confirm Password'

2019-05-13 11:25:31 - [TEST_STEP][PASSED] - delay(1): Delayed 1 second(s)

2019-05-13 11:25:32 - [MESSAGE][PASSED] - Delayed 1 second(s)

2019-05-13 11:25:32 - [TEST_STEP][PASSED] - click(findTestObject("Admin Console ePulse Menu/Poll Workers/Poll Workers - Manage Page/New Poll Worker/Submit Poll Worker")): Object: 'Object Repository/Admin Console ePulse Menu/Poll Workers/Poll Workers - Manage Page/New Poll Worker/Submit Poll Worker' is clicked on

2019-05-13 11:25:33 - [MESSAGE][PASSED] - Object: 'Object Repository/Admin Console ePulse Menu/Poll Workers/Poll Workers - Manage Page/New Poll Worker/Submit Poll Worker' is clicked on

2019-05-13 11:25:33 - [TEST_STEP][PASSED] - delay(1): Delayed 1 second(s)

2019-05-13 11:25:34 - [MESSAGE][PASSED] - Delayed 1 second(s)

2019-05-13 11:25:34 - [TEST_STEP][PASSED] - navigateToUrl(Poll_Workers): Navigate to 'https://am-automation-test.epulsedev2.com/poll_workers' successfully

2019-05-13 11:25:34 - [MESSAGE][PASSED] - Navigate to 'https://am-automation-test.epulsedev2.com/poll_workers' successfully

2019-05-13 11:25:34 - [TEST_STEP][PASSED] - delay(1): Delayed 1 second(s)

2019-05-13 11:25:35 - [MESSAGE][PASSED] - Delayed 1 second(s)

2019-05-13 11:25:35 - [TEST_STEP][PASSED] - click(findTestObject("Admin Console ePulse Menu/Poll Workers/Poll Workers - Manage Page/Poll Workers (Actions Options)/Actions")): Object: 'Object Repository/Admin Console ePulse Menu/Poll Workers/Poll Workers - Manage Page/Poll Workers (Actions Options)/Actions' is clicked on

2019-05-13 11:25:36 - [MESSAGE][PASSED] - Object: 'Object Repository/Admin Console ePulse Menu/Poll Workers/Poll Workers - Manage Page/Poll Workers (Actions Options)/Actions' is clicked on

2019-05-13 11:25:36 - [TEST_STEP][PASSED] - delay(1): Delayed 1 second(s)

2019-05-13 11:25:37 - [MESSAGE][PASSED] - Delayed 1 second(s)

2019-05-13 11:25:37 - [TEST_STEP][PASSED] - click(findTestObject("Admin Console ePulse Menu/Poll Workers/Poll Workers - Manage Page/Poll Workers (Actions Options)/Add Poll Worker")): Object: 'Object Repository/Admin Console ePulse Menu/Poll Workers/Poll Workers - Manage Page/Poll Workers (Actions Options)/Add Poll Worker' is clicked on

2019-05-13 11:25:37 - [MESSAGE][PASSED] - Object: 'Object Repository/Admin Console ePulse Menu/Poll Workers/Poll Workers - Manage Page/Poll Workers (Actions Options)/Add Poll Worker' is clicked on

2019-05-13 11:25:37 - [TEST_STEP][PASSED] - delay(1): Delayed 1 second(s)

2019-05-13 11:25:38 - [MESSAGE][PASSED] - Delayed 1 second(s)

2019-05-13 11:25:38 - [TEST_STEP][PASSED] - click(findTestObject("Admin Console ePulse Menu/Poll Workers/Poll Workers - Manage Page/New Poll Worker/Personal Information/Personal Information dropdown")): Object: 'Object Repository/Admin Console ePulse Menu/Poll Workers/Poll Workers - Manage Page/New Poll Worker/Personal Information/Personal Information dropdown' is clicked on

2019-05-13 11:25:38 - [MESSAGE][PASSED] - Object: 'Object Repository/Admin Console ePulse Menu/Poll Workers/Poll Workers - Manage Page/New Poll Worker/Personal Information/Personal Information dropdown' is clicked on

2019-05-13 11:25:38 - [TEST_STEP][PASSED] - delay(1): Delayed 1 second(s)

2019-05-13 11:25:39 - [MESSAGE][PASSED] - Delayed 1 second(s)

2019-05-13 11:25:39 - [TEST_STEP][PASSED] - setText(findTestObject("Admin Console ePulse Menu/Poll Workers/Poll Workers - Manage Page/New Poll Worker/Personal Information/input_First Name"), findTestData("PollWorker - Add").getValue("FirstName", row)): Text 'Black2' is set on object 'Object Repository/Admin Console ePulse Menu/Poll Workers/Poll Workers - Manage Page/New Poll Worker/Personal Information/input_First Name'

2019-05-13 11:25:39 - [MESSAGE][PASSED] - Text 'Black2' is set on object 'Object Repository/Admin Console ePulse Menu/Poll Workers/Poll Workers - Manage Page/New Poll Worker/Personal Information/input_First Name'

2019-05-13 11:25:39 - [TEST_STEP][PASSED] - delay(1): Delayed 1 second(s)

2019-05-13 11:25:40 - [MESSAGE][PASSED] - Delayed 1 second(s)

2019-05-13 11:25:40 - [TEST_STEP][PASSED] - setText(findTestObject("Admin Console ePulse Menu/Poll Workers/Poll Workers - Manage Page/New Poll Worker/Personal Information/input_Middle Name"), findTestData("PollWorker - Add").getValue("MiddleName", row)): Text 'Jack2' is set on object 'Object Repository/Admin Console ePulse Menu/Poll Workers/Poll Workers - Manage Page/New Poll Worker/Personal Information/input_Middle Name'

2019-05-13 11:25:41 - [MESSAGE][PASSED] - Text 'Jack2' is set on object 'Object Repository/Admin Console ePulse Menu/Poll Workers/Poll Workers - Manage Page/New Poll Worker/Personal Information/input_Middle Name'

2019-05-13 11:25:41 - [TEST_STEP][PASSED] - delay(1): Delayed 1 second(s)

2019-05-13 11:25:42 - [MESSAGE][PASSED] - Delayed 1 second(s)

2019-05-13 11:25:42 - [TEST_STEP][PASSED] - setText(findTestObject("Admin Console ePulse Menu/Poll Workers/Poll Workers - Manage Page/New Poll Worker/Personal Information/input_Last Name"), findTestData("PollWorker - Add").getValue("LastName", row)): Text 'Johnson2' is set on object 'Object Repository/Admin Console ePulse Menu/Poll Workers/Poll Workers - Manage Page/New Poll Worker/Personal Information/input_Last Name'

2019-05-13 11:25:42 - [MESSAGE][PASSED] - Text 'Johnson2' is set on object 'Object Repository/Admin Console ePulse Menu/Poll Workers/Poll Workers - Manage Page/New Poll Worker/Personal Information/input_Last Name'

2019-05-13 11:25:42 - [TEST_STEP][PASSED] - delay(1): Delayed 1 second(s)

2019-05-13 11:25:43 - [MESSAGE][PASSED] - Delayed 1 second(s)

2019-05-13 11:25:43 - [TEST_STEP][PASSED] - click(findTestObject("Admin Console ePulse Menu/Poll Workers/Poll Workers - Manage Page/New Poll Worker/Personal Information/Party Select/Select DEM")): Object: 'Object Repository/Admin Console ePulse Menu/Poll Workers/Poll Workers - Manage Page/New Poll Worker/Personal Information/Party Select/Select DEM' is clicked on

2019-05-13 11:25:43 - [MESSAGE][PASSED] - Object: 'Object Repository/Admin Console ePulse Menu/Poll Workers/Poll Workers - Manage Page/New Poll Worker/Personal Information/Party Select/Select DEM' is clicked on

2019-05-13 11:25:43 - [TEST_STEP][PASSED] - delay(1): Delayed 1 second(s)

2019-05-13 11:25:44 - [MESSAGE][PASSED] - Delayed 1 second(s)

2019-05-13 11:25:44 - [TEST_STEP][PASSED] - click(findTestObject("Admin Console ePulse Menu/Poll Workers/Poll Workers - Manage Page/New Poll Worker/Personal Information/Status Select/Select Active")): Object: 'Object Repository/Admin Console ePulse Menu/Poll Workers/Poll Workers - Manage Page/New Poll Worker/Personal Information/Status Select/Select Active' is clicked on

2019-05-13 11:25:44 - [MESSAGE][PASSED] - Object: 'Object Repository/Admin Console ePulse Menu/Poll Workers/Poll Workers - Manage Page/New Poll Worker/Personal Information/Status Select/Select Active' is clicked on

2019-05-13 11:25:44 - [TEST_STEP][PASSED] - delay(1): Delayed 1 second(s)

2019-05-13 11:25:45 - [MESSAGE][PASSED] - Delayed 1 second(s)

2019-05-13 11:25:45 - [TEST_STEP][PASSED] - click(findTestObject("Admin Console ePulse Menu/Poll Workers/Poll Workers - Manage Page/New Poll Worker/Poll Pad Login/Poll Pad Login Dropdown")): Object: 'Object Repository/Admin Console ePulse Menu/Poll Workers/Poll Workers - Manage Page/New Poll Worker/Poll Pad Login/Poll Pad Login Dropdown' is clicked on

2019-05-13 11:25:45 - [MESSAGE][PASSED] - Object: 'Object Repository/Admin Console ePulse Menu/Poll Workers/Poll Workers - Manage Page/New Poll Worker/Poll Pad Login/Poll Pad Login Dropdown' is clicked on

2019-05-13 11:25:45 - [TEST_STEP][PASSED] - delay(1): Delayed 1 second(s)

2019-05-13 11:25:46 - [MESSAGE][PASSED] - Delayed 1 second(s)

2019-05-13 11:25:46 - [TEST_STEP][PASSED] - setText(findTestObject("Admin Console ePulse Menu/Poll Workers/Poll Workers - Manage Page/New Poll Worker/Poll Pad Login/input_Username"), findTestData("PollWorker - Add").getValue("UserName", row)): Text 'PW_3' is set on object 'Object Repository/Admin Console ePulse Menu/Poll Workers/Poll Workers - Manage Page/New Poll Worker/Poll Pad Login/input_Username'

2019-05-13 11:25:46 - [MESSAGE][PASSED] - Text 'PW_3' is set on object 'Object Repository/Admin Console ePulse Menu/Poll Workers/Poll Workers - Manage Page/New Poll Worker/Poll Pad Login/input_Username'

2019-05-13 11:25:46 - [TEST_STEP][PASSED] - delay(1): Delayed 1 second(s)

2019-05-13 11:25:47 - [MESSAGE][PASSED] - Delayed 1 second(s)

2019-05-13 11:25:47 - [TEST_STEP][PASSED] - selectOptionByValue(findTestObject("Admin Console ePulse Menu/Poll Workers/Poll Workers - Manage Page/New Poll Worker/Poll Pad Login/Select Poll Worker Type"), "0", false): All options with value '0' are selected in object 'Object Repository/Admin Console ePulse Menu/Poll Workers/Poll Workers - Manage Page/New Poll Worker/Poll Pad Login/Select Poll Worker Type' 

2019-05-13 11:25:47 - [MESSAGE][PASSED] - All options with value '0' are selected in object 'Object Repository/Admin Console ePulse Menu/Poll Workers/Poll Workers - Manage Page/New Poll Worker/Poll Pad Login/Select Poll Worker Type' 

2019-05-13 11:25:47 - [TEST_STEP][PASSED] - setText(findTestObject("Admin Console ePulse Menu/Poll Workers/Poll Workers - Manage Page/New Poll Worker/Poll Pad Login/input_Password"), findTestData("PollWorker - Add").getValue("Password1", row)): Text 'Qwerty1!' is set on object 'Object Repository/Admin Console ePulse Menu/Poll Workers/Poll Workers - Manage Page/New Poll Worker/Poll Pad Login/input_Password'

2019-05-13 11:25:47 - [MESSAGE][PASSED] - Text 'Qwerty1!' is set on object 'Object Repository/Admin Console ePulse Menu/Poll Workers/Poll Workers - Manage Page/New Poll Worker/Poll Pad Login/input_Password'

2019-05-13 11:25:47 - [TEST_STEP][PASSED] - delay(1): Delayed 1 second(s)

2019-05-13 11:25:48 - [MESSAGE][PASSED] - Delayed 1 second(s)

2019-05-13 11:25:48 - [TEST_STEP][PASSED] - setText(findTestObject("Admin Console ePulse Menu/Poll Workers/Poll Workers - Manage Page/New Poll Worker/Poll Pad Login/input_Confirm Password"), findTestData("PollWorker - Add").getValue("Password2", row)): Text 'Qwerty1!' is set on object 'Object Repository/Admin Console ePulse Menu/Poll Workers/Poll Workers - Manage Page/New Poll Worker/Poll Pad Login/input_Confirm Password'

2019-05-13 11:25:48 - [MESSAGE][PASSED] - Text 'Qwerty1!' is set on object 'Object Repository/Admin Console ePulse Menu/Poll Workers/Poll Workers - Manage Page/New Poll Worker/Poll Pad Login/input_Confirm Password'

2019-05-13 11:25:48 - [TEST_STEP][PASSED] - delay(1): Delayed 1 second(s)

2019-05-13 11:25:49 - [MESSAGE][PASSED] - Delayed 1 second(s)

2019-05-13 11:25:49 - [TEST_STEP][PASSED] - click(findTestObject("Admin Console ePulse Menu/Poll Workers/Poll Workers - Manage Page/New Poll Worker/Submit Poll Worker")): Object: 'Object Repository/Admin Console ePulse Menu/Poll Workers/Poll Workers - Manage Page/New Poll Worker/Submit Poll Worker' is clicked on

2019-05-13 11:25:51 - [MESSAGE][PASSED] - Object: 'Object Repository/Admin Console ePulse Menu/Poll Workers/Poll Workers - Manage Page/New Poll Worker/Submit Poll Worker' is clicked on

2019-05-13 11:25:51 - [TEST_STEP][PASSED] - delay(1): Delayed 1 second(s)

2019-05-13 11:25:52 - [MESSAGE][PASSED] - Delayed 1 second(s)

2019-05-13 11:25:52 - [TEST_STEP][PASSED] - verifyTextPresent("PW", true): Text 'PW' is present on page  using regular expression

2019-05-13 11:25:52 - [MESSAGE][PASSED] - Text 'PW' is present on page  using regular expression

2019-05-13 11:25:52 - [TEST_STEP][PASSED] - closeBrowser(): Browser is closed

2019-05-13 11:25:52 - [MESSAGE][PASSED] - Browser is closed]]></system-out>
         <system-err><![CDATA[]]></system-err>
      </testcase>
      <testcase name="Test Cases/Admin Console/Poll Workers-Election Officials()/Poll Workers - Manage - Import" classname="Test Cases/Admin Console/Poll Workers-Election Officials()/Poll Workers - Manage - Import" status="PASSED">
         <system-out><![CDATA[2019-05-13 11:25:54 - [TEST_CASE][PASSED] - Test Cases/Admin Console/Poll Workers-Election Officials()/Poll Workers - Manage - Import: Test Cases/Admin Console/Poll Workers-Election Officials()/Poll Workers - Manage - Import

2019-05-13 11:25:54 - [TEST_STEP][PASSED] - openBrowser(""): Browser is opened with url: ''

2019-05-13 11:25:54 - [MESSAGE][INFO] - Starting 'Chrome' driver

2019-05-13 11:25:55 - [MESSAGE][PASSED] - Browser is opened with url: ''

2019-05-13 11:25:55 - [TEST_STEP][PASSED] - navigateToUrl(URL): Navigate to 'https://epulsedev2.com' successfully

2019-05-13 11:26:01 - [MESSAGE][PASSED] - Navigate to 'https://epulsedev2.com' successfully

2019-05-13 11:26:01 - [TEST_STEP][PASSED] - setText(findTestObject("Login/Email Address"), User_email): Text 'alonzo.mack@knowink.com' is set on object 'Object Repository/Login/Email Address'

2019-05-13 11:26:01 - [MESSAGE][PASSED] - Text 'alonzo.mack@knowink.com' is set on object 'Object Repository/Login/Email Address'

2019-05-13 11:26:01 - [TEST_STEP][PASSED] - setEncryptedText(findTestObject("Login/Password"), Pswrd): Text ****** has been set on object 'Object Repository/Login/Password'

2019-05-13 11:26:01 - [MESSAGE][PASSED] - Text ****** has been set on object 'Object Repository/Login/Password'

2019-05-13 11:26:01 - [TEST_STEP][PASSED] - click(findTestObject("Login/Sign In")): Object: 'Object Repository/Login/Sign In' is clicked on

2019-05-13 11:26:02 - [MESSAGE][PASSED] - Object: 'Object Repository/Login/Sign In' is clicked on

2019-05-13 11:26:02 - [TEST_STEP][PASSED] - delay(1): Delayed 1 second(s)

2019-05-13 11:26:03 - [MESSAGE][PASSED] - Delayed 1 second(s)

2019-05-13 11:26:03 - [TEST_STEP][PASSED] - navigateToUrl(Poll_Workers, STOP_ON_FAILURE): Navigate to 'https://am-automation-test.epulsedev2.com/poll_workers' successfully

2019-05-13 11:26:05 - [MESSAGE][PASSED] - Navigate to 'https://am-automation-test.epulsedev2.com/poll_workers' successfully

2019-05-13 11:26:05 - [TEST_STEP][PASSED] - delay(1): Delayed 1 second(s)

2019-05-13 11:26:06 - [MESSAGE][PASSED] - Delayed 1 second(s)

2019-05-13 11:26:06 - [TEST_STEP][PASSED] - click(findTestObject("Admin Console ePulse Menu/Poll Workers/Poll Workers - Manage Page/Import Poll Workers")): Object: 'Object Repository/Admin Console ePulse Menu/Poll Workers/Poll Workers - Manage Page/Import Poll Workers' is clicked on

2019-05-13 11:26:06 - [MESSAGE][PASSED] - Object: 'Object Repository/Admin Console ePulse Menu/Poll Workers/Poll Workers - Manage Page/Import Poll Workers' is clicked on

2019-05-13 11:26:06 - [TEST_STEP][PASSED] - setText(findTestObject("Admin Console ePulse Menu/Account Settings/Prompts/Import Prompts Buttons/Choose File"), "/Users/alonzomack/Downloads/Automation uploads/poll_workers.csv"): Text '/Users/alonzomack/Downloads/Automation uploads/poll_workers.csv' is set on object 'Object Repository/Admin Console ePulse Menu/Account Settings/Prompts/Import Prompts Buttons/Choose File'

2019-05-13 11:26:06 - [MESSAGE][PASSED] - Text '/Users/alonzomack/Downloads/Automation uploads/poll_workers.csv' is set on object 'Object Repository/Admin Console ePulse Menu/Account Settings/Prompts/Import Prompts Buttons/Choose File'

2019-05-13 11:26:06 - [TEST_STEP][PASSED] - click(findTestObject("Admin Console ePulse Menu/Account Settings/Prompts/Import Prompts Buttons/Continue Button")): Object: 'Object Repository/Admin Console ePulse Menu/Account Settings/Prompts/Import Prompts Buttons/Continue Button' is clicked on

2019-05-13 11:26:07 - [MESSAGE][PASSED] - Object: 'Object Repository/Admin Console ePulse Menu/Account Settings/Prompts/Import Prompts Buttons/Continue Button' is clicked on

2019-05-13 11:26:07 - [TEST_STEP][PASSED] - delay(1): Delayed 1 second(s)

2019-05-13 11:26:08 - [MESSAGE][PASSED] - Delayed 1 second(s)

2019-05-13 11:26:08 - [TEST_STEP][PASSED] - click(findTestObject("Admin Console ePulse Menu/Account Settings/Prompts/Import Prompts Buttons/button_Done(working)")): Object: 'Object Repository/Admin Console ePulse Menu/Account Settings/Prompts/Import Prompts Buttons/button_Done(working)' is clicked on

2019-05-13 11:26:11 - [MESSAGE][PASSED] - Object: 'Object Repository/Admin Console ePulse Menu/Account Settings/Prompts/Import Prompts Buttons/button_Done(working)' is clicked on

2019-05-13 11:26:11 - [TEST_STEP][PASSED] - delay(1): Delayed 1 second(s)

2019-05-13 11:26:12 - [MESSAGE][PASSED] - Delayed 1 second(s)

2019-05-13 11:26:12 - [TEST_STEP][PASSED] - closeBrowser(): Browser is closed

2019-05-13 11:26:12 - [MESSAGE][PASSED] - Browser is closed]]></system-out>
         <system-err><![CDATA[]]></system-err>
      </testcase>
      <testcase name="Test Cases/Admin Console/Account Settings/Users()/Account Settings - New User(basic_Rover.Technician)" classname="Test Cases/Admin Console/Account Settings/Users()/Account Settings - New User(basic_Rover.Technician)" status="PASSED">
         <system-out><![CDATA[2019-05-13 11:26:14 - [TEST_CASE][PASSED] - Test Cases/Admin Console/Account Settings/Users()/Account Settings - New User(basic_Rover.Technician): Test Cases/Admin Console/Account Settings/Users()/Account Settings - New User(basic_Rover.Technician)

2019-05-13 11:26:14 - [TEST_STEP][PASSED] - openBrowser(""): Browser is opened with url: ''

2019-05-13 11:26:14 - [MESSAGE][INFO] - Starting 'Chrome' driver

2019-05-13 11:26:15 - [MESSAGE][PASSED] - Browser is opened with url: ''

2019-05-13 11:26:15 - [TEST_STEP][PASSED] - navigateToUrl(URL): Navigate to 'https://epulsedev2.com' successfully

2019-05-13 11:26:19 - [MESSAGE][PASSED] - Navigate to 'https://epulsedev2.com' successfully

2019-05-13 11:26:19 - [TEST_STEP][PASSED] - setText(findTestObject("Login/Email Address"), User_email): Text 'alonzo.mack@knowink.com' is set on object 'Object Repository/Login/Email Address'

2019-05-13 11:26:19 - [MESSAGE][PASSED] - Text 'alonzo.mack@knowink.com' is set on object 'Object Repository/Login/Email Address'

2019-05-13 11:26:19 - [TEST_STEP][PASSED] - setEncryptedText(findTestObject("Login/Password"), Pswrd): Text ****** has been set on object 'Object Repository/Login/Password'

2019-05-13 11:26:19 - [MESSAGE][PASSED] - Text ****** has been set on object 'Object Repository/Login/Password'

2019-05-13 11:26:19 - [TEST_STEP][PASSED] - click(findTestObject("Login/Sign In")): Object: 'Object Repository/Login/Sign In' is clicked on

2019-05-13 11:26:20 - [MESSAGE][PASSED] - Object: 'Object Repository/Login/Sign In' is clicked on

2019-05-13 11:26:20 - [TEST_STEP][PASSED] - delay(1): Delayed 1 second(s)

2019-05-13 11:26:21 - [MESSAGE][PASSED] - Delayed 1 second(s)

2019-05-13 11:26:21 - [TEST_STEP][PASSED] - navigateToUrl(Users, STOP_ON_FAILURE): Navigate to 'https://am-automation-test.epulsedev2.com/users' successfully

2019-05-13 11:26:23 - [MESSAGE][PASSED] - Navigate to 'https://am-automation-test.epulsedev2.com/users' successfully

2019-05-13 11:26:23 - [TEST_STEP][PASSED] - delay(1): Delayed 1 second(s)

2019-05-13 11:26:24 - [MESSAGE][PASSED] - Delayed 1 second(s)

2019-05-13 11:26:24 - [TEST_STEP][PASSED] - click(findTestObject("Admin Console ePulse Menu/Account Settings/Users/Add User")): Object: 'Object Repository/Admin Console ePulse Menu/Account Settings/Users/Add User' is clicked on

2019-05-13 11:26:24 - [MESSAGE][PASSED] - Object: 'Object Repository/Admin Console ePulse Menu/Account Settings/Users/Add User' is clicked on

2019-05-13 11:26:24 - [TEST_STEP][PASSED] - delay(1): Delayed 1 second(s)

2019-05-13 11:26:25 - [MESSAGE][PASSED] - Delayed 1 second(s)

2019-05-13 11:26:25 - [TEST_STEP][PASSED] - setText(findTestObject("Admin Console ePulse Menu/Account Settings/Add User/input_First name"), "add"): Text 'add' is set on object 'Object Repository/Admin Console ePulse Menu/Account Settings/Add User/input_First name'

2019-05-13 11:26:25 - [MESSAGE][PASSED] - Text 'add' is set on object 'Object Repository/Admin Console ePulse Menu/Account Settings/Add User/input_First name'

2019-05-13 11:26:25 - [TEST_STEP][PASSED] - delay(1): Delayed 1 second(s)

2019-05-13 11:26:26 - [MESSAGE][PASSED] - Delayed 1 second(s)

2019-05-13 11:26:26 - [TEST_STEP][PASSED] - setText(findTestObject("Admin Console ePulse Menu/Account Settings/Add User/input_Last name"), "User"): Text 'User' is set on object 'Object Repository/Admin Console ePulse Menu/Account Settings/Add User/input_Last name'

2019-05-13 11:26:26 - [MESSAGE][PASSED] - Text 'User' is set on object 'Object Repository/Admin Console ePulse Menu/Account Settings/Add User/input_Last name'

2019-05-13 11:26:26 - [TEST_STEP][PASSED] - delay(1): Delayed 1 second(s)

2019-05-13 11:26:27 - [MESSAGE][PASSED] - Delayed 1 second(s)

2019-05-13 11:26:27 - [TEST_STEP][PASSED] - setText(findTestObject("Admin Console ePulse Menu/Account Settings/Add User/input_Phone"), "3137777777"): Text '3137777777' is set on object 'Object Repository/Admin Console ePulse Menu/Account Settings/Add User/input_Phone'

2019-05-13 11:26:28 - [MESSAGE][PASSED] - Text '3137777777' is set on object 'Object Repository/Admin Console ePulse Menu/Account Settings/Add User/input_Phone'

2019-05-13 11:26:28 - [TEST_STEP][PASSED] - delay(1): Delayed 1 second(s)

2019-05-13 11:26:29 - [MESSAGE][PASSED] - Delayed 1 second(s)

2019-05-13 11:26:29 - [TEST_STEP][PASSED] - setText(findTestObject("Admin Console ePulse Menu/Account Settings/Add User/input_E-mail"), "addnew2-user@knowink.com"): Text 'addnew2-user@knowink.com' is set on object 'Object Repository/Admin Console ePulse Menu/Account Settings/Add User/input_E-mail'

2019-05-13 11:26:29 - [MESSAGE][PASSED] - Text 'addnew2-user@knowink.com' is set on object 'Object Repository/Admin Console ePulse Menu/Account Settings/Add User/input_E-mail'

2019-05-13 11:26:29 - [TEST_STEP][PASSED] - delay(1): Delayed 1 second(s)

2019-05-13 11:26:30 - [MESSAGE][PASSED] - Delayed 1 second(s)

2019-05-13 11:26:30 - [TEST_STEP][PASSED] - delay(1): Delayed 1 second(s)

2019-05-13 11:26:31 - [MESSAGE][PASSED] - Delayed 1 second(s)

2019-05-13 11:26:31 - [TEST_STEP][PASSED] - selectOptionByValue(findTestObject("Admin Console ePulse Menu/Account Settings/Add User/Select Epulse User"), "1", true): All options with value '1' are selected in object 'Object Repository/Admin Console ePulse Menu/Account Settings/Add User/Select Epulse User'  using regular expression

2019-05-13 11:26:31 - [MESSAGE][PASSED] - All options with value '1' are selected in object 'Object Repository/Admin Console ePulse Menu/Account Settings/Add User/Select Epulse User'  using regular expression

2019-05-13 11:26:31 - [TEST_STEP][PASSED] - delay(1): Delayed 1 second(s)

2019-05-13 11:26:32 - [MESSAGE][PASSED] - Delayed 1 second(s)

2019-05-13 11:26:32 - [TEST_STEP][NOT_RUN] - selectOptionByValue(findTestObject("Admin Console ePulse Menu/Account Settings/Add User/Select Notify by"), "2", true): NOT_RUN: selectOptionByValue(findTestObject("Admin Console ePulse Menu/Account Settings/Add User/Select Notify by"), "2", true)

2019-05-13 11:26:32 - [MESSAGE][NOT_RUN] - NOT_RUN: selectOptionByValue(findTestObject("Admin Console ePulse Menu/Account Settings/Add User/Select Notify by"), "2", true)

2019-05-13 11:26:32 - [TEST_STEP][NOT_RUN] - delay(1): NOT_RUN: delay(1)

2019-05-13 11:26:32 - [MESSAGE][NOT_RUN] - NOT_RUN: delay(1)

2019-05-13 11:26:32 - [TEST_STEP][NOT_RUN] - selectOptionByValue(findTestObject("Admin Console ePulse Menu/Account Settings/Add User/Select User Rights"), "basic", true): NOT_RUN: selectOptionByValue(findTestObject("Admin Console ePulse Menu/Account Settings/Add User/Select User Rights"), "basic", true)

2019-05-13 11:26:32 - [MESSAGE][NOT_RUN] - NOT_RUN: selectOptionByValue(findTestObject("Admin Console ePulse Menu/Account Settings/Add User/Select User Rights"), "basic", true)

2019-05-13 11:26:32 - [TEST_STEP][NOT_RUN] - delay(1): NOT_RUN: delay(1)

2019-05-13 11:26:32 - [MESSAGE][NOT_RUN] - NOT_RUN: delay(1)

2019-05-13 11:26:32 - [TEST_STEP][PASSED] - click(findTestObject("Common ePulse Objects/Submit Button")): Object: 'Object Repository/Common ePulse Objects/Submit Button' is clicked on

2019-05-13 11:26:34 - [MESSAGE][PASSED] - Object: 'Object Repository/Common ePulse Objects/Submit Button' is clicked on

2019-05-13 11:26:34 - [TEST_STEP][PASSED] - closeBrowser(): Browser is closed

2019-05-13 11:26:34 - [MESSAGE][PASSED] - Browser is closed]]></system-out>
         <system-err><![CDATA[]]></system-err>
      </testcase>
      <testcase name="Test Cases/Admin Console/Account Settings/Users()/Account Settings - New User(manager_standard)" classname="Test Cases/Admin Console/Account Settings/Users()/Account Settings - New User(manager_standard)" status="PASSED">
         <system-out><![CDATA[2019-05-13 11:26:36 - [TEST_CASE][PASSED] - Test Cases/Admin Console/Account Settings/Users()/Account Settings - New User(manager_standard): Test Cases/Admin Console/Account Settings/Users()/Account Settings - New User(manager_standard)

2019-05-13 11:26:36 - [TEST_STEP][PASSED] - openBrowser(""): Browser is opened with url: ''

2019-05-13 11:26:36 - [MESSAGE][INFO] - Starting 'Chrome' driver

2019-05-13 11:26:37 - [MESSAGE][PASSED] - Browser is opened with url: ''

2019-05-13 11:26:37 - [TEST_STEP][PASSED] - navigateToUrl(URL): Navigate to 'https://epulsedev2.com' successfully

2019-05-13 11:26:40 - [MESSAGE][PASSED] - Navigate to 'https://epulsedev2.com' successfully

2019-05-13 11:26:40 - [TEST_STEP][PASSED] - setText(findTestObject("Login/Email Address"), User_email): Text 'alonzo.mack@knowink.com' is set on object 'Object Repository/Login/Email Address'

2019-05-13 11:26:40 - [MESSAGE][PASSED] - Text 'alonzo.mack@knowink.com' is set on object 'Object Repository/Login/Email Address'

2019-05-13 11:26:40 - [TEST_STEP][PASSED] - setEncryptedText(findTestObject("Login/Password"), Pswrd): Text ****** has been set on object 'Object Repository/Login/Password'

2019-05-13 11:26:40 - [MESSAGE][PASSED] - Text ****** has been set on object 'Object Repository/Login/Password'

2019-05-13 11:26:40 - [TEST_STEP][PASSED] - click(findTestObject("Login/Sign In")): Object: 'Object Repository/Login/Sign In' is clicked on

2019-05-13 11:26:41 - [MESSAGE][PASSED] - Object: 'Object Repository/Login/Sign In' is clicked on

2019-05-13 11:26:41 - [TEST_STEP][PASSED] - delay(1): Delayed 1 second(s)

2019-05-13 11:26:42 - [MESSAGE][PASSED] - Delayed 1 second(s)

2019-05-13 11:26:42 - [TEST_STEP][PASSED] - navigateToUrl(Users, STOP_ON_FAILURE): Navigate to 'https://am-automation-test.epulsedev2.com/users' successfully

2019-05-13 11:26:44 - [MESSAGE][PASSED] - Navigate to 'https://am-automation-test.epulsedev2.com/users' successfully

2019-05-13 11:26:44 - [TEST_STEP][PASSED] - delay(1): Delayed 1 second(s)

2019-05-13 11:26:45 - [MESSAGE][PASSED] - Delayed 1 second(s)

2019-05-13 11:26:45 - [TEST_STEP][PASSED] - click(findTestObject("Admin Console ePulse Menu/Account Settings/Users/Add User")): Object: 'Object Repository/Admin Console ePulse Menu/Account Settings/Users/Add User' is clicked on

2019-05-13 11:26:46 - [MESSAGE][PASSED] - Object: 'Object Repository/Admin Console ePulse Menu/Account Settings/Users/Add User' is clicked on

2019-05-13 11:26:46 - [TEST_STEP][PASSED] - delay(1): Delayed 1 second(s)

2019-05-13 11:26:47 - [MESSAGE][PASSED] - Delayed 1 second(s)

2019-05-13 11:26:47 - [TEST_STEP][PASSED] - setText(findTestObject("Admin Console ePulse Menu/Account Settings/Add User/input_First name"), "add"): Text 'add' is set on object 'Object Repository/Admin Console ePulse Menu/Account Settings/Add User/input_First name'

2019-05-13 11:26:47 - [MESSAGE][PASSED] - Text 'add' is set on object 'Object Repository/Admin Console ePulse Menu/Account Settings/Add User/input_First name'

2019-05-13 11:26:47 - [TEST_STEP][PASSED] - delay(1): Delayed 1 second(s)

2019-05-13 11:26:48 - [MESSAGE][PASSED] - Delayed 1 second(s)

2019-05-13 11:26:48 - [TEST_STEP][PASSED] - setText(findTestObject("Admin Console ePulse Menu/Account Settings/Add User/input_Last name"), "User"): Text 'User' is set on object 'Object Repository/Admin Console ePulse Menu/Account Settings/Add User/input_Last name'

2019-05-13 11:26:48 - [MESSAGE][PASSED] - Text 'User' is set on object 'Object Repository/Admin Console ePulse Menu/Account Settings/Add User/input_Last name'

2019-05-13 11:26:48 - [TEST_STEP][PASSED] - delay(1): Delayed 1 second(s)

2019-05-13 11:26:49 - [MESSAGE][PASSED] - Delayed 1 second(s)

2019-05-13 11:26:49 - [TEST_STEP][PASSED] - setText(findTestObject("Admin Console ePulse Menu/Account Settings/Add User/input_Phone"), "3137777777"): Text '3137777777' is set on object 'Object Repository/Admin Console ePulse Menu/Account Settings/Add User/input_Phone'

2019-05-13 11:26:49 - [MESSAGE][PASSED] - Text '3137777777' is set on object 'Object Repository/Admin Console ePulse Menu/Account Settings/Add User/input_Phone'

2019-05-13 11:26:49 - [TEST_STEP][PASSED] - delay(1): Delayed 1 second(s)

2019-05-13 11:26:50 - [MESSAGE][PASSED] - Delayed 1 second(s)

2019-05-13 11:26:50 - [TEST_STEP][PASSED] - setText(findTestObject("Admin Console ePulse Menu/Account Settings/Add User/input_E-mail"), "addnew5-user@knowink.com"): Text 'addnew5-user@knowink.com' is set on object 'Object Repository/Admin Console ePulse Menu/Account Settings/Add User/input_E-mail'

2019-05-13 11:26:50 - [MESSAGE][PASSED] - Text 'addnew5-user@knowink.com' is set on object 'Object Repository/Admin Console ePulse Menu/Account Settings/Add User/input_E-mail'

2019-05-13 11:26:50 - [TEST_STEP][PASSED] - delay(1): Delayed 1 second(s)

2019-05-13 11:26:51 - [MESSAGE][PASSED] - Delayed 1 second(s)

2019-05-13 11:26:51 - [TEST_STEP][PASSED] - selectOptionByValue(findTestObject("Admin Console ePulse Menu/Account Settings/Add User/Select Notify by"), "2", true): All options with value '2' are selected in object 'Object Repository/Admin Console ePulse Menu/Account Settings/Add User/Select Notify by'  using regular expression

2019-05-13 11:26:51 - [MESSAGE][PASSED] - All options with value '2' are selected in object 'Object Repository/Admin Console ePulse Menu/Account Settings/Add User/Select Notify by'  using regular expression

2019-05-13 11:26:51 - [TEST_STEP][PASSED] - delay(1): Delayed 1 second(s)

2019-05-13 11:26:52 - [MESSAGE][PASSED] - Delayed 1 second(s)

2019-05-13 11:26:52 - [TEST_STEP][PASSED] - selectOptionByValue(findTestObject("Admin Console ePulse Menu/Account Settings/Add User/Select User Rights"), "manager", true): All options with value 'manager' are selected in object 'Object Repository/Admin Console ePulse Menu/Account Settings/Add User/Select User Rights'  using regular expression

2019-05-13 11:26:52 - [MESSAGE][PASSED] - All options with value 'manager' are selected in object 'Object Repository/Admin Console ePulse Menu/Account Settings/Add User/Select User Rights'  using regular expression

2019-05-13 11:26:52 - [TEST_STEP][PASSED] - delay(1): Delayed 1 second(s)

2019-05-13 11:26:53 - [MESSAGE][PASSED] - Delayed 1 second(s)

2019-05-13 11:26:53 - [TEST_STEP][PASSED] - click(findTestObject("Common ePulse Objects/Submit Button")): Object: 'Object Repository/Common ePulse Objects/Submit Button' is clicked on

2019-05-13 11:26:55 - [MESSAGE][PASSED] - Object: 'Object Repository/Common ePulse Objects/Submit Button' is clicked on

2019-05-13 11:26:55 - [TEST_STEP][NOT_RUN] - closeBrowser(): NOT_RUN: closeBrowser()

2019-05-13 11:26:55 - [MESSAGE][NOT_RUN] - NOT_RUN: closeBrowser()]]></system-out>
         <system-err><![CDATA[]]></system-err>
      </testcase>
      <testcase name="Test Cases/Admin Console/Account Settings/Users()/Account Settings - New User(election_day_Isync)" classname="Test Cases/Admin Console/Account Settings/Users()/Account Settings - New User(election_day_Isync)" status="PASSED">
         <system-out><![CDATA[2019-05-13 11:26:57 - [TEST_CASE][PASSED] - Test Cases/Admin Console/Account Settings/Users()/Account Settings - New User(election_day_Isync): Test Cases/Admin Console/Account Settings/Users()/Account Settings - New User(election_day_Isync)

2019-05-13 11:26:57 - [TEST_STEP][PASSED] - openBrowser(""): Browser is opened with url: ''

2019-05-13 11:26:57 - [MESSAGE][WARNING] - A browser is already opened. Closing browser and opening a new one

2019-05-13 11:26:57 - [MESSAGE][INFO] - Starting 'Chrome' driver

2019-05-13 11:26:58 - [MESSAGE][PASSED] - Browser is opened with url: ''

2019-05-13 11:26:58 - [TEST_STEP][PASSED] - navigateToUrl(URL): Navigate to 'https://epulsedev2.com' successfully

2019-05-13 11:27:01 - [MESSAGE][PASSED] - Navigate to 'https://epulsedev2.com' successfully

2019-05-13 11:27:01 - [TEST_STEP][PASSED] - setText(findTestObject("Login/Email Address"), User_email): Text 'alonzo.mack@knowink.com' is set on object 'Object Repository/Login/Email Address'

2019-05-13 11:27:01 - [MESSAGE][PASSED] - Text 'alonzo.mack@knowink.com' is set on object 'Object Repository/Login/Email Address'

2019-05-13 11:27:01 - [TEST_STEP][PASSED] - setEncryptedText(findTestObject("Login/Password"), Pswrd): Text ****** has been set on object 'Object Repository/Login/Password'

2019-05-13 11:27:01 - [MESSAGE][PASSED] - Text ****** has been set on object 'Object Repository/Login/Password'

2019-05-13 11:27:01 - [TEST_STEP][PASSED] - click(findTestObject("Login/Sign In")): Object: 'Object Repository/Login/Sign In' is clicked on

2019-05-13 11:27:02 - [MESSAGE][PASSED] - Object: 'Object Repository/Login/Sign In' is clicked on

2019-05-13 11:27:02 - [TEST_STEP][PASSED] - delay(1): Delayed 1 second(s)

2019-05-13 11:27:03 - [MESSAGE][PASSED] - Delayed 1 second(s)

2019-05-13 11:27:03 - [TEST_STEP][PASSED] - navigateToUrl(Users, STOP_ON_FAILURE): Navigate to 'https://am-automation-test.epulsedev2.com/users' successfully

2019-05-13 11:27:07 - [MESSAGE][PASSED] - Navigate to 'https://am-automation-test.epulsedev2.com/users' successfully

2019-05-13 11:27:07 - [TEST_STEP][PASSED] - delay(1): Delayed 1 second(s)

2019-05-13 11:27:08 - [MESSAGE][PASSED] - Delayed 1 second(s)

2019-05-13 11:27:08 - [TEST_STEP][PASSED] - click(findTestObject("Admin Console ePulse Menu/Account Settings/Users/Add User")): Object: 'Object Repository/Admin Console ePulse Menu/Account Settings/Users/Add User' is clicked on

2019-05-13 11:27:09 - [MESSAGE][PASSED] - Object: 'Object Repository/Admin Console ePulse Menu/Account Settings/Users/Add User' is clicked on

2019-05-13 11:27:09 - [TEST_STEP][PASSED] - delay(1): Delayed 1 second(s)

2019-05-13 11:27:10 - [MESSAGE][PASSED] - Delayed 1 second(s)

2019-05-13 11:27:10 - [TEST_STEP][PASSED] - setText(findTestObject("Admin Console ePulse Menu/Account Settings/Add User/input_First name"), "add"): Text 'add' is set on object 'Object Repository/Admin Console ePulse Menu/Account Settings/Add User/input_First name'

2019-05-13 11:27:10 - [MESSAGE][PASSED] - Text 'add' is set on object 'Object Repository/Admin Console ePulse Menu/Account Settings/Add User/input_First name'

2019-05-13 11:27:10 - [TEST_STEP][PASSED] - delay(1): Delayed 1 second(s)

2019-05-13 11:27:11 - [MESSAGE][PASSED] - Delayed 1 second(s)

2019-05-13 11:27:11 - [TEST_STEP][PASSED] - setText(findTestObject("Admin Console ePulse Menu/Account Settings/Add User/input_Last name"), "User"): Text 'User' is set on object 'Object Repository/Admin Console ePulse Menu/Account Settings/Add User/input_Last name'

2019-05-13 11:27:11 - [MESSAGE][PASSED] - Text 'User' is set on object 'Object Repository/Admin Console ePulse Menu/Account Settings/Add User/input_Last name'

2019-05-13 11:27:11 - [TEST_STEP][PASSED] - delay(1): Delayed 1 second(s)

2019-05-13 11:27:12 - [MESSAGE][PASSED] - Delayed 1 second(s)

2019-05-13 11:27:12 - [TEST_STEP][PASSED] - setText(findTestObject("Admin Console ePulse Menu/Account Settings/Add User/input_Phone"), "3137777777"): Text '3137777777' is set on object 'Object Repository/Admin Console ePulse Menu/Account Settings/Add User/input_Phone'

2019-05-13 11:27:13 - [MESSAGE][PASSED] - Text '3137777777' is set on object 'Object Repository/Admin Console ePulse Menu/Account Settings/Add User/input_Phone'

2019-05-13 11:27:13 - [TEST_STEP][PASSED] - delay(1): Delayed 1 second(s)

2019-05-13 11:27:14 - [MESSAGE][PASSED] - Delayed 1 second(s)

2019-05-13 11:27:14 - [TEST_STEP][PASSED] - setText(findTestObject("Admin Console ePulse Menu/Account Settings/Add User/input_E-mail"), "addnew4-user@knowink.com"): Text 'addnew4-user@knowink.com' is set on object 'Object Repository/Admin Console ePulse Menu/Account Settings/Add User/input_E-mail'

2019-05-13 11:27:14 - [MESSAGE][PASSED] - Text 'addnew4-user@knowink.com' is set on object 'Object Repository/Admin Console ePulse Menu/Account Settings/Add User/input_E-mail'

2019-05-13 11:27:14 - [TEST_STEP][PASSED] - delay(1): Delayed 1 second(s)

2019-05-13 11:27:15 - [MESSAGE][PASSED] - Delayed 1 second(s)

2019-05-13 11:27:15 - [TEST_STEP][PASSED] - selectOptionByValue(findTestObject("Admin Console ePulse Menu/Account Settings/Add User/Select Epulse User"), "3", true): All options with value '3' are selected in object 'Object Repository/Admin Console ePulse Menu/Account Settings/Add User/Select Epulse User'  using regular expression

2019-05-13 11:27:15 - [MESSAGE][PASSED] - All options with value '3' are selected in object 'Object Repository/Admin Console ePulse Menu/Account Settings/Add User/Select Epulse User'  using regular expression

2019-05-13 11:27:15 - [TEST_STEP][PASSED] - delay(1): Delayed 1 second(s)

2019-05-13 11:27:16 - [MESSAGE][PASSED] - Delayed 1 second(s)

2019-05-13 11:27:16 - [TEST_STEP][NOT_RUN] - selectOptionByValue(findTestObject("Admin Console ePulse Menu/Account Settings/Add User/Select Notify by"), "2", true): NOT_RUN: selectOptionByValue(findTestObject("Admin Console ePulse Menu/Account Settings/Add User/Select Notify by"), "2", true)

2019-05-13 11:27:16 - [MESSAGE][NOT_RUN] - NOT_RUN: selectOptionByValue(findTestObject("Admin Console ePulse Menu/Account Settings/Add User/Select Notify by"), "2", true)

2019-05-13 11:27:16 - [TEST_STEP][NOT_RUN] - delay(1): NOT_RUN: delay(1)

2019-05-13 11:27:16 - [MESSAGE][NOT_RUN] - NOT_RUN: delay(1)

2019-05-13 11:27:16 - [TEST_STEP][NOT_RUN] - selectOptionByValue(findTestObject("Admin Console ePulse Menu/Account Settings/Add User/Select User Rights"), "election_day", true): NOT_RUN: selectOptionByValue(findTestObject("Admin Console ePulse Menu/Account Settings/Add User/Select User Rights"), "election_day", true)

2019-05-13 11:27:16 - [MESSAGE][NOT_RUN] - NOT_RUN: selectOptionByValue(findTestObject("Admin Console ePulse Menu/Account Settings/Add User/Select User Rights"), "election_day", true)

2019-05-13 11:27:16 - [TEST_STEP][NOT_RUN] - delay(1): NOT_RUN: delay(1)

2019-05-13 11:27:16 - [MESSAGE][NOT_RUN] - NOT_RUN: delay(1)

2019-05-13 11:27:16 - [TEST_STEP][PASSED] - click(findTestObject("Common ePulse Objects/Submit Button")): Object: 'Object Repository/Common ePulse Objects/Submit Button' is clicked on

2019-05-13 11:27:17 - [MESSAGE][PASSED] - Object: 'Object Repository/Common ePulse Objects/Submit Button' is clicked on

2019-05-13 11:27:17 - [TEST_STEP][PASSED] - closeBrowser(): Browser is closed

2019-05-13 11:27:17 - [MESSAGE][PASSED] - Browser is closed]]></system-out>
         <system-err><![CDATA[]]></system-err>
      </testcase>
      <testcase name="Test Cases/Admin Console/Account Settings/Users()/Account Settings - New User(admin_Standard)" classname="Test Cases/Admin Console/Account Settings/Users()/Account Settings - New User(admin_Standard)" status="PASSED">
         <system-out><![CDATA[2019-05-13 11:27:19 - [TEST_CASE][PASSED] - Test Cases/Admin Console/Account Settings/Users()/Account Settings - New User(admin_Standard): Test Cases/Admin Console/Account Settings/Users()/Account Settings - New User(admin_Standard)

2019-05-13 11:27:19 - [TEST_STEP][PASSED] - openBrowser(""): Browser is opened with url: ''

2019-05-13 11:27:19 - [MESSAGE][INFO] - Starting 'Chrome' driver

2019-05-13 11:27:21 - [MESSAGE][PASSED] - Browser is opened with url: ''

2019-05-13 11:27:21 - [TEST_STEP][PASSED] - navigateToUrl(URL): Navigate to 'https://epulsedev2.com' successfully

2019-05-13 11:27:23 - [MESSAGE][PASSED] - Navigate to 'https://epulsedev2.com' successfully

2019-05-13 11:27:23 - [TEST_STEP][PASSED] - setText(findTestObject("Login/Email Address"), User_email): Text 'alonzo.mack@knowink.com' is set on object 'Object Repository/Login/Email Address'

2019-05-13 11:27:23 - [MESSAGE][PASSED] - Text 'alonzo.mack@knowink.com' is set on object 'Object Repository/Login/Email Address'

2019-05-13 11:27:23 - [TEST_STEP][PASSED] - setEncryptedText(findTestObject("Login/Password"), Pswrd): Text ****** has been set on object 'Object Repository/Login/Password'

2019-05-13 11:27:23 - [MESSAGE][PASSED] - Text ****** has been set on object 'Object Repository/Login/Password'

2019-05-13 11:27:23 - [TEST_STEP][PASSED] - click(findTestObject("Login/Sign In")): Object: 'Object Repository/Login/Sign In' is clicked on

2019-05-13 11:27:24 - [MESSAGE][PASSED] - Object: 'Object Repository/Login/Sign In' is clicked on

2019-05-13 11:27:24 - [TEST_STEP][PASSED] - delay(1): Delayed 1 second(s)

2019-05-13 11:27:25 - [MESSAGE][PASSED] - Delayed 1 second(s)

2019-05-13 11:27:25 - [TEST_STEP][PASSED] - navigateToUrl(Users, STOP_ON_FAILURE): Navigate to 'https://am-automation-test.epulsedev2.com/users' successfully

2019-05-13 11:27:26 - [MESSAGE][PASSED] - Navigate to 'https://am-automation-test.epulsedev2.com/users' successfully

2019-05-13 11:27:26 - [TEST_STEP][PASSED] - delay(1): Delayed 1 second(s)

2019-05-13 11:27:27 - [MESSAGE][PASSED] - Delayed 1 second(s)

2019-05-13 11:27:27 - [TEST_STEP][PASSED] - click(findTestObject("Admin Console ePulse Menu/Account Settings/Users/Add User")): Object: 'Object Repository/Admin Console ePulse Menu/Account Settings/Users/Add User' is clicked on

2019-05-13 11:27:28 - [MESSAGE][PASSED] - Object: 'Object Repository/Admin Console ePulse Menu/Account Settings/Users/Add User' is clicked on

2019-05-13 11:27:28 - [TEST_STEP][PASSED] - delay(1): Delayed 1 second(s)

2019-05-13 11:27:29 - [MESSAGE][PASSED] - Delayed 1 second(s)

2019-05-13 11:27:29 - [TEST_STEP][PASSED] - setText(findTestObject("Admin Console ePulse Menu/Account Settings/Add User/input_First name"), "add"): Text 'add' is set on object 'Object Repository/Admin Console ePulse Menu/Account Settings/Add User/input_First name'

2019-05-13 11:27:29 - [MESSAGE][PASSED] - Text 'add' is set on object 'Object Repository/Admin Console ePulse Menu/Account Settings/Add User/input_First name'

2019-05-13 11:27:29 - [TEST_STEP][PASSED] - delay(1): Delayed 1 second(s)

2019-05-13 11:27:30 - [MESSAGE][PASSED] - Delayed 1 second(s)

2019-05-13 11:27:30 - [TEST_STEP][PASSED] - setText(findTestObject("Admin Console ePulse Menu/Account Settings/Add User/input_Last name"), "User"): Text 'User' is set on object 'Object Repository/Admin Console ePulse Menu/Account Settings/Add User/input_Last name'

2019-05-13 11:27:30 - [MESSAGE][PASSED] - Text 'User' is set on object 'Object Repository/Admin Console ePulse Menu/Account Settings/Add User/input_Last name'

2019-05-13 11:27:30 - [TEST_STEP][PASSED] - delay(1): Delayed 1 second(s)

2019-05-13 11:27:31 - [MESSAGE][PASSED] - Delayed 1 second(s)

2019-05-13 11:27:31 - [TEST_STEP][PASSED] - setText(findTestObject("Admin Console ePulse Menu/Account Settings/Add User/input_Phone"), "3137777777"): Text '3137777777' is set on object 'Object Repository/Admin Console ePulse Menu/Account Settings/Add User/input_Phone'

2019-05-13 11:27:32 - [MESSAGE][PASSED] - Text '3137777777' is set on object 'Object Repository/Admin Console ePulse Menu/Account Settings/Add User/input_Phone'

2019-05-13 11:27:32 - [TEST_STEP][PASSED] - delay(1): Delayed 1 second(s)

2019-05-13 11:27:33 - [MESSAGE][PASSED] - Delayed 1 second(s)

2019-05-13 11:27:33 - [TEST_STEP][PASSED] - setText(findTestObject("Admin Console ePulse Menu/Account Settings/Add User/input_E-mail"), "addnew-user@knowink.com"): Text 'addnew-user@knowink.com' is set on object 'Object Repository/Admin Console ePulse Menu/Account Settings/Add User/input_E-mail'

2019-05-13 11:27:33 - [MESSAGE][PASSED] - Text 'addnew-user@knowink.com' is set on object 'Object Repository/Admin Console ePulse Menu/Account Settings/Add User/input_E-mail'

2019-05-13 11:27:33 - [TEST_STEP][PASSED] - delay(1): Delayed 1 second(s)

2019-05-13 11:27:34 - [MESSAGE][PASSED] - Delayed 1 second(s)

2019-05-13 11:27:34 - [TEST_STEP][PASSED] - selectOptionByValue(findTestObject("Admin Console ePulse Menu/Account Settings/Add User/Select Epulse User"), "0", true): All options with value '0' are selected in object 'Object Repository/Admin Console ePulse Menu/Account Settings/Add User/Select Epulse User'  using regular expression

2019-05-13 11:27:34 - [MESSAGE][PASSED] - All options with value '0' are selected in object 'Object Repository/Admin Console ePulse Menu/Account Settings/Add User/Select Epulse User'  using regular expression

2019-05-13 11:27:34 - [TEST_STEP][PASSED] - delay(1): Delayed 1 second(s)

2019-05-13 11:27:35 - [MESSAGE][PASSED] - Delayed 1 second(s)

2019-05-13 11:27:35 - [TEST_STEP][PASSED] - selectOptionByValue(findTestObject("Admin Console ePulse Menu/Account Settings/Add User/Select Notify by"), "2", true): All options with value '2' are selected in object 'Object Repository/Admin Console ePulse Menu/Account Settings/Add User/Select Notify by'  using regular expression

2019-05-13 11:27:35 - [MESSAGE][PASSED] - All options with value '2' are selected in object 'Object Repository/Admin Console ePulse Menu/Account Settings/Add User/Select Notify by'  using regular expression

2019-05-13 11:27:35 - [TEST_STEP][PASSED] - delay(1): Delayed 1 second(s)

2019-05-13 11:27:36 - [MESSAGE][PASSED] - Delayed 1 second(s)

2019-05-13 11:27:36 - [TEST_STEP][PASSED] - selectOptionByValue(findTestObject("Admin Console ePulse Menu/Account Settings/Add User/Select User Rights"), "admin", true): All options with value 'admin' are selected in object 'Object Repository/Admin Console ePulse Menu/Account Settings/Add User/Select User Rights'  using regular expression

2019-05-13 11:27:36 - [MESSAGE][PASSED] - All options with value 'admin' are selected in object 'Object Repository/Admin Console ePulse Menu/Account Settings/Add User/Select User Rights'  using regular expression

2019-05-13 11:27:36 - [TEST_STEP][PASSED] - delay(1): Delayed 1 second(s)

2019-05-13 11:27:37 - [MESSAGE][PASSED] - Delayed 1 second(s)

2019-05-13 11:27:37 - [TEST_STEP][PASSED] - click(findTestObject("Common ePulse Objects/Submit Button")): Object: 'Object Repository/Common ePulse Objects/Submit Button' is clicked on

2019-05-13 11:27:39 - [MESSAGE][PASSED] - Object: 'Object Repository/Common ePulse Objects/Submit Button' is clicked on

2019-05-13 11:27:39 - [TEST_STEP][NOT_RUN] - closeBrowser(): NOT_RUN: closeBrowser()

2019-05-13 11:27:39 - [MESSAGE][NOT_RUN] - NOT_RUN: closeBrowser()]]></system-out>
         <system-err><![CDATA[]]></system-err>
      </testcase>
      <testcase name="Test Cases/Admin Console/Account Settings/Users()/Account Settings - New User(coordinator_Call.Center)" classname="Test Cases/Admin Console/Account Settings/Users()/Account Settings - New User(coordinator_Call.Center)" status="PASSED">
         <system-out><![CDATA[2019-05-13 11:27:41 - [TEST_CASE][PASSED] - Test Cases/Admin Console/Account Settings/Users()/Account Settings - New User(coordinator_Call.Center): Test Cases/Admin Console/Account Settings/Users()/Account Settings - New User(coordinator_Call.Center)

2019-05-13 11:27:41 - [TEST_STEP][PASSED] - openBrowser(""): Browser is opened with url: ''

2019-05-13 11:27:41 - [MESSAGE][WARNING] - A browser is already opened. Closing browser and opening a new one

2019-05-13 11:27:41 - [MESSAGE][INFO] - Starting 'Chrome' driver

2019-05-13 11:27:42 - [MESSAGE][PASSED] - Browser is opened with url: ''

2019-05-13 11:27:42 - [TEST_STEP][PASSED] - navigateToUrl(URL): Navigate to 'https://epulsedev2.com' successfully

2019-05-13 11:27:44 - [MESSAGE][PASSED] - Navigate to 'https://epulsedev2.com' successfully

2019-05-13 11:27:44 - [TEST_STEP][PASSED] - setText(findTestObject("Login/Email Address"), User_email): Text 'alonzo.mack@knowink.com' is set on object 'Object Repository/Login/Email Address'

2019-05-13 11:27:44 - [MESSAGE][PASSED] - Text 'alonzo.mack@knowink.com' is set on object 'Object Repository/Login/Email Address'

2019-05-13 11:27:44 - [TEST_STEP][PASSED] - setEncryptedText(findTestObject("Login/Password"), Pswrd): Text ****** has been set on object 'Object Repository/Login/Password'

2019-05-13 11:27:45 - [MESSAGE][PASSED] - Text ****** has been set on object 'Object Repository/Login/Password'

2019-05-13 11:27:45 - [TEST_STEP][PASSED] - click(findTestObject("Login/Sign In")): Object: 'Object Repository/Login/Sign In' is clicked on

2019-05-13 11:27:45 - [MESSAGE][PASSED] - Object: 'Object Repository/Login/Sign In' is clicked on

2019-05-13 11:27:45 - [TEST_STEP][PASSED] - delay(1): Delayed 1 second(s)

2019-05-13 11:27:46 - [MESSAGE][PASSED] - Delayed 1 second(s)

2019-05-13 11:27:46 - [TEST_STEP][PASSED] - navigateToUrl(Users, STOP_ON_FAILURE): Navigate to 'https://am-automation-test.epulsedev2.com/users' successfully

2019-05-13 11:27:48 - [MESSAGE][PASSED] - Navigate to 'https://am-automation-test.epulsedev2.com/users' successfully

2019-05-13 11:27:48 - [TEST_STEP][PASSED] - delay(1): Delayed 1 second(s)

2019-05-13 11:27:49 - [MESSAGE][PASSED] - Delayed 1 second(s)

2019-05-13 11:27:49 - [TEST_STEP][PASSED] - click(findTestObject("Admin Console ePulse Menu/Account Settings/Users/Add User")): Object: 'Object Repository/Admin Console ePulse Menu/Account Settings/Users/Add User' is clicked on

2019-05-13 11:27:50 - [MESSAGE][PASSED] - Object: 'Object Repository/Admin Console ePulse Menu/Account Settings/Users/Add User' is clicked on

2019-05-13 11:27:50 - [TEST_STEP][PASSED] - delay(1): Delayed 1 second(s)

2019-05-13 11:27:51 - [MESSAGE][PASSED] - Delayed 1 second(s)

2019-05-13 11:27:51 - [TEST_STEP][PASSED] - setText(findTestObject("Admin Console ePulse Menu/Account Settings/Add User/input_First name"), "add"): Text 'add' is set on object 'Object Repository/Admin Console ePulse Menu/Account Settings/Add User/input_First name'

2019-05-13 11:27:51 - [MESSAGE][PASSED] - Text 'add' is set on object 'Object Repository/Admin Console ePulse Menu/Account Settings/Add User/input_First name'

2019-05-13 11:27:51 - [TEST_STEP][PASSED] - delay(1): Delayed 1 second(s)

2019-05-13 11:27:52 - [MESSAGE][PASSED] - Delayed 1 second(s)

2019-05-13 11:27:52 - [TEST_STEP][PASSED] - setText(findTestObject("Admin Console ePulse Menu/Account Settings/Add User/input_Last name"), "User"): Text 'User' is set on object 'Object Repository/Admin Console ePulse Menu/Account Settings/Add User/input_Last name'

2019-05-13 11:27:52 - [MESSAGE][PASSED] - Text 'User' is set on object 'Object Repository/Admin Console ePulse Menu/Account Settings/Add User/input_Last name'

2019-05-13 11:27:52 - [TEST_STEP][PASSED] - delay(1): Delayed 1 second(s)

2019-05-13 11:27:53 - [MESSAGE][PASSED] - Delayed 1 second(s)

2019-05-13 11:27:53 - [TEST_STEP][PASSED] - setText(findTestObject("Admin Console ePulse Menu/Account Settings/Add User/input_Phone"), "3137777777"): Text '3137777777' is set on object 'Object Repository/Admin Console ePulse Menu/Account Settings/Add User/input_Phone'

2019-05-13 11:27:53 - [MESSAGE][PASSED] - Text '3137777777' is set on object 'Object Repository/Admin Console ePulse Menu/Account Settings/Add User/input_Phone'

2019-05-13 11:27:53 - [TEST_STEP][PASSED] - delay(1): Delayed 1 second(s)

2019-05-13 11:27:54 - [MESSAGE][PASSED] - Delayed 1 second(s)

2019-05-13 11:27:54 - [TEST_STEP][PASSED] - setText(findTestObject("Admin Console ePulse Menu/Account Settings/Add User/input_E-mail"), "addnew3-user@knowink.com"): Text 'addnew3-user@knowink.com' is set on object 'Object Repository/Admin Console ePulse Menu/Account Settings/Add User/input_E-mail'

2019-05-13 11:27:54 - [MESSAGE][PASSED] - Text 'addnew3-user@knowink.com' is set on object 'Object Repository/Admin Console ePulse Menu/Account Settings/Add User/input_E-mail'

2019-05-13 11:27:54 - [TEST_STEP][PASSED] - delay(1): Delayed 1 second(s)

2019-05-13 11:27:55 - [MESSAGE][PASSED] - Delayed 1 second(s)

2019-05-13 11:27:55 - [TEST_STEP][PASSED] - selectOptionByValue(findTestObject("Admin Console ePulse Menu/Account Settings/Add User/Select Epulse User"), "2", true): All options with value '2' are selected in object 'Object Repository/Admin Console ePulse Menu/Account Settings/Add User/Select Epulse User'  using regular expression

2019-05-13 11:27:55 - [MESSAGE][PASSED] - All options with value '2' are selected in object 'Object Repository/Admin Console ePulse Menu/Account Settings/Add User/Select Epulse User'  using regular expression

2019-05-13 11:27:55 - [TEST_STEP][PASSED] - delay(1): Delayed 1 second(s)

2019-05-13 11:27:56 - [MESSAGE][PASSED] - Delayed 1 second(s)

2019-05-13 11:27:56 - [TEST_STEP][NOT_RUN] - selectOptionByValue(findTestObject("Admin Console ePulse Menu/Account Settings/Add User/Select Notify by"), "2", true): NOT_RUN: selectOptionByValue(findTestObject("Admin Console ePulse Menu/Account Settings/Add User/Select Notify by"), "2", true)

2019-05-13 11:27:56 - [MESSAGE][NOT_RUN] - NOT_RUN: selectOptionByValue(findTestObject("Admin Console ePulse Menu/Account Settings/Add User/Select Notify by"), "2", true)

2019-05-13 11:27:56 - [TEST_STEP][NOT_RUN] - delay(1): NOT_RUN: delay(1)

2019-05-13 11:27:56 - [MESSAGE][NOT_RUN] - NOT_RUN: delay(1)

2019-05-13 11:27:56 - [TEST_STEP][NOT_RUN] - selectOptionByValue(findTestObject("Admin Console ePulse Menu/Account Settings/Add User/Select User Rights"), "coordinator", true): NOT_RUN: selectOptionByValue(findTestObject("Admin Console ePulse Menu/Account Settings/Add User/Select User Rights"), "coordinator", true)

2019-05-13 11:27:56 - [MESSAGE][NOT_RUN] - NOT_RUN: selectOptionByValue(findTestObject("Admin Console ePulse Menu/Account Settings/Add User/Select User Rights"), "coordinator", true)

2019-05-13 11:27:56 - [TEST_STEP][NOT_RUN] - delay(1): NOT_RUN: delay(1)

2019-05-13 11:27:56 - [MESSAGE][NOT_RUN] - NOT_RUN: delay(1)

2019-05-13 11:27:56 - [TEST_STEP][PASSED] - click(findTestObject("Common ePulse Objects/Submit Button")): Object: 'Object Repository/Common ePulse Objects/Submit Button' is clicked on

2019-05-13 11:27:58 - [MESSAGE][PASSED] - Object: 'Object Repository/Common ePulse Objects/Submit Button' is clicked on

2019-05-13 11:27:58 - [TEST_STEP][PASSED] - closeBrowser(): Browser is closed

2019-05-13 11:27:58 - [MESSAGE][PASSED] - Browser is closed]]></system-out>
         <system-err><![CDATA[]]></system-err>
      </testcase>
      <testcase name="Test Cases/Admin Console/Account Settings/Languages/Languages - Import" classname="Test Cases/Admin Console/Account Settings/Languages/Languages - Import" status="PASSED">
         <system-out><![CDATA[2019-05-13 11:28:00 - [TEST_CASE][PASSED] - Test Cases/Admin Console/Account Settings/Languages/Languages - Import: Test Cases/Admin Console/Account Settings/Languages/Languages - Import

2019-05-13 11:28:00 - [TEST_STEP][PASSED] - openBrowser(""): Browser is opened with url: ''

2019-05-13 11:28:00 - [MESSAGE][INFO] - Starting 'Chrome' driver

2019-05-13 11:28:01 - [MESSAGE][PASSED] - Browser is opened with url: ''

2019-05-13 11:28:01 - [TEST_STEP][PASSED] - navigateToUrl(URL): Navigate to 'https://epulsedev2.com' successfully

2019-05-13 11:28:03 - [MESSAGE][PASSED] - Navigate to 'https://epulsedev2.com' successfully

2019-05-13 11:28:03 - [TEST_STEP][PASSED] - setText(findTestObject("Login/Email Address"), User_email): Text 'alonzo.mack@knowink.com' is set on object 'Object Repository/Login/Email Address'

2019-05-13 11:28:03 - [MESSAGE][PASSED] - Text 'alonzo.mack@knowink.com' is set on object 'Object Repository/Login/Email Address'

2019-05-13 11:28:03 - [TEST_STEP][PASSED] - setEncryptedText(findTestObject("Login/Password"), Pswrd): Text ****** has been set on object 'Object Repository/Login/Password'

2019-05-13 11:28:04 - [MESSAGE][PASSED] - Text ****** has been set on object 'Object Repository/Login/Password'

2019-05-13 11:28:04 - [TEST_STEP][PASSED] - click(findTestObject("Login/Sign In")): Object: 'Object Repository/Login/Sign In' is clicked on

2019-05-13 11:28:04 - [MESSAGE][PASSED] - Object: 'Object Repository/Login/Sign In' is clicked on

2019-05-13 11:28:04 - [TEST_STEP][PASSED] - delay(1): Delayed 1 second(s)

2019-05-13 11:28:05 - [MESSAGE][PASSED] - Delayed 1 second(s)

2019-05-13 11:28:05 - [TEST_STEP][PASSED] - navigateToUrl(languages_import, STOP_ON_FAILURE): Navigate to 'https://am-automation-test.epulsedev2.com/imports/languages' successfully

2019-05-13 11:28:07 - [MESSAGE][PASSED] - Navigate to 'https://am-automation-test.epulsedev2.com/imports/languages' successfully

2019-05-13 11:28:07 - [TEST_STEP][PASSED] - delay(1): Delayed 1 second(s)

2019-05-13 11:28:08 - [MESSAGE][PASSED] - Delayed 1 second(s)

2019-05-13 11:28:08 - [TEST_STEP][PASSED] - setText(findTestObject("Admin Console ePulse Menu/Account Settings/Prompts/Import Prompts Buttons/Choose File"), "/Users/alonzomack/Downloads/Automation uploads/languages.csv"): Text '/Users/alonzomack/Downloads/Automation uploads/languages.csv' is set on object 'Object Repository/Admin Console ePulse Menu/Account Settings/Prompts/Import Prompts Buttons/Choose File'

2019-05-13 11:28:08 - [MESSAGE][PASSED] - Text '/Users/alonzomack/Downloads/Automation uploads/languages.csv' is set on object 'Object Repository/Admin Console ePulse Menu/Account Settings/Prompts/Import Prompts Buttons/Choose File'

2019-05-13 11:28:08 - [TEST_STEP][PASSED] - click(findTestObject("Admin Console ePulse Menu/Account Settings/Prompts/Import Prompts Buttons/Continue Button")): Object: 'Object Repository/Admin Console ePulse Menu/Account Settings/Prompts/Import Prompts Buttons/Continue Button' is clicked on

2019-05-13 11:28:08 - [MESSAGE][PASSED] - Object: 'Object Repository/Admin Console ePulse Menu/Account Settings/Prompts/Import Prompts Buttons/Continue Button' is clicked on

2019-05-13 11:28:08 - [TEST_STEP][PASSED] - delay(1): Delayed 1 second(s)

2019-05-13 11:28:09 - [MESSAGE][PASSED] - Delayed 1 second(s)

2019-05-13 11:28:09 - [TEST_STEP][PASSED] - click(findTestObject("Admin Console ePulse Menu/Account Settings/Prompts/Import Prompts Buttons/button_Done(working)")): Object: 'Object Repository/Admin Console ePulse Menu/Account Settings/Prompts/Import Prompts Buttons/button_Done(working)' is clicked on

2019-05-13 11:28:16 - [MESSAGE][PASSED] - Object: 'Object Repository/Admin Console ePulse Menu/Account Settings/Prompts/Import Prompts Buttons/button_Done(working)' is clicked on

2019-05-13 11:28:16 - [TEST_STEP][PASSED] - delay(1): Delayed 1 second(s)

2019-05-13 11:28:17 - [MESSAGE][PASSED] - Delayed 1 second(s)

2019-05-13 11:28:17 - [TEST_STEP][PASSED] - closeBrowser(): Browser is closed

2019-05-13 11:28:17 - [MESSAGE][PASSED] - Browser is closed]]></system-out>
         <system-err><![CDATA[]]></system-err>
      </testcase>
      <testcase name="Test Cases/Admin Console/Account Settings/Poll Pad Setup()/Poll Pad Setup - Demo DB" classname="Test Cases/Admin Console/Account Settings/Poll Pad Setup()/Poll Pad Setup - Demo DB" status="FAILED">
         <failure type="FAILED" message="Test Cases/Admin Console/Account Settings/Poll Pad Setup()/Poll Pad Setup - Demo DB FAILED.
Reason:
com.kms.katalon.core.exception.StepFailedException: Unable to click on object 'Object Repository/Admin Console ePulse Menu/Account Settings/Poll Pad Setup/Demo Db' (Root cause: com.kms.katalon.core.webui.exception.WebElementNotFoundException: Web element with id: 'Object Repository/Admin Console ePulse Menu/Account Settings/Poll Pad Setup/Demo Db' located by 'By.xpath: //a[@data-anchor=&quot;#demo_db&quot;]' not found)
	at com.kms.katalon.core.keyword.internal.KeywordMain.stepFailed(KeywordMain.groovy:36)
	at com.kms.katalon.core.webui.keyword.internal.WebUIKeywordMain.stepFailed(WebUIKeywordMain.groovy:65)
	at com.kms.katalon.core.webui.keyword.internal.WebUIKeywordMain.runKeyword(WebUIKeywordMain.groovy:27)
	at com.kms.katalon.core.webui.keyword.builtin.ClickKeyword.click(ClickKeyword.groovy:86)
	at com.kms.katalon.core.webui.keyword.builtin.ClickKeyword.execute(ClickKeyword.groovy:67)
	at com.kms.katalon.core.keyword.internal.KeywordExecutor.executeKeywordForPlatform(KeywordExecutor.groovy:53)
	at com.kms.katalon.core.webui.keyword.WebUiBuiltInKeywords.click(WebUiBuiltInKeywords.groovy:616)
	at com.kms.katalon.core.webui.keyword.WebUiBuiltInKeywords$click$3.call(Unknown Source)
	at Poll Pad Setup - Demo DB.run(Poll Pad Setup - Demo DB:35)
	at com.kms.katalon.core.main.ScriptEngine.run(ScriptEngine.java:194)
	at com.kms.katalon.core.main.ScriptEngine.runScriptAsRawText(ScriptEngine.java:119)
	at com.kms.katalon.core.main.TestCaseExecutor.runScript(TestCaseExecutor.java:328)
	at com.kms.katalon.core.main.TestCaseExecutor.doExecute(TestCaseExecutor.java:319)
	at com.kms.katalon.core.main.TestCaseExecutor.processExecutionPhase(TestCaseExecutor.java:298)
	at com.kms.katalon.core.main.TestCaseExecutor.accessMainPhase(TestCaseExecutor.java:290)
	at com.kms.katalon.core.main.TestCaseExecutor.execute(TestCaseExecutor.java:224)
	at com.kms.katalon.core.main.TestSuiteExecutor.accessTestCaseMainPhase(TestSuiteExecutor.java:129)
	at com.kms.katalon.core.main.TestSuiteExecutor.accessTestSuiteMainPhase(TestSuiteExecutor.java:112)
	at com.kms.katalon.core.main.TestSuiteExecutor.execute(TestSuiteExecutor.java:81)
	at com.kms.katalon.core.main.TestCaseMain.startTestSuite(TestCaseMain.java:149)
	at com.kms.katalon.core.main.TestCaseMain$startTestSuite$0.call(Unknown Source)
	at TempTestSuite1557763859677.run(TempTestSuite1557763859677.groovy:36)
"/>
         <system-out><![CDATA[2019-05-13 11:28:19 - [TEST_CASE][FAILED] - Test Cases/Admin Console/Account Settings/Poll Pad Setup()/Poll Pad Setup - Demo DB: Test Cases/Admin Console/Account Settings/Poll Pad Setup()/Poll Pad Setup - Demo DB FAILED.
Reason:
com.kms.katalon.core.exception.StepFailedException: Unable to click on object 'Object Repository/Admin Console ePulse Menu/Account Settings/Poll Pad Setup/Demo Db' (Root cause: com.kms.katalon.core.webui.exception.WebElementNotFoundException: Web element with id: 'Object Repository/Admin Console ePulse Menu/Account Settings/Poll Pad Setup/Demo Db' located by 'By.xpath: //a[@data-anchor="#demo_db"]' not found)
	at com.kms.katalon.core.keyword.internal.KeywordMain.stepFailed(KeywordMain.groovy:36)
	at com.kms.katalon.core.webui.keyword.internal.WebUIKeywordMain.stepFailed(WebUIKeywordMain.groovy:65)
	at com.kms.katalon.core.webui.keyword.internal.WebUIKeywordMain.runKeyword(WebUIKeywordMain.groovy:27)
	at com.kms.katalon.core.webui.keyword.builtin.ClickKeyword.click(ClickKeyword.groovy:86)
	at com.kms.katalon.core.webui.keyword.builtin.ClickKeyword.execute(ClickKeyword.groovy:67)
	at com.kms.katalon.core.keyword.internal.KeywordExecutor.executeKeywordForPlatform(KeywordExecutor.groovy:53)
	at com.kms.katalon.core.webui.keyword.WebUiBuiltInKeywords.click(WebUiBuiltInKeywords.groovy:616)
	at com.kms.katalon.core.webui.keyword.WebUiBuiltInKeywords$click$3.call(Unknown Source)
	at Poll Pad Setup - Demo DB.run(Poll Pad Setup - Demo DB:35)
	at com.kms.katalon.core.main.ScriptEngine.run(ScriptEngine.java:194)
	at com.kms.katalon.core.main.ScriptEngine.runScriptAsRawText(ScriptEngine.java:119)
	at com.kms.katalon.core.main.TestCaseExecutor.runScript(TestCaseExecutor.java:328)
	at com.kms.katalon.core.main.TestCaseExecutor.doExecute(TestCaseExecutor.java:319)
	at com.kms.katalon.core.main.TestCaseExecutor.processExecutionPhase(TestCaseExecutor.java:298)
	at com.kms.katalon.core.main.TestCaseExecutor.accessMainPhase(TestCaseExecutor.java:290)
	at com.kms.katalon.core.main.TestCaseExecutor.execute(TestCaseExecutor.java:224)
	at com.kms.katalon.core.main.TestSuiteExecutor.accessTestCaseMainPhase(TestSuiteExecutor.java:129)
	at com.kms.katalon.core.main.TestSuiteExecutor.accessTestSuiteMainPhase(TestSuiteExecutor.java:112)
	at com.kms.katalon.core.main.TestSuiteExecutor.execute(TestSuiteExecutor.java:81)
	at com.kms.katalon.core.main.TestCaseMain.startTestSuite(TestCaseMain.java:149)
	at com.kms.katalon.core.main.TestCaseMain$startTestSuite$0.call(Unknown Source)
	at TempTestSuite1557763859677.run(TempTestSuite1557763859677.groovy:36)


2019-05-13 11:28:19 - [TEST_STEP][PASSED] - openBrowser(""): Browser is opened with url: ''

2019-05-13 11:28:19 - [MESSAGE][INFO] - Starting 'Chrome' driver

2019-05-13 11:28:21 - [MESSAGE][PASSED] - Browser is opened with url: ''

2019-05-13 11:28:21 - [TEST_STEP][PASSED] - navigateToUrl(URL): Navigate to 'https://epulsedev2.com' successfully

2019-05-13 11:28:23 - [MESSAGE][PASSED] - Navigate to 'https://epulsedev2.com' successfully

2019-05-13 11:28:23 - [TEST_STEP][PASSED] - setText(findTestObject("Login/Email Address"), User_email): Text 'alonzo.mack@knowink.com' is set on object 'Object Repository/Login/Email Address'

2019-05-13 11:28:23 - [MESSAGE][PASSED] - Text 'alonzo.mack@knowink.com' is set on object 'Object Repository/Login/Email Address'

2019-05-13 11:28:23 - [TEST_STEP][PASSED] - setEncryptedText(findTestObject("Login/Password"), Pswrd): Text ****** has been set on object 'Object Repository/Login/Password'

2019-05-13 11:28:23 - [MESSAGE][PASSED] - Text ****** has been set on object 'Object Repository/Login/Password'

2019-05-13 11:28:23 - [TEST_STEP][PASSED] - click(findTestObject("Login/Sign In")): Object: 'Object Repository/Login/Sign In' is clicked on

2019-05-13 11:28:24 - [MESSAGE][PASSED] - Object: 'Object Repository/Login/Sign In' is clicked on

2019-05-13 11:28:24 - [TEST_STEP][PASSED] - delay(1): Delayed 1 second(s)

2019-05-13 11:28:25 - [MESSAGE][PASSED] - Delayed 1 second(s)

2019-05-13 11:28:25 - [TEST_STEP][PASSED] - navigateToUrl(Demo_DB): Navigate to 'https://am-automation-test.epulsedev2.com/training_mode/demo_db' successfully

2019-05-13 11:28:26 - [MESSAGE][PASSED] - Navigate to 'https://am-automation-test.epulsedev2.com/training_mode/demo_db' successfully

2019-05-13 11:28:26 - [TEST_STEP][FAILED] - click(findTestObject("Admin Console ePulse Menu/Account Settings/Poll Pad Setup/Demo Db")): click(findTestObject("Admin Console ePulse Menu/Account Settings/Poll Pad Setup/Demo Db")) FAILED.
Reason:
com.kms.katalon.core.exception.StepFailedException: Unable to click on object 'Object Repository/Admin Console ePulse Menu/Account Settings/Poll Pad Setup/Demo Db' (Root cause: com.kms.katalon.core.webui.exception.WebElementNotFoundException: Web element with id: 'Object Repository/Admin Console ePulse Menu/Account Settings/Poll Pad Setup/Demo Db' located by 'By.xpath: //a[@data-anchor="#demo_db"]' not found)
	at com.kms.katalon.core.keyword.internal.KeywordMain.stepFailed(KeywordMain.groovy:36)
	at com.kms.katalon.core.webui.keyword.internal.WebUIKeywordMain.stepFailed(WebUIKeywordMain.groovy:65)
	at com.kms.katalon.core.webui.keyword.internal.WebUIKeywordMain.runKeyword(WebUIKeywordMain.groovy:27)
	at com.kms.katalon.core.webui.keyword.builtin.ClickKeyword.click(ClickKeyword.groovy:86)
	at com.kms.katalon.core.webui.keyword.builtin.ClickKeyword.execute(ClickKeyword.groovy:67)
	at com.kms.katalon.core.keyword.internal.KeywordExecutor.executeKeywordForPlatform(KeywordExecutor.groovy:53)
	at com.kms.katalon.core.webui.keyword.WebUiBuiltInKeywords.click(WebUiBuiltInKeywords.groovy:616)
	at com.kms.katalon.core.webui.keyword.WebUiBuiltInKeywords$click$3.call(Unknown Source)
	at Poll Pad Setup - Demo DB.run(Poll Pad Setup - Demo DB:35)
	at com.kms.katalon.core.main.ScriptEngine.run(ScriptEngine.java:194)
	at com.kms.katalon.core.main.ScriptEngine.runScriptAsRawText(ScriptEngine.java:119)
	at com.kms.katalon.core.main.TestCaseExecutor.runScript(TestCaseExecutor.java:328)
	at com.kms.katalon.core.main.TestCaseExecutor.doExecute(TestCaseExecutor.java:319)
	at com.kms.katalon.core.main.TestCaseExecutor.processExecutionPhase(TestCaseExecutor.java:298)
	at com.kms.katalon.core.main.TestCaseExecutor.accessMainPhase(TestCaseExecutor.java:290)
	at com.kms.katalon.core.main.TestCaseExecutor.execute(TestCaseExecutor.java:224)
	at com.kms.katalon.core.main.TestSuiteExecutor.accessTestCaseMainPhase(TestSuiteExecutor.java:129)
	at com.kms.katalon.core.main.TestSuiteExecutor.accessTestSuiteMainPhase(TestSuiteExecutor.java:112)
	at com.kms.katalon.core.main.TestSuiteExecutor.execute(TestSuiteExecutor.java:81)
	at com.kms.katalon.core.main.TestCaseMain.startTestSuite(TestCaseMain.java:149)
	at com.kms.katalon.core.main.TestCaseMain$startTestSuite$0.call(Unknown Source)
	at TempTestSuite1557763859677.run(TempTestSuite1557763859677.groovy:36)


2019-05-13 11:28:41 - [MESSAGE][INFO] - Unable to find the element located by 'By.xpath: //a[@data-anchor="#demo_db"]'. Please recheck the objects properties to make sure the desired element is located. 

2019-05-13 11:28:42 - [MESSAGE][FAILED] - Unable to click on object 'Object Repository/Admin Console ePulse Menu/Account Settings/Poll Pad Setup/Demo Db' (Root cause: com.kms.katalon.core.webui.exception.WebElementNotFoundException: Web element with id: 'Object Repository/Admin Console ePulse Menu/Account Settings/Poll Pad Setup/Demo Db' located by 'By.xpath: //a[@data-anchor="#demo_db"]' not found)
[[ATTACHMENT|/Users/alonzomack/Katalon Studio/Regression/Reports/dev_staging smoketest/20190513_111059/1557764921562.png]]

2019-05-13 11:28:42 - [MESSAGE][FAILED] - click(findTestObject("Admin Console ePulse Menu/Account Settings/Poll Pad Setup/Demo Db")) FAILED.
Reason:
com.kms.katalon.core.exception.StepFailedException: Unable to click on object 'Object Repository/Admin Console ePulse Menu/Account Settings/Poll Pad Setup/Demo Db' (Root cause: com.kms.katalon.core.webui.exception.WebElementNotFoundException: Web element with id: 'Object Repository/Admin Console ePulse Menu/Account Settings/Poll Pad Setup/Demo Db' located by 'By.xpath: //a[@data-anchor="#demo_db"]' not found)
	at com.kms.katalon.core.keyword.internal.KeywordMain.stepFailed(KeywordMain.groovy:36)
	at com.kms.katalon.core.webui.keyword.internal.WebUIKeywordMain.stepFailed(WebUIKeywordMain.groovy:65)
	at com.kms.katalon.core.webui.keyword.internal.WebUIKeywordMain.runKeyword(WebUIKeywordMain.groovy:27)
	at com.kms.katalon.core.webui.keyword.builtin.ClickKeyword.click(ClickKeyword.groovy:86)
	at com.kms.katalon.core.webui.keyword.builtin.ClickKeyword.execute(ClickKeyword.groovy:67)
	at com.kms.katalon.core.keyword.internal.KeywordExecutor.executeKeywordForPlatform(KeywordExecutor.groovy:53)
	at com.kms.katalon.core.webui.keyword.WebUiBuiltInKeywords.click(WebUiBuiltInKeywords.groovy:616)
	at com.kms.katalon.core.webui.keyword.WebUiBuiltInKeywords$click$3.call(Unknown Source)
	at Poll Pad Setup - Demo DB.run(Poll Pad Setup - Demo DB:35)
	at com.kms.katalon.core.main.ScriptEngine.run(ScriptEngine.java:194)
	at com.kms.katalon.core.main.ScriptEngine.runScriptAsRawText(ScriptEngine.java:119)
	at com.kms.katalon.core.main.TestCaseExecutor.runScript(TestCaseExecutor.java:328)
	at com.kms.katalon.core.main.TestCaseExecutor.doExecute(TestCaseExecutor.java:319)
	at com.kms.katalon.core.main.TestCaseExecutor.processExecutionPhase(TestCaseExecutor.java:298)
	at com.kms.katalon.core.main.TestCaseExecutor.accessMainPhase(TestCaseExecutor.java:290)
	at com.kms.katalon.core.main.TestCaseExecutor.execute(TestCaseExecutor.java:224)
	at com.kms.katalon.core.main.TestSuiteExecutor.accessTestCaseMainPhase(TestSuiteExecutor.java:129)
	at com.kms.katalon.core.main.TestSuiteExecutor.accessTestSuiteMainPhase(TestSuiteExecutor.java:112)
	at com.kms.katalon.core.main.TestSuiteExecutor.execute(TestSuiteExecutor.java:81)
	at com.kms.katalon.core.main.TestCaseMain.startTestSuite(TestCaseMain.java:149)
	at com.kms.katalon.core.main.TestCaseMain$startTestSuite$0.call(Unknown Source)
	at TempTestSuite1557763859677.run(TempTestSuite1557763859677.groovy:36)]]></system-out>
         <system-err><![CDATA[2019-05-13 11:28:19 - [TEST_CASE][FAILED] - Test Cases/Admin Console/Account Settings/Poll Pad Setup()/Poll Pad Setup - Demo DB: Test Cases/Admin Console/Account Settings/Poll Pad Setup()/Poll Pad Setup - Demo DB FAILED.
Reason:
com.kms.katalon.core.exception.StepFailedException: Unable to click on object 'Object Repository/Admin Console ePulse Menu/Account Settings/Poll Pad Setup/Demo Db' (Root cause: com.kms.katalon.core.webui.exception.WebElementNotFoundException: Web element with id: 'Object Repository/Admin Console ePulse Menu/Account Settings/Poll Pad Setup/Demo Db' located by 'By.xpath: //a[@data-anchor="#demo_db"]' not found)
	at com.kms.katalon.core.keyword.internal.KeywordMain.stepFailed(KeywordMain.groovy:36)
	at com.kms.katalon.core.webui.keyword.internal.WebUIKeywordMain.stepFailed(WebUIKeywordMain.groovy:65)
	at com.kms.katalon.core.webui.keyword.internal.WebUIKeywordMain.runKeyword(WebUIKeywordMain.groovy:27)
	at com.kms.katalon.core.webui.keyword.builtin.ClickKeyword.click(ClickKeyword.groovy:86)
	at com.kms.katalon.core.webui.keyword.builtin.ClickKeyword.execute(ClickKeyword.groovy:67)
	at com.kms.katalon.core.keyword.internal.KeywordExecutor.executeKeywordForPlatform(KeywordExecutor.groovy:53)
	at com.kms.katalon.core.webui.keyword.WebUiBuiltInKeywords.click(WebUiBuiltInKeywords.groovy:616)
	at com.kms.katalon.core.webui.keyword.WebUiBuiltInKeywords$click$3.call(Unknown Source)
	at Poll Pad Setup - Demo DB.run(Poll Pad Setup - Demo DB:35)
	at com.kms.katalon.core.main.ScriptEngine.run(ScriptEngine.java:194)
	at com.kms.katalon.core.main.ScriptEngine.runScriptAsRawText(ScriptEngine.java:119)
	at com.kms.katalon.core.main.TestCaseExecutor.runScript(TestCaseExecutor.java:328)
	at com.kms.katalon.core.main.TestCaseExecutor.doExecute(TestCaseExecutor.java:319)
	at com.kms.katalon.core.main.TestCaseExecutor.processExecutionPhase(TestCaseExecutor.java:298)
	at com.kms.katalon.core.main.TestCaseExecutor.accessMainPhase(TestCaseExecutor.java:290)
	at com.kms.katalon.core.main.TestCaseExecutor.execute(TestCaseExecutor.java:224)
	at com.kms.katalon.core.main.TestSuiteExecutor.accessTestCaseMainPhase(TestSuiteExecutor.java:129)
	at com.kms.katalon.core.main.TestSuiteExecutor.accessTestSuiteMainPhase(TestSuiteExecutor.java:112)
	at com.kms.katalon.core.main.TestSuiteExecutor.execute(TestSuiteExecutor.java:81)
	at com.kms.katalon.core.main.TestCaseMain.startTestSuite(TestCaseMain.java:149)
	at com.kms.katalon.core.main.TestCaseMain$startTestSuite$0.call(Unknown Source)
	at TempTestSuite1557763859677.run(TempTestSuite1557763859677.groovy:36)]]></system-err>
      </testcase>
      <testcase name="Test Cases/Admin Console/Account Settings/Poll Pad Setup()/Poll Pad Setup - ISYNC" classname="Test Cases/Admin Console/Account Settings/Poll Pad Setup()/Poll Pad Setup - ISYNC" status="PASSED">
         <system-out><![CDATA[2019-05-13 11:28:44 - [TEST_CASE][PASSED] - Test Cases/Admin Console/Account Settings/Poll Pad Setup()/Poll Pad Setup - ISYNC: Test Cases/Admin Console/Account Settings/Poll Pad Setup()/Poll Pad Setup - ISYNC

2019-05-13 11:28:44 - [TEST_STEP][PASSED] - openBrowser(""): Browser is opened with url: ''

2019-05-13 11:28:44 - [MESSAGE][WARNING] - A browser is already opened. Closing browser and opening a new one

2019-05-13 11:28:44 - [MESSAGE][INFO] - Starting 'Chrome' driver

2019-05-13 11:28:45 - [MESSAGE][PASSED] - Browser is opened with url: ''

2019-05-13 11:28:45 - [TEST_STEP][PASSED] - navigateToUrl(URL): Navigate to 'https://epulsedev2.com' successfully

2019-05-13 11:28:47 - [MESSAGE][PASSED] - Navigate to 'https://epulsedev2.com' successfully

2019-05-13 11:28:47 - [TEST_STEP][PASSED] - setText(findTestObject("Login/Email Address"), User_email): Text 'alonzo.mack@knowink.com' is set on object 'Object Repository/Login/Email Address'

2019-05-13 11:28:47 - [MESSAGE][PASSED] - Text 'alonzo.mack@knowink.com' is set on object 'Object Repository/Login/Email Address'

2019-05-13 11:28:47 - [TEST_STEP][PASSED] - setEncryptedText(findTestObject("Login/Password"), Pswrd): Text ****** has been set on object 'Object Repository/Login/Password'

2019-05-13 11:28:47 - [MESSAGE][PASSED] - Text ****** has been set on object 'Object Repository/Login/Password'

2019-05-13 11:28:47 - [TEST_STEP][PASSED] - click(findTestObject("Login/Sign In")): Object: 'Object Repository/Login/Sign In' is clicked on

2019-05-13 11:28:48 - [MESSAGE][PASSED] - Object: 'Object Repository/Login/Sign In' is clicked on

2019-05-13 11:28:48 - [TEST_STEP][PASSED] - delay(1): Delayed 1 second(s)

2019-05-13 11:28:49 - [MESSAGE][PASSED] - Delayed 1 second(s)

2019-05-13 11:28:49 - [TEST_STEP][PASSED] - navigateToUrl(iSync): Navigate to 'https://am-automation-test.epulsedev2.com/account_settings/poll_pad' successfully

2019-05-13 11:28:51 - [MESSAGE][PASSED] - Navigate to 'https://am-automation-test.epulsedev2.com/account_settings/poll_pad' successfully

2019-05-13 11:28:51 - [TEST_STEP][PASSED] - click(findTestObject("Admin Console ePulse Menu/Account Settings/Poll Pad Setup/Isync")): Object: 'Object Repository/Admin Console ePulse Menu/Account Settings/Poll Pad Setup/Isync' is clicked on

2019-05-13 11:28:51 - [MESSAGE][PASSED] - Object: 'Object Repository/Admin Console ePulse Menu/Account Settings/Poll Pad Setup/Isync' is clicked on

2019-05-13 11:28:51 - [TEST_STEP][PASSED] - click(findTestObject("Admin Console ePulse Menu/Account Settings/Poll Pad Setup/ISYNC/Generate New button")): Object: 'Object Repository/Admin Console ePulse Menu/Account Settings/Poll Pad Setup/ISYNC/Generate New button' is clicked on

2019-05-13 11:28:51 - [MESSAGE][PASSED] - Object: 'Object Repository/Admin Console ePulse Menu/Account Settings/Poll Pad Setup/ISYNC/Generate New button' is clicked on

2019-05-13 11:28:51 - [TEST_STEP][PASSED] - delay(10): Delayed 10 second(s)

2019-05-13 11:29:01 - [MESSAGE][PASSED] - Delayed 10 second(s)

2019-05-13 11:29:01 - [TEST_STEP][PASSED] - click(findTestObject("Admin Console ePulse Menu/Account Settings/Poll Pad Setup/ISYNC/DOWNLOAD")): Object: 'Object Repository/Admin Console ePulse Menu/Account Settings/Poll Pad Setup/ISYNC/DOWNLOAD' is clicked on

2019-05-13 11:29:01 - [MESSAGE][PASSED] - Object: 'Object Repository/Admin Console ePulse Menu/Account Settings/Poll Pad Setup/ISYNC/DOWNLOAD' is clicked on

2019-05-13 11:29:01 - [TEST_STEP][PASSED] - delay(2): Delayed 2 second(s)

2019-05-13 11:29:03 - [MESSAGE][PASSED] - Delayed 2 second(s)

2019-05-13 11:29:03 - [TEST_STEP][PASSED] - click(findTestObject("Admin Console ePulse Menu/Account Settings/Poll Pad Setup/ISYNC/Delete Selected Download")): Object: 'Object Repository/Admin Console ePulse Menu/Account Settings/Poll Pad Setup/ISYNC/Delete Selected Download' is clicked on

2019-05-13 11:29:04 - [MESSAGE][PASSED] - Object: 'Object Repository/Admin Console ePulse Menu/Account Settings/Poll Pad Setup/ISYNC/Delete Selected Download' is clicked on

2019-05-13 11:29:04 - [TEST_STEP][PASSED] - acceptAlert(): Alert accepted

2019-05-13 11:29:04 - [MESSAGE][PASSED] - Alert accepted

2019-05-13 11:29:04 - [TEST_STEP][PASSED] - delay(1): Delayed 1 second(s)

2019-05-13 11:29:05 - [MESSAGE][PASSED] - Delayed 1 second(s)

2019-05-13 11:29:05 - [TEST_STEP][PASSED] - closeBrowser(): Browser is closed

2019-05-13 11:29:05 - [MESSAGE][PASSED] - Browser is closed]]></system-out>
         <system-err><![CDATA[]]></system-err>
      </testcase>
      <system-out><![CDATA[2019-05-13 11:11:04 - [TEST_SUITE][FAILED] - dev_staging smoketest: Test Cases/Admin Console/Account Settings/Oaths()/Oaths - Add FAILED.
Reason:
com.kms.katalon.core.exception.StepFailedException: Unable to set text 'Oath Instructions' of object 'Object Repository/Admin Console ePulse Menu/Account Settings/Oaths/Add_Edit Oath/Oath Instructions' (Root cause: org.openqa.selenium.ElementNotVisibleException: element not interactable
  (Session info: chrome=74.0.3729.131)
  (Driver info: chromedriver=2.43.600229 (3fae4d0cda5334b4f533bede5a4787f7b832d052),platform=Mac OS X 10.13.3 x86_64) (WARNING: The server did not provide any stacktrace information)
Command duration or timeout: 0 milliseconds
Build info: version: '3.7.1', revision: '8a0099a', time: '2017-11-06T21:07:36.161Z'
System info: host: 'QAs-MacBook-Pro-2.local', ip: '2600:6c40:5400:153d:f5a6:601:affc:661a%en0', os.name: 'Mac OS X', os.arch: 'x86_64', os.version: '10.13.3', java.version: '1.8.0_181'
Driver info: com.kms.katalon.selenium.driver.CChromeDriver
Capabilities {acceptInsecureCerts: false, acceptSslCerts: false, applicationCacheEnabled: false, browserConnectionEnabled: false, browserName: chrome, chrome: {chromedriverVersion: 2.43.600229 (3fae4d0cda5334..., userDataDir: /var/folders/p5/lldhhw894tb...}, cssSelectorsEnabled: true, databaseEnabled: false, goog:chromeOptions: {debuggerAddress: localhost:53488}, handlesAlerts: true, hasTouchScreen: false, javascriptEnabled: true, locationContextEnabled: true, mobileEmulationEnabled: false, nativeEvents: true, networkConnectionEnabled: false, pageLoadStrategy: normal, platform: MAC, platformName: MAC, rotatable: false, setWindowRect: true, takesHeapSnapshot: true, takesScreenshot: true, unexpectedAlertBehaviour: , unhandledPromptBehavior: , version: 74.0.3729.131, webStorageEnabled: true}
Session ID: 5cb41a511443fb3cca86d3830b297a46)
	at com.kms.katalon.core.keyword.internal.KeywordMain.stepFailed(KeywordMain.groovy:36)
	at com.kms.katalon.core.webui.keyword.internal.WebUIKeywordMain.stepFailed(WebUIKeywordMain.groovy:65)
	at com.kms.katalon.core.webui.keyword.internal.WebUIKeywordMain.runKeyword(WebUIKeywordMain.groovy:27)
	at com.kms.katalon.core.webui.keyword.builtin.SetTextKeyword.setText(SetTextKeyword.groovy:65)
	at com.kms.katalon.core.webui.keyword.builtin.SetTextKeyword.execute(SetTextKeyword.groovy:37)
	at com.kms.katalon.core.keyword.internal.KeywordExecutor.executeKeywordForPlatform(KeywordExecutor.groovy:53)
	at com.kms.katalon.core.webui.keyword.WebUiBuiltInKeywords.setText(WebUiBuiltInKeywords.groovy:950)
	at com.kms.katalon.core.webui.keyword.WebUiBuiltInKeywords$setText$1.call(Unknown Source)
	at Oaths - Add.run(Oaths - Add:49)
	at com.kms.katalon.core.main.ScriptEngine.run(ScriptEngine.java:194)
	at com.kms.katalon.core.main.ScriptEngine.runScriptAsRawText(ScriptEngine.java:119)
	at com.kms.katalon.core.main.TestCaseExecutor.runScript(TestCaseExecutor.java:328)
	at com.kms.katalon.core.main.TestCaseExecutor.doExecute(TestCaseExecutor.java:319)
	at com.kms.katalon.core.main.TestCaseExecutor.processExecutionPhase(TestCaseExecutor.java:298)
	at com.kms.katalon.core.main.TestCaseExecutor.accessMainPhase(TestCaseExecutor.java:290)
	at com.kms.katalon.core.main.TestCaseExecutor.execute(TestCaseExecutor.java:224)
	at com.kms.katalon.core.main.TestSuiteExecutor.accessTestCaseMainPhase(TestSuiteExecutor.java:129)
	at com.kms.katalon.core.main.TestSuiteExecutor.accessTestSuiteMainPhase(TestSuiteExecutor.java:112)
	at com.kms.katalon.core.main.TestSuiteExecutor.execute(TestSuiteExecutor.java:81)
	at com.kms.katalon.core.main.TestCaseMain.startTestSuite(TestCaseMain.java:149)
	at com.kms.katalon.core.main.TestCaseMain$startTestSuite$0.call(Unknown Source)
	at TempTestSuite1557763859677.run(TempTestSuite1557763859677.groovy:36)]]></system-out>
      <system-err><![CDATA[2019-05-13 11:11:04 - [TEST_SUITE][FAILED] - dev_staging smoketest: Test Cases/Admin Console/Account Settings/Oaths()/Oaths - Add FAILED.
Reason:
com.kms.katalon.core.exception.StepFailedException: Unable to set text 'Oath Instructions' of object 'Object Repository/Admin Console ePulse Menu/Account Settings/Oaths/Add_Edit Oath/Oath Instructions' (Root cause: org.openqa.selenium.ElementNotVisibleException: element not interactable
  (Session info: chrome=74.0.3729.131)
  (Driver info: chromedriver=2.43.600229 (3fae4d0cda5334b4f533bede5a4787f7b832d052),platform=Mac OS X 10.13.3 x86_64) (WARNING: The server did not provide any stacktrace information)
Command duration or timeout: 0 milliseconds
Build info: version: '3.7.1', revision: '8a0099a', time: '2017-11-06T21:07:36.161Z'
System info: host: 'QAs-MacBook-Pro-2.local', ip: '2600:6c40:5400:153d:f5a6:601:affc:661a%en0', os.name: 'Mac OS X', os.arch: 'x86_64', os.version: '10.13.3', java.version: '1.8.0_181'
Driver info: com.kms.katalon.selenium.driver.CChromeDriver
Capabilities {acceptInsecureCerts: false, acceptSslCerts: false, applicationCacheEnabled: false, browserConnectionEnabled: false, browserName: chrome, chrome: {chromedriverVersion: 2.43.600229 (3fae4d0cda5334..., userDataDir: /var/folders/p5/lldhhw894tb...}, cssSelectorsEnabled: true, databaseEnabled: false, goog:chromeOptions: {debuggerAddress: localhost:53488}, handlesAlerts: true, hasTouchScreen: false, javascriptEnabled: true, locationContextEnabled: true, mobileEmulationEnabled: false, nativeEvents: true, networkConnectionEnabled: false, pageLoadStrategy: normal, platform: MAC, platformName: MAC, rotatable: false, setWindowRect: true, takesHeapSnapshot: true, takesScreenshot: true, unexpectedAlertBehaviour: , unhandledPromptBehavior: , version: 74.0.3729.131, webStorageEnabled: true}
Session ID: 5cb41a511443fb3cca86d3830b297a46)
	at com.kms.katalon.core.keyword.internal.KeywordMain.stepFailed(KeywordMain.groovy:36)
	at com.kms.katalon.core.webui.keyword.internal.WebUIKeywordMain.stepFailed(WebUIKeywordMain.groovy:65)
	at com.kms.katalon.core.webui.keyword.internal.WebUIKeywordMain.runKeyword(WebUIKeywordMain.groovy:27)
	at com.kms.katalon.core.webui.keyword.builtin.SetTextKeyword.setText(SetTextKeyword.groovy:65)
	at com.kms.katalon.core.webui.keyword.builtin.SetTextKeyword.execute(SetTextKeyword.groovy:37)
	at com.kms.katalon.core.keyword.internal.KeywordExecutor.executeKeywordForPlatform(KeywordExecutor.groovy:53)
	at com.kms.katalon.core.webui.keyword.WebUiBuiltInKeywords.setText(WebUiBuiltInKeywords.groovy:950)
	at com.kms.katalon.core.webui.keyword.WebUiBuiltInKeywords$setText$1.call(Unknown Source)
	at Oaths - Add.run(Oaths - Add:49)
	at com.kms.katalon.core.main.ScriptEngine.run(ScriptEngine.java:194)
	at com.kms.katalon.core.main.ScriptEngine.runScriptAsRawText(ScriptEngine.java:119)
	at com.kms.katalon.core.main.TestCaseExecutor.runScript(TestCaseExecutor.java:328)
	at com.kms.katalon.core.main.TestCaseExecutor.doExecute(TestCaseExecutor.java:319)
	at com.kms.katalon.core.main.TestCaseExecutor.processExecutionPhase(TestCaseExecutor.java:298)
	at com.kms.katalon.core.main.TestCaseExecutor.accessMainPhase(TestCaseExecutor.java:290)
	at com.kms.katalon.core.main.TestCaseExecutor.execute(TestCaseExecutor.java:224)
	at com.kms.katalon.core.main.TestSuiteExecutor.accessTestCaseMainPhase(TestSuiteExecutor.java:129)
	at com.kms.katalon.core.main.TestSuiteExecutor.accessTestSuiteMainPhase(TestSuiteExecutor.java:112)
	at com.kms.katalon.core.main.TestSuiteExecutor.execute(TestSuiteExecutor.java:81)
	at com.kms.katalon.core.main.TestCaseMain.startTestSuite(TestCaseMain.java:149)
	at com.kms.katalon.core.main.TestCaseMain$startTestSuite$0.call(Unknown Source)
	at TempTestSuite1557763859677.run(TempTestSuite1557763859677.groovy:36)]]></system-err>
   </testsuite>
</testsuites>
