<?xml version="1.0" encoding="UTF-8"?>
<testsuites name="dev_staging ready" time="921" tests="39" failures="10" errors="0">
   <testsuite name="dev_staging ready" tests="39" failures="10" errors="0" time="921" timestamp="2019-04-03 15:33:33" hostname="alonzomack - 192.168.1.11" id="Test Suites/dev_staging ready">
      <properties>
         <property name="deviceName" value=""/>
         <property name="devicePlatform" value=""/>
         <property name="logFolder" value="/Users/alonzomack/Katalon Studio/Regression/Reports/dev_staging ready/20190403_153328"/>
         <property name="logFiles" value="/Users/alonzomack/Katalon Studio/Regression/Reports/dev_staging ready/20190403_153328/execution0.log"/>
         <property name="attachments" value="/Users/alonzomack/Katalon Studio/Regression/Reports/dev_staging ready/20190403_153328/1554323706637.png, /Users/alonzomack/Katalon Studio/Regression/Reports/dev_staging ready/20190403_153328/1554323808507.png, /Users/alonzomack/Katalon Studio/Regression/Reports/dev_staging ready/20190403_153328/1554323817361.png, /Users/alonzomack/Katalon Studio/Regression/Reports/dev_staging ready/20190403_153328/1554324001560.png, /Users/alonzomack/Katalon Studio/Regression/Reports/dev_staging ready/20190403_153328/1554324036059.png, /Users/alonzomack/Katalon Studio/Regression/Reports/dev_staging ready/20190403_153328/1554324078445.png, /Users/alonzomack/Katalon Studio/Regression/Reports/dev_staging ready/20190403_153328/1554324115101.png, /Users/alonzomack/Katalon Studio/Regression/Reports/dev_staging ready/20190403_153328/1554324303539.png, /Users/alonzomack/Katalon Studio/Regression/Reports/dev_staging ready/20190403_153328/1554324496158.png, /Users/alonzomack/Katalon Studio/Regression/Reports/dev_staging ready/20190403_153328/1554324532348.png"/>
         <property name="hostName" value="alonzomack - 192.168.1.11"/>
         <property name="os" value="Mac OS X 64bit"/>
         <property name="katalonVersion" value="5.10.1.1"/>
         <property name="browser" value="Chrome 73.0.3683.86"/>
         <property name="hostAddress" value="192.168.1.11"/>
         <property name="sessionId" value="fac5c957f4f2d7e195fa099bc9f58753"/>
         <property name="seleniumVersion" value="3.7.1"/>
         <property name="proxyInformation" value="ProxyInformation{proxyOption=NO_PROXY, proxyServerType=HTTP, password=, proxyServerAddress=, proxyServerPort=0}"/>
         <property name="platform" value="Mac OS X"/>
      </properties>
      <testcase name="Test Cases/SuperAdminConsole/Accounts/Account(SuperAdminConsole) - Delete" classname="Test Cases/SuperAdminConsole/Accounts/Account(SuperAdminConsole) - Delete" status="PASSED">
         <system-out><![CDATA[2019-04-03 15:33:33 - [TEST_CASE][PASSED] - Test Cases/SuperAdminConsole/Accounts/Account(SuperAdminConsole) - Delete: Test Cases/SuperAdminConsole/Accounts/Account(SuperAdminConsole) - Delete

2019-04-03 15:33:34 - [TEST_STEP][PASSED] - openBrowser(""): Browser is opened with url: ''

2019-04-03 15:33:34 - [MESSAGE][INFO] - Starting 'Chrome (headless)' driver

2019-04-03 15:33:34 - [MESSAGE][INFO] - Action delay is set to 0 seconds

2019-04-03 15:33:36 - [MESSAGE][PASSED] - Browser is opened with url: ''

2019-04-03 15:33:36 - [TEST_STEP][PASSED] - navigateToUrl(URL): Navigate to 'https://dev.epulse.io' successfully

2019-04-03 15:33:41 - [MESSAGE][PASSED] - Navigate to 'https://dev.epulse.io' successfully

2019-04-03 15:33:41 - [TEST_STEP][PASSED] - setText(findTestObject("Login/Email Address"), User_email): Text 'alonzo.mack@knowink.com' is set on object 'Object Repository/Login/Email Address'

2019-04-03 15:33:42 - [MESSAGE][PASSED] - Text 'alonzo.mack@knowink.com' is set on object 'Object Repository/Login/Email Address'

2019-04-03 15:33:42 - [TEST_STEP][PASSED] - setEncryptedText(findTestObject("Login/Password"), Pswrd): Text ****** has been set on object 'Object Repository/Login/Password'

2019-04-03 15:33:42 - [MESSAGE][PASSED] - Text ****** has been set on object 'Object Repository/Login/Password'

2019-04-03 15:33:42 - [TEST_STEP][PASSED] - click(findTestObject("Login/Sign In")): Object: 'Object Repository/Login/Sign In' is clicked on

2019-04-03 15:33:43 - [MESSAGE][PASSED] - Object: 'Object Repository/Login/Sign In' is clicked on

2019-04-03 15:33:43 - [TEST_STEP][PASSED] - delay(1): Delayed 1 second(s)

2019-04-03 15:33:44 - [MESSAGE][PASSED] - Delayed 1 second(s)

2019-04-03 15:33:44 - [TEST_STEP][PASSED] - click(findTestObject("Login/am-Automation-test"), STOP_ON_FAILURE): Object: 'Object Repository/Login/am-Automation-test' is clicked on

2019-04-03 15:33:45 - [MESSAGE][PASSED] - Object: 'Object Repository/Login/am-Automation-test' is clicked on

2019-04-03 15:33:45 - [TEST_STEP][PASSED] - delay(1): Delayed 1 second(s)

2019-04-03 15:33:46 - [MESSAGE][PASSED] - Delayed 1 second(s)

2019-04-03 15:33:46 - [TEST_STEP][PASSED] - mouseOver(findTestObject("Common ePulse Objects/Actions(Gear icon)")): Object: 'Object Repository/Common ePulse Objects/Actions(Gear icon)' is hovered

2019-04-03 15:33:46 - [MESSAGE][PASSED] - Object: 'Object Repository/Common ePulse Objects/Actions(Gear icon)' is hovered

2019-04-03 15:33:46 - [TEST_STEP][PASSED] - delay(3): Delayed 3 second(s)

2019-04-03 15:33:49 - [MESSAGE][PASSED] - Delayed 3 second(s)

2019-04-03 15:33:49 - [TEST_STEP][PASSED] - click(findTestObject("SuperAdminConsole/Edit Accounts - Actions/Delete")): Object: 'Object Repository/SuperAdminConsole/Edit Accounts - Actions/Delete' is clicked on

2019-04-03 15:33:49 - [MESSAGE][PASSED] - Object: 'Object Repository/SuperAdminConsole/Edit Accounts - Actions/Delete' is clicked on

2019-04-03 15:33:49 - [TEST_STEP][PASSED] - delay(1): Delayed 1 second(s)

2019-04-03 15:33:50 - [MESSAGE][PASSED] - Delayed 1 second(s)

2019-04-03 15:33:50 - [TEST_STEP][PASSED] - acceptAlert(): Alert accepted

2019-04-03 15:33:50 - [MESSAGE][PASSED] - Alert accepted

2019-04-03 15:33:50 - [TEST_STEP][PASSED] - closeBrowser(STOP_ON_FAILURE): Browser is closed

2019-04-03 15:33:50 - [MESSAGE][PASSED] - Browser is closed]]></system-out>
         <system-err><![CDATA[]]></system-err>
      </testcase>
      <testcase name="Test Cases/SuperAdminConsole/Accounts/Create Account(SuperAdminConsole)" classname="Test Cases/SuperAdminConsole/Accounts/Create Account(SuperAdminConsole)" status="PASSED">
         <system-out><![CDATA[2019-04-03 15:33:52 - [TEST_CASE][PASSED] - Test Cases/SuperAdminConsole/Accounts/Create Account(SuperAdminConsole): Test Cases/SuperAdminConsole/Accounts/Create Account(SuperAdminConsole)

2019-04-03 15:33:52 - [TEST_STEP][PASSED] - callTestCase(findTestCase("Login/SuperAdminLogin"), [:], STOP_ON_FAILURE): Call Test Case 'Test Cases/Login/SuperAdminLogin' successfully

2019-04-03 15:33:52 - [TEST_CASE][PASSED] - Test Cases/Login/SuperAdminLogin: Test Cases/Login/SuperAdminLogin

2019-04-03 15:33:53 - [TEST_STEP][PASSED] - openBrowser(""): Browser is opened with url: ''

2019-04-03 15:33:53 - [MESSAGE][INFO] - Starting 'Chrome (headless)' driver

2019-04-03 15:33:53 - [MESSAGE][PASSED] - Browser is opened with url: ''

2019-04-03 15:33:53 - [TEST_STEP][PASSED] - navigateToUrl(URL): Navigate to 'https://dev.epulse.io' successfully

2019-04-03 15:33:55 - [MESSAGE][PASSED] - Navigate to 'https://dev.epulse.io' successfully

2019-04-03 15:33:55 - [TEST_STEP][PASSED] - setText(findTestObject("Login/Email Address"), User_email): Text 'alonzo.mack@knowink.com' is set on object 'Object Repository/Login/Email Address'

2019-04-03 15:33:56 - [MESSAGE][PASSED] - Text 'alonzo.mack@knowink.com' is set on object 'Object Repository/Login/Email Address'

2019-04-03 15:33:56 - [TEST_STEP][PASSED] - setEncryptedText(findTestObject("Login/Password"), Pswrd): Text ****** has been set on object 'Object Repository/Login/Password'

2019-04-03 15:33:56 - [MESSAGE][PASSED] - Text ****** has been set on object 'Object Repository/Login/Password'

2019-04-03 15:33:56 - [TEST_STEP][PASSED] - click(findTestObject("Login/Sign In")): Object: 'Object Repository/Login/Sign In' is clicked on

2019-04-03 15:33:56 - [MESSAGE][PASSED] - Object: 'Object Repository/Login/Sign In' is clicked on

2019-04-03 15:33:56 - [MESSAGE][PASSED] - Call Test Case 'Test Cases/Login/SuperAdminLogin' successfully

2019-04-03 15:33:56 - [TEST_STEP][PASSED] - delay(1): Delayed 1 second(s)

2019-04-03 15:33:57 - [MESSAGE][PASSED] - Delayed 1 second(s)

2019-04-03 15:33:57 - [TEST_STEP][PASSED] - click(findTestObject("SuperAdminConsole/Account Creation/a_Add Account")): Object: 'Object Repository/SuperAdminConsole/Account Creation/a_Add Account' is clicked on

2019-04-03 15:33:58 - [MESSAGE][PASSED] - Object: 'Object Repository/SuperAdminConsole/Account Creation/a_Add Account' is clicked on

2019-04-03 15:33:58 - [TEST_STEP][PASSED] - delay(1): Delayed 1 second(s)

2019-04-03 15:33:59 - [MESSAGE][PASSED] - Delayed 1 second(s)

2019-04-03 15:33:59 - [TEST_STEP][PASSED] - setText(findTestObject("SuperAdminConsole/Account Creation/Account Information/Display Title"), "am-Automation-test"): Text 'am-Automation-test' is set on object 'Object Repository/SuperAdminConsole/Account Creation/Account Information/Display Title'

2019-04-03 15:33:59 - [MESSAGE][PASSED] - Text 'am-Automation-test' is set on object 'Object Repository/SuperAdminConsole/Account Creation/Account Information/Display Title'

2019-04-03 15:33:59 - [TEST_STEP][PASSED] - delay(1): Delayed 1 second(s)

2019-04-03 15:34:00 - [MESSAGE][PASSED] - Delayed 1 second(s)

2019-04-03 15:34:00 - [TEST_STEP][PASSED] - setText(findTestObject("SuperAdminConsole/Account Creation/Account Information/County"), "am-Automation-test"): Text 'am-Automation-test' is set on object 'Object Repository/SuperAdminConsole/Account Creation/Account Information/County'

2019-04-03 15:34:00 - [MESSAGE][PASSED] - Text 'am-Automation-test' is set on object 'Object Repository/SuperAdminConsole/Account Creation/Account Information/County'

2019-04-03 15:34:00 - [TEST_STEP][PASSED] - delay(1): Delayed 1 second(s)

2019-04-03 15:34:01 - [MESSAGE][PASSED] - Delayed 1 second(s)

2019-04-03 15:34:01 - [TEST_STEP][PASSED] - selectOptionByValue(findTestObject("SuperAdminConsole/Account Creation/Account Information/StateProvince"), "MO", true): All options with value 'MO' are selected in object 'Object Repository/SuperAdminConsole/Account Creation/Account Information/StateProvince'  using regular expression

2019-04-03 15:34:02 - [MESSAGE][PASSED] - All options with value 'MO' are selected in object 'Object Repository/SuperAdminConsole/Account Creation/Account Information/StateProvince'  using regular expression

2019-04-03 15:34:02 - [TEST_STEP][PASSED] - delay(1): Delayed 1 second(s)

2019-04-03 15:34:03 - [MESSAGE][PASSED] - Delayed 1 second(s)

2019-04-03 15:34:03 - [TEST_STEP][PASSED] - selectOptionByValue(findTestObject("SuperAdminConsole/Account Creation/Account Information/Pad Type"), "1", true): All options with value '1' are selected in object 'Object Repository/SuperAdminConsole/Account Creation/Account Information/Pad Type'  using regular expression

2019-04-03 15:34:03 - [MESSAGE][PASSED] - All options with value '1' are selected in object 'Object Repository/SuperAdminConsole/Account Creation/Account Information/Pad Type'  using regular expression

2019-04-03 15:34:03 - [TEST_STEP][PASSED] - delay(1): Delayed 1 second(s)

2019-04-03 15:34:04 - [MESSAGE][PASSED] - Delayed 1 second(s)

2019-04-03 15:34:04 - [TEST_STEP][NOT_RUN] - selectOptionByValue(findTestObject("SuperAdminConsole/Account Creation/Account Information/Poll Pad 3 Version"), "1.0.1", true): NOT_RUN: selectOptionByValue(findTestObject("SuperAdminConsole/Account Creation/Account Information/Poll Pad 3 Version"), "1.0.1", true)

2019-04-03 15:34:04 - [MESSAGE][NOT_RUN] - NOT_RUN: selectOptionByValue(findTestObject("SuperAdminConsole/Account Creation/Account Information/Poll Pad 3 Version"), "1.0.1", true)

2019-04-03 15:34:04 - [TEST_STEP][PASSED] - delay(1): Delayed 1 second(s)

2019-04-03 15:34:05 - [MESSAGE][PASSED] - Delayed 1 second(s)

2019-04-03 15:34:05 - [TEST_STEP][PASSED] - selectOptionByValue(findTestObject("SuperAdminConsole/Account Creation/Parsers and Exporters/Select_Voter File"), "mcvr", true): All options with value 'mcvr' are selected in object 'Object Repository/SuperAdminConsole/Account Creation/Parsers and Exporters/Select_Voter File'  using regular expression

2019-04-03 15:34:06 - [MESSAGE][PASSED] - All options with value 'mcvr' are selected in object 'Object Repository/SuperAdminConsole/Account Creation/Parsers and Exporters/Select_Voter File'  using regular expression

2019-04-03 15:34:06 - [TEST_STEP][PASSED] - delay(1): Delayed 1 second(s)

2019-04-03 15:34:07 - [MESSAGE][PASSED] - Delayed 1 second(s)

2019-04-03 15:34:07 - [TEST_STEP][PASSED] - selectOptionByValue(findTestObject("SuperAdminConsole/Account Creation/Parsers and Exporters/Select_Supplemental file"), "mcvr", true): All options with value 'mcvr' are selected in object 'Object Repository/SuperAdminConsole/Account Creation/Parsers and Exporters/Select_Supplemental file'  using regular expression

2019-04-03 15:34:07 - [MESSAGE][PASSED] - All options with value 'mcvr' are selected in object 'Object Repository/SuperAdminConsole/Account Creation/Parsers and Exporters/Select_Supplemental file'  using regular expression

2019-04-03 15:34:07 - [TEST_STEP][PASSED] - delay(1): Delayed 1 second(s)

2019-04-03 15:34:08 - [MESSAGE][PASSED] - Delayed 1 second(s)

2019-04-03 15:34:08 - [TEST_STEP][PASSED] - selectOptionByValue(findTestObject("SuperAdminConsole/Account Creation/Parsers and Exporters/Polling Places"), "epulse", true): All options with value 'epulse' are selected in object 'Object Repository/SuperAdminConsole/Account Creation/Parsers and Exporters/Polling Places'  using regular expression

2019-04-03 15:34:08 - [MESSAGE][PASSED] - All options with value 'epulse' are selected in object 'Object Repository/SuperAdminConsole/Account Creation/Parsers and Exporters/Polling Places'  using regular expression

2019-04-03 15:34:08 - [TEST_STEP][PASSED] - delay(1): Delayed 1 second(s)

2019-04-03 15:34:09 - [MESSAGE][PASSED] - Delayed 1 second(s)

2019-04-03 15:34:09 - [TEST_STEP][PASSED] - selectOptionByValue(findTestObject("SuperAdminConsole/Account Creation/Parsers and Exporters/Street Rules"), "mcvr", true): All options with value 'mcvr' are selected in object 'Object Repository/SuperAdminConsole/Account Creation/Parsers and Exporters/Street Rules'  using regular expression

2019-04-03 15:34:10 - [MESSAGE][PASSED] - All options with value 'mcvr' are selected in object 'Object Repository/SuperAdminConsole/Account Creation/Parsers and Exporters/Street Rules'  using regular expression

2019-04-03 15:34:10 - [TEST_STEP][PASSED] - delay(1): Delayed 1 second(s)

2019-04-03 15:34:11 - [MESSAGE][PASSED] - Delayed 1 second(s)

2019-04-03 15:34:11 - [TEST_STEP][PASSED] - selectOptionByValue(findTestObject("SuperAdminConsole/Account Creation/Parsers and Exporters/Voter History Exporter"), "mcvr", true): All options with value 'mcvr' are selected in object 'Object Repository/SuperAdminConsole/Account Creation/Parsers and Exporters/Voter History Exporter'  using regular expression

2019-04-03 15:34:11 - [MESSAGE][PASSED] - All options with value 'mcvr' are selected in object 'Object Repository/SuperAdminConsole/Account Creation/Parsers and Exporters/Voter History Exporter'  using regular expression

2019-04-03 15:34:11 - [TEST_STEP][PASSED] - delay(1): Delayed 1 second(s)

2019-04-03 15:34:12 - [MESSAGE][PASSED] - Delayed 1 second(s)

2019-04-03 15:34:12 - [TEST_STEP][PASSED] - selectOptionByValue(findTestObject("SuperAdminConsole/Account Creation/Parsers and Exporters/Signature Parser"), "epulse", true): All options with value 'epulse' are selected in object 'Object Repository/SuperAdminConsole/Account Creation/Parsers and Exporters/Signature Parser'  using regular expression

2019-04-03 15:34:12 - [MESSAGE][PASSED] - All options with value 'epulse' are selected in object 'Object Repository/SuperAdminConsole/Account Creation/Parsers and Exporters/Signature Parser'  using regular expression

2019-04-03 15:34:12 - [TEST_STEP][PASSED] - delay(1): Delayed 1 second(s)

2019-04-03 15:34:13 - [MESSAGE][PASSED] - Delayed 1 second(s)

2019-04-03 15:34:13 - [TEST_STEP][PASSED] - click(findTestObject("SuperAdminConsole/Account Creation/Parsers and Exporters/Submit")): Object: 'Object Repository/SuperAdminConsole/Account Creation/Parsers and Exporters/Submit' is clicked on

2019-04-03 15:34:14 - [MESSAGE][PASSED] - Object: 'Object Repository/SuperAdminConsole/Account Creation/Parsers and Exporters/Submit' is clicked on

2019-04-03 15:34:14 - [TEST_STEP][PASSED] - delay(1): Delayed 1 second(s)

2019-04-03 15:34:15 - [MESSAGE][PASSED] - Delayed 1 second(s)

2019-04-03 15:34:15 - [TEST_STEP][PASSED] - closeBrowser(): Browser is closed

2019-04-03 15:34:16 - [MESSAGE][PASSED] - Browser is closed]]></system-out>
         <system-err><![CDATA[]]></system-err>
      </testcase>
      <testcase name="Test Cases/Admin Console/Election Setup/Elections/Election Creation" classname="Test Cases/Admin Console/Election Setup/Elections/Election Creation" status="FAILED">
         <failure type="FAILED" message="Test Cases/Admin Console/Election Setup/Elections/Election Creation FAILED.
Reason:
com.kms.katalon.core.exception.StepFailedException: Unable to verify text 'Election Seed Files' is present  using regular expression (Root cause: com.kms.katalon.core.exception.StepFailedException: Text 'Election Seed Files' is not present on page  using regular expression)
	at com.kms.katalon.core.keyword.internal.KeywordMain.stepFailed(KeywordMain.groovy:36)
	at com.kms.katalon.core.webui.keyword.internal.WebUIKeywordMain.stepFailed(WebUIKeywordMain.groovy:65)
	at com.kms.katalon.core.webui.keyword.internal.WebUIKeywordMain.runKeyword(WebUIKeywordMain.groovy:27)
	at com.kms.katalon.core.webui.keyword.builtin.VerifyTextPresentKeyword.verifyTextPresent(VerifyTextPresentKeyword.groovy:83)
	at com.kms.katalon.core.webui.keyword.builtin.VerifyTextPresentKeyword.execute(VerifyTextPresentKeyword.groovy:68)
	at com.kms.katalon.core.keyword.internal.KeywordExecutor.executeKeywordForPlatform(KeywordExecutor.groovy:53)
	at com.kms.katalon.core.webui.keyword.WebUiBuiltInKeywords.verifyTextPresent(WebUiBuiltInKeywords.groovy:1693)
	at com.kms.katalon.core.webui.keyword.WebUiBuiltInKeywords$verifyTextPresent$14.call(Unknown Source)
	at Election Creation.run(Election Creation:100)
	at com.kms.katalon.core.main.ScriptEngine.run(ScriptEngine.java:194)
	at com.kms.katalon.core.main.ScriptEngine.runScriptAsRawText(ScriptEngine.java:119)
	at com.kms.katalon.core.main.TestCaseExecutor.runScript(TestCaseExecutor.java:328)
	at com.kms.katalon.core.main.TestCaseExecutor.doExecute(TestCaseExecutor.java:319)
	at com.kms.katalon.core.main.TestCaseExecutor.processExecutionPhase(TestCaseExecutor.java:298)
	at com.kms.katalon.core.main.TestCaseExecutor.accessMainPhase(TestCaseExecutor.java:290)
	at com.kms.katalon.core.main.TestCaseExecutor.execute(TestCaseExecutor.java:224)
	at com.kms.katalon.core.main.TestSuiteExecutor.accessTestCaseMainPhase(TestSuiteExecutor.java:129)
	at com.kms.katalon.core.main.TestSuiteExecutor.accessTestSuiteMainPhase(TestSuiteExecutor.java:112)
	at com.kms.katalon.core.main.TestSuiteExecutor.execute(TestSuiteExecutor.java:81)
	at com.kms.katalon.core.main.TestCaseMain.startTestSuite(TestCaseMain.java:149)
	at com.kms.katalon.core.main.TestCaseMain$startTestSuite$0.call(Unknown Source)
	at TempTestSuite1554323608097.run(TempTestSuite1554323608097.groovy:36)
"/>
         <system-out><![CDATA[2019-04-03 15:34:18 - [TEST_CASE][FAILED] - Test Cases/Admin Console/Election Setup/Elections/Election Creation: Test Cases/Admin Console/Election Setup/Elections/Election Creation FAILED.
Reason:
com.kms.katalon.core.exception.StepFailedException: Unable to verify text 'Election Seed Files' is present  using regular expression (Root cause: com.kms.katalon.core.exception.StepFailedException: Text 'Election Seed Files' is not present on page  using regular expression)
	at com.kms.katalon.core.keyword.internal.KeywordMain.stepFailed(KeywordMain.groovy:36)
	at com.kms.katalon.core.webui.keyword.internal.WebUIKeywordMain.stepFailed(WebUIKeywordMain.groovy:65)
	at com.kms.katalon.core.webui.keyword.internal.WebUIKeywordMain.runKeyword(WebUIKeywordMain.groovy:27)
	at com.kms.katalon.core.webui.keyword.builtin.VerifyTextPresentKeyword.verifyTextPresent(VerifyTextPresentKeyword.groovy:83)
	at com.kms.katalon.core.webui.keyword.builtin.VerifyTextPresentKeyword.execute(VerifyTextPresentKeyword.groovy:68)
	at com.kms.katalon.core.keyword.internal.KeywordExecutor.executeKeywordForPlatform(KeywordExecutor.groovy:53)
	at com.kms.katalon.core.webui.keyword.WebUiBuiltInKeywords.verifyTextPresent(WebUiBuiltInKeywords.groovy:1693)
	at com.kms.katalon.core.webui.keyword.WebUiBuiltInKeywords$verifyTextPresent$14.call(Unknown Source)
	at Election Creation.run(Election Creation:100)
	at com.kms.katalon.core.main.ScriptEngine.run(ScriptEngine.java:194)
	at com.kms.katalon.core.main.ScriptEngine.runScriptAsRawText(ScriptEngine.java:119)
	at com.kms.katalon.core.main.TestCaseExecutor.runScript(TestCaseExecutor.java:328)
	at com.kms.katalon.core.main.TestCaseExecutor.doExecute(TestCaseExecutor.java:319)
	at com.kms.katalon.core.main.TestCaseExecutor.processExecutionPhase(TestCaseExecutor.java:298)
	at com.kms.katalon.core.main.TestCaseExecutor.accessMainPhase(TestCaseExecutor.java:290)
	at com.kms.katalon.core.main.TestCaseExecutor.execute(TestCaseExecutor.java:224)
	at com.kms.katalon.core.main.TestSuiteExecutor.accessTestCaseMainPhase(TestSuiteExecutor.java:129)
	at com.kms.katalon.core.main.TestSuiteExecutor.accessTestSuiteMainPhase(TestSuiteExecutor.java:112)
	at com.kms.katalon.core.main.TestSuiteExecutor.execute(TestSuiteExecutor.java:81)
	at com.kms.katalon.core.main.TestCaseMain.startTestSuite(TestCaseMain.java:149)
	at com.kms.katalon.core.main.TestCaseMain$startTestSuite$0.call(Unknown Source)
	at TempTestSuite1554323608097.run(TempTestSuite1554323608097.groovy:36)


2019-04-03 15:34:18 - [TEST_STEP][PASSED] - openBrowser(""): Browser is opened with url: ''

2019-04-03 15:34:18 - [MESSAGE][INFO] - Starting 'Chrome (headless)' driver

2019-04-03 15:34:18 - [MESSAGE][PASSED] - Browser is opened with url: ''

2019-04-03 15:34:18 - [TEST_STEP][PASSED] - navigateToUrl(URL): Navigate to 'https://dev.epulse.io' successfully

2019-04-03 15:34:20 - [MESSAGE][PASSED] - Navigate to 'https://dev.epulse.io' successfully

2019-04-03 15:34:20 - [TEST_STEP][PASSED] - setText(findTestObject("Login/Email Address"), User_email): Text 'alonzo.mack@knowink.com' is set on object 'Object Repository/Login/Email Address'

2019-04-03 15:34:20 - [MESSAGE][PASSED] - Text 'alonzo.mack@knowink.com' is set on object 'Object Repository/Login/Email Address'

2019-04-03 15:34:20 - [TEST_STEP][PASSED] - setEncryptedText(findTestObject("Login/Password"), Pswrd): Text ****** has been set on object 'Object Repository/Login/Password'

2019-04-03 15:34:20 - [MESSAGE][PASSED] - Text ****** has been set on object 'Object Repository/Login/Password'

2019-04-03 15:34:20 - [TEST_STEP][PASSED] - click(findTestObject("Login/Sign In")): Object: 'Object Repository/Login/Sign In' is clicked on

2019-04-03 15:34:20 - [MESSAGE][PASSED] - Object: 'Object Repository/Login/Sign In' is clicked on

2019-04-03 15:34:20 - [TEST_STEP][PASSED] - delay(1): Delayed 1 second(s)

2019-04-03 15:34:21 - [MESSAGE][PASSED] - Delayed 1 second(s)

2019-04-03 15:34:21 - [TEST_STEP][PASSED] - navigateToUrl(Election_Import): Navigate to 'https://am-automation-test.dev.epulse.io/elections/new' successfully

2019-04-03 15:34:23 - [MESSAGE][PASSED] - Navigate to 'https://am-automation-test.dev.epulse.io/elections/new' successfully

2019-04-03 15:34:23 - [TEST_STEP][PASSED] - setText(findTestObject("Common ePulse Objects/Choose File"), "/Users/alonzomack/Downloads/Imports/Missouri/voters_200_mcvr.txt"): Text '/Users/alonzomack/Downloads/Imports/Missouri/voters_200_mcvr.txt' is set on object 'Object Repository/Common ePulse Objects/Choose File'

2019-04-03 15:34:23 - [MESSAGE][PASSED] - Text '/Users/alonzomack/Downloads/Imports/Missouri/voters_200_mcvr.txt' is set on object 'Object Repository/Common ePulse Objects/Choose File'

2019-04-03 15:34:23 - [TEST_STEP][PASSED] - click(findTestObject("Common ePulse Objects/Continue Button"), STOP_ON_FAILURE): Object: 'Object Repository/Common ePulse Objects/Continue Button' is clicked on

2019-04-03 15:34:23 - [MESSAGE][PASSED] - Object: 'Object Repository/Common ePulse Objects/Continue Button' is clicked on

2019-04-03 15:34:23 - [TEST_STEP][PASSED] - delay(10): Delayed 10 second(s)

2019-04-03 15:34:33 - [MESSAGE][PASSED] - Delayed 10 second(s)

2019-04-03 15:34:33 - [TEST_STEP][PASSED] - delay(10): Delayed 10 second(s)

2019-04-03 15:34:43 - [MESSAGE][PASSED] - Delayed 10 second(s)

2019-04-03 15:34:43 - [TEST_STEP][PASSED] - refresh(STOP_ON_FAILURE): Refresh successfully

2019-04-03 15:34:43 - [MESSAGE][PASSED] - Refresh successfully

2019-04-03 15:34:43 - [TEST_STEP][PASSED] - setText(findTestObject("Admin Console ePulse Menu/Election Setup/Election Creation/Election Name"), "Election Creation"): Text 'Election Creation' is set on object 'Object Repository/Admin Console ePulse Menu/Election Setup/Election Creation/Election Name'

2019-04-03 15:34:44 - [MESSAGE][PASSED] - Text 'Election Creation' is set on object 'Object Repository/Admin Console ePulse Menu/Election Setup/Election Creation/Election Name'

2019-04-03 15:34:44 - [TEST_STEP][PASSED] - setText(findTestObject("Admin Console ePulse Menu/Election Setup/Election Creation/Election Code"), "123"): Text '123' is set on object 'Object Repository/Admin Console ePulse Menu/Election Setup/Election Creation/Election Code'

2019-04-03 15:34:44 - [MESSAGE][PASSED] - Text '123' is set on object 'Object Repository/Admin Console ePulse Menu/Election Setup/Election Creation/Election Code'

2019-04-03 15:34:44 - [TEST_STEP][PASSED] - selectOptionByValue(findTestObject("Admin Console ePulse Menu/Election Setup/Election Creation/Select Election Type"), "general", true): All options with value 'general' are selected in object 'Object Repository/Admin Console ePulse Menu/Election Setup/Election Creation/Select Election Type'  using regular expression

2019-04-03 15:34:44 - [MESSAGE][PASSED] - All options with value 'general' are selected in object 'Object Repository/Admin Console ePulse Menu/Election Setup/Election Creation/Select Election Type'  using regular expression

2019-04-03 15:34:44 - [TEST_STEP][PASSED] - clearText(findTestObject("Admin Console ePulse Menu/Election Setup/Election Creation/DATE")): Text of object 'Object Repository/Admin Console ePulse Menu/Election Setup/Election Creation/DATE' is cleared

2019-04-03 15:34:44 - [MESSAGE][PASSED] - Text of object 'Object Repository/Admin Console ePulse Menu/Election Setup/Election Creation/DATE' is cleared

2019-04-03 15:34:44 - [TEST_STEP][PASSED] - setText(findTestObject("Admin Console ePulse Menu/Election Setup/Election Creation/DATE"), "07/21/2021"): Text '07/21/2021' is set on object 'Object Repository/Admin Console ePulse Menu/Election Setup/Election Creation/DATE'

2019-04-03 15:34:44 - [MESSAGE][PASSED] - Text '07/21/2021' is set on object 'Object Repository/Admin Console ePulse Menu/Election Setup/Election Creation/DATE'

2019-04-03 15:34:44 - [TEST_STEP][PASSED] - click(findTestObject("Admin Console ePulse Menu/Election Setup/Election Creation/Next")): Object: 'Object Repository/Admin Console ePulse Menu/Election Setup/Election Creation/Next' is clicked on

2019-04-03 15:34:45 - [MESSAGE][PASSED] - Object: 'Object Repository/Admin Console ePulse Menu/Election Setup/Election Creation/Next' is clicked on

2019-04-03 15:34:45 - [TEST_STEP][PASSED] - waitForElementPresent(findTestObject("Admin Console ePulse Menu/Election Setup/Election Creation/Step3 Done"), 0): Object 'Object Repository/Admin Console ePulse Menu/Election Setup/Election Creation/Step3 Done' is present

2019-04-03 15:34:45 - [MESSAGE][WARNING] - Timeout '0' is invalid. Using default page load timeout: '15'

2019-04-03 15:34:45 - [MESSAGE][PASSED] - Object 'Object Repository/Admin Console ePulse Menu/Election Setup/Election Creation/Step3 Done' is present

2019-04-03 15:34:45 - [TEST_STEP][PASSED] - click(findTestObject("Admin Console ePulse Menu/Election Setup/Election Creation/Step3 Done")): Object: 'Object Repository/Admin Console ePulse Menu/Election Setup/Election Creation/Step3 Done' is clicked on

2019-04-03 15:34:45 - [MESSAGE][PASSED] - Object: 'Object Repository/Admin Console ePulse Menu/Election Setup/Election Creation/Step3 Done' is clicked on

2019-04-03 15:34:45 - [TEST_STEP][PASSED] - waitForElementVisible(findTestObject("Admin Console ePulse Menu/Election Setup/Election Creation/Step4 Done"), 0): Object 'Object Repository/Admin Console ePulse Menu/Election Setup/Election Creation/Step4 Done' is visible

2019-04-03 15:34:45 - [MESSAGE][WARNING] - Timeout '0' is invalid. Using default page load timeout: '15'

2019-04-03 15:34:45 - [MESSAGE][PASSED] - Object 'Object Repository/Admin Console ePulse Menu/Election Setup/Election Creation/Step4 Done' is visible

2019-04-03 15:34:45 - [TEST_STEP][PASSED] - click(findTestObject("Admin Console ePulse Menu/Election Setup/Election Creation/Step4 Done")): Object: 'Object Repository/Admin Console ePulse Menu/Election Setup/Election Creation/Step4 Done' is clicked on

2019-04-03 15:34:46 - [MESSAGE][PASSED] - Object: 'Object Repository/Admin Console ePulse Menu/Election Setup/Election Creation/Step4 Done' is clicked on

2019-04-03 15:34:46 - [TEST_STEP][PASSED] - waitForElementPresent(findTestObject("Admin Console ePulse Menu/Election Setup/Election Creation/Step5 Confirm"), 0): Object 'Object Repository/Admin Console ePulse Menu/Election Setup/Election Creation/Step5 Confirm' is present

2019-04-03 15:34:46 - [MESSAGE][WARNING] - Timeout '0' is invalid. Using default page load timeout: '15'

2019-04-03 15:34:46 - [MESSAGE][PASSED] - Object 'Object Repository/Admin Console ePulse Menu/Election Setup/Election Creation/Step5 Confirm' is present

2019-04-03 15:34:46 - [TEST_STEP][PASSED] - click(findTestObject("Admin Console ePulse Menu/Election Setup/Election Creation/Step5 Confirm")): Object: 'Object Repository/Admin Console ePulse Menu/Election Setup/Election Creation/Step5 Confirm' is clicked on

2019-04-03 15:34:46 - [MESSAGE][PASSED] - Object: 'Object Repository/Admin Console ePulse Menu/Election Setup/Election Creation/Step5 Confirm' is clicked on

2019-04-03 15:34:46 - [TEST_STEP][PASSED] - delay(20): Delayed 20 second(s)

2019-04-03 15:35:06 - [MESSAGE][PASSED] - Delayed 20 second(s)

2019-04-03 15:35:06 - [TEST_STEP][PASSED] - verifyTextPresent("Election Creation", true): Text 'Election Creation' is present on page  using regular expression

2019-04-03 15:35:06 - [MESSAGE][PASSED] - Text 'Election Creation' is present on page  using regular expression

2019-04-03 15:35:06 - [TEST_STEP][FAILED] - verifyTextPresent("Election Seed Files", true): verifyTextPresent("Election Seed Files", true) FAILED.
Reason:
com.kms.katalon.core.exception.StepFailedException: Unable to verify text 'Election Seed Files' is present  using regular expression (Root cause: com.kms.katalon.core.exception.StepFailedException: Text 'Election Seed Files' is not present on page  using regular expression)
	at com.kms.katalon.core.keyword.internal.KeywordMain.stepFailed(KeywordMain.groovy:36)
	at com.kms.katalon.core.webui.keyword.internal.WebUIKeywordMain.stepFailed(WebUIKeywordMain.groovy:65)
	at com.kms.katalon.core.webui.keyword.internal.WebUIKeywordMain.runKeyword(WebUIKeywordMain.groovy:27)
	at com.kms.katalon.core.webui.keyword.builtin.VerifyTextPresentKeyword.verifyTextPresent(VerifyTextPresentKeyword.groovy:83)
	at com.kms.katalon.core.webui.keyword.builtin.VerifyTextPresentKeyword.execute(VerifyTextPresentKeyword.groovy:68)
	at com.kms.katalon.core.keyword.internal.KeywordExecutor.executeKeywordForPlatform(KeywordExecutor.groovy:53)
	at com.kms.katalon.core.webui.keyword.WebUiBuiltInKeywords.verifyTextPresent(WebUiBuiltInKeywords.groovy:1693)
	at com.kms.katalon.core.webui.keyword.WebUiBuiltInKeywords$verifyTextPresent$14.call(Unknown Source)
	at Election Creation.run(Election Creation:100)
	at com.kms.katalon.core.main.ScriptEngine.run(ScriptEngine.java:194)
	at com.kms.katalon.core.main.ScriptEngine.runScriptAsRawText(ScriptEngine.java:119)
	at com.kms.katalon.core.main.TestCaseExecutor.runScript(TestCaseExecutor.java:328)
	at com.kms.katalon.core.main.TestCaseExecutor.doExecute(TestCaseExecutor.java:319)
	at com.kms.katalon.core.main.TestCaseExecutor.processExecutionPhase(TestCaseExecutor.java:298)
	at com.kms.katalon.core.main.TestCaseExecutor.accessMainPhase(TestCaseExecutor.java:290)
	at com.kms.katalon.core.main.TestCaseExecutor.execute(TestCaseExecutor.java:224)
	at com.kms.katalon.core.main.TestSuiteExecutor.accessTestCaseMainPhase(TestSuiteExecutor.java:129)
	at com.kms.katalon.core.main.TestSuiteExecutor.accessTestSuiteMainPhase(TestSuiteExecutor.java:112)
	at com.kms.katalon.core.main.TestSuiteExecutor.execute(TestSuiteExecutor.java:81)
	at com.kms.katalon.core.main.TestCaseMain.startTestSuite(TestCaseMain.java:149)
	at com.kms.katalon.core.main.TestCaseMain$startTestSuite$0.call(Unknown Source)
	at TempTestSuite1554323608097.run(TempTestSuite1554323608097.groovy:36)


2019-04-03 15:35:06 - [MESSAGE][FAILED] - Text 'Election Seed Files' is not present on page  using regular expression

2019-04-03 15:35:07 - [MESSAGE][FAILED] - Unable to verify text 'Election Seed Files' is present  using regular expression (Root cause: com.kms.katalon.core.exception.StepFailedException: Text 'Election Seed Files' is not present on page  using regular expression)
[[ATTACHMENT|/Users/alonzomack/Katalon Studio/Regression/Reports/dev_staging ready/20190403_153328/1554323706637.png]]

2019-04-03 15:35:07 - [MESSAGE][FAILED] - verifyTextPresent("Election Seed Files", true) FAILED.
Reason:
com.kms.katalon.core.exception.StepFailedException: Unable to verify text 'Election Seed Files' is present  using regular expression (Root cause: com.kms.katalon.core.exception.StepFailedException: Text 'Election Seed Files' is not present on page  using regular expression)
	at com.kms.katalon.core.keyword.internal.KeywordMain.stepFailed(KeywordMain.groovy:36)
	at com.kms.katalon.core.webui.keyword.internal.WebUIKeywordMain.stepFailed(WebUIKeywordMain.groovy:65)
	at com.kms.katalon.core.webui.keyword.internal.WebUIKeywordMain.runKeyword(WebUIKeywordMain.groovy:27)
	at com.kms.katalon.core.webui.keyword.builtin.VerifyTextPresentKeyword.verifyTextPresent(VerifyTextPresentKeyword.groovy:83)
	at com.kms.katalon.core.webui.keyword.builtin.VerifyTextPresentKeyword.execute(VerifyTextPresentKeyword.groovy:68)
	at com.kms.katalon.core.keyword.internal.KeywordExecutor.executeKeywordForPlatform(KeywordExecutor.groovy:53)
	at com.kms.katalon.core.webui.keyword.WebUiBuiltInKeywords.verifyTextPresent(WebUiBuiltInKeywords.groovy:1693)
	at com.kms.katalon.core.webui.keyword.WebUiBuiltInKeywords$verifyTextPresent$14.call(Unknown Source)
	at Election Creation.run(Election Creation:100)
	at com.kms.katalon.core.main.ScriptEngine.run(ScriptEngine.java:194)
	at com.kms.katalon.core.main.ScriptEngine.runScriptAsRawText(ScriptEngine.java:119)
	at com.kms.katalon.core.main.TestCaseExecutor.runScript(TestCaseExecutor.java:328)
	at com.kms.katalon.core.main.TestCaseExecutor.doExecute(TestCaseExecutor.java:319)
	at com.kms.katalon.core.main.TestCaseExecutor.processExecutionPhase(TestCaseExecutor.java:298)
	at com.kms.katalon.core.main.TestCaseExecutor.accessMainPhase(TestCaseExecutor.java:290)
	at com.kms.katalon.core.main.TestCaseExecutor.execute(TestCaseExecutor.java:224)
	at com.kms.katalon.core.main.TestSuiteExecutor.accessTestCaseMainPhase(TestSuiteExecutor.java:129)
	at com.kms.katalon.core.main.TestSuiteExecutor.accessTestSuiteMainPhase(TestSuiteExecutor.java:112)
	at com.kms.katalon.core.main.TestSuiteExecutor.execute(TestSuiteExecutor.java:81)
	at com.kms.katalon.core.main.TestCaseMain.startTestSuite(TestCaseMain.java:149)
	at com.kms.katalon.core.main.TestCaseMain$startTestSuite$0.call(Unknown Source)
	at TempTestSuite1554323608097.run(TempTestSuite1554323608097.groovy:36)]]></system-out>
         <system-err><![CDATA[2019-04-03 15:34:18 - [TEST_CASE][FAILED] - Test Cases/Admin Console/Election Setup/Elections/Election Creation: Test Cases/Admin Console/Election Setup/Elections/Election Creation FAILED.
Reason:
com.kms.katalon.core.exception.StepFailedException: Unable to verify text 'Election Seed Files' is present  using regular expression (Root cause: com.kms.katalon.core.exception.StepFailedException: Text 'Election Seed Files' is not present on page  using regular expression)
	at com.kms.katalon.core.keyword.internal.KeywordMain.stepFailed(KeywordMain.groovy:36)
	at com.kms.katalon.core.webui.keyword.internal.WebUIKeywordMain.stepFailed(WebUIKeywordMain.groovy:65)
	at com.kms.katalon.core.webui.keyword.internal.WebUIKeywordMain.runKeyword(WebUIKeywordMain.groovy:27)
	at com.kms.katalon.core.webui.keyword.builtin.VerifyTextPresentKeyword.verifyTextPresent(VerifyTextPresentKeyword.groovy:83)
	at com.kms.katalon.core.webui.keyword.builtin.VerifyTextPresentKeyword.execute(VerifyTextPresentKeyword.groovy:68)
	at com.kms.katalon.core.keyword.internal.KeywordExecutor.executeKeywordForPlatform(KeywordExecutor.groovy:53)
	at com.kms.katalon.core.webui.keyword.WebUiBuiltInKeywords.verifyTextPresent(WebUiBuiltInKeywords.groovy:1693)
	at com.kms.katalon.core.webui.keyword.WebUiBuiltInKeywords$verifyTextPresent$14.call(Unknown Source)
	at Election Creation.run(Election Creation:100)
	at com.kms.katalon.core.main.ScriptEngine.run(ScriptEngine.java:194)
	at com.kms.katalon.core.main.ScriptEngine.runScriptAsRawText(ScriptEngine.java:119)
	at com.kms.katalon.core.main.TestCaseExecutor.runScript(TestCaseExecutor.java:328)
	at com.kms.katalon.core.main.TestCaseExecutor.doExecute(TestCaseExecutor.java:319)
	at com.kms.katalon.core.main.TestCaseExecutor.processExecutionPhase(TestCaseExecutor.java:298)
	at com.kms.katalon.core.main.TestCaseExecutor.accessMainPhase(TestCaseExecutor.java:290)
	at com.kms.katalon.core.main.TestCaseExecutor.execute(TestCaseExecutor.java:224)
	at com.kms.katalon.core.main.TestSuiteExecutor.accessTestCaseMainPhase(TestSuiteExecutor.java:129)
	at com.kms.katalon.core.main.TestSuiteExecutor.accessTestSuiteMainPhase(TestSuiteExecutor.java:112)
	at com.kms.katalon.core.main.TestSuiteExecutor.execute(TestSuiteExecutor.java:81)
	at com.kms.katalon.core.main.TestCaseMain.startTestSuite(TestCaseMain.java:149)
	at com.kms.katalon.core.main.TestCaseMain$startTestSuite$0.call(Unknown Source)
	at TempTestSuite1554323608097.run(TempTestSuite1554323608097.groovy:36)]]></system-err>
      </testcase>
      <testcase name="Test Cases/Admin Console/Election Setup/Elections/Election Creation - Upload Supplemental" classname="Test Cases/Admin Console/Election Setup/Elections/Election Creation - Upload Supplemental" status="PASSED">
         <system-out><![CDATA[2019-04-03 15:35:09 - [TEST_CASE][PASSED] - Test Cases/Admin Console/Election Setup/Elections/Election Creation - Upload Supplemental: Test Cases/Admin Console/Election Setup/Elections/Election Creation - Upload Supplemental

2019-04-03 15:35:09 - [TEST_STEP][PASSED] - openBrowser(""): Browser is opened with url: ''

2019-04-03 15:35:09 - [MESSAGE][WARNING] - A browser is already opened. Closing browser and opening a new one

2019-04-03 15:35:09 - [MESSAGE][INFO] - Starting 'Chrome (headless)' driver

2019-04-03 15:35:09 - [MESSAGE][PASSED] - Browser is opened with url: ''

2019-04-03 15:35:09 - [TEST_STEP][PASSED] - navigateToUrl(URL): Navigate to 'https://dev.epulse.io' successfully

2019-04-03 15:35:11 - [MESSAGE][PASSED] - Navigate to 'https://dev.epulse.io' successfully

2019-04-03 15:35:11 - [TEST_STEP][PASSED] - setText(findTestObject("Login/Email Address"), User_email): Text 'alonzo.mack@knowink.com' is set on object 'Object Repository/Login/Email Address'

2019-04-03 15:35:11 - [MESSAGE][PASSED] - Text 'alonzo.mack@knowink.com' is set on object 'Object Repository/Login/Email Address'

2019-04-03 15:35:11 - [TEST_STEP][PASSED] - setEncryptedText(findTestObject("Login/Password"), Pswrd): Text ****** has been set on object 'Object Repository/Login/Password'

2019-04-03 15:35:11 - [MESSAGE][PASSED] - Text ****** has been set on object 'Object Repository/Login/Password'

2019-04-03 15:35:11 - [TEST_STEP][PASSED] - click(findTestObject("Login/Sign In")): Object: 'Object Repository/Login/Sign In' is clicked on

2019-04-03 15:35:12 - [MESSAGE][PASSED] - Object: 'Object Repository/Login/Sign In' is clicked on

2019-04-03 15:35:12 - [TEST_STEP][PASSED] - delay(1): Delayed 1 second(s)

2019-04-03 15:35:13 - [MESSAGE][PASSED] - Delayed 1 second(s)

2019-04-03 15:35:13 - [TEST_STEP][PASSED] - navigateToUrl(Elections_Page): Navigate to 'https://am-automation-test.dev.epulse.io/elections' successfully

2019-04-03 15:35:14 - [MESSAGE][PASSED] - Navigate to 'https://am-automation-test.dev.epulse.io/elections' successfully

2019-04-03 15:35:14 - [TEST_STEP][PASSED] - click(findTestObject("Admin Console ePulse Menu/Election Setup/Election Creation/Supplemental File Upload/Election (Election Creation)")): Object: 'Object Repository/Admin Console ePulse Menu/Election Setup/Election Creation/Supplemental File Upload/Election (Election Creation)' is clicked on

2019-04-03 15:35:15 - [MESSAGE][PASSED] - Object: 'Object Repository/Admin Console ePulse Menu/Election Setup/Election Creation/Supplemental File Upload/Election (Election Creation)' is clicked on

2019-04-03 15:35:15 - [TEST_STEP][PASSED] - click(findTestObject("Admin Console ePulse Menu/Election Setup/Election Creation/Supplemental File Upload/Import Supplemental Voters")): Object: 'Object Repository/Admin Console ePulse Menu/Election Setup/Election Creation/Supplemental File Upload/Import Supplemental Voters' is clicked on

2019-04-03 15:35:15 - [MESSAGE][PASSED] - Object: 'Object Repository/Admin Console ePulse Menu/Election Setup/Election Creation/Supplemental File Upload/Import Supplemental Voters' is clicked on

2019-04-03 15:35:15 - [TEST_STEP][PASSED] - setText(findTestObject("Common ePulse Objects/Choose File"), "/Users/alonzomack/Downloads/Automation uploads/voters_201_mcvr.txt"): Text '/Users/alonzomack/Downloads/Automation uploads/voters_201_mcvr.txt' is set on object 'Object Repository/Common ePulse Objects/Choose File'

2019-04-03 15:35:15 - [MESSAGE][PASSED] - Text '/Users/alonzomack/Downloads/Automation uploads/voters_201_mcvr.txt' is set on object 'Object Repository/Common ePulse Objects/Choose File'

2019-04-03 15:35:15 - [TEST_STEP][PASSED] - delay(1): Delayed 1 second(s)

2019-04-03 15:35:16 - [MESSAGE][PASSED] - Delayed 1 second(s)

2019-04-03 15:35:16 - [TEST_STEP][PASSED] - click(findTestObject("Common ePulse Objects/Continue Button"), STOP_ON_FAILURE): Object: 'Object Repository/Common ePulse Objects/Continue Button' is clicked on

2019-04-03 15:35:16 - [MESSAGE][PASSED] - Object: 'Object Repository/Common ePulse Objects/Continue Button' is clicked on

2019-04-03 15:35:16 - [TEST_STEP][PASSED] - delay(1): Delayed 1 second(s)

2019-04-03 15:35:17 - [MESSAGE][PASSED] - Delayed 1 second(s)

2019-04-03 15:35:17 - [TEST_STEP][PASSED] - click(findTestObject("Admin Console ePulse Menu/Election Setup/Election Creation/Supplemental File Upload/Done")): Object: 'Object Repository/Admin Console ePulse Menu/Election Setup/Election Creation/Supplemental File Upload/Done' is clicked on

2019-04-03 15:35:21 - [MESSAGE][PASSED] - Object: 'Object Repository/Admin Console ePulse Menu/Election Setup/Election Creation/Supplemental File Upload/Done' is clicked on

2019-04-03 15:35:21 - [TEST_STEP][PASSED] - verifyTextPresent("Election Creation", true): Text 'Election Creation' is present on page  using regular expression

2019-04-03 15:35:22 - [MESSAGE][PASSED] - Text 'Election Creation' is present on page  using regular expression

2019-04-03 15:35:22 - [TEST_STEP][PASSED] - verifyTextPresent("Election Seed Files", true): Text 'Election Seed Files' is present on page  using regular expression

2019-04-03 15:35:22 - [MESSAGE][PASSED] - Text 'Election Seed Files' is present on page  using regular expression

2019-04-03 15:35:22 - [TEST_STEP][PASSED] - delay(1): Delayed 1 second(s)

2019-04-03 15:35:23 - [MESSAGE][PASSED] - Delayed 1 second(s)

2019-04-03 15:35:23 - [TEST_STEP][PASSED] - navigateToUrl(Reg_Voters): Navigate to 'https://am-automation-test.dev.epulse.io/voters#sort=last_name&direction=asc&display=list&page=1' successfully

2019-04-03 15:35:23 - [MESSAGE][PASSED] - Navigate to 'https://am-automation-test.dev.epulse.io/voters#sort=last_name&direction=asc&display=list&page=1' successfully

2019-04-03 15:35:23 - [TEST_STEP][PASSED] - delay(1): Delayed 1 second(s)

2019-04-03 15:35:24 - [MESSAGE][PASSED] - Delayed 1 second(s)

2019-04-03 15:35:24 - [TEST_STEP][PASSED] - delay(1): Delayed 1 second(s)

2019-04-03 15:35:25 - [MESSAGE][PASSED] - Delayed 1 second(s)

2019-04-03 15:35:25 - [TEST_STEP][PASSED] - verifyTextPresent("ABRON A AAARON", true): Text 'ABRON A AAARON' is present on page  using regular expression

2019-04-03 15:35:26 - [MESSAGE][PASSED] - Text 'ABRON A AAARON' is present on page  using regular expression

2019-04-03 15:35:26 - [TEST_STEP][PASSED] - closeBrowser(): Browser is closed

2019-04-03 15:35:26 - [MESSAGE][PASSED] - Browser is closed]]></system-out>
         <system-err><![CDATA[]]></system-err>
      </testcase>
      <testcase name="Test Cases/Admin Console/Poll Pads/Poll Pad - Configuration()/Poll Pad Configuration - Add" classname="Test Cases/Admin Console/Poll Pads/Poll Pad - Configuration()/Poll Pad Configuration - Add" status="PASSED">
         <system-out><![CDATA[2019-04-03 15:35:28 - [TEST_CASE][PASSED] - Test Cases/Admin Console/Poll Pads/Poll Pad - Configuration()/Poll Pad Configuration - Add: Test Cases/Admin Console/Poll Pads/Poll Pad - Configuration()/Poll Pad Configuration - Add

2019-04-03 15:35:28 - [TEST_STEP][PASSED] - openBrowser(""): Browser is opened with url: ''

2019-04-03 15:35:28 - [MESSAGE][INFO] - Starting 'Chrome (headless)' driver

2019-04-03 15:35:28 - [MESSAGE][PASSED] - Browser is opened with url: ''

2019-04-03 15:35:28 - [TEST_STEP][PASSED] - navigateToUrl(URL): Navigate to 'https://dev.epulse.io' successfully

2019-04-03 15:35:30 - [MESSAGE][PASSED] - Navigate to 'https://dev.epulse.io' successfully

2019-04-03 15:35:30 - [TEST_STEP][PASSED] - setText(findTestObject("Login/Email Address"), User_email): Text 'alonzo.mack@knowink.com' is set on object 'Object Repository/Login/Email Address'

2019-04-03 15:35:30 - [MESSAGE][PASSED] - Text 'alonzo.mack@knowink.com' is set on object 'Object Repository/Login/Email Address'

2019-04-03 15:35:30 - [TEST_STEP][PASSED] - setEncryptedText(findTestObject("Login/Password"), Pswrd): Text ****** has been set on object 'Object Repository/Login/Password'

2019-04-03 15:35:30 - [MESSAGE][PASSED] - Text ****** has been set on object 'Object Repository/Login/Password'

2019-04-03 15:35:30 - [TEST_STEP][PASSED] - click(findTestObject("Login/Sign In")): Object: 'Object Repository/Login/Sign In' is clicked on

2019-04-03 15:35:31 - [MESSAGE][PASSED] - Object: 'Object Repository/Login/Sign In' is clicked on

2019-04-03 15:35:31 - [TEST_STEP][PASSED] - delay(1): Delayed 1 second(s)

2019-04-03 15:35:32 - [MESSAGE][PASSED] - Delayed 1 second(s)

2019-04-03 15:35:32 - [TEST_STEP][PASSED] - navigateToUrl(Pollpad_Config_Page): Navigate to 'https://am-automation-test.dev.epulse.io/poll_pad_configs' successfully

2019-04-03 15:35:33 - [MESSAGE][PASSED] - Navigate to 'https://am-automation-test.dev.epulse.io/poll_pad_configs' successfully

2019-04-03 15:35:33 - [TEST_STEP][PASSED] - delay(1): Delayed 1 second(s)

2019-04-03 15:35:34 - [MESSAGE][PASSED] - Delayed 1 second(s)

2019-04-03 15:35:34 - [TEST_STEP][PASSED] - click(findTestObject("Admin Console ePulse Menu/Poll Pads/Poll Pad Config - Add/Add Configuration")): Object: 'Object Repository/Admin Console ePulse Menu/Poll Pads/Poll Pad Config - Add/Add Configuration' is clicked on

2019-04-03 15:35:35 - [MESSAGE][PASSED] - Object: 'Object Repository/Admin Console ePulse Menu/Poll Pads/Poll Pad Config - Add/Add Configuration' is clicked on

2019-04-03 15:35:35 - [TEST_STEP][PASSED] - delay(1): Delayed 1 second(s)

2019-04-03 15:35:36 - [MESSAGE][PASSED] - Delayed 1 second(s)

2019-04-03 15:35:36 - [TEST_STEP][PASSED] - setText(findTestObject("Admin Console ePulse Menu/Poll Pads/Poll Pad Config - Add/PollPad Config Name"), "Automation Created Config"): Text 'Automation Created Config' is set on object 'Object Repository/Admin Console ePulse Menu/Poll Pads/Poll Pad Config - Add/PollPad Config Name'

2019-04-03 15:35:36 - [MESSAGE][PASSED] - Text 'Automation Created Config' is set on object 'Object Repository/Admin Console ePulse Menu/Poll Pads/Poll Pad Config - Add/PollPad Config Name'

2019-04-03 15:35:36 - [TEST_STEP][PASSED] - delay(1): Delayed 1 second(s)

2019-04-03 15:35:37 - [MESSAGE][PASSED] - Delayed 1 second(s)

2019-04-03 15:35:37 - [TEST_STEP][PASSED] - click(findTestObject("Admin Console ePulse Menu/Poll Pads/Poll Pad Config - Add/Submit Config")): Object: 'Object Repository/Admin Console ePulse Menu/Poll Pads/Poll Pad Config - Add/Submit Config' is clicked on

2019-04-03 15:35:38 - [MESSAGE][PASSED] - Object: 'Object Repository/Admin Console ePulse Menu/Poll Pads/Poll Pad Config - Add/Submit Config' is clicked on

2019-04-03 15:35:38 - [TEST_STEP][PASSED] - delay(1): Delayed 1 second(s)

2019-04-03 15:35:39 - [MESSAGE][PASSED] - Delayed 1 second(s)

2019-04-03 15:35:39 - [TEST_STEP][PASSED] - closeBrowser(): Browser is closed

2019-04-03 15:35:39 - [MESSAGE][PASSED] - Browser is closed]]></system-out>
         <system-err><![CDATA[]]></system-err>
      </testcase>
      <testcase name="Test Cases/Admin Console/Poll Pads/Poll Pad - Configuration()/Poll Pad Configuration - Delete" classname="Test Cases/Admin Console/Poll Pads/Poll Pad - Configuration()/Poll Pad Configuration - Delete" status="PASSED">
         <system-out><![CDATA[2019-04-03 15:35:41 - [TEST_CASE][PASSED] - Test Cases/Admin Console/Poll Pads/Poll Pad - Configuration()/Poll Pad Configuration - Delete: Test Cases/Admin Console/Poll Pads/Poll Pad - Configuration()/Poll Pad Configuration - Delete

2019-04-03 15:35:41 - [TEST_STEP][PASSED] - openBrowser(""): Browser is opened with url: ''

2019-04-03 15:35:41 - [MESSAGE][INFO] - Starting 'Chrome (headless)' driver

2019-04-03 15:35:42 - [MESSAGE][PASSED] - Browser is opened with url: ''

2019-04-03 15:35:42 - [TEST_STEP][PASSED] - navigateToUrl(URL): Navigate to 'https://dev.epulse.io' successfully

2019-04-03 15:35:43 - [MESSAGE][PASSED] - Navigate to 'https://dev.epulse.io' successfully

2019-04-03 15:35:43 - [TEST_STEP][PASSED] - setText(findTestObject("Login/Email Address"), User_email): Text 'alonzo.mack@knowink.com' is set on object 'Object Repository/Login/Email Address'

2019-04-03 15:35:44 - [MESSAGE][PASSED] - Text 'alonzo.mack@knowink.com' is set on object 'Object Repository/Login/Email Address'

2019-04-03 15:35:44 - [TEST_STEP][PASSED] - setEncryptedText(findTestObject("Login/Password"), Pswrd): Text ****** has been set on object 'Object Repository/Login/Password'

2019-04-03 15:35:44 - [MESSAGE][PASSED] - Text ****** has been set on object 'Object Repository/Login/Password'

2019-04-03 15:35:44 - [TEST_STEP][PASSED] - click(findTestObject("Login/Sign In")): Object: 'Object Repository/Login/Sign In' is clicked on

2019-04-03 15:35:45 - [MESSAGE][PASSED] - Object: 'Object Repository/Login/Sign In' is clicked on

2019-04-03 15:35:45 - [TEST_STEP][PASSED] - delay(1): Delayed 1 second(s)

2019-04-03 15:35:46 - [MESSAGE][PASSED] - Delayed 1 second(s)

2019-04-03 15:35:46 - [TEST_STEP][PASSED] - navigateToUrl(Pollpad_Config_Page): Navigate to 'https://am-automation-test.dev.epulse.io/poll_pad_configs' successfully

2019-04-03 15:35:47 - [MESSAGE][PASSED] - Navigate to 'https://am-automation-test.dev.epulse.io/poll_pad_configs' successfully

2019-04-03 15:35:47 - [TEST_STEP][PASSED] - delay(1): Delayed 1 second(s)

2019-04-03 15:35:48 - [MESSAGE][PASSED] - Delayed 1 second(s)

2019-04-03 15:35:48 - [TEST_STEP][PASSED] - delay(1): Delayed 1 second(s)

2019-04-03 15:35:49 - [MESSAGE][PASSED] - Delayed 1 second(s)

2019-04-03 15:35:49 - [TEST_STEP][PASSED] - click(findTestObject("Admin Console ePulse Menu/Poll Pads/Delete Config")): Object: 'Object Repository/Admin Console ePulse Menu/Poll Pads/Delete Config' is clicked on

2019-04-03 15:35:49 - [MESSAGE][PASSED] - Object: 'Object Repository/Admin Console ePulse Menu/Poll Pads/Delete Config' is clicked on

2019-04-03 15:35:49 - [TEST_STEP][PASSED] - acceptAlert(): Alert accepted

2019-04-03 15:35:49 - [MESSAGE][PASSED] - Alert accepted

2019-04-03 15:35:49 - [TEST_STEP][PASSED] - delay(1): Delayed 1 second(s)

2019-04-03 15:35:50 - [MESSAGE][PASSED] - Delayed 1 second(s)]]></system-out>
         <system-err><![CDATA[]]></system-err>
      </testcase>
      <testcase name="Test Cases/Admin Console/Poll Pads/Poll Pad - Configuration()/Poll Pad Configuration - Add" classname="Test Cases/Admin Console/Poll Pads/Poll Pad - Configuration()/Poll Pad Configuration - Add" status="PASSED">
         <system-out><![CDATA[2019-04-03 15:35:52 - [TEST_CASE][PASSED] - Test Cases/Admin Console/Poll Pads/Poll Pad - Configuration()/Poll Pad Configuration - Add: Test Cases/Admin Console/Poll Pads/Poll Pad - Configuration()/Poll Pad Configuration - Add

2019-04-03 15:35:52 - [TEST_STEP][PASSED] - openBrowser(""): Browser is opened with url: ''

2019-04-03 15:35:52 - [MESSAGE][WARNING] - A browser is already opened. Closing browser and opening a new one

2019-04-03 15:35:52 - [MESSAGE][INFO] - Starting 'Chrome (headless)' driver

2019-04-03 15:35:52 - [MESSAGE][PASSED] - Browser is opened with url: ''

2019-04-03 15:35:52 - [TEST_STEP][PASSED] - navigateToUrl(URL): Navigate to 'https://dev.epulse.io' successfully

2019-04-03 15:35:54 - [MESSAGE][PASSED] - Navigate to 'https://dev.epulse.io' successfully

2019-04-03 15:35:54 - [TEST_STEP][PASSED] - setText(findTestObject("Login/Email Address"), User_email): Text 'alonzo.mack@knowink.com' is set on object 'Object Repository/Login/Email Address'

2019-04-03 15:35:54 - [MESSAGE][PASSED] - Text 'alonzo.mack@knowink.com' is set on object 'Object Repository/Login/Email Address'

2019-04-03 15:35:54 - [TEST_STEP][PASSED] - setEncryptedText(findTestObject("Login/Password"), Pswrd): Text ****** has been set on object 'Object Repository/Login/Password'

2019-04-03 15:35:54 - [MESSAGE][PASSED] - Text ****** has been set on object 'Object Repository/Login/Password'

2019-04-03 15:35:54 - [TEST_STEP][PASSED] - click(findTestObject("Login/Sign In")): Object: 'Object Repository/Login/Sign In' is clicked on

2019-04-03 15:35:55 - [MESSAGE][PASSED] - Object: 'Object Repository/Login/Sign In' is clicked on

2019-04-03 15:35:55 - [TEST_STEP][PASSED] - delay(1): Delayed 1 second(s)

2019-04-03 15:35:56 - [MESSAGE][PASSED] - Delayed 1 second(s)

2019-04-03 15:35:56 - [TEST_STEP][PASSED] - navigateToUrl(Pollpad_Config_Page): Navigate to 'https://am-automation-test.dev.epulse.io/poll_pad_configs' successfully

2019-04-03 15:35:56 - [MESSAGE][PASSED] - Navigate to 'https://am-automation-test.dev.epulse.io/poll_pad_configs' successfully

2019-04-03 15:35:56 - [TEST_STEP][PASSED] - delay(1): Delayed 1 second(s)

2019-04-03 15:35:57 - [MESSAGE][PASSED] - Delayed 1 second(s)

2019-04-03 15:35:57 - [TEST_STEP][PASSED] - click(findTestObject("Admin Console ePulse Menu/Poll Pads/Poll Pad Config - Add/Add Configuration")): Object: 'Object Repository/Admin Console ePulse Menu/Poll Pads/Poll Pad Config - Add/Add Configuration' is clicked on

2019-04-03 15:35:59 - [MESSAGE][PASSED] - Object: 'Object Repository/Admin Console ePulse Menu/Poll Pads/Poll Pad Config - Add/Add Configuration' is clicked on

2019-04-03 15:35:59 - [TEST_STEP][PASSED] - delay(1): Delayed 1 second(s)

2019-04-03 15:36:00 - [MESSAGE][PASSED] - Delayed 1 second(s)

2019-04-03 15:36:00 - [TEST_STEP][PASSED] - setText(findTestObject("Admin Console ePulse Menu/Poll Pads/Poll Pad Config - Add/PollPad Config Name"), "Automation Created Config"): Text 'Automation Created Config' is set on object 'Object Repository/Admin Console ePulse Menu/Poll Pads/Poll Pad Config - Add/PollPad Config Name'

2019-04-03 15:36:00 - [MESSAGE][PASSED] - Text 'Automation Created Config' is set on object 'Object Repository/Admin Console ePulse Menu/Poll Pads/Poll Pad Config - Add/PollPad Config Name'

2019-04-03 15:36:00 - [TEST_STEP][PASSED] - delay(1): Delayed 1 second(s)

2019-04-03 15:36:01 - [MESSAGE][PASSED] - Delayed 1 second(s)

2019-04-03 15:36:01 - [TEST_STEP][PASSED] - click(findTestObject("Admin Console ePulse Menu/Poll Pads/Poll Pad Config - Add/Submit Config")): Object: 'Object Repository/Admin Console ePulse Menu/Poll Pads/Poll Pad Config - Add/Submit Config' is clicked on

2019-04-03 15:36:02 - [MESSAGE][PASSED] - Object: 'Object Repository/Admin Console ePulse Menu/Poll Pads/Poll Pad Config - Add/Submit Config' is clicked on

2019-04-03 15:36:02 - [TEST_STEP][PASSED] - delay(1): Delayed 1 second(s)

2019-04-03 15:36:03 - [MESSAGE][PASSED] - Delayed 1 second(s)

2019-04-03 15:36:03 - [TEST_STEP][PASSED] - closeBrowser(): Browser is closed

2019-04-03 15:36:03 - [MESSAGE][PASSED] - Browser is closed]]></system-out>
         <system-err><![CDATA[]]></system-err>
      </testcase>
      <testcase name="Test Cases/Admin Console/Poll Pads/Poll Pad - Configuration()/Poll Pad Configuration - Import" classname="Test Cases/Admin Console/Poll Pads/Poll Pad - Configuration()/Poll Pad Configuration - Import" status="PASSED">
         <system-out><![CDATA[2019-04-03 15:36:05 - [TEST_CASE][PASSED] - Test Cases/Admin Console/Poll Pads/Poll Pad - Configuration()/Poll Pad Configuration - Import: Test Cases/Admin Console/Poll Pads/Poll Pad - Configuration()/Poll Pad Configuration - Import

2019-04-03 15:36:05 - [TEST_STEP][PASSED] - openBrowser(""): Browser is opened with url: ''

2019-04-03 15:36:05 - [MESSAGE][INFO] - Starting 'Chrome (headless)' driver

2019-04-03 15:36:06 - [MESSAGE][PASSED] - Browser is opened with url: ''

2019-04-03 15:36:06 - [TEST_STEP][PASSED] - navigateToUrl(URL): Navigate to 'https://dev.epulse.io' successfully

2019-04-03 15:36:07 - [MESSAGE][PASSED] - Navigate to 'https://dev.epulse.io' successfully

2019-04-03 15:36:07 - [TEST_STEP][PASSED] - setText(findTestObject("Login/Email Address"), User_email): Text 'alonzo.mack@knowink.com' is set on object 'Object Repository/Login/Email Address'

2019-04-03 15:36:07 - [MESSAGE][PASSED] - Text 'alonzo.mack@knowink.com' is set on object 'Object Repository/Login/Email Address'

2019-04-03 15:36:07 - [TEST_STEP][PASSED] - setEncryptedText(findTestObject("Login/Password"), Pswrd): Text ****** has been set on object 'Object Repository/Login/Password'

2019-04-03 15:36:07 - [MESSAGE][PASSED] - Text ****** has been set on object 'Object Repository/Login/Password'

2019-04-03 15:36:07 - [TEST_STEP][PASSED] - click(findTestObject("Login/Sign In")): Object: 'Object Repository/Login/Sign In' is clicked on

2019-04-03 15:36:08 - [MESSAGE][PASSED] - Object: 'Object Repository/Login/Sign In' is clicked on

2019-04-03 15:36:08 - [TEST_STEP][PASSED] - delay(1): Delayed 1 second(s)

2019-04-03 15:36:09 - [MESSAGE][PASSED] - Delayed 1 second(s)

2019-04-03 15:36:09 - [TEST_STEP][PASSED] - navigateToUrl(Pollpad_Config_Import): Navigate to 'https://am-automation-test.dev.epulse.io/imports/poll_pad_config' successfully

2019-04-03 15:36:10 - [MESSAGE][PASSED] - Navigate to 'https://am-automation-test.dev.epulse.io/imports/poll_pad_config' successfully

2019-04-03 15:36:10 - [TEST_STEP][PASSED] - delay(1): Delayed 1 second(s)

2019-04-03 15:36:11 - [MESSAGE][PASSED] - Delayed 1 second(s)

2019-04-03 15:36:11 - [TEST_STEP][PASSED] - setText(findTestObject("Common ePulse Objects/Choose File"), "/Users/alonzomack/Downloads/Automation uploads/poll_pad_config.csv"): Text '/Users/alonzomack/Downloads/Automation uploads/poll_pad_config.csv' is set on object 'Object Repository/Common ePulse Objects/Choose File'

2019-04-03 15:36:11 - [MESSAGE][PASSED] - Text '/Users/alonzomack/Downloads/Automation uploads/poll_pad_config.csv' is set on object 'Object Repository/Common ePulse Objects/Choose File'

2019-04-03 15:36:11 - [TEST_STEP][PASSED] - setText(findTestObject("Admin Console ePulse Menu/Poll Pads/Poll Pads - Configuration Import/Config Name"), "Test Config"): Text 'Test Config' is set on object 'Object Repository/Admin Console ePulse Menu/Poll Pads/Poll Pads - Configuration Import/Config Name'

2019-04-03 15:36:11 - [MESSAGE][PASSED] - Text 'Test Config' is set on object 'Object Repository/Admin Console ePulse Menu/Poll Pads/Poll Pads - Configuration Import/Config Name'

2019-04-03 15:36:11 - [TEST_STEP][PASSED] - click(findTestObject("Common ePulse Objects/Continue Button")): Object: 'Object Repository/Common ePulse Objects/Continue Button' is clicked on

2019-04-03 15:36:11 - [MESSAGE][PASSED] - Object: 'Object Repository/Common ePulse Objects/Continue Button' is clicked on

2019-04-03 15:36:11 - [TEST_STEP][PASSED] - delay(1): Delayed 1 second(s)

2019-04-03 15:36:12 - [MESSAGE][PASSED] - Delayed 1 second(s)

2019-04-03 15:36:12 - [TEST_STEP][PASSED] - click(findTestObject("Common ePulse Objects/button_Done(working)")): Object: 'Object Repository/Common ePulse Objects/button_Done(working)' is clicked on

2019-04-03 15:36:19 - [MESSAGE][PASSED] - Object: 'Object Repository/Common ePulse Objects/button_Done(working)' is clicked on

2019-04-03 15:36:19 - [TEST_STEP][PASSED] - closeBrowser(STOP_ON_FAILURE): Browser is closed

2019-04-03 15:36:19 - [MESSAGE][PASSED] - Browser is closed]]></system-out>
         <system-err><![CDATA[]]></system-err>
      </testcase>
      <testcase name="Test Cases/Admin Console/Poll Pads/Poll Pad - Configuration()/Poll Pad Configuration - Copy" classname="Test Cases/Admin Console/Poll Pads/Poll Pad - Configuration()/Poll Pad Configuration - Copy" status="PASSED">
         <system-out><![CDATA[2019-04-03 15:36:21 - [TEST_CASE][PASSED] - Test Cases/Admin Console/Poll Pads/Poll Pad - Configuration()/Poll Pad Configuration - Copy: Test Cases/Admin Console/Poll Pads/Poll Pad - Configuration()/Poll Pad Configuration - Copy

2019-04-03 15:36:21 - [TEST_STEP][PASSED] - openBrowser(""): Browser is opened with url: ''

2019-04-03 15:36:21 - [MESSAGE][INFO] - Starting 'Chrome (headless)' driver

2019-04-03 15:36:21 - [MESSAGE][PASSED] - Browser is opened with url: ''

2019-04-03 15:36:21 - [TEST_STEP][PASSED] - navigateToUrl(URL): Navigate to 'https://dev.epulse.io' successfully

2019-04-03 15:36:24 - [MESSAGE][PASSED] - Navigate to 'https://dev.epulse.io' successfully

2019-04-03 15:36:24 - [TEST_STEP][PASSED] - setText(findTestObject("Login/Email Address"), User_email): Text 'alonzo.mack@knowink.com' is set on object 'Object Repository/Login/Email Address'

2019-04-03 15:36:24 - [MESSAGE][PASSED] - Text 'alonzo.mack@knowink.com' is set on object 'Object Repository/Login/Email Address'

2019-04-03 15:36:24 - [TEST_STEP][PASSED] - setEncryptedText(findTestObject("Login/Password"), Pswrd): Text ****** has been set on object 'Object Repository/Login/Password'

2019-04-03 15:36:24 - [MESSAGE][PASSED] - Text ****** has been set on object 'Object Repository/Login/Password'

2019-04-03 15:36:24 - [TEST_STEP][PASSED] - click(findTestObject("Login/Sign In")): Object: 'Object Repository/Login/Sign In' is clicked on

2019-04-03 15:36:25 - [MESSAGE][PASSED] - Object: 'Object Repository/Login/Sign In' is clicked on

2019-04-03 15:36:25 - [TEST_STEP][PASSED] - delay(1): Delayed 1 second(s)

2019-04-03 15:36:26 - [MESSAGE][PASSED] - Delayed 1 second(s)

2019-04-03 15:36:26 - [TEST_STEP][PASSED] - navigateToUrl(Pollpad_Config_Page): Navigate to 'https://am-automation-test.dev.epulse.io/poll_pad_configs' successfully

2019-04-03 15:36:27 - [MESSAGE][PASSED] - Navigate to 'https://am-automation-test.dev.epulse.io/poll_pad_configs' successfully

2019-04-03 15:36:27 - [TEST_STEP][PASSED] - delay(1): Delayed 1 second(s)

2019-04-03 15:36:28 - [MESSAGE][PASSED] - Delayed 1 second(s)

2019-04-03 15:36:28 - [TEST_STEP][PASSED] - click(findTestObject("Admin Console ePulse Menu/Poll Pads/Copy Config")): Object: 'Object Repository/Admin Console ePulse Menu/Poll Pads/Copy Config' is clicked on

2019-04-03 15:36:29 - [MESSAGE][PASSED] - Object: 'Object Repository/Admin Console ePulse Menu/Poll Pads/Copy Config' is clicked on

2019-04-03 15:36:29 - [TEST_STEP][PASSED] - delay(1): Delayed 1 second(s)

2019-04-03 15:36:30 - [MESSAGE][PASSED] - Delayed 1 second(s)

2019-04-03 15:36:30 - [TEST_STEP][PASSED] - setText(findTestObject("Admin Console ePulse Menu/Poll Pads/PollPad Config Name(copy)"), "Copy of selected config"): Text 'Copy of selected config' is set on object 'Object Repository/Admin Console ePulse Menu/Poll Pads/PollPad Config Name(copy)'

2019-04-03 15:36:30 - [MESSAGE][PASSED] - Text 'Copy of selected config' is set on object 'Object Repository/Admin Console ePulse Menu/Poll Pads/PollPad Config Name(copy)'

2019-04-03 15:36:30 - [TEST_STEP][PASSED] - delay(1): Delayed 1 second(s)

2019-04-03 15:36:31 - [MESSAGE][PASSED] - Delayed 1 second(s)

2019-04-03 15:36:31 - [TEST_STEP][PASSED] - click(findTestObject("Admin Console ePulse Menu/Poll Pads/Submit COPY")): Object: 'Object Repository/Admin Console ePulse Menu/Poll Pads/Submit COPY' is clicked on

2019-04-03 15:36:31 - [MESSAGE][PASSED] - Object: 'Object Repository/Admin Console ePulse Menu/Poll Pads/Submit COPY' is clicked on

2019-04-03 15:36:31 - [TEST_STEP][PASSED] - delay(1): Delayed 1 second(s)

2019-04-03 15:36:32 - [MESSAGE][PASSED] - Delayed 1 second(s)

2019-04-03 15:36:32 - [TEST_STEP][PASSED] - closeBrowser(STOP_ON_FAILURE): Browser is closed

2019-04-03 15:36:32 - [MESSAGE][PASSED] - Browser is closed]]></system-out>
         <system-err><![CDATA[]]></system-err>
      </testcase>
      <testcase name="Test Cases/Admin Console/Poll Pads/Poll Pad - Configuration()/Poll Pad Configuration - Export" classname="Test Cases/Admin Console/Poll Pads/Poll Pad - Configuration()/Poll Pad Configuration - Export" status="PASSED">
         <system-out><![CDATA[2019-04-03 15:36:34 - [TEST_CASE][PASSED] - Test Cases/Admin Console/Poll Pads/Poll Pad - Configuration()/Poll Pad Configuration - Export: Test Cases/Admin Console/Poll Pads/Poll Pad - Configuration()/Poll Pad Configuration - Export

2019-04-03 15:36:34 - [TEST_STEP][PASSED] - openBrowser(""): Browser is opened with url: ''

2019-04-03 15:36:34 - [MESSAGE][INFO] - Starting 'Chrome (headless)' driver

2019-04-03 15:36:34 - [MESSAGE][PASSED] - Browser is opened with url: ''

2019-04-03 15:36:34 - [TEST_STEP][PASSED] - navigateToUrl(URL): Navigate to 'https://dev.epulse.io' successfully

2019-04-03 15:36:36 - [MESSAGE][PASSED] - Navigate to 'https://dev.epulse.io' successfully

2019-04-03 15:36:36 - [TEST_STEP][PASSED] - setText(findTestObject("Login/Email Address"), User_email): Text 'alonzo.mack@knowink.com' is set on object 'Object Repository/Login/Email Address'

2019-04-03 15:36:36 - [MESSAGE][PASSED] - Text 'alonzo.mack@knowink.com' is set on object 'Object Repository/Login/Email Address'

2019-04-03 15:36:36 - [TEST_STEP][PASSED] - setEncryptedText(findTestObject("Login/Password"), Pswrd): Text ****** has been set on object 'Object Repository/Login/Password'

2019-04-03 15:36:36 - [MESSAGE][PASSED] - Text ****** has been set on object 'Object Repository/Login/Password'

2019-04-03 15:36:36 - [TEST_STEP][PASSED] - click(findTestObject("Login/Sign In")): Object: 'Object Repository/Login/Sign In' is clicked on

2019-04-03 15:36:37 - [MESSAGE][PASSED] - Object: 'Object Repository/Login/Sign In' is clicked on

2019-04-03 15:36:37 - [TEST_STEP][PASSED] - delay(1): Delayed 1 second(s)

2019-04-03 15:36:38 - [MESSAGE][PASSED] - Delayed 1 second(s)

2019-04-03 15:36:38 - [TEST_STEP][PASSED] - navigateToUrl(Pollpad_Config_Page): Navigate to 'https://am-automation-test.dev.epulse.io/poll_pad_configs' successfully

2019-04-03 15:36:39 - [MESSAGE][PASSED] - Navigate to 'https://am-automation-test.dev.epulse.io/poll_pad_configs' successfully

2019-04-03 15:36:39 - [TEST_STEP][PASSED] - delay(1): Delayed 1 second(s)

2019-04-03 15:36:40 - [MESSAGE][PASSED] - Delayed 1 second(s)

2019-04-03 15:36:40 - [TEST_STEP][PASSED] - click(findTestObject("Admin Console ePulse Menu/Poll Pads/Export Config")): Object: 'Object Repository/Admin Console ePulse Menu/Poll Pads/Export Config' is clicked on

2019-04-03 15:36:40 - [MESSAGE][PASSED] - Object: 'Object Repository/Admin Console ePulse Menu/Poll Pads/Export Config' is clicked on

2019-04-03 15:36:40 - [TEST_STEP][PASSED] - delay(2): Delayed 2 second(s)

2019-04-03 15:36:42 - [MESSAGE][PASSED] - Delayed 2 second(s)

2019-04-03 15:36:42 - [TEST_STEP][PASSED] - closeBrowser(): Browser is closed

2019-04-03 15:36:42 - [MESSAGE][PASSED] - Browser is closed]]></system-out>
         <system-err><![CDATA[]]></system-err>
      </testcase>
      <testcase name="Test Cases/SuperAdminConsole/Poll Pads/PollPad - Add" classname="Test Cases/SuperAdminConsole/Poll Pads/PollPad - Add" status="FAILED">
         <failure type="FAILED" message="Test Cases/SuperAdminConsole/Poll Pads/PollPad - Add FAILED.
Reason:
com.kms.katalon.core.exception.StepFailedException: Unable to click on object 'Object Repository/SuperAdminConsole/Poll Pads/POLL PADS link' (Root cause: org.openqa.selenium.ElementNotVisibleException: element not interactable
  (Session info: headless chrome=73.0.3683.86)
  (Driver info: chromedriver=2.43.600229 (3fae4d0cda5334b4f533bede5a4787f7b832d052),platform=Mac OS X 10.13.3 x86_64) (WARNING: The server did not provide any stacktrace information)
Command duration or timeout: 0 milliseconds
Build info: version: '3.7.1', revision: '8a0099a', time: '2017-11-06T21:07:36.161Z'
System info: host: 'QAs-MacBook-Pro-2.local', ip: '2600:6c40:5400:153d:3981:9d21:3c08:34c0%en0', os.name: 'Mac OS X', os.arch: 'x86_64', os.version: '10.13.3', java.version: '1.8.0_181'
Driver info: com.kms.katalon.selenium.driver.CChromeDriver
Capabilities {acceptInsecureCerts: false, acceptSslCerts: false, applicationCacheEnabled: false, browserConnectionEnabled: false, browserName: chrome, chrome: {chromedriverVersion: 2.43.600229 (3fae4d0cda5334..., userDataDir: /var/folders/p5/lldhhw894tb...}, cssSelectorsEnabled: true, databaseEnabled: false, goog:chromeOptions: {debuggerAddress: localhost:57249}, handlesAlerts: true, hasTouchScreen: false, javascriptEnabled: true, locationContextEnabled: true, mobileEmulationEnabled: false, nativeEvents: true, networkConnectionEnabled: false, pageLoadStrategy: normal, platform: MAC, platformName: MAC, rotatable: false, setWindowRect: true, takesHeapSnapshot: true, takesScreenshot: true, unexpectedAlertBehaviour: , unhandledPromptBehavior: , version: 73.0.3683.86, webStorageEnabled: true}
Session ID: a4d5761ddbcc9c31bc52eee98e6feeb1)
	at com.kms.katalon.core.keyword.internal.KeywordMain.stepFailed(KeywordMain.groovy:36)
	at com.kms.katalon.core.webui.keyword.internal.WebUIKeywordMain.stepFailed(WebUIKeywordMain.groovy:65)
	at com.kms.katalon.core.webui.keyword.internal.WebUIKeywordMain.runKeyword(WebUIKeywordMain.groovy:27)
	at com.kms.katalon.core.webui.keyword.builtin.ClickKeyword.click(ClickKeyword.groovy:86)
	at com.kms.katalon.core.webui.keyword.builtin.ClickKeyword.execute(ClickKeyword.groovy:67)
	at com.kms.katalon.core.keyword.internal.KeywordExecutor.executeKeywordForPlatform(KeywordExecutor.groovy:53)
	at com.kms.katalon.core.webui.keyword.WebUiBuiltInKeywords.click(WebUiBuiltInKeywords.groovy:616)
	at com.kms.katalon.core.webui.keyword.WebUiBuiltInKeywords$click$3.call(Unknown Source)
	at PollPad - Add.run(PollPad - Add:41)
	at com.kms.katalon.core.main.ScriptEngine.run(ScriptEngine.java:194)
	at com.kms.katalon.core.main.ScriptEngine.runScriptAsRawText(ScriptEngine.java:119)
	at com.kms.katalon.core.main.TestCaseExecutor.runScript(TestCaseExecutor.java:328)
	at com.kms.katalon.core.main.TestCaseExecutor.doExecute(TestCaseExecutor.java:319)
	at com.kms.katalon.core.main.TestCaseExecutor.processExecutionPhase(TestCaseExecutor.java:298)
	at com.kms.katalon.core.main.TestCaseExecutor.accessMainPhase(TestCaseExecutor.java:290)
	at com.kms.katalon.core.main.TestCaseExecutor.execute(TestCaseExecutor.java:224)
	at com.kms.katalon.core.main.TestSuiteExecutor.accessTestCaseMainPhase(TestSuiteExecutor.java:129)
	at com.kms.katalon.core.main.TestSuiteExecutor.accessTestSuiteMainPhase(TestSuiteExecutor.java:112)
	at com.kms.katalon.core.main.TestSuiteExecutor.execute(TestSuiteExecutor.java:81)
	at com.kms.katalon.core.main.TestCaseMain.startTestSuite(TestCaseMain.java:149)
	at com.kms.katalon.core.main.TestCaseMain$startTestSuite$0.call(Unknown Source)
	at TempTestSuite1554323608097.run(TempTestSuite1554323608097.groovy:36)
"/>
         <system-out><![CDATA[2019-04-03 15:36:44 - [TEST_CASE][FAILED] - Test Cases/SuperAdminConsole/Poll Pads/PollPad - Add: Test Cases/SuperAdminConsole/Poll Pads/PollPad - Add FAILED.
Reason:
com.kms.katalon.core.exception.StepFailedException: Unable to click on object 'Object Repository/SuperAdminConsole/Poll Pads/POLL PADS link' (Root cause: org.openqa.selenium.ElementNotVisibleException: element not interactable
  (Session info: headless chrome=73.0.3683.86)
  (Driver info: chromedriver=2.43.600229 (3fae4d0cda5334b4f533bede5a4787f7b832d052),platform=Mac OS X 10.13.3 x86_64) (WARNING: The server did not provide any stacktrace information)
Command duration or timeout: 0 milliseconds
Build info: version: '3.7.1', revision: '8a0099a', time: '2017-11-06T21:07:36.161Z'
System info: host: 'QAs-MacBook-Pro-2.local', ip: '2600:6c40:5400:153d:3981:9d21:3c08:34c0%en0', os.name: 'Mac OS X', os.arch: 'x86_64', os.version: '10.13.3', java.version: '1.8.0_181'
Driver info: com.kms.katalon.selenium.driver.CChromeDriver
Capabilities {acceptInsecureCerts: false, acceptSslCerts: false, applicationCacheEnabled: false, browserConnectionEnabled: false, browserName: chrome, chrome: {chromedriverVersion: 2.43.600229 (3fae4d0cda5334..., userDataDir: /var/folders/p5/lldhhw894tb...}, cssSelectorsEnabled: true, databaseEnabled: false, goog:chromeOptions: {debuggerAddress: localhost:57249}, handlesAlerts: true, hasTouchScreen: false, javascriptEnabled: true, locationContextEnabled: true, mobileEmulationEnabled: false, nativeEvents: true, networkConnectionEnabled: false, pageLoadStrategy: normal, platform: MAC, platformName: MAC, rotatable: false, setWindowRect: true, takesHeapSnapshot: true, takesScreenshot: true, unexpectedAlertBehaviour: , unhandledPromptBehavior: , version: 73.0.3683.86, webStorageEnabled: true}
Session ID: a4d5761ddbcc9c31bc52eee98e6feeb1)
	at com.kms.katalon.core.keyword.internal.KeywordMain.stepFailed(KeywordMain.groovy:36)
	at com.kms.katalon.core.webui.keyword.internal.WebUIKeywordMain.stepFailed(WebUIKeywordMain.groovy:65)
	at com.kms.katalon.core.webui.keyword.internal.WebUIKeywordMain.runKeyword(WebUIKeywordMain.groovy:27)
	at com.kms.katalon.core.webui.keyword.builtin.ClickKeyword.click(ClickKeyword.groovy:86)
	at com.kms.katalon.core.webui.keyword.builtin.ClickKeyword.execute(ClickKeyword.groovy:67)
	at com.kms.katalon.core.keyword.internal.KeywordExecutor.executeKeywordForPlatform(KeywordExecutor.groovy:53)
	at com.kms.katalon.core.webui.keyword.WebUiBuiltInKeywords.click(WebUiBuiltInKeywords.groovy:616)
	at com.kms.katalon.core.webui.keyword.WebUiBuiltInKeywords$click$3.call(Unknown Source)
	at PollPad - Add.run(PollPad - Add:41)
	at com.kms.katalon.core.main.ScriptEngine.run(ScriptEngine.java:194)
	at com.kms.katalon.core.main.ScriptEngine.runScriptAsRawText(ScriptEngine.java:119)
	at com.kms.katalon.core.main.TestCaseExecutor.runScript(TestCaseExecutor.java:328)
	at com.kms.katalon.core.main.TestCaseExecutor.doExecute(TestCaseExecutor.java:319)
	at com.kms.katalon.core.main.TestCaseExecutor.processExecutionPhase(TestCaseExecutor.java:298)
	at com.kms.katalon.core.main.TestCaseExecutor.accessMainPhase(TestCaseExecutor.java:290)
	at com.kms.katalon.core.main.TestCaseExecutor.execute(TestCaseExecutor.java:224)
	at com.kms.katalon.core.main.TestSuiteExecutor.accessTestCaseMainPhase(TestSuiteExecutor.java:129)
	at com.kms.katalon.core.main.TestSuiteExecutor.accessTestSuiteMainPhase(TestSuiteExecutor.java:112)
	at com.kms.katalon.core.main.TestSuiteExecutor.execute(TestSuiteExecutor.java:81)
	at com.kms.katalon.core.main.TestCaseMain.startTestSuite(TestCaseMain.java:149)
	at com.kms.katalon.core.main.TestCaseMain$startTestSuite$0.call(Unknown Source)
	at TempTestSuite1554323608097.run(TempTestSuite1554323608097.groovy:36)


2019-04-03 15:36:44 - [TEST_STEP][PASSED] - openBrowser(""): Browser is opened with url: ''

2019-04-03 15:36:44 - [MESSAGE][INFO] - Starting 'Chrome (headless)' driver

2019-04-03 15:36:45 - [MESSAGE][PASSED] - Browser is opened with url: ''

2019-04-03 15:36:45 - [TEST_STEP][PASSED] - navigateToUrl(URL): Navigate to 'https://dev.epulse.io' successfully

2019-04-03 15:36:46 - [MESSAGE][PASSED] - Navigate to 'https://dev.epulse.io' successfully

2019-04-03 15:36:46 - [TEST_STEP][PASSED] - setText(findTestObject("Login/Email Address"), User_email): Text 'alonzo.mack@knowink.com' is set on object 'Object Repository/Login/Email Address'

2019-04-03 15:36:46 - [MESSAGE][PASSED] - Text 'alonzo.mack@knowink.com' is set on object 'Object Repository/Login/Email Address'

2019-04-03 15:36:46 - [TEST_STEP][PASSED] - setEncryptedText(findTestObject("Login/Password"), Pswrd): Text ****** has been set on object 'Object Repository/Login/Password'

2019-04-03 15:36:46 - [MESSAGE][PASSED] - Text ****** has been set on object 'Object Repository/Login/Password'

2019-04-03 15:36:46 - [TEST_STEP][PASSED] - click(findTestObject("Login/Sign In")): Object: 'Object Repository/Login/Sign In' is clicked on

2019-04-03 15:36:47 - [MESSAGE][PASSED] - Object: 'Object Repository/Login/Sign In' is clicked on

2019-04-03 15:36:47 - [TEST_STEP][PASSED] - delay(1): Delayed 1 second(s)

2019-04-03 15:36:48 - [MESSAGE][PASSED] - Delayed 1 second(s)

2019-04-03 15:36:48 - [TEST_STEP][FAILED] - click(findTestObject("SuperAdminConsole/Poll Pads/POLL PADS link")): click(findTestObject("SuperAdminConsole/Poll Pads/POLL PADS link")) FAILED.
Reason:
com.kms.katalon.core.exception.StepFailedException: Unable to click on object 'Object Repository/SuperAdminConsole/Poll Pads/POLL PADS link' (Root cause: org.openqa.selenium.ElementNotVisibleException: element not interactable
  (Session info: headless chrome=73.0.3683.86)
  (Driver info: chromedriver=2.43.600229 (3fae4d0cda5334b4f533bede5a4787f7b832d052),platform=Mac OS X 10.13.3 x86_64) (WARNING: The server did not provide any stacktrace information)
Command duration or timeout: 0 milliseconds
Build info: version: '3.7.1', revision: '8a0099a', time: '2017-11-06T21:07:36.161Z'
System info: host: 'QAs-MacBook-Pro-2.local', ip: '2600:6c40:5400:153d:3981:9d21:3c08:34c0%en0', os.name: 'Mac OS X', os.arch: 'x86_64', os.version: '10.13.3', java.version: '1.8.0_181'
Driver info: com.kms.katalon.selenium.driver.CChromeDriver
Capabilities {acceptInsecureCerts: false, acceptSslCerts: false, applicationCacheEnabled: false, browserConnectionEnabled: false, browserName: chrome, chrome: {chromedriverVersion: 2.43.600229 (3fae4d0cda5334..., userDataDir: /var/folders/p5/lldhhw894tb...}, cssSelectorsEnabled: true, databaseEnabled: false, goog:chromeOptions: {debuggerAddress: localhost:57249}, handlesAlerts: true, hasTouchScreen: false, javascriptEnabled: true, locationContextEnabled: true, mobileEmulationEnabled: false, nativeEvents: true, networkConnectionEnabled: false, pageLoadStrategy: normal, platform: MAC, platformName: MAC, rotatable: false, setWindowRect: true, takesHeapSnapshot: true, takesScreenshot: true, unexpectedAlertBehaviour: , unhandledPromptBehavior: , version: 73.0.3683.86, webStorageEnabled: true}
Session ID: a4d5761ddbcc9c31bc52eee98e6feeb1)
	at com.kms.katalon.core.keyword.internal.KeywordMain.stepFailed(KeywordMain.groovy:36)
	at com.kms.katalon.core.webui.keyword.internal.WebUIKeywordMain.stepFailed(WebUIKeywordMain.groovy:65)
	at com.kms.katalon.core.webui.keyword.internal.WebUIKeywordMain.runKeyword(WebUIKeywordMain.groovy:27)
	at com.kms.katalon.core.webui.keyword.builtin.ClickKeyword.click(ClickKeyword.groovy:86)
	at com.kms.katalon.core.webui.keyword.builtin.ClickKeyword.execute(ClickKeyword.groovy:67)
	at com.kms.katalon.core.keyword.internal.KeywordExecutor.executeKeywordForPlatform(KeywordExecutor.groovy:53)
	at com.kms.katalon.core.webui.keyword.WebUiBuiltInKeywords.click(WebUiBuiltInKeywords.groovy:616)
	at com.kms.katalon.core.webui.keyword.WebUiBuiltInKeywords$click$3.call(Unknown Source)
	at PollPad - Add.run(PollPad - Add:41)
	at com.kms.katalon.core.main.ScriptEngine.run(ScriptEngine.java:194)
	at com.kms.katalon.core.main.ScriptEngine.runScriptAsRawText(ScriptEngine.java:119)
	at com.kms.katalon.core.main.TestCaseExecutor.runScript(TestCaseExecutor.java:328)
	at com.kms.katalon.core.main.TestCaseExecutor.doExecute(TestCaseExecutor.java:319)
	at com.kms.katalon.core.main.TestCaseExecutor.processExecutionPhase(TestCaseExecutor.java:298)
	at com.kms.katalon.core.main.TestCaseExecutor.accessMainPhase(TestCaseExecutor.java:290)
	at com.kms.katalon.core.main.TestCaseExecutor.execute(TestCaseExecutor.java:224)
	at com.kms.katalon.core.main.TestSuiteExecutor.accessTestCaseMainPhase(TestSuiteExecutor.java:129)
	at com.kms.katalon.core.main.TestSuiteExecutor.accessTestSuiteMainPhase(TestSuiteExecutor.java:112)
	at com.kms.katalon.core.main.TestSuiteExecutor.execute(TestSuiteExecutor.java:81)
	at com.kms.katalon.core.main.TestCaseMain.startTestSuite(TestCaseMain.java:149)
	at com.kms.katalon.core.main.TestCaseMain$startTestSuite$0.call(Unknown Source)
	at TempTestSuite1554323608097.run(TempTestSuite1554323608097.groovy:36)


2019-04-03 15:36:48 - [MESSAGE][FAILED] - Unable to click on object 'Object Repository/SuperAdminConsole/Poll Pads/POLL PADS link' (Root cause: org.openqa.selenium.ElementNotVisibleException: element not interactable
  (Session info: headless chrome=73.0.3683.86)
  (Driver info: chromedriver=2.43.600229 (3fae4d0cda5334b4f533bede5a4787f7b832d052),platform=Mac OS X 10.13.3 x86_64) (WARNING: The server did not provide any stacktrace information)
Command duration or timeout: 0 milliseconds
Build info: version: '3.7.1', revision: '8a0099a', time: '2017-11-06T21:07:36.161Z'
System info: host: 'QAs-MacBook-Pro-2.local', ip: '2600:6c40:5400:153d:3981:9d21:3c08:34c0%en0', os.name: 'Mac OS X', os.arch: 'x86_64', os.version: '10.13.3', java.version: '1.8.0_181'
Driver info: com.kms.katalon.selenium.driver.CChromeDriver
Capabilities {acceptInsecureCerts: false, acceptSslCerts: false, applicationCacheEnabled: false, browserConnectionEnabled: false, browserName: chrome, chrome: {chromedriverVersion: 2.43.600229 (3fae4d0cda5334..., userDataDir: /var/folders/p5/lldhhw894tb...}, cssSelectorsEnabled: true, databaseEnabled: false, goog:chromeOptions: {debuggerAddress: localhost:57249}, handlesAlerts: true, hasTouchScreen: false, javascriptEnabled: true, locationContextEnabled: true, mobileEmulationEnabled: false, nativeEvents: true, networkConnectionEnabled: false, pageLoadStrategy: normal, platform: MAC, platformName: MAC, rotatable: false, setWindowRect: true, takesHeapSnapshot: true, takesScreenshot: true, unexpectedAlertBehaviour: , unhandledPromptBehavior: , version: 73.0.3683.86, webStorageEnabled: true}
Session ID: a4d5761ddbcc9c31bc52eee98e6feeb1)
[[ATTACHMENT|/Users/alonzomack/Katalon Studio/Regression/Reports/dev_staging ready/20190403_153328/1554323808507.png]]

2019-04-03 15:36:48 - [MESSAGE][FAILED] - click(findTestObject("SuperAdminConsole/Poll Pads/POLL PADS link")) FAILED.
Reason:
com.kms.katalon.core.exception.StepFailedException: Unable to click on object 'Object Repository/SuperAdminConsole/Poll Pads/POLL PADS link' (Root cause: org.openqa.selenium.ElementNotVisibleException: element not interactable
  (Session info: headless chrome=73.0.3683.86)
  (Driver info: chromedriver=2.43.600229 (3fae4d0cda5334b4f533bede5a4787f7b832d052),platform=Mac OS X 10.13.3 x86_64) (WARNING: The server did not provide any stacktrace information)
Command duration or timeout: 0 milliseconds
Build info: version: '3.7.1', revision: '8a0099a', time: '2017-11-06T21:07:36.161Z'
System info: host: 'QAs-MacBook-Pro-2.local', ip: '2600:6c40:5400:153d:3981:9d21:3c08:34c0%en0', os.name: 'Mac OS X', os.arch: 'x86_64', os.version: '10.13.3', java.version: '1.8.0_181'
Driver info: com.kms.katalon.selenium.driver.CChromeDriver
Capabilities {acceptInsecureCerts: false, acceptSslCerts: false, applicationCacheEnabled: false, browserConnectionEnabled: false, browserName: chrome, chrome: {chromedriverVersion: 2.43.600229 (3fae4d0cda5334..., userDataDir: /var/folders/p5/lldhhw894tb...}, cssSelectorsEnabled: true, databaseEnabled: false, goog:chromeOptions: {debuggerAddress: localhost:57249}, handlesAlerts: true, hasTouchScreen: false, javascriptEnabled: true, locationContextEnabled: true, mobileEmulationEnabled: false, nativeEvents: true, networkConnectionEnabled: false, pageLoadStrategy: normal, platform: MAC, platformName: MAC, rotatable: false, setWindowRect: true, takesHeapSnapshot: true, takesScreenshot: true, unexpectedAlertBehaviour: , unhandledPromptBehavior: , version: 73.0.3683.86, webStorageEnabled: true}
Session ID: a4d5761ddbcc9c31bc52eee98e6feeb1)
	at com.kms.katalon.core.keyword.internal.KeywordMain.stepFailed(KeywordMain.groovy:36)
	at com.kms.katalon.core.webui.keyword.internal.WebUIKeywordMain.stepFailed(WebUIKeywordMain.groovy:65)
	at com.kms.katalon.core.webui.keyword.internal.WebUIKeywordMain.runKeyword(WebUIKeywordMain.groovy:27)
	at com.kms.katalon.core.webui.keyword.builtin.ClickKeyword.click(ClickKeyword.groovy:86)
	at com.kms.katalon.core.webui.keyword.builtin.ClickKeyword.execute(ClickKeyword.groovy:67)
	at com.kms.katalon.core.keyword.internal.KeywordExecutor.executeKeywordForPlatform(KeywordExecutor.groovy:53)
	at com.kms.katalon.core.webui.keyword.WebUiBuiltInKeywords.click(WebUiBuiltInKeywords.groovy:616)
	at com.kms.katalon.core.webui.keyword.WebUiBuiltInKeywords$click$3.call(Unknown Source)
	at PollPad - Add.run(PollPad - Add:41)
	at com.kms.katalon.core.main.ScriptEngine.run(ScriptEngine.java:194)
	at com.kms.katalon.core.main.ScriptEngine.runScriptAsRawText(ScriptEngine.java:119)
	at com.kms.katalon.core.main.TestCaseExecutor.runScript(TestCaseExecutor.java:328)
	at com.kms.katalon.core.main.TestCaseExecutor.doExecute(TestCaseExecutor.java:319)
	at com.kms.katalon.core.main.TestCaseExecutor.processExecutionPhase(TestCaseExecutor.java:298)
	at com.kms.katalon.core.main.TestCaseExecutor.accessMainPhase(TestCaseExecutor.java:290)
	at com.kms.katalon.core.main.TestCaseExecutor.execute(TestCaseExecutor.java:224)
	at com.kms.katalon.core.main.TestSuiteExecutor.accessTestCaseMainPhase(TestSuiteExecutor.java:129)
	at com.kms.katalon.core.main.TestSuiteExecutor.accessTestSuiteMainPhase(TestSuiteExecutor.java:112)
	at com.kms.katalon.core.main.TestSuiteExecutor.execute(TestSuiteExecutor.java:81)
	at com.kms.katalon.core.main.TestCaseMain.startTestSuite(TestCaseMain.java:149)
	at com.kms.katalon.core.main.TestCaseMain$startTestSuite$0.call(Unknown Source)
	at TempTestSuite1554323608097.run(TempTestSuite1554323608097.groovy:36)]]></system-out>
         <system-err><![CDATA[2019-04-03 15:36:44 - [TEST_CASE][FAILED] - Test Cases/SuperAdminConsole/Poll Pads/PollPad - Add: Test Cases/SuperAdminConsole/Poll Pads/PollPad - Add FAILED.
Reason:
com.kms.katalon.core.exception.StepFailedException: Unable to click on object 'Object Repository/SuperAdminConsole/Poll Pads/POLL PADS link' (Root cause: org.openqa.selenium.ElementNotVisibleException: element not interactable
  (Session info: headless chrome=73.0.3683.86)
  (Driver info: chromedriver=2.43.600229 (3fae4d0cda5334b4f533bede5a4787f7b832d052),platform=Mac OS X 10.13.3 x86_64) (WARNING: The server did not provide any stacktrace information)
Command duration or timeout: 0 milliseconds
Build info: version: '3.7.1', revision: '8a0099a', time: '2017-11-06T21:07:36.161Z'
System info: host: 'QAs-MacBook-Pro-2.local', ip: '2600:6c40:5400:153d:3981:9d21:3c08:34c0%en0', os.name: 'Mac OS X', os.arch: 'x86_64', os.version: '10.13.3', java.version: '1.8.0_181'
Driver info: com.kms.katalon.selenium.driver.CChromeDriver
Capabilities {acceptInsecureCerts: false, acceptSslCerts: false, applicationCacheEnabled: false, browserConnectionEnabled: false, browserName: chrome, chrome: {chromedriverVersion: 2.43.600229 (3fae4d0cda5334..., userDataDir: /var/folders/p5/lldhhw894tb...}, cssSelectorsEnabled: true, databaseEnabled: false, goog:chromeOptions: {debuggerAddress: localhost:57249}, handlesAlerts: true, hasTouchScreen: false, javascriptEnabled: true, locationContextEnabled: true, mobileEmulationEnabled: false, nativeEvents: true, networkConnectionEnabled: false, pageLoadStrategy: normal, platform: MAC, platformName: MAC, rotatable: false, setWindowRect: true, takesHeapSnapshot: true, takesScreenshot: true, unexpectedAlertBehaviour: , unhandledPromptBehavior: , version: 73.0.3683.86, webStorageEnabled: true}
Session ID: a4d5761ddbcc9c31bc52eee98e6feeb1)
	at com.kms.katalon.core.keyword.internal.KeywordMain.stepFailed(KeywordMain.groovy:36)
	at com.kms.katalon.core.webui.keyword.internal.WebUIKeywordMain.stepFailed(WebUIKeywordMain.groovy:65)
	at com.kms.katalon.core.webui.keyword.internal.WebUIKeywordMain.runKeyword(WebUIKeywordMain.groovy:27)
	at com.kms.katalon.core.webui.keyword.builtin.ClickKeyword.click(ClickKeyword.groovy:86)
	at com.kms.katalon.core.webui.keyword.builtin.ClickKeyword.execute(ClickKeyword.groovy:67)
	at com.kms.katalon.core.keyword.internal.KeywordExecutor.executeKeywordForPlatform(KeywordExecutor.groovy:53)
	at com.kms.katalon.core.webui.keyword.WebUiBuiltInKeywords.click(WebUiBuiltInKeywords.groovy:616)
	at com.kms.katalon.core.webui.keyword.WebUiBuiltInKeywords$click$3.call(Unknown Source)
	at PollPad - Add.run(PollPad - Add:41)
	at com.kms.katalon.core.main.ScriptEngine.run(ScriptEngine.java:194)
	at com.kms.katalon.core.main.ScriptEngine.runScriptAsRawText(ScriptEngine.java:119)
	at com.kms.katalon.core.main.TestCaseExecutor.runScript(TestCaseExecutor.java:328)
	at com.kms.katalon.core.main.TestCaseExecutor.doExecute(TestCaseExecutor.java:319)
	at com.kms.katalon.core.main.TestCaseExecutor.processExecutionPhase(TestCaseExecutor.java:298)
	at com.kms.katalon.core.main.TestCaseExecutor.accessMainPhase(TestCaseExecutor.java:290)
	at com.kms.katalon.core.main.TestCaseExecutor.execute(TestCaseExecutor.java:224)
	at com.kms.katalon.core.main.TestSuiteExecutor.accessTestCaseMainPhase(TestSuiteExecutor.java:129)
	at com.kms.katalon.core.main.TestSuiteExecutor.accessTestSuiteMainPhase(TestSuiteExecutor.java:112)
	at com.kms.katalon.core.main.TestSuiteExecutor.execute(TestSuiteExecutor.java:81)
	at com.kms.katalon.core.main.TestCaseMain.startTestSuite(TestCaseMain.java:149)
	at com.kms.katalon.core.main.TestCaseMain$startTestSuite$0.call(Unknown Source)
	at TempTestSuite1554323608097.run(TempTestSuite1554323608097.groovy:36)]]></system-err>
      </testcase>
      <testcase name="Test Cases/SuperAdminConsole/Poll Pads/PollPad_Assign" classname="Test Cases/SuperAdminConsole/Poll Pads/PollPad_Assign" status="FAILED">
         <failure type="FAILED" message="Test Cases/SuperAdminConsole/Poll Pads/PollPad_Assign FAILED.
Reason:
com.kms.katalon.core.exception.StepFailedException: Unable to click on object 'Object Repository/SuperAdminConsole/Poll Pads/POLL PADS link' (Root cause: org.openqa.selenium.ElementNotVisibleException: element not interactable
  (Session info: headless chrome=73.0.3683.86)
  (Driver info: chromedriver=2.43.600229 (3fae4d0cda5334b4f533bede5a4787f7b832d052),platform=Mac OS X 10.13.3 x86_64) (WARNING: The server did not provide any stacktrace information)
Command duration or timeout: 0 milliseconds
Build info: version: '3.7.1', revision: '8a0099a', time: '2017-11-06T21:07:36.161Z'
System info: host: 'QAs-MacBook-Pro-2.local', ip: '2600:6c40:5400:153d:3981:9d21:3c08:34c0%en0', os.name: 'Mac OS X', os.arch: 'x86_64', os.version: '10.13.3', java.version: '1.8.0_181'
Driver info: com.kms.katalon.selenium.driver.CChromeDriver
Capabilities {acceptInsecureCerts: false, acceptSslCerts: false, applicationCacheEnabled: false, browserConnectionEnabled: false, browserName: chrome, chrome: {chromedriverVersion: 2.43.600229 (3fae4d0cda5334..., userDataDir: /var/folders/p5/lldhhw894tb...}, cssSelectorsEnabled: true, databaseEnabled: false, goog:chromeOptions: {debuggerAddress: localhost:57277}, handlesAlerts: true, hasTouchScreen: false, javascriptEnabled: true, locationContextEnabled: true, mobileEmulationEnabled: false, nativeEvents: true, networkConnectionEnabled: false, pageLoadStrategy: normal, platform: MAC, platformName: MAC, rotatable: false, setWindowRect: true, takesHeapSnapshot: true, takesScreenshot: true, unexpectedAlertBehaviour: , unhandledPromptBehavior: , version: 73.0.3683.86, webStorageEnabled: true}
Session ID: a2077b1c59a92f2b754c84176e80f87c)
	at com.kms.katalon.core.keyword.internal.KeywordMain.stepFailed(KeywordMain.groovy:36)
	at com.kms.katalon.core.webui.keyword.internal.WebUIKeywordMain.stepFailed(WebUIKeywordMain.groovy:65)
	at com.kms.katalon.core.webui.keyword.internal.WebUIKeywordMain.runKeyword(WebUIKeywordMain.groovy:27)
	at com.kms.katalon.core.webui.keyword.builtin.ClickKeyword.click(ClickKeyword.groovy:86)
	at com.kms.katalon.core.webui.keyword.builtin.ClickKeyword.execute(ClickKeyword.groovy:67)
	at com.kms.katalon.core.keyword.internal.KeywordExecutor.executeKeywordForPlatform(KeywordExecutor.groovy:53)
	at com.kms.katalon.core.webui.keyword.WebUiBuiltInKeywords.click(WebUiBuiltInKeywords.groovy:616)
	at com.kms.katalon.core.webui.keyword.WebUiBuiltInKeywords$click$3.call(Unknown Source)
	at PollPad_Assign.run(PollPad_Assign:42)
	at com.kms.katalon.core.main.ScriptEngine.run(ScriptEngine.java:194)
	at com.kms.katalon.core.main.ScriptEngine.runScriptAsRawText(ScriptEngine.java:119)
	at com.kms.katalon.core.main.TestCaseExecutor.runScript(TestCaseExecutor.java:328)
	at com.kms.katalon.core.main.TestCaseExecutor.doExecute(TestCaseExecutor.java:319)
	at com.kms.katalon.core.main.TestCaseExecutor.processExecutionPhase(TestCaseExecutor.java:298)
	at com.kms.katalon.core.main.TestCaseExecutor.accessMainPhase(TestCaseExecutor.java:290)
	at com.kms.katalon.core.main.TestCaseExecutor.execute(TestCaseExecutor.java:224)
	at com.kms.katalon.core.main.TestSuiteExecutor.accessTestCaseMainPhase(TestSuiteExecutor.java:129)
	at com.kms.katalon.core.main.TestSuiteExecutor.accessTestSuiteMainPhase(TestSuiteExecutor.java:112)
	at com.kms.katalon.core.main.TestSuiteExecutor.execute(TestSuiteExecutor.java:81)
	at com.kms.katalon.core.main.TestCaseMain.startTestSuite(TestCaseMain.java:149)
	at com.kms.katalon.core.main.TestCaseMain$startTestSuite$0.call(Unknown Source)
	at TempTestSuite1554323608097.run(TempTestSuite1554323608097.groovy:36)
"/>
         <system-out><![CDATA[2019-04-03 15:36:50 - [TEST_CASE][FAILED] - Test Cases/SuperAdminConsole/Poll Pads/PollPad_Assign: Test Cases/SuperAdminConsole/Poll Pads/PollPad_Assign FAILED.
Reason:
com.kms.katalon.core.exception.StepFailedException: Unable to click on object 'Object Repository/SuperAdminConsole/Poll Pads/POLL PADS link' (Root cause: org.openqa.selenium.ElementNotVisibleException: element not interactable
  (Session info: headless chrome=73.0.3683.86)
  (Driver info: chromedriver=2.43.600229 (3fae4d0cda5334b4f533bede5a4787f7b832d052),platform=Mac OS X 10.13.3 x86_64) (WARNING: The server did not provide any stacktrace information)
Command duration or timeout: 0 milliseconds
Build info: version: '3.7.1', revision: '8a0099a', time: '2017-11-06T21:07:36.161Z'
System info: host: 'QAs-MacBook-Pro-2.local', ip: '2600:6c40:5400:153d:3981:9d21:3c08:34c0%en0', os.name: 'Mac OS X', os.arch: 'x86_64', os.version: '10.13.3', java.version: '1.8.0_181'
Driver info: com.kms.katalon.selenium.driver.CChromeDriver
Capabilities {acceptInsecureCerts: false, acceptSslCerts: false, applicationCacheEnabled: false, browserConnectionEnabled: false, browserName: chrome, chrome: {chromedriverVersion: 2.43.600229 (3fae4d0cda5334..., userDataDir: /var/folders/p5/lldhhw894tb...}, cssSelectorsEnabled: true, databaseEnabled: false, goog:chromeOptions: {debuggerAddress: localhost:57277}, handlesAlerts: true, hasTouchScreen: false, javascriptEnabled: true, locationContextEnabled: true, mobileEmulationEnabled: false, nativeEvents: true, networkConnectionEnabled: false, pageLoadStrategy: normal, platform: MAC, platformName: MAC, rotatable: false, setWindowRect: true, takesHeapSnapshot: true, takesScreenshot: true, unexpectedAlertBehaviour: , unhandledPromptBehavior: , version: 73.0.3683.86, webStorageEnabled: true}
Session ID: a2077b1c59a92f2b754c84176e80f87c)
	at com.kms.katalon.core.keyword.internal.KeywordMain.stepFailed(KeywordMain.groovy:36)
	at com.kms.katalon.core.webui.keyword.internal.WebUIKeywordMain.stepFailed(WebUIKeywordMain.groovy:65)
	at com.kms.katalon.core.webui.keyword.internal.WebUIKeywordMain.runKeyword(WebUIKeywordMain.groovy:27)
	at com.kms.katalon.core.webui.keyword.builtin.ClickKeyword.click(ClickKeyword.groovy:86)
	at com.kms.katalon.core.webui.keyword.builtin.ClickKeyword.execute(ClickKeyword.groovy:67)
	at com.kms.katalon.core.keyword.internal.KeywordExecutor.executeKeywordForPlatform(KeywordExecutor.groovy:53)
	at com.kms.katalon.core.webui.keyword.WebUiBuiltInKeywords.click(WebUiBuiltInKeywords.groovy:616)
	at com.kms.katalon.core.webui.keyword.WebUiBuiltInKeywords$click$3.call(Unknown Source)
	at PollPad_Assign.run(PollPad_Assign:42)
	at com.kms.katalon.core.main.ScriptEngine.run(ScriptEngine.java:194)
	at com.kms.katalon.core.main.ScriptEngine.runScriptAsRawText(ScriptEngine.java:119)
	at com.kms.katalon.core.main.TestCaseExecutor.runScript(TestCaseExecutor.java:328)
	at com.kms.katalon.core.main.TestCaseExecutor.doExecute(TestCaseExecutor.java:319)
	at com.kms.katalon.core.main.TestCaseExecutor.processExecutionPhase(TestCaseExecutor.java:298)
	at com.kms.katalon.core.main.TestCaseExecutor.accessMainPhase(TestCaseExecutor.java:290)
	at com.kms.katalon.core.main.TestCaseExecutor.execute(TestCaseExecutor.java:224)
	at com.kms.katalon.core.main.TestSuiteExecutor.accessTestCaseMainPhase(TestSuiteExecutor.java:129)
	at com.kms.katalon.core.main.TestSuiteExecutor.accessTestSuiteMainPhase(TestSuiteExecutor.java:112)
	at com.kms.katalon.core.main.TestSuiteExecutor.execute(TestSuiteExecutor.java:81)
	at com.kms.katalon.core.main.TestCaseMain.startTestSuite(TestCaseMain.java:149)
	at com.kms.katalon.core.main.TestCaseMain$startTestSuite$0.call(Unknown Source)
	at TempTestSuite1554323608097.run(TempTestSuite1554323608097.groovy:36)


2019-04-03 15:36:51 - [TEST_STEP][PASSED] - openBrowser("https://epulsedev2.com"): Browser is opened with url: 'https://epulsedev2.com'

2019-04-03 15:36:51 - [MESSAGE][WARNING] - A browser is already opened. Closing browser and opening a new one

2019-04-03 15:36:51 - [MESSAGE][INFO] - Starting 'Chrome (headless)' driver

2019-04-03 15:36:53 - [MESSAGE][PASSED] - Browser is opened with url: 'https://epulsedev2.com'

2019-04-03 15:36:53 - [TEST_STEP][PASSED] - openBrowser(""): Browser is opened with url: ''

2019-04-03 15:36:53 - [MESSAGE][WARNING] - A browser is already opened. Closing browser and opening a new one

2019-04-03 15:36:53 - [MESSAGE][INFO] - Starting 'Chrome (headless)' driver

2019-04-03 15:36:54 - [MESSAGE][PASSED] - Browser is opened with url: ''

2019-04-03 15:36:54 - [TEST_STEP][PASSED] - navigateToUrl(URL): Navigate to 'https://dev.epulse.io' successfully

2019-04-03 15:36:55 - [MESSAGE][PASSED] - Navigate to 'https://dev.epulse.io' successfully

2019-04-03 15:36:55 - [TEST_STEP][PASSED] - setText(findTestObject("Login/Email Address"), User_email): Text 'alonzo.mack@knowink.com' is set on object 'Object Repository/Login/Email Address'

2019-04-03 15:36:55 - [MESSAGE][PASSED] - Text 'alonzo.mack@knowink.com' is set on object 'Object Repository/Login/Email Address'

2019-04-03 15:36:55 - [TEST_STEP][PASSED] - setEncryptedText(findTestObject("Login/Password"), Pswrd): Text ****** has been set on object 'Object Repository/Login/Password'

2019-04-03 15:36:55 - [MESSAGE][PASSED] - Text ****** has been set on object 'Object Repository/Login/Password'

2019-04-03 15:36:55 - [TEST_STEP][PASSED] - click(findTestObject("Login/Sign In")): Object: 'Object Repository/Login/Sign In' is clicked on

2019-04-03 15:36:56 - [MESSAGE][PASSED] - Object: 'Object Repository/Login/Sign In' is clicked on

2019-04-03 15:36:56 - [TEST_STEP][PASSED] - delay(1): Delayed 1 second(s)

2019-04-03 15:36:57 - [MESSAGE][PASSED] - Delayed 1 second(s)

2019-04-03 15:36:57 - [TEST_STEP][FAILED] - click(findTestObject("SuperAdminConsole/Poll Pads/POLL PADS link")): click(findTestObject("SuperAdminConsole/Poll Pads/POLL PADS link")) FAILED.
Reason:
com.kms.katalon.core.exception.StepFailedException: Unable to click on object 'Object Repository/SuperAdminConsole/Poll Pads/POLL PADS link' (Root cause: org.openqa.selenium.ElementNotVisibleException: element not interactable
  (Session info: headless chrome=73.0.3683.86)
  (Driver info: chromedriver=2.43.600229 (3fae4d0cda5334b4f533bede5a4787f7b832d052),platform=Mac OS X 10.13.3 x86_64) (WARNING: The server did not provide any stacktrace information)
Command duration or timeout: 0 milliseconds
Build info: version: '3.7.1', revision: '8a0099a', time: '2017-11-06T21:07:36.161Z'
System info: host: 'QAs-MacBook-Pro-2.local', ip: '2600:6c40:5400:153d:3981:9d21:3c08:34c0%en0', os.name: 'Mac OS X', os.arch: 'x86_64', os.version: '10.13.3', java.version: '1.8.0_181'
Driver info: com.kms.katalon.selenium.driver.CChromeDriver
Capabilities {acceptInsecureCerts: false, acceptSslCerts: false, applicationCacheEnabled: false, browserConnectionEnabled: false, browserName: chrome, chrome: {chromedriverVersion: 2.43.600229 (3fae4d0cda5334..., userDataDir: /var/folders/p5/lldhhw894tb...}, cssSelectorsEnabled: true, databaseEnabled: false, goog:chromeOptions: {debuggerAddress: localhost:57277}, handlesAlerts: true, hasTouchScreen: false, javascriptEnabled: true, locationContextEnabled: true, mobileEmulationEnabled: false, nativeEvents: true, networkConnectionEnabled: false, pageLoadStrategy: normal, platform: MAC, platformName: MAC, rotatable: false, setWindowRect: true, takesHeapSnapshot: true, takesScreenshot: true, unexpectedAlertBehaviour: , unhandledPromptBehavior: , version: 73.0.3683.86, webStorageEnabled: true}
Session ID: a2077b1c59a92f2b754c84176e80f87c)
	at com.kms.katalon.core.keyword.internal.KeywordMain.stepFailed(KeywordMain.groovy:36)
	at com.kms.katalon.core.webui.keyword.internal.WebUIKeywordMain.stepFailed(WebUIKeywordMain.groovy:65)
	at com.kms.katalon.core.webui.keyword.internal.WebUIKeywordMain.runKeyword(WebUIKeywordMain.groovy:27)
	at com.kms.katalon.core.webui.keyword.builtin.ClickKeyword.click(ClickKeyword.groovy:86)
	at com.kms.katalon.core.webui.keyword.builtin.ClickKeyword.execute(ClickKeyword.groovy:67)
	at com.kms.katalon.core.keyword.internal.KeywordExecutor.executeKeywordForPlatform(KeywordExecutor.groovy:53)
	at com.kms.katalon.core.webui.keyword.WebUiBuiltInKeywords.click(WebUiBuiltInKeywords.groovy:616)
	at com.kms.katalon.core.webui.keyword.WebUiBuiltInKeywords$click$3.call(Unknown Source)
	at PollPad_Assign.run(PollPad_Assign:42)
	at com.kms.katalon.core.main.ScriptEngine.run(ScriptEngine.java:194)
	at com.kms.katalon.core.main.ScriptEngine.runScriptAsRawText(ScriptEngine.java:119)
	at com.kms.katalon.core.main.TestCaseExecutor.runScript(TestCaseExecutor.java:328)
	at com.kms.katalon.core.main.TestCaseExecutor.doExecute(TestCaseExecutor.java:319)
	at com.kms.katalon.core.main.TestCaseExecutor.processExecutionPhase(TestCaseExecutor.java:298)
	at com.kms.katalon.core.main.TestCaseExecutor.accessMainPhase(TestCaseExecutor.java:290)
	at com.kms.katalon.core.main.TestCaseExecutor.execute(TestCaseExecutor.java:224)
	at com.kms.katalon.core.main.TestSuiteExecutor.accessTestCaseMainPhase(TestSuiteExecutor.java:129)
	at com.kms.katalon.core.main.TestSuiteExecutor.accessTestSuiteMainPhase(TestSuiteExecutor.java:112)
	at com.kms.katalon.core.main.TestSuiteExecutor.execute(TestSuiteExecutor.java:81)
	at com.kms.katalon.core.main.TestCaseMain.startTestSuite(TestCaseMain.java:149)
	at com.kms.katalon.core.main.TestCaseMain$startTestSuite$0.call(Unknown Source)
	at TempTestSuite1554323608097.run(TempTestSuite1554323608097.groovy:36)


2019-04-03 15:36:57 - [MESSAGE][FAILED] - Unable to click on object 'Object Repository/SuperAdminConsole/Poll Pads/POLL PADS link' (Root cause: org.openqa.selenium.ElementNotVisibleException: element not interactable
  (Session info: headless chrome=73.0.3683.86)
  (Driver info: chromedriver=2.43.600229 (3fae4d0cda5334b4f533bede5a4787f7b832d052),platform=Mac OS X 10.13.3 x86_64) (WARNING: The server did not provide any stacktrace information)
Command duration or timeout: 0 milliseconds
Build info: version: '3.7.1', revision: '8a0099a', time: '2017-11-06T21:07:36.161Z'
System info: host: 'QAs-MacBook-Pro-2.local', ip: '2600:6c40:5400:153d:3981:9d21:3c08:34c0%en0', os.name: 'Mac OS X', os.arch: 'x86_64', os.version: '10.13.3', java.version: '1.8.0_181'
Driver info: com.kms.katalon.selenium.driver.CChromeDriver
Capabilities {acceptInsecureCerts: false, acceptSslCerts: false, applicationCacheEnabled: false, browserConnectionEnabled: false, browserName: chrome, chrome: {chromedriverVersion: 2.43.600229 (3fae4d0cda5334..., userDataDir: /var/folders/p5/lldhhw894tb...}, cssSelectorsEnabled: true, databaseEnabled: false, goog:chromeOptions: {debuggerAddress: localhost:57277}, handlesAlerts: true, hasTouchScreen: false, javascriptEnabled: true, locationContextEnabled: true, mobileEmulationEnabled: false, nativeEvents: true, networkConnectionEnabled: false, pageLoadStrategy: normal, platform: MAC, platformName: MAC, rotatable: false, setWindowRect: true, takesHeapSnapshot: true, takesScreenshot: true, unexpectedAlertBehaviour: , unhandledPromptBehavior: , version: 73.0.3683.86, webStorageEnabled: true}
Session ID: a2077b1c59a92f2b754c84176e80f87c)
[[ATTACHMENT|/Users/alonzomack/Katalon Studio/Regression/Reports/dev_staging ready/20190403_153328/1554323817361.png]]

2019-04-03 15:36:57 - [MESSAGE][FAILED] - click(findTestObject("SuperAdminConsole/Poll Pads/POLL PADS link")) FAILED.
Reason:
com.kms.katalon.core.exception.StepFailedException: Unable to click on object 'Object Repository/SuperAdminConsole/Poll Pads/POLL PADS link' (Root cause: org.openqa.selenium.ElementNotVisibleException: element not interactable
  (Session info: headless chrome=73.0.3683.86)
  (Driver info: chromedriver=2.43.600229 (3fae4d0cda5334b4f533bede5a4787f7b832d052),platform=Mac OS X 10.13.3 x86_64) (WARNING: The server did not provide any stacktrace information)
Command duration or timeout: 0 milliseconds
Build info: version: '3.7.1', revision: '8a0099a', time: '2017-11-06T21:07:36.161Z'
System info: host: 'QAs-MacBook-Pro-2.local', ip: '2600:6c40:5400:153d:3981:9d21:3c08:34c0%en0', os.name: 'Mac OS X', os.arch: 'x86_64', os.version: '10.13.3', java.version: '1.8.0_181'
Driver info: com.kms.katalon.selenium.driver.CChromeDriver
Capabilities {acceptInsecureCerts: false, acceptSslCerts: false, applicationCacheEnabled: false, browserConnectionEnabled: false, browserName: chrome, chrome: {chromedriverVersion: 2.43.600229 (3fae4d0cda5334..., userDataDir: /var/folders/p5/lldhhw894tb...}, cssSelectorsEnabled: true, databaseEnabled: false, goog:chromeOptions: {debuggerAddress: localhost:57277}, handlesAlerts: true, hasTouchScreen: false, javascriptEnabled: true, locationContextEnabled: true, mobileEmulationEnabled: false, nativeEvents: true, networkConnectionEnabled: false, pageLoadStrategy: normal, platform: MAC, platformName: MAC, rotatable: false, setWindowRect: true, takesHeapSnapshot: true, takesScreenshot: true, unexpectedAlertBehaviour: , unhandledPromptBehavior: , version: 73.0.3683.86, webStorageEnabled: true}
Session ID: a2077b1c59a92f2b754c84176e80f87c)
	at com.kms.katalon.core.keyword.internal.KeywordMain.stepFailed(KeywordMain.groovy:36)
	at com.kms.katalon.core.webui.keyword.internal.WebUIKeywordMain.stepFailed(WebUIKeywordMain.groovy:65)
	at com.kms.katalon.core.webui.keyword.internal.WebUIKeywordMain.runKeyword(WebUIKeywordMain.groovy:27)
	at com.kms.katalon.core.webui.keyword.builtin.ClickKeyword.click(ClickKeyword.groovy:86)
	at com.kms.katalon.core.webui.keyword.builtin.ClickKeyword.execute(ClickKeyword.groovy:67)
	at com.kms.katalon.core.keyword.internal.KeywordExecutor.executeKeywordForPlatform(KeywordExecutor.groovy:53)
	at com.kms.katalon.core.webui.keyword.WebUiBuiltInKeywords.click(WebUiBuiltInKeywords.groovy:616)
	at com.kms.katalon.core.webui.keyword.WebUiBuiltInKeywords$click$3.call(Unknown Source)
	at PollPad_Assign.run(PollPad_Assign:42)
	at com.kms.katalon.core.main.ScriptEngine.run(ScriptEngine.java:194)
	at com.kms.katalon.core.main.ScriptEngine.runScriptAsRawText(ScriptEngine.java:119)
	at com.kms.katalon.core.main.TestCaseExecutor.runScript(TestCaseExecutor.java:328)
	at com.kms.katalon.core.main.TestCaseExecutor.doExecute(TestCaseExecutor.java:319)
	at com.kms.katalon.core.main.TestCaseExecutor.processExecutionPhase(TestCaseExecutor.java:298)
	at com.kms.katalon.core.main.TestCaseExecutor.accessMainPhase(TestCaseExecutor.java:290)
	at com.kms.katalon.core.main.TestCaseExecutor.execute(TestCaseExecutor.java:224)
	at com.kms.katalon.core.main.TestSuiteExecutor.accessTestCaseMainPhase(TestSuiteExecutor.java:129)
	at com.kms.katalon.core.main.TestSuiteExecutor.accessTestSuiteMainPhase(TestSuiteExecutor.java:112)
	at com.kms.katalon.core.main.TestSuiteExecutor.execute(TestSuiteExecutor.java:81)
	at com.kms.katalon.core.main.TestCaseMain.startTestSuite(TestCaseMain.java:149)
	at com.kms.katalon.core.main.TestCaseMain$startTestSuite$0.call(Unknown Source)
	at TempTestSuite1554323608097.run(TempTestSuite1554323608097.groovy:36)]]></system-out>
         <system-err><![CDATA[2019-04-03 15:36:50 - [TEST_CASE][FAILED] - Test Cases/SuperAdminConsole/Poll Pads/PollPad_Assign: Test Cases/SuperAdminConsole/Poll Pads/PollPad_Assign FAILED.
Reason:
com.kms.katalon.core.exception.StepFailedException: Unable to click on object 'Object Repository/SuperAdminConsole/Poll Pads/POLL PADS link' (Root cause: org.openqa.selenium.ElementNotVisibleException: element not interactable
  (Session info: headless chrome=73.0.3683.86)
  (Driver info: chromedriver=2.43.600229 (3fae4d0cda5334b4f533bede5a4787f7b832d052),platform=Mac OS X 10.13.3 x86_64) (WARNING: The server did not provide any stacktrace information)
Command duration or timeout: 0 milliseconds
Build info: version: '3.7.1', revision: '8a0099a', time: '2017-11-06T21:07:36.161Z'
System info: host: 'QAs-MacBook-Pro-2.local', ip: '2600:6c40:5400:153d:3981:9d21:3c08:34c0%en0', os.name: 'Mac OS X', os.arch: 'x86_64', os.version: '10.13.3', java.version: '1.8.0_181'
Driver info: com.kms.katalon.selenium.driver.CChromeDriver
Capabilities {acceptInsecureCerts: false, acceptSslCerts: false, applicationCacheEnabled: false, browserConnectionEnabled: false, browserName: chrome, chrome: {chromedriverVersion: 2.43.600229 (3fae4d0cda5334..., userDataDir: /var/folders/p5/lldhhw894tb...}, cssSelectorsEnabled: true, databaseEnabled: false, goog:chromeOptions: {debuggerAddress: localhost:57277}, handlesAlerts: true, hasTouchScreen: false, javascriptEnabled: true, locationContextEnabled: true, mobileEmulationEnabled: false, nativeEvents: true, networkConnectionEnabled: false, pageLoadStrategy: normal, platform: MAC, platformName: MAC, rotatable: false, setWindowRect: true, takesHeapSnapshot: true, takesScreenshot: true, unexpectedAlertBehaviour: , unhandledPromptBehavior: , version: 73.0.3683.86, webStorageEnabled: true}
Session ID: a2077b1c59a92f2b754c84176e80f87c)
	at com.kms.katalon.core.keyword.internal.KeywordMain.stepFailed(KeywordMain.groovy:36)
	at com.kms.katalon.core.webui.keyword.internal.WebUIKeywordMain.stepFailed(WebUIKeywordMain.groovy:65)
	at com.kms.katalon.core.webui.keyword.internal.WebUIKeywordMain.runKeyword(WebUIKeywordMain.groovy:27)
	at com.kms.katalon.core.webui.keyword.builtin.ClickKeyword.click(ClickKeyword.groovy:86)
	at com.kms.katalon.core.webui.keyword.builtin.ClickKeyword.execute(ClickKeyword.groovy:67)
	at com.kms.katalon.core.keyword.internal.KeywordExecutor.executeKeywordForPlatform(KeywordExecutor.groovy:53)
	at com.kms.katalon.core.webui.keyword.WebUiBuiltInKeywords.click(WebUiBuiltInKeywords.groovy:616)
	at com.kms.katalon.core.webui.keyword.WebUiBuiltInKeywords$click$3.call(Unknown Source)
	at PollPad_Assign.run(PollPad_Assign:42)
	at com.kms.katalon.core.main.ScriptEngine.run(ScriptEngine.java:194)
	at com.kms.katalon.core.main.ScriptEngine.runScriptAsRawText(ScriptEngine.java:119)
	at com.kms.katalon.core.main.TestCaseExecutor.runScript(TestCaseExecutor.java:328)
	at com.kms.katalon.core.main.TestCaseExecutor.doExecute(TestCaseExecutor.java:319)
	at com.kms.katalon.core.main.TestCaseExecutor.processExecutionPhase(TestCaseExecutor.java:298)
	at com.kms.katalon.core.main.TestCaseExecutor.accessMainPhase(TestCaseExecutor.java:290)
	at com.kms.katalon.core.main.TestCaseExecutor.execute(TestCaseExecutor.java:224)
	at com.kms.katalon.core.main.TestSuiteExecutor.accessTestCaseMainPhase(TestSuiteExecutor.java:129)
	at com.kms.katalon.core.main.TestSuiteExecutor.accessTestSuiteMainPhase(TestSuiteExecutor.java:112)
	at com.kms.katalon.core.main.TestSuiteExecutor.execute(TestSuiteExecutor.java:81)
	at com.kms.katalon.core.main.TestCaseMain.startTestSuite(TestCaseMain.java:149)
	at com.kms.katalon.core.main.TestCaseMain$startTestSuite$0.call(Unknown Source)
	at TempTestSuite1554323608097.run(TempTestSuite1554323608097.groovy:36)]]></system-err>
      </testcase>
      <testcase name="Test Cases/Admin Console/Election Setup/Ballot Styles/Ballot Styles - Downloads" classname="Test Cases/Admin Console/Election Setup/Ballot Styles/Ballot Styles - Downloads" status="PASSED">
         <system-out><![CDATA[2019-04-03 15:36:59 - [TEST_CASE][PASSED] - Test Cases/Admin Console/Election Setup/Ballot Styles/Ballot Styles - Downloads: Test Cases/Admin Console/Election Setup/Ballot Styles/Ballot Styles - Downloads

2019-04-03 15:36:59 - [TEST_STEP][PASSED] - openBrowser(""): Browser is opened with url: ''

2019-04-03 15:36:59 - [MESSAGE][WARNING] - A browser is already opened. Closing browser and opening a new one

2019-04-03 15:36:59 - [MESSAGE][INFO] - Starting 'Chrome (headless)' driver

2019-04-03 15:37:00 - [MESSAGE][PASSED] - Browser is opened with url: ''

2019-04-03 15:37:00 - [TEST_STEP][PASSED] - navigateToUrl(URL): Navigate to 'https://dev.epulse.io' successfully

2019-04-03 15:37:01 - [MESSAGE][PASSED] - Navigate to 'https://dev.epulse.io' successfully

2019-04-03 15:37:01 - [TEST_STEP][PASSED] - setText(findTestObject("Login/Email Address"), User_email): Text 'alonzo.mack@knowink.com' is set on object 'Object Repository/Login/Email Address'

2019-04-03 15:37:01 - [MESSAGE][PASSED] - Text 'alonzo.mack@knowink.com' is set on object 'Object Repository/Login/Email Address'

2019-04-03 15:37:01 - [TEST_STEP][PASSED] - setEncryptedText(findTestObject("Login/Password"), Pswrd): Text ****** has been set on object 'Object Repository/Login/Password'

2019-04-03 15:37:01 - [MESSAGE][PASSED] - Text ****** has been set on object 'Object Repository/Login/Password'

2019-04-03 15:37:01 - [TEST_STEP][PASSED] - click(findTestObject("Login/Sign In")): Object: 'Object Repository/Login/Sign In' is clicked on

2019-04-03 15:37:02 - [MESSAGE][PASSED] - Object: 'Object Repository/Login/Sign In' is clicked on

2019-04-03 15:37:02 - [TEST_STEP][PASSED] - delay(1): Delayed 1 second(s)

2019-04-03 15:37:03 - [MESSAGE][PASSED] - Delayed 1 second(s)

2019-04-03 15:37:03 - [TEST_STEP][PASSED] - navigateToUrl(Ballot_Types): Navigate to 'https://am-automation-test.dev.epulse.io/ballot_types' successfully

2019-04-03 15:37:04 - [MESSAGE][PASSED] - Navigate to 'https://am-automation-test.dev.epulse.io/ballot_types' successfully

2019-04-03 15:37:04 - [TEST_STEP][PASSED] - delay(1): Delayed 1 second(s)

2019-04-03 15:37:05 - [MESSAGE][PASSED] - Delayed 1 second(s)

2019-04-03 15:37:05 - [TEST_STEP][PASSED] - click(findTestObject("Admin Console ePulse Menu/Election Setup/Ballot Styles/Download")): Object: 'Object Repository/Admin Console ePulse Menu/Election Setup/Ballot Styles/Download' is clicked on

2019-04-03 15:37:07 - [MESSAGE][PASSED] - Object: 'Object Repository/Admin Console ePulse Menu/Election Setup/Ballot Styles/Download' is clicked on

2019-04-03 15:37:07 - [TEST_STEP][PASSED] - delay(2): Delayed 2 second(s)

2019-04-03 15:37:09 - [MESSAGE][PASSED] - Delayed 2 second(s)

2019-04-03 15:37:09 - [TEST_STEP][NOT_RUN] - click(findTestObject("Common ePulse Objects/button_Done(working)")): NOT_RUN: click(findTestObject("Common ePulse Objects/button_Done(working)"))

2019-04-03 15:37:09 - [MESSAGE][NOT_RUN] - NOT_RUN: click(findTestObject("Common ePulse Objects/button_Done(working)"))

2019-04-03 15:37:09 - [TEST_STEP][PASSED] - closeBrowser(STOP_ON_FAILURE): Browser is closed

2019-04-03 15:37:09 - [MESSAGE][PASSED] - Browser is closed]]></system-out>
         <system-err><![CDATA[]]></system-err>
      </testcase>
      <testcase name="Test Cases/Admin Console/Election Setup/Ballot Styles/Ballot Styles - Import" classname="Test Cases/Admin Console/Election Setup/Ballot Styles/Ballot Styles - Import" status="PASSED">
         <system-out><![CDATA[2019-04-03 15:37:11 - [TEST_CASE][PASSED] - Test Cases/Admin Console/Election Setup/Ballot Styles/Ballot Styles - Import: Test Cases/Admin Console/Election Setup/Ballot Styles/Ballot Styles - Import

2019-04-03 15:37:11 - [TEST_STEP][PASSED] - openBrowser(""): Browser is opened with url: ''

2019-04-03 15:37:11 - [MESSAGE][INFO] - Starting 'Chrome (headless)' driver

2019-04-03 15:37:11 - [MESSAGE][PASSED] - Browser is opened with url: ''

2019-04-03 15:37:11 - [TEST_STEP][PASSED] - navigateToUrl(URL): Navigate to 'https://dev.epulse.io' successfully

2019-04-03 15:37:13 - [MESSAGE][PASSED] - Navigate to 'https://dev.epulse.io' successfully

2019-04-03 15:37:13 - [TEST_STEP][PASSED] - setText(findTestObject("Login/Email Address"), User_email): Text 'alonzo.mack@knowink.com' is set on object 'Object Repository/Login/Email Address'

2019-04-03 15:37:13 - [MESSAGE][PASSED] - Text 'alonzo.mack@knowink.com' is set on object 'Object Repository/Login/Email Address'

2019-04-03 15:37:13 - [TEST_STEP][PASSED] - setEncryptedText(findTestObject("Login/Password"), Pswrd): Text ****** has been set on object 'Object Repository/Login/Password'

2019-04-03 15:37:13 - [MESSAGE][PASSED] - Text ****** has been set on object 'Object Repository/Login/Password'

2019-04-03 15:37:13 - [TEST_STEP][PASSED] - click(findTestObject("Login/Sign In")): Object: 'Object Repository/Login/Sign In' is clicked on

2019-04-03 15:37:13 - [MESSAGE][PASSED] - Object: 'Object Repository/Login/Sign In' is clicked on

2019-04-03 15:37:13 - [TEST_STEP][PASSED] - delay(1): Delayed 1 second(s)

2019-04-03 15:37:14 - [MESSAGE][PASSED] - Delayed 1 second(s)

2019-04-03 15:37:14 - [TEST_STEP][PASSED] - navigateToUrl(Ballot_Types): Navigate to 'https://am-automation-test.dev.epulse.io/ballot_types' successfully

2019-04-03 15:37:15 - [MESSAGE][PASSED] - Navigate to 'https://am-automation-test.dev.epulse.io/ballot_types' successfully

2019-04-03 15:37:15 - [TEST_STEP][PASSED] - delay(1): Delayed 1 second(s)

2019-04-03 15:37:16 - [MESSAGE][PASSED] - Delayed 1 second(s)

2019-04-03 15:37:16 - [TEST_STEP][PASSED] - click(findTestObject("Admin Console ePulse Menu/Election Setup/Ballot Styles/Import")): Object: 'Object Repository/Admin Console ePulse Menu/Election Setup/Ballot Styles/Import' is clicked on

2019-04-03 15:37:17 - [MESSAGE][PASSED] - Object: 'Object Repository/Admin Console ePulse Menu/Election Setup/Ballot Styles/Import' is clicked on

2019-04-03 15:37:17 - [TEST_STEP][PASSED] - setText(findTestObject("Common ePulse Objects/Choose File"), "/Users/alonzomack/Downloads/Automation uploads/ballot_types.csv"): Text '/Users/alonzomack/Downloads/Automation uploads/ballot_types.csv' is set on object 'Object Repository/Common ePulse Objects/Choose File'

2019-04-03 15:37:17 - [MESSAGE][PASSED] - Text '/Users/alonzomack/Downloads/Automation uploads/ballot_types.csv' is set on object 'Object Repository/Common ePulse Objects/Choose File'

2019-04-03 15:37:17 - [TEST_STEP][PASSED] - click(findTestObject("Common ePulse Objects/Continue Button")): Object: 'Object Repository/Common ePulse Objects/Continue Button' is clicked on

2019-04-03 15:37:17 - [MESSAGE][PASSED] - Object: 'Object Repository/Common ePulse Objects/Continue Button' is clicked on

2019-04-03 15:37:17 - [TEST_STEP][PASSED] - delay(1): Delayed 1 second(s)

2019-04-03 15:37:18 - [MESSAGE][PASSED] - Delayed 1 second(s)

2019-04-03 15:37:18 - [TEST_STEP][PASSED] - click(findTestObject("Common ePulse Objects/button_Done(working)")): Object: 'Object Repository/Common ePulse Objects/button_Done(working)' is clicked on

2019-04-03 15:37:25 - [MESSAGE][PASSED] - Object: 'Object Repository/Common ePulse Objects/button_Done(working)' is clicked on

2019-04-03 15:37:25 - [TEST_STEP][PASSED] - closeBrowser(STOP_ON_FAILURE): Browser is closed

2019-04-03 15:37:25 - [MESSAGE][PASSED] - Browser is closed]]></system-out>
         <system-err><![CDATA[]]></system-err>
      </testcase>
      <testcase name="Test Cases/Admin Console/Account Settings/Add_Edit Voter/Add_Edit Voter - Export" classname="Test Cases/Admin Console/Account Settings/Add_Edit Voter/Add_Edit Voter - Export" status="PASSED">
         <system-out><![CDATA[2019-04-03 15:37:27 - [TEST_CASE][PASSED] - Test Cases/Admin Console/Account Settings/Add_Edit Voter/Add_Edit Voter - Export: Test Cases/Admin Console/Account Settings/Add_Edit Voter/Add_Edit Voter - Export

2019-04-03 15:37:27 - [TEST_STEP][PASSED] - openBrowser(""): Browser is opened with url: ''

2019-04-03 15:37:27 - [MESSAGE][INFO] - Starting 'Chrome (headless)' driver

2019-04-03 15:37:27 - [MESSAGE][PASSED] - Browser is opened with url: ''

2019-04-03 15:37:27 - [TEST_STEP][PASSED] - navigateToUrl(URL): Navigate to 'https://dev.epulse.io' successfully

2019-04-03 15:37:30 - [MESSAGE][PASSED] - Navigate to 'https://dev.epulse.io' successfully

2019-04-03 15:37:30 - [TEST_STEP][PASSED] - setText(findTestObject("Login/Email Address"), User_email): Text 'alonzo.mack@knowink.com' is set on object 'Object Repository/Login/Email Address'

2019-04-03 15:37:30 - [MESSAGE][PASSED] - Text 'alonzo.mack@knowink.com' is set on object 'Object Repository/Login/Email Address'

2019-04-03 15:37:30 - [TEST_STEP][PASSED] - setEncryptedText(findTestObject("Login/Password"), Pswrd): Text ****** has been set on object 'Object Repository/Login/Password'

2019-04-03 15:37:30 - [MESSAGE][PASSED] - Text ****** has been set on object 'Object Repository/Login/Password'

2019-04-03 15:37:30 - [TEST_STEP][PASSED] - click(findTestObject("Login/Sign In")): Object: 'Object Repository/Login/Sign In' is clicked on

2019-04-03 15:37:31 - [MESSAGE][PASSED] - Object: 'Object Repository/Login/Sign In' is clicked on

2019-04-03 15:37:31 - [TEST_STEP][PASSED] - delay(1): Delayed 1 second(s)

2019-04-03 15:37:32 - [MESSAGE][PASSED] - Delayed 1 second(s)

2019-04-03 15:37:32 - [TEST_STEP][PASSED] - navigateToUrl(Add_Voter): Navigate to 'https://am-automation-test.dev.epulse.io/add_voters' successfully

2019-04-03 15:37:33 - [MESSAGE][PASSED] - Navigate to 'https://am-automation-test.dev.epulse.io/add_voters' successfully

2019-04-03 15:37:33 - [TEST_STEP][PASSED] - delay(1): Delayed 1 second(s)

2019-04-03 15:37:34 - [MESSAGE][PASSED] - Delayed 1 second(s)

2019-04-03 15:37:34 - [TEST_STEP][PASSED] - click(findTestObject("Admin Console ePulse Menu/Account Settings/ID Methods/ID Methods Page/Export")): Object: 'Object Repository/Admin Console ePulse Menu/Account Settings/ID Methods/ID Methods Page/Export' is clicked on

2019-04-03 15:37:35 - [MESSAGE][PASSED] - Object: 'Object Repository/Admin Console ePulse Menu/Account Settings/ID Methods/ID Methods Page/Export' is clicked on

2019-04-03 15:37:35 - [TEST_STEP][PASSED] - delay(1): Delayed 1 second(s)

2019-04-03 15:37:36 - [MESSAGE][PASSED] - Delayed 1 second(s)

2019-04-03 15:37:36 - [TEST_STEP][PASSED] - closeBrowser(STOP_ON_FAILURE): Browser is closed

2019-04-03 15:37:36 - [MESSAGE][PASSED] - Browser is closed]]></system-out>
         <system-err><![CDATA[]]></system-err>
      </testcase>
      <testcase name="Test Cases/Admin Console/Account Settings/Add_Edit Voter/Add_Edit Voter - Import" classname="Test Cases/Admin Console/Account Settings/Add_Edit Voter/Add_Edit Voter - Import" status="PASSED">
         <system-out><![CDATA[2019-04-03 15:37:38 - [TEST_CASE][PASSED] - Test Cases/Admin Console/Account Settings/Add_Edit Voter/Add_Edit Voter - Import: Test Cases/Admin Console/Account Settings/Add_Edit Voter/Add_Edit Voter - Import

2019-04-03 15:37:38 - [TEST_STEP][PASSED] - openBrowser(""): Browser is opened with url: ''

2019-04-03 15:37:38 - [MESSAGE][INFO] - Starting 'Chrome (headless)' driver

2019-04-03 15:37:38 - [MESSAGE][PASSED] - Browser is opened with url: ''

2019-04-03 15:37:38 - [TEST_STEP][PASSED] - navigateToUrl(URL): Navigate to 'https://dev.epulse.io' successfully

2019-04-03 15:37:40 - [MESSAGE][PASSED] - Navigate to 'https://dev.epulse.io' successfully

2019-04-03 15:37:40 - [TEST_STEP][PASSED] - setText(findTestObject("Login/Email Address"), User_email): Text 'alonzo.mack@knowink.com' is set on object 'Object Repository/Login/Email Address'

2019-04-03 15:37:40 - [MESSAGE][PASSED] - Text 'alonzo.mack@knowink.com' is set on object 'Object Repository/Login/Email Address'

2019-04-03 15:37:40 - [TEST_STEP][PASSED] - setEncryptedText(findTestObject("Login/Password"), Pswrd): Text ****** has been set on object 'Object Repository/Login/Password'

2019-04-03 15:37:40 - [MESSAGE][PASSED] - Text ****** has been set on object 'Object Repository/Login/Password'

2019-04-03 15:37:40 - [TEST_STEP][PASSED] - click(findTestObject("Login/Sign In")): Object: 'Object Repository/Login/Sign In' is clicked on

2019-04-03 15:37:41 - [MESSAGE][PASSED] - Object: 'Object Repository/Login/Sign In' is clicked on

2019-04-03 15:37:41 - [TEST_STEP][PASSED] - delay(1): Delayed 1 second(s)

2019-04-03 15:37:42 - [MESSAGE][PASSED] - Delayed 1 second(s)

2019-04-03 15:37:42 - [TEST_STEP][PASSED] - navigateToUrl(Add_Edit_Voter_Import, STOP_ON_FAILURE): Navigate to 'https://am-automation-test.dev.epulse.io/imports/add_voter' successfully

2019-04-03 15:37:43 - [MESSAGE][PASSED] - Navigate to 'https://am-automation-test.dev.epulse.io/imports/add_voter' successfully

2019-04-03 15:37:43 - [TEST_STEP][PASSED] - delay(1): Delayed 1 second(s)

2019-04-03 15:37:44 - [MESSAGE][PASSED] - Delayed 1 second(s)

2019-04-03 15:37:44 - [TEST_STEP][PASSED] - setText(findTestObject("Admin Console ePulse Menu/Account Settings/Prompts/Import Prompts Buttons/Choose File"), "/Users/alonzomack/Downloads/Automation uploads/add_voter.txt"): Text '/Users/alonzomack/Downloads/Automation uploads/add_voter.txt' is set on object 'Object Repository/Admin Console ePulse Menu/Account Settings/Prompts/Import Prompts Buttons/Choose File'

2019-04-03 15:37:44 - [MESSAGE][PASSED] - Text '/Users/alonzomack/Downloads/Automation uploads/add_voter.txt' is set on object 'Object Repository/Admin Console ePulse Menu/Account Settings/Prompts/Import Prompts Buttons/Choose File'

2019-04-03 15:37:44 - [TEST_STEP][PASSED] - click(findTestObject("Admin Console ePulse Menu/Account Settings/Prompts/Import Prompts Buttons/Continue Button")): Object: 'Object Repository/Admin Console ePulse Menu/Account Settings/Prompts/Import Prompts Buttons/Continue Button' is clicked on

2019-04-03 15:37:44 - [MESSAGE][PASSED] - Object: 'Object Repository/Admin Console ePulse Menu/Account Settings/Prompts/Import Prompts Buttons/Continue Button' is clicked on

2019-04-03 15:37:44 - [TEST_STEP][PASSED] - delay(2): Delayed 2 second(s)

2019-04-03 15:37:46 - [MESSAGE][PASSED] - Delayed 2 second(s)

2019-04-03 15:37:46 - [TEST_STEP][PASSED] - click(findTestObject("Admin Console ePulse Menu/Account Settings/Prompts/Import Prompts Buttons/button_Done(working)")): Object: 'Object Repository/Admin Console ePulse Menu/Account Settings/Prompts/Import Prompts Buttons/button_Done(working)' is clicked on

2019-04-03 15:37:50 - [MESSAGE][PASSED] - Object: 'Object Repository/Admin Console ePulse Menu/Account Settings/Prompts/Import Prompts Buttons/button_Done(working)' is clicked on

2019-04-03 15:37:50 - [TEST_STEP][PASSED] - delay(1): Delayed 1 second(s)

2019-04-03 15:37:51 - [MESSAGE][PASSED] - Delayed 1 second(s)

2019-04-03 15:37:51 - [TEST_STEP][PASSED] - closeBrowser(): Browser is closed

2019-04-03 15:37:51 - [MESSAGE][PASSED] - Browser is closed]]></system-out>
         <system-err><![CDATA[]]></system-err>
      </testcase>
      <testcase name="Test Cases/Admin Console/Account Settings/ID Methods()/ID Methods - Add" classname="Test Cases/Admin Console/Account Settings/ID Methods()/ID Methods - Add" status="PASSED">
         <system-out><![CDATA[2019-04-03 15:37:53 - [TEST_CASE][PASSED] - Test Cases/Admin Console/Account Settings/ID Methods()/ID Methods - Add: Test Cases/Admin Console/Account Settings/ID Methods()/ID Methods - Add

2019-04-03 15:37:53 - [TEST_STEP][PASSED] - openBrowser(""): Browser is opened with url: ''

2019-04-03 15:37:53 - [MESSAGE][INFO] - Starting 'Chrome (headless)' driver

2019-04-03 15:37:54 - [MESSAGE][PASSED] - Browser is opened with url: ''

2019-04-03 15:37:54 - [TEST_STEP][PASSED] - navigateToUrl(URL): Navigate to 'https://dev.epulse.io' successfully

2019-04-03 15:37:55 - [MESSAGE][PASSED] - Navigate to 'https://dev.epulse.io' successfully

2019-04-03 15:37:55 - [TEST_STEP][PASSED] - setText(findTestObject("Login/Email Address"), User_email): Text 'alonzo.mack@knowink.com' is set on object 'Object Repository/Login/Email Address'

2019-04-03 15:37:55 - [MESSAGE][PASSED] - Text 'alonzo.mack@knowink.com' is set on object 'Object Repository/Login/Email Address'

2019-04-03 15:37:55 - [TEST_STEP][PASSED] - setEncryptedText(findTestObject("Login/Password"), Pswrd): Text ****** has been set on object 'Object Repository/Login/Password'

2019-04-03 15:37:55 - [MESSAGE][PASSED] - Text ****** has been set on object 'Object Repository/Login/Password'

2019-04-03 15:37:55 - [TEST_STEP][PASSED] - click(findTestObject("Login/Sign In")): Object: 'Object Repository/Login/Sign In' is clicked on

2019-04-03 15:37:56 - [MESSAGE][PASSED] - Object: 'Object Repository/Login/Sign In' is clicked on

2019-04-03 15:37:56 - [TEST_STEP][PASSED] - delay(1): Delayed 1 second(s)

2019-04-03 15:37:57 - [MESSAGE][PASSED] - Delayed 1 second(s)

2019-04-03 15:37:57 - [TEST_STEP][PASSED] - navigateToUrl(voter_id_methods, STOP_ON_FAILURE): Navigate to 'https://am-automation-test.dev.epulse.io/voter_id_methods' successfully

2019-04-03 15:37:58 - [MESSAGE][PASSED] - Navigate to 'https://am-automation-test.dev.epulse.io/voter_id_methods' successfully

2019-04-03 15:37:58 - [TEST_STEP][PASSED] - delay(1): Delayed 1 second(s)

2019-04-03 15:37:59 - [MESSAGE][PASSED] - Delayed 1 second(s)

2019-04-03 15:37:59 - [TEST_STEP][PASSED] - click(findTestObject("Admin Console ePulse Menu/Account Settings/ID Methods/ID Methods Page/Add ID Method Button")): Object: 'Object Repository/Admin Console ePulse Menu/Account Settings/ID Methods/ID Methods Page/Add ID Method Button' is clicked on

2019-04-03 15:37:59 - [MESSAGE][PASSED] - Object: 'Object Repository/Admin Console ePulse Menu/Account Settings/ID Methods/ID Methods Page/Add ID Method Button' is clicked on

2019-04-03 15:37:59 - [TEST_STEP][PASSED] - setText(findTestObject("Admin Console ePulse Menu/Account Settings/ID Methods/New ID Method Modal/Name"), "Drivers License"): Text 'Drivers License' is set on object 'Object Repository/Admin Console ePulse Menu/Account Settings/ID Methods/New ID Method Modal/Name'

2019-04-03 15:38:00 - [MESSAGE][PASSED] - Text 'Drivers License' is set on object 'Object Repository/Admin Console ePulse Menu/Account Settings/ID Methods/New ID Method Modal/Name'

2019-04-03 15:38:00 - [TEST_STEP][PASSED] - setText(findTestObject("Admin Console ePulse Menu/Account Settings/ID Methods/New ID Method Modal/Heading"), "State Drivers License"): Text 'State Drivers License' is set on object 'Object Repository/Admin Console ePulse Menu/Account Settings/ID Methods/New ID Method Modal/Heading'

2019-04-03 15:38:00 - [MESSAGE][PASSED] - Text 'State Drivers License' is set on object 'Object Repository/Admin Console ePulse Menu/Account Settings/ID Methods/New ID Method Modal/Heading'

2019-04-03 15:38:00 - [TEST_STEP][PASSED] - selectOptionByValue(findTestObject("Admin Console ePulse Menu/Account Settings/ID Methods/New ID Method Modal/Select Color"), "1", true): All options with value '1' are selected in object 'Object Repository/Admin Console ePulse Menu/Account Settings/ID Methods/New ID Method Modal/Select Color'  using regular expression

2019-04-03 15:38:00 - [MESSAGE][PASSED] - All options with value '1' are selected in object 'Object Repository/Admin Console ePulse Menu/Account Settings/ID Methods/New ID Method Modal/Select Color'  using regular expression

2019-04-03 15:38:00 - [TEST_STEP][PASSED] - setText(findTestObject("Admin Console ePulse Menu/Account Settings/ID Methods/New ID Method Modal/Instructions"), "State Drivers License"): Text 'State Drivers License' is set on object 'Object Repository/Admin Console ePulse Menu/Account Settings/ID Methods/New ID Method Modal/Instructions'

2019-04-03 15:38:00 - [MESSAGE][PASSED] - Text 'State Drivers License' is set on object 'Object Repository/Admin Console ePulse Menu/Account Settings/ID Methods/New ID Method Modal/Instructions'

2019-04-03 15:38:00 - [TEST_STEP][PASSED] - setText(findTestObject("Admin Console ePulse Menu/Account Settings/ID Methods/New ID Method Modal/Order"), "1"): Text '1' is set on object 'Object Repository/Admin Console ePulse Menu/Account Settings/ID Methods/New ID Method Modal/Order'

2019-04-03 15:38:00 - [MESSAGE][PASSED] - Text '1' is set on object 'Object Repository/Admin Console ePulse Menu/Account Settings/ID Methods/New ID Method Modal/Order'

2019-04-03 15:38:00 - [TEST_STEP][PASSED] - click(findTestObject("Admin Console ePulse Menu/Account Settings/ID Methods/New ID Method Modal/Show Does Name Match_slider")): Object: 'Object Repository/Admin Console ePulse Menu/Account Settings/ID Methods/New ID Method Modal/Show Does Name Match_slider' is clicked on

2019-04-03 15:38:00 - [MESSAGE][PASSED] - Object: 'Object Repository/Admin Console ePulse Menu/Account Settings/ID Methods/New ID Method Modal/Show Does Name Match_slider' is clicked on

2019-04-03 15:38:00 - [TEST_STEP][PASSED] - click(findTestObject("Admin Console ePulse Menu/Account Settings/ID Methods/New ID Method Modal/Show Does Address Match_slider"), STOP_ON_FAILURE): Object: 'Object Repository/Admin Console ePulse Menu/Account Settings/ID Methods/New ID Method Modal/Show Does Address Match_slider' is clicked on

2019-04-03 15:38:00 - [MESSAGE][PASSED] - Object: 'Object Repository/Admin Console ePulse Menu/Account Settings/ID Methods/New ID Method Modal/Show Does Address Match_slider' is clicked on

2019-04-03 15:38:00 - [TEST_STEP][PASSED] - click(findTestObject("Admin Console ePulse Menu/Account Settings/ID Methods/New ID Method Modal/Show is ID Expired_slider"), STOP_ON_FAILURE): Object: 'Object Repository/Admin Console ePulse Menu/Account Settings/ID Methods/New ID Method Modal/Show is ID Expired_slider' is clicked on

2019-04-03 15:38:00 - [MESSAGE][PASSED] - Object: 'Object Repository/Admin Console ePulse Menu/Account Settings/ID Methods/New ID Method Modal/Show is ID Expired_slider' is clicked on

2019-04-03 15:38:00 - [TEST_STEP][PASSED] - setText(findTestObject("Admin Console ePulse Menu/Account Settings/ID Methods/New ID Method Modal/Page_Epulse  am-Automation-test/Incorrect Heading"), "No Drivers License?"): Text 'No Drivers License?' is set on object 'Object Repository/Admin Console ePulse Menu/Account Settings/ID Methods/New ID Method Modal/Page_Epulse  am-Automation-test/Incorrect Heading'

2019-04-03 15:38:01 - [MESSAGE][PASSED] - Text 'No Drivers License?' is set on object 'Object Repository/Admin Console ePulse Menu/Account Settings/ID Methods/New ID Method Modal/Page_Epulse  am-Automation-test/Incorrect Heading'

2019-04-03 15:38:01 - [TEST_STEP][PASSED] - setText(findTestObject("Admin Console ePulse Menu/Account Settings/ID Methods/New ID Method Modal/Page_Epulse  am-Automation-test/Incorrect Instructions"), "Vote Provisional"): Text 'Vote Provisional' is set on object 'Object Repository/Admin Console ePulse Menu/Account Settings/ID Methods/New ID Method Modal/Page_Epulse  am-Automation-test/Incorrect Instructions'

2019-04-03 15:38:01 - [MESSAGE][PASSED] - Text 'Vote Provisional' is set on object 'Object Repository/Admin Console ePulse Menu/Account Settings/ID Methods/New ID Method Modal/Page_Epulse  am-Automation-test/Incorrect Instructions'

2019-04-03 15:38:01 - [TEST_STEP][PASSED] - click(findTestObject("Admin Console ePulse Menu/Account Settings/ID Methods/New ID Method Modal/Submit"), STOP_ON_FAILURE): Object: 'Object Repository/Admin Console ePulse Menu/Account Settings/ID Methods/New ID Method Modal/Submit' is clicked on

2019-04-03 15:38:01 - [MESSAGE][PASSED] - Object: 'Object Repository/Admin Console ePulse Menu/Account Settings/ID Methods/New ID Method Modal/Submit' is clicked on]]></system-out>
         <system-err><![CDATA[]]></system-err>
      </testcase>
      <testcase name="Test Cases/Admin Console/Account Settings/ID Methods()/ID Methods - ALT Button" classname="Test Cases/Admin Console/Account Settings/ID Methods()/ID Methods - ALT Button" status="PASSED">
         <system-out><![CDATA[2019-04-03 15:38:03 - [TEST_CASE][PASSED] - Test Cases/Admin Console/Account Settings/ID Methods()/ID Methods - ALT Button: Test Cases/Admin Console/Account Settings/ID Methods()/ID Methods - ALT Button

2019-04-03 15:38:03 - [TEST_STEP][PASSED] - openBrowser(""): Browser is opened with url: ''

2019-04-03 15:38:03 - [MESSAGE][WARNING] - A browser is already opened. Closing browser and opening a new one

2019-04-03 15:38:03 - [MESSAGE][INFO] - Starting 'Chrome (headless)' driver

2019-04-03 15:38:03 - [MESSAGE][PASSED] - Browser is opened with url: ''

2019-04-03 15:38:03 - [TEST_STEP][PASSED] - navigateToUrl(URL): Navigate to 'https://dev.epulse.io' successfully

2019-04-03 15:38:05 - [MESSAGE][PASSED] - Navigate to 'https://dev.epulse.io' successfully

2019-04-03 15:38:05 - [TEST_STEP][PASSED] - setText(findTestObject("Login/Email Address"), User_email): Text 'alonzo.mack@knowink.com' is set on object 'Object Repository/Login/Email Address'

2019-04-03 15:38:05 - [MESSAGE][PASSED] - Text 'alonzo.mack@knowink.com' is set on object 'Object Repository/Login/Email Address'

2019-04-03 15:38:05 - [TEST_STEP][PASSED] - setEncryptedText(findTestObject("Login/Password"), Pswrd): Text ****** has been set on object 'Object Repository/Login/Password'

2019-04-03 15:38:05 - [MESSAGE][PASSED] - Text ****** has been set on object 'Object Repository/Login/Password'

2019-04-03 15:38:05 - [TEST_STEP][PASSED] - click(findTestObject("Login/Sign In")): Object: 'Object Repository/Login/Sign In' is clicked on

2019-04-03 15:38:06 - [MESSAGE][PASSED] - Object: 'Object Repository/Login/Sign In' is clicked on

2019-04-03 15:38:06 - [TEST_STEP][PASSED] - delay(1): Delayed 1 second(s)

2019-04-03 15:38:07 - [MESSAGE][PASSED] - Delayed 1 second(s)

2019-04-03 15:38:07 - [TEST_STEP][PASSED] - navigateToUrl(voter_id_methods, STOP_ON_FAILURE): Navigate to 'https://am-automation-test.dev.epulse.io/voter_id_methods' successfully

2019-04-03 15:38:08 - [MESSAGE][PASSED] - Navigate to 'https://am-automation-test.dev.epulse.io/voter_id_methods' successfully

2019-04-03 15:38:08 - [TEST_STEP][PASSED] - delay(1): Delayed 1 second(s)

2019-04-03 15:38:09 - [MESSAGE][PASSED] - Delayed 1 second(s)

2019-04-03 15:38:09 - [TEST_STEP][PASSED] - click(findTestObject("Admin Console ePulse Menu/Account Settings/ID Methods/ID Methods Page/Page_Epulse  am-Automation-test/Alt. Buttons")): Object: 'Object Repository/Admin Console ePulse Menu/Account Settings/ID Methods/ID Methods Page/Page_Epulse  am-Automation-test/Alt. Buttons' is clicked on

2019-04-03 15:38:09 - [MESSAGE][PASSED] - Object: 'Object Repository/Admin Console ePulse Menu/Account Settings/ID Methods/ID Methods Page/Page_Epulse  am-Automation-test/Alt. Buttons' is clicked on

2019-04-03 15:38:09 - [TEST_STEP][PASSED] - delay(1): Delayed 1 second(s)

2019-04-03 15:38:10 - [MESSAGE][PASSED] - Delayed 1 second(s)

2019-04-03 15:38:10 - [TEST_STEP][PASSED] - setText(findTestObject("Admin Console ePulse Menu/Account Settings/ID Methods/Buttons/Button Label"), "test"): Text 'test' is set on object 'Object Repository/Admin Console ePulse Menu/Account Settings/ID Methods/Buttons/Button Label'

2019-04-03 15:38:10 - [MESSAGE][PASSED] - Text 'test' is set on object 'Object Repository/Admin Console ePulse Menu/Account Settings/ID Methods/Buttons/Button Label'

2019-04-03 15:38:10 - [TEST_STEP][PASSED] - delay(1): Delayed 1 second(s)

2019-04-03 15:38:11 - [MESSAGE][PASSED] - Delayed 1 second(s)

2019-04-03 15:38:11 - [TEST_STEP][PASSED] - selectOptionByValue(findTestObject("Admin Console ePulse Menu/Account Settings/ID Methods/Buttons/Button Type"), "0", true): All options with value '0' are selected in object 'Object Repository/Admin Console ePulse Menu/Account Settings/ID Methods/Buttons/Button Type'  using regular expression

2019-04-03 15:38:11 - [MESSAGE][PASSED] - All options with value '0' are selected in object 'Object Repository/Admin Console ePulse Menu/Account Settings/ID Methods/Buttons/Button Type'  using regular expression

2019-04-03 15:38:11 - [TEST_STEP][PASSED] - delay(1): Delayed 1 second(s)

2019-04-03 15:38:12 - [MESSAGE][PASSED] - Delayed 1 second(s)

2019-04-03 15:38:12 - [TEST_STEP][PASSED] - click(findTestObject("Admin Console ePulse Menu/Account Settings/ID Methods/Buttons/Add Button(blue  sign)")): Object: 'Object Repository/Admin Console ePulse Menu/Account Settings/ID Methods/Buttons/Add Button(blue  sign)' is clicked on

2019-04-03 15:38:12 - [MESSAGE][PASSED] - Object: 'Object Repository/Admin Console ePulse Menu/Account Settings/ID Methods/Buttons/Add Button(blue  sign)' is clicked on

2019-04-03 15:38:12 - [TEST_STEP][PASSED] - delay(1): Delayed 1 second(s)

2019-04-03 15:38:13 - [MESSAGE][PASSED] - Delayed 1 second(s)

2019-04-03 15:38:13 - [TEST_STEP][PASSED] - setText(findTestObject("Admin Console ePulse Menu/Account Settings/ID Methods/Buttons/Button Label"), "1test"): Text '1test' is set on object 'Object Repository/Admin Console ePulse Menu/Account Settings/ID Methods/Buttons/Button Label'

2019-04-03 15:38:13 - [MESSAGE][PASSED] - Text '1test' is set on object 'Object Repository/Admin Console ePulse Menu/Account Settings/ID Methods/Buttons/Button Label'

2019-04-03 15:38:13 - [TEST_STEP][PASSED] - delay(1): Delayed 1 second(s)

2019-04-03 15:38:14 - [MESSAGE][PASSED] - Delayed 1 second(s)

2019-04-03 15:38:14 - [TEST_STEP][PASSED] - selectOptionByValue(findTestObject("Admin Console ePulse Menu/Account Settings/ID Methods/Buttons/Button Type"), "1", true): All options with value '1' are selected in object 'Object Repository/Admin Console ePulse Menu/Account Settings/ID Methods/Buttons/Button Type'  using regular expression

2019-04-03 15:38:15 - [MESSAGE][PASSED] - All options with value '1' are selected in object 'Object Repository/Admin Console ePulse Menu/Account Settings/ID Methods/Buttons/Button Type'  using regular expression

2019-04-03 15:38:15 - [TEST_STEP][PASSED] - setText(findTestObject("Admin Console ePulse Menu/Account Settings/ID Methods/Buttons/Additional text field"), "Allow to vote", STOP_ON_FAILURE): Text 'Allow to vote' is set on object 'Object Repository/Admin Console ePulse Menu/Account Settings/ID Methods/Buttons/Additional text field'

2019-04-03 15:38:15 - [MESSAGE][PASSED] - Text 'Allow to vote' is set on object 'Object Repository/Admin Console ePulse Menu/Account Settings/ID Methods/Buttons/Additional text field'

2019-04-03 15:38:15 - [TEST_STEP][PASSED] - delay(1): Delayed 1 second(s)

2019-04-03 15:38:16 - [MESSAGE][PASSED] - Delayed 1 second(s)

2019-04-03 15:38:16 - [TEST_STEP][PASSED] - click(findTestObject("Admin Console ePulse Menu/Account Settings/ID Methods/Buttons/Add Button(blue  sign)")): Object: 'Object Repository/Admin Console ePulse Menu/Account Settings/ID Methods/Buttons/Add Button(blue  sign)' is clicked on

2019-04-03 15:38:16 - [MESSAGE][PASSED] - Object: 'Object Repository/Admin Console ePulse Menu/Account Settings/ID Methods/Buttons/Add Button(blue  sign)' is clicked on

2019-04-03 15:38:16 - [TEST_STEP][PASSED] - delay(1): Delayed 1 second(s)

2019-04-03 15:38:17 - [MESSAGE][PASSED] - Delayed 1 second(s)

2019-04-03 15:38:17 - [TEST_STEP][PASSED] - setText(findTestObject("Admin Console ePulse Menu/Account Settings/ID Methods/Buttons/Button Label"), "2test"): Text '2test' is set on object 'Object Repository/Admin Console ePulse Menu/Account Settings/ID Methods/Buttons/Button Label'

2019-04-03 15:38:17 - [MESSAGE][PASSED] - Text '2test' is set on object 'Object Repository/Admin Console ePulse Menu/Account Settings/ID Methods/Buttons/Button Label'

2019-04-03 15:38:17 - [TEST_STEP][PASSED] - delay(1): Delayed 1 second(s)

2019-04-03 15:38:18 - [MESSAGE][PASSED] - Delayed 1 second(s)

2019-04-03 15:38:18 - [TEST_STEP][PASSED] - selectOptionByValue(findTestObject("Admin Console ePulse Menu/Account Settings/ID Methods/Buttons/Button Type"), "2", true): All options with value '2' are selected in object 'Object Repository/Admin Console ePulse Menu/Account Settings/ID Methods/Buttons/Button Type'  using regular expression

2019-04-03 15:38:18 - [MESSAGE][PASSED] - All options with value '2' are selected in object 'Object Repository/Admin Console ePulse Menu/Account Settings/ID Methods/Buttons/Button Type'  using regular expression

2019-04-03 15:38:18 - [TEST_STEP][PASSED] - delay(1): Delayed 1 second(s)

2019-04-03 15:38:19 - [MESSAGE][PASSED] - Delayed 1 second(s)

2019-04-03 15:38:19 - [TEST_STEP][PASSED] - setText(findTestObject("Admin Console ePulse Menu/Account Settings/ID Methods/Buttons/Additional text field"), "asdf"): Text 'asdf' is set on object 'Object Repository/Admin Console ePulse Menu/Account Settings/ID Methods/Buttons/Additional text field'

2019-04-03 15:38:19 - [MESSAGE][PASSED] - Text 'asdf' is set on object 'Object Repository/Admin Console ePulse Menu/Account Settings/ID Methods/Buttons/Additional text field'

2019-04-03 15:38:19 - [TEST_STEP][PASSED] - delay(1): Delayed 1 second(s)

2019-04-03 15:38:20 - [MESSAGE][PASSED] - Delayed 1 second(s)

2019-04-03 15:38:20 - [TEST_STEP][PASSED] - click(findTestObject("Admin Console ePulse Menu/Account Settings/ID Methods/Buttons/Add Button(blue  sign)")): Object: 'Object Repository/Admin Console ePulse Menu/Account Settings/ID Methods/Buttons/Add Button(blue  sign)' is clicked on

2019-04-03 15:38:20 - [MESSAGE][PASSED] - Object: 'Object Repository/Admin Console ePulse Menu/Account Settings/ID Methods/Buttons/Add Button(blue  sign)' is clicked on

2019-04-03 15:38:20 - [TEST_STEP][PASSED] - delay(1): Delayed 1 second(s)

2019-04-03 15:38:21 - [MESSAGE][PASSED] - Delayed 1 second(s)

2019-04-03 15:38:21 - [TEST_STEP][PASSED] - setText(findTestObject("Admin Console ePulse Menu/Account Settings/ID Methods/Buttons/Button Label"), "3test"): Text '3test' is set on object 'Object Repository/Admin Console ePulse Menu/Account Settings/ID Methods/Buttons/Button Label'

2019-04-03 15:38:21 - [MESSAGE][PASSED] - Text '3test' is set on object 'Object Repository/Admin Console ePulse Menu/Account Settings/ID Methods/Buttons/Button Label'

2019-04-03 15:38:21 - [TEST_STEP][PASSED] - delay(1): Delayed 1 second(s)

2019-04-03 15:38:22 - [MESSAGE][PASSED] - Delayed 1 second(s)

2019-04-03 15:38:22 - [TEST_STEP][PASSED] - selectOptionByValue(findTestObject("Admin Console ePulse Menu/Account Settings/ID Methods/Buttons/Button Type"), "3", true): All options with value '3' are selected in object 'Object Repository/Admin Console ePulse Menu/Account Settings/ID Methods/Buttons/Button Type'  using regular expression

2019-04-03 15:38:22 - [MESSAGE][PASSED] - All options with value '3' are selected in object 'Object Repository/Admin Console ePulse Menu/Account Settings/ID Methods/Buttons/Button Type'  using regular expression

2019-04-03 15:38:22 - [TEST_STEP][PASSED] - delay(1): Delayed 1 second(s)

2019-04-03 15:38:23 - [MESSAGE][PASSED] - Delayed 1 second(s)

2019-04-03 15:38:23 - [TEST_STEP][PASSED] - click(findTestObject("Admin Console ePulse Menu/Account Settings/ID Methods/Buttons/Add Button(blue  sign)")): Object: 'Object Repository/Admin Console ePulse Menu/Account Settings/ID Methods/Buttons/Add Button(blue  sign)' is clicked on

2019-04-03 15:38:23 - [MESSAGE][PASSED] - Object: 'Object Repository/Admin Console ePulse Menu/Account Settings/ID Methods/Buttons/Add Button(blue  sign)' is clicked on

2019-04-03 15:38:23 - [TEST_STEP][PASSED] - delay(1): Delayed 1 second(s)

2019-04-03 15:38:24 - [MESSAGE][PASSED] - Delayed 1 second(s)

2019-04-03 15:38:24 - [TEST_STEP][PASSED] - setText(findTestObject("Admin Console ePulse Menu/Account Settings/ID Methods/Buttons/Button Label"), "4test"): Text '4test' is set on object 'Object Repository/Admin Console ePulse Menu/Account Settings/ID Methods/Buttons/Button Label'

2019-04-03 15:38:24 - [MESSAGE][PASSED] - Text '4test' is set on object 'Object Repository/Admin Console ePulse Menu/Account Settings/ID Methods/Buttons/Button Label'

2019-04-03 15:38:24 - [TEST_STEP][PASSED] - delay(1): Delayed 1 second(s)

2019-04-03 15:38:25 - [MESSAGE][PASSED] - Delayed 1 second(s)

2019-04-03 15:38:25 - [TEST_STEP][PASSED] - selectOptionByValue(findTestObject("Admin Console ePulse Menu/Account Settings/ID Methods/Buttons/Button Type"), "4", true): All options with value '4' are selected in object 'Object Repository/Admin Console ePulse Menu/Account Settings/ID Methods/Buttons/Button Type'  using regular expression

2019-04-03 15:38:26 - [MESSAGE][PASSED] - All options with value '4' are selected in object 'Object Repository/Admin Console ePulse Menu/Account Settings/ID Methods/Buttons/Button Type'  using regular expression

2019-04-03 15:38:26 - [TEST_STEP][PASSED] - delay(1): Delayed 1 second(s)

2019-04-03 15:38:27 - [MESSAGE][PASSED] - Delayed 1 second(s)

2019-04-03 15:38:27 - [TEST_STEP][PASSED] - click(findTestObject("Admin Console ePulse Menu/Account Settings/ID Methods/Buttons/Add Button(blue  sign)")): Object: 'Object Repository/Admin Console ePulse Menu/Account Settings/ID Methods/Buttons/Add Button(blue  sign)' is clicked on

2019-04-03 15:38:27 - [MESSAGE][PASSED] - Object: 'Object Repository/Admin Console ePulse Menu/Account Settings/ID Methods/Buttons/Add Button(blue  sign)' is clicked on

2019-04-03 15:38:27 - [TEST_STEP][PASSED] - delay(1): Delayed 1 second(s)

2019-04-03 15:38:28 - [MESSAGE][PASSED] - Delayed 1 second(s)

2019-04-03 15:38:28 - [TEST_STEP][PASSED] - setText(findTestObject("Admin Console ePulse Menu/Account Settings/ID Methods/Buttons/Button Label"), "5test"): Text '5test' is set on object 'Object Repository/Admin Console ePulse Menu/Account Settings/ID Methods/Buttons/Button Label'

2019-04-03 15:38:28 - [MESSAGE][PASSED] - Text '5test' is set on object 'Object Repository/Admin Console ePulse Menu/Account Settings/ID Methods/Buttons/Button Label'

2019-04-03 15:38:28 - [TEST_STEP][PASSED] - delay(1): Delayed 1 second(s)

2019-04-03 15:38:29 - [MESSAGE][PASSED] - Delayed 1 second(s)

2019-04-03 15:38:29 - [TEST_STEP][PASSED] - selectOptionByValue(findTestObject("Admin Console ePulse Menu/Account Settings/ID Methods/Buttons/Button Type"), "5", true): All options with value '5' are selected in object 'Object Repository/Admin Console ePulse Menu/Account Settings/ID Methods/Buttons/Button Type'  using regular expression

2019-04-03 15:38:29 - [MESSAGE][PASSED] - All options with value '5' are selected in object 'Object Repository/Admin Console ePulse Menu/Account Settings/ID Methods/Buttons/Button Type'  using regular expression

2019-04-03 15:38:29 - [TEST_STEP][PASSED] - delay(1): Delayed 1 second(s)

2019-04-03 15:38:30 - [MESSAGE][PASSED] - Delayed 1 second(s)

2019-04-03 15:38:30 - [TEST_STEP][PASSED] - click(findTestObject("Admin Console ePulse Menu/Account Settings/ID Methods/Buttons/Add Button(blue  sign)")): Object: 'Object Repository/Admin Console ePulse Menu/Account Settings/ID Methods/Buttons/Add Button(blue  sign)' is clicked on

2019-04-03 15:38:30 - [MESSAGE][PASSED] - Object: 'Object Repository/Admin Console ePulse Menu/Account Settings/ID Methods/Buttons/Add Button(blue  sign)' is clicked on

2019-04-03 15:38:30 - [TEST_STEP][PASSED] - delay(1): Delayed 1 second(s)

2019-04-03 15:38:31 - [MESSAGE][PASSED] - Delayed 1 second(s)

2019-04-03 15:38:31 - [TEST_STEP][PASSED] - click(findTestObject("Admin Console ePulse Menu/Account Settings/Prompts/Prompt Button Modal/Close Button")): Object: 'Object Repository/Admin Console ePulse Menu/Account Settings/Prompts/Prompt Button Modal/Close Button' is clicked on

2019-04-03 15:38:31 - [MESSAGE][PASSED] - Object: 'Object Repository/Admin Console ePulse Menu/Account Settings/Prompts/Prompt Button Modal/Close Button' is clicked on

2019-04-03 15:38:31 - [TEST_STEP][PASSED] - delay(1): Delayed 1 second(s)

2019-04-03 15:38:32 - [MESSAGE][PASSED] - Delayed 1 second(s)

2019-04-03 15:38:32 - [TEST_STEP][PASSED] - closeBrowser(): Browser is closed

2019-04-03 15:38:32 - [MESSAGE][PASSED] - Browser is closed]]></system-out>
         <system-err><![CDATA[]]></system-err>
      </testcase>
      <testcase name="Test Cases/Admin Console/Account Settings/ID Methods()/ID Methods - Button" classname="Test Cases/Admin Console/Account Settings/ID Methods()/ID Methods - Button" status="PASSED">
         <system-out><![CDATA[2019-04-03 15:38:34 - [TEST_CASE][PASSED] - Test Cases/Admin Console/Account Settings/ID Methods()/ID Methods - Button: Test Cases/Admin Console/Account Settings/ID Methods()/ID Methods - Button

2019-04-03 15:38:34 - [TEST_STEP][PASSED] - openBrowser(""): Browser is opened with url: ''

2019-04-03 15:38:34 - [MESSAGE][INFO] - Starting 'Chrome (headless)' driver

2019-04-03 15:38:35 - [MESSAGE][PASSED] - Browser is opened with url: ''

2019-04-03 15:38:35 - [TEST_STEP][PASSED] - navigateToUrl(URL): Navigate to 'https://dev.epulse.io' successfully

2019-04-03 15:38:36 - [MESSAGE][PASSED] - Navigate to 'https://dev.epulse.io' successfully

2019-04-03 15:38:36 - [TEST_STEP][PASSED] - setText(findTestObject("Login/Email Address"), User_email): Text 'alonzo.mack@knowink.com' is set on object 'Object Repository/Login/Email Address'

2019-04-03 15:38:36 - [MESSAGE][PASSED] - Text 'alonzo.mack@knowink.com' is set on object 'Object Repository/Login/Email Address'

2019-04-03 15:38:36 - [TEST_STEP][PASSED] - setEncryptedText(findTestObject("Login/Password"), Pswrd): Text ****** has been set on object 'Object Repository/Login/Password'

2019-04-03 15:38:36 - [MESSAGE][PASSED] - Text ****** has been set on object 'Object Repository/Login/Password'

2019-04-03 15:38:36 - [TEST_STEP][PASSED] - click(findTestObject("Login/Sign In")): Object: 'Object Repository/Login/Sign In' is clicked on

2019-04-03 15:38:37 - [MESSAGE][PASSED] - Object: 'Object Repository/Login/Sign In' is clicked on

2019-04-03 15:38:37 - [TEST_STEP][PASSED] - delay(1): Delayed 1 second(s)

2019-04-03 15:38:38 - [MESSAGE][PASSED] - Delayed 1 second(s)

2019-04-03 15:38:38 - [TEST_STEP][PASSED] - navigateToUrl(voter_id_methods, STOP_ON_FAILURE): Navigate to 'https://am-automation-test.dev.epulse.io/voter_id_methods' successfully

2019-04-03 15:38:39 - [MESSAGE][PASSED] - Navigate to 'https://am-automation-test.dev.epulse.io/voter_id_methods' successfully

2019-04-03 15:38:39 - [TEST_STEP][PASSED] - delay(1): Delayed 1 second(s)

2019-04-03 15:38:40 - [MESSAGE][PASSED] - Delayed 1 second(s)

2019-04-03 15:38:40 - [TEST_STEP][PASSED] - click(findTestObject("Admin Console ePulse Menu/Account Settings/ID Methods/ID Methods Page/Page_Epulse  am-Automation-test/Buttons")): Object: 'Object Repository/Admin Console ePulse Menu/Account Settings/ID Methods/ID Methods Page/Page_Epulse  am-Automation-test/Buttons' is clicked on

2019-04-03 15:38:40 - [MESSAGE][PASSED] - Object: 'Object Repository/Admin Console ePulse Menu/Account Settings/ID Methods/ID Methods Page/Page_Epulse  am-Automation-test/Buttons' is clicked on

2019-04-03 15:38:40 - [TEST_STEP][PASSED] - delay(1): Delayed 1 second(s)

2019-04-03 15:38:41 - [MESSAGE][PASSED] - Delayed 1 second(s)

2019-04-03 15:38:41 - [TEST_STEP][PASSED] - setText(findTestObject("Admin Console ePulse Menu/Account Settings/ID Methods/Buttons/Button Label"), "test"): Text 'test' is set on object 'Object Repository/Admin Console ePulse Menu/Account Settings/ID Methods/Buttons/Button Label'

2019-04-03 15:38:41 - [MESSAGE][PASSED] - Text 'test' is set on object 'Object Repository/Admin Console ePulse Menu/Account Settings/ID Methods/Buttons/Button Label'

2019-04-03 15:38:41 - [TEST_STEP][PASSED] - delay(1): Delayed 1 second(s)

2019-04-03 15:38:42 - [MESSAGE][PASSED] - Delayed 1 second(s)

2019-04-03 15:38:42 - [TEST_STEP][PASSED] - selectOptionByValue(findTestObject("Admin Console ePulse Menu/Account Settings/ID Methods/Buttons/Button Type"), "0", true): All options with value '0' are selected in object 'Object Repository/Admin Console ePulse Menu/Account Settings/ID Methods/Buttons/Button Type'  using regular expression

2019-04-03 15:38:42 - [MESSAGE][PASSED] - All options with value '0' are selected in object 'Object Repository/Admin Console ePulse Menu/Account Settings/ID Methods/Buttons/Button Type'  using regular expression

2019-04-03 15:38:42 - [TEST_STEP][PASSED] - delay(1): Delayed 1 second(s)

2019-04-03 15:38:43 - [MESSAGE][PASSED] - Delayed 1 second(s)

2019-04-03 15:38:43 - [TEST_STEP][PASSED] - click(findTestObject("Admin Console ePulse Menu/Account Settings/ID Methods/Buttons/Add Button(blue  sign)")): Object: 'Object Repository/Admin Console ePulse Menu/Account Settings/ID Methods/Buttons/Add Button(blue  sign)' is clicked on

2019-04-03 15:38:43 - [MESSAGE][PASSED] - Object: 'Object Repository/Admin Console ePulse Menu/Account Settings/ID Methods/Buttons/Add Button(blue  sign)' is clicked on

2019-04-03 15:38:43 - [TEST_STEP][PASSED] - delay(1): Delayed 1 second(s)

2019-04-03 15:38:44 - [MESSAGE][PASSED] - Delayed 1 second(s)

2019-04-03 15:38:44 - [TEST_STEP][PASSED] - setText(findTestObject("Admin Console ePulse Menu/Account Settings/ID Methods/Buttons/Button Label"), "1test"): Text '1test' is set on object 'Object Repository/Admin Console ePulse Menu/Account Settings/ID Methods/Buttons/Button Label'

2019-04-03 15:38:44 - [MESSAGE][PASSED] - Text '1test' is set on object 'Object Repository/Admin Console ePulse Menu/Account Settings/ID Methods/Buttons/Button Label'

2019-04-03 15:38:44 - [TEST_STEP][PASSED] - delay(1): Delayed 1 second(s)

2019-04-03 15:38:45 - [MESSAGE][PASSED] - Delayed 1 second(s)

2019-04-03 15:38:45 - [TEST_STEP][PASSED] - selectOptionByValue(findTestObject("Admin Console ePulse Menu/Account Settings/ID Methods/Buttons/Button Type"), "1", true): All options with value '1' are selected in object 'Object Repository/Admin Console ePulse Menu/Account Settings/ID Methods/Buttons/Button Type'  using regular expression

2019-04-03 15:38:46 - [MESSAGE][PASSED] - All options with value '1' are selected in object 'Object Repository/Admin Console ePulse Menu/Account Settings/ID Methods/Buttons/Button Type'  using regular expression

2019-04-03 15:38:46 - [TEST_STEP][PASSED] - setText(findTestObject("Admin Console ePulse Menu/Account Settings/ID Methods/Buttons/Additional text field"), "Allow to vote", STOP_ON_FAILURE): Text 'Allow to vote' is set on object 'Object Repository/Admin Console ePulse Menu/Account Settings/ID Methods/Buttons/Additional text field'

2019-04-03 15:38:46 - [MESSAGE][PASSED] - Text 'Allow to vote' is set on object 'Object Repository/Admin Console ePulse Menu/Account Settings/ID Methods/Buttons/Additional text field'

2019-04-03 15:38:46 - [TEST_STEP][PASSED] - delay(1): Delayed 1 second(s)

2019-04-03 15:38:47 - [MESSAGE][PASSED] - Delayed 1 second(s)

2019-04-03 15:38:47 - [TEST_STEP][PASSED] - click(findTestObject("Admin Console ePulse Menu/Account Settings/ID Methods/Buttons/Add Button(blue  sign)")): Object: 'Object Repository/Admin Console ePulse Menu/Account Settings/ID Methods/Buttons/Add Button(blue  sign)' is clicked on

2019-04-03 15:38:47 - [MESSAGE][PASSED] - Object: 'Object Repository/Admin Console ePulse Menu/Account Settings/ID Methods/Buttons/Add Button(blue  sign)' is clicked on

2019-04-03 15:38:47 - [TEST_STEP][PASSED] - delay(1): Delayed 1 second(s)

2019-04-03 15:38:48 - [MESSAGE][PASSED] - Delayed 1 second(s)

2019-04-03 15:38:48 - [TEST_STEP][PASSED] - setText(findTestObject("Admin Console ePulse Menu/Account Settings/ID Methods/Buttons/Button Label"), "2test"): Text '2test' is set on object 'Object Repository/Admin Console ePulse Menu/Account Settings/ID Methods/Buttons/Button Label'

2019-04-03 15:38:48 - [MESSAGE][PASSED] - Text '2test' is set on object 'Object Repository/Admin Console ePulse Menu/Account Settings/ID Methods/Buttons/Button Label'

2019-04-03 15:38:48 - [TEST_STEP][PASSED] - delay(1): Delayed 1 second(s)

2019-04-03 15:38:49 - [MESSAGE][PASSED] - Delayed 1 second(s)

2019-04-03 15:38:49 - [TEST_STEP][PASSED] - selectOptionByValue(findTestObject("Admin Console ePulse Menu/Account Settings/ID Methods/Buttons/Button Type"), "2", true): All options with value '2' are selected in object 'Object Repository/Admin Console ePulse Menu/Account Settings/ID Methods/Buttons/Button Type'  using regular expression

2019-04-03 15:38:49 - [MESSAGE][PASSED] - All options with value '2' are selected in object 'Object Repository/Admin Console ePulse Menu/Account Settings/ID Methods/Buttons/Button Type'  using regular expression

2019-04-03 15:38:49 - [TEST_STEP][PASSED] - delay(1): Delayed 1 second(s)

2019-04-03 15:38:50 - [MESSAGE][PASSED] - Delayed 1 second(s)

2019-04-03 15:38:50 - [TEST_STEP][PASSED] - setText(findTestObject("Admin Console ePulse Menu/Account Settings/ID Methods/Buttons/Additional text field"), "asdf"): Text 'asdf' is set on object 'Object Repository/Admin Console ePulse Menu/Account Settings/ID Methods/Buttons/Additional text field'

2019-04-03 15:38:50 - [MESSAGE][PASSED] - Text 'asdf' is set on object 'Object Repository/Admin Console ePulse Menu/Account Settings/ID Methods/Buttons/Additional text field'

2019-04-03 15:38:50 - [TEST_STEP][PASSED] - delay(1): Delayed 1 second(s)

2019-04-03 15:38:51 - [MESSAGE][PASSED] - Delayed 1 second(s)

2019-04-03 15:38:51 - [TEST_STEP][PASSED] - click(findTestObject("Admin Console ePulse Menu/Account Settings/ID Methods/Buttons/Add Button(blue  sign)")): Object: 'Object Repository/Admin Console ePulse Menu/Account Settings/ID Methods/Buttons/Add Button(blue  sign)' is clicked on

2019-04-03 15:38:51 - [MESSAGE][PASSED] - Object: 'Object Repository/Admin Console ePulse Menu/Account Settings/ID Methods/Buttons/Add Button(blue  sign)' is clicked on

2019-04-03 15:38:51 - [TEST_STEP][PASSED] - delay(1): Delayed 1 second(s)

2019-04-03 15:38:52 - [MESSAGE][PASSED] - Delayed 1 second(s)

2019-04-03 15:38:52 - [TEST_STEP][PASSED] - setText(findTestObject("Admin Console ePulse Menu/Account Settings/ID Methods/Buttons/Button Label"), "3test"): Text '3test' is set on object 'Object Repository/Admin Console ePulse Menu/Account Settings/ID Methods/Buttons/Button Label'

2019-04-03 15:38:52 - [MESSAGE][PASSED] - Text '3test' is set on object 'Object Repository/Admin Console ePulse Menu/Account Settings/ID Methods/Buttons/Button Label'

2019-04-03 15:38:52 - [TEST_STEP][PASSED] - delay(1): Delayed 1 second(s)

2019-04-03 15:38:53 - [MESSAGE][PASSED] - Delayed 1 second(s)

2019-04-03 15:38:53 - [TEST_STEP][PASSED] - selectOptionByValue(findTestObject("Admin Console ePulse Menu/Account Settings/ID Methods/Buttons/Button Type"), "3", true): All options with value '3' are selected in object 'Object Repository/Admin Console ePulse Menu/Account Settings/ID Methods/Buttons/Button Type'  using regular expression

2019-04-03 15:38:53 - [MESSAGE][PASSED] - All options with value '3' are selected in object 'Object Repository/Admin Console ePulse Menu/Account Settings/ID Methods/Buttons/Button Type'  using regular expression

2019-04-03 15:38:53 - [TEST_STEP][PASSED] - delay(1): Delayed 1 second(s)

2019-04-03 15:38:54 - [MESSAGE][PASSED] - Delayed 1 second(s)

2019-04-03 15:38:54 - [TEST_STEP][PASSED] - click(findTestObject("Admin Console ePulse Menu/Account Settings/ID Methods/Buttons/Add Button(blue  sign)")): Object: 'Object Repository/Admin Console ePulse Menu/Account Settings/ID Methods/Buttons/Add Button(blue  sign)' is clicked on

2019-04-03 15:38:54 - [MESSAGE][PASSED] - Object: 'Object Repository/Admin Console ePulse Menu/Account Settings/ID Methods/Buttons/Add Button(blue  sign)' is clicked on

2019-04-03 15:38:54 - [TEST_STEP][PASSED] - delay(1): Delayed 1 second(s)

2019-04-03 15:38:55 - [MESSAGE][PASSED] - Delayed 1 second(s)

2019-04-03 15:38:55 - [TEST_STEP][PASSED] - setText(findTestObject("Admin Console ePulse Menu/Account Settings/ID Methods/Buttons/Button Label"), "4test"): Text '4test' is set on object 'Object Repository/Admin Console ePulse Menu/Account Settings/ID Methods/Buttons/Button Label'

2019-04-03 15:38:55 - [MESSAGE][PASSED] - Text '4test' is set on object 'Object Repository/Admin Console ePulse Menu/Account Settings/ID Methods/Buttons/Button Label'

2019-04-03 15:38:55 - [TEST_STEP][PASSED] - delay(1): Delayed 1 second(s)

2019-04-03 15:38:56 - [MESSAGE][PASSED] - Delayed 1 second(s)

2019-04-03 15:38:56 - [TEST_STEP][PASSED] - selectOptionByValue(findTestObject("Admin Console ePulse Menu/Account Settings/ID Methods/Buttons/Button Type"), "4", true): All options with value '4' are selected in object 'Object Repository/Admin Console ePulse Menu/Account Settings/ID Methods/Buttons/Button Type'  using regular expression

2019-04-03 15:38:57 - [MESSAGE][PASSED] - All options with value '4' are selected in object 'Object Repository/Admin Console ePulse Menu/Account Settings/ID Methods/Buttons/Button Type'  using regular expression

2019-04-03 15:38:57 - [TEST_STEP][PASSED] - delay(1): Delayed 1 second(s)

2019-04-03 15:38:58 - [MESSAGE][PASSED] - Delayed 1 second(s)

2019-04-03 15:38:58 - [TEST_STEP][PASSED] - click(findTestObject("Admin Console ePulse Menu/Account Settings/ID Methods/Buttons/Add Button(blue  sign)")): Object: 'Object Repository/Admin Console ePulse Menu/Account Settings/ID Methods/Buttons/Add Button(blue  sign)' is clicked on

2019-04-03 15:38:58 - [MESSAGE][PASSED] - Object: 'Object Repository/Admin Console ePulse Menu/Account Settings/ID Methods/Buttons/Add Button(blue  sign)' is clicked on

2019-04-03 15:38:58 - [TEST_STEP][PASSED] - delay(1): Delayed 1 second(s)

2019-04-03 15:38:59 - [MESSAGE][PASSED] - Delayed 1 second(s)

2019-04-03 15:38:59 - [TEST_STEP][PASSED] - setText(findTestObject("Admin Console ePulse Menu/Account Settings/ID Methods/Buttons/Button Label"), "5test"): Text '5test' is set on object 'Object Repository/Admin Console ePulse Menu/Account Settings/ID Methods/Buttons/Button Label'

2019-04-03 15:38:59 - [MESSAGE][PASSED] - Text '5test' is set on object 'Object Repository/Admin Console ePulse Menu/Account Settings/ID Methods/Buttons/Button Label'

2019-04-03 15:38:59 - [TEST_STEP][PASSED] - delay(1): Delayed 1 second(s)

2019-04-03 15:39:00 - [MESSAGE][PASSED] - Delayed 1 second(s)

2019-04-03 15:39:00 - [TEST_STEP][PASSED] - selectOptionByValue(findTestObject("Admin Console ePulse Menu/Account Settings/ID Methods/Buttons/Button Type"), "5", true): All options with value '5' are selected in object 'Object Repository/Admin Console ePulse Menu/Account Settings/ID Methods/Buttons/Button Type'  using regular expression

2019-04-03 15:39:00 - [MESSAGE][PASSED] - All options with value '5' are selected in object 'Object Repository/Admin Console ePulse Menu/Account Settings/ID Methods/Buttons/Button Type'  using regular expression

2019-04-03 15:39:00 - [TEST_STEP][PASSED] - delay(1): Delayed 1 second(s)

2019-04-03 15:39:01 - [MESSAGE][PASSED] - Delayed 1 second(s)

2019-04-03 15:39:01 - [TEST_STEP][PASSED] - click(findTestObject("Admin Console ePulse Menu/Account Settings/ID Methods/Buttons/Add Button(blue  sign)")): Object: 'Object Repository/Admin Console ePulse Menu/Account Settings/ID Methods/Buttons/Add Button(blue  sign)' is clicked on

2019-04-03 15:39:01 - [MESSAGE][PASSED] - Object: 'Object Repository/Admin Console ePulse Menu/Account Settings/ID Methods/Buttons/Add Button(blue  sign)' is clicked on

2019-04-03 15:39:01 - [TEST_STEP][PASSED] - delay(1): Delayed 1 second(s)

2019-04-03 15:39:02 - [MESSAGE][PASSED] - Delayed 1 second(s)

2019-04-03 15:39:02 - [TEST_STEP][PASSED] - click(findTestObject("Admin Console ePulse Menu/Account Settings/Prompts/Prompt Button Modal/Close Button")): Object: 'Object Repository/Admin Console ePulse Menu/Account Settings/Prompts/Prompt Button Modal/Close Button' is clicked on

2019-04-03 15:39:02 - [MESSAGE][PASSED] - Object: 'Object Repository/Admin Console ePulse Menu/Account Settings/Prompts/Prompt Button Modal/Close Button' is clicked on

2019-04-03 15:39:02 - [TEST_STEP][PASSED] - delay(1): Delayed 1 second(s)

2019-04-03 15:39:03 - [MESSAGE][PASSED] - Delayed 1 second(s)

2019-04-03 15:39:03 - [TEST_STEP][PASSED] - closeBrowser(): Browser is closed

2019-04-03 15:39:03 - [MESSAGE][PASSED] - Browser is closed]]></system-out>
         <system-err><![CDATA[]]></system-err>
      </testcase>
      <testcase name="Test Cases/Admin Console/Account Settings/ID Methods()/ID Methods - Edit" classname="Test Cases/Admin Console/Account Settings/ID Methods()/ID Methods - Edit" status="PASSED">
         <system-out><![CDATA[2019-04-03 15:39:05 - [TEST_CASE][PASSED] - Test Cases/Admin Console/Account Settings/ID Methods()/ID Methods - Edit: Test Cases/Admin Console/Account Settings/ID Methods()/ID Methods - Edit

2019-04-03 15:39:05 - [TEST_STEP][PASSED] - openBrowser(""): Browser is opened with url: ''

2019-04-03 15:39:05 - [MESSAGE][INFO] - Starting 'Chrome (headless)' driver

2019-04-03 15:39:06 - [MESSAGE][PASSED] - Browser is opened with url: ''

2019-04-03 15:39:06 - [TEST_STEP][PASSED] - navigateToUrl(URL): Navigate to 'https://dev.epulse.io' successfully

2019-04-03 15:39:07 - [MESSAGE][PASSED] - Navigate to 'https://dev.epulse.io' successfully

2019-04-03 15:39:07 - [TEST_STEP][PASSED] - setText(findTestObject("Login/Email Address"), User_email): Text 'alonzo.mack@knowink.com' is set on object 'Object Repository/Login/Email Address'

2019-04-03 15:39:07 - [MESSAGE][PASSED] - Text 'alonzo.mack@knowink.com' is set on object 'Object Repository/Login/Email Address'

2019-04-03 15:39:07 - [TEST_STEP][PASSED] - setEncryptedText(findTestObject("Login/Password"), Pswrd): Text ****** has been set on object 'Object Repository/Login/Password'

2019-04-03 15:39:07 - [MESSAGE][PASSED] - Text ****** has been set on object 'Object Repository/Login/Password'

2019-04-03 15:39:07 - [TEST_STEP][PASSED] - click(findTestObject("Login/Sign In")): Object: 'Object Repository/Login/Sign In' is clicked on

2019-04-03 15:39:08 - [MESSAGE][PASSED] - Object: 'Object Repository/Login/Sign In' is clicked on

2019-04-03 15:39:08 - [TEST_STEP][PASSED] - delay(1): Delayed 1 second(s)

2019-04-03 15:39:09 - [MESSAGE][PASSED] - Delayed 1 second(s)

2019-04-03 15:39:09 - [TEST_STEP][PASSED] - navigateToUrl(voter_id_methods, STOP_ON_FAILURE): Navigate to 'https://am-automation-test.dev.epulse.io/voter_id_methods' successfully

2019-04-03 15:39:10 - [MESSAGE][PASSED] - Navigate to 'https://am-automation-test.dev.epulse.io/voter_id_methods' successfully

2019-04-03 15:39:10 - [TEST_STEP][PASSED] - delay(1): Delayed 1 second(s)

2019-04-03 15:39:11 - [MESSAGE][PASSED] - Delayed 1 second(s)

2019-04-03 15:39:11 - [TEST_STEP][PASSED] - click(findTestObject("Admin Console ePulse Menu/Account Settings/ID Methods/ID Methods Page/Page_Epulse  am-Automation-test/Edit Selected ID Method")): Object: 'Object Repository/Admin Console ePulse Menu/Account Settings/ID Methods/ID Methods Page/Page_Epulse  am-Automation-test/Edit Selected ID Method' is clicked on

2019-04-03 15:39:11 - [MESSAGE][PASSED] - Object: 'Object Repository/Admin Console ePulse Menu/Account Settings/ID Methods/ID Methods Page/Page_Epulse  am-Automation-test/Edit Selected ID Method' is clicked on

2019-04-03 15:39:11 - [TEST_STEP][PASSED] - setText(findTestObject("Admin Console ePulse Menu/Account Settings/ID Methods/New ID Method Modal/Name"), "Drivers License_Edit"): Text 'Drivers License_Edit' is set on object 'Object Repository/Admin Console ePulse Menu/Account Settings/ID Methods/New ID Method Modal/Name'

2019-04-03 15:39:11 - [MESSAGE][PASSED] - Text 'Drivers License_Edit' is set on object 'Object Repository/Admin Console ePulse Menu/Account Settings/ID Methods/New ID Method Modal/Name'

2019-04-03 15:39:11 - [TEST_STEP][PASSED] - setText(findTestObject("Admin Console ePulse Menu/Account Settings/ID Methods/New ID Method Modal/Heading"), "State Drivers License_Edit"): Text 'State Drivers License_Edit' is set on object 'Object Repository/Admin Console ePulse Menu/Account Settings/ID Methods/New ID Method Modal/Heading'

2019-04-03 15:39:12 - [MESSAGE][PASSED] - Text 'State Drivers License_Edit' is set on object 'Object Repository/Admin Console ePulse Menu/Account Settings/ID Methods/New ID Method Modal/Heading'

2019-04-03 15:39:12 - [TEST_STEP][PASSED] - selectOptionByValue(findTestObject("Admin Console ePulse Menu/Account Settings/ID Methods/New ID Method Modal/Select Color"), "0", true): All options with value '0' are selected in object 'Object Repository/Admin Console ePulse Menu/Account Settings/ID Methods/New ID Method Modal/Select Color'  using regular expression

2019-04-03 15:39:12 - [MESSAGE][PASSED] - All options with value '0' are selected in object 'Object Repository/Admin Console ePulse Menu/Account Settings/ID Methods/New ID Method Modal/Select Color'  using regular expression

2019-04-03 15:39:12 - [TEST_STEP][PASSED] - setText(findTestObject("Admin Console ePulse Menu/Account Settings/ID Methods/New ID Method Modal/Instructions"), "State Drivers License_Edit"): Text 'State Drivers License_Edit' is set on object 'Object Repository/Admin Console ePulse Menu/Account Settings/ID Methods/New ID Method Modal/Instructions'

2019-04-03 15:39:12 - [MESSAGE][PASSED] - Text 'State Drivers License_Edit' is set on object 'Object Repository/Admin Console ePulse Menu/Account Settings/ID Methods/New ID Method Modal/Instructions'

2019-04-03 15:39:12 - [TEST_STEP][PASSED] - setText(findTestObject("Admin Console ePulse Menu/Account Settings/ID Methods/New ID Method Modal/Order"), "2"): Text '2' is set on object 'Object Repository/Admin Console ePulse Menu/Account Settings/ID Methods/New ID Method Modal/Order'

2019-04-03 15:39:12 - [MESSAGE][PASSED] - Text '2' is set on object 'Object Repository/Admin Console ePulse Menu/Account Settings/ID Methods/New ID Method Modal/Order'

2019-04-03 15:39:12 - [TEST_STEP][NOT_RUN] - click(findTestObject("Admin Console ePulse Menu/Account Settings/ID Methods/New ID Method Modal/Show Does Name Match_slider")): NOT_RUN: click(findTestObject("Admin Console ePulse Menu/Account Settings/ID Methods/New ID Method Modal/Show Does Name Match_slider"))

2019-04-03 15:39:12 - [MESSAGE][NOT_RUN] - NOT_RUN: click(findTestObject("Admin Console ePulse Menu/Account Settings/ID Methods/New ID Method Modal/Show Does Name Match_slider"))

2019-04-03 15:39:12 - [TEST_STEP][PASSED] - click(findTestObject("Admin Console ePulse Menu/Account Settings/ID Methods/New ID Method Modal/Show Does Address Match_slider"), STOP_ON_FAILURE): Object: 'Object Repository/Admin Console ePulse Menu/Account Settings/ID Methods/New ID Method Modal/Show Does Address Match_slider' is clicked on

2019-04-03 15:39:12 - [MESSAGE][PASSED] - Object: 'Object Repository/Admin Console ePulse Menu/Account Settings/ID Methods/New ID Method Modal/Show Does Address Match_slider' is clicked on

2019-04-03 15:39:12 - [TEST_STEP][NOT_RUN] - click(findTestObject("Admin Console ePulse Menu/Account Settings/ID Methods/New ID Method Modal/Show is ID Expired_slider"), STOP_ON_FAILURE): NOT_RUN: click(findTestObject("Admin Console ePulse Menu/Account Settings/ID Methods/New ID Method Modal/Show is ID Expired_slider"), STOP_ON_FAILURE)

2019-04-03 15:39:12 - [MESSAGE][NOT_RUN] - NOT_RUN: click(findTestObject("Admin Console ePulse Menu/Account Settings/ID Methods/New ID Method Modal/Show is ID Expired_slider"), STOP_ON_FAILURE)

2019-04-03 15:39:12 - [TEST_STEP][PASSED] - setText(findTestObject("Admin Console ePulse Menu/Account Settings/ID Methods/New ID Method Modal/Page_Epulse  am-Automation-test/Incorrect Heading"), "No Drivers License_Edit?"): Text 'No Drivers License_Edit?' is set on object 'Object Repository/Admin Console ePulse Menu/Account Settings/ID Methods/New ID Method Modal/Page_Epulse  am-Automation-test/Incorrect Heading'

2019-04-03 15:39:12 - [MESSAGE][PASSED] - Text 'No Drivers License_Edit?' is set on object 'Object Repository/Admin Console ePulse Menu/Account Settings/ID Methods/New ID Method Modal/Page_Epulse  am-Automation-test/Incorrect Heading'

2019-04-03 15:39:12 - [TEST_STEP][PASSED] - setText(findTestObject("Admin Console ePulse Menu/Account Settings/ID Methods/New ID Method Modal/Page_Epulse  am-Automation-test/Incorrect Instructions"), "Vote Provisional_Edit"): Text 'Vote Provisional_Edit' is set on object 'Object Repository/Admin Console ePulse Menu/Account Settings/ID Methods/New ID Method Modal/Page_Epulse  am-Automation-test/Incorrect Instructions'

2019-04-03 15:39:12 - [MESSAGE][PASSED] - Text 'Vote Provisional_Edit' is set on object 'Object Repository/Admin Console ePulse Menu/Account Settings/ID Methods/New ID Method Modal/Page_Epulse  am-Automation-test/Incorrect Instructions'

2019-04-03 15:39:12 - [TEST_STEP][PASSED] - click(findTestObject("Admin Console ePulse Menu/Account Settings/ID Methods/New ID Method Modal/Submit"), STOP_ON_FAILURE): Object: 'Object Repository/Admin Console ePulse Menu/Account Settings/ID Methods/New ID Method Modal/Submit' is clicked on

2019-04-03 15:39:12 - [MESSAGE][PASSED] - Object: 'Object Repository/Admin Console ePulse Menu/Account Settings/ID Methods/New ID Method Modal/Submit' is clicked on

2019-04-03 15:39:12 - [TEST_STEP][PASSED] - closeBrowser(): Browser is closed

2019-04-03 15:39:13 - [MESSAGE][PASSED] - Browser is closed]]></system-out>
         <system-err><![CDATA[]]></system-err>
      </testcase>
      <testcase name="Test Cases/Admin Console/Account Settings/ID Methods()/ID Methods - Edit Oath" classname="Test Cases/Admin Console/Account Settings/ID Methods()/ID Methods - Edit Oath" status="PASSED">
         <system-out><![CDATA[2019-04-03 15:39:15 - [TEST_CASE][PASSED] - Test Cases/Admin Console/Account Settings/ID Methods()/ID Methods - Edit Oath: Test Cases/Admin Console/Account Settings/ID Methods()/ID Methods - Edit Oath

2019-04-03 15:39:15 - [TEST_STEP][PASSED] - openBrowser(""): Browser is opened with url: ''

2019-04-03 15:39:15 - [MESSAGE][INFO] - Starting 'Chrome (headless)' driver

2019-04-03 15:39:15 - [MESSAGE][PASSED] - Browser is opened with url: ''

2019-04-03 15:39:15 - [TEST_STEP][PASSED] - navigateToUrl(URL): Navigate to 'https://dev.epulse.io' successfully

2019-04-03 15:39:16 - [MESSAGE][PASSED] - Navigate to 'https://dev.epulse.io' successfully

2019-04-03 15:39:16 - [TEST_STEP][PASSED] - setText(findTestObject("Login/Email Address"), User_email): Text 'alonzo.mack@knowink.com' is set on object 'Object Repository/Login/Email Address'

2019-04-03 15:39:17 - [MESSAGE][PASSED] - Text 'alonzo.mack@knowink.com' is set on object 'Object Repository/Login/Email Address'

2019-04-03 15:39:17 - [TEST_STEP][PASSED] - setEncryptedText(findTestObject("Login/Password"), Pswrd): Text ****** has been set on object 'Object Repository/Login/Password'

2019-04-03 15:39:17 - [MESSAGE][PASSED] - Text ****** has been set on object 'Object Repository/Login/Password'

2019-04-03 15:39:17 - [TEST_STEP][PASSED] - click(findTestObject("Login/Sign In")): Object: 'Object Repository/Login/Sign In' is clicked on

2019-04-03 15:39:17 - [MESSAGE][PASSED] - Object: 'Object Repository/Login/Sign In' is clicked on

2019-04-03 15:39:17 - [TEST_STEP][PASSED] - delay(1): Delayed 1 second(s)

2019-04-03 15:39:18 - [MESSAGE][PASSED] - Delayed 1 second(s)

2019-04-03 15:39:18 - [TEST_STEP][PASSED] - navigateToUrl(voter_id_methods, STOP_ON_FAILURE): Navigate to 'https://am-automation-test.dev.epulse.io/voter_id_methods' successfully

2019-04-03 15:39:19 - [MESSAGE][PASSED] - Navigate to 'https://am-automation-test.dev.epulse.io/voter_id_methods' successfully

2019-04-03 15:39:19 - [TEST_STEP][PASSED] - click(findTestObject("Admin Console ePulse Menu/Account Settings/ID Methods/ID Methods Page/Edit ID Method Oath")): Object: 'Object Repository/Admin Console ePulse Menu/Account Settings/ID Methods/ID Methods Page/Edit ID Method Oath' is clicked on

2019-04-03 15:39:19 - [MESSAGE][PASSED] - Object: 'Object Repository/Admin Console ePulse Menu/Account Settings/ID Methods/ID Methods Page/Edit ID Method Oath' is clicked on

2019-04-03 15:39:19 - [TEST_STEP][PASSED] - delay(1): Delayed 1 second(s)

2019-04-03 15:39:20 - [MESSAGE][PASSED] - Delayed 1 second(s)

2019-04-03 15:39:20 - [TEST_STEP][PASSED] - setText(findTestObject("Admin Console ePulse Menu/Account Settings/ID Methods/Edit ID Method Modal/Customized Oath text area"), "Customize the oath displayed to voters. "): Text 'Customize the oath displayed to voters. ' is set on object 'Object Repository/Admin Console ePulse Menu/Account Settings/ID Methods/Edit ID Method Modal/Customized Oath text area'

2019-04-03 15:39:20 - [MESSAGE][PASSED] - Text 'Customize the oath displayed to voters. ' is set on object 'Object Repository/Admin Console ePulse Menu/Account Settings/ID Methods/Edit ID Method Modal/Customized Oath text area'

2019-04-03 15:39:20 - [TEST_STEP][PASSED] - delay(1): Delayed 1 second(s)

2019-04-03 15:39:21 - [MESSAGE][PASSED] - Delayed 1 second(s)

2019-04-03 15:39:21 - [TEST_STEP][PASSED] - click(findTestObject("Admin Console ePulse Menu/Account Settings/ID Methods/Edit ID Method Modal/Submit"), STOP_ON_FAILURE): Object: 'Object Repository/Admin Console ePulse Menu/Account Settings/ID Methods/Edit ID Method Modal/Submit' is clicked on

2019-04-03 15:39:21 - [MESSAGE][PASSED] - Object: 'Object Repository/Admin Console ePulse Menu/Account Settings/ID Methods/Edit ID Method Modal/Submit' is clicked on]]></system-out>
         <system-err><![CDATA[]]></system-err>
      </testcase>
      <testcase name="Test Cases/Admin Console/Account Settings/ID Methods()/ID Methods - Export" classname="Test Cases/Admin Console/Account Settings/ID Methods()/ID Methods - Export" status="PASSED">
         <system-out><![CDATA[2019-04-03 15:39:24 - [TEST_CASE][PASSED] - Test Cases/Admin Console/Account Settings/ID Methods()/ID Methods - Export: Test Cases/Admin Console/Account Settings/ID Methods()/ID Methods - Export

2019-04-03 15:39:24 - [TEST_STEP][PASSED] - openBrowser(""): Browser is opened with url: ''

2019-04-03 15:39:24 - [MESSAGE][WARNING] - A browser is already opened. Closing browser and opening a new one

2019-04-03 15:39:24 - [MESSAGE][INFO] - Starting 'Chrome (headless)' driver

2019-04-03 15:39:24 - [MESSAGE][PASSED] - Browser is opened with url: ''

2019-04-03 15:39:24 - [TEST_STEP][PASSED] - navigateToUrl(URL): Navigate to 'https://dev.epulse.io' successfully

2019-04-03 15:39:25 - [MESSAGE][PASSED] - Navigate to 'https://dev.epulse.io' successfully

2019-04-03 15:39:25 - [TEST_STEP][PASSED] - setText(findTestObject("Login/Email Address"), User_email): Text 'alonzo.mack@knowink.com' is set on object 'Object Repository/Login/Email Address'

2019-04-03 15:39:26 - [MESSAGE][PASSED] - Text 'alonzo.mack@knowink.com' is set on object 'Object Repository/Login/Email Address'

2019-04-03 15:39:26 - [TEST_STEP][PASSED] - setEncryptedText(findTestObject("Login/Password"), Pswrd): Text ****** has been set on object 'Object Repository/Login/Password'

2019-04-03 15:39:26 - [MESSAGE][PASSED] - Text ****** has been set on object 'Object Repository/Login/Password'

2019-04-03 15:39:26 - [TEST_STEP][PASSED] - click(findTestObject("Login/Sign In")): Object: 'Object Repository/Login/Sign In' is clicked on

2019-04-03 15:39:27 - [MESSAGE][PASSED] - Object: 'Object Repository/Login/Sign In' is clicked on

2019-04-03 15:39:27 - [TEST_STEP][PASSED] - delay(1): Delayed 1 second(s)

2019-04-03 15:39:28 - [MESSAGE][PASSED] - Delayed 1 second(s)

2019-04-03 15:39:28 - [TEST_STEP][PASSED] - navigateToUrl(voter_id_methods): Navigate to 'https://am-automation-test.dev.epulse.io/voter_id_methods' successfully

2019-04-03 15:39:28 - [MESSAGE][PASSED] - Navigate to 'https://am-automation-test.dev.epulse.io/voter_id_methods' successfully

2019-04-03 15:39:28 - [TEST_STEP][PASSED] - delay(1): Delayed 1 second(s)

2019-04-03 15:39:29 - [MESSAGE][PASSED] - Delayed 1 second(s)

2019-04-03 15:39:29 - [TEST_STEP][PASSED] - click(findTestObject("Admin Console ePulse Menu/Account Settings/ID Methods/ID Methods Page/Export")): Object: 'Object Repository/Admin Console ePulse Menu/Account Settings/ID Methods/ID Methods Page/Export' is clicked on

2019-04-03 15:39:30 - [MESSAGE][PASSED] - Object: 'Object Repository/Admin Console ePulse Menu/Account Settings/ID Methods/ID Methods Page/Export' is clicked on

2019-04-03 15:39:30 - [TEST_STEP][PASSED] - delay(1): Delayed 1 second(s)

2019-04-03 15:39:31 - [MESSAGE][PASSED] - Delayed 1 second(s)

2019-04-03 15:39:31 - [TEST_STEP][PASSED] - closeBrowser(STOP_ON_FAILURE): Browser is closed

2019-04-03 15:39:31 - [MESSAGE][PASSED] - Browser is closed]]></system-out>
         <system-err><![CDATA[]]></system-err>
      </testcase>
      <testcase name="Test Cases/Admin Console/Account Settings/ID Methods()/ID Methods - Import" classname="Test Cases/Admin Console/Account Settings/ID Methods()/ID Methods - Import" status="PASSED">
         <system-out><![CDATA[2019-04-03 15:39:33 - [TEST_CASE][PASSED] - Test Cases/Admin Console/Account Settings/ID Methods()/ID Methods - Import: Test Cases/Admin Console/Account Settings/ID Methods()/ID Methods - Import

2019-04-03 15:39:33 - [TEST_STEP][PASSED] - openBrowser(""): Browser is opened with url: ''

2019-04-03 15:39:33 - [MESSAGE][INFO] - Starting 'Chrome (headless)' driver

2019-04-03 15:39:33 - [MESSAGE][PASSED] - Browser is opened with url: ''

2019-04-03 15:39:33 - [TEST_STEP][PASSED] - navigateToUrl(URL): Navigate to 'https://dev.epulse.io' successfully

2019-04-03 15:39:35 - [MESSAGE][PASSED] - Navigate to 'https://dev.epulse.io' successfully

2019-04-03 15:39:35 - [TEST_STEP][PASSED] - setText(findTestObject("Login/Email Address"), User_email): Text 'alonzo.mack@knowink.com' is set on object 'Object Repository/Login/Email Address'

2019-04-03 15:39:35 - [MESSAGE][PASSED] - Text 'alonzo.mack@knowink.com' is set on object 'Object Repository/Login/Email Address'

2019-04-03 15:39:35 - [TEST_STEP][PASSED] - setEncryptedText(findTestObject("Login/Password"), Pswrd): Text ****** has been set on object 'Object Repository/Login/Password'

2019-04-03 15:39:35 - [MESSAGE][PASSED] - Text ****** has been set on object 'Object Repository/Login/Password'

2019-04-03 15:39:35 - [TEST_STEP][PASSED] - click(findTestObject("Login/Sign In")): Object: 'Object Repository/Login/Sign In' is clicked on

2019-04-03 15:39:35 - [MESSAGE][PASSED] - Object: 'Object Repository/Login/Sign In' is clicked on

2019-04-03 15:39:35 - [TEST_STEP][PASSED] - delay(1): Delayed 1 second(s)

2019-04-03 15:39:36 - [MESSAGE][PASSED] - Delayed 1 second(s)

2019-04-03 15:39:36 - [TEST_STEP][PASSED] - navigateToUrl(voter_id_methods, STOP_ON_FAILURE): Navigate to 'https://am-automation-test.dev.epulse.io/voter_id_methods' successfully

2019-04-03 15:39:37 - [MESSAGE][PASSED] - Navigate to 'https://am-automation-test.dev.epulse.io/voter_id_methods' successfully

2019-04-03 15:39:37 - [TEST_STEP][PASSED] - click(findTestObject("Admin Console ePulse Menu/Account Settings/ID Methods/ID Methods Page/Import")): Object: 'Object Repository/Admin Console ePulse Menu/Account Settings/ID Methods/ID Methods Page/Import' is clicked on

2019-04-03 15:39:38 - [MESSAGE][PASSED] - Object: 'Object Repository/Admin Console ePulse Menu/Account Settings/ID Methods/ID Methods Page/Import' is clicked on

2019-04-03 15:39:38 - [TEST_STEP][PASSED] - setText(findTestObject("Admin Console ePulse Menu/Account Settings/Prompts/Import Prompts Buttons/Choose File"), "/Users/alonzomack/Downloads/Automation uploads/voter_id_methods.txt"): Text '/Users/alonzomack/Downloads/Automation uploads/voter_id_methods.txt' is set on object 'Object Repository/Admin Console ePulse Menu/Account Settings/Prompts/Import Prompts Buttons/Choose File'

2019-04-03 15:39:38 - [MESSAGE][PASSED] - Text '/Users/alonzomack/Downloads/Automation uploads/voter_id_methods.txt' is set on object 'Object Repository/Admin Console ePulse Menu/Account Settings/Prompts/Import Prompts Buttons/Choose File'

2019-04-03 15:39:38 - [TEST_STEP][PASSED] - click(findTestObject("Admin Console ePulse Menu/Account Settings/Prompts/Import Prompts Buttons/Continue Button")): Object: 'Object Repository/Admin Console ePulse Menu/Account Settings/Prompts/Import Prompts Buttons/Continue Button' is clicked on

2019-04-03 15:39:38 - [MESSAGE][PASSED] - Object: 'Object Repository/Admin Console ePulse Menu/Account Settings/Prompts/Import Prompts Buttons/Continue Button' is clicked on

2019-04-03 15:39:38 - [TEST_STEP][PASSED] - delay(1): Delayed 1 second(s)

2019-04-03 15:39:39 - [MESSAGE][PASSED] - Delayed 1 second(s)

2019-04-03 15:39:39 - [TEST_STEP][PASSED] - click(findTestObject("Admin Console ePulse Menu/Account Settings/Prompts/Import Prompts Buttons/button_Done(working)")): Object: 'Object Repository/Admin Console ePulse Menu/Account Settings/Prompts/Import Prompts Buttons/button_Done(working)' is clicked on

2019-04-03 15:39:42 - [MESSAGE][PASSED] - Object: 'Object Repository/Admin Console ePulse Menu/Account Settings/Prompts/Import Prompts Buttons/button_Done(working)' is clicked on]]></system-out>
         <system-err><![CDATA[]]></system-err>
      </testcase>
      <testcase name="Test Cases/Admin Console/Account Settings/ID Methods()/ID Methods - Delete" classname="Test Cases/Admin Console/Account Settings/ID Methods()/ID Methods - Delete" status="PASSED">
         <system-out><![CDATA[2019-04-03 15:39:44 - [TEST_CASE][PASSED] - Test Cases/Admin Console/Account Settings/ID Methods()/ID Methods - Delete: Test Cases/Admin Console/Account Settings/ID Methods()/ID Methods - Delete

2019-04-03 15:39:44 - [TEST_STEP][PASSED] - openBrowser(""): Browser is opened with url: ''

2019-04-03 15:39:44 - [MESSAGE][WARNING] - A browser is already opened. Closing browser and opening a new one

2019-04-03 15:39:44 - [MESSAGE][INFO] - Starting 'Chrome (headless)' driver

2019-04-03 15:39:45 - [MESSAGE][PASSED] - Browser is opened with url: ''

2019-04-03 15:39:45 - [TEST_STEP][PASSED] - navigateToUrl(URL): Navigate to 'https://dev.epulse.io' successfully

2019-04-03 15:39:46 - [MESSAGE][PASSED] - Navigate to 'https://dev.epulse.io' successfully

2019-04-03 15:39:46 - [TEST_STEP][PASSED] - setText(findTestObject("Login/Email Address"), User_email): Text 'alonzo.mack@knowink.com' is set on object 'Object Repository/Login/Email Address'

2019-04-03 15:39:46 - [MESSAGE][PASSED] - Text 'alonzo.mack@knowink.com' is set on object 'Object Repository/Login/Email Address'

2019-04-03 15:39:46 - [TEST_STEP][PASSED] - setEncryptedText(findTestObject("Login/Password"), Pswrd): Text ****** has been set on object 'Object Repository/Login/Password'

2019-04-03 15:39:46 - [MESSAGE][PASSED] - Text ****** has been set on object 'Object Repository/Login/Password'

2019-04-03 15:39:46 - [TEST_STEP][PASSED] - click(findTestObject("Login/Sign In")): Object: 'Object Repository/Login/Sign In' is clicked on

2019-04-03 15:39:47 - [MESSAGE][PASSED] - Object: 'Object Repository/Login/Sign In' is clicked on

2019-04-03 15:39:47 - [TEST_STEP][PASSED] - delay(1): Delayed 1 second(s)

2019-04-03 15:39:48 - [MESSAGE][PASSED] - Delayed 1 second(s)

2019-04-03 15:39:48 - [TEST_STEP][PASSED] - navigateToUrl(voter_id_methods, STOP_ON_FAILURE): Navigate to 'https://am-automation-test.dev.epulse.io/voter_id_methods' successfully

2019-04-03 15:39:49 - [MESSAGE][PASSED] - Navigate to 'https://am-automation-test.dev.epulse.io/voter_id_methods' successfully

2019-04-03 15:39:49 - [TEST_STEP][PASSED] - delay(1): Delayed 1 second(s)

2019-04-03 15:39:50 - [MESSAGE][PASSED] - Delayed 1 second(s)

2019-04-03 15:39:50 - [TEST_STEP][PASSED] - click(findTestObject("Admin Console ePulse Menu/Account Settings/ID Methods/ID Methods Page/Page_Epulse  am-Automation-test/Delete Selected ID Method")): Object: 'Object Repository/Admin Console ePulse Menu/Account Settings/ID Methods/ID Methods Page/Page_Epulse  am-Automation-test/Delete Selected ID Method' is clicked on

2019-04-03 15:39:50 - [MESSAGE][PASSED] - Object: 'Object Repository/Admin Console ePulse Menu/Account Settings/ID Methods/ID Methods Page/Page_Epulse  am-Automation-test/Delete Selected ID Method' is clicked on

2019-04-03 15:39:50 - [TEST_STEP][PASSED] - delay(3): Delayed 3 second(s)

2019-04-03 15:39:53 - [MESSAGE][PASSED] - Delayed 3 second(s)

2019-04-03 15:39:53 - [TEST_STEP][PASSED] - acceptAlert(): Alert accepted

2019-04-03 15:39:53 - [MESSAGE][PASSED] - Alert accepted

2019-04-03 15:39:53 - [TEST_STEP][PASSED] - closeBrowser(): Browser is closed

2019-04-03 15:39:53 - [MESSAGE][PASSED] - Browser is closed]]></system-out>
         <system-err><![CDATA[]]></system-err>
      </testcase>
      <testcase name="Test Cases/Admin Console/Account Settings/Oaths()/Oaths - Add" classname="Test Cases/Admin Console/Account Settings/Oaths()/Oaths - Add" status="FAILED">
         <failure type="FAILED" message="Test Cases/Admin Console/Account Settings/Oaths()/Oaths - Add FAILED.
Reason:
com.kms.katalon.core.exception.StepFailedException: Unable to set text 'Oath Instructions' of object 'Object Repository/Admin Console ePulse Menu/Account Settings/Oaths/Add_Edit Oath/Oath Instructions' (Root cause: org.openqa.selenium.ElementNotVisibleException: element not interactable
  (Session info: headless chrome=73.0.3683.86)
  (Driver info: chromedriver=2.43.600229 (3fae4d0cda5334b4f533bede5a4787f7b832d052),platform=Mac OS X 10.13.3 x86_64) (WARNING: The server did not provide any stacktrace information)
Command duration or timeout: 0 milliseconds
Build info: version: '3.7.1', revision: '8a0099a', time: '2017-11-06T21:07:36.161Z'
System info: host: 'QAs-MacBook-Pro-2.local', ip: '2600:6c40:5400:153d:3981:9d21:3c08:34c0%en0', os.name: 'Mac OS X', os.arch: 'x86_64', os.version: '10.13.3', java.version: '1.8.0_181'
Driver info: com.kms.katalon.selenium.driver.CChromeDriver
Capabilities {acceptInsecureCerts: false, acceptSslCerts: false, applicationCacheEnabled: false, browserConnectionEnabled: false, browserName: chrome, chrome: {chromedriverVersion: 2.43.600229 (3fae4d0cda5334..., userDataDir: /var/folders/p5/lldhhw894tb...}, cssSelectorsEnabled: true, databaseEnabled: false, goog:chromeOptions: {debuggerAddress: localhost:57496}, handlesAlerts: true, hasTouchScreen: false, javascriptEnabled: true, locationContextEnabled: true, mobileEmulationEnabled: false, nativeEvents: true, networkConnectionEnabled: false, pageLoadStrategy: normal, platform: MAC, platformName: MAC, rotatable: false, setWindowRect: true, takesHeapSnapshot: true, takesScreenshot: true, unexpectedAlertBehaviour: , unhandledPromptBehavior: , version: 73.0.3683.86, webStorageEnabled: true}
Session ID: a961cde02e794336eb419acec85f17e7)
	at com.kms.katalon.core.keyword.internal.KeywordMain.stepFailed(KeywordMain.groovy:36)
	at com.kms.katalon.core.webui.keyword.internal.WebUIKeywordMain.stepFailed(WebUIKeywordMain.groovy:65)
	at com.kms.katalon.core.webui.keyword.internal.WebUIKeywordMain.runKeyword(WebUIKeywordMain.groovy:27)
	at com.kms.katalon.core.webui.keyword.builtin.SetTextKeyword.setText(SetTextKeyword.groovy:65)
	at com.kms.katalon.core.webui.keyword.builtin.SetTextKeyword.execute(SetTextKeyword.groovy:37)
	at com.kms.katalon.core.keyword.internal.KeywordExecutor.executeKeywordForPlatform(KeywordExecutor.groovy:53)
	at com.kms.katalon.core.webui.keyword.WebUiBuiltInKeywords.setText(WebUiBuiltInKeywords.groovy:950)
	at com.kms.katalon.core.webui.keyword.WebUiBuiltInKeywords$setText$1.call(Unknown Source)
	at Oaths - Add.run(Oaths - Add:49)
	at com.kms.katalon.core.main.ScriptEngine.run(ScriptEngine.java:194)
	at com.kms.katalon.core.main.ScriptEngine.runScriptAsRawText(ScriptEngine.java:119)
	at com.kms.katalon.core.main.TestCaseExecutor.runScript(TestCaseExecutor.java:328)
	at com.kms.katalon.core.main.TestCaseExecutor.doExecute(TestCaseExecutor.java:319)
	at com.kms.katalon.core.main.TestCaseExecutor.processExecutionPhase(TestCaseExecutor.java:298)
	at com.kms.katalon.core.main.TestCaseExecutor.accessMainPhase(TestCaseExecutor.java:290)
	at com.kms.katalon.core.main.TestCaseExecutor.execute(TestCaseExecutor.java:224)
	at com.kms.katalon.core.main.TestSuiteExecutor.accessTestCaseMainPhase(TestSuiteExecutor.java:129)
	at com.kms.katalon.core.main.TestSuiteExecutor.accessTestSuiteMainPhase(TestSuiteExecutor.java:112)
	at com.kms.katalon.core.main.TestSuiteExecutor.execute(TestSuiteExecutor.java:81)
	at com.kms.katalon.core.main.TestCaseMain.startTestSuite(TestCaseMain.java:149)
	at com.kms.katalon.core.main.TestCaseMain$startTestSuite$0.call(Unknown Source)
	at TempTestSuite1554323608097.run(TempTestSuite1554323608097.groovy:36)
"/>
         <system-out><![CDATA[2019-04-03 15:39:55 - [TEST_CASE][FAILED] - Test Cases/Admin Console/Account Settings/Oaths()/Oaths - Add: Test Cases/Admin Console/Account Settings/Oaths()/Oaths - Add FAILED.
Reason:
com.kms.katalon.core.exception.StepFailedException: Unable to set text 'Oath Instructions' of object 'Object Repository/Admin Console ePulse Menu/Account Settings/Oaths/Add_Edit Oath/Oath Instructions' (Root cause: org.openqa.selenium.ElementNotVisibleException: element not interactable
  (Session info: headless chrome=73.0.3683.86)
  (Driver info: chromedriver=2.43.600229 (3fae4d0cda5334b4f533bede5a4787f7b832d052),platform=Mac OS X 10.13.3 x86_64) (WARNING: The server did not provide any stacktrace information)
Command duration or timeout: 0 milliseconds
Build info: version: '3.7.1', revision: '8a0099a', time: '2017-11-06T21:07:36.161Z'
System info: host: 'QAs-MacBook-Pro-2.local', ip: '2600:6c40:5400:153d:3981:9d21:3c08:34c0%en0', os.name: 'Mac OS X', os.arch: 'x86_64', os.version: '10.13.3', java.version: '1.8.0_181'
Driver info: com.kms.katalon.selenium.driver.CChromeDriver
Capabilities {acceptInsecureCerts: false, acceptSslCerts: false, applicationCacheEnabled: false, browserConnectionEnabled: false, browserName: chrome, chrome: {chromedriverVersion: 2.43.600229 (3fae4d0cda5334..., userDataDir: /var/folders/p5/lldhhw894tb...}, cssSelectorsEnabled: true, databaseEnabled: false, goog:chromeOptions: {debuggerAddress: localhost:57496}, handlesAlerts: true, hasTouchScreen: false, javascriptEnabled: true, locationContextEnabled: true, mobileEmulationEnabled: false, nativeEvents: true, networkConnectionEnabled: false, pageLoadStrategy: normal, platform: MAC, platformName: MAC, rotatable: false, setWindowRect: true, takesHeapSnapshot: true, takesScreenshot: true, unexpectedAlertBehaviour: , unhandledPromptBehavior: , version: 73.0.3683.86, webStorageEnabled: true}
Session ID: a961cde02e794336eb419acec85f17e7)
	at com.kms.katalon.core.keyword.internal.KeywordMain.stepFailed(KeywordMain.groovy:36)
	at com.kms.katalon.core.webui.keyword.internal.WebUIKeywordMain.stepFailed(WebUIKeywordMain.groovy:65)
	at com.kms.katalon.core.webui.keyword.internal.WebUIKeywordMain.runKeyword(WebUIKeywordMain.groovy:27)
	at com.kms.katalon.core.webui.keyword.builtin.SetTextKeyword.setText(SetTextKeyword.groovy:65)
	at com.kms.katalon.core.webui.keyword.builtin.SetTextKeyword.execute(SetTextKeyword.groovy:37)
	at com.kms.katalon.core.keyword.internal.KeywordExecutor.executeKeywordForPlatform(KeywordExecutor.groovy:53)
	at com.kms.katalon.core.webui.keyword.WebUiBuiltInKeywords.setText(WebUiBuiltInKeywords.groovy:950)
	at com.kms.katalon.core.webui.keyword.WebUiBuiltInKeywords$setText$1.call(Unknown Source)
	at Oaths - Add.run(Oaths - Add:49)
	at com.kms.katalon.core.main.ScriptEngine.run(ScriptEngine.java:194)
	at com.kms.katalon.core.main.ScriptEngine.runScriptAsRawText(ScriptEngine.java:119)
	at com.kms.katalon.core.main.TestCaseExecutor.runScript(TestCaseExecutor.java:328)
	at com.kms.katalon.core.main.TestCaseExecutor.doExecute(TestCaseExecutor.java:319)
	at com.kms.katalon.core.main.TestCaseExecutor.processExecutionPhase(TestCaseExecutor.java:298)
	at com.kms.katalon.core.main.TestCaseExecutor.accessMainPhase(TestCaseExecutor.java:290)
	at com.kms.katalon.core.main.TestCaseExecutor.execute(TestCaseExecutor.java:224)
	at com.kms.katalon.core.main.TestSuiteExecutor.accessTestCaseMainPhase(TestSuiteExecutor.java:129)
	at com.kms.katalon.core.main.TestSuiteExecutor.accessTestSuiteMainPhase(TestSuiteExecutor.java:112)
	at com.kms.katalon.core.main.TestSuiteExecutor.execute(TestSuiteExecutor.java:81)
	at com.kms.katalon.core.main.TestCaseMain.startTestSuite(TestCaseMain.java:149)
	at com.kms.katalon.core.main.TestCaseMain$startTestSuite$0.call(Unknown Source)
	at TempTestSuite1554323608097.run(TempTestSuite1554323608097.groovy:36)


2019-04-03 15:39:55 - [TEST_STEP][PASSED] - openBrowser(""): Browser is opened with url: ''

2019-04-03 15:39:55 - [MESSAGE][INFO] - Starting 'Chrome (headless)' driver

2019-04-03 15:39:56 - [MESSAGE][PASSED] - Browser is opened with url: ''

2019-04-03 15:39:56 - [TEST_STEP][PASSED] - navigateToUrl(URL): Navigate to 'https://dev.epulse.io' successfully

2019-04-03 15:39:57 - [MESSAGE][PASSED] - Navigate to 'https://dev.epulse.io' successfully

2019-04-03 15:39:57 - [TEST_STEP][PASSED] - setText(findTestObject("Login/Email Address"), User_email): Text 'alonzo.mack@knowink.com' is set on object 'Object Repository/Login/Email Address'

2019-04-03 15:39:57 - [MESSAGE][PASSED] - Text 'alonzo.mack@knowink.com' is set on object 'Object Repository/Login/Email Address'

2019-04-03 15:39:57 - [TEST_STEP][PASSED] - setEncryptedText(findTestObject("Login/Password"), Pswrd): Text ****** has been set on object 'Object Repository/Login/Password'

2019-04-03 15:39:57 - [MESSAGE][PASSED] - Text ****** has been set on object 'Object Repository/Login/Password'

2019-04-03 15:39:57 - [TEST_STEP][PASSED] - click(findTestObject("Login/Sign In")): Object: 'Object Repository/Login/Sign In' is clicked on

2019-04-03 15:39:58 - [MESSAGE][PASSED] - Object: 'Object Repository/Login/Sign In' is clicked on

2019-04-03 15:39:58 - [TEST_STEP][PASSED] - delay(1): Delayed 1 second(s)

2019-04-03 15:39:59 - [MESSAGE][PASSED] - Delayed 1 second(s)

2019-04-03 15:39:59 - [TEST_STEP][PASSED] - navigateToUrl(Oaths, STOP_ON_FAILURE): Navigate to 'https://am-automation-test.dev.epulse.io/account_oaths' successfully

2019-04-03 15:40:00 - [MESSAGE][PASSED] - Navigate to 'https://am-automation-test.dev.epulse.io/account_oaths' successfully

2019-04-03 15:40:00 - [TEST_STEP][PASSED] - delay(1): Delayed 1 second(s)

2019-04-03 15:40:01 - [MESSAGE][PASSED] - Delayed 1 second(s)

2019-04-03 15:40:01 - [TEST_STEP][PASSED] - click(findTestObject("Admin Console ePulse Menu/Account Settings/Oaths/New Oath")): Object: 'Object Repository/Admin Console ePulse Menu/Account Settings/Oaths/New Oath' is clicked on

2019-04-03 15:40:01 - [MESSAGE][PASSED] - Object: 'Object Repository/Admin Console ePulse Menu/Account Settings/Oaths/New Oath' is clicked on

2019-04-03 15:40:01 - [TEST_STEP][PASSED] - setText(findTestObject("Admin Console ePulse Menu/Account Settings/Oaths/Add_Edit Oath/Oath Name"), "ID Method"): Text 'ID Method' is set on object 'Object Repository/Admin Console ePulse Menu/Account Settings/Oaths/Add_Edit Oath/Oath Name'

2019-04-03 15:40:01 - [MESSAGE][PASSED] - Text 'ID Method' is set on object 'Object Repository/Admin Console ePulse Menu/Account Settings/Oaths/Add_Edit Oath/Oath Name'

2019-04-03 15:40:01 - [TEST_STEP][FAILED] - setText(findTestObject("Admin Console ePulse Menu/Account Settings/Oaths/Add_Edit Oath/Oath Instructions"), "Oath Instructions"): setText(findTestObject("Admin Console ePulse Menu/Account Settings/Oaths/Add_Edit Oath/Oath Instructions"), "Oath Instructions") FAILED.
Reason:
com.kms.katalon.core.exception.StepFailedException: Unable to set text 'Oath Instructions' of object 'Object Repository/Admin Console ePulse Menu/Account Settings/Oaths/Add_Edit Oath/Oath Instructions' (Root cause: org.openqa.selenium.ElementNotVisibleException: element not interactable
  (Session info: headless chrome=73.0.3683.86)
  (Driver info: chromedriver=2.43.600229 (3fae4d0cda5334b4f533bede5a4787f7b832d052),platform=Mac OS X 10.13.3 x86_64) (WARNING: The server did not provide any stacktrace information)
Command duration or timeout: 0 milliseconds
Build info: version: '3.7.1', revision: '8a0099a', time: '2017-11-06T21:07:36.161Z'
System info: host: 'QAs-MacBook-Pro-2.local', ip: '2600:6c40:5400:153d:3981:9d21:3c08:34c0%en0', os.name: 'Mac OS X', os.arch: 'x86_64', os.version: '10.13.3', java.version: '1.8.0_181'
Driver info: com.kms.katalon.selenium.driver.CChromeDriver
Capabilities {acceptInsecureCerts: false, acceptSslCerts: false, applicationCacheEnabled: false, browserConnectionEnabled: false, browserName: chrome, chrome: {chromedriverVersion: 2.43.600229 (3fae4d0cda5334..., userDataDir: /var/folders/p5/lldhhw894tb...}, cssSelectorsEnabled: true, databaseEnabled: false, goog:chromeOptions: {debuggerAddress: localhost:57496}, handlesAlerts: true, hasTouchScreen: false, javascriptEnabled: true, locationContextEnabled: true, mobileEmulationEnabled: false, nativeEvents: true, networkConnectionEnabled: false, pageLoadStrategy: normal, platform: MAC, platformName: MAC, rotatable: false, setWindowRect: true, takesHeapSnapshot: true, takesScreenshot: true, unexpectedAlertBehaviour: , unhandledPromptBehavior: , version: 73.0.3683.86, webStorageEnabled: true}
Session ID: a961cde02e794336eb419acec85f17e7)
	at com.kms.katalon.core.keyword.internal.KeywordMain.stepFailed(KeywordMain.groovy:36)
	at com.kms.katalon.core.webui.keyword.internal.WebUIKeywordMain.stepFailed(WebUIKeywordMain.groovy:65)
	at com.kms.katalon.core.webui.keyword.internal.WebUIKeywordMain.runKeyword(WebUIKeywordMain.groovy:27)
	at com.kms.katalon.core.webui.keyword.builtin.SetTextKeyword.setText(SetTextKeyword.groovy:65)
	at com.kms.katalon.core.webui.keyword.builtin.SetTextKeyword.execute(SetTextKeyword.groovy:37)
	at com.kms.katalon.core.keyword.internal.KeywordExecutor.executeKeywordForPlatform(KeywordExecutor.groovy:53)
	at com.kms.katalon.core.webui.keyword.WebUiBuiltInKeywords.setText(WebUiBuiltInKeywords.groovy:950)
	at com.kms.katalon.core.webui.keyword.WebUiBuiltInKeywords$setText$1.call(Unknown Source)
	at Oaths - Add.run(Oaths - Add:49)
	at com.kms.katalon.core.main.ScriptEngine.run(ScriptEngine.java:194)
	at com.kms.katalon.core.main.ScriptEngine.runScriptAsRawText(ScriptEngine.java:119)
	at com.kms.katalon.core.main.TestCaseExecutor.runScript(TestCaseExecutor.java:328)
	at com.kms.katalon.core.main.TestCaseExecutor.doExecute(TestCaseExecutor.java:319)
	at com.kms.katalon.core.main.TestCaseExecutor.processExecutionPhase(TestCaseExecutor.java:298)
	at com.kms.katalon.core.main.TestCaseExecutor.accessMainPhase(TestCaseExecutor.java:290)
	at com.kms.katalon.core.main.TestCaseExecutor.execute(TestCaseExecutor.java:224)
	at com.kms.katalon.core.main.TestSuiteExecutor.accessTestCaseMainPhase(TestSuiteExecutor.java:129)
	at com.kms.katalon.core.main.TestSuiteExecutor.accessTestSuiteMainPhase(TestSuiteExecutor.java:112)
	at com.kms.katalon.core.main.TestSuiteExecutor.execute(TestSuiteExecutor.java:81)
	at com.kms.katalon.core.main.TestCaseMain.startTestSuite(TestCaseMain.java:149)
	at com.kms.katalon.core.main.TestCaseMain$startTestSuite$0.call(Unknown Source)
	at TempTestSuite1554323608097.run(TempTestSuite1554323608097.groovy:36)


2019-04-03 15:40:02 - [MESSAGE][FAILED] - Unable to set text 'Oath Instructions' of object 'Object Repository/Admin Console ePulse Menu/Account Settings/Oaths/Add_Edit Oath/Oath Instructions' (Root cause: org.openqa.selenium.ElementNotVisibleException: element not interactable
  (Session info: headless chrome=73.0.3683.86)
  (Driver info: chromedriver=2.43.600229 (3fae4d0cda5334b4f533bede5a4787f7b832d052),platform=Mac OS X 10.13.3 x86_64) (WARNING: The server did not provide any stacktrace information)
Command duration or timeout: 0 milliseconds
Build info: version: '3.7.1', revision: '8a0099a', time: '2017-11-06T21:07:36.161Z'
System info: host: 'QAs-MacBook-Pro-2.local', ip: '2600:6c40:5400:153d:3981:9d21:3c08:34c0%en0', os.name: 'Mac OS X', os.arch: 'x86_64', os.version: '10.13.3', java.version: '1.8.0_181'
Driver info: com.kms.katalon.selenium.driver.CChromeDriver
Capabilities {acceptInsecureCerts: false, acceptSslCerts: false, applicationCacheEnabled: false, browserConnectionEnabled: false, browserName: chrome, chrome: {chromedriverVersion: 2.43.600229 (3fae4d0cda5334..., userDataDir: /var/folders/p5/lldhhw894tb...}, cssSelectorsEnabled: true, databaseEnabled: false, goog:chromeOptions: {debuggerAddress: localhost:57496}, handlesAlerts: true, hasTouchScreen: false, javascriptEnabled: true, locationContextEnabled: true, mobileEmulationEnabled: false, nativeEvents: true, networkConnectionEnabled: false, pageLoadStrategy: normal, platform: MAC, platformName: MAC, rotatable: false, setWindowRect: true, takesHeapSnapshot: true, takesScreenshot: true, unexpectedAlertBehaviour: , unhandledPromptBehavior: , version: 73.0.3683.86, webStorageEnabled: true}
Session ID: a961cde02e794336eb419acec85f17e7)
[[ATTACHMENT|/Users/alonzomack/Katalon Studio/Regression/Reports/dev_staging ready/20190403_153328/1554324001560.png]]

2019-04-03 15:40:02 - [MESSAGE][FAILED] - setText(findTestObject("Admin Console ePulse Menu/Account Settings/Oaths/Add_Edit Oath/Oath Instructions"), "Oath Instructions") FAILED.
Reason:
com.kms.katalon.core.exception.StepFailedException: Unable to set text 'Oath Instructions' of object 'Object Repository/Admin Console ePulse Menu/Account Settings/Oaths/Add_Edit Oath/Oath Instructions' (Root cause: org.openqa.selenium.ElementNotVisibleException: element not interactable
  (Session info: headless chrome=73.0.3683.86)
  (Driver info: chromedriver=2.43.600229 (3fae4d0cda5334b4f533bede5a4787f7b832d052),platform=Mac OS X 10.13.3 x86_64) (WARNING: The server did not provide any stacktrace information)
Command duration or timeout: 0 milliseconds
Build info: version: '3.7.1', revision: '8a0099a', time: '2017-11-06T21:07:36.161Z'
System info: host: 'QAs-MacBook-Pro-2.local', ip: '2600:6c40:5400:153d:3981:9d21:3c08:34c0%en0', os.name: 'Mac OS X', os.arch: 'x86_64', os.version: '10.13.3', java.version: '1.8.0_181'
Driver info: com.kms.katalon.selenium.driver.CChromeDriver
Capabilities {acceptInsecureCerts: false, acceptSslCerts: false, applicationCacheEnabled: false, browserConnectionEnabled: false, browserName: chrome, chrome: {chromedriverVersion: 2.43.600229 (3fae4d0cda5334..., userDataDir: /var/folders/p5/lldhhw894tb...}, cssSelectorsEnabled: true, databaseEnabled: false, goog:chromeOptions: {debuggerAddress: localhost:57496}, handlesAlerts: true, hasTouchScreen: false, javascriptEnabled: true, locationContextEnabled: true, mobileEmulationEnabled: false, nativeEvents: true, networkConnectionEnabled: false, pageLoadStrategy: normal, platform: MAC, platformName: MAC, rotatable: false, setWindowRect: true, takesHeapSnapshot: true, takesScreenshot: true, unexpectedAlertBehaviour: , unhandledPromptBehavior: , version: 73.0.3683.86, webStorageEnabled: true}
Session ID: a961cde02e794336eb419acec85f17e7)
	at com.kms.katalon.core.keyword.internal.KeywordMain.stepFailed(KeywordMain.groovy:36)
	at com.kms.katalon.core.webui.keyword.internal.WebUIKeywordMain.stepFailed(WebUIKeywordMain.groovy:65)
	at com.kms.katalon.core.webui.keyword.internal.WebUIKeywordMain.runKeyword(WebUIKeywordMain.groovy:27)
	at com.kms.katalon.core.webui.keyword.builtin.SetTextKeyword.setText(SetTextKeyword.groovy:65)
	at com.kms.katalon.core.webui.keyword.builtin.SetTextKeyword.execute(SetTextKeyword.groovy:37)
	at com.kms.katalon.core.keyword.internal.KeywordExecutor.executeKeywordForPlatform(KeywordExecutor.groovy:53)
	at com.kms.katalon.core.webui.keyword.WebUiBuiltInKeywords.setText(WebUiBuiltInKeywords.groovy:950)
	at com.kms.katalon.core.webui.keyword.WebUiBuiltInKeywords$setText$1.call(Unknown Source)
	at Oaths - Add.run(Oaths - Add:49)
	at com.kms.katalon.core.main.ScriptEngine.run(ScriptEngine.java:194)
	at com.kms.katalon.core.main.ScriptEngine.runScriptAsRawText(ScriptEngine.java:119)
	at com.kms.katalon.core.main.TestCaseExecutor.runScript(TestCaseExecutor.java:328)
	at com.kms.katalon.core.main.TestCaseExecutor.doExecute(TestCaseExecutor.java:319)
	at com.kms.katalon.core.main.TestCaseExecutor.processExecutionPhase(TestCaseExecutor.java:298)
	at com.kms.katalon.core.main.TestCaseExecutor.accessMainPhase(TestCaseExecutor.java:290)
	at com.kms.katalon.core.main.TestCaseExecutor.execute(TestCaseExecutor.java:224)
	at com.kms.katalon.core.main.TestSuiteExecutor.accessTestCaseMainPhase(TestSuiteExecutor.java:129)
	at com.kms.katalon.core.main.TestSuiteExecutor.accessTestSuiteMainPhase(TestSuiteExecutor.java:112)
	at com.kms.katalon.core.main.TestSuiteExecutor.execute(TestSuiteExecutor.java:81)
	at com.kms.katalon.core.main.TestCaseMain.startTestSuite(TestCaseMain.java:149)
	at com.kms.katalon.core.main.TestCaseMain$startTestSuite$0.call(Unknown Source)
	at TempTestSuite1554323608097.run(TempTestSuite1554323608097.groovy:36)]]></system-out>
         <system-err><![CDATA[2019-04-03 15:39:55 - [TEST_CASE][FAILED] - Test Cases/Admin Console/Account Settings/Oaths()/Oaths - Add: Test Cases/Admin Console/Account Settings/Oaths()/Oaths - Add FAILED.
Reason:
com.kms.katalon.core.exception.StepFailedException: Unable to set text 'Oath Instructions' of object 'Object Repository/Admin Console ePulse Menu/Account Settings/Oaths/Add_Edit Oath/Oath Instructions' (Root cause: org.openqa.selenium.ElementNotVisibleException: element not interactable
  (Session info: headless chrome=73.0.3683.86)
  (Driver info: chromedriver=2.43.600229 (3fae4d0cda5334b4f533bede5a4787f7b832d052),platform=Mac OS X 10.13.3 x86_64) (WARNING: The server did not provide any stacktrace information)
Command duration or timeout: 0 milliseconds
Build info: version: '3.7.1', revision: '8a0099a', time: '2017-11-06T21:07:36.161Z'
System info: host: 'QAs-MacBook-Pro-2.local', ip: '2600:6c40:5400:153d:3981:9d21:3c08:34c0%en0', os.name: 'Mac OS X', os.arch: 'x86_64', os.version: '10.13.3', java.version: '1.8.0_181'
Driver info: com.kms.katalon.selenium.driver.CChromeDriver
Capabilities {acceptInsecureCerts: false, acceptSslCerts: false, applicationCacheEnabled: false, browserConnectionEnabled: false, browserName: chrome, chrome: {chromedriverVersion: 2.43.600229 (3fae4d0cda5334..., userDataDir: /var/folders/p5/lldhhw894tb...}, cssSelectorsEnabled: true, databaseEnabled: false, goog:chromeOptions: {debuggerAddress: localhost:57496}, handlesAlerts: true, hasTouchScreen: false, javascriptEnabled: true, locationContextEnabled: true, mobileEmulationEnabled: false, nativeEvents: true, networkConnectionEnabled: false, pageLoadStrategy: normal, platform: MAC, platformName: MAC, rotatable: false, setWindowRect: true, takesHeapSnapshot: true, takesScreenshot: true, unexpectedAlertBehaviour: , unhandledPromptBehavior: , version: 73.0.3683.86, webStorageEnabled: true}
Session ID: a961cde02e794336eb419acec85f17e7)
	at com.kms.katalon.core.keyword.internal.KeywordMain.stepFailed(KeywordMain.groovy:36)
	at com.kms.katalon.core.webui.keyword.internal.WebUIKeywordMain.stepFailed(WebUIKeywordMain.groovy:65)
	at com.kms.katalon.core.webui.keyword.internal.WebUIKeywordMain.runKeyword(WebUIKeywordMain.groovy:27)
	at com.kms.katalon.core.webui.keyword.builtin.SetTextKeyword.setText(SetTextKeyword.groovy:65)
	at com.kms.katalon.core.webui.keyword.builtin.SetTextKeyword.execute(SetTextKeyword.groovy:37)
	at com.kms.katalon.core.keyword.internal.KeywordExecutor.executeKeywordForPlatform(KeywordExecutor.groovy:53)
	at com.kms.katalon.core.webui.keyword.WebUiBuiltInKeywords.setText(WebUiBuiltInKeywords.groovy:950)
	at com.kms.katalon.core.webui.keyword.WebUiBuiltInKeywords$setText$1.call(Unknown Source)
	at Oaths - Add.run(Oaths - Add:49)
	at com.kms.katalon.core.main.ScriptEngine.run(ScriptEngine.java:194)
	at com.kms.katalon.core.main.ScriptEngine.runScriptAsRawText(ScriptEngine.java:119)
	at com.kms.katalon.core.main.TestCaseExecutor.runScript(TestCaseExecutor.java:328)
	at com.kms.katalon.core.main.TestCaseExecutor.doExecute(TestCaseExecutor.java:319)
	at com.kms.katalon.core.main.TestCaseExecutor.processExecutionPhase(TestCaseExecutor.java:298)
	at com.kms.katalon.core.main.TestCaseExecutor.accessMainPhase(TestCaseExecutor.java:290)
	at com.kms.katalon.core.main.TestCaseExecutor.execute(TestCaseExecutor.java:224)
	at com.kms.katalon.core.main.TestSuiteExecutor.accessTestCaseMainPhase(TestSuiteExecutor.java:129)
	at com.kms.katalon.core.main.TestSuiteExecutor.accessTestSuiteMainPhase(TestSuiteExecutor.java:112)
	at com.kms.katalon.core.main.TestSuiteExecutor.execute(TestSuiteExecutor.java:81)
	at com.kms.katalon.core.main.TestCaseMain.startTestSuite(TestCaseMain.java:149)
	at com.kms.katalon.core.main.TestCaseMain$startTestSuite$0.call(Unknown Source)
	at TempTestSuite1554323608097.run(TempTestSuite1554323608097.groovy:36)]]></system-err>
      </testcase>
      <testcase name="Test Cases/Admin Console/Account Settings/Oaths()/Oaths - Filter - Type" classname="Test Cases/Admin Console/Account Settings/Oaths()/Oaths - Filter - Type" status="FAILED">
         <failure type="FAILED" message="Test Cases/Admin Console/Account Settings/Oaths()/Oaths - Filter - Type FAILED.
Reason:
com.kms.katalon.core.exception.StepFailedException: Unable to click on object 'Object Repository/Admin Console ePulse Menu/Account Settings/Oaths/TEMP/TEMP Type Filter/Filter Oath Types/li_Allow Voter To Vote' (Root cause: com.kms.katalon.core.webui.exception.WebElementNotFoundException: Web element with id: 'Object Repository/Admin Console ePulse Menu/Account Settings/Oaths/TEMP/TEMP Type Filter/Filter Oath Types/li_Allow Voter To Vote' located by 'By.xpath: //ul[@id='filters']/li/div/div[2]/div/div/ul/li[3]' not found)
	at com.kms.katalon.core.keyword.internal.KeywordMain.stepFailed(KeywordMain.groovy:36)
	at com.kms.katalon.core.webui.keyword.internal.WebUIKeywordMain.stepFailed(WebUIKeywordMain.groovy:65)
	at com.kms.katalon.core.webui.keyword.internal.WebUIKeywordMain.runKeyword(WebUIKeywordMain.groovy:27)
	at com.kms.katalon.core.webui.keyword.builtin.ClickKeyword.click(ClickKeyword.groovy:86)
	at com.kms.katalon.core.webui.keyword.builtin.ClickKeyword.execute(ClickKeyword.groovy:67)
	at com.kms.katalon.core.keyword.internal.KeywordExecutor.executeKeywordForPlatform(KeywordExecutor.groovy:53)
	at com.kms.katalon.core.webui.keyword.WebUiBuiltInKeywords.click(WebUiBuiltInKeywords.groovy:616)
	at com.kms.katalon.core.webui.keyword.WebUiBuiltInKeywords$click$3.call(Unknown Source)
	at Oaths - Filter - Type.run(Oaths - Filter - Type:85)
	at com.kms.katalon.core.main.ScriptEngine.run(ScriptEngine.java:194)
	at com.kms.katalon.core.main.ScriptEngine.runScriptAsRawText(ScriptEngine.java:119)
	at com.kms.katalon.core.main.TestCaseExecutor.runScript(TestCaseExecutor.java:328)
	at com.kms.katalon.core.main.TestCaseExecutor.doExecute(TestCaseExecutor.java:319)
	at com.kms.katalon.core.main.TestCaseExecutor.processExecutionPhase(TestCaseExecutor.java:298)
	at com.kms.katalon.core.main.TestCaseExecutor.accessMainPhase(TestCaseExecutor.java:290)
	at com.kms.katalon.core.main.TestCaseExecutor.execute(TestCaseExecutor.java:224)
	at com.kms.katalon.core.main.TestSuiteExecutor.accessTestCaseMainPhase(TestSuiteExecutor.java:129)
	at com.kms.katalon.core.main.TestSuiteExecutor.accessTestSuiteMainPhase(TestSuiteExecutor.java:112)
	at com.kms.katalon.core.main.TestSuiteExecutor.execute(TestSuiteExecutor.java:81)
	at com.kms.katalon.core.main.TestCaseMain.startTestSuite(TestCaseMain.java:149)
	at com.kms.katalon.core.main.TestCaseMain$startTestSuite$0.call(Unknown Source)
	at TempTestSuite1554323608097.run(TempTestSuite1554323608097.groovy:36)
"/>
         <system-out><![CDATA[2019-04-03 15:40:04 - [TEST_CASE][FAILED] - Test Cases/Admin Console/Account Settings/Oaths()/Oaths - Filter - Type: Test Cases/Admin Console/Account Settings/Oaths()/Oaths - Filter - Type FAILED.
Reason:
com.kms.katalon.core.exception.StepFailedException: Unable to click on object 'Object Repository/Admin Console ePulse Menu/Account Settings/Oaths/TEMP/TEMP Type Filter/Filter Oath Types/li_Allow Voter To Vote' (Root cause: com.kms.katalon.core.webui.exception.WebElementNotFoundException: Web element with id: 'Object Repository/Admin Console ePulse Menu/Account Settings/Oaths/TEMP/TEMP Type Filter/Filter Oath Types/li_Allow Voter To Vote' located by 'By.xpath: //ul[@id='filters']/li/div/div[2]/div/div/ul/li[3]' not found)
	at com.kms.katalon.core.keyword.internal.KeywordMain.stepFailed(KeywordMain.groovy:36)
	at com.kms.katalon.core.webui.keyword.internal.WebUIKeywordMain.stepFailed(WebUIKeywordMain.groovy:65)
	at com.kms.katalon.core.webui.keyword.internal.WebUIKeywordMain.runKeyword(WebUIKeywordMain.groovy:27)
	at com.kms.katalon.core.webui.keyword.builtin.ClickKeyword.click(ClickKeyword.groovy:86)
	at com.kms.katalon.core.webui.keyword.builtin.ClickKeyword.execute(ClickKeyword.groovy:67)
	at com.kms.katalon.core.keyword.internal.KeywordExecutor.executeKeywordForPlatform(KeywordExecutor.groovy:53)
	at com.kms.katalon.core.webui.keyword.WebUiBuiltInKeywords.click(WebUiBuiltInKeywords.groovy:616)
	at com.kms.katalon.core.webui.keyword.WebUiBuiltInKeywords$click$3.call(Unknown Source)
	at Oaths - Filter - Type.run(Oaths - Filter - Type:85)
	at com.kms.katalon.core.main.ScriptEngine.run(ScriptEngine.java:194)
	at com.kms.katalon.core.main.ScriptEngine.runScriptAsRawText(ScriptEngine.java:119)
	at com.kms.katalon.core.main.TestCaseExecutor.runScript(TestCaseExecutor.java:328)
	at com.kms.katalon.core.main.TestCaseExecutor.doExecute(TestCaseExecutor.java:319)
	at com.kms.katalon.core.main.TestCaseExecutor.processExecutionPhase(TestCaseExecutor.java:298)
	at com.kms.katalon.core.main.TestCaseExecutor.accessMainPhase(TestCaseExecutor.java:290)
	at com.kms.katalon.core.main.TestCaseExecutor.execute(TestCaseExecutor.java:224)
	at com.kms.katalon.core.main.TestSuiteExecutor.accessTestCaseMainPhase(TestSuiteExecutor.java:129)
	at com.kms.katalon.core.main.TestSuiteExecutor.accessTestSuiteMainPhase(TestSuiteExecutor.java:112)
	at com.kms.katalon.core.main.TestSuiteExecutor.execute(TestSuiteExecutor.java:81)
	at com.kms.katalon.core.main.TestCaseMain.startTestSuite(TestCaseMain.java:149)
	at com.kms.katalon.core.main.TestCaseMain$startTestSuite$0.call(Unknown Source)
	at TempTestSuite1554323608097.run(TempTestSuite1554323608097.groovy:36)


2019-04-03 15:40:04 - [TEST_STEP][PASSED] - openBrowser(""): Browser is opened with url: ''

2019-04-03 15:40:04 - [MESSAGE][WARNING] - A browser is already opened. Closing browser and opening a new one

2019-04-03 15:40:04 - [MESSAGE][INFO] - Starting 'Chrome (headless)' driver

2019-04-03 15:40:04 - [MESSAGE][PASSED] - Browser is opened with url: ''

2019-04-03 15:40:04 - [TEST_STEP][PASSED] - navigateToUrl(URL): Navigate to 'https://dev.epulse.io' successfully

2019-04-03 15:40:05 - [MESSAGE][PASSED] - Navigate to 'https://dev.epulse.io' successfully

2019-04-03 15:40:05 - [TEST_STEP][PASSED] - setText(findTestObject("Login/Email Address"), User_email): Text 'alonzo.mack@knowink.com' is set on object 'Object Repository/Login/Email Address'

2019-04-03 15:40:06 - [MESSAGE][PASSED] - Text 'alonzo.mack@knowink.com' is set on object 'Object Repository/Login/Email Address'

2019-04-03 15:40:06 - [TEST_STEP][PASSED] - setEncryptedText(findTestObject("Login/Password"), Pswrd): Text ****** has been set on object 'Object Repository/Login/Password'

2019-04-03 15:40:06 - [MESSAGE][PASSED] - Text ****** has been set on object 'Object Repository/Login/Password'

2019-04-03 15:40:06 - [TEST_STEP][PASSED] - click(findTestObject("Login/Sign In")): Object: 'Object Repository/Login/Sign In' is clicked on

2019-04-03 15:40:06 - [MESSAGE][PASSED] - Object: 'Object Repository/Login/Sign In' is clicked on

2019-04-03 15:40:06 - [TEST_STEP][PASSED] - delay(1): Delayed 1 second(s)

2019-04-03 15:40:07 - [MESSAGE][PASSED] - Delayed 1 second(s)

2019-04-03 15:40:07 - [TEST_STEP][PASSED] - navigateToUrl(Oaths, STOP_ON_FAILURE): Navigate to 'https://am-automation-test.dev.epulse.io/account_oaths' successfully

2019-04-03 15:40:09 - [MESSAGE][PASSED] - Navigate to 'https://am-automation-test.dev.epulse.io/account_oaths' successfully

2019-04-03 15:40:09 - [TEST_STEP][PASSED] - delay(1): Delayed 1 second(s)

2019-04-03 15:40:10 - [MESSAGE][PASSED] - Delayed 1 second(s)

2019-04-03 15:40:10 - [TEST_STEP][PASSED] - click(findTestObject("Admin Console ePulse Menu/Account Settings/Oaths/TEMP/TEMP Type Filter/Filter Oath Types/Filter Type Dropdown")): Object: 'Object Repository/Admin Console ePulse Menu/Account Settings/Oaths/TEMP/TEMP Type Filter/Filter Oath Types/Filter Type Dropdown' is clicked on

2019-04-03 15:40:10 - [MESSAGE][PASSED] - Object: 'Object Repository/Admin Console ePulse Menu/Account Settings/Oaths/TEMP/TEMP Type Filter/Filter Oath Types/Filter Type Dropdown' is clicked on

2019-04-03 15:40:10 - [TEST_STEP][PASSED] - delay(1): Delayed 1 second(s)

2019-04-03 15:40:11 - [MESSAGE][PASSED] - Delayed 1 second(s)

2019-04-03 15:40:11 - [TEST_STEP][PASSED] - click(findTestObject("Admin Console ePulse Menu/Account Settings/Oaths/TEMP/TEMP Type Filter/Filter Oath Types/Apply Type Filters")): Object: 'Object Repository/Admin Console ePulse Menu/Account Settings/Oaths/TEMP/TEMP Type Filter/Filter Oath Types/Apply Type Filters' is clicked on

2019-04-03 15:40:11 - [MESSAGE][PASSED] - Object: 'Object Repository/Admin Console ePulse Menu/Account Settings/Oaths/TEMP/TEMP Type Filter/Filter Oath Types/Apply Type Filters' is clicked on

2019-04-03 15:40:11 - [TEST_STEP][PASSED] - delay(1): Delayed 1 second(s)

2019-04-03 15:40:12 - [MESSAGE][PASSED] - Delayed 1 second(s)

2019-04-03 15:40:12 - [TEST_STEP][PASSED] - click(findTestObject("Admin Console ePulse Menu/Account Settings/Oaths/TEMP/TEMP Type Filter/Filter Oath Types/Remove Filter Type ALL")): Object: 'Object Repository/Admin Console ePulse Menu/Account Settings/Oaths/TEMP/TEMP Type Filter/Filter Oath Types/Remove Filter Type ALL' is clicked on

2019-04-03 15:40:12 - [MESSAGE][PASSED] - Object: 'Object Repository/Admin Console ePulse Menu/Account Settings/Oaths/TEMP/TEMP Type Filter/Filter Oath Types/Remove Filter Type ALL' is clicked on

2019-04-03 15:40:12 - [TEST_STEP][PASSED] - delay(1): Delayed 1 second(s)

2019-04-03 15:40:13 - [MESSAGE][PASSED] - Delayed 1 second(s)

2019-04-03 15:40:13 - [TEST_STEP][PASSED] - click(findTestObject("Admin Console ePulse Menu/Account Settings/Oaths/TEMP/TEMP Type Filter/Filter Oath Types/Filter Type Dropdown")): Object: 'Object Repository/Admin Console ePulse Menu/Account Settings/Oaths/TEMP/TEMP Type Filter/Filter Oath Types/Filter Type Dropdown' is clicked on

2019-04-03 15:40:13 - [MESSAGE][PASSED] - Object: 'Object Repository/Admin Console ePulse Menu/Account Settings/Oaths/TEMP/TEMP Type Filter/Filter Oath Types/Filter Type Dropdown' is clicked on

2019-04-03 15:40:13 - [TEST_STEP][PASSED] - delay(1): Delayed 1 second(s)

2019-04-03 15:40:14 - [MESSAGE][PASSED] - Delayed 1 second(s)

2019-04-03 15:40:14 - [TEST_STEP][PASSED] - click(findTestObject("Admin Console ePulse Menu/Account Settings/Oaths/TEMP/TEMP Type Filter/Filter Oath Types/Filter Dropdown Options")): Object: 'Object Repository/Admin Console ePulse Menu/Account Settings/Oaths/TEMP/TEMP Type Filter/Filter Oath Types/Filter Dropdown Options' is clicked on

2019-04-03 15:40:14 - [MESSAGE][PASSED] - Object: 'Object Repository/Admin Console ePulse Menu/Account Settings/Oaths/TEMP/TEMP Type Filter/Filter Oath Types/Filter Dropdown Options' is clicked on

2019-04-03 15:40:14 - [TEST_STEP][PASSED] - delay(1): Delayed 1 second(s)

2019-04-03 15:40:15 - [MESSAGE][PASSED] - Delayed 1 second(s)

2019-04-03 15:40:15 - [TEST_STEP][PASSED] - click(findTestObject("Admin Console ePulse Menu/Account Settings/Oaths/TEMP/TEMP Type Filter/Filter Oath Types/Select Id Method")): Object: 'Object Repository/Admin Console ePulse Menu/Account Settings/Oaths/TEMP/TEMP Type Filter/Filter Oath Types/Select Id Method' is clicked on

2019-04-03 15:40:15 - [MESSAGE][PASSED] - Object: 'Object Repository/Admin Console ePulse Menu/Account Settings/Oaths/TEMP/TEMP Type Filter/Filter Oath Types/Select Id Method' is clicked on

2019-04-03 15:40:15 - [TEST_STEP][PASSED] - delay(1): Delayed 1 second(s)

2019-04-03 15:40:16 - [MESSAGE][PASSED] - Delayed 1 second(s)

2019-04-03 15:40:16 - [TEST_STEP][PASSED] - click(findTestObject("Admin Console ePulse Menu/Account Settings/Oaths/TEMP/TEMP Type Filter/Filter Oath Types/Apply Type Filters")): Object: 'Object Repository/Admin Console ePulse Menu/Account Settings/Oaths/TEMP/TEMP Type Filter/Filter Oath Types/Apply Type Filters' is clicked on

2019-04-03 15:40:16 - [MESSAGE][PASSED] - Object: 'Object Repository/Admin Console ePulse Menu/Account Settings/Oaths/TEMP/TEMP Type Filter/Filter Oath Types/Apply Type Filters' is clicked on

2019-04-03 15:40:16 - [TEST_STEP][PASSED] - delay(1): Delayed 1 second(s)

2019-04-03 15:40:17 - [MESSAGE][PASSED] - Delayed 1 second(s)

2019-04-03 15:40:17 - [TEST_STEP][PASSED] - click(findTestObject("Admin Console ePulse Menu/Account Settings/Oaths/TEMP/TEMP Type Filter/Filter Oath Types/Type Dropdown")): Object: 'Object Repository/Admin Console ePulse Menu/Account Settings/Oaths/TEMP/TEMP Type Filter/Filter Oath Types/Type Dropdown' is clicked on

2019-04-03 15:40:17 - [MESSAGE][PASSED] - Object: 'Object Repository/Admin Console ePulse Menu/Account Settings/Oaths/TEMP/TEMP Type Filter/Filter Oath Types/Type Dropdown' is clicked on

2019-04-03 15:40:17 - [TEST_STEP][PASSED] - delay(1): Delayed 1 second(s)

2019-04-03 15:40:18 - [MESSAGE][PASSED] - Delayed 1 second(s)

2019-04-03 15:40:18 - [TEST_STEP][PASSED] - click(findTestObject("Admin Console ePulse Menu/Account Settings/Oaths/TEMP/TEMP Type Filter/Filter Oath Types/Filter Type Dropdown")): Object: 'Object Repository/Admin Console ePulse Menu/Account Settings/Oaths/TEMP/TEMP Type Filter/Filter Oath Types/Filter Type Dropdown' is clicked on

2019-04-03 15:40:18 - [MESSAGE][PASSED] - Object: 'Object Repository/Admin Console ePulse Menu/Account Settings/Oaths/TEMP/TEMP Type Filter/Filter Oath Types/Filter Type Dropdown' is clicked on

2019-04-03 15:40:18 - [TEST_STEP][PASSED] - delay(1): Delayed 1 second(s)

2019-04-03 15:40:19 - [MESSAGE][PASSED] - Delayed 1 second(s)

2019-04-03 15:40:19 - [TEST_STEP][PASSED] - click(findTestObject("Admin Console ePulse Menu/Account Settings/Oaths/TEMP/TEMP Type Filter/Filter Oath Types/a_Id Method")): Object: 'Object Repository/Admin Console ePulse Menu/Account Settings/Oaths/TEMP/TEMP Type Filter/Filter Oath Types/a_Id Method' is clicked on

2019-04-03 15:40:19 - [MESSAGE][PASSED] - Object: 'Object Repository/Admin Console ePulse Menu/Account Settings/Oaths/TEMP/TEMP Type Filter/Filter Oath Types/a_Id Method' is clicked on

2019-04-03 15:40:19 - [TEST_STEP][PASSED] - delay(1): Delayed 1 second(s)

2019-04-03 15:40:20 - [MESSAGE][PASSED] - Delayed 1 second(s)

2019-04-03 15:40:20 - [TEST_STEP][FAILED] - click(findTestObject("Admin Console ePulse Menu/Account Settings/Oaths/TEMP/TEMP Type Filter/Filter Oath Types/li_Allow Voter To Vote")): click(findTestObject("Admin Console ePulse Menu/Account Settings/Oaths/TEMP/TEMP Type Filter/Filter Oath Types/li_Allow Voter To Vote")) FAILED.
Reason:
com.kms.katalon.core.exception.StepFailedException: Unable to click on object 'Object Repository/Admin Console ePulse Menu/Account Settings/Oaths/TEMP/TEMP Type Filter/Filter Oath Types/li_Allow Voter To Vote' (Root cause: com.kms.katalon.core.webui.exception.WebElementNotFoundException: Web element with id: 'Object Repository/Admin Console ePulse Menu/Account Settings/Oaths/TEMP/TEMP Type Filter/Filter Oath Types/li_Allow Voter To Vote' located by 'By.xpath: //ul[@id='filters']/li/div/div[2]/div/div/ul/li[3]' not found)
	at com.kms.katalon.core.keyword.internal.KeywordMain.stepFailed(KeywordMain.groovy:36)
	at com.kms.katalon.core.webui.keyword.internal.WebUIKeywordMain.stepFailed(WebUIKeywordMain.groovy:65)
	at com.kms.katalon.core.webui.keyword.internal.WebUIKeywordMain.runKeyword(WebUIKeywordMain.groovy:27)
	at com.kms.katalon.core.webui.keyword.builtin.ClickKeyword.click(ClickKeyword.groovy:86)
	at com.kms.katalon.core.webui.keyword.builtin.ClickKeyword.execute(ClickKeyword.groovy:67)
	at com.kms.katalon.core.keyword.internal.KeywordExecutor.executeKeywordForPlatform(KeywordExecutor.groovy:53)
	at com.kms.katalon.core.webui.keyword.WebUiBuiltInKeywords.click(WebUiBuiltInKeywords.groovy:616)
	at com.kms.katalon.core.webui.keyword.WebUiBuiltInKeywords$click$3.call(Unknown Source)
	at Oaths - Filter - Type.run(Oaths - Filter - Type:85)
	at com.kms.katalon.core.main.ScriptEngine.run(ScriptEngine.java:194)
	at com.kms.katalon.core.main.ScriptEngine.runScriptAsRawText(ScriptEngine.java:119)
	at com.kms.katalon.core.main.TestCaseExecutor.runScript(TestCaseExecutor.java:328)
	at com.kms.katalon.core.main.TestCaseExecutor.doExecute(TestCaseExecutor.java:319)
	at com.kms.katalon.core.main.TestCaseExecutor.processExecutionPhase(TestCaseExecutor.java:298)
	at com.kms.katalon.core.main.TestCaseExecutor.accessMainPhase(TestCaseExecutor.java:290)
	at com.kms.katalon.core.main.TestCaseExecutor.execute(TestCaseExecutor.java:224)
	at com.kms.katalon.core.main.TestSuiteExecutor.accessTestCaseMainPhase(TestSuiteExecutor.java:129)
	at com.kms.katalon.core.main.TestSuiteExecutor.accessTestSuiteMainPhase(TestSuiteExecutor.java:112)
	at com.kms.katalon.core.main.TestSuiteExecutor.execute(TestSuiteExecutor.java:81)
	at com.kms.katalon.core.main.TestCaseMain.startTestSuite(TestCaseMain.java:149)
	at com.kms.katalon.core.main.TestCaseMain$startTestSuite$0.call(Unknown Source)
	at TempTestSuite1554323608097.run(TempTestSuite1554323608097.groovy:36)


2019-04-03 15:40:36 - [MESSAGE][INFO] - Unable to find the element located by 'By.xpath: //ul[@id='filters']/li/div/div[2]/div/div/ul/li[3]'. Please recheck the objects properties to make sure the desired element is located. 

2019-04-03 15:40:36 - [MESSAGE][FAILED] - Unable to click on object 'Object Repository/Admin Console ePulse Menu/Account Settings/Oaths/TEMP/TEMP Type Filter/Filter Oath Types/li_Allow Voter To Vote' (Root cause: com.kms.katalon.core.webui.exception.WebElementNotFoundException: Web element with id: 'Object Repository/Admin Console ePulse Menu/Account Settings/Oaths/TEMP/TEMP Type Filter/Filter Oath Types/li_Allow Voter To Vote' located by 'By.xpath: //ul[@id='filters']/li/div/div[2]/div/div/ul/li[3]' not found)
[[ATTACHMENT|/Users/alonzomack/Katalon Studio/Regression/Reports/dev_staging ready/20190403_153328/1554324036059.png]]

2019-04-03 15:40:36 - [MESSAGE][FAILED] - click(findTestObject("Admin Console ePulse Menu/Account Settings/Oaths/TEMP/TEMP Type Filter/Filter Oath Types/li_Allow Voter To Vote")) FAILED.
Reason:
com.kms.katalon.core.exception.StepFailedException: Unable to click on object 'Object Repository/Admin Console ePulse Menu/Account Settings/Oaths/TEMP/TEMP Type Filter/Filter Oath Types/li_Allow Voter To Vote' (Root cause: com.kms.katalon.core.webui.exception.WebElementNotFoundException: Web element with id: 'Object Repository/Admin Console ePulse Menu/Account Settings/Oaths/TEMP/TEMP Type Filter/Filter Oath Types/li_Allow Voter To Vote' located by 'By.xpath: //ul[@id='filters']/li/div/div[2]/div/div/ul/li[3]' not found)
	at com.kms.katalon.core.keyword.internal.KeywordMain.stepFailed(KeywordMain.groovy:36)
	at com.kms.katalon.core.webui.keyword.internal.WebUIKeywordMain.stepFailed(WebUIKeywordMain.groovy:65)
	at com.kms.katalon.core.webui.keyword.internal.WebUIKeywordMain.runKeyword(WebUIKeywordMain.groovy:27)
	at com.kms.katalon.core.webui.keyword.builtin.ClickKeyword.click(ClickKeyword.groovy:86)
	at com.kms.katalon.core.webui.keyword.builtin.ClickKeyword.execute(ClickKeyword.groovy:67)
	at com.kms.katalon.core.keyword.internal.KeywordExecutor.executeKeywordForPlatform(KeywordExecutor.groovy:53)
	at com.kms.katalon.core.webui.keyword.WebUiBuiltInKeywords.click(WebUiBuiltInKeywords.groovy:616)
	at com.kms.katalon.core.webui.keyword.WebUiBuiltInKeywords$click$3.call(Unknown Source)
	at Oaths - Filter - Type.run(Oaths - Filter - Type:85)
	at com.kms.katalon.core.main.ScriptEngine.run(ScriptEngine.java:194)
	at com.kms.katalon.core.main.ScriptEngine.runScriptAsRawText(ScriptEngine.java:119)
	at com.kms.katalon.core.main.TestCaseExecutor.runScript(TestCaseExecutor.java:328)
	at com.kms.katalon.core.main.TestCaseExecutor.doExecute(TestCaseExecutor.java:319)
	at com.kms.katalon.core.main.TestCaseExecutor.processExecutionPhase(TestCaseExecutor.java:298)
	at com.kms.katalon.core.main.TestCaseExecutor.accessMainPhase(TestCaseExecutor.java:290)
	at com.kms.katalon.core.main.TestCaseExecutor.execute(TestCaseExecutor.java:224)
	at com.kms.katalon.core.main.TestSuiteExecutor.accessTestCaseMainPhase(TestSuiteExecutor.java:129)
	at com.kms.katalon.core.main.TestSuiteExecutor.accessTestSuiteMainPhase(TestSuiteExecutor.java:112)
	at com.kms.katalon.core.main.TestSuiteExecutor.execute(TestSuiteExecutor.java:81)
	at com.kms.katalon.core.main.TestCaseMain.startTestSuite(TestCaseMain.java:149)
	at com.kms.katalon.core.main.TestCaseMain$startTestSuite$0.call(Unknown Source)
	at TempTestSuite1554323608097.run(TempTestSuite1554323608097.groovy:36)]]></system-out>
         <system-err><![CDATA[2019-04-03 15:40:04 - [TEST_CASE][FAILED] - Test Cases/Admin Console/Account Settings/Oaths()/Oaths - Filter - Type: Test Cases/Admin Console/Account Settings/Oaths()/Oaths - Filter - Type FAILED.
Reason:
com.kms.katalon.core.exception.StepFailedException: Unable to click on object 'Object Repository/Admin Console ePulse Menu/Account Settings/Oaths/TEMP/TEMP Type Filter/Filter Oath Types/li_Allow Voter To Vote' (Root cause: com.kms.katalon.core.webui.exception.WebElementNotFoundException: Web element with id: 'Object Repository/Admin Console ePulse Menu/Account Settings/Oaths/TEMP/TEMP Type Filter/Filter Oath Types/li_Allow Voter To Vote' located by 'By.xpath: //ul[@id='filters']/li/div/div[2]/div/div/ul/li[3]' not found)
	at com.kms.katalon.core.keyword.internal.KeywordMain.stepFailed(KeywordMain.groovy:36)
	at com.kms.katalon.core.webui.keyword.internal.WebUIKeywordMain.stepFailed(WebUIKeywordMain.groovy:65)
	at com.kms.katalon.core.webui.keyword.internal.WebUIKeywordMain.runKeyword(WebUIKeywordMain.groovy:27)
	at com.kms.katalon.core.webui.keyword.builtin.ClickKeyword.click(ClickKeyword.groovy:86)
	at com.kms.katalon.core.webui.keyword.builtin.ClickKeyword.execute(ClickKeyword.groovy:67)
	at com.kms.katalon.core.keyword.internal.KeywordExecutor.executeKeywordForPlatform(KeywordExecutor.groovy:53)
	at com.kms.katalon.core.webui.keyword.WebUiBuiltInKeywords.click(WebUiBuiltInKeywords.groovy:616)
	at com.kms.katalon.core.webui.keyword.WebUiBuiltInKeywords$click$3.call(Unknown Source)
	at Oaths - Filter - Type.run(Oaths - Filter - Type:85)
	at com.kms.katalon.core.main.ScriptEngine.run(ScriptEngine.java:194)
	at com.kms.katalon.core.main.ScriptEngine.runScriptAsRawText(ScriptEngine.java:119)
	at com.kms.katalon.core.main.TestCaseExecutor.runScript(TestCaseExecutor.java:328)
	at com.kms.katalon.core.main.TestCaseExecutor.doExecute(TestCaseExecutor.java:319)
	at com.kms.katalon.core.main.TestCaseExecutor.processExecutionPhase(TestCaseExecutor.java:298)
	at com.kms.katalon.core.main.TestCaseExecutor.accessMainPhase(TestCaseExecutor.java:290)
	at com.kms.katalon.core.main.TestCaseExecutor.execute(TestCaseExecutor.java:224)
	at com.kms.katalon.core.main.TestSuiteExecutor.accessTestCaseMainPhase(TestSuiteExecutor.java:129)
	at com.kms.katalon.core.main.TestSuiteExecutor.accessTestSuiteMainPhase(TestSuiteExecutor.java:112)
	at com.kms.katalon.core.main.TestSuiteExecutor.execute(TestSuiteExecutor.java:81)
	at com.kms.katalon.core.main.TestCaseMain.startTestSuite(TestCaseMain.java:149)
	at com.kms.katalon.core.main.TestCaseMain$startTestSuite$0.call(Unknown Source)
	at TempTestSuite1554323608097.run(TempTestSuite1554323608097.groovy:36)]]></system-err>
      </testcase>
      <testcase name="Test Cases/Admin Console/Account Settings/Oaths()/Oaths - Filter - Status" classname="Test Cases/Admin Console/Account Settings/Oaths()/Oaths - Filter - Status" status="PASSED">
         <system-out><![CDATA[2019-04-03 15:40:38 - [TEST_CASE][PASSED] - Test Cases/Admin Console/Account Settings/Oaths()/Oaths - Filter - Status: Test Cases/Admin Console/Account Settings/Oaths()/Oaths - Filter - Status

2019-04-03 15:40:38 - [TEST_STEP][PASSED] - openBrowser(""): Browser is opened with url: ''

2019-04-03 15:40:38 - [MESSAGE][WARNING] - A browser is already opened. Closing browser and opening a new one

2019-04-03 15:40:38 - [MESSAGE][INFO] - Starting 'Chrome (headless)' driver

2019-04-03 15:40:38 - [MESSAGE][PASSED] - Browser is opened with url: ''

2019-04-03 15:40:38 - [TEST_STEP][PASSED] - navigateToUrl(URL): Navigate to 'https://dev.epulse.io' successfully

2019-04-03 15:40:43 - [MESSAGE][PASSED] - Navigate to 'https://dev.epulse.io' successfully

2019-04-03 15:40:43 - [TEST_STEP][PASSED] - setText(findTestObject("Login/Email Address"), User_email): Text 'alonzo.mack@knowink.com' is set on object 'Object Repository/Login/Email Address'

2019-04-03 15:40:44 - [MESSAGE][PASSED] - Text 'alonzo.mack@knowink.com' is set on object 'Object Repository/Login/Email Address'

2019-04-03 15:40:44 - [TEST_STEP][PASSED] - setEncryptedText(findTestObject("Login/Password"), Pswrd): Text ****** has been set on object 'Object Repository/Login/Password'

2019-04-03 15:40:44 - [MESSAGE][PASSED] - Text ****** has been set on object 'Object Repository/Login/Password'

2019-04-03 15:40:44 - [TEST_STEP][PASSED] - click(findTestObject("Login/Sign In")): Object: 'Object Repository/Login/Sign In' is clicked on

2019-04-03 15:40:44 - [MESSAGE][PASSED] - Object: 'Object Repository/Login/Sign In' is clicked on

2019-04-03 15:40:44 - [TEST_STEP][PASSED] - delay(1): Delayed 1 second(s)

2019-04-03 15:40:45 - [MESSAGE][PASSED] - Delayed 1 second(s)

2019-04-03 15:40:45 - [TEST_STEP][PASSED] - navigateToUrl(Oaths, STOP_ON_FAILURE): Navigate to 'https://am-automation-test.dev.epulse.io/account_oaths' successfully

2019-04-03 15:40:46 - [MESSAGE][PASSED] - Navigate to 'https://am-automation-test.dev.epulse.io/account_oaths' successfully

2019-04-03 15:40:46 - [TEST_STEP][PASSED] - delay(1): Delayed 1 second(s)

2019-04-03 15:40:47 - [MESSAGE][PASSED] - Delayed 1 second(s)

2019-04-03 15:40:47 - [TEST_STEP][PASSED] - click(findTestObject("Admin Console ePulse Menu/Account Settings/Oaths/TEMP/Page_Epulse  am-Automation-test/Status Filter")): Object: 'Object Repository/Admin Console ePulse Menu/Account Settings/Oaths/TEMP/Page_Epulse  am-Automation-test/Status Filter' is clicked on

2019-04-03 15:40:47 - [MESSAGE][PASSED] - Object: 'Object Repository/Admin Console ePulse Menu/Account Settings/Oaths/TEMP/Page_Epulse  am-Automation-test/Status Filter' is clicked on

2019-04-03 15:40:47 - [TEST_STEP][PASSED] - delay(1): Delayed 1 second(s)

2019-04-03 15:40:48 - [MESSAGE][PASSED] - Delayed 1 second(s)

2019-04-03 15:40:48 - [TEST_STEP][PASSED] - click(findTestObject("Admin Console ePulse Menu/Account Settings/Oaths/TEMP/Page_Epulse  am-Automation-test/Apply Status Filters")): Object: 'Object Repository/Admin Console ePulse Menu/Account Settings/Oaths/TEMP/Page_Epulse  am-Automation-test/Apply Status Filters' is clicked on

2019-04-03 15:40:48 - [MESSAGE][PASSED] - Object: 'Object Repository/Admin Console ePulse Menu/Account Settings/Oaths/TEMP/Page_Epulse  am-Automation-test/Apply Status Filters' is clicked on

2019-04-03 15:40:48 - [TEST_STEP][PASSED] - delay(1): Delayed 1 second(s)

2019-04-03 15:40:49 - [MESSAGE][PASSED] - Delayed 1 second(s)

2019-04-03 15:40:49 - [TEST_STEP][PASSED] - click(findTestObject("Admin Console ePulse Menu/Account Settings/Oaths/TEMP/Page_Epulse  am-Automation-test/Close Current Status Filter")): Object: 'Object Repository/Admin Console ePulse Menu/Account Settings/Oaths/TEMP/Page_Epulse  am-Automation-test/Close Current Status Filter' is clicked on

2019-04-03 15:40:49 - [MESSAGE][PASSED] - Object: 'Object Repository/Admin Console ePulse Menu/Account Settings/Oaths/TEMP/Page_Epulse  am-Automation-test/Close Current Status Filter' is clicked on

2019-04-03 15:40:49 - [TEST_STEP][PASSED] - click(findTestObject("Admin Console ePulse Menu/Account Settings/Oaths/TEMP/Page_Epulse  am-Automation-test/Status Filter")): Object: 'Object Repository/Admin Console ePulse Menu/Account Settings/Oaths/TEMP/Page_Epulse  am-Automation-test/Status Filter' is clicked on

2019-04-03 15:40:50 - [MESSAGE][PASSED] - Object: 'Object Repository/Admin Console ePulse Menu/Account Settings/Oaths/TEMP/Page_Epulse  am-Automation-test/Status Filter' is clicked on

2019-04-03 15:40:50 - [TEST_STEP][PASSED] - selectOptionByValue(findTestObject("Admin Console ePulse Menu/Account Settings/Oaths/TEMP/Page_Epulse  am-Automation-test/Status Filter Dropdown"), "archived", true): All options with value 'archived' are selected in object 'Object Repository/Admin Console ePulse Menu/Account Settings/Oaths/TEMP/Page_Epulse  am-Automation-test/Status Filter Dropdown'  using regular expression

2019-04-03 15:40:50 - [MESSAGE][PASSED] - All options with value 'archived' are selected in object 'Object Repository/Admin Console ePulse Menu/Account Settings/Oaths/TEMP/Page_Epulse  am-Automation-test/Status Filter Dropdown'  using regular expression

2019-04-03 15:40:50 - [TEST_STEP][PASSED] - click(findTestObject("Admin Console ePulse Menu/Account Settings/Oaths/TEMP/Page_Epulse  am-Automation-test/Apply Status Filters")): Object: 'Object Repository/Admin Console ePulse Menu/Account Settings/Oaths/TEMP/Page_Epulse  am-Automation-test/Apply Status Filters' is clicked on

2019-04-03 15:40:50 - [MESSAGE][PASSED] - Object: 'Object Repository/Admin Console ePulse Menu/Account Settings/Oaths/TEMP/Page_Epulse  am-Automation-test/Apply Status Filters' is clicked on

2019-04-03 15:40:50 - [TEST_STEP][PASSED] - delay(1): Delayed 1 second(s)

2019-04-03 15:40:51 - [MESSAGE][PASSED] - Delayed 1 second(s)

2019-04-03 15:40:51 - [TEST_STEP][PASSED] - click(findTestObject("Admin Console ePulse Menu/Account Settings/Oaths/TEMP/Page_Epulse  am-Automation-test/Close Archived Status Filter")): Object: 'Object Repository/Admin Console ePulse Menu/Account Settings/Oaths/TEMP/Page_Epulse  am-Automation-test/Close Archived Status Filter' is clicked on

2019-04-03 15:40:51 - [MESSAGE][PASSED] - Object: 'Object Repository/Admin Console ePulse Menu/Account Settings/Oaths/TEMP/Page_Epulse  am-Automation-test/Close Archived Status Filter' is clicked on

2019-04-03 15:40:51 - [TEST_STEP][PASSED] - click(findTestObject("Admin Console ePulse Menu/Account Settings/Oaths/TEMP/Page_Epulse  am-Automation-test/Status Filter")): Object: 'Object Repository/Admin Console ePulse Menu/Account Settings/Oaths/TEMP/Page_Epulse  am-Automation-test/Status Filter' is clicked on

2019-04-03 15:40:51 - [MESSAGE][PASSED] - Object: 'Object Repository/Admin Console ePulse Menu/Account Settings/Oaths/TEMP/Page_Epulse  am-Automation-test/Status Filter' is clicked on

2019-04-03 15:40:51 - [TEST_STEP][PASSED] - selectOptionByValue(findTestObject("Admin Console ePulse Menu/Account Settings/Oaths/TEMP/Page_Epulse  am-Automation-test/Status Filter Dropdown"), "both", true): All options with value 'both' are selected in object 'Object Repository/Admin Console ePulse Menu/Account Settings/Oaths/TEMP/Page_Epulse  am-Automation-test/Status Filter Dropdown'  using regular expression

2019-04-03 15:40:51 - [MESSAGE][PASSED] - All options with value 'both' are selected in object 'Object Repository/Admin Console ePulse Menu/Account Settings/Oaths/TEMP/Page_Epulse  am-Automation-test/Status Filter Dropdown'  using regular expression

2019-04-03 15:40:51 - [TEST_STEP][PASSED] - click(findTestObject("Admin Console ePulse Menu/Account Settings/Oaths/TEMP/Page_Epulse  am-Automation-test/Apply Status Filters")): Object: 'Object Repository/Admin Console ePulse Menu/Account Settings/Oaths/TEMP/Page_Epulse  am-Automation-test/Apply Status Filters' is clicked on

2019-04-03 15:40:51 - [MESSAGE][PASSED] - Object: 'Object Repository/Admin Console ePulse Menu/Account Settings/Oaths/TEMP/Page_Epulse  am-Automation-test/Apply Status Filters' is clicked on

2019-04-03 15:40:51 - [TEST_STEP][PASSED] - delay(1): Delayed 1 second(s)

2019-04-03 15:40:52 - [MESSAGE][PASSED] - Delayed 1 second(s)

2019-04-03 15:40:52 - [TEST_STEP][PASSED] - click(findTestObject("Admin Console ePulse Menu/Account Settings/Oaths/TEMP/Page_Epulse  am-Automation-test/Close Both Status Filter")): Object: 'Object Repository/Admin Console ePulse Menu/Account Settings/Oaths/TEMP/Page_Epulse  am-Automation-test/Close Both Status Filter' is clicked on

2019-04-03 15:40:52 - [MESSAGE][PASSED] - Object: 'Object Repository/Admin Console ePulse Menu/Account Settings/Oaths/TEMP/Page_Epulse  am-Automation-test/Close Both Status Filter' is clicked on

2019-04-03 15:40:52 - [TEST_STEP][PASSED] - closeBrowser(): Browser is closed

2019-04-03 15:40:52 - [MESSAGE][PASSED] - Browser is closed]]></system-out>
         <system-err><![CDATA[]]></system-err>
      </testcase>
      <testcase name="Test Cases/Admin Console/Account Settings/Oaths()/Oaths - Delete" classname="Test Cases/Admin Console/Account Settings/Oaths()/Oaths - Delete" status="FAILED">
         <failure type="FAILED" message="Test Cases/Admin Console/Account Settings/Oaths()/Oaths - Delete FAILED.
Reason:
com.kms.katalon.core.exception.StepFailedException: Unable to click on object 'Object Repository/Admin Console ePulse Menu/Account Settings/Oaths/Delete Displayed Oath' (Root cause: com.kms.katalon.core.webui.exception.WebElementNotFoundException: Web element with id: 'Object Repository/Admin Console ePulse Menu/Account Settings/Oaths/Delete Displayed Oath' located by 'By.xpath: //section[@id='sort_table']/table/tbody/tr[2]/td[8]/a[2]' not found)
	at com.kms.katalon.core.keyword.internal.KeywordMain.stepFailed(KeywordMain.groovy:36)
	at com.kms.katalon.core.webui.keyword.internal.WebUIKeywordMain.stepFailed(WebUIKeywordMain.groovy:65)
	at com.kms.katalon.core.webui.keyword.internal.WebUIKeywordMain.runKeyword(WebUIKeywordMain.groovy:27)
	at com.kms.katalon.core.webui.keyword.builtin.ClickKeyword.click(ClickKeyword.groovy:86)
	at com.kms.katalon.core.webui.keyword.builtin.ClickKeyword.execute(ClickKeyword.groovy:67)
	at com.kms.katalon.core.keyword.internal.KeywordExecutor.executeKeywordForPlatform(KeywordExecutor.groovy:53)
	at com.kms.katalon.core.webui.keyword.WebUiBuiltInKeywords.click(WebUiBuiltInKeywords.groovy:616)
	at com.kms.katalon.core.webui.keyword.WebUiBuiltInKeywords$click$3.call(Unknown Source)
	at Oaths - Delete.run(Oaths - Delete:53)
	at com.kms.katalon.core.main.ScriptEngine.run(ScriptEngine.java:194)
	at com.kms.katalon.core.main.ScriptEngine.runScriptAsRawText(ScriptEngine.java:119)
	at com.kms.katalon.core.main.TestCaseExecutor.runScript(TestCaseExecutor.java:328)
	at com.kms.katalon.core.main.TestCaseExecutor.doExecute(TestCaseExecutor.java:319)
	at com.kms.katalon.core.main.TestCaseExecutor.processExecutionPhase(TestCaseExecutor.java:298)
	at com.kms.katalon.core.main.TestCaseExecutor.accessMainPhase(TestCaseExecutor.java:290)
	at com.kms.katalon.core.main.TestCaseExecutor.execute(TestCaseExecutor.java:224)
	at com.kms.katalon.core.main.TestSuiteExecutor.accessTestCaseMainPhase(TestSuiteExecutor.java:129)
	at com.kms.katalon.core.main.TestSuiteExecutor.accessTestSuiteMainPhase(TestSuiteExecutor.java:112)
	at com.kms.katalon.core.main.TestSuiteExecutor.execute(TestSuiteExecutor.java:81)
	at com.kms.katalon.core.main.TestCaseMain.startTestSuite(TestCaseMain.java:149)
	at com.kms.katalon.core.main.TestCaseMain$startTestSuite$0.call(Unknown Source)
	at TempTestSuite1554323608097.run(TempTestSuite1554323608097.groovy:36)
"/>
         <system-out><![CDATA[2019-04-03 15:40:54 - [TEST_CASE][FAILED] - Test Cases/Admin Console/Account Settings/Oaths()/Oaths - Delete: Test Cases/Admin Console/Account Settings/Oaths()/Oaths - Delete FAILED.
Reason:
com.kms.katalon.core.exception.StepFailedException: Unable to click on object 'Object Repository/Admin Console ePulse Menu/Account Settings/Oaths/Delete Displayed Oath' (Root cause: com.kms.katalon.core.webui.exception.WebElementNotFoundException: Web element with id: 'Object Repository/Admin Console ePulse Menu/Account Settings/Oaths/Delete Displayed Oath' located by 'By.xpath: //section[@id='sort_table']/table/tbody/tr[2]/td[8]/a[2]' not found)
	at com.kms.katalon.core.keyword.internal.KeywordMain.stepFailed(KeywordMain.groovy:36)
	at com.kms.katalon.core.webui.keyword.internal.WebUIKeywordMain.stepFailed(WebUIKeywordMain.groovy:65)
	at com.kms.katalon.core.webui.keyword.internal.WebUIKeywordMain.runKeyword(WebUIKeywordMain.groovy:27)
	at com.kms.katalon.core.webui.keyword.builtin.ClickKeyword.click(ClickKeyword.groovy:86)
	at com.kms.katalon.core.webui.keyword.builtin.ClickKeyword.execute(ClickKeyword.groovy:67)
	at com.kms.katalon.core.keyword.internal.KeywordExecutor.executeKeywordForPlatform(KeywordExecutor.groovy:53)
	at com.kms.katalon.core.webui.keyword.WebUiBuiltInKeywords.click(WebUiBuiltInKeywords.groovy:616)
	at com.kms.katalon.core.webui.keyword.WebUiBuiltInKeywords$click$3.call(Unknown Source)
	at Oaths - Delete.run(Oaths - Delete:53)
	at com.kms.katalon.core.main.ScriptEngine.run(ScriptEngine.java:194)
	at com.kms.katalon.core.main.ScriptEngine.runScriptAsRawText(ScriptEngine.java:119)
	at com.kms.katalon.core.main.TestCaseExecutor.runScript(TestCaseExecutor.java:328)
	at com.kms.katalon.core.main.TestCaseExecutor.doExecute(TestCaseExecutor.java:319)
	at com.kms.katalon.core.main.TestCaseExecutor.processExecutionPhase(TestCaseExecutor.java:298)
	at com.kms.katalon.core.main.TestCaseExecutor.accessMainPhase(TestCaseExecutor.java:290)
	at com.kms.katalon.core.main.TestCaseExecutor.execute(TestCaseExecutor.java:224)
	at com.kms.katalon.core.main.TestSuiteExecutor.accessTestCaseMainPhase(TestSuiteExecutor.java:129)
	at com.kms.katalon.core.main.TestSuiteExecutor.accessTestSuiteMainPhase(TestSuiteExecutor.java:112)
	at com.kms.katalon.core.main.TestSuiteExecutor.execute(TestSuiteExecutor.java:81)
	at com.kms.katalon.core.main.TestCaseMain.startTestSuite(TestCaseMain.java:149)
	at com.kms.katalon.core.main.TestCaseMain$startTestSuite$0.call(Unknown Source)
	at TempTestSuite1554323608097.run(TempTestSuite1554323608097.groovy:36)


2019-04-03 15:40:54 - [TEST_STEP][PASSED] - openBrowser(""): Browser is opened with url: ''

2019-04-03 15:40:54 - [MESSAGE][INFO] - Starting 'Chrome (headless)' driver

2019-04-03 15:40:55 - [MESSAGE][PASSED] - Browser is opened with url: ''

2019-04-03 15:40:55 - [TEST_STEP][PASSED] - navigateToUrl(URL): Navigate to 'https://dev.epulse.io' successfully

2019-04-03 15:40:56 - [MESSAGE][PASSED] - Navigate to 'https://dev.epulse.io' successfully

2019-04-03 15:40:56 - [TEST_STEP][PASSED] - setText(findTestObject("Login/Email Address"), User_email): Text 'alonzo.mack@knowink.com' is set on object 'Object Repository/Login/Email Address'

2019-04-03 15:40:56 - [MESSAGE][PASSED] - Text 'alonzo.mack@knowink.com' is set on object 'Object Repository/Login/Email Address'

2019-04-03 15:40:56 - [TEST_STEP][PASSED] - setEncryptedText(findTestObject("Login/Password"), Pswrd): Text ****** has been set on object 'Object Repository/Login/Password'

2019-04-03 15:40:57 - [MESSAGE][PASSED] - Text ****** has been set on object 'Object Repository/Login/Password'

2019-04-03 15:40:57 - [TEST_STEP][PASSED] - click(findTestObject("Login/Sign In")): Object: 'Object Repository/Login/Sign In' is clicked on

2019-04-03 15:40:58 - [MESSAGE][PASSED] - Object: 'Object Repository/Login/Sign In' is clicked on

2019-04-03 15:40:58 - [TEST_STEP][PASSED] - delay(1): Delayed 1 second(s)

2019-04-03 15:40:59 - [MESSAGE][PASSED] - Delayed 1 second(s)

2019-04-03 15:40:59 - [TEST_STEP][PASSED] - navigateToUrl(Oaths, STOP_ON_FAILURE): Navigate to 'https://am-automation-test.dev.epulse.io/account_oaths' successfully

2019-04-03 15:41:00 - [MESSAGE][PASSED] - Navigate to 'https://am-automation-test.dev.epulse.io/account_oaths' successfully

2019-04-03 15:41:00 - [TEST_STEP][PASSED] - delay(1): Delayed 1 second(s)

2019-04-03 15:41:01 - [MESSAGE][PASSED] - Delayed 1 second(s)

2019-04-03 15:41:01 - [TEST_STEP][PASSED] - click(findTestObject("Admin Console ePulse Menu/Account Settings/Oaths/Delete Displayed Oath")): Object: 'Object Repository/Admin Console ePulse Menu/Account Settings/Oaths/Delete Displayed Oath' is clicked on

2019-04-03 15:41:01 - [MESSAGE][PASSED] - Object: 'Object Repository/Admin Console ePulse Menu/Account Settings/Oaths/Delete Displayed Oath' is clicked on

2019-04-03 15:41:01 - [TEST_STEP][PASSED] - delay(1): Delayed 1 second(s)

2019-04-03 15:41:02 - [MESSAGE][PASSED] - Delayed 1 second(s)

2019-04-03 15:41:02 - [TEST_STEP][PASSED] - acceptAlert(STOP_ON_FAILURE): Alert accepted

2019-04-03 15:41:02 - [MESSAGE][PASSED] - Alert accepted

2019-04-03 15:41:02 - [TEST_STEP][PASSED] - delay(1): Delayed 1 second(s)

2019-04-03 15:41:03 - [MESSAGE][PASSED] - Delayed 1 second(s)

2019-04-03 15:41:03 - [TEST_STEP][FAILED] - click(findTestObject("Admin Console ePulse Menu/Account Settings/Oaths/Delete Displayed Oath")): click(findTestObject("Admin Console ePulse Menu/Account Settings/Oaths/Delete Displayed Oath")) FAILED.
Reason:
com.kms.katalon.core.exception.StepFailedException: Unable to click on object 'Object Repository/Admin Console ePulse Menu/Account Settings/Oaths/Delete Displayed Oath' (Root cause: com.kms.katalon.core.webui.exception.WebElementNotFoundException: Web element with id: 'Object Repository/Admin Console ePulse Menu/Account Settings/Oaths/Delete Displayed Oath' located by 'By.xpath: //section[@id='sort_table']/table/tbody/tr[2]/td[8]/a[2]' not found)
	at com.kms.katalon.core.keyword.internal.KeywordMain.stepFailed(KeywordMain.groovy:36)
	at com.kms.katalon.core.webui.keyword.internal.WebUIKeywordMain.stepFailed(WebUIKeywordMain.groovy:65)
	at com.kms.katalon.core.webui.keyword.internal.WebUIKeywordMain.runKeyword(WebUIKeywordMain.groovy:27)
	at com.kms.katalon.core.webui.keyword.builtin.ClickKeyword.click(ClickKeyword.groovy:86)
	at com.kms.katalon.core.webui.keyword.builtin.ClickKeyword.execute(ClickKeyword.groovy:67)
	at com.kms.katalon.core.keyword.internal.KeywordExecutor.executeKeywordForPlatform(KeywordExecutor.groovy:53)
	at com.kms.katalon.core.webui.keyword.WebUiBuiltInKeywords.click(WebUiBuiltInKeywords.groovy:616)
	at com.kms.katalon.core.webui.keyword.WebUiBuiltInKeywords$click$3.call(Unknown Source)
	at Oaths - Delete.run(Oaths - Delete:53)
	at com.kms.katalon.core.main.ScriptEngine.run(ScriptEngine.java:194)
	at com.kms.katalon.core.main.ScriptEngine.runScriptAsRawText(ScriptEngine.java:119)
	at com.kms.katalon.core.main.TestCaseExecutor.runScript(TestCaseExecutor.java:328)
	at com.kms.katalon.core.main.TestCaseExecutor.doExecute(TestCaseExecutor.java:319)
	at com.kms.katalon.core.main.TestCaseExecutor.processExecutionPhase(TestCaseExecutor.java:298)
	at com.kms.katalon.core.main.TestCaseExecutor.accessMainPhase(TestCaseExecutor.java:290)
	at com.kms.katalon.core.main.TestCaseExecutor.execute(TestCaseExecutor.java:224)
	at com.kms.katalon.core.main.TestSuiteExecutor.accessTestCaseMainPhase(TestSuiteExecutor.java:129)
	at com.kms.katalon.core.main.TestSuiteExecutor.accessTestSuiteMainPhase(TestSuiteExecutor.java:112)
	at com.kms.katalon.core.main.TestSuiteExecutor.execute(TestSuiteExecutor.java:81)
	at com.kms.katalon.core.main.TestCaseMain.startTestSuite(TestCaseMain.java:149)
	at com.kms.katalon.core.main.TestCaseMain$startTestSuite$0.call(Unknown Source)
	at TempTestSuite1554323608097.run(TempTestSuite1554323608097.groovy:36)


2019-04-03 15:41:18 - [MESSAGE][INFO] - Unable to find the element located by 'By.xpath: //section[@id='sort_table']/table/tbody/tr[2]/td[8]/a[2]'. Please recheck the objects properties to make sure the desired element is located. 

2019-04-03 15:41:18 - [MESSAGE][FAILED] - Unable to click on object 'Object Repository/Admin Console ePulse Menu/Account Settings/Oaths/Delete Displayed Oath' (Root cause: com.kms.katalon.core.webui.exception.WebElementNotFoundException: Web element with id: 'Object Repository/Admin Console ePulse Menu/Account Settings/Oaths/Delete Displayed Oath' located by 'By.xpath: //section[@id='sort_table']/table/tbody/tr[2]/td[8]/a[2]' not found)
[[ATTACHMENT|/Users/alonzomack/Katalon Studio/Regression/Reports/dev_staging ready/20190403_153328/1554324078445.png]]

2019-04-03 15:41:18 - [MESSAGE][FAILED] - click(findTestObject("Admin Console ePulse Menu/Account Settings/Oaths/Delete Displayed Oath")) FAILED.
Reason:
com.kms.katalon.core.exception.StepFailedException: Unable to click on object 'Object Repository/Admin Console ePulse Menu/Account Settings/Oaths/Delete Displayed Oath' (Root cause: com.kms.katalon.core.webui.exception.WebElementNotFoundException: Web element with id: 'Object Repository/Admin Console ePulse Menu/Account Settings/Oaths/Delete Displayed Oath' located by 'By.xpath: //section[@id='sort_table']/table/tbody/tr[2]/td[8]/a[2]' not found)
	at com.kms.katalon.core.keyword.internal.KeywordMain.stepFailed(KeywordMain.groovy:36)
	at com.kms.katalon.core.webui.keyword.internal.WebUIKeywordMain.stepFailed(WebUIKeywordMain.groovy:65)
	at com.kms.katalon.core.webui.keyword.internal.WebUIKeywordMain.runKeyword(WebUIKeywordMain.groovy:27)
	at com.kms.katalon.core.webui.keyword.builtin.ClickKeyword.click(ClickKeyword.groovy:86)
	at com.kms.katalon.core.webui.keyword.builtin.ClickKeyword.execute(ClickKeyword.groovy:67)
	at com.kms.katalon.core.keyword.internal.KeywordExecutor.executeKeywordForPlatform(KeywordExecutor.groovy:53)
	at com.kms.katalon.core.webui.keyword.WebUiBuiltInKeywords.click(WebUiBuiltInKeywords.groovy:616)
	at com.kms.katalon.core.webui.keyword.WebUiBuiltInKeywords$click$3.call(Unknown Source)
	at Oaths - Delete.run(Oaths - Delete:53)
	at com.kms.katalon.core.main.ScriptEngine.run(ScriptEngine.java:194)
	at com.kms.katalon.core.main.ScriptEngine.runScriptAsRawText(ScriptEngine.java:119)
	at com.kms.katalon.core.main.TestCaseExecutor.runScript(TestCaseExecutor.java:328)
	at com.kms.katalon.core.main.TestCaseExecutor.doExecute(TestCaseExecutor.java:319)
	at com.kms.katalon.core.main.TestCaseExecutor.processExecutionPhase(TestCaseExecutor.java:298)
	at com.kms.katalon.core.main.TestCaseExecutor.accessMainPhase(TestCaseExecutor.java:290)
	at com.kms.katalon.core.main.TestCaseExecutor.execute(TestCaseExecutor.java:224)
	at com.kms.katalon.core.main.TestSuiteExecutor.accessTestCaseMainPhase(TestSuiteExecutor.java:129)
	at com.kms.katalon.core.main.TestSuiteExecutor.accessTestSuiteMainPhase(TestSuiteExecutor.java:112)
	at com.kms.katalon.core.main.TestSuiteExecutor.execute(TestSuiteExecutor.java:81)
	at com.kms.katalon.core.main.TestCaseMain.startTestSuite(TestCaseMain.java:149)
	at com.kms.katalon.core.main.TestCaseMain$startTestSuite$0.call(Unknown Source)
	at TempTestSuite1554323608097.run(TempTestSuite1554323608097.groovy:36)]]></system-out>
         <system-err><![CDATA[2019-04-03 15:40:54 - [TEST_CASE][FAILED] - Test Cases/Admin Console/Account Settings/Oaths()/Oaths - Delete: Test Cases/Admin Console/Account Settings/Oaths()/Oaths - Delete FAILED.
Reason:
com.kms.katalon.core.exception.StepFailedException: Unable to click on object 'Object Repository/Admin Console ePulse Menu/Account Settings/Oaths/Delete Displayed Oath' (Root cause: com.kms.katalon.core.webui.exception.WebElementNotFoundException: Web element with id: 'Object Repository/Admin Console ePulse Menu/Account Settings/Oaths/Delete Displayed Oath' located by 'By.xpath: //section[@id='sort_table']/table/tbody/tr[2]/td[8]/a[2]' not found)
	at com.kms.katalon.core.keyword.internal.KeywordMain.stepFailed(KeywordMain.groovy:36)
	at com.kms.katalon.core.webui.keyword.internal.WebUIKeywordMain.stepFailed(WebUIKeywordMain.groovy:65)
	at com.kms.katalon.core.webui.keyword.internal.WebUIKeywordMain.runKeyword(WebUIKeywordMain.groovy:27)
	at com.kms.katalon.core.webui.keyword.builtin.ClickKeyword.click(ClickKeyword.groovy:86)
	at com.kms.katalon.core.webui.keyword.builtin.ClickKeyword.execute(ClickKeyword.groovy:67)
	at com.kms.katalon.core.keyword.internal.KeywordExecutor.executeKeywordForPlatform(KeywordExecutor.groovy:53)
	at com.kms.katalon.core.webui.keyword.WebUiBuiltInKeywords.click(WebUiBuiltInKeywords.groovy:616)
	at com.kms.katalon.core.webui.keyword.WebUiBuiltInKeywords$click$3.call(Unknown Source)
	at Oaths - Delete.run(Oaths - Delete:53)
	at com.kms.katalon.core.main.ScriptEngine.run(ScriptEngine.java:194)
	at com.kms.katalon.core.main.ScriptEngine.runScriptAsRawText(ScriptEngine.java:119)
	at com.kms.katalon.core.main.TestCaseExecutor.runScript(TestCaseExecutor.java:328)
	at com.kms.katalon.core.main.TestCaseExecutor.doExecute(TestCaseExecutor.java:319)
	at com.kms.katalon.core.main.TestCaseExecutor.processExecutionPhase(TestCaseExecutor.java:298)
	at com.kms.katalon.core.main.TestCaseExecutor.accessMainPhase(TestCaseExecutor.java:290)
	at com.kms.katalon.core.main.TestCaseExecutor.execute(TestCaseExecutor.java:224)
	at com.kms.katalon.core.main.TestSuiteExecutor.accessTestCaseMainPhase(TestSuiteExecutor.java:129)
	at com.kms.katalon.core.main.TestSuiteExecutor.accessTestSuiteMainPhase(TestSuiteExecutor.java:112)
	at com.kms.katalon.core.main.TestSuiteExecutor.execute(TestSuiteExecutor.java:81)
	at com.kms.katalon.core.main.TestCaseMain.startTestSuite(TestCaseMain.java:149)
	at com.kms.katalon.core.main.TestCaseMain$startTestSuite$0.call(Unknown Source)
	at TempTestSuite1554323608097.run(TempTestSuite1554323608097.groovy:36)]]></system-err>
      </testcase>
      <testcase name="Test Cases/Admin Console/Account Settings/Oaths()/Oaths - Import" classname="Test Cases/Admin Console/Account Settings/Oaths()/Oaths - Import" status="PASSED">
         <system-out><![CDATA[2019-04-03 15:41:20 - [TEST_CASE][PASSED] - Test Cases/Admin Console/Account Settings/Oaths()/Oaths - Import: Test Cases/Admin Console/Account Settings/Oaths()/Oaths - Import

2019-04-03 15:41:20 - [TEST_STEP][PASSED] - openBrowser(""): Browser is opened with url: ''

2019-04-03 15:41:20 - [MESSAGE][WARNING] - A browser is already opened. Closing browser and opening a new one

2019-04-03 15:41:21 - [MESSAGE][INFO] - Starting 'Chrome (headless)' driver

2019-04-03 15:41:21 - [MESSAGE][PASSED] - Browser is opened with url: ''

2019-04-03 15:41:21 - [TEST_STEP][PASSED] - navigateToUrl(URL): Navigate to 'https://dev.epulse.io' successfully

2019-04-03 15:41:22 - [MESSAGE][PASSED] - Navigate to 'https://dev.epulse.io' successfully

2019-04-03 15:41:22 - [TEST_STEP][PASSED] - setText(findTestObject("Login/Email Address"), User_email): Text 'alonzo.mack@knowink.com' is set on object 'Object Repository/Login/Email Address'

2019-04-03 15:41:22 - [MESSAGE][PASSED] - Text 'alonzo.mack@knowink.com' is set on object 'Object Repository/Login/Email Address'

2019-04-03 15:41:22 - [TEST_STEP][PASSED] - setEncryptedText(findTestObject("Login/Password"), Pswrd): Text ****** has been set on object 'Object Repository/Login/Password'

2019-04-03 15:41:23 - [MESSAGE][PASSED] - Text ****** has been set on object 'Object Repository/Login/Password'

2019-04-03 15:41:23 - [TEST_STEP][PASSED] - click(findTestObject("Login/Sign In")): Object: 'Object Repository/Login/Sign In' is clicked on

2019-04-03 15:41:23 - [MESSAGE][PASSED] - Object: 'Object Repository/Login/Sign In' is clicked on

2019-04-03 15:41:23 - [TEST_STEP][PASSED] - delay(1): Delayed 1 second(s)

2019-04-03 15:41:24 - [MESSAGE][PASSED] - Delayed 1 second(s)

2019-04-03 15:41:24 - [TEST_STEP][PASSED] - navigateToUrl(Oaths_Imports, STOP_ON_FAILURE): Navigate to 'https://am-automation-test.dev.epulse.io/imports/account_oath' successfully

2019-04-03 15:41:25 - [MESSAGE][PASSED] - Navigate to 'https://am-automation-test.dev.epulse.io/imports/account_oath' successfully

2019-04-03 15:41:25 - [TEST_STEP][PASSED] - delay(1): Delayed 1 second(s)

2019-04-03 15:41:26 - [MESSAGE][PASSED] - Delayed 1 second(s)

2019-04-03 15:41:26 - [TEST_STEP][PASSED] - setText(findTestObject("Common ePulse Objects/Choose File"), "/Users/alonzomack/Downloads/oaths.csv"): Text '/Users/alonzomack/Downloads/oaths.csv' is set on object 'Object Repository/Common ePulse Objects/Choose File'

2019-04-03 15:41:26 - [MESSAGE][PASSED] - Text '/Users/alonzomack/Downloads/oaths.csv' is set on object 'Object Repository/Common ePulse Objects/Choose File'

2019-04-03 15:41:26 - [TEST_STEP][PASSED] - delay(1): Delayed 1 second(s)

2019-04-03 15:41:27 - [MESSAGE][PASSED] - Delayed 1 second(s)

2019-04-03 15:41:27 - [TEST_STEP][NOT_RUN] - click(findTestObject("Admin Console ePulse Menu/Account Settings/Oaths/Skip duplicates_slider")): NOT_RUN: click(findTestObject("Admin Console ePulse Menu/Account Settings/Oaths/Skip duplicates_slider"))

2019-04-03 15:41:27 - [MESSAGE][NOT_RUN] - NOT_RUN: click(findTestObject("Admin Console ePulse Menu/Account Settings/Oaths/Skip duplicates_slider"))

2019-04-03 15:41:27 - [TEST_STEP][PASSED] - delay(1): Delayed 1 second(s)

2019-04-03 15:41:28 - [MESSAGE][PASSED] - Delayed 1 second(s)

2019-04-03 15:41:28 - [TEST_STEP][PASSED] - click(findTestObject("Common ePulse Objects/Continue Button")): Object: 'Object Repository/Common ePulse Objects/Continue Button' is clicked on

2019-04-03 15:41:28 - [MESSAGE][PASSED] - Object: 'Object Repository/Common ePulse Objects/Continue Button' is clicked on

2019-04-03 15:41:28 - [TEST_STEP][PASSED] - delay(1): Delayed 1 second(s)

2019-04-03 15:41:29 - [MESSAGE][PASSED] - Delayed 1 second(s)

2019-04-03 15:41:29 - [TEST_STEP][PASSED] - click(findTestObject("Common ePulse Objects/button_Done(working)")): Object: 'Object Repository/Common ePulse Objects/button_Done(working)' is clicked on

2019-04-03 15:41:32 - [MESSAGE][PASSED] - Object: 'Object Repository/Common ePulse Objects/button_Done(working)' is clicked on

2019-04-03 15:41:32 - [TEST_STEP][PASSED] - delay(1): Delayed 1 second(s)

2019-04-03 15:41:33 - [MESSAGE][PASSED] - Delayed 1 second(s)

2019-04-03 15:41:33 - [TEST_STEP][PASSED] - navigateToUrl(Oaths): Navigate to 'https://am-automation-test.dev.epulse.io/account_oaths' successfully

2019-04-03 15:41:34 - [MESSAGE][PASSED] - Navigate to 'https://am-automation-test.dev.epulse.io/account_oaths' successfully

2019-04-03 15:41:34 - [TEST_STEP][PASSED] - delay(1): Delayed 1 second(s)

2019-04-03 15:41:35 - [MESSAGE][PASSED] - Delayed 1 second(s)

2019-04-03 15:41:35 - [TEST_STEP][PASSED] - closeBrowser(STOP_ON_FAILURE): Browser is closed

2019-04-03 15:41:35 - [MESSAGE][PASSED] - Browser is closed]]></system-out>
         <system-err><![CDATA[]]></system-err>
      </testcase>
      <testcase name="Test Cases/Admin Console/Account Settings/Oaths()/Oaths - Export" classname="Test Cases/Admin Console/Account Settings/Oaths()/Oaths - Export" status="PASSED">
         <system-out><![CDATA[2019-04-03 15:41:37 - [TEST_CASE][PASSED] - Test Cases/Admin Console/Account Settings/Oaths()/Oaths - Export: Test Cases/Admin Console/Account Settings/Oaths()/Oaths - Export

2019-04-03 15:41:37 - [TEST_STEP][PASSED] - openBrowser(""): Browser is opened with url: ''

2019-04-03 15:41:37 - [MESSAGE][INFO] - Starting 'Chrome (headless)' driver

2019-04-03 15:41:37 - [MESSAGE][PASSED] - Browser is opened with url: ''

2019-04-03 15:41:37 - [TEST_STEP][PASSED] - navigateToUrl(URL): Navigate to 'https://dev.epulse.io' successfully

2019-04-03 15:41:39 - [MESSAGE][PASSED] - Navigate to 'https://dev.epulse.io' successfully

2019-04-03 15:41:39 - [TEST_STEP][PASSED] - setText(findTestObject("Login/Email Address"), User_email): Text 'alonzo.mack@knowink.com' is set on object 'Object Repository/Login/Email Address'

2019-04-03 15:41:39 - [MESSAGE][PASSED] - Text 'alonzo.mack@knowink.com' is set on object 'Object Repository/Login/Email Address'

2019-04-03 15:41:39 - [TEST_STEP][PASSED] - setEncryptedText(findTestObject("Login/Password"), Pswrd): Text ****** has been set on object 'Object Repository/Login/Password'

2019-04-03 15:41:39 - [MESSAGE][PASSED] - Text ****** has been set on object 'Object Repository/Login/Password'

2019-04-03 15:41:39 - [TEST_STEP][PASSED] - click(findTestObject("Login/Sign In")): Object: 'Object Repository/Login/Sign In' is clicked on

2019-04-03 15:41:40 - [MESSAGE][PASSED] - Object: 'Object Repository/Login/Sign In' is clicked on

2019-04-03 15:41:40 - [TEST_STEP][PASSED] - delay(1): Delayed 1 second(s)

2019-04-03 15:41:41 - [MESSAGE][PASSED] - Delayed 1 second(s)

2019-04-03 15:41:41 - [TEST_STEP][PASSED] - navigateToUrl(Oaths): Navigate to 'https://am-automation-test.dev.epulse.io/account_oaths' successfully

2019-04-03 15:41:41 - [MESSAGE][PASSED] - Navigate to 'https://am-automation-test.dev.epulse.io/account_oaths' successfully

2019-04-03 15:41:41 - [TEST_STEP][PASSED] - delay(1): Delayed 1 second(s)

2019-04-03 15:41:42 - [MESSAGE][PASSED] - Delayed 1 second(s)

2019-04-03 15:41:42 - [TEST_STEP][PASSED] - click(findTestObject("Admin Console ePulse Menu/Account Settings/Oaths/Page_Epulse  am-Automation-test/Download")): Object: 'Object Repository/Admin Console ePulse Menu/Account Settings/Oaths/Page_Epulse  am-Automation-test/Download' is clicked on

2019-04-03 15:41:43 - [MESSAGE][PASSED] - Object: 'Object Repository/Admin Console ePulse Menu/Account Settings/Oaths/Page_Epulse  am-Automation-test/Download' is clicked on

2019-04-03 15:41:43 - [TEST_STEP][PASSED] - delay(1): Delayed 1 second(s)

2019-04-03 15:41:44 - [MESSAGE][PASSED] - Delayed 1 second(s)

2019-04-03 15:41:44 - [TEST_STEP][PASSED] - closeBrowser(STOP_ON_FAILURE): Browser is closed

2019-04-03 15:41:44 - [MESSAGE][PASSED] - Browser is closed]]></system-out>
         <system-err><![CDATA[]]></system-err>
      </testcase>
      <testcase name="Test Cases/Admin Console/Account Settings/Oaths()/Oaths - Edit" classname="Test Cases/Admin Console/Account Settings/Oaths()/Oaths - Edit" status="FAILED">
         <failure type="FAILED" message="Test Cases/Admin Console/Account Settings/Oaths()/Oaths - Edit FAILED.
Reason:
com.kms.katalon.core.exception.StepFailedException: Unable to click on object 'Object Repository/Admin Console ePulse Menu/Account Settings/Oaths/Add_Edit Oath/Edit Displayed Oath' (Root cause: org.openqa.selenium.WebDriverException: unknown error: Element &lt;a data-title=&quot;Edit Oath&quot; data-toggle=&quot;modal&quot; data-target=&quot;#account-oath-edit-modal&quot; data-id=&quot;372&quot; data-name=&quot;Reasonable Impediment Declaration&quot; data-instructions=&quot;Oath Instructions&quot; data-signatures-required=&quot;0&quot; class=&quot;icn-edit&quot; href=&quot;#&quot;>...&lt;/a> is not clickable at point (792, 425). Other element would receive the click: &lt;html class=&quot; js flexbox flexboxlegacy canvas canvastext webgl no-touch geolocation postmessage websqldatabase indexeddb hashchange history draganddrop websockets rgba hsla multiplebgs backgroundsize borderimage borderradius boxshadow textshadow opacity cssanimations csscolumns cssgradients cssreflections csstransforms csstransforms3d csstransitions fontface generatedcontent video audio localstorage sessionstorage webworkers applicationcache svg inlinesvg smil svgclippaths&quot;>...&lt;/html>
  (Session info: headless chrome=73.0.3683.86)
  (Driver info: chromedriver=2.43.600229 (3fae4d0cda5334b4f533bede5a4787f7b832d052),platform=Mac OS X 10.13.3 x86_64) (WARNING: The server did not provide any stacktrace information)
Command duration or timeout: 0 milliseconds
Build info: version: '3.7.1', revision: '8a0099a', time: '2017-11-06T21:07:36.161Z'
System info: host: 'QAs-MacBook-Pro-2.local', ip: '2600:6c40:5400:153d:3981:9d21:3c08:34c0%en0', os.name: 'Mac OS X', os.arch: 'x86_64', os.version: '10.13.3', java.version: '1.8.0_181'
Driver info: com.kms.katalon.selenium.driver.CChromeDriver
Capabilities {acceptInsecureCerts: false, acceptSslCerts: false, applicationCacheEnabled: false, browserConnectionEnabled: false, browserName: chrome, chrome: {chromedriverVersion: 2.43.600229 (3fae4d0cda5334..., userDataDir: /var/folders/p5/lldhhw894tb...}, cssSelectorsEnabled: true, databaseEnabled: false, goog:chromeOptions: {debuggerAddress: localhost:57593}, handlesAlerts: true, hasTouchScreen: false, javascriptEnabled: true, locationContextEnabled: true, mobileEmulationEnabled: false, nativeEvents: true, networkConnectionEnabled: false, pageLoadStrategy: normal, platform: MAC, platformName: MAC, rotatable: false, setWindowRect: true, takesHeapSnapshot: true, takesScreenshot: true, unexpectedAlertBehaviour: , unhandledPromptBehavior: , version: 73.0.3683.86, webStorageEnabled: true}
Session ID: 351d78cbcc835c162e8307eb33834fec)
	at com.kms.katalon.core.keyword.internal.KeywordMain.stepFailed(KeywordMain.groovy:36)
	at com.kms.katalon.core.webui.keyword.internal.WebUIKeywordMain.stepFailed(WebUIKeywordMain.groovy:65)
	at com.kms.katalon.core.webui.keyword.internal.WebUIKeywordMain.runKeyword(WebUIKeywordMain.groovy:27)
	at com.kms.katalon.core.webui.keyword.builtin.ClickKeyword.click(ClickKeyword.groovy:86)
	at com.kms.katalon.core.webui.keyword.builtin.ClickKeyword.execute(ClickKeyword.groovy:67)
	at com.kms.katalon.core.keyword.internal.KeywordExecutor.executeKeywordForPlatform(KeywordExecutor.groovy:53)
	at com.kms.katalon.core.webui.keyword.WebUiBuiltInKeywords.click(WebUiBuiltInKeywords.groovy:616)
	at com.kms.katalon.core.webui.keyword.WebUiBuiltInKeywords$click$3.call(Unknown Source)
	at Oaths - Edit.run(Oaths - Edit:45)
	at com.kms.katalon.core.main.ScriptEngine.run(ScriptEngine.java:194)
	at com.kms.katalon.core.main.ScriptEngine.runScriptAsRawText(ScriptEngine.java:119)
	at com.kms.katalon.core.main.TestCaseExecutor.runScript(TestCaseExecutor.java:328)
	at com.kms.katalon.core.main.TestCaseExecutor.doExecute(TestCaseExecutor.java:319)
	at com.kms.katalon.core.main.TestCaseExecutor.processExecutionPhase(TestCaseExecutor.java:298)
	at com.kms.katalon.core.main.TestCaseExecutor.accessMainPhase(TestCaseExecutor.java:290)
	at com.kms.katalon.core.main.TestCaseExecutor.execute(TestCaseExecutor.java:224)
	at com.kms.katalon.core.main.TestSuiteExecutor.accessTestCaseMainPhase(TestSuiteExecutor.java:129)
	at com.kms.katalon.core.main.TestSuiteExecutor.accessTestSuiteMainPhase(TestSuiteExecutor.java:112)
	at com.kms.katalon.core.main.TestSuiteExecutor.execute(TestSuiteExecutor.java:81)
	at com.kms.katalon.core.main.TestCaseMain.startTestSuite(TestCaseMain.java:149)
	at com.kms.katalon.core.main.TestCaseMain$startTestSuite$0.call(Unknown Source)
	at TempTestSuite1554323608097.run(TempTestSuite1554323608097.groovy:36)
"/>
         <system-out><![CDATA[2019-04-03 15:41:46 - [TEST_CASE][FAILED] - Test Cases/Admin Console/Account Settings/Oaths()/Oaths - Edit: Test Cases/Admin Console/Account Settings/Oaths()/Oaths - Edit FAILED.
Reason:
com.kms.katalon.core.exception.StepFailedException: Unable to click on object 'Object Repository/Admin Console ePulse Menu/Account Settings/Oaths/Add_Edit Oath/Edit Displayed Oath' (Root cause: org.openqa.selenium.WebDriverException: unknown error: Element <a data-title="Edit Oath" data-toggle="modal" data-target="#account-oath-edit-modal" data-id="372" data-name="Reasonable Impediment Declaration" data-instructions="Oath Instructions" data-signatures-required="0" class="icn-edit" href="#">...</a> is not clickable at point (792, 425). Other element would receive the click: <html class=" js flexbox flexboxlegacy canvas canvastext webgl no-touch geolocation postmessage websqldatabase indexeddb hashchange history draganddrop websockets rgba hsla multiplebgs backgroundsize borderimage borderradius boxshadow textshadow opacity cssanimations csscolumns cssgradients cssreflections csstransforms csstransforms3d csstransitions fontface generatedcontent video audio localstorage sessionstorage webworkers applicationcache svg inlinesvg smil svgclippaths">...</html>
  (Session info: headless chrome=73.0.3683.86)
  (Driver info: chromedriver=2.43.600229 (3fae4d0cda5334b4f533bede5a4787f7b832d052),platform=Mac OS X 10.13.3 x86_64) (WARNING: The server did not provide any stacktrace information)
Command duration or timeout: 0 milliseconds
Build info: version: '3.7.1', revision: '8a0099a', time: '2017-11-06T21:07:36.161Z'
System info: host: 'QAs-MacBook-Pro-2.local', ip: '2600:6c40:5400:153d:3981:9d21:3c08:34c0%en0', os.name: 'Mac OS X', os.arch: 'x86_64', os.version: '10.13.3', java.version: '1.8.0_181'
Driver info: com.kms.katalon.selenium.driver.CChromeDriver
Capabilities {acceptInsecureCerts: false, acceptSslCerts: false, applicationCacheEnabled: false, browserConnectionEnabled: false, browserName: chrome, chrome: {chromedriverVersion: 2.43.600229 (3fae4d0cda5334..., userDataDir: /var/folders/p5/lldhhw894tb...}, cssSelectorsEnabled: true, databaseEnabled: false, goog:chromeOptions: {debuggerAddress: localhost:57593}, handlesAlerts: true, hasTouchScreen: false, javascriptEnabled: true, locationContextEnabled: true, mobileEmulationEnabled: false, nativeEvents: true, networkConnectionEnabled: false, pageLoadStrategy: normal, platform: MAC, platformName: MAC, rotatable: false, setWindowRect: true, takesHeapSnapshot: true, takesScreenshot: true, unexpectedAlertBehaviour: , unhandledPromptBehavior: , version: 73.0.3683.86, webStorageEnabled: true}
Session ID: 351d78cbcc835c162e8307eb33834fec)
	at com.kms.katalon.core.keyword.internal.KeywordMain.stepFailed(KeywordMain.groovy:36)
	at com.kms.katalon.core.webui.keyword.internal.WebUIKeywordMain.stepFailed(WebUIKeywordMain.groovy:65)
	at com.kms.katalon.core.webui.keyword.internal.WebUIKeywordMain.runKeyword(WebUIKeywordMain.groovy:27)
	at com.kms.katalon.core.webui.keyword.builtin.ClickKeyword.click(ClickKeyword.groovy:86)
	at com.kms.katalon.core.webui.keyword.builtin.ClickKeyword.execute(ClickKeyword.groovy:67)
	at com.kms.katalon.core.keyword.internal.KeywordExecutor.executeKeywordForPlatform(KeywordExecutor.groovy:53)
	at com.kms.katalon.core.webui.keyword.WebUiBuiltInKeywords.click(WebUiBuiltInKeywords.groovy:616)
	at com.kms.katalon.core.webui.keyword.WebUiBuiltInKeywords$click$3.call(Unknown Source)
	at Oaths - Edit.run(Oaths - Edit:45)
	at com.kms.katalon.core.main.ScriptEngine.run(ScriptEngine.java:194)
	at com.kms.katalon.core.main.ScriptEngine.runScriptAsRawText(ScriptEngine.java:119)
	at com.kms.katalon.core.main.TestCaseExecutor.runScript(TestCaseExecutor.java:328)
	at com.kms.katalon.core.main.TestCaseExecutor.doExecute(TestCaseExecutor.java:319)
	at com.kms.katalon.core.main.TestCaseExecutor.processExecutionPhase(TestCaseExecutor.java:298)
	at com.kms.katalon.core.main.TestCaseExecutor.accessMainPhase(TestCaseExecutor.java:290)
	at com.kms.katalon.core.main.TestCaseExecutor.execute(TestCaseExecutor.java:224)
	at com.kms.katalon.core.main.TestSuiteExecutor.accessTestCaseMainPhase(TestSuiteExecutor.java:129)
	at com.kms.katalon.core.main.TestSuiteExecutor.accessTestSuiteMainPhase(TestSuiteExecutor.java:112)
	at com.kms.katalon.core.main.TestSuiteExecutor.execute(TestSuiteExecutor.java:81)
	at com.kms.katalon.core.main.TestCaseMain.startTestSuite(TestCaseMain.java:149)
	at com.kms.katalon.core.main.TestCaseMain$startTestSuite$0.call(Unknown Source)
	at TempTestSuite1554323608097.run(TempTestSuite1554323608097.groovy:36)


2019-04-03 15:41:46 - [TEST_STEP][PASSED] - openBrowser(""): Browser is opened with url: ''

2019-04-03 15:41:46 - [MESSAGE][INFO] - Starting 'Chrome (headless)' driver

2019-04-03 15:41:46 - [MESSAGE][PASSED] - Browser is opened with url: ''

2019-04-03 15:41:46 - [TEST_STEP][PASSED] - navigateToUrl(URL): Navigate to 'https://dev.epulse.io' successfully

2019-04-03 15:41:51 - [MESSAGE][PASSED] - Navigate to 'https://dev.epulse.io' successfully

2019-04-03 15:41:51 - [TEST_STEP][PASSED] - setText(findTestObject("Login/Email Address"), User_email): Text 'alonzo.mack@knowink.com' is set on object 'Object Repository/Login/Email Address'

2019-04-03 15:41:51 - [MESSAGE][PASSED] - Text 'alonzo.mack@knowink.com' is set on object 'Object Repository/Login/Email Address'

2019-04-03 15:41:51 - [TEST_STEP][PASSED] - setEncryptedText(findTestObject("Login/Password"), Pswrd): Text ****** has been set on object 'Object Repository/Login/Password'

2019-04-03 15:41:51 - [MESSAGE][PASSED] - Text ****** has been set on object 'Object Repository/Login/Password'

2019-04-03 15:41:51 - [TEST_STEP][PASSED] - click(findTestObject("Login/Sign In")): Object: 'Object Repository/Login/Sign In' is clicked on

2019-04-03 15:41:52 - [MESSAGE][PASSED] - Object: 'Object Repository/Login/Sign In' is clicked on

2019-04-03 15:41:52 - [TEST_STEP][PASSED] - delay(1): Delayed 1 second(s)

2019-04-03 15:41:53 - [MESSAGE][PASSED] - Delayed 1 second(s)

2019-04-03 15:41:53 - [TEST_STEP][PASSED] - navigateToUrl(Oaths, STOP_ON_FAILURE): Navigate to 'https://am-automation-test.dev.epulse.io/account_oaths' successfully

2019-04-03 15:41:54 - [MESSAGE][PASSED] - Navigate to 'https://am-automation-test.dev.epulse.io/account_oaths' successfully

2019-04-03 15:41:54 - [TEST_STEP][PASSED] - delay(1): Delayed 1 second(s)

2019-04-03 15:41:55 - [MESSAGE][PASSED] - Delayed 1 second(s)

2019-04-03 15:41:55 - [TEST_STEP][FAILED] - click(findTestObject("Admin Console ePulse Menu/Account Settings/Oaths/Add_Edit Oath/Edit Displayed Oath")): click(findTestObject("Admin Console ePulse Menu/Account Settings/Oaths/Add_Edit Oath/Edit Displayed Oath")) FAILED.
Reason:
com.kms.katalon.core.exception.StepFailedException: Unable to click on object 'Object Repository/Admin Console ePulse Menu/Account Settings/Oaths/Add_Edit Oath/Edit Displayed Oath' (Root cause: org.openqa.selenium.WebDriverException: unknown error: Element <a data-title="Edit Oath" data-toggle="modal" data-target="#account-oath-edit-modal" data-id="372" data-name="Reasonable Impediment Declaration" data-instructions="Oath Instructions" data-signatures-required="0" class="icn-edit" href="#">...</a> is not clickable at point (792, 425). Other element would receive the click: <html class=" js flexbox flexboxlegacy canvas canvastext webgl no-touch geolocation postmessage websqldatabase indexeddb hashchange history draganddrop websockets rgba hsla multiplebgs backgroundsize borderimage borderradius boxshadow textshadow opacity cssanimations csscolumns cssgradients cssreflections csstransforms csstransforms3d csstransitions fontface generatedcontent video audio localstorage sessionstorage webworkers applicationcache svg inlinesvg smil svgclippaths">...</html>
  (Session info: headless chrome=73.0.3683.86)
  (Driver info: chromedriver=2.43.600229 (3fae4d0cda5334b4f533bede5a4787f7b832d052),platform=Mac OS X 10.13.3 x86_64) (WARNING: The server did not provide any stacktrace information)
Command duration or timeout: 0 milliseconds
Build info: version: '3.7.1', revision: '8a0099a', time: '2017-11-06T21:07:36.161Z'
System info: host: 'QAs-MacBook-Pro-2.local', ip: '2600:6c40:5400:153d:3981:9d21:3c08:34c0%en0', os.name: 'Mac OS X', os.arch: 'x86_64', os.version: '10.13.3', java.version: '1.8.0_181'
Driver info: com.kms.katalon.selenium.driver.CChromeDriver
Capabilities {acceptInsecureCerts: false, acceptSslCerts: false, applicationCacheEnabled: false, browserConnectionEnabled: false, browserName: chrome, chrome: {chromedriverVersion: 2.43.600229 (3fae4d0cda5334..., userDataDir: /var/folders/p5/lldhhw894tb...}, cssSelectorsEnabled: true, databaseEnabled: false, goog:chromeOptions: {debuggerAddress: localhost:57593}, handlesAlerts: true, hasTouchScreen: false, javascriptEnabled: true, locationContextEnabled: true, mobileEmulationEnabled: false, nativeEvents: true, networkConnectionEnabled: false, pageLoadStrategy: normal, platform: MAC, platformName: MAC, rotatable: false, setWindowRect: true, takesHeapSnapshot: true, takesScreenshot: true, unexpectedAlertBehaviour: , unhandledPromptBehavior: , version: 73.0.3683.86, webStorageEnabled: true}
Session ID: 351d78cbcc835c162e8307eb33834fec)
	at com.kms.katalon.core.keyword.internal.KeywordMain.stepFailed(KeywordMain.groovy:36)
	at com.kms.katalon.core.webui.keyword.internal.WebUIKeywordMain.stepFailed(WebUIKeywordMain.groovy:65)
	at com.kms.katalon.core.webui.keyword.internal.WebUIKeywordMain.runKeyword(WebUIKeywordMain.groovy:27)
	at com.kms.katalon.core.webui.keyword.builtin.ClickKeyword.click(ClickKeyword.groovy:86)
	at com.kms.katalon.core.webui.keyword.builtin.ClickKeyword.execute(ClickKeyword.groovy:67)
	at com.kms.katalon.core.keyword.internal.KeywordExecutor.executeKeywordForPlatform(KeywordExecutor.groovy:53)
	at com.kms.katalon.core.webui.keyword.WebUiBuiltInKeywords.click(WebUiBuiltInKeywords.groovy:616)
	at com.kms.katalon.core.webui.keyword.WebUiBuiltInKeywords$click$3.call(Unknown Source)
	at Oaths - Edit.run(Oaths - Edit:45)
	at com.kms.katalon.core.main.ScriptEngine.run(ScriptEngine.java:194)
	at com.kms.katalon.core.main.ScriptEngine.runScriptAsRawText(ScriptEngine.java:119)
	at com.kms.katalon.core.main.TestCaseExecutor.runScript(TestCaseExecutor.java:328)
	at com.kms.katalon.core.main.TestCaseExecutor.doExecute(TestCaseExecutor.java:319)
	at com.kms.katalon.core.main.TestCaseExecutor.processExecutionPhase(TestCaseExecutor.java:298)
	at com.kms.katalon.core.main.TestCaseExecutor.accessMainPhase(TestCaseExecutor.java:290)
	at com.kms.katalon.core.main.TestCaseExecutor.execute(TestCaseExecutor.java:224)
	at com.kms.katalon.core.main.TestSuiteExecutor.accessTestCaseMainPhase(TestSuiteExecutor.java:129)
	at com.kms.katalon.core.main.TestSuiteExecutor.accessTestSuiteMainPhase(TestSuiteExecutor.java:112)
	at com.kms.katalon.core.main.TestSuiteExecutor.execute(TestSuiteExecutor.java:81)
	at com.kms.katalon.core.main.TestCaseMain.startTestSuite(TestCaseMain.java:149)
	at com.kms.katalon.core.main.TestCaseMain$startTestSuite$0.call(Unknown Source)
	at TempTestSuite1554323608097.run(TempTestSuite1554323608097.groovy:36)


2019-04-03 15:41:55 - [MESSAGE][FAILED] - Unable to click on object 'Object Repository/Admin Console ePulse Menu/Account Settings/Oaths/Add_Edit Oath/Edit Displayed Oath' (Root cause: org.openqa.selenium.WebDriverException: unknown error: Element <a data-title="Edit Oath" data-toggle="modal" data-target="#account-oath-edit-modal" data-id="372" data-name="Reasonable Impediment Declaration" data-instructions="Oath Instructions" data-signatures-required="0" class="icn-edit" href="#">...</a> is not clickable at point (792, 425). Other element would receive the click: <html class=" js flexbox flexboxlegacy canvas canvastext webgl no-touch geolocation postmessage websqldatabase indexeddb hashchange history draganddrop websockets rgba hsla multiplebgs backgroundsize borderimage borderradius boxshadow textshadow opacity cssanimations csscolumns cssgradients cssreflections csstransforms csstransforms3d csstransitions fontface generatedcontent video audio localstorage sessionstorage webworkers applicationcache svg inlinesvg smil svgclippaths">...</html>
  (Session info: headless chrome=73.0.3683.86)
  (Driver info: chromedriver=2.43.600229 (3fae4d0cda5334b4f533bede5a4787f7b832d052),platform=Mac OS X 10.13.3 x86_64) (WARNING: The server did not provide any stacktrace information)
Command duration or timeout: 0 milliseconds
Build info: version: '3.7.1', revision: '8a0099a', time: '2017-11-06T21:07:36.161Z'
System info: host: 'QAs-MacBook-Pro-2.local', ip: '2600:6c40:5400:153d:3981:9d21:3c08:34c0%en0', os.name: 'Mac OS X', os.arch: 'x86_64', os.version: '10.13.3', java.version: '1.8.0_181'
Driver info: com.kms.katalon.selenium.driver.CChromeDriver
Capabilities {acceptInsecureCerts: false, acceptSslCerts: false, applicationCacheEnabled: false, browserConnectionEnabled: false, browserName: chrome, chrome: {chromedriverVersion: 2.43.600229 (3fae4d0cda5334..., userDataDir: /var/folders/p5/lldhhw894tb...}, cssSelectorsEnabled: true, databaseEnabled: false, goog:chromeOptions: {debuggerAddress: localhost:57593}, handlesAlerts: true, hasTouchScreen: false, javascriptEnabled: true, locationContextEnabled: true, mobileEmulationEnabled: false, nativeEvents: true, networkConnectionEnabled: false, pageLoadStrategy: normal, platform: MAC, platformName: MAC, rotatable: false, setWindowRect: true, takesHeapSnapshot: true, takesScreenshot: true, unexpectedAlertBehaviour: , unhandledPromptBehavior: , version: 73.0.3683.86, webStorageEnabled: true}
Session ID: 351d78cbcc835c162e8307eb33834fec)
[[ATTACHMENT|/Users/alonzomack/Katalon Studio/Regression/Reports/dev_staging ready/20190403_153328/1554324115101.png]]

2019-04-03 15:41:55 - [MESSAGE][FAILED] - click(findTestObject("Admin Console ePulse Menu/Account Settings/Oaths/Add_Edit Oath/Edit Displayed Oath")) FAILED.
Reason:
com.kms.katalon.core.exception.StepFailedException: Unable to click on object 'Object Repository/Admin Console ePulse Menu/Account Settings/Oaths/Add_Edit Oath/Edit Displayed Oath' (Root cause: org.openqa.selenium.WebDriverException: unknown error: Element <a data-title="Edit Oath" data-toggle="modal" data-target="#account-oath-edit-modal" data-id="372" data-name="Reasonable Impediment Declaration" data-instructions="Oath Instructions" data-signatures-required="0" class="icn-edit" href="#">...</a> is not clickable at point (792, 425). Other element would receive the click: <html class=" js flexbox flexboxlegacy canvas canvastext webgl no-touch geolocation postmessage websqldatabase indexeddb hashchange history draganddrop websockets rgba hsla multiplebgs backgroundsize borderimage borderradius boxshadow textshadow opacity cssanimations csscolumns cssgradients cssreflections csstransforms csstransforms3d csstransitions fontface generatedcontent video audio localstorage sessionstorage webworkers applicationcache svg inlinesvg smil svgclippaths">...</html>
  (Session info: headless chrome=73.0.3683.86)
  (Driver info: chromedriver=2.43.600229 (3fae4d0cda5334b4f533bede5a4787f7b832d052),platform=Mac OS X 10.13.3 x86_64) (WARNING: The server did not provide any stacktrace information)
Command duration or timeout: 0 milliseconds
Build info: version: '3.7.1', revision: '8a0099a', time: '2017-11-06T21:07:36.161Z'
System info: host: 'QAs-MacBook-Pro-2.local', ip: '2600:6c40:5400:153d:3981:9d21:3c08:34c0%en0', os.name: 'Mac OS X', os.arch: 'x86_64', os.version: '10.13.3', java.version: '1.8.0_181'
Driver info: com.kms.katalon.selenium.driver.CChromeDriver
Capabilities {acceptInsecureCerts: false, acceptSslCerts: false, applicationCacheEnabled: false, browserConnectionEnabled: false, browserName: chrome, chrome: {chromedriverVersion: 2.43.600229 (3fae4d0cda5334..., userDataDir: /var/folders/p5/lldhhw894tb...}, cssSelectorsEnabled: true, databaseEnabled: false, goog:chromeOptions: {debuggerAddress: localhost:57593}, handlesAlerts: true, hasTouchScreen: false, javascriptEnabled: true, locationContextEnabled: true, mobileEmulationEnabled: false, nativeEvents: true, networkConnectionEnabled: false, pageLoadStrategy: normal, platform: MAC, platformName: MAC, rotatable: false, setWindowRect: true, takesHeapSnapshot: true, takesScreenshot: true, unexpectedAlertBehaviour: , unhandledPromptBehavior: , version: 73.0.3683.86, webStorageEnabled: true}
Session ID: 351d78cbcc835c162e8307eb33834fec)
	at com.kms.katalon.core.keyword.internal.KeywordMain.stepFailed(KeywordMain.groovy:36)
	at com.kms.katalon.core.webui.keyword.internal.WebUIKeywordMain.stepFailed(WebUIKeywordMain.groovy:65)
	at com.kms.katalon.core.webui.keyword.internal.WebUIKeywordMain.runKeyword(WebUIKeywordMain.groovy:27)
	at com.kms.katalon.core.webui.keyword.builtin.ClickKeyword.click(ClickKeyword.groovy:86)
	at com.kms.katalon.core.webui.keyword.builtin.ClickKeyword.execute(ClickKeyword.groovy:67)
	at com.kms.katalon.core.keyword.internal.KeywordExecutor.executeKeywordForPlatform(KeywordExecutor.groovy:53)
	at com.kms.katalon.core.webui.keyword.WebUiBuiltInKeywords.click(WebUiBuiltInKeywords.groovy:616)
	at com.kms.katalon.core.webui.keyword.WebUiBuiltInKeywords$click$3.call(Unknown Source)
	at Oaths - Edit.run(Oaths - Edit:45)
	at com.kms.katalon.core.main.ScriptEngine.run(ScriptEngine.java:194)
	at com.kms.katalon.core.main.ScriptEngine.runScriptAsRawText(ScriptEngine.java:119)
	at com.kms.katalon.core.main.TestCaseExecutor.runScript(TestCaseExecutor.java:328)
	at com.kms.katalon.core.main.TestCaseExecutor.doExecute(TestCaseExecutor.java:319)
	at com.kms.katalon.core.main.TestCaseExecutor.processExecutionPhase(TestCaseExecutor.java:298)
	at com.kms.katalon.core.main.TestCaseExecutor.accessMainPhase(TestCaseExecutor.java:290)
	at com.kms.katalon.core.main.TestCaseExecutor.execute(TestCaseExecutor.java:224)
	at com.kms.katalon.core.main.TestSuiteExecutor.accessTestCaseMainPhase(TestSuiteExecutor.java:129)
	at com.kms.katalon.core.main.TestSuiteExecutor.accessTestSuiteMainPhase(TestSuiteExecutor.java:112)
	at com.kms.katalon.core.main.TestSuiteExecutor.execute(TestSuiteExecutor.java:81)
	at com.kms.katalon.core.main.TestCaseMain.startTestSuite(TestCaseMain.java:149)
	at com.kms.katalon.core.main.TestCaseMain$startTestSuite$0.call(Unknown Source)
	at TempTestSuite1554323608097.run(TempTestSuite1554323608097.groovy:36)]]></system-out>
         <system-err><![CDATA[2019-04-03 15:41:46 - [TEST_CASE][FAILED] - Test Cases/Admin Console/Account Settings/Oaths()/Oaths - Edit: Test Cases/Admin Console/Account Settings/Oaths()/Oaths - Edit FAILED.
Reason:
com.kms.katalon.core.exception.StepFailedException: Unable to click on object 'Object Repository/Admin Console ePulse Menu/Account Settings/Oaths/Add_Edit Oath/Edit Displayed Oath' (Root cause: org.openqa.selenium.WebDriverException: unknown error: Element <a data-title="Edit Oath" data-toggle="modal" data-target="#account-oath-edit-modal" data-id="372" data-name="Reasonable Impediment Declaration" data-instructions="Oath Instructions" data-signatures-required="0" class="icn-edit" href="#">...</a> is not clickable at point (792, 425). Other element would receive the click: <html class=" js flexbox flexboxlegacy canvas canvastext webgl no-touch geolocation postmessage websqldatabase indexeddb hashchange history draganddrop websockets rgba hsla multiplebgs backgroundsize borderimage borderradius boxshadow textshadow opacity cssanimations csscolumns cssgradients cssreflections csstransforms csstransforms3d csstransitions fontface generatedcontent video audio localstorage sessionstorage webworkers applicationcache svg inlinesvg smil svgclippaths">...</html>
  (Session info: headless chrome=73.0.3683.86)
  (Driver info: chromedriver=2.43.600229 (3fae4d0cda5334b4f533bede5a4787f7b832d052),platform=Mac OS X 10.13.3 x86_64) (WARNING: The server did not provide any stacktrace information)
Command duration or timeout: 0 milliseconds
Build info: version: '3.7.1', revision: '8a0099a', time: '2017-11-06T21:07:36.161Z'
System info: host: 'QAs-MacBook-Pro-2.local', ip: '2600:6c40:5400:153d:3981:9d21:3c08:34c0%en0', os.name: 'Mac OS X', os.arch: 'x86_64', os.version: '10.13.3', java.version: '1.8.0_181'
Driver info: com.kms.katalon.selenium.driver.CChromeDriver
Capabilities {acceptInsecureCerts: false, acceptSslCerts: false, applicationCacheEnabled: false, browserConnectionEnabled: false, browserName: chrome, chrome: {chromedriverVersion: 2.43.600229 (3fae4d0cda5334..., userDataDir: /var/folders/p5/lldhhw894tb...}, cssSelectorsEnabled: true, databaseEnabled: false, goog:chromeOptions: {debuggerAddress: localhost:57593}, handlesAlerts: true, hasTouchScreen: false, javascriptEnabled: true, locationContextEnabled: true, mobileEmulationEnabled: false, nativeEvents: true, networkConnectionEnabled: false, pageLoadStrategy: normal, platform: MAC, platformName: MAC, rotatable: false, setWindowRect: true, takesHeapSnapshot: true, takesScreenshot: true, unexpectedAlertBehaviour: , unhandledPromptBehavior: , version: 73.0.3683.86, webStorageEnabled: true}
Session ID: 351d78cbcc835c162e8307eb33834fec)
	at com.kms.katalon.core.keyword.internal.KeywordMain.stepFailed(KeywordMain.groovy:36)
	at com.kms.katalon.core.webui.keyword.internal.WebUIKeywordMain.stepFailed(WebUIKeywordMain.groovy:65)
	at com.kms.katalon.core.webui.keyword.internal.WebUIKeywordMain.runKeyword(WebUIKeywordMain.groovy:27)
	at com.kms.katalon.core.webui.keyword.builtin.ClickKeyword.click(ClickKeyword.groovy:86)
	at com.kms.katalon.core.webui.keyword.builtin.ClickKeyword.execute(ClickKeyword.groovy:67)
	at com.kms.katalon.core.keyword.internal.KeywordExecutor.executeKeywordForPlatform(KeywordExecutor.groovy:53)
	at com.kms.katalon.core.webui.keyword.WebUiBuiltInKeywords.click(WebUiBuiltInKeywords.groovy:616)
	at com.kms.katalon.core.webui.keyword.WebUiBuiltInKeywords$click$3.call(Unknown Source)
	at Oaths - Edit.run(Oaths - Edit:45)
	at com.kms.katalon.core.main.ScriptEngine.run(ScriptEngine.java:194)
	at com.kms.katalon.core.main.ScriptEngine.runScriptAsRawText(ScriptEngine.java:119)
	at com.kms.katalon.core.main.TestCaseExecutor.runScript(TestCaseExecutor.java:328)
	at com.kms.katalon.core.main.TestCaseExecutor.doExecute(TestCaseExecutor.java:319)
	at com.kms.katalon.core.main.TestCaseExecutor.processExecutionPhase(TestCaseExecutor.java:298)
	at com.kms.katalon.core.main.TestCaseExecutor.accessMainPhase(TestCaseExecutor.java:290)
	at com.kms.katalon.core.main.TestCaseExecutor.execute(TestCaseExecutor.java:224)
	at com.kms.katalon.core.main.TestSuiteExecutor.accessTestCaseMainPhase(TestSuiteExecutor.java:129)
	at com.kms.katalon.core.main.TestSuiteExecutor.accessTestSuiteMainPhase(TestSuiteExecutor.java:112)
	at com.kms.katalon.core.main.TestSuiteExecutor.execute(TestSuiteExecutor.java:81)
	at com.kms.katalon.core.main.TestCaseMain.startTestSuite(TestCaseMain.java:149)
	at com.kms.katalon.core.main.TestCaseMain$startTestSuite$0.call(Unknown Source)
	at TempTestSuite1554323608097.run(TempTestSuite1554323608097.groovy:36)]]></system-err>
      </testcase>
      <testcase name="Test Cases/Admin Console/Account Settings/Prompts()/Prompts - Add" classname="Test Cases/Admin Console/Account Settings/Prompts()/Prompts - Add" status="PASSED">
         <system-out><![CDATA[2019-04-03 15:41:57 - [TEST_CASE][PASSED] - Test Cases/Admin Console/Account Settings/Prompts()/Prompts - Add: Test Cases/Admin Console/Account Settings/Prompts()/Prompts - Add

2019-04-03 15:41:57 - [TEST_STEP][PASSED] - openBrowser(""): Browser is opened with url: ''

2019-04-03 15:41:57 - [MESSAGE][WARNING] - A browser is already opened. Closing browser and opening a new one

2019-04-03 15:41:57 - [MESSAGE][INFO] - Starting 'Chrome (headless)' driver

2019-04-03 15:41:57 - [MESSAGE][PASSED] - Browser is opened with url: ''

2019-04-03 15:41:57 - [TEST_STEP][PASSED] - navigateToUrl(URL): Navigate to 'https://dev.epulse.io' successfully

2019-04-03 15:41:59 - [MESSAGE][PASSED] - Navigate to 'https://dev.epulse.io' successfully

2019-04-03 15:41:59 - [TEST_STEP][PASSED] - setText(findTestObject("Login/Email Address"), User_email): Text 'alonzo.mack@knowink.com' is set on object 'Object Repository/Login/Email Address'

2019-04-03 15:41:59 - [MESSAGE][PASSED] - Text 'alonzo.mack@knowink.com' is set on object 'Object Repository/Login/Email Address'

2019-04-03 15:41:59 - [TEST_STEP][PASSED] - setEncryptedText(findTestObject("Login/Password"), Pswrd): Text ****** has been set on object 'Object Repository/Login/Password'

2019-04-03 15:41:59 - [MESSAGE][PASSED] - Text ****** has been set on object 'Object Repository/Login/Password'

2019-04-03 15:41:59 - [TEST_STEP][PASSED] - click(findTestObject("Login/Sign In")): Object: 'Object Repository/Login/Sign In' is clicked on

2019-04-03 15:42:00 - [MESSAGE][PASSED] - Object: 'Object Repository/Login/Sign In' is clicked on

2019-04-03 15:42:00 - [TEST_STEP][PASSED] - delay(1): Delayed 1 second(s)

2019-04-03 15:42:01 - [MESSAGE][PASSED] - Delayed 1 second(s)

2019-04-03 15:42:01 - [TEST_STEP][PASSED] - navigateToUrl(Prompts, STOP_ON_FAILURE): Navigate to 'https://am-Automation-test.dev.epulse.io/prompts' successfully

2019-04-03 15:42:02 - [MESSAGE][PASSED] - Navigate to 'https://am-Automation-test.dev.epulse.io/prompts' successfully

2019-04-03 15:42:02 - [TEST_STEP][PASSED] - delay(1): Delayed 1 second(s)

2019-04-03 15:42:03 - [MESSAGE][PASSED] - Delayed 1 second(s)

2019-04-03 15:42:03 - [TEST_STEP][PASSED] - click(findTestObject("Admin Console ePulse Menu/Account Settings/Prompts/Create_New_Prompt_Button")): Object: 'Object Repository/Admin Console ePulse Menu/Account Settings/Prompts/Create_New_Prompt_Button' is clicked on

2019-04-03 15:42:03 - [MESSAGE][PASSED] - Object: 'Object Repository/Admin Console ePulse Menu/Account Settings/Prompts/Create_New_Prompt_Button' is clicked on

2019-04-03 15:42:03 - [TEST_STEP][PASSED] - setText(findTestObject("Admin Console ePulse Menu/Account Settings/Prompts/Add_Edit Prompt Modal/Name"), "Test Prompt"): Text 'Test Prompt' is set on object 'Object Repository/Admin Console ePulse Menu/Account Settings/Prompts/Add_Edit Prompt Modal/Name'

2019-04-03 15:42:03 - [MESSAGE][PASSED] - Text 'Test Prompt' is set on object 'Object Repository/Admin Console ePulse Menu/Account Settings/Prompts/Add_Edit Prompt Modal/Name'

2019-04-03 15:42:03 - [TEST_STEP][PASSED] - setText(findTestObject("Admin Console ePulse Menu/Account Settings/Prompts/Add_Edit Prompt Modal/Heading"), "Prompt"): Text 'Prompt' is set on object 'Object Repository/Admin Console ePulse Menu/Account Settings/Prompts/Add_Edit Prompt Modal/Heading'

2019-04-03 15:42:03 - [MESSAGE][PASSED] - Text 'Prompt' is set on object 'Object Repository/Admin Console ePulse Menu/Account Settings/Prompts/Add_Edit Prompt Modal/Heading'

2019-04-03 15:42:03 - [TEST_STEP][PASSED] - selectOptionByValue(findTestObject("Admin Console ePulse Menu/Account Settings/Prompts/Add_Edit Prompt Modal/Select Color"), "0", true): All options with value '0' are selected in object 'Object Repository/Admin Console ePulse Menu/Account Settings/Prompts/Add_Edit Prompt Modal/Select Color'  using regular expression

2019-04-03 15:42:03 - [MESSAGE][PASSED] - All options with value '0' are selected in object 'Object Repository/Admin Console ePulse Menu/Account Settings/Prompts/Add_Edit Prompt Modal/Select Color'  using regular expression

2019-04-03 15:42:03 - [TEST_STEP][PASSED] - setText(findTestObject("Admin Console ePulse Menu/Account Settings/Prompts/Add_Edit Prompt Modal/Order"), "1"): Text '1' is set on object 'Object Repository/Admin Console ePulse Menu/Account Settings/Prompts/Add_Edit Prompt Modal/Order'

2019-04-03 15:42:03 - [MESSAGE][PASSED] - Text '1' is set on object 'Object Repository/Admin Console ePulse Menu/Account Settings/Prompts/Add_Edit Prompt Modal/Order'

2019-04-03 15:42:03 - [TEST_STEP][PASSED] - setText(findTestObject("Admin Console ePulse Menu/Account Settings/Prompts/Add_Edit Prompt Modal/Field Label"), "Prompt"): Text 'Prompt' is set on object 'Object Repository/Admin Console ePulse Menu/Account Settings/Prompts/Add_Edit Prompt Modal/Field Label'

2019-04-03 15:42:03 - [MESSAGE][PASSED] - Text 'Prompt' is set on object 'Object Repository/Admin Console ePulse Menu/Account Settings/Prompts/Add_Edit Prompt Modal/Field Label'

2019-04-03 15:42:03 - [TEST_STEP][PASSED] - setText(findTestObject("Admin Console ePulse Menu/Account Settings/Prompts/Add_Edit Prompt Modal/Field Name"), "Prompt"): Text 'Prompt' is set on object 'Object Repository/Admin Console ePulse Menu/Account Settings/Prompts/Add_Edit Prompt Modal/Field Name'

2019-04-03 15:42:03 - [MESSAGE][PASSED] - Text 'Prompt' is set on object 'Object Repository/Admin Console ePulse Menu/Account Settings/Prompts/Add_Edit Prompt Modal/Field Name'

2019-04-03 15:42:03 - [TEST_STEP][PASSED] - click(findTestObject("Admin Console ePulse Menu/Account Settings/Prompts/Add_Edit Prompt Modal/Show Voter Info_slider")): Object: 'Object Repository/Admin Console ePulse Menu/Account Settings/Prompts/Add_Edit Prompt Modal/Show Voter Info_slider' is clicked on

2019-04-03 15:42:04 - [MESSAGE][PASSED] - Object: 'Object Repository/Admin Console ePulse Menu/Account Settings/Prompts/Add_Edit Prompt Modal/Show Voter Info_slider' is clicked on

2019-04-03 15:42:04 - [TEST_STEP][PASSED] - click(findTestObject("Admin Console ePulse Menu/Account Settings/Prompts/Add_Edit Prompt Modal/Show DOB Field_slider")): Object: 'Object Repository/Admin Console ePulse Menu/Account Settings/Prompts/Add_Edit Prompt Modal/Show DOB Field_slider' is clicked on

2019-04-03 15:42:04 - [MESSAGE][PASSED] - Object: 'Object Repository/Admin Console ePulse Menu/Account Settings/Prompts/Add_Edit Prompt Modal/Show DOB Field_slider' is clicked on

2019-04-03 15:42:04 - [TEST_STEP][PASSED] - setText(findTestObject("Admin Console ePulse Menu/Account Settings/Prompts/Add_Edit Prompt Modal/Instructions textarea "), "Test Prompt"): Text 'Test Prompt' is set on object 'Object Repository/Admin Console ePulse Menu/Account Settings/Prompts/Add_Edit Prompt Modal/Instructions textarea '

2019-04-03 15:42:04 - [MESSAGE][PASSED] - Text 'Test Prompt' is set on object 'Object Repository/Admin Console ePulse Menu/Account Settings/Prompts/Add_Edit Prompt Modal/Instructions textarea '

2019-04-03 15:42:04 - [TEST_STEP][PASSED] - click(findTestObject("Admin Console ePulse Menu/Account Settings/Prompts/Add_Edit Prompt Modal/Submit")): Object: 'Object Repository/Admin Console ePulse Menu/Account Settings/Prompts/Add_Edit Prompt Modal/Submit' is clicked on

2019-04-03 15:42:04 - [MESSAGE][PASSED] - Object: 'Object Repository/Admin Console ePulse Menu/Account Settings/Prompts/Add_Edit Prompt Modal/Submit' is clicked on

2019-04-03 15:42:04 - [TEST_STEP][PASSED] - delay(2): Delayed 2 second(s)

2019-04-03 15:42:06 - [MESSAGE][PASSED] - Delayed 2 second(s)

2019-04-03 15:42:06 - [TEST_STEP][PASSED] - closeBrowser(): Browser is closed

2019-04-03 15:42:06 - [MESSAGE][PASSED] - Browser is closed]]></system-out>
         <system-err><![CDATA[]]></system-err>
      </testcase>
      <testcase name="Test Cases/Admin Console/Account Settings/Prompts()/Prompts - Add Criteria" classname="Test Cases/Admin Console/Account Settings/Prompts()/Prompts - Add Criteria" status="PASSED">
         <system-out><![CDATA[2019-04-03 15:42:08 - [TEST_CASE][PASSED] - Test Cases/Admin Console/Account Settings/Prompts()/Prompts - Add Criteria: Test Cases/Admin Console/Account Settings/Prompts()/Prompts - Add Criteria

2019-04-03 15:42:08 - [TEST_STEP][PASSED] - openBrowser(""): Browser is opened with url: ''

2019-04-03 15:42:08 - [MESSAGE][INFO] - Starting 'Chrome (headless)' driver

2019-04-03 15:42:08 - [MESSAGE][PASSED] - Browser is opened with url: ''

2019-04-03 15:42:08 - [TEST_STEP][PASSED] - navigateToUrl(URL): Navigate to 'https://dev.epulse.io' successfully

2019-04-03 15:42:10 - [MESSAGE][PASSED] - Navigate to 'https://dev.epulse.io' successfully

2019-04-03 15:42:10 - [TEST_STEP][PASSED] - setText(findTestObject("Login/Email Address"), User_email): Text 'alonzo.mack@knowink.com' is set on object 'Object Repository/Login/Email Address'

2019-04-03 15:42:10 - [MESSAGE][PASSED] - Text 'alonzo.mack@knowink.com' is set on object 'Object Repository/Login/Email Address'

2019-04-03 15:42:10 - [TEST_STEP][PASSED] - setEncryptedText(findTestObject("Login/Password"), Pswrd): Text ****** has been set on object 'Object Repository/Login/Password'

2019-04-03 15:42:10 - [MESSAGE][PASSED] - Text ****** has been set on object 'Object Repository/Login/Password'

2019-04-03 15:42:10 - [TEST_STEP][PASSED] - click(findTestObject("Login/Sign In")): Object: 'Object Repository/Login/Sign In' is clicked on

2019-04-03 15:42:11 - [MESSAGE][PASSED] - Object: 'Object Repository/Login/Sign In' is clicked on

2019-04-03 15:42:11 - [TEST_STEP][PASSED] - delay(1): Delayed 1 second(s)

2019-04-03 15:42:12 - [MESSAGE][PASSED] - Delayed 1 second(s)

2019-04-03 15:42:12 - [TEST_STEP][PASSED] - navigateToUrl(Prompts, STOP_ON_FAILURE): Navigate to 'https://am-Automation-test.dev.epulse.io/prompts' successfully

2019-04-03 15:42:13 - [MESSAGE][PASSED] - Navigate to 'https://am-Automation-test.dev.epulse.io/prompts' successfully

2019-04-03 15:42:13 - [TEST_STEP][PASSED] - delay(1): Delayed 1 second(s)

2019-04-03 15:42:14 - [MESSAGE][PASSED] - Delayed 1 second(s)

2019-04-03 15:42:14 - [TEST_STEP][PASSED] - click(findTestObject("Admin Console ePulse Menu/Account Settings/Prompts/Add_CRITERIA_To_Prompt")): Object: 'Object Repository/Admin Console ePulse Menu/Account Settings/Prompts/Add_CRITERIA_To_Prompt' is clicked on

2019-04-03 15:42:14 - [MESSAGE][PASSED] - Object: 'Object Repository/Admin Console ePulse Menu/Account Settings/Prompts/Add_CRITERIA_To_Prompt' is clicked on

2019-04-03 15:42:14 - [TEST_STEP][PASSED] - delay(1): Delayed 1 second(s)

2019-04-03 15:42:15 - [MESSAGE][PASSED] - Delayed 1 second(s)

2019-04-03 15:42:15 - [TEST_STEP][PASSED] - selectOptionByValue(findTestObject("Admin Console ePulse Menu/Account Settings/Prompts/Prompt Criteria Modal/Add Criteria Dropdown"), "status_id", true): All options with value 'status_id' are selected in object 'Object Repository/Admin Console ePulse Menu/Account Settings/Prompts/Prompt Criteria Modal/Add Criteria Dropdown'  using regular expression

2019-04-03 15:42:15 - [MESSAGE][PASSED] - All options with value 'status_id' are selected in object 'Object Repository/Admin Console ePulse Menu/Account Settings/Prompts/Prompt Criteria Modal/Add Criteria Dropdown'  using regular expression

2019-04-03 15:42:15 - [TEST_STEP][PASSED] - delay(1): Delayed 1 second(s)

2019-04-03 15:42:16 - [MESSAGE][PASSED] - Delayed 1 second(s)

2019-04-03 15:42:16 - [TEST_STEP][PASSED] - click(findTestObject("Admin Console ePulse Menu/Account Settings/Prompts/Prompt Criteria Modal/Add Criteria(Plus Sign)")): Object: 'Object Repository/Admin Console ePulse Menu/Account Settings/Prompts/Prompt Criteria Modal/Add Criteria(Plus Sign)' is clicked on

2019-04-03 15:42:16 - [MESSAGE][PASSED] - Object: 'Object Repository/Admin Console ePulse Menu/Account Settings/Prompts/Prompt Criteria Modal/Add Criteria(Plus Sign)' is clicked on

2019-04-03 15:42:16 - [TEST_STEP][PASSED] - delay(1): Delayed 1 second(s)

2019-04-03 15:42:17 - [MESSAGE][PASSED] - Delayed 1 second(s)

2019-04-03 15:42:17 - [TEST_STEP][PASSED] - selectOptionByValue(findTestObject("Admin Console ePulse Menu/Account Settings/Prompts/Prompt Criteria Modal/Add Criteria Dropdown"), "voter_status_reason", true): All options with value 'voter_status_reason' are selected in object 'Object Repository/Admin Console ePulse Menu/Account Settings/Prompts/Prompt Criteria Modal/Add Criteria Dropdown'  using regular expression

2019-04-03 15:42:17 - [MESSAGE][PASSED] - All options with value 'voter_status_reason' are selected in object 'Object Repository/Admin Console ePulse Menu/Account Settings/Prompts/Prompt Criteria Modal/Add Criteria Dropdown'  using regular expression

2019-04-03 15:42:17 - [TEST_STEP][PASSED] - delay(1): Delayed 1 second(s)

2019-04-03 15:42:18 - [MESSAGE][PASSED] - Delayed 1 second(s)

2019-04-03 15:42:18 - [TEST_STEP][PASSED] - selectOptionByValue(findTestObject("Admin Console ePulse Menu/Account Settings/Prompts/Prompt Criteria Modal/Voter Status Reason Operator"), "1", true): All options with value '1' are selected in object 'Object Repository/Admin Console ePulse Menu/Account Settings/Prompts/Prompt Criteria Modal/Voter Status Reason Operator'  using regular expression

2019-04-03 15:42:18 - [MESSAGE][PASSED] - All options with value '1' are selected in object 'Object Repository/Admin Console ePulse Menu/Account Settings/Prompts/Prompt Criteria Modal/Voter Status Reason Operator'  using regular expression

2019-04-03 15:42:18 - [TEST_STEP][PASSED] - delay(1): Delayed 1 second(s)

2019-04-03 15:42:19 - [MESSAGE][PASSED] - Delayed 1 second(s)

2019-04-03 15:42:19 - [TEST_STEP][PASSED] - setText(findTestObject("Admin Console ePulse Menu/Account Settings/Prompts/Prompt Criteria Modal/Voter Status Reason Input Field"), "Voted"): Text 'Voted' is set on object 'Object Repository/Admin Console ePulse Menu/Account Settings/Prompts/Prompt Criteria Modal/Voter Status Reason Input Field'

2019-04-03 15:42:19 - [MESSAGE][PASSED] - Text 'Voted' is set on object 'Object Repository/Admin Console ePulse Menu/Account Settings/Prompts/Prompt Criteria Modal/Voter Status Reason Input Field'

2019-04-03 15:42:19 - [TEST_STEP][PASSED] - delay(1): Delayed 1 second(s)

2019-04-03 15:42:20 - [MESSAGE][PASSED] - Delayed 1 second(s)

2019-04-03 15:42:20 - [TEST_STEP][PASSED] - click(findTestObject("Admin Console ePulse Menu/Account Settings/Prompts/Prompt Criteria Modal/Add Criteria(Plus Sign)")): Object: 'Object Repository/Admin Console ePulse Menu/Account Settings/Prompts/Prompt Criteria Modal/Add Criteria(Plus Sign)' is clicked on

2019-04-03 15:42:21 - [MESSAGE][PASSED] - Object: 'Object Repository/Admin Console ePulse Menu/Account Settings/Prompts/Prompt Criteria Modal/Add Criteria(Plus Sign)' is clicked on

2019-04-03 15:42:21 - [TEST_STEP][PASSED] - delay(1): Delayed 1 second(s)

2019-04-03 15:42:22 - [MESSAGE][PASSED] - Delayed 1 second(s)

2019-04-03 15:42:22 - [TEST_STEP][PASSED] - selectOptionByValue(findTestObject("Admin Console ePulse Menu/Account Settings/Prompts/Prompt Criteria Modal/Add Criteria Dropdown"), "voter_over_18", true): All options with value 'voter_over_18' are selected in object 'Object Repository/Admin Console ePulse Menu/Account Settings/Prompts/Prompt Criteria Modal/Add Criteria Dropdown'  using regular expression

2019-04-03 15:42:22 - [MESSAGE][PASSED] - All options with value 'voter_over_18' are selected in object 'Object Repository/Admin Console ePulse Menu/Account Settings/Prompts/Prompt Criteria Modal/Add Criteria Dropdown'  using regular expression

2019-04-03 15:42:22 - [TEST_STEP][PASSED] - delay(1): Delayed 1 second(s)

2019-04-03 15:42:23 - [MESSAGE][PASSED] - Delayed 1 second(s)

2019-04-03 15:42:23 - [TEST_STEP][PASSED] - click(findTestObject("Admin Console ePulse Menu/Account Settings/Prompts/Prompt Criteria Modal/Add Criteria(Plus Sign)")): Object: 'Object Repository/Admin Console ePulse Menu/Account Settings/Prompts/Prompt Criteria Modal/Add Criteria(Plus Sign)' is clicked on

2019-04-03 15:42:23 - [MESSAGE][PASSED] - Object: 'Object Repository/Admin Console ePulse Menu/Account Settings/Prompts/Prompt Criteria Modal/Add Criteria(Plus Sign)' is clicked on

2019-04-03 15:42:23 - [TEST_STEP][PASSED] - delay(1): Delayed 1 second(s)

2019-04-03 15:42:24 - [MESSAGE][PASSED] - Delayed 1 second(s)

2019-04-03 15:42:24 - [TEST_STEP][PASSED] - selectOptionByValue(findTestObject("Admin Console ePulse Menu/Account Settings/Prompts/Prompt Criteria Modal/Add Criteria Dropdown"), "voter_party", true): All options with value 'voter_party' are selected in object 'Object Repository/Admin Console ePulse Menu/Account Settings/Prompts/Prompt Criteria Modal/Add Criteria Dropdown'  using regular expression

2019-04-03 15:42:24 - [MESSAGE][PASSED] - All options with value 'voter_party' are selected in object 'Object Repository/Admin Console ePulse Menu/Account Settings/Prompts/Prompt Criteria Modal/Add Criteria Dropdown'  using regular expression

2019-04-03 15:42:24 - [TEST_STEP][PASSED] - delay(1): Delayed 1 second(s)

2019-04-03 15:42:25 - [MESSAGE][PASSED] - Delayed 1 second(s)

2019-04-03 15:42:25 - [TEST_STEP][PASSED] - click(findTestObject("Admin Console ePulse Menu/Account Settings/Prompts/Prompt Criteria Modal/Add Criteria(Plus Sign)")): Object: 'Object Repository/Admin Console ePulse Menu/Account Settings/Prompts/Prompt Criteria Modal/Add Criteria(Plus Sign)' is clicked on

2019-04-03 15:42:25 - [MESSAGE][PASSED] - Object: 'Object Repository/Admin Console ePulse Menu/Account Settings/Prompts/Prompt Criteria Modal/Add Criteria(Plus Sign)' is clicked on

2019-04-03 15:42:25 - [TEST_STEP][PASSED] - delay(1): Delayed 1 second(s)

2019-04-03 15:42:26 - [MESSAGE][PASSED] - Delayed 1 second(s)

2019-04-03 15:42:26 - [TEST_STEP][PASSED] - selectOptionByValue(findTestObject("Admin Console ePulse Menu/Account Settings/Prompts/Prompt Criteria Modal/Add Criteria Dropdown"), "voter_absentee_information", true): All options with value 'voter_absentee_information' are selected in object 'Object Repository/Admin Console ePulse Menu/Account Settings/Prompts/Prompt Criteria Modal/Add Criteria Dropdown'  using regular expression

2019-04-03 15:42:26 - [MESSAGE][PASSED] - All options with value 'voter_absentee_information' are selected in object 'Object Repository/Admin Console ePulse Menu/Account Settings/Prompts/Prompt Criteria Modal/Add Criteria Dropdown'  using regular expression

2019-04-03 15:42:26 - [TEST_STEP][PASSED] - delay(1): Delayed 1 second(s)

2019-04-03 15:42:27 - [MESSAGE][PASSED] - Delayed 1 second(s)

2019-04-03 15:42:27 - [TEST_STEP][PASSED] - selectOptionByValue(findTestObject("Admin Console ePulse Menu/Account Settings/Prompts/Prompt Criteria Modal/Absentee Status Type"), "S", true): All options with value 'S' are selected in object 'Object Repository/Admin Console ePulse Menu/Account Settings/Prompts/Prompt Criteria Modal/Absentee Status Type'  using regular expression

2019-04-03 15:42:27 - [MESSAGE][PASSED] - All options with value 'S' are selected in object 'Object Repository/Admin Console ePulse Menu/Account Settings/Prompts/Prompt Criteria Modal/Absentee Status Type'  using regular expression

2019-04-03 15:42:27 - [TEST_STEP][PASSED] - delay(2): Delayed 2 second(s)

2019-04-03 15:42:29 - [MESSAGE][PASSED] - Delayed 2 second(s)

2019-04-03 15:42:29 - [TEST_STEP][PASSED] - click(findTestObject("Admin Console ePulse Menu/Account Settings/Prompts/Prompt Criteria Modal/Add Criteria(Plus Sign)")): Object: 'Object Repository/Admin Console ePulse Menu/Account Settings/Prompts/Prompt Criteria Modal/Add Criteria(Plus Sign)' is clicked on

2019-04-03 15:42:29 - [MESSAGE][PASSED] - Object: 'Object Repository/Admin Console ePulse Menu/Account Settings/Prompts/Prompt Criteria Modal/Add Criteria(Plus Sign)' is clicked on

2019-04-03 15:42:29 - [TEST_STEP][PASSED] - delay(1): Delayed 1 second(s)

2019-04-03 15:42:30 - [MESSAGE][PASSED] - Delayed 1 second(s)

2019-04-03 15:42:30 - [TEST_STEP][PASSED] - selectOptionByValue(findTestObject("Admin Console ePulse Menu/Account Settings/Prompts/Prompt Criteria Modal/Add Criteria Dropdown"), "voter_absentee_information", true): All options with value 'voter_absentee_information' are selected in object 'Object Repository/Admin Console ePulse Menu/Account Settings/Prompts/Prompt Criteria Modal/Add Criteria Dropdown'  using regular expression

2019-04-03 15:42:30 - [MESSAGE][PASSED] - All options with value 'voter_absentee_information' are selected in object 'Object Repository/Admin Console ePulse Menu/Account Settings/Prompts/Prompt Criteria Modal/Add Criteria Dropdown'  using regular expression

2019-04-03 15:42:30 - [TEST_STEP][PASSED] - delay(1): Delayed 1 second(s)

2019-04-03 15:42:31 - [MESSAGE][PASSED] - Delayed 1 second(s)

2019-04-03 15:42:31 - [TEST_STEP][PASSED] - selectOptionByValue(findTestObject("Admin Console ePulse Menu/Account Settings/Prompts/Prompt Criteria Modal/Absentee Status Type"), "R", true): All options with value 'R' are selected in object 'Object Repository/Admin Console ePulse Menu/Account Settings/Prompts/Prompt Criteria Modal/Absentee Status Type'  using regular expression

2019-04-03 15:42:32 - [MESSAGE][PASSED] - All options with value 'R' are selected in object 'Object Repository/Admin Console ePulse Menu/Account Settings/Prompts/Prompt Criteria Modal/Absentee Status Type'  using regular expression

2019-04-03 15:42:32 - [TEST_STEP][PASSED] - delay(2): Delayed 2 second(s)

2019-04-03 15:42:34 - [MESSAGE][PASSED] - Delayed 2 second(s)

2019-04-03 15:42:34 - [TEST_STEP][PASSED] - click(findTestObject("Admin Console ePulse Menu/Account Settings/Prompts/Prompt Criteria Modal/Add Criteria(Plus Sign)")): Object: 'Object Repository/Admin Console ePulse Menu/Account Settings/Prompts/Prompt Criteria Modal/Add Criteria(Plus Sign)' is clicked on

2019-04-03 15:42:34 - [MESSAGE][PASSED] - Object: 'Object Repository/Admin Console ePulse Menu/Account Settings/Prompts/Prompt Criteria Modal/Add Criteria(Plus Sign)' is clicked on

2019-04-03 15:42:34 - [TEST_STEP][PASSED] - delay(1): Delayed 1 second(s)

2019-04-03 15:42:35 - [MESSAGE][PASSED] - Delayed 1 second(s)

2019-04-03 15:42:35 - [TEST_STEP][PASSED] - click(findTestObject("Admin Console ePulse Menu/Account Settings/Prompts/Prompt Criteria Modal/Save")): Object: 'Object Repository/Admin Console ePulse Menu/Account Settings/Prompts/Prompt Criteria Modal/Save' is clicked on

2019-04-03 15:42:35 - [MESSAGE][PASSED] - Object: 'Object Repository/Admin Console ePulse Menu/Account Settings/Prompts/Prompt Criteria Modal/Save' is clicked on

2019-04-03 15:42:35 - [TEST_STEP][PASSED] - closeBrowser(): Browser is closed

2019-04-03 15:42:35 - [MESSAGE][PASSED] - Browser is closed]]></system-out>
         <system-err><![CDATA[]]></system-err>
      </testcase>
      <testcase name="Test Cases/Admin Console/Account Settings/Prompts()/Prompts - Buttons" classname="Test Cases/Admin Console/Account Settings/Prompts()/Prompts - Buttons" status="PASSED">
         <system-out><![CDATA[2019-04-03 15:42:37 - [TEST_CASE][PASSED] - Test Cases/Admin Console/Account Settings/Prompts()/Prompts - Buttons: Test Cases/Admin Console/Account Settings/Prompts()/Prompts - Buttons

2019-04-03 15:42:37 - [TEST_STEP][PASSED] - openBrowser(""): Browser is opened with url: ''

2019-04-03 15:42:37 - [MESSAGE][INFO] - Starting 'Chrome (headless)' driver

2019-04-03 15:42:37 - [MESSAGE][PASSED] - Browser is opened with url: ''

2019-04-03 15:42:37 - [TEST_STEP][PASSED] - navigateToUrl(URL): Navigate to 'https://dev.epulse.io' successfully

2019-04-03 15:42:39 - [MESSAGE][PASSED] - Navigate to 'https://dev.epulse.io' successfully

2019-04-03 15:42:39 - [TEST_STEP][PASSED] - setText(findTestObject("Login/Email Address"), User_email): Text 'alonzo.mack@knowink.com' is set on object 'Object Repository/Login/Email Address'

2019-04-03 15:42:39 - [MESSAGE][PASSED] - Text 'alonzo.mack@knowink.com' is set on object 'Object Repository/Login/Email Address'

2019-04-03 15:42:39 - [TEST_STEP][PASSED] - setEncryptedText(findTestObject("Login/Password"), Pswrd): Text ****** has been set on object 'Object Repository/Login/Password'

2019-04-03 15:42:39 - [MESSAGE][PASSED] - Text ****** has been set on object 'Object Repository/Login/Password'

2019-04-03 15:42:39 - [TEST_STEP][PASSED] - click(findTestObject("Login/Sign In")): Object: 'Object Repository/Login/Sign In' is clicked on

2019-04-03 15:42:40 - [MESSAGE][PASSED] - Object: 'Object Repository/Login/Sign In' is clicked on

2019-04-03 15:42:40 - [TEST_STEP][PASSED] - delay(1): Delayed 1 second(s)

2019-04-03 15:42:41 - [MESSAGE][PASSED] - Delayed 1 second(s)

2019-04-03 15:42:41 - [TEST_STEP][PASSED] - navigateToUrl(Prompts, STOP_ON_FAILURE): Navigate to 'https://am-Automation-test.dev.epulse.io/prompts' successfully

2019-04-03 15:42:42 - [MESSAGE][PASSED] - Navigate to 'https://am-Automation-test.dev.epulse.io/prompts' successfully

2019-04-03 15:42:42 - [TEST_STEP][PASSED] - delay(1): Delayed 1 second(s)

2019-04-03 15:42:43 - [MESSAGE][PASSED] - Delayed 1 second(s)

2019-04-03 15:42:43 - [TEST_STEP][PASSED] - click(findTestObject("Admin Console ePulse Menu/Account Settings/Prompts/Add_BUTTON_To_Prompt")): Object: 'Object Repository/Admin Console ePulse Menu/Account Settings/Prompts/Add_BUTTON_To_Prompt' is clicked on

2019-04-03 15:42:43 - [MESSAGE][PASSED] - Object: 'Object Repository/Admin Console ePulse Menu/Account Settings/Prompts/Add_BUTTON_To_Prompt' is clicked on

2019-04-03 15:42:43 - [TEST_STEP][PASSED] - delay(1): Delayed 1 second(s)

2019-04-03 15:42:44 - [MESSAGE][PASSED] - Delayed 1 second(s)

2019-04-03 15:42:44 - [TEST_STEP][PASSED] - setText(findTestObject("Admin Console ePulse Menu/Account Settings/Prompts/Prompt Button Modal/Input Button Label"), "test"): Text 'test' is set on object 'Object Repository/Admin Console ePulse Menu/Account Settings/Prompts/Prompt Button Modal/Input Button Label'

2019-04-03 15:42:44 - [MESSAGE][PASSED] - Text 'test' is set on object 'Object Repository/Admin Console ePulse Menu/Account Settings/Prompts/Prompt Button Modal/Input Button Label'

2019-04-03 15:42:44 - [TEST_STEP][PASSED] - delay(1): Delayed 1 second(s)

2019-04-03 15:42:45 - [MESSAGE][PASSED] - Delayed 1 second(s)

2019-04-03 15:42:45 - [TEST_STEP][PASSED] - selectOptionByValue(findTestObject("Admin Console ePulse Menu/Account Settings/Prompts/Prompt Button Modal/Select Button Type Dropdown"), "0", true): All options with value '0' are selected in object 'Object Repository/Admin Console ePulse Menu/Account Settings/Prompts/Prompt Button Modal/Select Button Type Dropdown'  using regular expression

2019-04-03 15:42:45 - [MESSAGE][PASSED] - All options with value '0' are selected in object 'Object Repository/Admin Console ePulse Menu/Account Settings/Prompts/Prompt Button Modal/Select Button Type Dropdown'  using regular expression

2019-04-03 15:42:45 - [TEST_STEP][PASSED] - delay(1): Delayed 1 second(s)

2019-04-03 15:42:46 - [MESSAGE][PASSED] - Delayed 1 second(s)

2019-04-03 15:42:46 - [TEST_STEP][PASSED] - click(findTestObject("Admin Console ePulse Menu/Account Settings/Prompts/Prompt Button Modal/Add New Button(plus sign)")): Object: 'Object Repository/Admin Console ePulse Menu/Account Settings/Prompts/Prompt Button Modal/Add New Button(plus sign)' is clicked on

2019-04-03 15:42:46 - [MESSAGE][PASSED] - Object: 'Object Repository/Admin Console ePulse Menu/Account Settings/Prompts/Prompt Button Modal/Add New Button(plus sign)' is clicked on

2019-04-03 15:42:46 - [TEST_STEP][PASSED] - delay(1): Delayed 1 second(s)

2019-04-03 15:42:47 - [MESSAGE][PASSED] - Delayed 1 second(s)

2019-04-03 15:42:47 - [TEST_STEP][PASSED] - setText(findTestObject("Admin Console ePulse Menu/Account Settings/Prompts/Prompt Button Modal/Input Button Label"), "test1"): Text 'test1' is set on object 'Object Repository/Admin Console ePulse Menu/Account Settings/Prompts/Prompt Button Modal/Input Button Label'

2019-04-03 15:42:47 - [MESSAGE][PASSED] - Text 'test1' is set on object 'Object Repository/Admin Console ePulse Menu/Account Settings/Prompts/Prompt Button Modal/Input Button Label'

2019-04-03 15:42:47 - [TEST_STEP][PASSED] - delay(1): Delayed 1 second(s)

2019-04-03 15:42:48 - [MESSAGE][PASSED] - Delayed 1 second(s)

2019-04-03 15:42:48 - [TEST_STEP][PASSED] - selectOptionByValue(findTestObject("Admin Console ePulse Menu/Account Settings/Prompts/Prompt Button Modal/Select Button Type Dropdown"), "1", true): All options with value '1' are selected in object 'Object Repository/Admin Console ePulse Menu/Account Settings/Prompts/Prompt Button Modal/Select Button Type Dropdown'  using regular expression

2019-04-03 15:42:48 - [MESSAGE][PASSED] - All options with value '1' are selected in object 'Object Repository/Admin Console ePulse Menu/Account Settings/Prompts/Prompt Button Modal/Select Button Type Dropdown'  using regular expression

2019-04-03 15:42:48 - [TEST_STEP][PASSED] - setText(findTestObject("Admin Console ePulse Menu/Account Settings/Prompts/Prompt Button Modal/Page_Epulse  am-Automation-test  Pr/Prompt Button Value"), "Allow to vote", STOP_ON_FAILURE): Text 'Allow to vote' is set on object 'Object Repository/Admin Console ePulse Menu/Account Settings/Prompts/Prompt Button Modal/Page_Epulse  am-Automation-test  Pr/Prompt Button Value'

2019-04-03 15:42:48 - [MESSAGE][PASSED] - Text 'Allow to vote' is set on object 'Object Repository/Admin Console ePulse Menu/Account Settings/Prompts/Prompt Button Modal/Page_Epulse  am-Automation-test  Pr/Prompt Button Value'

2019-04-03 15:42:48 - [TEST_STEP][PASSED] - delay(1): Delayed 1 second(s)

2019-04-03 15:42:49 - [MESSAGE][PASSED] - Delayed 1 second(s)

2019-04-03 15:42:49 - [TEST_STEP][PASSED] - click(findTestObject("Admin Console ePulse Menu/Account Settings/Prompts/Prompt Button Modal/Add New Button(plus sign)")): Object: 'Object Repository/Admin Console ePulse Menu/Account Settings/Prompts/Prompt Button Modal/Add New Button(plus sign)' is clicked on

2019-04-03 15:42:50 - [MESSAGE][PASSED] - Object: 'Object Repository/Admin Console ePulse Menu/Account Settings/Prompts/Prompt Button Modal/Add New Button(plus sign)' is clicked on

2019-04-03 15:42:50 - [TEST_STEP][PASSED] - delay(1): Delayed 1 second(s)

2019-04-03 15:42:51 - [MESSAGE][PASSED] - Delayed 1 second(s)

2019-04-03 15:42:51 - [TEST_STEP][PASSED] - setText(findTestObject("Admin Console ePulse Menu/Account Settings/Prompts/Prompt Button Modal/Input Button Label"), "test3"): Text 'test3' is set on object 'Object Repository/Admin Console ePulse Menu/Account Settings/Prompts/Prompt Button Modal/Input Button Label'

2019-04-03 15:42:51 - [MESSAGE][PASSED] - Text 'test3' is set on object 'Object Repository/Admin Console ePulse Menu/Account Settings/Prompts/Prompt Button Modal/Input Button Label'

2019-04-03 15:42:51 - [TEST_STEP][PASSED] - delay(1): Delayed 1 second(s)

2019-04-03 15:42:52 - [MESSAGE][PASSED] - Delayed 1 second(s)

2019-04-03 15:42:52 - [TEST_STEP][PASSED] - selectOptionByValue(findTestObject("Admin Console ePulse Menu/Account Settings/Prompts/Prompt Button Modal/Select Button Type Dropdown"), "2", true): All options with value '2' are selected in object 'Object Repository/Admin Console ePulse Menu/Account Settings/Prompts/Prompt Button Modal/Select Button Type Dropdown'  using regular expression

2019-04-03 15:42:52 - [MESSAGE][PASSED] - All options with value '2' are selected in object 'Object Repository/Admin Console ePulse Menu/Account Settings/Prompts/Prompt Button Modal/Select Button Type Dropdown'  using regular expression

2019-04-03 15:42:52 - [TEST_STEP][PASSED] - delay(1): Delayed 1 second(s)

2019-04-03 15:42:53 - [MESSAGE][PASSED] - Delayed 1 second(s)

2019-04-03 15:42:53 - [TEST_STEP][PASSED] - setText(findTestObject("Admin Console ePulse Menu/Account Settings/Prompts/Prompt Button Modal/Page_Epulse  am-Automation-test  Pr/Prompt Button Value"), "asdf"): Text 'asdf' is set on object 'Object Repository/Admin Console ePulse Menu/Account Settings/Prompts/Prompt Button Modal/Page_Epulse  am-Automation-test  Pr/Prompt Button Value'

2019-04-03 15:42:53 - [MESSAGE][PASSED] - Text 'asdf' is set on object 'Object Repository/Admin Console ePulse Menu/Account Settings/Prompts/Prompt Button Modal/Page_Epulse  am-Automation-test  Pr/Prompt Button Value'

2019-04-03 15:42:53 - [TEST_STEP][PASSED] - delay(1): Delayed 1 second(s)

2019-04-03 15:42:54 - [MESSAGE][PASSED] - Delayed 1 second(s)

2019-04-03 15:42:54 - [TEST_STEP][PASSED] - click(findTestObject("Admin Console ePulse Menu/Account Settings/Prompts/Prompt Button Modal/Add New Button(plus sign)")): Object: 'Object Repository/Admin Console ePulse Menu/Account Settings/Prompts/Prompt Button Modal/Add New Button(plus sign)' is clicked on

2019-04-03 15:42:54 - [MESSAGE][PASSED] - Object: 'Object Repository/Admin Console ePulse Menu/Account Settings/Prompts/Prompt Button Modal/Add New Button(plus sign)' is clicked on

2019-04-03 15:42:54 - [TEST_STEP][PASSED] - delay(1): Delayed 1 second(s)

2019-04-03 15:42:55 - [MESSAGE][PASSED] - Delayed 1 second(s)

2019-04-03 15:42:55 - [TEST_STEP][PASSED] - setText(findTestObject("Admin Console ePulse Menu/Account Settings/Prompts/Prompt Button Modal/Input Button Label"), "test2"): Text 'test2' is set on object 'Object Repository/Admin Console ePulse Menu/Account Settings/Prompts/Prompt Button Modal/Input Button Label'

2019-04-03 15:42:55 - [MESSAGE][PASSED] - Text 'test2' is set on object 'Object Repository/Admin Console ePulse Menu/Account Settings/Prompts/Prompt Button Modal/Input Button Label'

2019-04-03 15:42:55 - [TEST_STEP][PASSED] - delay(1): Delayed 1 second(s)

2019-04-03 15:42:56 - [MESSAGE][PASSED] - Delayed 1 second(s)

2019-04-03 15:42:56 - [TEST_STEP][PASSED] - selectOptionByValue(findTestObject("Admin Console ePulse Menu/Account Settings/Prompts/Prompt Button Modal/Select Button Type Dropdown"), "3", true): All options with value '3' are selected in object 'Object Repository/Admin Console ePulse Menu/Account Settings/Prompts/Prompt Button Modal/Select Button Type Dropdown'  using regular expression

2019-04-03 15:42:56 - [MESSAGE][PASSED] - All options with value '3' are selected in object 'Object Repository/Admin Console ePulse Menu/Account Settings/Prompts/Prompt Button Modal/Select Button Type Dropdown'  using regular expression

2019-04-03 15:42:56 - [TEST_STEP][PASSED] - delay(1): Delayed 1 second(s)

2019-04-03 15:42:57 - [MESSAGE][PASSED] - Delayed 1 second(s)

2019-04-03 15:42:57 - [TEST_STEP][PASSED] - setText(findTestObject("Admin Console ePulse Menu/Account Settings/Prompts/Prompt Button Modal/Input Button Label"), "test4"): Text 'test4' is set on object 'Object Repository/Admin Console ePulse Menu/Account Settings/Prompts/Prompt Button Modal/Input Button Label'

2019-04-03 15:42:57 - [MESSAGE][PASSED] - Text 'test4' is set on object 'Object Repository/Admin Console ePulse Menu/Account Settings/Prompts/Prompt Button Modal/Input Button Label'

2019-04-03 15:42:57 - [TEST_STEP][PASSED] - delay(1): Delayed 1 second(s)

2019-04-03 15:42:58 - [MESSAGE][PASSED] - Delayed 1 second(s)

2019-04-03 15:42:58 - [TEST_STEP][PASSED] - selectOptionByValue(findTestObject("Admin Console ePulse Menu/Account Settings/Prompts/Prompt Button Modal/Select Button Type Dropdown"), "4", true): All options with value '4' are selected in object 'Object Repository/Admin Console ePulse Menu/Account Settings/Prompts/Prompt Button Modal/Select Button Type Dropdown'  using regular expression

2019-04-03 15:42:58 - [MESSAGE][PASSED] - All options with value '4' are selected in object 'Object Repository/Admin Console ePulse Menu/Account Settings/Prompts/Prompt Button Modal/Select Button Type Dropdown'  using regular expression

2019-04-03 15:42:58 - [TEST_STEP][PASSED] - delay(1): Delayed 1 second(s)

2019-04-03 15:42:59 - [MESSAGE][PASSED] - Delayed 1 second(s)

2019-04-03 15:42:59 - [TEST_STEP][PASSED] - click(findTestObject("Admin Console ePulse Menu/Account Settings/Prompts/Prompt Button Modal/Add New Button(plus sign)")): Object: 'Object Repository/Admin Console ePulse Menu/Account Settings/Prompts/Prompt Button Modal/Add New Button(plus sign)' is clicked on

2019-04-03 15:43:00 - [MESSAGE][PASSED] - Object: 'Object Repository/Admin Console ePulse Menu/Account Settings/Prompts/Prompt Button Modal/Add New Button(plus sign)' is clicked on

2019-04-03 15:43:00 - [TEST_STEP][PASSED] - delay(1): Delayed 1 second(s)

2019-04-03 15:43:01 - [MESSAGE][PASSED] - Delayed 1 second(s)

2019-04-03 15:43:01 - [TEST_STEP][PASSED] - setText(findTestObject("Admin Console ePulse Menu/Account Settings/Prompts/Prompt Button Modal/Input Button Label"), "test5"): Text 'test5' is set on object 'Object Repository/Admin Console ePulse Menu/Account Settings/Prompts/Prompt Button Modal/Input Button Label'

2019-04-03 15:43:01 - [MESSAGE][PASSED] - Text 'test5' is set on object 'Object Repository/Admin Console ePulse Menu/Account Settings/Prompts/Prompt Button Modal/Input Button Label'

2019-04-03 15:43:01 - [TEST_STEP][PASSED] - delay(1): Delayed 1 second(s)

2019-04-03 15:43:02 - [MESSAGE][PASSED] - Delayed 1 second(s)

2019-04-03 15:43:02 - [TEST_STEP][PASSED] - selectOptionByValue(findTestObject("Admin Console ePulse Menu/Account Settings/Prompts/Prompt Button Modal/Select Button Type Dropdown"), "5", true): All options with value '5' are selected in object 'Object Repository/Admin Console ePulse Menu/Account Settings/Prompts/Prompt Button Modal/Select Button Type Dropdown'  using regular expression

2019-04-03 15:43:02 - [MESSAGE][PASSED] - All options with value '5' are selected in object 'Object Repository/Admin Console ePulse Menu/Account Settings/Prompts/Prompt Button Modal/Select Button Type Dropdown'  using regular expression

2019-04-03 15:43:02 - [TEST_STEP][PASSED] - delay(1): Delayed 1 second(s)

2019-04-03 15:43:03 - [MESSAGE][PASSED] - Delayed 1 second(s)

2019-04-03 15:43:03 - [TEST_STEP][PASSED] - click(findTestObject("Admin Console ePulse Menu/Account Settings/Prompts/Prompt Button Modal/Add New Button(plus sign)")): Object: 'Object Repository/Admin Console ePulse Menu/Account Settings/Prompts/Prompt Button Modal/Add New Button(plus sign)' is clicked on

2019-04-03 15:43:03 - [MESSAGE][PASSED] - Object: 'Object Repository/Admin Console ePulse Menu/Account Settings/Prompts/Prompt Button Modal/Add New Button(plus sign)' is clicked on

2019-04-03 15:43:03 - [TEST_STEP][PASSED] - delay(1): Delayed 1 second(s)

2019-04-03 15:43:04 - [MESSAGE][PASSED] - Delayed 1 second(s)

2019-04-03 15:43:04 - [TEST_STEP][PASSED] - click(findTestObject("Admin Console ePulse Menu/Account Settings/Prompts/Prompt Button Modal/Close Button")): Object: 'Object Repository/Admin Console ePulse Menu/Account Settings/Prompts/Prompt Button Modal/Close Button' is clicked on

2019-04-03 15:43:04 - [MESSAGE][PASSED] - Object: 'Object Repository/Admin Console ePulse Menu/Account Settings/Prompts/Prompt Button Modal/Close Button' is clicked on

2019-04-03 15:43:04 - [TEST_STEP][PASSED] - delay(1): Delayed 1 second(s)

2019-04-03 15:43:05 - [MESSAGE][PASSED] - Delayed 1 second(s)

2019-04-03 15:43:05 - [TEST_STEP][PASSED] - closeBrowser(): Browser is closed

2019-04-03 15:43:05 - [MESSAGE][PASSED] - Browser is closed]]></system-out>
         <system-err><![CDATA[]]></system-err>
      </testcase>
      <testcase name="Test Cases/Admin Console/Account Settings/Prompts()/Prompts - Import" classname="Test Cases/Admin Console/Account Settings/Prompts()/Prompts - Import" status="PASSED">
         <system-out><![CDATA[2019-04-03 15:43:07 - [TEST_CASE][PASSED] - Test Cases/Admin Console/Account Settings/Prompts()/Prompts - Import: Test Cases/Admin Console/Account Settings/Prompts()/Prompts - Import

2019-04-03 15:43:07 - [TEST_STEP][PASSED] - openBrowser(""): Browser is opened with url: ''

2019-04-03 15:43:07 - [MESSAGE][INFO] - Starting 'Chrome (headless)' driver

2019-04-03 15:43:07 - [MESSAGE][PASSED] - Browser is opened with url: ''

2019-04-03 15:43:07 - [TEST_STEP][PASSED] - navigateToUrl(URL): Navigate to 'https://dev.epulse.io' successfully

2019-04-03 15:43:12 - [MESSAGE][PASSED] - Navigate to 'https://dev.epulse.io' successfully

2019-04-03 15:43:12 - [TEST_STEP][PASSED] - setText(findTestObject("Login/Email Address"), User_email): Text 'alonzo.mack@knowink.com' is set on object 'Object Repository/Login/Email Address'

2019-04-03 15:43:12 - [MESSAGE][PASSED] - Text 'alonzo.mack@knowink.com' is set on object 'Object Repository/Login/Email Address'

2019-04-03 15:43:12 - [TEST_STEP][PASSED] - setEncryptedText(findTestObject("Login/Password"), Pswrd): Text ****** has been set on object 'Object Repository/Login/Password'

2019-04-03 15:43:12 - [MESSAGE][PASSED] - Text ****** has been set on object 'Object Repository/Login/Password'

2019-04-03 15:43:12 - [TEST_STEP][PASSED] - click(findTestObject("Login/Sign In")): Object: 'Object Repository/Login/Sign In' is clicked on

2019-04-03 15:43:13 - [MESSAGE][PASSED] - Object: 'Object Repository/Login/Sign In' is clicked on

2019-04-03 15:43:13 - [TEST_STEP][PASSED] - delay(1): Delayed 1 second(s)

2019-04-03 15:43:14 - [MESSAGE][PASSED] - Delayed 1 second(s)

2019-04-03 15:43:14 - [TEST_STEP][PASSED] - navigateToUrl(Prompts_Imports, STOP_ON_FAILURE): Navigate to 'https://am-automation-test.dev.epulse.io/imports/prompts' successfully

2019-04-03 15:43:15 - [MESSAGE][PASSED] - Navigate to 'https://am-automation-test.dev.epulse.io/imports/prompts' successfully

2019-04-03 15:43:15 - [TEST_STEP][PASSED] - setText(findTestObject("Admin Console ePulse Menu/Account Settings/Prompts/Import Prompts Buttons/Choose File"), "/Users/alonzomack/Downloads/prompts-3.txt"): Text '/Users/alonzomack/Downloads/prompts-3.txt' is set on object 'Object Repository/Admin Console ePulse Menu/Account Settings/Prompts/Import Prompts Buttons/Choose File'

2019-04-03 15:43:15 - [MESSAGE][PASSED] - Text '/Users/alonzomack/Downloads/prompts-3.txt' is set on object 'Object Repository/Admin Console ePulse Menu/Account Settings/Prompts/Import Prompts Buttons/Choose File'

2019-04-03 15:43:15 - [TEST_STEP][PASSED] - click(findTestObject("Admin Console ePulse Menu/Account Settings/Prompts/Import Prompts Buttons/Continue Button")): Object: 'Object Repository/Admin Console ePulse Menu/Account Settings/Prompts/Import Prompts Buttons/Continue Button' is clicked on

2019-04-03 15:43:15 - [MESSAGE][PASSED] - Object: 'Object Repository/Admin Console ePulse Menu/Account Settings/Prompts/Import Prompts Buttons/Continue Button' is clicked on

2019-04-03 15:43:15 - [TEST_STEP][PASSED] - delay(1): Delayed 1 second(s)

2019-04-03 15:43:16 - [MESSAGE][PASSED] - Delayed 1 second(s)

2019-04-03 15:43:16 - [TEST_STEP][PASSED] - click(findTestObject("Admin Console ePulse Menu/Account Settings/Prompts/Import Prompts Buttons/button_Done(working)")): Object: 'Object Repository/Admin Console ePulse Menu/Account Settings/Prompts/Import Prompts Buttons/button_Done(working)' is clicked on

2019-04-03 15:43:20 - [MESSAGE][PASSED] - Object: 'Object Repository/Admin Console ePulse Menu/Account Settings/Prompts/Import Prompts Buttons/button_Done(working)' is clicked on

2019-04-03 15:43:20 - [TEST_STEP][PASSED] - delay(1): Delayed 1 second(s)

2019-04-03 15:43:21 - [MESSAGE][PASSED] - Delayed 1 second(s)

2019-04-03 15:43:21 - [TEST_STEP][PASSED] - closeBrowser(): Browser is closed

2019-04-03 15:43:21 - [MESSAGE][PASSED] - Browser is closed]]></system-out>
         <system-err><![CDATA[]]></system-err>
      </testcase>
      <testcase name="Test Cases/Admin Console/Account Settings/Prompts()/Prompts - Edit" classname="Test Cases/Admin Console/Account Settings/Prompts()/Prompts - Edit" status="PASSED">
         <system-out><![CDATA[2019-04-03 15:43:23 - [TEST_CASE][PASSED] - Test Cases/Admin Console/Account Settings/Prompts()/Prompts - Edit: Test Cases/Admin Console/Account Settings/Prompts()/Prompts - Edit

2019-04-03 15:43:23 - [TEST_STEP][PASSED] - openBrowser(""): Browser is opened with url: ''

2019-04-03 15:43:23 - [MESSAGE][INFO] - Starting 'Chrome (headless)' driver

2019-04-03 15:43:23 - [MESSAGE][PASSED] - Browser is opened with url: ''

2019-04-03 15:43:23 - [TEST_STEP][PASSED] - navigateToUrl(URL): Navigate to 'https://dev.epulse.io' successfully

2019-04-03 15:43:25 - [MESSAGE][PASSED] - Navigate to 'https://dev.epulse.io' successfully

2019-04-03 15:43:25 - [TEST_STEP][PASSED] - setText(findTestObject("Login/Email Address"), User_email): Text 'alonzo.mack@knowink.com' is set on object 'Object Repository/Login/Email Address'

2019-04-03 15:43:25 - [MESSAGE][PASSED] - Text 'alonzo.mack@knowink.com' is set on object 'Object Repository/Login/Email Address'

2019-04-03 15:43:25 - [TEST_STEP][PASSED] - setEncryptedText(findTestObject("Login/Password"), Pswrd): Text ****** has been set on object 'Object Repository/Login/Password'

2019-04-03 15:43:25 - [MESSAGE][PASSED] - Text ****** has been set on object 'Object Repository/Login/Password'

2019-04-03 15:43:25 - [TEST_STEP][PASSED] - click(findTestObject("Login/Sign In")): Object: 'Object Repository/Login/Sign In' is clicked on

2019-04-03 15:43:26 - [MESSAGE][PASSED] - Object: 'Object Repository/Login/Sign In' is clicked on

2019-04-03 15:43:26 - [TEST_STEP][PASSED] - delay(1): Delayed 1 second(s)

2019-04-03 15:43:27 - [MESSAGE][PASSED] - Delayed 1 second(s)

2019-04-03 15:43:27 - [TEST_STEP][PASSED] - navigateToUrl(Prompts, STOP_ON_FAILURE): Navigate to 'https://am-Automation-test.dev.epulse.io/prompts' successfully

2019-04-03 15:43:28 - [MESSAGE][PASSED] - Navigate to 'https://am-Automation-test.dev.epulse.io/prompts' successfully

2019-04-03 15:43:28 - [TEST_STEP][PASSED] - delay(1): Delayed 1 second(s)

2019-04-03 15:43:29 - [MESSAGE][PASSED] - Delayed 1 second(s)

2019-04-03 15:43:29 - [TEST_STEP][PASSED] - click(findTestObject("Admin Console ePulse Menu/Account Settings/Prompts/Edit Prompt")): Object: 'Object Repository/Admin Console ePulse Menu/Account Settings/Prompts/Edit Prompt' is clicked on

2019-04-03 15:43:29 - [MESSAGE][PASSED] - Object: 'Object Repository/Admin Console ePulse Menu/Account Settings/Prompts/Edit Prompt' is clicked on

2019-04-03 15:43:29 - [TEST_STEP][PASSED] - delay(2): Delayed 2 second(s)

2019-04-03 15:43:31 - [MESSAGE][PASSED] - Delayed 2 second(s)

2019-04-03 15:43:31 - [TEST_STEP][PASSED] - setText(findTestObject("Admin Console ePulse Menu/Account Settings/Prompts/Add_Edit Prompt Modal/Name"), "Test Prompt Test"): Text 'Test Prompt Test' is set on object 'Object Repository/Admin Console ePulse Menu/Account Settings/Prompts/Add_Edit Prompt Modal/Name'

2019-04-03 15:43:31 - [MESSAGE][PASSED] - Text 'Test Prompt Test' is set on object 'Object Repository/Admin Console ePulse Menu/Account Settings/Prompts/Add_Edit Prompt Modal/Name'

2019-04-03 15:43:31 - [TEST_STEP][PASSED] - delay(2): Delayed 2 second(s)

2019-04-03 15:43:33 - [MESSAGE][PASSED] - Delayed 2 second(s)

2019-04-03 15:43:33 - [TEST_STEP][PASSED] - setText(findTestObject("Admin Console ePulse Menu/Account Settings/Prompts/Add_Edit Prompt Modal/Heading"), "Prompt Edit"): Text 'Prompt Edit' is set on object 'Object Repository/Admin Console ePulse Menu/Account Settings/Prompts/Add_Edit Prompt Modal/Heading'

2019-04-03 15:43:33 - [MESSAGE][PASSED] - Text 'Prompt Edit' is set on object 'Object Repository/Admin Console ePulse Menu/Account Settings/Prompts/Add_Edit Prompt Modal/Heading'

2019-04-03 15:43:33 - [TEST_STEP][PASSED] - delay(2): Delayed 2 second(s)

2019-04-03 15:43:35 - [MESSAGE][PASSED] - Delayed 2 second(s)

2019-04-03 15:43:35 - [TEST_STEP][PASSED] - selectOptionByValue(findTestObject("Admin Console ePulse Menu/Account Settings/Prompts/Add_Edit Prompt Modal/Select Color"), "2", true): All options with value '2' are selected in object 'Object Repository/Admin Console ePulse Menu/Account Settings/Prompts/Add_Edit Prompt Modal/Select Color'  using regular expression

2019-04-03 15:43:35 - [MESSAGE][PASSED] - All options with value '2' are selected in object 'Object Repository/Admin Console ePulse Menu/Account Settings/Prompts/Add_Edit Prompt Modal/Select Color'  using regular expression

2019-04-03 15:43:35 - [TEST_STEP][PASSED] - delay(2): Delayed 2 second(s)

2019-04-03 15:43:37 - [MESSAGE][PASSED] - Delayed 2 second(s)

2019-04-03 15:43:37 - [TEST_STEP][PASSED] - setText(findTestObject("Admin Console ePulse Menu/Account Settings/Prompts/Add_Edit Prompt Modal/Order"), "2"): Text '2' is set on object 'Object Repository/Admin Console ePulse Menu/Account Settings/Prompts/Add_Edit Prompt Modal/Order'

2019-04-03 15:43:38 - [MESSAGE][PASSED] - Text '2' is set on object 'Object Repository/Admin Console ePulse Menu/Account Settings/Prompts/Add_Edit Prompt Modal/Order'

2019-04-03 15:43:38 - [TEST_STEP][PASSED] - delay(2): Delayed 2 second(s)

2019-04-03 15:43:40 - [MESSAGE][PASSED] - Delayed 2 second(s)

2019-04-03 15:43:40 - [TEST_STEP][PASSED] - setText(findTestObject("Admin Console ePulse Menu/Account Settings/Prompts/Add_Edit Prompt Modal/Field Label"), "Prompt Test"): Text 'Prompt Test' is set on object 'Object Repository/Admin Console ePulse Menu/Account Settings/Prompts/Add_Edit Prompt Modal/Field Label'

2019-04-03 15:43:40 - [MESSAGE][PASSED] - Text 'Prompt Test' is set on object 'Object Repository/Admin Console ePulse Menu/Account Settings/Prompts/Add_Edit Prompt Modal/Field Label'

2019-04-03 15:43:40 - [TEST_STEP][PASSED] - delay(2): Delayed 2 second(s)

2019-04-03 15:43:42 - [MESSAGE][PASSED] - Delayed 2 second(s)

2019-04-03 15:43:42 - [TEST_STEP][PASSED] - setText(findTestObject("Admin Console ePulse Menu/Account Settings/Prompts/Add_Edit Prompt Modal/Field Name"), "prompt test"): Text 'prompt test' is set on object 'Object Repository/Admin Console ePulse Menu/Account Settings/Prompts/Add_Edit Prompt Modal/Field Name'

2019-04-03 15:43:42 - [MESSAGE][PASSED] - Text 'prompt test' is set on object 'Object Repository/Admin Console ePulse Menu/Account Settings/Prompts/Add_Edit Prompt Modal/Field Name'

2019-04-03 15:43:42 - [TEST_STEP][PASSED] - delay(2): Delayed 2 second(s)

2019-04-03 15:43:44 - [MESSAGE][PASSED] - Delayed 2 second(s)

2019-04-03 15:43:44 - [TEST_STEP][PASSED] - click(findTestObject("Admin Console ePulse Menu/Account Settings/Prompts/Add_Edit Prompt Modal/Show Voter Info_slider")): Object: 'Object Repository/Admin Console ePulse Menu/Account Settings/Prompts/Add_Edit Prompt Modal/Show Voter Info_slider' is clicked on

2019-04-03 15:43:44 - [MESSAGE][PASSED] - Object: 'Object Repository/Admin Console ePulse Menu/Account Settings/Prompts/Add_Edit Prompt Modal/Show Voter Info_slider' is clicked on

2019-04-03 15:43:44 - [TEST_STEP][PASSED] - delay(2): Delayed 2 second(s)

2019-04-03 15:43:46 - [MESSAGE][PASSED] - Delayed 2 second(s)

2019-04-03 15:43:46 - [TEST_STEP][PASSED] - click(findTestObject("Admin Console ePulse Menu/Account Settings/Prompts/Add_Edit Prompt Modal/Show Text Field_slider")): Object: 'Object Repository/Admin Console ePulse Menu/Account Settings/Prompts/Add_Edit Prompt Modal/Show Text Field_slider' is clicked on

2019-04-03 15:43:46 - [MESSAGE][PASSED] - Object: 'Object Repository/Admin Console ePulse Menu/Account Settings/Prompts/Add_Edit Prompt Modal/Show Text Field_slider' is clicked on

2019-04-03 15:43:46 - [TEST_STEP][PASSED] - delay(2): Delayed 2 second(s)

2019-04-03 15:43:48 - [MESSAGE][PASSED] - Delayed 2 second(s)

2019-04-03 15:43:48 - [TEST_STEP][PASSED] - setText(findTestObject("Admin Console ePulse Menu/Account Settings/Prompts/Add_Edit Prompt Modal/Instructions textarea "), "Test Prompt2"): Text 'Test Prompt2' is set on object 'Object Repository/Admin Console ePulse Menu/Account Settings/Prompts/Add_Edit Prompt Modal/Instructions textarea '

2019-04-03 15:43:48 - [MESSAGE][PASSED] - Text 'Test Prompt2' is set on object 'Object Repository/Admin Console ePulse Menu/Account Settings/Prompts/Add_Edit Prompt Modal/Instructions textarea '

2019-04-03 15:43:48 - [TEST_STEP][PASSED] - delay(2): Delayed 2 second(s)

2019-04-03 15:43:50 - [MESSAGE][PASSED] - Delayed 2 second(s)

2019-04-03 15:43:50 - [TEST_STEP][PASSED] - click(findTestObject("Admin Console ePulse Menu/Account Settings/Prompts/Add_Edit Prompt Modal/Submit")): Object: 'Object Repository/Admin Console ePulse Menu/Account Settings/Prompts/Add_Edit Prompt Modal/Submit' is clicked on

2019-04-03 15:43:50 - [MESSAGE][PASSED] - Object: 'Object Repository/Admin Console ePulse Menu/Account Settings/Prompts/Add_Edit Prompt Modal/Submit' is clicked on

2019-04-03 15:43:50 - [TEST_STEP][PASSED] - delay(2): Delayed 2 second(s)

2019-04-03 15:43:52 - [MESSAGE][PASSED] - Delayed 2 second(s)

2019-04-03 15:43:52 - [TEST_STEP][PASSED] - closeBrowser(): Browser is closed

2019-04-03 15:43:52 - [MESSAGE][PASSED] - Browser is closed]]></system-out>
         <system-err><![CDATA[]]></system-err>
      </testcase>
      <testcase name="Test Cases/Admin Console/Account Settings/Prompts()/Prompts - Delete" classname="Test Cases/Admin Console/Account Settings/Prompts()/Prompts - Delete" status="PASSED">
         <system-out><![CDATA[2019-04-03 15:43:54 - [TEST_CASE][PASSED] - Test Cases/Admin Console/Account Settings/Prompts()/Prompts - Delete: Test Cases/Admin Console/Account Settings/Prompts()/Prompts - Delete

2019-04-03 15:43:54 - [TEST_STEP][PASSED] - openBrowser(""): Browser is opened with url: ''

2019-04-03 15:43:54 - [MESSAGE][INFO] - Starting 'Chrome (headless)' driver

2019-04-03 15:43:55 - [MESSAGE][PASSED] - Browser is opened with url: ''

2019-04-03 15:43:55 - [TEST_STEP][PASSED] - navigateToUrl(URL): Navigate to 'https://dev.epulse.io' successfully

2019-04-03 15:43:56 - [MESSAGE][PASSED] - Navigate to 'https://dev.epulse.io' successfully

2019-04-03 15:43:56 - [TEST_STEP][PASSED] - setText(findTestObject("Login/Email Address"), User_email): Text 'alonzo.mack@knowink.com' is set on object 'Object Repository/Login/Email Address'

2019-04-03 15:43:56 - [MESSAGE][PASSED] - Text 'alonzo.mack@knowink.com' is set on object 'Object Repository/Login/Email Address'

2019-04-03 15:43:56 - [TEST_STEP][PASSED] - setEncryptedText(findTestObject("Login/Password"), Pswrd): Text ****** has been set on object 'Object Repository/Login/Password'

2019-04-03 15:43:56 - [MESSAGE][PASSED] - Text ****** has been set on object 'Object Repository/Login/Password'

2019-04-03 15:43:56 - [TEST_STEP][PASSED] - click(findTestObject("Login/Sign In")): Object: 'Object Repository/Login/Sign In' is clicked on

2019-04-03 15:43:57 - [MESSAGE][PASSED] - Object: 'Object Repository/Login/Sign In' is clicked on

2019-04-03 15:43:57 - [TEST_STEP][PASSED] - delay(1): Delayed 1 second(s)

2019-04-03 15:43:58 - [MESSAGE][PASSED] - Delayed 1 second(s)

2019-04-03 15:43:58 - [TEST_STEP][PASSED] - navigateToUrl(Prompts, STOP_ON_FAILURE): Navigate to 'https://am-Automation-test.dev.epulse.io/prompts' successfully

2019-04-03 15:43:59 - [MESSAGE][PASSED] - Navigate to 'https://am-Automation-test.dev.epulse.io/prompts' successfully

2019-04-03 15:43:59 - [TEST_STEP][PASSED] - delay(1): Delayed 1 second(s)

2019-04-03 15:44:00 - [MESSAGE][PASSED] - Delayed 1 second(s)

2019-04-03 15:44:00 - [TEST_STEP][PASSED] - click(findTestObject("Admin Console ePulse Menu/Account Settings/Prompts/Delete Prompt")): Object: 'Object Repository/Admin Console ePulse Menu/Account Settings/Prompts/Delete Prompt' is clicked on

2019-04-03 15:44:00 - [MESSAGE][PASSED] - Object: 'Object Repository/Admin Console ePulse Menu/Account Settings/Prompts/Delete Prompt' is clicked on

2019-04-03 15:44:00 - [TEST_STEP][PASSED] - delay(3): Delayed 3 second(s)

2019-04-03 15:44:03 - [MESSAGE][PASSED] - Delayed 3 second(s)

2019-04-03 15:44:03 - [TEST_STEP][PASSED] - acceptAlert(): Alert accepted

2019-04-03 15:44:03 - [MESSAGE][PASSED] - Alert accepted

2019-04-03 15:44:03 - [TEST_STEP][PASSED] - closeBrowser(): Browser is closed

2019-04-03 15:44:03 - [MESSAGE][PASSED] - Browser is closed]]></system-out>
         <system-err><![CDATA[]]></system-err>
      </testcase>
      <testcase name="Test Cases/Admin Console/Poll Workers-Election Officials()/POLL WORKER - CLASSES" classname="Test Cases/Admin Console/Poll Workers-Election Officials()/POLL WORKER - CLASSES" status="PASSED">
         <system-out><![CDATA[2019-04-03 15:44:05 - [TEST_CASE][PASSED] - Test Cases/Admin Console/Poll Workers-Election Officials()/POLL WORKER - CLASSES: Test Cases/Admin Console/Poll Workers-Election Officials()/POLL WORKER - CLASSES

2019-04-03 15:44:05 - [TEST_STEP][PASSED] - openBrowser(""): Browser is opened with url: ''

2019-04-03 15:44:05 - [MESSAGE][INFO] - Starting 'Chrome (headless)' driver

2019-04-03 15:44:06 - [MESSAGE][PASSED] - Browser is opened with url: ''

2019-04-03 15:44:06 - [TEST_STEP][PASSED] - navigateToUrl(URL): Navigate to 'https://dev.epulse.io' successfully

2019-04-03 15:44:07 - [MESSAGE][PASSED] - Navigate to 'https://dev.epulse.io' successfully

2019-04-03 15:44:07 - [TEST_STEP][PASSED] - setText(findTestObject("Login/Email Address"), User_email): Text 'alonzo.mack@knowink.com' is set on object 'Object Repository/Login/Email Address'

2019-04-03 15:44:07 - [MESSAGE][PASSED] - Text 'alonzo.mack@knowink.com' is set on object 'Object Repository/Login/Email Address'

2019-04-03 15:44:07 - [TEST_STEP][PASSED] - setEncryptedText(findTestObject("Login/Password"), Pswrd): Text ****** has been set on object 'Object Repository/Login/Password'

2019-04-03 15:44:07 - [MESSAGE][PASSED] - Text ****** has been set on object 'Object Repository/Login/Password'

2019-04-03 15:44:07 - [TEST_STEP][PASSED] - click(findTestObject("Login/Sign In")): Object: 'Object Repository/Login/Sign In' is clicked on

2019-04-03 15:44:08 - [MESSAGE][PASSED] - Object: 'Object Repository/Login/Sign In' is clicked on

2019-04-03 15:44:08 - [TEST_STEP][PASSED] - delay(1): Delayed 1 second(s)

2019-04-03 15:44:09 - [MESSAGE][PASSED] - Delayed 1 second(s)

2019-04-03 15:44:09 - [TEST_STEP][PASSED] - for ([row = 1, row <= findTestData("PollWorker - Classes").getRowNumbers(), (row++)]): Object: 'Object Repository/Admin Console ePulse Menu/Poll Workers/New Poll Worker Class/Submit' is clicked on

2019-04-03 15:44:10 - [TEST_STEP][PASSED] - navigateToUrl(Poll_Workers_Classes_New): Navigate to 'https://am-automation-test.dev.epulse.io/poll_worker_classes/new' successfully

2019-04-03 15:44:11 - [MESSAGE][PASSED] - Navigate to 'https://am-automation-test.dev.epulse.io/poll_worker_classes/new' successfully

2019-04-03 15:44:11 - [TEST_STEP][PASSED] - click(findTestObject("Admin Console ePulse Menu/Poll Workers/New Poll Worker Class/Class Information/Class Information dropdown")): Object: 'Object Repository/Admin Console ePulse Menu/Poll Workers/New Poll Worker Class/Class Information/Class Information dropdown' is clicked on

2019-04-03 15:44:11 - [MESSAGE][PASSED] - Object: 'Object Repository/Admin Console ePulse Menu/Poll Workers/New Poll Worker Class/Class Information/Class Information dropdown' is clicked on

2019-04-03 15:44:11 - [TEST_STEP][PASSED] - delay(1): Delayed 1 second(s)

2019-04-03 15:44:12 - [MESSAGE][PASSED] - Delayed 1 second(s)

2019-04-03 15:44:12 - [TEST_STEP][PASSED] - setText(findTestObject("Admin Console ePulse Menu/Poll Workers/New Poll Worker Class/Class Information/Name"), findTestData("PollWorker - Classes").getValue("Name", row)): Text 'Training Class1' is set on object 'Object Repository/Admin Console ePulse Menu/Poll Workers/New Poll Worker Class/Class Information/Name'

2019-04-03 15:44:12 - [MESSAGE][PASSED] - Text 'Training Class1' is set on object 'Object Repository/Admin Console ePulse Menu/Poll Workers/New Poll Worker Class/Class Information/Name'

2019-04-03 15:44:12 - [TEST_STEP][PASSED] - delay(1): Delayed 1 second(s)

2019-04-03 15:44:13 - [MESSAGE][PASSED] - Delayed 1 second(s)

2019-04-03 15:44:13 - [TEST_STEP][PASSED] - setText(findTestObject("Admin Console ePulse Menu/Poll Workers/New Poll Worker Class/Class Information/Instructor"), findTestData("PollWorker - Classes").getValue("Instructor", row)): Text 'Jack Johnson1' is set on object 'Object Repository/Admin Console ePulse Menu/Poll Workers/New Poll Worker Class/Class Information/Instructor'

2019-04-03 15:44:13 - [MESSAGE][PASSED] - Text 'Jack Johnson1' is set on object 'Object Repository/Admin Console ePulse Menu/Poll Workers/New Poll Worker Class/Class Information/Instructor'

2019-04-03 15:44:13 - [TEST_STEP][PASSED] - delay(1): Delayed 1 second(s)

2019-04-03 15:44:14 - [MESSAGE][PASSED] - Delayed 1 second(s)

2019-04-03 15:44:14 - [TEST_STEP][PASSED] - setText(findTestObject("Admin Console ePulse Menu/Poll Workers/New Poll Worker Class/Address Information/Location"), findTestData("PollWorker - Classes").getValue("Location", row)): Text 'Civic Center' is set on object 'Object Repository/Admin Console ePulse Menu/Poll Workers/New Poll Worker Class/Address Information/Location'

2019-04-03 15:44:14 - [MESSAGE][PASSED] - Text 'Civic Center' is set on object 'Object Repository/Admin Console ePulse Menu/Poll Workers/New Poll Worker Class/Address Information/Location'

2019-04-03 15:44:14 - [TEST_STEP][PASSED] - delay(1): Delayed 1 second(s)

2019-04-03 15:44:15 - [MESSAGE][PASSED] - Delayed 1 second(s)

2019-04-03 15:44:15 - [TEST_STEP][PASSED] - doubleClick(findTestObject("Admin Console ePulse Menu/Poll Workers/New Poll Worker Class/Class Information/Date")): Object: 'Object Repository/Admin Console ePulse Menu/Poll Workers/New Poll Worker Class/Class Information/Date' is double clicked on

2019-04-03 15:44:15 - [MESSAGE][PASSED] - Object: 'Object Repository/Admin Console ePulse Menu/Poll Workers/New Poll Worker Class/Class Information/Date' is double clicked on

2019-04-03 15:44:15 - [TEST_STEP][PASSED] - delay(1): Delayed 1 second(s)

2019-04-03 15:44:16 - [MESSAGE][PASSED] - Delayed 1 second(s)

2019-04-03 15:44:16 - [TEST_STEP][PASSED] - setText(findTestObject("Admin Console ePulse Menu/Poll Workers/New Poll Worker Class/Class Information/Rate"), findTestData("PollWorker - Classes").getValue("Rate", row)): Text '10' is set on object 'Object Repository/Admin Console ePulse Menu/Poll Workers/New Poll Worker Class/Class Information/Rate'

2019-04-03 15:44:17 - [MESSAGE][PASSED] - Text '10' is set on object 'Object Repository/Admin Console ePulse Menu/Poll Workers/New Poll Worker Class/Class Information/Rate'

2019-04-03 15:44:17 - [TEST_STEP][PASSED] - delay(1): Delayed 1 second(s)

2019-04-03 15:44:18 - [MESSAGE][PASSED] - Delayed 1 second(s)

2019-04-03 15:44:18 - [TEST_STEP][PASSED] - setText(findTestObject("Admin Console ePulse Menu/Poll Workers/New Poll Worker Class/Class Information/Class Description"), findTestData("PollWorker - Classes").getValue("Descript", row)): Text 'Training Class Civic Center' is set on object 'Object Repository/Admin Console ePulse Menu/Poll Workers/New Poll Worker Class/Class Information/Class Description'

2019-04-03 15:44:18 - [MESSAGE][PASSED] - Text 'Training Class Civic Center' is set on object 'Object Repository/Admin Console ePulse Menu/Poll Workers/New Poll Worker Class/Class Information/Class Description'

2019-04-03 15:44:18 - [TEST_STEP][PASSED] - setText(findTestObject("Admin Console ePulse Menu/Poll Workers/New Poll Worker Class/Class Information/Name"), findTestData("PollWorker - Classes").getValue("Name", row)): Text 'Training Class1' is set on object 'Object Repository/Admin Console ePulse Menu/Poll Workers/New Poll Worker Class/Class Information/Name'

2019-04-03 15:44:18 - [MESSAGE][PASSED] - Text 'Training Class1' is set on object 'Object Repository/Admin Console ePulse Menu/Poll Workers/New Poll Worker Class/Class Information/Name'

2019-04-03 15:44:18 - [TEST_STEP][PASSED] - delay(1): Delayed 1 second(s)

2019-04-03 15:44:19 - [MESSAGE][PASSED] - Delayed 1 second(s)

2019-04-03 15:44:19 - [TEST_STEP][PASSED] - click(findTestObject("Admin Console ePulse Menu/Poll Workers/New Poll Worker Class/Address Information/Address Information dropdown")): Object: 'Object Repository/Admin Console ePulse Menu/Poll Workers/New Poll Worker Class/Address Information/Address Information dropdown' is clicked on

2019-04-03 15:44:19 - [MESSAGE][PASSED] - Object: 'Object Repository/Admin Console ePulse Menu/Poll Workers/New Poll Worker Class/Address Information/Address Information dropdown' is clicked on

2019-04-03 15:44:19 - [TEST_STEP][PASSED] - delay(1): Delayed 1 second(s)

2019-04-03 15:44:20 - [MESSAGE][PASSED] - Delayed 1 second(s)

2019-04-03 15:44:20 - [TEST_STEP][PASSED] - setText(findTestObject("Admin Console ePulse Menu/Poll Workers/New Poll Worker Class/Address Information/Address1"), findTestData("PollWorker - Classes").getValue("Address1", row)): Text '3478 Hillmont' is set on object 'Object Repository/Admin Console ePulse Menu/Poll Workers/New Poll Worker Class/Address Information/Address1'

2019-04-03 15:44:20 - [MESSAGE][PASSED] - Text '3478 Hillmont' is set on object 'Object Repository/Admin Console ePulse Menu/Poll Workers/New Poll Worker Class/Address Information/Address1'

2019-04-03 15:44:20 - [TEST_STEP][PASSED] - delay(1): Delayed 1 second(s)

2019-04-03 15:44:21 - [MESSAGE][PASSED] - Delayed 1 second(s)

2019-04-03 15:44:21 - [TEST_STEP][PASSED] - setText(findTestObject("Admin Console ePulse Menu/Poll Workers/New Poll Worker Class/Address Information/Address2"), findTestData("PollWorker - Classes").getValue("Address2", row)): Text 'Suite 301' is set on object 'Object Repository/Admin Console ePulse Menu/Poll Workers/New Poll Worker Class/Address Information/Address2'

2019-04-03 15:44:21 - [MESSAGE][PASSED] - Text 'Suite 301' is set on object 'Object Repository/Admin Console ePulse Menu/Poll Workers/New Poll Worker Class/Address Information/Address2'

2019-04-03 15:44:21 - [TEST_STEP][PASSED] - delay(1): Delayed 1 second(s)

2019-04-03 15:44:22 - [MESSAGE][PASSED] - Delayed 1 second(s)

2019-04-03 15:44:22 - [TEST_STEP][PASSED] - setText(findTestObject("Admin Console ePulse Menu/Poll Workers/New Poll Worker Class/Address Information/City"), findTestData("PollWorker - Classes").getValue("City", row)): Text 'Anywhere' is set on object 'Object Repository/Admin Console ePulse Menu/Poll Workers/New Poll Worker Class/Address Information/City'

2019-04-03 15:44:22 - [MESSAGE][PASSED] - Text 'Anywhere' is set on object 'Object Repository/Admin Console ePulse Menu/Poll Workers/New Poll Worker Class/Address Information/City'

2019-04-03 15:44:22 - [TEST_STEP][PASSED] - delay(1): Delayed 1 second(s)

2019-04-03 15:44:23 - [MESSAGE][PASSED] - Delayed 1 second(s)

2019-04-03 15:44:23 - [TEST_STEP][PASSED] - setText(findTestObject("Admin Console ePulse Menu/Poll Workers/New Poll Worker Class/Address Information/State"), findTestData("PollWorker - Classes").getValue("State", row)): Text 'US' is set on object 'Object Repository/Admin Console ePulse Menu/Poll Workers/New Poll Worker Class/Address Information/State'

2019-04-03 15:44:23 - [MESSAGE][PASSED] - Text 'US' is set on object 'Object Repository/Admin Console ePulse Menu/Poll Workers/New Poll Worker Class/Address Information/State'

2019-04-03 15:44:23 - [TEST_STEP][PASSED] - delay(1): Delayed 1 second(s)

2019-04-03 15:44:24 - [MESSAGE][PASSED] - Delayed 1 second(s)

2019-04-03 15:44:24 - [TEST_STEP][PASSED] - setText(findTestObject("Admin Console ePulse Menu/Poll Workers/New Poll Worker Class/Address Information/Zip"), findTestData("PollWorker - Classes").getValue("Zip", row)): Text '78473' is set on object 'Object Repository/Admin Console ePulse Menu/Poll Workers/New Poll Worker Class/Address Information/Zip'

2019-04-03 15:44:25 - [MESSAGE][PASSED] - Text '78473' is set on object 'Object Repository/Admin Console ePulse Menu/Poll Workers/New Poll Worker Class/Address Information/Zip'

2019-04-03 15:44:25 - [TEST_STEP][PASSED] - delay(1): Delayed 1 second(s)

2019-04-03 15:44:26 - [MESSAGE][PASSED] - Delayed 1 second(s)

2019-04-03 15:44:26 - [TEST_STEP][PASSED] - click(findTestObject("Admin Console ePulse Menu/Poll Workers/New Poll Worker Class/Submit")): Object: 'Object Repository/Admin Console ePulse Menu/Poll Workers/New Poll Worker Class/Submit' is clicked on

2019-04-03 15:44:27 - [MESSAGE][PASSED] - Object: 'Object Repository/Admin Console ePulse Menu/Poll Workers/New Poll Worker Class/Submit' is clicked on

2019-04-03 15:44:27 - [TEST_STEP][PASSED] - navigateToUrl(Poll_Workers_Classes_New): Navigate to 'https://am-automation-test.dev.epulse.io/poll_worker_classes/new' successfully

2019-04-03 15:44:27 - [MESSAGE][PASSED] - Navigate to 'https://am-automation-test.dev.epulse.io/poll_worker_classes/new' successfully

2019-04-03 15:44:27 - [TEST_STEP][PASSED] - click(findTestObject("Admin Console ePulse Menu/Poll Workers/New Poll Worker Class/Class Information/Class Information dropdown")): Object: 'Object Repository/Admin Console ePulse Menu/Poll Workers/New Poll Worker Class/Class Information/Class Information dropdown' is clicked on

2019-04-03 15:44:27 - [MESSAGE][PASSED] - Object: 'Object Repository/Admin Console ePulse Menu/Poll Workers/New Poll Worker Class/Class Information/Class Information dropdown' is clicked on

2019-04-03 15:44:27 - [TEST_STEP][PASSED] - delay(1): Delayed 1 second(s)

2019-04-03 15:44:28 - [MESSAGE][PASSED] - Delayed 1 second(s)

2019-04-03 15:44:28 - [TEST_STEP][PASSED] - setText(findTestObject("Admin Console ePulse Menu/Poll Workers/New Poll Worker Class/Class Information/Name"), findTestData("PollWorker - Classes").getValue("Name", row)): Text 'Training Class2' is set on object 'Object Repository/Admin Console ePulse Menu/Poll Workers/New Poll Worker Class/Class Information/Name'

2019-04-03 15:44:28 - [MESSAGE][PASSED] - Text 'Training Class2' is set on object 'Object Repository/Admin Console ePulse Menu/Poll Workers/New Poll Worker Class/Class Information/Name'

2019-04-03 15:44:28 - [TEST_STEP][PASSED] - delay(1): Delayed 1 second(s)

2019-04-03 15:44:29 - [MESSAGE][PASSED] - Delayed 1 second(s)

2019-04-03 15:44:29 - [TEST_STEP][PASSED] - setText(findTestObject("Admin Console ePulse Menu/Poll Workers/New Poll Worker Class/Class Information/Instructor"), findTestData("PollWorker - Classes").getValue("Instructor", row)): Text 'Jack Johnson2' is set on object 'Object Repository/Admin Console ePulse Menu/Poll Workers/New Poll Worker Class/Class Information/Instructor'

2019-04-03 15:44:29 - [MESSAGE][PASSED] - Text 'Jack Johnson2' is set on object 'Object Repository/Admin Console ePulse Menu/Poll Workers/New Poll Worker Class/Class Information/Instructor'

2019-04-03 15:44:29 - [TEST_STEP][PASSED] - delay(1): Delayed 1 second(s)

2019-04-03 15:44:30 - [MESSAGE][PASSED] - Delayed 1 second(s)

2019-04-03 15:44:30 - [TEST_STEP][PASSED] - setText(findTestObject("Admin Console ePulse Menu/Poll Workers/New Poll Worker Class/Address Information/Location"), findTestData("PollWorker - Classes").getValue("Location", row)): Text 'Civic Center' is set on object 'Object Repository/Admin Console ePulse Menu/Poll Workers/New Poll Worker Class/Address Information/Location'

2019-04-03 15:44:30 - [MESSAGE][PASSED] - Text 'Civic Center' is set on object 'Object Repository/Admin Console ePulse Menu/Poll Workers/New Poll Worker Class/Address Information/Location'

2019-04-03 15:44:30 - [TEST_STEP][PASSED] - delay(1): Delayed 1 second(s)

2019-04-03 15:44:31 - [MESSAGE][PASSED] - Delayed 1 second(s)

2019-04-03 15:44:31 - [TEST_STEP][PASSED] - doubleClick(findTestObject("Admin Console ePulse Menu/Poll Workers/New Poll Worker Class/Class Information/Date")): Object: 'Object Repository/Admin Console ePulse Menu/Poll Workers/New Poll Worker Class/Class Information/Date' is double clicked on

2019-04-03 15:44:31 - [MESSAGE][PASSED] - Object: 'Object Repository/Admin Console ePulse Menu/Poll Workers/New Poll Worker Class/Class Information/Date' is double clicked on

2019-04-03 15:44:31 - [TEST_STEP][PASSED] - delay(1): Delayed 1 second(s)

2019-04-03 15:44:32 - [MESSAGE][PASSED] - Delayed 1 second(s)

2019-04-03 15:44:32 - [TEST_STEP][PASSED] - setText(findTestObject("Admin Console ePulse Menu/Poll Workers/New Poll Worker Class/Class Information/Rate"), findTestData("PollWorker - Classes").getValue("Rate", row)): Text '11' is set on object 'Object Repository/Admin Console ePulse Menu/Poll Workers/New Poll Worker Class/Class Information/Rate'

2019-04-03 15:44:33 - [MESSAGE][PASSED] - Text '11' is set on object 'Object Repository/Admin Console ePulse Menu/Poll Workers/New Poll Worker Class/Class Information/Rate'

2019-04-03 15:44:33 - [TEST_STEP][PASSED] - delay(1): Delayed 1 second(s)

2019-04-03 15:44:34 - [MESSAGE][PASSED] - Delayed 1 second(s)

2019-04-03 15:44:34 - [TEST_STEP][PASSED] - setText(findTestObject("Admin Console ePulse Menu/Poll Workers/New Poll Worker Class/Class Information/Class Description"), findTestData("PollWorker - Classes").getValue("Descript", row)): Text 'Training Class Civic Center' is set on object 'Object Repository/Admin Console ePulse Menu/Poll Workers/New Poll Worker Class/Class Information/Class Description'

2019-04-03 15:44:34 - [MESSAGE][PASSED] - Text 'Training Class Civic Center' is set on object 'Object Repository/Admin Console ePulse Menu/Poll Workers/New Poll Worker Class/Class Information/Class Description'

2019-04-03 15:44:34 - [TEST_STEP][PASSED] - setText(findTestObject("Admin Console ePulse Menu/Poll Workers/New Poll Worker Class/Class Information/Name"), findTestData("PollWorker - Classes").getValue("Name", row)): Text 'Training Class2' is set on object 'Object Repository/Admin Console ePulse Menu/Poll Workers/New Poll Worker Class/Class Information/Name'

2019-04-03 15:44:34 - [MESSAGE][PASSED] - Text 'Training Class2' is set on object 'Object Repository/Admin Console ePulse Menu/Poll Workers/New Poll Worker Class/Class Information/Name'

2019-04-03 15:44:34 - [TEST_STEP][PASSED] - delay(1): Delayed 1 second(s)

2019-04-03 15:44:35 - [MESSAGE][PASSED] - Delayed 1 second(s)

2019-04-03 15:44:35 - [TEST_STEP][PASSED] - click(findTestObject("Admin Console ePulse Menu/Poll Workers/New Poll Worker Class/Address Information/Address Information dropdown")): Object: 'Object Repository/Admin Console ePulse Menu/Poll Workers/New Poll Worker Class/Address Information/Address Information dropdown' is clicked on

2019-04-03 15:44:35 - [MESSAGE][PASSED] - Object: 'Object Repository/Admin Console ePulse Menu/Poll Workers/New Poll Worker Class/Address Information/Address Information dropdown' is clicked on

2019-04-03 15:44:35 - [TEST_STEP][PASSED] - delay(1): Delayed 1 second(s)

2019-04-03 15:44:36 - [MESSAGE][PASSED] - Delayed 1 second(s)

2019-04-03 15:44:36 - [TEST_STEP][PASSED] - setText(findTestObject("Admin Console ePulse Menu/Poll Workers/New Poll Worker Class/Address Information/Address1"), findTestData("PollWorker - Classes").getValue("Address1", row)): Text '3479 Hillmont' is set on object 'Object Repository/Admin Console ePulse Menu/Poll Workers/New Poll Worker Class/Address Information/Address1'

2019-04-03 15:44:36 - [MESSAGE][PASSED] - Text '3479 Hillmont' is set on object 'Object Repository/Admin Console ePulse Menu/Poll Workers/New Poll Worker Class/Address Information/Address1'

2019-04-03 15:44:36 - [TEST_STEP][PASSED] - delay(1): Delayed 1 second(s)

2019-04-03 15:44:37 - [MESSAGE][PASSED] - Delayed 1 second(s)

2019-04-03 15:44:37 - [TEST_STEP][PASSED] - setText(findTestObject("Admin Console ePulse Menu/Poll Workers/New Poll Worker Class/Address Information/Address2"), findTestData("PollWorker - Classes").getValue("Address2", row)): Text 'Suite 302' is set on object 'Object Repository/Admin Console ePulse Menu/Poll Workers/New Poll Worker Class/Address Information/Address2'

2019-04-03 15:44:37 - [MESSAGE][PASSED] - Text 'Suite 302' is set on object 'Object Repository/Admin Console ePulse Menu/Poll Workers/New Poll Worker Class/Address Information/Address2'

2019-04-03 15:44:37 - [TEST_STEP][PASSED] - delay(1): Delayed 1 second(s)

2019-04-03 15:44:38 - [MESSAGE][PASSED] - Delayed 1 second(s)

2019-04-03 15:44:38 - [TEST_STEP][PASSED] - setText(findTestObject("Admin Console ePulse Menu/Poll Workers/New Poll Worker Class/Address Information/City"), findTestData("PollWorker - Classes").getValue("City", row)): Text 'Anywhere' is set on object 'Object Repository/Admin Console ePulse Menu/Poll Workers/New Poll Worker Class/Address Information/City'

2019-04-03 15:44:38 - [MESSAGE][PASSED] - Text 'Anywhere' is set on object 'Object Repository/Admin Console ePulse Menu/Poll Workers/New Poll Worker Class/Address Information/City'

2019-04-03 15:44:38 - [TEST_STEP][PASSED] - delay(1): Delayed 1 second(s)

2019-04-03 15:44:39 - [MESSAGE][PASSED] - Delayed 1 second(s)

2019-04-03 15:44:39 - [TEST_STEP][PASSED] - setText(findTestObject("Admin Console ePulse Menu/Poll Workers/New Poll Worker Class/Address Information/State"), findTestData("PollWorker - Classes").getValue("State", row)): Text 'US' is set on object 'Object Repository/Admin Console ePulse Menu/Poll Workers/New Poll Worker Class/Address Information/State'

2019-04-03 15:44:39 - [MESSAGE][PASSED] - Text 'US' is set on object 'Object Repository/Admin Console ePulse Menu/Poll Workers/New Poll Worker Class/Address Information/State'

2019-04-03 15:44:39 - [TEST_STEP][PASSED] - delay(1): Delayed 1 second(s)

2019-04-03 15:44:40 - [MESSAGE][PASSED] - Delayed 1 second(s)

2019-04-03 15:44:40 - [TEST_STEP][PASSED] - setText(findTestObject("Admin Console ePulse Menu/Poll Workers/New Poll Worker Class/Address Information/Zip"), findTestData("PollWorker - Classes").getValue("Zip", row)): Text '78474' is set on object 'Object Repository/Admin Console ePulse Menu/Poll Workers/New Poll Worker Class/Address Information/Zip'

2019-04-03 15:44:41 - [MESSAGE][PASSED] - Text '78474' is set on object 'Object Repository/Admin Console ePulse Menu/Poll Workers/New Poll Worker Class/Address Information/Zip'

2019-04-03 15:44:41 - [TEST_STEP][PASSED] - delay(1): Delayed 1 second(s)

2019-04-03 15:44:42 - [MESSAGE][PASSED] - Delayed 1 second(s)

2019-04-03 15:44:42 - [TEST_STEP][PASSED] - click(findTestObject("Admin Console ePulse Menu/Poll Workers/New Poll Worker Class/Submit")): Object: 'Object Repository/Admin Console ePulse Menu/Poll Workers/New Poll Worker Class/Submit' is clicked on

2019-04-03 15:44:42 - [MESSAGE][PASSED] - Object: 'Object Repository/Admin Console ePulse Menu/Poll Workers/New Poll Worker Class/Submit' is clicked on

2019-04-03 15:44:42 - [TEST_STEP][PASSED] - navigateToUrl(Poll_Workers_Classes_New): Navigate to 'https://am-automation-test.dev.epulse.io/poll_worker_classes/new' successfully

2019-04-03 15:44:42 - [MESSAGE][PASSED] - Navigate to 'https://am-automation-test.dev.epulse.io/poll_worker_classes/new' successfully

2019-04-03 15:44:42 - [TEST_STEP][PASSED] - click(findTestObject("Admin Console ePulse Menu/Poll Workers/New Poll Worker Class/Class Information/Class Information dropdown")): Object: 'Object Repository/Admin Console ePulse Menu/Poll Workers/New Poll Worker Class/Class Information/Class Information dropdown' is clicked on

2019-04-03 15:44:43 - [MESSAGE][PASSED] - Object: 'Object Repository/Admin Console ePulse Menu/Poll Workers/New Poll Worker Class/Class Information/Class Information dropdown' is clicked on

2019-04-03 15:44:43 - [TEST_STEP][PASSED] - delay(1): Delayed 1 second(s)

2019-04-03 15:44:44 - [MESSAGE][PASSED] - Delayed 1 second(s)

2019-04-03 15:44:44 - [TEST_STEP][PASSED] - setText(findTestObject("Admin Console ePulse Menu/Poll Workers/New Poll Worker Class/Class Information/Name"), findTestData("PollWorker - Classes").getValue("Name", row)): Text 'Training Class3' is set on object 'Object Repository/Admin Console ePulse Menu/Poll Workers/New Poll Worker Class/Class Information/Name'

2019-04-03 15:44:44 - [MESSAGE][PASSED] - Text 'Training Class3' is set on object 'Object Repository/Admin Console ePulse Menu/Poll Workers/New Poll Worker Class/Class Information/Name'

2019-04-03 15:44:44 - [TEST_STEP][PASSED] - delay(1): Delayed 1 second(s)

2019-04-03 15:44:45 - [MESSAGE][PASSED] - Delayed 1 second(s)

2019-04-03 15:44:45 - [TEST_STEP][PASSED] - setText(findTestObject("Admin Console ePulse Menu/Poll Workers/New Poll Worker Class/Class Information/Instructor"), findTestData("PollWorker - Classes").getValue("Instructor", row)): Text 'Jack Johnson3' is set on object 'Object Repository/Admin Console ePulse Menu/Poll Workers/New Poll Worker Class/Class Information/Instructor'

2019-04-03 15:44:45 - [MESSAGE][PASSED] - Text 'Jack Johnson3' is set on object 'Object Repository/Admin Console ePulse Menu/Poll Workers/New Poll Worker Class/Class Information/Instructor'

2019-04-03 15:44:45 - [TEST_STEP][PASSED] - delay(1): Delayed 1 second(s)

2019-04-03 15:44:46 - [MESSAGE][PASSED] - Delayed 1 second(s)

2019-04-03 15:44:46 - [TEST_STEP][PASSED] - setText(findTestObject("Admin Console ePulse Menu/Poll Workers/New Poll Worker Class/Address Information/Location"), findTestData("PollWorker - Classes").getValue("Location", row)): Text 'Civic Center' is set on object 'Object Repository/Admin Console ePulse Menu/Poll Workers/New Poll Worker Class/Address Information/Location'

2019-04-03 15:44:46 - [MESSAGE][PASSED] - Text 'Civic Center' is set on object 'Object Repository/Admin Console ePulse Menu/Poll Workers/New Poll Worker Class/Address Information/Location'

2019-04-03 15:44:46 - [TEST_STEP][PASSED] - delay(1): Delayed 1 second(s)

2019-04-03 15:44:47 - [MESSAGE][PASSED] - Delayed 1 second(s)

2019-04-03 15:44:47 - [TEST_STEP][PASSED] - doubleClick(findTestObject("Admin Console ePulse Menu/Poll Workers/New Poll Worker Class/Class Information/Date")): Object: 'Object Repository/Admin Console ePulse Menu/Poll Workers/New Poll Worker Class/Class Information/Date' is double clicked on

2019-04-03 15:44:47 - [MESSAGE][PASSED] - Object: 'Object Repository/Admin Console ePulse Menu/Poll Workers/New Poll Worker Class/Class Information/Date' is double clicked on

2019-04-03 15:44:47 - [TEST_STEP][PASSED] - delay(1): Delayed 1 second(s)

2019-04-03 15:44:48 - [MESSAGE][PASSED] - Delayed 1 second(s)

2019-04-03 15:44:48 - [TEST_STEP][PASSED] - setText(findTestObject("Admin Console ePulse Menu/Poll Workers/New Poll Worker Class/Class Information/Rate"), findTestData("PollWorker - Classes").getValue("Rate", row)): Text '12' is set on object 'Object Repository/Admin Console ePulse Menu/Poll Workers/New Poll Worker Class/Class Information/Rate'

2019-04-03 15:44:48 - [MESSAGE][PASSED] - Text '12' is set on object 'Object Repository/Admin Console ePulse Menu/Poll Workers/New Poll Worker Class/Class Information/Rate'

2019-04-03 15:44:48 - [TEST_STEP][PASSED] - delay(1): Delayed 1 second(s)

2019-04-03 15:44:49 - [MESSAGE][PASSED] - Delayed 1 second(s)

2019-04-03 15:44:49 - [TEST_STEP][PASSED] - setText(findTestObject("Admin Console ePulse Menu/Poll Workers/New Poll Worker Class/Class Information/Class Description"), findTestData("PollWorker - Classes").getValue("Descript", row)): Text 'Training Class Civic Center' is set on object 'Object Repository/Admin Console ePulse Menu/Poll Workers/New Poll Worker Class/Class Information/Class Description'

2019-04-03 15:44:49 - [MESSAGE][PASSED] - Text 'Training Class Civic Center' is set on object 'Object Repository/Admin Console ePulse Menu/Poll Workers/New Poll Worker Class/Class Information/Class Description'

2019-04-03 15:44:49 - [TEST_STEP][PASSED] - setText(findTestObject("Admin Console ePulse Menu/Poll Workers/New Poll Worker Class/Class Information/Name"), findTestData("PollWorker - Classes").getValue("Name", row)): Text 'Training Class3' is set on object 'Object Repository/Admin Console ePulse Menu/Poll Workers/New Poll Worker Class/Class Information/Name'

2019-04-03 15:44:49 - [MESSAGE][PASSED] - Text 'Training Class3' is set on object 'Object Repository/Admin Console ePulse Menu/Poll Workers/New Poll Worker Class/Class Information/Name'

2019-04-03 15:44:49 - [TEST_STEP][PASSED] - delay(1): Delayed 1 second(s)

2019-04-03 15:44:50 - [MESSAGE][PASSED] - Delayed 1 second(s)

2019-04-03 15:44:50 - [TEST_STEP][PASSED] - click(findTestObject("Admin Console ePulse Menu/Poll Workers/New Poll Worker Class/Address Information/Address Information dropdown")): Object: 'Object Repository/Admin Console ePulse Menu/Poll Workers/New Poll Worker Class/Address Information/Address Information dropdown' is clicked on

2019-04-03 15:44:51 - [MESSAGE][PASSED] - Object: 'Object Repository/Admin Console ePulse Menu/Poll Workers/New Poll Worker Class/Address Information/Address Information dropdown' is clicked on

2019-04-03 15:44:51 - [TEST_STEP][PASSED] - delay(1): Delayed 1 second(s)

2019-04-03 15:44:52 - [MESSAGE][PASSED] - Delayed 1 second(s)

2019-04-03 15:44:52 - [TEST_STEP][PASSED] - setText(findTestObject("Admin Console ePulse Menu/Poll Workers/New Poll Worker Class/Address Information/Address1"), findTestData("PollWorker - Classes").getValue("Address1", row)): Text '3480 Hillmont' is set on object 'Object Repository/Admin Console ePulse Menu/Poll Workers/New Poll Worker Class/Address Information/Address1'

2019-04-03 15:44:52 - [MESSAGE][PASSED] - Text '3480 Hillmont' is set on object 'Object Repository/Admin Console ePulse Menu/Poll Workers/New Poll Worker Class/Address Information/Address1'

2019-04-03 15:44:52 - [TEST_STEP][PASSED] - delay(1): Delayed 1 second(s)

2019-04-03 15:44:53 - [MESSAGE][PASSED] - Delayed 1 second(s)

2019-04-03 15:44:53 - [TEST_STEP][PASSED] - setText(findTestObject("Admin Console ePulse Menu/Poll Workers/New Poll Worker Class/Address Information/Address2"), findTestData("PollWorker - Classes").getValue("Address2", row)): Text 'Suite 303' is set on object 'Object Repository/Admin Console ePulse Menu/Poll Workers/New Poll Worker Class/Address Information/Address2'

2019-04-03 15:44:53 - [MESSAGE][PASSED] - Text 'Suite 303' is set on object 'Object Repository/Admin Console ePulse Menu/Poll Workers/New Poll Worker Class/Address Information/Address2'

2019-04-03 15:44:53 - [TEST_STEP][PASSED] - delay(1): Delayed 1 second(s)

2019-04-03 15:44:54 - [MESSAGE][PASSED] - Delayed 1 second(s)

2019-04-03 15:44:54 - [TEST_STEP][PASSED] - setText(findTestObject("Admin Console ePulse Menu/Poll Workers/New Poll Worker Class/Address Information/City"), findTestData("PollWorker - Classes").getValue("City", row)): Text 'Anywhere' is set on object 'Object Repository/Admin Console ePulse Menu/Poll Workers/New Poll Worker Class/Address Information/City'

2019-04-03 15:44:54 - [MESSAGE][PASSED] - Text 'Anywhere' is set on object 'Object Repository/Admin Console ePulse Menu/Poll Workers/New Poll Worker Class/Address Information/City'

2019-04-03 15:44:54 - [TEST_STEP][PASSED] - delay(1): Delayed 1 second(s)

2019-04-03 15:44:55 - [MESSAGE][PASSED] - Delayed 1 second(s)

2019-04-03 15:44:55 - [TEST_STEP][PASSED] - setText(findTestObject("Admin Console ePulse Menu/Poll Workers/New Poll Worker Class/Address Information/State"), findTestData("PollWorker - Classes").getValue("State", row)): Text 'US' is set on object 'Object Repository/Admin Console ePulse Menu/Poll Workers/New Poll Worker Class/Address Information/State'

2019-04-03 15:44:55 - [MESSAGE][PASSED] - Text 'US' is set on object 'Object Repository/Admin Console ePulse Menu/Poll Workers/New Poll Worker Class/Address Information/State'

2019-04-03 15:44:55 - [TEST_STEP][PASSED] - delay(1): Delayed 1 second(s)

2019-04-03 15:44:56 - [MESSAGE][PASSED] - Delayed 1 second(s)

2019-04-03 15:44:56 - [TEST_STEP][PASSED] - setText(findTestObject("Admin Console ePulse Menu/Poll Workers/New Poll Worker Class/Address Information/Zip"), findTestData("PollWorker - Classes").getValue("Zip", row)): Text '78475' is set on object 'Object Repository/Admin Console ePulse Menu/Poll Workers/New Poll Worker Class/Address Information/Zip'

2019-04-03 15:44:56 - [MESSAGE][PASSED] - Text '78475' is set on object 'Object Repository/Admin Console ePulse Menu/Poll Workers/New Poll Worker Class/Address Information/Zip'

2019-04-03 15:44:56 - [TEST_STEP][PASSED] - delay(1): Delayed 1 second(s)

2019-04-03 15:44:57 - [MESSAGE][PASSED] - Delayed 1 second(s)

2019-04-03 15:44:57 - [TEST_STEP][PASSED] - click(findTestObject("Admin Console ePulse Menu/Poll Workers/New Poll Worker Class/Submit")): Object: 'Object Repository/Admin Console ePulse Menu/Poll Workers/New Poll Worker Class/Submit' is clicked on

2019-04-03 15:44:58 - [MESSAGE][PASSED] - Object: 'Object Repository/Admin Console ePulse Menu/Poll Workers/New Poll Worker Class/Submit' is clicked on

2019-04-03 15:44:58 - [TEST_STEP][PASSED] - closeBrowser(): Browser is closed

2019-04-03 15:44:58 - [MESSAGE][PASSED] - Browser is closed]]></system-out>
         <system-err><![CDATA[]]></system-err>
      </testcase>
      <testcase name="Test Cases/Admin Console/Poll Workers-Election Officials()/POLL WORKER - ROLES" classname="Test Cases/Admin Console/Poll Workers-Election Officials()/POLL WORKER - ROLES" status="FAILED">
         <failure type="FAILED" message="Test Cases/Admin Console/Poll Workers-Election Officials()/POLL WORKER - ROLES FAILED.
Reason:
com.kms.katalon.core.exception.StepFailedException: Unable to set text (Root cause: java.lang.IllegalArgumentException: Object is null)
	at com.kms.katalon.core.keyword.internal.KeywordMain.stepFailed(KeywordMain.groovy:36)
	at com.kms.katalon.core.webui.keyword.internal.WebUIKeywordMain.stepFailed(WebUIKeywordMain.groovy:65)
	at com.kms.katalon.core.webui.keyword.internal.WebUIKeywordMain.runKeyword(WebUIKeywordMain.groovy:27)
	at com.kms.katalon.core.webui.keyword.builtin.SetTextKeyword.setText(SetTextKeyword.groovy:65)
	at com.kms.katalon.core.webui.keyword.builtin.SetTextKeyword.execute(SetTextKeyword.groovy:37)
	at com.kms.katalon.core.keyword.internal.KeywordExecutor.executeKeywordForPlatform(KeywordExecutor.groovy:53)
	at com.kms.katalon.core.webui.keyword.WebUiBuiltInKeywords.setText(WebUiBuiltInKeywords.groovy:950)
	at com.kms.katalon.core.webui.keyword.WebUiBuiltInKeywords$setText$1.call(Unknown Source)
	at POLL WORKER - ROLES.run(POLL WORKER - ROLES:39)
	at com.kms.katalon.core.main.ScriptEngine.run(ScriptEngine.java:194)
	at com.kms.katalon.core.main.ScriptEngine.runScriptAsRawText(ScriptEngine.java:119)
	at com.kms.katalon.core.main.TestCaseExecutor.runScript(TestCaseExecutor.java:328)
	at com.kms.katalon.core.main.TestCaseExecutor.doExecute(TestCaseExecutor.java:319)
	at com.kms.katalon.core.main.TestCaseExecutor.processExecutionPhase(TestCaseExecutor.java:298)
	at com.kms.katalon.core.main.TestCaseExecutor.accessMainPhase(TestCaseExecutor.java:290)
	at com.kms.katalon.core.main.TestCaseExecutor.execute(TestCaseExecutor.java:224)
	at com.kms.katalon.core.main.TestSuiteExecutor.accessTestCaseMainPhase(TestSuiteExecutor.java:129)
	at com.kms.katalon.core.main.TestSuiteExecutor.accessTestSuiteMainPhase(TestSuiteExecutor.java:112)
	at com.kms.katalon.core.main.TestSuiteExecutor.execute(TestSuiteExecutor.java:81)
	at com.kms.katalon.core.main.TestCaseMain.startTestSuite(TestCaseMain.java:149)
	at com.kms.katalon.core.main.TestCaseMain$startTestSuite$0.call(Unknown Source)
	at TempTestSuite1554323608097.run(TempTestSuite1554323608097.groovy:36)
"/>
         <system-out><![CDATA[2019-04-03 15:45:00 - [TEST_CASE][FAILED] - Test Cases/Admin Console/Poll Workers-Election Officials()/POLL WORKER - ROLES: Test Cases/Admin Console/Poll Workers-Election Officials()/POLL WORKER - ROLES FAILED.
Reason:
com.kms.katalon.core.exception.StepFailedException: Unable to set text (Root cause: java.lang.IllegalArgumentException: Object is null)
	at com.kms.katalon.core.keyword.internal.KeywordMain.stepFailed(KeywordMain.groovy:36)
	at com.kms.katalon.core.webui.keyword.internal.WebUIKeywordMain.stepFailed(WebUIKeywordMain.groovy:65)
	at com.kms.katalon.core.webui.keyword.internal.WebUIKeywordMain.runKeyword(WebUIKeywordMain.groovy:27)
	at com.kms.katalon.core.webui.keyword.builtin.SetTextKeyword.setText(SetTextKeyword.groovy:65)
	at com.kms.katalon.core.webui.keyword.builtin.SetTextKeyword.execute(SetTextKeyword.groovy:37)
	at com.kms.katalon.core.keyword.internal.KeywordExecutor.executeKeywordForPlatform(KeywordExecutor.groovy:53)
	at com.kms.katalon.core.webui.keyword.WebUiBuiltInKeywords.setText(WebUiBuiltInKeywords.groovy:950)
	at com.kms.katalon.core.webui.keyword.WebUiBuiltInKeywords$setText$1.call(Unknown Source)
	at POLL WORKER - ROLES.run(POLL WORKER - ROLES:39)
	at com.kms.katalon.core.main.ScriptEngine.run(ScriptEngine.java:194)
	at com.kms.katalon.core.main.ScriptEngine.runScriptAsRawText(ScriptEngine.java:119)
	at com.kms.katalon.core.main.TestCaseExecutor.runScript(TestCaseExecutor.java:328)
	at com.kms.katalon.core.main.TestCaseExecutor.doExecute(TestCaseExecutor.java:319)
	at com.kms.katalon.core.main.TestCaseExecutor.processExecutionPhase(TestCaseExecutor.java:298)
	at com.kms.katalon.core.main.TestCaseExecutor.accessMainPhase(TestCaseExecutor.java:290)
	at com.kms.katalon.core.main.TestCaseExecutor.execute(TestCaseExecutor.java:224)
	at com.kms.katalon.core.main.TestSuiteExecutor.accessTestCaseMainPhase(TestSuiteExecutor.java:129)
	at com.kms.katalon.core.main.TestSuiteExecutor.accessTestSuiteMainPhase(TestSuiteExecutor.java:112)
	at com.kms.katalon.core.main.TestSuiteExecutor.execute(TestSuiteExecutor.java:81)
	at com.kms.katalon.core.main.TestCaseMain.startTestSuite(TestCaseMain.java:149)
	at com.kms.katalon.core.main.TestCaseMain$startTestSuite$0.call(Unknown Source)
	at TempTestSuite1554323608097.run(TempTestSuite1554323608097.groovy:36)


2019-04-03 15:45:00 - [TEST_STEP][PASSED] - openBrowser(""): Browser is opened with url: ''

2019-04-03 15:45:00 - [MESSAGE][INFO] - Starting 'Chrome (headless)' driver

2019-04-03 15:45:01 - [MESSAGE][PASSED] - Browser is opened with url: ''

2019-04-03 15:45:01 - [TEST_STEP][PASSED] - navigateToUrl(URL): Navigate to 'https://dev.epulse.io' successfully

2019-04-03 15:45:02 - [MESSAGE][PASSED] - Navigate to 'https://dev.epulse.io' successfully

2019-04-03 15:45:02 - [TEST_STEP][PASSED] - setText(findTestObject("Login/Email Address"), User_email): Text 'alonzo.mack@knowink.com' is set on object 'Object Repository/Login/Email Address'

2019-04-03 15:45:02 - [MESSAGE][PASSED] - Text 'alonzo.mack@knowink.com' is set on object 'Object Repository/Login/Email Address'

2019-04-03 15:45:02 - [TEST_STEP][PASSED] - setEncryptedText(findTestObject("Login/Password"), Pswrd): Text ****** has been set on object 'Object Repository/Login/Password'

2019-04-03 15:45:02 - [MESSAGE][PASSED] - Text ****** has been set on object 'Object Repository/Login/Password'

2019-04-03 15:45:02 - [TEST_STEP][PASSED] - click(findTestObject("Login/Sign In")): Object: 'Object Repository/Login/Sign In' is clicked on

2019-04-03 15:45:03 - [MESSAGE][PASSED] - Object: 'Object Repository/Login/Sign In' is clicked on

2019-04-03 15:45:03 - [TEST_STEP][FAILED] - setText(findTestObject(null), ""): setText(findTestObject(null), "") FAILED.
Reason:
com.kms.katalon.core.exception.StepFailedException: Unable to set text (Root cause: java.lang.IllegalArgumentException: Object is null)
	at com.kms.katalon.core.keyword.internal.KeywordMain.stepFailed(KeywordMain.groovy:36)
	at com.kms.katalon.core.webui.keyword.internal.WebUIKeywordMain.stepFailed(WebUIKeywordMain.groovy:65)
	at com.kms.katalon.core.webui.keyword.internal.WebUIKeywordMain.runKeyword(WebUIKeywordMain.groovy:27)
	at com.kms.katalon.core.webui.keyword.builtin.SetTextKeyword.setText(SetTextKeyword.groovy:65)
	at com.kms.katalon.core.webui.keyword.builtin.SetTextKeyword.execute(SetTextKeyword.groovy:37)
	at com.kms.katalon.core.keyword.internal.KeywordExecutor.executeKeywordForPlatform(KeywordExecutor.groovy:53)
	at com.kms.katalon.core.webui.keyword.WebUiBuiltInKeywords.setText(WebUiBuiltInKeywords.groovy:950)
	at com.kms.katalon.core.webui.keyword.WebUiBuiltInKeywords$setText$1.call(Unknown Source)
	at POLL WORKER - ROLES.run(POLL WORKER - ROLES:39)
	at com.kms.katalon.core.main.ScriptEngine.run(ScriptEngine.java:194)
	at com.kms.katalon.core.main.ScriptEngine.runScriptAsRawText(ScriptEngine.java:119)
	at com.kms.katalon.core.main.TestCaseExecutor.runScript(TestCaseExecutor.java:328)
	at com.kms.katalon.core.main.TestCaseExecutor.doExecute(TestCaseExecutor.java:319)
	at com.kms.katalon.core.main.TestCaseExecutor.processExecutionPhase(TestCaseExecutor.java:298)
	at com.kms.katalon.core.main.TestCaseExecutor.accessMainPhase(TestCaseExecutor.java:290)
	at com.kms.katalon.core.main.TestCaseExecutor.execute(TestCaseExecutor.java:224)
	at com.kms.katalon.core.main.TestSuiteExecutor.accessTestCaseMainPhase(TestSuiteExecutor.java:129)
	at com.kms.katalon.core.main.TestSuiteExecutor.accessTestSuiteMainPhase(TestSuiteExecutor.java:112)
	at com.kms.katalon.core.main.TestSuiteExecutor.execute(TestSuiteExecutor.java:81)
	at com.kms.katalon.core.main.TestCaseMain.startTestSuite(TestCaseMain.java:149)
	at com.kms.katalon.core.main.TestCaseMain$startTestSuite$0.call(Unknown Source)
	at TempTestSuite1554323608097.run(TempTestSuite1554323608097.groovy:36)


2019-04-03 15:45:03 - [MESSAGE][WARNING] - Test object id is null

2019-04-03 15:45:03 - [MESSAGE][WARNING] - Test object with id 'Object Repository/' does not exist

2019-04-03 15:45:03 - [MESSAGE][FAILED] - Unable to set text (Root cause: java.lang.IllegalArgumentException: Object is null)
[[ATTACHMENT|/Users/alonzomack/Katalon Studio/Regression/Reports/dev_staging ready/20190403_153328/1554324303539.png]]

2019-04-03 15:45:03 - [MESSAGE][FAILED] - setText(findTestObject(null), "") FAILED.
Reason:
com.kms.katalon.core.exception.StepFailedException: Unable to set text (Root cause: java.lang.IllegalArgumentException: Object is null)
	at com.kms.katalon.core.keyword.internal.KeywordMain.stepFailed(KeywordMain.groovy:36)
	at com.kms.katalon.core.webui.keyword.internal.WebUIKeywordMain.stepFailed(WebUIKeywordMain.groovy:65)
	at com.kms.katalon.core.webui.keyword.internal.WebUIKeywordMain.runKeyword(WebUIKeywordMain.groovy:27)
	at com.kms.katalon.core.webui.keyword.builtin.SetTextKeyword.setText(SetTextKeyword.groovy:65)
	at com.kms.katalon.core.webui.keyword.builtin.SetTextKeyword.execute(SetTextKeyword.groovy:37)
	at com.kms.katalon.core.keyword.internal.KeywordExecutor.executeKeywordForPlatform(KeywordExecutor.groovy:53)
	at com.kms.katalon.core.webui.keyword.WebUiBuiltInKeywords.setText(WebUiBuiltInKeywords.groovy:950)
	at com.kms.katalon.core.webui.keyword.WebUiBuiltInKeywords$setText$1.call(Unknown Source)
	at POLL WORKER - ROLES.run(POLL WORKER - ROLES:39)
	at com.kms.katalon.core.main.ScriptEngine.run(ScriptEngine.java:194)
	at com.kms.katalon.core.main.ScriptEngine.runScriptAsRawText(ScriptEngine.java:119)
	at com.kms.katalon.core.main.TestCaseExecutor.runScript(TestCaseExecutor.java:328)
	at com.kms.katalon.core.main.TestCaseExecutor.doExecute(TestCaseExecutor.java:319)
	at com.kms.katalon.core.main.TestCaseExecutor.processExecutionPhase(TestCaseExecutor.java:298)
	at com.kms.katalon.core.main.TestCaseExecutor.accessMainPhase(TestCaseExecutor.java:290)
	at com.kms.katalon.core.main.TestCaseExecutor.execute(TestCaseExecutor.java:224)
	at com.kms.katalon.core.main.TestSuiteExecutor.accessTestCaseMainPhase(TestSuiteExecutor.java:129)
	at com.kms.katalon.core.main.TestSuiteExecutor.accessTestSuiteMainPhase(TestSuiteExecutor.java:112)
	at com.kms.katalon.core.main.TestSuiteExecutor.execute(TestSuiteExecutor.java:81)
	at com.kms.katalon.core.main.TestCaseMain.startTestSuite(TestCaseMain.java:149)
	at com.kms.katalon.core.main.TestCaseMain$startTestSuite$0.call(Unknown Source)
	at TempTestSuite1554323608097.run(TempTestSuite1554323608097.groovy:36)]]></system-out>
         <system-err><![CDATA[2019-04-03 15:45:00 - [TEST_CASE][FAILED] - Test Cases/Admin Console/Poll Workers-Election Officials()/POLL WORKER - ROLES: Test Cases/Admin Console/Poll Workers-Election Officials()/POLL WORKER - ROLES FAILED.
Reason:
com.kms.katalon.core.exception.StepFailedException: Unable to set text (Root cause: java.lang.IllegalArgumentException: Object is null)
	at com.kms.katalon.core.keyword.internal.KeywordMain.stepFailed(KeywordMain.groovy:36)
	at com.kms.katalon.core.webui.keyword.internal.WebUIKeywordMain.stepFailed(WebUIKeywordMain.groovy:65)
	at com.kms.katalon.core.webui.keyword.internal.WebUIKeywordMain.runKeyword(WebUIKeywordMain.groovy:27)
	at com.kms.katalon.core.webui.keyword.builtin.SetTextKeyword.setText(SetTextKeyword.groovy:65)
	at com.kms.katalon.core.webui.keyword.builtin.SetTextKeyword.execute(SetTextKeyword.groovy:37)
	at com.kms.katalon.core.keyword.internal.KeywordExecutor.executeKeywordForPlatform(KeywordExecutor.groovy:53)
	at com.kms.katalon.core.webui.keyword.WebUiBuiltInKeywords.setText(WebUiBuiltInKeywords.groovy:950)
	at com.kms.katalon.core.webui.keyword.WebUiBuiltInKeywords$setText$1.call(Unknown Source)
	at POLL WORKER - ROLES.run(POLL WORKER - ROLES:39)
	at com.kms.katalon.core.main.ScriptEngine.run(ScriptEngine.java:194)
	at com.kms.katalon.core.main.ScriptEngine.runScriptAsRawText(ScriptEngine.java:119)
	at com.kms.katalon.core.main.TestCaseExecutor.runScript(TestCaseExecutor.java:328)
	at com.kms.katalon.core.main.TestCaseExecutor.doExecute(TestCaseExecutor.java:319)
	at com.kms.katalon.core.main.TestCaseExecutor.processExecutionPhase(TestCaseExecutor.java:298)
	at com.kms.katalon.core.main.TestCaseExecutor.accessMainPhase(TestCaseExecutor.java:290)
	at com.kms.katalon.core.main.TestCaseExecutor.execute(TestCaseExecutor.java:224)
	at com.kms.katalon.core.main.TestSuiteExecutor.accessTestCaseMainPhase(TestSuiteExecutor.java:129)
	at com.kms.katalon.core.main.TestSuiteExecutor.accessTestSuiteMainPhase(TestSuiteExecutor.java:112)
	at com.kms.katalon.core.main.TestSuiteExecutor.execute(TestSuiteExecutor.java:81)
	at com.kms.katalon.core.main.TestCaseMain.startTestSuite(TestCaseMain.java:149)
	at com.kms.katalon.core.main.TestCaseMain$startTestSuite$0.call(Unknown Source)
	at TempTestSuite1554323608097.run(TempTestSuite1554323608097.groovy:36)]]></system-err>
      </testcase>
      <testcase name="Test Cases/Admin Console/Poll Workers-Election Officials()/Poll Workers - Manage - ADD" classname="Test Cases/Admin Console/Poll Workers-Election Officials()/Poll Workers - Manage - ADD" status="PASSED">
         <system-out><![CDATA[2019-04-03 15:45:05 - [TEST_CASE][PASSED] - Test Cases/Admin Console/Poll Workers-Election Officials()/Poll Workers - Manage - ADD: Test Cases/Admin Console/Poll Workers-Election Officials()/Poll Workers - Manage - ADD

2019-04-03 15:45:05 - [TEST_STEP][PASSED] - openBrowser(""): Browser is opened with url: ''

2019-04-03 15:45:05 - [MESSAGE][WARNING] - A browser is already opened. Closing browser and opening a new one

2019-04-03 15:45:06 - [MESSAGE][INFO] - Starting 'Chrome (headless)' driver

2019-04-03 15:45:06 - [MESSAGE][PASSED] - Browser is opened with url: ''

2019-04-03 15:45:06 - [TEST_STEP][PASSED] - navigateToUrl(URL): Navigate to 'https://dev.epulse.io' successfully

2019-04-03 15:45:07 - [MESSAGE][PASSED] - Navigate to 'https://dev.epulse.io' successfully

2019-04-03 15:45:07 - [TEST_STEP][PASSED] - setText(findTestObject("Login/Email Address"), User_email): Text 'alonzo.mack@knowink.com' is set on object 'Object Repository/Login/Email Address'

2019-04-03 15:45:07 - [MESSAGE][PASSED] - Text 'alonzo.mack@knowink.com' is set on object 'Object Repository/Login/Email Address'

2019-04-03 15:45:07 - [TEST_STEP][PASSED] - setEncryptedText(findTestObject("Login/Password"), Pswrd): Text ****** has been set on object 'Object Repository/Login/Password'

2019-04-03 15:45:07 - [MESSAGE][PASSED] - Text ****** has been set on object 'Object Repository/Login/Password'

2019-04-03 15:45:07 - [TEST_STEP][PASSED] - click(findTestObject("Login/Sign In")): Object: 'Object Repository/Login/Sign In' is clicked on

2019-04-03 15:45:09 - [MESSAGE][PASSED] - Object: 'Object Repository/Login/Sign In' is clicked on

2019-04-03 15:45:09 - [TEST_STEP][PASSED] - delay(1): Delayed 1 second(s)

2019-04-03 15:45:10 - [MESSAGE][PASSED] - Delayed 1 second(s)

2019-04-03 15:45:10 - [TEST_STEP][PASSED] - for ([row = 1, row <= findTestData("PollWorker - Add").getRowNumbers(), (row++)]): Delayed 1 second(s)

2019-04-03 15:45:10 - [TEST_STEP][PASSED] - navigateToUrl(Poll_Workers): Navigate to 'https://am-automation-test.dev.epulse.io/poll_workers' successfully

2019-04-03 15:45:11 - [MESSAGE][PASSED] - Navigate to 'https://am-automation-test.dev.epulse.io/poll_workers' successfully

2019-04-03 15:45:11 - [TEST_STEP][PASSED] - delay(1): Delayed 1 second(s)

2019-04-03 15:45:12 - [MESSAGE][PASSED] - Delayed 1 second(s)

2019-04-03 15:45:12 - [TEST_STEP][PASSED] - click(findTestObject("Admin Console ePulse Menu/Poll Workers/Poll Workers - Manage Page/Poll Workers (Actions Options)/Actions")): Object: 'Object Repository/Admin Console ePulse Menu/Poll Workers/Poll Workers - Manage Page/Poll Workers (Actions Options)/Actions' is clicked on

2019-04-03 15:45:12 - [MESSAGE][PASSED] - Object: 'Object Repository/Admin Console ePulse Menu/Poll Workers/Poll Workers - Manage Page/Poll Workers (Actions Options)/Actions' is clicked on

2019-04-03 15:45:12 - [TEST_STEP][PASSED] - delay(1): Delayed 1 second(s)

2019-04-03 15:45:13 - [MESSAGE][PASSED] - Delayed 1 second(s)

2019-04-03 15:45:13 - [TEST_STEP][PASSED] - click(findTestObject("Admin Console ePulse Menu/Poll Workers/Poll Workers - Manage Page/Poll Workers (Actions Options)/Add Poll Worker")): Object: 'Object Repository/Admin Console ePulse Menu/Poll Workers/Poll Workers - Manage Page/Poll Workers (Actions Options)/Add Poll Worker' is clicked on

2019-04-03 15:45:13 - [MESSAGE][PASSED] - Object: 'Object Repository/Admin Console ePulse Menu/Poll Workers/Poll Workers - Manage Page/Poll Workers (Actions Options)/Add Poll Worker' is clicked on

2019-04-03 15:45:13 - [TEST_STEP][PASSED] - delay(1): Delayed 1 second(s)

2019-04-03 15:45:14 - [MESSAGE][PASSED] - Delayed 1 second(s)

2019-04-03 15:45:14 - [TEST_STEP][PASSED] - click(findTestObject("Admin Console ePulse Menu/Poll Workers/Poll Workers - Manage Page/New Poll Worker/Personal Information/Personal Information dropdown")): Object: 'Object Repository/Admin Console ePulse Menu/Poll Workers/Poll Workers - Manage Page/New Poll Worker/Personal Information/Personal Information dropdown' is clicked on

2019-04-03 15:45:14 - [MESSAGE][PASSED] - Object: 'Object Repository/Admin Console ePulse Menu/Poll Workers/Poll Workers - Manage Page/New Poll Worker/Personal Information/Personal Information dropdown' is clicked on

2019-04-03 15:45:14 - [TEST_STEP][PASSED] - delay(1): Delayed 1 second(s)

2019-04-03 15:45:15 - [MESSAGE][PASSED] - Delayed 1 second(s)

2019-04-03 15:45:15 - [TEST_STEP][PASSED] - setText(findTestObject("Admin Console ePulse Menu/Poll Workers/Poll Workers - Manage Page/New Poll Worker/Personal Information/input_First Name"), findTestData("PollWorker - Add").getValue("FirstName", row)): Text 'Black' is set on object 'Object Repository/Admin Console ePulse Menu/Poll Workers/Poll Workers - Manage Page/New Poll Worker/Personal Information/input_First Name'

2019-04-03 15:45:16 - [MESSAGE][PASSED] - Text 'Black' is set on object 'Object Repository/Admin Console ePulse Menu/Poll Workers/Poll Workers - Manage Page/New Poll Worker/Personal Information/input_First Name'

2019-04-03 15:45:16 - [TEST_STEP][PASSED] - delay(1): Delayed 1 second(s)

2019-04-03 15:45:17 - [MESSAGE][PASSED] - Delayed 1 second(s)

2019-04-03 15:45:17 - [TEST_STEP][PASSED] - setText(findTestObject("Admin Console ePulse Menu/Poll Workers/Poll Workers - Manage Page/New Poll Worker/Personal Information/input_Middle Name"), findTestData("PollWorker - Add").getValue("MiddleName", row)): Text 'Jack' is set on object 'Object Repository/Admin Console ePulse Menu/Poll Workers/Poll Workers - Manage Page/New Poll Worker/Personal Information/input_Middle Name'

2019-04-03 15:45:17 - [MESSAGE][PASSED] - Text 'Jack' is set on object 'Object Repository/Admin Console ePulse Menu/Poll Workers/Poll Workers - Manage Page/New Poll Worker/Personal Information/input_Middle Name'

2019-04-03 15:45:17 - [TEST_STEP][PASSED] - delay(1): Delayed 1 second(s)

2019-04-03 15:45:18 - [MESSAGE][PASSED] - Delayed 1 second(s)

2019-04-03 15:45:18 - [TEST_STEP][PASSED] - setText(findTestObject("Admin Console ePulse Menu/Poll Workers/Poll Workers - Manage Page/New Poll Worker/Personal Information/input_Last Name"), findTestData("PollWorker - Add").getValue("LastName", row)): Text 'Johnson' is set on object 'Object Repository/Admin Console ePulse Menu/Poll Workers/Poll Workers - Manage Page/New Poll Worker/Personal Information/input_Last Name'

2019-04-03 15:45:18 - [MESSAGE][PASSED] - Text 'Johnson' is set on object 'Object Repository/Admin Console ePulse Menu/Poll Workers/Poll Workers - Manage Page/New Poll Worker/Personal Information/input_Last Name'

2019-04-03 15:45:18 - [TEST_STEP][PASSED] - delay(1): Delayed 1 second(s)

2019-04-03 15:45:19 - [MESSAGE][PASSED] - Delayed 1 second(s)

2019-04-03 15:45:19 - [TEST_STEP][PASSED] - click(findTestObject("Admin Console ePulse Menu/Poll Workers/Poll Workers - Manage Page/New Poll Worker/Personal Information/Party Select/Select DEM")): Object: 'Object Repository/Admin Console ePulse Menu/Poll Workers/Poll Workers - Manage Page/New Poll Worker/Personal Information/Party Select/Select DEM' is clicked on

2019-04-03 15:45:19 - [MESSAGE][PASSED] - Object: 'Object Repository/Admin Console ePulse Menu/Poll Workers/Poll Workers - Manage Page/New Poll Worker/Personal Information/Party Select/Select DEM' is clicked on

2019-04-03 15:45:19 - [TEST_STEP][PASSED] - delay(1): Delayed 1 second(s)

2019-04-03 15:45:20 - [MESSAGE][PASSED] - Delayed 1 second(s)

2019-04-03 15:45:20 - [TEST_STEP][PASSED] - click(findTestObject("Admin Console ePulse Menu/Poll Workers/Poll Workers - Manage Page/New Poll Worker/Personal Information/Status Select/Select Active")): Object: 'Object Repository/Admin Console ePulse Menu/Poll Workers/Poll Workers - Manage Page/New Poll Worker/Personal Information/Status Select/Select Active' is clicked on

2019-04-03 15:45:20 - [MESSAGE][PASSED] - Object: 'Object Repository/Admin Console ePulse Menu/Poll Workers/Poll Workers - Manage Page/New Poll Worker/Personal Information/Status Select/Select Active' is clicked on

2019-04-03 15:45:20 - [TEST_STEP][PASSED] - delay(1): Delayed 1 second(s)

2019-04-03 15:45:21 - [MESSAGE][PASSED] - Delayed 1 second(s)

2019-04-03 15:45:21 - [TEST_STEP][PASSED] - click(findTestObject("Admin Console ePulse Menu/Poll Workers/Poll Workers - Manage Page/New Poll Worker/Poll Pad Login/Poll Pad Login Dropdown")): Object: 'Object Repository/Admin Console ePulse Menu/Poll Workers/Poll Workers - Manage Page/New Poll Worker/Poll Pad Login/Poll Pad Login Dropdown' is clicked on

2019-04-03 15:45:21 - [MESSAGE][PASSED] - Object: 'Object Repository/Admin Console ePulse Menu/Poll Workers/Poll Workers - Manage Page/New Poll Worker/Poll Pad Login/Poll Pad Login Dropdown' is clicked on

2019-04-03 15:45:21 - [TEST_STEP][PASSED] - delay(1): Delayed 1 second(s)

2019-04-03 15:45:22 - [MESSAGE][PASSED] - Delayed 1 second(s)

2019-04-03 15:45:22 - [TEST_STEP][PASSED] - setText(findTestObject("Admin Console ePulse Menu/Poll Workers/Poll Workers - Manage Page/New Poll Worker/Poll Pad Login/input_Username"), findTestData("PollWorker - Add").getValue("UserName", row)): Text 'PW_1' is set on object 'Object Repository/Admin Console ePulse Menu/Poll Workers/Poll Workers - Manage Page/New Poll Worker/Poll Pad Login/input_Username'

2019-04-03 15:45:22 - [MESSAGE][PASSED] - Text 'PW_1' is set on object 'Object Repository/Admin Console ePulse Menu/Poll Workers/Poll Workers - Manage Page/New Poll Worker/Poll Pad Login/input_Username'

2019-04-03 15:45:22 - [TEST_STEP][PASSED] - delay(1): Delayed 1 second(s)

2019-04-03 15:45:23 - [MESSAGE][PASSED] - Delayed 1 second(s)

2019-04-03 15:45:23 - [TEST_STEP][PASSED] - selectOptionByValue(findTestObject("Admin Console ePulse Menu/Poll Workers/Poll Workers - Manage Page/New Poll Worker/Poll Pad Login/Select Poll Worker Type"), "0", false): All options with value '0' are selected in object 'Object Repository/Admin Console ePulse Menu/Poll Workers/Poll Workers - Manage Page/New Poll Worker/Poll Pad Login/Select Poll Worker Type' 

2019-04-03 15:45:23 - [MESSAGE][PASSED] - All options with value '0' are selected in object 'Object Repository/Admin Console ePulse Menu/Poll Workers/Poll Workers - Manage Page/New Poll Worker/Poll Pad Login/Select Poll Worker Type' 

2019-04-03 15:45:23 - [TEST_STEP][PASSED] - setText(findTestObject("Admin Console ePulse Menu/Poll Workers/Poll Workers - Manage Page/New Poll Worker/Poll Pad Login/input_Password"), findTestData("PollWorker - Add").getValue("Password1", row)): Text 'Qwerty1!' is set on object 'Object Repository/Admin Console ePulse Menu/Poll Workers/Poll Workers - Manage Page/New Poll Worker/Poll Pad Login/input_Password'

2019-04-03 15:45:23 - [MESSAGE][PASSED] - Text 'Qwerty1!' is set on object 'Object Repository/Admin Console ePulse Menu/Poll Workers/Poll Workers - Manage Page/New Poll Worker/Poll Pad Login/input_Password'

2019-04-03 15:45:23 - [TEST_STEP][PASSED] - delay(1): Delayed 1 second(s)

2019-04-03 15:45:24 - [MESSAGE][PASSED] - Delayed 1 second(s)

2019-04-03 15:45:24 - [TEST_STEP][PASSED] - setText(findTestObject("Admin Console ePulse Menu/Poll Workers/Poll Workers - Manage Page/New Poll Worker/Poll Pad Login/input_Confirm Password"), findTestData("PollWorker - Add").getValue("Password2", row)): Text 'Qwerty1!' is set on object 'Object Repository/Admin Console ePulse Menu/Poll Workers/Poll Workers - Manage Page/New Poll Worker/Poll Pad Login/input_Confirm Password'

2019-04-03 15:45:24 - [MESSAGE][PASSED] - Text 'Qwerty1!' is set on object 'Object Repository/Admin Console ePulse Menu/Poll Workers/Poll Workers - Manage Page/New Poll Worker/Poll Pad Login/input_Confirm Password'

2019-04-03 15:45:24 - [TEST_STEP][PASSED] - delay(1): Delayed 1 second(s)

2019-04-03 15:45:25 - [MESSAGE][PASSED] - Delayed 1 second(s)

2019-04-03 15:45:25 - [TEST_STEP][PASSED] - click(findTestObject("Admin Console ePulse Menu/Poll Workers/Poll Workers - Manage Page/New Poll Worker/Submit Poll Worker")): Object: 'Object Repository/Admin Console ePulse Menu/Poll Workers/Poll Workers - Manage Page/New Poll Worker/Submit Poll Worker' is clicked on

2019-04-03 15:45:27 - [MESSAGE][PASSED] - Object: 'Object Repository/Admin Console ePulse Menu/Poll Workers/Poll Workers - Manage Page/New Poll Worker/Submit Poll Worker' is clicked on

2019-04-03 15:45:27 - [TEST_STEP][PASSED] - delay(1): Delayed 1 second(s)

2019-04-03 15:45:28 - [MESSAGE][PASSED] - Delayed 1 second(s)

2019-04-03 15:45:28 - [TEST_STEP][PASSED] - navigateToUrl(Poll_Workers): Navigate to 'https://am-automation-test.dev.epulse.io/poll_workers' successfully

2019-04-03 15:45:28 - [MESSAGE][PASSED] - Navigate to 'https://am-automation-test.dev.epulse.io/poll_workers' successfully

2019-04-03 15:45:28 - [TEST_STEP][PASSED] - delay(1): Delayed 1 second(s)

2019-04-03 15:45:29 - [MESSAGE][PASSED] - Delayed 1 second(s)

2019-04-03 15:45:29 - [TEST_STEP][PASSED] - click(findTestObject("Admin Console ePulse Menu/Poll Workers/Poll Workers - Manage Page/Poll Workers (Actions Options)/Actions")): Object: 'Object Repository/Admin Console ePulse Menu/Poll Workers/Poll Workers - Manage Page/Poll Workers (Actions Options)/Actions' is clicked on

2019-04-03 15:45:29 - [MESSAGE][PASSED] - Object: 'Object Repository/Admin Console ePulse Menu/Poll Workers/Poll Workers - Manage Page/Poll Workers (Actions Options)/Actions' is clicked on

2019-04-03 15:45:29 - [TEST_STEP][PASSED] - delay(1): Delayed 1 second(s)

2019-04-03 15:45:30 - [MESSAGE][PASSED] - Delayed 1 second(s)

2019-04-03 15:45:30 - [TEST_STEP][PASSED] - click(findTestObject("Admin Console ePulse Menu/Poll Workers/Poll Workers - Manage Page/Poll Workers (Actions Options)/Add Poll Worker")): Object: 'Object Repository/Admin Console ePulse Menu/Poll Workers/Poll Workers - Manage Page/Poll Workers (Actions Options)/Add Poll Worker' is clicked on

2019-04-03 15:45:30 - [MESSAGE][PASSED] - Object: 'Object Repository/Admin Console ePulse Menu/Poll Workers/Poll Workers - Manage Page/Poll Workers (Actions Options)/Add Poll Worker' is clicked on

2019-04-03 15:45:30 - [TEST_STEP][PASSED] - delay(1): Delayed 1 second(s)

2019-04-03 15:45:31 - [MESSAGE][PASSED] - Delayed 1 second(s)

2019-04-03 15:45:31 - [TEST_STEP][PASSED] - click(findTestObject("Admin Console ePulse Menu/Poll Workers/Poll Workers - Manage Page/New Poll Worker/Personal Information/Personal Information dropdown")): Object: 'Object Repository/Admin Console ePulse Menu/Poll Workers/Poll Workers - Manage Page/New Poll Worker/Personal Information/Personal Information dropdown' is clicked on

2019-04-03 15:45:32 - [MESSAGE][PASSED] - Object: 'Object Repository/Admin Console ePulse Menu/Poll Workers/Poll Workers - Manage Page/New Poll Worker/Personal Information/Personal Information dropdown' is clicked on

2019-04-03 15:45:32 - [TEST_STEP][PASSED] - delay(1): Delayed 1 second(s)

2019-04-03 15:45:33 - [MESSAGE][PASSED] - Delayed 1 second(s)

2019-04-03 15:45:33 - [TEST_STEP][PASSED] - setText(findTestObject("Admin Console ePulse Menu/Poll Workers/Poll Workers - Manage Page/New Poll Worker/Personal Information/input_First Name"), findTestData("PollWorker - Add").getValue("FirstName", row)): Text 'Black1' is set on object 'Object Repository/Admin Console ePulse Menu/Poll Workers/Poll Workers - Manage Page/New Poll Worker/Personal Information/input_First Name'

2019-04-03 15:45:33 - [MESSAGE][PASSED] - Text 'Black1' is set on object 'Object Repository/Admin Console ePulse Menu/Poll Workers/Poll Workers - Manage Page/New Poll Worker/Personal Information/input_First Name'

2019-04-03 15:45:33 - [TEST_STEP][PASSED] - delay(1): Delayed 1 second(s)

2019-04-03 15:45:34 - [MESSAGE][PASSED] - Delayed 1 second(s)

2019-04-03 15:45:34 - [TEST_STEP][PASSED] - setText(findTestObject("Admin Console ePulse Menu/Poll Workers/Poll Workers - Manage Page/New Poll Worker/Personal Information/input_Middle Name"), findTestData("PollWorker - Add").getValue("MiddleName", row)): Text 'Jack1' is set on object 'Object Repository/Admin Console ePulse Menu/Poll Workers/Poll Workers - Manage Page/New Poll Worker/Personal Information/input_Middle Name'

2019-04-03 15:45:34 - [MESSAGE][PASSED] - Text 'Jack1' is set on object 'Object Repository/Admin Console ePulse Menu/Poll Workers/Poll Workers - Manage Page/New Poll Worker/Personal Information/input_Middle Name'

2019-04-03 15:45:34 - [TEST_STEP][PASSED] - delay(1): Delayed 1 second(s)

2019-04-03 15:45:35 - [MESSAGE][PASSED] - Delayed 1 second(s)

2019-04-03 15:45:35 - [TEST_STEP][PASSED] - setText(findTestObject("Admin Console ePulse Menu/Poll Workers/Poll Workers - Manage Page/New Poll Worker/Personal Information/input_Last Name"), findTestData("PollWorker - Add").getValue("LastName", row)): Text 'Johnson1' is set on object 'Object Repository/Admin Console ePulse Menu/Poll Workers/Poll Workers - Manage Page/New Poll Worker/Personal Information/input_Last Name'

2019-04-03 15:45:35 - [MESSAGE][PASSED] - Text 'Johnson1' is set on object 'Object Repository/Admin Console ePulse Menu/Poll Workers/Poll Workers - Manage Page/New Poll Worker/Personal Information/input_Last Name'

2019-04-03 15:45:35 - [TEST_STEP][PASSED] - delay(1): Delayed 1 second(s)

2019-04-03 15:45:36 - [MESSAGE][PASSED] - Delayed 1 second(s)

2019-04-03 15:45:36 - [TEST_STEP][PASSED] - click(findTestObject("Admin Console ePulse Menu/Poll Workers/Poll Workers - Manage Page/New Poll Worker/Personal Information/Party Select/Select DEM")): Object: 'Object Repository/Admin Console ePulse Menu/Poll Workers/Poll Workers - Manage Page/New Poll Worker/Personal Information/Party Select/Select DEM' is clicked on

2019-04-03 15:45:36 - [MESSAGE][PASSED] - Object: 'Object Repository/Admin Console ePulse Menu/Poll Workers/Poll Workers - Manage Page/New Poll Worker/Personal Information/Party Select/Select DEM' is clicked on

2019-04-03 15:45:36 - [TEST_STEP][PASSED] - delay(1): Delayed 1 second(s)

2019-04-03 15:45:37 - [MESSAGE][PASSED] - Delayed 1 second(s)

2019-04-03 15:45:37 - [TEST_STEP][PASSED] - click(findTestObject("Admin Console ePulse Menu/Poll Workers/Poll Workers - Manage Page/New Poll Worker/Personal Information/Status Select/Select Active")): Object: 'Object Repository/Admin Console ePulse Menu/Poll Workers/Poll Workers - Manage Page/New Poll Worker/Personal Information/Status Select/Select Active' is clicked on

2019-04-03 15:45:37 - [MESSAGE][PASSED] - Object: 'Object Repository/Admin Console ePulse Menu/Poll Workers/Poll Workers - Manage Page/New Poll Worker/Personal Information/Status Select/Select Active' is clicked on

2019-04-03 15:45:37 - [TEST_STEP][PASSED] - delay(1): Delayed 1 second(s)

2019-04-03 15:45:38 - [MESSAGE][PASSED] - Delayed 1 second(s)

2019-04-03 15:45:38 - [TEST_STEP][PASSED] - click(findTestObject("Admin Console ePulse Menu/Poll Workers/Poll Workers - Manage Page/New Poll Worker/Poll Pad Login/Poll Pad Login Dropdown")): Object: 'Object Repository/Admin Console ePulse Menu/Poll Workers/Poll Workers - Manage Page/New Poll Worker/Poll Pad Login/Poll Pad Login Dropdown' is clicked on

2019-04-03 15:45:38 - [MESSAGE][PASSED] - Object: 'Object Repository/Admin Console ePulse Menu/Poll Workers/Poll Workers - Manage Page/New Poll Worker/Poll Pad Login/Poll Pad Login Dropdown' is clicked on

2019-04-03 15:45:38 - [TEST_STEP][PASSED] - delay(1): Delayed 1 second(s)

2019-04-03 15:45:39 - [MESSAGE][PASSED] - Delayed 1 second(s)

2019-04-03 15:45:39 - [TEST_STEP][PASSED] - setText(findTestObject("Admin Console ePulse Menu/Poll Workers/Poll Workers - Manage Page/New Poll Worker/Poll Pad Login/input_Username"), findTestData("PollWorker - Add").getValue("UserName", row)): Text 'PW_2' is set on object 'Object Repository/Admin Console ePulse Menu/Poll Workers/Poll Workers - Manage Page/New Poll Worker/Poll Pad Login/input_Username'

2019-04-03 15:45:39 - [MESSAGE][PASSED] - Text 'PW_2' is set on object 'Object Repository/Admin Console ePulse Menu/Poll Workers/Poll Workers - Manage Page/New Poll Worker/Poll Pad Login/input_Username'

2019-04-03 15:45:39 - [TEST_STEP][PASSED] - delay(1): Delayed 1 second(s)

2019-04-03 15:45:40 - [MESSAGE][PASSED] - Delayed 1 second(s)

2019-04-03 15:45:40 - [TEST_STEP][PASSED] - selectOptionByValue(findTestObject("Admin Console ePulse Menu/Poll Workers/Poll Workers - Manage Page/New Poll Worker/Poll Pad Login/Select Poll Worker Type"), "0", false): All options with value '0' are selected in object 'Object Repository/Admin Console ePulse Menu/Poll Workers/Poll Workers - Manage Page/New Poll Worker/Poll Pad Login/Select Poll Worker Type' 

2019-04-03 15:45:40 - [MESSAGE][PASSED] - All options with value '0' are selected in object 'Object Repository/Admin Console ePulse Menu/Poll Workers/Poll Workers - Manage Page/New Poll Worker/Poll Pad Login/Select Poll Worker Type' 

2019-04-03 15:45:40 - [TEST_STEP][PASSED] - setText(findTestObject("Admin Console ePulse Menu/Poll Workers/Poll Workers - Manage Page/New Poll Worker/Poll Pad Login/input_Password"), findTestData("PollWorker - Add").getValue("Password1", row)): Text 'Qwerty1!' is set on object 'Object Repository/Admin Console ePulse Menu/Poll Workers/Poll Workers - Manage Page/New Poll Worker/Poll Pad Login/input_Password'

2019-04-03 15:45:40 - [MESSAGE][PASSED] - Text 'Qwerty1!' is set on object 'Object Repository/Admin Console ePulse Menu/Poll Workers/Poll Workers - Manage Page/New Poll Worker/Poll Pad Login/input_Password'

2019-04-03 15:45:40 - [TEST_STEP][PASSED] - delay(1): Delayed 1 second(s)

2019-04-03 15:45:41 - [MESSAGE][PASSED] - Delayed 1 second(s)

2019-04-03 15:45:41 - [TEST_STEP][PASSED] - setText(findTestObject("Admin Console ePulse Menu/Poll Workers/Poll Workers - Manage Page/New Poll Worker/Poll Pad Login/input_Confirm Password"), findTestData("PollWorker - Add").getValue("Password2", row)): Text 'Qwerty1!' is set on object 'Object Repository/Admin Console ePulse Menu/Poll Workers/Poll Workers - Manage Page/New Poll Worker/Poll Pad Login/input_Confirm Password'

2019-04-03 15:45:41 - [MESSAGE][PASSED] - Text 'Qwerty1!' is set on object 'Object Repository/Admin Console ePulse Menu/Poll Workers/Poll Workers - Manage Page/New Poll Worker/Poll Pad Login/input_Confirm Password'

2019-04-03 15:45:41 - [TEST_STEP][PASSED] - delay(1): Delayed 1 second(s)

2019-04-03 15:45:42 - [MESSAGE][PASSED] - Delayed 1 second(s)

2019-04-03 15:45:42 - [TEST_STEP][PASSED] - click(findTestObject("Admin Console ePulse Menu/Poll Workers/Poll Workers - Manage Page/New Poll Worker/Submit Poll Worker")): Object: 'Object Repository/Admin Console ePulse Menu/Poll Workers/Poll Workers - Manage Page/New Poll Worker/Submit Poll Worker' is clicked on

2019-04-03 15:45:44 - [MESSAGE][PASSED] - Object: 'Object Repository/Admin Console ePulse Menu/Poll Workers/Poll Workers - Manage Page/New Poll Worker/Submit Poll Worker' is clicked on

2019-04-03 15:45:44 - [TEST_STEP][PASSED] - delay(1): Delayed 1 second(s)

2019-04-03 15:45:45 - [MESSAGE][PASSED] - Delayed 1 second(s)

2019-04-03 15:45:45 - [TEST_STEP][PASSED] - navigateToUrl(Poll_Workers): Navigate to 'https://am-automation-test.dev.epulse.io/poll_workers' successfully

2019-04-03 15:45:45 - [MESSAGE][PASSED] - Navigate to 'https://am-automation-test.dev.epulse.io/poll_workers' successfully

2019-04-03 15:45:45 - [TEST_STEP][PASSED] - delay(1): Delayed 1 second(s)

2019-04-03 15:45:46 - [MESSAGE][PASSED] - Delayed 1 second(s)

2019-04-03 15:45:46 - [TEST_STEP][PASSED] - click(findTestObject("Admin Console ePulse Menu/Poll Workers/Poll Workers - Manage Page/Poll Workers (Actions Options)/Actions")): Object: 'Object Repository/Admin Console ePulse Menu/Poll Workers/Poll Workers - Manage Page/Poll Workers (Actions Options)/Actions' is clicked on

2019-04-03 15:45:46 - [MESSAGE][PASSED] - Object: 'Object Repository/Admin Console ePulse Menu/Poll Workers/Poll Workers - Manage Page/Poll Workers (Actions Options)/Actions' is clicked on

2019-04-03 15:45:46 - [TEST_STEP][PASSED] - delay(1): Delayed 1 second(s)

2019-04-03 15:45:47 - [MESSAGE][PASSED] - Delayed 1 second(s)

2019-04-03 15:45:47 - [TEST_STEP][PASSED] - click(findTestObject("Admin Console ePulse Menu/Poll Workers/Poll Workers - Manage Page/Poll Workers (Actions Options)/Add Poll Worker")): Object: 'Object Repository/Admin Console ePulse Menu/Poll Workers/Poll Workers - Manage Page/Poll Workers (Actions Options)/Add Poll Worker' is clicked on

2019-04-03 15:45:47 - [MESSAGE][PASSED] - Object: 'Object Repository/Admin Console ePulse Menu/Poll Workers/Poll Workers - Manage Page/Poll Workers (Actions Options)/Add Poll Worker' is clicked on

2019-04-03 15:45:47 - [TEST_STEP][PASSED] - delay(1): Delayed 1 second(s)

2019-04-03 15:45:48 - [MESSAGE][PASSED] - Delayed 1 second(s)

2019-04-03 15:45:48 - [TEST_STEP][PASSED] - click(findTestObject("Admin Console ePulse Menu/Poll Workers/Poll Workers - Manage Page/New Poll Worker/Personal Information/Personal Information dropdown")): Object: 'Object Repository/Admin Console ePulse Menu/Poll Workers/Poll Workers - Manage Page/New Poll Worker/Personal Information/Personal Information dropdown' is clicked on

2019-04-03 15:45:48 - [MESSAGE][PASSED] - Object: 'Object Repository/Admin Console ePulse Menu/Poll Workers/Poll Workers - Manage Page/New Poll Worker/Personal Information/Personal Information dropdown' is clicked on

2019-04-03 15:45:48 - [TEST_STEP][PASSED] - delay(1): Delayed 1 second(s)

2019-04-03 15:45:49 - [MESSAGE][PASSED] - Delayed 1 second(s)

2019-04-03 15:45:49 - [TEST_STEP][PASSED] - setText(findTestObject("Admin Console ePulse Menu/Poll Workers/Poll Workers - Manage Page/New Poll Worker/Personal Information/input_First Name"), findTestData("PollWorker - Add").getValue("FirstName", row)): Text 'Black2' is set on object 'Object Repository/Admin Console ePulse Menu/Poll Workers/Poll Workers - Manage Page/New Poll Worker/Personal Information/input_First Name'

2019-04-03 15:45:49 - [MESSAGE][PASSED] - Text 'Black2' is set on object 'Object Repository/Admin Console ePulse Menu/Poll Workers/Poll Workers - Manage Page/New Poll Worker/Personal Information/input_First Name'

2019-04-03 15:45:49 - [TEST_STEP][PASSED] - delay(1): Delayed 1 second(s)

2019-04-03 15:45:50 - [MESSAGE][PASSED] - Delayed 1 second(s)

2019-04-03 15:45:50 - [TEST_STEP][PASSED] - setText(findTestObject("Admin Console ePulse Menu/Poll Workers/Poll Workers - Manage Page/New Poll Worker/Personal Information/input_Middle Name"), findTestData("PollWorker - Add").getValue("MiddleName", row)): Text 'Jack2' is set on object 'Object Repository/Admin Console ePulse Menu/Poll Workers/Poll Workers - Manage Page/New Poll Worker/Personal Information/input_Middle Name'

2019-04-03 15:45:51 - [MESSAGE][PASSED] - Text 'Jack2' is set on object 'Object Repository/Admin Console ePulse Menu/Poll Workers/Poll Workers - Manage Page/New Poll Worker/Personal Information/input_Middle Name'

2019-04-03 15:45:51 - [TEST_STEP][PASSED] - delay(1): Delayed 1 second(s)

2019-04-03 15:45:52 - [MESSAGE][PASSED] - Delayed 1 second(s)

2019-04-03 15:45:52 - [TEST_STEP][PASSED] - setText(findTestObject("Admin Console ePulse Menu/Poll Workers/Poll Workers - Manage Page/New Poll Worker/Personal Information/input_Last Name"), findTestData("PollWorker - Add").getValue("LastName", row)): Text 'Johnson2' is set on object 'Object Repository/Admin Console ePulse Menu/Poll Workers/Poll Workers - Manage Page/New Poll Worker/Personal Information/input_Last Name'

2019-04-03 15:45:52 - [MESSAGE][PASSED] - Text 'Johnson2' is set on object 'Object Repository/Admin Console ePulse Menu/Poll Workers/Poll Workers - Manage Page/New Poll Worker/Personal Information/input_Last Name'

2019-04-03 15:45:52 - [TEST_STEP][PASSED] - delay(1): Delayed 1 second(s)

2019-04-03 15:45:53 - [MESSAGE][PASSED] - Delayed 1 second(s)

2019-04-03 15:45:53 - [TEST_STEP][PASSED] - click(findTestObject("Admin Console ePulse Menu/Poll Workers/Poll Workers - Manage Page/New Poll Worker/Personal Information/Party Select/Select DEM")): Object: 'Object Repository/Admin Console ePulse Menu/Poll Workers/Poll Workers - Manage Page/New Poll Worker/Personal Information/Party Select/Select DEM' is clicked on

2019-04-03 15:45:53 - [MESSAGE][PASSED] - Object: 'Object Repository/Admin Console ePulse Menu/Poll Workers/Poll Workers - Manage Page/New Poll Worker/Personal Information/Party Select/Select DEM' is clicked on

2019-04-03 15:45:53 - [TEST_STEP][PASSED] - delay(1): Delayed 1 second(s)

2019-04-03 15:45:54 - [MESSAGE][PASSED] - Delayed 1 second(s)

2019-04-03 15:45:54 - [TEST_STEP][PASSED] - click(findTestObject("Admin Console ePulse Menu/Poll Workers/Poll Workers - Manage Page/New Poll Worker/Personal Information/Status Select/Select Active")): Object: 'Object Repository/Admin Console ePulse Menu/Poll Workers/Poll Workers - Manage Page/New Poll Worker/Personal Information/Status Select/Select Active' is clicked on

2019-04-03 15:45:54 - [MESSAGE][PASSED] - Object: 'Object Repository/Admin Console ePulse Menu/Poll Workers/Poll Workers - Manage Page/New Poll Worker/Personal Information/Status Select/Select Active' is clicked on

2019-04-03 15:45:54 - [TEST_STEP][PASSED] - delay(1): Delayed 1 second(s)

2019-04-03 15:45:55 - [MESSAGE][PASSED] - Delayed 1 second(s)

2019-04-03 15:45:55 - [TEST_STEP][PASSED] - click(findTestObject("Admin Console ePulse Menu/Poll Workers/Poll Workers - Manage Page/New Poll Worker/Poll Pad Login/Poll Pad Login Dropdown")): Object: 'Object Repository/Admin Console ePulse Menu/Poll Workers/Poll Workers - Manage Page/New Poll Worker/Poll Pad Login/Poll Pad Login Dropdown' is clicked on

2019-04-03 15:45:55 - [MESSAGE][PASSED] - Object: 'Object Repository/Admin Console ePulse Menu/Poll Workers/Poll Workers - Manage Page/New Poll Worker/Poll Pad Login/Poll Pad Login Dropdown' is clicked on

2019-04-03 15:45:55 - [TEST_STEP][PASSED] - delay(1): Delayed 1 second(s)

2019-04-03 15:45:56 - [MESSAGE][PASSED] - Delayed 1 second(s)

2019-04-03 15:45:56 - [TEST_STEP][PASSED] - setText(findTestObject("Admin Console ePulse Menu/Poll Workers/Poll Workers - Manage Page/New Poll Worker/Poll Pad Login/input_Username"), findTestData("PollWorker - Add").getValue("UserName", row)): Text 'PW_3' is set on object 'Object Repository/Admin Console ePulse Menu/Poll Workers/Poll Workers - Manage Page/New Poll Worker/Poll Pad Login/input_Username'

2019-04-03 15:45:56 - [MESSAGE][PASSED] - Text 'PW_3' is set on object 'Object Repository/Admin Console ePulse Menu/Poll Workers/Poll Workers - Manage Page/New Poll Worker/Poll Pad Login/input_Username'

2019-04-03 15:45:56 - [TEST_STEP][PASSED] - delay(1): Delayed 1 second(s)

2019-04-03 15:45:57 - [MESSAGE][PASSED] - Delayed 1 second(s)

2019-04-03 15:45:57 - [TEST_STEP][PASSED] - selectOptionByValue(findTestObject("Admin Console ePulse Menu/Poll Workers/Poll Workers - Manage Page/New Poll Worker/Poll Pad Login/Select Poll Worker Type"), "0", false): All options with value '0' are selected in object 'Object Repository/Admin Console ePulse Menu/Poll Workers/Poll Workers - Manage Page/New Poll Worker/Poll Pad Login/Select Poll Worker Type' 

2019-04-03 15:45:57 - [MESSAGE][PASSED] - All options with value '0' are selected in object 'Object Repository/Admin Console ePulse Menu/Poll Workers/Poll Workers - Manage Page/New Poll Worker/Poll Pad Login/Select Poll Worker Type' 

2019-04-03 15:45:57 - [TEST_STEP][PASSED] - setText(findTestObject("Admin Console ePulse Menu/Poll Workers/Poll Workers - Manage Page/New Poll Worker/Poll Pad Login/input_Password"), findTestData("PollWorker - Add").getValue("Password1", row)): Text 'Qwerty1!' is set on object 'Object Repository/Admin Console ePulse Menu/Poll Workers/Poll Workers - Manage Page/New Poll Worker/Poll Pad Login/input_Password'

2019-04-03 15:45:57 - [MESSAGE][PASSED] - Text 'Qwerty1!' is set on object 'Object Repository/Admin Console ePulse Menu/Poll Workers/Poll Workers - Manage Page/New Poll Worker/Poll Pad Login/input_Password'

2019-04-03 15:45:57 - [TEST_STEP][PASSED] - delay(1): Delayed 1 second(s)

2019-04-03 15:45:58 - [MESSAGE][PASSED] - Delayed 1 second(s)

2019-04-03 15:45:58 - [TEST_STEP][PASSED] - setText(findTestObject("Admin Console ePulse Menu/Poll Workers/Poll Workers - Manage Page/New Poll Worker/Poll Pad Login/input_Confirm Password"), findTestData("PollWorker - Add").getValue("Password2", row)): Text 'Qwerty1!' is set on object 'Object Repository/Admin Console ePulse Menu/Poll Workers/Poll Workers - Manage Page/New Poll Worker/Poll Pad Login/input_Confirm Password'

2019-04-03 15:45:58 - [MESSAGE][PASSED] - Text 'Qwerty1!' is set on object 'Object Repository/Admin Console ePulse Menu/Poll Workers/Poll Workers - Manage Page/New Poll Worker/Poll Pad Login/input_Confirm Password'

2019-04-03 15:45:58 - [TEST_STEP][PASSED] - delay(1): Delayed 1 second(s)

2019-04-03 15:45:59 - [MESSAGE][PASSED] - Delayed 1 second(s)

2019-04-03 15:45:59 - [TEST_STEP][PASSED] - click(findTestObject("Admin Console ePulse Menu/Poll Workers/Poll Workers - Manage Page/New Poll Worker/Submit Poll Worker")): Object: 'Object Repository/Admin Console ePulse Menu/Poll Workers/Poll Workers - Manage Page/New Poll Worker/Submit Poll Worker' is clicked on

2019-04-03 15:46:00 - [MESSAGE][PASSED] - Object: 'Object Repository/Admin Console ePulse Menu/Poll Workers/Poll Workers - Manage Page/New Poll Worker/Submit Poll Worker' is clicked on

2019-04-03 15:46:00 - [TEST_STEP][PASSED] - delay(1): Delayed 1 second(s)

2019-04-03 15:46:01 - [MESSAGE][PASSED] - Delayed 1 second(s)

2019-04-03 15:46:01 - [TEST_STEP][PASSED] - verifyTextPresent("PW", true): Text 'PW' is present on page  using regular expression

2019-04-03 15:46:01 - [MESSAGE][PASSED] - Text 'PW' is present on page  using regular expression

2019-04-03 15:46:01 - [TEST_STEP][PASSED] - closeBrowser(): Browser is closed

2019-04-03 15:46:01 - [MESSAGE][PASSED] - Browser is closed]]></system-out>
         <system-err><![CDATA[]]></system-err>
      </testcase>
      <testcase name="Test Cases/Admin Console/Poll Workers-Election Officials()/Poll Workers - Manage - Import" classname="Test Cases/Admin Console/Poll Workers-Election Officials()/Poll Workers - Manage - Import" status="PASSED">
         <system-out><![CDATA[2019-04-03 15:46:03 - [TEST_CASE][PASSED] - Test Cases/Admin Console/Poll Workers-Election Officials()/Poll Workers - Manage - Import: Test Cases/Admin Console/Poll Workers-Election Officials()/Poll Workers - Manage - Import

2019-04-03 15:46:04 - [TEST_STEP][PASSED] - openBrowser(""): Browser is opened with url: ''

2019-04-03 15:46:04 - [MESSAGE][INFO] - Starting 'Chrome (headless)' driver

2019-04-03 15:46:04 - [MESSAGE][PASSED] - Browser is opened with url: ''

2019-04-03 15:46:04 - [TEST_STEP][PASSED] - navigateToUrl(URL): Navigate to 'https://dev.epulse.io' successfully

2019-04-03 15:46:08 - [MESSAGE][PASSED] - Navigate to 'https://dev.epulse.io' successfully

2019-04-03 15:46:08 - [TEST_STEP][PASSED] - setText(findTestObject("Login/Email Address"), User_email): Text 'alonzo.mack@knowink.com' is set on object 'Object Repository/Login/Email Address'

2019-04-03 15:46:08 - [MESSAGE][PASSED] - Text 'alonzo.mack@knowink.com' is set on object 'Object Repository/Login/Email Address'

2019-04-03 15:46:08 - [TEST_STEP][PASSED] - setEncryptedText(findTestObject("Login/Password"), Pswrd): Text ****** has been set on object 'Object Repository/Login/Password'

2019-04-03 15:46:09 - [MESSAGE][PASSED] - Text ****** has been set on object 'Object Repository/Login/Password'

2019-04-03 15:46:09 - [TEST_STEP][PASSED] - click(findTestObject("Login/Sign In")): Object: 'Object Repository/Login/Sign In' is clicked on

2019-04-03 15:46:09 - [MESSAGE][PASSED] - Object: 'Object Repository/Login/Sign In' is clicked on

2019-04-03 15:46:09 - [TEST_STEP][PASSED] - delay(1): Delayed 1 second(s)

2019-04-03 15:46:10 - [MESSAGE][PASSED] - Delayed 1 second(s)

2019-04-03 15:46:10 - [TEST_STEP][PASSED] - navigateToUrl(Poll_Workers, STOP_ON_FAILURE): Navigate to 'https://am-automation-test.dev.epulse.io/poll_workers' successfully

2019-04-03 15:46:11 - [MESSAGE][PASSED] - Navigate to 'https://am-automation-test.dev.epulse.io/poll_workers' successfully

2019-04-03 15:46:11 - [TEST_STEP][PASSED] - delay(1): Delayed 1 second(s)

2019-04-03 15:46:12 - [MESSAGE][PASSED] - Delayed 1 second(s)

2019-04-03 15:46:12 - [TEST_STEP][PASSED] - click(findTestObject("Admin Console ePulse Menu/Poll Workers/Poll Workers - Manage Page/Import Poll Workers")): Object: 'Object Repository/Admin Console ePulse Menu/Poll Workers/Poll Workers - Manage Page/Import Poll Workers' is clicked on

2019-04-03 15:46:13 - [MESSAGE][PASSED] - Object: 'Object Repository/Admin Console ePulse Menu/Poll Workers/Poll Workers - Manage Page/Import Poll Workers' is clicked on

2019-04-03 15:46:13 - [TEST_STEP][PASSED] - setText(findTestObject("Admin Console ePulse Menu/Account Settings/Prompts/Import Prompts Buttons/Choose File"), "/Users/alonzomack/Downloads/Automation uploads/poll_workers.csv"): Text '/Users/alonzomack/Downloads/Automation uploads/poll_workers.csv' is set on object 'Object Repository/Admin Console ePulse Menu/Account Settings/Prompts/Import Prompts Buttons/Choose File'

2019-04-03 15:46:13 - [MESSAGE][PASSED] - Text '/Users/alonzomack/Downloads/Automation uploads/poll_workers.csv' is set on object 'Object Repository/Admin Console ePulse Menu/Account Settings/Prompts/Import Prompts Buttons/Choose File'

2019-04-03 15:46:13 - [TEST_STEP][PASSED] - click(findTestObject("Admin Console ePulse Menu/Account Settings/Prompts/Import Prompts Buttons/Continue Button")): Object: 'Object Repository/Admin Console ePulse Menu/Account Settings/Prompts/Import Prompts Buttons/Continue Button' is clicked on

2019-04-03 15:46:13 - [MESSAGE][PASSED] - Object: 'Object Repository/Admin Console ePulse Menu/Account Settings/Prompts/Import Prompts Buttons/Continue Button' is clicked on

2019-04-03 15:46:13 - [TEST_STEP][PASSED] - delay(1): Delayed 1 second(s)

2019-04-03 15:46:14 - [MESSAGE][PASSED] - Delayed 1 second(s)

2019-04-03 15:46:14 - [TEST_STEP][PASSED] - click(findTestObject("Admin Console ePulse Menu/Account Settings/Prompts/Import Prompts Buttons/button_Done(working)")): Object: 'Object Repository/Admin Console ePulse Menu/Account Settings/Prompts/Import Prompts Buttons/button_Done(working)' is clicked on

2019-04-03 15:46:17 - [MESSAGE][PASSED] - Object: 'Object Repository/Admin Console ePulse Menu/Account Settings/Prompts/Import Prompts Buttons/button_Done(working)' is clicked on

2019-04-03 15:46:17 - [TEST_STEP][PASSED] - delay(1): Delayed 1 second(s)

2019-04-03 15:46:18 - [MESSAGE][PASSED] - Delayed 1 second(s)

2019-04-03 15:46:18 - [TEST_STEP][PASSED] - closeBrowser(): Browser is closed

2019-04-03 15:46:18 - [MESSAGE][PASSED] - Browser is closed]]></system-out>
         <system-err><![CDATA[]]></system-err>
      </testcase>
      <testcase name="Test Cases/Admin Console/Account Settings/Users()/Account Settings - New User(basic_Rover.Technician)" classname="Test Cases/Admin Console/Account Settings/Users()/Account Settings - New User(basic_Rover.Technician)" status="PASSED">
         <system-out><![CDATA[2019-04-03 15:46:21 - [TEST_CASE][PASSED] - Test Cases/Admin Console/Account Settings/Users()/Account Settings - New User(basic_Rover.Technician): Test Cases/Admin Console/Account Settings/Users()/Account Settings - New User(basic_Rover.Technician)

2019-04-03 15:46:21 - [TEST_STEP][PASSED] - openBrowser(""): Browser is opened with url: ''

2019-04-03 15:46:21 - [MESSAGE][INFO] - Starting 'Chrome (headless)' driver

2019-04-03 15:46:21 - [MESSAGE][PASSED] - Browser is opened with url: ''

2019-04-03 15:46:21 - [TEST_STEP][PASSED] - navigateToUrl(URL): Navigate to 'https://dev.epulse.io' successfully

2019-04-03 15:46:22 - [MESSAGE][PASSED] - Navigate to 'https://dev.epulse.io' successfully

2019-04-03 15:46:22 - [TEST_STEP][PASSED] - setText(findTestObject("Login/Email Address"), User_email): Text 'alonzo.mack@knowink.com' is set on object 'Object Repository/Login/Email Address'

2019-04-03 15:46:23 - [MESSAGE][PASSED] - Text 'alonzo.mack@knowink.com' is set on object 'Object Repository/Login/Email Address'

2019-04-03 15:46:23 - [TEST_STEP][PASSED] - setEncryptedText(findTestObject("Login/Password"), Pswrd): Text ****** has been set on object 'Object Repository/Login/Password'

2019-04-03 15:46:23 - [MESSAGE][PASSED] - Text ****** has been set on object 'Object Repository/Login/Password'

2019-04-03 15:46:23 - [TEST_STEP][PASSED] - click(findTestObject("Login/Sign In")): Object: 'Object Repository/Login/Sign In' is clicked on

2019-04-03 15:46:23 - [MESSAGE][PASSED] - Object: 'Object Repository/Login/Sign In' is clicked on

2019-04-03 15:46:23 - [TEST_STEP][PASSED] - delay(1): Delayed 1 second(s)

2019-04-03 15:46:24 - [MESSAGE][PASSED] - Delayed 1 second(s)

2019-04-03 15:46:24 - [TEST_STEP][PASSED] - navigateToUrl(Users, STOP_ON_FAILURE): Navigate to 'https://am-automation-test.dev.epulse.io/users' successfully

2019-04-03 15:46:25 - [MESSAGE][PASSED] - Navigate to 'https://am-automation-test.dev.epulse.io/users' successfully

2019-04-03 15:46:25 - [TEST_STEP][PASSED] - delay(1): Delayed 1 second(s)

2019-04-03 15:46:26 - [MESSAGE][PASSED] - Delayed 1 second(s)

2019-04-03 15:46:26 - [TEST_STEP][PASSED] - click(findTestObject("Admin Console ePulse Menu/Account Settings/Users/Add User")): Object: 'Object Repository/Admin Console ePulse Menu/Account Settings/Users/Add User' is clicked on

2019-04-03 15:46:27 - [MESSAGE][PASSED] - Object: 'Object Repository/Admin Console ePulse Menu/Account Settings/Users/Add User' is clicked on

2019-04-03 15:46:27 - [TEST_STEP][PASSED] - delay(1): Delayed 1 second(s)

2019-04-03 15:46:28 - [MESSAGE][PASSED] - Delayed 1 second(s)

2019-04-03 15:46:28 - [TEST_STEP][PASSED] - setText(findTestObject("Admin Console ePulse Menu/Account Settings/Add User/input_First name"), "add"): Text 'add' is set on object 'Object Repository/Admin Console ePulse Menu/Account Settings/Add User/input_First name'

2019-04-03 15:46:28 - [MESSAGE][PASSED] - Text 'add' is set on object 'Object Repository/Admin Console ePulse Menu/Account Settings/Add User/input_First name'

2019-04-03 15:46:28 - [TEST_STEP][PASSED] - delay(1): Delayed 1 second(s)

2019-04-03 15:46:29 - [MESSAGE][PASSED] - Delayed 1 second(s)

2019-04-03 15:46:29 - [TEST_STEP][PASSED] - setText(findTestObject("Admin Console ePulse Menu/Account Settings/Add User/input_Last name"), "User"): Text 'User' is set on object 'Object Repository/Admin Console ePulse Menu/Account Settings/Add User/input_Last name'

2019-04-03 15:46:29 - [MESSAGE][PASSED] - Text 'User' is set on object 'Object Repository/Admin Console ePulse Menu/Account Settings/Add User/input_Last name'

2019-04-03 15:46:29 - [TEST_STEP][PASSED] - delay(1): Delayed 1 second(s)

2019-04-03 15:46:30 - [MESSAGE][PASSED] - Delayed 1 second(s)

2019-04-03 15:46:30 - [TEST_STEP][PASSED] - setText(findTestObject("Admin Console ePulse Menu/Account Settings/Add User/input_Phone"), "3137777777"): Text '3137777777' is set on object 'Object Repository/Admin Console ePulse Menu/Account Settings/Add User/input_Phone'

2019-04-03 15:46:30 - [MESSAGE][PASSED] - Text '3137777777' is set on object 'Object Repository/Admin Console ePulse Menu/Account Settings/Add User/input_Phone'

2019-04-03 15:46:30 - [TEST_STEP][PASSED] - delay(1): Delayed 1 second(s)

2019-04-03 15:46:31 - [MESSAGE][PASSED] - Delayed 1 second(s)

2019-04-03 15:46:31 - [TEST_STEP][PASSED] - setText(findTestObject("Admin Console ePulse Menu/Account Settings/Add User/input_E-mail"), "addnew2-user@knowink.com"): Text 'addnew2-user@knowink.com' is set on object 'Object Repository/Admin Console ePulse Menu/Account Settings/Add User/input_E-mail'

2019-04-03 15:46:31 - [MESSAGE][PASSED] - Text 'addnew2-user@knowink.com' is set on object 'Object Repository/Admin Console ePulse Menu/Account Settings/Add User/input_E-mail'

2019-04-03 15:46:31 - [TEST_STEP][PASSED] - delay(1): Delayed 1 second(s)

2019-04-03 15:46:32 - [MESSAGE][PASSED] - Delayed 1 second(s)

2019-04-03 15:46:32 - [TEST_STEP][PASSED] - delay(1): Delayed 1 second(s)

2019-04-03 15:46:33 - [MESSAGE][PASSED] - Delayed 1 second(s)

2019-04-03 15:46:33 - [TEST_STEP][PASSED] - selectOptionByValue(findTestObject("Admin Console ePulse Menu/Account Settings/Add User/Select Epulse User"), "1", true): All options with value '1' are selected in object 'Object Repository/Admin Console ePulse Menu/Account Settings/Add User/Select Epulse User'  using regular expression

2019-04-03 15:46:33 - [MESSAGE][PASSED] - All options with value '1' are selected in object 'Object Repository/Admin Console ePulse Menu/Account Settings/Add User/Select Epulse User'  using regular expression

2019-04-03 15:46:33 - [TEST_STEP][PASSED] - delay(1): Delayed 1 second(s)

2019-04-03 15:46:34 - [MESSAGE][PASSED] - Delayed 1 second(s)

2019-04-03 15:46:34 - [TEST_STEP][NOT_RUN] - selectOptionByValue(findTestObject("Admin Console ePulse Menu/Account Settings/Add User/Select Notify by"), "2", true): NOT_RUN: selectOptionByValue(findTestObject("Admin Console ePulse Menu/Account Settings/Add User/Select Notify by"), "2", true)

2019-04-03 15:46:34 - [MESSAGE][NOT_RUN] - NOT_RUN: selectOptionByValue(findTestObject("Admin Console ePulse Menu/Account Settings/Add User/Select Notify by"), "2", true)

2019-04-03 15:46:34 - [TEST_STEP][NOT_RUN] - delay(1): NOT_RUN: delay(1)

2019-04-03 15:46:34 - [MESSAGE][NOT_RUN] - NOT_RUN: delay(1)

2019-04-03 15:46:34 - [TEST_STEP][NOT_RUN] - selectOptionByValue(findTestObject("Admin Console ePulse Menu/Account Settings/Add User/Select User Rights"), "basic", true): NOT_RUN: selectOptionByValue(findTestObject("Admin Console ePulse Menu/Account Settings/Add User/Select User Rights"), "basic", true)

2019-04-03 15:46:34 - [MESSAGE][NOT_RUN] - NOT_RUN: selectOptionByValue(findTestObject("Admin Console ePulse Menu/Account Settings/Add User/Select User Rights"), "basic", true)

2019-04-03 15:46:34 - [TEST_STEP][NOT_RUN] - delay(1): NOT_RUN: delay(1)

2019-04-03 15:46:34 - [MESSAGE][NOT_RUN] - NOT_RUN: delay(1)

2019-04-03 15:46:34 - [TEST_STEP][PASSED] - click(findTestObject("Common ePulse Objects/Submit Button")): Object: 'Object Repository/Common ePulse Objects/Submit Button' is clicked on

2019-04-03 15:46:37 - [MESSAGE][PASSED] - Object: 'Object Repository/Common ePulse Objects/Submit Button' is clicked on

2019-04-03 15:46:37 - [TEST_STEP][PASSED] - closeBrowser(): Browser is closed

2019-04-03 15:46:37 - [MESSAGE][PASSED] - Browser is closed]]></system-out>
         <system-err><![CDATA[]]></system-err>
      </testcase>
      <testcase name="Test Cases/Admin Console/Account Settings/Users()/Account Settings - New User(manager_standard)" classname="Test Cases/Admin Console/Account Settings/Users()/Account Settings - New User(manager_standard)" status="PASSED">
         <system-out><![CDATA[2019-04-03 15:46:39 - [TEST_CASE][PASSED] - Test Cases/Admin Console/Account Settings/Users()/Account Settings - New User(manager_standard): Test Cases/Admin Console/Account Settings/Users()/Account Settings - New User(manager_standard)

2019-04-03 15:46:39 - [TEST_STEP][PASSED] - openBrowser(""): Browser is opened with url: ''

2019-04-03 15:46:39 - [MESSAGE][INFO] - Starting 'Chrome (headless)' driver

2019-04-03 15:46:39 - [MESSAGE][PASSED] - Browser is opened with url: ''

2019-04-03 15:46:39 - [TEST_STEP][PASSED] - navigateToUrl(URL): Navigate to 'https://dev.epulse.io' successfully

2019-04-03 15:46:41 - [MESSAGE][PASSED] - Navigate to 'https://dev.epulse.io' successfully

2019-04-03 15:46:41 - [TEST_STEP][PASSED] - setText(findTestObject("Login/Email Address"), User_email): Text 'alonzo.mack@knowink.com' is set on object 'Object Repository/Login/Email Address'

2019-04-03 15:46:41 - [MESSAGE][PASSED] - Text 'alonzo.mack@knowink.com' is set on object 'Object Repository/Login/Email Address'

2019-04-03 15:46:41 - [TEST_STEP][PASSED] - setEncryptedText(findTestObject("Login/Password"), Pswrd): Text ****** has been set on object 'Object Repository/Login/Password'

2019-04-03 15:46:41 - [MESSAGE][PASSED] - Text ****** has been set on object 'Object Repository/Login/Password'

2019-04-03 15:46:41 - [TEST_STEP][PASSED] - click(findTestObject("Login/Sign In")): Object: 'Object Repository/Login/Sign In' is clicked on

2019-04-03 15:46:42 - [MESSAGE][PASSED] - Object: 'Object Repository/Login/Sign In' is clicked on

2019-04-03 15:46:42 - [TEST_STEP][PASSED] - delay(1): Delayed 1 second(s)

2019-04-03 15:46:43 - [MESSAGE][PASSED] - Delayed 1 second(s)

2019-04-03 15:46:43 - [TEST_STEP][PASSED] - navigateToUrl(Users, STOP_ON_FAILURE): Navigate to 'https://am-automation-test.dev.epulse.io/users' successfully

2019-04-03 15:46:44 - [MESSAGE][PASSED] - Navigate to 'https://am-automation-test.dev.epulse.io/users' successfully

2019-04-03 15:46:44 - [TEST_STEP][PASSED] - delay(1): Delayed 1 second(s)

2019-04-03 15:46:45 - [MESSAGE][PASSED] - Delayed 1 second(s)

2019-04-03 15:46:45 - [TEST_STEP][PASSED] - click(findTestObject("Admin Console ePulse Menu/Account Settings/Users/Add User")): Object: 'Object Repository/Admin Console ePulse Menu/Account Settings/Users/Add User' is clicked on

2019-04-03 15:46:46 - [MESSAGE][PASSED] - Object: 'Object Repository/Admin Console ePulse Menu/Account Settings/Users/Add User' is clicked on

2019-04-03 15:46:46 - [TEST_STEP][PASSED] - delay(1): Delayed 1 second(s)

2019-04-03 15:46:47 - [MESSAGE][PASSED] - Delayed 1 second(s)

2019-04-03 15:46:47 - [TEST_STEP][PASSED] - setText(findTestObject("Admin Console ePulse Menu/Account Settings/Add User/input_First name"), "add"): Text 'add' is set on object 'Object Repository/Admin Console ePulse Menu/Account Settings/Add User/input_First name'

2019-04-03 15:46:47 - [MESSAGE][PASSED] - Text 'add' is set on object 'Object Repository/Admin Console ePulse Menu/Account Settings/Add User/input_First name'

2019-04-03 15:46:47 - [TEST_STEP][PASSED] - delay(1): Delayed 1 second(s)

2019-04-03 15:46:48 - [MESSAGE][PASSED] - Delayed 1 second(s)

2019-04-03 15:46:48 - [TEST_STEP][PASSED] - setText(findTestObject("Admin Console ePulse Menu/Account Settings/Add User/input_Last name"), "User"): Text 'User' is set on object 'Object Repository/Admin Console ePulse Menu/Account Settings/Add User/input_Last name'

2019-04-03 15:46:48 - [MESSAGE][PASSED] - Text 'User' is set on object 'Object Repository/Admin Console ePulse Menu/Account Settings/Add User/input_Last name'

2019-04-03 15:46:48 - [TEST_STEP][PASSED] - delay(1): Delayed 1 second(s)

2019-04-03 15:46:49 - [MESSAGE][PASSED] - Delayed 1 second(s)

2019-04-03 15:46:49 - [TEST_STEP][PASSED] - setText(findTestObject("Admin Console ePulse Menu/Account Settings/Add User/input_Phone"), "3137777777"): Text '3137777777' is set on object 'Object Repository/Admin Console ePulse Menu/Account Settings/Add User/input_Phone'

2019-04-03 15:46:49 - [MESSAGE][PASSED] - Text '3137777777' is set on object 'Object Repository/Admin Console ePulse Menu/Account Settings/Add User/input_Phone'

2019-04-03 15:46:49 - [TEST_STEP][PASSED] - delay(1): Delayed 1 second(s)

2019-04-03 15:46:50 - [MESSAGE][PASSED] - Delayed 1 second(s)

2019-04-03 15:46:50 - [TEST_STEP][PASSED] - setText(findTestObject("Admin Console ePulse Menu/Account Settings/Add User/input_E-mail"), "addnew5-user@knowink.com"): Text 'addnew5-user@knowink.com' is set on object 'Object Repository/Admin Console ePulse Menu/Account Settings/Add User/input_E-mail'

2019-04-03 15:46:50 - [MESSAGE][PASSED] - Text 'addnew5-user@knowink.com' is set on object 'Object Repository/Admin Console ePulse Menu/Account Settings/Add User/input_E-mail'

2019-04-03 15:46:50 - [TEST_STEP][PASSED] - delay(1): Delayed 1 second(s)

2019-04-03 15:46:51 - [MESSAGE][PASSED] - Delayed 1 second(s)

2019-04-03 15:46:51 - [TEST_STEP][PASSED] - selectOptionByValue(findTestObject("Admin Console ePulse Menu/Account Settings/Add User/Select Notify by"), "2", true): All options with value '2' are selected in object 'Object Repository/Admin Console ePulse Menu/Account Settings/Add User/Select Notify by'  using regular expression

2019-04-03 15:46:51 - [MESSAGE][PASSED] - All options with value '2' are selected in object 'Object Repository/Admin Console ePulse Menu/Account Settings/Add User/Select Notify by'  using regular expression

2019-04-03 15:46:51 - [TEST_STEP][PASSED] - delay(1): Delayed 1 second(s)

2019-04-03 15:46:52 - [MESSAGE][PASSED] - Delayed 1 second(s)

2019-04-03 15:46:52 - [TEST_STEP][PASSED] - selectOptionByValue(findTestObject("Admin Console ePulse Menu/Account Settings/Add User/Select User Rights"), "manager", true): All options with value 'manager' are selected in object 'Object Repository/Admin Console ePulse Menu/Account Settings/Add User/Select User Rights'  using regular expression

2019-04-03 15:46:52 - [MESSAGE][PASSED] - All options with value 'manager' are selected in object 'Object Repository/Admin Console ePulse Menu/Account Settings/Add User/Select User Rights'  using regular expression

2019-04-03 15:46:52 - [TEST_STEP][PASSED] - delay(1): Delayed 1 second(s)

2019-04-03 15:46:53 - [MESSAGE][PASSED] - Delayed 1 second(s)

2019-04-03 15:46:53 - [TEST_STEP][PASSED] - click(findTestObject("Common ePulse Objects/Submit Button")): Object: 'Object Repository/Common ePulse Objects/Submit Button' is clicked on

2019-04-03 15:46:55 - [MESSAGE][PASSED] - Object: 'Object Repository/Common ePulse Objects/Submit Button' is clicked on

2019-04-03 15:46:55 - [TEST_STEP][NOT_RUN] - closeBrowser(): NOT_RUN: closeBrowser()

2019-04-03 15:46:55 - [MESSAGE][NOT_RUN] - NOT_RUN: closeBrowser()]]></system-out>
         <system-err><![CDATA[]]></system-err>
      </testcase>
      <testcase name="Test Cases/Admin Console/Account Settings/Users()/Account Settings - New User(election_day_Isync)" classname="Test Cases/Admin Console/Account Settings/Users()/Account Settings - New User(election_day_Isync)" status="PASSED">
         <system-out><![CDATA[2019-04-03 15:46:58 - [TEST_CASE][PASSED] - Test Cases/Admin Console/Account Settings/Users()/Account Settings - New User(election_day_Isync): Test Cases/Admin Console/Account Settings/Users()/Account Settings - New User(election_day_Isync)

2019-04-03 15:46:58 - [TEST_STEP][PASSED] - openBrowser(""): Browser is opened with url: ''

2019-04-03 15:46:58 - [MESSAGE][WARNING] - A browser is already opened. Closing browser and opening a new one

2019-04-03 15:46:58 - [MESSAGE][INFO] - Starting 'Chrome (headless)' driver

2019-04-03 15:46:58 - [MESSAGE][PASSED] - Browser is opened with url: ''

2019-04-03 15:46:58 - [TEST_STEP][PASSED] - navigateToUrl(URL): Navigate to 'https://dev.epulse.io' successfully

2019-04-03 15:46:59 - [MESSAGE][PASSED] - Navigate to 'https://dev.epulse.io' successfully

2019-04-03 15:46:59 - [TEST_STEP][PASSED] - setText(findTestObject("Login/Email Address"), User_email): Text 'alonzo.mack@knowink.com' is set on object 'Object Repository/Login/Email Address'

2019-04-03 15:47:00 - [MESSAGE][PASSED] - Text 'alonzo.mack@knowink.com' is set on object 'Object Repository/Login/Email Address'

2019-04-03 15:47:00 - [TEST_STEP][PASSED] - setEncryptedText(findTestObject("Login/Password"), Pswrd): Text ****** has been set on object 'Object Repository/Login/Password'

2019-04-03 15:47:00 - [MESSAGE][PASSED] - Text ****** has been set on object 'Object Repository/Login/Password'

2019-04-03 15:47:00 - [TEST_STEP][PASSED] - click(findTestObject("Login/Sign In")): Object: 'Object Repository/Login/Sign In' is clicked on

2019-04-03 15:47:01 - [MESSAGE][PASSED] - Object: 'Object Repository/Login/Sign In' is clicked on

2019-04-03 15:47:01 - [TEST_STEP][PASSED] - delay(1): Delayed 1 second(s)

2019-04-03 15:47:02 - [MESSAGE][PASSED] - Delayed 1 second(s)

2019-04-03 15:47:02 - [TEST_STEP][PASSED] - navigateToUrl(Users, STOP_ON_FAILURE): Navigate to 'https://am-automation-test.dev.epulse.io/users' successfully

2019-04-03 15:47:03 - [MESSAGE][PASSED] - Navigate to 'https://am-automation-test.dev.epulse.io/users' successfully

2019-04-03 15:47:03 - [TEST_STEP][PASSED] - delay(1): Delayed 1 second(s)

2019-04-03 15:47:04 - [MESSAGE][PASSED] - Delayed 1 second(s)

2019-04-03 15:47:04 - [TEST_STEP][PASSED] - click(findTestObject("Admin Console ePulse Menu/Account Settings/Users/Add User")): Object: 'Object Repository/Admin Console ePulse Menu/Account Settings/Users/Add User' is clicked on

2019-04-03 15:47:04 - [MESSAGE][PASSED] - Object: 'Object Repository/Admin Console ePulse Menu/Account Settings/Users/Add User' is clicked on

2019-04-03 15:47:04 - [TEST_STEP][PASSED] - delay(1): Delayed 1 second(s)

2019-04-03 15:47:05 - [MESSAGE][PASSED] - Delayed 1 second(s)

2019-04-03 15:47:05 - [TEST_STEP][PASSED] - setText(findTestObject("Admin Console ePulse Menu/Account Settings/Add User/input_First name"), "add"): Text 'add' is set on object 'Object Repository/Admin Console ePulse Menu/Account Settings/Add User/input_First name'

2019-04-03 15:47:05 - [MESSAGE][PASSED] - Text 'add' is set on object 'Object Repository/Admin Console ePulse Menu/Account Settings/Add User/input_First name'

2019-04-03 15:47:05 - [TEST_STEP][PASSED] - delay(1): Delayed 1 second(s)

2019-04-03 15:47:06 - [MESSAGE][PASSED] - Delayed 1 second(s)

2019-04-03 15:47:06 - [TEST_STEP][PASSED] - setText(findTestObject("Admin Console ePulse Menu/Account Settings/Add User/input_Last name"), "User"): Text 'User' is set on object 'Object Repository/Admin Console ePulse Menu/Account Settings/Add User/input_Last name'

2019-04-03 15:47:06 - [MESSAGE][PASSED] - Text 'User' is set on object 'Object Repository/Admin Console ePulse Menu/Account Settings/Add User/input_Last name'

2019-04-03 15:47:06 - [TEST_STEP][PASSED] - delay(1): Delayed 1 second(s)

2019-04-03 15:47:07 - [MESSAGE][PASSED] - Delayed 1 second(s)

2019-04-03 15:47:07 - [TEST_STEP][PASSED] - setText(findTestObject("Admin Console ePulse Menu/Account Settings/Add User/input_Phone"), "3137777777"): Text '3137777777' is set on object 'Object Repository/Admin Console ePulse Menu/Account Settings/Add User/input_Phone'

2019-04-03 15:47:07 - [MESSAGE][PASSED] - Text '3137777777' is set on object 'Object Repository/Admin Console ePulse Menu/Account Settings/Add User/input_Phone'

2019-04-03 15:47:07 - [TEST_STEP][PASSED] - delay(1): Delayed 1 second(s)

2019-04-03 15:47:08 - [MESSAGE][PASSED] - Delayed 1 second(s)

2019-04-03 15:47:08 - [TEST_STEP][PASSED] - setText(findTestObject("Admin Console ePulse Menu/Account Settings/Add User/input_E-mail"), "addnew4-user@knowink.com"): Text 'addnew4-user@knowink.com' is set on object 'Object Repository/Admin Console ePulse Menu/Account Settings/Add User/input_E-mail'

2019-04-03 15:47:09 - [MESSAGE][PASSED] - Text 'addnew4-user@knowink.com' is set on object 'Object Repository/Admin Console ePulse Menu/Account Settings/Add User/input_E-mail'

2019-04-03 15:47:09 - [TEST_STEP][PASSED] - delay(1): Delayed 1 second(s)

2019-04-03 15:47:10 - [MESSAGE][PASSED] - Delayed 1 second(s)

2019-04-03 15:47:10 - [TEST_STEP][PASSED] - selectOptionByValue(findTestObject("Admin Console ePulse Menu/Account Settings/Add User/Select Epulse User"), "3", true): All options with value '3' are selected in object 'Object Repository/Admin Console ePulse Menu/Account Settings/Add User/Select Epulse User'  using regular expression

2019-04-03 15:47:10 - [MESSAGE][PASSED] - All options with value '3' are selected in object 'Object Repository/Admin Console ePulse Menu/Account Settings/Add User/Select Epulse User'  using regular expression

2019-04-03 15:47:10 - [TEST_STEP][PASSED] - delay(1): Delayed 1 second(s)

2019-04-03 15:47:11 - [MESSAGE][PASSED] - Delayed 1 second(s)

2019-04-03 15:47:11 - [TEST_STEP][NOT_RUN] - selectOptionByValue(findTestObject("Admin Console ePulse Menu/Account Settings/Add User/Select Notify by"), "2", true): NOT_RUN: selectOptionByValue(findTestObject("Admin Console ePulse Menu/Account Settings/Add User/Select Notify by"), "2", true)

2019-04-03 15:47:11 - [MESSAGE][NOT_RUN] - NOT_RUN: selectOptionByValue(findTestObject("Admin Console ePulse Menu/Account Settings/Add User/Select Notify by"), "2", true)

2019-04-03 15:47:11 - [TEST_STEP][NOT_RUN] - delay(1): NOT_RUN: delay(1)

2019-04-03 15:47:11 - [MESSAGE][NOT_RUN] - NOT_RUN: delay(1)

2019-04-03 15:47:11 - [TEST_STEP][NOT_RUN] - selectOptionByValue(findTestObject("Admin Console ePulse Menu/Account Settings/Add User/Select User Rights"), "election_day", true): NOT_RUN: selectOptionByValue(findTestObject("Admin Console ePulse Menu/Account Settings/Add User/Select User Rights"), "election_day", true)

2019-04-03 15:47:11 - [MESSAGE][NOT_RUN] - NOT_RUN: selectOptionByValue(findTestObject("Admin Console ePulse Menu/Account Settings/Add User/Select User Rights"), "election_day", true)

2019-04-03 15:47:11 - [TEST_STEP][NOT_RUN] - delay(1): NOT_RUN: delay(1)

2019-04-03 15:47:11 - [MESSAGE][NOT_RUN] - NOT_RUN: delay(1)

2019-04-03 15:47:11 - [TEST_STEP][PASSED] - click(findTestObject("Common ePulse Objects/Submit Button")): Object: 'Object Repository/Common ePulse Objects/Submit Button' is clicked on

2019-04-03 15:47:12 - [MESSAGE][PASSED] - Object: 'Object Repository/Common ePulse Objects/Submit Button' is clicked on

2019-04-03 15:47:12 - [TEST_STEP][PASSED] - closeBrowser(): Browser is closed

2019-04-03 15:47:12 - [MESSAGE][PASSED] - Browser is closed]]></system-out>
         <system-err><![CDATA[]]></system-err>
      </testcase>
      <testcase name="Test Cases/Admin Console/Account Settings/Users()/Account Settings - New User(admin_Standard)" classname="Test Cases/Admin Console/Account Settings/Users()/Account Settings - New User(admin_Standard)" status="PASSED">
         <system-out><![CDATA[2019-04-03 15:47:14 - [TEST_CASE][PASSED] - Test Cases/Admin Console/Account Settings/Users()/Account Settings - New User(admin_Standard): Test Cases/Admin Console/Account Settings/Users()/Account Settings - New User(admin_Standard)

2019-04-03 15:47:14 - [TEST_STEP][PASSED] - openBrowser(""): Browser is opened with url: ''

2019-04-03 15:47:14 - [MESSAGE][INFO] - Starting 'Chrome (headless)' driver

2019-04-03 15:47:14 - [MESSAGE][PASSED] - Browser is opened with url: ''

2019-04-03 15:47:14 - [TEST_STEP][PASSED] - navigateToUrl(URL): Navigate to 'https://dev.epulse.io' successfully

2019-04-03 15:47:19 - [MESSAGE][PASSED] - Navigate to 'https://dev.epulse.io' successfully

2019-04-03 15:47:19 - [TEST_STEP][PASSED] - setText(findTestObject("Login/Email Address"), User_email): Text 'alonzo.mack@knowink.com' is set on object 'Object Repository/Login/Email Address'

2019-04-03 15:47:19 - [MESSAGE][PASSED] - Text 'alonzo.mack@knowink.com' is set on object 'Object Repository/Login/Email Address'

2019-04-03 15:47:19 - [TEST_STEP][PASSED] - setEncryptedText(findTestObject("Login/Password"), Pswrd): Text ****** has been set on object 'Object Repository/Login/Password'

2019-04-03 15:47:19 - [MESSAGE][PASSED] - Text ****** has been set on object 'Object Repository/Login/Password'

2019-04-03 15:47:19 - [TEST_STEP][PASSED] - click(findTestObject("Login/Sign In")): Object: 'Object Repository/Login/Sign In' is clicked on

2019-04-03 15:47:20 - [MESSAGE][PASSED] - Object: 'Object Repository/Login/Sign In' is clicked on

2019-04-03 15:47:20 - [TEST_STEP][PASSED] - delay(1): Delayed 1 second(s)

2019-04-03 15:47:21 - [MESSAGE][PASSED] - Delayed 1 second(s)

2019-04-03 15:47:21 - [TEST_STEP][PASSED] - navigateToUrl(Users, STOP_ON_FAILURE): Navigate to 'https://am-automation-test.dev.epulse.io/users' successfully

2019-04-03 15:47:22 - [MESSAGE][PASSED] - Navigate to 'https://am-automation-test.dev.epulse.io/users' successfully

2019-04-03 15:47:22 - [TEST_STEP][PASSED] - delay(1): Delayed 1 second(s)

2019-04-03 15:47:23 - [MESSAGE][PASSED] - Delayed 1 second(s)

2019-04-03 15:47:23 - [TEST_STEP][PASSED] - click(findTestObject("Admin Console ePulse Menu/Account Settings/Users/Add User")): Object: 'Object Repository/Admin Console ePulse Menu/Account Settings/Users/Add User' is clicked on

2019-04-03 15:47:24 - [MESSAGE][PASSED] - Object: 'Object Repository/Admin Console ePulse Menu/Account Settings/Users/Add User' is clicked on

2019-04-03 15:47:24 - [TEST_STEP][PASSED] - delay(1): Delayed 1 second(s)

2019-04-03 15:47:25 - [MESSAGE][PASSED] - Delayed 1 second(s)

2019-04-03 15:47:25 - [TEST_STEP][PASSED] - setText(findTestObject("Admin Console ePulse Menu/Account Settings/Add User/input_First name"), "add"): Text 'add' is set on object 'Object Repository/Admin Console ePulse Menu/Account Settings/Add User/input_First name'

2019-04-03 15:47:25 - [MESSAGE][PASSED] - Text 'add' is set on object 'Object Repository/Admin Console ePulse Menu/Account Settings/Add User/input_First name'

2019-04-03 15:47:25 - [TEST_STEP][PASSED] - delay(1): Delayed 1 second(s)

2019-04-03 15:47:26 - [MESSAGE][PASSED] - Delayed 1 second(s)

2019-04-03 15:47:26 - [TEST_STEP][PASSED] - setText(findTestObject("Admin Console ePulse Menu/Account Settings/Add User/input_Last name"), "User"): Text 'User' is set on object 'Object Repository/Admin Console ePulse Menu/Account Settings/Add User/input_Last name'

2019-04-03 15:47:26 - [MESSAGE][PASSED] - Text 'User' is set on object 'Object Repository/Admin Console ePulse Menu/Account Settings/Add User/input_Last name'

2019-04-03 15:47:26 - [TEST_STEP][PASSED] - delay(1): Delayed 1 second(s)

2019-04-03 15:47:27 - [MESSAGE][PASSED] - Delayed 1 second(s)

2019-04-03 15:47:27 - [TEST_STEP][PASSED] - setText(findTestObject("Admin Console ePulse Menu/Account Settings/Add User/input_Phone"), "3137777777"): Text '3137777777' is set on object 'Object Repository/Admin Console ePulse Menu/Account Settings/Add User/input_Phone'

2019-04-03 15:47:27 - [MESSAGE][PASSED] - Text '3137777777' is set on object 'Object Repository/Admin Console ePulse Menu/Account Settings/Add User/input_Phone'

2019-04-03 15:47:27 - [TEST_STEP][PASSED] - delay(1): Delayed 1 second(s)

2019-04-03 15:47:28 - [MESSAGE][PASSED] - Delayed 1 second(s)

2019-04-03 15:47:28 - [TEST_STEP][PASSED] - setText(findTestObject("Admin Console ePulse Menu/Account Settings/Add User/input_E-mail"), "addnew-user@knowink.com"): Text 'addnew-user@knowink.com' is set on object 'Object Repository/Admin Console ePulse Menu/Account Settings/Add User/input_E-mail'

2019-04-03 15:47:28 - [MESSAGE][PASSED] - Text 'addnew-user@knowink.com' is set on object 'Object Repository/Admin Console ePulse Menu/Account Settings/Add User/input_E-mail'

2019-04-03 15:47:28 - [TEST_STEP][PASSED] - delay(1): Delayed 1 second(s)

2019-04-03 15:47:29 - [MESSAGE][PASSED] - Delayed 1 second(s)

2019-04-03 15:47:29 - [TEST_STEP][PASSED] - selectOptionByValue(findTestObject("Admin Console ePulse Menu/Account Settings/Add User/Select Epulse User"), "0", true): All options with value '0' are selected in object 'Object Repository/Admin Console ePulse Menu/Account Settings/Add User/Select Epulse User'  using regular expression

2019-04-03 15:47:29 - [MESSAGE][PASSED] - All options with value '0' are selected in object 'Object Repository/Admin Console ePulse Menu/Account Settings/Add User/Select Epulse User'  using regular expression

2019-04-03 15:47:29 - [TEST_STEP][PASSED] - delay(1): Delayed 1 second(s)

2019-04-03 15:47:30 - [MESSAGE][PASSED] - Delayed 1 second(s)

2019-04-03 15:47:30 - [TEST_STEP][PASSED] - selectOptionByValue(findTestObject("Admin Console ePulse Menu/Account Settings/Add User/Select Notify by"), "2", true): All options with value '2' are selected in object 'Object Repository/Admin Console ePulse Menu/Account Settings/Add User/Select Notify by'  using regular expression

2019-04-03 15:47:30 - [MESSAGE][PASSED] - All options with value '2' are selected in object 'Object Repository/Admin Console ePulse Menu/Account Settings/Add User/Select Notify by'  using regular expression

2019-04-03 15:47:30 - [TEST_STEP][PASSED] - delay(1): Delayed 1 second(s)

2019-04-03 15:47:31 - [MESSAGE][PASSED] - Delayed 1 second(s)

2019-04-03 15:47:31 - [TEST_STEP][PASSED] - selectOptionByValue(findTestObject("Admin Console ePulse Menu/Account Settings/Add User/Select User Rights"), "admin", true): All options with value 'admin' are selected in object 'Object Repository/Admin Console ePulse Menu/Account Settings/Add User/Select User Rights'  using regular expression

2019-04-03 15:47:32 - [MESSAGE][PASSED] - All options with value 'admin' are selected in object 'Object Repository/Admin Console ePulse Menu/Account Settings/Add User/Select User Rights'  using regular expression

2019-04-03 15:47:32 - [TEST_STEP][PASSED] - delay(1): Delayed 1 second(s)

2019-04-03 15:47:33 - [MESSAGE][PASSED] - Delayed 1 second(s)

2019-04-03 15:47:33 - [TEST_STEP][PASSED] - click(findTestObject("Common ePulse Objects/Submit Button")): Object: 'Object Repository/Common ePulse Objects/Submit Button' is clicked on

2019-04-03 15:47:35 - [MESSAGE][PASSED] - Object: 'Object Repository/Common ePulse Objects/Submit Button' is clicked on

2019-04-03 15:47:35 - [TEST_STEP][NOT_RUN] - closeBrowser(): NOT_RUN: closeBrowser()

2019-04-03 15:47:35 - [MESSAGE][NOT_RUN] - NOT_RUN: closeBrowser()]]></system-out>
         <system-err><![CDATA[]]></system-err>
      </testcase>
      <testcase name="Test Cases/Admin Console/Account Settings/Users()/Account Settings - New User(coordinator_Call.Center)" classname="Test Cases/Admin Console/Account Settings/Users()/Account Settings - New User(coordinator_Call.Center)" status="PASSED">
         <system-out><![CDATA[2019-04-03 15:47:37 - [TEST_CASE][PASSED] - Test Cases/Admin Console/Account Settings/Users()/Account Settings - New User(coordinator_Call.Center): Test Cases/Admin Console/Account Settings/Users()/Account Settings - New User(coordinator_Call.Center)

2019-04-03 15:47:37 - [TEST_STEP][PASSED] - openBrowser(""): Browser is opened with url: ''

2019-04-03 15:47:37 - [MESSAGE][WARNING] - A browser is already opened. Closing browser and opening a new one

2019-04-03 15:47:37 - [MESSAGE][INFO] - Starting 'Chrome (headless)' driver

2019-04-03 15:47:37 - [MESSAGE][PASSED] - Browser is opened with url: ''

2019-04-03 15:47:37 - [TEST_STEP][PASSED] - navigateToUrl(URL): Navigate to 'https://dev.epulse.io' successfully

2019-04-03 15:47:39 - [MESSAGE][PASSED] - Navigate to 'https://dev.epulse.io' successfully

2019-04-03 15:47:39 - [TEST_STEP][PASSED] - setText(findTestObject("Login/Email Address"), User_email): Text 'alonzo.mack@knowink.com' is set on object 'Object Repository/Login/Email Address'

2019-04-03 15:47:39 - [MESSAGE][PASSED] - Text 'alonzo.mack@knowink.com' is set on object 'Object Repository/Login/Email Address'

2019-04-03 15:47:39 - [TEST_STEP][PASSED] - setEncryptedText(findTestObject("Login/Password"), Pswrd): Text ****** has been set on object 'Object Repository/Login/Password'

2019-04-03 15:47:39 - [MESSAGE][PASSED] - Text ****** has been set on object 'Object Repository/Login/Password'

2019-04-03 15:47:39 - [TEST_STEP][PASSED] - click(findTestObject("Login/Sign In")): Object: 'Object Repository/Login/Sign In' is clicked on

2019-04-03 15:47:39 - [MESSAGE][PASSED] - Object: 'Object Repository/Login/Sign In' is clicked on

2019-04-03 15:47:39 - [TEST_STEP][PASSED] - delay(1): Delayed 1 second(s)

2019-04-03 15:47:40 - [MESSAGE][PASSED] - Delayed 1 second(s)

2019-04-03 15:47:40 - [TEST_STEP][PASSED] - navigateToUrl(Users, STOP_ON_FAILURE): Navigate to 'https://am-automation-test.dev.epulse.io/users' successfully

2019-04-03 15:47:41 - [MESSAGE][PASSED] - Navigate to 'https://am-automation-test.dev.epulse.io/users' successfully

2019-04-03 15:47:41 - [TEST_STEP][PASSED] - delay(1): Delayed 1 second(s)

2019-04-03 15:47:42 - [MESSAGE][PASSED] - Delayed 1 second(s)

2019-04-03 15:47:42 - [TEST_STEP][PASSED] - click(findTestObject("Admin Console ePulse Menu/Account Settings/Users/Add User")): Object: 'Object Repository/Admin Console ePulse Menu/Account Settings/Users/Add User' is clicked on

2019-04-03 15:47:43 - [MESSAGE][PASSED] - Object: 'Object Repository/Admin Console ePulse Menu/Account Settings/Users/Add User' is clicked on

2019-04-03 15:47:43 - [TEST_STEP][PASSED] - delay(1): Delayed 1 second(s)

2019-04-03 15:47:44 - [MESSAGE][PASSED] - Delayed 1 second(s)

2019-04-03 15:47:44 - [TEST_STEP][PASSED] - setText(findTestObject("Admin Console ePulse Menu/Account Settings/Add User/input_First name"), "add"): Text 'add' is set on object 'Object Repository/Admin Console ePulse Menu/Account Settings/Add User/input_First name'

2019-04-03 15:47:44 - [MESSAGE][PASSED] - Text 'add' is set on object 'Object Repository/Admin Console ePulse Menu/Account Settings/Add User/input_First name'

2019-04-03 15:47:44 - [TEST_STEP][PASSED] - delay(1): Delayed 1 second(s)

2019-04-03 15:47:45 - [MESSAGE][PASSED] - Delayed 1 second(s)

2019-04-03 15:47:45 - [TEST_STEP][PASSED] - setText(findTestObject("Admin Console ePulse Menu/Account Settings/Add User/input_Last name"), "User"): Text 'User' is set on object 'Object Repository/Admin Console ePulse Menu/Account Settings/Add User/input_Last name'

2019-04-03 15:47:45 - [MESSAGE][PASSED] - Text 'User' is set on object 'Object Repository/Admin Console ePulse Menu/Account Settings/Add User/input_Last name'

2019-04-03 15:47:45 - [TEST_STEP][PASSED] - delay(1): Delayed 1 second(s)

2019-04-03 15:47:46 - [MESSAGE][PASSED] - Delayed 1 second(s)

2019-04-03 15:47:46 - [TEST_STEP][PASSED] - setText(findTestObject("Admin Console ePulse Menu/Account Settings/Add User/input_Phone"), "3137777777"): Text '3137777777' is set on object 'Object Repository/Admin Console ePulse Menu/Account Settings/Add User/input_Phone'

2019-04-03 15:47:46 - [MESSAGE][PASSED] - Text '3137777777' is set on object 'Object Repository/Admin Console ePulse Menu/Account Settings/Add User/input_Phone'

2019-04-03 15:47:46 - [TEST_STEP][PASSED] - delay(1): Delayed 1 second(s)

2019-04-03 15:47:47 - [MESSAGE][PASSED] - Delayed 1 second(s)

2019-04-03 15:47:47 - [TEST_STEP][PASSED] - setText(findTestObject("Admin Console ePulse Menu/Account Settings/Add User/input_E-mail"), "addnew3-user@knowink.com"): Text 'addnew3-user@knowink.com' is set on object 'Object Repository/Admin Console ePulse Menu/Account Settings/Add User/input_E-mail'

2019-04-03 15:47:47 - [MESSAGE][PASSED] - Text 'addnew3-user@knowink.com' is set on object 'Object Repository/Admin Console ePulse Menu/Account Settings/Add User/input_E-mail'

2019-04-03 15:47:47 - [TEST_STEP][PASSED] - delay(1): Delayed 1 second(s)

2019-04-03 15:47:48 - [MESSAGE][PASSED] - Delayed 1 second(s)

2019-04-03 15:47:48 - [TEST_STEP][PASSED] - selectOptionByValue(findTestObject("Admin Console ePulse Menu/Account Settings/Add User/Select Epulse User"), "2", true): All options with value '2' are selected in object 'Object Repository/Admin Console ePulse Menu/Account Settings/Add User/Select Epulse User'  using regular expression

2019-04-03 15:47:48 - [MESSAGE][PASSED] - All options with value '2' are selected in object 'Object Repository/Admin Console ePulse Menu/Account Settings/Add User/Select Epulse User'  using regular expression

2019-04-03 15:47:48 - [TEST_STEP][PASSED] - delay(1): Delayed 1 second(s)

2019-04-03 15:47:49 - [MESSAGE][PASSED] - Delayed 1 second(s)

2019-04-03 15:47:49 - [TEST_STEP][NOT_RUN] - selectOptionByValue(findTestObject("Admin Console ePulse Menu/Account Settings/Add User/Select Notify by"), "2", true): NOT_RUN: selectOptionByValue(findTestObject("Admin Console ePulse Menu/Account Settings/Add User/Select Notify by"), "2", true)

2019-04-03 15:47:49 - [MESSAGE][NOT_RUN] - NOT_RUN: selectOptionByValue(findTestObject("Admin Console ePulse Menu/Account Settings/Add User/Select Notify by"), "2", true)

2019-04-03 15:47:49 - [TEST_STEP][NOT_RUN] - delay(1): NOT_RUN: delay(1)

2019-04-03 15:47:49 - [MESSAGE][NOT_RUN] - NOT_RUN: delay(1)

2019-04-03 15:47:49 - [TEST_STEP][NOT_RUN] - selectOptionByValue(findTestObject("Admin Console ePulse Menu/Account Settings/Add User/Select User Rights"), "coordinator", true): NOT_RUN: selectOptionByValue(findTestObject("Admin Console ePulse Menu/Account Settings/Add User/Select User Rights"), "coordinator", true)

2019-04-03 15:47:49 - [MESSAGE][NOT_RUN] - NOT_RUN: selectOptionByValue(findTestObject("Admin Console ePulse Menu/Account Settings/Add User/Select User Rights"), "coordinator", true)

2019-04-03 15:47:49 - [TEST_STEP][NOT_RUN] - delay(1): NOT_RUN: delay(1)

2019-04-03 15:47:49 - [MESSAGE][NOT_RUN] - NOT_RUN: delay(1)

2019-04-03 15:47:49 - [TEST_STEP][PASSED] - click(findTestObject("Common ePulse Objects/Submit Button")): Object: 'Object Repository/Common ePulse Objects/Submit Button' is clicked on

2019-04-03 15:47:51 - [MESSAGE][PASSED] - Object: 'Object Repository/Common ePulse Objects/Submit Button' is clicked on

2019-04-03 15:47:51 - [TEST_STEP][PASSED] - closeBrowser(): Browser is closed

2019-04-03 15:47:51 - [MESSAGE][PASSED] - Browser is closed]]></system-out>
         <system-err><![CDATA[]]></system-err>
      </testcase>
      <testcase name="Test Cases/Admin Console/Account Settings/Languages/Languages - Import" classname="Test Cases/Admin Console/Account Settings/Languages/Languages - Import" status="PASSED">
         <system-out><![CDATA[2019-04-03 15:47:53 - [TEST_CASE][PASSED] - Test Cases/Admin Console/Account Settings/Languages/Languages - Import: Test Cases/Admin Console/Account Settings/Languages/Languages - Import

2019-04-03 15:47:53 - [TEST_STEP][PASSED] - openBrowser(""): Browser is opened with url: ''

2019-04-03 15:47:53 - [MESSAGE][INFO] - Starting 'Chrome (headless)' driver

2019-04-03 15:47:53 - [MESSAGE][PASSED] - Browser is opened with url: ''

2019-04-03 15:47:53 - [TEST_STEP][PASSED] - navigateToUrl(URL): Navigate to 'https://dev.epulse.io' successfully

2019-04-03 15:47:55 - [MESSAGE][PASSED] - Navigate to 'https://dev.epulse.io' successfully

2019-04-03 15:47:55 - [TEST_STEP][PASSED] - setText(findTestObject("Login/Email Address"), User_email): Text 'alonzo.mack@knowink.com' is set on object 'Object Repository/Login/Email Address'

2019-04-03 15:47:55 - [MESSAGE][PASSED] - Text 'alonzo.mack@knowink.com' is set on object 'Object Repository/Login/Email Address'

2019-04-03 15:47:55 - [TEST_STEP][PASSED] - setEncryptedText(findTestObject("Login/Password"), Pswrd): Text ****** has been set on object 'Object Repository/Login/Password'

2019-04-03 15:47:55 - [MESSAGE][PASSED] - Text ****** has been set on object 'Object Repository/Login/Password'

2019-04-03 15:47:55 - [TEST_STEP][PASSED] - click(findTestObject("Login/Sign In")): Object: 'Object Repository/Login/Sign In' is clicked on

2019-04-03 15:47:56 - [MESSAGE][PASSED] - Object: 'Object Repository/Login/Sign In' is clicked on

2019-04-03 15:47:56 - [TEST_STEP][PASSED] - delay(1): Delayed 1 second(s)

2019-04-03 15:47:57 - [MESSAGE][PASSED] - Delayed 1 second(s)

2019-04-03 15:47:57 - [TEST_STEP][PASSED] - navigateToUrl(languages_import, STOP_ON_FAILURE): Navigate to 'https://am-automation-test.dev.epulse.io/imports/languages' successfully

2019-04-03 15:47:58 - [MESSAGE][PASSED] - Navigate to 'https://am-automation-test.dev.epulse.io/imports/languages' successfully

2019-04-03 15:47:58 - [TEST_STEP][PASSED] - delay(1): Delayed 1 second(s)

2019-04-03 15:47:59 - [MESSAGE][PASSED] - Delayed 1 second(s)

2019-04-03 15:47:59 - [TEST_STEP][PASSED] - setText(findTestObject("Admin Console ePulse Menu/Account Settings/Prompts/Import Prompts Buttons/Choose File"), "/Users/alonzomack/Downloads/Automation uploads/languages.csv"): Text '/Users/alonzomack/Downloads/Automation uploads/languages.csv' is set on object 'Object Repository/Admin Console ePulse Menu/Account Settings/Prompts/Import Prompts Buttons/Choose File'

2019-04-03 15:47:59 - [MESSAGE][PASSED] - Text '/Users/alonzomack/Downloads/Automation uploads/languages.csv' is set on object 'Object Repository/Admin Console ePulse Menu/Account Settings/Prompts/Import Prompts Buttons/Choose File'

2019-04-03 15:47:59 - [TEST_STEP][PASSED] - click(findTestObject("Admin Console ePulse Menu/Account Settings/Prompts/Import Prompts Buttons/Continue Button")): Object: 'Object Repository/Admin Console ePulse Menu/Account Settings/Prompts/Import Prompts Buttons/Continue Button' is clicked on

2019-04-03 15:47:59 - [MESSAGE][PASSED] - Object: 'Object Repository/Admin Console ePulse Menu/Account Settings/Prompts/Import Prompts Buttons/Continue Button' is clicked on

2019-04-03 15:47:59 - [TEST_STEP][PASSED] - delay(1): Delayed 1 second(s)

2019-04-03 15:48:00 - [MESSAGE][PASSED] - Delayed 1 second(s)

2019-04-03 15:48:00 - [TEST_STEP][PASSED] - click(findTestObject("Admin Console ePulse Menu/Account Settings/Prompts/Import Prompts Buttons/button_Done(working)")): Object: 'Object Repository/Admin Console ePulse Menu/Account Settings/Prompts/Import Prompts Buttons/button_Done(working)' is clicked on

2019-04-03 15:48:04 - [MESSAGE][PASSED] - Object: 'Object Repository/Admin Console ePulse Menu/Account Settings/Prompts/Import Prompts Buttons/button_Done(working)' is clicked on

2019-04-03 15:48:04 - [TEST_STEP][PASSED] - delay(1): Delayed 1 second(s)

2019-04-03 15:48:05 - [MESSAGE][PASSED] - Delayed 1 second(s)

2019-04-03 15:48:05 - [TEST_STEP][PASSED] - closeBrowser(): Browser is closed

2019-04-03 15:48:05 - [MESSAGE][PASSED] - Browser is closed]]></system-out>
         <system-err><![CDATA[]]></system-err>
      </testcase>
      <testcase name="Test Cases/Admin Console/Account Settings/Poll Pad Setup()/Poll Pad Setup - Demo DB" classname="Test Cases/Admin Console/Account Settings/Poll Pad Setup()/Poll Pad Setup - Demo DB" status="FAILED">
         <failure type="FAILED" message="Test Cases/Admin Console/Account Settings/Poll Pad Setup()/Poll Pad Setup - Demo DB FAILED.
Reason:
com.kms.katalon.core.exception.StepFailedException: Unable to verify text 'Demo DB   processing...' is present  using regular expression (Root cause: com.kms.katalon.core.exception.StepFailedException: Text 'Demo DB   processing...' is not present on page  using regular expression)
	at com.kms.katalon.core.keyword.internal.KeywordMain.stepFailed(KeywordMain.groovy:36)
	at com.kms.katalon.core.webui.keyword.internal.WebUIKeywordMain.stepFailed(WebUIKeywordMain.groovy:65)
	at com.kms.katalon.core.webui.keyword.internal.WebUIKeywordMain.runKeyword(WebUIKeywordMain.groovy:27)
	at com.kms.katalon.core.webui.keyword.builtin.VerifyTextPresentKeyword.verifyTextPresent(VerifyTextPresentKeyword.groovy:83)
	at com.kms.katalon.core.webui.keyword.builtin.VerifyTextPresentKeyword.execute(VerifyTextPresentKeyword.groovy:68)
	at com.kms.katalon.core.keyword.internal.KeywordExecutor.executeKeywordForPlatform(KeywordExecutor.groovy:53)
	at com.kms.katalon.core.webui.keyword.WebUiBuiltInKeywords.verifyTextPresent(WebUiBuiltInKeywords.groovy:1693)
	at com.kms.katalon.core.webui.keyword.WebUiBuiltInKeywords$verifyTextPresent$14.call(Unknown Source)
	at Poll Pad Setup - Demo DB.run(Poll Pad Setup - Demo DB:51)
	at com.kms.katalon.core.main.ScriptEngine.run(ScriptEngine.java:194)
	at com.kms.katalon.core.main.ScriptEngine.runScriptAsRawText(ScriptEngine.java:119)
	at com.kms.katalon.core.main.TestCaseExecutor.runScript(TestCaseExecutor.java:328)
	at com.kms.katalon.core.main.TestCaseExecutor.doExecute(TestCaseExecutor.java:319)
	at com.kms.katalon.core.main.TestCaseExecutor.processExecutionPhase(TestCaseExecutor.java:298)
	at com.kms.katalon.core.main.TestCaseExecutor.accessMainPhase(TestCaseExecutor.java:290)
	at com.kms.katalon.core.main.TestCaseExecutor.execute(TestCaseExecutor.java:224)
	at com.kms.katalon.core.main.TestSuiteExecutor.accessTestCaseMainPhase(TestSuiteExecutor.java:129)
	at com.kms.katalon.core.main.TestSuiteExecutor.accessTestSuiteMainPhase(TestSuiteExecutor.java:112)
	at com.kms.katalon.core.main.TestSuiteExecutor.execute(TestSuiteExecutor.java:81)
	at com.kms.katalon.core.main.TestCaseMain.startTestSuite(TestCaseMain.java:149)
	at com.kms.katalon.core.main.TestCaseMain$startTestSuite$0.call(Unknown Source)
	at TempTestSuite1554323608097.run(TempTestSuite1554323608097.groovy:36)
"/>
         <system-out><![CDATA[2019-04-03 15:48:07 - [TEST_CASE][FAILED] - Test Cases/Admin Console/Account Settings/Poll Pad Setup()/Poll Pad Setup - Demo DB: Test Cases/Admin Console/Account Settings/Poll Pad Setup()/Poll Pad Setup - Demo DB FAILED.
Reason:
com.kms.katalon.core.exception.StepFailedException: Unable to verify text 'Demo DB   processing...' is present  using regular expression (Root cause: com.kms.katalon.core.exception.StepFailedException: Text 'Demo DB   processing...' is not present on page  using regular expression)
	at com.kms.katalon.core.keyword.internal.KeywordMain.stepFailed(KeywordMain.groovy:36)
	at com.kms.katalon.core.webui.keyword.internal.WebUIKeywordMain.stepFailed(WebUIKeywordMain.groovy:65)
	at com.kms.katalon.core.webui.keyword.internal.WebUIKeywordMain.runKeyword(WebUIKeywordMain.groovy:27)
	at com.kms.katalon.core.webui.keyword.builtin.VerifyTextPresentKeyword.verifyTextPresent(VerifyTextPresentKeyword.groovy:83)
	at com.kms.katalon.core.webui.keyword.builtin.VerifyTextPresentKeyword.execute(VerifyTextPresentKeyword.groovy:68)
	at com.kms.katalon.core.keyword.internal.KeywordExecutor.executeKeywordForPlatform(KeywordExecutor.groovy:53)
	at com.kms.katalon.core.webui.keyword.WebUiBuiltInKeywords.verifyTextPresent(WebUiBuiltInKeywords.groovy:1693)
	at com.kms.katalon.core.webui.keyword.WebUiBuiltInKeywords$verifyTextPresent$14.call(Unknown Source)
	at Poll Pad Setup - Demo DB.run(Poll Pad Setup - Demo DB:51)
	at com.kms.katalon.core.main.ScriptEngine.run(ScriptEngine.java:194)
	at com.kms.katalon.core.main.ScriptEngine.runScriptAsRawText(ScriptEngine.java:119)
	at com.kms.katalon.core.main.TestCaseExecutor.runScript(TestCaseExecutor.java:328)
	at com.kms.katalon.core.main.TestCaseExecutor.doExecute(TestCaseExecutor.java:319)
	at com.kms.katalon.core.main.TestCaseExecutor.processExecutionPhase(TestCaseExecutor.java:298)
	at com.kms.katalon.core.main.TestCaseExecutor.accessMainPhase(TestCaseExecutor.java:290)
	at com.kms.katalon.core.main.TestCaseExecutor.execute(TestCaseExecutor.java:224)
	at com.kms.katalon.core.main.TestSuiteExecutor.accessTestCaseMainPhase(TestSuiteExecutor.java:129)
	at com.kms.katalon.core.main.TestSuiteExecutor.accessTestSuiteMainPhase(TestSuiteExecutor.java:112)
	at com.kms.katalon.core.main.TestSuiteExecutor.execute(TestSuiteExecutor.java:81)
	at com.kms.katalon.core.main.TestCaseMain.startTestSuite(TestCaseMain.java:149)
	at com.kms.katalon.core.main.TestCaseMain$startTestSuite$0.call(Unknown Source)
	at TempTestSuite1554323608097.run(TempTestSuite1554323608097.groovy:36)


2019-04-03 15:48:08 - [TEST_STEP][PASSED] - openBrowser(""): Browser is opened with url: ''

2019-04-03 15:48:08 - [MESSAGE][INFO] - Starting 'Chrome (headless)' driver

2019-04-03 15:48:08 - [MESSAGE][PASSED] - Browser is opened with url: ''

2019-04-03 15:48:08 - [TEST_STEP][PASSED] - navigateToUrl(URL): Navigate to 'https://dev.epulse.io' successfully

2019-04-03 15:48:09 - [MESSAGE][PASSED] - Navigate to 'https://dev.epulse.io' successfully

2019-04-03 15:48:09 - [TEST_STEP][PASSED] - setText(findTestObject("Login/Email Address"), User_email): Text 'alonzo.mack@knowink.com' is set on object 'Object Repository/Login/Email Address'

2019-04-03 15:48:10 - [MESSAGE][PASSED] - Text 'alonzo.mack@knowink.com' is set on object 'Object Repository/Login/Email Address'

2019-04-03 15:48:10 - [TEST_STEP][PASSED] - setEncryptedText(findTestObject("Login/Password"), Pswrd): Text ****** has been set on object 'Object Repository/Login/Password'

2019-04-03 15:48:10 - [MESSAGE][PASSED] - Text ****** has been set on object 'Object Repository/Login/Password'

2019-04-03 15:48:10 - [TEST_STEP][PASSED] - click(findTestObject("Login/Sign In")): Object: 'Object Repository/Login/Sign In' is clicked on

2019-04-03 15:48:10 - [MESSAGE][PASSED] - Object: 'Object Repository/Login/Sign In' is clicked on

2019-04-03 15:48:10 - [TEST_STEP][PASSED] - delay(1): Delayed 1 second(s)

2019-04-03 15:48:11 - [MESSAGE][PASSED] - Delayed 1 second(s)

2019-04-03 15:48:11 - [TEST_STEP][PASSED] - navigateToUrl(Demo_DB): Navigate to 'https://am-automation-test.dev.epulse.io/account_settings/poll_pad' successfully

2019-04-03 15:48:13 - [MESSAGE][PASSED] - Navigate to 'https://am-automation-test.dev.epulse.io/account_settings/poll_pad' successfully

2019-04-03 15:48:13 - [TEST_STEP][PASSED] - click(findTestObject("Admin Console ePulse Menu/Account Settings/Poll Pad Setup/Demo Db")): Object: 'Object Repository/Admin Console ePulse Menu/Account Settings/Poll Pad Setup/Demo Db' is clicked on

2019-04-03 15:48:13 - [MESSAGE][PASSED] - Object: 'Object Repository/Admin Console ePulse Menu/Account Settings/Poll Pad Setup/Demo Db' is clicked on

2019-04-03 15:48:13 - [TEST_STEP][PASSED] - delay(1): Delayed 1 second(s)

2019-04-03 15:48:14 - [MESSAGE][PASSED] - Delayed 1 second(s)

2019-04-03 15:48:14 - [TEST_STEP][PASSED] - setText(findTestObject("Admin Console ePulse Menu/Account Settings/Poll Pad Setup/DEMO DB/Demo DB Name"), "Demo DB"): Text 'Demo DB' is set on object 'Object Repository/Admin Console ePulse Menu/Account Settings/Poll Pad Setup/DEMO DB/Demo DB Name'

2019-04-03 15:48:14 - [MESSAGE][PASSED] - Text 'Demo DB' is set on object 'Object Repository/Admin Console ePulse Menu/Account Settings/Poll Pad Setup/DEMO DB/Demo DB Name'

2019-04-03 15:48:14 - [TEST_STEP][PASSED] - delay(1): Delayed 1 second(s)

2019-04-03 15:48:15 - [MESSAGE][PASSED] - Delayed 1 second(s)

2019-04-03 15:48:15 - [TEST_STEP][NOT_RUN] - selectOptionByValue(findTestObject("Admin Console ePulse Menu/Account Settings/Poll Pad Setup/DEMO DB/Select Poll Pad Configuration"), "Test2", true): NOT_RUN: selectOptionByValue(findTestObject("Admin Console ePulse Menu/Account Settings/Poll Pad Setup/DEMO DB/Select Poll Pad Configuration"), "Test2", true)

2019-04-03 15:48:15 - [MESSAGE][NOT_RUN] - NOT_RUN: selectOptionByValue(findTestObject("Admin Console ePulse Menu/Account Settings/Poll Pad Setup/DEMO DB/Select Poll Pad Configuration"), "Test2", true)

2019-04-03 15:48:15 - [TEST_STEP][NOT_RUN] - selectOptionByIndex(findTestObject("Admin Console ePulse Menu/Account Settings/Poll Pad Setup/DEMO DB/Polling Place dropdown"), 2): NOT_RUN: selectOptionByIndex(findTestObject("Admin Console ePulse Menu/Account Settings/Poll Pad Setup/DEMO DB/Polling Place dropdown"), 2)

2019-04-03 15:48:15 - [MESSAGE][NOT_RUN] - NOT_RUN: selectOptionByIndex(findTestObject("Admin Console ePulse Menu/Account Settings/Poll Pad Setup/DEMO DB/Polling Place dropdown"), 2)

2019-04-03 15:48:15 - [TEST_STEP][PASSED] - click(findTestObject("Admin Console ePulse Menu/Account Settings/Poll Pad Setup/DEMO DB/Create Demo DB button")): Object: 'Object Repository/Admin Console ePulse Menu/Account Settings/Poll Pad Setup/DEMO DB/Create Demo DB button' is clicked on

2019-04-03 15:48:16 - [MESSAGE][PASSED] - Object: 'Object Repository/Admin Console ePulse Menu/Account Settings/Poll Pad Setup/DEMO DB/Create Demo DB button' is clicked on

2019-04-03 15:48:16 - [TEST_STEP][FAILED] - verifyTextPresent("Demo DB   processing...", true): verifyTextPresent("Demo DB   processing...", true) FAILED.
Reason:
com.kms.katalon.core.exception.StepFailedException: Unable to verify text 'Demo DB   processing...' is present  using regular expression (Root cause: com.kms.katalon.core.exception.StepFailedException: Text 'Demo DB   processing...' is not present on page  using regular expression)
	at com.kms.katalon.core.keyword.internal.KeywordMain.stepFailed(KeywordMain.groovy:36)
	at com.kms.katalon.core.webui.keyword.internal.WebUIKeywordMain.stepFailed(WebUIKeywordMain.groovy:65)
	at com.kms.katalon.core.webui.keyword.internal.WebUIKeywordMain.runKeyword(WebUIKeywordMain.groovy:27)
	at com.kms.katalon.core.webui.keyword.builtin.VerifyTextPresentKeyword.verifyTextPresent(VerifyTextPresentKeyword.groovy:83)
	at com.kms.katalon.core.webui.keyword.builtin.VerifyTextPresentKeyword.execute(VerifyTextPresentKeyword.groovy:68)
	at com.kms.katalon.core.keyword.internal.KeywordExecutor.executeKeywordForPlatform(KeywordExecutor.groovy:53)
	at com.kms.katalon.core.webui.keyword.WebUiBuiltInKeywords.verifyTextPresent(WebUiBuiltInKeywords.groovy:1693)
	at com.kms.katalon.core.webui.keyword.WebUiBuiltInKeywords$verifyTextPresent$14.call(Unknown Source)
	at Poll Pad Setup - Demo DB.run(Poll Pad Setup - Demo DB:51)
	at com.kms.katalon.core.main.ScriptEngine.run(ScriptEngine.java:194)
	at com.kms.katalon.core.main.ScriptEngine.runScriptAsRawText(ScriptEngine.java:119)
	at com.kms.katalon.core.main.TestCaseExecutor.runScript(TestCaseExecutor.java:328)
	at com.kms.katalon.core.main.TestCaseExecutor.doExecute(TestCaseExecutor.java:319)
	at com.kms.katalon.core.main.TestCaseExecutor.processExecutionPhase(TestCaseExecutor.java:298)
	at com.kms.katalon.core.main.TestCaseExecutor.accessMainPhase(TestCaseExecutor.java:290)
	at com.kms.katalon.core.main.TestCaseExecutor.execute(TestCaseExecutor.java:224)
	at com.kms.katalon.core.main.TestSuiteExecutor.accessTestCaseMainPhase(TestSuiteExecutor.java:129)
	at com.kms.katalon.core.main.TestSuiteExecutor.accessTestSuiteMainPhase(TestSuiteExecutor.java:112)
	at com.kms.katalon.core.main.TestSuiteExecutor.execute(TestSuiteExecutor.java:81)
	at com.kms.katalon.core.main.TestCaseMain.startTestSuite(TestCaseMain.java:149)
	at com.kms.katalon.core.main.TestCaseMain$startTestSuite$0.call(Unknown Source)
	at TempTestSuite1554323608097.run(TempTestSuite1554323608097.groovy:36)


2019-04-03 15:48:16 - [MESSAGE][FAILED] - Text 'Demo DB   processing...' is not present on page  using regular expression

2019-04-03 15:48:16 - [MESSAGE][FAILED] - Unable to verify text 'Demo DB   processing...' is present  using regular expression (Root cause: com.kms.katalon.core.exception.StepFailedException: Text 'Demo DB   processing...' is not present on page  using regular expression)
[[ATTACHMENT|/Users/alonzomack/Katalon Studio/Regression/Reports/dev_staging ready/20190403_153328/1554324496158.png]]

2019-04-03 15:48:16 - [MESSAGE][FAILED] - verifyTextPresent("Demo DB   processing...", true) FAILED.
Reason:
com.kms.katalon.core.exception.StepFailedException: Unable to verify text 'Demo DB   processing...' is present  using regular expression (Root cause: com.kms.katalon.core.exception.StepFailedException: Text 'Demo DB   processing...' is not present on page  using regular expression)
	at com.kms.katalon.core.keyword.internal.KeywordMain.stepFailed(KeywordMain.groovy:36)
	at com.kms.katalon.core.webui.keyword.internal.WebUIKeywordMain.stepFailed(WebUIKeywordMain.groovy:65)
	at com.kms.katalon.core.webui.keyword.internal.WebUIKeywordMain.runKeyword(WebUIKeywordMain.groovy:27)
	at com.kms.katalon.core.webui.keyword.builtin.VerifyTextPresentKeyword.verifyTextPresent(VerifyTextPresentKeyword.groovy:83)
	at com.kms.katalon.core.webui.keyword.builtin.VerifyTextPresentKeyword.execute(VerifyTextPresentKeyword.groovy:68)
	at com.kms.katalon.core.keyword.internal.KeywordExecutor.executeKeywordForPlatform(KeywordExecutor.groovy:53)
	at com.kms.katalon.core.webui.keyword.WebUiBuiltInKeywords.verifyTextPresent(WebUiBuiltInKeywords.groovy:1693)
	at com.kms.katalon.core.webui.keyword.WebUiBuiltInKeywords$verifyTextPresent$14.call(Unknown Source)
	at Poll Pad Setup - Demo DB.run(Poll Pad Setup - Demo DB:51)
	at com.kms.katalon.core.main.ScriptEngine.run(ScriptEngine.java:194)
	at com.kms.katalon.core.main.ScriptEngine.runScriptAsRawText(ScriptEngine.java:119)
	at com.kms.katalon.core.main.TestCaseExecutor.runScript(TestCaseExecutor.java:328)
	at com.kms.katalon.core.main.TestCaseExecutor.doExecute(TestCaseExecutor.java:319)
	at com.kms.katalon.core.main.TestCaseExecutor.processExecutionPhase(TestCaseExecutor.java:298)
	at com.kms.katalon.core.main.TestCaseExecutor.accessMainPhase(TestCaseExecutor.java:290)
	at com.kms.katalon.core.main.TestCaseExecutor.execute(TestCaseExecutor.java:224)
	at com.kms.katalon.core.main.TestSuiteExecutor.accessTestCaseMainPhase(TestSuiteExecutor.java:129)
	at com.kms.katalon.core.main.TestSuiteExecutor.accessTestSuiteMainPhase(TestSuiteExecutor.java:112)
	at com.kms.katalon.core.main.TestSuiteExecutor.execute(TestSuiteExecutor.java:81)
	at com.kms.katalon.core.main.TestCaseMain.startTestSuite(TestCaseMain.java:149)
	at com.kms.katalon.core.main.TestCaseMain$startTestSuite$0.call(Unknown Source)
	at TempTestSuite1554323608097.run(TempTestSuite1554323608097.groovy:36)]]></system-out>
         <system-err><![CDATA[2019-04-03 15:48:07 - [TEST_CASE][FAILED] - Test Cases/Admin Console/Account Settings/Poll Pad Setup()/Poll Pad Setup - Demo DB: Test Cases/Admin Console/Account Settings/Poll Pad Setup()/Poll Pad Setup - Demo DB FAILED.
Reason:
com.kms.katalon.core.exception.StepFailedException: Unable to verify text 'Demo DB   processing...' is present  using regular expression (Root cause: com.kms.katalon.core.exception.StepFailedException: Text 'Demo DB   processing...' is not present on page  using regular expression)
	at com.kms.katalon.core.keyword.internal.KeywordMain.stepFailed(KeywordMain.groovy:36)
	at com.kms.katalon.core.webui.keyword.internal.WebUIKeywordMain.stepFailed(WebUIKeywordMain.groovy:65)
	at com.kms.katalon.core.webui.keyword.internal.WebUIKeywordMain.runKeyword(WebUIKeywordMain.groovy:27)
	at com.kms.katalon.core.webui.keyword.builtin.VerifyTextPresentKeyword.verifyTextPresent(VerifyTextPresentKeyword.groovy:83)
	at com.kms.katalon.core.webui.keyword.builtin.VerifyTextPresentKeyword.execute(VerifyTextPresentKeyword.groovy:68)
	at com.kms.katalon.core.keyword.internal.KeywordExecutor.executeKeywordForPlatform(KeywordExecutor.groovy:53)
	at com.kms.katalon.core.webui.keyword.WebUiBuiltInKeywords.verifyTextPresent(WebUiBuiltInKeywords.groovy:1693)
	at com.kms.katalon.core.webui.keyword.WebUiBuiltInKeywords$verifyTextPresent$14.call(Unknown Source)
	at Poll Pad Setup - Demo DB.run(Poll Pad Setup - Demo DB:51)
	at com.kms.katalon.core.main.ScriptEngine.run(ScriptEngine.java:194)
	at com.kms.katalon.core.main.ScriptEngine.runScriptAsRawText(ScriptEngine.java:119)
	at com.kms.katalon.core.main.TestCaseExecutor.runScript(TestCaseExecutor.java:328)
	at com.kms.katalon.core.main.TestCaseExecutor.doExecute(TestCaseExecutor.java:319)
	at com.kms.katalon.core.main.TestCaseExecutor.processExecutionPhase(TestCaseExecutor.java:298)
	at com.kms.katalon.core.main.TestCaseExecutor.accessMainPhase(TestCaseExecutor.java:290)
	at com.kms.katalon.core.main.TestCaseExecutor.execute(TestCaseExecutor.java:224)
	at com.kms.katalon.core.main.TestSuiteExecutor.accessTestCaseMainPhase(TestSuiteExecutor.java:129)
	at com.kms.katalon.core.main.TestSuiteExecutor.accessTestSuiteMainPhase(TestSuiteExecutor.java:112)
	at com.kms.katalon.core.main.TestSuiteExecutor.execute(TestSuiteExecutor.java:81)
	at com.kms.katalon.core.main.TestCaseMain.startTestSuite(TestCaseMain.java:149)
	at com.kms.katalon.core.main.TestCaseMain$startTestSuite$0.call(Unknown Source)
	at TempTestSuite1554323608097.run(TempTestSuite1554323608097.groovy:36)]]></system-err>
      </testcase>
      <testcase name="Test Cases/Admin Console/Account Settings/Poll Pad Setup()/Poll Pad Setup - ISYNC" classname="Test Cases/Admin Console/Account Settings/Poll Pad Setup()/Poll Pad Setup - ISYNC" status="FAILED">
         <failure type="FAILED" message="Test Cases/Admin Console/Account Settings/Poll Pad Setup()/Poll Pad Setup - ISYNC FAILED.
Reason:
com.kms.katalon.core.exception.StepFailedException: Unable to click on object 'Object Repository/Admin Console ePulse Menu/Account Settings/Poll Pad Setup/ISYNC/DOWNLOAD' (Root cause: com.kms.katalon.core.webui.exception.WebElementNotFoundException: Web element with id: 'Object Repository/Admin Console ePulse Menu/Account Settings/Poll Pad Setup/ISYNC/DOWNLOAD' located by 'By.xpath: //div[@id='isync_files_table']/table/tbody/tr[2]/td[3]/a' not found)
	at com.kms.katalon.core.keyword.internal.KeywordMain.stepFailed(KeywordMain.groovy:36)
	at com.kms.katalon.core.webui.keyword.internal.WebUIKeywordMain.stepFailed(WebUIKeywordMain.groovy:65)
	at com.kms.katalon.core.webui.keyword.internal.WebUIKeywordMain.runKeyword(WebUIKeywordMain.groovy:27)
	at com.kms.katalon.core.webui.keyword.builtin.ClickKeyword.click(ClickKeyword.groovy:86)
	at com.kms.katalon.core.webui.keyword.builtin.ClickKeyword.execute(ClickKeyword.groovy:67)
	at com.kms.katalon.core.keyword.internal.KeywordExecutor.executeKeywordForPlatform(KeywordExecutor.groovy:53)
	at com.kms.katalon.core.webui.keyword.WebUiBuiltInKeywords.click(WebUiBuiltInKeywords.groovy:616)
	at com.kms.katalon.core.webui.keyword.WebUiBuiltInKeywords$click$3.call(Unknown Source)
	at Poll Pad Setup - ISYNC.run(Poll Pad Setup - ISYNC:41)
	at com.kms.katalon.core.main.ScriptEngine.run(ScriptEngine.java:194)
	at com.kms.katalon.core.main.ScriptEngine.runScriptAsRawText(ScriptEngine.java:119)
	at com.kms.katalon.core.main.TestCaseExecutor.runScript(TestCaseExecutor.java:328)
	at com.kms.katalon.core.main.TestCaseExecutor.doExecute(TestCaseExecutor.java:319)
	at com.kms.katalon.core.main.TestCaseExecutor.processExecutionPhase(TestCaseExecutor.java:298)
	at com.kms.katalon.core.main.TestCaseExecutor.accessMainPhase(TestCaseExecutor.java:290)
	at com.kms.katalon.core.main.TestCaseExecutor.execute(TestCaseExecutor.java:224)
	at com.kms.katalon.core.main.TestSuiteExecutor.accessTestCaseMainPhase(TestSuiteExecutor.java:129)
	at com.kms.katalon.core.main.TestSuiteExecutor.accessTestSuiteMainPhase(TestSuiteExecutor.java:112)
	at com.kms.katalon.core.main.TestSuiteExecutor.execute(TestSuiteExecutor.java:81)
	at com.kms.katalon.core.main.TestCaseMain.startTestSuite(TestCaseMain.java:149)
	at com.kms.katalon.core.main.TestCaseMain$startTestSuite$0.call(Unknown Source)
	at TempTestSuite1554323608097.run(TempTestSuite1554323608097.groovy:36)
"/>
         <system-out><![CDATA[2019-04-03 15:48:18 - [TEST_CASE][FAILED] - Test Cases/Admin Console/Account Settings/Poll Pad Setup()/Poll Pad Setup - ISYNC: Test Cases/Admin Console/Account Settings/Poll Pad Setup()/Poll Pad Setup - ISYNC FAILED.
Reason:
com.kms.katalon.core.exception.StepFailedException: Unable to click on object 'Object Repository/Admin Console ePulse Menu/Account Settings/Poll Pad Setup/ISYNC/DOWNLOAD' (Root cause: com.kms.katalon.core.webui.exception.WebElementNotFoundException: Web element with id: 'Object Repository/Admin Console ePulse Menu/Account Settings/Poll Pad Setup/ISYNC/DOWNLOAD' located by 'By.xpath: //div[@id='isync_files_table']/table/tbody/tr[2]/td[3]/a' not found)
	at com.kms.katalon.core.keyword.internal.KeywordMain.stepFailed(KeywordMain.groovy:36)
	at com.kms.katalon.core.webui.keyword.internal.WebUIKeywordMain.stepFailed(WebUIKeywordMain.groovy:65)
	at com.kms.katalon.core.webui.keyword.internal.WebUIKeywordMain.runKeyword(WebUIKeywordMain.groovy:27)
	at com.kms.katalon.core.webui.keyword.builtin.ClickKeyword.click(ClickKeyword.groovy:86)
	at com.kms.katalon.core.webui.keyword.builtin.ClickKeyword.execute(ClickKeyword.groovy:67)
	at com.kms.katalon.core.keyword.internal.KeywordExecutor.executeKeywordForPlatform(KeywordExecutor.groovy:53)
	at com.kms.katalon.core.webui.keyword.WebUiBuiltInKeywords.click(WebUiBuiltInKeywords.groovy:616)
	at com.kms.katalon.core.webui.keyword.WebUiBuiltInKeywords$click$3.call(Unknown Source)
	at Poll Pad Setup - ISYNC.run(Poll Pad Setup - ISYNC:41)
	at com.kms.katalon.core.main.ScriptEngine.run(ScriptEngine.java:194)
	at com.kms.katalon.core.main.ScriptEngine.runScriptAsRawText(ScriptEngine.java:119)
	at com.kms.katalon.core.main.TestCaseExecutor.runScript(TestCaseExecutor.java:328)
	at com.kms.katalon.core.main.TestCaseExecutor.doExecute(TestCaseExecutor.java:319)
	at com.kms.katalon.core.main.TestCaseExecutor.processExecutionPhase(TestCaseExecutor.java:298)
	at com.kms.katalon.core.main.TestCaseExecutor.accessMainPhase(TestCaseExecutor.java:290)
	at com.kms.katalon.core.main.TestCaseExecutor.execute(TestCaseExecutor.java:224)
	at com.kms.katalon.core.main.TestSuiteExecutor.accessTestCaseMainPhase(TestSuiteExecutor.java:129)
	at com.kms.katalon.core.main.TestSuiteExecutor.accessTestSuiteMainPhase(TestSuiteExecutor.java:112)
	at com.kms.katalon.core.main.TestSuiteExecutor.execute(TestSuiteExecutor.java:81)
	at com.kms.katalon.core.main.TestCaseMain.startTestSuite(TestCaseMain.java:149)
	at com.kms.katalon.core.main.TestCaseMain$startTestSuite$0.call(Unknown Source)
	at TempTestSuite1554323608097.run(TempTestSuite1554323608097.groovy:36)


2019-04-03 15:48:18 - [TEST_STEP][PASSED] - openBrowser(""): Browser is opened with url: ''

2019-04-03 15:48:18 - [MESSAGE][WARNING] - A browser is already opened. Closing browser and opening a new one

2019-04-03 15:48:18 - [MESSAGE][INFO] - Starting 'Chrome (headless)' driver

2019-04-03 15:48:19 - [MESSAGE][PASSED] - Browser is opened with url: ''

2019-04-03 15:48:19 - [TEST_STEP][PASSED] - navigateToUrl(URL): Navigate to 'https://dev.epulse.io' successfully

2019-04-03 15:48:23 - [MESSAGE][PASSED] - Navigate to 'https://dev.epulse.io' successfully

2019-04-03 15:48:23 - [TEST_STEP][PASSED] - setText(findTestObject("Login/Email Address"), User_email): Text 'alonzo.mack@knowink.com' is set on object 'Object Repository/Login/Email Address'

2019-04-03 15:48:23 - [MESSAGE][PASSED] - Text 'alonzo.mack@knowink.com' is set on object 'Object Repository/Login/Email Address'

2019-04-03 15:48:23 - [TEST_STEP][PASSED] - setEncryptedText(findTestObject("Login/Password"), Pswrd): Text ****** has been set on object 'Object Repository/Login/Password'

2019-04-03 15:48:23 - [MESSAGE][PASSED] - Text ****** has been set on object 'Object Repository/Login/Password'

2019-04-03 15:48:23 - [TEST_STEP][PASSED] - click(findTestObject("Login/Sign In")): Object: 'Object Repository/Login/Sign In' is clicked on

2019-04-03 15:48:24 - [MESSAGE][PASSED] - Object: 'Object Repository/Login/Sign In' is clicked on

2019-04-03 15:48:24 - [TEST_STEP][PASSED] - delay(1): Delayed 1 second(s)

2019-04-03 15:48:25 - [MESSAGE][PASSED] - Delayed 1 second(s)

2019-04-03 15:48:25 - [TEST_STEP][PASSED] - navigateToUrl(iSync): Navigate to 'https://am-automation-test.dev.epulse.io/account_settings/poll_pad' successfully

2019-04-03 15:48:26 - [MESSAGE][PASSED] - Navigate to 'https://am-automation-test.dev.epulse.io/account_settings/poll_pad' successfully

2019-04-03 15:48:26 - [TEST_STEP][PASSED] - click(findTestObject("Admin Console ePulse Menu/Account Settings/Poll Pad Setup/Isync")): Object: 'Object Repository/Admin Console ePulse Menu/Account Settings/Poll Pad Setup/Isync' is clicked on

2019-04-03 15:48:26 - [MESSAGE][PASSED] - Object: 'Object Repository/Admin Console ePulse Menu/Account Settings/Poll Pad Setup/Isync' is clicked on

2019-04-03 15:48:26 - [TEST_STEP][PASSED] - click(findTestObject("Admin Console ePulse Menu/Account Settings/Poll Pad Setup/ISYNC/Generate New button")): Object: 'Object Repository/Admin Console ePulse Menu/Account Settings/Poll Pad Setup/ISYNC/Generate New button' is clicked on

2019-04-03 15:48:27 - [MESSAGE][PASSED] - Object: 'Object Repository/Admin Console ePulse Menu/Account Settings/Poll Pad Setup/ISYNC/Generate New button' is clicked on

2019-04-03 15:48:27 - [TEST_STEP][PASSED] - delay(10): Delayed 10 second(s)

2019-04-03 15:48:37 - [MESSAGE][PASSED] - Delayed 10 second(s)

2019-04-03 15:48:37 - [TEST_STEP][FAILED] - click(findTestObject("Admin Console ePulse Menu/Account Settings/Poll Pad Setup/ISYNC/DOWNLOAD")): click(findTestObject("Admin Console ePulse Menu/Account Settings/Poll Pad Setup/ISYNC/DOWNLOAD")) FAILED.
Reason:
com.kms.katalon.core.exception.StepFailedException: Unable to click on object 'Object Repository/Admin Console ePulse Menu/Account Settings/Poll Pad Setup/ISYNC/DOWNLOAD' (Root cause: com.kms.katalon.core.webui.exception.WebElementNotFoundException: Web element with id: 'Object Repository/Admin Console ePulse Menu/Account Settings/Poll Pad Setup/ISYNC/DOWNLOAD' located by 'By.xpath: //div[@id='isync_files_table']/table/tbody/tr[2]/td[3]/a' not found)
	at com.kms.katalon.core.keyword.internal.KeywordMain.stepFailed(KeywordMain.groovy:36)
	at com.kms.katalon.core.webui.keyword.internal.WebUIKeywordMain.stepFailed(WebUIKeywordMain.groovy:65)
	at com.kms.katalon.core.webui.keyword.internal.WebUIKeywordMain.runKeyword(WebUIKeywordMain.groovy:27)
	at com.kms.katalon.core.webui.keyword.builtin.ClickKeyword.click(ClickKeyword.groovy:86)
	at com.kms.katalon.core.webui.keyword.builtin.ClickKeyword.execute(ClickKeyword.groovy:67)
	at com.kms.katalon.core.keyword.internal.KeywordExecutor.executeKeywordForPlatform(KeywordExecutor.groovy:53)
	at com.kms.katalon.core.webui.keyword.WebUiBuiltInKeywords.click(WebUiBuiltInKeywords.groovy:616)
	at com.kms.katalon.core.webui.keyword.WebUiBuiltInKeywords$click$3.call(Unknown Source)
	at Poll Pad Setup - ISYNC.run(Poll Pad Setup - ISYNC:41)
	at com.kms.katalon.core.main.ScriptEngine.run(ScriptEngine.java:194)
	at com.kms.katalon.core.main.ScriptEngine.runScriptAsRawText(ScriptEngine.java:119)
	at com.kms.katalon.core.main.TestCaseExecutor.runScript(TestCaseExecutor.java:328)
	at com.kms.katalon.core.main.TestCaseExecutor.doExecute(TestCaseExecutor.java:319)
	at com.kms.katalon.core.main.TestCaseExecutor.processExecutionPhase(TestCaseExecutor.java:298)
	at com.kms.katalon.core.main.TestCaseExecutor.accessMainPhase(TestCaseExecutor.java:290)
	at com.kms.katalon.core.main.TestCaseExecutor.execute(TestCaseExecutor.java:224)
	at com.kms.katalon.core.main.TestSuiteExecutor.accessTestCaseMainPhase(TestSuiteExecutor.java:129)
	at com.kms.katalon.core.main.TestSuiteExecutor.accessTestSuiteMainPhase(TestSuiteExecutor.java:112)
	at com.kms.katalon.core.main.TestSuiteExecutor.execute(TestSuiteExecutor.java:81)
	at com.kms.katalon.core.main.TestCaseMain.startTestSuite(TestCaseMain.java:149)
	at com.kms.katalon.core.main.TestCaseMain$startTestSuite$0.call(Unknown Source)
	at TempTestSuite1554323608097.run(TempTestSuite1554323608097.groovy:36)


2019-04-03 15:48:52 - [MESSAGE][INFO] - Unable to find the element located by 'By.xpath: //div[@id='isync_files_table']/table/tbody/tr[2]/td[3]/a'. Please recheck the objects properties to make sure the desired element is located. 

2019-04-03 15:48:52 - [MESSAGE][FAILED] - Unable to click on object 'Object Repository/Admin Console ePulse Menu/Account Settings/Poll Pad Setup/ISYNC/DOWNLOAD' (Root cause: com.kms.katalon.core.webui.exception.WebElementNotFoundException: Web element with id: 'Object Repository/Admin Console ePulse Menu/Account Settings/Poll Pad Setup/ISYNC/DOWNLOAD' located by 'By.xpath: //div[@id='isync_files_table']/table/tbody/tr[2]/td[3]/a' not found)
[[ATTACHMENT|/Users/alonzomack/Katalon Studio/Regression/Reports/dev_staging ready/20190403_153328/1554324532348.png]]

2019-04-03 15:48:52 - [MESSAGE][FAILED] - click(findTestObject("Admin Console ePulse Menu/Account Settings/Poll Pad Setup/ISYNC/DOWNLOAD")) FAILED.
Reason:
com.kms.katalon.core.exception.StepFailedException: Unable to click on object 'Object Repository/Admin Console ePulse Menu/Account Settings/Poll Pad Setup/ISYNC/DOWNLOAD' (Root cause: com.kms.katalon.core.webui.exception.WebElementNotFoundException: Web element with id: 'Object Repository/Admin Console ePulse Menu/Account Settings/Poll Pad Setup/ISYNC/DOWNLOAD' located by 'By.xpath: //div[@id='isync_files_table']/table/tbody/tr[2]/td[3]/a' not found)
	at com.kms.katalon.core.keyword.internal.KeywordMain.stepFailed(KeywordMain.groovy:36)
	at com.kms.katalon.core.webui.keyword.internal.WebUIKeywordMain.stepFailed(WebUIKeywordMain.groovy:65)
	at com.kms.katalon.core.webui.keyword.internal.WebUIKeywordMain.runKeyword(WebUIKeywordMain.groovy:27)
	at com.kms.katalon.core.webui.keyword.builtin.ClickKeyword.click(ClickKeyword.groovy:86)
	at com.kms.katalon.core.webui.keyword.builtin.ClickKeyword.execute(ClickKeyword.groovy:67)
	at com.kms.katalon.core.keyword.internal.KeywordExecutor.executeKeywordForPlatform(KeywordExecutor.groovy:53)
	at com.kms.katalon.core.webui.keyword.WebUiBuiltInKeywords.click(WebUiBuiltInKeywords.groovy:616)
	at com.kms.katalon.core.webui.keyword.WebUiBuiltInKeywords$click$3.call(Unknown Source)
	at Poll Pad Setup - ISYNC.run(Poll Pad Setup - ISYNC:41)
	at com.kms.katalon.core.main.ScriptEngine.run(ScriptEngine.java:194)
	at com.kms.katalon.core.main.ScriptEngine.runScriptAsRawText(ScriptEngine.java:119)
	at com.kms.katalon.core.main.TestCaseExecutor.runScript(TestCaseExecutor.java:328)
	at com.kms.katalon.core.main.TestCaseExecutor.doExecute(TestCaseExecutor.java:319)
	at com.kms.katalon.core.main.TestCaseExecutor.processExecutionPhase(TestCaseExecutor.java:298)
	at com.kms.katalon.core.main.TestCaseExecutor.accessMainPhase(TestCaseExecutor.java:290)
	at com.kms.katalon.core.main.TestCaseExecutor.execute(TestCaseExecutor.java:224)
	at com.kms.katalon.core.main.TestSuiteExecutor.accessTestCaseMainPhase(TestSuiteExecutor.java:129)
	at com.kms.katalon.core.main.TestSuiteExecutor.accessTestSuiteMainPhase(TestSuiteExecutor.java:112)
	at com.kms.katalon.core.main.TestSuiteExecutor.execute(TestSuiteExecutor.java:81)
	at com.kms.katalon.core.main.TestCaseMain.startTestSuite(TestCaseMain.java:149)
	at com.kms.katalon.core.main.TestCaseMain$startTestSuite$0.call(Unknown Source)
	at TempTestSuite1554323608097.run(TempTestSuite1554323608097.groovy:36)]]></system-out>
         <system-err><![CDATA[2019-04-03 15:48:18 - [TEST_CASE][FAILED] - Test Cases/Admin Console/Account Settings/Poll Pad Setup()/Poll Pad Setup - ISYNC: Test Cases/Admin Console/Account Settings/Poll Pad Setup()/Poll Pad Setup - ISYNC FAILED.
Reason:
com.kms.katalon.core.exception.StepFailedException: Unable to click on object 'Object Repository/Admin Console ePulse Menu/Account Settings/Poll Pad Setup/ISYNC/DOWNLOAD' (Root cause: com.kms.katalon.core.webui.exception.WebElementNotFoundException: Web element with id: 'Object Repository/Admin Console ePulse Menu/Account Settings/Poll Pad Setup/ISYNC/DOWNLOAD' located by 'By.xpath: //div[@id='isync_files_table']/table/tbody/tr[2]/td[3]/a' not found)
	at com.kms.katalon.core.keyword.internal.KeywordMain.stepFailed(KeywordMain.groovy:36)
	at com.kms.katalon.core.webui.keyword.internal.WebUIKeywordMain.stepFailed(WebUIKeywordMain.groovy:65)
	at com.kms.katalon.core.webui.keyword.internal.WebUIKeywordMain.runKeyword(WebUIKeywordMain.groovy:27)
	at com.kms.katalon.core.webui.keyword.builtin.ClickKeyword.click(ClickKeyword.groovy:86)
	at com.kms.katalon.core.webui.keyword.builtin.ClickKeyword.execute(ClickKeyword.groovy:67)
	at com.kms.katalon.core.keyword.internal.KeywordExecutor.executeKeywordForPlatform(KeywordExecutor.groovy:53)
	at com.kms.katalon.core.webui.keyword.WebUiBuiltInKeywords.click(WebUiBuiltInKeywords.groovy:616)
	at com.kms.katalon.core.webui.keyword.WebUiBuiltInKeywords$click$3.call(Unknown Source)
	at Poll Pad Setup - ISYNC.run(Poll Pad Setup - ISYNC:41)
	at com.kms.katalon.core.main.ScriptEngine.run(ScriptEngine.java:194)
	at com.kms.katalon.core.main.ScriptEngine.runScriptAsRawText(ScriptEngine.java:119)
	at com.kms.katalon.core.main.TestCaseExecutor.runScript(TestCaseExecutor.java:328)
	at com.kms.katalon.core.main.TestCaseExecutor.doExecute(TestCaseExecutor.java:319)
	at com.kms.katalon.core.main.TestCaseExecutor.processExecutionPhase(TestCaseExecutor.java:298)
	at com.kms.katalon.core.main.TestCaseExecutor.accessMainPhase(TestCaseExecutor.java:290)
	at com.kms.katalon.core.main.TestCaseExecutor.execute(TestCaseExecutor.java:224)
	at com.kms.katalon.core.main.TestSuiteExecutor.accessTestCaseMainPhase(TestSuiteExecutor.java:129)
	at com.kms.katalon.core.main.TestSuiteExecutor.accessTestSuiteMainPhase(TestSuiteExecutor.java:112)
	at com.kms.katalon.core.main.TestSuiteExecutor.execute(TestSuiteExecutor.java:81)
	at com.kms.katalon.core.main.TestCaseMain.startTestSuite(TestCaseMain.java:149)
	at com.kms.katalon.core.main.TestCaseMain$startTestSuite$0.call(Unknown Source)
	at TempTestSuite1554323608097.run(TempTestSuite1554323608097.groovy:36)]]></system-err>
      </testcase>
      <system-out><![CDATA[2019-04-03 15:33:33 - [TEST_SUITE][FAILED] - dev_staging ready: Test Cases/Admin Console/Election Setup/Elections/Election Creation FAILED.
Reason:
com.kms.katalon.core.exception.StepFailedException: Unable to verify text 'Election Seed Files' is present  using regular expression (Root cause: com.kms.katalon.core.exception.StepFailedException: Text 'Election Seed Files' is not present on page  using regular expression)
	at com.kms.katalon.core.keyword.internal.KeywordMain.stepFailed(KeywordMain.groovy:36)
	at com.kms.katalon.core.webui.keyword.internal.WebUIKeywordMain.stepFailed(WebUIKeywordMain.groovy:65)
	at com.kms.katalon.core.webui.keyword.internal.WebUIKeywordMain.runKeyword(WebUIKeywordMain.groovy:27)
	at com.kms.katalon.core.webui.keyword.builtin.VerifyTextPresentKeyword.verifyTextPresent(VerifyTextPresentKeyword.groovy:83)
	at com.kms.katalon.core.webui.keyword.builtin.VerifyTextPresentKeyword.execute(VerifyTextPresentKeyword.groovy:68)
	at com.kms.katalon.core.keyword.internal.KeywordExecutor.executeKeywordForPlatform(KeywordExecutor.groovy:53)
	at com.kms.katalon.core.webui.keyword.WebUiBuiltInKeywords.verifyTextPresent(WebUiBuiltInKeywords.groovy:1693)
	at com.kms.katalon.core.webui.keyword.WebUiBuiltInKeywords$verifyTextPresent$14.call(Unknown Source)
	at Election Creation.run(Election Creation:100)
	at com.kms.katalon.core.main.ScriptEngine.run(ScriptEngine.java:194)
	at com.kms.katalon.core.main.ScriptEngine.runScriptAsRawText(ScriptEngine.java:119)
	at com.kms.katalon.core.main.TestCaseExecutor.runScript(TestCaseExecutor.java:328)
	at com.kms.katalon.core.main.TestCaseExecutor.doExecute(TestCaseExecutor.java:319)
	at com.kms.katalon.core.main.TestCaseExecutor.processExecutionPhase(TestCaseExecutor.java:298)
	at com.kms.katalon.core.main.TestCaseExecutor.accessMainPhase(TestCaseExecutor.java:290)
	at com.kms.katalon.core.main.TestCaseExecutor.execute(TestCaseExecutor.java:224)
	at com.kms.katalon.core.main.TestSuiteExecutor.accessTestCaseMainPhase(TestSuiteExecutor.java:129)
	at com.kms.katalon.core.main.TestSuiteExecutor.accessTestSuiteMainPhase(TestSuiteExecutor.java:112)
	at com.kms.katalon.core.main.TestSuiteExecutor.execute(TestSuiteExecutor.java:81)
	at com.kms.katalon.core.main.TestCaseMain.startTestSuite(TestCaseMain.java:149)
	at com.kms.katalon.core.main.TestCaseMain$startTestSuite$0.call(Unknown Source)
	at TempTestSuite1554323608097.run(TempTestSuite1554323608097.groovy:36)]]></system-out>
      <system-err><![CDATA[2019-04-03 15:33:33 - [TEST_SUITE][FAILED] - dev_staging ready: Test Cases/Admin Console/Election Setup/Elections/Election Creation FAILED.
Reason:
com.kms.katalon.core.exception.StepFailedException: Unable to verify text 'Election Seed Files' is present  using regular expression (Root cause: com.kms.katalon.core.exception.StepFailedException: Text 'Election Seed Files' is not present on page  using regular expression)
	at com.kms.katalon.core.keyword.internal.KeywordMain.stepFailed(KeywordMain.groovy:36)
	at com.kms.katalon.core.webui.keyword.internal.WebUIKeywordMain.stepFailed(WebUIKeywordMain.groovy:65)
	at com.kms.katalon.core.webui.keyword.internal.WebUIKeywordMain.runKeyword(WebUIKeywordMain.groovy:27)
	at com.kms.katalon.core.webui.keyword.builtin.VerifyTextPresentKeyword.verifyTextPresent(VerifyTextPresentKeyword.groovy:83)
	at com.kms.katalon.core.webui.keyword.builtin.VerifyTextPresentKeyword.execute(VerifyTextPresentKeyword.groovy:68)
	at com.kms.katalon.core.keyword.internal.KeywordExecutor.executeKeywordForPlatform(KeywordExecutor.groovy:53)
	at com.kms.katalon.core.webui.keyword.WebUiBuiltInKeywords.verifyTextPresent(WebUiBuiltInKeywords.groovy:1693)
	at com.kms.katalon.core.webui.keyword.WebUiBuiltInKeywords$verifyTextPresent$14.call(Unknown Source)
	at Election Creation.run(Election Creation:100)
	at com.kms.katalon.core.main.ScriptEngine.run(ScriptEngine.java:194)
	at com.kms.katalon.core.main.ScriptEngine.runScriptAsRawText(ScriptEngine.java:119)
	at com.kms.katalon.core.main.TestCaseExecutor.runScript(TestCaseExecutor.java:328)
	at com.kms.katalon.core.main.TestCaseExecutor.doExecute(TestCaseExecutor.java:319)
	at com.kms.katalon.core.main.TestCaseExecutor.processExecutionPhase(TestCaseExecutor.java:298)
	at com.kms.katalon.core.main.TestCaseExecutor.accessMainPhase(TestCaseExecutor.java:290)
	at com.kms.katalon.core.main.TestCaseExecutor.execute(TestCaseExecutor.java:224)
	at com.kms.katalon.core.main.TestSuiteExecutor.accessTestCaseMainPhase(TestSuiteExecutor.java:129)
	at com.kms.katalon.core.main.TestSuiteExecutor.accessTestSuiteMainPhase(TestSuiteExecutor.java:112)
	at com.kms.katalon.core.main.TestSuiteExecutor.execute(TestSuiteExecutor.java:81)
	at com.kms.katalon.core.main.TestCaseMain.startTestSuite(TestCaseMain.java:149)
	at com.kms.katalon.core.main.TestCaseMain$startTestSuite$0.call(Unknown Source)
	at TempTestSuite1554323608097.run(TempTestSuite1554323608097.groovy:36)]]></system-err>
   </testsuite>
</testsuites>
