<?xml version="1.0" encoding="UTF-8"?>
<testsuites name="dev_staging ready" time="2343" tests="37" failures="12" errors="0">
   <testsuite name="dev_staging ready" tests="37" failures="12" errors="0" time="2343" timestamp="2018-12-13 15:55:16" hostname="alonzomack - 192.168.1.7" id="Test Suites/dev_staging ready">
      <properties>
         <property name="deviceName" value=""/>
         <property name="devicePlatform" value=""/>
         <property name="logFolder" value="/Users/alonzomack/Katalon Studio/Regression/Reports/dev_staging ready/20181213_155510"/>
         <property name="logFiles" value="/Users/alonzomack/Katalon Studio/Regression/Reports/dev_staging ready/20181213_155510/execution0.log"/>
         <property name="attachments" value="/Users/alonzomack/Katalon Studio/Regression/Reports/dev_staging ready/20181213_155510/1544738359478.png, /Users/alonzomack/Katalon Studio/Regression/Reports/dev_staging ready/20181213_155510/1544738359768.png, /Users/alonzomack/Katalon Studio/Regression/Reports/dev_staging ready/20181213_155510/1544738685639.png, /Users/alonzomack/Katalon Studio/Regression/Reports/dev_staging ready/20181213_155510/1544738747348.png, /Users/alonzomack/Katalon Studio/Regression/Reports/dev_staging ready/20181213_155510/1544740064110.png, /Users/alonzomack/Katalon Studio/Regression/Reports/dev_staging ready/20181213_155510/1544740106363.png, /Users/alonzomack/Katalon Studio/Regression/Reports/dev_staging ready/20181213_155510/1544740130111.png, /Users/alonzomack/Katalon Studio/Regression/Reports/dev_staging ready/20181213_155510/1544740152159.png, /Users/alonzomack/Katalon Studio/Regression/Reports/dev_staging ready/20181213_155510/1544740174810.png, /Users/alonzomack/Katalon Studio/Regression/Reports/dev_staging ready/20181213_155510/1544740202507.png, /Users/alonzomack/Katalon Studio/Regression/Reports/dev_staging ready/20181213_155510/1544740279344.png, /Users/alonzomack/Katalon Studio/Regression/Reports/dev_staging ready/20181213_155510/1544740317546.png, /Users/alonzomack/Katalon Studio/Regression/Reports/dev_staging ready/20181213_155510/1544740436767.png"/>
         <property name="hostName" value="alonzomack - 192.168.1.7"/>
         <property name="os" value="Mac OS X 64bit"/>
         <property name="katalonVersion" value="5.9.1.2"/>
         <property name="browser" value="Chrome 70.0.3538.110"/>
         <property name="hostAddress" value="192.168.1.7"/>
         <property name="sessionId" value="5e5abe3bb65fbae030d7c062100f70db"/>
         <property name="seleniumVersion" value="3.7.1"/>
         <property name="proxyInformation" value="ProxyInformation{proxyOption=NO_PROXY, proxyServerType=HTTP, password=, proxyServerAddress=, proxyServerPort=0}"/>
         <property name="platform" value="Mac OS X"/>
      </properties>
      <testcase name="Test Cases/SuperAdminConsole/Accounts/Account(SuperAdminConsole) - Delete" classname="Test Cases/SuperAdminConsole/Accounts/Account(SuperAdminConsole) - Delete" status="PASSED">
         <system-out><![CDATA[2018-12-13 15:55:16 - [TEST_CASE][PASSED] - Test Cases/SuperAdminConsole/Accounts/Account(SuperAdminConsole) - Delete: Test Cases/SuperAdminConsole/Accounts/Account(SuperAdminConsole) - Delete

2018-12-13 15:55:16 - [TEST_STEP][PASSED] - openBrowser(""): Browser is opened with url: ''

2018-12-13 15:55:17 - [MESSAGE][INFO] - Starting 'Chrome' driver

2018-12-13 15:55:17 - [MESSAGE][INFO] - Action delay is set to 0 seconds

2018-12-13 15:55:19 - [MESSAGE][PASSED] - Browser is opened with url: ''

2018-12-13 15:55:19 - [TEST_STEP][PASSED] - navigateToUrl(URL): Navigate to 'https://epulsebeta2.com' successfully

2018-12-13 15:55:22 - [MESSAGE][PASSED] - Navigate to 'https://epulsebeta2.com' successfully

2018-12-13 15:55:22 - [TEST_STEP][PASSED] - setText(findTestObject("Login/Email Address"), User_email): Text 'alonzo.mack@knowink.com' is set on object 'Object Repository/Login/Email Address'

2018-12-13 15:55:23 - [MESSAGE][PASSED] - Text 'alonzo.mack@knowink.com' is set on object 'Object Repository/Login/Email Address'

2018-12-13 15:55:23 - [TEST_STEP][PASSED] - setEncryptedText(findTestObject("Login/Password"), Pswrd): Text ****** has been set on object 'Object Repository/Login/Password'

2018-12-13 15:55:23 - [MESSAGE][PASSED] - Text ****** has been set on object 'Object Repository/Login/Password'

2018-12-13 15:55:23 - [TEST_STEP][PASSED] - click(findTestObject("Login/Sign In")): Object: 'Object Repository/Login/Sign In' is clicked on

2018-12-13 15:55:23 - [MESSAGE][PASSED] - Object: 'Object Repository/Login/Sign In' is clicked on

2018-12-13 15:55:23 - [TEST_STEP][PASSED] - delay(1): Delayed 1 second(s)

2018-12-13 15:55:25 - [MESSAGE][PASSED] - Delayed 1 second(s)

2018-12-13 15:55:25 - [TEST_STEP][PASSED] - click(findTestObject("Login/am-Automation-test"), STOP_ON_FAILURE): Object: 'Object Repository/Login/am-Automation-test' is clicked on

2018-12-13 15:55:25 - [MESSAGE][PASSED] - Object: 'Object Repository/Login/am-Automation-test' is clicked on

2018-12-13 15:55:25 - [TEST_STEP][PASSED] - delay(1): Delayed 1 second(s)

2018-12-13 15:55:26 - [MESSAGE][PASSED] - Delayed 1 second(s)

2018-12-13 15:55:26 - [TEST_STEP][PASSED] - mouseOver(findTestObject("Common ePulse Objects/Actions(Gear icon)")): Object: 'Object Repository/Common ePulse Objects/Actions(Gear icon)' is hovered

2018-12-13 15:55:26 - [MESSAGE][PASSED] - Object: 'Object Repository/Common ePulse Objects/Actions(Gear icon)' is hovered

2018-12-13 15:55:26 - [TEST_STEP][PASSED] - delay(3): Delayed 3 second(s)

2018-12-13 15:55:29 - [MESSAGE][PASSED] - Delayed 3 second(s)

2018-12-13 15:55:29 - [TEST_STEP][PASSED] - click(findTestObject("SuperAdminConsole/Edit Accounts - Actions/Delete")): Object: 'Object Repository/SuperAdminConsole/Edit Accounts - Actions/Delete' is clicked on

2018-12-13 15:55:30 - [MESSAGE][PASSED] - Object: 'Object Repository/SuperAdminConsole/Edit Accounts - Actions/Delete' is clicked on

2018-12-13 15:55:30 - [TEST_STEP][PASSED] - delay(1): Delayed 1 second(s)

2018-12-13 15:55:31 - [MESSAGE][PASSED] - Delayed 1 second(s)

2018-12-13 15:55:31 - [TEST_STEP][PASSED] - acceptAlert(): Alert accepted

2018-12-13 15:55:31 - [MESSAGE][PASSED] - Alert accepted

2018-12-13 15:55:31 - [TEST_STEP][PASSED] - closeBrowser(STOP_ON_FAILURE): Browser is closed

2018-12-13 15:55:31 - [MESSAGE][PASSED] - Browser is closed]]></system-out>
         <system-err><![CDATA[]]></system-err>
      </testcase>
      <testcase name="Test Cases/SuperAdminConsole/Accounts/Create Account(SuperAdminConsole)" classname="Test Cases/SuperAdminConsole/Accounts/Create Account(SuperAdminConsole)" status="PASSED">
         <system-out><![CDATA[2018-12-13 15:55:31 - [TEST_CASE][PASSED] - Test Cases/SuperAdminConsole/Accounts/Create Account(SuperAdminConsole): Test Cases/SuperAdminConsole/Accounts/Create Account(SuperAdminConsole)

2018-12-13 15:55:31 - [TEST_STEP][PASSED] - openBrowser(""): Browser is opened with url: ''

2018-12-13 15:55:31 - [MESSAGE][INFO] - Starting 'Chrome' driver

2018-12-13 15:55:32 - [MESSAGE][PASSED] - Browser is opened with url: ''

2018-12-13 15:55:32 - [TEST_STEP][PASSED] - navigateToUrl(URL): Navigate to 'https://epulsebeta2.com' successfully

2018-12-13 15:55:35 - [MESSAGE][PASSED] - Navigate to 'https://epulsebeta2.com' successfully

2018-12-13 15:55:35 - [TEST_STEP][PASSED] - setText(findTestObject("Login/Email Address"), User_email): Text 'alonzo.mack@knowink.com' is set on object 'Object Repository/Login/Email Address'

2018-12-13 15:55:35 - [MESSAGE][PASSED] - Text 'alonzo.mack@knowink.com' is set on object 'Object Repository/Login/Email Address'

2018-12-13 15:55:35 - [TEST_STEP][PASSED] - setEncryptedText(findTestObject("Login/Password"), Pswrd): Text ****** has been set on object 'Object Repository/Login/Password'

2018-12-13 15:55:35 - [MESSAGE][PASSED] - Text ****** has been set on object 'Object Repository/Login/Password'

2018-12-13 15:55:35 - [TEST_STEP][PASSED] - click(findTestObject("Login/Sign In")): Object: 'Object Repository/Login/Sign In' is clicked on

2018-12-13 15:55:36 - [MESSAGE][PASSED] - Object: 'Object Repository/Login/Sign In' is clicked on

2018-12-13 15:55:36 - [TEST_STEP][PASSED] - delay(1): Delayed 1 second(s)

2018-12-13 15:55:37 - [MESSAGE][PASSED] - Delayed 1 second(s)

2018-12-13 15:55:37 - [TEST_STEP][PASSED] - click(findTestObject("SuperAdminConsole/Account Creation/a_Add Account")): Object: 'Object Repository/SuperAdminConsole/Account Creation/a_Add Account' is clicked on

2018-12-13 15:55:38 - [MESSAGE][PASSED] - Object: 'Object Repository/SuperAdminConsole/Account Creation/a_Add Account' is clicked on

2018-12-13 15:55:38 - [TEST_STEP][PASSED] - delay(1): Delayed 1 second(s)

2018-12-13 15:55:39 - [MESSAGE][PASSED] - Delayed 1 second(s)

2018-12-13 15:55:39 - [TEST_STEP][PASSED] - setText(findTestObject("SuperAdminConsole/Account Creation/Account Information/Display Title"), "am-Automation-test"): Text 'am-Automation-test' is set on object 'Object Repository/SuperAdminConsole/Account Creation/Account Information/Display Title'

2018-12-13 15:55:39 - [MESSAGE][PASSED] - Text 'am-Automation-test' is set on object 'Object Repository/SuperAdminConsole/Account Creation/Account Information/Display Title'

2018-12-13 15:55:39 - [TEST_STEP][PASSED] - delay(1): Delayed 1 second(s)

2018-12-13 15:55:40 - [MESSAGE][PASSED] - Delayed 1 second(s)

2018-12-13 15:55:40 - [TEST_STEP][PASSED] - setText(findTestObject("SuperAdminConsole/Account Creation/Account Information/County"), "am-Automation-test"): Text 'am-Automation-test' is set on object 'Object Repository/SuperAdminConsole/Account Creation/Account Information/County'

2018-12-13 15:55:40 - [MESSAGE][PASSED] - Text 'am-Automation-test' is set on object 'Object Repository/SuperAdminConsole/Account Creation/Account Information/County'

2018-12-13 15:55:40 - [TEST_STEP][PASSED] - delay(1): Delayed 1 second(s)

2018-12-13 15:55:41 - [MESSAGE][PASSED] - Delayed 1 second(s)

2018-12-13 15:55:41 - [TEST_STEP][PASSED] - selectOptionByValue(findTestObject("SuperAdminConsole/Account Creation/Account Information/StateProvince"), "MO", true): All options with value 'MO' are selected in object 'Object Repository/SuperAdminConsole/Account Creation/Account Information/StateProvince'  using regular expression

2018-12-13 15:55:42 - [MESSAGE][PASSED] - All options with value 'MO' are selected in object 'Object Repository/SuperAdminConsole/Account Creation/Account Information/StateProvince'  using regular expression

2018-12-13 15:55:42 - [TEST_STEP][PASSED] - delay(1): Delayed 1 second(s)

2018-12-13 15:55:43 - [MESSAGE][PASSED] - Delayed 1 second(s)

2018-12-13 15:55:43 - [TEST_STEP][PASSED] - selectOptionByValue(findTestObject("SuperAdminConsole/Account Creation/Account Information/Pad Type"), "1", true): All options with value '1' are selected in object 'Object Repository/SuperAdminConsole/Account Creation/Account Information/Pad Type'  using regular expression

2018-12-13 15:55:43 - [MESSAGE][PASSED] - All options with value '1' are selected in object 'Object Repository/SuperAdminConsole/Account Creation/Account Information/Pad Type'  using regular expression

2018-12-13 15:55:43 - [TEST_STEP][PASSED] - delay(1): Delayed 1 second(s)

2018-12-13 15:55:44 - [MESSAGE][PASSED] - Delayed 1 second(s)

2018-12-13 15:55:44 - [TEST_STEP][NOT_RUN] - selectOptionByValue(findTestObject("SuperAdminConsole/Account Creation/Account Information/Poll Pad 3 Version"), "1.0.1", true): NOT_RUN: selectOptionByValue(findTestObject("SuperAdminConsole/Account Creation/Account Information/Poll Pad 3 Version"), "1.0.1", true)

2018-12-13 15:55:44 - [MESSAGE][NOT_RUN] - NOT_RUN: selectOptionByValue(findTestObject("SuperAdminConsole/Account Creation/Account Information/Poll Pad 3 Version"), "1.0.1", true)

2018-12-13 15:55:44 - [TEST_STEP][PASSED] - delay(1): Delayed 1 second(s)

2018-12-13 15:55:45 - [MESSAGE][PASSED] - Delayed 1 second(s)

2018-12-13 15:55:45 - [TEST_STEP][PASSED] - selectOptionByValue(findTestObject("SuperAdminConsole/Account Creation/Parsers and Exporters/Select_Voter File"), "mcvr", true): All options with value 'mcvr' are selected in object 'Object Repository/SuperAdminConsole/Account Creation/Parsers and Exporters/Select_Voter File'  using regular expression

2018-12-13 15:55:46 - [MESSAGE][PASSED] - All options with value 'mcvr' are selected in object 'Object Repository/SuperAdminConsole/Account Creation/Parsers and Exporters/Select_Voter File'  using regular expression

2018-12-13 15:55:46 - [TEST_STEP][PASSED] - delay(1): Delayed 1 second(s)

2018-12-13 15:55:47 - [MESSAGE][PASSED] - Delayed 1 second(s)

2018-12-13 15:55:47 - [TEST_STEP][PASSED] - selectOptionByValue(findTestObject("SuperAdminConsole/Account Creation/Parsers and Exporters/Select_Supplemental file"), "mcvr", true): All options with value 'mcvr' are selected in object 'Object Repository/SuperAdminConsole/Account Creation/Parsers and Exporters/Select_Supplemental file'  using regular expression

2018-12-13 15:55:47 - [MESSAGE][PASSED] - All options with value 'mcvr' are selected in object 'Object Repository/SuperAdminConsole/Account Creation/Parsers and Exporters/Select_Supplemental file'  using regular expression

2018-12-13 15:55:47 - [TEST_STEP][PASSED] - delay(1): Delayed 1 second(s)

2018-12-13 15:55:48 - [MESSAGE][PASSED] - Delayed 1 second(s)

2018-12-13 15:55:48 - [TEST_STEP][PASSED] - selectOptionByValue(findTestObject("SuperAdminConsole/Account Creation/Parsers and Exporters/Polling Places"), "epulse", true): All options with value 'epulse' are selected in object 'Object Repository/SuperAdminConsole/Account Creation/Parsers and Exporters/Polling Places'  using regular expression

2018-12-13 15:55:48 - [MESSAGE][PASSED] - All options with value 'epulse' are selected in object 'Object Repository/SuperAdminConsole/Account Creation/Parsers and Exporters/Polling Places'  using regular expression

2018-12-13 15:55:48 - [TEST_STEP][PASSED] - delay(1): Delayed 1 second(s)

2018-12-13 15:55:49 - [MESSAGE][PASSED] - Delayed 1 second(s)

2018-12-13 15:55:49 - [TEST_STEP][PASSED] - selectOptionByValue(findTestObject("SuperAdminConsole/Account Creation/Parsers and Exporters/Street Rules"), "mcvr", true): All options with value 'mcvr' are selected in object 'Object Repository/SuperAdminConsole/Account Creation/Parsers and Exporters/Street Rules'  using regular expression

2018-12-13 15:55:49 - [MESSAGE][PASSED] - All options with value 'mcvr' are selected in object 'Object Repository/SuperAdminConsole/Account Creation/Parsers and Exporters/Street Rules'  using regular expression

2018-12-13 15:55:49 - [TEST_STEP][PASSED] - delay(1): Delayed 1 second(s)

2018-12-13 15:55:50 - [MESSAGE][PASSED] - Delayed 1 second(s)

2018-12-13 15:55:50 - [TEST_STEP][PASSED] - selectOptionByValue(findTestObject("SuperAdminConsole/Account Creation/Parsers and Exporters/Voter History Exporter"), "mcvr", true): All options with value 'mcvr' are selected in object 'Object Repository/SuperAdminConsole/Account Creation/Parsers and Exporters/Voter History Exporter'  using regular expression

2018-12-13 15:55:51 - [MESSAGE][PASSED] - All options with value 'mcvr' are selected in object 'Object Repository/SuperAdminConsole/Account Creation/Parsers and Exporters/Voter History Exporter'  using regular expression

2018-12-13 15:55:51 - [TEST_STEP][PASSED] - delay(1): Delayed 1 second(s)

2018-12-13 15:55:52 - [MESSAGE][PASSED] - Delayed 1 second(s)

2018-12-13 15:55:52 - [TEST_STEP][PASSED] - selectOptionByValue(findTestObject("SuperAdminConsole/Account Creation/Parsers and Exporters/Signature Parser"), "epulse", true): All options with value 'epulse' are selected in object 'Object Repository/SuperAdminConsole/Account Creation/Parsers and Exporters/Signature Parser'  using regular expression

2018-12-13 15:55:52 - [MESSAGE][PASSED] - All options with value 'epulse' are selected in object 'Object Repository/SuperAdminConsole/Account Creation/Parsers and Exporters/Signature Parser'  using regular expression

2018-12-13 15:55:52 - [TEST_STEP][PASSED] - delay(1): Delayed 1 second(s)

2018-12-13 15:55:53 - [MESSAGE][PASSED] - Delayed 1 second(s)

2018-12-13 15:55:53 - [TEST_STEP][PASSED] - click(findTestObject("SuperAdminConsole/Account Creation/Parsers and Exporters/Submit")): Object: 'Object Repository/SuperAdminConsole/Account Creation/Parsers and Exporters/Submit' is clicked on

2018-12-13 15:55:54 - [MESSAGE][PASSED] - Object: 'Object Repository/SuperAdminConsole/Account Creation/Parsers and Exporters/Submit' is clicked on

2018-12-13 15:55:54 - [TEST_STEP][PASSED] - delay(1): Delayed 1 second(s)

2018-12-13 15:55:55 - [MESSAGE][PASSED] - Delayed 1 second(s)

2018-12-13 15:55:55 - [TEST_STEP][PASSED] - closeBrowser(): Browser is closed

2018-12-13 15:55:55 - [MESSAGE][PASSED] - Browser is closed]]></system-out>
         <system-err><![CDATA[]]></system-err>
      </testcase>
      <testcase name="Test Cases/Admin Console/Election Setup/Elections/Election Creation" classname="Test Cases/Admin Console/Election Setup/Elections/Election Creation" status="PASSED">
         <system-out><![CDATA[2018-12-13 15:55:55 - [TEST_CASE][PASSED] - Test Cases/Admin Console/Election Setup/Elections/Election Creation: Test Cases/Admin Console/Election Setup/Elections/Election Creation

2018-12-13 15:55:55 - [TEST_STEP][PASSED] - openBrowser(""): Browser is opened with url: ''

2018-12-13 15:55:55 - [MESSAGE][INFO] - Starting 'Chrome' driver

2018-12-13 15:55:56 - [MESSAGE][PASSED] - Browser is opened with url: ''

2018-12-13 15:55:56 - [TEST_STEP][PASSED] - navigateToUrl(URL): Navigate to 'https://epulsebeta2.com' successfully

2018-12-13 15:55:59 - [MESSAGE][PASSED] - Navigate to 'https://epulsebeta2.com' successfully

2018-12-13 15:55:59 - [TEST_STEP][PASSED] - setText(findTestObject("Login/Email Address"), User_email): Text 'alonzo.mack@knowink.com' is set on object 'Object Repository/Login/Email Address'

2018-12-13 15:55:59 - [MESSAGE][PASSED] - Text 'alonzo.mack@knowink.com' is set on object 'Object Repository/Login/Email Address'

2018-12-13 15:55:59 - [TEST_STEP][PASSED] - setEncryptedText(findTestObject("Login/Password"), Pswrd): Text ****** has been set on object 'Object Repository/Login/Password'

2018-12-13 15:55:59 - [MESSAGE][PASSED] - Text ****** has been set on object 'Object Repository/Login/Password'

2018-12-13 15:55:59 - [TEST_STEP][PASSED] - click(findTestObject("Login/Sign In")): Object: 'Object Repository/Login/Sign In' is clicked on

2018-12-13 15:56:00 - [MESSAGE][PASSED] - Object: 'Object Repository/Login/Sign In' is clicked on

2018-12-13 15:56:00 - [TEST_STEP][PASSED] - delay(1): Delayed 1 second(s)

2018-12-13 15:56:01 - [MESSAGE][PASSED] - Delayed 1 second(s)

2018-12-13 15:56:01 - [TEST_STEP][PASSED] - navigateToUrl(Election_Import): Navigate to 'https://am-automation-test.epulsebeta2.com/elections/new' successfully

2018-12-13 15:56:03 - [MESSAGE][PASSED] - Navigate to 'https://am-automation-test.epulsebeta2.com/elections/new' successfully

2018-12-13 15:56:03 - [TEST_STEP][PASSED] - setText(findTestObject("Common ePulse Objects/Choose File"), "/Users/alonzomack/Downloads/Imports/Missouri/voters_200_mcvr.txt"): Text '/Users/alonzomack/Downloads/Imports/Missouri/voters_200_mcvr.txt' is set on object 'Object Repository/Common ePulse Objects/Choose File'

2018-12-13 15:56:03 - [MESSAGE][PASSED] - Text '/Users/alonzomack/Downloads/Imports/Missouri/voters_200_mcvr.txt' is set on object 'Object Repository/Common ePulse Objects/Choose File'

2018-12-13 15:56:03 - [TEST_STEP][PASSED] - click(findTestObject("Common ePulse Objects/Continue Button"), STOP_ON_FAILURE): Object: 'Object Repository/Common ePulse Objects/Continue Button' is clicked on

2018-12-13 15:56:03 - [MESSAGE][PASSED] - Object: 'Object Repository/Common ePulse Objects/Continue Button' is clicked on

2018-12-13 15:56:03 - [TEST_STEP][PASSED] - delay(10): Delayed 10 second(s)

2018-12-13 15:56:13 - [MESSAGE][PASSED] - Delayed 10 second(s)

2018-12-13 15:56:13 - [TEST_STEP][PASSED] - setText(findTestObject("Admin Console ePulse Menu/Election Setup/Election Creation/Election Name"), "Election Creation"): Text 'Election Creation' is set on object 'Object Repository/Admin Console ePulse Menu/Election Setup/Election Creation/Election Name'

2018-12-13 15:56:13 - [MESSAGE][PASSED] - Text 'Election Creation' is set on object 'Object Repository/Admin Console ePulse Menu/Election Setup/Election Creation/Election Name'

2018-12-13 15:56:13 - [TEST_STEP][PASSED] - setText(findTestObject("Admin Console ePulse Menu/Election Setup/Election Creation/Election Code"), "123"): Text '123' is set on object 'Object Repository/Admin Console ePulse Menu/Election Setup/Election Creation/Election Code'

2018-12-13 15:56:14 - [MESSAGE][PASSED] - Text '123' is set on object 'Object Repository/Admin Console ePulse Menu/Election Setup/Election Creation/Election Code'

2018-12-13 15:56:14 - [TEST_STEP][PASSED] - selectOptionByValue(findTestObject("Admin Console ePulse Menu/Election Setup/Election Creation/Select Election Type"), "general", true): All options with value 'general' are selected in object 'Object Repository/Admin Console ePulse Menu/Election Setup/Election Creation/Select Election Type'  using regular expression

2018-12-13 15:56:14 - [MESSAGE][PASSED] - All options with value 'general' are selected in object 'Object Repository/Admin Console ePulse Menu/Election Setup/Election Creation/Select Election Type'  using regular expression

2018-12-13 15:56:14 - [TEST_STEP][PASSED] - setText(findTestObject("Admin Console ePulse Menu/Election Setup/Election Creation/DATE"), "07/21/2021"): Text '07/21/2021' is set on object 'Object Repository/Admin Console ePulse Menu/Election Setup/Election Creation/DATE'

2018-12-13 15:56:14 - [MESSAGE][PASSED] - Text '07/21/2021' is set on object 'Object Repository/Admin Console ePulse Menu/Election Setup/Election Creation/DATE'

2018-12-13 15:56:14 - [TEST_STEP][PASSED] - delay(10): Delayed 10 second(s)

2018-12-13 15:56:24 - [MESSAGE][PASSED] - Delayed 10 second(s)

2018-12-13 15:56:24 - [TEST_STEP][PASSED] - click(findTestObject("Admin Console ePulse Menu/Election Setup/Election Creation/Next")): Object: 'Object Repository/Admin Console ePulse Menu/Election Setup/Election Creation/Next' is clicked on

2018-12-13 15:56:24 - [MESSAGE][PASSED] - Object: 'Object Repository/Admin Console ePulse Menu/Election Setup/Election Creation/Next' is clicked on

2018-12-13 15:56:24 - [TEST_STEP][PASSED] - delay(10): Delayed 10 second(s)

2018-12-13 15:56:34 - [MESSAGE][PASSED] - Delayed 10 second(s)

2018-12-13 15:56:34 - [TEST_STEP][PASSED] - click(findTestObject("Admin Console ePulse Menu/Election Setup/Election Creation/Step3 Done")): Object: 'Object Repository/Admin Console ePulse Menu/Election Setup/Election Creation/Step3 Done' is clicked on

2018-12-13 15:56:35 - [MESSAGE][PASSED] - Object: 'Object Repository/Admin Console ePulse Menu/Election Setup/Election Creation/Step3 Done' is clicked on

2018-12-13 15:56:35 - [TEST_STEP][PASSED] - delay(10): Delayed 10 second(s)

2018-12-13 15:56:45 - [MESSAGE][PASSED] - Delayed 10 second(s)

2018-12-13 15:56:45 - [TEST_STEP][PASSED] - click(findTestObject("Admin Console ePulse Menu/Election Setup/Election Creation/Step4 Done")): Object: 'Object Repository/Admin Console ePulse Menu/Election Setup/Election Creation/Step4 Done' is clicked on

2018-12-13 15:56:45 - [MESSAGE][PASSED] - Object: 'Object Repository/Admin Console ePulse Menu/Election Setup/Election Creation/Step4 Done' is clicked on

2018-12-13 15:56:45 - [TEST_STEP][PASSED] - delay(10): Delayed 10 second(s)

2018-12-13 15:56:55 - [MESSAGE][PASSED] - Delayed 10 second(s)

2018-12-13 15:56:55 - [TEST_STEP][PASSED] - click(findTestObject("Admin Console ePulse Menu/Election Setup/Election Creation/Step5 Confirm")): Object: 'Object Repository/Admin Console ePulse Menu/Election Setup/Election Creation/Step5 Confirm' is clicked on

2018-12-13 15:56:55 - [MESSAGE][PASSED] - Object: 'Object Repository/Admin Console ePulse Menu/Election Setup/Election Creation/Step5 Confirm' is clicked on

2018-12-13 15:56:55 - [TEST_STEP][PASSED] - delay(20): Delayed 20 second(s)

2018-12-13 15:57:15 - [MESSAGE][PASSED] - Delayed 20 second(s)

2018-12-13 15:57:15 - [TEST_STEP][PASSED] - verifyTextPresent("Election Creation", true): Text 'Election Creation' is present on page  using regular expression

2018-12-13 15:57:15 - [MESSAGE][PASSED] - Text 'Election Creation' is present on page  using regular expression

2018-12-13 15:57:15 - [TEST_STEP][PASSED] - verifyTextPresent("Election Seed Files", true): Text 'Election Seed Files' is present on page  using regular expression

2018-12-13 15:57:15 - [MESSAGE][PASSED] - Text 'Election Seed Files' is present on page  using regular expression

2018-12-13 15:57:15 - [TEST_STEP][PASSED] - delay(1): Delayed 1 second(s)

2018-12-13 15:57:16 - [MESSAGE][PASSED] - Delayed 1 second(s)

2018-12-13 15:57:16 - [TEST_STEP][PASSED] - navigateToUrl(Reg_Voters): Navigate to 'https://am-automation-test.epulsebeta2.com/voters#sort=last_name&direction=asc&display=list&page=1' successfully

2018-12-13 15:57:17 - [MESSAGE][PASSED] - Navigate to 'https://am-automation-test.epulsebeta2.com/voters#sort=last_name&direction=asc&display=list&page=1' successfully

2018-12-13 15:57:17 - [TEST_STEP][PASSED] - delay(1): Delayed 1 second(s)

2018-12-13 15:57:18 - [MESSAGE][PASSED] - Delayed 1 second(s)

2018-12-13 15:57:18 - [TEST_STEP][PASSED] - delay(1): Delayed 1 second(s)

2018-12-13 15:57:19 - [MESSAGE][PASSED] - Delayed 1 second(s)

2018-12-13 15:57:19 - [TEST_STEP][PASSED] - verifyTextPresent("TWEEDIE MARIE AARON", true): Text 'TWEEDIE MARIE AARON' is present on page  using regular expression

2018-12-13 15:57:19 - [MESSAGE][PASSED] - Text 'TWEEDIE MARIE AARON' is present on page  using regular expression

2018-12-13 15:57:19 - [TEST_STEP][PASSED] - closeBrowser(): Browser is closed

2018-12-13 15:57:19 - [MESSAGE][PASSED] - Browser is closed]]></system-out>
         <system-err><![CDATA[]]></system-err>
      </testcase>
      <testcase name="Test Cases/Admin Console/Election Setup/Elections/Election Creation - Upload Supplemental" classname="Test Cases/Admin Console/Election Setup/Elections/Election Creation - Upload Supplemental" status="PASSED">
         <system-out><![CDATA[2018-12-13 15:57:19 - [TEST_CASE][PASSED] - Test Cases/Admin Console/Election Setup/Elections/Election Creation - Upload Supplemental: Test Cases/Admin Console/Election Setup/Elections/Election Creation - Upload Supplemental

2018-12-13 15:57:19 - [TEST_STEP][PASSED] - openBrowser(""): Browser is opened with url: ''

2018-12-13 15:57:19 - [MESSAGE][INFO] - Starting 'Chrome' driver

2018-12-13 15:57:20 - [MESSAGE][PASSED] - Browser is opened with url: ''

2018-12-13 15:57:20 - [TEST_STEP][PASSED] - navigateToUrl(URL): Navigate to 'https://epulsebeta2.com' successfully

2018-12-13 15:57:26 - [MESSAGE][PASSED] - Navigate to 'https://epulsebeta2.com' successfully

2018-12-13 15:57:26 - [TEST_STEP][PASSED] - setText(findTestObject("Login/Email Address"), User_email): Text 'alonzo.mack@knowink.com' is set on object 'Object Repository/Login/Email Address'

2018-12-13 15:57:27 - [MESSAGE][PASSED] - Text 'alonzo.mack@knowink.com' is set on object 'Object Repository/Login/Email Address'

2018-12-13 15:57:27 - [TEST_STEP][PASSED] - setEncryptedText(findTestObject("Login/Password"), Pswrd): Text ****** has been set on object 'Object Repository/Login/Password'

2018-12-13 15:57:27 - [MESSAGE][PASSED] - Text ****** has been set on object 'Object Repository/Login/Password'

2018-12-13 15:57:27 - [TEST_STEP][PASSED] - click(findTestObject("Login/Sign In")): Object: 'Object Repository/Login/Sign In' is clicked on

2018-12-13 15:57:27 - [MESSAGE][PASSED] - Object: 'Object Repository/Login/Sign In' is clicked on

2018-12-13 15:57:27 - [TEST_STEP][PASSED] - delay(1): Delayed 1 second(s)

2018-12-13 15:57:28 - [MESSAGE][PASSED] - Delayed 1 second(s)

2018-12-13 15:57:28 - [TEST_STEP][PASSED] - navigateToUrl(Elections_Page): Navigate to 'https://am-automation-test.epulsebeta2.com/elections' successfully

2018-12-13 15:57:30 - [MESSAGE][PASSED] - Navigate to 'https://am-automation-test.epulsebeta2.com/elections' successfully

2018-12-13 15:57:30 - [TEST_STEP][PASSED] - click(findTestObject("Admin Console ePulse Menu/Election Setup/Election Creation/Supplemental File Upload/Election (Election Creation)")): Object: 'Object Repository/Admin Console ePulse Menu/Election Setup/Election Creation/Supplemental File Upload/Election (Election Creation)' is clicked on

2018-12-13 15:57:31 - [MESSAGE][PASSED] - Object: 'Object Repository/Admin Console ePulse Menu/Election Setup/Election Creation/Supplemental File Upload/Election (Election Creation)' is clicked on

2018-12-13 15:57:31 - [TEST_STEP][PASSED] - click(findTestObject("Admin Console ePulse Menu/Election Setup/Election Creation/Supplemental File Upload/Import Supplemental Voters")): Object: 'Object Repository/Admin Console ePulse Menu/Election Setup/Election Creation/Supplemental File Upload/Import Supplemental Voters' is clicked on

2018-12-13 15:57:32 - [MESSAGE][PASSED] - Object: 'Object Repository/Admin Console ePulse Menu/Election Setup/Election Creation/Supplemental File Upload/Import Supplemental Voters' is clicked on

2018-12-13 15:57:32 - [TEST_STEP][PASSED] - setText(findTestObject("Common ePulse Objects/Choose File"), "/Users/alonzomack/Downloads/Automation uploads/voters_201_mcvr.txt"): Text '/Users/alonzomack/Downloads/Automation uploads/voters_201_mcvr.txt' is set on object 'Object Repository/Common ePulse Objects/Choose File'

2018-12-13 15:57:32 - [MESSAGE][PASSED] - Text '/Users/alonzomack/Downloads/Automation uploads/voters_201_mcvr.txt' is set on object 'Object Repository/Common ePulse Objects/Choose File'

2018-12-13 15:57:32 - [TEST_STEP][PASSED] - delay(1): Delayed 1 second(s)

2018-12-13 15:57:33 - [MESSAGE][PASSED] - Delayed 1 second(s)

2018-12-13 15:57:33 - [TEST_STEP][PASSED] - click(findTestObject("Common ePulse Objects/Continue Button"), STOP_ON_FAILURE): Object: 'Object Repository/Common ePulse Objects/Continue Button' is clicked on

2018-12-13 15:57:33 - [MESSAGE][PASSED] - Object: 'Object Repository/Common ePulse Objects/Continue Button' is clicked on

2018-12-13 15:57:33 - [TEST_STEP][PASSED] - delay(1): Delayed 1 second(s)

2018-12-13 15:57:34 - [MESSAGE][PASSED] - Delayed 1 second(s)

2018-12-13 15:57:34 - [TEST_STEP][PASSED] - click(findTestObject("Admin Console ePulse Menu/Election Setup/Election Creation/Supplemental File Upload/Done")): Object: 'Object Repository/Admin Console ePulse Menu/Election Setup/Election Creation/Supplemental File Upload/Done' is clicked on

2018-12-13 15:57:39 - [MESSAGE][PASSED] - Object: 'Object Repository/Admin Console ePulse Menu/Election Setup/Election Creation/Supplemental File Upload/Done' is clicked on

2018-12-13 15:57:39 - [TEST_STEP][PASSED] - verifyTextPresent("Election Creation", true): Text 'Election Creation' is present on page  using regular expression

2018-12-13 15:57:39 - [MESSAGE][PASSED] - Text 'Election Creation' is present on page  using regular expression

2018-12-13 15:57:39 - [TEST_STEP][PASSED] - verifyTextPresent("Election Seed Files", true): Text 'Election Seed Files' is present on page  using regular expression

2018-12-13 15:57:39 - [MESSAGE][PASSED] - Text 'Election Seed Files' is present on page  using regular expression

2018-12-13 15:57:39 - [TEST_STEP][PASSED] - delay(1): Delayed 1 second(s)

2018-12-13 15:57:40 - [MESSAGE][PASSED] - Delayed 1 second(s)

2018-12-13 15:57:40 - [TEST_STEP][PASSED] - navigateToUrl(Reg_Voters): Navigate to 'https://am-automation-test.epulsebeta2.com/voters#sort=last_name&direction=asc&display=list&page=1' successfully

2018-12-13 15:57:40 - [MESSAGE][PASSED] - Navigate to 'https://am-automation-test.epulsebeta2.com/voters#sort=last_name&direction=asc&display=list&page=1' successfully

2018-12-13 15:57:40 - [TEST_STEP][PASSED] - delay(1): Delayed 1 second(s)

2018-12-13 15:57:41 - [MESSAGE][PASSED] - Delayed 1 second(s)

2018-12-13 15:57:41 - [TEST_STEP][PASSED] - delay(1): Delayed 1 second(s)

2018-12-13 15:57:42 - [MESSAGE][PASSED] - Delayed 1 second(s)

2018-12-13 15:57:42 - [TEST_STEP][PASSED] - verifyTextPresent("ABRON A AAARON", true): Text 'ABRON A AAARON' is present on page  using regular expression

2018-12-13 15:57:42 - [MESSAGE][PASSED] - Text 'ABRON A AAARON' is present on page  using regular expression

2018-12-13 15:57:42 - [TEST_STEP][PASSED] - closeBrowser(): Browser is closed

2018-12-13 15:57:43 - [MESSAGE][PASSED] - Browser is closed]]></system-out>
         <system-err><![CDATA[]]></system-err>
      </testcase>
      <testcase name="Test Cases/Admin Console/Poll Pads/Poll Pad - Configuration()/Poll Pad Configuration - Add" classname="Test Cases/Admin Console/Poll Pads/Poll Pad - Configuration()/Poll Pad Configuration - Add" status="PASSED">
         <system-out><![CDATA[2018-12-13 15:57:43 - [TEST_CASE][PASSED] - Test Cases/Admin Console/Poll Pads/Poll Pad - Configuration()/Poll Pad Configuration - Add: Test Cases/Admin Console/Poll Pads/Poll Pad - Configuration()/Poll Pad Configuration - Add

2018-12-13 15:57:43 - [TEST_STEP][PASSED] - openBrowser(""): Browser is opened with url: ''

2018-12-13 15:57:43 - [MESSAGE][INFO] - Starting 'Chrome' driver

2018-12-13 15:57:44 - [MESSAGE][PASSED] - Browser is opened with url: ''

2018-12-13 15:57:44 - [TEST_STEP][PASSED] - navigateToUrl(URL): Navigate to 'https://epulsebeta2.com' successfully

2018-12-13 15:57:46 - [MESSAGE][PASSED] - Navigate to 'https://epulsebeta2.com' successfully

2018-12-13 15:57:46 - [TEST_STEP][PASSED] - setText(findTestObject("Login/Email Address"), User_email): Text 'alonzo.mack@knowink.com' is set on object 'Object Repository/Login/Email Address'

2018-12-13 15:57:47 - [MESSAGE][PASSED] - Text 'alonzo.mack@knowink.com' is set on object 'Object Repository/Login/Email Address'

2018-12-13 15:57:47 - [TEST_STEP][PASSED] - setEncryptedText(findTestObject("Login/Password"), Pswrd): Text ****** has been set on object 'Object Repository/Login/Password'

2018-12-13 15:57:47 - [MESSAGE][PASSED] - Text ****** has been set on object 'Object Repository/Login/Password'

2018-12-13 15:57:47 - [TEST_STEP][PASSED] - click(findTestObject("Login/Sign In")): Object: 'Object Repository/Login/Sign In' is clicked on

2018-12-13 15:57:47 - [MESSAGE][PASSED] - Object: 'Object Repository/Login/Sign In' is clicked on

2018-12-13 15:57:47 - [TEST_STEP][PASSED] - delay(1): Delayed 1 second(s)

2018-12-13 15:57:48 - [MESSAGE][PASSED] - Delayed 1 second(s)

2018-12-13 15:57:48 - [TEST_STEP][PASSED] - navigateToUrl(Pollpad_Config_Page): Navigate to 'https://am-automation-test.epulsebeta2.com/poll_pad_configs' successfully

2018-12-13 15:57:50 - [MESSAGE][PASSED] - Navigate to 'https://am-automation-test.epulsebeta2.com/poll_pad_configs' successfully

2018-12-13 15:57:50 - [TEST_STEP][PASSED] - delay(1): Delayed 1 second(s)

2018-12-13 15:57:51 - [MESSAGE][PASSED] - Delayed 1 second(s)

2018-12-13 15:57:51 - [TEST_STEP][PASSED] - click(findTestObject("Admin Console ePulse Menu/Poll Pads/Poll Pad Config - Add/Add Configuration")): Object: 'Object Repository/Admin Console ePulse Menu/Poll Pads/Poll Pad Config - Add/Add Configuration' is clicked on

2018-12-13 15:57:52 - [MESSAGE][PASSED] - Object: 'Object Repository/Admin Console ePulse Menu/Poll Pads/Poll Pad Config - Add/Add Configuration' is clicked on

2018-12-13 15:57:52 - [TEST_STEP][PASSED] - delay(1): Delayed 1 second(s)

2018-12-13 15:57:53 - [MESSAGE][PASSED] - Delayed 1 second(s)

2018-12-13 15:57:53 - [TEST_STEP][PASSED] - setText(findTestObject("Admin Console ePulse Menu/Poll Pads/Poll Pad Config - Add/PollPad Config Name"), "Automation Created Config"): Text 'Automation Created Config' is set on object 'Object Repository/Admin Console ePulse Menu/Poll Pads/Poll Pad Config - Add/PollPad Config Name'

2018-12-13 15:57:53 - [MESSAGE][PASSED] - Text 'Automation Created Config' is set on object 'Object Repository/Admin Console ePulse Menu/Poll Pads/Poll Pad Config - Add/PollPad Config Name'

2018-12-13 15:57:53 - [TEST_STEP][PASSED] - delay(1): Delayed 1 second(s)

2018-12-13 15:57:54 - [MESSAGE][PASSED] - Delayed 1 second(s)

2018-12-13 15:57:54 - [TEST_STEP][PASSED] - click(findTestObject("Admin Console ePulse Menu/Poll Pads/Poll Pad Config - Add/Submit Config")): Object: 'Object Repository/Admin Console ePulse Menu/Poll Pads/Poll Pad Config - Add/Submit Config' is clicked on

2018-12-13 15:57:56 - [MESSAGE][PASSED] - Object: 'Object Repository/Admin Console ePulse Menu/Poll Pads/Poll Pad Config - Add/Submit Config' is clicked on

2018-12-13 15:57:56 - [TEST_STEP][PASSED] - delay(1): Delayed 1 second(s)

2018-12-13 15:57:57 - [MESSAGE][PASSED] - Delayed 1 second(s)

2018-12-13 15:57:57 - [TEST_STEP][PASSED] - closeBrowser(): Browser is closed

2018-12-13 15:57:57 - [MESSAGE][PASSED] - Browser is closed]]></system-out>
         <system-err><![CDATA[]]></system-err>
      </testcase>
      <testcase name="Test Cases/Admin Console/Poll Pads/Poll Pad - Configuration()/Poll Pad Configuration - Delete" classname="Test Cases/Admin Console/Poll Pads/Poll Pad - Configuration()/Poll Pad Configuration - Delete" status="PASSED">
         <system-out><![CDATA[2018-12-13 15:57:57 - [TEST_CASE][PASSED] - Test Cases/Admin Console/Poll Pads/Poll Pad - Configuration()/Poll Pad Configuration - Delete: Test Cases/Admin Console/Poll Pads/Poll Pad - Configuration()/Poll Pad Configuration - Delete

2018-12-13 15:57:57 - [TEST_STEP][PASSED] - openBrowser(""): Browser is opened with url: ''

2018-12-13 15:57:57 - [MESSAGE][INFO] - Starting 'Chrome' driver

2018-12-13 15:57:58 - [MESSAGE][PASSED] - Browser is opened with url: ''

2018-12-13 15:57:58 - [TEST_STEP][PASSED] - navigateToUrl(URL): Navigate to 'https://epulsebeta2.com' successfully

2018-12-13 15:58:01 - [MESSAGE][PASSED] - Navigate to 'https://epulsebeta2.com' successfully

2018-12-13 15:58:01 - [TEST_STEP][PASSED] - setText(findTestObject("Login/Email Address"), User_email): Text 'alonzo.mack@knowink.com' is set on object 'Object Repository/Login/Email Address'

2018-12-13 15:58:01 - [MESSAGE][PASSED] - Text 'alonzo.mack@knowink.com' is set on object 'Object Repository/Login/Email Address'

2018-12-13 15:58:01 - [TEST_STEP][PASSED] - setEncryptedText(findTestObject("Login/Password"), Pswrd): Text ****** has been set on object 'Object Repository/Login/Password'

2018-12-13 15:58:01 - [MESSAGE][PASSED] - Text ****** has been set on object 'Object Repository/Login/Password'

2018-12-13 15:58:01 - [TEST_STEP][PASSED] - click(findTestObject("Login/Sign In")): Object: 'Object Repository/Login/Sign In' is clicked on

2018-12-13 15:58:02 - [MESSAGE][PASSED] - Object: 'Object Repository/Login/Sign In' is clicked on

2018-12-13 15:58:02 - [TEST_STEP][PASSED] - delay(1): Delayed 1 second(s)

2018-12-13 15:58:03 - [MESSAGE][PASSED] - Delayed 1 second(s)

2018-12-13 15:58:03 - [TEST_STEP][PASSED] - navigateToUrl(Pollpad_Config_Page): Navigate to 'https://am-automation-test.epulsebeta2.com/poll_pad_configs' successfully

2018-12-13 15:58:04 - [MESSAGE][PASSED] - Navigate to 'https://am-automation-test.epulsebeta2.com/poll_pad_configs' successfully

2018-12-13 15:58:04 - [TEST_STEP][PASSED] - delay(1): Delayed 1 second(s)

2018-12-13 15:58:05 - [MESSAGE][PASSED] - Delayed 1 second(s)

2018-12-13 15:58:05 - [TEST_STEP][PASSED] - delay(1): Delayed 1 second(s)

2018-12-13 15:58:06 - [MESSAGE][PASSED] - Delayed 1 second(s)

2018-12-13 15:58:06 - [TEST_STEP][PASSED] - click(findTestObject("Admin Console ePulse Menu/Poll Pads/Delete Config")): Object: 'Object Repository/Admin Console ePulse Menu/Poll Pads/Delete Config' is clicked on

2018-12-13 15:58:06 - [MESSAGE][PASSED] - Object: 'Object Repository/Admin Console ePulse Menu/Poll Pads/Delete Config' is clicked on

2018-12-13 15:58:06 - [TEST_STEP][PASSED] - acceptAlert(): Alert accepted

2018-12-13 15:58:06 - [MESSAGE][PASSED] - Alert accepted

2018-12-13 15:58:06 - [TEST_STEP][PASSED] - delay(1): Delayed 1 second(s)

2018-12-13 15:58:07 - [MESSAGE][PASSED] - Delayed 1 second(s)]]></system-out>
         <system-err><![CDATA[]]></system-err>
      </testcase>
      <testcase name="Test Cases/Admin Console/Poll Pads/Poll Pad - Configuration()/Poll Pad Configuration - Import" classname="Test Cases/Admin Console/Poll Pads/Poll Pad - Configuration()/Poll Pad Configuration - Import" status="PASSED">
         <system-out><![CDATA[2018-12-13 15:58:07 - [TEST_CASE][PASSED] - Test Cases/Admin Console/Poll Pads/Poll Pad - Configuration()/Poll Pad Configuration - Import: Test Cases/Admin Console/Poll Pads/Poll Pad - Configuration()/Poll Pad Configuration - Import

2018-12-13 15:58:08 - [TEST_STEP][PASSED] - openBrowser(""): Browser is opened with url: ''

2018-12-13 15:58:08 - [MESSAGE][WARNING] - A browser is already opened. Closing browser and opening a new one

2018-12-13 15:58:08 - [MESSAGE][INFO] - Starting 'Chrome' driver

2018-12-13 15:58:09 - [MESSAGE][PASSED] - Browser is opened with url: ''

2018-12-13 15:58:09 - [TEST_STEP][PASSED] - navigateToUrl(URL): Navigate to 'https://epulsebeta2.com' successfully

2018-12-13 15:58:12 - [MESSAGE][PASSED] - Navigate to 'https://epulsebeta2.com' successfully

2018-12-13 15:58:12 - [TEST_STEP][PASSED] - setText(findTestObject("Login/Email Address"), User_email): Text 'alonzo.mack@knowink.com' is set on object 'Object Repository/Login/Email Address'

2018-12-13 15:58:12 - [MESSAGE][PASSED] - Text 'alonzo.mack@knowink.com' is set on object 'Object Repository/Login/Email Address'

2018-12-13 15:58:12 - [TEST_STEP][PASSED] - setEncryptedText(findTestObject("Login/Password"), Pswrd): Text ****** has been set on object 'Object Repository/Login/Password'

2018-12-13 15:58:13 - [MESSAGE][PASSED] - Text ****** has been set on object 'Object Repository/Login/Password'

2018-12-13 15:58:13 - [TEST_STEP][PASSED] - click(findTestObject("Login/Sign In")): Object: 'Object Repository/Login/Sign In' is clicked on

2018-12-13 15:58:13 - [MESSAGE][PASSED] - Object: 'Object Repository/Login/Sign In' is clicked on

2018-12-13 15:58:13 - [TEST_STEP][PASSED] - delay(1): Delayed 1 second(s)

2018-12-13 15:58:14 - [MESSAGE][PASSED] - Delayed 1 second(s)

2018-12-13 15:58:14 - [TEST_STEP][PASSED] - navigateToUrl(Pollpad_Config_Import): Navigate to 'https://am-automation-test.epulsebeta2.com/imports/poll_pad_config' successfully

2018-12-13 15:58:19 - [MESSAGE][PASSED] - Navigate to 'https://am-automation-test.epulsebeta2.com/imports/poll_pad_config' successfully

2018-12-13 15:58:19 - [TEST_STEP][PASSED] - delay(1): Delayed 1 second(s)

2018-12-13 15:58:20 - [MESSAGE][PASSED] - Delayed 1 second(s)

2018-12-13 15:58:20 - [TEST_STEP][PASSED] - setText(findTestObject("Common ePulse Objects/Choose File"), "/Users/alonzomack/Downloads/Automation uploads/poll_pad_config.csv"): Text '/Users/alonzomack/Downloads/Automation uploads/poll_pad_config.csv' is set on object 'Object Repository/Common ePulse Objects/Choose File'

2018-12-13 15:58:20 - [MESSAGE][PASSED] - Text '/Users/alonzomack/Downloads/Automation uploads/poll_pad_config.csv' is set on object 'Object Repository/Common ePulse Objects/Choose File'

2018-12-13 15:58:20 - [TEST_STEP][PASSED] - setText(findTestObject("Admin Console ePulse Menu/Poll Pads/Poll Pads - Configuration Import/Config Name"), "Test Config"): Text 'Test Config' is set on object 'Object Repository/Admin Console ePulse Menu/Poll Pads/Poll Pads - Configuration Import/Config Name'

2018-12-13 15:58:20 - [MESSAGE][PASSED] - Text 'Test Config' is set on object 'Object Repository/Admin Console ePulse Menu/Poll Pads/Poll Pads - Configuration Import/Config Name'

2018-12-13 15:58:20 - [TEST_STEP][PASSED] - click(findTestObject("Common ePulse Objects/Continue Button")): Object: 'Object Repository/Common ePulse Objects/Continue Button' is clicked on

2018-12-13 15:58:20 - [MESSAGE][PASSED] - Object: 'Object Repository/Common ePulse Objects/Continue Button' is clicked on

2018-12-13 15:58:20 - [TEST_STEP][PASSED] - delay(1): Delayed 1 second(s)

2018-12-13 15:58:21 - [MESSAGE][PASSED] - Delayed 1 second(s)

2018-12-13 15:58:21 - [TEST_STEP][PASSED] - click(findTestObject("Common ePulse Objects/button_Done(working)")): Object: 'Object Repository/Common ePulse Objects/button_Done(working)' is clicked on

2018-12-13 15:58:25 - [MESSAGE][PASSED] - Object: 'Object Repository/Common ePulse Objects/button_Done(working)' is clicked on

2018-12-13 15:58:25 - [TEST_STEP][PASSED] - closeBrowser(STOP_ON_FAILURE): Browser is closed

2018-12-13 15:58:25 - [MESSAGE][PASSED] - Browser is closed]]></system-out>
         <system-err><![CDATA[]]></system-err>
      </testcase>
      <testcase name="Test Cases/Admin Console/Poll Pads/Poll Pad - Configuration()/Poll Pad Configuration - Copy" classname="Test Cases/Admin Console/Poll Pads/Poll Pad - Configuration()/Poll Pad Configuration - Copy" status="PASSED">
         <system-out><![CDATA[2018-12-13 15:58:25 - [TEST_CASE][PASSED] - Test Cases/Admin Console/Poll Pads/Poll Pad - Configuration()/Poll Pad Configuration - Copy: Test Cases/Admin Console/Poll Pads/Poll Pad - Configuration()/Poll Pad Configuration - Copy

2018-12-13 15:58:25 - [TEST_STEP][PASSED] - openBrowser(""): Browser is opened with url: ''

2018-12-13 15:58:25 - [MESSAGE][INFO] - Starting 'Chrome' driver

2018-12-13 15:58:26 - [MESSAGE][PASSED] - Browser is opened with url: ''

2018-12-13 15:58:26 - [TEST_STEP][PASSED] - navigateToUrl(URL): Navigate to 'https://epulsebeta2.com' successfully

2018-12-13 15:58:32 - [MESSAGE][PASSED] - Navigate to 'https://epulsebeta2.com' successfully

2018-12-13 15:58:32 - [TEST_STEP][PASSED] - setText(findTestObject("Login/Email Address"), User_email): Text 'alonzo.mack@knowink.com' is set on object 'Object Repository/Login/Email Address'

2018-12-13 15:58:32 - [MESSAGE][PASSED] - Text 'alonzo.mack@knowink.com' is set on object 'Object Repository/Login/Email Address'

2018-12-13 15:58:32 - [TEST_STEP][PASSED] - setEncryptedText(findTestObject("Login/Password"), Pswrd): Text ****** has been set on object 'Object Repository/Login/Password'

2018-12-13 15:58:32 - [MESSAGE][PASSED] - Text ****** has been set on object 'Object Repository/Login/Password'

2018-12-13 15:58:32 - [TEST_STEP][PASSED] - click(findTestObject("Login/Sign In")): Object: 'Object Repository/Login/Sign In' is clicked on

2018-12-13 15:58:33 - [MESSAGE][PASSED] - Object: 'Object Repository/Login/Sign In' is clicked on

2018-12-13 15:58:33 - [TEST_STEP][PASSED] - delay(1): Delayed 1 second(s)

2018-12-13 15:58:34 - [MESSAGE][PASSED] - Delayed 1 second(s)

2018-12-13 15:58:34 - [TEST_STEP][PASSED] - navigateToUrl(Pollpad_Config_Page): Navigate to 'https://am-automation-test.epulsebeta2.com/poll_pad_configs' successfully

2018-12-13 15:58:36 - [MESSAGE][PASSED] - Navigate to 'https://am-automation-test.epulsebeta2.com/poll_pad_configs' successfully

2018-12-13 15:58:36 - [TEST_STEP][PASSED] - delay(1): Delayed 1 second(s)

2018-12-13 15:58:37 - [MESSAGE][PASSED] - Delayed 1 second(s)

2018-12-13 15:58:37 - [TEST_STEP][PASSED] - click(findTestObject("Admin Console ePulse Menu/Poll Pads/Copy Config")): Object: 'Object Repository/Admin Console ePulse Menu/Poll Pads/Copy Config' is clicked on

2018-12-13 15:58:37 - [MESSAGE][PASSED] - Object: 'Object Repository/Admin Console ePulse Menu/Poll Pads/Copy Config' is clicked on

2018-12-13 15:58:37 - [TEST_STEP][PASSED] - delay(1): Delayed 1 second(s)

2018-12-13 15:58:38 - [MESSAGE][PASSED] - Delayed 1 second(s)

2018-12-13 15:58:38 - [TEST_STEP][PASSED] - setText(findTestObject("Admin Console ePulse Menu/Poll Pads/PollPad Config Name(copy)"), "Copy of selected config"): Text 'Copy of selected config' is set on object 'Object Repository/Admin Console ePulse Menu/Poll Pads/PollPad Config Name(copy)'

2018-12-13 15:58:38 - [MESSAGE][PASSED] - Text 'Copy of selected config' is set on object 'Object Repository/Admin Console ePulse Menu/Poll Pads/PollPad Config Name(copy)'

2018-12-13 15:58:38 - [TEST_STEP][PASSED] - delay(1): Delayed 1 second(s)

2018-12-13 15:58:39 - [MESSAGE][PASSED] - Delayed 1 second(s)

2018-12-13 15:58:39 - [TEST_STEP][PASSED] - click(findTestObject("Admin Console ePulse Menu/Poll Pads/Submit COPY")): Object: 'Object Repository/Admin Console ePulse Menu/Poll Pads/Submit COPY' is clicked on

2018-12-13 15:58:39 - [MESSAGE][PASSED] - Object: 'Object Repository/Admin Console ePulse Menu/Poll Pads/Submit COPY' is clicked on

2018-12-13 15:58:39 - [TEST_STEP][PASSED] - delay(1): Delayed 1 second(s)

2018-12-13 15:58:40 - [MESSAGE][PASSED] - Delayed 1 second(s)

2018-12-13 15:58:40 - [TEST_STEP][PASSED] - closeBrowser(STOP_ON_FAILURE): Browser is closed

2018-12-13 15:58:40 - [MESSAGE][PASSED] - Browser is closed]]></system-out>
         <system-err><![CDATA[]]></system-err>
      </testcase>
      <testcase name="Test Cases/Admin Console/Poll Pads/Poll Pad - Configuration()/Poll Pad Configuration - Export" classname="Test Cases/Admin Console/Poll Pads/Poll Pad - Configuration()/Poll Pad Configuration - Export" status="PASSED">
         <system-out><![CDATA[2018-12-13 15:58:40 - [TEST_CASE][PASSED] - Test Cases/Admin Console/Poll Pads/Poll Pad - Configuration()/Poll Pad Configuration - Export: Test Cases/Admin Console/Poll Pads/Poll Pad - Configuration()/Poll Pad Configuration - Export

2018-12-13 15:58:40 - [TEST_STEP][PASSED] - openBrowser(""): Browser is opened with url: ''

2018-12-13 15:58:40 - [MESSAGE][INFO] - Starting 'Chrome' driver

2018-12-13 15:58:41 - [MESSAGE][PASSED] - Browser is opened with url: ''

2018-12-13 15:58:41 - [TEST_STEP][PASSED] - navigateToUrl(URL): Navigate to 'https://epulsebeta2.com' successfully

2018-12-13 15:58:43 - [MESSAGE][PASSED] - Navigate to 'https://epulsebeta2.com' successfully

2018-12-13 15:58:43 - [TEST_STEP][PASSED] - setText(findTestObject("Login/Email Address"), User_email): Text 'alonzo.mack@knowink.com' is set on object 'Object Repository/Login/Email Address'

2018-12-13 15:58:43 - [MESSAGE][PASSED] - Text 'alonzo.mack@knowink.com' is set on object 'Object Repository/Login/Email Address'

2018-12-13 15:58:43 - [TEST_STEP][PASSED] - setEncryptedText(findTestObject("Login/Password"), Pswrd): Text ****** has been set on object 'Object Repository/Login/Password'

2018-12-13 15:58:44 - [MESSAGE][PASSED] - Text ****** has been set on object 'Object Repository/Login/Password'

2018-12-13 15:58:44 - [TEST_STEP][PASSED] - click(findTestObject("Login/Sign In")): Object: 'Object Repository/Login/Sign In' is clicked on

2018-12-13 15:58:44 - [MESSAGE][PASSED] - Object: 'Object Repository/Login/Sign In' is clicked on

2018-12-13 15:58:44 - [TEST_STEP][PASSED] - delay(1): Delayed 1 second(s)

2018-12-13 15:58:45 - [MESSAGE][PASSED] - Delayed 1 second(s)

2018-12-13 15:58:45 - [TEST_STEP][PASSED] - navigateToUrl(Pollpad_Config_Page): Navigate to 'https://am-automation-test.epulsebeta2.com/poll_pad_configs' successfully

2018-12-13 15:58:47 - [MESSAGE][PASSED] - Navigate to 'https://am-automation-test.epulsebeta2.com/poll_pad_configs' successfully

2018-12-13 15:58:47 - [TEST_STEP][PASSED] - delay(1): Delayed 1 second(s)

2018-12-13 15:58:48 - [MESSAGE][PASSED] - Delayed 1 second(s)

2018-12-13 15:58:48 - [TEST_STEP][PASSED] - click(findTestObject("Admin Console ePulse Menu/Poll Pads/Export Config")): Object: 'Object Repository/Admin Console ePulse Menu/Poll Pads/Export Config' is clicked on

2018-12-13 15:58:48 - [MESSAGE][PASSED] - Object: 'Object Repository/Admin Console ePulse Menu/Poll Pads/Export Config' is clicked on

2018-12-13 15:58:48 - [TEST_STEP][PASSED] - delay(2): Delayed 2 second(s)

2018-12-13 15:58:50 - [MESSAGE][PASSED] - Delayed 2 second(s)

2018-12-13 15:58:50 - [TEST_STEP][PASSED] - closeBrowser(): Browser is closed

2018-12-13 15:58:50 - [MESSAGE][PASSED] - Browser is closed]]></system-out>
         <system-err><![CDATA[]]></system-err>
      </testcase>
      <testcase name="Test Cases/SuperAdminConsole/Poll Pads/PollPad - Add" classname="Test Cases/SuperAdminConsole/Poll Pads/PollPad - Add" status="FAILED">
         <failure type="FAILED" message="Test Cases/SuperAdminConsole/Poll Pads/PollPad - Add FAILED.
Reason:
com.kms.katalon.core.exception.StepFailedException: Verify element text of test object 'Object Repository/SuperAdminConsole/Poll Pads/Test PollPad' FAILED. (Root cause: com.kms.katalon.core.exception.StepFailedException: com.kms.katalon.core.webui.exception.WebElementNotFoundException: Web element with id: 'Object Repository/SuperAdminConsole/Poll Pads/Test PollPad' located by 'By.xpath: //td[(text() = 'Test PollPad' or . = 'Test PollPad')]' not found)
	at com.kms.katalon.core.keyword.internal.KeywordMain.stepFailed(KeywordMain.groovy:36)
	at com.kms.katalon.core.webui.keyword.internal.WebUIKeywordMain.stepFailed(WebUIKeywordMain.groovy:65)
	at com.kms.katalon.core.webui.keyword.internal.WebUIKeywordMain.runKeyword(WebUIKeywordMain.groovy:27)
	at com.kms.katalon.core.webui.keyword.builtin.VerifyElementTextKeyword.verifyElementText(VerifyElementTextKeyword.groovy:72)
	at com.kms.katalon.core.webui.keyword.builtin.VerifyElementTextKeyword.execute(VerifyElementTextKeyword.groovy:40)
	at com.kms.katalon.core.keyword.internal.KeywordExecutor.executeKeywordForPlatform(KeywordExecutor.groovy:53)
	at com.kms.katalon.core.webui.keyword.WebUiBuiltInKeywords.verifyElementText(WebUiBuiltInKeywords.groovy:3663)
	at com.kms.katalon.core.webui.keyword.WebUiBuiltInKeywords$verifyElementText$11.call(Unknown Source)
	at PollPad - Add.run(PollPad - Add:73)
	at com.kms.katalon.core.main.ScriptEngine.run(ScriptEngine.java:194)
	at com.kms.katalon.core.main.ScriptEngine.runScriptAsRawText(ScriptEngine.java:119)
	at com.kms.katalon.core.main.TestCaseExecutor.runScript(TestCaseExecutor.java:321)
	at com.kms.katalon.core.main.TestCaseExecutor.doExecute(TestCaseExecutor.java:312)
	at com.kms.katalon.core.main.TestCaseExecutor.processExecutionPhase(TestCaseExecutor.java:291)
	at com.kms.katalon.core.main.TestCaseExecutor.accessMainPhase(TestCaseExecutor.java:283)
	at com.kms.katalon.core.main.TestCaseExecutor.execute(TestCaseExecutor.java:222)
	at com.kms.katalon.core.main.TestSuiteExecutor.accessTestCaseMainPhase(TestSuiteExecutor.java:129)
	at com.kms.katalon.core.main.TestSuiteExecutor.accessTestSuiteMainPhase(TestSuiteExecutor.java:112)
	at com.kms.katalon.core.main.TestSuiteExecutor.execute(TestSuiteExecutor.java:81)
	at com.kms.katalon.core.main.TestCaseMain.startTestSuite(TestCaseMain.java:149)
	at com.kms.katalon.core.main.TestCaseMain$startTestSuite$0.call(Unknown Source)
	at TempTestSuite1544738114009.run(TempTestSuite1544738114009.groovy:36)
"/>
         <system-out><![CDATA[2018-12-13 15:58:50 - [TEST_CASE][FAILED] - Test Cases/SuperAdminConsole/Poll Pads/PollPad - Add: Test Cases/SuperAdminConsole/Poll Pads/PollPad - Add FAILED.
Reason:
com.kms.katalon.core.exception.StepFailedException: Verify element text of test object 'Object Repository/SuperAdminConsole/Poll Pads/Test PollPad' FAILED. (Root cause: com.kms.katalon.core.exception.StepFailedException: com.kms.katalon.core.webui.exception.WebElementNotFoundException: Web element with id: 'Object Repository/SuperAdminConsole/Poll Pads/Test PollPad' located by 'By.xpath: //td[(text() = 'Test PollPad' or . = 'Test PollPad')]' not found)
	at com.kms.katalon.core.keyword.internal.KeywordMain.stepFailed(KeywordMain.groovy:36)
	at com.kms.katalon.core.webui.keyword.internal.WebUIKeywordMain.stepFailed(WebUIKeywordMain.groovy:65)
	at com.kms.katalon.core.webui.keyword.internal.WebUIKeywordMain.runKeyword(WebUIKeywordMain.groovy:27)
	at com.kms.katalon.core.webui.keyword.builtin.VerifyElementTextKeyword.verifyElementText(VerifyElementTextKeyword.groovy:72)
	at com.kms.katalon.core.webui.keyword.builtin.VerifyElementTextKeyword.execute(VerifyElementTextKeyword.groovy:40)
	at com.kms.katalon.core.keyword.internal.KeywordExecutor.executeKeywordForPlatform(KeywordExecutor.groovy:53)
	at com.kms.katalon.core.webui.keyword.WebUiBuiltInKeywords.verifyElementText(WebUiBuiltInKeywords.groovy:3663)
	at com.kms.katalon.core.webui.keyword.WebUiBuiltInKeywords$verifyElementText$11.call(Unknown Source)
	at PollPad - Add.run(PollPad - Add:73)
	at com.kms.katalon.core.main.ScriptEngine.run(ScriptEngine.java:194)
	at com.kms.katalon.core.main.ScriptEngine.runScriptAsRawText(ScriptEngine.java:119)
	at com.kms.katalon.core.main.TestCaseExecutor.runScript(TestCaseExecutor.java:321)
	at com.kms.katalon.core.main.TestCaseExecutor.doExecute(TestCaseExecutor.java:312)
	at com.kms.katalon.core.main.TestCaseExecutor.processExecutionPhase(TestCaseExecutor.java:291)
	at com.kms.katalon.core.main.TestCaseExecutor.accessMainPhase(TestCaseExecutor.java:283)
	at com.kms.katalon.core.main.TestCaseExecutor.execute(TestCaseExecutor.java:222)
	at com.kms.katalon.core.main.TestSuiteExecutor.accessTestCaseMainPhase(TestSuiteExecutor.java:129)
	at com.kms.katalon.core.main.TestSuiteExecutor.accessTestSuiteMainPhase(TestSuiteExecutor.java:112)
	at com.kms.katalon.core.main.TestSuiteExecutor.execute(TestSuiteExecutor.java:81)
	at com.kms.katalon.core.main.TestCaseMain.startTestSuite(TestCaseMain.java:149)
	at com.kms.katalon.core.main.TestCaseMain$startTestSuite$0.call(Unknown Source)
	at TempTestSuite1544738114009.run(TempTestSuite1544738114009.groovy:36)


2018-12-13 15:58:50 - [TEST_STEP][PASSED] - openBrowser(""): Browser is opened with url: ''

2018-12-13 15:58:50 - [MESSAGE][INFO] - Starting 'Chrome' driver

2018-12-13 15:58:51 - [MESSAGE][PASSED] - Browser is opened with url: ''

2018-12-13 15:58:51 - [TEST_STEP][PASSED] - navigateToUrl(URL): Navigate to 'https://epulsebeta2.com' successfully

2018-12-13 15:58:53 - [MESSAGE][PASSED] - Navigate to 'https://epulsebeta2.com' successfully

2018-12-13 15:58:53 - [TEST_STEP][PASSED] - setText(findTestObject("Login/Email Address"), User_email): Text 'alonzo.mack@knowink.com' is set on object 'Object Repository/Login/Email Address'

2018-12-13 15:58:53 - [MESSAGE][PASSED] - Text 'alonzo.mack@knowink.com' is set on object 'Object Repository/Login/Email Address'

2018-12-13 15:58:53 - [TEST_STEP][PASSED] - setEncryptedText(findTestObject("Login/Password"), Pswrd): Text ****** has been set on object 'Object Repository/Login/Password'

2018-12-13 15:58:53 - [MESSAGE][PASSED] - Text ****** has been set on object 'Object Repository/Login/Password'

2018-12-13 15:58:53 - [TEST_STEP][PASSED] - click(findTestObject("Login/Sign In")): Object: 'Object Repository/Login/Sign In' is clicked on

2018-12-13 15:58:54 - [MESSAGE][PASSED] - Object: 'Object Repository/Login/Sign In' is clicked on

2018-12-13 15:58:54 - [TEST_STEP][PASSED] - delay(1): Delayed 1 second(s)

2018-12-13 15:58:55 - [MESSAGE][PASSED] - Delayed 1 second(s)

2018-12-13 15:58:55 - [TEST_STEP][PASSED] - click(findTestObject("SuperAdminConsole/Poll Pads/POLL PADS link")): Object: 'Object Repository/SuperAdminConsole/Poll Pads/POLL PADS link' is clicked on

2018-12-13 15:58:56 - [MESSAGE][PASSED] - Object: 'Object Repository/SuperAdminConsole/Poll Pads/POLL PADS link' is clicked on

2018-12-13 15:58:56 - [TEST_STEP][PASSED] - delay(1): Delayed 1 second(s)

2018-12-13 15:58:57 - [MESSAGE][PASSED] - Delayed 1 second(s)

2018-12-13 15:58:57 - [TEST_STEP][PASSED] - click(findTestObject("SuperAdminConsole/Poll Pads/Add Poll Pad")): Object: 'Object Repository/SuperAdminConsole/Poll Pads/Add Poll Pad' is clicked on

2018-12-13 15:58:57 - [MESSAGE][PASSED] - Object: 'Object Repository/SuperAdminConsole/Poll Pads/Add Poll Pad' is clicked on

2018-12-13 15:58:57 - [TEST_STEP][PASSED] - delay(1): Delayed 1 second(s)

2018-12-13 15:58:58 - [MESSAGE][PASSED] - Delayed 1 second(s)

2018-12-13 15:58:58 - [TEST_STEP][PASSED] - setText(findTestObject("SuperAdminConsole/Poll Pads/Add Poll Pad Options/Poll_Pad_Name"), "Test PollPad"): Text 'Test PollPad' is set on object 'Object Repository/SuperAdminConsole/Poll Pads/Add Poll Pad Options/Poll_Pad_Name'

2018-12-13 15:58:58 - [MESSAGE][PASSED] - Text 'Test PollPad' is set on object 'Object Repository/SuperAdminConsole/Poll Pads/Add Poll Pad Options/Poll_Pad_Name'

2018-12-13 15:58:58 - [TEST_STEP][PASSED] - delay(1): Delayed 1 second(s)

2018-12-13 15:58:59 - [MESSAGE][PASSED] - Delayed 1 second(s)

2018-12-13 15:58:59 - [TEST_STEP][PASSED] - click(findTestObject("SuperAdminConsole/Poll Pads/Add Poll Pad Options/Account")): Object: 'Object Repository/SuperAdminConsole/Poll Pads/Add Poll Pad Options/Account' is clicked on

2018-12-13 15:58:59 - [MESSAGE][PASSED] - Object: 'Object Repository/SuperAdminConsole/Poll Pads/Add Poll Pad Options/Account' is clicked on

2018-12-13 15:58:59 - [TEST_STEP][PASSED] - click(findTestObject("SuperAdminConsole/Poll Pads/AM-Mississippi")): Object: 'Object Repository/SuperAdminConsole/Poll Pads/AM-Mississippi' is clicked on

2018-12-13 15:58:59 - [MESSAGE][PASSED] - Object: 'Object Repository/SuperAdminConsole/Poll Pads/AM-Mississippi' is clicked on

2018-12-13 15:58:59 - [TEST_STEP][PASSED] - delay(1): Delayed 1 second(s)

2018-12-13 15:59:00 - [MESSAGE][PASSED] - Delayed 1 second(s)

2018-12-13 15:59:00 - [TEST_STEP][PASSED] - click(findTestObject("SuperAdminConsole/Poll Pads/Add Poll Pad Options/Polling Places"), STOP_ON_FAILURE): Object: 'Object Repository/SuperAdminConsole/Poll Pads/Add Poll Pad Options/Polling Places' is clicked on

2018-12-13 15:59:00 - [MESSAGE][PASSED] - Object: 'Object Repository/SuperAdminConsole/Poll Pads/Add Poll Pad Options/Polling Places' is clicked on

2018-12-13 15:59:00 - [TEST_STEP][PASSED] - click(findTestObject("SuperAdminConsole/Poll Pads/Add Poll Pad Options/Polling Place(CATO FIRE STATION)"), STOP_ON_FAILURE): Object: 'Object Repository/SuperAdminConsole/Poll Pads/Add Poll Pad Options/Polling Place(CATO FIRE STATION)' is clicked on

2018-12-13 15:59:00 - [MESSAGE][PASSED] - Object: 'Object Repository/SuperAdminConsole/Poll Pads/Add Poll Pad Options/Polling Place(CATO FIRE STATION)' is clicked on

2018-12-13 15:59:00 - [TEST_STEP][PASSED] - delay(1): Delayed 1 second(s)

2018-12-13 15:59:01 - [MESSAGE][PASSED] - Delayed 1 second(s)

2018-12-13 15:59:01 - [TEST_STEP][PASSED] - click(findTestObject("SuperAdminConsole/Poll Pads/Add Poll Pad Options/Configuration")): Object: 'Object Repository/SuperAdminConsole/Poll Pads/Add Poll Pad Options/Configuration' is clicked on

2018-12-13 15:59:02 - [MESSAGE][PASSED] - Object: 'Object Repository/SuperAdminConsole/Poll Pads/Add Poll Pad Options/Configuration' is clicked on

2018-12-13 15:59:02 - [TEST_STEP][PASSED] - delay(1): Delayed 1 second(s)

2018-12-13 15:59:03 - [MESSAGE][PASSED] - Delayed 1 second(s)

2018-12-13 15:59:03 - [TEST_STEP][PASSED] - click(findTestObject("Admin Console ePulse Menu/Account Settings/Prompts/Prompt Criteria Modal/Save")): Object: 'Object Repository/Admin Console ePulse Menu/Account Settings/Prompts/Prompt Criteria Modal/Save' is clicked on

2018-12-13 15:59:03 - [MESSAGE][PASSED] - Object: 'Object Repository/Admin Console ePulse Menu/Account Settings/Prompts/Prompt Criteria Modal/Save' is clicked on

2018-12-13 15:59:03 - [TEST_STEP][PASSED] - delay(1): Delayed 1 second(s)

2018-12-13 15:59:04 - [MESSAGE][PASSED] - Delayed 1 second(s)

2018-12-13 15:59:04 - [TEST_STEP][FAILED] - verifyElementText(findTestObject("SuperAdminConsole/Poll Pads/Test PollPad"), "Test PollPad"): verifyElementText(findTestObject("SuperAdminConsole/Poll Pads/Test PollPad"), "Test PollPad") FAILED.
Reason:
com.kms.katalon.core.exception.StepFailedException: Verify element text of test object 'Object Repository/SuperAdminConsole/Poll Pads/Test PollPad' FAILED. (Root cause: com.kms.katalon.core.exception.StepFailedException: com.kms.katalon.core.webui.exception.WebElementNotFoundException: Web element with id: 'Object Repository/SuperAdminConsole/Poll Pads/Test PollPad' located by 'By.xpath: //td[(text() = 'Test PollPad' or . = 'Test PollPad')]' not found)
	at com.kms.katalon.core.keyword.internal.KeywordMain.stepFailed(KeywordMain.groovy:36)
	at com.kms.katalon.core.webui.keyword.internal.WebUIKeywordMain.stepFailed(WebUIKeywordMain.groovy:65)
	at com.kms.katalon.core.webui.keyword.internal.WebUIKeywordMain.runKeyword(WebUIKeywordMain.groovy:27)
	at com.kms.katalon.core.webui.keyword.builtin.VerifyElementTextKeyword.verifyElementText(VerifyElementTextKeyword.groovy:72)
	at com.kms.katalon.core.webui.keyword.builtin.VerifyElementTextKeyword.execute(VerifyElementTextKeyword.groovy:40)
	at com.kms.katalon.core.keyword.internal.KeywordExecutor.executeKeywordForPlatform(KeywordExecutor.groovy:53)
	at com.kms.katalon.core.webui.keyword.WebUiBuiltInKeywords.verifyElementText(WebUiBuiltInKeywords.groovy:3663)
	at com.kms.katalon.core.webui.keyword.WebUiBuiltInKeywords$verifyElementText$11.call(Unknown Source)
	at PollPad - Add.run(PollPad - Add:73)
	at com.kms.katalon.core.main.ScriptEngine.run(ScriptEngine.java:194)
	at com.kms.katalon.core.main.ScriptEngine.runScriptAsRawText(ScriptEngine.java:119)
	at com.kms.katalon.core.main.TestCaseExecutor.runScript(TestCaseExecutor.java:321)
	at com.kms.katalon.core.main.TestCaseExecutor.doExecute(TestCaseExecutor.java:312)
	at com.kms.katalon.core.main.TestCaseExecutor.processExecutionPhase(TestCaseExecutor.java:291)
	at com.kms.katalon.core.main.TestCaseExecutor.accessMainPhase(TestCaseExecutor.java:283)
	at com.kms.katalon.core.main.TestCaseExecutor.execute(TestCaseExecutor.java:222)
	at com.kms.katalon.core.main.TestSuiteExecutor.accessTestCaseMainPhase(TestSuiteExecutor.java:129)
	at com.kms.katalon.core.main.TestSuiteExecutor.accessTestSuiteMainPhase(TestSuiteExecutor.java:112)
	at com.kms.katalon.core.main.TestSuiteExecutor.execute(TestSuiteExecutor.java:81)
	at com.kms.katalon.core.main.TestCaseMain.startTestSuite(TestCaseMain.java:149)
	at com.kms.katalon.core.main.TestCaseMain$startTestSuite$0.call(Unknown Source)
	at TempTestSuite1544738114009.run(TempTestSuite1544738114009.groovy:36)


2018-12-13 15:59:19 - [MESSAGE][INFO] - Unable to find the element located by 'By.xpath: //td[(text() = 'Test PollPad' or . = 'Test PollPad')]'. Please recheck the objects properties to make sure the desired element is located. 

2018-12-13 15:59:19 - [MESSAGE][FAILED] - com.kms.katalon.core.webui.exception.WebElementNotFoundException: Web element with id: 'Object Repository/SuperAdminConsole/Poll Pads/Test PollPad' located by 'By.xpath: //td[(text() = 'Test PollPad' or . = 'Test PollPad')]' not found
[[ATTACHMENT|/Users/alonzomack/Katalon Studio/Regression/Reports/dev_staging ready/20181213_155510/1544738359478.png]]

2018-12-13 15:59:20 - [MESSAGE][FAILED] - Verify element text of test object 'Object Repository/SuperAdminConsole/Poll Pads/Test PollPad' FAILED. (Root cause: com.kms.katalon.core.exception.StepFailedException: com.kms.katalon.core.webui.exception.WebElementNotFoundException: Web element with id: 'Object Repository/SuperAdminConsole/Poll Pads/Test PollPad' located by 'By.xpath: //td[(text() = 'Test PollPad' or . = 'Test PollPad')]' not found)
[[ATTACHMENT|/Users/alonzomack/Katalon Studio/Regression/Reports/dev_staging ready/20181213_155510/1544738359768.png]]

2018-12-13 15:59:20 - [MESSAGE][FAILED] - verifyElementText(findTestObject("SuperAdminConsole/Poll Pads/Test PollPad"), "Test PollPad") FAILED.
Reason:
com.kms.katalon.core.exception.StepFailedException: Verify element text of test object 'Object Repository/SuperAdminConsole/Poll Pads/Test PollPad' FAILED. (Root cause: com.kms.katalon.core.exception.StepFailedException: com.kms.katalon.core.webui.exception.WebElementNotFoundException: Web element with id: 'Object Repository/SuperAdminConsole/Poll Pads/Test PollPad' located by 'By.xpath: //td[(text() = 'Test PollPad' or . = 'Test PollPad')]' not found)
	at com.kms.katalon.core.keyword.internal.KeywordMain.stepFailed(KeywordMain.groovy:36)
	at com.kms.katalon.core.webui.keyword.internal.WebUIKeywordMain.stepFailed(WebUIKeywordMain.groovy:65)
	at com.kms.katalon.core.webui.keyword.internal.WebUIKeywordMain.runKeyword(WebUIKeywordMain.groovy:27)
	at com.kms.katalon.core.webui.keyword.builtin.VerifyElementTextKeyword.verifyElementText(VerifyElementTextKeyword.groovy:72)
	at com.kms.katalon.core.webui.keyword.builtin.VerifyElementTextKeyword.execute(VerifyElementTextKeyword.groovy:40)
	at com.kms.katalon.core.keyword.internal.KeywordExecutor.executeKeywordForPlatform(KeywordExecutor.groovy:53)
	at com.kms.katalon.core.webui.keyword.WebUiBuiltInKeywords.verifyElementText(WebUiBuiltInKeywords.groovy:3663)
	at com.kms.katalon.core.webui.keyword.WebUiBuiltInKeywords$verifyElementText$11.call(Unknown Source)
	at PollPad - Add.run(PollPad - Add:73)
	at com.kms.katalon.core.main.ScriptEngine.run(ScriptEngine.java:194)
	at com.kms.katalon.core.main.ScriptEngine.runScriptAsRawText(ScriptEngine.java:119)
	at com.kms.katalon.core.main.TestCaseExecutor.runScript(TestCaseExecutor.java:321)
	at com.kms.katalon.core.main.TestCaseExecutor.doExecute(TestCaseExecutor.java:312)
	at com.kms.katalon.core.main.TestCaseExecutor.processExecutionPhase(TestCaseExecutor.java:291)
	at com.kms.katalon.core.main.TestCaseExecutor.accessMainPhase(TestCaseExecutor.java:283)
	at com.kms.katalon.core.main.TestCaseExecutor.execute(TestCaseExecutor.java:222)
	at com.kms.katalon.core.main.TestSuiteExecutor.accessTestCaseMainPhase(TestSuiteExecutor.java:129)
	at com.kms.katalon.core.main.TestSuiteExecutor.accessTestSuiteMainPhase(TestSuiteExecutor.java:112)
	at com.kms.katalon.core.main.TestSuiteExecutor.execute(TestSuiteExecutor.java:81)
	at com.kms.katalon.core.main.TestCaseMain.startTestSuite(TestCaseMain.java:149)
	at com.kms.katalon.core.main.TestCaseMain$startTestSuite$0.call(Unknown Source)
	at TempTestSuite1544738114009.run(TempTestSuite1544738114009.groovy:36)]]></system-out>
         <system-err><![CDATA[2018-12-13 15:58:50 - [TEST_CASE][FAILED] - Test Cases/SuperAdminConsole/Poll Pads/PollPad - Add: Test Cases/SuperAdminConsole/Poll Pads/PollPad - Add FAILED.
Reason:
com.kms.katalon.core.exception.StepFailedException: Verify element text of test object 'Object Repository/SuperAdminConsole/Poll Pads/Test PollPad' FAILED. (Root cause: com.kms.katalon.core.exception.StepFailedException: com.kms.katalon.core.webui.exception.WebElementNotFoundException: Web element with id: 'Object Repository/SuperAdminConsole/Poll Pads/Test PollPad' located by 'By.xpath: //td[(text() = 'Test PollPad' or . = 'Test PollPad')]' not found)
	at com.kms.katalon.core.keyword.internal.KeywordMain.stepFailed(KeywordMain.groovy:36)
	at com.kms.katalon.core.webui.keyword.internal.WebUIKeywordMain.stepFailed(WebUIKeywordMain.groovy:65)
	at com.kms.katalon.core.webui.keyword.internal.WebUIKeywordMain.runKeyword(WebUIKeywordMain.groovy:27)
	at com.kms.katalon.core.webui.keyword.builtin.VerifyElementTextKeyword.verifyElementText(VerifyElementTextKeyword.groovy:72)
	at com.kms.katalon.core.webui.keyword.builtin.VerifyElementTextKeyword.execute(VerifyElementTextKeyword.groovy:40)
	at com.kms.katalon.core.keyword.internal.KeywordExecutor.executeKeywordForPlatform(KeywordExecutor.groovy:53)
	at com.kms.katalon.core.webui.keyword.WebUiBuiltInKeywords.verifyElementText(WebUiBuiltInKeywords.groovy:3663)
	at com.kms.katalon.core.webui.keyword.WebUiBuiltInKeywords$verifyElementText$11.call(Unknown Source)
	at PollPad - Add.run(PollPad - Add:73)
	at com.kms.katalon.core.main.ScriptEngine.run(ScriptEngine.java:194)
	at com.kms.katalon.core.main.ScriptEngine.runScriptAsRawText(ScriptEngine.java:119)
	at com.kms.katalon.core.main.TestCaseExecutor.runScript(TestCaseExecutor.java:321)
	at com.kms.katalon.core.main.TestCaseExecutor.doExecute(TestCaseExecutor.java:312)
	at com.kms.katalon.core.main.TestCaseExecutor.processExecutionPhase(TestCaseExecutor.java:291)
	at com.kms.katalon.core.main.TestCaseExecutor.accessMainPhase(TestCaseExecutor.java:283)
	at com.kms.katalon.core.main.TestCaseExecutor.execute(TestCaseExecutor.java:222)
	at com.kms.katalon.core.main.TestSuiteExecutor.accessTestCaseMainPhase(TestSuiteExecutor.java:129)
	at com.kms.katalon.core.main.TestSuiteExecutor.accessTestSuiteMainPhase(TestSuiteExecutor.java:112)
	at com.kms.katalon.core.main.TestSuiteExecutor.execute(TestSuiteExecutor.java:81)
	at com.kms.katalon.core.main.TestCaseMain.startTestSuite(TestCaseMain.java:149)
	at com.kms.katalon.core.main.TestCaseMain$startTestSuite$0.call(Unknown Source)
	at TempTestSuite1544738114009.run(TempTestSuite1544738114009.groovy:36)]]></system-err>
      </testcase>
      <testcase name="Test Cases/Admin Console/Election Setup/Ballot Styles/Ballot Styles - Downloads" classname="Test Cases/Admin Console/Election Setup/Ballot Styles/Ballot Styles - Downloads" status="PASSED">
         <system-out><![CDATA[2018-12-13 15:59:20 - [TEST_CASE][PASSED] - Test Cases/Admin Console/Election Setup/Ballot Styles/Ballot Styles - Downloads: Test Cases/Admin Console/Election Setup/Ballot Styles/Ballot Styles - Downloads

2018-12-13 15:59:20 - [TEST_STEP][PASSED] - openBrowser(""): Browser is opened with url: ''

2018-12-13 15:59:20 - [MESSAGE][WARNING] - A browser is already opened. Closing browser and opening a new one

2018-12-13 15:59:20 - [MESSAGE][INFO] - Starting 'Chrome' driver

2018-12-13 15:59:21 - [MESSAGE][PASSED] - Browser is opened with url: ''

2018-12-13 15:59:21 - [TEST_STEP][PASSED] - navigateToUrl(URL): Navigate to 'https://epulsebeta2.com' successfully

2018-12-13 15:59:23 - [MESSAGE][PASSED] - Navigate to 'https://epulsebeta2.com' successfully

2018-12-13 15:59:23 - [TEST_STEP][PASSED] - setText(findTestObject("Login/Email Address"), User_email): Text 'alonzo.mack@knowink.com' is set on object 'Object Repository/Login/Email Address'

2018-12-13 15:59:23 - [MESSAGE][PASSED] - Text 'alonzo.mack@knowink.com' is set on object 'Object Repository/Login/Email Address'

2018-12-13 15:59:23 - [TEST_STEP][PASSED] - setEncryptedText(findTestObject("Login/Password"), Pswrd): Text ****** has been set on object 'Object Repository/Login/Password'

2018-12-13 15:59:23 - [MESSAGE][PASSED] - Text ****** has been set on object 'Object Repository/Login/Password'

2018-12-13 15:59:23 - [TEST_STEP][PASSED] - click(findTestObject("Login/Sign In")): Object: 'Object Repository/Login/Sign In' is clicked on

2018-12-13 15:59:24 - [MESSAGE][PASSED] - Object: 'Object Repository/Login/Sign In' is clicked on

2018-12-13 15:59:24 - [TEST_STEP][PASSED] - delay(1): Delayed 1 second(s)

2018-12-13 15:59:25 - [MESSAGE][PASSED] - Delayed 1 second(s)

2018-12-13 15:59:25 - [TEST_STEP][PASSED] - navigateToUrl(Ballot_Types): Navigate to 'https://am-automation-test.epulsebeta2.com/ballot_types' successfully

2018-12-13 15:59:26 - [MESSAGE][PASSED] - Navigate to 'https://am-automation-test.epulsebeta2.com/ballot_types' successfully

2018-12-13 15:59:26 - [TEST_STEP][PASSED] - delay(1): Delayed 1 second(s)

2018-12-13 15:59:27 - [MESSAGE][PASSED] - Delayed 1 second(s)

2018-12-13 15:59:27 - [TEST_STEP][PASSED] - click(findTestObject("Admin Console ePulse Menu/Election Setup/Ballot Styles/Download")): Object: 'Object Repository/Admin Console ePulse Menu/Election Setup/Ballot Styles/Download' is clicked on

2018-12-13 15:59:29 - [MESSAGE][PASSED] - Object: 'Object Repository/Admin Console ePulse Menu/Election Setup/Ballot Styles/Download' is clicked on

2018-12-13 15:59:29 - [TEST_STEP][PASSED] - delay(2): Delayed 2 second(s)

2018-12-13 15:59:31 - [MESSAGE][PASSED] - Delayed 2 second(s)

2018-12-13 15:59:31 - [TEST_STEP][NOT_RUN] - click(findTestObject("Common ePulse Objects/button_Done(working)")): NOT_RUN: click(findTestObject("Common ePulse Objects/button_Done(working)"))

2018-12-13 15:59:31 - [MESSAGE][NOT_RUN] - NOT_RUN: click(findTestObject("Common ePulse Objects/button_Done(working)"))

2018-12-13 15:59:31 - [TEST_STEP][PASSED] - closeBrowser(STOP_ON_FAILURE): Browser is closed

2018-12-13 15:59:31 - [MESSAGE][PASSED] - Browser is closed]]></system-out>
         <system-err><![CDATA[]]></system-err>
      </testcase>
      <testcase name="Test Cases/Admin Console/Election Setup/Ballot Styles/Ballot Styles - Import" classname="Test Cases/Admin Console/Election Setup/Ballot Styles/Ballot Styles - Import" status="PASSED">
         <system-out><![CDATA[2018-12-13 15:59:31 - [TEST_CASE][PASSED] - Test Cases/Admin Console/Election Setup/Ballot Styles/Ballot Styles - Import: Test Cases/Admin Console/Election Setup/Ballot Styles/Ballot Styles - Import

2018-12-13 15:59:31 - [TEST_STEP][PASSED] - openBrowser(""): Browser is opened with url: ''

2018-12-13 15:59:31 - [MESSAGE][INFO] - Starting 'Chrome' driver

2018-12-13 15:59:32 - [MESSAGE][PASSED] - Browser is opened with url: ''

2018-12-13 15:59:32 - [TEST_STEP][PASSED] - navigateToUrl(URL): Navigate to 'https://epulsebeta2.com' successfully

2018-12-13 15:59:37 - [MESSAGE][PASSED] - Navigate to 'https://epulsebeta2.com' successfully

2018-12-13 15:59:37 - [TEST_STEP][PASSED] - setText(findTestObject("Login/Email Address"), User_email): Text 'alonzo.mack@knowink.com' is set on object 'Object Repository/Login/Email Address'

2018-12-13 15:59:37 - [MESSAGE][PASSED] - Text 'alonzo.mack@knowink.com' is set on object 'Object Repository/Login/Email Address'

2018-12-13 15:59:37 - [TEST_STEP][PASSED] - setEncryptedText(findTestObject("Login/Password"), Pswrd): Text ****** has been set on object 'Object Repository/Login/Password'

2018-12-13 15:59:37 - [MESSAGE][PASSED] - Text ****** has been set on object 'Object Repository/Login/Password'

2018-12-13 15:59:37 - [TEST_STEP][PASSED] - click(findTestObject("Login/Sign In")): Object: 'Object Repository/Login/Sign In' is clicked on

2018-12-13 15:59:38 - [MESSAGE][PASSED] - Object: 'Object Repository/Login/Sign In' is clicked on

2018-12-13 15:59:38 - [TEST_STEP][PASSED] - delay(1): Delayed 1 second(s)

2018-12-13 15:59:39 - [MESSAGE][PASSED] - Delayed 1 second(s)

2018-12-13 15:59:39 - [TEST_STEP][PASSED] - navigateToUrl(Ballot_Types): Navigate to 'https://am-automation-test.epulsebeta2.com/ballot_types' successfully

2018-12-13 15:59:41 - [MESSAGE][PASSED] - Navigate to 'https://am-automation-test.epulsebeta2.com/ballot_types' successfully

2018-12-13 15:59:41 - [TEST_STEP][PASSED] - delay(1): Delayed 1 second(s)

2018-12-13 15:59:42 - [MESSAGE][PASSED] - Delayed 1 second(s)

2018-12-13 15:59:42 - [TEST_STEP][PASSED] - click(findTestObject("Admin Console ePulse Menu/Election Setup/Ballot Styles/Import")): Object: 'Object Repository/Admin Console ePulse Menu/Election Setup/Ballot Styles/Import' is clicked on

2018-12-13 15:59:43 - [MESSAGE][PASSED] - Object: 'Object Repository/Admin Console ePulse Menu/Election Setup/Ballot Styles/Import' is clicked on

2018-12-13 15:59:43 - [TEST_STEP][PASSED] - setText(findTestObject("Common ePulse Objects/Choose File"), "/Users/alonzomack/Downloads/Automation uploads/ballot_types.csv"): Text '/Users/alonzomack/Downloads/Automation uploads/ballot_types.csv' is set on object 'Object Repository/Common ePulse Objects/Choose File'

2018-12-13 15:59:43 - [MESSAGE][PASSED] - Text '/Users/alonzomack/Downloads/Automation uploads/ballot_types.csv' is set on object 'Object Repository/Common ePulse Objects/Choose File'

2018-12-13 15:59:43 - [TEST_STEP][PASSED] - click(findTestObject("Common ePulse Objects/Continue Button")): Object: 'Object Repository/Common ePulse Objects/Continue Button' is clicked on

2018-12-13 15:59:43 - [MESSAGE][PASSED] - Object: 'Object Repository/Common ePulse Objects/Continue Button' is clicked on

2018-12-13 15:59:43 - [TEST_STEP][PASSED] - delay(1): Delayed 1 second(s)

2018-12-13 15:59:44 - [MESSAGE][PASSED] - Delayed 1 second(s)

2018-12-13 15:59:44 - [TEST_STEP][PASSED] - click(findTestObject("Common ePulse Objects/button_Done(working)")): Object: 'Object Repository/Common ePulse Objects/button_Done(working)' is clicked on

2018-12-13 15:59:47 - [MESSAGE][PASSED] - Object: 'Object Repository/Common ePulse Objects/button_Done(working)' is clicked on

2018-12-13 15:59:47 - [TEST_STEP][PASSED] - closeBrowser(STOP_ON_FAILURE): Browser is closed

2018-12-13 15:59:47 - [MESSAGE][PASSED] - Browser is closed]]></system-out>
         <system-err><![CDATA[]]></system-err>
      </testcase>
      <testcase name="Test Cases/Admin Console/Account Settings/Add_Edit Voter/Add_Edit Voter - Export" classname="Test Cases/Admin Console/Account Settings/Add_Edit Voter/Add_Edit Voter - Export" status="PASSED">
         <system-out><![CDATA[2018-12-13 15:59:47 - [TEST_CASE][PASSED] - Test Cases/Admin Console/Account Settings/Add_Edit Voter/Add_Edit Voter - Export: Test Cases/Admin Console/Account Settings/Add_Edit Voter/Add_Edit Voter - Export

2018-12-13 15:59:47 - [TEST_STEP][PASSED] - openBrowser(""): Browser is opened with url: ''

2018-12-13 15:59:47 - [MESSAGE][INFO] - Starting 'Chrome' driver

2018-12-13 15:59:49 - [MESSAGE][PASSED] - Browser is opened with url: ''

2018-12-13 15:59:49 - [TEST_STEP][PASSED] - navigateToUrl(URL): Navigate to 'https://epulsebeta2.com' successfully

2018-12-13 15:59:54 - [MESSAGE][PASSED] - Navigate to 'https://epulsebeta2.com' successfully

2018-12-13 15:59:54 - [TEST_STEP][PASSED] - setText(findTestObject("Login/Email Address"), User_email): Text 'alonzo.mack@knowink.com' is set on object 'Object Repository/Login/Email Address'

2018-12-13 15:59:54 - [MESSAGE][PASSED] - Text 'alonzo.mack@knowink.com' is set on object 'Object Repository/Login/Email Address'

2018-12-13 15:59:54 - [TEST_STEP][PASSED] - setEncryptedText(findTestObject("Login/Password"), Pswrd): Text ****** has been set on object 'Object Repository/Login/Password'

2018-12-13 15:59:54 - [MESSAGE][PASSED] - Text ****** has been set on object 'Object Repository/Login/Password'

2018-12-13 15:59:54 - [TEST_STEP][PASSED] - click(findTestObject("Login/Sign In")): Object: 'Object Repository/Login/Sign In' is clicked on

2018-12-13 15:59:55 - [MESSAGE][PASSED] - Object: 'Object Repository/Login/Sign In' is clicked on

2018-12-13 15:59:55 - [TEST_STEP][PASSED] - delay(1): Delayed 1 second(s)

2018-12-13 15:59:56 - [MESSAGE][PASSED] - Delayed 1 second(s)

2018-12-13 15:59:56 - [TEST_STEP][PASSED] - navigateToUrl(Add_Voter): Navigate to 'https://am-automation-test.epulsebeta2.com/add_voters' successfully

2018-12-13 15:59:59 - [MESSAGE][PASSED] - Navigate to 'https://am-automation-test.epulsebeta2.com/add_voters' successfully

2018-12-13 15:59:59 - [TEST_STEP][PASSED] - delay(1): Delayed 1 second(s)

2018-12-13 16:00:00 - [MESSAGE][PASSED] - Delayed 1 second(s)

2018-12-13 16:00:00 - [TEST_STEP][PASSED] - click(findTestObject("Admin Console ePulse Menu/Account Settings/ID Methods/ID Methods Page/Export")): Object: 'Object Repository/Admin Console ePulse Menu/Account Settings/ID Methods/ID Methods Page/Export' is clicked on

2018-12-13 16:00:00 - [MESSAGE][PASSED] - Object: 'Object Repository/Admin Console ePulse Menu/Account Settings/ID Methods/ID Methods Page/Export' is clicked on

2018-12-13 16:00:00 - [TEST_STEP][PASSED] - delay(1): Delayed 1 second(s)

2018-12-13 16:00:01 - [MESSAGE][PASSED] - Delayed 1 second(s)

2018-12-13 16:00:01 - [TEST_STEP][PASSED] - closeBrowser(STOP_ON_FAILURE): Browser is closed

2018-12-13 16:00:01 - [MESSAGE][PASSED] - Browser is closed]]></system-out>
         <system-err><![CDATA[]]></system-err>
      </testcase>
      <testcase name="Test Cases/Admin Console/Account Settings/Add_Edit Voter/Add_Edit Voter - Import" classname="Test Cases/Admin Console/Account Settings/Add_Edit Voter/Add_Edit Voter - Import" status="PASSED">
         <system-out><![CDATA[2018-12-13 16:00:01 - [TEST_CASE][PASSED] - Test Cases/Admin Console/Account Settings/Add_Edit Voter/Add_Edit Voter - Import: Test Cases/Admin Console/Account Settings/Add_Edit Voter/Add_Edit Voter - Import

2018-12-13 16:00:01 - [TEST_STEP][PASSED] - openBrowser(""): Browser is opened with url: ''

2018-12-13 16:00:01 - [MESSAGE][INFO] - Starting 'Chrome' driver

2018-12-13 16:00:02 - [MESSAGE][PASSED] - Browser is opened with url: ''

2018-12-13 16:00:02 - [TEST_STEP][PASSED] - navigateToUrl(URL): Navigate to 'https://epulsebeta2.com' successfully

2018-12-13 16:00:05 - [MESSAGE][PASSED] - Navigate to 'https://epulsebeta2.com' successfully

2018-12-13 16:00:05 - [TEST_STEP][PASSED] - setText(findTestObject("Login/Email Address"), User_email): Text 'alonzo.mack@knowink.com' is set on object 'Object Repository/Login/Email Address'

2018-12-13 16:00:05 - [MESSAGE][PASSED] - Text 'alonzo.mack@knowink.com' is set on object 'Object Repository/Login/Email Address'

2018-12-13 16:00:05 - [TEST_STEP][PASSED] - setEncryptedText(findTestObject("Login/Password"), Pswrd): Text ****** has been set on object 'Object Repository/Login/Password'

2018-12-13 16:00:05 - [MESSAGE][PASSED] - Text ****** has been set on object 'Object Repository/Login/Password'

2018-12-13 16:00:05 - [TEST_STEP][PASSED] - click(findTestObject("Login/Sign In")): Object: 'Object Repository/Login/Sign In' is clicked on

2018-12-13 16:00:06 - [MESSAGE][PASSED] - Object: 'Object Repository/Login/Sign In' is clicked on

2018-12-13 16:00:06 - [TEST_STEP][PASSED] - delay(1): Delayed 1 second(s)

2018-12-13 16:00:07 - [MESSAGE][PASSED] - Delayed 1 second(s)

2018-12-13 16:00:07 - [TEST_STEP][PASSED] - navigateToUrl(Add_Edit_Voter_Import, STOP_ON_FAILURE): Navigate to 'https://am-automation-test.epulsebeta2.com/imports/add_voter' successfully

2018-12-13 16:00:08 - [MESSAGE][PASSED] - Navigate to 'https://am-automation-test.epulsebeta2.com/imports/add_voter' successfully

2018-12-13 16:00:08 - [TEST_STEP][PASSED] - delay(1): Delayed 1 second(s)

2018-12-13 16:00:09 - [MESSAGE][PASSED] - Delayed 1 second(s)

2018-12-13 16:00:09 - [TEST_STEP][PASSED] - setText(findTestObject("Admin Console ePulse Menu/Account Settings/Prompts/Import Prompts Buttons/Choose File"), "/Users/alonzomack/Downloads/Automation uploads/add_voter.txt"): Text '/Users/alonzomack/Downloads/Automation uploads/add_voter.txt' is set on object 'Object Repository/Admin Console ePulse Menu/Account Settings/Prompts/Import Prompts Buttons/Choose File'

2018-12-13 16:00:09 - [MESSAGE][PASSED] - Text '/Users/alonzomack/Downloads/Automation uploads/add_voter.txt' is set on object 'Object Repository/Admin Console ePulse Menu/Account Settings/Prompts/Import Prompts Buttons/Choose File'

2018-12-13 16:00:09 - [TEST_STEP][PASSED] - click(findTestObject("Admin Console ePulse Menu/Account Settings/Prompts/Import Prompts Buttons/Continue Button")): Object: 'Object Repository/Admin Console ePulse Menu/Account Settings/Prompts/Import Prompts Buttons/Continue Button' is clicked on

2018-12-13 16:00:09 - [MESSAGE][PASSED] - Object: 'Object Repository/Admin Console ePulse Menu/Account Settings/Prompts/Import Prompts Buttons/Continue Button' is clicked on

2018-12-13 16:00:09 - [TEST_STEP][PASSED] - delay(2): Delayed 2 second(s)

2018-12-13 16:00:11 - [MESSAGE][PASSED] - Delayed 2 second(s)

2018-12-13 16:00:11 - [TEST_STEP][PASSED] - click(findTestObject("Admin Console ePulse Menu/Account Settings/Prompts/Import Prompts Buttons/button_Done(working)")): Object: 'Object Repository/Admin Console ePulse Menu/Account Settings/Prompts/Import Prompts Buttons/button_Done(working)' is clicked on

2018-12-13 16:00:14 - [MESSAGE][PASSED] - Object: 'Object Repository/Admin Console ePulse Menu/Account Settings/Prompts/Import Prompts Buttons/button_Done(working)' is clicked on

2018-12-13 16:00:14 - [TEST_STEP][PASSED] - delay(1): Delayed 1 second(s)

2018-12-13 16:00:15 - [MESSAGE][PASSED] - Delayed 1 second(s)

2018-12-13 16:00:15 - [TEST_STEP][PASSED] - closeBrowser(): Browser is closed

2018-12-13 16:00:16 - [MESSAGE][PASSED] - Browser is closed]]></system-out>
         <system-err><![CDATA[]]></system-err>
      </testcase>
      <testcase name="Test Cases/Admin Console/Account Settings/ID Methods()/ID Methods - Add" classname="Test Cases/Admin Console/Account Settings/ID Methods()/ID Methods - Add" status="PASSED">
         <system-out><![CDATA[2018-12-13 16:00:16 - [TEST_CASE][PASSED] - Test Cases/Admin Console/Account Settings/ID Methods()/ID Methods - Add: Test Cases/Admin Console/Account Settings/ID Methods()/ID Methods - Add

2018-12-13 16:00:16 - [TEST_STEP][PASSED] - openBrowser(""): Browser is opened with url: ''

2018-12-13 16:00:16 - [MESSAGE][INFO] - Starting 'Chrome' driver

2018-12-13 16:00:17 - [MESSAGE][PASSED] - Browser is opened with url: ''

2018-12-13 16:00:17 - [TEST_STEP][PASSED] - navigateToUrl(URL): Navigate to 'https://epulsebeta2.com' successfully

2018-12-13 16:00:21 - [MESSAGE][PASSED] - Navigate to 'https://epulsebeta2.com' successfully

2018-12-13 16:00:21 - [TEST_STEP][PASSED] - setText(findTestObject("Login/Email Address"), User_email): Text 'alonzo.mack@knowink.com' is set on object 'Object Repository/Login/Email Address'

2018-12-13 16:00:21 - [MESSAGE][PASSED] - Text 'alonzo.mack@knowink.com' is set on object 'Object Repository/Login/Email Address'

2018-12-13 16:00:21 - [TEST_STEP][PASSED] - setEncryptedText(findTestObject("Login/Password"), Pswrd): Text ****** has been set on object 'Object Repository/Login/Password'

2018-12-13 16:00:22 - [MESSAGE][PASSED] - Text ****** has been set on object 'Object Repository/Login/Password'

2018-12-13 16:00:22 - [TEST_STEP][PASSED] - click(findTestObject("Login/Sign In")): Object: 'Object Repository/Login/Sign In' is clicked on

2018-12-13 16:00:22 - [MESSAGE][PASSED] - Object: 'Object Repository/Login/Sign In' is clicked on

2018-12-13 16:00:22 - [TEST_STEP][PASSED] - delay(1): Delayed 1 second(s)

2018-12-13 16:00:23 - [MESSAGE][PASSED] - Delayed 1 second(s)

2018-12-13 16:00:23 - [TEST_STEP][PASSED] - navigateToUrl(voter_id_methods, STOP_ON_FAILURE): Navigate to 'https://am-automation-test.epulsebeta2.com/voter_id_methods' successfully

2018-12-13 16:00:29 - [MESSAGE][PASSED] - Navigate to 'https://am-automation-test.epulsebeta2.com/voter_id_methods' successfully

2018-12-13 16:00:29 - [TEST_STEP][PASSED] - delay(1): Delayed 1 second(s)

2018-12-13 16:00:30 - [MESSAGE][PASSED] - Delayed 1 second(s)

2018-12-13 16:00:30 - [TEST_STEP][PASSED] - click(findTestObject("Admin Console ePulse Menu/Account Settings/ID Methods/ID Methods Page/Add ID Method Button")): Object: 'Object Repository/Admin Console ePulse Menu/Account Settings/ID Methods/ID Methods Page/Add ID Method Button' is clicked on

2018-12-13 16:00:30 - [MESSAGE][PASSED] - Object: 'Object Repository/Admin Console ePulse Menu/Account Settings/ID Methods/ID Methods Page/Add ID Method Button' is clicked on

2018-12-13 16:00:30 - [TEST_STEP][PASSED] - setText(findTestObject("Admin Console ePulse Menu/Account Settings/ID Methods/New ID Method Modal/Name"), "Drivers License"): Text 'Drivers License' is set on object 'Object Repository/Admin Console ePulse Menu/Account Settings/ID Methods/New ID Method Modal/Name'

2018-12-13 16:00:30 - [MESSAGE][PASSED] - Text 'Drivers License' is set on object 'Object Repository/Admin Console ePulse Menu/Account Settings/ID Methods/New ID Method Modal/Name'

2018-12-13 16:00:30 - [TEST_STEP][PASSED] - setText(findTestObject("Admin Console ePulse Menu/Account Settings/ID Methods/New ID Method Modal/Heading"), "State Drivers License"): Text 'State Drivers License' is set on object 'Object Repository/Admin Console ePulse Menu/Account Settings/ID Methods/New ID Method Modal/Heading'

2018-12-13 16:00:30 - [MESSAGE][PASSED] - Text 'State Drivers License' is set on object 'Object Repository/Admin Console ePulse Menu/Account Settings/ID Methods/New ID Method Modal/Heading'

2018-12-13 16:00:30 - [TEST_STEP][PASSED] - selectOptionByValue(findTestObject("Admin Console ePulse Menu/Account Settings/ID Methods/New ID Method Modal/Select Color"), "1", true): All options with value '1' are selected in object 'Object Repository/Admin Console ePulse Menu/Account Settings/ID Methods/New ID Method Modal/Select Color'  using regular expression

2018-12-13 16:00:30 - [MESSAGE][PASSED] - All options with value '1' are selected in object 'Object Repository/Admin Console ePulse Menu/Account Settings/ID Methods/New ID Method Modal/Select Color'  using regular expression

2018-12-13 16:00:30 - [TEST_STEP][PASSED] - setText(findTestObject("Admin Console ePulse Menu/Account Settings/ID Methods/New ID Method Modal/Instructions"), "State Drivers License"): Text 'State Drivers License' is set on object 'Object Repository/Admin Console ePulse Menu/Account Settings/ID Methods/New ID Method Modal/Instructions'

2018-12-13 16:00:30 - [MESSAGE][PASSED] - Text 'State Drivers License' is set on object 'Object Repository/Admin Console ePulse Menu/Account Settings/ID Methods/New ID Method Modal/Instructions'

2018-12-13 16:00:30 - [TEST_STEP][PASSED] - setText(findTestObject("Admin Console ePulse Menu/Account Settings/ID Methods/New ID Method Modal/Order"), "1"): Text '1' is set on object 'Object Repository/Admin Console ePulse Menu/Account Settings/ID Methods/New ID Method Modal/Order'

2018-12-13 16:00:31 - [MESSAGE][PASSED] - Text '1' is set on object 'Object Repository/Admin Console ePulse Menu/Account Settings/ID Methods/New ID Method Modal/Order'

2018-12-13 16:00:31 - [TEST_STEP][PASSED] - click(findTestObject("Admin Console ePulse Menu/Account Settings/ID Methods/New ID Method Modal/Show Does Name Match_slider")): Object: 'Object Repository/Admin Console ePulse Menu/Account Settings/ID Methods/New ID Method Modal/Show Does Name Match_slider' is clicked on

2018-12-13 16:00:31 - [MESSAGE][PASSED] - Object: 'Object Repository/Admin Console ePulse Menu/Account Settings/ID Methods/New ID Method Modal/Show Does Name Match_slider' is clicked on

2018-12-13 16:00:31 - [TEST_STEP][PASSED] - click(findTestObject("Admin Console ePulse Menu/Account Settings/ID Methods/New ID Method Modal/Show Does Address Match_slider"), STOP_ON_FAILURE): Object: 'Object Repository/Admin Console ePulse Menu/Account Settings/ID Methods/New ID Method Modal/Show Does Address Match_slider' is clicked on

2018-12-13 16:00:31 - [MESSAGE][PASSED] - Object: 'Object Repository/Admin Console ePulse Menu/Account Settings/ID Methods/New ID Method Modal/Show Does Address Match_slider' is clicked on

2018-12-13 16:00:31 - [TEST_STEP][PASSED] - click(findTestObject("Admin Console ePulse Menu/Account Settings/ID Methods/New ID Method Modal/Show is ID Expired_slider"), STOP_ON_FAILURE): Object: 'Object Repository/Admin Console ePulse Menu/Account Settings/ID Methods/New ID Method Modal/Show is ID Expired_slider' is clicked on

2018-12-13 16:00:31 - [MESSAGE][PASSED] - Object: 'Object Repository/Admin Console ePulse Menu/Account Settings/ID Methods/New ID Method Modal/Show is ID Expired_slider' is clicked on

2018-12-13 16:00:31 - [TEST_STEP][PASSED] - setText(findTestObject("Admin Console ePulse Menu/Account Settings/ID Methods/New ID Method Modal/Page_Epulse  am-Automation-test/Incorrect Heading"), "No Drivers License?"): Text 'No Drivers License?' is set on object 'Object Repository/Admin Console ePulse Menu/Account Settings/ID Methods/New ID Method Modal/Page_Epulse  am-Automation-test/Incorrect Heading'

2018-12-13 16:00:31 - [MESSAGE][PASSED] - Text 'No Drivers License?' is set on object 'Object Repository/Admin Console ePulse Menu/Account Settings/ID Methods/New ID Method Modal/Page_Epulse  am-Automation-test/Incorrect Heading'

2018-12-13 16:00:31 - [TEST_STEP][PASSED] - setText(findTestObject("Admin Console ePulse Menu/Account Settings/ID Methods/New ID Method Modal/Page_Epulse  am-Automation-test/Incorrect Instructions"), "Vote Provisional"): Text 'Vote Provisional' is set on object 'Object Repository/Admin Console ePulse Menu/Account Settings/ID Methods/New ID Method Modal/Page_Epulse  am-Automation-test/Incorrect Instructions'

2018-12-13 16:00:31 - [MESSAGE][PASSED] - Text 'Vote Provisional' is set on object 'Object Repository/Admin Console ePulse Menu/Account Settings/ID Methods/New ID Method Modal/Page_Epulse  am-Automation-test/Incorrect Instructions'

2018-12-13 16:00:31 - [TEST_STEP][PASSED] - click(findTestObject("Admin Console ePulse Menu/Account Settings/ID Methods/New ID Method Modal/Submit"), STOP_ON_FAILURE): Object: 'Object Repository/Admin Console ePulse Menu/Account Settings/ID Methods/New ID Method Modal/Submit' is clicked on

2018-12-13 16:00:31 - [MESSAGE][PASSED] - Object: 'Object Repository/Admin Console ePulse Menu/Account Settings/ID Methods/New ID Method Modal/Submit' is clicked on]]></system-out>
         <system-err><![CDATA[]]></system-err>
      </testcase>
      <testcase name="Test Cases/Admin Console/Account Settings/ID Methods()/ID Methods - ALT Button" classname="Test Cases/Admin Console/Account Settings/ID Methods()/ID Methods - ALT Button" status="PASSED">
         <system-out><![CDATA[2018-12-13 16:00:31 - [TEST_CASE][PASSED] - Test Cases/Admin Console/Account Settings/ID Methods()/ID Methods - ALT Button: Test Cases/Admin Console/Account Settings/ID Methods()/ID Methods - ALT Button

2018-12-13 16:00:31 - [TEST_STEP][PASSED] - openBrowser(""): Browser is opened with url: ''

2018-12-13 16:00:31 - [MESSAGE][WARNING] - A browser is already opened. Closing browser and opening a new one

2018-12-13 16:00:31 - [MESSAGE][INFO] - Starting 'Chrome' driver

2018-12-13 16:00:33 - [MESSAGE][PASSED] - Browser is opened with url: ''

2018-12-13 16:00:33 - [TEST_STEP][PASSED] - navigateToUrl(URL): Navigate to 'https://epulsebeta2.com' successfully

2018-12-13 16:00:38 - [MESSAGE][PASSED] - Navigate to 'https://epulsebeta2.com' successfully

2018-12-13 16:00:38 - [TEST_STEP][PASSED] - setText(findTestObject("Login/Email Address"), User_email): Text 'alonzo.mack@knowink.com' is set on object 'Object Repository/Login/Email Address'

2018-12-13 16:00:38 - [MESSAGE][PASSED] - Text 'alonzo.mack@knowink.com' is set on object 'Object Repository/Login/Email Address'

2018-12-13 16:00:38 - [TEST_STEP][PASSED] - setEncryptedText(findTestObject("Login/Password"), Pswrd): Text ****** has been set on object 'Object Repository/Login/Password'

2018-12-13 16:00:38 - [MESSAGE][PASSED] - Text ****** has been set on object 'Object Repository/Login/Password'

2018-12-13 16:00:38 - [TEST_STEP][PASSED] - click(findTestObject("Login/Sign In")): Object: 'Object Repository/Login/Sign In' is clicked on

2018-12-13 16:00:39 - [MESSAGE][PASSED] - Object: 'Object Repository/Login/Sign In' is clicked on

2018-12-13 16:00:39 - [TEST_STEP][PASSED] - delay(1): Delayed 1 second(s)

2018-12-13 16:00:40 - [MESSAGE][PASSED] - Delayed 1 second(s)

2018-12-13 16:00:40 - [TEST_STEP][PASSED] - navigateToUrl(voter_id_methods, STOP_ON_FAILURE): Navigate to 'https://am-automation-test.epulsebeta2.com/voter_id_methods' successfully

2018-12-13 16:00:45 - [MESSAGE][PASSED] - Navigate to 'https://am-automation-test.epulsebeta2.com/voter_id_methods' successfully

2018-12-13 16:00:45 - [TEST_STEP][PASSED] - delay(1): Delayed 1 second(s)

2018-12-13 16:00:46 - [MESSAGE][PASSED] - Delayed 1 second(s)

2018-12-13 16:00:46 - [TEST_STEP][PASSED] - click(findTestObject("Admin Console ePulse Menu/Account Settings/ID Methods/ID Methods Page/Page_Epulse  am-Automation-test/Alt. Buttons")): Object: 'Object Repository/Admin Console ePulse Menu/Account Settings/ID Methods/ID Methods Page/Page_Epulse  am-Automation-test/Alt. Buttons' is clicked on

2018-12-13 16:00:46 - [MESSAGE][PASSED] - Object: 'Object Repository/Admin Console ePulse Menu/Account Settings/ID Methods/ID Methods Page/Page_Epulse  am-Automation-test/Alt. Buttons' is clicked on

2018-12-13 16:00:46 - [TEST_STEP][PASSED] - delay(1): Delayed 1 second(s)

2018-12-13 16:00:47 - [MESSAGE][PASSED] - Delayed 1 second(s)

2018-12-13 16:00:47 - [TEST_STEP][PASSED] - setText(findTestObject("Admin Console ePulse Menu/Account Settings/ID Methods/Buttons/Button Label"), "test"): Text 'test' is set on object 'Object Repository/Admin Console ePulse Menu/Account Settings/ID Methods/Buttons/Button Label'

2018-12-13 16:00:48 - [MESSAGE][PASSED] - Text 'test' is set on object 'Object Repository/Admin Console ePulse Menu/Account Settings/ID Methods/Buttons/Button Label'

2018-12-13 16:00:48 - [TEST_STEP][PASSED] - delay(1): Delayed 1 second(s)

2018-12-13 16:00:49 - [MESSAGE][PASSED] - Delayed 1 second(s)

2018-12-13 16:00:49 - [TEST_STEP][PASSED] - selectOptionByValue(findTestObject("Admin Console ePulse Menu/Account Settings/ID Methods/Buttons/Button Type"), "0", true): All options with value '0' are selected in object 'Object Repository/Admin Console ePulse Menu/Account Settings/ID Methods/Buttons/Button Type'  using regular expression

2018-12-13 16:00:49 - [MESSAGE][PASSED] - All options with value '0' are selected in object 'Object Repository/Admin Console ePulse Menu/Account Settings/ID Methods/Buttons/Button Type'  using regular expression

2018-12-13 16:00:49 - [TEST_STEP][PASSED] - delay(1): Delayed 1 second(s)

2018-12-13 16:00:50 - [MESSAGE][PASSED] - Delayed 1 second(s)

2018-12-13 16:00:50 - [TEST_STEP][PASSED] - click(findTestObject("Admin Console ePulse Menu/Account Settings/ID Methods/Buttons/Add Button(blue  sign)")): Object: 'Object Repository/Admin Console ePulse Menu/Account Settings/ID Methods/Buttons/Add Button(blue  sign)' is clicked on

2018-12-13 16:00:50 - [MESSAGE][PASSED] - Object: 'Object Repository/Admin Console ePulse Menu/Account Settings/ID Methods/Buttons/Add Button(blue  sign)' is clicked on

2018-12-13 16:00:50 - [TEST_STEP][PASSED] - delay(1): Delayed 1 second(s)

2018-12-13 16:00:51 - [MESSAGE][PASSED] - Delayed 1 second(s)

2018-12-13 16:00:51 - [TEST_STEP][PASSED] - setText(findTestObject("Admin Console ePulse Menu/Account Settings/ID Methods/Buttons/Button Label"), "1test"): Text '1test' is set on object 'Object Repository/Admin Console ePulse Menu/Account Settings/ID Methods/Buttons/Button Label'

2018-12-13 16:00:51 - [MESSAGE][PASSED] - Text '1test' is set on object 'Object Repository/Admin Console ePulse Menu/Account Settings/ID Methods/Buttons/Button Label'

2018-12-13 16:00:51 - [TEST_STEP][PASSED] - delay(1): Delayed 1 second(s)

2018-12-13 16:00:52 - [MESSAGE][PASSED] - Delayed 1 second(s)

2018-12-13 16:00:52 - [TEST_STEP][PASSED] - selectOptionByValue(findTestObject("Admin Console ePulse Menu/Account Settings/ID Methods/Buttons/Button Type"), "1", true): All options with value '1' are selected in object 'Object Repository/Admin Console ePulse Menu/Account Settings/ID Methods/Buttons/Button Type'  using regular expression

2018-12-13 16:00:52 - [MESSAGE][PASSED] - All options with value '1' are selected in object 'Object Repository/Admin Console ePulse Menu/Account Settings/ID Methods/Buttons/Button Type'  using regular expression

2018-12-13 16:00:52 - [TEST_STEP][PASSED] - setText(findTestObject("Admin Console ePulse Menu/Account Settings/ID Methods/Buttons/Additional text field"), "Allow to vote", STOP_ON_FAILURE): Text 'Allow to vote' is set on object 'Object Repository/Admin Console ePulse Menu/Account Settings/ID Methods/Buttons/Additional text field'

2018-12-13 16:00:52 - [MESSAGE][PASSED] - Text 'Allow to vote' is set on object 'Object Repository/Admin Console ePulse Menu/Account Settings/ID Methods/Buttons/Additional text field'

2018-12-13 16:00:52 - [TEST_STEP][PASSED] - delay(1): Delayed 1 second(s)

2018-12-13 16:00:53 - [MESSAGE][PASSED] - Delayed 1 second(s)

2018-12-13 16:00:53 - [TEST_STEP][PASSED] - click(findTestObject("Admin Console ePulse Menu/Account Settings/ID Methods/Buttons/Add Button(blue  sign)")): Object: 'Object Repository/Admin Console ePulse Menu/Account Settings/ID Methods/Buttons/Add Button(blue  sign)' is clicked on

2018-12-13 16:00:53 - [MESSAGE][PASSED] - Object: 'Object Repository/Admin Console ePulse Menu/Account Settings/ID Methods/Buttons/Add Button(blue  sign)' is clicked on

2018-12-13 16:00:53 - [TEST_STEP][PASSED] - delay(1): Delayed 1 second(s)

2018-12-13 16:00:54 - [MESSAGE][PASSED] - Delayed 1 second(s)

2018-12-13 16:00:54 - [TEST_STEP][PASSED] - setText(findTestObject("Admin Console ePulse Menu/Account Settings/ID Methods/Buttons/Button Label"), "2test"): Text '2test' is set on object 'Object Repository/Admin Console ePulse Menu/Account Settings/ID Methods/Buttons/Button Label'

2018-12-13 16:00:54 - [MESSAGE][PASSED] - Text '2test' is set on object 'Object Repository/Admin Console ePulse Menu/Account Settings/ID Methods/Buttons/Button Label'

2018-12-13 16:00:54 - [TEST_STEP][PASSED] - delay(1): Delayed 1 second(s)

2018-12-13 16:00:55 - [MESSAGE][PASSED] - Delayed 1 second(s)

2018-12-13 16:00:55 - [TEST_STEP][PASSED] - selectOptionByValue(findTestObject("Admin Console ePulse Menu/Account Settings/ID Methods/Buttons/Button Type"), "2", true): All options with value '2' are selected in object 'Object Repository/Admin Console ePulse Menu/Account Settings/ID Methods/Buttons/Button Type'  using regular expression

2018-12-13 16:00:55 - [MESSAGE][PASSED] - All options with value '2' are selected in object 'Object Repository/Admin Console ePulse Menu/Account Settings/ID Methods/Buttons/Button Type'  using regular expression

2018-12-13 16:00:55 - [TEST_STEP][PASSED] - delay(1): Delayed 1 second(s)

2018-12-13 16:00:56 - [MESSAGE][PASSED] - Delayed 1 second(s)

2018-12-13 16:00:56 - [TEST_STEP][PASSED] - setText(findTestObject("Admin Console ePulse Menu/Account Settings/ID Methods/Buttons/Additional text field"), "asdf"): Text 'asdf' is set on object 'Object Repository/Admin Console ePulse Menu/Account Settings/ID Methods/Buttons/Additional text field'

2018-12-13 16:00:56 - [MESSAGE][PASSED] - Text 'asdf' is set on object 'Object Repository/Admin Console ePulse Menu/Account Settings/ID Methods/Buttons/Additional text field'

2018-12-13 16:00:56 - [TEST_STEP][PASSED] - delay(1): Delayed 1 second(s)

2018-12-13 16:00:57 - [MESSAGE][PASSED] - Delayed 1 second(s)

2018-12-13 16:00:57 - [TEST_STEP][PASSED] - click(findTestObject("Admin Console ePulse Menu/Account Settings/ID Methods/Buttons/Add Button(blue  sign)")): Object: 'Object Repository/Admin Console ePulse Menu/Account Settings/ID Methods/Buttons/Add Button(blue  sign)' is clicked on

2018-12-13 16:00:58 - [MESSAGE][PASSED] - Object: 'Object Repository/Admin Console ePulse Menu/Account Settings/ID Methods/Buttons/Add Button(blue  sign)' is clicked on

2018-12-13 16:00:58 - [TEST_STEP][PASSED] - delay(1): Delayed 1 second(s)

2018-12-13 16:00:59 - [MESSAGE][PASSED] - Delayed 1 second(s)

2018-12-13 16:00:59 - [TEST_STEP][PASSED] - setText(findTestObject("Admin Console ePulse Menu/Account Settings/ID Methods/Buttons/Button Label"), "3test"): Text '3test' is set on object 'Object Repository/Admin Console ePulse Menu/Account Settings/ID Methods/Buttons/Button Label'

2018-12-13 16:00:59 - [MESSAGE][PASSED] - Text '3test' is set on object 'Object Repository/Admin Console ePulse Menu/Account Settings/ID Methods/Buttons/Button Label'

2018-12-13 16:00:59 - [TEST_STEP][PASSED] - delay(1): Delayed 1 second(s)

2018-12-13 16:01:00 - [MESSAGE][PASSED] - Delayed 1 second(s)

2018-12-13 16:01:00 - [TEST_STEP][PASSED] - selectOptionByValue(findTestObject("Admin Console ePulse Menu/Account Settings/ID Methods/Buttons/Button Type"), "3", true): All options with value '3' are selected in object 'Object Repository/Admin Console ePulse Menu/Account Settings/ID Methods/Buttons/Button Type'  using regular expression

2018-12-13 16:01:00 - [MESSAGE][PASSED] - All options with value '3' are selected in object 'Object Repository/Admin Console ePulse Menu/Account Settings/ID Methods/Buttons/Button Type'  using regular expression

2018-12-13 16:01:00 - [TEST_STEP][PASSED] - delay(1): Delayed 1 second(s)

2018-12-13 16:01:01 - [MESSAGE][PASSED] - Delayed 1 second(s)

2018-12-13 16:01:01 - [TEST_STEP][PASSED] - click(findTestObject("Admin Console ePulse Menu/Account Settings/ID Methods/Buttons/Add Button(blue  sign)")): Object: 'Object Repository/Admin Console ePulse Menu/Account Settings/ID Methods/Buttons/Add Button(blue  sign)' is clicked on

2018-12-13 16:01:01 - [MESSAGE][PASSED] - Object: 'Object Repository/Admin Console ePulse Menu/Account Settings/ID Methods/Buttons/Add Button(blue  sign)' is clicked on

2018-12-13 16:01:01 - [TEST_STEP][PASSED] - delay(1): Delayed 1 second(s)

2018-12-13 16:01:02 - [MESSAGE][PASSED] - Delayed 1 second(s)

2018-12-13 16:01:02 - [TEST_STEP][PASSED] - setText(findTestObject("Admin Console ePulse Menu/Account Settings/ID Methods/Buttons/Button Label"), "4test"): Text '4test' is set on object 'Object Repository/Admin Console ePulse Menu/Account Settings/ID Methods/Buttons/Button Label'

2018-12-13 16:01:02 - [MESSAGE][PASSED] - Text '4test' is set on object 'Object Repository/Admin Console ePulse Menu/Account Settings/ID Methods/Buttons/Button Label'

2018-12-13 16:01:02 - [TEST_STEP][PASSED] - delay(1): Delayed 1 second(s)

2018-12-13 16:01:03 - [MESSAGE][PASSED] - Delayed 1 second(s)

2018-12-13 16:01:03 - [TEST_STEP][PASSED] - selectOptionByValue(findTestObject("Admin Console ePulse Menu/Account Settings/ID Methods/Buttons/Button Type"), "4", true): All options with value '4' are selected in object 'Object Repository/Admin Console ePulse Menu/Account Settings/ID Methods/Buttons/Button Type'  using regular expression

2018-12-13 16:01:03 - [MESSAGE][PASSED] - All options with value '4' are selected in object 'Object Repository/Admin Console ePulse Menu/Account Settings/ID Methods/Buttons/Button Type'  using regular expression

2018-12-13 16:01:03 - [TEST_STEP][PASSED] - delay(1): Delayed 1 second(s)

2018-12-13 16:01:04 - [MESSAGE][PASSED] - Delayed 1 second(s)

2018-12-13 16:01:04 - [TEST_STEP][PASSED] - click(findTestObject("Admin Console ePulse Menu/Account Settings/ID Methods/Buttons/Add Button(blue  sign)")): Object: 'Object Repository/Admin Console ePulse Menu/Account Settings/ID Methods/Buttons/Add Button(blue  sign)' is clicked on

2018-12-13 16:01:04 - [MESSAGE][PASSED] - Object: 'Object Repository/Admin Console ePulse Menu/Account Settings/ID Methods/Buttons/Add Button(blue  sign)' is clicked on

2018-12-13 16:01:04 - [TEST_STEP][PASSED] - delay(1): Delayed 1 second(s)

2018-12-13 16:01:05 - [MESSAGE][PASSED] - Delayed 1 second(s)

2018-12-13 16:01:05 - [TEST_STEP][PASSED] - setText(findTestObject("Admin Console ePulse Menu/Account Settings/ID Methods/Buttons/Button Label"), "5test"): Text '5test' is set on object 'Object Repository/Admin Console ePulse Menu/Account Settings/ID Methods/Buttons/Button Label'

2018-12-13 16:01:05 - [MESSAGE][PASSED] - Text '5test' is set on object 'Object Repository/Admin Console ePulse Menu/Account Settings/ID Methods/Buttons/Button Label'

2018-12-13 16:01:05 - [TEST_STEP][PASSED] - delay(1): Delayed 1 second(s)

2018-12-13 16:01:06 - [MESSAGE][PASSED] - Delayed 1 second(s)

2018-12-13 16:01:06 - [TEST_STEP][PASSED] - selectOptionByValue(findTestObject("Admin Console ePulse Menu/Account Settings/ID Methods/Buttons/Button Type"), "5", true): All options with value '5' are selected in object 'Object Repository/Admin Console ePulse Menu/Account Settings/ID Methods/Buttons/Button Type'  using regular expression

2018-12-13 16:01:06 - [MESSAGE][PASSED] - All options with value '5' are selected in object 'Object Repository/Admin Console ePulse Menu/Account Settings/ID Methods/Buttons/Button Type'  using regular expression

2018-12-13 16:01:06 - [TEST_STEP][PASSED] - delay(1): Delayed 1 second(s)

2018-12-13 16:01:07 - [MESSAGE][PASSED] - Delayed 1 second(s)

2018-12-13 16:01:07 - [TEST_STEP][PASSED] - click(findTestObject("Admin Console ePulse Menu/Account Settings/ID Methods/Buttons/Add Button(blue  sign)")): Object: 'Object Repository/Admin Console ePulse Menu/Account Settings/ID Methods/Buttons/Add Button(blue  sign)' is clicked on

2018-12-13 16:01:07 - [MESSAGE][PASSED] - Object: 'Object Repository/Admin Console ePulse Menu/Account Settings/ID Methods/Buttons/Add Button(blue  sign)' is clicked on

2018-12-13 16:01:07 - [TEST_STEP][PASSED] - delay(1): Delayed 1 second(s)

2018-12-13 16:01:08 - [MESSAGE][PASSED] - Delayed 1 second(s)

2018-12-13 16:01:08 - [TEST_STEP][PASSED] - click(findTestObject("Admin Console ePulse Menu/Account Settings/Prompts/Prompt Button Modal/Close Button")): Object: 'Object Repository/Admin Console ePulse Menu/Account Settings/Prompts/Prompt Button Modal/Close Button' is clicked on

2018-12-13 16:01:08 - [MESSAGE][PASSED] - Object: 'Object Repository/Admin Console ePulse Menu/Account Settings/Prompts/Prompt Button Modal/Close Button' is clicked on

2018-12-13 16:01:08 - [TEST_STEP][PASSED] - delay(1): Delayed 1 second(s)

2018-12-13 16:01:09 - [MESSAGE][PASSED] - Delayed 1 second(s)

2018-12-13 16:01:09 - [TEST_STEP][PASSED] - closeBrowser(): Browser is closed

2018-12-13 16:01:10 - [MESSAGE][PASSED] - Browser is closed]]></system-out>
         <system-err><![CDATA[]]></system-err>
      </testcase>
      <testcase name="Test Cases/Admin Console/Account Settings/ID Methods()/ID Methods - Button" classname="Test Cases/Admin Console/Account Settings/ID Methods()/ID Methods - Button" status="PASSED">
         <system-out><![CDATA[2018-12-13 16:01:10 - [TEST_CASE][PASSED] - Test Cases/Admin Console/Account Settings/ID Methods()/ID Methods - Button: Test Cases/Admin Console/Account Settings/ID Methods()/ID Methods - Button

2018-12-13 16:01:10 - [TEST_STEP][PASSED] - openBrowser(""): Browser is opened with url: ''

2018-12-13 16:01:10 - [MESSAGE][INFO] - Starting 'Chrome' driver

2018-12-13 16:01:11 - [MESSAGE][PASSED] - Browser is opened with url: ''

2018-12-13 16:01:11 - [TEST_STEP][PASSED] - navigateToUrl(URL): Navigate to 'https://epulsebeta2.com' successfully

2018-12-13 16:01:18 - [MESSAGE][PASSED] - Navigate to 'https://epulsebeta2.com' successfully

2018-12-13 16:01:18 - [TEST_STEP][PASSED] - setText(findTestObject("Login/Email Address"), User_email): Text 'alonzo.mack@knowink.com' is set on object 'Object Repository/Login/Email Address'

2018-12-13 16:01:18 - [MESSAGE][PASSED] - Text 'alonzo.mack@knowink.com' is set on object 'Object Repository/Login/Email Address'

2018-12-13 16:01:18 - [TEST_STEP][PASSED] - setEncryptedText(findTestObject("Login/Password"), Pswrd): Text ****** has been set on object 'Object Repository/Login/Password'

2018-12-13 16:01:18 - [MESSAGE][PASSED] - Text ****** has been set on object 'Object Repository/Login/Password'

2018-12-13 16:01:18 - [TEST_STEP][PASSED] - click(findTestObject("Login/Sign In")): Object: 'Object Repository/Login/Sign In' is clicked on

2018-12-13 16:01:19 - [MESSAGE][PASSED] - Object: 'Object Repository/Login/Sign In' is clicked on

2018-12-13 16:01:19 - [TEST_STEP][PASSED] - delay(1): Delayed 1 second(s)

2018-12-13 16:01:20 - [MESSAGE][PASSED] - Delayed 1 second(s)

2018-12-13 16:01:20 - [TEST_STEP][PASSED] - navigateToUrl(voter_id_methods, STOP_ON_FAILURE): Navigate to 'https://am-automation-test.epulsebeta2.com/voter_id_methods' successfully

2018-12-13 16:01:22 - [MESSAGE][PASSED] - Navigate to 'https://am-automation-test.epulsebeta2.com/voter_id_methods' successfully

2018-12-13 16:01:22 - [TEST_STEP][PASSED] - delay(1): Delayed 1 second(s)

2018-12-13 16:01:23 - [MESSAGE][PASSED] - Delayed 1 second(s)

2018-12-13 16:01:23 - [TEST_STEP][PASSED] - click(findTestObject("Admin Console ePulse Menu/Account Settings/ID Methods/ID Methods Page/Page_Epulse  am-Automation-test/Buttons")): Object: 'Object Repository/Admin Console ePulse Menu/Account Settings/ID Methods/ID Methods Page/Page_Epulse  am-Automation-test/Buttons' is clicked on

2018-12-13 16:01:23 - [MESSAGE][PASSED] - Object: 'Object Repository/Admin Console ePulse Menu/Account Settings/ID Methods/ID Methods Page/Page_Epulse  am-Automation-test/Buttons' is clicked on

2018-12-13 16:01:23 - [TEST_STEP][PASSED] - delay(1): Delayed 1 second(s)

2018-12-13 16:01:24 - [MESSAGE][PASSED] - Delayed 1 second(s)

2018-12-13 16:01:24 - [TEST_STEP][PASSED] - setText(findTestObject("Admin Console ePulse Menu/Account Settings/ID Methods/Buttons/Button Label"), "test"): Text 'test' is set on object 'Object Repository/Admin Console ePulse Menu/Account Settings/ID Methods/Buttons/Button Label'

2018-12-13 16:01:24 - [MESSAGE][PASSED] - Text 'test' is set on object 'Object Repository/Admin Console ePulse Menu/Account Settings/ID Methods/Buttons/Button Label'

2018-12-13 16:01:24 - [TEST_STEP][PASSED] - delay(1): Delayed 1 second(s)

2018-12-13 16:01:25 - [MESSAGE][PASSED] - Delayed 1 second(s)

2018-12-13 16:01:25 - [TEST_STEP][PASSED] - selectOptionByValue(findTestObject("Admin Console ePulse Menu/Account Settings/ID Methods/Buttons/Button Type"), "0", true): All options with value '0' are selected in object 'Object Repository/Admin Console ePulse Menu/Account Settings/ID Methods/Buttons/Button Type'  using regular expression

2018-12-13 16:01:25 - [MESSAGE][PASSED] - All options with value '0' are selected in object 'Object Repository/Admin Console ePulse Menu/Account Settings/ID Methods/Buttons/Button Type'  using regular expression

2018-12-13 16:01:25 - [TEST_STEP][PASSED] - delay(1): Delayed 1 second(s)

2018-12-13 16:01:26 - [MESSAGE][PASSED] - Delayed 1 second(s)

2018-12-13 16:01:26 - [TEST_STEP][PASSED] - click(findTestObject("Admin Console ePulse Menu/Account Settings/ID Methods/Buttons/Add Button(blue  sign)")): Object: 'Object Repository/Admin Console ePulse Menu/Account Settings/ID Methods/Buttons/Add Button(blue  sign)' is clicked on

2018-12-13 16:01:26 - [MESSAGE][PASSED] - Object: 'Object Repository/Admin Console ePulse Menu/Account Settings/ID Methods/Buttons/Add Button(blue  sign)' is clicked on

2018-12-13 16:01:26 - [TEST_STEP][PASSED] - delay(1): Delayed 1 second(s)

2018-12-13 16:01:27 - [MESSAGE][PASSED] - Delayed 1 second(s)

2018-12-13 16:01:27 - [TEST_STEP][PASSED] - setText(findTestObject("Admin Console ePulse Menu/Account Settings/ID Methods/Buttons/Button Label"), "1test"): Text '1test' is set on object 'Object Repository/Admin Console ePulse Menu/Account Settings/ID Methods/Buttons/Button Label'

2018-12-13 16:01:27 - [MESSAGE][PASSED] - Text '1test' is set on object 'Object Repository/Admin Console ePulse Menu/Account Settings/ID Methods/Buttons/Button Label'

2018-12-13 16:01:27 - [TEST_STEP][PASSED] - delay(1): Delayed 1 second(s)

2018-12-13 16:01:28 - [MESSAGE][PASSED] - Delayed 1 second(s)

2018-12-13 16:01:28 - [TEST_STEP][PASSED] - selectOptionByValue(findTestObject("Admin Console ePulse Menu/Account Settings/ID Methods/Buttons/Button Type"), "1", true): All options with value '1' are selected in object 'Object Repository/Admin Console ePulse Menu/Account Settings/ID Methods/Buttons/Button Type'  using regular expression

2018-12-13 16:01:28 - [MESSAGE][PASSED] - All options with value '1' are selected in object 'Object Repository/Admin Console ePulse Menu/Account Settings/ID Methods/Buttons/Button Type'  using regular expression

2018-12-13 16:01:28 - [TEST_STEP][PASSED] - setText(findTestObject("Admin Console ePulse Menu/Account Settings/ID Methods/Buttons/Additional text field"), "Allow to vote", STOP_ON_FAILURE): Text 'Allow to vote' is set on object 'Object Repository/Admin Console ePulse Menu/Account Settings/ID Methods/Buttons/Additional text field'

2018-12-13 16:01:28 - [MESSAGE][PASSED] - Text 'Allow to vote' is set on object 'Object Repository/Admin Console ePulse Menu/Account Settings/ID Methods/Buttons/Additional text field'

2018-12-13 16:01:28 - [TEST_STEP][PASSED] - delay(1): Delayed 1 second(s)

2018-12-13 16:01:29 - [MESSAGE][PASSED] - Delayed 1 second(s)

2018-12-13 16:01:29 - [TEST_STEP][PASSED] - click(findTestObject("Admin Console ePulse Menu/Account Settings/ID Methods/Buttons/Add Button(blue  sign)")): Object: 'Object Repository/Admin Console ePulse Menu/Account Settings/ID Methods/Buttons/Add Button(blue  sign)' is clicked on

2018-12-13 16:01:30 - [MESSAGE][PASSED] - Object: 'Object Repository/Admin Console ePulse Menu/Account Settings/ID Methods/Buttons/Add Button(blue  sign)' is clicked on

2018-12-13 16:01:30 - [TEST_STEP][PASSED] - delay(1): Delayed 1 second(s)

2018-12-13 16:01:31 - [MESSAGE][PASSED] - Delayed 1 second(s)

2018-12-13 16:01:31 - [TEST_STEP][PASSED] - setText(findTestObject("Admin Console ePulse Menu/Account Settings/ID Methods/Buttons/Button Label"), "2test"): Text '2test' is set on object 'Object Repository/Admin Console ePulse Menu/Account Settings/ID Methods/Buttons/Button Label'

2018-12-13 16:01:31 - [MESSAGE][PASSED] - Text '2test' is set on object 'Object Repository/Admin Console ePulse Menu/Account Settings/ID Methods/Buttons/Button Label'

2018-12-13 16:01:31 - [TEST_STEP][PASSED] - delay(1): Delayed 1 second(s)

2018-12-13 16:01:32 - [MESSAGE][PASSED] - Delayed 1 second(s)

2018-12-13 16:01:32 - [TEST_STEP][PASSED] - selectOptionByValue(findTestObject("Admin Console ePulse Menu/Account Settings/ID Methods/Buttons/Button Type"), "2", true): All options with value '2' are selected in object 'Object Repository/Admin Console ePulse Menu/Account Settings/ID Methods/Buttons/Button Type'  using regular expression

2018-12-13 16:01:32 - [MESSAGE][PASSED] - All options with value '2' are selected in object 'Object Repository/Admin Console ePulse Menu/Account Settings/ID Methods/Buttons/Button Type'  using regular expression

2018-12-13 16:01:32 - [TEST_STEP][PASSED] - delay(1): Delayed 1 second(s)

2018-12-13 16:01:33 - [MESSAGE][PASSED] - Delayed 1 second(s)

2018-12-13 16:01:33 - [TEST_STEP][PASSED] - setText(findTestObject("Admin Console ePulse Menu/Account Settings/ID Methods/Buttons/Additional text field"), "asdf"): Text 'asdf' is set on object 'Object Repository/Admin Console ePulse Menu/Account Settings/ID Methods/Buttons/Additional text field'

2018-12-13 16:01:33 - [MESSAGE][PASSED] - Text 'asdf' is set on object 'Object Repository/Admin Console ePulse Menu/Account Settings/ID Methods/Buttons/Additional text field'

2018-12-13 16:01:33 - [TEST_STEP][PASSED] - delay(1): Delayed 1 second(s)

2018-12-13 16:01:34 - [MESSAGE][PASSED] - Delayed 1 second(s)

2018-12-13 16:01:34 - [TEST_STEP][PASSED] - click(findTestObject("Admin Console ePulse Menu/Account Settings/ID Methods/Buttons/Add Button(blue  sign)")): Object: 'Object Repository/Admin Console ePulse Menu/Account Settings/ID Methods/Buttons/Add Button(blue  sign)' is clicked on

2018-12-13 16:01:34 - [MESSAGE][PASSED] - Object: 'Object Repository/Admin Console ePulse Menu/Account Settings/ID Methods/Buttons/Add Button(blue  sign)' is clicked on

2018-12-13 16:01:34 - [TEST_STEP][PASSED] - delay(1): Delayed 1 second(s)

2018-12-13 16:01:35 - [MESSAGE][PASSED] - Delayed 1 second(s)

2018-12-13 16:01:35 - [TEST_STEP][PASSED] - setText(findTestObject("Admin Console ePulse Menu/Account Settings/ID Methods/Buttons/Button Label"), "3test"): Text '3test' is set on object 'Object Repository/Admin Console ePulse Menu/Account Settings/ID Methods/Buttons/Button Label'

2018-12-13 16:01:35 - [MESSAGE][PASSED] - Text '3test' is set on object 'Object Repository/Admin Console ePulse Menu/Account Settings/ID Methods/Buttons/Button Label'

2018-12-13 16:01:35 - [TEST_STEP][PASSED] - delay(1): Delayed 1 second(s)

2018-12-13 16:01:36 - [MESSAGE][PASSED] - Delayed 1 second(s)

2018-12-13 16:01:36 - [TEST_STEP][PASSED] - selectOptionByValue(findTestObject("Admin Console ePulse Menu/Account Settings/ID Methods/Buttons/Button Type"), "3", true): All options with value '3' are selected in object 'Object Repository/Admin Console ePulse Menu/Account Settings/ID Methods/Buttons/Button Type'  using regular expression

2018-12-13 16:01:36 - [MESSAGE][PASSED] - All options with value '3' are selected in object 'Object Repository/Admin Console ePulse Menu/Account Settings/ID Methods/Buttons/Button Type'  using regular expression

2018-12-13 16:01:36 - [TEST_STEP][PASSED] - delay(1): Delayed 1 second(s)

2018-12-13 16:01:37 - [MESSAGE][PASSED] - Delayed 1 second(s)

2018-12-13 16:01:37 - [TEST_STEP][PASSED] - click(findTestObject("Admin Console ePulse Menu/Account Settings/ID Methods/Buttons/Add Button(blue  sign)")): Object: 'Object Repository/Admin Console ePulse Menu/Account Settings/ID Methods/Buttons/Add Button(blue  sign)' is clicked on

2018-12-13 16:01:37 - [MESSAGE][PASSED] - Object: 'Object Repository/Admin Console ePulse Menu/Account Settings/ID Methods/Buttons/Add Button(blue  sign)' is clicked on

2018-12-13 16:01:37 - [TEST_STEP][PASSED] - delay(1): Delayed 1 second(s)

2018-12-13 16:01:38 - [MESSAGE][PASSED] - Delayed 1 second(s)

2018-12-13 16:01:38 - [TEST_STEP][PASSED] - setText(findTestObject("Admin Console ePulse Menu/Account Settings/ID Methods/Buttons/Button Label"), "4test"): Text '4test' is set on object 'Object Repository/Admin Console ePulse Menu/Account Settings/ID Methods/Buttons/Button Label'

2018-12-13 16:01:38 - [MESSAGE][PASSED] - Text '4test' is set on object 'Object Repository/Admin Console ePulse Menu/Account Settings/ID Methods/Buttons/Button Label'

2018-12-13 16:01:38 - [TEST_STEP][PASSED] - delay(1): Delayed 1 second(s)

2018-12-13 16:01:39 - [MESSAGE][PASSED] - Delayed 1 second(s)

2018-12-13 16:01:39 - [TEST_STEP][PASSED] - selectOptionByValue(findTestObject("Admin Console ePulse Menu/Account Settings/ID Methods/Buttons/Button Type"), "4", true): All options with value '4' are selected in object 'Object Repository/Admin Console ePulse Menu/Account Settings/ID Methods/Buttons/Button Type'  using regular expression

2018-12-13 16:01:39 - [MESSAGE][PASSED] - All options with value '4' are selected in object 'Object Repository/Admin Console ePulse Menu/Account Settings/ID Methods/Buttons/Button Type'  using regular expression

2018-12-13 16:01:39 - [TEST_STEP][PASSED] - delay(1): Delayed 1 second(s)

2018-12-13 16:01:40 - [MESSAGE][PASSED] - Delayed 1 second(s)

2018-12-13 16:01:40 - [TEST_STEP][PASSED] - click(findTestObject("Admin Console ePulse Menu/Account Settings/ID Methods/Buttons/Add Button(blue  sign)")): Object: 'Object Repository/Admin Console ePulse Menu/Account Settings/ID Methods/Buttons/Add Button(blue  sign)' is clicked on

2018-12-13 16:01:40 - [MESSAGE][PASSED] - Object: 'Object Repository/Admin Console ePulse Menu/Account Settings/ID Methods/Buttons/Add Button(blue  sign)' is clicked on

2018-12-13 16:01:40 - [TEST_STEP][PASSED] - delay(1): Delayed 1 second(s)

2018-12-13 16:01:41 - [MESSAGE][PASSED] - Delayed 1 second(s)

2018-12-13 16:01:41 - [TEST_STEP][PASSED] - setText(findTestObject("Admin Console ePulse Menu/Account Settings/ID Methods/Buttons/Button Label"), "5test"): Text '5test' is set on object 'Object Repository/Admin Console ePulse Menu/Account Settings/ID Methods/Buttons/Button Label'

2018-12-13 16:01:41 - [MESSAGE][PASSED] - Text '5test' is set on object 'Object Repository/Admin Console ePulse Menu/Account Settings/ID Methods/Buttons/Button Label'

2018-12-13 16:01:41 - [TEST_STEP][PASSED] - delay(1): Delayed 1 second(s)

2018-12-13 16:01:43 - [MESSAGE][PASSED] - Delayed 1 second(s)

2018-12-13 16:01:43 - [TEST_STEP][PASSED] - selectOptionByValue(findTestObject("Admin Console ePulse Menu/Account Settings/ID Methods/Buttons/Button Type"), "5", true): All options with value '5' are selected in object 'Object Repository/Admin Console ePulse Menu/Account Settings/ID Methods/Buttons/Button Type'  using regular expression

2018-12-13 16:01:43 - [MESSAGE][PASSED] - All options with value '5' are selected in object 'Object Repository/Admin Console ePulse Menu/Account Settings/ID Methods/Buttons/Button Type'  using regular expression

2018-12-13 16:01:43 - [TEST_STEP][PASSED] - delay(1): Delayed 1 second(s)

2018-12-13 16:01:44 - [MESSAGE][PASSED] - Delayed 1 second(s)

2018-12-13 16:01:44 - [TEST_STEP][PASSED] - click(findTestObject("Admin Console ePulse Menu/Account Settings/ID Methods/Buttons/Add Button(blue  sign)")): Object: 'Object Repository/Admin Console ePulse Menu/Account Settings/ID Methods/Buttons/Add Button(blue  sign)' is clicked on

2018-12-13 16:01:44 - [MESSAGE][PASSED] - Object: 'Object Repository/Admin Console ePulse Menu/Account Settings/ID Methods/Buttons/Add Button(blue  sign)' is clicked on

2018-12-13 16:01:44 - [TEST_STEP][PASSED] - delay(1): Delayed 1 second(s)

2018-12-13 16:01:45 - [MESSAGE][PASSED] - Delayed 1 second(s)

2018-12-13 16:01:45 - [TEST_STEP][PASSED] - click(findTestObject("Admin Console ePulse Menu/Account Settings/Prompts/Prompt Button Modal/Close Button")): Object: 'Object Repository/Admin Console ePulse Menu/Account Settings/Prompts/Prompt Button Modal/Close Button' is clicked on

2018-12-13 16:01:45 - [MESSAGE][PASSED] - Object: 'Object Repository/Admin Console ePulse Menu/Account Settings/Prompts/Prompt Button Modal/Close Button' is clicked on

2018-12-13 16:01:45 - [TEST_STEP][PASSED] - delay(1): Delayed 1 second(s)

2018-12-13 16:01:46 - [MESSAGE][PASSED] - Delayed 1 second(s)

2018-12-13 16:01:46 - [TEST_STEP][PASSED] - closeBrowser(): Browser is closed

2018-12-13 16:01:46 - [MESSAGE][PASSED] - Browser is closed]]></system-out>
         <system-err><![CDATA[]]></system-err>
      </testcase>
      <testcase name="Test Cases/Admin Console/Account Settings/ID Methods()/ID Methods - Edit" classname="Test Cases/Admin Console/Account Settings/ID Methods()/ID Methods - Edit" status="PASSED">
         <system-out><![CDATA[2018-12-13 16:01:46 - [TEST_CASE][PASSED] - Test Cases/Admin Console/Account Settings/ID Methods()/ID Methods - Edit: Test Cases/Admin Console/Account Settings/ID Methods()/ID Methods - Edit

2018-12-13 16:01:46 - [TEST_STEP][PASSED] - openBrowser(""): Browser is opened with url: ''

2018-12-13 16:01:46 - [MESSAGE][INFO] - Starting 'Chrome' driver

2018-12-13 16:01:47 - [MESSAGE][PASSED] - Browser is opened with url: ''

2018-12-13 16:01:47 - [TEST_STEP][PASSED] - navigateToUrl(URL): Navigate to 'https://epulsebeta2.com' successfully

2018-12-13 16:01:49 - [MESSAGE][PASSED] - Navigate to 'https://epulsebeta2.com' successfully

2018-12-13 16:01:49 - [TEST_STEP][PASSED] - setText(findTestObject("Login/Email Address"), User_email): Text 'alonzo.mack@knowink.com' is set on object 'Object Repository/Login/Email Address'

2018-12-13 16:01:50 - [MESSAGE][PASSED] - Text 'alonzo.mack@knowink.com' is set on object 'Object Repository/Login/Email Address'

2018-12-13 16:01:50 - [TEST_STEP][PASSED] - setEncryptedText(findTestObject("Login/Password"), Pswrd): Text ****** has been set on object 'Object Repository/Login/Password'

2018-12-13 16:01:50 - [MESSAGE][PASSED] - Text ****** has been set on object 'Object Repository/Login/Password'

2018-12-13 16:01:50 - [TEST_STEP][PASSED] - click(findTestObject("Login/Sign In")): Object: 'Object Repository/Login/Sign In' is clicked on

2018-12-13 16:01:50 - [MESSAGE][PASSED] - Object: 'Object Repository/Login/Sign In' is clicked on

2018-12-13 16:01:50 - [TEST_STEP][PASSED] - delay(1): Delayed 1 second(s)

2018-12-13 16:01:51 - [MESSAGE][PASSED] - Delayed 1 second(s)

2018-12-13 16:01:51 - [TEST_STEP][PASSED] - navigateToUrl(voter_id_methods, STOP_ON_FAILURE): Navigate to 'https://am-automation-test.epulsebeta2.com/voter_id_methods' successfully

2018-12-13 16:01:56 - [MESSAGE][PASSED] - Navigate to 'https://am-automation-test.epulsebeta2.com/voter_id_methods' successfully

2018-12-13 16:01:56 - [TEST_STEP][PASSED] - delay(1): Delayed 1 second(s)

2018-12-13 16:01:57 - [MESSAGE][PASSED] - Delayed 1 second(s)

2018-12-13 16:01:57 - [TEST_STEP][PASSED] - click(findTestObject("Admin Console ePulse Menu/Account Settings/ID Methods/ID Methods Page/Page_Epulse  am-Automation-test/Edit Selected ID Method")): Object: 'Object Repository/Admin Console ePulse Menu/Account Settings/ID Methods/ID Methods Page/Page_Epulse  am-Automation-test/Edit Selected ID Method' is clicked on

2018-12-13 16:01:57 - [MESSAGE][PASSED] - Object: 'Object Repository/Admin Console ePulse Menu/Account Settings/ID Methods/ID Methods Page/Page_Epulse  am-Automation-test/Edit Selected ID Method' is clicked on

2018-12-13 16:01:57 - [TEST_STEP][PASSED] - setText(findTestObject("Admin Console ePulse Menu/Account Settings/ID Methods/New ID Method Modal/Name"), "Drivers License_Edit"): Text 'Drivers License_Edit' is set on object 'Object Repository/Admin Console ePulse Menu/Account Settings/ID Methods/New ID Method Modal/Name'

2018-12-13 16:01:57 - [MESSAGE][PASSED] - Text 'Drivers License_Edit' is set on object 'Object Repository/Admin Console ePulse Menu/Account Settings/ID Methods/New ID Method Modal/Name'

2018-12-13 16:01:57 - [TEST_STEP][PASSED] - setText(findTestObject("Admin Console ePulse Menu/Account Settings/ID Methods/New ID Method Modal/Heading"), "State Drivers License_Edit"): Text 'State Drivers License_Edit' is set on object 'Object Repository/Admin Console ePulse Menu/Account Settings/ID Methods/New ID Method Modal/Heading'

2018-12-13 16:01:58 - [MESSAGE][PASSED] - Text 'State Drivers License_Edit' is set on object 'Object Repository/Admin Console ePulse Menu/Account Settings/ID Methods/New ID Method Modal/Heading'

2018-12-13 16:01:58 - [TEST_STEP][PASSED] - selectOptionByValue(findTestObject("Admin Console ePulse Menu/Account Settings/ID Methods/New ID Method Modal/Select Color"), "0", true): All options with value '0' are selected in object 'Object Repository/Admin Console ePulse Menu/Account Settings/ID Methods/New ID Method Modal/Select Color'  using regular expression

2018-12-13 16:01:58 - [MESSAGE][PASSED] - All options with value '0' are selected in object 'Object Repository/Admin Console ePulse Menu/Account Settings/ID Methods/New ID Method Modal/Select Color'  using regular expression

2018-12-13 16:01:58 - [TEST_STEP][PASSED] - setText(findTestObject("Admin Console ePulse Menu/Account Settings/ID Methods/New ID Method Modal/Instructions"), "State Drivers License_Edit"): Text 'State Drivers License_Edit' is set on object 'Object Repository/Admin Console ePulse Menu/Account Settings/ID Methods/New ID Method Modal/Instructions'

2018-12-13 16:01:58 - [MESSAGE][PASSED] - Text 'State Drivers License_Edit' is set on object 'Object Repository/Admin Console ePulse Menu/Account Settings/ID Methods/New ID Method Modal/Instructions'

2018-12-13 16:01:58 - [TEST_STEP][PASSED] - setText(findTestObject("Admin Console ePulse Menu/Account Settings/ID Methods/New ID Method Modal/Order"), "2"): Text '2' is set on object 'Object Repository/Admin Console ePulse Menu/Account Settings/ID Methods/New ID Method Modal/Order'

2018-12-13 16:01:58 - [MESSAGE][PASSED] - Text '2' is set on object 'Object Repository/Admin Console ePulse Menu/Account Settings/ID Methods/New ID Method Modal/Order'

2018-12-13 16:01:58 - [TEST_STEP][NOT_RUN] - click(findTestObject("Admin Console ePulse Menu/Account Settings/ID Methods/New ID Method Modal/Show Does Name Match_slider")): NOT_RUN: click(findTestObject("Admin Console ePulse Menu/Account Settings/ID Methods/New ID Method Modal/Show Does Name Match_slider"))

2018-12-13 16:01:58 - [MESSAGE][NOT_RUN] - NOT_RUN: click(findTestObject("Admin Console ePulse Menu/Account Settings/ID Methods/New ID Method Modal/Show Does Name Match_slider"))

2018-12-13 16:01:58 - [TEST_STEP][PASSED] - click(findTestObject("Admin Console ePulse Menu/Account Settings/ID Methods/New ID Method Modal/Show Does Address Match_slider"), STOP_ON_FAILURE): Object: 'Object Repository/Admin Console ePulse Menu/Account Settings/ID Methods/New ID Method Modal/Show Does Address Match_slider' is clicked on

2018-12-13 16:01:58 - [MESSAGE][PASSED] - Object: 'Object Repository/Admin Console ePulse Menu/Account Settings/ID Methods/New ID Method Modal/Show Does Address Match_slider' is clicked on

2018-12-13 16:01:58 - [TEST_STEP][NOT_RUN] - click(findTestObject("Admin Console ePulse Menu/Account Settings/ID Methods/New ID Method Modal/Show is ID Expired_slider"), STOP_ON_FAILURE): NOT_RUN: click(findTestObject("Admin Console ePulse Menu/Account Settings/ID Methods/New ID Method Modal/Show is ID Expired_slider"), STOP_ON_FAILURE)

2018-12-13 16:01:58 - [MESSAGE][NOT_RUN] - NOT_RUN: click(findTestObject("Admin Console ePulse Menu/Account Settings/ID Methods/New ID Method Modal/Show is ID Expired_slider"), STOP_ON_FAILURE)

2018-12-13 16:01:58 - [TEST_STEP][PASSED] - setText(findTestObject("Admin Console ePulse Menu/Account Settings/ID Methods/New ID Method Modal/Page_Epulse  am-Automation-test/Incorrect Heading"), "No Drivers License_Edit?"): Text 'No Drivers License_Edit?' is set on object 'Object Repository/Admin Console ePulse Menu/Account Settings/ID Methods/New ID Method Modal/Page_Epulse  am-Automation-test/Incorrect Heading'

2018-12-13 16:01:58 - [MESSAGE][PASSED] - Text 'No Drivers License_Edit?' is set on object 'Object Repository/Admin Console ePulse Menu/Account Settings/ID Methods/New ID Method Modal/Page_Epulse  am-Automation-test/Incorrect Heading'

2018-12-13 16:01:58 - [TEST_STEP][PASSED] - setText(findTestObject("Admin Console ePulse Menu/Account Settings/ID Methods/New ID Method Modal/Page_Epulse  am-Automation-test/Incorrect Instructions"), "Vote Provisional_Edit"): Text 'Vote Provisional_Edit' is set on object 'Object Repository/Admin Console ePulse Menu/Account Settings/ID Methods/New ID Method Modal/Page_Epulse  am-Automation-test/Incorrect Instructions'

2018-12-13 16:01:58 - [MESSAGE][PASSED] - Text 'Vote Provisional_Edit' is set on object 'Object Repository/Admin Console ePulse Menu/Account Settings/ID Methods/New ID Method Modal/Page_Epulse  am-Automation-test/Incorrect Instructions'

2018-12-13 16:01:58 - [TEST_STEP][PASSED] - click(findTestObject("Admin Console ePulse Menu/Account Settings/ID Methods/New ID Method Modal/Submit"), STOP_ON_FAILURE): Object: 'Object Repository/Admin Console ePulse Menu/Account Settings/ID Methods/New ID Method Modal/Submit' is clicked on

2018-12-13 16:01:58 - [MESSAGE][PASSED] - Object: 'Object Repository/Admin Console ePulse Menu/Account Settings/ID Methods/New ID Method Modal/Submit' is clicked on

2018-12-13 16:01:58 - [TEST_STEP][PASSED] - closeBrowser(): Browser is closed

2018-12-13 16:01:59 - [MESSAGE][PASSED] - Browser is closed]]></system-out>
         <system-err><![CDATA[]]></system-err>
      </testcase>
      <testcase name="Test Cases/Admin Console/Account Settings/ID Methods()/ID Methods - Edit Oath" classname="Test Cases/Admin Console/Account Settings/ID Methods()/ID Methods - Edit Oath" status="PASSED">
         <system-out><![CDATA[2018-12-13 16:01:59 - [TEST_CASE][PASSED] - Test Cases/Admin Console/Account Settings/ID Methods()/ID Methods - Edit Oath: Test Cases/Admin Console/Account Settings/ID Methods()/ID Methods - Edit Oath

2018-12-13 16:01:59 - [TEST_STEP][PASSED] - openBrowser(""): Browser is opened with url: ''

2018-12-13 16:01:59 - [MESSAGE][INFO] - Starting 'Chrome' driver

2018-12-13 16:02:00 - [MESSAGE][PASSED] - Browser is opened with url: ''

2018-12-13 16:02:00 - [TEST_STEP][PASSED] - navigateToUrl(URL): Navigate to 'https://epulsebeta2.com' successfully

2018-12-13 16:02:02 - [MESSAGE][PASSED] - Navigate to 'https://epulsebeta2.com' successfully

2018-12-13 16:02:02 - [TEST_STEP][PASSED] - setText(findTestObject("Login/Email Address"), User_email): Text 'alonzo.mack@knowink.com' is set on object 'Object Repository/Login/Email Address'

2018-12-13 16:02:02 - [MESSAGE][PASSED] - Text 'alonzo.mack@knowink.com' is set on object 'Object Repository/Login/Email Address'

2018-12-13 16:02:02 - [TEST_STEP][PASSED] - setEncryptedText(findTestObject("Login/Password"), Pswrd): Text ****** has been set on object 'Object Repository/Login/Password'

2018-12-13 16:02:02 - [MESSAGE][PASSED] - Text ****** has been set on object 'Object Repository/Login/Password'

2018-12-13 16:02:02 - [TEST_STEP][PASSED] - click(findTestObject("Login/Sign In")): Object: 'Object Repository/Login/Sign In' is clicked on

2018-12-13 16:02:03 - [MESSAGE][PASSED] - Object: 'Object Repository/Login/Sign In' is clicked on

2018-12-13 16:02:03 - [TEST_STEP][PASSED] - delay(1): Delayed 1 second(s)

2018-12-13 16:02:04 - [MESSAGE][PASSED] - Delayed 1 second(s)

2018-12-13 16:02:04 - [TEST_STEP][PASSED] - navigateToUrl(voter_id_methods, STOP_ON_FAILURE): Navigate to 'https://am-automation-test.epulsebeta2.com/voter_id_methods' successfully

2018-12-13 16:02:05 - [MESSAGE][PASSED] - Navigate to 'https://am-automation-test.epulsebeta2.com/voter_id_methods' successfully

2018-12-13 16:02:05 - [TEST_STEP][PASSED] - click(findTestObject("Admin Console ePulse Menu/Account Settings/ID Methods/ID Methods Page/Edit ID Method Oath")): Object: 'Object Repository/Admin Console ePulse Menu/Account Settings/ID Methods/ID Methods Page/Edit ID Method Oath' is clicked on

2018-12-13 16:02:06 - [MESSAGE][PASSED] - Object: 'Object Repository/Admin Console ePulse Menu/Account Settings/ID Methods/ID Methods Page/Edit ID Method Oath' is clicked on

2018-12-13 16:02:06 - [TEST_STEP][PASSED] - delay(1): Delayed 1 second(s)

2018-12-13 16:02:07 - [MESSAGE][PASSED] - Delayed 1 second(s)

2018-12-13 16:02:07 - [TEST_STEP][PASSED] - setText(findTestObject("Admin Console ePulse Menu/Account Settings/ID Methods/Edit ID Method Modal/Customized Oath text area"), "Customize the oath displayed to voters. "): Text 'Customize the oath displayed to voters. ' is set on object 'Object Repository/Admin Console ePulse Menu/Account Settings/ID Methods/Edit ID Method Modal/Customized Oath text area'

2018-12-13 16:02:07 - [MESSAGE][PASSED] - Text 'Customize the oath displayed to voters. ' is set on object 'Object Repository/Admin Console ePulse Menu/Account Settings/ID Methods/Edit ID Method Modal/Customized Oath text area'

2018-12-13 16:02:07 - [TEST_STEP][PASSED] - delay(1): Delayed 1 second(s)

2018-12-13 16:02:08 - [MESSAGE][PASSED] - Delayed 1 second(s)

2018-12-13 16:02:08 - [TEST_STEP][PASSED] - click(findTestObject("Admin Console ePulse Menu/Account Settings/ID Methods/Edit ID Method Modal/Submit"), STOP_ON_FAILURE): Object: 'Object Repository/Admin Console ePulse Menu/Account Settings/ID Methods/Edit ID Method Modal/Submit' is clicked on

2018-12-13 16:02:08 - [MESSAGE][PASSED] - Object: 'Object Repository/Admin Console ePulse Menu/Account Settings/ID Methods/Edit ID Method Modal/Submit' is clicked on]]></system-out>
         <system-err><![CDATA[]]></system-err>
      </testcase>
      <testcase name="Test Cases/Admin Console/Account Settings/ID Methods()/ID Methods - Export" classname="Test Cases/Admin Console/Account Settings/ID Methods()/ID Methods - Export" status="PASSED">
         <system-out><![CDATA[2018-12-13 16:02:08 - [TEST_CASE][PASSED] - Test Cases/Admin Console/Account Settings/ID Methods()/ID Methods - Export: Test Cases/Admin Console/Account Settings/ID Methods()/ID Methods - Export

2018-12-13 16:02:08 - [TEST_STEP][PASSED] - openBrowser(""): Browser is opened with url: ''

2018-12-13 16:02:08 - [MESSAGE][WARNING] - A browser is already opened. Closing browser and opening a new one

2018-12-13 16:02:08 - [MESSAGE][INFO] - Starting 'Chrome' driver

2018-12-13 16:02:09 - [MESSAGE][PASSED] - Browser is opened with url: ''

2018-12-13 16:02:09 - [TEST_STEP][PASSED] - navigateToUrl(URL): Navigate to 'https://epulsebeta2.com' successfully

2018-12-13 16:02:12 - [MESSAGE][PASSED] - Navigate to 'https://epulsebeta2.com' successfully

2018-12-13 16:02:12 - [TEST_STEP][PASSED] - setText(findTestObject("Login/Email Address"), User_email): Text 'alonzo.mack@knowink.com' is set on object 'Object Repository/Login/Email Address'

2018-12-13 16:02:12 - [MESSAGE][PASSED] - Text 'alonzo.mack@knowink.com' is set on object 'Object Repository/Login/Email Address'

2018-12-13 16:02:12 - [TEST_STEP][PASSED] - setEncryptedText(findTestObject("Login/Password"), Pswrd): Text ****** has been set on object 'Object Repository/Login/Password'

2018-12-13 16:02:12 - [MESSAGE][PASSED] - Text ****** has been set on object 'Object Repository/Login/Password'

2018-12-13 16:02:12 - [TEST_STEP][PASSED] - click(findTestObject("Login/Sign In")): Object: 'Object Repository/Login/Sign In' is clicked on

2018-12-13 16:02:13 - [MESSAGE][PASSED] - Object: 'Object Repository/Login/Sign In' is clicked on

2018-12-13 16:02:13 - [TEST_STEP][PASSED] - delay(1): Delayed 1 second(s)

2018-12-13 16:02:14 - [MESSAGE][PASSED] - Delayed 1 second(s)

2018-12-13 16:02:14 - [TEST_STEP][PASSED] - navigateToUrl(voter_id_methods): Navigate to 'https://am-automation-test.epulsebeta2.com/voter_id_methods' successfully

2018-12-13 16:02:16 - [MESSAGE][PASSED] - Navigate to 'https://am-automation-test.epulsebeta2.com/voter_id_methods' successfully

2018-12-13 16:02:16 - [TEST_STEP][PASSED] - delay(1): Delayed 1 second(s)

2018-12-13 16:02:17 - [MESSAGE][PASSED] - Delayed 1 second(s)

2018-12-13 16:02:17 - [TEST_STEP][PASSED] - click(findTestObject("Admin Console ePulse Menu/Account Settings/ID Methods/ID Methods Page/Export")): Object: 'Object Repository/Admin Console ePulse Menu/Account Settings/ID Methods/ID Methods Page/Export' is clicked on

2018-12-13 16:02:17 - [MESSAGE][PASSED] - Object: 'Object Repository/Admin Console ePulse Menu/Account Settings/ID Methods/ID Methods Page/Export' is clicked on

2018-12-13 16:02:17 - [TEST_STEP][PASSED] - delay(1): Delayed 1 second(s)

2018-12-13 16:02:18 - [MESSAGE][PASSED] - Delayed 1 second(s)

2018-12-13 16:02:18 - [TEST_STEP][PASSED] - closeBrowser(STOP_ON_FAILURE): Browser is closed

2018-12-13 16:02:18 - [MESSAGE][PASSED] - Browser is closed]]></system-out>
         <system-err><![CDATA[]]></system-err>
      </testcase>
      <testcase name="Test Cases/Admin Console/Account Settings/ID Methods()/ID Methods - Import" classname="Test Cases/Admin Console/Account Settings/ID Methods()/ID Methods - Import" status="PASSED">
         <system-out><![CDATA[2018-12-13 16:02:18 - [TEST_CASE][PASSED] - Test Cases/Admin Console/Account Settings/ID Methods()/ID Methods - Import: Test Cases/Admin Console/Account Settings/ID Methods()/ID Methods - Import

2018-12-13 16:02:18 - [TEST_STEP][PASSED] - openBrowser(""): Browser is opened with url: ''

2018-12-13 16:02:18 - [MESSAGE][INFO] - Starting 'Chrome' driver

2018-12-13 16:02:19 - [MESSAGE][PASSED] - Browser is opened with url: ''

2018-12-13 16:02:19 - [TEST_STEP][PASSED] - navigateToUrl(URL): Navigate to 'https://epulsebeta2.com' successfully

2018-12-13 16:02:22 - [MESSAGE][PASSED] - Navigate to 'https://epulsebeta2.com' successfully

2018-12-13 16:02:22 - [TEST_STEP][PASSED] - setText(findTestObject("Login/Email Address"), User_email): Text 'alonzo.mack@knowink.com' is set on object 'Object Repository/Login/Email Address'

2018-12-13 16:02:22 - [MESSAGE][PASSED] - Text 'alonzo.mack@knowink.com' is set on object 'Object Repository/Login/Email Address'

2018-12-13 16:02:22 - [TEST_STEP][PASSED] - setEncryptedText(findTestObject("Login/Password"), Pswrd): Text ****** has been set on object 'Object Repository/Login/Password'

2018-12-13 16:02:22 - [MESSAGE][PASSED] - Text ****** has been set on object 'Object Repository/Login/Password'

2018-12-13 16:02:22 - [TEST_STEP][PASSED] - click(findTestObject("Login/Sign In")): Object: 'Object Repository/Login/Sign In' is clicked on

2018-12-13 16:02:23 - [MESSAGE][PASSED] - Object: 'Object Repository/Login/Sign In' is clicked on

2018-12-13 16:02:23 - [TEST_STEP][PASSED] - delay(1): Delayed 1 second(s)

2018-12-13 16:02:24 - [MESSAGE][PASSED] - Delayed 1 second(s)

2018-12-13 16:02:24 - [TEST_STEP][PASSED] - navigateToUrl(voter_id_methods, STOP_ON_FAILURE): Navigate to 'https://am-automation-test.epulsebeta2.com/voter_id_methods' successfully

2018-12-13 16:02:25 - [MESSAGE][PASSED] - Navigate to 'https://am-automation-test.epulsebeta2.com/voter_id_methods' successfully

2018-12-13 16:02:25 - [TEST_STEP][PASSED] - click(findTestObject("Admin Console ePulse Menu/Account Settings/ID Methods/ID Methods Page/Import")): Object: 'Object Repository/Admin Console ePulse Menu/Account Settings/ID Methods/ID Methods Page/Import' is clicked on

2018-12-13 16:02:26 - [MESSAGE][PASSED] - Object: 'Object Repository/Admin Console ePulse Menu/Account Settings/ID Methods/ID Methods Page/Import' is clicked on

2018-12-13 16:02:26 - [TEST_STEP][PASSED] - setText(findTestObject("Admin Console ePulse Menu/Account Settings/Prompts/Import Prompts Buttons/Choose File"), "/Users/alonzomack/Downloads/Automation uploads/voter_id_methods.txt"): Text '/Users/alonzomack/Downloads/Automation uploads/voter_id_methods.txt' is set on object 'Object Repository/Admin Console ePulse Menu/Account Settings/Prompts/Import Prompts Buttons/Choose File'

2018-12-13 16:02:26 - [MESSAGE][PASSED] - Text '/Users/alonzomack/Downloads/Automation uploads/voter_id_methods.txt' is set on object 'Object Repository/Admin Console ePulse Menu/Account Settings/Prompts/Import Prompts Buttons/Choose File'

2018-12-13 16:02:26 - [TEST_STEP][PASSED] - click(findTestObject("Admin Console ePulse Menu/Account Settings/Prompts/Import Prompts Buttons/Continue Button")): Object: 'Object Repository/Admin Console ePulse Menu/Account Settings/Prompts/Import Prompts Buttons/Continue Button' is clicked on

2018-12-13 16:02:26 - [MESSAGE][PASSED] - Object: 'Object Repository/Admin Console ePulse Menu/Account Settings/Prompts/Import Prompts Buttons/Continue Button' is clicked on

2018-12-13 16:02:26 - [TEST_STEP][PASSED] - delay(1): Delayed 1 second(s)

2018-12-13 16:02:27 - [MESSAGE][PASSED] - Delayed 1 second(s)

2018-12-13 16:02:27 - [TEST_STEP][PASSED] - click(findTestObject("Admin Console ePulse Menu/Account Settings/Prompts/Import Prompts Buttons/button_Done(working)")): Object: 'Object Repository/Admin Console ePulse Menu/Account Settings/Prompts/Import Prompts Buttons/button_Done(working)' is clicked on

2018-12-13 16:02:31 - [MESSAGE][PASSED] - Object: 'Object Repository/Admin Console ePulse Menu/Account Settings/Prompts/Import Prompts Buttons/button_Done(working)' is clicked on]]></system-out>
         <system-err><![CDATA[]]></system-err>
      </testcase>
      <testcase name="Test Cases/Admin Console/Account Settings/ID Methods()/ID Methods - Delete" classname="Test Cases/Admin Console/Account Settings/ID Methods()/ID Methods - Delete" status="PASSED">
         <system-out><![CDATA[2018-12-13 16:02:31 - [TEST_CASE][PASSED] - Test Cases/Admin Console/Account Settings/ID Methods()/ID Methods - Delete: Test Cases/Admin Console/Account Settings/ID Methods()/ID Methods - Delete

2018-12-13 16:02:31 - [TEST_STEP][PASSED] - openBrowser(""): Browser is opened with url: ''

2018-12-13 16:02:31 - [MESSAGE][WARNING] - A browser is already opened. Closing browser and opening a new one

2018-12-13 16:02:31 - [MESSAGE][INFO] - Starting 'Chrome' driver

2018-12-13 16:02:32 - [MESSAGE][PASSED] - Browser is opened with url: ''

2018-12-13 16:02:32 - [TEST_STEP][PASSED] - navigateToUrl(URL): Navigate to 'https://epulsebeta2.com' successfully

2018-12-13 16:02:35 - [MESSAGE][PASSED] - Navigate to 'https://epulsebeta2.com' successfully

2018-12-13 16:02:35 - [TEST_STEP][PASSED] - setText(findTestObject("Login/Email Address"), User_email): Text 'alonzo.mack@knowink.com' is set on object 'Object Repository/Login/Email Address'

2018-12-13 16:02:35 - [MESSAGE][PASSED] - Text 'alonzo.mack@knowink.com' is set on object 'Object Repository/Login/Email Address'

2018-12-13 16:02:35 - [TEST_STEP][PASSED] - setEncryptedText(findTestObject("Login/Password"), Pswrd): Text ****** has been set on object 'Object Repository/Login/Password'

2018-12-13 16:02:35 - [MESSAGE][PASSED] - Text ****** has been set on object 'Object Repository/Login/Password'

2018-12-13 16:02:35 - [TEST_STEP][PASSED] - click(findTestObject("Login/Sign In")): Object: 'Object Repository/Login/Sign In' is clicked on

2018-12-13 16:02:36 - [MESSAGE][PASSED] - Object: 'Object Repository/Login/Sign In' is clicked on

2018-12-13 16:02:36 - [TEST_STEP][PASSED] - delay(1): Delayed 1 second(s)

2018-12-13 16:02:37 - [MESSAGE][PASSED] - Delayed 1 second(s)

2018-12-13 16:02:37 - [TEST_STEP][PASSED] - navigateToUrl(voter_id_methods, STOP_ON_FAILURE): Navigate to 'https://am-automation-test.epulsebeta2.com/voter_id_methods' successfully

2018-12-13 16:02:38 - [MESSAGE][PASSED] - Navigate to 'https://am-automation-test.epulsebeta2.com/voter_id_methods' successfully

2018-12-13 16:02:38 - [TEST_STEP][PASSED] - delay(1): Delayed 1 second(s)

2018-12-13 16:02:39 - [MESSAGE][PASSED] - Delayed 1 second(s)

2018-12-13 16:02:39 - [TEST_STEP][PASSED] - click(findTestObject("Admin Console ePulse Menu/Account Settings/ID Methods/ID Methods Page/Page_Epulse  am-Automation-test/Delete Selected ID Method")): Object: 'Object Repository/Admin Console ePulse Menu/Account Settings/ID Methods/ID Methods Page/Page_Epulse  am-Automation-test/Delete Selected ID Method' is clicked on

2018-12-13 16:02:39 - [MESSAGE][PASSED] - Object: 'Object Repository/Admin Console ePulse Menu/Account Settings/ID Methods/ID Methods Page/Page_Epulse  am-Automation-test/Delete Selected ID Method' is clicked on

2018-12-13 16:02:39 - [TEST_STEP][PASSED] - delay(3): Delayed 3 second(s)

2018-12-13 16:02:42 - [MESSAGE][PASSED] - Delayed 3 second(s)

2018-12-13 16:02:42 - [TEST_STEP][PASSED] - acceptAlert(): Alert accepted

2018-12-13 16:02:42 - [MESSAGE][PASSED] - Alert accepted

2018-12-13 16:02:42 - [TEST_STEP][PASSED] - closeBrowser(): Browser is closed

2018-12-13 16:02:42 - [MESSAGE][PASSED] - Browser is closed]]></system-out>
         <system-err><![CDATA[]]></system-err>
      </testcase>
      <testcase name="Test Cases/Admin Console/Account Settings/Oaths()/Oaths - Add" classname="Test Cases/Admin Console/Account Settings/Oaths()/Oaths - Add" status="PASSED">
         <system-out><![CDATA[2018-12-13 16:02:42 - [TEST_CASE][PASSED] - Test Cases/Admin Console/Account Settings/Oaths()/Oaths - Add: Test Cases/Admin Console/Account Settings/Oaths()/Oaths - Add

2018-12-13 16:02:43 - [TEST_STEP][PASSED] - openBrowser(""): Browser is opened with url: ''

2018-12-13 16:02:43 - [MESSAGE][INFO] - Starting 'Chrome' driver

2018-12-13 16:02:44 - [MESSAGE][PASSED] - Browser is opened with url: ''

2018-12-13 16:02:44 - [TEST_STEP][PASSED] - navigateToUrl(URL): Navigate to 'https://epulsebeta2.com' successfully

2018-12-13 16:02:46 - [MESSAGE][PASSED] - Navigate to 'https://epulsebeta2.com' successfully

2018-12-13 16:02:46 - [TEST_STEP][PASSED] - setText(findTestObject("Login/Email Address"), User_email): Text 'alonzo.mack@knowink.com' is set on object 'Object Repository/Login/Email Address'

2018-12-13 16:02:46 - [MESSAGE][PASSED] - Text 'alonzo.mack@knowink.com' is set on object 'Object Repository/Login/Email Address'

2018-12-13 16:02:46 - [TEST_STEP][PASSED] - setEncryptedText(findTestObject("Login/Password"), Pswrd): Text ****** has been set on object 'Object Repository/Login/Password'

2018-12-13 16:02:46 - [MESSAGE][PASSED] - Text ****** has been set on object 'Object Repository/Login/Password'

2018-12-13 16:02:46 - [TEST_STEP][PASSED] - click(findTestObject("Login/Sign In")): Object: 'Object Repository/Login/Sign In' is clicked on

2018-12-13 16:02:47 - [MESSAGE][PASSED] - Object: 'Object Repository/Login/Sign In' is clicked on

2018-12-13 16:02:47 - [TEST_STEP][PASSED] - delay(1): Delayed 1 second(s)

2018-12-13 16:02:48 - [MESSAGE][PASSED] - Delayed 1 second(s)

2018-12-13 16:02:48 - [TEST_STEP][PASSED] - navigateToUrl(Oaths, STOP_ON_FAILURE): Navigate to 'https://am-automation-test.epulsebeta2.com/account_oaths' successfully

2018-12-13 16:02:49 - [MESSAGE][PASSED] - Navigate to 'https://am-automation-test.epulsebeta2.com/account_oaths' successfully

2018-12-13 16:02:49 - [TEST_STEP][PASSED] - delay(1): Delayed 1 second(s)

2018-12-13 16:02:50 - [MESSAGE][PASSED] - Delayed 1 second(s)

2018-12-13 16:02:50 - [TEST_STEP][PASSED] - click(findTestObject("Admin Console ePulse Menu/Account Settings/Oaths/New Oath")): Object: 'Object Repository/Admin Console ePulse Menu/Account Settings/Oaths/New Oath' is clicked on

2018-12-13 16:02:50 - [MESSAGE][PASSED] - Object: 'Object Repository/Admin Console ePulse Menu/Account Settings/Oaths/New Oath' is clicked on

2018-12-13 16:02:50 - [TEST_STEP][PASSED] - setText(findTestObject("Admin Console ePulse Menu/Account Settings/Oaths/Add_Edit Oath/Oath Name"), "ID Method"): Text 'ID Method' is set on object 'Object Repository/Admin Console ePulse Menu/Account Settings/Oaths/Add_Edit Oath/Oath Name'

2018-12-13 16:02:50 - [MESSAGE][PASSED] - Text 'ID Method' is set on object 'Object Repository/Admin Console ePulse Menu/Account Settings/Oaths/Add_Edit Oath/Oath Name'

2018-12-13 16:02:50 - [TEST_STEP][PASSED] - setText(findTestObject("Admin Console ePulse Menu/Account Settings/Oaths/Add_Edit Oath/Oath Instructions"), "Oath Instructions"): Text 'Oath Instructions' is set on object 'Object Repository/Admin Console ePulse Menu/Account Settings/Oaths/Add_Edit Oath/Oath Instructions'

2018-12-13 16:02:51 - [MESSAGE][PASSED] - Text 'Oath Instructions' is set on object 'Object Repository/Admin Console ePulse Menu/Account Settings/Oaths/Add_Edit Oath/Oath Instructions'

2018-12-13 16:02:51 - [TEST_STEP][PASSED] - setText(findTestObject("Admin Console ePulse Menu/Account Settings/Oaths/Add_Edit Oath/Customized Oath Text Area"), "Customize the oath displayed to voters"): Text 'Customize the oath displayed to voters' is set on object 'Object Repository/Admin Console ePulse Menu/Account Settings/Oaths/Add_Edit Oath/Customized Oath Text Area'

2018-12-13 16:02:51 - [MESSAGE][PASSED] - Text 'Customize the oath displayed to voters' is set on object 'Object Repository/Admin Console ePulse Menu/Account Settings/Oaths/Add_Edit Oath/Customized Oath Text Area'

2018-12-13 16:02:51 - [TEST_STEP][PASSED] - click(findTestObject("Admin Console ePulse Menu/Account Settings/Oaths/Add_Edit Oath/Oath Type Dropdown")): Object: 'Object Repository/Admin Console ePulse Menu/Account Settings/Oaths/Add_Edit Oath/Oath Type Dropdown' is clicked on

2018-12-13 16:02:51 - [MESSAGE][PASSED] - Object: 'Object Repository/Admin Console ePulse Menu/Account Settings/Oaths/Add_Edit Oath/Oath Type Dropdown' is clicked on

2018-12-13 16:02:51 - [TEST_STEP][PASSED] - click(findTestObject("Admin Console ePulse Menu/Account Settings/Oaths/Add_Edit Oath/Id Method"), STOP_ON_FAILURE): Object: 'Object Repository/Admin Console ePulse Menu/Account Settings/Oaths/Add_Edit Oath/Id Method' is clicked on

2018-12-13 16:02:51 - [MESSAGE][PASSED] - Object: 'Object Repository/Admin Console ePulse Menu/Account Settings/Oaths/Add_Edit Oath/Id Method' is clicked on

2018-12-13 16:02:51 - [TEST_STEP][PASSED] - click(findTestObject("Admin Console ePulse Menu/Account Settings/Oaths/Add_Edit Oath/Submit")): Object: 'Object Repository/Admin Console ePulse Menu/Account Settings/Oaths/Add_Edit Oath/Submit' is clicked on

2018-12-13 16:02:51 - [MESSAGE][PASSED] - Object: 'Object Repository/Admin Console ePulse Menu/Account Settings/Oaths/Add_Edit Oath/Submit' is clicked on

2018-12-13 16:02:51 - [TEST_STEP][PASSED] - delay(1, STOP_ON_FAILURE): Delayed 1 second(s)

2018-12-13 16:02:52 - [MESSAGE][PASSED] - Delayed 1 second(s)

2018-12-13 16:02:52 - [TEST_STEP][PASSED] - click(findTestObject("Admin Console ePulse Menu/Account Settings/Oaths/New Oath")): Object: 'Object Repository/Admin Console ePulse Menu/Account Settings/Oaths/New Oath' is clicked on

2018-12-13 16:02:52 - [MESSAGE][PASSED] - Object: 'Object Repository/Admin Console ePulse Menu/Account Settings/Oaths/New Oath' is clicked on

2018-12-13 16:02:52 - [TEST_STEP][PASSED] - setText(findTestObject("Admin Console ePulse Menu/Account Settings/Oaths/Add_Edit Oath/Oath Name"), "Voter Check In Signing Page"): Text 'Voter Check In Signing Page' is set on object 'Object Repository/Admin Console ePulse Menu/Account Settings/Oaths/Add_Edit Oath/Oath Name'

2018-12-13 16:02:52 - [MESSAGE][PASSED] - Text 'Voter Check In Signing Page' is set on object 'Object Repository/Admin Console ePulse Menu/Account Settings/Oaths/Add_Edit Oath/Oath Name'

2018-12-13 16:02:52 - [TEST_STEP][PASSED] - setText(findTestObject("Admin Console ePulse Menu/Account Settings/Oaths/Add_Edit Oath/Oath Instructions"), "Oath Instructions"): Text 'Oath Instructions' is set on object 'Object Repository/Admin Console ePulse Menu/Account Settings/Oaths/Add_Edit Oath/Oath Instructions'

2018-12-13 16:02:52 - [MESSAGE][PASSED] - Text 'Oath Instructions' is set on object 'Object Repository/Admin Console ePulse Menu/Account Settings/Oaths/Add_Edit Oath/Oath Instructions'

2018-12-13 16:02:52 - [TEST_STEP][PASSED] - setText(findTestObject("Admin Console ePulse Menu/Account Settings/Oaths/Add_Edit Oath/Customized Oath Text Area"), "Customize the oath displayed to voters"): Text 'Customize the oath displayed to voters' is set on object 'Object Repository/Admin Console ePulse Menu/Account Settings/Oaths/Add_Edit Oath/Customized Oath Text Area'

2018-12-13 16:02:53 - [MESSAGE][PASSED] - Text 'Customize the oath displayed to voters' is set on object 'Object Repository/Admin Console ePulse Menu/Account Settings/Oaths/Add_Edit Oath/Customized Oath Text Area'

2018-12-13 16:02:53 - [TEST_STEP][PASSED] - click(findTestObject("Admin Console ePulse Menu/Account Settings/Oaths/Add_Edit Oath/Oath Type Dropdown")): Object: 'Object Repository/Admin Console ePulse Menu/Account Settings/Oaths/Add_Edit Oath/Oath Type Dropdown' is clicked on

2018-12-13 16:02:53 - [MESSAGE][PASSED] - Object: 'Object Repository/Admin Console ePulse Menu/Account Settings/Oaths/Add_Edit Oath/Oath Type Dropdown' is clicked on

2018-12-13 16:02:53 - [TEST_STEP][PASSED] - click(findTestObject("Admin Console ePulse Menu/Account Settings/Oaths/Add_Edit Oath/Voter Check In Signing Pa"), STOP_ON_FAILURE): Object: 'Object Repository/Admin Console ePulse Menu/Account Settings/Oaths/Add_Edit Oath/Voter Check In Signing Pa' is clicked on

2018-12-13 16:02:53 - [MESSAGE][PASSED] - Object: 'Object Repository/Admin Console ePulse Menu/Account Settings/Oaths/Add_Edit Oath/Voter Check In Signing Pa' is clicked on

2018-12-13 16:02:53 - [TEST_STEP][PASSED] - click(findTestObject("Admin Console ePulse Menu/Account Settings/Oaths/Add_Edit Oath/Submit")): Object: 'Object Repository/Admin Console ePulse Menu/Account Settings/Oaths/Add_Edit Oath/Submit' is clicked on

2018-12-13 16:02:53 - [MESSAGE][PASSED] - Object: 'Object Repository/Admin Console ePulse Menu/Account Settings/Oaths/Add_Edit Oath/Submit' is clicked on

2018-12-13 16:02:53 - [TEST_STEP][PASSED] - delay(1, STOP_ON_FAILURE): Delayed 1 second(s)

2018-12-13 16:02:54 - [MESSAGE][PASSED] - Delayed 1 second(s)

2018-12-13 16:02:54 - [TEST_STEP][PASSED] - click(findTestObject("Admin Console ePulse Menu/Account Settings/Oaths/New Oath")): Object: 'Object Repository/Admin Console ePulse Menu/Account Settings/Oaths/New Oath' is clicked on

2018-12-13 16:02:54 - [MESSAGE][PASSED] - Object: 'Object Repository/Admin Console ePulse Menu/Account Settings/Oaths/New Oath' is clicked on

2018-12-13 16:02:54 - [TEST_STEP][PASSED] - setText(findTestObject("Admin Console ePulse Menu/Account Settings/Oaths/Add_Edit Oath/Oath Name"), "Allow Voter to Vote"): Text 'Allow Voter to Vote' is set on object 'Object Repository/Admin Console ePulse Menu/Account Settings/Oaths/Add_Edit Oath/Oath Name'

2018-12-13 16:02:54 - [MESSAGE][PASSED] - Text 'Allow Voter to Vote' is set on object 'Object Repository/Admin Console ePulse Menu/Account Settings/Oaths/Add_Edit Oath/Oath Name'

2018-12-13 16:02:54 - [TEST_STEP][PASSED] - setText(findTestObject("Admin Console ePulse Menu/Account Settings/Oaths/Add_Edit Oath/Oath Instructions"), "Oath Instructions"): Text 'Oath Instructions' is set on object 'Object Repository/Admin Console ePulse Menu/Account Settings/Oaths/Add_Edit Oath/Oath Instructions'

2018-12-13 16:02:54 - [MESSAGE][PASSED] - Text 'Oath Instructions' is set on object 'Object Repository/Admin Console ePulse Menu/Account Settings/Oaths/Add_Edit Oath/Oath Instructions'

2018-12-13 16:02:54 - [TEST_STEP][PASSED] - setText(findTestObject("Admin Console ePulse Menu/Account Settings/Oaths/Add_Edit Oath/Customized Oath Text Area"), "Customize the oath displayed to voters"): Text 'Customize the oath displayed to voters' is set on object 'Object Repository/Admin Console ePulse Menu/Account Settings/Oaths/Add_Edit Oath/Customized Oath Text Area'

2018-12-13 16:02:54 - [MESSAGE][PASSED] - Text 'Customize the oath displayed to voters' is set on object 'Object Repository/Admin Console ePulse Menu/Account Settings/Oaths/Add_Edit Oath/Customized Oath Text Area'

2018-12-13 16:02:54 - [TEST_STEP][PASSED] - click(findTestObject("Admin Console ePulse Menu/Account Settings/Oaths/Add_Edit Oath/Oath Type Dropdown")): Object: 'Object Repository/Admin Console ePulse Menu/Account Settings/Oaths/Add_Edit Oath/Oath Type Dropdown' is clicked on

2018-12-13 16:02:54 - [MESSAGE][PASSED] - Object: 'Object Repository/Admin Console ePulse Menu/Account Settings/Oaths/Add_Edit Oath/Oath Type Dropdown' is clicked on

2018-12-13 16:02:54 - [TEST_STEP][PASSED] - click(findTestObject("Admin Console ePulse Menu/Account Settings/Oaths/Add_Edit Oath/Allow Voter To Vote"), STOP_ON_FAILURE): Object: 'Object Repository/Admin Console ePulse Menu/Account Settings/Oaths/Add_Edit Oath/Allow Voter To Vote' is clicked on

2018-12-13 16:02:54 - [MESSAGE][PASSED] - Object: 'Object Repository/Admin Console ePulse Menu/Account Settings/Oaths/Add_Edit Oath/Allow Voter To Vote' is clicked on

2018-12-13 16:02:54 - [TEST_STEP][PASSED] - click(findTestObject("Admin Console ePulse Menu/Account Settings/Oaths/Add_Edit Oath/Submit")): Object: 'Object Repository/Admin Console ePulse Menu/Account Settings/Oaths/Add_Edit Oath/Submit' is clicked on

2018-12-13 16:02:54 - [MESSAGE][PASSED] - Object: 'Object Repository/Admin Console ePulse Menu/Account Settings/Oaths/Add_Edit Oath/Submit' is clicked on

2018-12-13 16:02:54 - [TEST_STEP][PASSED] - delay(2): Delayed 2 second(s)

2018-12-13 16:02:56 - [MESSAGE][PASSED] - Delayed 2 second(s)

2018-12-13 16:02:56 - [TEST_STEP][PASSED] - click(findTestObject("Admin Console ePulse Menu/Account Settings/Oaths/New Oath")): Object: 'Object Repository/Admin Console ePulse Menu/Account Settings/Oaths/New Oath' is clicked on

2018-12-13 16:02:57 - [MESSAGE][PASSED] - Object: 'Object Repository/Admin Console ePulse Menu/Account Settings/Oaths/New Oath' is clicked on

2018-12-13 16:02:57 - [TEST_STEP][PASSED] - setText(findTestObject("Admin Console ePulse Menu/Account Settings/Oaths/Add_Edit Oath/Oath Name"), "Voter Check In Signing Page(Provisional"): Text 'Voter Check In Signing Page(Provisional' is set on object 'Object Repository/Admin Console ePulse Menu/Account Settings/Oaths/Add_Edit Oath/Oath Name'

2018-12-13 16:02:57 - [MESSAGE][PASSED] - Text 'Voter Check In Signing Page(Provisional' is set on object 'Object Repository/Admin Console ePulse Menu/Account Settings/Oaths/Add_Edit Oath/Oath Name'

2018-12-13 16:02:57 - [TEST_STEP][PASSED] - setText(findTestObject("Admin Console ePulse Menu/Account Settings/Oaths/Add_Edit Oath/Oath Instructions"), "Oath Instructions"): Text 'Oath Instructions' is set on object 'Object Repository/Admin Console ePulse Menu/Account Settings/Oaths/Add_Edit Oath/Oath Instructions'

2018-12-13 16:02:57 - [MESSAGE][PASSED] - Text 'Oath Instructions' is set on object 'Object Repository/Admin Console ePulse Menu/Account Settings/Oaths/Add_Edit Oath/Oath Instructions'

2018-12-13 16:02:57 - [TEST_STEP][PASSED] - setText(findTestObject("Admin Console ePulse Menu/Account Settings/Oaths/Add_Edit Oath/Customized Oath Text Area"), "Customize the oath displayed to voters"): Text 'Customize the oath displayed to voters' is set on object 'Object Repository/Admin Console ePulse Menu/Account Settings/Oaths/Add_Edit Oath/Customized Oath Text Area'

2018-12-13 16:02:57 - [MESSAGE][PASSED] - Text 'Customize the oath displayed to voters' is set on object 'Object Repository/Admin Console ePulse Menu/Account Settings/Oaths/Add_Edit Oath/Customized Oath Text Area'

2018-12-13 16:02:57 - [TEST_STEP][PASSED] - click(findTestObject("Admin Console ePulse Menu/Account Settings/Oaths/Add_Edit Oath/Oath Type Dropdown")): Object: 'Object Repository/Admin Console ePulse Menu/Account Settings/Oaths/Add_Edit Oath/Oath Type Dropdown' is clicked on

2018-12-13 16:02:57 - [MESSAGE][PASSED] - Object: 'Object Repository/Admin Console ePulse Menu/Account Settings/Oaths/Add_Edit Oath/Oath Type Dropdown' is clicked on

2018-12-13 16:02:57 - [TEST_STEP][PASSED] - click(findTestObject("Admin Console ePulse Menu/Account Settings/Oaths/Add_Edit Oath/Voter Check In Signing Pa"), STOP_ON_FAILURE): Object: 'Object Repository/Admin Console ePulse Menu/Account Settings/Oaths/Add_Edit Oath/Voter Check In Signing Pa' is clicked on

2018-12-13 16:02:57 - [MESSAGE][PASSED] - Object: 'Object Repository/Admin Console ePulse Menu/Account Settings/Oaths/Add_Edit Oath/Voter Check In Signing Pa' is clicked on

2018-12-13 16:02:57 - [TEST_STEP][PASSED] - click(findTestObject("Admin Console ePulse Menu/Account Settings/Oaths/Add_Edit Oath/Submit")): Object: 'Object Repository/Admin Console ePulse Menu/Account Settings/Oaths/Add_Edit Oath/Submit' is clicked on

2018-12-13 16:02:57 - [MESSAGE][PASSED] - Object: 'Object Repository/Admin Console ePulse Menu/Account Settings/Oaths/Add_Edit Oath/Submit' is clicked on

2018-12-13 16:02:57 - [TEST_STEP][PASSED] - delay(1): Delayed 1 second(s)

2018-12-13 16:02:58 - [MESSAGE][PASSED] - Delayed 1 second(s)

2018-12-13 16:02:58 - [TEST_STEP][PASSED] - click(findTestObject("Admin Console ePulse Menu/Account Settings/Oaths/New Oath")): Object: 'Object Repository/Admin Console ePulse Menu/Account Settings/Oaths/New Oath' is clicked on

2018-12-13 16:02:58 - [MESSAGE][PASSED] - Object: 'Object Repository/Admin Console ePulse Menu/Account Settings/Oaths/New Oath' is clicked on

2018-12-13 16:02:58 - [TEST_STEP][PASSED] - setText(findTestObject("Admin Console ePulse Menu/Account Settings/Oaths/Add_Edit Oath/Oath Name"), "Similar Name Affidavit"): Text 'Similar Name Affidavit' is set on object 'Object Repository/Admin Console ePulse Menu/Account Settings/Oaths/Add_Edit Oath/Oath Name'

2018-12-13 16:02:58 - [MESSAGE][PASSED] - Text 'Similar Name Affidavit' is set on object 'Object Repository/Admin Console ePulse Menu/Account Settings/Oaths/Add_Edit Oath/Oath Name'

2018-12-13 16:02:58 - [TEST_STEP][PASSED] - setText(findTestObject("Admin Console ePulse Menu/Account Settings/Oaths/Add_Edit Oath/Oath Instructions"), "Oath Instructions"): Text 'Oath Instructions' is set on object 'Object Repository/Admin Console ePulse Menu/Account Settings/Oaths/Add_Edit Oath/Oath Instructions'

2018-12-13 16:02:58 - [MESSAGE][PASSED] - Text 'Oath Instructions' is set on object 'Object Repository/Admin Console ePulse Menu/Account Settings/Oaths/Add_Edit Oath/Oath Instructions'

2018-12-13 16:02:58 - [TEST_STEP][PASSED] - setText(findTestObject("Admin Console ePulse Menu/Account Settings/Oaths/Add_Edit Oath/Customized Oath Text Area"), "Customize the oath displayed to voters"): Text 'Customize the oath displayed to voters' is set on object 'Object Repository/Admin Console ePulse Menu/Account Settings/Oaths/Add_Edit Oath/Customized Oath Text Area'

2018-12-13 16:02:59 - [MESSAGE][PASSED] - Text 'Customize the oath displayed to voters' is set on object 'Object Repository/Admin Console ePulse Menu/Account Settings/Oaths/Add_Edit Oath/Customized Oath Text Area'

2018-12-13 16:02:59 - [TEST_STEP][PASSED] - click(findTestObject("Admin Console ePulse Menu/Account Settings/Oaths/Add_Edit Oath/Oath Type Dropdown")): Object: 'Object Repository/Admin Console ePulse Menu/Account Settings/Oaths/Add_Edit Oath/Oath Type Dropdown' is clicked on

2018-12-13 16:02:59 - [MESSAGE][PASSED] - Object: 'Object Repository/Admin Console ePulse Menu/Account Settings/Oaths/Add_Edit Oath/Oath Type Dropdown' is clicked on

2018-12-13 16:02:59 - [TEST_STEP][PASSED] - click(findTestObject("Admin Console ePulse Menu/Account Settings/Oaths/Add_Edit Oath/Similar Name Affidavit"), STOP_ON_FAILURE): Object: 'Object Repository/Admin Console ePulse Menu/Account Settings/Oaths/Add_Edit Oath/Similar Name Affidavit' is clicked on

2018-12-13 16:02:59 - [MESSAGE][PASSED] - Object: 'Object Repository/Admin Console ePulse Menu/Account Settings/Oaths/Add_Edit Oath/Similar Name Affidavit' is clicked on

2018-12-13 16:02:59 - [TEST_STEP][PASSED] - click(findTestObject("Admin Console ePulse Menu/Account Settings/Oaths/Add_Edit Oath/Submit")): Object: 'Object Repository/Admin Console ePulse Menu/Account Settings/Oaths/Add_Edit Oath/Submit' is clicked on

2018-12-13 16:02:59 - [MESSAGE][PASSED] - Object: 'Object Repository/Admin Console ePulse Menu/Account Settings/Oaths/Add_Edit Oath/Submit' is clicked on

2018-12-13 16:02:59 - [TEST_STEP][PASSED] - delay(1): Delayed 1 second(s)

2018-12-13 16:03:00 - [MESSAGE][PASSED] - Delayed 1 second(s)

2018-12-13 16:03:00 - [TEST_STEP][PASSED] - click(findTestObject("Admin Console ePulse Menu/Account Settings/Oaths/New Oath")): Object: 'Object Repository/Admin Console ePulse Menu/Account Settings/Oaths/New Oath' is clicked on

2018-12-13 16:03:00 - [MESSAGE][PASSED] - Object: 'Object Repository/Admin Console ePulse Menu/Account Settings/Oaths/New Oath' is clicked on

2018-12-13 16:03:00 - [TEST_STEP][PASSED] - setText(findTestObject("Admin Console ePulse Menu/Account Settings/Oaths/Add_Edit Oath/Oath Name"), "Reasonable Impediment Declaration"): Text 'Reasonable Impediment Declaration' is set on object 'Object Repository/Admin Console ePulse Menu/Account Settings/Oaths/Add_Edit Oath/Oath Name'

2018-12-13 16:03:00 - [MESSAGE][PASSED] - Text 'Reasonable Impediment Declaration' is set on object 'Object Repository/Admin Console ePulse Menu/Account Settings/Oaths/Add_Edit Oath/Oath Name'

2018-12-13 16:03:00 - [TEST_STEP][PASSED] - setText(findTestObject("Admin Console ePulse Menu/Account Settings/Oaths/Add_Edit Oath/Oath Instructions"), "Oath Instructions"): Text 'Oath Instructions' is set on object 'Object Repository/Admin Console ePulse Menu/Account Settings/Oaths/Add_Edit Oath/Oath Instructions'

2018-12-13 16:03:00 - [MESSAGE][PASSED] - Text 'Oath Instructions' is set on object 'Object Repository/Admin Console ePulse Menu/Account Settings/Oaths/Add_Edit Oath/Oath Instructions'

2018-12-13 16:03:00 - [TEST_STEP][PASSED] - setText(findTestObject("Admin Console ePulse Menu/Account Settings/Oaths/Add_Edit Oath/Customized Oath Text Area"), "Customize the oath displayed to voters"): Text 'Customize the oath displayed to voters' is set on object 'Object Repository/Admin Console ePulse Menu/Account Settings/Oaths/Add_Edit Oath/Customized Oath Text Area'

2018-12-13 16:03:00 - [MESSAGE][PASSED] - Text 'Customize the oath displayed to voters' is set on object 'Object Repository/Admin Console ePulse Menu/Account Settings/Oaths/Add_Edit Oath/Customized Oath Text Area'

2018-12-13 16:03:00 - [TEST_STEP][PASSED] - click(findTestObject("Admin Console ePulse Menu/Account Settings/Oaths/Add_Edit Oath/Oath Type Dropdown")): Object: 'Object Repository/Admin Console ePulse Menu/Account Settings/Oaths/Add_Edit Oath/Oath Type Dropdown' is clicked on

2018-12-13 16:03:00 - [MESSAGE][PASSED] - Object: 'Object Repository/Admin Console ePulse Menu/Account Settings/Oaths/Add_Edit Oath/Oath Type Dropdown' is clicked on

2018-12-13 16:03:00 - [TEST_STEP][PASSED] - click(findTestObject("Admin Console ePulse Menu/Account Settings/Oaths/Add_Edit Oath/Reasonable Impediment Decla"), STOP_ON_FAILURE): Object: 'Object Repository/Admin Console ePulse Menu/Account Settings/Oaths/Add_Edit Oath/Reasonable Impediment Decla' is clicked on

2018-12-13 16:03:00 - [MESSAGE][PASSED] - Object: 'Object Repository/Admin Console ePulse Menu/Account Settings/Oaths/Add_Edit Oath/Reasonable Impediment Decla' is clicked on

2018-12-13 16:03:00 - [TEST_STEP][PASSED] - click(findTestObject("Admin Console ePulse Menu/Account Settings/Oaths/Add_Edit Oath/Submit")): Object: 'Object Repository/Admin Console ePulse Menu/Account Settings/Oaths/Add_Edit Oath/Submit' is clicked on

2018-12-13 16:03:00 - [MESSAGE][PASSED] - Object: 'Object Repository/Admin Console ePulse Menu/Account Settings/Oaths/Add_Edit Oath/Submit' is clicked on]]></system-out>
         <system-err><![CDATA[]]></system-err>
      </testcase>
      <testcase name="Test Cases/Admin Console/Account Settings/Oaths()/Oaths - Filter - Type" classname="Test Cases/Admin Console/Account Settings/Oaths()/Oaths - Filter - Type" status="PASSED">
         <system-out><![CDATA[2018-12-13 16:03:00 - [TEST_CASE][PASSED] - Test Cases/Admin Console/Account Settings/Oaths()/Oaths - Filter - Type: Test Cases/Admin Console/Account Settings/Oaths()/Oaths - Filter - Type

2018-12-13 16:03:01 - [TEST_STEP][PASSED] - openBrowser(""): Browser is opened with url: ''

2018-12-13 16:03:01 - [MESSAGE][WARNING] - A browser is already opened. Closing browser and opening a new one

2018-12-13 16:03:01 - [MESSAGE][INFO] - Starting 'Chrome' driver

2018-12-13 16:03:02 - [MESSAGE][PASSED] - Browser is opened with url: ''

2018-12-13 16:03:02 - [TEST_STEP][PASSED] - navigateToUrl(URL): Navigate to 'https://epulsebeta2.com' successfully

2018-12-13 16:03:04 - [MESSAGE][PASSED] - Navigate to 'https://epulsebeta2.com' successfully

2018-12-13 16:03:04 - [TEST_STEP][PASSED] - setText(findTestObject("Login/Email Address"), User_email): Text 'alonzo.mack@knowink.com' is set on object 'Object Repository/Login/Email Address'

2018-12-13 16:03:04 - [MESSAGE][PASSED] - Text 'alonzo.mack@knowink.com' is set on object 'Object Repository/Login/Email Address'

2018-12-13 16:03:04 - [TEST_STEP][PASSED] - setEncryptedText(findTestObject("Login/Password"), Pswrd): Text ****** has been set on object 'Object Repository/Login/Password'

2018-12-13 16:03:04 - [MESSAGE][PASSED] - Text ****** has been set on object 'Object Repository/Login/Password'

2018-12-13 16:03:04 - [TEST_STEP][PASSED] - click(findTestObject("Login/Sign In")): Object: 'Object Repository/Login/Sign In' is clicked on

2018-12-13 16:03:05 - [MESSAGE][PASSED] - Object: 'Object Repository/Login/Sign In' is clicked on

2018-12-13 16:03:05 - [TEST_STEP][PASSED] - delay(1): Delayed 1 second(s)

2018-12-13 16:03:06 - [MESSAGE][PASSED] - Delayed 1 second(s)

2018-12-13 16:03:06 - [TEST_STEP][PASSED] - navigateToUrl(Oaths, STOP_ON_FAILURE): Navigate to 'https://am-automation-test.epulsebeta2.com/account_oaths' successfully

2018-12-13 16:03:11 - [MESSAGE][PASSED] - Navigate to 'https://am-automation-test.epulsebeta2.com/account_oaths' successfully

2018-12-13 16:03:11 - [TEST_STEP][PASSED] - delay(1): Delayed 1 second(s)

2018-12-13 16:03:12 - [MESSAGE][PASSED] - Delayed 1 second(s)

2018-12-13 16:03:12 - [TEST_STEP][PASSED] - click(findTestObject("Admin Console ePulse Menu/Account Settings/Oaths/TEMP/TEMP Type Filter/Filter Oath Types/Filter Type Dropdown")): Object: 'Object Repository/Admin Console ePulse Menu/Account Settings/Oaths/TEMP/TEMP Type Filter/Filter Oath Types/Filter Type Dropdown' is clicked on

2018-12-13 16:03:12 - [MESSAGE][PASSED] - Object: 'Object Repository/Admin Console ePulse Menu/Account Settings/Oaths/TEMP/TEMP Type Filter/Filter Oath Types/Filter Type Dropdown' is clicked on

2018-12-13 16:03:12 - [TEST_STEP][PASSED] - delay(1): Delayed 1 second(s)

2018-12-13 16:03:13 - [MESSAGE][PASSED] - Delayed 1 second(s)

2018-12-13 16:03:13 - [TEST_STEP][PASSED] - click(findTestObject("Admin Console ePulse Menu/Account Settings/Oaths/TEMP/TEMP Type Filter/Filter Oath Types/Apply Type Filters")): Object: 'Object Repository/Admin Console ePulse Menu/Account Settings/Oaths/TEMP/TEMP Type Filter/Filter Oath Types/Apply Type Filters' is clicked on

2018-12-13 16:03:13 - [MESSAGE][PASSED] - Object: 'Object Repository/Admin Console ePulse Menu/Account Settings/Oaths/TEMP/TEMP Type Filter/Filter Oath Types/Apply Type Filters' is clicked on

2018-12-13 16:03:13 - [TEST_STEP][PASSED] - delay(1): Delayed 1 second(s)

2018-12-13 16:03:14 - [MESSAGE][PASSED] - Delayed 1 second(s)

2018-12-13 16:03:14 - [TEST_STEP][PASSED] - click(findTestObject("Admin Console ePulse Menu/Account Settings/Oaths/TEMP/TEMP Type Filter/Filter Oath Types/Remove Filter Type ALL")): Object: 'Object Repository/Admin Console ePulse Menu/Account Settings/Oaths/TEMP/TEMP Type Filter/Filter Oath Types/Remove Filter Type ALL' is clicked on

2018-12-13 16:03:15 - [MESSAGE][PASSED] - Object: 'Object Repository/Admin Console ePulse Menu/Account Settings/Oaths/TEMP/TEMP Type Filter/Filter Oath Types/Remove Filter Type ALL' is clicked on

2018-12-13 16:03:15 - [TEST_STEP][PASSED] - delay(1): Delayed 1 second(s)

2018-12-13 16:03:16 - [MESSAGE][PASSED] - Delayed 1 second(s)

2018-12-13 16:03:16 - [TEST_STEP][PASSED] - click(findTestObject("Admin Console ePulse Menu/Account Settings/Oaths/TEMP/TEMP Type Filter/Filter Oath Types/Filter Type Dropdown")): Object: 'Object Repository/Admin Console ePulse Menu/Account Settings/Oaths/TEMP/TEMP Type Filter/Filter Oath Types/Filter Type Dropdown' is clicked on

2018-12-13 16:03:16 - [MESSAGE][PASSED] - Object: 'Object Repository/Admin Console ePulse Menu/Account Settings/Oaths/TEMP/TEMP Type Filter/Filter Oath Types/Filter Type Dropdown' is clicked on

2018-12-13 16:03:16 - [TEST_STEP][PASSED] - delay(1): Delayed 1 second(s)

2018-12-13 16:03:17 - [MESSAGE][PASSED] - Delayed 1 second(s)

2018-12-13 16:03:17 - [TEST_STEP][PASSED] - click(findTestObject("Admin Console ePulse Menu/Account Settings/Oaths/TEMP/TEMP Type Filter/Filter Oath Types/Filter Dropdown Options")): Object: 'Object Repository/Admin Console ePulse Menu/Account Settings/Oaths/TEMP/TEMP Type Filter/Filter Oath Types/Filter Dropdown Options' is clicked on

2018-12-13 16:03:17 - [MESSAGE][PASSED] - Object: 'Object Repository/Admin Console ePulse Menu/Account Settings/Oaths/TEMP/TEMP Type Filter/Filter Oath Types/Filter Dropdown Options' is clicked on

2018-12-13 16:03:17 - [TEST_STEP][PASSED] - delay(1): Delayed 1 second(s)

2018-12-13 16:03:18 - [MESSAGE][PASSED] - Delayed 1 second(s)

2018-12-13 16:03:18 - [TEST_STEP][PASSED] - click(findTestObject("Admin Console ePulse Menu/Account Settings/Oaths/TEMP/TEMP Type Filter/Filter Oath Types/Select Id Method")): Object: 'Object Repository/Admin Console ePulse Menu/Account Settings/Oaths/TEMP/TEMP Type Filter/Filter Oath Types/Select Id Method' is clicked on

2018-12-13 16:03:18 - [MESSAGE][PASSED] - Object: 'Object Repository/Admin Console ePulse Menu/Account Settings/Oaths/TEMP/TEMP Type Filter/Filter Oath Types/Select Id Method' is clicked on

2018-12-13 16:03:18 - [TEST_STEP][PASSED] - delay(1): Delayed 1 second(s)

2018-12-13 16:03:19 - [MESSAGE][PASSED] - Delayed 1 second(s)

2018-12-13 16:03:19 - [TEST_STEP][PASSED] - click(findTestObject("Admin Console ePulse Menu/Account Settings/Oaths/TEMP/TEMP Type Filter/Filter Oath Types/Apply Type Filters")): Object: 'Object Repository/Admin Console ePulse Menu/Account Settings/Oaths/TEMP/TEMP Type Filter/Filter Oath Types/Apply Type Filters' is clicked on

2018-12-13 16:03:19 - [MESSAGE][PASSED] - Object: 'Object Repository/Admin Console ePulse Menu/Account Settings/Oaths/TEMP/TEMP Type Filter/Filter Oath Types/Apply Type Filters' is clicked on

2018-12-13 16:03:19 - [TEST_STEP][PASSED] - delay(1): Delayed 1 second(s)

2018-12-13 16:03:20 - [MESSAGE][PASSED] - Delayed 1 second(s)

2018-12-13 16:03:21 - [TEST_STEP][PASSED] - click(findTestObject("Admin Console ePulse Menu/Account Settings/Oaths/TEMP/TEMP Type Filter/Filter Oath Types/Type Dropdown")): Object: 'Object Repository/Admin Console ePulse Menu/Account Settings/Oaths/TEMP/TEMP Type Filter/Filter Oath Types/Type Dropdown' is clicked on

2018-12-13 16:03:21 - [MESSAGE][PASSED] - Object: 'Object Repository/Admin Console ePulse Menu/Account Settings/Oaths/TEMP/TEMP Type Filter/Filter Oath Types/Type Dropdown' is clicked on

2018-12-13 16:03:21 - [TEST_STEP][PASSED] - delay(1): Delayed 1 second(s)

2018-12-13 16:03:22 - [MESSAGE][PASSED] - Delayed 1 second(s)

2018-12-13 16:03:22 - [TEST_STEP][PASSED] - click(findTestObject("Admin Console ePulse Menu/Account Settings/Oaths/TEMP/TEMP Type Filter/Filter Oath Types/Filter Type Dropdown")): Object: 'Object Repository/Admin Console ePulse Menu/Account Settings/Oaths/TEMP/TEMP Type Filter/Filter Oath Types/Filter Type Dropdown' is clicked on

2018-12-13 16:03:22 - [MESSAGE][PASSED] - Object: 'Object Repository/Admin Console ePulse Menu/Account Settings/Oaths/TEMP/TEMP Type Filter/Filter Oath Types/Filter Type Dropdown' is clicked on

2018-12-13 16:03:22 - [TEST_STEP][PASSED] - delay(1): Delayed 1 second(s)

2018-12-13 16:03:23 - [MESSAGE][PASSED] - Delayed 1 second(s)

2018-12-13 16:03:23 - [TEST_STEP][PASSED] - click(findTestObject("Admin Console ePulse Menu/Account Settings/Oaths/TEMP/TEMP Type Filter/Filter Oath Types/a_Id Method")): Object: 'Object Repository/Admin Console ePulse Menu/Account Settings/Oaths/TEMP/TEMP Type Filter/Filter Oath Types/a_Id Method' is clicked on

2018-12-13 16:03:23 - [MESSAGE][PASSED] - Object: 'Object Repository/Admin Console ePulse Menu/Account Settings/Oaths/TEMP/TEMP Type Filter/Filter Oath Types/a_Id Method' is clicked on

2018-12-13 16:03:23 - [TEST_STEP][PASSED] - delay(1): Delayed 1 second(s)

2018-12-13 16:03:24 - [MESSAGE][PASSED] - Delayed 1 second(s)

2018-12-13 16:03:24 - [TEST_STEP][PASSED] - click(findTestObject("Admin Console ePulse Menu/Account Settings/Oaths/TEMP/TEMP Type Filter/Filter Oath Types/li_Allow Voter To Vote")): Object: 'Object Repository/Admin Console ePulse Menu/Account Settings/Oaths/TEMP/TEMP Type Filter/Filter Oath Types/li_Allow Voter To Vote' is clicked on

2018-12-13 16:03:24 - [MESSAGE][PASSED] - Object: 'Object Repository/Admin Console ePulse Menu/Account Settings/Oaths/TEMP/TEMP Type Filter/Filter Oath Types/li_Allow Voter To Vote' is clicked on

2018-12-13 16:03:24 - [TEST_STEP][PASSED] - delay(1): Delayed 1 second(s)

2018-12-13 16:03:25 - [MESSAGE][PASSED] - Delayed 1 second(s)

2018-12-13 16:03:25 - [TEST_STEP][PASSED] - click(findTestObject("Admin Console ePulse Menu/Account Settings/Oaths/TEMP/TEMP Type Filter/Filter Oath Types/Apply Type Filters")): Object: 'Object Repository/Admin Console ePulse Menu/Account Settings/Oaths/TEMP/TEMP Type Filter/Filter Oath Types/Apply Type Filters' is clicked on

2018-12-13 16:03:25 - [MESSAGE][PASSED] - Object: 'Object Repository/Admin Console ePulse Menu/Account Settings/Oaths/TEMP/TEMP Type Filter/Filter Oath Types/Apply Type Filters' is clicked on

2018-12-13 16:03:25 - [TEST_STEP][PASSED] - delay(1): Delayed 1 second(s)

2018-12-13 16:03:26 - [MESSAGE][PASSED] - Delayed 1 second(s)

2018-12-13 16:03:26 - [TEST_STEP][PASSED] - click(findTestObject("Admin Console ePulse Menu/Account Settings/Oaths/TEMP/TEMP Type Filter/Filter Oath Types/span_Type Allow Voter To Vote_")): Object: 'Object Repository/Admin Console ePulse Menu/Account Settings/Oaths/TEMP/TEMP Type Filter/Filter Oath Types/span_Type Allow Voter To Vote_' is clicked on

2018-12-13 16:03:26 - [MESSAGE][PASSED] - Object: 'Object Repository/Admin Console ePulse Menu/Account Settings/Oaths/TEMP/TEMP Type Filter/Filter Oath Types/span_Type Allow Voter To Vote_' is clicked on

2018-12-13 16:03:26 - [TEST_STEP][PASSED] - delay(1): Delayed 1 second(s)

2018-12-13 16:03:27 - [MESSAGE][PASSED] - Delayed 1 second(s)

2018-12-13 16:03:27 - [TEST_STEP][PASSED] - click(findTestObject("Admin Console ePulse Menu/Account Settings/Oaths/TEMP/TEMP Type Filter/Filter Oath Types/Filter Type Dropdown")): Object: 'Object Repository/Admin Console ePulse Menu/Account Settings/Oaths/TEMP/TEMP Type Filter/Filter Oath Types/Filter Type Dropdown' is clicked on

2018-12-13 16:03:27 - [MESSAGE][PASSED] - Object: 'Object Repository/Admin Console ePulse Menu/Account Settings/Oaths/TEMP/TEMP Type Filter/Filter Oath Types/Filter Type Dropdown' is clicked on

2018-12-13 16:03:27 - [TEST_STEP][PASSED] - delay(1): Delayed 1 second(s)

2018-12-13 16:03:28 - [MESSAGE][PASSED] - Delayed 1 second(s)

2018-12-13 16:03:28 - [TEST_STEP][PASSED] - click(findTestObject("Admin Console ePulse Menu/Account Settings/Oaths/TEMP/TEMP Type Filter/Filter Oath Types/a_Allow Voter To Vote")): Object: 'Object Repository/Admin Console ePulse Menu/Account Settings/Oaths/TEMP/TEMP Type Filter/Filter Oath Types/a_Allow Voter To Vote' is clicked on

2018-12-13 16:03:28 - [MESSAGE][PASSED] - Object: 'Object Repository/Admin Console ePulse Menu/Account Settings/Oaths/TEMP/TEMP Type Filter/Filter Oath Types/a_Allow Voter To Vote' is clicked on

2018-12-13 16:03:28 - [TEST_STEP][PASSED] - delay(1): Delayed 1 second(s)

2018-12-13 16:03:29 - [MESSAGE][PASSED] - Delayed 1 second(s)

2018-12-13 16:03:29 - [TEST_STEP][PASSED] - click(findTestObject("Admin Console ePulse Menu/Account Settings/Oaths/TEMP/TEMP Type Filter/Filter Oath Types/li_Similar Name Affidavit")): Object: 'Object Repository/Admin Console ePulse Menu/Account Settings/Oaths/TEMP/TEMP Type Filter/Filter Oath Types/li_Similar Name Affidavit' is clicked on

2018-12-13 16:03:29 - [MESSAGE][PASSED] - Object: 'Object Repository/Admin Console ePulse Menu/Account Settings/Oaths/TEMP/TEMP Type Filter/Filter Oath Types/li_Similar Name Affidavit' is clicked on

2018-12-13 16:03:29 - [TEST_STEP][PASSED] - delay(1): Delayed 1 second(s)

2018-12-13 16:03:30 - [MESSAGE][PASSED] - Delayed 1 second(s)

2018-12-13 16:03:30 - [TEST_STEP][PASSED] - click(findTestObject("Admin Console ePulse Menu/Account Settings/Oaths/TEMP/TEMP Type Filter/Filter Oath Types/Apply Type Filters")): Object: 'Object Repository/Admin Console ePulse Menu/Account Settings/Oaths/TEMP/TEMP Type Filter/Filter Oath Types/Apply Type Filters' is clicked on

2018-12-13 16:03:30 - [MESSAGE][PASSED] - Object: 'Object Repository/Admin Console ePulse Menu/Account Settings/Oaths/TEMP/TEMP Type Filter/Filter Oath Types/Apply Type Filters' is clicked on

2018-12-13 16:03:30 - [TEST_STEP][PASSED] - delay(1): Delayed 1 second(s)

2018-12-13 16:03:31 - [MESSAGE][PASSED] - Delayed 1 second(s)

2018-12-13 16:03:31 - [TEST_STEP][PASSED] - click(findTestObject("Admin Console ePulse Menu/Account Settings/Oaths/TEMP/TEMP Type Filter/Filter Oath Types/Remove Filter Similar Name Affidav")): Object: 'Object Repository/Admin Console ePulse Menu/Account Settings/Oaths/TEMP/TEMP Type Filter/Filter Oath Types/Remove Filter Similar Name Affidav' is clicked on

2018-12-13 16:03:31 - [MESSAGE][PASSED] - Object: 'Object Repository/Admin Console ePulse Menu/Account Settings/Oaths/TEMP/TEMP Type Filter/Filter Oath Types/Remove Filter Similar Name Affidav' is clicked on

2018-12-13 16:03:31 - [TEST_STEP][PASSED] - delay(1): Delayed 1 second(s)

2018-12-13 16:03:32 - [MESSAGE][PASSED] - Delayed 1 second(s)

2018-12-13 16:03:32 - [TEST_STEP][PASSED] - click(findTestObject("Admin Console ePulse Menu/Account Settings/Oaths/TEMP/TEMP Type Filter/Filter Oath Types/Filter Type Dropdown")): Object: 'Object Repository/Admin Console ePulse Menu/Account Settings/Oaths/TEMP/TEMP Type Filter/Filter Oath Types/Filter Type Dropdown' is clicked on

2018-12-13 16:03:32 - [MESSAGE][PASSED] - Object: 'Object Repository/Admin Console ePulse Menu/Account Settings/Oaths/TEMP/TEMP Type Filter/Filter Oath Types/Filter Type Dropdown' is clicked on

2018-12-13 16:03:32 - [TEST_STEP][PASSED] - delay(1): Delayed 1 second(s)

2018-12-13 16:03:33 - [MESSAGE][PASSED] - Delayed 1 second(s)

2018-12-13 16:03:33 - [TEST_STEP][PASSED] - click(findTestObject("Admin Console ePulse Menu/Account Settings/Oaths/TEMP/TEMP Type Filter/Filter Oath Types/a_Similar Name Affidavit")): Object: 'Object Repository/Admin Console ePulse Menu/Account Settings/Oaths/TEMP/TEMP Type Filter/Filter Oath Types/a_Similar Name Affidavit' is clicked on

2018-12-13 16:03:33 - [MESSAGE][PASSED] - Object: 'Object Repository/Admin Console ePulse Menu/Account Settings/Oaths/TEMP/TEMP Type Filter/Filter Oath Types/a_Similar Name Affidavit' is clicked on

2018-12-13 16:03:33 - [TEST_STEP][PASSED] - delay(1): Delayed 1 second(s)

2018-12-13 16:03:34 - [MESSAGE][PASSED] - Delayed 1 second(s)

2018-12-13 16:03:34 - [TEST_STEP][PASSED] - click(findTestObject("Admin Console ePulse Menu/Account Settings/Oaths/TEMP/TEMP Type Filter/Filter Oath Types/li_Reasonable Impediment Decla")): Object: 'Object Repository/Admin Console ePulse Menu/Account Settings/Oaths/TEMP/TEMP Type Filter/Filter Oath Types/li_Reasonable Impediment Decla' is clicked on

2018-12-13 16:03:34 - [MESSAGE][PASSED] - Object: 'Object Repository/Admin Console ePulse Menu/Account Settings/Oaths/TEMP/TEMP Type Filter/Filter Oath Types/li_Reasonable Impediment Decla' is clicked on

2018-12-13 16:03:34 - [TEST_STEP][PASSED] - delay(1): Delayed 1 second(s)

2018-12-13 16:03:35 - [MESSAGE][PASSED] - Delayed 1 second(s)

2018-12-13 16:03:35 - [TEST_STEP][PASSED] - click(findTestObject("Admin Console ePulse Menu/Account Settings/Oaths/TEMP/TEMP Type Filter/Filter Oath Types/Apply Type Filters")): Object: 'Object Repository/Admin Console ePulse Menu/Account Settings/Oaths/TEMP/TEMP Type Filter/Filter Oath Types/Apply Type Filters' is clicked on

2018-12-13 16:03:35 - [MESSAGE][PASSED] - Object: 'Object Repository/Admin Console ePulse Menu/Account Settings/Oaths/TEMP/TEMP Type Filter/Filter Oath Types/Apply Type Filters' is clicked on

2018-12-13 16:03:35 - [TEST_STEP][PASSED] - delay(1): Delayed 1 second(s)

2018-12-13 16:03:36 - [MESSAGE][PASSED] - Delayed 1 second(s)

2018-12-13 16:03:36 - [TEST_STEP][PASSED] - click(findTestObject("Admin Console ePulse Menu/Account Settings/Oaths/TEMP/TEMP Type Filter/Filter Oath Types/Remove Filter Reasonable Impediment")): Object: 'Object Repository/Admin Console ePulse Menu/Account Settings/Oaths/TEMP/TEMP Type Filter/Filter Oath Types/Remove Filter Reasonable Impediment' is clicked on

2018-12-13 16:03:36 - [MESSAGE][PASSED] - Object: 'Object Repository/Admin Console ePulse Menu/Account Settings/Oaths/TEMP/TEMP Type Filter/Filter Oath Types/Remove Filter Reasonable Impediment' is clicked on

2018-12-13 16:03:36 - [TEST_STEP][PASSED] - delay(1): Delayed 1 second(s)

2018-12-13 16:03:37 - [MESSAGE][PASSED] - Delayed 1 second(s)]]></system-out>
         <system-err><![CDATA[]]></system-err>
      </testcase>
      <testcase name="Test Cases/Admin Console/Account Settings/Oaths()/Oaths - Filter - Status" classname="Test Cases/Admin Console/Account Settings/Oaths()/Oaths - Filter - Status" status="PASSED">
         <system-out><![CDATA[2018-12-13 16:03:37 - [TEST_CASE][PASSED] - Test Cases/Admin Console/Account Settings/Oaths()/Oaths - Filter - Status: Test Cases/Admin Console/Account Settings/Oaths()/Oaths - Filter - Status

2018-12-13 16:03:38 - [TEST_STEP][PASSED] - openBrowser(""): Browser is opened with url: ''

2018-12-13 16:03:38 - [MESSAGE][WARNING] - A browser is already opened. Closing browser and opening a new one

2018-12-13 16:03:38 - [MESSAGE][INFO] - Starting 'Chrome' driver

2018-12-13 16:03:39 - [MESSAGE][PASSED] - Browser is opened with url: ''

2018-12-13 16:03:39 - [TEST_STEP][PASSED] - navigateToUrl(URL): Navigate to 'https://epulsebeta2.com' successfully

2018-12-13 16:03:43 - [MESSAGE][PASSED] - Navigate to 'https://epulsebeta2.com' successfully

2018-12-13 16:03:43 - [TEST_STEP][PASSED] - setText(findTestObject("Login/Email Address"), User_email): Text 'alonzo.mack@knowink.com' is set on object 'Object Repository/Login/Email Address'

2018-12-13 16:03:43 - [MESSAGE][PASSED] - Text 'alonzo.mack@knowink.com' is set on object 'Object Repository/Login/Email Address'

2018-12-13 16:03:43 - [TEST_STEP][PASSED] - setEncryptedText(findTestObject("Login/Password"), Pswrd): Text ****** has been set on object 'Object Repository/Login/Password'

2018-12-13 16:03:43 - [MESSAGE][PASSED] - Text ****** has been set on object 'Object Repository/Login/Password'

2018-12-13 16:03:43 - [TEST_STEP][PASSED] - click(findTestObject("Login/Sign In")): Object: 'Object Repository/Login/Sign In' is clicked on

2018-12-13 16:03:44 - [MESSAGE][PASSED] - Object: 'Object Repository/Login/Sign In' is clicked on

2018-12-13 16:03:44 - [TEST_STEP][PASSED] - delay(1): Delayed 1 second(s)

2018-12-13 16:03:45 - [MESSAGE][PASSED] - Delayed 1 second(s)

2018-12-13 16:03:45 - [TEST_STEP][PASSED] - navigateToUrl(Oaths, STOP_ON_FAILURE): Navigate to 'https://am-automation-test.epulsebeta2.com/account_oaths' successfully

2018-12-13 16:03:47 - [MESSAGE][PASSED] - Navigate to 'https://am-automation-test.epulsebeta2.com/account_oaths' successfully

2018-12-13 16:03:47 - [TEST_STEP][PASSED] - delay(1): Delayed 1 second(s)

2018-12-13 16:03:48 - [MESSAGE][PASSED] - Delayed 1 second(s)

2018-12-13 16:03:48 - [TEST_STEP][PASSED] - click(findTestObject("Admin Console ePulse Menu/Account Settings/Oaths/TEMP/Page_Epulse  am-Automation-test/Status Filter")): Object: 'Object Repository/Admin Console ePulse Menu/Account Settings/Oaths/TEMP/Page_Epulse  am-Automation-test/Status Filter' is clicked on

2018-12-13 16:03:48 - [MESSAGE][PASSED] - Object: 'Object Repository/Admin Console ePulse Menu/Account Settings/Oaths/TEMP/Page_Epulse  am-Automation-test/Status Filter' is clicked on

2018-12-13 16:03:48 - [TEST_STEP][PASSED] - delay(1): Delayed 1 second(s)

2018-12-13 16:03:49 - [MESSAGE][PASSED] - Delayed 1 second(s)

2018-12-13 16:03:49 - [TEST_STEP][PASSED] - click(findTestObject("Admin Console ePulse Menu/Account Settings/Oaths/TEMP/Page_Epulse  am-Automation-test/Apply Status Filters")): Object: 'Object Repository/Admin Console ePulse Menu/Account Settings/Oaths/TEMP/Page_Epulse  am-Automation-test/Apply Status Filters' is clicked on

2018-12-13 16:03:49 - [MESSAGE][PASSED] - Object: 'Object Repository/Admin Console ePulse Menu/Account Settings/Oaths/TEMP/Page_Epulse  am-Automation-test/Apply Status Filters' is clicked on

2018-12-13 16:03:49 - [TEST_STEP][PASSED] - delay(1): Delayed 1 second(s)

2018-12-13 16:03:50 - [MESSAGE][PASSED] - Delayed 1 second(s)

2018-12-13 16:03:50 - [TEST_STEP][PASSED] - click(findTestObject("Admin Console ePulse Menu/Account Settings/Oaths/TEMP/Page_Epulse  am-Automation-test/Close Current Status Filter")): Object: 'Object Repository/Admin Console ePulse Menu/Account Settings/Oaths/TEMP/Page_Epulse  am-Automation-test/Close Current Status Filter' is clicked on

2018-12-13 16:03:50 - [MESSAGE][PASSED] - Object: 'Object Repository/Admin Console ePulse Menu/Account Settings/Oaths/TEMP/Page_Epulse  am-Automation-test/Close Current Status Filter' is clicked on

2018-12-13 16:03:50 - [TEST_STEP][PASSED] - click(findTestObject("Admin Console ePulse Menu/Account Settings/Oaths/TEMP/Page_Epulse  am-Automation-test/Status Filter")): Object: 'Object Repository/Admin Console ePulse Menu/Account Settings/Oaths/TEMP/Page_Epulse  am-Automation-test/Status Filter' is clicked on

2018-12-13 16:03:50 - [MESSAGE][PASSED] - Object: 'Object Repository/Admin Console ePulse Menu/Account Settings/Oaths/TEMP/Page_Epulse  am-Automation-test/Status Filter' is clicked on

2018-12-13 16:03:50 - [TEST_STEP][PASSED] - selectOptionByValue(findTestObject("Admin Console ePulse Menu/Account Settings/Oaths/TEMP/Page_Epulse  am-Automation-test/Status Filter Dropdown"), "archived", true): All options with value 'archived' are selected in object 'Object Repository/Admin Console ePulse Menu/Account Settings/Oaths/TEMP/Page_Epulse  am-Automation-test/Status Filter Dropdown'  using regular expression

2018-12-13 16:03:50 - [MESSAGE][PASSED] - All options with value 'archived' are selected in object 'Object Repository/Admin Console ePulse Menu/Account Settings/Oaths/TEMP/Page_Epulse  am-Automation-test/Status Filter Dropdown'  using regular expression

2018-12-13 16:03:50 - [TEST_STEP][PASSED] - click(findTestObject("Admin Console ePulse Menu/Account Settings/Oaths/TEMP/Page_Epulse  am-Automation-test/Apply Status Filters")): Object: 'Object Repository/Admin Console ePulse Menu/Account Settings/Oaths/TEMP/Page_Epulse  am-Automation-test/Apply Status Filters' is clicked on

2018-12-13 16:03:50 - [MESSAGE][PASSED] - Object: 'Object Repository/Admin Console ePulse Menu/Account Settings/Oaths/TEMP/Page_Epulse  am-Automation-test/Apply Status Filters' is clicked on

2018-12-13 16:03:50 - [TEST_STEP][PASSED] - delay(1): Delayed 1 second(s)

2018-12-13 16:03:51 - [MESSAGE][PASSED] - Delayed 1 second(s)

2018-12-13 16:03:51 - [TEST_STEP][PASSED] - click(findTestObject("Admin Console ePulse Menu/Account Settings/Oaths/TEMP/Page_Epulse  am-Automation-test/Close Archived Status Filter")): Object: 'Object Repository/Admin Console ePulse Menu/Account Settings/Oaths/TEMP/Page_Epulse  am-Automation-test/Close Archived Status Filter' is clicked on

2018-12-13 16:03:52 - [MESSAGE][PASSED] - Object: 'Object Repository/Admin Console ePulse Menu/Account Settings/Oaths/TEMP/Page_Epulse  am-Automation-test/Close Archived Status Filter' is clicked on

2018-12-13 16:03:52 - [TEST_STEP][PASSED] - click(findTestObject("Admin Console ePulse Menu/Account Settings/Oaths/TEMP/Page_Epulse  am-Automation-test/Status Filter")): Object: 'Object Repository/Admin Console ePulse Menu/Account Settings/Oaths/TEMP/Page_Epulse  am-Automation-test/Status Filter' is clicked on

2018-12-13 16:03:52 - [MESSAGE][PASSED] - Object: 'Object Repository/Admin Console ePulse Menu/Account Settings/Oaths/TEMP/Page_Epulse  am-Automation-test/Status Filter' is clicked on

2018-12-13 16:03:52 - [TEST_STEP][PASSED] - selectOptionByValue(findTestObject("Admin Console ePulse Menu/Account Settings/Oaths/TEMP/Page_Epulse  am-Automation-test/Status Filter Dropdown"), "both", true): All options with value 'both' are selected in object 'Object Repository/Admin Console ePulse Menu/Account Settings/Oaths/TEMP/Page_Epulse  am-Automation-test/Status Filter Dropdown'  using regular expression

2018-12-13 16:03:52 - [MESSAGE][PASSED] - All options with value 'both' are selected in object 'Object Repository/Admin Console ePulse Menu/Account Settings/Oaths/TEMP/Page_Epulse  am-Automation-test/Status Filter Dropdown'  using regular expression

2018-12-13 16:03:52 - [TEST_STEP][PASSED] - click(findTestObject("Admin Console ePulse Menu/Account Settings/Oaths/TEMP/Page_Epulse  am-Automation-test/Apply Status Filters")): Object: 'Object Repository/Admin Console ePulse Menu/Account Settings/Oaths/TEMP/Page_Epulse  am-Automation-test/Apply Status Filters' is clicked on

2018-12-13 16:03:52 - [MESSAGE][PASSED] - Object: 'Object Repository/Admin Console ePulse Menu/Account Settings/Oaths/TEMP/Page_Epulse  am-Automation-test/Apply Status Filters' is clicked on

2018-12-13 16:03:52 - [TEST_STEP][PASSED] - delay(1): Delayed 1 second(s)

2018-12-13 16:03:53 - [MESSAGE][PASSED] - Delayed 1 second(s)

2018-12-13 16:03:53 - [TEST_STEP][PASSED] - click(findTestObject("Admin Console ePulse Menu/Account Settings/Oaths/TEMP/Page_Epulse  am-Automation-test/Close Both Status Filter")): Object: 'Object Repository/Admin Console ePulse Menu/Account Settings/Oaths/TEMP/Page_Epulse  am-Automation-test/Close Both Status Filter' is clicked on

2018-12-13 16:03:53 - [MESSAGE][PASSED] - Object: 'Object Repository/Admin Console ePulse Menu/Account Settings/Oaths/TEMP/Page_Epulse  am-Automation-test/Close Both Status Filter' is clicked on

2018-12-13 16:03:53 - [TEST_STEP][PASSED] - closeBrowser(): Browser is closed

2018-12-13 16:03:53 - [MESSAGE][PASSED] - Browser is closed]]></system-out>
         <system-err><![CDATA[]]></system-err>
      </testcase>
      <testcase name="Test Cases/Admin Console/Account Settings/Oaths()/Oaths - Delete" classname="Test Cases/Admin Console/Account Settings/Oaths()/Oaths - Delete" status="PASSED">
         <system-out><![CDATA[2018-12-13 16:03:53 - [TEST_CASE][PASSED] - Test Cases/Admin Console/Account Settings/Oaths()/Oaths - Delete: Test Cases/Admin Console/Account Settings/Oaths()/Oaths - Delete

2018-12-13 16:03:53 - [TEST_STEP][PASSED] - openBrowser(""): Browser is opened with url: ''

2018-12-13 16:03:53 - [MESSAGE][INFO] - Starting 'Chrome' driver

2018-12-13 16:03:54 - [MESSAGE][PASSED] - Browser is opened with url: ''

2018-12-13 16:03:54 - [TEST_STEP][PASSED] - navigateToUrl(URL): Navigate to 'https://epulsebeta2.com' successfully

2018-12-13 16:04:00 - [MESSAGE][PASSED] - Navigate to 'https://epulsebeta2.com' successfully

2018-12-13 16:04:00 - [TEST_STEP][PASSED] - setText(findTestObject("Login/Email Address"), User_email): Text 'alonzo.mack@knowink.com' is set on object 'Object Repository/Login/Email Address'

2018-12-13 16:04:00 - [MESSAGE][PASSED] - Text 'alonzo.mack@knowink.com' is set on object 'Object Repository/Login/Email Address'

2018-12-13 16:04:00 - [TEST_STEP][PASSED] - setEncryptedText(findTestObject("Login/Password"), Pswrd): Text ****** has been set on object 'Object Repository/Login/Password'

2018-12-13 16:04:00 - [MESSAGE][PASSED] - Text ****** has been set on object 'Object Repository/Login/Password'

2018-12-13 16:04:00 - [TEST_STEP][PASSED] - click(findTestObject("Login/Sign In")): Object: 'Object Repository/Login/Sign In' is clicked on

2018-12-13 16:04:01 - [MESSAGE][PASSED] - Object: 'Object Repository/Login/Sign In' is clicked on

2018-12-13 16:04:01 - [TEST_STEP][PASSED] - delay(1): Delayed 1 second(s)

2018-12-13 16:04:02 - [MESSAGE][PASSED] - Delayed 1 second(s)

2018-12-13 16:04:02 - [TEST_STEP][PASSED] - navigateToUrl(Oaths, STOP_ON_FAILURE): Navigate to 'https://am-automation-test.epulsebeta2.com/account_oaths' successfully

2018-12-13 16:04:05 - [MESSAGE][PASSED] - Navigate to 'https://am-automation-test.epulsebeta2.com/account_oaths' successfully

2018-12-13 16:04:05 - [TEST_STEP][PASSED] - delay(1): Delayed 1 second(s)

2018-12-13 16:04:06 - [MESSAGE][PASSED] - Delayed 1 second(s)

2018-12-13 16:04:06 - [TEST_STEP][PASSED] - click(findTestObject("Admin Console ePulse Menu/Account Settings/Oaths/Delete Displayed Oath")): Object: 'Object Repository/Admin Console ePulse Menu/Account Settings/Oaths/Delete Displayed Oath' is clicked on

2018-12-13 16:04:06 - [MESSAGE][PASSED] - Object: 'Object Repository/Admin Console ePulse Menu/Account Settings/Oaths/Delete Displayed Oath' is clicked on

2018-12-13 16:04:06 - [TEST_STEP][PASSED] - delay(1): Delayed 1 second(s)

2018-12-13 16:04:07 - [MESSAGE][PASSED] - Delayed 1 second(s)

2018-12-13 16:04:07 - [TEST_STEP][PASSED] - acceptAlert(STOP_ON_FAILURE): Alert accepted

2018-12-13 16:04:07 - [MESSAGE][PASSED] - Alert accepted

2018-12-13 16:04:07 - [TEST_STEP][PASSED] - delay(1): Delayed 1 second(s)

2018-12-13 16:04:08 - [MESSAGE][PASSED] - Delayed 1 second(s)

2018-12-13 16:04:08 - [TEST_STEP][PASSED] - click(findTestObject("Admin Console ePulse Menu/Account Settings/Oaths/Delete Displayed Oath")): Object: 'Object Repository/Admin Console ePulse Menu/Account Settings/Oaths/Delete Displayed Oath' is clicked on

2018-12-13 16:04:08 - [MESSAGE][PASSED] - Object: 'Object Repository/Admin Console ePulse Menu/Account Settings/Oaths/Delete Displayed Oath' is clicked on

2018-12-13 16:04:08 - [TEST_STEP][PASSED] - delay(1): Delayed 1 second(s)

2018-12-13 16:04:09 - [MESSAGE][PASSED] - Delayed 1 second(s)

2018-12-13 16:04:09 - [TEST_STEP][PASSED] - acceptAlert(STOP_ON_FAILURE): Alert accepted

2018-12-13 16:04:09 - [MESSAGE][PASSED] - Alert accepted

2018-12-13 16:04:09 - [TEST_STEP][PASSED] - delay(1): Delayed 1 second(s)

2018-12-13 16:04:10 - [MESSAGE][PASSED] - Delayed 1 second(s)

2018-12-13 16:04:10 - [TEST_STEP][PASSED] - click(findTestObject("Admin Console ePulse Menu/Account Settings/Oaths/Delete Displayed Oath")): Object: 'Object Repository/Admin Console ePulse Menu/Account Settings/Oaths/Delete Displayed Oath' is clicked on

2018-12-13 16:04:10 - [MESSAGE][PASSED] - Object: 'Object Repository/Admin Console ePulse Menu/Account Settings/Oaths/Delete Displayed Oath' is clicked on

2018-12-13 16:04:10 - [TEST_STEP][PASSED] - delay(1): Delayed 1 second(s)

2018-12-13 16:04:11 - [MESSAGE][PASSED] - Delayed 1 second(s)

2018-12-13 16:04:11 - [TEST_STEP][PASSED] - acceptAlert(STOP_ON_FAILURE): Alert accepted

2018-12-13 16:04:11 - [MESSAGE][PASSED] - Alert accepted

2018-12-13 16:04:11 - [TEST_STEP][PASSED] - delay(1): Delayed 1 second(s)

2018-12-13 16:04:12 - [MESSAGE][PASSED] - Delayed 1 second(s)

2018-12-13 16:04:12 - [TEST_STEP][PASSED] - click(findTestObject("Admin Console ePulse Menu/Account Settings/Oaths/Delete Displayed Oath")): Object: 'Object Repository/Admin Console ePulse Menu/Account Settings/Oaths/Delete Displayed Oath' is clicked on

2018-12-13 16:04:12 - [MESSAGE][PASSED] - Object: 'Object Repository/Admin Console ePulse Menu/Account Settings/Oaths/Delete Displayed Oath' is clicked on

2018-12-13 16:04:12 - [TEST_STEP][PASSED] - delay(1): Delayed 1 second(s)

2018-12-13 16:04:13 - [MESSAGE][PASSED] - Delayed 1 second(s)

2018-12-13 16:04:13 - [TEST_STEP][PASSED] - acceptAlert(STOP_ON_FAILURE): Alert accepted

2018-12-13 16:04:13 - [MESSAGE][PASSED] - Alert accepted

2018-12-13 16:04:13 - [TEST_STEP][PASSED] - delay(1): Delayed 1 second(s)

2018-12-13 16:04:14 - [MESSAGE][PASSED] - Delayed 1 second(s)

2018-12-13 16:04:14 - [TEST_STEP][PASSED] - click(findTestObject("Admin Console ePulse Menu/Account Settings/Oaths/Delete Displayed Oath")): Object: 'Object Repository/Admin Console ePulse Menu/Account Settings/Oaths/Delete Displayed Oath' is clicked on

2018-12-13 16:04:14 - [MESSAGE][PASSED] - Object: 'Object Repository/Admin Console ePulse Menu/Account Settings/Oaths/Delete Displayed Oath' is clicked on

2018-12-13 16:04:14 - [TEST_STEP][PASSED] - delay(1): Delayed 1 second(s)

2018-12-13 16:04:15 - [MESSAGE][PASSED] - Delayed 1 second(s)

2018-12-13 16:04:15 - [TEST_STEP][PASSED] - acceptAlert(STOP_ON_FAILURE): Alert accepted

2018-12-13 16:04:15 - [MESSAGE][PASSED] - Alert accepted

2018-12-13 16:04:15 - [TEST_STEP][PASSED] - delay(1): Delayed 1 second(s)

2018-12-13 16:04:16 - [MESSAGE][PASSED] - Delayed 1 second(s)

2018-12-13 16:04:16 - [TEST_STEP][PASSED] - click(findTestObject("Admin Console ePulse Menu/Account Settings/Oaths/Delete Displayed Oath")): Object: 'Object Repository/Admin Console ePulse Menu/Account Settings/Oaths/Delete Displayed Oath' is clicked on

2018-12-13 16:04:16 - [MESSAGE][PASSED] - Object: 'Object Repository/Admin Console ePulse Menu/Account Settings/Oaths/Delete Displayed Oath' is clicked on

2018-12-13 16:04:16 - [TEST_STEP][PASSED] - delay(1): Delayed 1 second(s)

2018-12-13 16:04:17 - [MESSAGE][PASSED] - Delayed 1 second(s)

2018-12-13 16:04:17 - [TEST_STEP][PASSED] - acceptAlert(STOP_ON_FAILURE): Alert accepted

2018-12-13 16:04:17 - [MESSAGE][PASSED] - Alert accepted

2018-12-13 16:04:17 - [TEST_STEP][PASSED] - delay(1): Delayed 1 second(s)

2018-12-13 16:04:18 - [MESSAGE][PASSED] - Delayed 1 second(s)

2018-12-13 16:04:18 - [TEST_STEP][PASSED] - closeBrowser(): Browser is closed

2018-12-13 16:04:18 - [MESSAGE][PASSED] - Browser is closed]]></system-out>
         <system-err><![CDATA[]]></system-err>
      </testcase>
      <testcase name="Test Cases/Admin Console/Account Settings/Oaths()/Oaths - Import" classname="Test Cases/Admin Console/Account Settings/Oaths()/Oaths - Import" status="FAILED">
         <failure type="FAILED" message="Test Cases/Admin Console/Account Settings/Oaths()/Oaths - Import FAILED.
Reason:
com.kms.katalon.core.exception.StepFailedException: Unable to set text '/Users/alonzomack/Downloads/oaths.csv' of object 'Object Repository/Common ePulse Objects/Choose File' (Root cause: com.kms.katalon.core.webui.exception.WebElementNotFoundException: Web element with id: 'Object Repository/Common ePulse Objects/Choose File' located by 'By.xpath: //input[@id=&quot;upload_file_input&quot;]' not found)
	at com.kms.katalon.core.keyword.internal.KeywordMain.stepFailed(KeywordMain.groovy:36)
	at com.kms.katalon.core.webui.keyword.internal.WebUIKeywordMain.stepFailed(WebUIKeywordMain.groovy:65)
	at com.kms.katalon.core.webui.keyword.internal.WebUIKeywordMain.runKeyword(WebUIKeywordMain.groovy:27)
	at com.kms.katalon.core.webui.keyword.builtin.SetTextKeyword.setText(SetTextKeyword.groovy:65)
	at com.kms.katalon.core.webui.keyword.builtin.SetTextKeyword.execute(SetTextKeyword.groovy:37)
	at com.kms.katalon.core.keyword.internal.KeywordExecutor.executeKeywordForPlatform(KeywordExecutor.groovy:53)
	at com.kms.katalon.core.webui.keyword.WebUiBuiltInKeywords.setText(WebUiBuiltInKeywords.groovy:950)
	at com.kms.katalon.core.webui.keyword.WebUiBuiltInKeywords$setText$1.call(Unknown Source)
	at Oaths - Import.run(Oaths - Import:45)
	at com.kms.katalon.core.main.ScriptEngine.run(ScriptEngine.java:194)
	at com.kms.katalon.core.main.ScriptEngine.runScriptAsRawText(ScriptEngine.java:119)
	at com.kms.katalon.core.main.TestCaseExecutor.runScript(TestCaseExecutor.java:321)
	at com.kms.katalon.core.main.TestCaseExecutor.doExecute(TestCaseExecutor.java:312)
	at com.kms.katalon.core.main.TestCaseExecutor.processExecutionPhase(TestCaseExecutor.java:291)
	at com.kms.katalon.core.main.TestCaseExecutor.accessMainPhase(TestCaseExecutor.java:283)
	at com.kms.katalon.core.main.TestCaseExecutor.execute(TestCaseExecutor.java:222)
	at com.kms.katalon.core.main.TestSuiteExecutor.accessTestCaseMainPhase(TestSuiteExecutor.java:129)
	at com.kms.katalon.core.main.TestSuiteExecutor.accessTestSuiteMainPhase(TestSuiteExecutor.java:112)
	at com.kms.katalon.core.main.TestSuiteExecutor.execute(TestSuiteExecutor.java:81)
	at com.kms.katalon.core.main.TestCaseMain.startTestSuite(TestCaseMain.java:149)
	at com.kms.katalon.core.main.TestCaseMain$startTestSuite$0.call(Unknown Source)
	at TempTestSuite1544738114009.run(TempTestSuite1544738114009.groovy:36)
"/>
         <system-out><![CDATA[2018-12-13 16:04:18 - [TEST_CASE][FAILED] - Test Cases/Admin Console/Account Settings/Oaths()/Oaths - Import: Test Cases/Admin Console/Account Settings/Oaths()/Oaths - Import FAILED.
Reason:
com.kms.katalon.core.exception.StepFailedException: Unable to set text '/Users/alonzomack/Downloads/oaths.csv' of object 'Object Repository/Common ePulse Objects/Choose File' (Root cause: com.kms.katalon.core.webui.exception.WebElementNotFoundException: Web element with id: 'Object Repository/Common ePulse Objects/Choose File' located by 'By.xpath: //input[@id="upload_file_input"]' not found)
	at com.kms.katalon.core.keyword.internal.KeywordMain.stepFailed(KeywordMain.groovy:36)
	at com.kms.katalon.core.webui.keyword.internal.WebUIKeywordMain.stepFailed(WebUIKeywordMain.groovy:65)
	at com.kms.katalon.core.webui.keyword.internal.WebUIKeywordMain.runKeyword(WebUIKeywordMain.groovy:27)
	at com.kms.katalon.core.webui.keyword.builtin.SetTextKeyword.setText(SetTextKeyword.groovy:65)
	at com.kms.katalon.core.webui.keyword.builtin.SetTextKeyword.execute(SetTextKeyword.groovy:37)
	at com.kms.katalon.core.keyword.internal.KeywordExecutor.executeKeywordForPlatform(KeywordExecutor.groovy:53)
	at com.kms.katalon.core.webui.keyword.WebUiBuiltInKeywords.setText(WebUiBuiltInKeywords.groovy:950)
	at com.kms.katalon.core.webui.keyword.WebUiBuiltInKeywords$setText$1.call(Unknown Source)
	at Oaths - Import.run(Oaths - Import:45)
	at com.kms.katalon.core.main.ScriptEngine.run(ScriptEngine.java:194)
	at com.kms.katalon.core.main.ScriptEngine.runScriptAsRawText(ScriptEngine.java:119)
	at com.kms.katalon.core.main.TestCaseExecutor.runScript(TestCaseExecutor.java:321)
	at com.kms.katalon.core.main.TestCaseExecutor.doExecute(TestCaseExecutor.java:312)
	at com.kms.katalon.core.main.TestCaseExecutor.processExecutionPhase(TestCaseExecutor.java:291)
	at com.kms.katalon.core.main.TestCaseExecutor.accessMainPhase(TestCaseExecutor.java:283)
	at com.kms.katalon.core.main.TestCaseExecutor.execute(TestCaseExecutor.java:222)
	at com.kms.katalon.core.main.TestSuiteExecutor.accessTestCaseMainPhase(TestSuiteExecutor.java:129)
	at com.kms.katalon.core.main.TestSuiteExecutor.accessTestSuiteMainPhase(TestSuiteExecutor.java:112)
	at com.kms.katalon.core.main.TestSuiteExecutor.execute(TestSuiteExecutor.java:81)
	at com.kms.katalon.core.main.TestCaseMain.startTestSuite(TestCaseMain.java:149)
	at com.kms.katalon.core.main.TestCaseMain$startTestSuite$0.call(Unknown Source)
	at TempTestSuite1544738114009.run(TempTestSuite1544738114009.groovy:36)


2018-12-13 16:04:18 - [TEST_STEP][PASSED] - openBrowser(""): Browser is opened with url: ''

2018-12-13 16:04:18 - [MESSAGE][INFO] - Starting 'Chrome' driver

2018-12-13 16:04:20 - [MESSAGE][PASSED] - Browser is opened with url: ''

2018-12-13 16:04:20 - [TEST_STEP][PASSED] - navigateToUrl(URL): Navigate to 'https://epulsebeta2.com' successfully

2018-12-13 16:04:25 - [MESSAGE][PASSED] - Navigate to 'https://epulsebeta2.com' successfully

2018-12-13 16:04:25 - [TEST_STEP][PASSED] - setText(findTestObject("Login/Email Address"), User_email): Text 'alonzo.mack@knowink.com' is set on object 'Object Repository/Login/Email Address'

2018-12-13 16:04:25 - [MESSAGE][PASSED] - Text 'alonzo.mack@knowink.com' is set on object 'Object Repository/Login/Email Address'

2018-12-13 16:04:25 - [TEST_STEP][PASSED] - setEncryptedText(findTestObject("Login/Password"), Pswrd): Text ****** has been set on object 'Object Repository/Login/Password'

2018-12-13 16:04:25 - [MESSAGE][PASSED] - Text ****** has been set on object 'Object Repository/Login/Password'

2018-12-13 16:04:25 - [TEST_STEP][PASSED] - click(findTestObject("Login/Sign In")): Object: 'Object Repository/Login/Sign In' is clicked on

2018-12-13 16:04:26 - [MESSAGE][PASSED] - Object: 'Object Repository/Login/Sign In' is clicked on

2018-12-13 16:04:26 - [TEST_STEP][PASSED] - delay(1): Delayed 1 second(s)

2018-12-13 16:04:27 - [MESSAGE][PASSED] - Delayed 1 second(s)

2018-12-13 16:04:27 - [TEST_STEP][PASSED] - navigateToUrl(Oaths, STOP_ON_FAILURE): Navigate to 'https://am-automation-test.epulsebeta2.com/account_oaths' successfully

2018-12-13 16:04:29 - [MESSAGE][PASSED] - Navigate to 'https://am-automation-test.epulsebeta2.com/account_oaths' successfully

2018-12-13 16:04:29 - [TEST_STEP][PASSED] - delay(1): Delayed 1 second(s)

2018-12-13 16:04:30 - [MESSAGE][PASSED] - Delayed 1 second(s)

2018-12-13 16:04:30 - [TEST_STEP][FAILED] - setText(findTestObject("Common ePulse Objects/Choose File"), "/Users/alonzomack/Downloads/oaths.csv"): setText(findTestObject("Common ePulse Objects/Choose File"), "/Users/alonzomack/Downloads/oaths.csv") FAILED.
Reason:
com.kms.katalon.core.exception.StepFailedException: Unable to set text '/Users/alonzomack/Downloads/oaths.csv' of object 'Object Repository/Common ePulse Objects/Choose File' (Root cause: com.kms.katalon.core.webui.exception.WebElementNotFoundException: Web element with id: 'Object Repository/Common ePulse Objects/Choose File' located by 'By.xpath: //input[@id="upload_file_input"]' not found)
	at com.kms.katalon.core.keyword.internal.KeywordMain.stepFailed(KeywordMain.groovy:36)
	at com.kms.katalon.core.webui.keyword.internal.WebUIKeywordMain.stepFailed(WebUIKeywordMain.groovy:65)
	at com.kms.katalon.core.webui.keyword.internal.WebUIKeywordMain.runKeyword(WebUIKeywordMain.groovy:27)
	at com.kms.katalon.core.webui.keyword.builtin.SetTextKeyword.setText(SetTextKeyword.groovy:65)
	at com.kms.katalon.core.webui.keyword.builtin.SetTextKeyword.execute(SetTextKeyword.groovy:37)
	at com.kms.katalon.core.keyword.internal.KeywordExecutor.executeKeywordForPlatform(KeywordExecutor.groovy:53)
	at com.kms.katalon.core.webui.keyword.WebUiBuiltInKeywords.setText(WebUiBuiltInKeywords.groovy:950)
	at com.kms.katalon.core.webui.keyword.WebUiBuiltInKeywords$setText$1.call(Unknown Source)
	at Oaths - Import.run(Oaths - Import:45)
	at com.kms.katalon.core.main.ScriptEngine.run(ScriptEngine.java:194)
	at com.kms.katalon.core.main.ScriptEngine.runScriptAsRawText(ScriptEngine.java:119)
	at com.kms.katalon.core.main.TestCaseExecutor.runScript(TestCaseExecutor.java:321)
	at com.kms.katalon.core.main.TestCaseExecutor.doExecute(TestCaseExecutor.java:312)
	at com.kms.katalon.core.main.TestCaseExecutor.processExecutionPhase(TestCaseExecutor.java:291)
	at com.kms.katalon.core.main.TestCaseExecutor.accessMainPhase(TestCaseExecutor.java:283)
	at com.kms.katalon.core.main.TestCaseExecutor.execute(TestCaseExecutor.java:222)
	at com.kms.katalon.core.main.TestSuiteExecutor.accessTestCaseMainPhase(TestSuiteExecutor.java:129)
	at com.kms.katalon.core.main.TestSuiteExecutor.accessTestSuiteMainPhase(TestSuiteExecutor.java:112)
	at com.kms.katalon.core.main.TestSuiteExecutor.execute(TestSuiteExecutor.java:81)
	at com.kms.katalon.core.main.TestCaseMain.startTestSuite(TestCaseMain.java:149)
	at com.kms.katalon.core.main.TestCaseMain$startTestSuite$0.call(Unknown Source)
	at TempTestSuite1544738114009.run(TempTestSuite1544738114009.groovy:36)


2018-12-13 16:04:45 - [MESSAGE][INFO] - Unable to find the element located by 'By.xpath: //input[@id="upload_file_input"]'. Please recheck the objects properties to make sure the desired element is located. 

2018-12-13 16:04:45 - [MESSAGE][FAILED] - Unable to set text '/Users/alonzomack/Downloads/oaths.csv' of object 'Object Repository/Common ePulse Objects/Choose File' (Root cause: com.kms.katalon.core.webui.exception.WebElementNotFoundException: Web element with id: 'Object Repository/Common ePulse Objects/Choose File' located by 'By.xpath: //input[@id="upload_file_input"]' not found)
[[ATTACHMENT|/Users/alonzomack/Katalon Studio/Regression/Reports/dev_staging ready/20181213_155510/1544738685639.png]]

2018-12-13 16:04:45 - [MESSAGE][FAILED] - setText(findTestObject("Common ePulse Objects/Choose File"), "/Users/alonzomack/Downloads/oaths.csv") FAILED.
Reason:
com.kms.katalon.core.exception.StepFailedException: Unable to set text '/Users/alonzomack/Downloads/oaths.csv' of object 'Object Repository/Common ePulse Objects/Choose File' (Root cause: com.kms.katalon.core.webui.exception.WebElementNotFoundException: Web element with id: 'Object Repository/Common ePulse Objects/Choose File' located by 'By.xpath: //input[@id="upload_file_input"]' not found)
	at com.kms.katalon.core.keyword.internal.KeywordMain.stepFailed(KeywordMain.groovy:36)
	at com.kms.katalon.core.webui.keyword.internal.WebUIKeywordMain.stepFailed(WebUIKeywordMain.groovy:65)
	at com.kms.katalon.core.webui.keyword.internal.WebUIKeywordMain.runKeyword(WebUIKeywordMain.groovy:27)
	at com.kms.katalon.core.webui.keyword.builtin.SetTextKeyword.setText(SetTextKeyword.groovy:65)
	at com.kms.katalon.core.webui.keyword.builtin.SetTextKeyword.execute(SetTextKeyword.groovy:37)
	at com.kms.katalon.core.keyword.internal.KeywordExecutor.executeKeywordForPlatform(KeywordExecutor.groovy:53)
	at com.kms.katalon.core.webui.keyword.WebUiBuiltInKeywords.setText(WebUiBuiltInKeywords.groovy:950)
	at com.kms.katalon.core.webui.keyword.WebUiBuiltInKeywords$setText$1.call(Unknown Source)
	at Oaths - Import.run(Oaths - Import:45)
	at com.kms.katalon.core.main.ScriptEngine.run(ScriptEngine.java:194)
	at com.kms.katalon.core.main.ScriptEngine.runScriptAsRawText(ScriptEngine.java:119)
	at com.kms.katalon.core.main.TestCaseExecutor.runScript(TestCaseExecutor.java:321)
	at com.kms.katalon.core.main.TestCaseExecutor.doExecute(TestCaseExecutor.java:312)
	at com.kms.katalon.core.main.TestCaseExecutor.processExecutionPhase(TestCaseExecutor.java:291)
	at com.kms.katalon.core.main.TestCaseExecutor.accessMainPhase(TestCaseExecutor.java:283)
	at com.kms.katalon.core.main.TestCaseExecutor.execute(TestCaseExecutor.java:222)
	at com.kms.katalon.core.main.TestSuiteExecutor.accessTestCaseMainPhase(TestSuiteExecutor.java:129)
	at com.kms.katalon.core.main.TestSuiteExecutor.accessTestSuiteMainPhase(TestSuiteExecutor.java:112)
	at com.kms.katalon.core.main.TestSuiteExecutor.execute(TestSuiteExecutor.java:81)
	at com.kms.katalon.core.main.TestCaseMain.startTestSuite(TestCaseMain.java:149)
	at com.kms.katalon.core.main.TestCaseMain$startTestSuite$0.call(Unknown Source)
	at TempTestSuite1544738114009.run(TempTestSuite1544738114009.groovy:36)]]></system-out>
         <system-err><![CDATA[2018-12-13 16:04:18 - [TEST_CASE][FAILED] - Test Cases/Admin Console/Account Settings/Oaths()/Oaths - Import: Test Cases/Admin Console/Account Settings/Oaths()/Oaths - Import FAILED.
Reason:
com.kms.katalon.core.exception.StepFailedException: Unable to set text '/Users/alonzomack/Downloads/oaths.csv' of object 'Object Repository/Common ePulse Objects/Choose File' (Root cause: com.kms.katalon.core.webui.exception.WebElementNotFoundException: Web element with id: 'Object Repository/Common ePulse Objects/Choose File' located by 'By.xpath: //input[@id="upload_file_input"]' not found)
	at com.kms.katalon.core.keyword.internal.KeywordMain.stepFailed(KeywordMain.groovy:36)
	at com.kms.katalon.core.webui.keyword.internal.WebUIKeywordMain.stepFailed(WebUIKeywordMain.groovy:65)
	at com.kms.katalon.core.webui.keyword.internal.WebUIKeywordMain.runKeyword(WebUIKeywordMain.groovy:27)
	at com.kms.katalon.core.webui.keyword.builtin.SetTextKeyword.setText(SetTextKeyword.groovy:65)
	at com.kms.katalon.core.webui.keyword.builtin.SetTextKeyword.execute(SetTextKeyword.groovy:37)
	at com.kms.katalon.core.keyword.internal.KeywordExecutor.executeKeywordForPlatform(KeywordExecutor.groovy:53)
	at com.kms.katalon.core.webui.keyword.WebUiBuiltInKeywords.setText(WebUiBuiltInKeywords.groovy:950)
	at com.kms.katalon.core.webui.keyword.WebUiBuiltInKeywords$setText$1.call(Unknown Source)
	at Oaths - Import.run(Oaths - Import:45)
	at com.kms.katalon.core.main.ScriptEngine.run(ScriptEngine.java:194)
	at com.kms.katalon.core.main.ScriptEngine.runScriptAsRawText(ScriptEngine.java:119)
	at com.kms.katalon.core.main.TestCaseExecutor.runScript(TestCaseExecutor.java:321)
	at com.kms.katalon.core.main.TestCaseExecutor.doExecute(TestCaseExecutor.java:312)
	at com.kms.katalon.core.main.TestCaseExecutor.processExecutionPhase(TestCaseExecutor.java:291)
	at com.kms.katalon.core.main.TestCaseExecutor.accessMainPhase(TestCaseExecutor.java:283)
	at com.kms.katalon.core.main.TestCaseExecutor.execute(TestCaseExecutor.java:222)
	at com.kms.katalon.core.main.TestSuiteExecutor.accessTestCaseMainPhase(TestSuiteExecutor.java:129)
	at com.kms.katalon.core.main.TestSuiteExecutor.accessTestSuiteMainPhase(TestSuiteExecutor.java:112)
	at com.kms.katalon.core.main.TestSuiteExecutor.execute(TestSuiteExecutor.java:81)
	at com.kms.katalon.core.main.TestCaseMain.startTestSuite(TestCaseMain.java:149)
	at com.kms.katalon.core.main.TestCaseMain$startTestSuite$0.call(Unknown Source)
	at TempTestSuite1544738114009.run(TempTestSuite1544738114009.groovy:36)]]></system-err>
      </testcase>
      <testcase name="Test Cases/Admin Console/Account Settings/Oaths()/Oaths - Export" classname="Test Cases/Admin Console/Account Settings/Oaths()/Oaths - Export" status="PASSED">
         <system-out><![CDATA[2018-12-13 16:04:45 - [TEST_CASE][PASSED] - Test Cases/Admin Console/Account Settings/Oaths()/Oaths - Export: Test Cases/Admin Console/Account Settings/Oaths()/Oaths - Export

2018-12-13 16:04:45 - [TEST_STEP][PASSED] - openBrowser(""): Browser is opened with url: ''

2018-12-13 16:04:45 - [MESSAGE][WARNING] - A browser is already opened. Closing browser and opening a new one

2018-12-13 16:04:46 - [MESSAGE][INFO] - Starting 'Chrome' driver

2018-12-13 16:04:47 - [MESSAGE][PASSED] - Browser is opened with url: ''

2018-12-13 16:04:47 - [TEST_STEP][PASSED] - navigateToUrl(URL): Navigate to 'https://epulsebeta2.com' successfully

2018-12-13 16:04:52 - [MESSAGE][PASSED] - Navigate to 'https://epulsebeta2.com' successfully

2018-12-13 16:04:52 - [TEST_STEP][PASSED] - setText(findTestObject("Login/Email Address"), User_email): Text 'alonzo.mack@knowink.com' is set on object 'Object Repository/Login/Email Address'

2018-12-13 16:04:53 - [MESSAGE][PASSED] - Text 'alonzo.mack@knowink.com' is set on object 'Object Repository/Login/Email Address'

2018-12-13 16:04:53 - [TEST_STEP][PASSED] - setEncryptedText(findTestObject("Login/Password"), Pswrd): Text ****** has been set on object 'Object Repository/Login/Password'

2018-12-13 16:04:53 - [MESSAGE][PASSED] - Text ****** has been set on object 'Object Repository/Login/Password'

2018-12-13 16:04:53 - [TEST_STEP][PASSED] - click(findTestObject("Login/Sign In")): Object: 'Object Repository/Login/Sign In' is clicked on

2018-12-13 16:04:53 - [MESSAGE][PASSED] - Object: 'Object Repository/Login/Sign In' is clicked on

2018-12-13 16:04:53 - [TEST_STEP][PASSED] - delay(1): Delayed 1 second(s)

2018-12-13 16:04:54 - [MESSAGE][PASSED] - Delayed 1 second(s)

2018-12-13 16:04:54 - [TEST_STEP][PASSED] - navigateToUrl(Oaths): Navigate to 'https://am-automation-test.epulsebeta2.com/account_oaths' successfully

2018-12-13 16:04:59 - [MESSAGE][PASSED] - Navigate to 'https://am-automation-test.epulsebeta2.com/account_oaths' successfully

2018-12-13 16:04:59 - [TEST_STEP][PASSED] - delay(1): Delayed 1 second(s)

2018-12-13 16:05:00 - [MESSAGE][PASSED] - Delayed 1 second(s)

2018-12-13 16:05:00 - [TEST_STEP][PASSED] - click(findTestObject("Admin Console ePulse Menu/Account Settings/Oaths/Page_Epulse  am-Automation-test/Download")): Object: 'Object Repository/Admin Console ePulse Menu/Account Settings/Oaths/Page_Epulse  am-Automation-test/Download' is clicked on

2018-12-13 16:05:00 - [MESSAGE][PASSED] - Object: 'Object Repository/Admin Console ePulse Menu/Account Settings/Oaths/Page_Epulse  am-Automation-test/Download' is clicked on

2018-12-13 16:05:00 - [TEST_STEP][PASSED] - delay(1): Delayed 1 second(s)

2018-12-13 16:05:01 - [MESSAGE][PASSED] - Delayed 1 second(s)

2018-12-13 16:05:01 - [TEST_STEP][PASSED] - closeBrowser(STOP_ON_FAILURE): Browser is closed

2018-12-13 16:05:01 - [MESSAGE][PASSED] - Browser is closed]]></system-out>
         <system-err><![CDATA[]]></system-err>
      </testcase>
      <testcase name="Test Cases/Admin Console/Account Settings/Oaths()/Oaths - Edit" classname="Test Cases/Admin Console/Account Settings/Oaths()/Oaths - Edit" status="PASSED">
         <system-out><![CDATA[2018-12-13 16:05:01 - [TEST_CASE][PASSED] - Test Cases/Admin Console/Account Settings/Oaths()/Oaths - Edit: Test Cases/Admin Console/Account Settings/Oaths()/Oaths - Edit

2018-12-13 16:05:02 - [TEST_STEP][PASSED] - openBrowser(""): Browser is opened with url: ''

2018-12-13 16:05:02 - [MESSAGE][INFO] - Starting 'Chrome' driver

2018-12-13 16:05:03 - [MESSAGE][PASSED] - Browser is opened with url: ''

2018-12-13 16:05:03 - [TEST_STEP][PASSED] - navigateToUrl(URL): Navigate to 'https://epulsebeta2.com' successfully

2018-12-13 16:05:06 - [MESSAGE][PASSED] - Navigate to 'https://epulsebeta2.com' successfully

2018-12-13 16:05:06 - [TEST_STEP][PASSED] - setText(findTestObject("Login/Email Address"), User_email): Text 'alonzo.mack@knowink.com' is set on object 'Object Repository/Login/Email Address'

2018-12-13 16:05:06 - [MESSAGE][PASSED] - Text 'alonzo.mack@knowink.com' is set on object 'Object Repository/Login/Email Address'

2018-12-13 16:05:06 - [TEST_STEP][PASSED] - setEncryptedText(findTestObject("Login/Password"), Pswrd): Text ****** has been set on object 'Object Repository/Login/Password'

2018-12-13 16:05:06 - [MESSAGE][PASSED] - Text ****** has been set on object 'Object Repository/Login/Password'

2018-12-13 16:05:06 - [TEST_STEP][PASSED] - click(findTestObject("Login/Sign In")): Object: 'Object Repository/Login/Sign In' is clicked on

2018-12-13 16:05:07 - [MESSAGE][PASSED] - Object: 'Object Repository/Login/Sign In' is clicked on

2018-12-13 16:05:07 - [TEST_STEP][PASSED] - delay(1): Delayed 1 second(s)

2018-12-13 16:05:08 - [MESSAGE][PASSED] - Delayed 1 second(s)

2018-12-13 16:05:08 - [TEST_STEP][PASSED] - navigateToUrl(Oaths, STOP_ON_FAILURE): Navigate to 'https://am-automation-test.epulsebeta2.com/account_oaths' successfully

2018-12-13 16:05:10 - [MESSAGE][PASSED] - Navigate to 'https://am-automation-test.epulsebeta2.com/account_oaths' successfully

2018-12-13 16:05:10 - [TEST_STEP][PASSED] - delay(1): Delayed 1 second(s)

2018-12-13 16:05:11 - [MESSAGE][PASSED] - Delayed 1 second(s)

2018-12-13 16:05:11 - [TEST_STEP][PASSED] - click(findTestObject("Admin Console ePulse Menu/Account Settings/Oaths/Add_Edit Oath/Edit Displayed Oath")): Object: 'Object Repository/Admin Console ePulse Menu/Account Settings/Oaths/Add_Edit Oath/Edit Displayed Oath' is clicked on

2018-12-13 16:05:11 - [MESSAGE][PASSED] - Object: 'Object Repository/Admin Console ePulse Menu/Account Settings/Oaths/Add_Edit Oath/Edit Displayed Oath' is clicked on

2018-12-13 16:05:11 - [TEST_STEP][PASSED] - clearText(findTestObject("Admin Console ePulse Menu/Account Settings/Oaths/Add_Edit Oath/Edit_Name_account_oathname")): Text of object 'Object Repository/Admin Console ePulse Menu/Account Settings/Oaths/Add_Edit Oath/Edit_Name_account_oathname' is cleared

2018-12-13 16:05:12 - [MESSAGE][PASSED] - Text of object 'Object Repository/Admin Console ePulse Menu/Account Settings/Oaths/Add_Edit Oath/Edit_Name_account_oathname' is cleared

2018-12-13 16:05:12 - [TEST_STEP][PASSED] - setText(findTestObject("Admin Console ePulse Menu/Account Settings/Oaths/Add_Edit Oath/Edit_Name_account_oathname"), "Reasonable Impediment Declaration Edited"): Text 'Reasonable Impediment Declaration Edited' is set on object 'Object Repository/Admin Console ePulse Menu/Account Settings/Oaths/Add_Edit Oath/Edit_Name_account_oathname'

2018-12-13 16:05:12 - [MESSAGE][PASSED] - Text 'Reasonable Impediment Declaration Edited' is set on object 'Object Repository/Admin Console ePulse Menu/Account Settings/Oaths/Add_Edit Oath/Edit_Name_account_oathname'

2018-12-13 16:05:12 - [TEST_STEP][PASSED] - clearText(findTestObject("Admin Console ePulse Menu/Account Settings/Oaths/Add_Edit Oath/Edit Instructions")): Text of object 'Object Repository/Admin Console ePulse Menu/Account Settings/Oaths/Add_Edit Oath/Edit Instructions' is cleared

2018-12-13 16:05:12 - [MESSAGE][PASSED] - Text of object 'Object Repository/Admin Console ePulse Menu/Account Settings/Oaths/Add_Edit Oath/Edit Instructions' is cleared

2018-12-13 16:05:12 - [TEST_STEP][PASSED] - setText(findTestObject("Admin Console ePulse Menu/Account Settings/Oaths/Add_Edit Oath/Edit Instructions"), "Oath Instructions Edited"): Text 'Oath Instructions Edited' is set on object 'Object Repository/Admin Console ePulse Menu/Account Settings/Oaths/Add_Edit Oath/Edit Instructions'

2018-12-13 16:05:12 - [MESSAGE][PASSED] - Text 'Oath Instructions Edited' is set on object 'Object Repository/Admin Console ePulse Menu/Account Settings/Oaths/Add_Edit Oath/Edit Instructions'

2018-12-13 16:05:12 - [TEST_STEP][PASSED] - clearText(findTestObject("Admin Console ePulse Menu/Account Settings/Oaths/Add_Edit Oath/Edit Customized Oath Text"), STOP_ON_FAILURE): Text of object 'Object Repository/Admin Console ePulse Menu/Account Settings/Oaths/Add_Edit Oath/Edit Customized Oath Text' is cleared

2018-12-13 16:05:12 - [MESSAGE][PASSED] - Text of object 'Object Repository/Admin Console ePulse Menu/Account Settings/Oaths/Add_Edit Oath/Edit Customized Oath Text' is cleared

2018-12-13 16:05:12 - [TEST_STEP][PASSED] - setText(findTestObject("Admin Console ePulse Menu/Account Settings/Oaths/Add_Edit Oath/Edit Customized Oath Text"), "Edit the Customized oath displayed to voters"): Text 'Edit the Customized oath displayed to voters' is set on object 'Object Repository/Admin Console ePulse Menu/Account Settings/Oaths/Add_Edit Oath/Edit Customized Oath Text'

2018-12-13 16:05:12 - [MESSAGE][PASSED] - Text 'Edit the Customized oath displayed to voters' is set on object 'Object Repository/Admin Console ePulse Menu/Account Settings/Oaths/Add_Edit Oath/Edit Customized Oath Text'

2018-12-13 16:05:12 - [TEST_STEP][PASSED] - click(findTestObject("Submit Edit")): Object: 'Object Repository/Submit Edit' is clicked on

2018-12-13 16:05:12 - [MESSAGE][PASSED] - Object: 'Object Repository/Submit Edit' is clicked on

2018-12-13 16:05:12 - [TEST_STEP][PASSED] - delay(1): Delayed 1 second(s)

2018-12-13 16:05:13 - [MESSAGE][PASSED] - Delayed 1 second(s)

2018-12-13 16:05:13 - [TEST_STEP][PASSED] - closeBrowser(): Browser is closed

2018-12-13 16:05:14 - [MESSAGE][PASSED] - Browser is closed]]></system-out>
         <system-err><![CDATA[]]></system-err>
      </testcase>
      <testcase name="Test Cases/Admin Console/Account Settings/Prompts()/Prompts - Add" classname="Test Cases/Admin Console/Account Settings/Prompts()/Prompts - Add" status="FAILED">
         <failure type="FAILED" message="Test Cases/Admin Console/Account Settings/Prompts()/Prompts - Add FAILED.
Reason:
com.kms.katalon.core.exception.StepFailedException: Unable to select option by value '0' of object 'Object Repository/Admin Console ePulse Menu/Account Settings/Prompts/Add_Edit Prompt Modal/Select Color'  using regular expression (Root cause: com.kms.katalon.core.webui.exception.WebElementNotFoundException: Web element with id: 'Object Repository/Admin Console ePulse Menu/Account Settings/Prompts/Add_Edit Prompt Modal/Select Color' located by 'By.xpath: //select[@name = 'prompt[color]' and @id = 'prompt_color' and (text() = 'Select...
                      Red
                      Green
                      Yellow
                      Blue' or . = 'Select...
                      Red
                      Green
                      Yellow
                      Blue')]' not found)
	at com.kms.katalon.core.keyword.internal.KeywordMain.stepFailed(KeywordMain.groovy:36)
	at com.kms.katalon.core.webui.keyword.internal.WebUIKeywordMain.stepFailed(WebUIKeywordMain.groovy:65)
	at com.kms.katalon.core.webui.keyword.internal.WebUIKeywordMain.runKeyword(WebUIKeywordMain.groovy:27)
	at com.kms.katalon.core.webui.keyword.builtin.SelectOptionByValueKeyword.selectOptionByValue(SelectOptionByValueKeyword.groovy:99)
	at com.kms.katalon.core.webui.keyword.builtin.SelectOptionByValueKeyword.execute(SelectOptionByValueKeyword.groovy:71)
	at com.kms.katalon.core.keyword.internal.KeywordExecutor.executeKeywordForPlatform(KeywordExecutor.groovy:53)
	at com.kms.katalon.core.webui.keyword.WebUiBuiltInKeywords.selectOptionByValue(WebUiBuiltInKeywords.groovy:1138)
	at com.kms.katalon.core.webui.keyword.WebUiBuiltInKeywords$selectOptionByValue$8.call(Unknown Source)
	at Prompts - Add.run(Prompts - Add:50)
	at com.kms.katalon.core.main.ScriptEngine.run(ScriptEngine.java:194)
	at com.kms.katalon.core.main.ScriptEngine.runScriptAsRawText(ScriptEngine.java:119)
	at com.kms.katalon.core.main.TestCaseExecutor.runScript(TestCaseExecutor.java:321)
	at com.kms.katalon.core.main.TestCaseExecutor.doExecute(TestCaseExecutor.java:312)
	at com.kms.katalon.core.main.TestCaseExecutor.processExecutionPhase(TestCaseExecutor.java:291)
	at com.kms.katalon.core.main.TestCaseExecutor.accessMainPhase(TestCaseExecutor.java:283)
	at com.kms.katalon.core.main.TestCaseExecutor.execute(TestCaseExecutor.java:222)
	at com.kms.katalon.core.main.TestSuiteExecutor.accessTestCaseMainPhase(TestSuiteExecutor.java:129)
	at com.kms.katalon.core.main.TestSuiteExecutor.accessTestSuiteMainPhase(TestSuiteExecutor.java:112)
	at com.kms.katalon.core.main.TestSuiteExecutor.execute(TestSuiteExecutor.java:81)
	at com.kms.katalon.core.main.TestCaseMain.startTestSuite(TestCaseMain.java:149)
	at com.kms.katalon.core.main.TestCaseMain$startTestSuite$0.call(Unknown Source)
	at TempTestSuite1544738114009.run(TempTestSuite1544738114009.groovy:36)
"/>
         <system-out><![CDATA[2018-12-13 16:05:14 - [TEST_CASE][FAILED] - Test Cases/Admin Console/Account Settings/Prompts()/Prompts - Add: Test Cases/Admin Console/Account Settings/Prompts()/Prompts - Add FAILED.
Reason:
com.kms.katalon.core.exception.StepFailedException: Unable to select option by value '0' of object 'Object Repository/Admin Console ePulse Menu/Account Settings/Prompts/Add_Edit Prompt Modal/Select Color'  using regular expression (Root cause: com.kms.katalon.core.webui.exception.WebElementNotFoundException: Web element with id: 'Object Repository/Admin Console ePulse Menu/Account Settings/Prompts/Add_Edit Prompt Modal/Select Color' located by 'By.xpath: //select[@name = 'prompt[color]' and @id = 'prompt_color' and (text() = 'Select...
                      Red
                      Green
                      Yellow
                      Blue' or . = 'Select...
                      Red
                      Green
                      Yellow
                      Blue')]' not found)
	at com.kms.katalon.core.keyword.internal.KeywordMain.stepFailed(KeywordMain.groovy:36)
	at com.kms.katalon.core.webui.keyword.internal.WebUIKeywordMain.stepFailed(WebUIKeywordMain.groovy:65)
	at com.kms.katalon.core.webui.keyword.internal.WebUIKeywordMain.runKeyword(WebUIKeywordMain.groovy:27)
	at com.kms.katalon.core.webui.keyword.builtin.SelectOptionByValueKeyword.selectOptionByValue(SelectOptionByValueKeyword.groovy:99)
	at com.kms.katalon.core.webui.keyword.builtin.SelectOptionByValueKeyword.execute(SelectOptionByValueKeyword.groovy:71)
	at com.kms.katalon.core.keyword.internal.KeywordExecutor.executeKeywordForPlatform(KeywordExecutor.groovy:53)
	at com.kms.katalon.core.webui.keyword.WebUiBuiltInKeywords.selectOptionByValue(WebUiBuiltInKeywords.groovy:1138)
	at com.kms.katalon.core.webui.keyword.WebUiBuiltInKeywords$selectOptionByValue$8.call(Unknown Source)
	at Prompts - Add.run(Prompts - Add:50)
	at com.kms.katalon.core.main.ScriptEngine.run(ScriptEngine.java:194)
	at com.kms.katalon.core.main.ScriptEngine.runScriptAsRawText(ScriptEngine.java:119)
	at com.kms.katalon.core.main.TestCaseExecutor.runScript(TestCaseExecutor.java:321)
	at com.kms.katalon.core.main.TestCaseExecutor.doExecute(TestCaseExecutor.java:312)
	at com.kms.katalon.core.main.TestCaseExecutor.processExecutionPhase(TestCaseExecutor.java:291)
	at com.kms.katalon.core.main.TestCaseExecutor.accessMainPhase(TestCaseExecutor.java:283)
	at com.kms.katalon.core.main.TestCaseExecutor.execute(TestCaseExecutor.java:222)
	at com.kms.katalon.core.main.TestSuiteExecutor.accessTestCaseMainPhase(TestSuiteExecutor.java:129)
	at com.kms.katalon.core.main.TestSuiteExecutor.accessTestSuiteMainPhase(TestSuiteExecutor.java:112)
	at com.kms.katalon.core.main.TestSuiteExecutor.execute(TestSuiteExecutor.java:81)
	at com.kms.katalon.core.main.TestCaseMain.startTestSuite(TestCaseMain.java:149)
	at com.kms.katalon.core.main.TestCaseMain$startTestSuite$0.call(Unknown Source)
	at TempTestSuite1544738114009.run(TempTestSuite1544738114009.groovy:36)


2018-12-13 16:05:14 - [TEST_STEP][PASSED] - openBrowser(""): Browser is opened with url: ''

2018-12-13 16:05:14 - [MESSAGE][INFO] - Starting 'Chrome' driver

2018-12-13 16:05:15 - [MESSAGE][PASSED] - Browser is opened with url: ''

2018-12-13 16:05:15 - [TEST_STEP][PASSED] - navigateToUrl(URL): Navigate to 'https://epulsebeta2.com' successfully

2018-12-13 16:05:22 - [MESSAGE][PASSED] - Navigate to 'https://epulsebeta2.com' successfully

2018-12-13 16:05:22 - [TEST_STEP][PASSED] - setText(findTestObject("Login/Email Address"), User_email): Text 'alonzo.mack@knowink.com' is set on object 'Object Repository/Login/Email Address'

2018-12-13 16:05:22 - [MESSAGE][PASSED] - Text 'alonzo.mack@knowink.com' is set on object 'Object Repository/Login/Email Address'

2018-12-13 16:05:22 - [TEST_STEP][PASSED] - setEncryptedText(findTestObject("Login/Password"), Pswrd): Text ****** has been set on object 'Object Repository/Login/Password'

2018-12-13 16:05:22 - [MESSAGE][PASSED] - Text ****** has been set on object 'Object Repository/Login/Password'

2018-12-13 16:05:22 - [TEST_STEP][PASSED] - click(findTestObject("Login/Sign In")): Object: 'Object Repository/Login/Sign In' is clicked on

2018-12-13 16:05:23 - [MESSAGE][PASSED] - Object: 'Object Repository/Login/Sign In' is clicked on

2018-12-13 16:05:23 - [TEST_STEP][PASSED] - delay(1): Delayed 1 second(s)

2018-12-13 16:05:24 - [MESSAGE][PASSED] - Delayed 1 second(s)

2018-12-13 16:05:24 - [TEST_STEP][PASSED] - navigateToUrl(Prompts, STOP_ON_FAILURE): Navigate to 'https://am-Automation-test.epulsebeta2.com/prompts' successfully

2018-12-13 16:05:25 - [MESSAGE][PASSED] - Navigate to 'https://am-Automation-test.epulsebeta2.com/prompts' successfully

2018-12-13 16:05:25 - [TEST_STEP][PASSED] - delay(1): Delayed 1 second(s)

2018-12-13 16:05:26 - [MESSAGE][PASSED] - Delayed 1 second(s)

2018-12-13 16:05:26 - [TEST_STEP][PASSED] - click(findTestObject("Admin Console ePulse Menu/Account Settings/Prompts/Create_New_Prompt_Button")): Object: 'Object Repository/Admin Console ePulse Menu/Account Settings/Prompts/Create_New_Prompt_Button' is clicked on

2018-12-13 16:05:31 - [MESSAGE][PASSED] - Object: 'Object Repository/Admin Console ePulse Menu/Account Settings/Prompts/Create_New_Prompt_Button' is clicked on

2018-12-13 16:05:31 - [TEST_STEP][PASSED] - setText(findTestObject("Admin Console ePulse Menu/Account Settings/Prompts/Add_Edit Prompt Modal/Name"), "Test Prompt"): Text 'Test Prompt' is set on object 'Object Repository/Admin Console ePulse Menu/Account Settings/Prompts/Add_Edit Prompt Modal/Name'

2018-12-13 16:05:31 - [MESSAGE][PASSED] - Text 'Test Prompt' is set on object 'Object Repository/Admin Console ePulse Menu/Account Settings/Prompts/Add_Edit Prompt Modal/Name'

2018-12-13 16:05:31 - [TEST_STEP][PASSED] - setText(findTestObject("Admin Console ePulse Menu/Account Settings/Prompts/Add_Edit Prompt Modal/Heading"), "Prompt"): Text 'Prompt' is set on object 'Object Repository/Admin Console ePulse Menu/Account Settings/Prompts/Add_Edit Prompt Modal/Heading'

2018-12-13 16:05:31 - [MESSAGE][PASSED] - Text 'Prompt' is set on object 'Object Repository/Admin Console ePulse Menu/Account Settings/Prompts/Add_Edit Prompt Modal/Heading'

2018-12-13 16:05:31 - [TEST_STEP][FAILED] - selectOptionByValue(findTestObject("Admin Console ePulse Menu/Account Settings/Prompts/Add_Edit Prompt Modal/Select Color"), "0", true): selectOptionByValue(findTestObject("Admin Console ePulse Menu/Account Settings/Prompts/Add_Edit Prompt Modal/Select Color"), "0", true) FAILED.
Reason:
com.kms.katalon.core.exception.StepFailedException: Unable to select option by value '0' of object 'Object Repository/Admin Console ePulse Menu/Account Settings/Prompts/Add_Edit Prompt Modal/Select Color'  using regular expression (Root cause: com.kms.katalon.core.webui.exception.WebElementNotFoundException: Web element with id: 'Object Repository/Admin Console ePulse Menu/Account Settings/Prompts/Add_Edit Prompt Modal/Select Color' located by 'By.xpath: //select[@name = 'prompt[color]' and @id = 'prompt_color' and (text() = 'Select...
                      Red
                      Green
                      Yellow
                      Blue' or . = 'Select...
                      Red
                      Green
                      Yellow
                      Blue')]' not found)
	at com.kms.katalon.core.keyword.internal.KeywordMain.stepFailed(KeywordMain.groovy:36)
	at com.kms.katalon.core.webui.keyword.internal.WebUIKeywordMain.stepFailed(WebUIKeywordMain.groovy:65)
	at com.kms.katalon.core.webui.keyword.internal.WebUIKeywordMain.runKeyword(WebUIKeywordMain.groovy:27)
	at com.kms.katalon.core.webui.keyword.builtin.SelectOptionByValueKeyword.selectOptionByValue(SelectOptionByValueKeyword.groovy:99)
	at com.kms.katalon.core.webui.keyword.builtin.SelectOptionByValueKeyword.execute(SelectOptionByValueKeyword.groovy:71)
	at com.kms.katalon.core.keyword.internal.KeywordExecutor.executeKeywordForPlatform(KeywordExecutor.groovy:53)
	at com.kms.katalon.core.webui.keyword.WebUiBuiltInKeywords.selectOptionByValue(WebUiBuiltInKeywords.groovy:1138)
	at com.kms.katalon.core.webui.keyword.WebUiBuiltInKeywords$selectOptionByValue$8.call(Unknown Source)
	at Prompts - Add.run(Prompts - Add:50)
	at com.kms.katalon.core.main.ScriptEngine.run(ScriptEngine.java:194)
	at com.kms.katalon.core.main.ScriptEngine.runScriptAsRawText(ScriptEngine.java:119)
	at com.kms.katalon.core.main.TestCaseExecutor.runScript(TestCaseExecutor.java:321)
	at com.kms.katalon.core.main.TestCaseExecutor.doExecute(TestCaseExecutor.java:312)
	at com.kms.katalon.core.main.TestCaseExecutor.processExecutionPhase(TestCaseExecutor.java:291)
	at com.kms.katalon.core.main.TestCaseExecutor.accessMainPhase(TestCaseExecutor.java:283)
	at com.kms.katalon.core.main.TestCaseExecutor.execute(TestCaseExecutor.java:222)
	at com.kms.katalon.core.main.TestSuiteExecutor.accessTestCaseMainPhase(TestSuiteExecutor.java:129)
	at com.kms.katalon.core.main.TestSuiteExecutor.accessTestSuiteMainPhase(TestSuiteExecutor.java:112)
	at com.kms.katalon.core.main.TestSuiteExecutor.execute(TestSuiteExecutor.java:81)
	at com.kms.katalon.core.main.TestCaseMain.startTestSuite(TestCaseMain.java:149)
	at com.kms.katalon.core.main.TestCaseMain$startTestSuite$0.call(Unknown Source)
	at TempTestSuite1544738114009.run(TempTestSuite1544738114009.groovy:36)


2018-12-13 16:05:47 - [MESSAGE][INFO] - Unable to find the element located by 'By.xpath: //select[@name = 'prompt[color]' and @id = 'prompt_color' and (text() = 'Select...
                      Red
                      Green
                      Yellow
                      Blue' or . = 'Select...
                      Red
                      Green
                      Yellow
                      Blue')]'. Please recheck the objects properties to make sure the desired element is located. 

2018-12-13 16:26:56 - [MESSAGE][FAILED] - Unable to select option by value '0' of object 'Object Repository/Admin Console ePulse Menu/Account Settings/Prompts/Add_Edit Prompt Modal/Select Color'  using regular expression (Root cause: com.kms.katalon.core.webui.exception.WebElementNotFoundException: Web element with id: 'Object Repository/Admin Console ePulse Menu/Account Settings/Prompts/Add_Edit Prompt Modal/Select Color' located by 'By.xpath: //select[@name = 'prompt[color]' and @id = 'prompt_color' and (text() = 'Select...
                      Red
                      Green
                      Yellow
                      Blue' or . = 'Select...
                      Red
                      Green
                      Yellow
                      Blue')]' not found)
[[ATTACHMENT|/Users/alonzomack/Katalon Studio/Regression/Reports/dev_staging ready/20181213_155510/1544738747348.png]]

2018-12-13 16:26:56 - [MESSAGE][FAILED] - selectOptionByValue(findTestObject("Admin Console ePulse Menu/Account Settings/Prompts/Add_Edit Prompt Modal/Select Color"), "0", true) FAILED.
Reason:
com.kms.katalon.core.exception.StepFailedException: Unable to select option by value '0' of object 'Object Repository/Admin Console ePulse Menu/Account Settings/Prompts/Add_Edit Prompt Modal/Select Color'  using regular expression (Root cause: com.kms.katalon.core.webui.exception.WebElementNotFoundException: Web element with id: 'Object Repository/Admin Console ePulse Menu/Account Settings/Prompts/Add_Edit Prompt Modal/Select Color' located by 'By.xpath: //select[@name = 'prompt[color]' and @id = 'prompt_color' and (text() = 'Select...
                      Red
                      Green
                      Yellow
                      Blue' or . = 'Select...
                      Red
                      Green
                      Yellow
                      Blue')]' not found)
	at com.kms.katalon.core.keyword.internal.KeywordMain.stepFailed(KeywordMain.groovy:36)
	at com.kms.katalon.core.webui.keyword.internal.WebUIKeywordMain.stepFailed(WebUIKeywordMain.groovy:65)
	at com.kms.katalon.core.webui.keyword.internal.WebUIKeywordMain.runKeyword(WebUIKeywordMain.groovy:27)
	at com.kms.katalon.core.webui.keyword.builtin.SelectOptionByValueKeyword.selectOptionByValue(SelectOptionByValueKeyword.groovy:99)
	at com.kms.katalon.core.webui.keyword.builtin.SelectOptionByValueKeyword.execute(SelectOptionByValueKeyword.groovy:71)
	at com.kms.katalon.core.keyword.internal.KeywordExecutor.executeKeywordForPlatform(KeywordExecutor.groovy:53)
	at com.kms.katalon.core.webui.keyword.WebUiBuiltInKeywords.selectOptionByValue(WebUiBuiltInKeywords.groovy:1138)
	at com.kms.katalon.core.webui.keyword.WebUiBuiltInKeywords$selectOptionByValue$8.call(Unknown Source)
	at Prompts - Add.run(Prompts - Add:50)
	at com.kms.katalon.core.main.ScriptEngine.run(ScriptEngine.java:194)
	at com.kms.katalon.core.main.ScriptEngine.runScriptAsRawText(ScriptEngine.java:119)
	at com.kms.katalon.core.main.TestCaseExecutor.runScript(TestCaseExecutor.java:321)
	at com.kms.katalon.core.main.TestCaseExecutor.doExecute(TestCaseExecutor.java:312)
	at com.kms.katalon.core.main.TestCaseExecutor.processExecutionPhase(TestCaseExecutor.java:291)
	at com.kms.katalon.core.main.TestCaseExecutor.accessMainPhase(TestCaseExecutor.java:283)
	at com.kms.katalon.core.main.TestCaseExecutor.execute(TestCaseExecutor.java:222)
	at com.kms.katalon.core.main.TestSuiteExecutor.accessTestCaseMainPhase(TestSuiteExecutor.java:129)
	at com.kms.katalon.core.main.TestSuiteExecutor.accessTestSuiteMainPhase(TestSuiteExecutor.java:112)
	at com.kms.katalon.core.main.TestSuiteExecutor.execute(TestSuiteExecutor.java:81)
	at com.kms.katalon.core.main.TestCaseMain.startTestSuite(TestCaseMain.java:149)
	at com.kms.katalon.core.main.TestCaseMain$startTestSuite$0.call(Unknown Source)
	at TempTestSuite1544738114009.run(TempTestSuite1544738114009.groovy:36)]]></system-out>
         <system-err><![CDATA[2018-12-13 16:05:14 - [TEST_CASE][FAILED] - Test Cases/Admin Console/Account Settings/Prompts()/Prompts - Add: Test Cases/Admin Console/Account Settings/Prompts()/Prompts - Add FAILED.
Reason:
com.kms.katalon.core.exception.StepFailedException: Unable to select option by value '0' of object 'Object Repository/Admin Console ePulse Menu/Account Settings/Prompts/Add_Edit Prompt Modal/Select Color'  using regular expression (Root cause: com.kms.katalon.core.webui.exception.WebElementNotFoundException: Web element with id: 'Object Repository/Admin Console ePulse Menu/Account Settings/Prompts/Add_Edit Prompt Modal/Select Color' located by 'By.xpath: //select[@name = 'prompt[color]' and @id = 'prompt_color' and (text() = 'Select...
                      Red
                      Green
                      Yellow
                      Blue' or . = 'Select...
                      Red
                      Green
                      Yellow
                      Blue')]' not found)
	at com.kms.katalon.core.keyword.internal.KeywordMain.stepFailed(KeywordMain.groovy:36)
	at com.kms.katalon.core.webui.keyword.internal.WebUIKeywordMain.stepFailed(WebUIKeywordMain.groovy:65)
	at com.kms.katalon.core.webui.keyword.internal.WebUIKeywordMain.runKeyword(WebUIKeywordMain.groovy:27)
	at com.kms.katalon.core.webui.keyword.builtin.SelectOptionByValueKeyword.selectOptionByValue(SelectOptionByValueKeyword.groovy:99)
	at com.kms.katalon.core.webui.keyword.builtin.SelectOptionByValueKeyword.execute(SelectOptionByValueKeyword.groovy:71)
	at com.kms.katalon.core.keyword.internal.KeywordExecutor.executeKeywordForPlatform(KeywordExecutor.groovy:53)
	at com.kms.katalon.core.webui.keyword.WebUiBuiltInKeywords.selectOptionByValue(WebUiBuiltInKeywords.groovy:1138)
	at com.kms.katalon.core.webui.keyword.WebUiBuiltInKeywords$selectOptionByValue$8.call(Unknown Source)
	at Prompts - Add.run(Prompts - Add:50)
	at com.kms.katalon.core.main.ScriptEngine.run(ScriptEngine.java:194)
	at com.kms.katalon.core.main.ScriptEngine.runScriptAsRawText(ScriptEngine.java:119)
	at com.kms.katalon.core.main.TestCaseExecutor.runScript(TestCaseExecutor.java:321)
	at com.kms.katalon.core.main.TestCaseExecutor.doExecute(TestCaseExecutor.java:312)
	at com.kms.katalon.core.main.TestCaseExecutor.processExecutionPhase(TestCaseExecutor.java:291)
	at com.kms.katalon.core.main.TestCaseExecutor.accessMainPhase(TestCaseExecutor.java:283)
	at com.kms.katalon.core.main.TestCaseExecutor.execute(TestCaseExecutor.java:222)
	at com.kms.katalon.core.main.TestSuiteExecutor.accessTestCaseMainPhase(TestSuiteExecutor.java:129)
	at com.kms.katalon.core.main.TestSuiteExecutor.accessTestSuiteMainPhase(TestSuiteExecutor.java:112)
	at com.kms.katalon.core.main.TestSuiteExecutor.execute(TestSuiteExecutor.java:81)
	at com.kms.katalon.core.main.TestCaseMain.startTestSuite(TestCaseMain.java:149)
	at com.kms.katalon.core.main.TestCaseMain$startTestSuite$0.call(Unknown Source)
	at TempTestSuite1544738114009.run(TempTestSuite1544738114009.groovy:36)]]></system-err>
      </testcase>
      <testcase name="Test Cases/Admin Console/Account Settings/Prompts()/Prompts - Add Criteria" classname="Test Cases/Admin Console/Account Settings/Prompts()/Prompts - Add Criteria" status="FAILED">
         <failure type="FAILED" message="Test Cases/Admin Console/Account Settings/Prompts()/Prompts - Add Criteria FAILED.
Reason:
com.kms.katalon.core.exception.StepFailedException: Unable to set text 'alonzo.mack@knowink.com' of object 'Object Repository/Login/Email Address' (Root cause: com.kms.katalon.core.webui.exception.WebElementNotFoundException: Web element with id: 'Object Repository/Login/Email Address' located by 'By.xpath: //input[@id='user_email']' not found)
	at com.kms.katalon.core.keyword.internal.KeywordMain.stepFailed(KeywordMain.groovy:36)
	at com.kms.katalon.core.webui.keyword.internal.WebUIKeywordMain.stepFailed(WebUIKeywordMain.groovy:65)
	at com.kms.katalon.core.webui.keyword.internal.WebUIKeywordMain.runKeyword(WebUIKeywordMain.groovy:27)
	at com.kms.katalon.core.webui.keyword.builtin.SetTextKeyword.setText(SetTextKeyword.groovy:65)
	at com.kms.katalon.core.webui.keyword.builtin.SetTextKeyword.execute(SetTextKeyword.groovy:37)
	at com.kms.katalon.core.keyword.internal.KeywordExecutor.executeKeywordForPlatform(KeywordExecutor.groovy:53)
	at com.kms.katalon.core.webui.keyword.WebUiBuiltInKeywords.setText(WebUiBuiltInKeywords.groovy:950)
	at com.kms.katalon.core.webui.keyword.WebUiBuiltInKeywords$setText$1.call(Unknown Source)
	at Prompts - Add Criteria.run(Prompts - Add Criteria:31)
	at com.kms.katalon.core.main.ScriptEngine.run(ScriptEngine.java:194)
	at com.kms.katalon.core.main.ScriptEngine.runScriptAsRawText(ScriptEngine.java:119)
	at com.kms.katalon.core.main.TestCaseExecutor.runScript(TestCaseExecutor.java:321)
	at com.kms.katalon.core.main.TestCaseExecutor.doExecute(TestCaseExecutor.java:312)
	at com.kms.katalon.core.main.TestCaseExecutor.processExecutionPhase(TestCaseExecutor.java:291)
	at com.kms.katalon.core.main.TestCaseExecutor.accessMainPhase(TestCaseExecutor.java:283)
	at com.kms.katalon.core.main.TestCaseExecutor.execute(TestCaseExecutor.java:222)
	at com.kms.katalon.core.main.TestSuiteExecutor.accessTestCaseMainPhase(TestSuiteExecutor.java:129)
	at com.kms.katalon.core.main.TestSuiteExecutor.accessTestSuiteMainPhase(TestSuiteExecutor.java:112)
	at com.kms.katalon.core.main.TestSuiteExecutor.execute(TestSuiteExecutor.java:81)
	at com.kms.katalon.core.main.TestCaseMain.startTestSuite(TestCaseMain.java:149)
	at com.kms.katalon.core.main.TestCaseMain$startTestSuite$0.call(Unknown Source)
	at TempTestSuite1544738114009.run(TempTestSuite1544738114009.groovy:36)
"/>
         <system-out><![CDATA[2018-12-13 16:26:56 - [TEST_CASE][FAILED] - Test Cases/Admin Console/Account Settings/Prompts()/Prompts - Add Criteria: Test Cases/Admin Console/Account Settings/Prompts()/Prompts - Add Criteria FAILED.
Reason:
com.kms.katalon.core.exception.StepFailedException: Unable to set text 'alonzo.mack@knowink.com' of object 'Object Repository/Login/Email Address' (Root cause: com.kms.katalon.core.webui.exception.WebElementNotFoundException: Web element with id: 'Object Repository/Login/Email Address' located by 'By.xpath: //input[@id='user_email']' not found)
	at com.kms.katalon.core.keyword.internal.KeywordMain.stepFailed(KeywordMain.groovy:36)
	at com.kms.katalon.core.webui.keyword.internal.WebUIKeywordMain.stepFailed(WebUIKeywordMain.groovy:65)
	at com.kms.katalon.core.webui.keyword.internal.WebUIKeywordMain.runKeyword(WebUIKeywordMain.groovy:27)
	at com.kms.katalon.core.webui.keyword.builtin.SetTextKeyword.setText(SetTextKeyword.groovy:65)
	at com.kms.katalon.core.webui.keyword.builtin.SetTextKeyword.execute(SetTextKeyword.groovy:37)
	at com.kms.katalon.core.keyword.internal.KeywordExecutor.executeKeywordForPlatform(KeywordExecutor.groovy:53)
	at com.kms.katalon.core.webui.keyword.WebUiBuiltInKeywords.setText(WebUiBuiltInKeywords.groovy:950)
	at com.kms.katalon.core.webui.keyword.WebUiBuiltInKeywords$setText$1.call(Unknown Source)
	at Prompts - Add Criteria.run(Prompts - Add Criteria:31)
	at com.kms.katalon.core.main.ScriptEngine.run(ScriptEngine.java:194)
	at com.kms.katalon.core.main.ScriptEngine.runScriptAsRawText(ScriptEngine.java:119)
	at com.kms.katalon.core.main.TestCaseExecutor.runScript(TestCaseExecutor.java:321)
	at com.kms.katalon.core.main.TestCaseExecutor.doExecute(TestCaseExecutor.java:312)
	at com.kms.katalon.core.main.TestCaseExecutor.processExecutionPhase(TestCaseExecutor.java:291)
	at com.kms.katalon.core.main.TestCaseExecutor.accessMainPhase(TestCaseExecutor.java:283)
	at com.kms.katalon.core.main.TestCaseExecutor.execute(TestCaseExecutor.java:222)
	at com.kms.katalon.core.main.TestSuiteExecutor.accessTestCaseMainPhase(TestSuiteExecutor.java:129)
	at com.kms.katalon.core.main.TestSuiteExecutor.accessTestSuiteMainPhase(TestSuiteExecutor.java:112)
	at com.kms.katalon.core.main.TestSuiteExecutor.execute(TestSuiteExecutor.java:81)
	at com.kms.katalon.core.main.TestCaseMain.startTestSuite(TestCaseMain.java:149)
	at com.kms.katalon.core.main.TestCaseMain$startTestSuite$0.call(Unknown Source)
	at TempTestSuite1544738114009.run(TempTestSuite1544738114009.groovy:36)


2018-12-13 16:26:57 - [TEST_STEP][PASSED] - openBrowser(""): Browser is opened with url: ''

2018-12-13 16:26:57 - [MESSAGE][WARNING] - A browser is already opened. Closing browser and opening a new one

2018-12-13 16:26:57 - [MESSAGE][INFO] - Starting 'Chrome' driver

2018-12-13 16:26:58 - [MESSAGE][PASSED] - Browser is opened with url: ''

2018-12-13 16:26:58 - [TEST_STEP][PASSED] - navigateToUrl(URL): Navigate to 'https://epulsebeta2.com' successfully

2018-12-13 16:27:28 - [MESSAGE][PASSED] - Navigate to 'https://epulsebeta2.com' successfully

2018-12-13 16:27:28 - [TEST_STEP][FAILED] - setText(findTestObject("Login/Email Address"), User_email): setText(findTestObject("Login/Email Address"), User_email) FAILED.
Reason:
com.kms.katalon.core.exception.StepFailedException: Unable to set text 'alonzo.mack@knowink.com' of object 'Object Repository/Login/Email Address' (Root cause: com.kms.katalon.core.webui.exception.WebElementNotFoundException: Web element with id: 'Object Repository/Login/Email Address' located by 'By.xpath: //input[@id='user_email']' not found)
	at com.kms.katalon.core.keyword.internal.KeywordMain.stepFailed(KeywordMain.groovy:36)
	at com.kms.katalon.core.webui.keyword.internal.WebUIKeywordMain.stepFailed(WebUIKeywordMain.groovy:65)
	at com.kms.katalon.core.webui.keyword.internal.WebUIKeywordMain.runKeyword(WebUIKeywordMain.groovy:27)
	at com.kms.katalon.core.webui.keyword.builtin.SetTextKeyword.setText(SetTextKeyword.groovy:65)
	at com.kms.katalon.core.webui.keyword.builtin.SetTextKeyword.execute(SetTextKeyword.groovy:37)
	at com.kms.katalon.core.keyword.internal.KeywordExecutor.executeKeywordForPlatform(KeywordExecutor.groovy:53)
	at com.kms.katalon.core.webui.keyword.WebUiBuiltInKeywords.setText(WebUiBuiltInKeywords.groovy:950)
	at com.kms.katalon.core.webui.keyword.WebUiBuiltInKeywords$setText$1.call(Unknown Source)
	at Prompts - Add Criteria.run(Prompts - Add Criteria:31)
	at com.kms.katalon.core.main.ScriptEngine.run(ScriptEngine.java:194)
	at com.kms.katalon.core.main.ScriptEngine.runScriptAsRawText(ScriptEngine.java:119)
	at com.kms.katalon.core.main.TestCaseExecutor.runScript(TestCaseExecutor.java:321)
	at com.kms.katalon.core.main.TestCaseExecutor.doExecute(TestCaseExecutor.java:312)
	at com.kms.katalon.core.main.TestCaseExecutor.processExecutionPhase(TestCaseExecutor.java:291)
	at com.kms.katalon.core.main.TestCaseExecutor.accessMainPhase(TestCaseExecutor.java:283)
	at com.kms.katalon.core.main.TestCaseExecutor.execute(TestCaseExecutor.java:222)
	at com.kms.katalon.core.main.TestSuiteExecutor.accessTestCaseMainPhase(TestSuiteExecutor.java:129)
	at com.kms.katalon.core.main.TestSuiteExecutor.accessTestSuiteMainPhase(TestSuiteExecutor.java:112)
	at com.kms.katalon.core.main.TestSuiteExecutor.execute(TestSuiteExecutor.java:81)
	at com.kms.katalon.core.main.TestCaseMain.startTestSuite(TestCaseMain.java:149)
	at com.kms.katalon.core.main.TestCaseMain$startTestSuite$0.call(Unknown Source)
	at TempTestSuite1544738114009.run(TempTestSuite1544738114009.groovy:36)


2018-12-13 16:27:44 - [MESSAGE][INFO] - Unable to find the element located by 'By.xpath: //input[@id='user_email']'. Please recheck the objects properties to make sure the desired element is located. 

2018-12-13 16:27:44 - [MESSAGE][FAILED] - Unable to set text 'alonzo.mack@knowink.com' of object 'Object Repository/Login/Email Address' (Root cause: com.kms.katalon.core.webui.exception.WebElementNotFoundException: Web element with id: 'Object Repository/Login/Email Address' located by 'By.xpath: //input[@id='user_email']' not found)
[[ATTACHMENT|/Users/alonzomack/Katalon Studio/Regression/Reports/dev_staging ready/20181213_155510/1544740064110.png]]

2018-12-13 16:27:44 - [MESSAGE][FAILED] - setText(findTestObject("Login/Email Address"), User_email) FAILED.
Reason:
com.kms.katalon.core.exception.StepFailedException: Unable to set text 'alonzo.mack@knowink.com' of object 'Object Repository/Login/Email Address' (Root cause: com.kms.katalon.core.webui.exception.WebElementNotFoundException: Web element with id: 'Object Repository/Login/Email Address' located by 'By.xpath: //input[@id='user_email']' not found)
	at com.kms.katalon.core.keyword.internal.KeywordMain.stepFailed(KeywordMain.groovy:36)
	at com.kms.katalon.core.webui.keyword.internal.WebUIKeywordMain.stepFailed(WebUIKeywordMain.groovy:65)
	at com.kms.katalon.core.webui.keyword.internal.WebUIKeywordMain.runKeyword(WebUIKeywordMain.groovy:27)
	at com.kms.katalon.core.webui.keyword.builtin.SetTextKeyword.setText(SetTextKeyword.groovy:65)
	at com.kms.katalon.core.webui.keyword.builtin.SetTextKeyword.execute(SetTextKeyword.groovy:37)
	at com.kms.katalon.core.keyword.internal.KeywordExecutor.executeKeywordForPlatform(KeywordExecutor.groovy:53)
	at com.kms.katalon.core.webui.keyword.WebUiBuiltInKeywords.setText(WebUiBuiltInKeywords.groovy:950)
	at com.kms.katalon.core.webui.keyword.WebUiBuiltInKeywords$setText$1.call(Unknown Source)
	at Prompts - Add Criteria.run(Prompts - Add Criteria:31)
	at com.kms.katalon.core.main.ScriptEngine.run(ScriptEngine.java:194)
	at com.kms.katalon.core.main.ScriptEngine.runScriptAsRawText(ScriptEngine.java:119)
	at com.kms.katalon.core.main.TestCaseExecutor.runScript(TestCaseExecutor.java:321)
	at com.kms.katalon.core.main.TestCaseExecutor.doExecute(TestCaseExecutor.java:312)
	at com.kms.katalon.core.main.TestCaseExecutor.processExecutionPhase(TestCaseExecutor.java:291)
	at com.kms.katalon.core.main.TestCaseExecutor.accessMainPhase(TestCaseExecutor.java:283)
	at com.kms.katalon.core.main.TestCaseExecutor.execute(TestCaseExecutor.java:222)
	at com.kms.katalon.core.main.TestSuiteExecutor.accessTestCaseMainPhase(TestSuiteExecutor.java:129)
	at com.kms.katalon.core.main.TestSuiteExecutor.accessTestSuiteMainPhase(TestSuiteExecutor.java:112)
	at com.kms.katalon.core.main.TestSuiteExecutor.execute(TestSuiteExecutor.java:81)
	at com.kms.katalon.core.main.TestCaseMain.startTestSuite(TestCaseMain.java:149)
	at com.kms.katalon.core.main.TestCaseMain$startTestSuite$0.call(Unknown Source)
	at TempTestSuite1544738114009.run(TempTestSuite1544738114009.groovy:36)]]></system-out>
         <system-err><![CDATA[2018-12-13 16:26:56 - [TEST_CASE][FAILED] - Test Cases/Admin Console/Account Settings/Prompts()/Prompts - Add Criteria: Test Cases/Admin Console/Account Settings/Prompts()/Prompts - Add Criteria FAILED.
Reason:
com.kms.katalon.core.exception.StepFailedException: Unable to set text 'alonzo.mack@knowink.com' of object 'Object Repository/Login/Email Address' (Root cause: com.kms.katalon.core.webui.exception.WebElementNotFoundException: Web element with id: 'Object Repository/Login/Email Address' located by 'By.xpath: //input[@id='user_email']' not found)
	at com.kms.katalon.core.keyword.internal.KeywordMain.stepFailed(KeywordMain.groovy:36)
	at com.kms.katalon.core.webui.keyword.internal.WebUIKeywordMain.stepFailed(WebUIKeywordMain.groovy:65)
	at com.kms.katalon.core.webui.keyword.internal.WebUIKeywordMain.runKeyword(WebUIKeywordMain.groovy:27)
	at com.kms.katalon.core.webui.keyword.builtin.SetTextKeyword.setText(SetTextKeyword.groovy:65)
	at com.kms.katalon.core.webui.keyword.builtin.SetTextKeyword.execute(SetTextKeyword.groovy:37)
	at com.kms.katalon.core.keyword.internal.KeywordExecutor.executeKeywordForPlatform(KeywordExecutor.groovy:53)
	at com.kms.katalon.core.webui.keyword.WebUiBuiltInKeywords.setText(WebUiBuiltInKeywords.groovy:950)
	at com.kms.katalon.core.webui.keyword.WebUiBuiltInKeywords$setText$1.call(Unknown Source)
	at Prompts - Add Criteria.run(Prompts - Add Criteria:31)
	at com.kms.katalon.core.main.ScriptEngine.run(ScriptEngine.java:194)
	at com.kms.katalon.core.main.ScriptEngine.runScriptAsRawText(ScriptEngine.java:119)
	at com.kms.katalon.core.main.TestCaseExecutor.runScript(TestCaseExecutor.java:321)
	at com.kms.katalon.core.main.TestCaseExecutor.doExecute(TestCaseExecutor.java:312)
	at com.kms.katalon.core.main.TestCaseExecutor.processExecutionPhase(TestCaseExecutor.java:291)
	at com.kms.katalon.core.main.TestCaseExecutor.accessMainPhase(TestCaseExecutor.java:283)
	at com.kms.katalon.core.main.TestCaseExecutor.execute(TestCaseExecutor.java:222)
	at com.kms.katalon.core.main.TestSuiteExecutor.accessTestCaseMainPhase(TestSuiteExecutor.java:129)
	at com.kms.katalon.core.main.TestSuiteExecutor.accessTestSuiteMainPhase(TestSuiteExecutor.java:112)
	at com.kms.katalon.core.main.TestSuiteExecutor.execute(TestSuiteExecutor.java:81)
	at com.kms.katalon.core.main.TestCaseMain.startTestSuite(TestCaseMain.java:149)
	at com.kms.katalon.core.main.TestCaseMain$startTestSuite$0.call(Unknown Source)
	at TempTestSuite1544738114009.run(TempTestSuite1544738114009.groovy:36)]]></system-err>
      </testcase>
      <testcase name="Test Cases/Admin Console/Account Settings/Prompts()/Prompts - Add PollPad Config" classname="Test Cases/Admin Console/Account Settings/Prompts()/Prompts - Add PollPad Config" status="FAILED">
         <failure type="FAILED" message="Test Cases/Admin Console/Account Settings/Prompts()/Prompts - Add PollPad Config FAILED.
Reason:
com.kms.katalon.core.exception.StepFailedException: Unable to set text 'alonzo.mack@knowink.com' of object 'Object Repository/Login/Email Address' (Root cause: com.kms.katalon.core.webui.exception.WebElementNotFoundException: Web element with id: 'Object Repository/Login/Email Address' located by 'By.xpath: //input[@id='user_email']' not found)
	at com.kms.katalon.core.keyword.internal.KeywordMain.stepFailed(KeywordMain.groovy:36)
	at com.kms.katalon.core.webui.keyword.internal.WebUIKeywordMain.stepFailed(WebUIKeywordMain.groovy:65)
	at com.kms.katalon.core.webui.keyword.internal.WebUIKeywordMain.runKeyword(WebUIKeywordMain.groovy:27)
	at com.kms.katalon.core.webui.keyword.builtin.SetTextKeyword.setText(SetTextKeyword.groovy:65)
	at com.kms.katalon.core.webui.keyword.builtin.SetTextKeyword.execute(SetTextKeyword.groovy:37)
	at com.kms.katalon.core.keyword.internal.KeywordExecutor.executeKeywordForPlatform(KeywordExecutor.groovy:53)
	at com.kms.katalon.core.webui.keyword.WebUiBuiltInKeywords.setText(WebUiBuiltInKeywords.groovy:950)
	at com.kms.katalon.core.webui.keyword.WebUiBuiltInKeywords$setText$1.call(Unknown Source)
	at Prompts - Add PollPad Config.run(Prompts - Add PollPad Config:23)
	at com.kms.katalon.core.main.ScriptEngine.run(ScriptEngine.java:194)
	at com.kms.katalon.core.main.ScriptEngine.runScriptAsRawText(ScriptEngine.java:119)
	at com.kms.katalon.core.main.TestCaseExecutor.runScript(TestCaseExecutor.java:321)
	at com.kms.katalon.core.main.TestCaseExecutor.doExecute(TestCaseExecutor.java:312)
	at com.kms.katalon.core.main.TestCaseExecutor.processExecutionPhase(TestCaseExecutor.java:291)
	at com.kms.katalon.core.main.TestCaseExecutor.accessMainPhase(TestCaseExecutor.java:283)
	at com.kms.katalon.core.main.TestCaseExecutor.execute(TestCaseExecutor.java:222)
	at com.kms.katalon.core.main.TestSuiteExecutor.accessTestCaseMainPhase(TestSuiteExecutor.java:129)
	at com.kms.katalon.core.main.TestSuiteExecutor.accessTestSuiteMainPhase(TestSuiteExecutor.java:112)
	at com.kms.katalon.core.main.TestSuiteExecutor.execute(TestSuiteExecutor.java:81)
	at com.kms.katalon.core.main.TestCaseMain.startTestSuite(TestCaseMain.java:149)
	at com.kms.katalon.core.main.TestCaseMain$startTestSuite$0.call(Unknown Source)
	at TempTestSuite1544738114009.run(TempTestSuite1544738114009.groovy:36)
"/>
         <system-out><![CDATA[2018-12-13 16:27:44 - [TEST_CASE][FAILED] - Test Cases/Admin Console/Account Settings/Prompts()/Prompts - Add PollPad Config: Test Cases/Admin Console/Account Settings/Prompts()/Prompts - Add PollPad Config FAILED.
Reason:
com.kms.katalon.core.exception.StepFailedException: Unable to set text 'alonzo.mack@knowink.com' of object 'Object Repository/Login/Email Address' (Root cause: com.kms.katalon.core.webui.exception.WebElementNotFoundException: Web element with id: 'Object Repository/Login/Email Address' located by 'By.xpath: //input[@id='user_email']' not found)
	at com.kms.katalon.core.keyword.internal.KeywordMain.stepFailed(KeywordMain.groovy:36)
	at com.kms.katalon.core.webui.keyword.internal.WebUIKeywordMain.stepFailed(WebUIKeywordMain.groovy:65)
	at com.kms.katalon.core.webui.keyword.internal.WebUIKeywordMain.runKeyword(WebUIKeywordMain.groovy:27)
	at com.kms.katalon.core.webui.keyword.builtin.SetTextKeyword.setText(SetTextKeyword.groovy:65)
	at com.kms.katalon.core.webui.keyword.builtin.SetTextKeyword.execute(SetTextKeyword.groovy:37)
	at com.kms.katalon.core.keyword.internal.KeywordExecutor.executeKeywordForPlatform(KeywordExecutor.groovy:53)
	at com.kms.katalon.core.webui.keyword.WebUiBuiltInKeywords.setText(WebUiBuiltInKeywords.groovy:950)
	at com.kms.katalon.core.webui.keyword.WebUiBuiltInKeywords$setText$1.call(Unknown Source)
	at Prompts - Add PollPad Config.run(Prompts - Add PollPad Config:23)
	at com.kms.katalon.core.main.ScriptEngine.run(ScriptEngine.java:194)
	at com.kms.katalon.core.main.ScriptEngine.runScriptAsRawText(ScriptEngine.java:119)
	at com.kms.katalon.core.main.TestCaseExecutor.runScript(TestCaseExecutor.java:321)
	at com.kms.katalon.core.main.TestCaseExecutor.doExecute(TestCaseExecutor.java:312)
	at com.kms.katalon.core.main.TestCaseExecutor.processExecutionPhase(TestCaseExecutor.java:291)
	at com.kms.katalon.core.main.TestCaseExecutor.accessMainPhase(TestCaseExecutor.java:283)
	at com.kms.katalon.core.main.TestCaseExecutor.execute(TestCaseExecutor.java:222)
	at com.kms.katalon.core.main.TestSuiteExecutor.accessTestCaseMainPhase(TestSuiteExecutor.java:129)
	at com.kms.katalon.core.main.TestSuiteExecutor.accessTestSuiteMainPhase(TestSuiteExecutor.java:112)
	at com.kms.katalon.core.main.TestSuiteExecutor.execute(TestSuiteExecutor.java:81)
	at com.kms.katalon.core.main.TestCaseMain.startTestSuite(TestCaseMain.java:149)
	at com.kms.katalon.core.main.TestCaseMain$startTestSuite$0.call(Unknown Source)
	at TempTestSuite1544738114009.run(TempTestSuite1544738114009.groovy:36)


2018-12-13 16:27:44 - [TEST_STEP][PASSED] - openBrowser(""): Browser is opened with url: ''

2018-12-13 16:27:44 - [MESSAGE][WARNING] - A browser is already opened. Closing browser and opening a new one

2018-12-13 16:27:44 - [MESSAGE][INFO] - Starting 'Chrome' driver

2018-12-13 16:27:45 - [MESSAGE][PASSED] - Browser is opened with url: ''

2018-12-13 16:27:45 - [TEST_STEP][PASSED] - navigateToUrl(URL): Navigate to 'https://epulsebeta2.com' successfully

2018-12-13 16:28:11 - [MESSAGE][PASSED] - Navigate to 'https://epulsebeta2.com' successfully

2018-12-13 16:28:11 - [TEST_STEP][FAILED] - setText(findTestObject("Login/Email Address"), User_email): setText(findTestObject("Login/Email Address"), User_email) FAILED.
Reason:
com.kms.katalon.core.exception.StepFailedException: Unable to set text 'alonzo.mack@knowink.com' of object 'Object Repository/Login/Email Address' (Root cause: com.kms.katalon.core.webui.exception.WebElementNotFoundException: Web element with id: 'Object Repository/Login/Email Address' located by 'By.xpath: //input[@id='user_email']' not found)
	at com.kms.katalon.core.keyword.internal.KeywordMain.stepFailed(KeywordMain.groovy:36)
	at com.kms.katalon.core.webui.keyword.internal.WebUIKeywordMain.stepFailed(WebUIKeywordMain.groovy:65)
	at com.kms.katalon.core.webui.keyword.internal.WebUIKeywordMain.runKeyword(WebUIKeywordMain.groovy:27)
	at com.kms.katalon.core.webui.keyword.builtin.SetTextKeyword.setText(SetTextKeyword.groovy:65)
	at com.kms.katalon.core.webui.keyword.builtin.SetTextKeyword.execute(SetTextKeyword.groovy:37)
	at com.kms.katalon.core.keyword.internal.KeywordExecutor.executeKeywordForPlatform(KeywordExecutor.groovy:53)
	at com.kms.katalon.core.webui.keyword.WebUiBuiltInKeywords.setText(WebUiBuiltInKeywords.groovy:950)
	at com.kms.katalon.core.webui.keyword.WebUiBuiltInKeywords$setText$1.call(Unknown Source)
	at Prompts - Add PollPad Config.run(Prompts - Add PollPad Config:23)
	at com.kms.katalon.core.main.ScriptEngine.run(ScriptEngine.java:194)
	at com.kms.katalon.core.main.ScriptEngine.runScriptAsRawText(ScriptEngine.java:119)
	at com.kms.katalon.core.main.TestCaseExecutor.runScript(TestCaseExecutor.java:321)
	at com.kms.katalon.core.main.TestCaseExecutor.doExecute(TestCaseExecutor.java:312)
	at com.kms.katalon.core.main.TestCaseExecutor.processExecutionPhase(TestCaseExecutor.java:291)
	at com.kms.katalon.core.main.TestCaseExecutor.accessMainPhase(TestCaseExecutor.java:283)
	at com.kms.katalon.core.main.TestCaseExecutor.execute(TestCaseExecutor.java:222)
	at com.kms.katalon.core.main.TestSuiteExecutor.accessTestCaseMainPhase(TestSuiteExecutor.java:129)
	at com.kms.katalon.core.main.TestSuiteExecutor.accessTestSuiteMainPhase(TestSuiteExecutor.java:112)
	at com.kms.katalon.core.main.TestSuiteExecutor.execute(TestSuiteExecutor.java:81)
	at com.kms.katalon.core.main.TestCaseMain.startTestSuite(TestCaseMain.java:149)
	at com.kms.katalon.core.main.TestCaseMain$startTestSuite$0.call(Unknown Source)
	at TempTestSuite1544738114009.run(TempTestSuite1544738114009.groovy:36)


2018-12-13 16:28:26 - [MESSAGE][INFO] - Unable to find the element located by 'By.xpath: //input[@id='user_email']'. Please recheck the objects properties to make sure the desired element is located. 

2018-12-13 16:28:26 - [MESSAGE][FAILED] - Unable to set text 'alonzo.mack@knowink.com' of object 'Object Repository/Login/Email Address' (Root cause: com.kms.katalon.core.webui.exception.WebElementNotFoundException: Web element with id: 'Object Repository/Login/Email Address' located by 'By.xpath: //input[@id='user_email']' not found)
[[ATTACHMENT|/Users/alonzomack/Katalon Studio/Regression/Reports/dev_staging ready/20181213_155510/1544740106363.png]]

2018-12-13 16:28:26 - [MESSAGE][FAILED] - setText(findTestObject("Login/Email Address"), User_email) FAILED.
Reason:
com.kms.katalon.core.exception.StepFailedException: Unable to set text 'alonzo.mack@knowink.com' of object 'Object Repository/Login/Email Address' (Root cause: com.kms.katalon.core.webui.exception.WebElementNotFoundException: Web element with id: 'Object Repository/Login/Email Address' located by 'By.xpath: //input[@id='user_email']' not found)
	at com.kms.katalon.core.keyword.internal.KeywordMain.stepFailed(KeywordMain.groovy:36)
	at com.kms.katalon.core.webui.keyword.internal.WebUIKeywordMain.stepFailed(WebUIKeywordMain.groovy:65)
	at com.kms.katalon.core.webui.keyword.internal.WebUIKeywordMain.runKeyword(WebUIKeywordMain.groovy:27)
	at com.kms.katalon.core.webui.keyword.builtin.SetTextKeyword.setText(SetTextKeyword.groovy:65)
	at com.kms.katalon.core.webui.keyword.builtin.SetTextKeyword.execute(SetTextKeyword.groovy:37)
	at com.kms.katalon.core.keyword.internal.KeywordExecutor.executeKeywordForPlatform(KeywordExecutor.groovy:53)
	at com.kms.katalon.core.webui.keyword.WebUiBuiltInKeywords.setText(WebUiBuiltInKeywords.groovy:950)
	at com.kms.katalon.core.webui.keyword.WebUiBuiltInKeywords$setText$1.call(Unknown Source)
	at Prompts - Add PollPad Config.run(Prompts - Add PollPad Config:23)
	at com.kms.katalon.core.main.ScriptEngine.run(ScriptEngine.java:194)
	at com.kms.katalon.core.main.ScriptEngine.runScriptAsRawText(ScriptEngine.java:119)
	at com.kms.katalon.core.main.TestCaseExecutor.runScript(TestCaseExecutor.java:321)
	at com.kms.katalon.core.main.TestCaseExecutor.doExecute(TestCaseExecutor.java:312)
	at com.kms.katalon.core.main.TestCaseExecutor.processExecutionPhase(TestCaseExecutor.java:291)
	at com.kms.katalon.core.main.TestCaseExecutor.accessMainPhase(TestCaseExecutor.java:283)
	at com.kms.katalon.core.main.TestCaseExecutor.execute(TestCaseExecutor.java:222)
	at com.kms.katalon.core.main.TestSuiteExecutor.accessTestCaseMainPhase(TestSuiteExecutor.java:129)
	at com.kms.katalon.core.main.TestSuiteExecutor.accessTestSuiteMainPhase(TestSuiteExecutor.java:112)
	at com.kms.katalon.core.main.TestSuiteExecutor.execute(TestSuiteExecutor.java:81)
	at com.kms.katalon.core.main.TestCaseMain.startTestSuite(TestCaseMain.java:149)
	at com.kms.katalon.core.main.TestCaseMain$startTestSuite$0.call(Unknown Source)
	at TempTestSuite1544738114009.run(TempTestSuite1544738114009.groovy:36)]]></system-out>
         <system-err><![CDATA[2018-12-13 16:27:44 - [TEST_CASE][FAILED] - Test Cases/Admin Console/Account Settings/Prompts()/Prompts - Add PollPad Config: Test Cases/Admin Console/Account Settings/Prompts()/Prompts - Add PollPad Config FAILED.
Reason:
com.kms.katalon.core.exception.StepFailedException: Unable to set text 'alonzo.mack@knowink.com' of object 'Object Repository/Login/Email Address' (Root cause: com.kms.katalon.core.webui.exception.WebElementNotFoundException: Web element with id: 'Object Repository/Login/Email Address' located by 'By.xpath: //input[@id='user_email']' not found)
	at com.kms.katalon.core.keyword.internal.KeywordMain.stepFailed(KeywordMain.groovy:36)
	at com.kms.katalon.core.webui.keyword.internal.WebUIKeywordMain.stepFailed(WebUIKeywordMain.groovy:65)
	at com.kms.katalon.core.webui.keyword.internal.WebUIKeywordMain.runKeyword(WebUIKeywordMain.groovy:27)
	at com.kms.katalon.core.webui.keyword.builtin.SetTextKeyword.setText(SetTextKeyword.groovy:65)
	at com.kms.katalon.core.webui.keyword.builtin.SetTextKeyword.execute(SetTextKeyword.groovy:37)
	at com.kms.katalon.core.keyword.internal.KeywordExecutor.executeKeywordForPlatform(KeywordExecutor.groovy:53)
	at com.kms.katalon.core.webui.keyword.WebUiBuiltInKeywords.setText(WebUiBuiltInKeywords.groovy:950)
	at com.kms.katalon.core.webui.keyword.WebUiBuiltInKeywords$setText$1.call(Unknown Source)
	at Prompts - Add PollPad Config.run(Prompts - Add PollPad Config:23)
	at com.kms.katalon.core.main.ScriptEngine.run(ScriptEngine.java:194)
	at com.kms.katalon.core.main.ScriptEngine.runScriptAsRawText(ScriptEngine.java:119)
	at com.kms.katalon.core.main.TestCaseExecutor.runScript(TestCaseExecutor.java:321)
	at com.kms.katalon.core.main.TestCaseExecutor.doExecute(TestCaseExecutor.java:312)
	at com.kms.katalon.core.main.TestCaseExecutor.processExecutionPhase(TestCaseExecutor.java:291)
	at com.kms.katalon.core.main.TestCaseExecutor.accessMainPhase(TestCaseExecutor.java:283)
	at com.kms.katalon.core.main.TestCaseExecutor.execute(TestCaseExecutor.java:222)
	at com.kms.katalon.core.main.TestSuiteExecutor.accessTestCaseMainPhase(TestSuiteExecutor.java:129)
	at com.kms.katalon.core.main.TestSuiteExecutor.accessTestSuiteMainPhase(TestSuiteExecutor.java:112)
	at com.kms.katalon.core.main.TestSuiteExecutor.execute(TestSuiteExecutor.java:81)
	at com.kms.katalon.core.main.TestCaseMain.startTestSuite(TestCaseMain.java:149)
	at com.kms.katalon.core.main.TestCaseMain$startTestSuite$0.call(Unknown Source)
	at TempTestSuite1544738114009.run(TempTestSuite1544738114009.groovy:36)]]></system-err>
      </testcase>
      <testcase name="Test Cases/Admin Console/Account Settings/Prompts()/Prompts - Buttons" classname="Test Cases/Admin Console/Account Settings/Prompts()/Prompts - Buttons" status="FAILED">
         <failure type="FAILED" message="Test Cases/Admin Console/Account Settings/Prompts()/Prompts - Buttons FAILED.
Reason:
com.kms.katalon.core.exception.StepFailedException: Unable to click on object 'Object Repository/Admin Console ePulse Menu/Account Settings/Prompts/Add_BUTTON_To_Prompt' (Root cause: com.kms.katalon.core.webui.exception.WebElementNotFoundException: Web element with id: 'Object Repository/Admin Console ePulse Menu/Account Settings/Prompts/Add_BUTTON_To_Prompt' located by 'By.xpath: //a[@href = '#' and (text() = 'Buttons
                  ' or . = 'Buttons
                  ')]' not found)
	at com.kms.katalon.core.keyword.internal.KeywordMain.stepFailed(KeywordMain.groovy:36)
	at com.kms.katalon.core.webui.keyword.internal.WebUIKeywordMain.stepFailed(WebUIKeywordMain.groovy:65)
	at com.kms.katalon.core.webui.keyword.internal.WebUIKeywordMain.runKeyword(WebUIKeywordMain.groovy:27)
	at com.kms.katalon.core.webui.keyword.builtin.ClickKeyword.click(ClickKeyword.groovy:86)
	at com.kms.katalon.core.webui.keyword.builtin.ClickKeyword.execute(ClickKeyword.groovy:67)
	at com.kms.katalon.core.keyword.internal.KeywordExecutor.executeKeywordForPlatform(KeywordExecutor.groovy:53)
	at com.kms.katalon.core.webui.keyword.WebUiBuiltInKeywords.click(WebUiBuiltInKeywords.groovy:616)
	at com.kms.katalon.core.webui.keyword.WebUiBuiltInKeywords$click$3.call(Unknown Source)
	at Prompts - Buttons.run(Prompts - Buttons:44)
	at com.kms.katalon.core.main.ScriptEngine.run(ScriptEngine.java:194)
	at com.kms.katalon.core.main.ScriptEngine.runScriptAsRawText(ScriptEngine.java:119)
	at com.kms.katalon.core.main.TestCaseExecutor.runScript(TestCaseExecutor.java:321)
	at com.kms.katalon.core.main.TestCaseExecutor.doExecute(TestCaseExecutor.java:312)
	at com.kms.katalon.core.main.TestCaseExecutor.processExecutionPhase(TestCaseExecutor.java:291)
	at com.kms.katalon.core.main.TestCaseExecutor.accessMainPhase(TestCaseExecutor.java:283)
	at com.kms.katalon.core.main.TestCaseExecutor.execute(TestCaseExecutor.java:222)
	at com.kms.katalon.core.main.TestSuiteExecutor.accessTestCaseMainPhase(TestSuiteExecutor.java:129)
	at com.kms.katalon.core.main.TestSuiteExecutor.accessTestSuiteMainPhase(TestSuiteExecutor.java:112)
	at com.kms.katalon.core.main.TestSuiteExecutor.execute(TestSuiteExecutor.java:81)
	at com.kms.katalon.core.main.TestCaseMain.startTestSuite(TestCaseMain.java:149)
	at com.kms.katalon.core.main.TestCaseMain$startTestSuite$0.call(Unknown Source)
	at TempTestSuite1544738114009.run(TempTestSuite1544738114009.groovy:36)
"/>
         <system-out><![CDATA[2018-12-13 16:28:26 - [TEST_CASE][FAILED] - Test Cases/Admin Console/Account Settings/Prompts()/Prompts - Buttons: Test Cases/Admin Console/Account Settings/Prompts()/Prompts - Buttons FAILED.
Reason:
com.kms.katalon.core.exception.StepFailedException: Unable to click on object 'Object Repository/Admin Console ePulse Menu/Account Settings/Prompts/Add_BUTTON_To_Prompt' (Root cause: com.kms.katalon.core.webui.exception.WebElementNotFoundException: Web element with id: 'Object Repository/Admin Console ePulse Menu/Account Settings/Prompts/Add_BUTTON_To_Prompt' located by 'By.xpath: //a[@href = '#' and (text() = 'Buttons
                  ' or . = 'Buttons
                  ')]' not found)
	at com.kms.katalon.core.keyword.internal.KeywordMain.stepFailed(KeywordMain.groovy:36)
	at com.kms.katalon.core.webui.keyword.internal.WebUIKeywordMain.stepFailed(WebUIKeywordMain.groovy:65)
	at com.kms.katalon.core.webui.keyword.internal.WebUIKeywordMain.runKeyword(WebUIKeywordMain.groovy:27)
	at com.kms.katalon.core.webui.keyword.builtin.ClickKeyword.click(ClickKeyword.groovy:86)
	at com.kms.katalon.core.webui.keyword.builtin.ClickKeyword.execute(ClickKeyword.groovy:67)
	at com.kms.katalon.core.keyword.internal.KeywordExecutor.executeKeywordForPlatform(KeywordExecutor.groovy:53)
	at com.kms.katalon.core.webui.keyword.WebUiBuiltInKeywords.click(WebUiBuiltInKeywords.groovy:616)
	at com.kms.katalon.core.webui.keyword.WebUiBuiltInKeywords$click$3.call(Unknown Source)
	at Prompts - Buttons.run(Prompts - Buttons:44)
	at com.kms.katalon.core.main.ScriptEngine.run(ScriptEngine.java:194)
	at com.kms.katalon.core.main.ScriptEngine.runScriptAsRawText(ScriptEngine.java:119)
	at com.kms.katalon.core.main.TestCaseExecutor.runScript(TestCaseExecutor.java:321)
	at com.kms.katalon.core.main.TestCaseExecutor.doExecute(TestCaseExecutor.java:312)
	at com.kms.katalon.core.main.TestCaseExecutor.processExecutionPhase(TestCaseExecutor.java:291)
	at com.kms.katalon.core.main.TestCaseExecutor.accessMainPhase(TestCaseExecutor.java:283)
	at com.kms.katalon.core.main.TestCaseExecutor.execute(TestCaseExecutor.java:222)
	at com.kms.katalon.core.main.TestSuiteExecutor.accessTestCaseMainPhase(TestSuiteExecutor.java:129)
	at com.kms.katalon.core.main.TestSuiteExecutor.accessTestSuiteMainPhase(TestSuiteExecutor.java:112)
	at com.kms.katalon.core.main.TestSuiteExecutor.execute(TestSuiteExecutor.java:81)
	at com.kms.katalon.core.main.TestCaseMain.startTestSuite(TestCaseMain.java:149)
	at com.kms.katalon.core.main.TestCaseMain$startTestSuite$0.call(Unknown Source)
	at TempTestSuite1544738114009.run(TempTestSuite1544738114009.groovy:36)


2018-12-13 16:28:26 - [TEST_STEP][PASSED] - openBrowser(""): Browser is opened with url: ''

2018-12-13 16:28:26 - [MESSAGE][WARNING] - A browser is already opened. Closing browser and opening a new one

2018-12-13 16:28:27 - [MESSAGE][INFO] - Starting 'Chrome' driver

2018-12-13 16:28:28 - [MESSAGE][PASSED] - Browser is opened with url: ''

2018-12-13 16:28:28 - [TEST_STEP][PASSED] - navigateToUrl(URL): Navigate to 'https://epulsebeta2.com' successfully

2018-12-13 16:28:30 - [MESSAGE][PASSED] - Navigate to 'https://epulsebeta2.com' successfully

2018-12-13 16:28:30 - [TEST_STEP][PASSED] - setText(findTestObject("Login/Email Address"), User_email): Text 'alonzo.mack@knowink.com' is set on object 'Object Repository/Login/Email Address'

2018-12-13 16:28:30 - [MESSAGE][PASSED] - Text 'alonzo.mack@knowink.com' is set on object 'Object Repository/Login/Email Address'

2018-12-13 16:28:30 - [TEST_STEP][PASSED] - setEncryptedText(findTestObject("Login/Password"), Pswrd): Text ****** has been set on object 'Object Repository/Login/Password'

2018-12-13 16:28:30 - [MESSAGE][PASSED] - Text ****** has been set on object 'Object Repository/Login/Password'

2018-12-13 16:28:30 - [TEST_STEP][PASSED] - click(findTestObject("Login/Sign In")): Object: 'Object Repository/Login/Sign In' is clicked on

2018-12-13 16:28:31 - [MESSAGE][PASSED] - Object: 'Object Repository/Login/Sign In' is clicked on

2018-12-13 16:28:31 - [TEST_STEP][PASSED] - delay(1): Delayed 1 second(s)

2018-12-13 16:28:32 - [MESSAGE][PASSED] - Delayed 1 second(s)

2018-12-13 16:28:32 - [TEST_STEP][PASSED] - navigateToUrl(Prompts, STOP_ON_FAILURE): Navigate to 'https://am-Automation-test.epulsebeta2.com/prompts' successfully

2018-12-13 16:28:33 - [MESSAGE][PASSED] - Navigate to 'https://am-Automation-test.epulsebeta2.com/prompts' successfully

2018-12-13 16:28:33 - [TEST_STEP][PASSED] - delay(1): Delayed 1 second(s)

2018-12-13 16:28:34 - [MESSAGE][PASSED] - Delayed 1 second(s)

2018-12-13 16:28:34 - [TEST_STEP][FAILED] - click(findTestObject("Admin Console ePulse Menu/Account Settings/Prompts/Add_BUTTON_To_Prompt")): click(findTestObject("Admin Console ePulse Menu/Account Settings/Prompts/Add_BUTTON_To_Prompt")) FAILED.
Reason:
com.kms.katalon.core.exception.StepFailedException: Unable to click on object 'Object Repository/Admin Console ePulse Menu/Account Settings/Prompts/Add_BUTTON_To_Prompt' (Root cause: com.kms.katalon.core.webui.exception.WebElementNotFoundException: Web element with id: 'Object Repository/Admin Console ePulse Menu/Account Settings/Prompts/Add_BUTTON_To_Prompt' located by 'By.xpath: //a[@href = '#' and (text() = 'Buttons
                  ' or . = 'Buttons
                  ')]' not found)
	at com.kms.katalon.core.keyword.internal.KeywordMain.stepFailed(KeywordMain.groovy:36)
	at com.kms.katalon.core.webui.keyword.internal.WebUIKeywordMain.stepFailed(WebUIKeywordMain.groovy:65)
	at com.kms.katalon.core.webui.keyword.internal.WebUIKeywordMain.runKeyword(WebUIKeywordMain.groovy:27)
	at com.kms.katalon.core.webui.keyword.builtin.ClickKeyword.click(ClickKeyword.groovy:86)
	at com.kms.katalon.core.webui.keyword.builtin.ClickKeyword.execute(ClickKeyword.groovy:67)
	at com.kms.katalon.core.keyword.internal.KeywordExecutor.executeKeywordForPlatform(KeywordExecutor.groovy:53)
	at com.kms.katalon.core.webui.keyword.WebUiBuiltInKeywords.click(WebUiBuiltInKeywords.groovy:616)
	at com.kms.katalon.core.webui.keyword.WebUiBuiltInKeywords$click$3.call(Unknown Source)
	at Prompts - Buttons.run(Prompts - Buttons:44)
	at com.kms.katalon.core.main.ScriptEngine.run(ScriptEngine.java:194)
	at com.kms.katalon.core.main.ScriptEngine.runScriptAsRawText(ScriptEngine.java:119)
	at com.kms.katalon.core.main.TestCaseExecutor.runScript(TestCaseExecutor.java:321)
	at com.kms.katalon.core.main.TestCaseExecutor.doExecute(TestCaseExecutor.java:312)
	at com.kms.katalon.core.main.TestCaseExecutor.processExecutionPhase(TestCaseExecutor.java:291)
	at com.kms.katalon.core.main.TestCaseExecutor.accessMainPhase(TestCaseExecutor.java:283)
	at com.kms.katalon.core.main.TestCaseExecutor.execute(TestCaseExecutor.java:222)
	at com.kms.katalon.core.main.TestSuiteExecutor.accessTestCaseMainPhase(TestSuiteExecutor.java:129)
	at com.kms.katalon.core.main.TestSuiteExecutor.accessTestSuiteMainPhase(TestSuiteExecutor.java:112)
	at com.kms.katalon.core.main.TestSuiteExecutor.execute(TestSuiteExecutor.java:81)
	at com.kms.katalon.core.main.TestCaseMain.startTestSuite(TestCaseMain.java:149)
	at com.kms.katalon.core.main.TestCaseMain$startTestSuite$0.call(Unknown Source)
	at TempTestSuite1544738114009.run(TempTestSuite1544738114009.groovy:36)


2018-12-13 16:28:50 - [MESSAGE][INFO] - Unable to find the element located by 'By.xpath: //a[@href = '#' and (text() = 'Buttons
                  ' or . = 'Buttons
                  ')]'. Please recheck the objects properties to make sure the desired element is located. 

2018-12-13 16:28:50 - [MESSAGE][FAILED] - Unable to click on object 'Object Repository/Admin Console ePulse Menu/Account Settings/Prompts/Add_BUTTON_To_Prompt' (Root cause: com.kms.katalon.core.webui.exception.WebElementNotFoundException: Web element with id: 'Object Repository/Admin Console ePulse Menu/Account Settings/Prompts/Add_BUTTON_To_Prompt' located by 'By.xpath: //a[@href = '#' and (text() = 'Buttons
                  ' or . = 'Buttons
                  ')]' not found)
[[ATTACHMENT|/Users/alonzomack/Katalon Studio/Regression/Reports/dev_staging ready/20181213_155510/1544740130111.png]]

2018-12-13 16:28:50 - [MESSAGE][FAILED] - click(findTestObject("Admin Console ePulse Menu/Account Settings/Prompts/Add_BUTTON_To_Prompt")) FAILED.
Reason:
com.kms.katalon.core.exception.StepFailedException: Unable to click on object 'Object Repository/Admin Console ePulse Menu/Account Settings/Prompts/Add_BUTTON_To_Prompt' (Root cause: com.kms.katalon.core.webui.exception.WebElementNotFoundException: Web element with id: 'Object Repository/Admin Console ePulse Menu/Account Settings/Prompts/Add_BUTTON_To_Prompt' located by 'By.xpath: //a[@href = '#' and (text() = 'Buttons
                  ' or . = 'Buttons
                  ')]' not found)
	at com.kms.katalon.core.keyword.internal.KeywordMain.stepFailed(KeywordMain.groovy:36)
	at com.kms.katalon.core.webui.keyword.internal.WebUIKeywordMain.stepFailed(WebUIKeywordMain.groovy:65)
	at com.kms.katalon.core.webui.keyword.internal.WebUIKeywordMain.runKeyword(WebUIKeywordMain.groovy:27)
	at com.kms.katalon.core.webui.keyword.builtin.ClickKeyword.click(ClickKeyword.groovy:86)
	at com.kms.katalon.core.webui.keyword.builtin.ClickKeyword.execute(ClickKeyword.groovy:67)
	at com.kms.katalon.core.keyword.internal.KeywordExecutor.executeKeywordForPlatform(KeywordExecutor.groovy:53)
	at com.kms.katalon.core.webui.keyword.WebUiBuiltInKeywords.click(WebUiBuiltInKeywords.groovy:616)
	at com.kms.katalon.core.webui.keyword.WebUiBuiltInKeywords$click$3.call(Unknown Source)
	at Prompts - Buttons.run(Prompts - Buttons:44)
	at com.kms.katalon.core.main.ScriptEngine.run(ScriptEngine.java:194)
	at com.kms.katalon.core.main.ScriptEngine.runScriptAsRawText(ScriptEngine.java:119)
	at com.kms.katalon.core.main.TestCaseExecutor.runScript(TestCaseExecutor.java:321)
	at com.kms.katalon.core.main.TestCaseExecutor.doExecute(TestCaseExecutor.java:312)
	at com.kms.katalon.core.main.TestCaseExecutor.processExecutionPhase(TestCaseExecutor.java:291)
	at com.kms.katalon.core.main.TestCaseExecutor.accessMainPhase(TestCaseExecutor.java:283)
	at com.kms.katalon.core.main.TestCaseExecutor.execute(TestCaseExecutor.java:222)
	at com.kms.katalon.core.main.TestSuiteExecutor.accessTestCaseMainPhase(TestSuiteExecutor.java:129)
	at com.kms.katalon.core.main.TestSuiteExecutor.accessTestSuiteMainPhase(TestSuiteExecutor.java:112)
	at com.kms.katalon.core.main.TestSuiteExecutor.execute(TestSuiteExecutor.java:81)
	at com.kms.katalon.core.main.TestCaseMain.startTestSuite(TestCaseMain.java:149)
	at com.kms.katalon.core.main.TestCaseMain$startTestSuite$0.call(Unknown Source)
	at TempTestSuite1544738114009.run(TempTestSuite1544738114009.groovy:36)]]></system-out>
         <system-err><![CDATA[2018-12-13 16:28:26 - [TEST_CASE][FAILED] - Test Cases/Admin Console/Account Settings/Prompts()/Prompts - Buttons: Test Cases/Admin Console/Account Settings/Prompts()/Prompts - Buttons FAILED.
Reason:
com.kms.katalon.core.exception.StepFailedException: Unable to click on object 'Object Repository/Admin Console ePulse Menu/Account Settings/Prompts/Add_BUTTON_To_Prompt' (Root cause: com.kms.katalon.core.webui.exception.WebElementNotFoundException: Web element with id: 'Object Repository/Admin Console ePulse Menu/Account Settings/Prompts/Add_BUTTON_To_Prompt' located by 'By.xpath: //a[@href = '#' and (text() = 'Buttons
                  ' or . = 'Buttons
                  ')]' not found)
	at com.kms.katalon.core.keyword.internal.KeywordMain.stepFailed(KeywordMain.groovy:36)
	at com.kms.katalon.core.webui.keyword.internal.WebUIKeywordMain.stepFailed(WebUIKeywordMain.groovy:65)
	at com.kms.katalon.core.webui.keyword.internal.WebUIKeywordMain.runKeyword(WebUIKeywordMain.groovy:27)
	at com.kms.katalon.core.webui.keyword.builtin.ClickKeyword.click(ClickKeyword.groovy:86)
	at com.kms.katalon.core.webui.keyword.builtin.ClickKeyword.execute(ClickKeyword.groovy:67)
	at com.kms.katalon.core.keyword.internal.KeywordExecutor.executeKeywordForPlatform(KeywordExecutor.groovy:53)
	at com.kms.katalon.core.webui.keyword.WebUiBuiltInKeywords.click(WebUiBuiltInKeywords.groovy:616)
	at com.kms.katalon.core.webui.keyword.WebUiBuiltInKeywords$click$3.call(Unknown Source)
	at Prompts - Buttons.run(Prompts - Buttons:44)
	at com.kms.katalon.core.main.ScriptEngine.run(ScriptEngine.java:194)
	at com.kms.katalon.core.main.ScriptEngine.runScriptAsRawText(ScriptEngine.java:119)
	at com.kms.katalon.core.main.TestCaseExecutor.runScript(TestCaseExecutor.java:321)
	at com.kms.katalon.core.main.TestCaseExecutor.doExecute(TestCaseExecutor.java:312)
	at com.kms.katalon.core.main.TestCaseExecutor.processExecutionPhase(TestCaseExecutor.java:291)
	at com.kms.katalon.core.main.TestCaseExecutor.accessMainPhase(TestCaseExecutor.java:283)
	at com.kms.katalon.core.main.TestCaseExecutor.execute(TestCaseExecutor.java:222)
	at com.kms.katalon.core.main.TestSuiteExecutor.accessTestCaseMainPhase(TestSuiteExecutor.java:129)
	at com.kms.katalon.core.main.TestSuiteExecutor.accessTestSuiteMainPhase(TestSuiteExecutor.java:112)
	at com.kms.katalon.core.main.TestSuiteExecutor.execute(TestSuiteExecutor.java:81)
	at com.kms.katalon.core.main.TestCaseMain.startTestSuite(TestCaseMain.java:149)
	at com.kms.katalon.core.main.TestCaseMain$startTestSuite$0.call(Unknown Source)
	at TempTestSuite1544738114009.run(TempTestSuite1544738114009.groovy:36)]]></system-err>
      </testcase>
      <testcase name="Test Cases/Admin Console/Account Settings/Prompts()/Prompts - Import" classname="Test Cases/Admin Console/Account Settings/Prompts()/Prompts - Import" status="FAILED">
         <failure type="FAILED" message="Test Cases/Admin Console/Account Settings/Prompts()/Prompts - Import FAILED.
Reason:
com.kms.katalon.core.exception.StepFailedException: Unable to set text '/Users/alonzomack/Downloads/prompts-3.txt' of object 'Object Repository/Admin Console ePulse Menu/Account Settings/Prompts/Import Prompts Buttons/Choose File' (Root cause: com.kms.katalon.core.webui.exception.WebElementNotFoundException: Web element with id: 'Object Repository/Admin Console ePulse Menu/Account Settings/Prompts/Import Prompts Buttons/Choose File' located by 'By.xpath: //input[@id=&quot;upload_file_input&quot;]' not found)
	at com.kms.katalon.core.keyword.internal.KeywordMain.stepFailed(KeywordMain.groovy:36)
	at com.kms.katalon.core.webui.keyword.internal.WebUIKeywordMain.stepFailed(WebUIKeywordMain.groovy:65)
	at com.kms.katalon.core.webui.keyword.internal.WebUIKeywordMain.runKeyword(WebUIKeywordMain.groovy:27)
	at com.kms.katalon.core.webui.keyword.builtin.SetTextKeyword.setText(SetTextKeyword.groovy:65)
	at com.kms.katalon.core.webui.keyword.builtin.SetTextKeyword.execute(SetTextKeyword.groovy:37)
	at com.kms.katalon.core.keyword.internal.KeywordExecutor.executeKeywordForPlatform(KeywordExecutor.groovy:53)
	at com.kms.katalon.core.webui.keyword.WebUiBuiltInKeywords.setText(WebUiBuiltInKeywords.groovy:950)
	at com.kms.katalon.core.webui.keyword.WebUiBuiltInKeywords$setText$1.call(Unknown Source)
	at Prompts - Import.run(Prompts - Import:43)
	at com.kms.katalon.core.main.ScriptEngine.run(ScriptEngine.java:194)
	at com.kms.katalon.core.main.ScriptEngine.runScriptAsRawText(ScriptEngine.java:119)
	at com.kms.katalon.core.main.TestCaseExecutor.runScript(TestCaseExecutor.java:321)
	at com.kms.katalon.core.main.TestCaseExecutor.doExecute(TestCaseExecutor.java:312)
	at com.kms.katalon.core.main.TestCaseExecutor.processExecutionPhase(TestCaseExecutor.java:291)
	at com.kms.katalon.core.main.TestCaseExecutor.accessMainPhase(TestCaseExecutor.java:283)
	at com.kms.katalon.core.main.TestCaseExecutor.execute(TestCaseExecutor.java:222)
	at com.kms.katalon.core.main.TestSuiteExecutor.accessTestCaseMainPhase(TestSuiteExecutor.java:129)
	at com.kms.katalon.core.main.TestSuiteExecutor.accessTestSuiteMainPhase(TestSuiteExecutor.java:112)
	at com.kms.katalon.core.main.TestSuiteExecutor.execute(TestSuiteExecutor.java:81)
	at com.kms.katalon.core.main.TestCaseMain.startTestSuite(TestCaseMain.java:149)
	at com.kms.katalon.core.main.TestCaseMain$startTestSuite$0.call(Unknown Source)
	at TempTestSuite1544738114009.run(TempTestSuite1544738114009.groovy:36)
"/>
         <system-out><![CDATA[2018-12-13 16:28:50 - [TEST_CASE][FAILED] - Test Cases/Admin Console/Account Settings/Prompts()/Prompts - Import: Test Cases/Admin Console/Account Settings/Prompts()/Prompts - Import FAILED.
Reason:
com.kms.katalon.core.exception.StepFailedException: Unable to set text '/Users/alonzomack/Downloads/prompts-3.txt' of object 'Object Repository/Admin Console ePulse Menu/Account Settings/Prompts/Import Prompts Buttons/Choose File' (Root cause: com.kms.katalon.core.webui.exception.WebElementNotFoundException: Web element with id: 'Object Repository/Admin Console ePulse Menu/Account Settings/Prompts/Import Prompts Buttons/Choose File' located by 'By.xpath: //input[@id="upload_file_input"]' not found)
	at com.kms.katalon.core.keyword.internal.KeywordMain.stepFailed(KeywordMain.groovy:36)
	at com.kms.katalon.core.webui.keyword.internal.WebUIKeywordMain.stepFailed(WebUIKeywordMain.groovy:65)
	at com.kms.katalon.core.webui.keyword.internal.WebUIKeywordMain.runKeyword(WebUIKeywordMain.groovy:27)
	at com.kms.katalon.core.webui.keyword.builtin.SetTextKeyword.setText(SetTextKeyword.groovy:65)
	at com.kms.katalon.core.webui.keyword.builtin.SetTextKeyword.execute(SetTextKeyword.groovy:37)
	at com.kms.katalon.core.keyword.internal.KeywordExecutor.executeKeywordForPlatform(KeywordExecutor.groovy:53)
	at com.kms.katalon.core.webui.keyword.WebUiBuiltInKeywords.setText(WebUiBuiltInKeywords.groovy:950)
	at com.kms.katalon.core.webui.keyword.WebUiBuiltInKeywords$setText$1.call(Unknown Source)
	at Prompts - Import.run(Prompts - Import:43)
	at com.kms.katalon.core.main.ScriptEngine.run(ScriptEngine.java:194)
	at com.kms.katalon.core.main.ScriptEngine.runScriptAsRawText(ScriptEngine.java:119)
	at com.kms.katalon.core.main.TestCaseExecutor.runScript(TestCaseExecutor.java:321)
	at com.kms.katalon.core.main.TestCaseExecutor.doExecute(TestCaseExecutor.java:312)
	at com.kms.katalon.core.main.TestCaseExecutor.processExecutionPhase(TestCaseExecutor.java:291)
	at com.kms.katalon.core.main.TestCaseExecutor.accessMainPhase(TestCaseExecutor.java:283)
	at com.kms.katalon.core.main.TestCaseExecutor.execute(TestCaseExecutor.java:222)
	at com.kms.katalon.core.main.TestSuiteExecutor.accessTestCaseMainPhase(TestSuiteExecutor.java:129)
	at com.kms.katalon.core.main.TestSuiteExecutor.accessTestSuiteMainPhase(TestSuiteExecutor.java:112)
	at com.kms.katalon.core.main.TestSuiteExecutor.execute(TestSuiteExecutor.java:81)
	at com.kms.katalon.core.main.TestCaseMain.startTestSuite(TestCaseMain.java:149)
	at com.kms.katalon.core.main.TestCaseMain$startTestSuite$0.call(Unknown Source)
	at TempTestSuite1544738114009.run(TempTestSuite1544738114009.groovy:36)


2018-12-13 16:28:50 - [TEST_STEP][PASSED] - openBrowser(""): Browser is opened with url: ''

2018-12-13 16:28:50 - [MESSAGE][WARNING] - A browser is already opened. Closing browser and opening a new one

2018-12-13 16:28:51 - [MESSAGE][INFO] - Starting 'Chrome' driver

2018-12-13 16:28:52 - [MESSAGE][PASSED] - Browser is opened with url: ''

2018-12-13 16:28:52 - [TEST_STEP][PASSED] - navigateToUrl(URL): Navigate to 'https://epulsebeta2.com' successfully

2018-12-13 16:28:53 - [MESSAGE][PASSED] - Navigate to 'https://epulsebeta2.com' successfully

2018-12-13 16:28:53 - [TEST_STEP][PASSED] - setText(findTestObject("Login/Email Address"), User_email): Text 'alonzo.mack@knowink.com' is set on object 'Object Repository/Login/Email Address'

2018-12-13 16:28:54 - [MESSAGE][PASSED] - Text 'alonzo.mack@knowink.com' is set on object 'Object Repository/Login/Email Address'

2018-12-13 16:28:54 - [TEST_STEP][PASSED] - setEncryptedText(findTestObject("Login/Password"), Pswrd): Text ****** has been set on object 'Object Repository/Login/Password'

2018-12-13 16:28:54 - [MESSAGE][PASSED] - Text ****** has been set on object 'Object Repository/Login/Password'

2018-12-13 16:28:54 - [TEST_STEP][PASSED] - click(findTestObject("Login/Sign In")): Object: 'Object Repository/Login/Sign In' is clicked on

2018-12-13 16:28:55 - [MESSAGE][PASSED] - Object: 'Object Repository/Login/Sign In' is clicked on

2018-12-13 16:28:55 - [TEST_STEP][PASSED] - delay(1): Delayed 1 second(s)

2018-12-13 16:28:56 - [MESSAGE][PASSED] - Delayed 1 second(s)

2018-12-13 16:28:56 - [TEST_STEP][PASSED] - navigateToUrl(Prompts, STOP_ON_FAILURE): Navigate to 'https://am-Automation-test.epulsebeta2.com/prompts' successfully

2018-12-13 16:28:56 - [MESSAGE][PASSED] - Navigate to 'https://am-Automation-test.epulsebeta2.com/prompts' successfully

2018-12-13 16:28:56 - [TEST_STEP][FAILED] - setText(findTestObject("Admin Console ePulse Menu/Account Settings/Prompts/Import Prompts Buttons/Choose File"), "/Users/alonzomack/Downloads/prompts-3.txt"): setText(findTestObject("Admin Console ePulse Menu/Account Settings/Prompts/Import Prompts Buttons/Choose File"), "/Users/alonzomack/Downloads/prompts-3.txt") FAILED.
Reason:
com.kms.katalon.core.exception.StepFailedException: Unable to set text '/Users/alonzomack/Downloads/prompts-3.txt' of object 'Object Repository/Admin Console ePulse Menu/Account Settings/Prompts/Import Prompts Buttons/Choose File' (Root cause: com.kms.katalon.core.webui.exception.WebElementNotFoundException: Web element with id: 'Object Repository/Admin Console ePulse Menu/Account Settings/Prompts/Import Prompts Buttons/Choose File' located by 'By.xpath: //input[@id="upload_file_input"]' not found)
	at com.kms.katalon.core.keyword.internal.KeywordMain.stepFailed(KeywordMain.groovy:36)
	at com.kms.katalon.core.webui.keyword.internal.WebUIKeywordMain.stepFailed(WebUIKeywordMain.groovy:65)
	at com.kms.katalon.core.webui.keyword.internal.WebUIKeywordMain.runKeyword(WebUIKeywordMain.groovy:27)
	at com.kms.katalon.core.webui.keyword.builtin.SetTextKeyword.setText(SetTextKeyword.groovy:65)
	at com.kms.katalon.core.webui.keyword.builtin.SetTextKeyword.execute(SetTextKeyword.groovy:37)
	at com.kms.katalon.core.keyword.internal.KeywordExecutor.executeKeywordForPlatform(KeywordExecutor.groovy:53)
	at com.kms.katalon.core.webui.keyword.WebUiBuiltInKeywords.setText(WebUiBuiltInKeywords.groovy:950)
	at com.kms.katalon.core.webui.keyword.WebUiBuiltInKeywords$setText$1.call(Unknown Source)
	at Prompts - Import.run(Prompts - Import:43)
	at com.kms.katalon.core.main.ScriptEngine.run(ScriptEngine.java:194)
	at com.kms.katalon.core.main.ScriptEngine.runScriptAsRawText(ScriptEngine.java:119)
	at com.kms.katalon.core.main.TestCaseExecutor.runScript(TestCaseExecutor.java:321)
	at com.kms.katalon.core.main.TestCaseExecutor.doExecute(TestCaseExecutor.java:312)
	at com.kms.katalon.core.main.TestCaseExecutor.processExecutionPhase(TestCaseExecutor.java:291)
	at com.kms.katalon.core.main.TestCaseExecutor.accessMainPhase(TestCaseExecutor.java:283)
	at com.kms.katalon.core.main.TestCaseExecutor.execute(TestCaseExecutor.java:222)
	at com.kms.katalon.core.main.TestSuiteExecutor.accessTestCaseMainPhase(TestSuiteExecutor.java:129)
	at com.kms.katalon.core.main.TestSuiteExecutor.accessTestSuiteMainPhase(TestSuiteExecutor.java:112)
	at com.kms.katalon.core.main.TestSuiteExecutor.execute(TestSuiteExecutor.java:81)
	at com.kms.katalon.core.main.TestCaseMain.startTestSuite(TestCaseMain.java:149)
	at com.kms.katalon.core.main.TestCaseMain$startTestSuite$0.call(Unknown Source)
	at TempTestSuite1544738114009.run(TempTestSuite1544738114009.groovy:36)


2018-12-13 16:29:12 - [MESSAGE][INFO] - Unable to find the element located by 'By.xpath: //input[@id="upload_file_input"]'. Please recheck the objects properties to make sure the desired element is located. 

2018-12-13 16:29:12 - [MESSAGE][FAILED] - Unable to set text '/Users/alonzomack/Downloads/prompts-3.txt' of object 'Object Repository/Admin Console ePulse Menu/Account Settings/Prompts/Import Prompts Buttons/Choose File' (Root cause: com.kms.katalon.core.webui.exception.WebElementNotFoundException: Web element with id: 'Object Repository/Admin Console ePulse Menu/Account Settings/Prompts/Import Prompts Buttons/Choose File' located by 'By.xpath: //input[@id="upload_file_input"]' not found)
[[ATTACHMENT|/Users/alonzomack/Katalon Studio/Regression/Reports/dev_staging ready/20181213_155510/1544740152159.png]]

2018-12-13 16:29:12 - [MESSAGE][FAILED] - setText(findTestObject("Admin Console ePulse Menu/Account Settings/Prompts/Import Prompts Buttons/Choose File"), "/Users/alonzomack/Downloads/prompts-3.txt") FAILED.
Reason:
com.kms.katalon.core.exception.StepFailedException: Unable to set text '/Users/alonzomack/Downloads/prompts-3.txt' of object 'Object Repository/Admin Console ePulse Menu/Account Settings/Prompts/Import Prompts Buttons/Choose File' (Root cause: com.kms.katalon.core.webui.exception.WebElementNotFoundException: Web element with id: 'Object Repository/Admin Console ePulse Menu/Account Settings/Prompts/Import Prompts Buttons/Choose File' located by 'By.xpath: //input[@id="upload_file_input"]' not found)
	at com.kms.katalon.core.keyword.internal.KeywordMain.stepFailed(KeywordMain.groovy:36)
	at com.kms.katalon.core.webui.keyword.internal.WebUIKeywordMain.stepFailed(WebUIKeywordMain.groovy:65)
	at com.kms.katalon.core.webui.keyword.internal.WebUIKeywordMain.runKeyword(WebUIKeywordMain.groovy:27)
	at com.kms.katalon.core.webui.keyword.builtin.SetTextKeyword.setText(SetTextKeyword.groovy:65)
	at com.kms.katalon.core.webui.keyword.builtin.SetTextKeyword.execute(SetTextKeyword.groovy:37)
	at com.kms.katalon.core.keyword.internal.KeywordExecutor.executeKeywordForPlatform(KeywordExecutor.groovy:53)
	at com.kms.katalon.core.webui.keyword.WebUiBuiltInKeywords.setText(WebUiBuiltInKeywords.groovy:950)
	at com.kms.katalon.core.webui.keyword.WebUiBuiltInKeywords$setText$1.call(Unknown Source)
	at Prompts - Import.run(Prompts - Import:43)
	at com.kms.katalon.core.main.ScriptEngine.run(ScriptEngine.java:194)
	at com.kms.katalon.core.main.ScriptEngine.runScriptAsRawText(ScriptEngine.java:119)
	at com.kms.katalon.core.main.TestCaseExecutor.runScript(TestCaseExecutor.java:321)
	at com.kms.katalon.core.main.TestCaseExecutor.doExecute(TestCaseExecutor.java:312)
	at com.kms.katalon.core.main.TestCaseExecutor.processExecutionPhase(TestCaseExecutor.java:291)
	at com.kms.katalon.core.main.TestCaseExecutor.accessMainPhase(TestCaseExecutor.java:283)
	at com.kms.katalon.core.main.TestCaseExecutor.execute(TestCaseExecutor.java:222)
	at com.kms.katalon.core.main.TestSuiteExecutor.accessTestCaseMainPhase(TestSuiteExecutor.java:129)
	at com.kms.katalon.core.main.TestSuiteExecutor.accessTestSuiteMainPhase(TestSuiteExecutor.java:112)
	at com.kms.katalon.core.main.TestSuiteExecutor.execute(TestSuiteExecutor.java:81)
	at com.kms.katalon.core.main.TestCaseMain.startTestSuite(TestCaseMain.java:149)
	at com.kms.katalon.core.main.TestCaseMain$startTestSuite$0.call(Unknown Source)
	at TempTestSuite1544738114009.run(TempTestSuite1544738114009.groovy:36)]]></system-out>
         <system-err><![CDATA[2018-12-13 16:28:50 - [TEST_CASE][FAILED] - Test Cases/Admin Console/Account Settings/Prompts()/Prompts - Import: Test Cases/Admin Console/Account Settings/Prompts()/Prompts - Import FAILED.
Reason:
com.kms.katalon.core.exception.StepFailedException: Unable to set text '/Users/alonzomack/Downloads/prompts-3.txt' of object 'Object Repository/Admin Console ePulse Menu/Account Settings/Prompts/Import Prompts Buttons/Choose File' (Root cause: com.kms.katalon.core.webui.exception.WebElementNotFoundException: Web element with id: 'Object Repository/Admin Console ePulse Menu/Account Settings/Prompts/Import Prompts Buttons/Choose File' located by 'By.xpath: //input[@id="upload_file_input"]' not found)
	at com.kms.katalon.core.keyword.internal.KeywordMain.stepFailed(KeywordMain.groovy:36)
	at com.kms.katalon.core.webui.keyword.internal.WebUIKeywordMain.stepFailed(WebUIKeywordMain.groovy:65)
	at com.kms.katalon.core.webui.keyword.internal.WebUIKeywordMain.runKeyword(WebUIKeywordMain.groovy:27)
	at com.kms.katalon.core.webui.keyword.builtin.SetTextKeyword.setText(SetTextKeyword.groovy:65)
	at com.kms.katalon.core.webui.keyword.builtin.SetTextKeyword.execute(SetTextKeyword.groovy:37)
	at com.kms.katalon.core.keyword.internal.KeywordExecutor.executeKeywordForPlatform(KeywordExecutor.groovy:53)
	at com.kms.katalon.core.webui.keyword.WebUiBuiltInKeywords.setText(WebUiBuiltInKeywords.groovy:950)
	at com.kms.katalon.core.webui.keyword.WebUiBuiltInKeywords$setText$1.call(Unknown Source)
	at Prompts - Import.run(Prompts - Import:43)
	at com.kms.katalon.core.main.ScriptEngine.run(ScriptEngine.java:194)
	at com.kms.katalon.core.main.ScriptEngine.runScriptAsRawText(ScriptEngine.java:119)
	at com.kms.katalon.core.main.TestCaseExecutor.runScript(TestCaseExecutor.java:321)
	at com.kms.katalon.core.main.TestCaseExecutor.doExecute(TestCaseExecutor.java:312)
	at com.kms.katalon.core.main.TestCaseExecutor.processExecutionPhase(TestCaseExecutor.java:291)
	at com.kms.katalon.core.main.TestCaseExecutor.accessMainPhase(TestCaseExecutor.java:283)
	at com.kms.katalon.core.main.TestCaseExecutor.execute(TestCaseExecutor.java:222)
	at com.kms.katalon.core.main.TestSuiteExecutor.accessTestCaseMainPhase(TestSuiteExecutor.java:129)
	at com.kms.katalon.core.main.TestSuiteExecutor.accessTestSuiteMainPhase(TestSuiteExecutor.java:112)
	at com.kms.katalon.core.main.TestSuiteExecutor.execute(TestSuiteExecutor.java:81)
	at com.kms.katalon.core.main.TestCaseMain.startTestSuite(TestCaseMain.java:149)
	at com.kms.katalon.core.main.TestCaseMain$startTestSuite$0.call(Unknown Source)
	at TempTestSuite1544738114009.run(TempTestSuite1544738114009.groovy:36)]]></system-err>
      </testcase>
      <testcase name="Test Cases/Admin Console/Account Settings/Prompts()/Prompts - Edit" classname="Test Cases/Admin Console/Account Settings/Prompts()/Prompts - Edit" status="FAILED">
         <failure type="FAILED" message="Test Cases/Admin Console/Account Settings/Prompts()/Prompts - Edit FAILED.
Reason:
com.kms.katalon.core.exception.StepFailedException: Unable to click on object 'Object Repository/Admin Console ePulse Menu/Account Settings/Prompts/Edit Prompt' (Root cause: com.kms.katalon.core.webui.exception.WebElementNotFoundException: Web element with id: 'Object Repository/Admin Console ePulse Menu/Account Settings/Prompts/Edit Prompt' located by 'By.xpath: //section[@id='sort_table']/table/tbody/tr[2]/td[7]/a' not found)
	at com.kms.katalon.core.keyword.internal.KeywordMain.stepFailed(KeywordMain.groovy:36)
	at com.kms.katalon.core.webui.keyword.internal.WebUIKeywordMain.stepFailed(WebUIKeywordMain.groovy:65)
	at com.kms.katalon.core.webui.keyword.internal.WebUIKeywordMain.runKeyword(WebUIKeywordMain.groovy:27)
	at com.kms.katalon.core.webui.keyword.builtin.ClickKeyword.click(ClickKeyword.groovy:86)
	at com.kms.katalon.core.webui.keyword.builtin.ClickKeyword.execute(ClickKeyword.groovy:67)
	at com.kms.katalon.core.keyword.internal.KeywordExecutor.executeKeywordForPlatform(KeywordExecutor.groovy:53)
	at com.kms.katalon.core.webui.keyword.WebUiBuiltInKeywords.click(WebUiBuiltInKeywords.groovy:616)
	at com.kms.katalon.core.webui.keyword.WebUiBuiltInKeywords$click$3.call(Unknown Source)
	at Prompts - Edit.run(Prompts - Edit:44)
	at com.kms.katalon.core.main.ScriptEngine.run(ScriptEngine.java:194)
	at com.kms.katalon.core.main.ScriptEngine.runScriptAsRawText(ScriptEngine.java:119)
	at com.kms.katalon.core.main.TestCaseExecutor.runScript(TestCaseExecutor.java:321)
	at com.kms.katalon.core.main.TestCaseExecutor.doExecute(TestCaseExecutor.java:312)
	at com.kms.katalon.core.main.TestCaseExecutor.processExecutionPhase(TestCaseExecutor.java:291)
	at com.kms.katalon.core.main.TestCaseExecutor.accessMainPhase(TestCaseExecutor.java:283)
	at com.kms.katalon.core.main.TestCaseExecutor.execute(TestCaseExecutor.java:222)
	at com.kms.katalon.core.main.TestSuiteExecutor.accessTestCaseMainPhase(TestSuiteExecutor.java:129)
	at com.kms.katalon.core.main.TestSuiteExecutor.accessTestSuiteMainPhase(TestSuiteExecutor.java:112)
	at com.kms.katalon.core.main.TestSuiteExecutor.execute(TestSuiteExecutor.java:81)
	at com.kms.katalon.core.main.TestCaseMain.startTestSuite(TestCaseMain.java:149)
	at com.kms.katalon.core.main.TestCaseMain$startTestSuite$0.call(Unknown Source)
	at TempTestSuite1544738114009.run(TempTestSuite1544738114009.groovy:36)
"/>
         <system-out><![CDATA[2018-12-13 16:29:12 - [TEST_CASE][FAILED] - Test Cases/Admin Console/Account Settings/Prompts()/Prompts - Edit: Test Cases/Admin Console/Account Settings/Prompts()/Prompts - Edit FAILED.
Reason:
com.kms.katalon.core.exception.StepFailedException: Unable to click on object 'Object Repository/Admin Console ePulse Menu/Account Settings/Prompts/Edit Prompt' (Root cause: com.kms.katalon.core.webui.exception.WebElementNotFoundException: Web element with id: 'Object Repository/Admin Console ePulse Menu/Account Settings/Prompts/Edit Prompt' located by 'By.xpath: //section[@id='sort_table']/table/tbody/tr[2]/td[7]/a' not found)
	at com.kms.katalon.core.keyword.internal.KeywordMain.stepFailed(KeywordMain.groovy:36)
	at com.kms.katalon.core.webui.keyword.internal.WebUIKeywordMain.stepFailed(WebUIKeywordMain.groovy:65)
	at com.kms.katalon.core.webui.keyword.internal.WebUIKeywordMain.runKeyword(WebUIKeywordMain.groovy:27)
	at com.kms.katalon.core.webui.keyword.builtin.ClickKeyword.click(ClickKeyword.groovy:86)
	at com.kms.katalon.core.webui.keyword.builtin.ClickKeyword.execute(ClickKeyword.groovy:67)
	at com.kms.katalon.core.keyword.internal.KeywordExecutor.executeKeywordForPlatform(KeywordExecutor.groovy:53)
	at com.kms.katalon.core.webui.keyword.WebUiBuiltInKeywords.click(WebUiBuiltInKeywords.groovy:616)
	at com.kms.katalon.core.webui.keyword.WebUiBuiltInKeywords$click$3.call(Unknown Source)
	at Prompts - Edit.run(Prompts - Edit:44)
	at com.kms.katalon.core.main.ScriptEngine.run(ScriptEngine.java:194)
	at com.kms.katalon.core.main.ScriptEngine.runScriptAsRawText(ScriptEngine.java:119)
	at com.kms.katalon.core.main.TestCaseExecutor.runScript(TestCaseExecutor.java:321)
	at com.kms.katalon.core.main.TestCaseExecutor.doExecute(TestCaseExecutor.java:312)
	at com.kms.katalon.core.main.TestCaseExecutor.processExecutionPhase(TestCaseExecutor.java:291)
	at com.kms.katalon.core.main.TestCaseExecutor.accessMainPhase(TestCaseExecutor.java:283)
	at com.kms.katalon.core.main.TestCaseExecutor.execute(TestCaseExecutor.java:222)
	at com.kms.katalon.core.main.TestSuiteExecutor.accessTestCaseMainPhase(TestSuiteExecutor.java:129)
	at com.kms.katalon.core.main.TestSuiteExecutor.accessTestSuiteMainPhase(TestSuiteExecutor.java:112)
	at com.kms.katalon.core.main.TestSuiteExecutor.execute(TestSuiteExecutor.java:81)
	at com.kms.katalon.core.main.TestCaseMain.startTestSuite(TestCaseMain.java:149)
	at com.kms.katalon.core.main.TestCaseMain$startTestSuite$0.call(Unknown Source)
	at TempTestSuite1544738114009.run(TempTestSuite1544738114009.groovy:36)


2018-12-13 16:29:12 - [TEST_STEP][PASSED] - openBrowser(""): Browser is opened with url: ''

2018-12-13 16:29:12 - [MESSAGE][WARNING] - A browser is already opened. Closing browser and opening a new one

2018-12-13 16:29:12 - [MESSAGE][INFO] - Starting 'Chrome' driver

2018-12-13 16:29:14 - [MESSAGE][PASSED] - Browser is opened with url: ''

2018-12-13 16:29:14 - [TEST_STEP][PASSED] - navigateToUrl(URL): Navigate to 'https://epulsebeta2.com' successfully

2018-12-13 16:29:15 - [MESSAGE][PASSED] - Navigate to 'https://epulsebeta2.com' successfully

2018-12-13 16:29:15 - [TEST_STEP][PASSED] - setText(findTestObject("Login/Email Address"), User_email): Text 'alonzo.mack@knowink.com' is set on object 'Object Repository/Login/Email Address'

2018-12-13 16:29:15 - [MESSAGE][PASSED] - Text 'alonzo.mack@knowink.com' is set on object 'Object Repository/Login/Email Address'

2018-12-13 16:29:15 - [TEST_STEP][PASSED] - setEncryptedText(findTestObject("Login/Password"), Pswrd): Text ****** has been set on object 'Object Repository/Login/Password'

2018-12-13 16:29:16 - [MESSAGE][PASSED] - Text ****** has been set on object 'Object Repository/Login/Password'

2018-12-13 16:29:16 - [TEST_STEP][PASSED] - click(findTestObject("Login/Sign In")): Object: 'Object Repository/Login/Sign In' is clicked on

2018-12-13 16:29:16 - [MESSAGE][PASSED] - Object: 'Object Repository/Login/Sign In' is clicked on

2018-12-13 16:29:16 - [TEST_STEP][PASSED] - delay(1): Delayed 1 second(s)

2018-12-13 16:29:17 - [MESSAGE][PASSED] - Delayed 1 second(s)

2018-12-13 16:29:17 - [TEST_STEP][PASSED] - navigateToUrl(Prompts, STOP_ON_FAILURE): Navigate to 'https://am-Automation-test.epulsebeta2.com/prompts' successfully

2018-12-13 16:29:18 - [MESSAGE][PASSED] - Navigate to 'https://am-Automation-test.epulsebeta2.com/prompts' successfully

2018-12-13 16:29:18 - [TEST_STEP][PASSED] - delay(1): Delayed 1 second(s)

2018-12-13 16:29:19 - [MESSAGE][PASSED] - Delayed 1 second(s)

2018-12-13 16:29:19 - [TEST_STEP][FAILED] - click(findTestObject("Admin Console ePulse Menu/Account Settings/Prompts/Edit Prompt")): click(findTestObject("Admin Console ePulse Menu/Account Settings/Prompts/Edit Prompt")) FAILED.
Reason:
com.kms.katalon.core.exception.StepFailedException: Unable to click on object 'Object Repository/Admin Console ePulse Menu/Account Settings/Prompts/Edit Prompt' (Root cause: com.kms.katalon.core.webui.exception.WebElementNotFoundException: Web element with id: 'Object Repository/Admin Console ePulse Menu/Account Settings/Prompts/Edit Prompt' located by 'By.xpath: //section[@id='sort_table']/table/tbody/tr[2]/td[7]/a' not found)
	at com.kms.katalon.core.keyword.internal.KeywordMain.stepFailed(KeywordMain.groovy:36)
	at com.kms.katalon.core.webui.keyword.internal.WebUIKeywordMain.stepFailed(WebUIKeywordMain.groovy:65)
	at com.kms.katalon.core.webui.keyword.internal.WebUIKeywordMain.runKeyword(WebUIKeywordMain.groovy:27)
	at com.kms.katalon.core.webui.keyword.builtin.ClickKeyword.click(ClickKeyword.groovy:86)
	at com.kms.katalon.core.webui.keyword.builtin.ClickKeyword.execute(ClickKeyword.groovy:67)
	at com.kms.katalon.core.keyword.internal.KeywordExecutor.executeKeywordForPlatform(KeywordExecutor.groovy:53)
	at com.kms.katalon.core.webui.keyword.WebUiBuiltInKeywords.click(WebUiBuiltInKeywords.groovy:616)
	at com.kms.katalon.core.webui.keyword.WebUiBuiltInKeywords$click$3.call(Unknown Source)
	at Prompts - Edit.run(Prompts - Edit:44)
	at com.kms.katalon.core.main.ScriptEngine.run(ScriptEngine.java:194)
	at com.kms.katalon.core.main.ScriptEngine.runScriptAsRawText(ScriptEngine.java:119)
	at com.kms.katalon.core.main.TestCaseExecutor.runScript(TestCaseExecutor.java:321)
	at com.kms.katalon.core.main.TestCaseExecutor.doExecute(TestCaseExecutor.java:312)
	at com.kms.katalon.core.main.TestCaseExecutor.processExecutionPhase(TestCaseExecutor.java:291)
	at com.kms.katalon.core.main.TestCaseExecutor.accessMainPhase(TestCaseExecutor.java:283)
	at com.kms.katalon.core.main.TestCaseExecutor.execute(TestCaseExecutor.java:222)
	at com.kms.katalon.core.main.TestSuiteExecutor.accessTestCaseMainPhase(TestSuiteExecutor.java:129)
	at com.kms.katalon.core.main.TestSuiteExecutor.accessTestSuiteMainPhase(TestSuiteExecutor.java:112)
	at com.kms.katalon.core.main.TestSuiteExecutor.execute(TestSuiteExecutor.java:81)
	at com.kms.katalon.core.main.TestCaseMain.startTestSuite(TestCaseMain.java:149)
	at com.kms.katalon.core.main.TestCaseMain$startTestSuite$0.call(Unknown Source)
	at TempTestSuite1544738114009.run(TempTestSuite1544738114009.groovy:36)


2018-12-13 16:29:34 - [MESSAGE][INFO] - Unable to find the element located by 'By.xpath: //section[@id='sort_table']/table/tbody/tr[2]/td[7]/a'. Please recheck the objects properties to make sure the desired element is located. 

2018-12-13 16:29:35 - [MESSAGE][FAILED] - Unable to click on object 'Object Repository/Admin Console ePulse Menu/Account Settings/Prompts/Edit Prompt' (Root cause: com.kms.katalon.core.webui.exception.WebElementNotFoundException: Web element with id: 'Object Repository/Admin Console ePulse Menu/Account Settings/Prompts/Edit Prompt' located by 'By.xpath: //section[@id='sort_table']/table/tbody/tr[2]/td[7]/a' not found)
[[ATTACHMENT|/Users/alonzomack/Katalon Studio/Regression/Reports/dev_staging ready/20181213_155510/1544740174810.png]]

2018-12-13 16:29:35 - [MESSAGE][FAILED] - click(findTestObject("Admin Console ePulse Menu/Account Settings/Prompts/Edit Prompt")) FAILED.
Reason:
com.kms.katalon.core.exception.StepFailedException: Unable to click on object 'Object Repository/Admin Console ePulse Menu/Account Settings/Prompts/Edit Prompt' (Root cause: com.kms.katalon.core.webui.exception.WebElementNotFoundException: Web element with id: 'Object Repository/Admin Console ePulse Menu/Account Settings/Prompts/Edit Prompt' located by 'By.xpath: //section[@id='sort_table']/table/tbody/tr[2]/td[7]/a' not found)
	at com.kms.katalon.core.keyword.internal.KeywordMain.stepFailed(KeywordMain.groovy:36)
	at com.kms.katalon.core.webui.keyword.internal.WebUIKeywordMain.stepFailed(WebUIKeywordMain.groovy:65)
	at com.kms.katalon.core.webui.keyword.internal.WebUIKeywordMain.runKeyword(WebUIKeywordMain.groovy:27)
	at com.kms.katalon.core.webui.keyword.builtin.ClickKeyword.click(ClickKeyword.groovy:86)
	at com.kms.katalon.core.webui.keyword.builtin.ClickKeyword.execute(ClickKeyword.groovy:67)
	at com.kms.katalon.core.keyword.internal.KeywordExecutor.executeKeywordForPlatform(KeywordExecutor.groovy:53)
	at com.kms.katalon.core.webui.keyword.WebUiBuiltInKeywords.click(WebUiBuiltInKeywords.groovy:616)
	at com.kms.katalon.core.webui.keyword.WebUiBuiltInKeywords$click$3.call(Unknown Source)
	at Prompts - Edit.run(Prompts - Edit:44)
	at com.kms.katalon.core.main.ScriptEngine.run(ScriptEngine.java:194)
	at com.kms.katalon.core.main.ScriptEngine.runScriptAsRawText(ScriptEngine.java:119)
	at com.kms.katalon.core.main.TestCaseExecutor.runScript(TestCaseExecutor.java:321)
	at com.kms.katalon.core.main.TestCaseExecutor.doExecute(TestCaseExecutor.java:312)
	at com.kms.katalon.core.main.TestCaseExecutor.processExecutionPhase(TestCaseExecutor.java:291)
	at com.kms.katalon.core.main.TestCaseExecutor.accessMainPhase(TestCaseExecutor.java:283)
	at com.kms.katalon.core.main.TestCaseExecutor.execute(TestCaseExecutor.java:222)
	at com.kms.katalon.core.main.TestSuiteExecutor.accessTestCaseMainPhase(TestSuiteExecutor.java:129)
	at com.kms.katalon.core.main.TestSuiteExecutor.accessTestSuiteMainPhase(TestSuiteExecutor.java:112)
	at com.kms.katalon.core.main.TestSuiteExecutor.execute(TestSuiteExecutor.java:81)
	at com.kms.katalon.core.main.TestCaseMain.startTestSuite(TestCaseMain.java:149)
	at com.kms.katalon.core.main.TestCaseMain$startTestSuite$0.call(Unknown Source)
	at TempTestSuite1544738114009.run(TempTestSuite1544738114009.groovy:36)]]></system-out>
         <system-err><![CDATA[2018-12-13 16:29:12 - [TEST_CASE][FAILED] - Test Cases/Admin Console/Account Settings/Prompts()/Prompts - Edit: Test Cases/Admin Console/Account Settings/Prompts()/Prompts - Edit FAILED.
Reason:
com.kms.katalon.core.exception.StepFailedException: Unable to click on object 'Object Repository/Admin Console ePulse Menu/Account Settings/Prompts/Edit Prompt' (Root cause: com.kms.katalon.core.webui.exception.WebElementNotFoundException: Web element with id: 'Object Repository/Admin Console ePulse Menu/Account Settings/Prompts/Edit Prompt' located by 'By.xpath: //section[@id='sort_table']/table/tbody/tr[2]/td[7]/a' not found)
	at com.kms.katalon.core.keyword.internal.KeywordMain.stepFailed(KeywordMain.groovy:36)
	at com.kms.katalon.core.webui.keyword.internal.WebUIKeywordMain.stepFailed(WebUIKeywordMain.groovy:65)
	at com.kms.katalon.core.webui.keyword.internal.WebUIKeywordMain.runKeyword(WebUIKeywordMain.groovy:27)
	at com.kms.katalon.core.webui.keyword.builtin.ClickKeyword.click(ClickKeyword.groovy:86)
	at com.kms.katalon.core.webui.keyword.builtin.ClickKeyword.execute(ClickKeyword.groovy:67)
	at com.kms.katalon.core.keyword.internal.KeywordExecutor.executeKeywordForPlatform(KeywordExecutor.groovy:53)
	at com.kms.katalon.core.webui.keyword.WebUiBuiltInKeywords.click(WebUiBuiltInKeywords.groovy:616)
	at com.kms.katalon.core.webui.keyword.WebUiBuiltInKeywords$click$3.call(Unknown Source)
	at Prompts - Edit.run(Prompts - Edit:44)
	at com.kms.katalon.core.main.ScriptEngine.run(ScriptEngine.java:194)
	at com.kms.katalon.core.main.ScriptEngine.runScriptAsRawText(ScriptEngine.java:119)
	at com.kms.katalon.core.main.TestCaseExecutor.runScript(TestCaseExecutor.java:321)
	at com.kms.katalon.core.main.TestCaseExecutor.doExecute(TestCaseExecutor.java:312)
	at com.kms.katalon.core.main.TestCaseExecutor.processExecutionPhase(TestCaseExecutor.java:291)
	at com.kms.katalon.core.main.TestCaseExecutor.accessMainPhase(TestCaseExecutor.java:283)
	at com.kms.katalon.core.main.TestCaseExecutor.execute(TestCaseExecutor.java:222)
	at com.kms.katalon.core.main.TestSuiteExecutor.accessTestCaseMainPhase(TestSuiteExecutor.java:129)
	at com.kms.katalon.core.main.TestSuiteExecutor.accessTestSuiteMainPhase(TestSuiteExecutor.java:112)
	at com.kms.katalon.core.main.TestSuiteExecutor.execute(TestSuiteExecutor.java:81)
	at com.kms.katalon.core.main.TestCaseMain.startTestSuite(TestCaseMain.java:149)
	at com.kms.katalon.core.main.TestCaseMain$startTestSuite$0.call(Unknown Source)
	at TempTestSuite1544738114009.run(TempTestSuite1544738114009.groovy:36)]]></system-err>
      </testcase>
      <testcase name="Test Cases/Admin Console/Account Settings/Prompts()/Prompts - Delete" classname="Test Cases/Admin Console/Account Settings/Prompts()/Prompts - Delete" status="FAILED">
         <failure type="FAILED" message="Test Cases/Admin Console/Account Settings/Prompts()/Prompts - Delete FAILED.
Reason:
com.kms.katalon.core.exception.StepFailedException: Unable to click on object 'Object Repository/Admin Console ePulse Menu/Account Settings/Prompts/Delete Prompt' (Root cause: com.kms.katalon.core.webui.exception.WebElementNotFoundException: Web element with id: 'Object Repository/Admin Console ePulse Menu/Account Settings/Prompts/Delete Prompt' located by 'By.xpath: //section[@id='sort_table']/table/tbody/tr[2]/td[7]/a[2]' not found)
	at com.kms.katalon.core.keyword.internal.KeywordMain.stepFailed(KeywordMain.groovy:36)
	at com.kms.katalon.core.webui.keyword.internal.WebUIKeywordMain.stepFailed(WebUIKeywordMain.groovy:65)
	at com.kms.katalon.core.webui.keyword.internal.WebUIKeywordMain.runKeyword(WebUIKeywordMain.groovy:27)
	at com.kms.katalon.core.webui.keyword.builtin.ClickKeyword.click(ClickKeyword.groovy:86)
	at com.kms.katalon.core.webui.keyword.builtin.ClickKeyword.execute(ClickKeyword.groovy:67)
	at com.kms.katalon.core.keyword.internal.KeywordExecutor.executeKeywordForPlatform(KeywordExecutor.groovy:53)
	at com.kms.katalon.core.webui.keyword.WebUiBuiltInKeywords.click(WebUiBuiltInKeywords.groovy:616)
	at com.kms.katalon.core.webui.keyword.WebUiBuiltInKeywords$click$3.call(Unknown Source)
	at Prompts - Delete.run(Prompts - Delete:44)
	at com.kms.katalon.core.main.ScriptEngine.run(ScriptEngine.java:194)
	at com.kms.katalon.core.main.ScriptEngine.runScriptAsRawText(ScriptEngine.java:119)
	at com.kms.katalon.core.main.TestCaseExecutor.runScript(TestCaseExecutor.java:321)
	at com.kms.katalon.core.main.TestCaseExecutor.doExecute(TestCaseExecutor.java:312)
	at com.kms.katalon.core.main.TestCaseExecutor.processExecutionPhase(TestCaseExecutor.java:291)
	at com.kms.katalon.core.main.TestCaseExecutor.accessMainPhase(TestCaseExecutor.java:283)
	at com.kms.katalon.core.main.TestCaseExecutor.execute(TestCaseExecutor.java:222)
	at com.kms.katalon.core.main.TestSuiteExecutor.accessTestCaseMainPhase(TestSuiteExecutor.java:129)
	at com.kms.katalon.core.main.TestSuiteExecutor.accessTestSuiteMainPhase(TestSuiteExecutor.java:112)
	at com.kms.katalon.core.main.TestSuiteExecutor.execute(TestSuiteExecutor.java:81)
	at com.kms.katalon.core.main.TestCaseMain.startTestSuite(TestCaseMain.java:149)
	at com.kms.katalon.core.main.TestCaseMain$startTestSuite$0.call(Unknown Source)
	at TempTestSuite1544738114009.run(TempTestSuite1544738114009.groovy:36)
"/>
         <system-out><![CDATA[2018-12-13 16:29:35 - [TEST_CASE][FAILED] - Test Cases/Admin Console/Account Settings/Prompts()/Prompts - Delete: Test Cases/Admin Console/Account Settings/Prompts()/Prompts - Delete FAILED.
Reason:
com.kms.katalon.core.exception.StepFailedException: Unable to click on object 'Object Repository/Admin Console ePulse Menu/Account Settings/Prompts/Delete Prompt' (Root cause: com.kms.katalon.core.webui.exception.WebElementNotFoundException: Web element with id: 'Object Repository/Admin Console ePulse Menu/Account Settings/Prompts/Delete Prompt' located by 'By.xpath: //section[@id='sort_table']/table/tbody/tr[2]/td[7]/a[2]' not found)
	at com.kms.katalon.core.keyword.internal.KeywordMain.stepFailed(KeywordMain.groovy:36)
	at com.kms.katalon.core.webui.keyword.internal.WebUIKeywordMain.stepFailed(WebUIKeywordMain.groovy:65)
	at com.kms.katalon.core.webui.keyword.internal.WebUIKeywordMain.runKeyword(WebUIKeywordMain.groovy:27)
	at com.kms.katalon.core.webui.keyword.builtin.ClickKeyword.click(ClickKeyword.groovy:86)
	at com.kms.katalon.core.webui.keyword.builtin.ClickKeyword.execute(ClickKeyword.groovy:67)
	at com.kms.katalon.core.keyword.internal.KeywordExecutor.executeKeywordForPlatform(KeywordExecutor.groovy:53)
	at com.kms.katalon.core.webui.keyword.WebUiBuiltInKeywords.click(WebUiBuiltInKeywords.groovy:616)
	at com.kms.katalon.core.webui.keyword.WebUiBuiltInKeywords$click$3.call(Unknown Source)
	at Prompts - Delete.run(Prompts - Delete:44)
	at com.kms.katalon.core.main.ScriptEngine.run(ScriptEngine.java:194)
	at com.kms.katalon.core.main.ScriptEngine.runScriptAsRawText(ScriptEngine.java:119)
	at com.kms.katalon.core.main.TestCaseExecutor.runScript(TestCaseExecutor.java:321)
	at com.kms.katalon.core.main.TestCaseExecutor.doExecute(TestCaseExecutor.java:312)
	at com.kms.katalon.core.main.TestCaseExecutor.processExecutionPhase(TestCaseExecutor.java:291)
	at com.kms.katalon.core.main.TestCaseExecutor.accessMainPhase(TestCaseExecutor.java:283)
	at com.kms.katalon.core.main.TestCaseExecutor.execute(TestCaseExecutor.java:222)
	at com.kms.katalon.core.main.TestSuiteExecutor.accessTestCaseMainPhase(TestSuiteExecutor.java:129)
	at com.kms.katalon.core.main.TestSuiteExecutor.accessTestSuiteMainPhase(TestSuiteExecutor.java:112)
	at com.kms.katalon.core.main.TestSuiteExecutor.execute(TestSuiteExecutor.java:81)
	at com.kms.katalon.core.main.TestCaseMain.startTestSuite(TestCaseMain.java:149)
	at com.kms.katalon.core.main.TestCaseMain$startTestSuite$0.call(Unknown Source)
	at TempTestSuite1544738114009.run(TempTestSuite1544738114009.groovy:36)


2018-12-13 16:29:35 - [TEST_STEP][PASSED] - openBrowser(""): Browser is opened with url: ''

2018-12-13 16:29:35 - [MESSAGE][WARNING] - A browser is already opened. Closing browser and opening a new one

2018-12-13 16:29:35 - [MESSAGE][INFO] - Starting 'Chrome' driver

2018-12-13 16:29:36 - [MESSAGE][PASSED] - Browser is opened with url: ''

2018-12-13 16:29:36 - [TEST_STEP][PASSED] - navigateToUrl(URL): Navigate to 'https://epulsebeta2.com' successfully

2018-12-13 16:29:41 - [MESSAGE][PASSED] - Navigate to 'https://epulsebeta2.com' successfully

2018-12-13 16:29:41 - [TEST_STEP][PASSED] - setText(findTestObject("Login/Email Address"), User_email): Text 'alonzo.mack@knowink.com' is set on object 'Object Repository/Login/Email Address'

2018-12-13 16:29:41 - [MESSAGE][PASSED] - Text 'alonzo.mack@knowink.com' is set on object 'Object Repository/Login/Email Address'

2018-12-13 16:29:41 - [TEST_STEP][PASSED] - setEncryptedText(findTestObject("Login/Password"), Pswrd): Text ****** has been set on object 'Object Repository/Login/Password'

2018-12-13 16:29:41 - [MESSAGE][PASSED] - Text ****** has been set on object 'Object Repository/Login/Password'

2018-12-13 16:29:41 - [TEST_STEP][PASSED] - click(findTestObject("Login/Sign In")): Object: 'Object Repository/Login/Sign In' is clicked on

2018-12-13 16:29:42 - [MESSAGE][PASSED] - Object: 'Object Repository/Login/Sign In' is clicked on

2018-12-13 16:29:42 - [TEST_STEP][PASSED] - delay(1): Delayed 1 second(s)

2018-12-13 16:29:43 - [MESSAGE][PASSED] - Delayed 1 second(s)

2018-12-13 16:29:43 - [TEST_STEP][PASSED] - navigateToUrl(Prompts, STOP_ON_FAILURE): Navigate to 'https://am-Automation-test.epulsebeta2.com/prompts' successfully

2018-12-13 16:29:46 - [MESSAGE][PASSED] - Navigate to 'https://am-Automation-test.epulsebeta2.com/prompts' successfully

2018-12-13 16:29:46 - [TEST_STEP][PASSED] - delay(1): Delayed 1 second(s)

2018-12-13 16:29:47 - [MESSAGE][PASSED] - Delayed 1 second(s)

2018-12-13 16:29:47 - [TEST_STEP][FAILED] - click(findTestObject("Admin Console ePulse Menu/Account Settings/Prompts/Delete Prompt")): click(findTestObject("Admin Console ePulse Menu/Account Settings/Prompts/Delete Prompt")) FAILED.
Reason:
com.kms.katalon.core.exception.StepFailedException: Unable to click on object 'Object Repository/Admin Console ePulse Menu/Account Settings/Prompts/Delete Prompt' (Root cause: com.kms.katalon.core.webui.exception.WebElementNotFoundException: Web element with id: 'Object Repository/Admin Console ePulse Menu/Account Settings/Prompts/Delete Prompt' located by 'By.xpath: //section[@id='sort_table']/table/tbody/tr[2]/td[7]/a[2]' not found)
	at com.kms.katalon.core.keyword.internal.KeywordMain.stepFailed(KeywordMain.groovy:36)
	at com.kms.katalon.core.webui.keyword.internal.WebUIKeywordMain.stepFailed(WebUIKeywordMain.groovy:65)
	at com.kms.katalon.core.webui.keyword.internal.WebUIKeywordMain.runKeyword(WebUIKeywordMain.groovy:27)
	at com.kms.katalon.core.webui.keyword.builtin.ClickKeyword.click(ClickKeyword.groovy:86)
	at com.kms.katalon.core.webui.keyword.builtin.ClickKeyword.execute(ClickKeyword.groovy:67)
	at com.kms.katalon.core.keyword.internal.KeywordExecutor.executeKeywordForPlatform(KeywordExecutor.groovy:53)
	at com.kms.katalon.core.webui.keyword.WebUiBuiltInKeywords.click(WebUiBuiltInKeywords.groovy:616)
	at com.kms.katalon.core.webui.keyword.WebUiBuiltInKeywords$click$3.call(Unknown Source)
	at Prompts - Delete.run(Prompts - Delete:44)
	at com.kms.katalon.core.main.ScriptEngine.run(ScriptEngine.java:194)
	at com.kms.katalon.core.main.ScriptEngine.runScriptAsRawText(ScriptEngine.java:119)
	at com.kms.katalon.core.main.TestCaseExecutor.runScript(TestCaseExecutor.java:321)
	at com.kms.katalon.core.main.TestCaseExecutor.doExecute(TestCaseExecutor.java:312)
	at com.kms.katalon.core.main.TestCaseExecutor.processExecutionPhase(TestCaseExecutor.java:291)
	at com.kms.katalon.core.main.TestCaseExecutor.accessMainPhase(TestCaseExecutor.java:283)
	at com.kms.katalon.core.main.TestCaseExecutor.execute(TestCaseExecutor.java:222)
	at com.kms.katalon.core.main.TestSuiteExecutor.accessTestCaseMainPhase(TestSuiteExecutor.java:129)
	at com.kms.katalon.core.main.TestSuiteExecutor.accessTestSuiteMainPhase(TestSuiteExecutor.java:112)
	at com.kms.katalon.core.main.TestSuiteExecutor.execute(TestSuiteExecutor.java:81)
	at com.kms.katalon.core.main.TestCaseMain.startTestSuite(TestCaseMain.java:149)
	at com.kms.katalon.core.main.TestCaseMain$startTestSuite$0.call(Unknown Source)
	at TempTestSuite1544738114009.run(TempTestSuite1544738114009.groovy:36)


2018-12-13 16:30:02 - [MESSAGE][INFO] - Unable to find the element located by 'By.xpath: //section[@id='sort_table']/table/tbody/tr[2]/td[7]/a[2]'. Please recheck the objects properties to make sure the desired element is located. 

2018-12-13 16:30:02 - [MESSAGE][FAILED] - Unable to click on object 'Object Repository/Admin Console ePulse Menu/Account Settings/Prompts/Delete Prompt' (Root cause: com.kms.katalon.core.webui.exception.WebElementNotFoundException: Web element with id: 'Object Repository/Admin Console ePulse Menu/Account Settings/Prompts/Delete Prompt' located by 'By.xpath: //section[@id='sort_table']/table/tbody/tr[2]/td[7]/a[2]' not found)
[[ATTACHMENT|/Users/alonzomack/Katalon Studio/Regression/Reports/dev_staging ready/20181213_155510/1544740202507.png]]

2018-12-13 16:30:02 - [MESSAGE][FAILED] - click(findTestObject("Admin Console ePulse Menu/Account Settings/Prompts/Delete Prompt")) FAILED.
Reason:
com.kms.katalon.core.exception.StepFailedException: Unable to click on object 'Object Repository/Admin Console ePulse Menu/Account Settings/Prompts/Delete Prompt' (Root cause: com.kms.katalon.core.webui.exception.WebElementNotFoundException: Web element with id: 'Object Repository/Admin Console ePulse Menu/Account Settings/Prompts/Delete Prompt' located by 'By.xpath: //section[@id='sort_table']/table/tbody/tr[2]/td[7]/a[2]' not found)
	at com.kms.katalon.core.keyword.internal.KeywordMain.stepFailed(KeywordMain.groovy:36)
	at com.kms.katalon.core.webui.keyword.internal.WebUIKeywordMain.stepFailed(WebUIKeywordMain.groovy:65)
	at com.kms.katalon.core.webui.keyword.internal.WebUIKeywordMain.runKeyword(WebUIKeywordMain.groovy:27)
	at com.kms.katalon.core.webui.keyword.builtin.ClickKeyword.click(ClickKeyword.groovy:86)
	at com.kms.katalon.core.webui.keyword.builtin.ClickKeyword.execute(ClickKeyword.groovy:67)
	at com.kms.katalon.core.keyword.internal.KeywordExecutor.executeKeywordForPlatform(KeywordExecutor.groovy:53)
	at com.kms.katalon.core.webui.keyword.WebUiBuiltInKeywords.click(WebUiBuiltInKeywords.groovy:616)
	at com.kms.katalon.core.webui.keyword.WebUiBuiltInKeywords$click$3.call(Unknown Source)
	at Prompts - Delete.run(Prompts - Delete:44)
	at com.kms.katalon.core.main.ScriptEngine.run(ScriptEngine.java:194)
	at com.kms.katalon.core.main.ScriptEngine.runScriptAsRawText(ScriptEngine.java:119)
	at com.kms.katalon.core.main.TestCaseExecutor.runScript(TestCaseExecutor.java:321)
	at com.kms.katalon.core.main.TestCaseExecutor.doExecute(TestCaseExecutor.java:312)
	at com.kms.katalon.core.main.TestCaseExecutor.processExecutionPhase(TestCaseExecutor.java:291)
	at com.kms.katalon.core.main.TestCaseExecutor.accessMainPhase(TestCaseExecutor.java:283)
	at com.kms.katalon.core.main.TestCaseExecutor.execute(TestCaseExecutor.java:222)
	at com.kms.katalon.core.main.TestSuiteExecutor.accessTestCaseMainPhase(TestSuiteExecutor.java:129)
	at com.kms.katalon.core.main.TestSuiteExecutor.accessTestSuiteMainPhase(TestSuiteExecutor.java:112)
	at com.kms.katalon.core.main.TestSuiteExecutor.execute(TestSuiteExecutor.java:81)
	at com.kms.katalon.core.main.TestCaseMain.startTestSuite(TestCaseMain.java:149)
	at com.kms.katalon.core.main.TestCaseMain$startTestSuite$0.call(Unknown Source)
	at TempTestSuite1544738114009.run(TempTestSuite1544738114009.groovy:36)]]></system-out>
         <system-err><![CDATA[2018-12-13 16:29:35 - [TEST_CASE][FAILED] - Test Cases/Admin Console/Account Settings/Prompts()/Prompts - Delete: Test Cases/Admin Console/Account Settings/Prompts()/Prompts - Delete FAILED.
Reason:
com.kms.katalon.core.exception.StepFailedException: Unable to click on object 'Object Repository/Admin Console ePulse Menu/Account Settings/Prompts/Delete Prompt' (Root cause: com.kms.katalon.core.webui.exception.WebElementNotFoundException: Web element with id: 'Object Repository/Admin Console ePulse Menu/Account Settings/Prompts/Delete Prompt' located by 'By.xpath: //section[@id='sort_table']/table/tbody/tr[2]/td[7]/a[2]' not found)
	at com.kms.katalon.core.keyword.internal.KeywordMain.stepFailed(KeywordMain.groovy:36)
	at com.kms.katalon.core.webui.keyword.internal.WebUIKeywordMain.stepFailed(WebUIKeywordMain.groovy:65)
	at com.kms.katalon.core.webui.keyword.internal.WebUIKeywordMain.runKeyword(WebUIKeywordMain.groovy:27)
	at com.kms.katalon.core.webui.keyword.builtin.ClickKeyword.click(ClickKeyword.groovy:86)
	at com.kms.katalon.core.webui.keyword.builtin.ClickKeyword.execute(ClickKeyword.groovy:67)
	at com.kms.katalon.core.keyword.internal.KeywordExecutor.executeKeywordForPlatform(KeywordExecutor.groovy:53)
	at com.kms.katalon.core.webui.keyword.WebUiBuiltInKeywords.click(WebUiBuiltInKeywords.groovy:616)
	at com.kms.katalon.core.webui.keyword.WebUiBuiltInKeywords$click$3.call(Unknown Source)
	at Prompts - Delete.run(Prompts - Delete:44)
	at com.kms.katalon.core.main.ScriptEngine.run(ScriptEngine.java:194)
	at com.kms.katalon.core.main.ScriptEngine.runScriptAsRawText(ScriptEngine.java:119)
	at com.kms.katalon.core.main.TestCaseExecutor.runScript(TestCaseExecutor.java:321)
	at com.kms.katalon.core.main.TestCaseExecutor.doExecute(TestCaseExecutor.java:312)
	at com.kms.katalon.core.main.TestCaseExecutor.processExecutionPhase(TestCaseExecutor.java:291)
	at com.kms.katalon.core.main.TestCaseExecutor.accessMainPhase(TestCaseExecutor.java:283)
	at com.kms.katalon.core.main.TestCaseExecutor.execute(TestCaseExecutor.java:222)
	at com.kms.katalon.core.main.TestSuiteExecutor.accessTestCaseMainPhase(TestSuiteExecutor.java:129)
	at com.kms.katalon.core.main.TestSuiteExecutor.accessTestSuiteMainPhase(TestSuiteExecutor.java:112)
	at com.kms.katalon.core.main.TestSuiteExecutor.execute(TestSuiteExecutor.java:81)
	at com.kms.katalon.core.main.TestCaseMain.startTestSuite(TestCaseMain.java:149)
	at com.kms.katalon.core.main.TestCaseMain$startTestSuite$0.call(Unknown Source)
	at TempTestSuite1544738114009.run(TempTestSuite1544738114009.groovy:36)]]></system-err>
      </testcase>
      <testcase name="Test Cases/Admin Console/Poll Workers-Election Officials()/POLL WORKER - CLASSES" classname="Test Cases/Admin Console/Poll Workers-Election Officials()/POLL WORKER - CLASSES" status="PASSED">
         <system-out><![CDATA[2018-12-13 16:30:02 - [TEST_CASE][PASSED] - Test Cases/Admin Console/Poll Workers-Election Officials()/POLL WORKER - CLASSES: Test Cases/Admin Console/Poll Workers-Election Officials()/POLL WORKER - CLASSES

2018-12-13 16:30:03 - [TEST_STEP][PASSED] - openBrowser(""): Browser is opened with url: ''

2018-12-13 16:30:03 - [MESSAGE][WARNING] - A browser is already opened. Closing browser and opening a new one

2018-12-13 16:30:03 - [MESSAGE][INFO] - Starting 'Chrome' driver

2018-12-13 16:30:04 - [MESSAGE][PASSED] - Browser is opened with url: ''

2018-12-13 16:30:04 - [TEST_STEP][PASSED] - navigateToUrl(URL): Navigate to 'https://epulsebeta2.com' successfully

2018-12-13 16:30:07 - [MESSAGE][PASSED] - Navigate to 'https://epulsebeta2.com' successfully

2018-12-13 16:30:07 - [TEST_STEP][PASSED] - setText(findTestObject("Login/Email Address"), User_email): Text 'alonzo.mack@knowink.com' is set on object 'Object Repository/Login/Email Address'

2018-12-13 16:30:07 - [MESSAGE][PASSED] - Text 'alonzo.mack@knowink.com' is set on object 'Object Repository/Login/Email Address'

2018-12-13 16:30:07 - [TEST_STEP][PASSED] - setEncryptedText(findTestObject("Login/Password"), Pswrd): Text ****** has been set on object 'Object Repository/Login/Password'

2018-12-13 16:30:07 - [MESSAGE][PASSED] - Text ****** has been set on object 'Object Repository/Login/Password'

2018-12-13 16:30:07 - [TEST_STEP][PASSED] - click(findTestObject("Login/Sign In")): Object: 'Object Repository/Login/Sign In' is clicked on

2018-12-13 16:30:08 - [MESSAGE][PASSED] - Object: 'Object Repository/Login/Sign In' is clicked on

2018-12-13 16:30:08 - [TEST_STEP][PASSED] - delay(1): Delayed 1 second(s)

2018-12-13 16:30:09 - [MESSAGE][PASSED] - Delayed 1 second(s)

2018-12-13 16:30:09 - [TEST_STEP][PASSED] - delay(1): Delayed 1 second(s)

2018-12-13 16:30:10 - [MESSAGE][PASSED] - Delayed 1 second(s)

2018-12-13 16:30:10 - [TEST_STEP][PASSED] - navigateToUrl(Poll_Workers_Classes_New, STOP_ON_FAILURE): Navigate to 'https://am-automation-test.epulsebeta2.com/poll_worker_classes/new' successfully

2018-12-13 16:30:11 - [MESSAGE][PASSED] - Navigate to 'https://am-automation-test.epulsebeta2.com/poll_worker_classes/new' successfully

2018-12-13 16:30:11 - [TEST_STEP][PASSED] - delay(1): Delayed 1 second(s)

2018-12-13 16:30:12 - [MESSAGE][PASSED] - Delayed 1 second(s)

2018-12-13 16:30:12 - [TEST_STEP][PASSED] - delay(1): Delayed 1 second(s)

2018-12-13 16:30:13 - [MESSAGE][PASSED] - Delayed 1 second(s)

2018-12-13 16:30:13 - [TEST_STEP][PASSED] - click(findTestObject("Admin Console ePulse Menu/Poll Workers/New Poll Worker Class/Class Information/Class Information dropdown")): Object: 'Object Repository/Admin Console ePulse Menu/Poll Workers/New Poll Worker Class/Class Information/Class Information dropdown' is clicked on

2018-12-13 16:30:13 - [MESSAGE][PASSED] - Object: 'Object Repository/Admin Console ePulse Menu/Poll Workers/New Poll Worker Class/Class Information/Class Information dropdown' is clicked on

2018-12-13 16:30:13 - [TEST_STEP][PASSED] - delay(1): Delayed 1 second(s)

2018-12-13 16:30:14 - [MESSAGE][PASSED] - Delayed 1 second(s)

2018-12-13 16:30:14 - [TEST_STEP][PASSED] - setText(findTestObject("Admin Console ePulse Menu/Poll Workers/New Poll Worker Class/Class Information/Name"), "Name"): Text 'Name' is set on object 'Object Repository/Admin Console ePulse Menu/Poll Workers/New Poll Worker Class/Class Information/Name'

2018-12-13 16:30:14 - [MESSAGE][PASSED] - Text 'Name' is set on object 'Object Repository/Admin Console ePulse Menu/Poll Workers/New Poll Worker Class/Class Information/Name'

2018-12-13 16:30:14 - [TEST_STEP][PASSED] - delay(1): Delayed 1 second(s)

2018-12-13 16:30:15 - [MESSAGE][PASSED] - Delayed 1 second(s)

2018-12-13 16:30:15 - [TEST_STEP][PASSED] - setText(findTestObject("Admin Console ePulse Menu/Poll Workers/New Poll Worker Class/Class Information/Instructor"), "Instructor"): Text 'Instructor' is set on object 'Object Repository/Admin Console ePulse Menu/Poll Workers/New Poll Worker Class/Class Information/Instructor'

2018-12-13 16:30:16 - [MESSAGE][PASSED] - Text 'Instructor' is set on object 'Object Repository/Admin Console ePulse Menu/Poll Workers/New Poll Worker Class/Class Information/Instructor'

2018-12-13 16:30:16 - [TEST_STEP][PASSED] - delay(1): Delayed 1 second(s)

2018-12-13 16:30:17 - [MESSAGE][PASSED] - Delayed 1 second(s)

2018-12-13 16:30:17 - [TEST_STEP][PASSED] - setText(findTestObject("Admin Console ePulse Menu/Poll Workers/New Poll Worker Class/Address Information/Location"), "Location"): Text 'Location' is set on object 'Object Repository/Admin Console ePulse Menu/Poll Workers/New Poll Worker Class/Address Information/Location'

2018-12-13 16:30:17 - [MESSAGE][PASSED] - Text 'Location' is set on object 'Object Repository/Admin Console ePulse Menu/Poll Workers/New Poll Worker Class/Address Information/Location'

2018-12-13 16:30:17 - [TEST_STEP][PASSED] - delay(1): Delayed 1 second(s)

2018-12-13 16:30:18 - [MESSAGE][PASSED] - Delayed 1 second(s)

2018-12-13 16:30:18 - [TEST_STEP][PASSED] - doubleClick(findTestObject("Admin Console ePulse Menu/Poll Workers/New Poll Worker Class/Class Information/Date")): Object: 'Object Repository/Admin Console ePulse Menu/Poll Workers/New Poll Worker Class/Class Information/Date' is double clicked on

2018-12-13 16:30:18 - [MESSAGE][PASSED] - Object: 'Object Repository/Admin Console ePulse Menu/Poll Workers/New Poll Worker Class/Class Information/Date' is double clicked on

2018-12-13 16:30:18 - [TEST_STEP][PASSED] - delay(1): Delayed 1 second(s)

2018-12-13 16:30:19 - [MESSAGE][PASSED] - Delayed 1 second(s)

2018-12-13 16:30:19 - [TEST_STEP][PASSED] - setText(findTestObject("Admin Console ePulse Menu/Poll Workers/New Poll Worker Class/Class Information/Rate"), "10"): Text '10' is set on object 'Object Repository/Admin Console ePulse Menu/Poll Workers/New Poll Worker Class/Class Information/Rate'

2018-12-13 16:30:19 - [MESSAGE][PASSED] - Text '10' is set on object 'Object Repository/Admin Console ePulse Menu/Poll Workers/New Poll Worker Class/Class Information/Rate'

2018-12-13 16:30:19 - [TEST_STEP][PASSED] - delay(1): Delayed 1 second(s)

2018-12-13 16:30:20 - [MESSAGE][PASSED] - Delayed 1 second(s)

2018-12-13 16:30:20 - [TEST_STEP][PASSED] - setText(findTestObject("Admin Console ePulse Menu/Poll Workers/New Poll Worker Class/Class Information/Class Description"), "Descipt"): Text 'Descipt' is set on object 'Object Repository/Admin Console ePulse Menu/Poll Workers/New Poll Worker Class/Class Information/Class Description'

2018-12-13 16:30:20 - [MESSAGE][PASSED] - Text 'Descipt' is set on object 'Object Repository/Admin Console ePulse Menu/Poll Workers/New Poll Worker Class/Class Information/Class Description'

2018-12-13 16:30:20 - [TEST_STEP][PASSED] - delay(1): Delayed 1 second(s)

2018-12-13 16:30:21 - [MESSAGE][PASSED] - Delayed 1 second(s)

2018-12-13 16:30:21 - [TEST_STEP][PASSED] - click(findTestObject("Admin Console ePulse Menu/Poll Workers/New Poll Worker Class/Address Information/Address Information dropdown")): Object: 'Object Repository/Admin Console ePulse Menu/Poll Workers/New Poll Worker Class/Address Information/Address Information dropdown' is clicked on

2018-12-13 16:30:21 - [MESSAGE][PASSED] - Object: 'Object Repository/Admin Console ePulse Menu/Poll Workers/New Poll Worker Class/Address Information/Address Information dropdown' is clicked on

2018-12-13 16:30:21 - [TEST_STEP][PASSED] - delay(1): Delayed 1 second(s)

2018-12-13 16:30:22 - [MESSAGE][PASSED] - Delayed 1 second(s)

2018-12-13 16:30:22 - [TEST_STEP][PASSED] - setText(findTestObject("Admin Console ePulse Menu/Poll Workers/New Poll Worker Class/Address Information/Address1"), "123"): Text '123' is set on object 'Object Repository/Admin Console ePulse Menu/Poll Workers/New Poll Worker Class/Address Information/Address1'

2018-12-13 16:30:22 - [MESSAGE][PASSED] - Text '123' is set on object 'Object Repository/Admin Console ePulse Menu/Poll Workers/New Poll Worker Class/Address Information/Address1'

2018-12-13 16:30:22 - [TEST_STEP][PASSED] - delay(1): Delayed 1 second(s)

2018-12-13 16:30:23 - [MESSAGE][PASSED] - Delayed 1 second(s)

2018-12-13 16:30:23 - [TEST_STEP][PASSED] - setText(findTestObject("Admin Console ePulse Menu/Poll Workers/New Poll Worker Class/Address Information/Address2"), "abc"): Text 'abc' is set on object 'Object Repository/Admin Console ePulse Menu/Poll Workers/New Poll Worker Class/Address Information/Address2'

2018-12-13 16:30:23 - [MESSAGE][PASSED] - Text 'abc' is set on object 'Object Repository/Admin Console ePulse Menu/Poll Workers/New Poll Worker Class/Address Information/Address2'

2018-12-13 16:30:23 - [TEST_STEP][PASSED] - delay(1): Delayed 1 second(s)

2018-12-13 16:30:24 - [MESSAGE][PASSED] - Delayed 1 second(s)

2018-12-13 16:30:24 - [TEST_STEP][PASSED] - setText(findTestObject("Admin Console ePulse Menu/Poll Workers/New Poll Worker Class/Address Information/City"), "abc"): Text 'abc' is set on object 'Object Repository/Admin Console ePulse Menu/Poll Workers/New Poll Worker Class/Address Information/City'

2018-12-13 16:30:24 - [MESSAGE][PASSED] - Text 'abc' is set on object 'Object Repository/Admin Console ePulse Menu/Poll Workers/New Poll Worker Class/Address Information/City'

2018-12-13 16:30:24 - [TEST_STEP][PASSED] - delay(1): Delayed 1 second(s)

2018-12-13 16:30:25 - [MESSAGE][PASSED] - Delayed 1 second(s)

2018-12-13 16:30:25 - [TEST_STEP][PASSED] - setText(findTestObject("Admin Console ePulse Menu/Poll Workers/New Poll Worker Class/Address Information/State"), "ab"): Text 'ab' is set on object 'Object Repository/Admin Console ePulse Menu/Poll Workers/New Poll Worker Class/Address Information/State'

2018-12-13 16:30:25 - [MESSAGE][PASSED] - Text 'ab' is set on object 'Object Repository/Admin Console ePulse Menu/Poll Workers/New Poll Worker Class/Address Information/State'

2018-12-13 16:30:25 - [TEST_STEP][PASSED] - delay(1): Delayed 1 second(s)

2018-12-13 16:30:26 - [MESSAGE][PASSED] - Delayed 1 second(s)

2018-12-13 16:30:26 - [TEST_STEP][PASSED] - setText(findTestObject("Admin Console ePulse Menu/Poll Workers/New Poll Worker Class/Address Information/Zip"), "62232"): Text '62232' is set on object 'Object Repository/Admin Console ePulse Menu/Poll Workers/New Poll Worker Class/Address Information/Zip'

2018-12-13 16:30:26 - [MESSAGE][PASSED] - Text '62232' is set on object 'Object Repository/Admin Console ePulse Menu/Poll Workers/New Poll Worker Class/Address Information/Zip'

2018-12-13 16:30:26 - [TEST_STEP][PASSED] - delay(1): Delayed 1 second(s)

2018-12-13 16:30:27 - [MESSAGE][PASSED] - Delayed 1 second(s)

2018-12-13 16:30:27 - [TEST_STEP][PASSED] - click(findTestObject("Admin Console ePulse Menu/Poll Workers/New Poll Worker Class/Submit")): Object: 'Object Repository/Admin Console ePulse Menu/Poll Workers/New Poll Worker Class/Submit' is clicked on

2018-12-13 16:30:28 - [MESSAGE][PASSED] - Object: 'Object Repository/Admin Console ePulse Menu/Poll Workers/New Poll Worker Class/Submit' is clicked on

2018-12-13 16:30:28 - [TEST_STEP][PASSED] - closeBrowser(): Browser is closed

2018-12-13 16:30:29 - [MESSAGE][PASSED] - Browser is closed]]></system-out>
         <system-err><![CDATA[]]></system-err>
      </testcase>
      <testcase name="Test Cases/Admin Console/Poll Workers-Election Officials()/POLL WORKER - ROLES" classname="Test Cases/Admin Console/Poll Workers-Election Officials()/POLL WORKER - ROLES" status="PASSED">
         <system-out><![CDATA[2018-12-13 16:30:29 - [TEST_CASE][PASSED] - Test Cases/Admin Console/Poll Workers-Election Officials()/POLL WORKER - ROLES: Test Cases/Admin Console/Poll Workers-Election Officials()/POLL WORKER - ROLES

2018-12-13 16:30:29 - [TEST_STEP][PASSED] - openBrowser(""): Browser is opened with url: ''

2018-12-13 16:30:29 - [MESSAGE][INFO] - Starting 'Chrome' driver

2018-12-13 16:30:30 - [MESSAGE][PASSED] - Browser is opened with url: ''

2018-12-13 16:30:30 - [TEST_STEP][PASSED] - navigateToUrl(URL): Navigate to 'https://epulsebeta2.com' successfully

2018-12-13 16:30:31 - [MESSAGE][PASSED] - Navigate to 'https://epulsebeta2.com' successfully

2018-12-13 16:30:31 - [TEST_STEP][PASSED] - setText(findTestObject("Login/Email Address"), User_email): Text 'alonzo.mack@knowink.com' is set on object 'Object Repository/Login/Email Address'

2018-12-13 16:30:32 - [MESSAGE][PASSED] - Text 'alonzo.mack@knowink.com' is set on object 'Object Repository/Login/Email Address'

2018-12-13 16:30:32 - [TEST_STEP][PASSED] - setEncryptedText(findTestObject("Login/Password"), Pswrd): Text ****** has been set on object 'Object Repository/Login/Password'

2018-12-13 16:30:32 - [MESSAGE][PASSED] - Text ****** has been set on object 'Object Repository/Login/Password'

2018-12-13 16:30:32 - [TEST_STEP][PASSED] - click(findTestObject("Login/Sign In")): Object: 'Object Repository/Login/Sign In' is clicked on

2018-12-13 16:30:32 - [MESSAGE][PASSED] - Object: 'Object Repository/Login/Sign In' is clicked on

2018-12-13 16:30:32 - [TEST_STEP][PASSED] - delay(1): Delayed 1 second(s)

2018-12-13 16:30:33 - [MESSAGE][PASSED] - Delayed 1 second(s)

2018-12-13 16:30:33 - [TEST_STEP][PASSED] - delay(1): Delayed 1 second(s)

2018-12-13 16:30:34 - [MESSAGE][PASSED] - Delayed 1 second(s)

2018-12-13 16:30:34 - [TEST_STEP][PASSED] - navigateToUrl(Poll_Workers_Roles, STOP_ON_FAILURE): Navigate to 'https://am-automation-test.epulsebeta2.com/poll_worker_roles' successfully

2018-12-13 16:30:35 - [MESSAGE][PASSED] - Navigate to 'https://am-automation-test.epulsebeta2.com/poll_worker_roles' successfully

2018-12-13 16:30:35 - [TEST_STEP][PASSED] - delay(1): Delayed 1 second(s)

2018-12-13 16:30:36 - [MESSAGE][PASSED] - Delayed 1 second(s)

2018-12-13 16:30:36 - [TEST_STEP][PASSED] - delay(1): Delayed 1 second(s)

2018-12-13 16:30:37 - [MESSAGE][PASSED] - Delayed 1 second(s)

2018-12-13 16:30:37 - [TEST_STEP][PASSED] - delay(1): Delayed 1 second(s)

2018-12-13 16:30:38 - [MESSAGE][PASSED] - Delayed 1 second(s)

2018-12-13 16:30:38 - [TEST_STEP][PASSED] - click(findTestObject("Admin Console ePulse Menu/Poll Workers/Poll Workers Roles/Add Role")): Object: 'Object Repository/Admin Console ePulse Menu/Poll Workers/Poll Workers Roles/Add Role' is clicked on

2018-12-13 16:30:38 - [MESSAGE][PASSED] - Object: 'Object Repository/Admin Console ePulse Menu/Poll Workers/Poll Workers Roles/Add Role' is clicked on

2018-12-13 16:30:38 - [TEST_STEP][PASSED] - delay(1): Delayed 1 second(s)

2018-12-13 16:30:39 - [MESSAGE][PASSED] - Delayed 1 second(s)

2018-12-13 16:30:39 - [TEST_STEP][PASSED] - setText(findTestObject("Admin Console ePulse Menu/Poll Workers/Poll Workers Roles/Add Poll Workers Roles Modal/input_Name"), "Senior Admin"): Text 'Senior Admin' is set on object 'Object Repository/Admin Console ePulse Menu/Poll Workers/Poll Workers Roles/Add Poll Workers Roles Modal/input_Name'

2018-12-13 16:30:40 - [MESSAGE][PASSED] - Text 'Senior Admin' is set on object 'Object Repository/Admin Console ePulse Menu/Poll Workers/Poll Workers Roles/Add Poll Workers Roles Modal/input_Name'

2018-12-13 16:30:40 - [TEST_STEP][PASSED] - delay(1): Delayed 1 second(s)

2018-12-13 16:30:41 - [MESSAGE][PASSED] - Delayed 1 second(s)

2018-12-13 16:30:41 - [TEST_STEP][PASSED] - setText(findTestObject("Admin Console ePulse Menu/Poll Workers/Poll Workers Roles/Add Poll Workers Roles Modal/Rate"), "15"): Text '15' is set on object 'Object Repository/Admin Console ePulse Menu/Poll Workers/Poll Workers Roles/Add Poll Workers Roles Modal/Rate'

2018-12-13 16:30:41 - [MESSAGE][PASSED] - Text '15' is set on object 'Object Repository/Admin Console ePulse Menu/Poll Workers/Poll Workers Roles/Add Poll Workers Roles Modal/Rate'

2018-12-13 16:30:41 - [TEST_STEP][PASSED] - delay(1): Delayed 1 second(s)

2018-12-13 16:30:42 - [MESSAGE][PASSED] - Delayed 1 second(s)

2018-12-13 16:30:42 - [TEST_STEP][PASSED] - selectOptionByValue(findTestObject("Admin Console ePulse Menu/Poll Workers/Poll Workers Roles/Add Poll Workers Roles Modal/Select Rate Type"), "1", true): All options with value '1' are selected in object 'Object Repository/Admin Console ePulse Menu/Poll Workers/Poll Workers Roles/Add Poll Workers Roles Modal/Select Rate Type'  using regular expression

2018-12-13 16:30:42 - [MESSAGE][PASSED] - All options with value '1' are selected in object 'Object Repository/Admin Console ePulse Menu/Poll Workers/Poll Workers Roles/Add Poll Workers Roles Modal/Select Rate Type'  using regular expression

2018-12-13 16:30:42 - [TEST_STEP][PASSED] - delay(1): Delayed 1 second(s)

2018-12-13 16:30:43 - [MESSAGE][PASSED] - Delayed 1 second(s)

2018-12-13 16:30:43 - [TEST_STEP][PASSED] - setText(findTestObject("Admin Console ePulse Menu/Poll Workers/Poll Workers Roles/Add Poll Workers Roles Modal/input_Max hours for hourly pay"), "8"): Text '8' is set on object 'Object Repository/Admin Console ePulse Menu/Poll Workers/Poll Workers Roles/Add Poll Workers Roles Modal/input_Max hours for hourly pay'

2018-12-13 16:30:43 - [MESSAGE][PASSED] - Text '8' is set on object 'Object Repository/Admin Console ePulse Menu/Poll Workers/Poll Workers Roles/Add Poll Workers Roles Modal/input_Max hours for hourly pay'

2018-12-13 16:30:43 - [TEST_STEP][PASSED] - delay(1): Delayed 1 second(s)

2018-12-13 16:30:44 - [MESSAGE][PASSED] - Delayed 1 second(s)

2018-12-13 16:30:44 - [TEST_STEP][PASSED] - click(findTestObject("Admin Console ePulse Menu/Poll Workers/Poll Workers Roles/Add Poll Workers Roles Modal/SAVE")): Object: 'Object Repository/Admin Console ePulse Menu/Poll Workers/Poll Workers Roles/Add Poll Workers Roles Modal/SAVE' is clicked on

2018-12-13 16:30:44 - [MESSAGE][PASSED] - Object: 'Object Repository/Admin Console ePulse Menu/Poll Workers/Poll Workers Roles/Add Poll Workers Roles Modal/SAVE' is clicked on

2018-12-13 16:30:44 - [TEST_STEP][PASSED] - delay(1): Delayed 1 second(s)

2018-12-13 16:30:45 - [MESSAGE][PASSED] - Delayed 1 second(s)

2018-12-13 16:30:45 - [TEST_STEP][PASSED] - closeBrowser(): Browser is closed

2018-12-13 16:30:45 - [MESSAGE][PASSED] - Browser is closed]]></system-out>
         <system-err><![CDATA[]]></system-err>
      </testcase>
      <testcase name="Test Cases/Admin Console/Poll Workers-Election Officials()/Poll Workers - Manage - ADD" classname="Test Cases/Admin Console/Poll Workers-Election Officials()/Poll Workers - Manage - ADD" status="FAILED">
         <failure type="FAILED" message="Test Cases/Admin Console/Poll Workers-Election Officials()/Poll Workers - Manage - ADD FAILED.
Reason:
com.kms.katalon.core.exception.StepFailedException: Unable to click on object 'Object Repository/Admin Console ePulse Menu/Poll Workers/Poll Workers - Manage Page/New Poll Worker/Personal Information/Party Select/Select DEM' (Root cause: com.kms.katalon.core.webui.exception.WebElementNotFoundException: Web element with id: 'Object Repository/Admin Console ePulse Menu/Poll Workers/Poll Workers - Manage Page/New Poll Worker/Personal Information/Party Select/Select DEM' located by 'By.xpath: //select[@id='poll_worker_party_id']/Option[(text() = 'Democratic')]

//select[@id='poll_pad_poll_pad_config_id']/Option[(text() = 'RankinCountyMS')]
' not found)
	at com.kms.katalon.core.keyword.internal.KeywordMain.stepFailed(KeywordMain.groovy:36)
	at com.kms.katalon.core.webui.keyword.internal.WebUIKeywordMain.stepFailed(WebUIKeywordMain.groovy:65)
	at com.kms.katalon.core.webui.keyword.internal.WebUIKeywordMain.runKeyword(WebUIKeywordMain.groovy:27)
	at com.kms.katalon.core.webui.keyword.builtin.ClickKeyword.click(ClickKeyword.groovy:86)
	at com.kms.katalon.core.webui.keyword.builtin.ClickKeyword.execute(ClickKeyword.groovy:67)
	at com.kms.katalon.core.keyword.internal.KeywordExecutor.executeKeywordForPlatform(KeywordExecutor.groovy:53)
	at com.kms.katalon.core.webui.keyword.WebUiBuiltInKeywords.click(WebUiBuiltInKeywords.groovy:616)
	at com.kms.katalon.core.webui.keyword.WebUiBuiltInKeywords$click$3.call(Unknown Source)
	at Poll Workers - Manage - ADD.run(Poll Workers - Manage - ADD:67)
	at com.kms.katalon.core.main.ScriptEngine.run(ScriptEngine.java:194)
	at com.kms.katalon.core.main.ScriptEngine.runScriptAsRawText(ScriptEngine.java:119)
	at com.kms.katalon.core.main.TestCaseExecutor.runScript(TestCaseExecutor.java:321)
	at com.kms.katalon.core.main.TestCaseExecutor.doExecute(TestCaseExecutor.java:312)
	at com.kms.katalon.core.main.TestCaseExecutor.processExecutionPhase(TestCaseExecutor.java:291)
	at com.kms.katalon.core.main.TestCaseExecutor.accessMainPhase(TestCaseExecutor.java:283)
	at com.kms.katalon.core.main.TestCaseExecutor.execute(TestCaseExecutor.java:222)
	at com.kms.katalon.core.main.TestSuiteExecutor.accessTestCaseMainPhase(TestSuiteExecutor.java:129)
	at com.kms.katalon.core.main.TestSuiteExecutor.accessTestSuiteMainPhase(TestSuiteExecutor.java:112)
	at com.kms.katalon.core.main.TestSuiteExecutor.execute(TestSuiteExecutor.java:81)
	at com.kms.katalon.core.main.TestCaseMain.startTestSuite(TestCaseMain.java:149)
	at com.kms.katalon.core.main.TestCaseMain$startTestSuite$0.call(Unknown Source)
	at TempTestSuite1544738114009.run(TempTestSuite1544738114009.groovy:36)
"/>
         <system-out><![CDATA[2018-12-13 16:30:45 - [TEST_CASE][FAILED] - Test Cases/Admin Console/Poll Workers-Election Officials()/Poll Workers - Manage - ADD: Test Cases/Admin Console/Poll Workers-Election Officials()/Poll Workers - Manage - ADD FAILED.
Reason:
com.kms.katalon.core.exception.StepFailedException: Unable to click on object 'Object Repository/Admin Console ePulse Menu/Poll Workers/Poll Workers - Manage Page/New Poll Worker/Personal Information/Party Select/Select DEM' (Root cause: com.kms.katalon.core.webui.exception.WebElementNotFoundException: Web element with id: 'Object Repository/Admin Console ePulse Menu/Poll Workers/Poll Workers - Manage Page/New Poll Worker/Personal Information/Party Select/Select DEM' located by 'By.xpath: //select[@id='poll_worker_party_id']/Option[(text() = 'Democratic')]

//select[@id='poll_pad_poll_pad_config_id']/Option[(text() = 'RankinCountyMS')]
' not found)
	at com.kms.katalon.core.keyword.internal.KeywordMain.stepFailed(KeywordMain.groovy:36)
	at com.kms.katalon.core.webui.keyword.internal.WebUIKeywordMain.stepFailed(WebUIKeywordMain.groovy:65)
	at com.kms.katalon.core.webui.keyword.internal.WebUIKeywordMain.runKeyword(WebUIKeywordMain.groovy:27)
	at com.kms.katalon.core.webui.keyword.builtin.ClickKeyword.click(ClickKeyword.groovy:86)
	at com.kms.katalon.core.webui.keyword.builtin.ClickKeyword.execute(ClickKeyword.groovy:67)
	at com.kms.katalon.core.keyword.internal.KeywordExecutor.executeKeywordForPlatform(KeywordExecutor.groovy:53)
	at com.kms.katalon.core.webui.keyword.WebUiBuiltInKeywords.click(WebUiBuiltInKeywords.groovy:616)
	at com.kms.katalon.core.webui.keyword.WebUiBuiltInKeywords$click$3.call(Unknown Source)
	at Poll Workers - Manage - ADD.run(Poll Workers - Manage - ADD:67)
	at com.kms.katalon.core.main.ScriptEngine.run(ScriptEngine.java:194)
	at com.kms.katalon.core.main.ScriptEngine.runScriptAsRawText(ScriptEngine.java:119)
	at com.kms.katalon.core.main.TestCaseExecutor.runScript(TestCaseExecutor.java:321)
	at com.kms.katalon.core.main.TestCaseExecutor.doExecute(TestCaseExecutor.java:312)
	at com.kms.katalon.core.main.TestCaseExecutor.processExecutionPhase(TestCaseExecutor.java:291)
	at com.kms.katalon.core.main.TestCaseExecutor.accessMainPhase(TestCaseExecutor.java:283)
	at com.kms.katalon.core.main.TestCaseExecutor.execute(TestCaseExecutor.java:222)
	at com.kms.katalon.core.main.TestSuiteExecutor.accessTestCaseMainPhase(TestSuiteExecutor.java:129)
	at com.kms.katalon.core.main.TestSuiteExecutor.accessTestSuiteMainPhase(TestSuiteExecutor.java:112)
	at com.kms.katalon.core.main.TestSuiteExecutor.execute(TestSuiteExecutor.java:81)
	at com.kms.katalon.core.main.TestCaseMain.startTestSuite(TestCaseMain.java:149)
	at com.kms.katalon.core.main.TestCaseMain$startTestSuite$0.call(Unknown Source)
	at TempTestSuite1544738114009.run(TempTestSuite1544738114009.groovy:36)


2018-12-13 16:30:45 - [TEST_STEP][PASSED] - openBrowser(""): Browser is opened with url: ''

2018-12-13 16:30:45 - [MESSAGE][INFO] - Starting 'Chrome' driver

2018-12-13 16:30:46 - [MESSAGE][PASSED] - Browser is opened with url: ''

2018-12-13 16:30:46 - [TEST_STEP][PASSED] - navigateToUrl(URL): Navigate to 'https://epulsebeta2.com' successfully

2018-12-13 16:30:53 - [MESSAGE][PASSED] - Navigate to 'https://epulsebeta2.com' successfully

2018-12-13 16:30:53 - [TEST_STEP][PASSED] - setText(findTestObject("Login/Email Address"), User_email): Text 'alonzo.mack@knowink.com' is set on object 'Object Repository/Login/Email Address'

2018-12-13 16:30:53 - [MESSAGE][PASSED] - Text 'alonzo.mack@knowink.com' is set on object 'Object Repository/Login/Email Address'

2018-12-13 16:30:53 - [TEST_STEP][PASSED] - setEncryptedText(findTestObject("Login/Password"), Pswrd): Text ****** has been set on object 'Object Repository/Login/Password'

2018-12-13 16:30:53 - [MESSAGE][PASSED] - Text ****** has been set on object 'Object Repository/Login/Password'

2018-12-13 16:30:53 - [TEST_STEP][PASSED] - click(findTestObject("Login/Sign In")): Object: 'Object Repository/Login/Sign In' is clicked on

2018-12-13 16:30:54 - [MESSAGE][PASSED] - Object: 'Object Repository/Login/Sign In' is clicked on

2018-12-13 16:30:54 - [TEST_STEP][PASSED] - delay(1): Delayed 1 second(s)

2018-12-13 16:30:55 - [MESSAGE][PASSED] - Delayed 1 second(s)

2018-12-13 16:30:55 - [TEST_STEP][PASSED] - navigateToUrl(Poll_Workers, STOP_ON_FAILURE): Navigate to 'https://am-automation-test.epulsebeta2.com/poll_workers' successfully

2018-12-13 16:30:57 - [MESSAGE][PASSED] - Navigate to 'https://am-automation-test.epulsebeta2.com/poll_workers' successfully

2018-12-13 16:30:57 - [TEST_STEP][PASSED] - delay(1): Delayed 1 second(s)

2018-12-13 16:30:58 - [MESSAGE][PASSED] - Delayed 1 second(s)

2018-12-13 16:30:58 - [TEST_STEP][PASSED] - click(findTestObject("Admin Console ePulse Menu/Poll Workers/Poll Workers - Manage Page/Poll Workers (Actions Options)/Actions")): Object: 'Object Repository/Admin Console ePulse Menu/Poll Workers/Poll Workers - Manage Page/Poll Workers (Actions Options)/Actions' is clicked on

2018-12-13 16:30:58 - [MESSAGE][PASSED] - Object: 'Object Repository/Admin Console ePulse Menu/Poll Workers/Poll Workers - Manage Page/Poll Workers (Actions Options)/Actions' is clicked on

2018-12-13 16:30:58 - [TEST_STEP][PASSED] - delay(1): Delayed 1 second(s)

2018-12-13 16:30:59 - [MESSAGE][PASSED] - Delayed 1 second(s)

2018-12-13 16:30:59 - [TEST_STEP][PASSED] - click(findTestObject("Admin Console ePulse Menu/Poll Workers/Poll Workers - Manage Page/Poll Workers (Actions Options)/Add Poll Worker")): Object: 'Object Repository/Admin Console ePulse Menu/Poll Workers/Poll Workers - Manage Page/Poll Workers (Actions Options)/Add Poll Worker' is clicked on

2018-12-13 16:30:59 - [MESSAGE][PASSED] - Object: 'Object Repository/Admin Console ePulse Menu/Poll Workers/Poll Workers - Manage Page/Poll Workers (Actions Options)/Add Poll Worker' is clicked on

2018-12-13 16:30:59 - [TEST_STEP][PASSED] - delay(1): Delayed 1 second(s)

2018-12-13 16:31:00 - [MESSAGE][PASSED] - Delayed 1 second(s)

2018-12-13 16:31:00 - [TEST_STEP][PASSED] - click(findTestObject("Admin Console ePulse Menu/Poll Workers/Poll Workers - Manage Page/New Poll Worker/Personal Information/Personal Information dropdown")): Object: 'Object Repository/Admin Console ePulse Menu/Poll Workers/Poll Workers - Manage Page/New Poll Worker/Personal Information/Personal Information dropdown' is clicked on

2018-12-13 16:31:00 - [MESSAGE][PASSED] - Object: 'Object Repository/Admin Console ePulse Menu/Poll Workers/Poll Workers - Manage Page/New Poll Worker/Personal Information/Personal Information dropdown' is clicked on

2018-12-13 16:31:00 - [TEST_STEP][PASSED] - delay(1): Delayed 1 second(s)

2018-12-13 16:31:01 - [MESSAGE][PASSED] - Delayed 1 second(s)

2018-12-13 16:31:01 - [TEST_STEP][PASSED] - setText(findTestObject("Admin Console ePulse Menu/Poll Workers/Poll Workers - Manage Page/New Poll Worker/Personal Information/input_First Name"), "poll"): Text 'poll' is set on object 'Object Repository/Admin Console ePulse Menu/Poll Workers/Poll Workers - Manage Page/New Poll Worker/Personal Information/input_First Name'

2018-12-13 16:31:01 - [MESSAGE][PASSED] - Text 'poll' is set on object 'Object Repository/Admin Console ePulse Menu/Poll Workers/Poll Workers - Manage Page/New Poll Worker/Personal Information/input_First Name'

2018-12-13 16:31:01 - [TEST_STEP][PASSED] - delay(1): Delayed 1 second(s)

2018-12-13 16:31:02 - [MESSAGE][PASSED] - Delayed 1 second(s)

2018-12-13 16:31:02 - [TEST_STEP][PASSED] - setText(findTestObject("Admin Console ePulse Menu/Poll Workers/Poll Workers - Manage Page/New Poll Worker/Personal Information/input_Last Name"), "worker"): Text 'worker' is set on object 'Object Repository/Admin Console ePulse Menu/Poll Workers/Poll Workers - Manage Page/New Poll Worker/Personal Information/input_Last Name'

2018-12-13 16:31:03 - [MESSAGE][PASSED] - Text 'worker' is set on object 'Object Repository/Admin Console ePulse Menu/Poll Workers/Poll Workers - Manage Page/New Poll Worker/Personal Information/input_Last Name'

2018-12-13 16:31:03 - [TEST_STEP][PASSED] - delay(1): Delayed 1 second(s)

2018-12-13 16:31:04 - [MESSAGE][PASSED] - Delayed 1 second(s)

2018-12-13 16:31:04 - [TEST_STEP][FAILED] - click(findTestObject("Admin Console ePulse Menu/Poll Workers/Poll Workers - Manage Page/New Poll Worker/Personal Information/Party Select/Select DEM")): click(findTestObject("Admin Console ePulse Menu/Poll Workers/Poll Workers - Manage Page/New Poll Worker/Personal Information/Party Select/Select DEM")) FAILED.
Reason:
com.kms.katalon.core.exception.StepFailedException: Unable to click on object 'Object Repository/Admin Console ePulse Menu/Poll Workers/Poll Workers - Manage Page/New Poll Worker/Personal Information/Party Select/Select DEM' (Root cause: com.kms.katalon.core.webui.exception.WebElementNotFoundException: Web element with id: 'Object Repository/Admin Console ePulse Menu/Poll Workers/Poll Workers - Manage Page/New Poll Worker/Personal Information/Party Select/Select DEM' located by 'By.xpath: //select[@id='poll_worker_party_id']/Option[(text() = 'Democratic')]

//select[@id='poll_pad_poll_pad_config_id']/Option[(text() = 'RankinCountyMS')]
' not found)
	at com.kms.katalon.core.keyword.internal.KeywordMain.stepFailed(KeywordMain.groovy:36)
	at com.kms.katalon.core.webui.keyword.internal.WebUIKeywordMain.stepFailed(WebUIKeywordMain.groovy:65)
	at com.kms.katalon.core.webui.keyword.internal.WebUIKeywordMain.runKeyword(WebUIKeywordMain.groovy:27)
	at com.kms.katalon.core.webui.keyword.builtin.ClickKeyword.click(ClickKeyword.groovy:86)
	at com.kms.katalon.core.webui.keyword.builtin.ClickKeyword.execute(ClickKeyword.groovy:67)
	at com.kms.katalon.core.keyword.internal.KeywordExecutor.executeKeywordForPlatform(KeywordExecutor.groovy:53)
	at com.kms.katalon.core.webui.keyword.WebUiBuiltInKeywords.click(WebUiBuiltInKeywords.groovy:616)
	at com.kms.katalon.core.webui.keyword.WebUiBuiltInKeywords$click$3.call(Unknown Source)
	at Poll Workers - Manage - ADD.run(Poll Workers - Manage - ADD:67)
	at com.kms.katalon.core.main.ScriptEngine.run(ScriptEngine.java:194)
	at com.kms.katalon.core.main.ScriptEngine.runScriptAsRawText(ScriptEngine.java:119)
	at com.kms.katalon.core.main.TestCaseExecutor.runScript(TestCaseExecutor.java:321)
	at com.kms.katalon.core.main.TestCaseExecutor.doExecute(TestCaseExecutor.java:312)
	at com.kms.katalon.core.main.TestCaseExecutor.processExecutionPhase(TestCaseExecutor.java:291)
	at com.kms.katalon.core.main.TestCaseExecutor.accessMainPhase(TestCaseExecutor.java:283)
	at com.kms.katalon.core.main.TestCaseExecutor.execute(TestCaseExecutor.java:222)
	at com.kms.katalon.core.main.TestSuiteExecutor.accessTestCaseMainPhase(TestSuiteExecutor.java:129)
	at com.kms.katalon.core.main.TestSuiteExecutor.accessTestSuiteMainPhase(TestSuiteExecutor.java:112)
	at com.kms.katalon.core.main.TestSuiteExecutor.execute(TestSuiteExecutor.java:81)
	at com.kms.katalon.core.main.TestCaseMain.startTestSuite(TestCaseMain.java:149)
	at com.kms.katalon.core.main.TestCaseMain$startTestSuite$0.call(Unknown Source)
	at TempTestSuite1544738114009.run(TempTestSuite1544738114009.groovy:36)


2018-12-13 16:31:19 - [MESSAGE][INFO] - Unable to find the element located by 'By.xpath: //select[@id='poll_worker_party_id']/Option[(text() = 'Democratic')]

//select[@id='poll_pad_poll_pad_config_id']/Option[(text() = 'RankinCountyMS')]
'. Please recheck the objects properties to make sure the desired element is located. 

2018-12-13 16:31:19 - [MESSAGE][FAILED] - Unable to click on object 'Object Repository/Admin Console ePulse Menu/Poll Workers/Poll Workers - Manage Page/New Poll Worker/Personal Information/Party Select/Select DEM' (Root cause: com.kms.katalon.core.webui.exception.WebElementNotFoundException: Web element with id: 'Object Repository/Admin Console ePulse Menu/Poll Workers/Poll Workers - Manage Page/New Poll Worker/Personal Information/Party Select/Select DEM' located by 'By.xpath: //select[@id='poll_worker_party_id']/Option[(text() = 'Democratic')]

//select[@id='poll_pad_poll_pad_config_id']/Option[(text() = 'RankinCountyMS')]
' not found)
[[ATTACHMENT|/Users/alonzomack/Katalon Studio/Regression/Reports/dev_staging ready/20181213_155510/1544740279344.png]]

2018-12-13 16:31:19 - [MESSAGE][FAILED] - click(findTestObject("Admin Console ePulse Menu/Poll Workers/Poll Workers - Manage Page/New Poll Worker/Personal Information/Party Select/Select DEM")) FAILED.
Reason:
com.kms.katalon.core.exception.StepFailedException: Unable to click on object 'Object Repository/Admin Console ePulse Menu/Poll Workers/Poll Workers - Manage Page/New Poll Worker/Personal Information/Party Select/Select DEM' (Root cause: com.kms.katalon.core.webui.exception.WebElementNotFoundException: Web element with id: 'Object Repository/Admin Console ePulse Menu/Poll Workers/Poll Workers - Manage Page/New Poll Worker/Personal Information/Party Select/Select DEM' located by 'By.xpath: //select[@id='poll_worker_party_id']/Option[(text() = 'Democratic')]

//select[@id='poll_pad_poll_pad_config_id']/Option[(text() = 'RankinCountyMS')]
' not found)
	at com.kms.katalon.core.keyword.internal.KeywordMain.stepFailed(KeywordMain.groovy:36)
	at com.kms.katalon.core.webui.keyword.internal.WebUIKeywordMain.stepFailed(WebUIKeywordMain.groovy:65)
	at com.kms.katalon.core.webui.keyword.internal.WebUIKeywordMain.runKeyword(WebUIKeywordMain.groovy:27)
	at com.kms.katalon.core.webui.keyword.builtin.ClickKeyword.click(ClickKeyword.groovy:86)
	at com.kms.katalon.core.webui.keyword.builtin.ClickKeyword.execute(ClickKeyword.groovy:67)
	at com.kms.katalon.core.keyword.internal.KeywordExecutor.executeKeywordForPlatform(KeywordExecutor.groovy:53)
	at com.kms.katalon.core.webui.keyword.WebUiBuiltInKeywords.click(WebUiBuiltInKeywords.groovy:616)
	at com.kms.katalon.core.webui.keyword.WebUiBuiltInKeywords$click$3.call(Unknown Source)
	at Poll Workers - Manage - ADD.run(Poll Workers - Manage - ADD:67)
	at com.kms.katalon.core.main.ScriptEngine.run(ScriptEngine.java:194)
	at com.kms.katalon.core.main.ScriptEngine.runScriptAsRawText(ScriptEngine.java:119)
	at com.kms.katalon.core.main.TestCaseExecutor.runScript(TestCaseExecutor.java:321)
	at com.kms.katalon.core.main.TestCaseExecutor.doExecute(TestCaseExecutor.java:312)
	at com.kms.katalon.core.main.TestCaseExecutor.processExecutionPhase(TestCaseExecutor.java:291)
	at com.kms.katalon.core.main.TestCaseExecutor.accessMainPhase(TestCaseExecutor.java:283)
	at com.kms.katalon.core.main.TestCaseExecutor.execute(TestCaseExecutor.java:222)
	at com.kms.katalon.core.main.TestSuiteExecutor.accessTestCaseMainPhase(TestSuiteExecutor.java:129)
	at com.kms.katalon.core.main.TestSuiteExecutor.accessTestSuiteMainPhase(TestSuiteExecutor.java:112)
	at com.kms.katalon.core.main.TestSuiteExecutor.execute(TestSuiteExecutor.java:81)
	at com.kms.katalon.core.main.TestCaseMain.startTestSuite(TestCaseMain.java:149)
	at com.kms.katalon.core.main.TestCaseMain$startTestSuite$0.call(Unknown Source)
	at TempTestSuite1544738114009.run(TempTestSuite1544738114009.groovy:36)]]></system-out>
         <system-err><![CDATA[2018-12-13 16:30:45 - [TEST_CASE][FAILED] - Test Cases/Admin Console/Poll Workers-Election Officials()/Poll Workers - Manage - ADD: Test Cases/Admin Console/Poll Workers-Election Officials()/Poll Workers - Manage - ADD FAILED.
Reason:
com.kms.katalon.core.exception.StepFailedException: Unable to click on object 'Object Repository/Admin Console ePulse Menu/Poll Workers/Poll Workers - Manage Page/New Poll Worker/Personal Information/Party Select/Select DEM' (Root cause: com.kms.katalon.core.webui.exception.WebElementNotFoundException: Web element with id: 'Object Repository/Admin Console ePulse Menu/Poll Workers/Poll Workers - Manage Page/New Poll Worker/Personal Information/Party Select/Select DEM' located by 'By.xpath: //select[@id='poll_worker_party_id']/Option[(text() = 'Democratic')]

//select[@id='poll_pad_poll_pad_config_id']/Option[(text() = 'RankinCountyMS')]
' not found)
	at com.kms.katalon.core.keyword.internal.KeywordMain.stepFailed(KeywordMain.groovy:36)
	at com.kms.katalon.core.webui.keyword.internal.WebUIKeywordMain.stepFailed(WebUIKeywordMain.groovy:65)
	at com.kms.katalon.core.webui.keyword.internal.WebUIKeywordMain.runKeyword(WebUIKeywordMain.groovy:27)
	at com.kms.katalon.core.webui.keyword.builtin.ClickKeyword.click(ClickKeyword.groovy:86)
	at com.kms.katalon.core.webui.keyword.builtin.ClickKeyword.execute(ClickKeyword.groovy:67)
	at com.kms.katalon.core.keyword.internal.KeywordExecutor.executeKeywordForPlatform(KeywordExecutor.groovy:53)
	at com.kms.katalon.core.webui.keyword.WebUiBuiltInKeywords.click(WebUiBuiltInKeywords.groovy:616)
	at com.kms.katalon.core.webui.keyword.WebUiBuiltInKeywords$click$3.call(Unknown Source)
	at Poll Workers - Manage - ADD.run(Poll Workers - Manage - ADD:67)
	at com.kms.katalon.core.main.ScriptEngine.run(ScriptEngine.java:194)
	at com.kms.katalon.core.main.ScriptEngine.runScriptAsRawText(ScriptEngine.java:119)
	at com.kms.katalon.core.main.TestCaseExecutor.runScript(TestCaseExecutor.java:321)
	at com.kms.katalon.core.main.TestCaseExecutor.doExecute(TestCaseExecutor.java:312)
	at com.kms.katalon.core.main.TestCaseExecutor.processExecutionPhase(TestCaseExecutor.java:291)
	at com.kms.katalon.core.main.TestCaseExecutor.accessMainPhase(TestCaseExecutor.java:283)
	at com.kms.katalon.core.main.TestCaseExecutor.execute(TestCaseExecutor.java:222)
	at com.kms.katalon.core.main.TestSuiteExecutor.accessTestCaseMainPhase(TestSuiteExecutor.java:129)
	at com.kms.katalon.core.main.TestSuiteExecutor.accessTestSuiteMainPhase(TestSuiteExecutor.java:112)
	at com.kms.katalon.core.main.TestSuiteExecutor.execute(TestSuiteExecutor.java:81)
	at com.kms.katalon.core.main.TestCaseMain.startTestSuite(TestCaseMain.java:149)
	at com.kms.katalon.core.main.TestCaseMain$startTestSuite$0.call(Unknown Source)
	at TempTestSuite1544738114009.run(TempTestSuite1544738114009.groovy:36)]]></system-err>
      </testcase>
      <testcase name="Test Cases/Admin Console/Poll Workers-Election Officials()/Poll Workers - Manage - Import" classname="Test Cases/Admin Console/Poll Workers-Election Officials()/Poll Workers - Manage - Import" status="PASSED">
         <system-out><![CDATA[2018-12-13 16:31:19 - [TEST_CASE][PASSED] - Test Cases/Admin Console/Poll Workers-Election Officials()/Poll Workers - Manage - Import: Test Cases/Admin Console/Poll Workers-Election Officials()/Poll Workers - Manage - Import

2018-12-13 16:31:19 - [TEST_STEP][PASSED] - openBrowser(""): Browser is opened with url: ''

2018-12-13 16:31:19 - [MESSAGE][WARNING] - A browser is already opened. Closing browser and opening a new one

2018-12-13 16:31:19 - [MESSAGE][INFO] - Starting 'Chrome' driver

2018-12-13 16:31:21 - [MESSAGE][PASSED] - Browser is opened with url: ''

2018-12-13 16:31:21 - [TEST_STEP][PASSED] - navigateToUrl(URL): Navigate to 'https://epulsebeta2.com' successfully

2018-12-13 16:31:23 - [MESSAGE][PASSED] - Navigate to 'https://epulsebeta2.com' successfully

2018-12-13 16:31:23 - [TEST_STEP][PASSED] - setText(findTestObject("Login/Email Address"), User_email): Text 'alonzo.mack@knowink.com' is set on object 'Object Repository/Login/Email Address'

2018-12-13 16:31:23 - [MESSAGE][PASSED] - Text 'alonzo.mack@knowink.com' is set on object 'Object Repository/Login/Email Address'

2018-12-13 16:31:23 - [TEST_STEP][PASSED] - setEncryptedText(findTestObject("Login/Password"), Pswrd): Text ****** has been set on object 'Object Repository/Login/Password'

2018-12-13 16:31:23 - [MESSAGE][PASSED] - Text ****** has been set on object 'Object Repository/Login/Password'

2018-12-13 16:31:23 - [TEST_STEP][PASSED] - click(findTestObject("Login/Sign In")): Object: 'Object Repository/Login/Sign In' is clicked on

2018-12-13 16:31:24 - [MESSAGE][PASSED] - Object: 'Object Repository/Login/Sign In' is clicked on

2018-12-13 16:31:24 - [TEST_STEP][PASSED] - delay(1): Delayed 1 second(s)

2018-12-13 16:31:25 - [MESSAGE][PASSED] - Delayed 1 second(s)

2018-12-13 16:31:25 - [TEST_STEP][PASSED] - navigateToUrl(Poll_Workers, STOP_ON_FAILURE): Navigate to 'https://am-automation-test.epulsebeta2.com/poll_workers' successfully

2018-12-13 16:31:27 - [MESSAGE][PASSED] - Navigate to 'https://am-automation-test.epulsebeta2.com/poll_workers' successfully

2018-12-13 16:31:27 - [TEST_STEP][PASSED] - delay(1): Delayed 1 second(s)

2018-12-13 16:31:28 - [MESSAGE][PASSED] - Delayed 1 second(s)

2018-12-13 16:31:28 - [TEST_STEP][PASSED] - click(findTestObject("Admin Console ePulse Menu/Poll Workers/Poll Workers - Manage Page/Import Poll Workers")): Object: 'Object Repository/Admin Console ePulse Menu/Poll Workers/Poll Workers - Manage Page/Import Poll Workers' is clicked on

2018-12-13 16:31:28 - [MESSAGE][PASSED] - Object: 'Object Repository/Admin Console ePulse Menu/Poll Workers/Poll Workers - Manage Page/Import Poll Workers' is clicked on

2018-12-13 16:31:28 - [TEST_STEP][PASSED] - setText(findTestObject("Admin Console ePulse Menu/Account Settings/Prompts/Import Prompts Buttons/Choose File"), "/Users/alonzomack/Downloads/Automation uploads/poll_workers.csv"): Text '/Users/alonzomack/Downloads/Automation uploads/poll_workers.csv' is set on object 'Object Repository/Admin Console ePulse Menu/Account Settings/Prompts/Import Prompts Buttons/Choose File'

2018-12-13 16:31:28 - [MESSAGE][PASSED] - Text '/Users/alonzomack/Downloads/Automation uploads/poll_workers.csv' is set on object 'Object Repository/Admin Console ePulse Menu/Account Settings/Prompts/Import Prompts Buttons/Choose File'

2018-12-13 16:31:28 - [TEST_STEP][PASSED] - click(findTestObject("Admin Console ePulse Menu/Account Settings/Prompts/Import Prompts Buttons/Continue Button")): Object: 'Object Repository/Admin Console ePulse Menu/Account Settings/Prompts/Import Prompts Buttons/Continue Button' is clicked on

2018-12-13 16:31:28 - [MESSAGE][PASSED] - Object: 'Object Repository/Admin Console ePulse Menu/Account Settings/Prompts/Import Prompts Buttons/Continue Button' is clicked on

2018-12-13 16:31:28 - [TEST_STEP][PASSED] - delay(1): Delayed 1 second(s)

2018-12-13 16:31:29 - [MESSAGE][PASSED] - Delayed 1 second(s)

2018-12-13 16:31:29 - [TEST_STEP][PASSED] - click(findTestObject("Admin Console ePulse Menu/Account Settings/Prompts/Import Prompts Buttons/button_Done(working)")): Object: 'Object Repository/Admin Console ePulse Menu/Account Settings/Prompts/Import Prompts Buttons/button_Done(working)' is clicked on

2018-12-13 16:31:33 - [MESSAGE][PASSED] - Object: 'Object Repository/Admin Console ePulse Menu/Account Settings/Prompts/Import Prompts Buttons/button_Done(working)' is clicked on

2018-12-13 16:31:33 - [TEST_STEP][PASSED] - delay(1): Delayed 1 second(s)

2018-12-13 16:31:34 - [MESSAGE][PASSED] - Delayed 1 second(s)

2018-12-13 16:31:34 - [TEST_STEP][PASSED] - closeBrowser(): Browser is closed

2018-12-13 16:31:34 - [MESSAGE][PASSED] - Browser is closed]]></system-out>
         <system-err><![CDATA[]]></system-err>
      </testcase>
      <testcase name="Test Cases/Admin Console/Account Settings/Users/Account Settings - Edit User" classname="Test Cases/Admin Console/Account Settings/Users/Account Settings - Edit User" status="FAILED">
         <failure type="FAILED" message="Test Cases/Admin Console/Account Settings/Users/Account Settings - Edit User FAILED.
Reason:
com.kms.katalon.core.exception.StepFailedException: Unable to click on object 'Object Repository/Admin Console ePulse Menu/Account Settings/Add User/existing user' (Root cause: com.kms.katalon.core.webui.exception.WebElementNotFoundException: Web element with id: 'Object Repository/Admin Console ePulse Menu/Account Settings/Add User/existing user' located by 'By.xpath: //section[@id='sort_table']/table/tbody/tr[2]/td/a' not found)
	at com.kms.katalon.core.keyword.internal.KeywordMain.stepFailed(KeywordMain.groovy:36)
	at com.kms.katalon.core.webui.keyword.internal.WebUIKeywordMain.stepFailed(WebUIKeywordMain.groovy:65)
	at com.kms.katalon.core.webui.keyword.internal.WebUIKeywordMain.runKeyword(WebUIKeywordMain.groovy:27)
	at com.kms.katalon.core.webui.keyword.builtin.ClickKeyword.click(ClickKeyword.groovy:86)
	at com.kms.katalon.core.webui.keyword.builtin.ClickKeyword.execute(ClickKeyword.groovy:67)
	at com.kms.katalon.core.keyword.internal.KeywordExecutor.executeKeywordForPlatform(KeywordExecutor.groovy:53)
	at com.kms.katalon.core.webui.keyword.WebUiBuiltInKeywords.click(WebUiBuiltInKeywords.groovy:616)
	at com.kms.katalon.core.webui.keyword.WebUiBuiltInKeywords$click$3.call(Unknown Source)
	at Account Settings - Edit User.run(Account Settings - Edit User:45)
	at com.kms.katalon.core.main.ScriptEngine.run(ScriptEngine.java:194)
	at com.kms.katalon.core.main.ScriptEngine.runScriptAsRawText(ScriptEngine.java:119)
	at com.kms.katalon.core.main.TestCaseExecutor.runScript(TestCaseExecutor.java:321)
	at com.kms.katalon.core.main.TestCaseExecutor.doExecute(TestCaseExecutor.java:312)
	at com.kms.katalon.core.main.TestCaseExecutor.processExecutionPhase(TestCaseExecutor.java:291)
	at com.kms.katalon.core.main.TestCaseExecutor.accessMainPhase(TestCaseExecutor.java:283)
	at com.kms.katalon.core.main.TestCaseExecutor.execute(TestCaseExecutor.java:222)
	at com.kms.katalon.core.main.TestSuiteExecutor.accessTestCaseMainPhase(TestSuiteExecutor.java:129)
	at com.kms.katalon.core.main.TestSuiteExecutor.accessTestSuiteMainPhase(TestSuiteExecutor.java:112)
	at com.kms.katalon.core.main.TestSuiteExecutor.execute(TestSuiteExecutor.java:81)
	at com.kms.katalon.core.main.TestCaseMain.startTestSuite(TestCaseMain.java:149)
	at com.kms.katalon.core.main.TestCaseMain$startTestSuite$0.call(Unknown Source)
	at TempTestSuite1544738114009.run(TempTestSuite1544738114009.groovy:36)
"/>
         <system-out><![CDATA[2018-12-13 16:31:34 - [TEST_CASE][FAILED] - Test Cases/Admin Console/Account Settings/Users/Account Settings - Edit User: Test Cases/Admin Console/Account Settings/Users/Account Settings - Edit User FAILED.
Reason:
com.kms.katalon.core.exception.StepFailedException: Unable to click on object 'Object Repository/Admin Console ePulse Menu/Account Settings/Add User/existing user' (Root cause: com.kms.katalon.core.webui.exception.WebElementNotFoundException: Web element with id: 'Object Repository/Admin Console ePulse Menu/Account Settings/Add User/existing user' located by 'By.xpath: //section[@id='sort_table']/table/tbody/tr[2]/td/a' not found)
	at com.kms.katalon.core.keyword.internal.KeywordMain.stepFailed(KeywordMain.groovy:36)
	at com.kms.katalon.core.webui.keyword.internal.WebUIKeywordMain.stepFailed(WebUIKeywordMain.groovy:65)
	at com.kms.katalon.core.webui.keyword.internal.WebUIKeywordMain.runKeyword(WebUIKeywordMain.groovy:27)
	at com.kms.katalon.core.webui.keyword.builtin.ClickKeyword.click(ClickKeyword.groovy:86)
	at com.kms.katalon.core.webui.keyword.builtin.ClickKeyword.execute(ClickKeyword.groovy:67)
	at com.kms.katalon.core.keyword.internal.KeywordExecutor.executeKeywordForPlatform(KeywordExecutor.groovy:53)
	at com.kms.katalon.core.webui.keyword.WebUiBuiltInKeywords.click(WebUiBuiltInKeywords.groovy:616)
	at com.kms.katalon.core.webui.keyword.WebUiBuiltInKeywords$click$3.call(Unknown Source)
	at Account Settings - Edit User.run(Account Settings - Edit User:45)
	at com.kms.katalon.core.main.ScriptEngine.run(ScriptEngine.java:194)
	at com.kms.katalon.core.main.ScriptEngine.runScriptAsRawText(ScriptEngine.java:119)
	at com.kms.katalon.core.main.TestCaseExecutor.runScript(TestCaseExecutor.java:321)
	at com.kms.katalon.core.main.TestCaseExecutor.doExecute(TestCaseExecutor.java:312)
	at com.kms.katalon.core.main.TestCaseExecutor.processExecutionPhase(TestCaseExecutor.java:291)
	at com.kms.katalon.core.main.TestCaseExecutor.accessMainPhase(TestCaseExecutor.java:283)
	at com.kms.katalon.core.main.TestCaseExecutor.execute(TestCaseExecutor.java:222)
	at com.kms.katalon.core.main.TestSuiteExecutor.accessTestCaseMainPhase(TestSuiteExecutor.java:129)
	at com.kms.katalon.core.main.TestSuiteExecutor.accessTestSuiteMainPhase(TestSuiteExecutor.java:112)
	at com.kms.katalon.core.main.TestSuiteExecutor.execute(TestSuiteExecutor.java:81)
	at com.kms.katalon.core.main.TestCaseMain.startTestSuite(TestCaseMain.java:149)
	at com.kms.katalon.core.main.TestCaseMain$startTestSuite$0.call(Unknown Source)
	at TempTestSuite1544738114009.run(TempTestSuite1544738114009.groovy:36)


2018-12-13 16:31:34 - [TEST_STEP][PASSED] - openBrowser(""): Browser is opened with url: ''

2018-12-13 16:31:34 - [MESSAGE][INFO] - Starting 'Chrome' driver

2018-12-13 16:31:35 - [MESSAGE][PASSED] - Browser is opened with url: ''

2018-12-13 16:31:35 - [TEST_STEP][PASSED] - navigateToUrl(URL): Navigate to 'https://epulsebeta2.com' successfully

2018-12-13 16:31:37 - [MESSAGE][PASSED] - Navigate to 'https://epulsebeta2.com' successfully

2018-12-13 16:31:37 - [TEST_STEP][PASSED] - setText(findTestObject("Login/Email Address"), User_email): Text 'alonzo.mack@knowink.com' is set on object 'Object Repository/Login/Email Address'

2018-12-13 16:31:37 - [MESSAGE][PASSED] - Text 'alonzo.mack@knowink.com' is set on object 'Object Repository/Login/Email Address'

2018-12-13 16:31:37 - [TEST_STEP][PASSED] - setEncryptedText(findTestObject("Login/Password"), Pswrd): Text ****** has been set on object 'Object Repository/Login/Password'

2018-12-13 16:31:38 - [MESSAGE][PASSED] - Text ****** has been set on object 'Object Repository/Login/Password'

2018-12-13 16:31:38 - [TEST_STEP][PASSED] - click(findTestObject("Login/Sign In")): Object: 'Object Repository/Login/Sign In' is clicked on

2018-12-13 16:31:38 - [MESSAGE][PASSED] - Object: 'Object Repository/Login/Sign In' is clicked on

2018-12-13 16:31:38 - [TEST_STEP][PASSED] - delay(1): Delayed 1 second(s)

2018-12-13 16:31:39 - [MESSAGE][PASSED] - Delayed 1 second(s)

2018-12-13 16:31:39 - [TEST_STEP][PASSED] - navigateToUrl(Users, STOP_ON_FAILURE): Navigate to 'https://am-automation-test.epulsebeta2.com/users' successfully

2018-12-13 16:31:41 - [MESSAGE][PASSED] - Navigate to 'https://am-automation-test.epulsebeta2.com/users' successfully

2018-12-13 16:31:41 - [TEST_STEP][PASSED] - delay(1): Delayed 1 second(s)

2018-12-13 16:31:42 - [MESSAGE][PASSED] - Delayed 1 second(s)

2018-12-13 16:31:42 - [TEST_STEP][FAILED] - click(findTestObject("Admin Console ePulse Menu/Account Settings/Add User/existing user")): click(findTestObject("Admin Console ePulse Menu/Account Settings/Add User/existing user")) FAILED.
Reason:
com.kms.katalon.core.exception.StepFailedException: Unable to click on object 'Object Repository/Admin Console ePulse Menu/Account Settings/Add User/existing user' (Root cause: com.kms.katalon.core.webui.exception.WebElementNotFoundException: Web element with id: 'Object Repository/Admin Console ePulse Menu/Account Settings/Add User/existing user' located by 'By.xpath: //section[@id='sort_table']/table/tbody/tr[2]/td/a' not found)
	at com.kms.katalon.core.keyword.internal.KeywordMain.stepFailed(KeywordMain.groovy:36)
	at com.kms.katalon.core.webui.keyword.internal.WebUIKeywordMain.stepFailed(WebUIKeywordMain.groovy:65)
	at com.kms.katalon.core.webui.keyword.internal.WebUIKeywordMain.runKeyword(WebUIKeywordMain.groovy:27)
	at com.kms.katalon.core.webui.keyword.builtin.ClickKeyword.click(ClickKeyword.groovy:86)
	at com.kms.katalon.core.webui.keyword.builtin.ClickKeyword.execute(ClickKeyword.groovy:67)
	at com.kms.katalon.core.keyword.internal.KeywordExecutor.executeKeywordForPlatform(KeywordExecutor.groovy:53)
	at com.kms.katalon.core.webui.keyword.WebUiBuiltInKeywords.click(WebUiBuiltInKeywords.groovy:616)
	at com.kms.katalon.core.webui.keyword.WebUiBuiltInKeywords$click$3.call(Unknown Source)
	at Account Settings - Edit User.run(Account Settings - Edit User:45)
	at com.kms.katalon.core.main.ScriptEngine.run(ScriptEngine.java:194)
	at com.kms.katalon.core.main.ScriptEngine.runScriptAsRawText(ScriptEngine.java:119)
	at com.kms.katalon.core.main.TestCaseExecutor.runScript(TestCaseExecutor.java:321)
	at com.kms.katalon.core.main.TestCaseExecutor.doExecute(TestCaseExecutor.java:312)
	at com.kms.katalon.core.main.TestCaseExecutor.processExecutionPhase(TestCaseExecutor.java:291)
	at com.kms.katalon.core.main.TestCaseExecutor.accessMainPhase(TestCaseExecutor.java:283)
	at com.kms.katalon.core.main.TestCaseExecutor.execute(TestCaseExecutor.java:222)
	at com.kms.katalon.core.main.TestSuiteExecutor.accessTestCaseMainPhase(TestSuiteExecutor.java:129)
	at com.kms.katalon.core.main.TestSuiteExecutor.accessTestSuiteMainPhase(TestSuiteExecutor.java:112)
	at com.kms.katalon.core.main.TestSuiteExecutor.execute(TestSuiteExecutor.java:81)
	at com.kms.katalon.core.main.TestCaseMain.startTestSuite(TestCaseMain.java:149)
	at com.kms.katalon.core.main.TestCaseMain$startTestSuite$0.call(Unknown Source)
	at TempTestSuite1544738114009.run(TempTestSuite1544738114009.groovy:36)


2018-12-13 16:31:57 - [MESSAGE][INFO] - Unable to find the element located by 'By.xpath: //section[@id='sort_table']/table/tbody/tr[2]/td/a'. Please recheck the objects properties to make sure the desired element is located. 

2018-12-13 16:31:57 - [MESSAGE][FAILED] - Unable to click on object 'Object Repository/Admin Console ePulse Menu/Account Settings/Add User/existing user' (Root cause: com.kms.katalon.core.webui.exception.WebElementNotFoundException: Web element with id: 'Object Repository/Admin Console ePulse Menu/Account Settings/Add User/existing user' located by 'By.xpath: //section[@id='sort_table']/table/tbody/tr[2]/td/a' not found)
[[ATTACHMENT|/Users/alonzomack/Katalon Studio/Regression/Reports/dev_staging ready/20181213_155510/1544740317546.png]]

2018-12-13 16:31:57 - [MESSAGE][FAILED] - click(findTestObject("Admin Console ePulse Menu/Account Settings/Add User/existing user")) FAILED.
Reason:
com.kms.katalon.core.exception.StepFailedException: Unable to click on object 'Object Repository/Admin Console ePulse Menu/Account Settings/Add User/existing user' (Root cause: com.kms.katalon.core.webui.exception.WebElementNotFoundException: Web element with id: 'Object Repository/Admin Console ePulse Menu/Account Settings/Add User/existing user' located by 'By.xpath: //section[@id='sort_table']/table/tbody/tr[2]/td/a' not found)
	at com.kms.katalon.core.keyword.internal.KeywordMain.stepFailed(KeywordMain.groovy:36)
	at com.kms.katalon.core.webui.keyword.internal.WebUIKeywordMain.stepFailed(WebUIKeywordMain.groovy:65)
	at com.kms.katalon.core.webui.keyword.internal.WebUIKeywordMain.runKeyword(WebUIKeywordMain.groovy:27)
	at com.kms.katalon.core.webui.keyword.builtin.ClickKeyword.click(ClickKeyword.groovy:86)
	at com.kms.katalon.core.webui.keyword.builtin.ClickKeyword.execute(ClickKeyword.groovy:67)
	at com.kms.katalon.core.keyword.internal.KeywordExecutor.executeKeywordForPlatform(KeywordExecutor.groovy:53)
	at com.kms.katalon.core.webui.keyword.WebUiBuiltInKeywords.click(WebUiBuiltInKeywords.groovy:616)
	at com.kms.katalon.core.webui.keyword.WebUiBuiltInKeywords$click$3.call(Unknown Source)
	at Account Settings - Edit User.run(Account Settings - Edit User:45)
	at com.kms.katalon.core.main.ScriptEngine.run(ScriptEngine.java:194)
	at com.kms.katalon.core.main.ScriptEngine.runScriptAsRawText(ScriptEngine.java:119)
	at com.kms.katalon.core.main.TestCaseExecutor.runScript(TestCaseExecutor.java:321)
	at com.kms.katalon.core.main.TestCaseExecutor.doExecute(TestCaseExecutor.java:312)
	at com.kms.katalon.core.main.TestCaseExecutor.processExecutionPhase(TestCaseExecutor.java:291)
	at com.kms.katalon.core.main.TestCaseExecutor.accessMainPhase(TestCaseExecutor.java:283)
	at com.kms.katalon.core.main.TestCaseExecutor.execute(TestCaseExecutor.java:222)
	at com.kms.katalon.core.main.TestSuiteExecutor.accessTestCaseMainPhase(TestSuiteExecutor.java:129)
	at com.kms.katalon.core.main.TestSuiteExecutor.accessTestSuiteMainPhase(TestSuiteExecutor.java:112)
	at com.kms.katalon.core.main.TestSuiteExecutor.execute(TestSuiteExecutor.java:81)
	at com.kms.katalon.core.main.TestCaseMain.startTestSuite(TestCaseMain.java:149)
	at com.kms.katalon.core.main.TestCaseMain$startTestSuite$0.call(Unknown Source)
	at TempTestSuite1544738114009.run(TempTestSuite1544738114009.groovy:36)]]></system-out>
         <system-err><![CDATA[2018-12-13 16:31:34 - [TEST_CASE][FAILED] - Test Cases/Admin Console/Account Settings/Users/Account Settings - Edit User: Test Cases/Admin Console/Account Settings/Users/Account Settings - Edit User FAILED.
Reason:
com.kms.katalon.core.exception.StepFailedException: Unable to click on object 'Object Repository/Admin Console ePulse Menu/Account Settings/Add User/existing user' (Root cause: com.kms.katalon.core.webui.exception.WebElementNotFoundException: Web element with id: 'Object Repository/Admin Console ePulse Menu/Account Settings/Add User/existing user' located by 'By.xpath: //section[@id='sort_table']/table/tbody/tr[2]/td/a' not found)
	at com.kms.katalon.core.keyword.internal.KeywordMain.stepFailed(KeywordMain.groovy:36)
	at com.kms.katalon.core.webui.keyword.internal.WebUIKeywordMain.stepFailed(WebUIKeywordMain.groovy:65)
	at com.kms.katalon.core.webui.keyword.internal.WebUIKeywordMain.runKeyword(WebUIKeywordMain.groovy:27)
	at com.kms.katalon.core.webui.keyword.builtin.ClickKeyword.click(ClickKeyword.groovy:86)
	at com.kms.katalon.core.webui.keyword.builtin.ClickKeyword.execute(ClickKeyword.groovy:67)
	at com.kms.katalon.core.keyword.internal.KeywordExecutor.executeKeywordForPlatform(KeywordExecutor.groovy:53)
	at com.kms.katalon.core.webui.keyword.WebUiBuiltInKeywords.click(WebUiBuiltInKeywords.groovy:616)
	at com.kms.katalon.core.webui.keyword.WebUiBuiltInKeywords$click$3.call(Unknown Source)
	at Account Settings - Edit User.run(Account Settings - Edit User:45)
	at com.kms.katalon.core.main.ScriptEngine.run(ScriptEngine.java:194)
	at com.kms.katalon.core.main.ScriptEngine.runScriptAsRawText(ScriptEngine.java:119)
	at com.kms.katalon.core.main.TestCaseExecutor.runScript(TestCaseExecutor.java:321)
	at com.kms.katalon.core.main.TestCaseExecutor.doExecute(TestCaseExecutor.java:312)
	at com.kms.katalon.core.main.TestCaseExecutor.processExecutionPhase(TestCaseExecutor.java:291)
	at com.kms.katalon.core.main.TestCaseExecutor.accessMainPhase(TestCaseExecutor.java:283)
	at com.kms.katalon.core.main.TestCaseExecutor.execute(TestCaseExecutor.java:222)
	at com.kms.katalon.core.main.TestSuiteExecutor.accessTestCaseMainPhase(TestSuiteExecutor.java:129)
	at com.kms.katalon.core.main.TestSuiteExecutor.accessTestSuiteMainPhase(TestSuiteExecutor.java:112)
	at com.kms.katalon.core.main.TestSuiteExecutor.execute(TestSuiteExecutor.java:81)
	at com.kms.katalon.core.main.TestCaseMain.startTestSuite(TestCaseMain.java:149)
	at com.kms.katalon.core.main.TestCaseMain$startTestSuite$0.call(Unknown Source)
	at TempTestSuite1544738114009.run(TempTestSuite1544738114009.groovy:36)]]></system-err>
      </testcase>
      <testcase name="Test Cases/Admin Console/Account Settings/Users/Account Settings - New User(basic_Rover.Technician)" classname="Test Cases/Admin Console/Account Settings/Users/Account Settings - New User(basic_Rover.Technician)" status="PASSED">
         <system-out><![CDATA[2018-12-13 16:31:57 - [TEST_CASE][PASSED] - Test Cases/Admin Console/Account Settings/Users/Account Settings - New User(basic_Rover.Technician): Test Cases/Admin Console/Account Settings/Users/Account Settings - New User(basic_Rover.Technician)

2018-12-13 16:31:58 - [TEST_STEP][PASSED] - openBrowser(""): Browser is opened with url: ''

2018-12-13 16:31:58 - [MESSAGE][WARNING] - A browser is already opened. Closing browser and opening a new one

2018-12-13 16:31:58 - [MESSAGE][INFO] - Starting 'Chrome' driver

2018-12-13 16:31:59 - [MESSAGE][PASSED] - Browser is opened with url: ''

2018-12-13 16:31:59 - [TEST_STEP][PASSED] - navigateToUrl(URL): Navigate to 'https://epulsebeta2.com' successfully

2018-12-13 16:32:04 - [MESSAGE][PASSED] - Navigate to 'https://epulsebeta2.com' successfully

2018-12-13 16:32:04 - [TEST_STEP][PASSED] - setText(findTestObject("Login/Email Address"), User_email): Text 'alonzo.mack@knowink.com' is set on object 'Object Repository/Login/Email Address'

2018-12-13 16:32:04 - [MESSAGE][PASSED] - Text 'alonzo.mack@knowink.com' is set on object 'Object Repository/Login/Email Address'

2018-12-13 16:32:04 - [TEST_STEP][PASSED] - setEncryptedText(findTestObject("Login/Password"), Pswrd): Text ****** has been set on object 'Object Repository/Login/Password'

2018-12-13 16:32:04 - [MESSAGE][PASSED] - Text ****** has been set on object 'Object Repository/Login/Password'

2018-12-13 16:32:04 - [TEST_STEP][PASSED] - click(findTestObject("Login/Sign In")): Object: 'Object Repository/Login/Sign In' is clicked on

2018-12-13 16:32:05 - [MESSAGE][PASSED] - Object: 'Object Repository/Login/Sign In' is clicked on

2018-12-13 16:32:05 - [TEST_STEP][PASSED] - delay(1): Delayed 1 second(s)

2018-12-13 16:32:06 - [MESSAGE][PASSED] - Delayed 1 second(s)

2018-12-13 16:32:06 - [TEST_STEP][PASSED] - navigateToUrl(Users, STOP_ON_FAILURE): Navigate to 'https://am-automation-test.epulsebeta2.com/users' successfully

2018-12-13 16:32:08 - [MESSAGE][PASSED] - Navigate to 'https://am-automation-test.epulsebeta2.com/users' successfully

2018-12-13 16:32:08 - [TEST_STEP][PASSED] - delay(1): Delayed 1 second(s)

2018-12-13 16:32:09 - [MESSAGE][PASSED] - Delayed 1 second(s)

2018-12-13 16:32:09 - [TEST_STEP][PASSED] - click(findTestObject("Admin Console ePulse Menu/Account Settings/Users/Add User")): Object: 'Object Repository/Admin Console ePulse Menu/Account Settings/Users/Add User' is clicked on

2018-12-13 16:32:09 - [MESSAGE][PASSED] - Object: 'Object Repository/Admin Console ePulse Menu/Account Settings/Users/Add User' is clicked on

2018-12-13 16:32:09 - [TEST_STEP][PASSED] - delay(1): Delayed 1 second(s)

2018-12-13 16:32:10 - [MESSAGE][PASSED] - Delayed 1 second(s)

2018-12-13 16:32:10 - [TEST_STEP][PASSED] - setText(findTestObject("Admin Console ePulse Menu/Account Settings/Add User/input_First name"), "add"): Text 'add' is set on object 'Object Repository/Admin Console ePulse Menu/Account Settings/Add User/input_First name'

2018-12-13 16:32:10 - [MESSAGE][PASSED] - Text 'add' is set on object 'Object Repository/Admin Console ePulse Menu/Account Settings/Add User/input_First name'

2018-12-13 16:32:10 - [TEST_STEP][PASSED] - delay(1): Delayed 1 second(s)

2018-12-13 16:32:11 - [MESSAGE][PASSED] - Delayed 1 second(s)

2018-12-13 16:32:11 - [TEST_STEP][PASSED] - setText(findTestObject("Admin Console ePulse Menu/Account Settings/Add User/input_Last name"), "User"): Text 'User' is set on object 'Object Repository/Admin Console ePulse Menu/Account Settings/Add User/input_Last name'

2018-12-13 16:32:11 - [MESSAGE][PASSED] - Text 'User' is set on object 'Object Repository/Admin Console ePulse Menu/Account Settings/Add User/input_Last name'

2018-12-13 16:32:11 - [TEST_STEP][PASSED] - delay(1): Delayed 1 second(s)

2018-12-13 16:32:12 - [MESSAGE][PASSED] - Delayed 1 second(s)

2018-12-13 16:32:12 - [TEST_STEP][PASSED] - setText(findTestObject("Admin Console ePulse Menu/Account Settings/Add User/input_Phone"), "3137777777"): Text '3137777777' is set on object 'Object Repository/Admin Console ePulse Menu/Account Settings/Add User/input_Phone'

2018-12-13 16:32:13 - [MESSAGE][PASSED] - Text '3137777777' is set on object 'Object Repository/Admin Console ePulse Menu/Account Settings/Add User/input_Phone'

2018-12-13 16:32:13 - [TEST_STEP][PASSED] - delay(1): Delayed 1 second(s)

2018-12-13 16:32:14 - [MESSAGE][PASSED] - Delayed 1 second(s)

2018-12-13 16:32:14 - [TEST_STEP][PASSED] - setText(findTestObject("Admin Console ePulse Menu/Account Settings/Add User/input_E-mail"), "addnew2-user@knowink.com"): Text 'addnew2-user@knowink.com' is set on object 'Object Repository/Admin Console ePulse Menu/Account Settings/Add User/input_E-mail'

2018-12-13 16:32:14 - [MESSAGE][PASSED] - Text 'addnew2-user@knowink.com' is set on object 'Object Repository/Admin Console ePulse Menu/Account Settings/Add User/input_E-mail'

2018-12-13 16:32:14 - [TEST_STEP][PASSED] - delay(1): Delayed 1 second(s)

2018-12-13 16:32:15 - [MESSAGE][PASSED] - Delayed 1 second(s)

2018-12-13 16:32:15 - [TEST_STEP][PASSED] - delay(1): Delayed 1 second(s)

2018-12-13 16:32:16 - [MESSAGE][PASSED] - Delayed 1 second(s)

2018-12-13 16:32:16 - [TEST_STEP][PASSED] - selectOptionByValue(findTestObject("Admin Console ePulse Menu/Account Settings/Add User/Select Epulse User"), "1", true): All options with value '1' are selected in object 'Object Repository/Admin Console ePulse Menu/Account Settings/Add User/Select Epulse User'  using regular expression

2018-12-13 16:32:16 - [MESSAGE][PASSED] - All options with value '1' are selected in object 'Object Repository/Admin Console ePulse Menu/Account Settings/Add User/Select Epulse User'  using regular expression

2018-12-13 16:32:16 - [TEST_STEP][PASSED] - delay(1): Delayed 1 second(s)

2018-12-13 16:32:17 - [MESSAGE][PASSED] - Delayed 1 second(s)

2018-12-13 16:32:17 - [TEST_STEP][NOT_RUN] - selectOptionByValue(findTestObject("Admin Console ePulse Menu/Account Settings/Add User/Select Notify by"), "2", true): NOT_RUN: selectOptionByValue(findTestObject("Admin Console ePulse Menu/Account Settings/Add User/Select Notify by"), "2", true)

2018-12-13 16:32:17 - [MESSAGE][NOT_RUN] - NOT_RUN: selectOptionByValue(findTestObject("Admin Console ePulse Menu/Account Settings/Add User/Select Notify by"), "2", true)

2018-12-13 16:32:17 - [TEST_STEP][NOT_RUN] - delay(1): NOT_RUN: delay(1)

2018-12-13 16:32:17 - [MESSAGE][NOT_RUN] - NOT_RUN: delay(1)

2018-12-13 16:32:17 - [TEST_STEP][NOT_RUN] - selectOptionByValue(findTestObject("Admin Console ePulse Menu/Account Settings/Add User/Select User Rights"), "basic", true): NOT_RUN: selectOptionByValue(findTestObject("Admin Console ePulse Menu/Account Settings/Add User/Select User Rights"), "basic", true)

2018-12-13 16:32:17 - [MESSAGE][NOT_RUN] - NOT_RUN: selectOptionByValue(findTestObject("Admin Console ePulse Menu/Account Settings/Add User/Select User Rights"), "basic", true)

2018-12-13 16:32:17 - [TEST_STEP][NOT_RUN] - delay(1): NOT_RUN: delay(1)

2018-12-13 16:32:17 - [MESSAGE][NOT_RUN] - NOT_RUN: delay(1)

2018-12-13 16:32:17 - [TEST_STEP][PASSED] - click(findTestObject("Common ePulse Objects/Submit Button")): Object: 'Object Repository/Common ePulse Objects/Submit Button' is clicked on

2018-12-13 16:32:18 - [MESSAGE][PASSED] - Object: 'Object Repository/Common ePulse Objects/Submit Button' is clicked on

2018-12-13 16:32:18 - [TEST_STEP][PASSED] - closeBrowser(): Browser is closed

2018-12-13 16:32:18 - [MESSAGE][PASSED] - Browser is closed]]></system-out>
         <system-err><![CDATA[]]></system-err>
      </testcase>
      <testcase name="Test Cases/Admin Console/Account Settings/Users/Account Settings - New User(manager_standard)" classname="Test Cases/Admin Console/Account Settings/Users/Account Settings - New User(manager_standard)" status="PASSED">
         <system-out><![CDATA[2018-12-13 16:32:18 - [TEST_CASE][PASSED] - Test Cases/Admin Console/Account Settings/Users/Account Settings - New User(manager_standard): Test Cases/Admin Console/Account Settings/Users/Account Settings - New User(manager_standard)

2018-12-13 16:32:18 - [TEST_STEP][PASSED] - openBrowser(""): Browser is opened with url: ''

2018-12-13 16:32:18 - [MESSAGE][INFO] - Starting 'Chrome' driver

2018-12-13 16:32:19 - [MESSAGE][PASSED] - Browser is opened with url: ''

2018-12-13 16:32:19 - [TEST_STEP][PASSED] - navigateToUrl(URL): Navigate to 'https://epulsebeta2.com' successfully

2018-12-13 16:32:21 - [MESSAGE][PASSED] - Navigate to 'https://epulsebeta2.com' successfully

2018-12-13 16:32:21 - [TEST_STEP][PASSED] - setText(findTestObject("Login/Email Address"), User_email): Text 'alonzo.mack@knowink.com' is set on object 'Object Repository/Login/Email Address'

2018-12-13 16:32:21 - [MESSAGE][PASSED] - Text 'alonzo.mack@knowink.com' is set on object 'Object Repository/Login/Email Address'

2018-12-13 16:32:21 - [TEST_STEP][PASSED] - setEncryptedText(findTestObject("Login/Password"), Pswrd): Text ****** has been set on object 'Object Repository/Login/Password'

2018-12-13 16:32:21 - [MESSAGE][PASSED] - Text ****** has been set on object 'Object Repository/Login/Password'

2018-12-13 16:32:21 - [TEST_STEP][PASSED] - click(findTestObject("Login/Sign In")): Object: 'Object Repository/Login/Sign In' is clicked on

2018-12-13 16:32:22 - [MESSAGE][PASSED] - Object: 'Object Repository/Login/Sign In' is clicked on

2018-12-13 16:32:22 - [TEST_STEP][PASSED] - delay(1): Delayed 1 second(s)

2018-12-13 16:32:23 - [MESSAGE][PASSED] - Delayed 1 second(s)

2018-12-13 16:32:23 - [TEST_STEP][PASSED] - navigateToUrl(Users, STOP_ON_FAILURE): Navigate to 'https://am-automation-test.epulsebeta2.com/users' successfully

2018-12-13 16:32:24 - [MESSAGE][PASSED] - Navigate to 'https://am-automation-test.epulsebeta2.com/users' successfully

2018-12-13 16:32:24 - [TEST_STEP][PASSED] - delay(1): Delayed 1 second(s)

2018-12-13 16:32:25 - [MESSAGE][PASSED] - Delayed 1 second(s)

2018-12-13 16:32:25 - [TEST_STEP][PASSED] - click(findTestObject("Admin Console ePulse Menu/Account Settings/Users/Add User")): Object: 'Object Repository/Admin Console ePulse Menu/Account Settings/Users/Add User' is clicked on

2018-12-13 16:32:25 - [MESSAGE][PASSED] - Object: 'Object Repository/Admin Console ePulse Menu/Account Settings/Users/Add User' is clicked on

2018-12-13 16:32:25 - [TEST_STEP][PASSED] - delay(1): Delayed 1 second(s)

2018-12-13 16:32:26 - [MESSAGE][PASSED] - Delayed 1 second(s)

2018-12-13 16:32:26 - [TEST_STEP][PASSED] - setText(findTestObject("Admin Console ePulse Menu/Account Settings/Add User/input_First name"), "add"): Text 'add' is set on object 'Object Repository/Admin Console ePulse Menu/Account Settings/Add User/input_First name'

2018-12-13 16:32:26 - [MESSAGE][PASSED] - Text 'add' is set on object 'Object Repository/Admin Console ePulse Menu/Account Settings/Add User/input_First name'

2018-12-13 16:32:26 - [TEST_STEP][PASSED] - delay(1): Delayed 1 second(s)

2018-12-13 16:32:27 - [MESSAGE][PASSED] - Delayed 1 second(s)

2018-12-13 16:32:27 - [TEST_STEP][PASSED] - setText(findTestObject("Admin Console ePulse Menu/Account Settings/Add User/input_Last name"), "User"): Text 'User' is set on object 'Object Repository/Admin Console ePulse Menu/Account Settings/Add User/input_Last name'

2018-12-13 16:32:27 - [MESSAGE][PASSED] - Text 'User' is set on object 'Object Repository/Admin Console ePulse Menu/Account Settings/Add User/input_Last name'

2018-12-13 16:32:27 - [TEST_STEP][PASSED] - delay(1): Delayed 1 second(s)

2018-12-13 16:32:28 - [MESSAGE][PASSED] - Delayed 1 second(s)

2018-12-13 16:32:28 - [TEST_STEP][PASSED] - setText(findTestObject("Admin Console ePulse Menu/Account Settings/Add User/input_Phone"), "3137777777"): Text '3137777777' is set on object 'Object Repository/Admin Console ePulse Menu/Account Settings/Add User/input_Phone'

2018-12-13 16:32:28 - [MESSAGE][PASSED] - Text '3137777777' is set on object 'Object Repository/Admin Console ePulse Menu/Account Settings/Add User/input_Phone'

2018-12-13 16:32:28 - [TEST_STEP][PASSED] - delay(1): Delayed 1 second(s)

2018-12-13 16:32:29 - [MESSAGE][PASSED] - Delayed 1 second(s)

2018-12-13 16:32:29 - [TEST_STEP][PASSED] - setText(findTestObject("Admin Console ePulse Menu/Account Settings/Add User/input_E-mail"), "addnew5-user@knowink.com"): Text 'addnew5-user@knowink.com' is set on object 'Object Repository/Admin Console ePulse Menu/Account Settings/Add User/input_E-mail'

2018-12-13 16:32:30 - [MESSAGE][PASSED] - Text 'addnew5-user@knowink.com' is set on object 'Object Repository/Admin Console ePulse Menu/Account Settings/Add User/input_E-mail'

2018-12-13 16:32:30 - [TEST_STEP][PASSED] - delay(1): Delayed 1 second(s)

2018-12-13 16:32:31 - [MESSAGE][PASSED] - Delayed 1 second(s)

2018-12-13 16:32:31 - [TEST_STEP][PASSED] - selectOptionByValue(findTestObject("Admin Console ePulse Menu/Account Settings/Add User/Select Notify by"), "2", true): All options with value '2' are selected in object 'Object Repository/Admin Console ePulse Menu/Account Settings/Add User/Select Notify by'  using regular expression

2018-12-13 16:32:31 - [MESSAGE][PASSED] - All options with value '2' are selected in object 'Object Repository/Admin Console ePulse Menu/Account Settings/Add User/Select Notify by'  using regular expression

2018-12-13 16:32:31 - [TEST_STEP][PASSED] - delay(1): Delayed 1 second(s)

2018-12-13 16:32:32 - [MESSAGE][PASSED] - Delayed 1 second(s)

2018-12-13 16:32:32 - [TEST_STEP][PASSED] - selectOptionByValue(findTestObject("Admin Console ePulse Menu/Account Settings/Add User/Select User Rights"), "manager", true): All options with value 'manager' are selected in object 'Object Repository/Admin Console ePulse Menu/Account Settings/Add User/Select User Rights'  using regular expression

2018-12-13 16:32:32 - [MESSAGE][PASSED] - All options with value 'manager' are selected in object 'Object Repository/Admin Console ePulse Menu/Account Settings/Add User/Select User Rights'  using regular expression

2018-12-13 16:32:32 - [TEST_STEP][PASSED] - delay(1): Delayed 1 second(s)

2018-12-13 16:32:33 - [MESSAGE][PASSED] - Delayed 1 second(s)

2018-12-13 16:32:33 - [TEST_STEP][PASSED] - click(findTestObject("Common ePulse Objects/Submit Button")): Object: 'Object Repository/Common ePulse Objects/Submit Button' is clicked on

2018-12-13 16:32:34 - [MESSAGE][PASSED] - Object: 'Object Repository/Common ePulse Objects/Submit Button' is clicked on

2018-12-13 16:32:34 - [TEST_STEP][NOT_RUN] - closeBrowser(): NOT_RUN: closeBrowser()

2018-12-13 16:32:34 - [MESSAGE][NOT_RUN] - NOT_RUN: closeBrowser()]]></system-out>
         <system-err><![CDATA[]]></system-err>
      </testcase>
      <testcase name="Test Cases/Admin Console/Account Settings/Users/Account Settings - New User(election_day_Isync)" classname="Test Cases/Admin Console/Account Settings/Users/Account Settings - New User(election_day_Isync)" status="PASSED">
         <system-out><![CDATA[2018-12-13 16:32:34 - [TEST_CASE][PASSED] - Test Cases/Admin Console/Account Settings/Users/Account Settings - New User(election_day_Isync): Test Cases/Admin Console/Account Settings/Users/Account Settings - New User(election_day_Isync)

2018-12-13 16:32:34 - [TEST_STEP][PASSED] - openBrowser(""): Browser is opened with url: ''

2018-12-13 16:32:34 - [MESSAGE][WARNING] - A browser is already opened. Closing browser and opening a new one

2018-12-13 16:32:34 - [MESSAGE][INFO] - Starting 'Chrome' driver

2018-12-13 16:32:35 - [MESSAGE][PASSED] - Browser is opened with url: ''

2018-12-13 16:32:35 - [TEST_STEP][PASSED] - navigateToUrl(URL): Navigate to 'https://epulsebeta2.com' successfully

2018-12-13 16:32:37 - [MESSAGE][PASSED] - Navigate to 'https://epulsebeta2.com' successfully

2018-12-13 16:32:37 - [TEST_STEP][PASSED] - setText(findTestObject("Login/Email Address"), User_email): Text 'alonzo.mack@knowink.com' is set on object 'Object Repository/Login/Email Address'

2018-12-13 16:32:37 - [MESSAGE][PASSED] - Text 'alonzo.mack@knowink.com' is set on object 'Object Repository/Login/Email Address'

2018-12-13 16:32:37 - [TEST_STEP][PASSED] - setEncryptedText(findTestObject("Login/Password"), Pswrd): Text ****** has been set on object 'Object Repository/Login/Password'

2018-12-13 16:32:37 - [MESSAGE][PASSED] - Text ****** has been set on object 'Object Repository/Login/Password'

2018-12-13 16:32:37 - [TEST_STEP][PASSED] - click(findTestObject("Login/Sign In")): Object: 'Object Repository/Login/Sign In' is clicked on

2018-12-13 16:32:41 - [MESSAGE][PASSED] - Object: 'Object Repository/Login/Sign In' is clicked on

2018-12-13 16:32:41 - [TEST_STEP][PASSED] - delay(1): Delayed 1 second(s)

2018-12-13 16:32:42 - [MESSAGE][PASSED] - Delayed 1 second(s)

2018-12-13 16:32:42 - [TEST_STEP][PASSED] - navigateToUrl(Users, STOP_ON_FAILURE): Navigate to 'https://am-automation-test.epulsebeta2.com/users' successfully

2018-12-13 16:32:43 - [MESSAGE][PASSED] - Navigate to 'https://am-automation-test.epulsebeta2.com/users' successfully

2018-12-13 16:32:43 - [TEST_STEP][PASSED] - delay(1): Delayed 1 second(s)

2018-12-13 16:32:44 - [MESSAGE][PASSED] - Delayed 1 second(s)

2018-12-13 16:32:44 - [TEST_STEP][PASSED] - click(findTestObject("Admin Console ePulse Menu/Account Settings/Users/Add User")): Object: 'Object Repository/Admin Console ePulse Menu/Account Settings/Users/Add User' is clicked on

2018-12-13 16:32:44 - [MESSAGE][PASSED] - Object: 'Object Repository/Admin Console ePulse Menu/Account Settings/Users/Add User' is clicked on

2018-12-13 16:32:44 - [TEST_STEP][PASSED] - delay(1): Delayed 1 second(s)

2018-12-13 16:32:45 - [MESSAGE][PASSED] - Delayed 1 second(s)

2018-12-13 16:32:45 - [TEST_STEP][PASSED] - setText(findTestObject("Admin Console ePulse Menu/Account Settings/Add User/input_First name"), "add"): Text 'add' is set on object 'Object Repository/Admin Console ePulse Menu/Account Settings/Add User/input_First name'

2018-12-13 16:32:45 - [MESSAGE][PASSED] - Text 'add' is set on object 'Object Repository/Admin Console ePulse Menu/Account Settings/Add User/input_First name'

2018-12-13 16:32:45 - [TEST_STEP][PASSED] - delay(1): Delayed 1 second(s)

2018-12-13 16:32:46 - [MESSAGE][PASSED] - Delayed 1 second(s)

2018-12-13 16:32:46 - [TEST_STEP][PASSED] - setText(findTestObject("Admin Console ePulse Menu/Account Settings/Add User/input_Last name"), "User"): Text 'User' is set on object 'Object Repository/Admin Console ePulse Menu/Account Settings/Add User/input_Last name'

2018-12-13 16:32:47 - [MESSAGE][PASSED] - Text 'User' is set on object 'Object Repository/Admin Console ePulse Menu/Account Settings/Add User/input_Last name'

2018-12-13 16:32:47 - [TEST_STEP][PASSED] - delay(1): Delayed 1 second(s)

2018-12-13 16:32:48 - [MESSAGE][PASSED] - Delayed 1 second(s)

2018-12-13 16:32:48 - [TEST_STEP][PASSED] - setText(findTestObject("Admin Console ePulse Menu/Account Settings/Add User/input_Phone"), "3137777777"): Text '3137777777' is set on object 'Object Repository/Admin Console ePulse Menu/Account Settings/Add User/input_Phone'

2018-12-13 16:32:48 - [MESSAGE][PASSED] - Text '3137777777' is set on object 'Object Repository/Admin Console ePulse Menu/Account Settings/Add User/input_Phone'

2018-12-13 16:32:48 - [TEST_STEP][PASSED] - delay(1): Delayed 1 second(s)

2018-12-13 16:32:49 - [MESSAGE][PASSED] - Delayed 1 second(s)

2018-12-13 16:32:49 - [TEST_STEP][PASSED] - setText(findTestObject("Admin Console ePulse Menu/Account Settings/Add User/input_E-mail"), "addnew4-user@knowink.com"): Text 'addnew4-user@knowink.com' is set on object 'Object Repository/Admin Console ePulse Menu/Account Settings/Add User/input_E-mail'

2018-12-13 16:32:49 - [MESSAGE][PASSED] - Text 'addnew4-user@knowink.com' is set on object 'Object Repository/Admin Console ePulse Menu/Account Settings/Add User/input_E-mail'

2018-12-13 16:32:49 - [TEST_STEP][PASSED] - delay(1): Delayed 1 second(s)

2018-12-13 16:32:50 - [MESSAGE][PASSED] - Delayed 1 second(s)

2018-12-13 16:32:50 - [TEST_STEP][PASSED] - selectOptionByValue(findTestObject("Admin Console ePulse Menu/Account Settings/Add User/Select Epulse User"), "3", true): All options with value '3' are selected in object 'Object Repository/Admin Console ePulse Menu/Account Settings/Add User/Select Epulse User'  using regular expression

2018-12-13 16:32:50 - [MESSAGE][PASSED] - All options with value '3' are selected in object 'Object Repository/Admin Console ePulse Menu/Account Settings/Add User/Select Epulse User'  using regular expression

2018-12-13 16:32:50 - [TEST_STEP][PASSED] - delay(1): Delayed 1 second(s)

2018-12-13 16:32:51 - [MESSAGE][PASSED] - Delayed 1 second(s)

2018-12-13 16:32:51 - [TEST_STEP][NOT_RUN] - selectOptionByValue(findTestObject("Admin Console ePulse Menu/Account Settings/Add User/Select Notify by"), "2", true): NOT_RUN: selectOptionByValue(findTestObject("Admin Console ePulse Menu/Account Settings/Add User/Select Notify by"), "2", true)

2018-12-13 16:32:51 - [MESSAGE][NOT_RUN] - NOT_RUN: selectOptionByValue(findTestObject("Admin Console ePulse Menu/Account Settings/Add User/Select Notify by"), "2", true)

2018-12-13 16:32:51 - [TEST_STEP][NOT_RUN] - delay(1): NOT_RUN: delay(1)

2018-12-13 16:32:51 - [MESSAGE][NOT_RUN] - NOT_RUN: delay(1)

2018-12-13 16:32:51 - [TEST_STEP][NOT_RUN] - selectOptionByValue(findTestObject("Admin Console ePulse Menu/Account Settings/Add User/Select User Rights"), "election_day", true): NOT_RUN: selectOptionByValue(findTestObject("Admin Console ePulse Menu/Account Settings/Add User/Select User Rights"), "election_day", true)

2018-12-13 16:32:51 - [MESSAGE][NOT_RUN] - NOT_RUN: selectOptionByValue(findTestObject("Admin Console ePulse Menu/Account Settings/Add User/Select User Rights"), "election_day", true)

2018-12-13 16:32:51 - [TEST_STEP][NOT_RUN] - delay(1): NOT_RUN: delay(1)

2018-12-13 16:32:51 - [MESSAGE][NOT_RUN] - NOT_RUN: delay(1)

2018-12-13 16:32:51 - [TEST_STEP][PASSED] - click(findTestObject("Common ePulse Objects/Submit Button")): Object: 'Object Repository/Common ePulse Objects/Submit Button' is clicked on

2018-12-13 16:32:53 - [MESSAGE][PASSED] - Object: 'Object Repository/Common ePulse Objects/Submit Button' is clicked on

2018-12-13 16:32:53 - [TEST_STEP][PASSED] - closeBrowser(): Browser is closed

2018-12-13 16:32:53 - [MESSAGE][PASSED] - Browser is closed]]></system-out>
         <system-err><![CDATA[]]></system-err>
      </testcase>
      <testcase name="Test Cases/Admin Console/Account Settings/Users/Account Settings - New User(admin_Standard)" classname="Test Cases/Admin Console/Account Settings/Users/Account Settings - New User(admin_Standard)" status="PASSED">
         <system-out><![CDATA[2018-12-13 16:32:53 - [TEST_CASE][PASSED] - Test Cases/Admin Console/Account Settings/Users/Account Settings - New User(admin_Standard): Test Cases/Admin Console/Account Settings/Users/Account Settings - New User(admin_Standard)

2018-12-13 16:32:53 - [TEST_STEP][PASSED] - openBrowser(""): Browser is opened with url: ''

2018-12-13 16:32:53 - [MESSAGE][INFO] - Starting 'Chrome' driver

2018-12-13 16:32:54 - [MESSAGE][PASSED] - Browser is opened with url: ''

2018-12-13 16:32:54 - [TEST_STEP][PASSED] - navigateToUrl(URL): Navigate to 'https://epulsebeta2.com' successfully

2018-12-13 16:32:56 - [MESSAGE][PASSED] - Navigate to 'https://epulsebeta2.com' successfully

2018-12-13 16:32:56 - [TEST_STEP][PASSED] - setText(findTestObject("Login/Email Address"), User_email): Text 'alonzo.mack@knowink.com' is set on object 'Object Repository/Login/Email Address'

2018-12-13 16:32:56 - [MESSAGE][PASSED] - Text 'alonzo.mack@knowink.com' is set on object 'Object Repository/Login/Email Address'

2018-12-13 16:32:56 - [TEST_STEP][PASSED] - setEncryptedText(findTestObject("Login/Password"), Pswrd): Text ****** has been set on object 'Object Repository/Login/Password'

2018-12-13 16:32:56 - [MESSAGE][PASSED] - Text ****** has been set on object 'Object Repository/Login/Password'

2018-12-13 16:32:56 - [TEST_STEP][PASSED] - click(findTestObject("Login/Sign In")): Object: 'Object Repository/Login/Sign In' is clicked on

2018-12-13 16:32:57 - [MESSAGE][PASSED] - Object: 'Object Repository/Login/Sign In' is clicked on

2018-12-13 16:32:57 - [TEST_STEP][PASSED] - delay(1): Delayed 1 second(s)

2018-12-13 16:32:58 - [MESSAGE][PASSED] - Delayed 1 second(s)

2018-12-13 16:32:58 - [TEST_STEP][PASSED] - navigateToUrl(Users, STOP_ON_FAILURE): Navigate to 'https://am-automation-test.epulsebeta2.com/users' successfully

2018-12-13 16:32:59 - [MESSAGE][PASSED] - Navigate to 'https://am-automation-test.epulsebeta2.com/users' successfully

2018-12-13 16:32:59 - [TEST_STEP][PASSED] - delay(1): Delayed 1 second(s)

2018-12-13 16:33:00 - [MESSAGE][PASSED] - Delayed 1 second(s)

2018-12-13 16:33:00 - [TEST_STEP][PASSED] - click(findTestObject("Admin Console ePulse Menu/Account Settings/Users/Add User")): Object: 'Object Repository/Admin Console ePulse Menu/Account Settings/Users/Add User' is clicked on

2018-12-13 16:33:00 - [MESSAGE][PASSED] - Object: 'Object Repository/Admin Console ePulse Menu/Account Settings/Users/Add User' is clicked on

2018-12-13 16:33:00 - [TEST_STEP][PASSED] - delay(1): Delayed 1 second(s)

2018-12-13 16:33:01 - [MESSAGE][PASSED] - Delayed 1 second(s)

2018-12-13 16:33:01 - [TEST_STEP][PASSED] - setText(findTestObject("Admin Console ePulse Menu/Account Settings/Add User/input_First name"), "add"): Text 'add' is set on object 'Object Repository/Admin Console ePulse Menu/Account Settings/Add User/input_First name'

2018-12-13 16:33:02 - [MESSAGE][PASSED] - Text 'add' is set on object 'Object Repository/Admin Console ePulse Menu/Account Settings/Add User/input_First name'

2018-12-13 16:33:02 - [TEST_STEP][PASSED] - delay(1): Delayed 1 second(s)

2018-12-13 16:33:03 - [MESSAGE][PASSED] - Delayed 1 second(s)

2018-12-13 16:33:03 - [TEST_STEP][PASSED] - setText(findTestObject("Admin Console ePulse Menu/Account Settings/Add User/input_Last name"), "User"): Text 'User' is set on object 'Object Repository/Admin Console ePulse Menu/Account Settings/Add User/input_Last name'

2018-12-13 16:33:03 - [MESSAGE][PASSED] - Text 'User' is set on object 'Object Repository/Admin Console ePulse Menu/Account Settings/Add User/input_Last name'

2018-12-13 16:33:03 - [TEST_STEP][PASSED] - delay(1): Delayed 1 second(s)

2018-12-13 16:33:04 - [MESSAGE][PASSED] - Delayed 1 second(s)

2018-12-13 16:33:04 - [TEST_STEP][PASSED] - setText(findTestObject("Admin Console ePulse Menu/Account Settings/Add User/input_Phone"), "3137777777"): Text '3137777777' is set on object 'Object Repository/Admin Console ePulse Menu/Account Settings/Add User/input_Phone'

2018-12-13 16:33:04 - [MESSAGE][PASSED] - Text '3137777777' is set on object 'Object Repository/Admin Console ePulse Menu/Account Settings/Add User/input_Phone'

2018-12-13 16:33:04 - [TEST_STEP][PASSED] - delay(1): Delayed 1 second(s)

2018-12-13 16:33:05 - [MESSAGE][PASSED] - Delayed 1 second(s)

2018-12-13 16:33:05 - [TEST_STEP][PASSED] - setText(findTestObject("Admin Console ePulse Menu/Account Settings/Add User/input_E-mail"), "addnew-user@knowink.com"): Text 'addnew-user@knowink.com' is set on object 'Object Repository/Admin Console ePulse Menu/Account Settings/Add User/input_E-mail'

2018-12-13 16:33:05 - [MESSAGE][PASSED] - Text 'addnew-user@knowink.com' is set on object 'Object Repository/Admin Console ePulse Menu/Account Settings/Add User/input_E-mail'

2018-12-13 16:33:05 - [TEST_STEP][PASSED] - delay(1): Delayed 1 second(s)

2018-12-13 16:33:06 - [MESSAGE][PASSED] - Delayed 1 second(s)

2018-12-13 16:33:06 - [TEST_STEP][PASSED] - selectOptionByValue(findTestObject("Admin Console ePulse Menu/Account Settings/Add User/Select Epulse User"), "0", true): All options with value '0' are selected in object 'Object Repository/Admin Console ePulse Menu/Account Settings/Add User/Select Epulse User'  using regular expression

2018-12-13 16:33:06 - [MESSAGE][PASSED] - All options with value '0' are selected in object 'Object Repository/Admin Console ePulse Menu/Account Settings/Add User/Select Epulse User'  using regular expression

2018-12-13 16:33:06 - [TEST_STEP][PASSED] - delay(1): Delayed 1 second(s)

2018-12-13 16:33:07 - [MESSAGE][PASSED] - Delayed 1 second(s)

2018-12-13 16:33:07 - [TEST_STEP][PASSED] - selectOptionByValue(findTestObject("Admin Console ePulse Menu/Account Settings/Add User/Select Notify by"), "2", true): All options with value '2' are selected in object 'Object Repository/Admin Console ePulse Menu/Account Settings/Add User/Select Notify by'  using regular expression

2018-12-13 16:33:07 - [MESSAGE][PASSED] - All options with value '2' are selected in object 'Object Repository/Admin Console ePulse Menu/Account Settings/Add User/Select Notify by'  using regular expression

2018-12-13 16:33:07 - [TEST_STEP][PASSED] - delay(1): Delayed 1 second(s)

2018-12-13 16:33:08 - [MESSAGE][PASSED] - Delayed 1 second(s)

2018-12-13 16:33:08 - [TEST_STEP][PASSED] - selectOptionByValue(findTestObject("Admin Console ePulse Menu/Account Settings/Add User/Select User Rights"), "admin", true): All options with value 'admin' are selected in object 'Object Repository/Admin Console ePulse Menu/Account Settings/Add User/Select User Rights'  using regular expression

2018-12-13 16:33:08 - [MESSAGE][PASSED] - All options with value 'admin' are selected in object 'Object Repository/Admin Console ePulse Menu/Account Settings/Add User/Select User Rights'  using regular expression

2018-12-13 16:33:08 - [TEST_STEP][PASSED] - delay(1): Delayed 1 second(s)

2018-12-13 16:33:09 - [MESSAGE][PASSED] - Delayed 1 second(s)

2018-12-13 16:33:09 - [TEST_STEP][PASSED] - click(findTestObject("Common ePulse Objects/Submit Button")): Object: 'Object Repository/Common ePulse Objects/Submit Button' is clicked on

2018-12-13 16:33:10 - [MESSAGE][PASSED] - Object: 'Object Repository/Common ePulse Objects/Submit Button' is clicked on

2018-12-13 16:33:10 - [TEST_STEP][NOT_RUN] - closeBrowser(): NOT_RUN: closeBrowser()

2018-12-13 16:33:10 - [MESSAGE][NOT_RUN] - NOT_RUN: closeBrowser()]]></system-out>
         <system-err><![CDATA[]]></system-err>
      </testcase>
      <testcase name="Test Cases/Admin Console/Account Settings/Users/Account Settings - New User(coordinator_Call.Center)" classname="Test Cases/Admin Console/Account Settings/Users/Account Settings - New User(coordinator_Call.Center)" status="PASSED">
         <system-out><![CDATA[2018-12-13 16:33:10 - [TEST_CASE][PASSED] - Test Cases/Admin Console/Account Settings/Users/Account Settings - New User(coordinator_Call.Center): Test Cases/Admin Console/Account Settings/Users/Account Settings - New User(coordinator_Call.Center)

2018-12-13 16:33:10 - [TEST_STEP][PASSED] - openBrowser(""): Browser is opened with url: ''

2018-12-13 16:33:10 - [MESSAGE][WARNING] - A browser is already opened. Closing browser and opening a new one

2018-12-13 16:33:11 - [MESSAGE][INFO] - Starting 'Chrome' driver

2018-12-13 16:33:12 - [MESSAGE][PASSED] - Browser is opened with url: ''

2018-12-13 16:33:12 - [TEST_STEP][PASSED] - navigateToUrl(URL): Navigate to 'https://epulsebeta2.com' successfully

2018-12-13 16:33:17 - [MESSAGE][PASSED] - Navigate to 'https://epulsebeta2.com' successfully

2018-12-13 16:33:17 - [TEST_STEP][PASSED] - setText(findTestObject("Login/Email Address"), User_email): Text 'alonzo.mack@knowink.com' is set on object 'Object Repository/Login/Email Address'

2018-12-13 16:33:17 - [MESSAGE][PASSED] - Text 'alonzo.mack@knowink.com' is set on object 'Object Repository/Login/Email Address'

2018-12-13 16:33:17 - [TEST_STEP][PASSED] - setEncryptedText(findTestObject("Login/Password"), Pswrd): Text ****** has been set on object 'Object Repository/Login/Password'

2018-12-13 16:33:18 - [MESSAGE][PASSED] - Text ****** has been set on object 'Object Repository/Login/Password'

2018-12-13 16:33:18 - [TEST_STEP][PASSED] - click(findTestObject("Login/Sign In")): Object: 'Object Repository/Login/Sign In' is clicked on

2018-12-13 16:33:18 - [MESSAGE][PASSED] - Object: 'Object Repository/Login/Sign In' is clicked on

2018-12-13 16:33:18 - [TEST_STEP][PASSED] - delay(1): Delayed 1 second(s)

2018-12-13 16:33:19 - [MESSAGE][PASSED] - Delayed 1 second(s)

2018-12-13 16:33:19 - [TEST_STEP][PASSED] - navigateToUrl(Users, STOP_ON_FAILURE): Navigate to 'https://am-automation-test.epulsebeta2.com/users' successfully

2018-12-13 16:33:21 - [MESSAGE][PASSED] - Navigate to 'https://am-automation-test.epulsebeta2.com/users' successfully

2018-12-13 16:33:21 - [TEST_STEP][PASSED] - delay(1): Delayed 1 second(s)

2018-12-13 16:33:22 - [MESSAGE][PASSED] - Delayed 1 second(s)

2018-12-13 16:33:22 - [TEST_STEP][PASSED] - click(findTestObject("Admin Console ePulse Menu/Account Settings/Users/Add User")): Object: 'Object Repository/Admin Console ePulse Menu/Account Settings/Users/Add User' is clicked on

2018-12-13 16:33:22 - [MESSAGE][PASSED] - Object: 'Object Repository/Admin Console ePulse Menu/Account Settings/Users/Add User' is clicked on

2018-12-13 16:33:22 - [TEST_STEP][PASSED] - delay(1): Delayed 1 second(s)

2018-12-13 16:33:23 - [MESSAGE][PASSED] - Delayed 1 second(s)

2018-12-13 16:33:23 - [TEST_STEP][PASSED] - setText(findTestObject("Admin Console ePulse Menu/Account Settings/Add User/input_First name"), "add"): Text 'add' is set on object 'Object Repository/Admin Console ePulse Menu/Account Settings/Add User/input_First name'

2018-12-13 16:33:23 - [MESSAGE][PASSED] - Text 'add' is set on object 'Object Repository/Admin Console ePulse Menu/Account Settings/Add User/input_First name'

2018-12-13 16:33:23 - [TEST_STEP][PASSED] - delay(1): Delayed 1 second(s)

2018-12-13 16:33:24 - [MESSAGE][PASSED] - Delayed 1 second(s)

2018-12-13 16:33:24 - [TEST_STEP][PASSED] - setText(findTestObject("Admin Console ePulse Menu/Account Settings/Add User/input_Last name"), "User"): Text 'User' is set on object 'Object Repository/Admin Console ePulse Menu/Account Settings/Add User/input_Last name'

2018-12-13 16:33:24 - [MESSAGE][PASSED] - Text 'User' is set on object 'Object Repository/Admin Console ePulse Menu/Account Settings/Add User/input_Last name'

2018-12-13 16:33:24 - [TEST_STEP][PASSED] - delay(1): Delayed 1 second(s)

2018-12-13 16:33:25 - [MESSAGE][PASSED] - Delayed 1 second(s)

2018-12-13 16:33:25 - [TEST_STEP][PASSED] - setText(findTestObject("Admin Console ePulse Menu/Account Settings/Add User/input_Phone"), "3137777777"): Text '3137777777' is set on object 'Object Repository/Admin Console ePulse Menu/Account Settings/Add User/input_Phone'

2018-12-13 16:33:26 - [MESSAGE][PASSED] - Text '3137777777' is set on object 'Object Repository/Admin Console ePulse Menu/Account Settings/Add User/input_Phone'

2018-12-13 16:33:26 - [TEST_STEP][PASSED] - delay(1): Delayed 1 second(s)

2018-12-13 16:33:27 - [MESSAGE][PASSED] - Delayed 1 second(s)

2018-12-13 16:33:27 - [TEST_STEP][PASSED] - setText(findTestObject("Admin Console ePulse Menu/Account Settings/Add User/input_E-mail"), "addnew3-user@knowink.com"): Text 'addnew3-user@knowink.com' is set on object 'Object Repository/Admin Console ePulse Menu/Account Settings/Add User/input_E-mail'

2018-12-13 16:33:27 - [MESSAGE][PASSED] - Text 'addnew3-user@knowink.com' is set on object 'Object Repository/Admin Console ePulse Menu/Account Settings/Add User/input_E-mail'

2018-12-13 16:33:27 - [TEST_STEP][PASSED] - delay(1): Delayed 1 second(s)

2018-12-13 16:33:28 - [MESSAGE][PASSED] - Delayed 1 second(s)

2018-12-13 16:33:28 - [TEST_STEP][PASSED] - selectOptionByValue(findTestObject("Admin Console ePulse Menu/Account Settings/Add User/Select Epulse User"), "2", true): All options with value '2' are selected in object 'Object Repository/Admin Console ePulse Menu/Account Settings/Add User/Select Epulse User'  using regular expression

2018-12-13 16:33:28 - [MESSAGE][PASSED] - All options with value '2' are selected in object 'Object Repository/Admin Console ePulse Menu/Account Settings/Add User/Select Epulse User'  using regular expression

2018-12-13 16:33:28 - [TEST_STEP][PASSED] - delay(1): Delayed 1 second(s)

2018-12-13 16:33:29 - [MESSAGE][PASSED] - Delayed 1 second(s)

2018-12-13 16:33:29 - [TEST_STEP][NOT_RUN] - selectOptionByValue(findTestObject("Admin Console ePulse Menu/Account Settings/Add User/Select Notify by"), "2", true): NOT_RUN: selectOptionByValue(findTestObject("Admin Console ePulse Menu/Account Settings/Add User/Select Notify by"), "2", true)

2018-12-13 16:33:29 - [MESSAGE][NOT_RUN] - NOT_RUN: selectOptionByValue(findTestObject("Admin Console ePulse Menu/Account Settings/Add User/Select Notify by"), "2", true)

2018-12-13 16:33:29 - [TEST_STEP][NOT_RUN] - delay(1): NOT_RUN: delay(1)

2018-12-13 16:33:29 - [MESSAGE][NOT_RUN] - NOT_RUN: delay(1)

2018-12-13 16:33:29 - [TEST_STEP][NOT_RUN] - selectOptionByValue(findTestObject("Admin Console ePulse Menu/Account Settings/Add User/Select User Rights"), "coordinator", true): NOT_RUN: selectOptionByValue(findTestObject("Admin Console ePulse Menu/Account Settings/Add User/Select User Rights"), "coordinator", true)

2018-12-13 16:33:29 - [MESSAGE][NOT_RUN] - NOT_RUN: selectOptionByValue(findTestObject("Admin Console ePulse Menu/Account Settings/Add User/Select User Rights"), "coordinator", true)

2018-12-13 16:33:29 - [TEST_STEP][NOT_RUN] - delay(1): NOT_RUN: delay(1)

2018-12-13 16:33:29 - [MESSAGE][NOT_RUN] - NOT_RUN: delay(1)

2018-12-13 16:33:29 - [TEST_STEP][PASSED] - click(findTestObject("Common ePulse Objects/Submit Button")): Object: 'Object Repository/Common ePulse Objects/Submit Button' is clicked on

2018-12-13 16:33:30 - [MESSAGE][PASSED] - Object: 'Object Repository/Common ePulse Objects/Submit Button' is clicked on

2018-12-13 16:33:30 - [TEST_STEP][PASSED] - closeBrowser(): Browser is closed

2018-12-13 16:33:30 - [MESSAGE][PASSED] - Browser is closed]]></system-out>
         <system-err><![CDATA[]]></system-err>
      </testcase>
      <testcase name="Test Cases/Admin Console/Account Settings/Languages/Languages - Import" classname="Test Cases/Admin Console/Account Settings/Languages/Languages - Import" status="PASSED">
         <system-out><![CDATA[2018-12-13 16:33:30 - [TEST_CASE][PASSED] - Test Cases/Admin Console/Account Settings/Languages/Languages - Import: Test Cases/Admin Console/Account Settings/Languages/Languages - Import

2018-12-13 16:33:30 - [TEST_STEP][PASSED] - openBrowser(""): Browser is opened with url: ''

2018-12-13 16:33:30 - [MESSAGE][INFO] - Starting 'Chrome' driver

2018-12-13 16:33:31 - [MESSAGE][PASSED] - Browser is opened with url: ''

2018-12-13 16:33:31 - [TEST_STEP][PASSED] - navigateToUrl(URL): Navigate to 'https://epulsebeta2.com' successfully

2018-12-13 16:33:34 - [MESSAGE][PASSED] - Navigate to 'https://epulsebeta2.com' successfully

2018-12-13 16:33:34 - [TEST_STEP][PASSED] - setText(findTestObject("Login/Email Address"), User_email): Text 'alonzo.mack@knowink.com' is set on object 'Object Repository/Login/Email Address'

2018-12-13 16:33:34 - [MESSAGE][PASSED] - Text 'alonzo.mack@knowink.com' is set on object 'Object Repository/Login/Email Address'

2018-12-13 16:33:34 - [TEST_STEP][PASSED] - setEncryptedText(findTestObject("Login/Password"), Pswrd): Text ****** has been set on object 'Object Repository/Login/Password'

2018-12-13 16:33:34 - [MESSAGE][PASSED] - Text ****** has been set on object 'Object Repository/Login/Password'

2018-12-13 16:33:34 - [TEST_STEP][PASSED] - click(findTestObject("Login/Sign In")): Object: 'Object Repository/Login/Sign In' is clicked on

2018-12-13 16:33:35 - [MESSAGE][PASSED] - Object: 'Object Repository/Login/Sign In' is clicked on

2018-12-13 16:33:35 - [TEST_STEP][PASSED] - delay(1): Delayed 1 second(s)

2018-12-13 16:33:36 - [MESSAGE][PASSED] - Delayed 1 second(s)

2018-12-13 16:33:36 - [TEST_STEP][PASSED] - navigateToUrl(languages_import, STOP_ON_FAILURE): Navigate to 'https://am-automation-test.epulsebeta2.com/imports/languages' successfully

2018-12-13 16:33:37 - [MESSAGE][PASSED] - Navigate to 'https://am-automation-test.epulsebeta2.com/imports/languages' successfully

2018-12-13 16:33:37 - [TEST_STEP][PASSED] - delay(1): Delayed 1 second(s)

2018-12-13 16:33:38 - [MESSAGE][PASSED] - Delayed 1 second(s)

2018-12-13 16:33:38 - [TEST_STEP][PASSED] - setText(findTestObject("Admin Console ePulse Menu/Account Settings/Prompts/Import Prompts Buttons/Choose File"), "/Users/alonzomack/Downloads/Automation uploads/languages.csv"): Text '/Users/alonzomack/Downloads/Automation uploads/languages.csv' is set on object 'Object Repository/Admin Console ePulse Menu/Account Settings/Prompts/Import Prompts Buttons/Choose File'

2018-12-13 16:33:38 - [MESSAGE][PASSED] - Text '/Users/alonzomack/Downloads/Automation uploads/languages.csv' is set on object 'Object Repository/Admin Console ePulse Menu/Account Settings/Prompts/Import Prompts Buttons/Choose File'

2018-12-13 16:33:38 - [TEST_STEP][PASSED] - click(findTestObject("Admin Console ePulse Menu/Account Settings/Prompts/Import Prompts Buttons/Continue Button")): Object: 'Object Repository/Admin Console ePulse Menu/Account Settings/Prompts/Import Prompts Buttons/Continue Button' is clicked on

2018-12-13 16:33:38 - [MESSAGE][PASSED] - Object: 'Object Repository/Admin Console ePulse Menu/Account Settings/Prompts/Import Prompts Buttons/Continue Button' is clicked on

2018-12-13 16:33:38 - [TEST_STEP][PASSED] - delay(1): Delayed 1 second(s)

2018-12-13 16:33:39 - [MESSAGE][PASSED] - Delayed 1 second(s)

2018-12-13 16:33:39 - [TEST_STEP][PASSED] - click(findTestObject("Admin Console ePulse Menu/Account Settings/Prompts/Import Prompts Buttons/button_Done(working)")): Object: 'Object Repository/Admin Console ePulse Menu/Account Settings/Prompts/Import Prompts Buttons/button_Done(working)' is clicked on

2018-12-13 16:33:45 - [MESSAGE][PASSED] - Object: 'Object Repository/Admin Console ePulse Menu/Account Settings/Prompts/Import Prompts Buttons/button_Done(working)' is clicked on

2018-12-13 16:33:45 - [TEST_STEP][PASSED] - delay(1): Delayed 1 second(s)

2018-12-13 16:33:46 - [MESSAGE][PASSED] - Delayed 1 second(s)

2018-12-13 16:33:46 - [TEST_STEP][PASSED] - closeBrowser(): Browser is closed

2018-12-13 16:33:46 - [MESSAGE][PASSED] - Browser is closed]]></system-out>
         <system-err><![CDATA[]]></system-err>
      </testcase>
      <testcase name="Test Cases/Admin Console/Account Settings/Poll Pad Setup()/Poll Pad Setup - Demo DB" classname="Test Cases/Admin Console/Account Settings/Poll Pad Setup()/Poll Pad Setup - Demo DB" status="FAILED">
         <failure type="FAILED" message="Test Cases/Admin Console/Account Settings/Poll Pad Setup()/Poll Pad Setup - Demo DB FAILED.
Reason:
com.kms.katalon.core.exception.StepFailedException: Unable to verify text 'Demo DB   processing...' is present  using regular expression (Root cause: com.kms.katalon.core.exception.StepFailedException: Text 'Demo DB   processing...' is not present on page  using regular expression)
	at com.kms.katalon.core.keyword.internal.KeywordMain.stepFailed(KeywordMain.groovy:36)
	at com.kms.katalon.core.webui.keyword.internal.WebUIKeywordMain.stepFailed(WebUIKeywordMain.groovy:65)
	at com.kms.katalon.core.webui.keyword.internal.WebUIKeywordMain.runKeyword(WebUIKeywordMain.groovy:27)
	at com.kms.katalon.core.webui.keyword.builtin.VerifyTextPresentKeyword.verifyTextPresent(VerifyTextPresentKeyword.groovy:83)
	at com.kms.katalon.core.webui.keyword.builtin.VerifyTextPresentKeyword.execute(VerifyTextPresentKeyword.groovy:68)
	at com.kms.katalon.core.keyword.internal.KeywordExecutor.executeKeywordForPlatform(KeywordExecutor.groovy:53)
	at com.kms.katalon.core.webui.keyword.WebUiBuiltInKeywords.verifyTextPresent(WebUiBuiltInKeywords.groovy:1693)
	at com.kms.katalon.core.webui.keyword.WebUiBuiltInKeywords$verifyTextPresent$10.call(Unknown Source)
	at Poll Pad Setup - Demo DB.run(Poll Pad Setup - Demo DB:51)
	at com.kms.katalon.core.main.ScriptEngine.run(ScriptEngine.java:194)
	at com.kms.katalon.core.main.ScriptEngine.runScriptAsRawText(ScriptEngine.java:119)
	at com.kms.katalon.core.main.TestCaseExecutor.runScript(TestCaseExecutor.java:321)
	at com.kms.katalon.core.main.TestCaseExecutor.doExecute(TestCaseExecutor.java:312)
	at com.kms.katalon.core.main.TestCaseExecutor.processExecutionPhase(TestCaseExecutor.java:291)
	at com.kms.katalon.core.main.TestCaseExecutor.accessMainPhase(TestCaseExecutor.java:283)
	at com.kms.katalon.core.main.TestCaseExecutor.execute(TestCaseExecutor.java:222)
	at com.kms.katalon.core.main.TestSuiteExecutor.accessTestCaseMainPhase(TestSuiteExecutor.java:129)
	at com.kms.katalon.core.main.TestSuiteExecutor.accessTestSuiteMainPhase(TestSuiteExecutor.java:112)
	at com.kms.katalon.core.main.TestSuiteExecutor.execute(TestSuiteExecutor.java:81)
	at com.kms.katalon.core.main.TestCaseMain.startTestSuite(TestCaseMain.java:149)
	at com.kms.katalon.core.main.TestCaseMain$startTestSuite$0.call(Unknown Source)
	at TempTestSuite1544738114009.run(TempTestSuite1544738114009.groovy:36)
"/>
         <system-out><![CDATA[2018-12-13 16:33:46 - [TEST_CASE][FAILED] - Test Cases/Admin Console/Account Settings/Poll Pad Setup()/Poll Pad Setup - Demo DB: Test Cases/Admin Console/Account Settings/Poll Pad Setup()/Poll Pad Setup - Demo DB FAILED.
Reason:
com.kms.katalon.core.exception.StepFailedException: Unable to verify text 'Demo DB   processing...' is present  using regular expression (Root cause: com.kms.katalon.core.exception.StepFailedException: Text 'Demo DB   processing...' is not present on page  using regular expression)
	at com.kms.katalon.core.keyword.internal.KeywordMain.stepFailed(KeywordMain.groovy:36)
	at com.kms.katalon.core.webui.keyword.internal.WebUIKeywordMain.stepFailed(WebUIKeywordMain.groovy:65)
	at com.kms.katalon.core.webui.keyword.internal.WebUIKeywordMain.runKeyword(WebUIKeywordMain.groovy:27)
	at com.kms.katalon.core.webui.keyword.builtin.VerifyTextPresentKeyword.verifyTextPresent(VerifyTextPresentKeyword.groovy:83)
	at com.kms.katalon.core.webui.keyword.builtin.VerifyTextPresentKeyword.execute(VerifyTextPresentKeyword.groovy:68)
	at com.kms.katalon.core.keyword.internal.KeywordExecutor.executeKeywordForPlatform(KeywordExecutor.groovy:53)
	at com.kms.katalon.core.webui.keyword.WebUiBuiltInKeywords.verifyTextPresent(WebUiBuiltInKeywords.groovy:1693)
	at com.kms.katalon.core.webui.keyword.WebUiBuiltInKeywords$verifyTextPresent$10.call(Unknown Source)
	at Poll Pad Setup - Demo DB.run(Poll Pad Setup - Demo DB:51)
	at com.kms.katalon.core.main.ScriptEngine.run(ScriptEngine.java:194)
	at com.kms.katalon.core.main.ScriptEngine.runScriptAsRawText(ScriptEngine.java:119)
	at com.kms.katalon.core.main.TestCaseExecutor.runScript(TestCaseExecutor.java:321)
	at com.kms.katalon.core.main.TestCaseExecutor.doExecute(TestCaseExecutor.java:312)
	at com.kms.katalon.core.main.TestCaseExecutor.processExecutionPhase(TestCaseExecutor.java:291)
	at com.kms.katalon.core.main.TestCaseExecutor.accessMainPhase(TestCaseExecutor.java:283)
	at com.kms.katalon.core.main.TestCaseExecutor.execute(TestCaseExecutor.java:222)
	at com.kms.katalon.core.main.TestSuiteExecutor.accessTestCaseMainPhase(TestSuiteExecutor.java:129)
	at com.kms.katalon.core.main.TestSuiteExecutor.accessTestSuiteMainPhase(TestSuiteExecutor.java:112)
	at com.kms.katalon.core.main.TestSuiteExecutor.execute(TestSuiteExecutor.java:81)
	at com.kms.katalon.core.main.TestCaseMain.startTestSuite(TestCaseMain.java:149)
	at com.kms.katalon.core.main.TestCaseMain$startTestSuite$0.call(Unknown Source)
	at TempTestSuite1544738114009.run(TempTestSuite1544738114009.groovy:36)


2018-12-13 16:33:46 - [TEST_STEP][PASSED] - openBrowser(""): Browser is opened with url: ''

2018-12-13 16:33:46 - [MESSAGE][INFO] - Starting 'Chrome' driver

2018-12-13 16:33:47 - [MESSAGE][PASSED] - Browser is opened with url: ''

2018-12-13 16:33:47 - [TEST_STEP][PASSED] - navigateToUrl(URL): Navigate to 'https://epulsebeta2.com' successfully

2018-12-13 16:33:49 - [MESSAGE][PASSED] - Navigate to 'https://epulsebeta2.com' successfully

2018-12-13 16:33:49 - [TEST_STEP][PASSED] - setText(findTestObject("Login/Email Address"), User_email): Text 'alonzo.mack@knowink.com' is set on object 'Object Repository/Login/Email Address'

2018-12-13 16:33:50 - [MESSAGE][PASSED] - Text 'alonzo.mack@knowink.com' is set on object 'Object Repository/Login/Email Address'

2018-12-13 16:33:50 - [TEST_STEP][PASSED] - setEncryptedText(findTestObject("Login/Password"), Pswrd): Text ****** has been set on object 'Object Repository/Login/Password'

2018-12-13 16:33:50 - [MESSAGE][PASSED] - Text ****** has been set on object 'Object Repository/Login/Password'

2018-12-13 16:33:50 - [TEST_STEP][PASSED] - click(findTestObject("Login/Sign In")): Object: 'Object Repository/Login/Sign In' is clicked on

2018-12-13 16:33:50 - [MESSAGE][PASSED] - Object: 'Object Repository/Login/Sign In' is clicked on

2018-12-13 16:33:50 - [TEST_STEP][PASSED] - delay(1): Delayed 1 second(s)

2018-12-13 16:33:51 - [MESSAGE][PASSED] - Delayed 1 second(s)

2018-12-13 16:33:51 - [TEST_STEP][PASSED] - navigateToUrl(Demo_DB): Navigate to 'https://am-automation-test.epulsebeta2.com/account_settings/poll_pad' successfully

2018-12-13 16:33:53 - [MESSAGE][PASSED] - Navigate to 'https://am-automation-test.epulsebeta2.com/account_settings/poll_pad' successfully

2018-12-13 16:33:53 - [TEST_STEP][PASSED] - click(findTestObject("Admin Console ePulse Menu/Account Settings/Poll Pad Setup/Demo Db")): Object: 'Object Repository/Admin Console ePulse Menu/Account Settings/Poll Pad Setup/Demo Db' is clicked on

2018-12-13 16:33:53 - [MESSAGE][PASSED] - Object: 'Object Repository/Admin Console ePulse Menu/Account Settings/Poll Pad Setup/Demo Db' is clicked on

2018-12-13 16:33:53 - [TEST_STEP][PASSED] - delay(1): Delayed 1 second(s)

2018-12-13 16:33:54 - [MESSAGE][PASSED] - Delayed 1 second(s)

2018-12-13 16:33:54 - [TEST_STEP][PASSED] - setText(findTestObject("Admin Console ePulse Menu/Account Settings/Poll Pad Setup/DEMO DB/Demo DB Name"), "Demo DB"): Text 'Demo DB' is set on object 'Object Repository/Admin Console ePulse Menu/Account Settings/Poll Pad Setup/DEMO DB/Demo DB Name'

2018-12-13 16:33:54 - [MESSAGE][PASSED] - Text 'Demo DB' is set on object 'Object Repository/Admin Console ePulse Menu/Account Settings/Poll Pad Setup/DEMO DB/Demo DB Name'

2018-12-13 16:33:54 - [TEST_STEP][PASSED] - delay(1): Delayed 1 second(s)

2018-12-13 16:33:55 - [MESSAGE][PASSED] - Delayed 1 second(s)

2018-12-13 16:33:55 - [TEST_STEP][NOT_RUN] - selectOptionByValue(findTestObject("Admin Console ePulse Menu/Account Settings/Poll Pad Setup/DEMO DB/Select Poll Pad Configuration"), "Test2", true): NOT_RUN: selectOptionByValue(findTestObject("Admin Console ePulse Menu/Account Settings/Poll Pad Setup/DEMO DB/Select Poll Pad Configuration"), "Test2", true)

2018-12-13 16:33:55 - [MESSAGE][NOT_RUN] - NOT_RUN: selectOptionByValue(findTestObject("Admin Console ePulse Menu/Account Settings/Poll Pad Setup/DEMO DB/Select Poll Pad Configuration"), "Test2", true)

2018-12-13 16:33:55 - [TEST_STEP][NOT_RUN] - selectOptionByIndex(findTestObject("Admin Console ePulse Menu/Account Settings/Poll Pad Setup/DEMO DB/Polling Place dropdown"), 2): NOT_RUN: selectOptionByIndex(findTestObject("Admin Console ePulse Menu/Account Settings/Poll Pad Setup/DEMO DB/Polling Place dropdown"), 2)

2018-12-13 16:33:55 - [MESSAGE][NOT_RUN] - NOT_RUN: selectOptionByIndex(findTestObject("Admin Console ePulse Menu/Account Settings/Poll Pad Setup/DEMO DB/Polling Place dropdown"), 2)

2018-12-13 16:33:55 - [TEST_STEP][PASSED] - click(findTestObject("Admin Console ePulse Menu/Account Settings/Poll Pad Setup/DEMO DB/Create Demo DB button")): Object: 'Object Repository/Admin Console ePulse Menu/Account Settings/Poll Pad Setup/DEMO DB/Create Demo DB button' is clicked on

2018-12-13 16:33:56 - [MESSAGE][PASSED] - Object: 'Object Repository/Admin Console ePulse Menu/Account Settings/Poll Pad Setup/DEMO DB/Create Demo DB button' is clicked on

2018-12-13 16:33:56 - [TEST_STEP][FAILED] - verifyTextPresent("Demo DB   processing...", true): verifyTextPresent("Demo DB   processing...", true) FAILED.
Reason:
com.kms.katalon.core.exception.StepFailedException: Unable to verify text 'Demo DB   processing...' is present  using regular expression (Root cause: com.kms.katalon.core.exception.StepFailedException: Text 'Demo DB   processing...' is not present on page  using regular expression)
	at com.kms.katalon.core.keyword.internal.KeywordMain.stepFailed(KeywordMain.groovy:36)
	at com.kms.katalon.core.webui.keyword.internal.WebUIKeywordMain.stepFailed(WebUIKeywordMain.groovy:65)
	at com.kms.katalon.core.webui.keyword.internal.WebUIKeywordMain.runKeyword(WebUIKeywordMain.groovy:27)
	at com.kms.katalon.core.webui.keyword.builtin.VerifyTextPresentKeyword.verifyTextPresent(VerifyTextPresentKeyword.groovy:83)
	at com.kms.katalon.core.webui.keyword.builtin.VerifyTextPresentKeyword.execute(VerifyTextPresentKeyword.groovy:68)
	at com.kms.katalon.core.keyword.internal.KeywordExecutor.executeKeywordForPlatform(KeywordExecutor.groovy:53)
	at com.kms.katalon.core.webui.keyword.WebUiBuiltInKeywords.verifyTextPresent(WebUiBuiltInKeywords.groovy:1693)
	at com.kms.katalon.core.webui.keyword.WebUiBuiltInKeywords$verifyTextPresent$10.call(Unknown Source)
	at Poll Pad Setup - Demo DB.run(Poll Pad Setup - Demo DB:51)
	at com.kms.katalon.core.main.ScriptEngine.run(ScriptEngine.java:194)
	at com.kms.katalon.core.main.ScriptEngine.runScriptAsRawText(ScriptEngine.java:119)
	at com.kms.katalon.core.main.TestCaseExecutor.runScript(TestCaseExecutor.java:321)
	at com.kms.katalon.core.main.TestCaseExecutor.doExecute(TestCaseExecutor.java:312)
	at com.kms.katalon.core.main.TestCaseExecutor.processExecutionPhase(TestCaseExecutor.java:291)
	at com.kms.katalon.core.main.TestCaseExecutor.accessMainPhase(TestCaseExecutor.java:283)
	at com.kms.katalon.core.main.TestCaseExecutor.execute(TestCaseExecutor.java:222)
	at com.kms.katalon.core.main.TestSuiteExecutor.accessTestCaseMainPhase(TestSuiteExecutor.java:129)
	at com.kms.katalon.core.main.TestSuiteExecutor.accessTestSuiteMainPhase(TestSuiteExecutor.java:112)
	at com.kms.katalon.core.main.TestSuiteExecutor.execute(TestSuiteExecutor.java:81)
	at com.kms.katalon.core.main.TestCaseMain.startTestSuite(TestCaseMain.java:149)
	at com.kms.katalon.core.main.TestCaseMain$startTestSuite$0.call(Unknown Source)
	at TempTestSuite1544738114009.run(TempTestSuite1544738114009.groovy:36)


2018-12-13 16:33:56 - [MESSAGE][FAILED] - Text 'Demo DB   processing...' is not present on page  using regular expression

2018-12-13 16:33:57 - [MESSAGE][FAILED] - Unable to verify text 'Demo DB   processing...' is present  using regular expression (Root cause: com.kms.katalon.core.exception.StepFailedException: Text 'Demo DB   processing...' is not present on page  using regular expression)
[[ATTACHMENT|/Users/alonzomack/Katalon Studio/Regression/Reports/dev_staging ready/20181213_155510/1544740436767.png]]

2018-12-13 16:33:57 - [MESSAGE][FAILED] - verifyTextPresent("Demo DB   processing...", true) FAILED.
Reason:
com.kms.katalon.core.exception.StepFailedException: Unable to verify text 'Demo DB   processing...' is present  using regular expression (Root cause: com.kms.katalon.core.exception.StepFailedException: Text 'Demo DB   processing...' is not present on page  using regular expression)
	at com.kms.katalon.core.keyword.internal.KeywordMain.stepFailed(KeywordMain.groovy:36)
	at com.kms.katalon.core.webui.keyword.internal.WebUIKeywordMain.stepFailed(WebUIKeywordMain.groovy:65)
	at com.kms.katalon.core.webui.keyword.internal.WebUIKeywordMain.runKeyword(WebUIKeywordMain.groovy:27)
	at com.kms.katalon.core.webui.keyword.builtin.VerifyTextPresentKeyword.verifyTextPresent(VerifyTextPresentKeyword.groovy:83)
	at com.kms.katalon.core.webui.keyword.builtin.VerifyTextPresentKeyword.execute(VerifyTextPresentKeyword.groovy:68)
	at com.kms.katalon.core.keyword.internal.KeywordExecutor.executeKeywordForPlatform(KeywordExecutor.groovy:53)
	at com.kms.katalon.core.webui.keyword.WebUiBuiltInKeywords.verifyTextPresent(WebUiBuiltInKeywords.groovy:1693)
	at com.kms.katalon.core.webui.keyword.WebUiBuiltInKeywords$verifyTextPresent$10.call(Unknown Source)
	at Poll Pad Setup - Demo DB.run(Poll Pad Setup - Demo DB:51)
	at com.kms.katalon.core.main.ScriptEngine.run(ScriptEngine.java:194)
	at com.kms.katalon.core.main.ScriptEngine.runScriptAsRawText(ScriptEngine.java:119)
	at com.kms.katalon.core.main.TestCaseExecutor.runScript(TestCaseExecutor.java:321)
	at com.kms.katalon.core.main.TestCaseExecutor.doExecute(TestCaseExecutor.java:312)
	at com.kms.katalon.core.main.TestCaseExecutor.processExecutionPhase(TestCaseExecutor.java:291)
	at com.kms.katalon.core.main.TestCaseExecutor.accessMainPhase(TestCaseExecutor.java:283)
	at com.kms.katalon.core.main.TestCaseExecutor.execute(TestCaseExecutor.java:222)
	at com.kms.katalon.core.main.TestSuiteExecutor.accessTestCaseMainPhase(TestSuiteExecutor.java:129)
	at com.kms.katalon.core.main.TestSuiteExecutor.accessTestSuiteMainPhase(TestSuiteExecutor.java:112)
	at com.kms.katalon.core.main.TestSuiteExecutor.execute(TestSuiteExecutor.java:81)
	at com.kms.katalon.core.main.TestCaseMain.startTestSuite(TestCaseMain.java:149)
	at com.kms.katalon.core.main.TestCaseMain$startTestSuite$0.call(Unknown Source)
	at TempTestSuite1544738114009.run(TempTestSuite1544738114009.groovy:36)]]></system-out>
         <system-err><![CDATA[2018-12-13 16:33:46 - [TEST_CASE][FAILED] - Test Cases/Admin Console/Account Settings/Poll Pad Setup()/Poll Pad Setup - Demo DB: Test Cases/Admin Console/Account Settings/Poll Pad Setup()/Poll Pad Setup - Demo DB FAILED.
Reason:
com.kms.katalon.core.exception.StepFailedException: Unable to verify text 'Demo DB   processing...' is present  using regular expression (Root cause: com.kms.katalon.core.exception.StepFailedException: Text 'Demo DB   processing...' is not present on page  using regular expression)
	at com.kms.katalon.core.keyword.internal.KeywordMain.stepFailed(KeywordMain.groovy:36)
	at com.kms.katalon.core.webui.keyword.internal.WebUIKeywordMain.stepFailed(WebUIKeywordMain.groovy:65)
	at com.kms.katalon.core.webui.keyword.internal.WebUIKeywordMain.runKeyword(WebUIKeywordMain.groovy:27)
	at com.kms.katalon.core.webui.keyword.builtin.VerifyTextPresentKeyword.verifyTextPresent(VerifyTextPresentKeyword.groovy:83)
	at com.kms.katalon.core.webui.keyword.builtin.VerifyTextPresentKeyword.execute(VerifyTextPresentKeyword.groovy:68)
	at com.kms.katalon.core.keyword.internal.KeywordExecutor.executeKeywordForPlatform(KeywordExecutor.groovy:53)
	at com.kms.katalon.core.webui.keyword.WebUiBuiltInKeywords.verifyTextPresent(WebUiBuiltInKeywords.groovy:1693)
	at com.kms.katalon.core.webui.keyword.WebUiBuiltInKeywords$verifyTextPresent$10.call(Unknown Source)
	at Poll Pad Setup - Demo DB.run(Poll Pad Setup - Demo DB:51)
	at com.kms.katalon.core.main.ScriptEngine.run(ScriptEngine.java:194)
	at com.kms.katalon.core.main.ScriptEngine.runScriptAsRawText(ScriptEngine.java:119)
	at com.kms.katalon.core.main.TestCaseExecutor.runScript(TestCaseExecutor.java:321)
	at com.kms.katalon.core.main.TestCaseExecutor.doExecute(TestCaseExecutor.java:312)
	at com.kms.katalon.core.main.TestCaseExecutor.processExecutionPhase(TestCaseExecutor.java:291)
	at com.kms.katalon.core.main.TestCaseExecutor.accessMainPhase(TestCaseExecutor.java:283)
	at com.kms.katalon.core.main.TestCaseExecutor.execute(TestCaseExecutor.java:222)
	at com.kms.katalon.core.main.TestSuiteExecutor.accessTestCaseMainPhase(TestSuiteExecutor.java:129)
	at com.kms.katalon.core.main.TestSuiteExecutor.accessTestSuiteMainPhase(TestSuiteExecutor.java:112)
	at com.kms.katalon.core.main.TestSuiteExecutor.execute(TestSuiteExecutor.java:81)
	at com.kms.katalon.core.main.TestCaseMain.startTestSuite(TestCaseMain.java:149)
	at com.kms.katalon.core.main.TestCaseMain$startTestSuite$0.call(Unknown Source)
	at TempTestSuite1544738114009.run(TempTestSuite1544738114009.groovy:36)]]></system-err>
      </testcase>
      <testcase name="Test Cases/Admin Console/Account Settings/Poll Pad Setup()/Poll Pad Setup - ISYNC" classname="Test Cases/Admin Console/Account Settings/Poll Pad Setup()/Poll Pad Setup - ISYNC" status="PASSED">
         <system-out><![CDATA[2018-12-13 16:33:57 - [TEST_CASE][PASSED] - Test Cases/Admin Console/Account Settings/Poll Pad Setup()/Poll Pad Setup - ISYNC: Test Cases/Admin Console/Account Settings/Poll Pad Setup()/Poll Pad Setup - ISYNC

2018-12-13 16:33:57 - [TEST_STEP][PASSED] - openBrowser(""): Browser is opened with url: ''

2018-12-13 16:33:57 - [MESSAGE][WARNING] - A browser is already opened. Closing browser and opening a new one

2018-12-13 16:33:57 - [MESSAGE][INFO] - Starting 'Chrome' driver

2018-12-13 16:33:58 - [MESSAGE][PASSED] - Browser is opened with url: ''

2018-12-13 16:33:58 - [TEST_STEP][PASSED] - navigateToUrl(URL): Navigate to 'https://epulsebeta2.com' successfully

2018-12-13 16:34:00 - [MESSAGE][PASSED] - Navigate to 'https://epulsebeta2.com' successfully

2018-12-13 16:34:00 - [TEST_STEP][PASSED] - setText(findTestObject("Login/Email Address"), User_email): Text 'alonzo.mack@knowink.com' is set on object 'Object Repository/Login/Email Address'

2018-12-13 16:34:00 - [MESSAGE][PASSED] - Text 'alonzo.mack@knowink.com' is set on object 'Object Repository/Login/Email Address'

2018-12-13 16:34:00 - [TEST_STEP][PASSED] - setEncryptedText(findTestObject("Login/Password"), Pswrd): Text ****** has been set on object 'Object Repository/Login/Password'

2018-12-13 16:34:00 - [MESSAGE][PASSED] - Text ****** has been set on object 'Object Repository/Login/Password'

2018-12-13 16:34:00 - [TEST_STEP][PASSED] - click(findTestObject("Login/Sign In")): Object: 'Object Repository/Login/Sign In' is clicked on

2018-12-13 16:34:01 - [MESSAGE][PASSED] - Object: 'Object Repository/Login/Sign In' is clicked on

2018-12-13 16:34:01 - [TEST_STEP][PASSED] - delay(1): Delayed 1 second(s)

2018-12-13 16:34:02 - [MESSAGE][PASSED] - Delayed 1 second(s)

2018-12-13 16:34:02 - [TEST_STEP][PASSED] - navigateToUrl(iSync): Navigate to 'https://am-automation-test.epulsebeta2.com/account_settings/poll_pad' successfully

2018-12-13 16:34:04 - [MESSAGE][PASSED] - Navigate to 'https://am-automation-test.epulsebeta2.com/account_settings/poll_pad' successfully

2018-12-13 16:34:04 - [TEST_STEP][PASSED] - click(findTestObject("Admin Console ePulse Menu/Account Settings/Poll Pad Setup/Isync")): Object: 'Object Repository/Admin Console ePulse Menu/Account Settings/Poll Pad Setup/Isync' is clicked on

2018-12-13 16:34:04 - [MESSAGE][PASSED] - Object: 'Object Repository/Admin Console ePulse Menu/Account Settings/Poll Pad Setup/Isync' is clicked on

2018-12-13 16:34:04 - [TEST_STEP][PASSED] - click(findTestObject("Admin Console ePulse Menu/Account Settings/Poll Pad Setup/ISYNC/Generate New button")): Object: 'Object Repository/Admin Console ePulse Menu/Account Settings/Poll Pad Setup/ISYNC/Generate New button' is clicked on

2018-12-13 16:34:04 - [MESSAGE][PASSED] - Object: 'Object Repository/Admin Console ePulse Menu/Account Settings/Poll Pad Setup/ISYNC/Generate New button' is clicked on

2018-12-13 16:34:04 - [TEST_STEP][PASSED] - delay(10): Delayed 10 second(s)

2018-12-13 16:34:14 - [MESSAGE][PASSED] - Delayed 10 second(s)

2018-12-13 16:34:14 - [TEST_STEP][PASSED] - click(findTestObject("Admin Console ePulse Menu/Account Settings/Poll Pad Setup/ISYNC/DOWNLOAD")): Object: 'Object Repository/Admin Console ePulse Menu/Account Settings/Poll Pad Setup/ISYNC/DOWNLOAD' is clicked on

2018-12-13 16:34:16 - [MESSAGE][PASSED] - Object: 'Object Repository/Admin Console ePulse Menu/Account Settings/Poll Pad Setup/ISYNC/DOWNLOAD' is clicked on

2018-12-13 16:34:16 - [TEST_STEP][PASSED] - delay(2): Delayed 2 second(s)

2018-12-13 16:34:18 - [MESSAGE][PASSED] - Delayed 2 second(s)

2018-12-13 16:34:18 - [TEST_STEP][PASSED] - click(findTestObject("Admin Console ePulse Menu/Account Settings/Poll Pad Setup/ISYNC/Delete Selected Download")): Object: 'Object Repository/Admin Console ePulse Menu/Account Settings/Poll Pad Setup/ISYNC/Delete Selected Download' is clicked on

2018-12-13 16:34:18 - [MESSAGE][PASSED] - Object: 'Object Repository/Admin Console ePulse Menu/Account Settings/Poll Pad Setup/ISYNC/Delete Selected Download' is clicked on

2018-12-13 16:34:18 - [TEST_STEP][PASSED] - acceptAlert(): Alert accepted

2018-12-13 16:34:18 - [MESSAGE][PASSED] - Alert accepted

2018-12-13 16:34:18 - [TEST_STEP][PASSED] - delay(1): Delayed 1 second(s)

2018-12-13 16:34:19 - [MESSAGE][PASSED] - Delayed 1 second(s)

2018-12-13 16:34:19 - [TEST_STEP][PASSED] - closeBrowser(): Browser is closed

2018-12-13 16:34:19 - [MESSAGE][PASSED] - Browser is closed]]></system-out>
         <system-err><![CDATA[]]></system-err>
      </testcase>
      <system-out><![CDATA[2018-12-13 15:55:16 - [TEST_SUITE][FAILED] - dev_staging ready: Test Cases/SuperAdminConsole/Poll Pads/PollPad - Add FAILED.
Reason:
com.kms.katalon.core.exception.StepFailedException: Verify element text of test object 'Object Repository/SuperAdminConsole/Poll Pads/Test PollPad' FAILED. (Root cause: com.kms.katalon.core.exception.StepFailedException: com.kms.katalon.core.webui.exception.WebElementNotFoundException: Web element with id: 'Object Repository/SuperAdminConsole/Poll Pads/Test PollPad' located by 'By.xpath: //td[(text() = 'Test PollPad' or . = 'Test PollPad')]' not found)
	at com.kms.katalon.core.keyword.internal.KeywordMain.stepFailed(KeywordMain.groovy:36)
	at com.kms.katalon.core.webui.keyword.internal.WebUIKeywordMain.stepFailed(WebUIKeywordMain.groovy:65)
	at com.kms.katalon.core.webui.keyword.internal.WebUIKeywordMain.runKeyword(WebUIKeywordMain.groovy:27)
	at com.kms.katalon.core.webui.keyword.builtin.VerifyElementTextKeyword.verifyElementText(VerifyElementTextKeyword.groovy:72)
	at com.kms.katalon.core.webui.keyword.builtin.VerifyElementTextKeyword.execute(VerifyElementTextKeyword.groovy:40)
	at com.kms.katalon.core.keyword.internal.KeywordExecutor.executeKeywordForPlatform(KeywordExecutor.groovy:53)
	at com.kms.katalon.core.webui.keyword.WebUiBuiltInKeywords.verifyElementText(WebUiBuiltInKeywords.groovy:3663)
	at com.kms.katalon.core.webui.keyword.WebUiBuiltInKeywords$verifyElementText$11.call(Unknown Source)
	at PollPad - Add.run(PollPad - Add:73)
	at com.kms.katalon.core.main.ScriptEngine.run(ScriptEngine.java:194)
	at com.kms.katalon.core.main.ScriptEngine.runScriptAsRawText(ScriptEngine.java:119)
	at com.kms.katalon.core.main.TestCaseExecutor.runScript(TestCaseExecutor.java:321)
	at com.kms.katalon.core.main.TestCaseExecutor.doExecute(TestCaseExecutor.java:312)
	at com.kms.katalon.core.main.TestCaseExecutor.processExecutionPhase(TestCaseExecutor.java:291)
	at com.kms.katalon.core.main.TestCaseExecutor.accessMainPhase(TestCaseExecutor.java:283)
	at com.kms.katalon.core.main.TestCaseExecutor.execute(TestCaseExecutor.java:222)
	at com.kms.katalon.core.main.TestSuiteExecutor.accessTestCaseMainPhase(TestSuiteExecutor.java:129)
	at com.kms.katalon.core.main.TestSuiteExecutor.accessTestSuiteMainPhase(TestSuiteExecutor.java:112)
	at com.kms.katalon.core.main.TestSuiteExecutor.execute(TestSuiteExecutor.java:81)
	at com.kms.katalon.core.main.TestCaseMain.startTestSuite(TestCaseMain.java:149)
	at com.kms.katalon.core.main.TestCaseMain$startTestSuite$0.call(Unknown Source)
	at TempTestSuite1544738114009.run(TempTestSuite1544738114009.groovy:36)]]></system-out>
      <system-err><![CDATA[2018-12-13 15:55:16 - [TEST_SUITE][FAILED] - dev_staging ready: Test Cases/SuperAdminConsole/Poll Pads/PollPad - Add FAILED.
Reason:
com.kms.katalon.core.exception.StepFailedException: Verify element text of test object 'Object Repository/SuperAdminConsole/Poll Pads/Test PollPad' FAILED. (Root cause: com.kms.katalon.core.exception.StepFailedException: com.kms.katalon.core.webui.exception.WebElementNotFoundException: Web element with id: 'Object Repository/SuperAdminConsole/Poll Pads/Test PollPad' located by 'By.xpath: //td[(text() = 'Test PollPad' or . = 'Test PollPad')]' not found)
	at com.kms.katalon.core.keyword.internal.KeywordMain.stepFailed(KeywordMain.groovy:36)
	at com.kms.katalon.core.webui.keyword.internal.WebUIKeywordMain.stepFailed(WebUIKeywordMain.groovy:65)
	at com.kms.katalon.core.webui.keyword.internal.WebUIKeywordMain.runKeyword(WebUIKeywordMain.groovy:27)
	at com.kms.katalon.core.webui.keyword.builtin.VerifyElementTextKeyword.verifyElementText(VerifyElementTextKeyword.groovy:72)
	at com.kms.katalon.core.webui.keyword.builtin.VerifyElementTextKeyword.execute(VerifyElementTextKeyword.groovy:40)
	at com.kms.katalon.core.keyword.internal.KeywordExecutor.executeKeywordForPlatform(KeywordExecutor.groovy:53)
	at com.kms.katalon.core.webui.keyword.WebUiBuiltInKeywords.verifyElementText(WebUiBuiltInKeywords.groovy:3663)
	at com.kms.katalon.core.webui.keyword.WebUiBuiltInKeywords$verifyElementText$11.call(Unknown Source)
	at PollPad - Add.run(PollPad - Add:73)
	at com.kms.katalon.core.main.ScriptEngine.run(ScriptEngine.java:194)
	at com.kms.katalon.core.main.ScriptEngine.runScriptAsRawText(ScriptEngine.java:119)
	at com.kms.katalon.core.main.TestCaseExecutor.runScript(TestCaseExecutor.java:321)
	at com.kms.katalon.core.main.TestCaseExecutor.doExecute(TestCaseExecutor.java:312)
	at com.kms.katalon.core.main.TestCaseExecutor.processExecutionPhase(TestCaseExecutor.java:291)
	at com.kms.katalon.core.main.TestCaseExecutor.accessMainPhase(TestCaseExecutor.java:283)
	at com.kms.katalon.core.main.TestCaseExecutor.execute(TestCaseExecutor.java:222)
	at com.kms.katalon.core.main.TestSuiteExecutor.accessTestCaseMainPhase(TestSuiteExecutor.java:129)
	at com.kms.katalon.core.main.TestSuiteExecutor.accessTestSuiteMainPhase(TestSuiteExecutor.java:112)
	at com.kms.katalon.core.main.TestSuiteExecutor.execute(TestSuiteExecutor.java:81)
	at com.kms.katalon.core.main.TestCaseMain.startTestSuite(TestCaseMain.java:149)
	at com.kms.katalon.core.main.TestCaseMain$startTestSuite$0.call(Unknown Source)
	at TempTestSuite1544738114009.run(TempTestSuite1544738114009.groovy:36)]]></system-err>
   </testsuite>
</testsuites>
