<?xml version="1.0" encoding="UTF-8"?>
<testsuites name="dev_staging ready" time="1140" tests="49" failures="0" errors="0">
   <testsuite name="dev_staging ready" tests="49" failures="0" errors="0" time="1140" timestamp="2019-01-09 11:06:19" hostname="alonzomack - 192.168.1.8" id="Test Suites/dev_staging ready">
      <properties>
         <property name="deviceName" value=""/>
         <property name="devicePlatform" value=""/>
         <property name="logFolder" value="/Users/alonzomack/Katalon Studio/Regression/Reports/dev_staging ready/20190109_110616"/>
         <property name="logFiles" value="/Users/alonzomack/Katalon Studio/Regression/Reports/dev_staging ready/20190109_110616/execution0.log"/>
         <property name="attachments" value="/Users/alonzomack/Katalon Studio/Regression/Reports/dev_staging ready/20190109_110616/1547054102491.png"/>
         <property name="hostName" value="alonzomack - 192.168.1.8"/>
         <property name="os" value="Mac OS X 64bit"/>
         <property name="katalonVersion" value="5.10.1.1"/>
         <property name="browser" value="Chrome 71.0.3578.98"/>
         <property name="hostAddress" value="192.168.1.8"/>
         <property name="sessionId" value="314daf3d6421eedbb2cef0379edde7f0"/>
         <property name="seleniumVersion" value="3.7.1"/>
         <property name="proxyInformation" value="ProxyInformation{proxyOption=NO_PROXY, proxyServerType=HTTP, password=, proxyServerAddress=, proxyServerPort=0}"/>
         <property name="platform" value="Mac OS X"/>
      </properties>
      <testcase name="Test Cases/SuperAdminConsole/Accounts/Account(SuperAdminConsole) - Delete" classname="Test Cases/SuperAdminConsole/Accounts/Account(SuperAdminConsole) - Delete" status="PASSED">
         <system-out><![CDATA[2019-01-09 11:06:20 - [TEST_CASE][PASSED] - Test Cases/SuperAdminConsole/Accounts/Account(SuperAdminConsole) - Delete: Test Cases/SuperAdminConsole/Accounts/Account(SuperAdminConsole) - Delete

2019-01-09 11:06:21 - [TEST_STEP][PASSED] - openBrowser(""): Browser is opened with url: ''

2019-01-09 11:06:21 - [MESSAGE][INFO] - Starting 'Chrome' driver

2019-01-09 11:06:21 - [MESSAGE][INFO] - Action delay is set to 0 seconds

2019-01-09 11:06:25 - [MESSAGE][PASSED] - Browser is opened with url: ''

2019-01-09 11:06:25 - [TEST_STEP][PASSED] - navigateToUrl(URL): Navigate to 'https://epulsebeta2.com' successfully

2019-01-09 11:06:26 - [MESSAGE][PASSED] - Navigate to 'https://epulsebeta2.com' successfully

2019-01-09 11:06:26 - [TEST_STEP][PASSED] - setText(findTestObject("Login/Email Address"), User_email): Text 'alonzo.mack@knowink.com' is set on object 'Object Repository/Login/Email Address'

2019-01-09 11:06:27 - [MESSAGE][PASSED] - Text 'alonzo.mack@knowink.com' is set on object 'Object Repository/Login/Email Address'

2019-01-09 11:06:27 - [TEST_STEP][PASSED] - setEncryptedText(findTestObject("Login/Password"), Pswrd): Text ****** has been set on object 'Object Repository/Login/Password'

2019-01-09 11:06:27 - [MESSAGE][PASSED] - Text ****** has been set on object 'Object Repository/Login/Password'

2019-01-09 11:06:27 - [TEST_STEP][PASSED] - click(findTestObject("Login/Sign In")): Object: 'Object Repository/Login/Sign In' is clicked on

2019-01-09 11:06:28 - [MESSAGE][PASSED] - Object: 'Object Repository/Login/Sign In' is clicked on

2019-01-09 11:06:28 - [TEST_STEP][PASSED] - delay(1): Delayed 1 second(s)

2019-01-09 11:06:29 - [MESSAGE][PASSED] - Delayed 1 second(s)

2019-01-09 11:06:29 - [TEST_STEP][PASSED] - click(findTestObject("Login/am-Automation-test"), STOP_ON_FAILURE): Object: 'Object Repository/Login/am-Automation-test' is clicked on

2019-01-09 11:06:30 - [MESSAGE][PASSED] - Object: 'Object Repository/Login/am-Automation-test' is clicked on

2019-01-09 11:06:30 - [TEST_STEP][PASSED] - delay(1): Delayed 1 second(s)

2019-01-09 11:06:31 - [MESSAGE][PASSED] - Delayed 1 second(s)

2019-01-09 11:06:31 - [TEST_STEP][PASSED] - mouseOver(findTestObject("Common ePulse Objects/Actions(Gear icon)")): Object: 'Object Repository/Common ePulse Objects/Actions(Gear icon)' is hovered

2019-01-09 11:06:31 - [MESSAGE][PASSED] - Object: 'Object Repository/Common ePulse Objects/Actions(Gear icon)' is hovered

2019-01-09 11:06:31 - [TEST_STEP][PASSED] - delay(3): Delayed 3 second(s)

2019-01-09 11:06:34 - [MESSAGE][PASSED] - Delayed 3 second(s)

2019-01-09 11:06:34 - [TEST_STEP][PASSED] - click(findTestObject("SuperAdminConsole/Edit Accounts - Actions/Delete")): Object: 'Object Repository/SuperAdminConsole/Edit Accounts - Actions/Delete' is clicked on

2019-01-09 11:06:34 - [MESSAGE][PASSED] - Object: 'Object Repository/SuperAdminConsole/Edit Accounts - Actions/Delete' is clicked on

2019-01-09 11:06:34 - [TEST_STEP][PASSED] - delay(1): Delayed 1 second(s)

2019-01-09 11:06:35 - [MESSAGE][PASSED] - Delayed 1 second(s)

2019-01-09 11:06:35 - [TEST_STEP][PASSED] - acceptAlert(): Alert accepted

2019-01-09 11:06:35 - [MESSAGE][PASSED] - Alert accepted

2019-01-09 11:06:35 - [TEST_STEP][PASSED] - closeBrowser(STOP_ON_FAILURE): Browser is closed

2019-01-09 11:06:35 - [MESSAGE][PASSED] - Browser is closed]]></system-out>
         <system-err><![CDATA[]]></system-err>
      </testcase>
      <testcase name="Test Cases/SuperAdminConsole/Accounts/Create Account(SuperAdminConsole)" classname="Test Cases/SuperAdminConsole/Accounts/Create Account(SuperAdminConsole)" status="PASSED">
         <system-out><![CDATA[2019-01-09 11:06:37 - [TEST_CASE][PASSED] - Test Cases/SuperAdminConsole/Accounts/Create Account(SuperAdminConsole): Test Cases/SuperAdminConsole/Accounts/Create Account(SuperAdminConsole)

2019-01-09 11:06:37 - [TEST_STEP][PASSED] - openBrowser(""): Browser is opened with url: ''

2019-01-09 11:06:37 - [MESSAGE][INFO] - Starting 'Chrome' driver

2019-01-09 11:06:38 - [MESSAGE][PASSED] - Browser is opened with url: ''

2019-01-09 11:06:38 - [TEST_STEP][PASSED] - navigateToUrl(URL): Navigate to 'https://epulsebeta2.com' successfully

2019-01-09 11:06:41 - [MESSAGE][PASSED] - Navigate to 'https://epulsebeta2.com' successfully

2019-01-09 11:06:41 - [TEST_STEP][PASSED] - setText(findTestObject("Login/Email Address"), User_email): Text 'alonzo.mack@knowink.com' is set on object 'Object Repository/Login/Email Address'

2019-01-09 11:06:41 - [MESSAGE][PASSED] - Text 'alonzo.mack@knowink.com' is set on object 'Object Repository/Login/Email Address'

2019-01-09 11:06:41 - [TEST_STEP][PASSED] - setEncryptedText(findTestObject("Login/Password"), Pswrd): Text ****** has been set on object 'Object Repository/Login/Password'

2019-01-09 11:06:41 - [MESSAGE][PASSED] - Text ****** has been set on object 'Object Repository/Login/Password'

2019-01-09 11:06:41 - [TEST_STEP][PASSED] - click(findTestObject("Login/Sign In")): Object: 'Object Repository/Login/Sign In' is clicked on

2019-01-09 11:06:42 - [MESSAGE][PASSED] - Object: 'Object Repository/Login/Sign In' is clicked on

2019-01-09 11:06:42 - [TEST_STEP][PASSED] - delay(1): Delayed 1 second(s)

2019-01-09 11:06:43 - [MESSAGE][PASSED] - Delayed 1 second(s)

2019-01-09 11:06:43 - [TEST_STEP][PASSED] - click(findTestObject("SuperAdminConsole/Account Creation/a_Add Account")): Object: 'Object Repository/SuperAdminConsole/Account Creation/a_Add Account' is clicked on

2019-01-09 11:06:44 - [MESSAGE][PASSED] - Object: 'Object Repository/SuperAdminConsole/Account Creation/a_Add Account' is clicked on

2019-01-09 11:06:44 - [TEST_STEP][PASSED] - delay(1): Delayed 1 second(s)

2019-01-09 11:06:45 - [MESSAGE][PASSED] - Delayed 1 second(s)

2019-01-09 11:06:45 - [TEST_STEP][PASSED] - setText(findTestObject("SuperAdminConsole/Account Creation/Account Information/Display Title"), "am-Automation-test"): Text 'am-Automation-test' is set on object 'Object Repository/SuperAdminConsole/Account Creation/Account Information/Display Title'

2019-01-09 11:06:45 - [MESSAGE][PASSED] - Text 'am-Automation-test' is set on object 'Object Repository/SuperAdminConsole/Account Creation/Account Information/Display Title'

2019-01-09 11:06:45 - [TEST_STEP][PASSED] - delay(1): Delayed 1 second(s)

2019-01-09 11:06:46 - [MESSAGE][PASSED] - Delayed 1 second(s)

2019-01-09 11:06:46 - [TEST_STEP][PASSED] - setText(findTestObject("SuperAdminConsole/Account Creation/Account Information/County"), "am-Automation-test"): Text 'am-Automation-test' is set on object 'Object Repository/SuperAdminConsole/Account Creation/Account Information/County'

2019-01-09 11:06:47 - [MESSAGE][PASSED] - Text 'am-Automation-test' is set on object 'Object Repository/SuperAdminConsole/Account Creation/Account Information/County'

2019-01-09 11:06:47 - [TEST_STEP][PASSED] - delay(1): Delayed 1 second(s)

2019-01-09 11:06:48 - [MESSAGE][PASSED] - Delayed 1 second(s)

2019-01-09 11:06:48 - [TEST_STEP][PASSED] - selectOptionByValue(findTestObject("SuperAdminConsole/Account Creation/Account Information/StateProvince"), "MO", true): All options with value 'MO' are selected in object 'Object Repository/SuperAdminConsole/Account Creation/Account Information/StateProvince'  using regular expression

2019-01-09 11:06:48 - [MESSAGE][PASSED] - All options with value 'MO' are selected in object 'Object Repository/SuperAdminConsole/Account Creation/Account Information/StateProvince'  using regular expression

2019-01-09 11:06:48 - [TEST_STEP][PASSED] - delay(1): Delayed 1 second(s)

2019-01-09 11:06:49 - [MESSAGE][PASSED] - Delayed 1 second(s)

2019-01-09 11:06:49 - [TEST_STEP][PASSED] - selectOptionByValue(findTestObject("SuperAdminConsole/Account Creation/Account Information/Pad Type"), "1", true): All options with value '1' are selected in object 'Object Repository/SuperAdminConsole/Account Creation/Account Information/Pad Type'  using regular expression

2019-01-09 11:06:49 - [MESSAGE][PASSED] - All options with value '1' are selected in object 'Object Repository/SuperAdminConsole/Account Creation/Account Information/Pad Type'  using regular expression

2019-01-09 11:06:49 - [TEST_STEP][PASSED] - delay(1): Delayed 1 second(s)

2019-01-09 11:06:50 - [MESSAGE][PASSED] - Delayed 1 second(s)

2019-01-09 11:06:50 - [TEST_STEP][NOT_RUN] - selectOptionByValue(findTestObject("SuperAdminConsole/Account Creation/Account Information/Poll Pad 3 Version"), "1.0.1", true): NOT_RUN: selectOptionByValue(findTestObject("SuperAdminConsole/Account Creation/Account Information/Poll Pad 3 Version"), "1.0.1", true)

2019-01-09 11:06:50 - [MESSAGE][NOT_RUN] - NOT_RUN: selectOptionByValue(findTestObject("SuperAdminConsole/Account Creation/Account Information/Poll Pad 3 Version"), "1.0.1", true)

2019-01-09 11:06:50 - [TEST_STEP][PASSED] - delay(1): Delayed 1 second(s)

2019-01-09 11:06:52 - [MESSAGE][PASSED] - Delayed 1 second(s)

2019-01-09 11:06:52 - [TEST_STEP][PASSED] - selectOptionByValue(findTestObject("SuperAdminConsole/Account Creation/Parsers and Exporters/Select_Voter File"), "mcvr", true): All options with value 'mcvr' are selected in object 'Object Repository/SuperAdminConsole/Account Creation/Parsers and Exporters/Select_Voter File'  using regular expression

2019-01-09 11:06:52 - [MESSAGE][PASSED] - All options with value 'mcvr' are selected in object 'Object Repository/SuperAdminConsole/Account Creation/Parsers and Exporters/Select_Voter File'  using regular expression

2019-01-09 11:06:52 - [TEST_STEP][PASSED] - delay(1): Delayed 1 second(s)

2019-01-09 11:06:53 - [MESSAGE][PASSED] - Delayed 1 second(s)

2019-01-09 11:06:53 - [TEST_STEP][PASSED] - selectOptionByValue(findTestObject("SuperAdminConsole/Account Creation/Parsers and Exporters/Select_Supplemental file"), "mcvr", true): All options with value 'mcvr' are selected in object 'Object Repository/SuperAdminConsole/Account Creation/Parsers and Exporters/Select_Supplemental file'  using regular expression

2019-01-09 11:06:54 - [MESSAGE][PASSED] - All options with value 'mcvr' are selected in object 'Object Repository/SuperAdminConsole/Account Creation/Parsers and Exporters/Select_Supplemental file'  using regular expression

2019-01-09 11:06:54 - [TEST_STEP][PASSED] - delay(1): Delayed 1 second(s)

2019-01-09 11:06:55 - [MESSAGE][PASSED] - Delayed 1 second(s)

2019-01-09 11:06:55 - [TEST_STEP][PASSED] - selectOptionByValue(findTestObject("SuperAdminConsole/Account Creation/Parsers and Exporters/Polling Places"), "epulse", true): All options with value 'epulse' are selected in object 'Object Repository/SuperAdminConsole/Account Creation/Parsers and Exporters/Polling Places'  using regular expression

2019-01-09 11:06:55 - [MESSAGE][PASSED] - All options with value 'epulse' are selected in object 'Object Repository/SuperAdminConsole/Account Creation/Parsers and Exporters/Polling Places'  using regular expression

2019-01-09 11:06:55 - [TEST_STEP][PASSED] - delay(1): Delayed 1 second(s)

2019-01-09 11:06:56 - [MESSAGE][PASSED] - Delayed 1 second(s)

2019-01-09 11:06:56 - [TEST_STEP][PASSED] - selectOptionByValue(findTestObject("SuperAdminConsole/Account Creation/Parsers and Exporters/Street Rules"), "mcvr", true): All options with value 'mcvr' are selected in object 'Object Repository/SuperAdminConsole/Account Creation/Parsers and Exporters/Street Rules'  using regular expression

2019-01-09 11:06:56 - [MESSAGE][PASSED] - All options with value 'mcvr' are selected in object 'Object Repository/SuperAdminConsole/Account Creation/Parsers and Exporters/Street Rules'  using regular expression

2019-01-09 11:06:56 - [TEST_STEP][PASSED] - delay(1): Delayed 1 second(s)

2019-01-09 11:06:57 - [MESSAGE][PASSED] - Delayed 1 second(s)

2019-01-09 11:06:57 - [TEST_STEP][PASSED] - selectOptionByValue(findTestObject("SuperAdminConsole/Account Creation/Parsers and Exporters/Voter History Exporter"), "mcvr", true): All options with value 'mcvr' are selected in object 'Object Repository/SuperAdminConsole/Account Creation/Parsers and Exporters/Voter History Exporter'  using regular expression

2019-01-09 11:06:57 - [MESSAGE][PASSED] - All options with value 'mcvr' are selected in object 'Object Repository/SuperAdminConsole/Account Creation/Parsers and Exporters/Voter History Exporter'  using regular expression

2019-01-09 11:06:57 - [TEST_STEP][PASSED] - delay(1): Delayed 1 second(s)

2019-01-09 11:06:58 - [MESSAGE][PASSED] - Delayed 1 second(s)

2019-01-09 11:06:58 - [TEST_STEP][PASSED] - selectOptionByValue(findTestObject("SuperAdminConsole/Account Creation/Parsers and Exporters/Signature Parser"), "epulse", true): All options with value 'epulse' are selected in object 'Object Repository/SuperAdminConsole/Account Creation/Parsers and Exporters/Signature Parser'  using regular expression

2019-01-09 11:06:59 - [MESSAGE][PASSED] - All options with value 'epulse' are selected in object 'Object Repository/SuperAdminConsole/Account Creation/Parsers and Exporters/Signature Parser'  using regular expression

2019-01-09 11:06:59 - [TEST_STEP][PASSED] - delay(1): Delayed 1 second(s)

2019-01-09 11:07:00 - [MESSAGE][PASSED] - Delayed 1 second(s)

2019-01-09 11:07:00 - [TEST_STEP][PASSED] - click(findTestObject("SuperAdminConsole/Account Creation/Parsers and Exporters/Submit")): Object: 'Object Repository/SuperAdminConsole/Account Creation/Parsers and Exporters/Submit' is clicked on

2019-01-09 11:07:00 - [MESSAGE][PASSED] - Object: 'Object Repository/SuperAdminConsole/Account Creation/Parsers and Exporters/Submit' is clicked on

2019-01-09 11:07:00 - [TEST_STEP][PASSED] - delay(1): Delayed 1 second(s)

2019-01-09 11:07:01 - [MESSAGE][PASSED] - Delayed 1 second(s)

2019-01-09 11:07:01 - [TEST_STEP][PASSED] - closeBrowser(): Browser is closed

2019-01-09 11:07:02 - [MESSAGE][PASSED] - Browser is closed]]></system-out>
         <system-err><![CDATA[]]></system-err>
      </testcase>
      <testcase name="Test Cases/Admin Console/Election Setup/Elections/Election Creation" classname="Test Cases/Admin Console/Election Setup/Elections/Election Creation" status="PASSED">
         <system-out><![CDATA[2019-01-09 11:07:04 - [TEST_CASE][PASSED] - Test Cases/Admin Console/Election Setup/Elections/Election Creation: Test Cases/Admin Console/Election Setup/Elections/Election Creation

2019-01-09 11:07:04 - [TEST_STEP][PASSED] - openBrowser(""): Browser is opened with url: ''

2019-01-09 11:07:04 - [MESSAGE][INFO] - Starting 'Chrome' driver

2019-01-09 11:07:05 - [MESSAGE][PASSED] - Browser is opened with url: ''

2019-01-09 11:07:05 - [TEST_STEP][PASSED] - navigateToUrl(URL): Navigate to 'https://epulsebeta2.com' successfully

2019-01-09 11:07:07 - [MESSAGE][PASSED] - Navigate to 'https://epulsebeta2.com' successfully

2019-01-09 11:07:07 - [TEST_STEP][PASSED] - setText(findTestObject("Login/Email Address"), User_email): Text 'alonzo.mack@knowink.com' is set on object 'Object Repository/Login/Email Address'

2019-01-09 11:07:07 - [MESSAGE][PASSED] - Text 'alonzo.mack@knowink.com' is set on object 'Object Repository/Login/Email Address'

2019-01-09 11:07:07 - [TEST_STEP][PASSED] - setEncryptedText(findTestObject("Login/Password"), Pswrd): Text ****** has been set on object 'Object Repository/Login/Password'

2019-01-09 11:07:07 - [MESSAGE][PASSED] - Text ****** has been set on object 'Object Repository/Login/Password'

2019-01-09 11:07:07 - [TEST_STEP][PASSED] - click(findTestObject("Login/Sign In")): Object: 'Object Repository/Login/Sign In' is clicked on

2019-01-09 11:07:08 - [MESSAGE][PASSED] - Object: 'Object Repository/Login/Sign In' is clicked on

2019-01-09 11:07:08 - [TEST_STEP][PASSED] - delay(1): Delayed 1 second(s)

2019-01-09 11:07:09 - [MESSAGE][PASSED] - Delayed 1 second(s)

2019-01-09 11:07:09 - [TEST_STEP][PASSED] - navigateToUrl(Election_Import): Navigate to 'https://am-automation-test.epulsebeta2.com/elections/new' successfully

2019-01-09 11:07:13 - [MESSAGE][PASSED] - Navigate to 'https://am-automation-test.epulsebeta2.com/elections/new' successfully

2019-01-09 11:07:13 - [TEST_STEP][PASSED] - setText(findTestObject("Common ePulse Objects/Choose File"), "/Users/alonzomack/Downloads/Imports/Missouri/voters_200_mcvr.txt"): Text '/Users/alonzomack/Downloads/Imports/Missouri/voters_200_mcvr.txt' is set on object 'Object Repository/Common ePulse Objects/Choose File'

2019-01-09 11:07:13 - [MESSAGE][PASSED] - Text '/Users/alonzomack/Downloads/Imports/Missouri/voters_200_mcvr.txt' is set on object 'Object Repository/Common ePulse Objects/Choose File'

2019-01-09 11:07:13 - [TEST_STEP][PASSED] - click(findTestObject("Common ePulse Objects/Continue Button"), STOP_ON_FAILURE): Object: 'Object Repository/Common ePulse Objects/Continue Button' is clicked on

2019-01-09 11:07:18 - [MESSAGE][PASSED] - Object: 'Object Repository/Common ePulse Objects/Continue Button' is clicked on

2019-01-09 11:07:18 - [TEST_STEP][PASSED] - delay(10): Delayed 10 second(s)

2019-01-09 11:07:28 - [MESSAGE][PASSED] - Delayed 10 second(s)

2019-01-09 11:07:28 - [TEST_STEP][PASSED] - setText(findTestObject("Admin Console ePulse Menu/Election Setup/Election Creation/Election Name"), "Election Creation"): Text 'Election Creation' is set on object 'Object Repository/Admin Console ePulse Menu/Election Setup/Election Creation/Election Name'

2019-01-09 11:07:28 - [MESSAGE][PASSED] - Text 'Election Creation' is set on object 'Object Repository/Admin Console ePulse Menu/Election Setup/Election Creation/Election Name'

2019-01-09 11:07:28 - [TEST_STEP][PASSED] - setText(findTestObject("Admin Console ePulse Menu/Election Setup/Election Creation/Election Code"), "123"): Text '123' is set on object 'Object Repository/Admin Console ePulse Menu/Election Setup/Election Creation/Election Code'

2019-01-09 11:07:28 - [MESSAGE][PASSED] - Text '123' is set on object 'Object Repository/Admin Console ePulse Menu/Election Setup/Election Creation/Election Code'

2019-01-09 11:07:28 - [TEST_STEP][PASSED] - selectOptionByValue(findTestObject("Admin Console ePulse Menu/Election Setup/Election Creation/Select Election Type"), "general", true): All options with value 'general' are selected in object 'Object Repository/Admin Console ePulse Menu/Election Setup/Election Creation/Select Election Type'  using regular expression

2019-01-09 11:07:29 - [MESSAGE][PASSED] - All options with value 'general' are selected in object 'Object Repository/Admin Console ePulse Menu/Election Setup/Election Creation/Select Election Type'  using regular expression

2019-01-09 11:07:29 - [TEST_STEP][PASSED] - setText(findTestObject("Admin Console ePulse Menu/Election Setup/Election Creation/DATE"), "07/21/2021"): Text '07/21/2021' is set on object 'Object Repository/Admin Console ePulse Menu/Election Setup/Election Creation/DATE'

2019-01-09 11:07:29 - [MESSAGE][PASSED] - Text '07/21/2021' is set on object 'Object Repository/Admin Console ePulse Menu/Election Setup/Election Creation/DATE'

2019-01-09 11:07:29 - [TEST_STEP][PASSED] - delay(10): Delayed 10 second(s)

2019-01-09 11:07:39 - [MESSAGE][PASSED] - Delayed 10 second(s)

2019-01-09 11:07:39 - [TEST_STEP][PASSED] - click(findTestObject("Admin Console ePulse Menu/Election Setup/Election Creation/Next")): Object: 'Object Repository/Admin Console ePulse Menu/Election Setup/Election Creation/Next' is clicked on

2019-01-09 11:07:44 - [MESSAGE][PASSED] - Object: 'Object Repository/Admin Console ePulse Menu/Election Setup/Election Creation/Next' is clicked on

2019-01-09 11:07:44 - [TEST_STEP][PASSED] - delay(10): Delayed 10 second(s)

2019-01-09 11:07:54 - [MESSAGE][PASSED] - Delayed 10 second(s)

2019-01-09 11:07:54 - [TEST_STEP][PASSED] - click(findTestObject("Admin Console ePulse Menu/Election Setup/Election Creation/Step3 Done")): Object: 'Object Repository/Admin Console ePulse Menu/Election Setup/Election Creation/Step3 Done' is clicked on

2019-01-09 11:08:00 - [MESSAGE][PASSED] - Object: 'Object Repository/Admin Console ePulse Menu/Election Setup/Election Creation/Step3 Done' is clicked on

2019-01-09 11:08:00 - [TEST_STEP][PASSED] - delay(10): Delayed 10 second(s)

2019-01-09 11:08:10 - [MESSAGE][PASSED] - Delayed 10 second(s)

2019-01-09 11:08:10 - [TEST_STEP][PASSED] - click(findTestObject("Admin Console ePulse Menu/Election Setup/Election Creation/Step4 Done")): Object: 'Object Repository/Admin Console ePulse Menu/Election Setup/Election Creation/Step4 Done' is clicked on

2019-01-09 11:08:16 - [MESSAGE][PASSED] - Object: 'Object Repository/Admin Console ePulse Menu/Election Setup/Election Creation/Step4 Done' is clicked on

2019-01-09 11:08:16 - [TEST_STEP][PASSED] - delay(10): Delayed 10 second(s)

2019-01-09 11:08:26 - [MESSAGE][PASSED] - Delayed 10 second(s)

2019-01-09 11:08:26 - [TEST_STEP][PASSED] - click(findTestObject("Admin Console ePulse Menu/Election Setup/Election Creation/Step5 Confirm")): Object: 'Object Repository/Admin Console ePulse Menu/Election Setup/Election Creation/Step5 Confirm' is clicked on

2019-01-09 11:08:31 - [MESSAGE][PASSED] - Object: 'Object Repository/Admin Console ePulse Menu/Election Setup/Election Creation/Step5 Confirm' is clicked on

2019-01-09 11:08:31 - [TEST_STEP][PASSED] - delay(20): Delayed 20 second(s)

2019-01-09 11:08:51 - [MESSAGE][PASSED] - Delayed 20 second(s)

2019-01-09 11:08:51 - [TEST_STEP][PASSED] - verifyTextPresent("Election Creation", true): Text 'Election Creation' is present on page  using regular expression

2019-01-09 11:08:51 - [MESSAGE][PASSED] - Text 'Election Creation' is present on page  using regular expression

2019-01-09 11:08:51 - [TEST_STEP][PASSED] - verifyTextPresent("Election Seed Files", true): Text 'Election Seed Files' is present on page  using regular expression

2019-01-09 11:08:51 - [MESSAGE][PASSED] - Text 'Election Seed Files' is present on page  using regular expression

2019-01-09 11:08:51 - [TEST_STEP][PASSED] - delay(1): Delayed 1 second(s)

2019-01-09 11:08:52 - [MESSAGE][PASSED] - Delayed 1 second(s)

2019-01-09 11:08:52 - [TEST_STEP][PASSED] - navigateToUrl(Reg_Voters): Navigate to 'https://am-automation-test.epulsebeta2.com/voters#sort=last_name&direction=asc&display=list&page=1' successfully

2019-01-09 11:08:52 - [MESSAGE][PASSED] - Navigate to 'https://am-automation-test.epulsebeta2.com/voters#sort=last_name&direction=asc&display=list&page=1' successfully

2019-01-09 11:08:52 - [TEST_STEP][PASSED] - delay(1): Delayed 1 second(s)

2019-01-09 11:08:53 - [MESSAGE][PASSED] - Delayed 1 second(s)

2019-01-09 11:08:53 - [TEST_STEP][PASSED] - delay(1): Delayed 1 second(s)

2019-01-09 11:08:54 - [MESSAGE][PASSED] - Delayed 1 second(s)

2019-01-09 11:08:54 - [TEST_STEP][PASSED] - verifyTextPresent("TWEEDIE MARIE AARON", true): Text 'TWEEDIE MARIE AARON' is present on page  using regular expression

2019-01-09 11:08:55 - [MESSAGE][PASSED] - Text 'TWEEDIE MARIE AARON' is present on page  using regular expression

2019-01-09 11:08:55 - [TEST_STEP][PASSED] - closeBrowser(): Browser is closed

2019-01-09 11:08:55 - [MESSAGE][PASSED] - Browser is closed]]></system-out>
         <system-err><![CDATA[]]></system-err>
      </testcase>
      <testcase name="Test Cases/Admin Console/Election Setup/Elections/Election Creation - Upload Supplemental" classname="Test Cases/Admin Console/Election Setup/Elections/Election Creation - Upload Supplemental" status="PASSED">
         <system-out><![CDATA[2019-01-09 11:08:57 - [TEST_CASE][PASSED] - Test Cases/Admin Console/Election Setup/Elections/Election Creation - Upload Supplemental: Test Cases/Admin Console/Election Setup/Elections/Election Creation - Upload Supplemental

2019-01-09 11:08:57 - [TEST_STEP][PASSED] - openBrowser(""): Browser is opened with url: ''

2019-01-09 11:08:57 - [MESSAGE][INFO] - Starting 'Chrome' driver

2019-01-09 11:08:59 - [MESSAGE][PASSED] - Browser is opened with url: ''

2019-01-09 11:08:59 - [TEST_STEP][PASSED] - navigateToUrl(URL): Navigate to 'https://epulsebeta2.com' successfully

2019-01-09 11:09:00 - [MESSAGE][PASSED] - Navigate to 'https://epulsebeta2.com' successfully

2019-01-09 11:09:00 - [TEST_STEP][PASSED] - setText(findTestObject("Login/Email Address"), User_email): Text 'alonzo.mack@knowink.com' is set on object 'Object Repository/Login/Email Address'

2019-01-09 11:09:01 - [MESSAGE][PASSED] - Text 'alonzo.mack@knowink.com' is set on object 'Object Repository/Login/Email Address'

2019-01-09 11:09:01 - [TEST_STEP][PASSED] - setEncryptedText(findTestObject("Login/Password"), Pswrd): Text ****** has been set on object 'Object Repository/Login/Password'

2019-01-09 11:09:01 - [MESSAGE][PASSED] - Text ****** has been set on object 'Object Repository/Login/Password'

2019-01-09 11:09:01 - [TEST_STEP][PASSED] - click(findTestObject("Login/Sign In")): Object: 'Object Repository/Login/Sign In' is clicked on

2019-01-09 11:09:01 - [MESSAGE][PASSED] - Object: 'Object Repository/Login/Sign In' is clicked on

2019-01-09 11:09:01 - [TEST_STEP][PASSED] - delay(1): Delayed 1 second(s)

2019-01-09 11:09:02 - [MESSAGE][PASSED] - Delayed 1 second(s)

2019-01-09 11:09:02 - [TEST_STEP][PASSED] - navigateToUrl(Elections_Page): Navigate to 'https://am-automation-test.epulsebeta2.com/elections' successfully

2019-01-09 11:09:03 - [MESSAGE][PASSED] - Navigate to 'https://am-automation-test.epulsebeta2.com/elections' successfully

2019-01-09 11:09:03 - [TEST_STEP][PASSED] - click(findTestObject("Admin Console ePulse Menu/Election Setup/Election Creation/Supplemental File Upload/Election (Election Creation)")): Object: 'Object Repository/Admin Console ePulse Menu/Election Setup/Election Creation/Supplemental File Upload/Election (Election Creation)' is clicked on

2019-01-09 11:09:09 - [MESSAGE][PASSED] - Object: 'Object Repository/Admin Console ePulse Menu/Election Setup/Election Creation/Supplemental File Upload/Election (Election Creation)' is clicked on

2019-01-09 11:09:09 - [TEST_STEP][PASSED] - click(findTestObject("Admin Console ePulse Menu/Election Setup/Election Creation/Supplemental File Upload/Import Supplemental Voters")): Object: 'Object Repository/Admin Console ePulse Menu/Election Setup/Election Creation/Supplemental File Upload/Import Supplemental Voters' is clicked on

2019-01-09 11:09:14 - [MESSAGE][PASSED] - Object: 'Object Repository/Admin Console ePulse Menu/Election Setup/Election Creation/Supplemental File Upload/Import Supplemental Voters' is clicked on

2019-01-09 11:09:14 - [TEST_STEP][PASSED] - setText(findTestObject("Common ePulse Objects/Choose File"), "/Users/alonzomack/Downloads/Automation uploads/voters_201_mcvr.txt"): Text '/Users/alonzomack/Downloads/Automation uploads/voters_201_mcvr.txt' is set on object 'Object Repository/Common ePulse Objects/Choose File'

2019-01-09 11:09:14 - [MESSAGE][PASSED] - Text '/Users/alonzomack/Downloads/Automation uploads/voters_201_mcvr.txt' is set on object 'Object Repository/Common ePulse Objects/Choose File'

2019-01-09 11:09:14 - [TEST_STEP][PASSED] - delay(1): Delayed 1 second(s)

2019-01-09 11:09:15 - [MESSAGE][PASSED] - Delayed 1 second(s)

2019-01-09 11:09:15 - [TEST_STEP][PASSED] - click(findTestObject("Common ePulse Objects/Continue Button"), STOP_ON_FAILURE): Object: 'Object Repository/Common ePulse Objects/Continue Button' is clicked on

2019-01-09 11:09:20 - [MESSAGE][PASSED] - Object: 'Object Repository/Common ePulse Objects/Continue Button' is clicked on

2019-01-09 11:09:20 - [TEST_STEP][PASSED] - delay(1): Delayed 1 second(s)

2019-01-09 11:09:21 - [MESSAGE][PASSED] - Delayed 1 second(s)

2019-01-09 11:09:21 - [TEST_STEP][PASSED] - click(findTestObject("Admin Console ePulse Menu/Election Setup/Election Creation/Supplemental File Upload/Done")): Object: 'Object Repository/Admin Console ePulse Menu/Election Setup/Election Creation/Supplemental File Upload/Done' is clicked on

2019-01-09 11:09:34 - [MESSAGE][PASSED] - Object: 'Object Repository/Admin Console ePulse Menu/Election Setup/Election Creation/Supplemental File Upload/Done' is clicked on

2019-01-09 11:09:34 - [TEST_STEP][PASSED] - verifyTextPresent("Election Creation", true): Text 'Election Creation' is present on page  using regular expression

2019-01-09 11:09:34 - [MESSAGE][PASSED] - Text 'Election Creation' is present on page  using regular expression

2019-01-09 11:09:34 - [TEST_STEP][PASSED] - verifyTextPresent("Election Seed Files", true): Text 'Election Seed Files' is present on page  using regular expression

2019-01-09 11:09:34 - [MESSAGE][PASSED] - Text 'Election Seed Files' is present on page  using regular expression

2019-01-09 11:09:34 - [TEST_STEP][PASSED] - delay(1): Delayed 1 second(s)

2019-01-09 11:09:35 - [MESSAGE][PASSED] - Delayed 1 second(s)

2019-01-09 11:09:35 - [TEST_STEP][PASSED] - navigateToUrl(Reg_Voters): Navigate to 'https://am-automation-test.epulsebeta2.com/voters#sort=last_name&direction=asc&display=list&page=1' successfully

2019-01-09 11:09:36 - [MESSAGE][PASSED] - Navigate to 'https://am-automation-test.epulsebeta2.com/voters#sort=last_name&direction=asc&display=list&page=1' successfully

2019-01-09 11:09:36 - [TEST_STEP][PASSED] - delay(1): Delayed 1 second(s)

2019-01-09 11:09:37 - [MESSAGE][PASSED] - Delayed 1 second(s)

2019-01-09 11:09:37 - [TEST_STEP][PASSED] - delay(1): Delayed 1 second(s)

2019-01-09 11:09:38 - [MESSAGE][PASSED] - Delayed 1 second(s)

2019-01-09 11:09:38 - [TEST_STEP][PASSED] - verifyTextPresent("ABRON A AAARON", true): Text 'ABRON A AAARON' is present on page  using regular expression

2019-01-09 11:09:38 - [MESSAGE][PASSED] - Text 'ABRON A AAARON' is present on page  using regular expression

2019-01-09 11:09:38 - [TEST_STEP][PASSED] - closeBrowser(): Browser is closed

2019-01-09 11:09:38 - [MESSAGE][PASSED] - Browser is closed]]></system-out>
         <system-err><![CDATA[]]></system-err>
      </testcase>
      <testcase name="Test Cases/Admin Console/Poll Pads/Poll Pad - Configuration()/Poll Pad Configuration - Add" classname="Test Cases/Admin Console/Poll Pads/Poll Pad - Configuration()/Poll Pad Configuration - Add" status="PASSED">
         <system-out><![CDATA[2019-01-09 11:09:40 - [TEST_CASE][PASSED] - Test Cases/Admin Console/Poll Pads/Poll Pad - Configuration()/Poll Pad Configuration - Add: Test Cases/Admin Console/Poll Pads/Poll Pad - Configuration()/Poll Pad Configuration - Add

2019-01-09 11:09:40 - [TEST_STEP][PASSED] - openBrowser(""): Browser is opened with url: ''

2019-01-09 11:09:40 - [MESSAGE][INFO] - Starting 'Chrome' driver

2019-01-09 11:09:42 - [MESSAGE][PASSED] - Browser is opened with url: ''

2019-01-09 11:09:42 - [TEST_STEP][PASSED] - navigateToUrl(URL): Navigate to 'https://epulsebeta2.com' successfully

2019-01-09 11:09:43 - [MESSAGE][PASSED] - Navigate to 'https://epulsebeta2.com' successfully

2019-01-09 11:09:43 - [TEST_STEP][PASSED] - setText(findTestObject("Login/Email Address"), User_email): Text 'alonzo.mack@knowink.com' is set on object 'Object Repository/Login/Email Address'

2019-01-09 11:09:43 - [MESSAGE][PASSED] - Text 'alonzo.mack@knowink.com' is set on object 'Object Repository/Login/Email Address'

2019-01-09 11:09:43 - [TEST_STEP][PASSED] - setEncryptedText(findTestObject("Login/Password"), Pswrd): Text ****** has been set on object 'Object Repository/Login/Password'

2019-01-09 11:09:44 - [MESSAGE][PASSED] - Text ****** has been set on object 'Object Repository/Login/Password'

2019-01-09 11:09:44 - [TEST_STEP][PASSED] - click(findTestObject("Login/Sign In")): Object: 'Object Repository/Login/Sign In' is clicked on

2019-01-09 11:09:44 - [MESSAGE][PASSED] - Object: 'Object Repository/Login/Sign In' is clicked on

2019-01-09 11:09:44 - [TEST_STEP][PASSED] - delay(1): Delayed 1 second(s)

2019-01-09 11:09:45 - [MESSAGE][PASSED] - Delayed 1 second(s)

2019-01-09 11:09:45 - [TEST_STEP][PASSED] - navigateToUrl(Pollpad_Config_Page): Navigate to 'https://am-automation-test.epulsebeta2.com/poll_pad_configs' successfully

2019-01-09 11:09:46 - [MESSAGE][PASSED] - Navigate to 'https://am-automation-test.epulsebeta2.com/poll_pad_configs' successfully

2019-01-09 11:09:46 - [TEST_STEP][PASSED] - delay(1): Delayed 1 second(s)

2019-01-09 11:09:47 - [MESSAGE][PASSED] - Delayed 1 second(s)

2019-01-09 11:09:47 - [TEST_STEP][PASSED] - click(findTestObject("Admin Console ePulse Menu/Poll Pads/Poll Pad Config - Add/Add Configuration")): Object: 'Object Repository/Admin Console ePulse Menu/Poll Pads/Poll Pad Config - Add/Add Configuration' is clicked on

2019-01-09 11:09:48 - [MESSAGE][PASSED] - Object: 'Object Repository/Admin Console ePulse Menu/Poll Pads/Poll Pad Config - Add/Add Configuration' is clicked on

2019-01-09 11:09:48 - [TEST_STEP][PASSED] - delay(1): Delayed 1 second(s)

2019-01-09 11:09:49 - [MESSAGE][PASSED] - Delayed 1 second(s)

2019-01-09 11:09:49 - [TEST_STEP][PASSED] - setText(findTestObject("Admin Console ePulse Menu/Poll Pads/Poll Pad Config - Add/PollPad Config Name"), "Automation Created Config"): Text 'Automation Created Config' is set on object 'Object Repository/Admin Console ePulse Menu/Poll Pads/Poll Pad Config - Add/PollPad Config Name'

2019-01-09 11:09:49 - [MESSAGE][PASSED] - Text 'Automation Created Config' is set on object 'Object Repository/Admin Console ePulse Menu/Poll Pads/Poll Pad Config - Add/PollPad Config Name'

2019-01-09 11:09:49 - [TEST_STEP][PASSED] - delay(1): Delayed 1 second(s)

2019-01-09 11:09:50 - [MESSAGE][PASSED] - Delayed 1 second(s)

2019-01-09 11:09:50 - [TEST_STEP][PASSED] - click(findTestObject("Admin Console ePulse Menu/Poll Pads/Poll Pad Config - Add/Submit Config")): Object: 'Object Repository/Admin Console ePulse Menu/Poll Pads/Poll Pad Config - Add/Submit Config' is clicked on

2019-01-09 11:09:52 - [MESSAGE][PASSED] - Object: 'Object Repository/Admin Console ePulse Menu/Poll Pads/Poll Pad Config - Add/Submit Config' is clicked on

2019-01-09 11:09:52 - [TEST_STEP][PASSED] - delay(1): Delayed 1 second(s)

2019-01-09 11:09:53 - [MESSAGE][PASSED] - Delayed 1 second(s)

2019-01-09 11:09:53 - [TEST_STEP][PASSED] - closeBrowser(): Browser is closed

2019-01-09 11:09:53 - [MESSAGE][PASSED] - Browser is closed]]></system-out>
         <system-err><![CDATA[]]></system-err>
      </testcase>
      <testcase name="Test Cases/Admin Console/Poll Pads/Poll Pad - Configuration()/Poll Pad Configuration - Delete" classname="Test Cases/Admin Console/Poll Pads/Poll Pad - Configuration()/Poll Pad Configuration - Delete" status="PASSED">
         <system-out><![CDATA[2019-01-09 11:09:55 - [TEST_CASE][PASSED] - Test Cases/Admin Console/Poll Pads/Poll Pad - Configuration()/Poll Pad Configuration - Delete: Test Cases/Admin Console/Poll Pads/Poll Pad - Configuration()/Poll Pad Configuration - Delete

2019-01-09 11:09:55 - [TEST_STEP][PASSED] - openBrowser(""): Browser is opened with url: ''

2019-01-09 11:09:55 - [MESSAGE][INFO] - Starting 'Chrome' driver

2019-01-09 11:09:56 - [MESSAGE][PASSED] - Browser is opened with url: ''

2019-01-09 11:09:56 - [TEST_STEP][PASSED] - navigateToUrl(URL): Navigate to 'https://epulsebeta2.com' successfully

2019-01-09 11:09:57 - [MESSAGE][PASSED] - Navigate to 'https://epulsebeta2.com' successfully

2019-01-09 11:09:57 - [TEST_STEP][PASSED] - setText(findTestObject("Login/Email Address"), User_email): Text 'alonzo.mack@knowink.com' is set on object 'Object Repository/Login/Email Address'

2019-01-09 11:09:58 - [MESSAGE][PASSED] - Text 'alonzo.mack@knowink.com' is set on object 'Object Repository/Login/Email Address'

2019-01-09 11:09:58 - [TEST_STEP][PASSED] - setEncryptedText(findTestObject("Login/Password"), Pswrd): Text ****** has been set on object 'Object Repository/Login/Password'

2019-01-09 11:09:58 - [MESSAGE][PASSED] - Text ****** has been set on object 'Object Repository/Login/Password'

2019-01-09 11:09:58 - [TEST_STEP][PASSED] - click(findTestObject("Login/Sign In")): Object: 'Object Repository/Login/Sign In' is clicked on

2019-01-09 11:09:58 - [MESSAGE][PASSED] - Object: 'Object Repository/Login/Sign In' is clicked on

2019-01-09 11:09:58 - [TEST_STEP][PASSED] - delay(1): Delayed 1 second(s)

2019-01-09 11:09:59 - [MESSAGE][PASSED] - Delayed 1 second(s)

2019-01-09 11:09:59 - [TEST_STEP][PASSED] - navigateToUrl(Pollpad_Config_Page): Navigate to 'https://am-automation-test.epulsebeta2.com/poll_pad_configs' successfully

2019-01-09 11:10:00 - [MESSAGE][PASSED] - Navigate to 'https://am-automation-test.epulsebeta2.com/poll_pad_configs' successfully

2019-01-09 11:10:00 - [TEST_STEP][PASSED] - delay(1): Delayed 1 second(s)

2019-01-09 11:10:01 - [MESSAGE][PASSED] - Delayed 1 second(s)

2019-01-09 11:10:01 - [TEST_STEP][PASSED] - delay(1): Delayed 1 second(s)

2019-01-09 11:10:02 - [MESSAGE][PASSED] - Delayed 1 second(s)

2019-01-09 11:10:02 - [TEST_STEP][PASSED] - click(findTestObject("Admin Console ePulse Menu/Poll Pads/Delete Config")): Object: 'Object Repository/Admin Console ePulse Menu/Poll Pads/Delete Config' is clicked on

2019-01-09 11:10:02 - [MESSAGE][PASSED] - Object: 'Object Repository/Admin Console ePulse Menu/Poll Pads/Delete Config' is clicked on

2019-01-09 11:10:02 - [TEST_STEP][PASSED] - acceptAlert(): Alert accepted

2019-01-09 11:10:02 - [MESSAGE][PASSED] - Alert accepted

2019-01-09 11:10:02 - [TEST_STEP][PASSED] - delay(1): Delayed 1 second(s)

2019-01-09 11:10:03 - [MESSAGE][PASSED] - Delayed 1 second(s)]]></system-out>
         <system-err><![CDATA[]]></system-err>
      </testcase>
      <testcase name="Test Cases/Admin Console/Poll Pads/Poll Pad - Configuration()/Poll Pad Configuration - Add" classname="Test Cases/Admin Console/Poll Pads/Poll Pad - Configuration()/Poll Pad Configuration - Add" status="PASSED">
         <system-out><![CDATA[2019-01-09 11:10:05 - [TEST_CASE][PASSED] - Test Cases/Admin Console/Poll Pads/Poll Pad - Configuration()/Poll Pad Configuration - Add: Test Cases/Admin Console/Poll Pads/Poll Pad - Configuration()/Poll Pad Configuration - Add

2019-01-09 11:10:05 - [TEST_STEP][PASSED] - openBrowser(""): Browser is opened with url: ''

2019-01-09 11:10:05 - [MESSAGE][WARNING] - A browser is already opened. Closing browser and opening a new one

2019-01-09 11:10:05 - [MESSAGE][INFO] - Starting 'Chrome' driver

2019-01-09 11:10:07 - [MESSAGE][PASSED] - Browser is opened with url: ''

2019-01-09 11:10:07 - [TEST_STEP][PASSED] - navigateToUrl(URL): Navigate to 'https://epulsebeta2.com' successfully

2019-01-09 11:10:08 - [MESSAGE][PASSED] - Navigate to 'https://epulsebeta2.com' successfully

2019-01-09 11:10:08 - [TEST_STEP][PASSED] - setText(findTestObject("Login/Email Address"), User_email): Text 'alonzo.mack@knowink.com' is set on object 'Object Repository/Login/Email Address'

2019-01-09 11:10:08 - [MESSAGE][PASSED] - Text 'alonzo.mack@knowink.com' is set on object 'Object Repository/Login/Email Address'

2019-01-09 11:10:08 - [TEST_STEP][PASSED] - setEncryptedText(findTestObject("Login/Password"), Pswrd): Text ****** has been set on object 'Object Repository/Login/Password'

2019-01-09 11:10:08 - [MESSAGE][PASSED] - Text ****** has been set on object 'Object Repository/Login/Password'

2019-01-09 11:10:08 - [TEST_STEP][PASSED] - click(findTestObject("Login/Sign In")): Object: 'Object Repository/Login/Sign In' is clicked on

2019-01-09 11:10:09 - [MESSAGE][PASSED] - Object: 'Object Repository/Login/Sign In' is clicked on

2019-01-09 11:10:09 - [TEST_STEP][PASSED] - delay(1): Delayed 1 second(s)

2019-01-09 11:10:10 - [MESSAGE][PASSED] - Delayed 1 second(s)

2019-01-09 11:10:10 - [TEST_STEP][PASSED] - navigateToUrl(Pollpad_Config_Page): Navigate to 'https://am-automation-test.epulsebeta2.com/poll_pad_configs' successfully

2019-01-09 11:10:11 - [MESSAGE][PASSED] - Navigate to 'https://am-automation-test.epulsebeta2.com/poll_pad_configs' successfully

2019-01-09 11:10:11 - [TEST_STEP][PASSED] - delay(1): Delayed 1 second(s)

2019-01-09 11:10:12 - [MESSAGE][PASSED] - Delayed 1 second(s)

2019-01-09 11:10:12 - [TEST_STEP][PASSED] - click(findTestObject("Admin Console ePulse Menu/Poll Pads/Poll Pad Config - Add/Add Configuration")): Object: 'Object Repository/Admin Console ePulse Menu/Poll Pads/Poll Pad Config - Add/Add Configuration' is clicked on

2019-01-09 11:10:12 - [MESSAGE][PASSED] - Object: 'Object Repository/Admin Console ePulse Menu/Poll Pads/Poll Pad Config - Add/Add Configuration' is clicked on

2019-01-09 11:10:12 - [TEST_STEP][PASSED] - delay(1): Delayed 1 second(s)

2019-01-09 11:10:13 - [MESSAGE][PASSED] - Delayed 1 second(s)

2019-01-09 11:10:13 - [TEST_STEP][PASSED] - setText(findTestObject("Admin Console ePulse Menu/Poll Pads/Poll Pad Config - Add/PollPad Config Name"), "Automation Created Config"): Text 'Automation Created Config' is set on object 'Object Repository/Admin Console ePulse Menu/Poll Pads/Poll Pad Config - Add/PollPad Config Name'

2019-01-09 11:10:14 - [MESSAGE][PASSED] - Text 'Automation Created Config' is set on object 'Object Repository/Admin Console ePulse Menu/Poll Pads/Poll Pad Config - Add/PollPad Config Name'

2019-01-09 11:10:14 - [TEST_STEP][PASSED] - delay(1): Delayed 1 second(s)

2019-01-09 11:10:15 - [MESSAGE][PASSED] - Delayed 1 second(s)

2019-01-09 11:10:15 - [TEST_STEP][PASSED] - click(findTestObject("Admin Console ePulse Menu/Poll Pads/Poll Pad Config - Add/Submit Config")): Object: 'Object Repository/Admin Console ePulse Menu/Poll Pads/Poll Pad Config - Add/Submit Config' is clicked on

2019-01-09 11:10:16 - [MESSAGE][PASSED] - Object: 'Object Repository/Admin Console ePulse Menu/Poll Pads/Poll Pad Config - Add/Submit Config' is clicked on

2019-01-09 11:10:16 - [TEST_STEP][PASSED] - delay(1): Delayed 1 second(s)

2019-01-09 11:10:17 - [MESSAGE][PASSED] - Delayed 1 second(s)

2019-01-09 11:10:17 - [TEST_STEP][PASSED] - closeBrowser(): Browser is closed

2019-01-09 11:10:17 - [MESSAGE][PASSED] - Browser is closed]]></system-out>
         <system-err><![CDATA[]]></system-err>
      </testcase>
      <testcase name="Test Cases/Admin Console/Poll Pads/Poll Pad - Configuration()/Poll Pad Configuration - Import" classname="Test Cases/Admin Console/Poll Pads/Poll Pad - Configuration()/Poll Pad Configuration - Import" status="PASSED">
         <system-out><![CDATA[2019-01-09 11:10:19 - [TEST_CASE][PASSED] - Test Cases/Admin Console/Poll Pads/Poll Pad - Configuration()/Poll Pad Configuration - Import: Test Cases/Admin Console/Poll Pads/Poll Pad - Configuration()/Poll Pad Configuration - Import

2019-01-09 11:10:20 - [TEST_STEP][PASSED] - openBrowser(""): Browser is opened with url: ''

2019-01-09 11:10:20 - [MESSAGE][INFO] - Starting 'Chrome' driver

2019-01-09 11:10:21 - [MESSAGE][PASSED] - Browser is opened with url: ''

2019-01-09 11:10:21 - [TEST_STEP][PASSED] - navigateToUrl(URL): Navigate to 'https://epulsebeta2.com' successfully

2019-01-09 11:10:22 - [MESSAGE][PASSED] - Navigate to 'https://epulsebeta2.com' successfully

2019-01-09 11:10:22 - [TEST_STEP][PASSED] - setText(findTestObject("Login/Email Address"), User_email): Text 'alonzo.mack@knowink.com' is set on object 'Object Repository/Login/Email Address'

2019-01-09 11:10:23 - [MESSAGE][PASSED] - Text 'alonzo.mack@knowink.com' is set on object 'Object Repository/Login/Email Address'

2019-01-09 11:10:23 - [TEST_STEP][PASSED] - setEncryptedText(findTestObject("Login/Password"), Pswrd): Text ****** has been set on object 'Object Repository/Login/Password'

2019-01-09 11:10:23 - [MESSAGE][PASSED] - Text ****** has been set on object 'Object Repository/Login/Password'

2019-01-09 11:10:23 - [TEST_STEP][PASSED] - click(findTestObject("Login/Sign In")): Object: 'Object Repository/Login/Sign In' is clicked on

2019-01-09 11:10:23 - [MESSAGE][PASSED] - Object: 'Object Repository/Login/Sign In' is clicked on

2019-01-09 11:10:23 - [TEST_STEP][PASSED] - delay(1): Delayed 1 second(s)

2019-01-09 11:10:24 - [MESSAGE][PASSED] - Delayed 1 second(s)

2019-01-09 11:10:24 - [TEST_STEP][PASSED] - navigateToUrl(Pollpad_Config_Import): Navigate to 'https://am-automation-test.epulsebeta2.com/imports/poll_pad_config' successfully

2019-01-09 11:10:25 - [MESSAGE][PASSED] - Navigate to 'https://am-automation-test.epulsebeta2.com/imports/poll_pad_config' successfully

2019-01-09 11:10:25 - [TEST_STEP][PASSED] - delay(1): Delayed 1 second(s)

2019-01-09 11:10:26 - [MESSAGE][PASSED] - Delayed 1 second(s)

2019-01-09 11:10:26 - [TEST_STEP][PASSED] - setText(findTestObject("Common ePulse Objects/Choose File"), "/Users/alonzomack/Downloads/Automation uploads/poll_pad_config.csv"): Text '/Users/alonzomack/Downloads/Automation uploads/poll_pad_config.csv' is set on object 'Object Repository/Common ePulse Objects/Choose File'

2019-01-09 11:10:26 - [MESSAGE][PASSED] - Text '/Users/alonzomack/Downloads/Automation uploads/poll_pad_config.csv' is set on object 'Object Repository/Common ePulse Objects/Choose File'

2019-01-09 11:10:26 - [TEST_STEP][PASSED] - setText(findTestObject("Admin Console ePulse Menu/Poll Pads/Poll Pads - Configuration Import/Config Name"), "Test Config"): Text 'Test Config' is set on object 'Object Repository/Admin Console ePulse Menu/Poll Pads/Poll Pads - Configuration Import/Config Name'

2019-01-09 11:10:26 - [MESSAGE][PASSED] - Text 'Test Config' is set on object 'Object Repository/Admin Console ePulse Menu/Poll Pads/Poll Pads - Configuration Import/Config Name'

2019-01-09 11:10:27 - [TEST_STEP][PASSED] - click(findTestObject("Common ePulse Objects/Continue Button")): Object: 'Object Repository/Common ePulse Objects/Continue Button' is clicked on

2019-01-09 11:10:27 - [MESSAGE][PASSED] - Object: 'Object Repository/Common ePulse Objects/Continue Button' is clicked on

2019-01-09 11:10:27 - [TEST_STEP][PASSED] - delay(1): Delayed 1 second(s)

2019-01-09 11:10:28 - [MESSAGE][PASSED] - Delayed 1 second(s)

2019-01-09 11:10:28 - [TEST_STEP][PASSED] - click(findTestObject("Common ePulse Objects/button_Done(working)")): Object: 'Object Repository/Common ePulse Objects/button_Done(working)' is clicked on

2019-01-09 11:10:34 - [MESSAGE][PASSED] - Object: 'Object Repository/Common ePulse Objects/button_Done(working)' is clicked on

2019-01-09 11:10:34 - [TEST_STEP][PASSED] - closeBrowser(STOP_ON_FAILURE): Browser is closed

2019-01-09 11:10:34 - [MESSAGE][PASSED] - Browser is closed]]></system-out>
         <system-err><![CDATA[]]></system-err>
      </testcase>
      <testcase name="Test Cases/Admin Console/Poll Pads/Poll Pad - Configuration()/Poll Pad Configuration - Copy" classname="Test Cases/Admin Console/Poll Pads/Poll Pad - Configuration()/Poll Pad Configuration - Copy" status="PASSED">
         <system-out><![CDATA[2019-01-09 11:10:36 - [TEST_CASE][PASSED] - Test Cases/Admin Console/Poll Pads/Poll Pad - Configuration()/Poll Pad Configuration - Copy: Test Cases/Admin Console/Poll Pads/Poll Pad - Configuration()/Poll Pad Configuration - Copy

2019-01-09 11:10:37 - [TEST_STEP][PASSED] - openBrowser(""): Browser is opened with url: ''

2019-01-09 11:10:37 - [MESSAGE][INFO] - Starting 'Chrome' driver

2019-01-09 11:10:38 - [MESSAGE][PASSED] - Browser is opened with url: ''

2019-01-09 11:10:38 - [TEST_STEP][PASSED] - navigateToUrl(URL): Navigate to 'https://epulsebeta2.com' successfully

2019-01-09 11:10:39 - [MESSAGE][PASSED] - Navigate to 'https://epulsebeta2.com' successfully

2019-01-09 11:10:39 - [TEST_STEP][PASSED] - setText(findTestObject("Login/Email Address"), User_email): Text 'alonzo.mack@knowink.com' is set on object 'Object Repository/Login/Email Address'

2019-01-09 11:10:39 - [MESSAGE][PASSED] - Text 'alonzo.mack@knowink.com' is set on object 'Object Repository/Login/Email Address'

2019-01-09 11:10:39 - [TEST_STEP][PASSED] - setEncryptedText(findTestObject("Login/Password"), Pswrd): Text ****** has been set on object 'Object Repository/Login/Password'

2019-01-09 11:10:40 - [MESSAGE][PASSED] - Text ****** has been set on object 'Object Repository/Login/Password'

2019-01-09 11:10:40 - [TEST_STEP][PASSED] - click(findTestObject("Login/Sign In")): Object: 'Object Repository/Login/Sign In' is clicked on

2019-01-09 11:10:40 - [MESSAGE][PASSED] - Object: 'Object Repository/Login/Sign In' is clicked on

2019-01-09 11:10:40 - [TEST_STEP][PASSED] - delay(1): Delayed 1 second(s)

2019-01-09 11:10:41 - [MESSAGE][PASSED] - Delayed 1 second(s)

2019-01-09 11:10:41 - [TEST_STEP][PASSED] - navigateToUrl(Pollpad_Config_Page): Navigate to 'https://am-automation-test.epulsebeta2.com/poll_pad_configs' successfully

2019-01-09 11:10:42 - [MESSAGE][PASSED] - Navigate to 'https://am-automation-test.epulsebeta2.com/poll_pad_configs' successfully

2019-01-09 11:10:42 - [TEST_STEP][PASSED] - delay(1): Delayed 1 second(s)

2019-01-09 11:10:43 - [MESSAGE][PASSED] - Delayed 1 second(s)

2019-01-09 11:10:43 - [TEST_STEP][PASSED] - click(findTestObject("Admin Console ePulse Menu/Poll Pads/Copy Config")): Object: 'Object Repository/Admin Console ePulse Menu/Poll Pads/Copy Config' is clicked on

2019-01-09 11:10:43 - [MESSAGE][PASSED] - Object: 'Object Repository/Admin Console ePulse Menu/Poll Pads/Copy Config' is clicked on

2019-01-09 11:10:43 - [TEST_STEP][PASSED] - delay(1): Delayed 1 second(s)

2019-01-09 11:10:44 - [MESSAGE][PASSED] - Delayed 1 second(s)

2019-01-09 11:10:44 - [TEST_STEP][PASSED] - setText(findTestObject("Admin Console ePulse Menu/Poll Pads/PollPad Config Name(copy)"), "Copy of selected config"): Text 'Copy of selected config' is set on object 'Object Repository/Admin Console ePulse Menu/Poll Pads/PollPad Config Name(copy)'

2019-01-09 11:10:45 - [MESSAGE][PASSED] - Text 'Copy of selected config' is set on object 'Object Repository/Admin Console ePulse Menu/Poll Pads/PollPad Config Name(copy)'

2019-01-09 11:10:45 - [TEST_STEP][PASSED] - delay(1): Delayed 1 second(s)

2019-01-09 11:10:46 - [MESSAGE][PASSED] - Delayed 1 second(s)

2019-01-09 11:10:46 - [TEST_STEP][PASSED] - click(findTestObject("Admin Console ePulse Menu/Poll Pads/Submit COPY")): Object: 'Object Repository/Admin Console ePulse Menu/Poll Pads/Submit COPY' is clicked on

2019-01-09 11:10:46 - [MESSAGE][PASSED] - Object: 'Object Repository/Admin Console ePulse Menu/Poll Pads/Submit COPY' is clicked on

2019-01-09 11:10:46 - [TEST_STEP][PASSED] - delay(1): Delayed 1 second(s)

2019-01-09 11:10:47 - [MESSAGE][PASSED] - Delayed 1 second(s)

2019-01-09 11:10:47 - [TEST_STEP][PASSED] - closeBrowser(STOP_ON_FAILURE): Browser is closed

2019-01-09 11:10:47 - [MESSAGE][PASSED] - Browser is closed]]></system-out>
         <system-err><![CDATA[]]></system-err>
      </testcase>
      <testcase name="Test Cases/Admin Console/Poll Pads/Poll Pad - Configuration()/Poll Pad Configuration - Export" classname="Test Cases/Admin Console/Poll Pads/Poll Pad - Configuration()/Poll Pad Configuration - Export" status="PASSED">
         <system-out><![CDATA[2019-01-09 11:10:49 - [TEST_CASE][PASSED] - Test Cases/Admin Console/Poll Pads/Poll Pad - Configuration()/Poll Pad Configuration - Export: Test Cases/Admin Console/Poll Pads/Poll Pad - Configuration()/Poll Pad Configuration - Export

2019-01-09 11:10:49 - [TEST_STEP][PASSED] - openBrowser(""): Browser is opened with url: ''

2019-01-09 11:10:49 - [MESSAGE][INFO] - Starting 'Chrome' driver

2019-01-09 11:10:51 - [MESSAGE][PASSED] - Browser is opened with url: ''

2019-01-09 11:10:51 - [TEST_STEP][PASSED] - navigateToUrl(URL): Navigate to 'https://epulsebeta2.com' successfully

2019-01-09 11:10:52 - [MESSAGE][PASSED] - Navigate to 'https://epulsebeta2.com' successfully

2019-01-09 11:10:52 - [TEST_STEP][PASSED] - setText(findTestObject("Login/Email Address"), User_email): Text 'alonzo.mack@knowink.com' is set on object 'Object Repository/Login/Email Address'

2019-01-09 11:10:52 - [MESSAGE][PASSED] - Text 'alonzo.mack@knowink.com' is set on object 'Object Repository/Login/Email Address'

2019-01-09 11:10:52 - [TEST_STEP][PASSED] - setEncryptedText(findTestObject("Login/Password"), Pswrd): Text ****** has been set on object 'Object Repository/Login/Password'

2019-01-09 11:10:52 - [MESSAGE][PASSED] - Text ****** has been set on object 'Object Repository/Login/Password'

2019-01-09 11:10:52 - [TEST_STEP][PASSED] - click(findTestObject("Login/Sign In")): Object: 'Object Repository/Login/Sign In' is clicked on

2019-01-09 11:10:53 - [MESSAGE][PASSED] - Object: 'Object Repository/Login/Sign In' is clicked on

2019-01-09 11:10:53 - [TEST_STEP][PASSED] - delay(1): Delayed 1 second(s)

2019-01-09 11:10:54 - [MESSAGE][PASSED] - Delayed 1 second(s)

2019-01-09 11:10:54 - [TEST_STEP][PASSED] - navigateToUrl(Pollpad_Config_Page): Navigate to 'https://am-automation-test.epulsebeta2.com/poll_pad_configs' successfully

2019-01-09 11:10:55 - [MESSAGE][PASSED] - Navigate to 'https://am-automation-test.epulsebeta2.com/poll_pad_configs' successfully

2019-01-09 11:10:55 - [TEST_STEP][PASSED] - delay(1): Delayed 1 second(s)

2019-01-09 11:10:56 - [MESSAGE][PASSED] - Delayed 1 second(s)

2019-01-09 11:10:56 - [TEST_STEP][PASSED] - click(findTestObject("Admin Console ePulse Menu/Poll Pads/Export Config")): Object: 'Object Repository/Admin Console ePulse Menu/Poll Pads/Export Config' is clicked on

2019-01-09 11:10:56 - [MESSAGE][PASSED] - Object: 'Object Repository/Admin Console ePulse Menu/Poll Pads/Export Config' is clicked on

2019-01-09 11:10:56 - [TEST_STEP][PASSED] - delay(2): Delayed 2 second(s)

2019-01-09 11:10:58 - [MESSAGE][PASSED] - Delayed 2 second(s)

2019-01-09 11:10:58 - [TEST_STEP][PASSED] - closeBrowser(): Browser is closed

2019-01-09 11:10:58 - [MESSAGE][PASSED] - Browser is closed]]></system-out>
         <system-err><![CDATA[]]></system-err>
      </testcase>
      <testcase name="Test Cases/SuperAdminConsole/Poll Pads/PollPad - Add" classname="Test Cases/SuperAdminConsole/Poll Pads/PollPad - Add" status="PASSED">
         <system-out><![CDATA[2019-01-09 11:11:00 - [TEST_CASE][PASSED] - Test Cases/SuperAdminConsole/Poll Pads/PollPad - Add: Test Cases/SuperAdminConsole/Poll Pads/PollPad - Add

2019-01-09 11:11:01 - [TEST_STEP][PASSED] - openBrowser(""): Browser is opened with url: ''

2019-01-09 11:11:01 - [MESSAGE][INFO] - Starting 'Chrome' driver

2019-01-09 11:11:02 - [MESSAGE][PASSED] - Browser is opened with url: ''

2019-01-09 11:11:02 - [TEST_STEP][PASSED] - navigateToUrl(URL): Navigate to 'https://epulsebeta2.com' successfully

2019-01-09 11:11:03 - [MESSAGE][PASSED] - Navigate to 'https://epulsebeta2.com' successfully

2019-01-09 11:11:03 - [TEST_STEP][PASSED] - setText(findTestObject("Login/Email Address"), User_email): Text 'alonzo.mack@knowink.com' is set on object 'Object Repository/Login/Email Address'

2019-01-09 11:11:03 - [MESSAGE][PASSED] - Text 'alonzo.mack@knowink.com' is set on object 'Object Repository/Login/Email Address'

2019-01-09 11:11:03 - [TEST_STEP][PASSED] - setEncryptedText(findTestObject("Login/Password"), Pswrd): Text ****** has been set on object 'Object Repository/Login/Password'

2019-01-09 11:11:04 - [MESSAGE][PASSED] - Text ****** has been set on object 'Object Repository/Login/Password'

2019-01-09 11:11:04 - [TEST_STEP][PASSED] - click(findTestObject("Login/Sign In")): Object: 'Object Repository/Login/Sign In' is clicked on

2019-01-09 11:11:04 - [MESSAGE][PASSED] - Object: 'Object Repository/Login/Sign In' is clicked on

2019-01-09 11:11:04 - [TEST_STEP][PASSED] - delay(1): Delayed 1 second(s)

2019-01-09 11:11:05 - [MESSAGE][PASSED] - Delayed 1 second(s)

2019-01-09 11:11:05 - [TEST_STEP][PASSED] - click(findTestObject("SuperAdminConsole/Poll Pads/POLL PADS link")): Object: 'Object Repository/SuperAdminConsole/Poll Pads/POLL PADS link' is clicked on

2019-01-09 11:11:06 - [MESSAGE][PASSED] - Object: 'Object Repository/SuperAdminConsole/Poll Pads/POLL PADS link' is clicked on

2019-01-09 11:11:06 - [TEST_STEP][PASSED] - delay(1): Delayed 1 second(s)

2019-01-09 11:11:07 - [MESSAGE][PASSED] - Delayed 1 second(s)

2019-01-09 11:11:07 - [TEST_STEP][PASSED] - click(findTestObject("SuperAdminConsole/Poll Pads/Add Poll Pad")): Object: 'Object Repository/SuperAdminConsole/Poll Pads/Add Poll Pad' is clicked on

2019-01-09 11:11:07 - [MESSAGE][PASSED] - Object: 'Object Repository/SuperAdminConsole/Poll Pads/Add Poll Pad' is clicked on

2019-01-09 11:11:07 - [TEST_STEP][PASSED] - delay(1): Delayed 1 second(s)

2019-01-09 11:11:08 - [MESSAGE][PASSED] - Delayed 1 second(s)

2019-01-09 11:11:08 - [TEST_STEP][PASSED] - setText(findTestObject("SuperAdminConsole/Poll Pads/Add Poll Pad Options/Poll_Pad_Name"), "Test PollPad"): Text 'Test PollPad' is set on object 'Object Repository/SuperAdminConsole/Poll Pads/Add Poll Pad Options/Poll_Pad_Name'

2019-01-09 11:11:08 - [MESSAGE][PASSED] - Text 'Test PollPad' is set on object 'Object Repository/SuperAdminConsole/Poll Pads/Add Poll Pad Options/Poll_Pad_Name'

2019-01-09 11:11:08 - [TEST_STEP][PASSED] - delay(1): Delayed 1 second(s)

2019-01-09 11:11:09 - [MESSAGE][PASSED] - Delayed 1 second(s)

2019-01-09 11:11:09 - [TEST_STEP][PASSED] - click(findTestObject("SuperAdminConsole/Poll Pads/Add Poll Pad Options/Account")): Object: 'Object Repository/SuperAdminConsole/Poll Pads/Add Poll Pad Options/Account' is clicked on

2019-01-09 11:11:09 - [MESSAGE][PASSED] - Object: 'Object Repository/SuperAdminConsole/Poll Pads/Add Poll Pad Options/Account' is clicked on

2019-01-09 11:11:09 - [TEST_STEP][PASSED] - click(findTestObject("SuperAdminConsole/Poll Pads/AM-Mississippi")): Object: 'Object Repository/SuperAdminConsole/Poll Pads/AM-Mississippi' is clicked on

2019-01-09 11:11:09 - [MESSAGE][PASSED] - Object: 'Object Repository/SuperAdminConsole/Poll Pads/AM-Mississippi' is clicked on

2019-01-09 11:11:09 - [TEST_STEP][PASSED] - delay(1): Delayed 1 second(s)

2019-01-09 11:11:10 - [MESSAGE][PASSED] - Delayed 1 second(s)

2019-01-09 11:11:10 - [TEST_STEP][PASSED] - click(findTestObject("SuperAdminConsole/Poll Pads/Add Poll Pad Options/Polling Places"), STOP_ON_FAILURE): Object: 'Object Repository/SuperAdminConsole/Poll Pads/Add Poll Pad Options/Polling Places' is clicked on

2019-01-09 11:11:11 - [MESSAGE][PASSED] - Object: 'Object Repository/SuperAdminConsole/Poll Pads/Add Poll Pad Options/Polling Places' is clicked on

2019-01-09 11:11:11 - [TEST_STEP][PASSED] - click(findTestObject("SuperAdminConsole/Poll Pads/Add Poll Pad Options/Polling Place(CATO FIRE STATION)"), STOP_ON_FAILURE): Object: 'Object Repository/SuperAdminConsole/Poll Pads/Add Poll Pad Options/Polling Place(CATO FIRE STATION)' is clicked on

2019-01-09 11:11:11 - [MESSAGE][PASSED] - Object: 'Object Repository/SuperAdminConsole/Poll Pads/Add Poll Pad Options/Polling Place(CATO FIRE STATION)' is clicked on

2019-01-09 11:11:11 - [TEST_STEP][PASSED] - delay(1): Delayed 1 second(s)

2019-01-09 11:11:12 - [MESSAGE][PASSED] - Delayed 1 second(s)

2019-01-09 11:11:12 - [TEST_STEP][PASSED] - click(findTestObject("SuperAdminConsole/Poll Pads/Add Poll Pad Options/Configuration")): Object: 'Object Repository/SuperAdminConsole/Poll Pads/Add Poll Pad Options/Configuration' is clicked on

2019-01-09 11:11:12 - [MESSAGE][PASSED] - Object: 'Object Repository/SuperAdminConsole/Poll Pads/Add Poll Pad Options/Configuration' is clicked on

2019-01-09 11:11:12 - [TEST_STEP][PASSED] - delay(1): Delayed 1 second(s)

2019-01-09 11:11:13 - [MESSAGE][PASSED] - Delayed 1 second(s)

2019-01-09 11:11:13 - [TEST_STEP][PASSED] - click(findTestObject("Admin Console ePulse Menu/Account Settings/Prompts/Prompt Criteria Modal/Save")): Object: 'Object Repository/Admin Console ePulse Menu/Account Settings/Prompts/Prompt Criteria Modal/Save' is clicked on

2019-01-09 11:11:13 - [MESSAGE][PASSED] - Object: 'Object Repository/Admin Console ePulse Menu/Account Settings/Prompts/Prompt Criteria Modal/Save' is clicked on

2019-01-09 11:11:13 - [TEST_STEP][PASSED] - delay(1): Delayed 1 second(s)

2019-01-09 11:11:14 - [MESSAGE][PASSED] - Delayed 1 second(s)

2019-01-09 11:11:14 - [TEST_STEP][PASSED] - closeBrowser(): Browser is closed

2019-01-09 11:11:14 - [MESSAGE][PASSED] - Browser is closed]]></system-out>
         <system-err><![CDATA[]]></system-err>
      </testcase>
      <testcase name="Test Cases/SuperAdminConsole/Poll Pads/PollPad_Assign" classname="Test Cases/SuperAdminConsole/Poll Pads/PollPad_Assign" status="PASSED">
         <system-out><![CDATA[2019-01-09 11:11:16 - [TEST_CASE][PASSED] - Test Cases/SuperAdminConsole/Poll Pads/PollPad_Assign: Test Cases/SuperAdminConsole/Poll Pads/PollPad_Assign

2019-01-09 11:11:16 - [TEST_STEP][PASSED] - openBrowser("https://epulsedev2.com"): Browser is opened with url: 'https://epulsedev2.com'

2019-01-09 11:11:16 - [MESSAGE][INFO] - Starting 'Chrome' driver

2019-01-09 11:11:19 - [MESSAGE][PASSED] - Browser is opened with url: 'https://epulsedev2.com'

2019-01-09 11:11:19 - [TEST_STEP][PASSED] - openBrowser(""): Browser is opened with url: ''

2019-01-09 11:11:19 - [MESSAGE][WARNING] - A browser is already opened. Closing browser and opening a new one

2019-01-09 11:11:19 - [MESSAGE][INFO] - Starting 'Chrome' driver

2019-01-09 11:11:21 - [MESSAGE][PASSED] - Browser is opened with url: ''

2019-01-09 11:11:21 - [TEST_STEP][PASSED] - navigateToUrl(URL): Navigate to 'https://epulsebeta2.com' successfully

2019-01-09 11:11:22 - [MESSAGE][PASSED] - Navigate to 'https://epulsebeta2.com' successfully

2019-01-09 11:11:22 - [TEST_STEP][PASSED] - setText(findTestObject("Login/Email Address"), User_email): Text 'alonzo.mack@knowink.com' is set on object 'Object Repository/Login/Email Address'

2019-01-09 11:11:22 - [MESSAGE][PASSED] - Text 'alonzo.mack@knowink.com' is set on object 'Object Repository/Login/Email Address'

2019-01-09 11:11:22 - [TEST_STEP][PASSED] - setEncryptedText(findTestObject("Login/Password"), Pswrd): Text ****** has been set on object 'Object Repository/Login/Password'

2019-01-09 11:11:22 - [MESSAGE][PASSED] - Text ****** has been set on object 'Object Repository/Login/Password'

2019-01-09 11:11:22 - [TEST_STEP][PASSED] - click(findTestObject("Login/Sign In")): Object: 'Object Repository/Login/Sign In' is clicked on

2019-01-09 11:11:23 - [MESSAGE][PASSED] - Object: 'Object Repository/Login/Sign In' is clicked on

2019-01-09 11:11:23 - [TEST_STEP][PASSED] - delay(1): Delayed 1 second(s)

2019-01-09 11:11:24 - [MESSAGE][PASSED] - Delayed 1 second(s)

2019-01-09 11:11:24 - [TEST_STEP][PASSED] - click(findTestObject("SuperAdminConsole/Poll Pads/POLL PADS link")): Object: 'Object Repository/SuperAdminConsole/Poll Pads/POLL PADS link' is clicked on

2019-01-09 11:11:25 - [MESSAGE][PASSED] - Object: 'Object Repository/SuperAdminConsole/Poll Pads/POLL PADS link' is clicked on

2019-01-09 11:11:25 - [TEST_STEP][PASSED] - delay(1): Delayed 1 second(s)

2019-01-09 11:11:26 - [MESSAGE][PASSED] - Delayed 1 second(s)

2019-01-09 11:11:26 - [TEST_STEP][PASSED] - setText(findTestObject("SuperAdminConsole/Poll Pads/Test PollPad table search"), "Test Pollpad"): Text 'Test Pollpad' is set on object 'Object Repository/SuperAdminConsole/Poll Pads/Test PollPad table search'

2019-01-09 11:11:26 - [MESSAGE][PASSED] - Text 'Test Pollpad' is set on object 'Object Repository/SuperAdminConsole/Poll Pads/Test PollPad table search'

2019-01-09 11:11:26 - [TEST_STEP][PASSED] - delay(1): Delayed 1 second(s)

2019-01-09 11:11:27 - [MESSAGE][PASSED] - Delayed 1 second(s)

2019-01-09 11:11:27 - [TEST_STEP][PASSED] - click(findTestObject("SuperAdminConsole/Poll Pads/Add Poll Pad Options/Assign/edit pad-AM-Mississippi")): Object: 'Object Repository/SuperAdminConsole/Poll Pads/Add Poll Pad Options/Assign/edit pad-AM-Mississippi' is clicked on

2019-01-09 11:11:27 - [MESSAGE][PASSED] - Object: 'Object Repository/SuperAdminConsole/Poll Pads/Add Poll Pad Options/Assign/edit pad-AM-Mississippi' is clicked on

2019-01-09 11:11:27 - [TEST_STEP][PASSED] - delay(1): Delayed 1 second(s)

2019-01-09 11:11:28 - [MESSAGE][PASSED] - Delayed 1 second(s)

2019-01-09 11:11:28 - [TEST_STEP][PASSED] - click(findTestObject("SuperAdminConsole/Poll Pads/Add Poll Pad Options/Account")): Object: 'Object Repository/SuperAdminConsole/Poll Pads/Add Poll Pad Options/Account' is clicked on

2019-01-09 11:11:29 - [MESSAGE][PASSED] - Object: 'Object Repository/SuperAdminConsole/Poll Pads/Add Poll Pad Options/Account' is clicked on

2019-01-09 11:11:29 - [TEST_STEP][PASSED] - delay(1): Delayed 1 second(s)

2019-01-09 11:11:30 - [MESSAGE][PASSED] - Delayed 1 second(s)

2019-01-09 11:11:30 - [TEST_STEP][PASSED] - click(findTestObject("SuperAdminConsole/Poll Pads/Add Poll Pad Options/Assign/Account(am-Automation-test)")): Object: 'Object Repository/SuperAdminConsole/Poll Pads/Add Poll Pad Options/Assign/Account(am-Automation-test)' is clicked on

2019-01-09 11:11:30 - [MESSAGE][PASSED] - Object: 'Object Repository/SuperAdminConsole/Poll Pads/Add Poll Pad Options/Assign/Account(am-Automation-test)' is clicked on

2019-01-09 11:11:30 - [TEST_STEP][PASSED] - delay(1): Delayed 1 second(s)

2019-01-09 11:11:31 - [MESSAGE][PASSED] - Delayed 1 second(s)

2019-01-09 11:11:31 - [TEST_STEP][PASSED] - click(findTestObject("SuperAdminConsole/Poll Pads/Add Poll Pad Options/Election")): Object: 'Object Repository/SuperAdminConsole/Poll Pads/Add Poll Pad Options/Election' is clicked on

2019-01-09 11:11:31 - [MESSAGE][PASSED] - Object: 'Object Repository/SuperAdminConsole/Poll Pads/Add Poll Pad Options/Election' is clicked on

2019-01-09 11:11:31 - [TEST_STEP][PASSED] - click(findTestObject("SuperAdminConsole/Poll Pads/Add Poll Pad Options/Assign/Election(Election Creation)")): Object: 'Object Repository/SuperAdminConsole/Poll Pads/Add Poll Pad Options/Assign/Election(Election Creation)' is clicked on

2019-01-09 11:11:31 - [MESSAGE][PASSED] - Object: 'Object Repository/SuperAdminConsole/Poll Pads/Add Poll Pad Options/Assign/Election(Election Creation)' is clicked on

2019-01-09 11:11:31 - [TEST_STEP][PASSED] - delay(1): Delayed 1 second(s)

2019-01-09 11:11:32 - [MESSAGE][PASSED] - Delayed 1 second(s)

2019-01-09 11:11:32 - [TEST_STEP][PASSED] - click(findTestObject("SuperAdminConsole/Poll Pads/Add Poll Pad Options/Polling Places")): Object: 'Object Repository/SuperAdminConsole/Poll Pads/Add Poll Pad Options/Polling Places' is clicked on

2019-01-09 11:11:32 - [MESSAGE][PASSED] - Object: 'Object Repository/SuperAdminConsole/Poll Pads/Add Poll Pad Options/Polling Places' is clicked on

2019-01-09 11:11:32 - [TEST_STEP][PASSED] - click(findTestObject("SuperAdminConsole/Poll Pads/Add Poll Pad Options/Assign/Polling Place(MATHEWS DICKEY)")): Object: 'Object Repository/SuperAdminConsole/Poll Pads/Add Poll Pad Options/Assign/Polling Place(MATHEWS DICKEY)' is clicked on

2019-01-09 11:11:32 - [MESSAGE][PASSED] - Object: 'Object Repository/SuperAdminConsole/Poll Pads/Add Poll Pad Options/Assign/Polling Place(MATHEWS DICKEY)' is clicked on

2019-01-09 11:11:32 - [TEST_STEP][PASSED] - delay(1): Delayed 1 second(s)

2019-01-09 11:11:33 - [MESSAGE][PASSED] - Delayed 1 second(s)

2019-01-09 11:11:33 - [TEST_STEP][PASSED] - selectOptionByLabel(findTestObject("SuperAdminConsole/Poll Pads/Add Poll Pad Options/Assign/Select Configuration"), "Automation Created Config", true): All options with label 'Automation Created Config' are selected in object 'Object Repository/SuperAdminConsole/Poll Pads/Add Poll Pad Options/Assign/Select Configuration'  using regular expression

2019-01-09 11:11:33 - [MESSAGE][PASSED] - All options with label 'Automation Created Config' are selected in object 'Object Repository/SuperAdminConsole/Poll Pads/Add Poll Pad Options/Assign/Select Configuration'  using regular expression

2019-01-09 11:11:33 - [TEST_STEP][PASSED] - delay(1): Delayed 1 second(s)

2019-01-09 11:11:34 - [MESSAGE][PASSED] - Delayed 1 second(s)

2019-01-09 11:11:34 - [TEST_STEP][PASSED] - click(findTestObject("Admin Console ePulse Menu/Account Settings/Prompts/Prompt Criteria Modal/Save")): Object: 'Object Repository/Admin Console ePulse Menu/Account Settings/Prompts/Prompt Criteria Modal/Save' is clicked on

2019-01-09 11:11:34 - [MESSAGE][PASSED] - Object: 'Object Repository/Admin Console ePulse Menu/Account Settings/Prompts/Prompt Criteria Modal/Save' is clicked on

2019-01-09 11:11:34 - [TEST_STEP][PASSED] - delay(1): Delayed 1 second(s)

2019-01-09 11:11:35 - [MESSAGE][PASSED] - Delayed 1 second(s)

2019-01-09 11:11:35 - [TEST_STEP][PASSED] - closeBrowser(): Browser is closed

2019-01-09 11:11:35 - [MESSAGE][PASSED] - Browser is closed]]></system-out>
         <system-err><![CDATA[]]></system-err>
      </testcase>
      <testcase name="Test Cases/Admin Console/Election Setup/Ballot Styles/Ballot Styles - Downloads" classname="Test Cases/Admin Console/Election Setup/Ballot Styles/Ballot Styles - Downloads" status="PASSED">
         <system-out><![CDATA[2019-01-09 11:11:38 - [TEST_CASE][PASSED] - Test Cases/Admin Console/Election Setup/Ballot Styles/Ballot Styles - Downloads: Test Cases/Admin Console/Election Setup/Ballot Styles/Ballot Styles - Downloads

2019-01-09 11:11:38 - [TEST_STEP][PASSED] - openBrowser(""): Browser is opened with url: ''

2019-01-09 11:11:38 - [MESSAGE][INFO] - Starting 'Chrome' driver

2019-01-09 11:11:39 - [MESSAGE][PASSED] - Browser is opened with url: ''

2019-01-09 11:11:39 - [TEST_STEP][PASSED] - navigateToUrl(URL): Navigate to 'https://epulsebeta2.com' successfully

2019-01-09 11:11:40 - [MESSAGE][PASSED] - Navigate to 'https://epulsebeta2.com' successfully

2019-01-09 11:11:40 - [TEST_STEP][PASSED] - setText(findTestObject("Login/Email Address"), User_email): Text 'alonzo.mack@knowink.com' is set on object 'Object Repository/Login/Email Address'

2019-01-09 11:11:41 - [MESSAGE][PASSED] - Text 'alonzo.mack@knowink.com' is set on object 'Object Repository/Login/Email Address'

2019-01-09 11:11:41 - [TEST_STEP][PASSED] - setEncryptedText(findTestObject("Login/Password"), Pswrd): Text ****** has been set on object 'Object Repository/Login/Password'

2019-01-09 11:11:41 - [MESSAGE][PASSED] - Text ****** has been set on object 'Object Repository/Login/Password'

2019-01-09 11:11:41 - [TEST_STEP][PASSED] - click(findTestObject("Login/Sign In")): Object: 'Object Repository/Login/Sign In' is clicked on

2019-01-09 11:11:41 - [MESSAGE][PASSED] - Object: 'Object Repository/Login/Sign In' is clicked on

2019-01-09 11:11:41 - [TEST_STEP][PASSED] - delay(1): Delayed 1 second(s)

2019-01-09 11:11:42 - [MESSAGE][PASSED] - Delayed 1 second(s)

2019-01-09 11:11:42 - [TEST_STEP][PASSED] - navigateToUrl(Ballot_Types): Navigate to 'https://am-automation-test.epulsebeta2.com/ballot_types' successfully

2019-01-09 11:11:43 - [MESSAGE][PASSED] - Navigate to 'https://am-automation-test.epulsebeta2.com/ballot_types' successfully

2019-01-09 11:11:43 - [TEST_STEP][PASSED] - delay(1): Delayed 1 second(s)

2019-01-09 11:11:44 - [MESSAGE][PASSED] - Delayed 1 second(s)

2019-01-09 11:11:44 - [TEST_STEP][PASSED] - click(findTestObject("Admin Console ePulse Menu/Election Setup/Ballot Styles/Download")): Object: 'Object Repository/Admin Console ePulse Menu/Election Setup/Ballot Styles/Download' is clicked on

2019-01-09 11:11:46 - [MESSAGE][PASSED] - Object: 'Object Repository/Admin Console ePulse Menu/Election Setup/Ballot Styles/Download' is clicked on

2019-01-09 11:11:46 - [TEST_STEP][PASSED] - delay(2): Delayed 2 second(s)

2019-01-09 11:11:48 - [MESSAGE][PASSED] - Delayed 2 second(s)

2019-01-09 11:11:48 - [TEST_STEP][NOT_RUN] - click(findTestObject("Common ePulse Objects/button_Done(working)")): NOT_RUN: click(findTestObject("Common ePulse Objects/button_Done(working)"))

2019-01-09 11:11:48 - [MESSAGE][NOT_RUN] - NOT_RUN: click(findTestObject("Common ePulse Objects/button_Done(working)"))

2019-01-09 11:11:48 - [TEST_STEP][PASSED] - closeBrowser(STOP_ON_FAILURE): Browser is closed

2019-01-09 11:11:48 - [MESSAGE][PASSED] - Browser is closed]]></system-out>
         <system-err><![CDATA[]]></system-err>
      </testcase>
      <testcase name="Test Cases/Admin Console/Election Setup/Ballot Styles/Ballot Styles - Import" classname="Test Cases/Admin Console/Election Setup/Ballot Styles/Ballot Styles - Import" status="PASSED">
         <system-out><![CDATA[2019-01-09 11:11:50 - [TEST_CASE][PASSED] - Test Cases/Admin Console/Election Setup/Ballot Styles/Ballot Styles - Import: Test Cases/Admin Console/Election Setup/Ballot Styles/Ballot Styles - Import

2019-01-09 11:11:50 - [TEST_STEP][PASSED] - openBrowser(""): Browser is opened with url: ''

2019-01-09 11:11:50 - [MESSAGE][INFO] - Starting 'Chrome' driver

2019-01-09 11:11:51 - [MESSAGE][PASSED] - Browser is opened with url: ''

2019-01-09 11:11:51 - [TEST_STEP][PASSED] - navigateToUrl(URL): Navigate to 'https://epulsebeta2.com' successfully

2019-01-09 11:11:52 - [MESSAGE][PASSED] - Navigate to 'https://epulsebeta2.com' successfully

2019-01-09 11:11:52 - [TEST_STEP][PASSED] - setText(findTestObject("Login/Email Address"), User_email): Text 'alonzo.mack@knowink.com' is set on object 'Object Repository/Login/Email Address'

2019-01-09 11:11:53 - [MESSAGE][PASSED] - Text 'alonzo.mack@knowink.com' is set on object 'Object Repository/Login/Email Address'

2019-01-09 11:11:53 - [TEST_STEP][PASSED] - setEncryptedText(findTestObject("Login/Password"), Pswrd): Text ****** has been set on object 'Object Repository/Login/Password'

2019-01-09 11:11:53 - [MESSAGE][PASSED] - Text ****** has been set on object 'Object Repository/Login/Password'

2019-01-09 11:11:53 - [TEST_STEP][PASSED] - click(findTestObject("Login/Sign In")): Object: 'Object Repository/Login/Sign In' is clicked on

2019-01-09 11:11:53 - [MESSAGE][PASSED] - Object: 'Object Repository/Login/Sign In' is clicked on

2019-01-09 11:11:53 - [TEST_STEP][PASSED] - delay(1): Delayed 1 second(s)

2019-01-09 11:11:54 - [MESSAGE][PASSED] - Delayed 1 second(s)

2019-01-09 11:11:54 - [TEST_STEP][PASSED] - navigateToUrl(Ballot_Types): Navigate to 'https://am-automation-test.epulsebeta2.com/ballot_types' successfully

2019-01-09 11:11:55 - [MESSAGE][PASSED] - Navigate to 'https://am-automation-test.epulsebeta2.com/ballot_types' successfully

2019-01-09 11:11:55 - [TEST_STEP][PASSED] - delay(1): Delayed 1 second(s)

2019-01-09 11:11:56 - [MESSAGE][PASSED] - Delayed 1 second(s)

2019-01-09 11:11:56 - [TEST_STEP][PASSED] - click(findTestObject("Admin Console ePulse Menu/Election Setup/Ballot Styles/Import")): Object: 'Object Repository/Admin Console ePulse Menu/Election Setup/Ballot Styles/Import' is clicked on

2019-01-09 11:11:57 - [MESSAGE][PASSED] - Object: 'Object Repository/Admin Console ePulse Menu/Election Setup/Ballot Styles/Import' is clicked on

2019-01-09 11:11:57 - [TEST_STEP][PASSED] - setText(findTestObject("Common ePulse Objects/Choose File"), "/Users/alonzomack/Downloads/Automation uploads/ballot_types.csv"): Text '/Users/alonzomack/Downloads/Automation uploads/ballot_types.csv' is set on object 'Object Repository/Common ePulse Objects/Choose File'

2019-01-09 11:11:57 - [MESSAGE][PASSED] - Text '/Users/alonzomack/Downloads/Automation uploads/ballot_types.csv' is set on object 'Object Repository/Common ePulse Objects/Choose File'

2019-01-09 11:11:57 - [TEST_STEP][PASSED] - click(findTestObject("Common ePulse Objects/Continue Button")): Object: 'Object Repository/Common ePulse Objects/Continue Button' is clicked on

2019-01-09 11:11:57 - [MESSAGE][PASSED] - Object: 'Object Repository/Common ePulse Objects/Continue Button' is clicked on

2019-01-09 11:11:57 - [TEST_STEP][PASSED] - delay(1): Delayed 1 second(s)

2019-01-09 11:11:58 - [MESSAGE][PASSED] - Delayed 1 second(s)

2019-01-09 11:11:58 - [TEST_STEP][PASSED] - click(findTestObject("Common ePulse Objects/button_Done(working)")): Object: 'Object Repository/Common ePulse Objects/button_Done(working)' is clicked on

2019-01-09 11:12:01 - [MESSAGE][PASSED] - Object: 'Object Repository/Common ePulse Objects/button_Done(working)' is clicked on

2019-01-09 11:12:01 - [TEST_STEP][PASSED] - closeBrowser(STOP_ON_FAILURE): Browser is closed

2019-01-09 11:12:01 - [MESSAGE][PASSED] - Browser is closed]]></system-out>
         <system-err><![CDATA[]]></system-err>
      </testcase>
      <testcase name="Test Cases/Admin Console/Account Settings/Add_Edit Voter/Add_Edit Voter - Export" classname="Test Cases/Admin Console/Account Settings/Add_Edit Voter/Add_Edit Voter - Export" status="PASSED">
         <system-out><![CDATA[2019-01-09 11:12:03 - [TEST_CASE][PASSED] - Test Cases/Admin Console/Account Settings/Add_Edit Voter/Add_Edit Voter - Export: Test Cases/Admin Console/Account Settings/Add_Edit Voter/Add_Edit Voter - Export

2019-01-09 11:12:04 - [TEST_STEP][PASSED] - openBrowser(""): Browser is opened with url: ''

2019-01-09 11:12:04 - [MESSAGE][INFO] - Starting 'Chrome' driver

2019-01-09 11:12:05 - [MESSAGE][PASSED] - Browser is opened with url: ''

2019-01-09 11:12:05 - [TEST_STEP][PASSED] - navigateToUrl(URL): Navigate to 'https://epulsebeta2.com' successfully

2019-01-09 11:12:06 - [MESSAGE][PASSED] - Navigate to 'https://epulsebeta2.com' successfully

2019-01-09 11:12:06 - [TEST_STEP][PASSED] - setText(findTestObject("Login/Email Address"), User_email): Text 'alonzo.mack@knowink.com' is set on object 'Object Repository/Login/Email Address'

2019-01-09 11:12:06 - [MESSAGE][PASSED] - Text 'alonzo.mack@knowink.com' is set on object 'Object Repository/Login/Email Address'

2019-01-09 11:12:06 - [TEST_STEP][PASSED] - setEncryptedText(findTestObject("Login/Password"), Pswrd): Text ****** has been set on object 'Object Repository/Login/Password'

2019-01-09 11:12:06 - [MESSAGE][PASSED] - Text ****** has been set on object 'Object Repository/Login/Password'

2019-01-09 11:12:06 - [TEST_STEP][PASSED] - click(findTestObject("Login/Sign In")): Object: 'Object Repository/Login/Sign In' is clicked on

2019-01-09 11:12:07 - [MESSAGE][PASSED] - Object: 'Object Repository/Login/Sign In' is clicked on

2019-01-09 11:12:07 - [TEST_STEP][PASSED] - delay(1): Delayed 1 second(s)

2019-01-09 11:12:08 - [MESSAGE][PASSED] - Delayed 1 second(s)

2019-01-09 11:12:08 - [TEST_STEP][PASSED] - navigateToUrl(Add_Voter): Navigate to 'https://am-automation-test.epulsebeta2.com/add_voters' successfully

2019-01-09 11:12:09 - [MESSAGE][PASSED] - Navigate to 'https://am-automation-test.epulsebeta2.com/add_voters' successfully

2019-01-09 11:12:09 - [TEST_STEP][PASSED] - delay(1): Delayed 1 second(s)

2019-01-09 11:12:10 - [MESSAGE][PASSED] - Delayed 1 second(s)

2019-01-09 11:12:10 - [TEST_STEP][PASSED] - click(findTestObject("Admin Console ePulse Menu/Account Settings/ID Methods/ID Methods Page/Export")): Object: 'Object Repository/Admin Console ePulse Menu/Account Settings/ID Methods/ID Methods Page/Export' is clicked on

2019-01-09 11:12:10 - [MESSAGE][PASSED] - Object: 'Object Repository/Admin Console ePulse Menu/Account Settings/ID Methods/ID Methods Page/Export' is clicked on

2019-01-09 11:12:10 - [TEST_STEP][PASSED] - delay(1): Delayed 1 second(s)

2019-01-09 11:12:11 - [MESSAGE][PASSED] - Delayed 1 second(s)

2019-01-09 11:12:11 - [TEST_STEP][PASSED] - closeBrowser(STOP_ON_FAILURE): Browser is closed

2019-01-09 11:12:11 - [MESSAGE][PASSED] - Browser is closed]]></system-out>
         <system-err><![CDATA[]]></system-err>
      </testcase>
      <testcase name="Test Cases/Admin Console/Account Settings/Add_Edit Voter/Add_Edit Voter - Import" classname="Test Cases/Admin Console/Account Settings/Add_Edit Voter/Add_Edit Voter - Import" status="PASSED">
         <system-out><![CDATA[2019-01-09 11:12:13 - [TEST_CASE][PASSED] - Test Cases/Admin Console/Account Settings/Add_Edit Voter/Add_Edit Voter - Import: Test Cases/Admin Console/Account Settings/Add_Edit Voter/Add_Edit Voter - Import

2019-01-09 11:12:13 - [TEST_STEP][PASSED] - openBrowser(""): Browser is opened with url: ''

2019-01-09 11:12:13 - [MESSAGE][INFO] - Starting 'Chrome' driver

2019-01-09 11:12:15 - [MESSAGE][PASSED] - Browser is opened with url: ''

2019-01-09 11:12:15 - [TEST_STEP][PASSED] - navigateToUrl(URL): Navigate to 'https://epulsebeta2.com' successfully

2019-01-09 11:12:16 - [MESSAGE][PASSED] - Navigate to 'https://epulsebeta2.com' successfully

2019-01-09 11:12:16 - [TEST_STEP][PASSED] - setText(findTestObject("Login/Email Address"), User_email): Text 'alonzo.mack@knowink.com' is set on object 'Object Repository/Login/Email Address'

2019-01-09 11:12:16 - [MESSAGE][PASSED] - Text 'alonzo.mack@knowink.com' is set on object 'Object Repository/Login/Email Address'

2019-01-09 11:12:16 - [TEST_STEP][PASSED] - setEncryptedText(findTestObject("Login/Password"), Pswrd): Text ****** has been set on object 'Object Repository/Login/Password'

2019-01-09 11:12:16 - [MESSAGE][PASSED] - Text ****** has been set on object 'Object Repository/Login/Password'

2019-01-09 11:12:16 - [TEST_STEP][PASSED] - click(findTestObject("Login/Sign In")): Object: 'Object Repository/Login/Sign In' is clicked on

2019-01-09 11:12:17 - [MESSAGE][PASSED] - Object: 'Object Repository/Login/Sign In' is clicked on

2019-01-09 11:12:17 - [TEST_STEP][PASSED] - delay(1): Delayed 1 second(s)

2019-01-09 11:12:18 - [MESSAGE][PASSED] - Delayed 1 second(s)

2019-01-09 11:12:18 - [TEST_STEP][PASSED] - navigateToUrl(Add_Edit_Voter_Import, STOP_ON_FAILURE): Navigate to 'https://am-automation-test.epulsebeta2.com/imports/add_voter' successfully

2019-01-09 11:12:19 - [MESSAGE][PASSED] - Navigate to 'https://am-automation-test.epulsebeta2.com/imports/add_voter' successfully

2019-01-09 11:12:19 - [TEST_STEP][PASSED] - delay(1): Delayed 1 second(s)

2019-01-09 11:12:20 - [MESSAGE][PASSED] - Delayed 1 second(s)

2019-01-09 11:12:20 - [TEST_STEP][PASSED] - setText(findTestObject("Admin Console ePulse Menu/Account Settings/Prompts/Import Prompts Buttons/Choose File"), "/Users/alonzomack/Downloads/Automation uploads/add_voter.txt"): Text '/Users/alonzomack/Downloads/Automation uploads/add_voter.txt' is set on object 'Object Repository/Admin Console ePulse Menu/Account Settings/Prompts/Import Prompts Buttons/Choose File'

2019-01-09 11:12:20 - [MESSAGE][PASSED] - Text '/Users/alonzomack/Downloads/Automation uploads/add_voter.txt' is set on object 'Object Repository/Admin Console ePulse Menu/Account Settings/Prompts/Import Prompts Buttons/Choose File'

2019-01-09 11:12:20 - [TEST_STEP][PASSED] - click(findTestObject("Admin Console ePulse Menu/Account Settings/Prompts/Import Prompts Buttons/Continue Button")): Object: 'Object Repository/Admin Console ePulse Menu/Account Settings/Prompts/Import Prompts Buttons/Continue Button' is clicked on

2019-01-09 11:12:20 - [MESSAGE][PASSED] - Object: 'Object Repository/Admin Console ePulse Menu/Account Settings/Prompts/Import Prompts Buttons/Continue Button' is clicked on

2019-01-09 11:12:20 - [TEST_STEP][PASSED] - delay(2): Delayed 2 second(s)

2019-01-09 11:12:22 - [MESSAGE][PASSED] - Delayed 2 second(s)

2019-01-09 11:12:22 - [TEST_STEP][PASSED] - click(findTestObject("Admin Console ePulse Menu/Account Settings/Prompts/Import Prompts Buttons/button_Done(working)")): Object: 'Object Repository/Admin Console ePulse Menu/Account Settings/Prompts/Import Prompts Buttons/button_Done(working)' is clicked on

2019-01-09 11:12:24 - [MESSAGE][PASSED] - Object: 'Object Repository/Admin Console ePulse Menu/Account Settings/Prompts/Import Prompts Buttons/button_Done(working)' is clicked on

2019-01-09 11:12:24 - [TEST_STEP][PASSED] - delay(1): Delayed 1 second(s)

2019-01-09 11:12:25 - [MESSAGE][PASSED] - Delayed 1 second(s)

2019-01-09 11:12:25 - [TEST_STEP][PASSED] - closeBrowser(): Browser is closed

2019-01-09 11:12:25 - [MESSAGE][PASSED] - Browser is closed]]></system-out>
         <system-err><![CDATA[]]></system-err>
      </testcase>
      <testcase name="Test Cases/Admin Console/Account Settings/ID Methods()/ID Methods - Add" classname="Test Cases/Admin Console/Account Settings/ID Methods()/ID Methods - Add" status="PASSED">
         <system-out><![CDATA[2019-01-09 11:12:28 - [TEST_CASE][PASSED] - Test Cases/Admin Console/Account Settings/ID Methods()/ID Methods - Add: Test Cases/Admin Console/Account Settings/ID Methods()/ID Methods - Add

2019-01-09 11:12:28 - [TEST_STEP][PASSED] - openBrowser(""): Browser is opened with url: ''

2019-01-09 11:12:28 - [MESSAGE][INFO] - Starting 'Chrome' driver

2019-01-09 11:12:29 - [MESSAGE][PASSED] - Browser is opened with url: ''

2019-01-09 11:12:29 - [TEST_STEP][PASSED] - navigateToUrl(URL): Navigate to 'https://epulsebeta2.com' successfully

2019-01-09 11:12:30 - [MESSAGE][PASSED] - Navigate to 'https://epulsebeta2.com' successfully

2019-01-09 11:12:30 - [TEST_STEP][PASSED] - setText(findTestObject("Login/Email Address"), User_email): Text 'alonzo.mack@knowink.com' is set on object 'Object Repository/Login/Email Address'

2019-01-09 11:12:31 - [MESSAGE][PASSED] - Text 'alonzo.mack@knowink.com' is set on object 'Object Repository/Login/Email Address'

2019-01-09 11:12:31 - [TEST_STEP][PASSED] - setEncryptedText(findTestObject("Login/Password"), Pswrd): Text ****** has been set on object 'Object Repository/Login/Password'

2019-01-09 11:12:31 - [MESSAGE][PASSED] - Text ****** has been set on object 'Object Repository/Login/Password'

2019-01-09 11:12:31 - [TEST_STEP][PASSED] - click(findTestObject("Login/Sign In")): Object: 'Object Repository/Login/Sign In' is clicked on

2019-01-09 11:12:31 - [MESSAGE][PASSED] - Object: 'Object Repository/Login/Sign In' is clicked on

2019-01-09 11:12:31 - [TEST_STEP][PASSED] - delay(1): Delayed 1 second(s)

2019-01-09 11:12:32 - [MESSAGE][PASSED] - Delayed 1 second(s)

2019-01-09 11:12:32 - [TEST_STEP][PASSED] - navigateToUrl(voter_id_methods, STOP_ON_FAILURE): Navigate to 'https://am-automation-test.epulsebeta2.com/voter_id_methods' successfully

2019-01-09 11:12:33 - [MESSAGE][PASSED] - Navigate to 'https://am-automation-test.epulsebeta2.com/voter_id_methods' successfully

2019-01-09 11:12:33 - [TEST_STEP][PASSED] - delay(1): Delayed 1 second(s)

2019-01-09 11:12:34 - [MESSAGE][PASSED] - Delayed 1 second(s)

2019-01-09 11:12:34 - [TEST_STEP][PASSED] - click(findTestObject("Admin Console ePulse Menu/Account Settings/ID Methods/ID Methods Page/Add ID Method Button")): Object: 'Object Repository/Admin Console ePulse Menu/Account Settings/ID Methods/ID Methods Page/Add ID Method Button' is clicked on

2019-01-09 11:12:34 - [MESSAGE][PASSED] - Object: 'Object Repository/Admin Console ePulse Menu/Account Settings/ID Methods/ID Methods Page/Add ID Method Button' is clicked on

2019-01-09 11:12:34 - [TEST_STEP][PASSED] - setText(findTestObject("Admin Console ePulse Menu/Account Settings/ID Methods/New ID Method Modal/Name"), "Drivers License"): Text 'Drivers License' is set on object 'Object Repository/Admin Console ePulse Menu/Account Settings/ID Methods/New ID Method Modal/Name'

2019-01-09 11:12:34 - [MESSAGE][PASSED] - Text 'Drivers License' is set on object 'Object Repository/Admin Console ePulse Menu/Account Settings/ID Methods/New ID Method Modal/Name'

2019-01-09 11:12:34 - [TEST_STEP][PASSED] - setText(findTestObject("Admin Console ePulse Menu/Account Settings/ID Methods/New ID Method Modal/Heading"), "State Drivers License"): Text 'State Drivers License' is set on object 'Object Repository/Admin Console ePulse Menu/Account Settings/ID Methods/New ID Method Modal/Heading'

2019-01-09 11:12:35 - [MESSAGE][PASSED] - Text 'State Drivers License' is set on object 'Object Repository/Admin Console ePulse Menu/Account Settings/ID Methods/New ID Method Modal/Heading'

2019-01-09 11:12:35 - [TEST_STEP][PASSED] - selectOptionByValue(findTestObject("Admin Console ePulse Menu/Account Settings/ID Methods/New ID Method Modal/Select Color"), "1", true): All options with value '1' are selected in object 'Object Repository/Admin Console ePulse Menu/Account Settings/ID Methods/New ID Method Modal/Select Color'  using regular expression

2019-01-09 11:12:35 - [MESSAGE][PASSED] - All options with value '1' are selected in object 'Object Repository/Admin Console ePulse Menu/Account Settings/ID Methods/New ID Method Modal/Select Color'  using regular expression

2019-01-09 11:12:35 - [TEST_STEP][PASSED] - setText(findTestObject("Admin Console ePulse Menu/Account Settings/ID Methods/New ID Method Modal/Instructions"), "State Drivers License"): Text 'State Drivers License' is set on object 'Object Repository/Admin Console ePulse Menu/Account Settings/ID Methods/New ID Method Modal/Instructions'

2019-01-09 11:12:35 - [MESSAGE][PASSED] - Text 'State Drivers License' is set on object 'Object Repository/Admin Console ePulse Menu/Account Settings/ID Methods/New ID Method Modal/Instructions'

2019-01-09 11:12:35 - [TEST_STEP][PASSED] - setText(findTestObject("Admin Console ePulse Menu/Account Settings/ID Methods/New ID Method Modal/Order"), "1"): Text '1' is set on object 'Object Repository/Admin Console ePulse Menu/Account Settings/ID Methods/New ID Method Modal/Order'

2019-01-09 11:12:35 - [MESSAGE][PASSED] - Text '1' is set on object 'Object Repository/Admin Console ePulse Menu/Account Settings/ID Methods/New ID Method Modal/Order'

2019-01-09 11:12:35 - [TEST_STEP][PASSED] - click(findTestObject("Admin Console ePulse Menu/Account Settings/ID Methods/New ID Method Modal/Show Does Name Match_slider")): Object: 'Object Repository/Admin Console ePulse Menu/Account Settings/ID Methods/New ID Method Modal/Show Does Name Match_slider' is clicked on

2019-01-09 11:12:35 - [MESSAGE][PASSED] - Object: 'Object Repository/Admin Console ePulse Menu/Account Settings/ID Methods/New ID Method Modal/Show Does Name Match_slider' is clicked on

2019-01-09 11:12:35 - [TEST_STEP][PASSED] - click(findTestObject("Admin Console ePulse Menu/Account Settings/ID Methods/New ID Method Modal/Show Does Address Match_slider"), STOP_ON_FAILURE): Object: 'Object Repository/Admin Console ePulse Menu/Account Settings/ID Methods/New ID Method Modal/Show Does Address Match_slider' is clicked on

2019-01-09 11:12:35 - [MESSAGE][PASSED] - Object: 'Object Repository/Admin Console ePulse Menu/Account Settings/ID Methods/New ID Method Modal/Show Does Address Match_slider' is clicked on

2019-01-09 11:12:35 - [TEST_STEP][PASSED] - click(findTestObject("Admin Console ePulse Menu/Account Settings/ID Methods/New ID Method Modal/Show is ID Expired_slider"), STOP_ON_FAILURE): Object: 'Object Repository/Admin Console ePulse Menu/Account Settings/ID Methods/New ID Method Modal/Show is ID Expired_slider' is clicked on

2019-01-09 11:12:35 - [MESSAGE][PASSED] - Object: 'Object Repository/Admin Console ePulse Menu/Account Settings/ID Methods/New ID Method Modal/Show is ID Expired_slider' is clicked on

2019-01-09 11:12:35 - [TEST_STEP][PASSED] - setText(findTestObject("Admin Console ePulse Menu/Account Settings/ID Methods/New ID Method Modal/Page_Epulse  am-Automation-test/Incorrect Heading"), "No Drivers License?"): Text 'No Drivers License?' is set on object 'Object Repository/Admin Console ePulse Menu/Account Settings/ID Methods/New ID Method Modal/Page_Epulse  am-Automation-test/Incorrect Heading'

2019-01-09 11:12:36 - [MESSAGE][PASSED] - Text 'No Drivers License?' is set on object 'Object Repository/Admin Console ePulse Menu/Account Settings/ID Methods/New ID Method Modal/Page_Epulse  am-Automation-test/Incorrect Heading'

2019-01-09 11:12:36 - [TEST_STEP][PASSED] - setText(findTestObject("Admin Console ePulse Menu/Account Settings/ID Methods/New ID Method Modal/Page_Epulse  am-Automation-test/Incorrect Instructions"), "Vote Provisional"): Text 'Vote Provisional' is set on object 'Object Repository/Admin Console ePulse Menu/Account Settings/ID Methods/New ID Method Modal/Page_Epulse  am-Automation-test/Incorrect Instructions'

2019-01-09 11:12:36 - [MESSAGE][PASSED] - Text 'Vote Provisional' is set on object 'Object Repository/Admin Console ePulse Menu/Account Settings/ID Methods/New ID Method Modal/Page_Epulse  am-Automation-test/Incorrect Instructions'

2019-01-09 11:12:36 - [TEST_STEP][PASSED] - click(findTestObject("Admin Console ePulse Menu/Account Settings/ID Methods/New ID Method Modal/Submit"), STOP_ON_FAILURE): Object: 'Object Repository/Admin Console ePulse Menu/Account Settings/ID Methods/New ID Method Modal/Submit' is clicked on

2019-01-09 11:12:36 - [MESSAGE][PASSED] - Object: 'Object Repository/Admin Console ePulse Menu/Account Settings/ID Methods/New ID Method Modal/Submit' is clicked on]]></system-out>
         <system-err><![CDATA[]]></system-err>
      </testcase>
      <testcase name="Test Cases/Admin Console/Account Settings/ID Methods()/ID Methods - ALT Button" classname="Test Cases/Admin Console/Account Settings/ID Methods()/ID Methods - ALT Button" status="PASSED">
         <system-out><![CDATA[2019-01-09 11:12:38 - [TEST_CASE][PASSED] - Test Cases/Admin Console/Account Settings/ID Methods()/ID Methods - ALT Button: Test Cases/Admin Console/Account Settings/ID Methods()/ID Methods - ALT Button

2019-01-09 11:12:38 - [TEST_STEP][PASSED] - openBrowser(""): Browser is opened with url: ''

2019-01-09 11:12:38 - [MESSAGE][WARNING] - A browser is already opened. Closing browser and opening a new one

2019-01-09 11:12:38 - [MESSAGE][INFO] - Starting 'Chrome' driver

2019-01-09 11:12:39 - [MESSAGE][PASSED] - Browser is opened with url: ''

2019-01-09 11:12:39 - [TEST_STEP][PASSED] - navigateToUrl(URL): Navigate to 'https://epulsebeta2.com' successfully

2019-01-09 11:12:41 - [MESSAGE][PASSED] - Navigate to 'https://epulsebeta2.com' successfully

2019-01-09 11:12:41 - [TEST_STEP][PASSED] - setText(findTestObject("Login/Email Address"), User_email): Text 'alonzo.mack@knowink.com' is set on object 'Object Repository/Login/Email Address'

2019-01-09 11:12:41 - [MESSAGE][PASSED] - Text 'alonzo.mack@knowink.com' is set on object 'Object Repository/Login/Email Address'

2019-01-09 11:12:41 - [TEST_STEP][PASSED] - setEncryptedText(findTestObject("Login/Password"), Pswrd): Text ****** has been set on object 'Object Repository/Login/Password'

2019-01-09 11:12:41 - [MESSAGE][PASSED] - Text ****** has been set on object 'Object Repository/Login/Password'

2019-01-09 11:12:41 - [TEST_STEP][PASSED] - click(findTestObject("Login/Sign In")): Object: 'Object Repository/Login/Sign In' is clicked on

2019-01-09 11:12:42 - [MESSAGE][PASSED] - Object: 'Object Repository/Login/Sign In' is clicked on

2019-01-09 11:12:42 - [TEST_STEP][PASSED] - delay(1): Delayed 1 second(s)

2019-01-09 11:12:43 - [MESSAGE][PASSED] - Delayed 1 second(s)

2019-01-09 11:12:43 - [TEST_STEP][PASSED] - navigateToUrl(voter_id_methods, STOP_ON_FAILURE): Navigate to 'https://am-automation-test.epulsebeta2.com/voter_id_methods' successfully

2019-01-09 11:12:43 - [MESSAGE][PASSED] - Navigate to 'https://am-automation-test.epulsebeta2.com/voter_id_methods' successfully

2019-01-09 11:12:43 - [TEST_STEP][PASSED] - delay(1): Delayed 1 second(s)

2019-01-09 11:12:44 - [MESSAGE][PASSED] - Delayed 1 second(s)

2019-01-09 11:12:44 - [TEST_STEP][PASSED] - click(findTestObject("Admin Console ePulse Menu/Account Settings/ID Methods/ID Methods Page/Page_Epulse  am-Automation-test/Alt. Buttons")): Object: 'Object Repository/Admin Console ePulse Menu/Account Settings/ID Methods/ID Methods Page/Page_Epulse  am-Automation-test/Alt. Buttons' is clicked on

2019-01-09 11:12:44 - [MESSAGE][PASSED] - Object: 'Object Repository/Admin Console ePulse Menu/Account Settings/ID Methods/ID Methods Page/Page_Epulse  am-Automation-test/Alt. Buttons' is clicked on

2019-01-09 11:12:44 - [TEST_STEP][PASSED] - delay(1): Delayed 1 second(s)

2019-01-09 11:12:45 - [MESSAGE][PASSED] - Delayed 1 second(s)

2019-01-09 11:12:45 - [TEST_STEP][PASSED] - setText(findTestObject("Admin Console ePulse Menu/Account Settings/ID Methods/Buttons/Button Label"), "test"): Text 'test' is set on object 'Object Repository/Admin Console ePulse Menu/Account Settings/ID Methods/Buttons/Button Label'

2019-01-09 11:12:46 - [MESSAGE][PASSED] - Text 'test' is set on object 'Object Repository/Admin Console ePulse Menu/Account Settings/ID Methods/Buttons/Button Label'

2019-01-09 11:12:46 - [TEST_STEP][PASSED] - delay(1): Delayed 1 second(s)

2019-01-09 11:12:47 - [MESSAGE][PASSED] - Delayed 1 second(s)

2019-01-09 11:12:47 - [TEST_STEP][PASSED] - selectOptionByValue(findTestObject("Admin Console ePulse Menu/Account Settings/ID Methods/Buttons/Button Type"), "0", true): All options with value '0' are selected in object 'Object Repository/Admin Console ePulse Menu/Account Settings/ID Methods/Buttons/Button Type'  using regular expression

2019-01-09 11:12:47 - [MESSAGE][PASSED] - All options with value '0' are selected in object 'Object Repository/Admin Console ePulse Menu/Account Settings/ID Methods/Buttons/Button Type'  using regular expression

2019-01-09 11:12:47 - [TEST_STEP][PASSED] - delay(1): Delayed 1 second(s)

2019-01-09 11:12:48 - [MESSAGE][PASSED] - Delayed 1 second(s)

2019-01-09 11:12:48 - [TEST_STEP][PASSED] - click(findTestObject("Admin Console ePulse Menu/Account Settings/ID Methods/Buttons/Add Button(blue  sign)")): Object: 'Object Repository/Admin Console ePulse Menu/Account Settings/ID Methods/Buttons/Add Button(blue  sign)' is clicked on

2019-01-09 11:12:48 - [MESSAGE][PASSED] - Object: 'Object Repository/Admin Console ePulse Menu/Account Settings/ID Methods/Buttons/Add Button(blue  sign)' is clicked on

2019-01-09 11:12:48 - [TEST_STEP][PASSED] - delay(1): Delayed 1 second(s)

2019-01-09 11:12:49 - [MESSAGE][PASSED] - Delayed 1 second(s)

2019-01-09 11:12:49 - [TEST_STEP][PASSED] - setText(findTestObject("Admin Console ePulse Menu/Account Settings/ID Methods/Buttons/Button Label"), "1test"): Text '1test' is set on object 'Object Repository/Admin Console ePulse Menu/Account Settings/ID Methods/Buttons/Button Label'

2019-01-09 11:12:49 - [MESSAGE][PASSED] - Text '1test' is set on object 'Object Repository/Admin Console ePulse Menu/Account Settings/ID Methods/Buttons/Button Label'

2019-01-09 11:12:49 - [TEST_STEP][PASSED] - delay(1): Delayed 1 second(s)

2019-01-09 11:12:50 - [MESSAGE][PASSED] - Delayed 1 second(s)

2019-01-09 11:12:50 - [TEST_STEP][PASSED] - selectOptionByValue(findTestObject("Admin Console ePulse Menu/Account Settings/ID Methods/Buttons/Button Type"), "1", true): All options with value '1' are selected in object 'Object Repository/Admin Console ePulse Menu/Account Settings/ID Methods/Buttons/Button Type'  using regular expression

2019-01-09 11:12:50 - [MESSAGE][PASSED] - All options with value '1' are selected in object 'Object Repository/Admin Console ePulse Menu/Account Settings/ID Methods/Buttons/Button Type'  using regular expression

2019-01-09 11:12:50 - [TEST_STEP][PASSED] - setText(findTestObject("Admin Console ePulse Menu/Account Settings/ID Methods/Buttons/Additional text field"), "Allow to vote", STOP_ON_FAILURE): Text 'Allow to vote' is set on object 'Object Repository/Admin Console ePulse Menu/Account Settings/ID Methods/Buttons/Additional text field'

2019-01-09 11:12:50 - [MESSAGE][PASSED] - Text 'Allow to vote' is set on object 'Object Repository/Admin Console ePulse Menu/Account Settings/ID Methods/Buttons/Additional text field'

2019-01-09 11:12:50 - [TEST_STEP][PASSED] - delay(1): Delayed 1 second(s)

2019-01-09 11:12:51 - [MESSAGE][PASSED] - Delayed 1 second(s)

2019-01-09 11:12:51 - [TEST_STEP][PASSED] - click(findTestObject("Admin Console ePulse Menu/Account Settings/ID Methods/Buttons/Add Button(blue  sign)")): Object: 'Object Repository/Admin Console ePulse Menu/Account Settings/ID Methods/Buttons/Add Button(blue  sign)' is clicked on

2019-01-09 11:12:51 - [MESSAGE][PASSED] - Object: 'Object Repository/Admin Console ePulse Menu/Account Settings/ID Methods/Buttons/Add Button(blue  sign)' is clicked on

2019-01-09 11:12:51 - [TEST_STEP][PASSED] - delay(1): Delayed 1 second(s)

2019-01-09 11:12:52 - [MESSAGE][PASSED] - Delayed 1 second(s)

2019-01-09 11:12:52 - [TEST_STEP][PASSED] - setText(findTestObject("Admin Console ePulse Menu/Account Settings/ID Methods/Buttons/Button Label"), "2test"): Text '2test' is set on object 'Object Repository/Admin Console ePulse Menu/Account Settings/ID Methods/Buttons/Button Label'

2019-01-09 11:12:53 - [MESSAGE][PASSED] - Text '2test' is set on object 'Object Repository/Admin Console ePulse Menu/Account Settings/ID Methods/Buttons/Button Label'

2019-01-09 11:12:53 - [TEST_STEP][PASSED] - delay(1): Delayed 1 second(s)

2019-01-09 11:12:54 - [MESSAGE][PASSED] - Delayed 1 second(s)

2019-01-09 11:12:54 - [TEST_STEP][PASSED] - selectOptionByValue(findTestObject("Admin Console ePulse Menu/Account Settings/ID Methods/Buttons/Button Type"), "2", true): All options with value '2' are selected in object 'Object Repository/Admin Console ePulse Menu/Account Settings/ID Methods/Buttons/Button Type'  using regular expression

2019-01-09 11:12:54 - [MESSAGE][PASSED] - All options with value '2' are selected in object 'Object Repository/Admin Console ePulse Menu/Account Settings/ID Methods/Buttons/Button Type'  using regular expression

2019-01-09 11:12:54 - [TEST_STEP][PASSED] - delay(1): Delayed 1 second(s)

2019-01-09 11:12:55 - [MESSAGE][PASSED] - Delayed 1 second(s)

2019-01-09 11:12:55 - [TEST_STEP][PASSED] - setText(findTestObject("Admin Console ePulse Menu/Account Settings/ID Methods/Buttons/Additional text field"), "asdf"): Text 'asdf' is set on object 'Object Repository/Admin Console ePulse Menu/Account Settings/ID Methods/Buttons/Additional text field'

2019-01-09 11:12:55 - [MESSAGE][PASSED] - Text 'asdf' is set on object 'Object Repository/Admin Console ePulse Menu/Account Settings/ID Methods/Buttons/Additional text field'

2019-01-09 11:12:55 - [TEST_STEP][PASSED] - delay(1): Delayed 1 second(s)

2019-01-09 11:12:56 - [MESSAGE][PASSED] - Delayed 1 second(s)

2019-01-09 11:12:56 - [TEST_STEP][PASSED] - click(findTestObject("Admin Console ePulse Menu/Account Settings/ID Methods/Buttons/Add Button(blue  sign)")): Object: 'Object Repository/Admin Console ePulse Menu/Account Settings/ID Methods/Buttons/Add Button(blue  sign)' is clicked on

2019-01-09 11:12:56 - [MESSAGE][PASSED] - Object: 'Object Repository/Admin Console ePulse Menu/Account Settings/ID Methods/Buttons/Add Button(blue  sign)' is clicked on

2019-01-09 11:12:56 - [TEST_STEP][PASSED] - delay(1): Delayed 1 second(s)

2019-01-09 11:12:57 - [MESSAGE][PASSED] - Delayed 1 second(s)

2019-01-09 11:12:57 - [TEST_STEP][PASSED] - setText(findTestObject("Admin Console ePulse Menu/Account Settings/ID Methods/Buttons/Button Label"), "3test"): Text '3test' is set on object 'Object Repository/Admin Console ePulse Menu/Account Settings/ID Methods/Buttons/Button Label'

2019-01-09 11:12:57 - [MESSAGE][PASSED] - Text '3test' is set on object 'Object Repository/Admin Console ePulse Menu/Account Settings/ID Methods/Buttons/Button Label'

2019-01-09 11:12:57 - [TEST_STEP][PASSED] - delay(1): Delayed 1 second(s)

2019-01-09 11:12:58 - [MESSAGE][PASSED] - Delayed 1 second(s)

2019-01-09 11:12:58 - [TEST_STEP][PASSED] - selectOptionByValue(findTestObject("Admin Console ePulse Menu/Account Settings/ID Methods/Buttons/Button Type"), "3", true): All options with value '3' are selected in object 'Object Repository/Admin Console ePulse Menu/Account Settings/ID Methods/Buttons/Button Type'  using regular expression

2019-01-09 11:12:58 - [MESSAGE][PASSED] - All options with value '3' are selected in object 'Object Repository/Admin Console ePulse Menu/Account Settings/ID Methods/Buttons/Button Type'  using regular expression

2019-01-09 11:12:58 - [TEST_STEP][PASSED] - delay(1): Delayed 1 second(s)

2019-01-09 11:12:59 - [MESSAGE][PASSED] - Delayed 1 second(s)

2019-01-09 11:12:59 - [TEST_STEP][PASSED] - click(findTestObject("Admin Console ePulse Menu/Account Settings/ID Methods/Buttons/Add Button(blue  sign)")): Object: 'Object Repository/Admin Console ePulse Menu/Account Settings/ID Methods/Buttons/Add Button(blue  sign)' is clicked on

2019-01-09 11:12:59 - [MESSAGE][PASSED] - Object: 'Object Repository/Admin Console ePulse Menu/Account Settings/ID Methods/Buttons/Add Button(blue  sign)' is clicked on

2019-01-09 11:12:59 - [TEST_STEP][PASSED] - delay(1): Delayed 1 second(s)

2019-01-09 11:13:00 - [MESSAGE][PASSED] - Delayed 1 second(s)

2019-01-09 11:13:00 - [TEST_STEP][PASSED] - setText(findTestObject("Admin Console ePulse Menu/Account Settings/ID Methods/Buttons/Button Label"), "4test"): Text '4test' is set on object 'Object Repository/Admin Console ePulse Menu/Account Settings/ID Methods/Buttons/Button Label'

2019-01-09 11:13:00 - [MESSAGE][PASSED] - Text '4test' is set on object 'Object Repository/Admin Console ePulse Menu/Account Settings/ID Methods/Buttons/Button Label'

2019-01-09 11:13:00 - [TEST_STEP][PASSED] - delay(1): Delayed 1 second(s)

2019-01-09 11:13:01 - [MESSAGE][PASSED] - Delayed 1 second(s)

2019-01-09 11:13:01 - [TEST_STEP][PASSED] - selectOptionByValue(findTestObject("Admin Console ePulse Menu/Account Settings/ID Methods/Buttons/Button Type"), "4", true): All options with value '4' are selected in object 'Object Repository/Admin Console ePulse Menu/Account Settings/ID Methods/Buttons/Button Type'  using regular expression

2019-01-09 11:13:02 - [MESSAGE][PASSED] - All options with value '4' are selected in object 'Object Repository/Admin Console ePulse Menu/Account Settings/ID Methods/Buttons/Button Type'  using regular expression

2019-01-09 11:13:02 - [TEST_STEP][PASSED] - delay(1): Delayed 1 second(s)

2019-01-09 11:13:03 - [MESSAGE][PASSED] - Delayed 1 second(s)

2019-01-09 11:13:03 - [TEST_STEP][PASSED] - click(findTestObject("Admin Console ePulse Menu/Account Settings/ID Methods/Buttons/Add Button(blue  sign)")): Object: 'Object Repository/Admin Console ePulse Menu/Account Settings/ID Methods/Buttons/Add Button(blue  sign)' is clicked on

2019-01-09 11:13:03 - [MESSAGE][PASSED] - Object: 'Object Repository/Admin Console ePulse Menu/Account Settings/ID Methods/Buttons/Add Button(blue  sign)' is clicked on

2019-01-09 11:13:03 - [TEST_STEP][PASSED] - delay(1): Delayed 1 second(s)

2019-01-09 11:13:04 - [MESSAGE][PASSED] - Delayed 1 second(s)

2019-01-09 11:13:04 - [TEST_STEP][PASSED] - setText(findTestObject("Admin Console ePulse Menu/Account Settings/ID Methods/Buttons/Button Label"), "5test"): Text '5test' is set on object 'Object Repository/Admin Console ePulse Menu/Account Settings/ID Methods/Buttons/Button Label'

2019-01-09 11:13:04 - [MESSAGE][PASSED] - Text '5test' is set on object 'Object Repository/Admin Console ePulse Menu/Account Settings/ID Methods/Buttons/Button Label'

2019-01-09 11:13:04 - [TEST_STEP][PASSED] - delay(1): Delayed 1 second(s)

2019-01-09 11:13:05 - [MESSAGE][PASSED] - Delayed 1 second(s)

2019-01-09 11:13:05 - [TEST_STEP][PASSED] - selectOptionByValue(findTestObject("Admin Console ePulse Menu/Account Settings/ID Methods/Buttons/Button Type"), "5", true): All options with value '5' are selected in object 'Object Repository/Admin Console ePulse Menu/Account Settings/ID Methods/Buttons/Button Type'  using regular expression

2019-01-09 11:13:05 - [MESSAGE][PASSED] - All options with value '5' are selected in object 'Object Repository/Admin Console ePulse Menu/Account Settings/ID Methods/Buttons/Button Type'  using regular expression

2019-01-09 11:13:05 - [TEST_STEP][PASSED] - delay(1): Delayed 1 second(s)

2019-01-09 11:13:06 - [MESSAGE][PASSED] - Delayed 1 second(s)

2019-01-09 11:13:06 - [TEST_STEP][PASSED] - click(findTestObject("Admin Console ePulse Menu/Account Settings/ID Methods/Buttons/Add Button(blue  sign)")): Object: 'Object Repository/Admin Console ePulse Menu/Account Settings/ID Methods/Buttons/Add Button(blue  sign)' is clicked on

2019-01-09 11:13:06 - [MESSAGE][PASSED] - Object: 'Object Repository/Admin Console ePulse Menu/Account Settings/ID Methods/Buttons/Add Button(blue  sign)' is clicked on

2019-01-09 11:13:06 - [TEST_STEP][PASSED] - delay(1): Delayed 1 second(s)

2019-01-09 11:13:07 - [MESSAGE][PASSED] - Delayed 1 second(s)

2019-01-09 11:13:07 - [TEST_STEP][PASSED] - click(findTestObject("Admin Console ePulse Menu/Account Settings/Prompts/Prompt Button Modal/Close Button")): Object: 'Object Repository/Admin Console ePulse Menu/Account Settings/Prompts/Prompt Button Modal/Close Button' is clicked on

2019-01-09 11:13:07 - [MESSAGE][PASSED] - Object: 'Object Repository/Admin Console ePulse Menu/Account Settings/Prompts/Prompt Button Modal/Close Button' is clicked on

2019-01-09 11:13:07 - [TEST_STEP][PASSED] - delay(1): Delayed 1 second(s)

2019-01-09 11:13:08 - [MESSAGE][PASSED] - Delayed 1 second(s)

2019-01-09 11:13:08 - [TEST_STEP][PASSED] - closeBrowser(): Browser is closed

2019-01-09 11:13:08 - [MESSAGE][PASSED] - Browser is closed]]></system-out>
         <system-err><![CDATA[]]></system-err>
      </testcase>
      <testcase name="Test Cases/Admin Console/Account Settings/ID Methods()/ID Methods - Button" classname="Test Cases/Admin Console/Account Settings/ID Methods()/ID Methods - Button" status="PASSED">
         <system-out><![CDATA[2019-01-09 11:13:10 - [TEST_CASE][PASSED] - Test Cases/Admin Console/Account Settings/ID Methods()/ID Methods - Button: Test Cases/Admin Console/Account Settings/ID Methods()/ID Methods - Button

2019-01-09 11:13:10 - [TEST_STEP][PASSED] - openBrowser(""): Browser is opened with url: ''

2019-01-09 11:13:10 - [MESSAGE][INFO] - Starting 'Chrome' driver

2019-01-09 11:13:12 - [MESSAGE][PASSED] - Browser is opened with url: ''

2019-01-09 11:13:12 - [TEST_STEP][PASSED] - navigateToUrl(URL): Navigate to 'https://epulsebeta2.com' successfully

2019-01-09 11:13:13 - [MESSAGE][PASSED] - Navigate to 'https://epulsebeta2.com' successfully

2019-01-09 11:13:13 - [TEST_STEP][PASSED] - setText(findTestObject("Login/Email Address"), User_email): Text 'alonzo.mack@knowink.com' is set on object 'Object Repository/Login/Email Address'

2019-01-09 11:13:13 - [MESSAGE][PASSED] - Text 'alonzo.mack@knowink.com' is set on object 'Object Repository/Login/Email Address'

2019-01-09 11:13:13 - [TEST_STEP][PASSED] - setEncryptedText(findTestObject("Login/Password"), Pswrd): Text ****** has been set on object 'Object Repository/Login/Password'

2019-01-09 11:13:14 - [MESSAGE][PASSED] - Text ****** has been set on object 'Object Repository/Login/Password'

2019-01-09 11:13:14 - [TEST_STEP][PASSED] - click(findTestObject("Login/Sign In")): Object: 'Object Repository/Login/Sign In' is clicked on

2019-01-09 11:13:14 - [MESSAGE][PASSED] - Object: 'Object Repository/Login/Sign In' is clicked on

2019-01-09 11:13:14 - [TEST_STEP][PASSED] - delay(1): Delayed 1 second(s)

2019-01-09 11:13:15 - [MESSAGE][PASSED] - Delayed 1 second(s)

2019-01-09 11:13:15 - [TEST_STEP][PASSED] - navigateToUrl(voter_id_methods, STOP_ON_FAILURE): Navigate to 'https://am-automation-test.epulsebeta2.com/voter_id_methods' successfully

2019-01-09 11:13:16 - [MESSAGE][PASSED] - Navigate to 'https://am-automation-test.epulsebeta2.com/voter_id_methods' successfully

2019-01-09 11:13:16 - [TEST_STEP][PASSED] - delay(1): Delayed 1 second(s)

2019-01-09 11:13:17 - [MESSAGE][PASSED] - Delayed 1 second(s)

2019-01-09 11:13:17 - [TEST_STEP][PASSED] - click(findTestObject("Admin Console ePulse Menu/Account Settings/ID Methods/ID Methods Page/Page_Epulse  am-Automation-test/Buttons")): Object: 'Object Repository/Admin Console ePulse Menu/Account Settings/ID Methods/ID Methods Page/Page_Epulse  am-Automation-test/Buttons' is clicked on

2019-01-09 11:13:17 - [MESSAGE][PASSED] - Object: 'Object Repository/Admin Console ePulse Menu/Account Settings/ID Methods/ID Methods Page/Page_Epulse  am-Automation-test/Buttons' is clicked on

2019-01-09 11:13:17 - [TEST_STEP][PASSED] - delay(1): Delayed 1 second(s)

2019-01-09 11:13:18 - [MESSAGE][PASSED] - Delayed 1 second(s)

2019-01-09 11:13:18 - [TEST_STEP][PASSED] - setText(findTestObject("Admin Console ePulse Menu/Account Settings/ID Methods/Buttons/Button Label"), "test"): Text 'test' is set on object 'Object Repository/Admin Console ePulse Menu/Account Settings/ID Methods/Buttons/Button Label'

2019-01-09 11:13:18 - [MESSAGE][PASSED] - Text 'test' is set on object 'Object Repository/Admin Console ePulse Menu/Account Settings/ID Methods/Buttons/Button Label'

2019-01-09 11:13:18 - [TEST_STEP][PASSED] - delay(1): Delayed 1 second(s)

2019-01-09 11:13:19 - [MESSAGE][PASSED] - Delayed 1 second(s)

2019-01-09 11:13:19 - [TEST_STEP][PASSED] - selectOptionByValue(findTestObject("Admin Console ePulse Menu/Account Settings/ID Methods/Buttons/Button Type"), "0", true): All options with value '0' are selected in object 'Object Repository/Admin Console ePulse Menu/Account Settings/ID Methods/Buttons/Button Type'  using regular expression

2019-01-09 11:13:20 - [MESSAGE][PASSED] - All options with value '0' are selected in object 'Object Repository/Admin Console ePulse Menu/Account Settings/ID Methods/Buttons/Button Type'  using regular expression

2019-01-09 11:13:20 - [TEST_STEP][PASSED] - delay(1): Delayed 1 second(s)

2019-01-09 11:13:21 - [MESSAGE][PASSED] - Delayed 1 second(s)

2019-01-09 11:13:21 - [TEST_STEP][PASSED] - click(findTestObject("Admin Console ePulse Menu/Account Settings/ID Methods/Buttons/Add Button(blue  sign)")): Object: 'Object Repository/Admin Console ePulse Menu/Account Settings/ID Methods/Buttons/Add Button(blue  sign)' is clicked on

2019-01-09 11:13:21 - [MESSAGE][PASSED] - Object: 'Object Repository/Admin Console ePulse Menu/Account Settings/ID Methods/Buttons/Add Button(blue  sign)' is clicked on

2019-01-09 11:13:21 - [TEST_STEP][PASSED] - delay(1): Delayed 1 second(s)

2019-01-09 11:13:22 - [MESSAGE][PASSED] - Delayed 1 second(s)

2019-01-09 11:13:22 - [TEST_STEP][PASSED] - setText(findTestObject("Admin Console ePulse Menu/Account Settings/ID Methods/Buttons/Button Label"), "1test"): Text '1test' is set on object 'Object Repository/Admin Console ePulse Menu/Account Settings/ID Methods/Buttons/Button Label'

2019-01-09 11:13:22 - [MESSAGE][PASSED] - Text '1test' is set on object 'Object Repository/Admin Console ePulse Menu/Account Settings/ID Methods/Buttons/Button Label'

2019-01-09 11:13:22 - [TEST_STEP][PASSED] - delay(1): Delayed 1 second(s)

2019-01-09 11:13:23 - [MESSAGE][PASSED] - Delayed 1 second(s)

2019-01-09 11:13:23 - [TEST_STEP][PASSED] - selectOptionByValue(findTestObject("Admin Console ePulse Menu/Account Settings/ID Methods/Buttons/Button Type"), "1", true): All options with value '1' are selected in object 'Object Repository/Admin Console ePulse Menu/Account Settings/ID Methods/Buttons/Button Type'  using regular expression

2019-01-09 11:13:23 - [MESSAGE][PASSED] - All options with value '1' are selected in object 'Object Repository/Admin Console ePulse Menu/Account Settings/ID Methods/Buttons/Button Type'  using regular expression

2019-01-09 11:13:23 - [TEST_STEP][PASSED] - setText(findTestObject("Admin Console ePulse Menu/Account Settings/ID Methods/Buttons/Additional text field"), "Allow to vote", STOP_ON_FAILURE): Text 'Allow to vote' is set on object 'Object Repository/Admin Console ePulse Menu/Account Settings/ID Methods/Buttons/Additional text field'

2019-01-09 11:13:23 - [MESSAGE][PASSED] - Text 'Allow to vote' is set on object 'Object Repository/Admin Console ePulse Menu/Account Settings/ID Methods/Buttons/Additional text field'

2019-01-09 11:13:23 - [TEST_STEP][PASSED] - delay(1): Delayed 1 second(s)

2019-01-09 11:13:24 - [MESSAGE][PASSED] - Delayed 1 second(s)

2019-01-09 11:13:24 - [TEST_STEP][PASSED] - click(findTestObject("Admin Console ePulse Menu/Account Settings/ID Methods/Buttons/Add Button(blue  sign)")): Object: 'Object Repository/Admin Console ePulse Menu/Account Settings/ID Methods/Buttons/Add Button(blue  sign)' is clicked on

2019-01-09 11:13:24 - [MESSAGE][PASSED] - Object: 'Object Repository/Admin Console ePulse Menu/Account Settings/ID Methods/Buttons/Add Button(blue  sign)' is clicked on

2019-01-09 11:13:24 - [TEST_STEP][PASSED] - delay(1): Delayed 1 second(s)

2019-01-09 11:13:25 - [MESSAGE][PASSED] - Delayed 1 second(s)

2019-01-09 11:13:25 - [TEST_STEP][PASSED] - setText(findTestObject("Admin Console ePulse Menu/Account Settings/ID Methods/Buttons/Button Label"), "2test"): Text '2test' is set on object 'Object Repository/Admin Console ePulse Menu/Account Settings/ID Methods/Buttons/Button Label'

2019-01-09 11:13:25 - [MESSAGE][PASSED] - Text '2test' is set on object 'Object Repository/Admin Console ePulse Menu/Account Settings/ID Methods/Buttons/Button Label'

2019-01-09 11:13:25 - [TEST_STEP][PASSED] - delay(1): Delayed 1 second(s)

2019-01-09 11:13:26 - [MESSAGE][PASSED] - Delayed 1 second(s)

2019-01-09 11:13:26 - [TEST_STEP][PASSED] - selectOptionByValue(findTestObject("Admin Console ePulse Menu/Account Settings/ID Methods/Buttons/Button Type"), "2", true): All options with value '2' are selected in object 'Object Repository/Admin Console ePulse Menu/Account Settings/ID Methods/Buttons/Button Type'  using regular expression

2019-01-09 11:13:26 - [MESSAGE][PASSED] - All options with value '2' are selected in object 'Object Repository/Admin Console ePulse Menu/Account Settings/ID Methods/Buttons/Button Type'  using regular expression

2019-01-09 11:13:26 - [TEST_STEP][PASSED] - delay(1): Delayed 1 second(s)

2019-01-09 11:13:27 - [MESSAGE][PASSED] - Delayed 1 second(s)

2019-01-09 11:13:27 - [TEST_STEP][PASSED] - setText(findTestObject("Admin Console ePulse Menu/Account Settings/ID Methods/Buttons/Additional text field"), "asdf"): Text 'asdf' is set on object 'Object Repository/Admin Console ePulse Menu/Account Settings/ID Methods/Buttons/Additional text field'

2019-01-09 11:13:28 - [MESSAGE][PASSED] - Text 'asdf' is set on object 'Object Repository/Admin Console ePulse Menu/Account Settings/ID Methods/Buttons/Additional text field'

2019-01-09 11:13:28 - [TEST_STEP][PASSED] - delay(1): Delayed 1 second(s)

2019-01-09 11:13:29 - [MESSAGE][PASSED] - Delayed 1 second(s)

2019-01-09 11:13:29 - [TEST_STEP][PASSED] - click(findTestObject("Admin Console ePulse Menu/Account Settings/ID Methods/Buttons/Add Button(blue  sign)")): Object: 'Object Repository/Admin Console ePulse Menu/Account Settings/ID Methods/Buttons/Add Button(blue  sign)' is clicked on

2019-01-09 11:13:29 - [MESSAGE][PASSED] - Object: 'Object Repository/Admin Console ePulse Menu/Account Settings/ID Methods/Buttons/Add Button(blue  sign)' is clicked on

2019-01-09 11:13:29 - [TEST_STEP][PASSED] - delay(1): Delayed 1 second(s)

2019-01-09 11:13:30 - [MESSAGE][PASSED] - Delayed 1 second(s)

2019-01-09 11:13:30 - [TEST_STEP][PASSED] - setText(findTestObject("Admin Console ePulse Menu/Account Settings/ID Methods/Buttons/Button Label"), "3test"): Text '3test' is set on object 'Object Repository/Admin Console ePulse Menu/Account Settings/ID Methods/Buttons/Button Label'

2019-01-09 11:13:30 - [MESSAGE][PASSED] - Text '3test' is set on object 'Object Repository/Admin Console ePulse Menu/Account Settings/ID Methods/Buttons/Button Label'

2019-01-09 11:13:30 - [TEST_STEP][PASSED] - delay(1): Delayed 1 second(s)

2019-01-09 11:13:31 - [MESSAGE][PASSED] - Delayed 1 second(s)

2019-01-09 11:13:31 - [TEST_STEP][PASSED] - selectOptionByValue(findTestObject("Admin Console ePulse Menu/Account Settings/ID Methods/Buttons/Button Type"), "3", true): All options with value '3' are selected in object 'Object Repository/Admin Console ePulse Menu/Account Settings/ID Methods/Buttons/Button Type'  using regular expression

2019-01-09 11:13:31 - [MESSAGE][PASSED] - All options with value '3' are selected in object 'Object Repository/Admin Console ePulse Menu/Account Settings/ID Methods/Buttons/Button Type'  using regular expression

2019-01-09 11:13:31 - [TEST_STEP][PASSED] - delay(1): Delayed 1 second(s)

2019-01-09 11:13:32 - [MESSAGE][PASSED] - Delayed 1 second(s)

2019-01-09 11:13:32 - [TEST_STEP][PASSED] - click(findTestObject("Admin Console ePulse Menu/Account Settings/ID Methods/Buttons/Add Button(blue  sign)")): Object: 'Object Repository/Admin Console ePulse Menu/Account Settings/ID Methods/Buttons/Add Button(blue  sign)' is clicked on

2019-01-09 11:13:32 - [MESSAGE][PASSED] - Object: 'Object Repository/Admin Console ePulse Menu/Account Settings/ID Methods/Buttons/Add Button(blue  sign)' is clicked on

2019-01-09 11:13:32 - [TEST_STEP][PASSED] - delay(1): Delayed 1 second(s)

2019-01-09 11:13:33 - [MESSAGE][PASSED] - Delayed 1 second(s)

2019-01-09 11:13:33 - [TEST_STEP][PASSED] - setText(findTestObject("Admin Console ePulse Menu/Account Settings/ID Methods/Buttons/Button Label"), "4test"): Text '4test' is set on object 'Object Repository/Admin Console ePulse Menu/Account Settings/ID Methods/Buttons/Button Label'

2019-01-09 11:13:33 - [MESSAGE][PASSED] - Text '4test' is set on object 'Object Repository/Admin Console ePulse Menu/Account Settings/ID Methods/Buttons/Button Label'

2019-01-09 11:13:33 - [TEST_STEP][PASSED] - delay(1): Delayed 1 second(s)

2019-01-09 11:13:34 - [MESSAGE][PASSED] - Delayed 1 second(s)

2019-01-09 11:13:34 - [TEST_STEP][PASSED] - selectOptionByValue(findTestObject("Admin Console ePulse Menu/Account Settings/ID Methods/Buttons/Button Type"), "4", true): All options with value '4' are selected in object 'Object Repository/Admin Console ePulse Menu/Account Settings/ID Methods/Buttons/Button Type'  using regular expression

2019-01-09 11:13:34 - [MESSAGE][PASSED] - All options with value '4' are selected in object 'Object Repository/Admin Console ePulse Menu/Account Settings/ID Methods/Buttons/Button Type'  using regular expression

2019-01-09 11:13:34 - [TEST_STEP][PASSED] - delay(1): Delayed 1 second(s)

2019-01-09 11:13:35 - [MESSAGE][PASSED] - Delayed 1 second(s)

2019-01-09 11:13:35 - [TEST_STEP][PASSED] - click(findTestObject("Admin Console ePulse Menu/Account Settings/ID Methods/Buttons/Add Button(blue  sign)")): Object: 'Object Repository/Admin Console ePulse Menu/Account Settings/ID Methods/Buttons/Add Button(blue  sign)' is clicked on

2019-01-09 11:13:35 - [MESSAGE][PASSED] - Object: 'Object Repository/Admin Console ePulse Menu/Account Settings/ID Methods/Buttons/Add Button(blue  sign)' is clicked on

2019-01-09 11:13:35 - [TEST_STEP][PASSED] - delay(1): Delayed 1 second(s)

2019-01-09 11:13:36 - [MESSAGE][PASSED] - Delayed 1 second(s)

2019-01-09 11:13:36 - [TEST_STEP][PASSED] - setText(findTestObject("Admin Console ePulse Menu/Account Settings/ID Methods/Buttons/Button Label"), "5test"): Text '5test' is set on object 'Object Repository/Admin Console ePulse Menu/Account Settings/ID Methods/Buttons/Button Label'

2019-01-09 11:13:36 - [MESSAGE][PASSED] - Text '5test' is set on object 'Object Repository/Admin Console ePulse Menu/Account Settings/ID Methods/Buttons/Button Label'

2019-01-09 11:13:36 - [TEST_STEP][PASSED] - delay(1): Delayed 1 second(s)

2019-01-09 11:13:37 - [MESSAGE][PASSED] - Delayed 1 second(s)

2019-01-09 11:13:37 - [TEST_STEP][PASSED] - selectOptionByValue(findTestObject("Admin Console ePulse Menu/Account Settings/ID Methods/Buttons/Button Type"), "5", true): All options with value '5' are selected in object 'Object Repository/Admin Console ePulse Menu/Account Settings/ID Methods/Buttons/Button Type'  using regular expression

2019-01-09 11:13:38 - [MESSAGE][PASSED] - All options with value '5' are selected in object 'Object Repository/Admin Console ePulse Menu/Account Settings/ID Methods/Buttons/Button Type'  using regular expression

2019-01-09 11:13:38 - [TEST_STEP][PASSED] - delay(1): Delayed 1 second(s)

2019-01-09 11:13:39 - [MESSAGE][PASSED] - Delayed 1 second(s)

2019-01-09 11:13:39 - [TEST_STEP][PASSED] - click(findTestObject("Admin Console ePulse Menu/Account Settings/ID Methods/Buttons/Add Button(blue  sign)")): Object: 'Object Repository/Admin Console ePulse Menu/Account Settings/ID Methods/Buttons/Add Button(blue  sign)' is clicked on

2019-01-09 11:13:39 - [MESSAGE][PASSED] - Object: 'Object Repository/Admin Console ePulse Menu/Account Settings/ID Methods/Buttons/Add Button(blue  sign)' is clicked on

2019-01-09 11:13:39 - [TEST_STEP][PASSED] - delay(1): Delayed 1 second(s)

2019-01-09 11:13:40 - [MESSAGE][PASSED] - Delayed 1 second(s)

2019-01-09 11:13:40 - [TEST_STEP][PASSED] - click(findTestObject("Admin Console ePulse Menu/Account Settings/Prompts/Prompt Button Modal/Close Button")): Object: 'Object Repository/Admin Console ePulse Menu/Account Settings/Prompts/Prompt Button Modal/Close Button' is clicked on

2019-01-09 11:13:40 - [MESSAGE][PASSED] - Object: 'Object Repository/Admin Console ePulse Menu/Account Settings/Prompts/Prompt Button Modal/Close Button' is clicked on

2019-01-09 11:13:40 - [TEST_STEP][PASSED] - delay(1): Delayed 1 second(s)

2019-01-09 11:13:41 - [MESSAGE][PASSED] - Delayed 1 second(s)

2019-01-09 11:13:41 - [TEST_STEP][PASSED] - closeBrowser(): Browser is closed

2019-01-09 11:13:41 - [MESSAGE][PASSED] - Browser is closed]]></system-out>
         <system-err><![CDATA[]]></system-err>
      </testcase>
      <testcase name="Test Cases/Admin Console/Account Settings/ID Methods()/ID Methods - Edit" classname="Test Cases/Admin Console/Account Settings/ID Methods()/ID Methods - Edit" status="PASSED">
         <system-out><![CDATA[2019-01-09 11:13:43 - [TEST_CASE][PASSED] - Test Cases/Admin Console/Account Settings/ID Methods()/ID Methods - Edit: Test Cases/Admin Console/Account Settings/ID Methods()/ID Methods - Edit

2019-01-09 11:13:43 - [TEST_STEP][PASSED] - openBrowser(""): Browser is opened with url: ''

2019-01-09 11:13:43 - [MESSAGE][INFO] - Starting 'Chrome' driver

2019-01-09 11:13:45 - [MESSAGE][PASSED] - Browser is opened with url: ''

2019-01-09 11:13:45 - [TEST_STEP][PASSED] - navigateToUrl(URL): Navigate to 'https://epulsebeta2.com' successfully

2019-01-09 11:13:46 - [MESSAGE][PASSED] - Navigate to 'https://epulsebeta2.com' successfully

2019-01-09 11:13:46 - [TEST_STEP][PASSED] - setText(findTestObject("Login/Email Address"), User_email): Text 'alonzo.mack@knowink.com' is set on object 'Object Repository/Login/Email Address'

2019-01-09 11:13:46 - [MESSAGE][PASSED] - Text 'alonzo.mack@knowink.com' is set on object 'Object Repository/Login/Email Address'

2019-01-09 11:13:46 - [TEST_STEP][PASSED] - setEncryptedText(findTestObject("Login/Password"), Pswrd): Text ****** has been set on object 'Object Repository/Login/Password'

2019-01-09 11:13:46 - [MESSAGE][PASSED] - Text ****** has been set on object 'Object Repository/Login/Password'

2019-01-09 11:13:46 - [TEST_STEP][PASSED] - click(findTestObject("Login/Sign In")): Object: 'Object Repository/Login/Sign In' is clicked on

2019-01-09 11:13:47 - [MESSAGE][PASSED] - Object: 'Object Repository/Login/Sign In' is clicked on

2019-01-09 11:13:47 - [TEST_STEP][PASSED] - delay(1): Delayed 1 second(s)

2019-01-09 11:13:48 - [MESSAGE][PASSED] - Delayed 1 second(s)

2019-01-09 11:13:48 - [TEST_STEP][PASSED] - navigateToUrl(voter_id_methods, STOP_ON_FAILURE): Navigate to 'https://am-automation-test.epulsebeta2.com/voter_id_methods' successfully

2019-01-09 11:13:49 - [MESSAGE][PASSED] - Navigate to 'https://am-automation-test.epulsebeta2.com/voter_id_methods' successfully

2019-01-09 11:13:49 - [TEST_STEP][PASSED] - delay(1): Delayed 1 second(s)

2019-01-09 11:13:50 - [MESSAGE][PASSED] - Delayed 1 second(s)

2019-01-09 11:13:50 - [TEST_STEP][PASSED] - click(findTestObject("Admin Console ePulse Menu/Account Settings/ID Methods/ID Methods Page/Page_Epulse  am-Automation-test/Edit Selected ID Method")): Object: 'Object Repository/Admin Console ePulse Menu/Account Settings/ID Methods/ID Methods Page/Page_Epulse  am-Automation-test/Edit Selected ID Method' is clicked on

2019-01-09 11:13:50 - [MESSAGE][PASSED] - Object: 'Object Repository/Admin Console ePulse Menu/Account Settings/ID Methods/ID Methods Page/Page_Epulse  am-Automation-test/Edit Selected ID Method' is clicked on

2019-01-09 11:13:50 - [TEST_STEP][PASSED] - setText(findTestObject("Admin Console ePulse Menu/Account Settings/ID Methods/New ID Method Modal/Name"), "Drivers License_Edit"): Text 'Drivers License_Edit' is set on object 'Object Repository/Admin Console ePulse Menu/Account Settings/ID Methods/New ID Method Modal/Name'

2019-01-09 11:13:50 - [MESSAGE][PASSED] - Text 'Drivers License_Edit' is set on object 'Object Repository/Admin Console ePulse Menu/Account Settings/ID Methods/New ID Method Modal/Name'

2019-01-09 11:13:50 - [TEST_STEP][PASSED] - setText(findTestObject("Admin Console ePulse Menu/Account Settings/ID Methods/New ID Method Modal/Heading"), "State Drivers License_Edit"): Text 'State Drivers License_Edit' is set on object 'Object Repository/Admin Console ePulse Menu/Account Settings/ID Methods/New ID Method Modal/Heading'

2019-01-09 11:13:50 - [MESSAGE][PASSED] - Text 'State Drivers License_Edit' is set on object 'Object Repository/Admin Console ePulse Menu/Account Settings/ID Methods/New ID Method Modal/Heading'

2019-01-09 11:13:50 - [TEST_STEP][PASSED] - selectOptionByValue(findTestObject("Admin Console ePulse Menu/Account Settings/ID Methods/New ID Method Modal/Select Color"), "0", true): All options with value '0' are selected in object 'Object Repository/Admin Console ePulse Menu/Account Settings/ID Methods/New ID Method Modal/Select Color'  using regular expression

2019-01-09 11:13:51 - [MESSAGE][PASSED] - All options with value '0' are selected in object 'Object Repository/Admin Console ePulse Menu/Account Settings/ID Methods/New ID Method Modal/Select Color'  using regular expression

2019-01-09 11:13:51 - [TEST_STEP][PASSED] - setText(findTestObject("Admin Console ePulse Menu/Account Settings/ID Methods/New ID Method Modal/Instructions"), "State Drivers License_Edit"): Text 'State Drivers License_Edit' is set on object 'Object Repository/Admin Console ePulse Menu/Account Settings/ID Methods/New ID Method Modal/Instructions'

2019-01-09 11:13:51 - [MESSAGE][PASSED] - Text 'State Drivers License_Edit' is set on object 'Object Repository/Admin Console ePulse Menu/Account Settings/ID Methods/New ID Method Modal/Instructions'

2019-01-09 11:13:51 - [TEST_STEP][PASSED] - setText(findTestObject("Admin Console ePulse Menu/Account Settings/ID Methods/New ID Method Modal/Order"), "2"): Text '2' is set on object 'Object Repository/Admin Console ePulse Menu/Account Settings/ID Methods/New ID Method Modal/Order'

2019-01-09 11:13:51 - [MESSAGE][PASSED] - Text '2' is set on object 'Object Repository/Admin Console ePulse Menu/Account Settings/ID Methods/New ID Method Modal/Order'

2019-01-09 11:13:51 - [TEST_STEP][NOT_RUN] - click(findTestObject("Admin Console ePulse Menu/Account Settings/ID Methods/New ID Method Modal/Show Does Name Match_slider")): NOT_RUN: click(findTestObject("Admin Console ePulse Menu/Account Settings/ID Methods/New ID Method Modal/Show Does Name Match_slider"))

2019-01-09 11:13:51 - [MESSAGE][NOT_RUN] - NOT_RUN: click(findTestObject("Admin Console ePulse Menu/Account Settings/ID Methods/New ID Method Modal/Show Does Name Match_slider"))

2019-01-09 11:13:51 - [TEST_STEP][PASSED] - click(findTestObject("Admin Console ePulse Menu/Account Settings/ID Methods/New ID Method Modal/Show Does Address Match_slider"), STOP_ON_FAILURE): Object: 'Object Repository/Admin Console ePulse Menu/Account Settings/ID Methods/New ID Method Modal/Show Does Address Match_slider' is clicked on

2019-01-09 11:13:51 - [MESSAGE][PASSED] - Object: 'Object Repository/Admin Console ePulse Menu/Account Settings/ID Methods/New ID Method Modal/Show Does Address Match_slider' is clicked on

2019-01-09 11:13:51 - [TEST_STEP][NOT_RUN] - click(findTestObject("Admin Console ePulse Menu/Account Settings/ID Methods/New ID Method Modal/Show is ID Expired_slider"), STOP_ON_FAILURE): NOT_RUN: click(findTestObject("Admin Console ePulse Menu/Account Settings/ID Methods/New ID Method Modal/Show is ID Expired_slider"), STOP_ON_FAILURE)

2019-01-09 11:13:51 - [MESSAGE][NOT_RUN] - NOT_RUN: click(findTestObject("Admin Console ePulse Menu/Account Settings/ID Methods/New ID Method Modal/Show is ID Expired_slider"), STOP_ON_FAILURE)

2019-01-09 11:13:51 - [TEST_STEP][PASSED] - setText(findTestObject("Admin Console ePulse Menu/Account Settings/ID Methods/New ID Method Modal/Page_Epulse  am-Automation-test/Incorrect Heading"), "No Drivers License_Edit?"): Text 'No Drivers License_Edit?' is set on object 'Object Repository/Admin Console ePulse Menu/Account Settings/ID Methods/New ID Method Modal/Page_Epulse  am-Automation-test/Incorrect Heading'

2019-01-09 11:13:51 - [MESSAGE][PASSED] - Text 'No Drivers License_Edit?' is set on object 'Object Repository/Admin Console ePulse Menu/Account Settings/ID Methods/New ID Method Modal/Page_Epulse  am-Automation-test/Incorrect Heading'

2019-01-09 11:13:51 - [TEST_STEP][PASSED] - setText(findTestObject("Admin Console ePulse Menu/Account Settings/ID Methods/New ID Method Modal/Page_Epulse  am-Automation-test/Incorrect Instructions"), "Vote Provisional_Edit"): Text 'Vote Provisional_Edit' is set on object 'Object Repository/Admin Console ePulse Menu/Account Settings/ID Methods/New ID Method Modal/Page_Epulse  am-Automation-test/Incorrect Instructions'

2019-01-09 11:13:51 - [MESSAGE][PASSED] - Text 'Vote Provisional_Edit' is set on object 'Object Repository/Admin Console ePulse Menu/Account Settings/ID Methods/New ID Method Modal/Page_Epulse  am-Automation-test/Incorrect Instructions'

2019-01-09 11:13:51 - [TEST_STEP][PASSED] - click(findTestObject("Admin Console ePulse Menu/Account Settings/ID Methods/New ID Method Modal/Submit"), STOP_ON_FAILURE): Object: 'Object Repository/Admin Console ePulse Menu/Account Settings/ID Methods/New ID Method Modal/Submit' is clicked on

2019-01-09 11:13:52 - [MESSAGE][PASSED] - Object: 'Object Repository/Admin Console ePulse Menu/Account Settings/ID Methods/New ID Method Modal/Submit' is clicked on

2019-01-09 11:13:52 - [TEST_STEP][PASSED] - closeBrowser(): Browser is closed

2019-01-09 11:13:52 - [MESSAGE][PASSED] - Browser is closed]]></system-out>
         <system-err><![CDATA[]]></system-err>
      </testcase>
      <testcase name="Test Cases/Admin Console/Account Settings/ID Methods()/ID Methods - Edit Oath" classname="Test Cases/Admin Console/Account Settings/ID Methods()/ID Methods - Edit Oath" status="PASSED">
         <system-out><![CDATA[2019-01-09 11:13:54 - [TEST_CASE][PASSED] - Test Cases/Admin Console/Account Settings/ID Methods()/ID Methods - Edit Oath: Test Cases/Admin Console/Account Settings/ID Methods()/ID Methods - Edit Oath

2019-01-09 11:13:54 - [TEST_STEP][PASSED] - openBrowser(""): Browser is opened with url: ''

2019-01-09 11:13:54 - [MESSAGE][INFO] - Starting 'Chrome' driver

2019-01-09 11:13:55 - [MESSAGE][PASSED] - Browser is opened with url: ''

2019-01-09 11:13:55 - [TEST_STEP][PASSED] - navigateToUrl(URL): Navigate to 'https://epulsebeta2.com' successfully

2019-01-09 11:13:57 - [MESSAGE][PASSED] - Navigate to 'https://epulsebeta2.com' successfully

2019-01-09 11:13:57 - [TEST_STEP][PASSED] - setText(findTestObject("Login/Email Address"), User_email): Text 'alonzo.mack@knowink.com' is set on object 'Object Repository/Login/Email Address'

2019-01-09 11:13:57 - [MESSAGE][PASSED] - Text 'alonzo.mack@knowink.com' is set on object 'Object Repository/Login/Email Address'

2019-01-09 11:13:57 - [TEST_STEP][PASSED] - setEncryptedText(findTestObject("Login/Password"), Pswrd): Text ****** has been set on object 'Object Repository/Login/Password'

2019-01-09 11:13:57 - [MESSAGE][PASSED] - Text ****** has been set on object 'Object Repository/Login/Password'

2019-01-09 11:13:57 - [TEST_STEP][PASSED] - click(findTestObject("Login/Sign In")): Object: 'Object Repository/Login/Sign In' is clicked on

2019-01-09 11:13:58 - [MESSAGE][PASSED] - Object: 'Object Repository/Login/Sign In' is clicked on

2019-01-09 11:13:58 - [TEST_STEP][PASSED] - delay(1): Delayed 1 second(s)

2019-01-09 11:13:59 - [MESSAGE][PASSED] - Delayed 1 second(s)

2019-01-09 11:13:59 - [TEST_STEP][PASSED] - navigateToUrl(voter_id_methods, STOP_ON_FAILURE): Navigate to 'https://am-automation-test.epulsebeta2.com/voter_id_methods' successfully

2019-01-09 11:13:59 - [MESSAGE][PASSED] - Navigate to 'https://am-automation-test.epulsebeta2.com/voter_id_methods' successfully

2019-01-09 11:13:59 - [TEST_STEP][PASSED] - click(findTestObject("Admin Console ePulse Menu/Account Settings/ID Methods/ID Methods Page/Edit ID Method Oath")): Object: 'Object Repository/Admin Console ePulse Menu/Account Settings/ID Methods/ID Methods Page/Edit ID Method Oath' is clicked on

2019-01-09 11:14:00 - [MESSAGE][PASSED] - Object: 'Object Repository/Admin Console ePulse Menu/Account Settings/ID Methods/ID Methods Page/Edit ID Method Oath' is clicked on

2019-01-09 11:14:00 - [TEST_STEP][PASSED] - delay(1): Delayed 1 second(s)

2019-01-09 11:14:01 - [MESSAGE][PASSED] - Delayed 1 second(s)

2019-01-09 11:14:01 - [TEST_STEP][PASSED] - setText(findTestObject("Admin Console ePulse Menu/Account Settings/ID Methods/Edit ID Method Modal/Customized Oath text area"), "Customize the oath displayed to voters. "): Text 'Customize the oath displayed to voters. ' is set on object 'Object Repository/Admin Console ePulse Menu/Account Settings/ID Methods/Edit ID Method Modal/Customized Oath text area'

2019-01-09 11:14:01 - [MESSAGE][PASSED] - Text 'Customize the oath displayed to voters. ' is set on object 'Object Repository/Admin Console ePulse Menu/Account Settings/ID Methods/Edit ID Method Modal/Customized Oath text area'

2019-01-09 11:14:01 - [TEST_STEP][PASSED] - delay(1): Delayed 1 second(s)

2019-01-09 11:14:02 - [MESSAGE][PASSED] - Delayed 1 second(s)

2019-01-09 11:14:02 - [TEST_STEP][PASSED] - click(findTestObject("Admin Console ePulse Menu/Account Settings/ID Methods/Edit ID Method Modal/Submit"), STOP_ON_FAILURE): Object: 'Object Repository/Admin Console ePulse Menu/Account Settings/ID Methods/Edit ID Method Modal/Submit' is clicked on

2019-01-09 11:14:02 - [MESSAGE][PASSED] - Object: 'Object Repository/Admin Console ePulse Menu/Account Settings/ID Methods/Edit ID Method Modal/Submit' is clicked on]]></system-out>
         <system-err><![CDATA[]]></system-err>
      </testcase>
      <testcase name="Test Cases/Admin Console/Account Settings/ID Methods()/ID Methods - Export" classname="Test Cases/Admin Console/Account Settings/ID Methods()/ID Methods - Export" status="PASSED">
         <system-out><![CDATA[2019-01-09 11:14:04 - [TEST_CASE][PASSED] - Test Cases/Admin Console/Account Settings/ID Methods()/ID Methods - Export: Test Cases/Admin Console/Account Settings/ID Methods()/ID Methods - Export

2019-01-09 11:14:04 - [TEST_STEP][PASSED] - openBrowser(""): Browser is opened with url: ''

2019-01-09 11:14:04 - [MESSAGE][WARNING] - A browser is already opened. Closing browser and opening a new one

2019-01-09 11:14:04 - [MESSAGE][INFO] - Starting 'Chrome' driver

2019-01-09 11:14:05 - [MESSAGE][PASSED] - Browser is opened with url: ''

2019-01-09 11:14:05 - [TEST_STEP][PASSED] - navigateToUrl(URL): Navigate to 'https://epulsebeta2.com' successfully

2019-01-09 11:14:07 - [MESSAGE][PASSED] - Navigate to 'https://epulsebeta2.com' successfully

2019-01-09 11:14:07 - [TEST_STEP][PASSED] - setText(findTestObject("Login/Email Address"), User_email): Text 'alonzo.mack@knowink.com' is set on object 'Object Repository/Login/Email Address'

2019-01-09 11:14:07 - [MESSAGE][PASSED] - Text 'alonzo.mack@knowink.com' is set on object 'Object Repository/Login/Email Address'

2019-01-09 11:14:07 - [TEST_STEP][PASSED] - setEncryptedText(findTestObject("Login/Password"), Pswrd): Text ****** has been set on object 'Object Repository/Login/Password'

2019-01-09 11:14:07 - [MESSAGE][PASSED] - Text ****** has been set on object 'Object Repository/Login/Password'

2019-01-09 11:14:07 - [TEST_STEP][PASSED] - click(findTestObject("Login/Sign In")): Object: 'Object Repository/Login/Sign In' is clicked on

2019-01-09 11:14:08 - [MESSAGE][PASSED] - Object: 'Object Repository/Login/Sign In' is clicked on

2019-01-09 11:14:08 - [TEST_STEP][PASSED] - delay(1): Delayed 1 second(s)

2019-01-09 11:14:09 - [MESSAGE][PASSED] - Delayed 1 second(s)

2019-01-09 11:14:09 - [TEST_STEP][PASSED] - navigateToUrl(voter_id_methods): Navigate to 'https://am-automation-test.epulsebeta2.com/voter_id_methods' successfully

2019-01-09 11:14:10 - [MESSAGE][PASSED] - Navigate to 'https://am-automation-test.epulsebeta2.com/voter_id_methods' successfully

2019-01-09 11:14:10 - [TEST_STEP][PASSED] - delay(1): Delayed 1 second(s)

2019-01-09 11:14:11 - [MESSAGE][PASSED] - Delayed 1 second(s)

2019-01-09 11:14:11 - [TEST_STEP][PASSED] - click(findTestObject("Admin Console ePulse Menu/Account Settings/ID Methods/ID Methods Page/Export")): Object: 'Object Repository/Admin Console ePulse Menu/Account Settings/ID Methods/ID Methods Page/Export' is clicked on

2019-01-09 11:14:11 - [MESSAGE][PASSED] - Object: 'Object Repository/Admin Console ePulse Menu/Account Settings/ID Methods/ID Methods Page/Export' is clicked on

2019-01-09 11:14:11 - [TEST_STEP][PASSED] - delay(1): Delayed 1 second(s)

2019-01-09 11:14:12 - [MESSAGE][PASSED] - Delayed 1 second(s)

2019-01-09 11:14:12 - [TEST_STEP][PASSED] - closeBrowser(STOP_ON_FAILURE): Browser is closed

2019-01-09 11:14:12 - [MESSAGE][PASSED] - Browser is closed]]></system-out>
         <system-err><![CDATA[]]></system-err>
      </testcase>
      <testcase name="Test Cases/Admin Console/Account Settings/ID Methods()/ID Methods - Import" classname="Test Cases/Admin Console/Account Settings/ID Methods()/ID Methods - Import" status="PASSED">
         <system-out><![CDATA[2019-01-09 11:14:14 - [TEST_CASE][PASSED] - Test Cases/Admin Console/Account Settings/ID Methods()/ID Methods - Import: Test Cases/Admin Console/Account Settings/ID Methods()/ID Methods - Import

2019-01-09 11:14:14 - [TEST_STEP][PASSED] - openBrowser(""): Browser is opened with url: ''

2019-01-09 11:14:14 - [MESSAGE][INFO] - Starting 'Chrome' driver

2019-01-09 11:14:15 - [MESSAGE][PASSED] - Browser is opened with url: ''

2019-01-09 11:14:15 - [TEST_STEP][PASSED] - navigateToUrl(URL): Navigate to 'https://epulsebeta2.com' successfully

2019-01-09 11:14:17 - [MESSAGE][PASSED] - Navigate to 'https://epulsebeta2.com' successfully

2019-01-09 11:14:17 - [TEST_STEP][PASSED] - setText(findTestObject("Login/Email Address"), User_email): Text 'alonzo.mack@knowink.com' is set on object 'Object Repository/Login/Email Address'

2019-01-09 11:14:17 - [MESSAGE][PASSED] - Text 'alonzo.mack@knowink.com' is set on object 'Object Repository/Login/Email Address'

2019-01-09 11:14:17 - [TEST_STEP][PASSED] - setEncryptedText(findTestObject("Login/Password"), Pswrd): Text ****** has been set on object 'Object Repository/Login/Password'

2019-01-09 11:14:17 - [MESSAGE][PASSED] - Text ****** has been set on object 'Object Repository/Login/Password'

2019-01-09 11:14:17 - [TEST_STEP][PASSED] - click(findTestObject("Login/Sign In")): Object: 'Object Repository/Login/Sign In' is clicked on

2019-01-09 11:14:18 - [MESSAGE][PASSED] - Object: 'Object Repository/Login/Sign In' is clicked on

2019-01-09 11:14:18 - [TEST_STEP][PASSED] - delay(1): Delayed 1 second(s)

2019-01-09 11:14:19 - [MESSAGE][PASSED] - Delayed 1 second(s)

2019-01-09 11:14:19 - [TEST_STEP][PASSED] - navigateToUrl(voter_id_methods, STOP_ON_FAILURE): Navigate to 'https://am-automation-test.epulsebeta2.com/voter_id_methods' successfully

2019-01-09 11:14:20 - [MESSAGE][PASSED] - Navigate to 'https://am-automation-test.epulsebeta2.com/voter_id_methods' successfully

2019-01-09 11:14:20 - [TEST_STEP][PASSED] - click(findTestObject("Admin Console ePulse Menu/Account Settings/ID Methods/ID Methods Page/Import")): Object: 'Object Repository/Admin Console ePulse Menu/Account Settings/ID Methods/ID Methods Page/Import' is clicked on

2019-01-09 11:14:20 - [MESSAGE][PASSED] - Object: 'Object Repository/Admin Console ePulse Menu/Account Settings/ID Methods/ID Methods Page/Import' is clicked on

2019-01-09 11:14:20 - [TEST_STEP][PASSED] - setText(findTestObject("Admin Console ePulse Menu/Account Settings/Prompts/Import Prompts Buttons/Choose File"), "/Users/alonzomack/Downloads/Automation uploads/voter_id_methods.txt"): Text '/Users/alonzomack/Downloads/Automation uploads/voter_id_methods.txt' is set on object 'Object Repository/Admin Console ePulse Menu/Account Settings/Prompts/Import Prompts Buttons/Choose File'

2019-01-09 11:14:20 - [MESSAGE][PASSED] - Text '/Users/alonzomack/Downloads/Automation uploads/voter_id_methods.txt' is set on object 'Object Repository/Admin Console ePulse Menu/Account Settings/Prompts/Import Prompts Buttons/Choose File'

2019-01-09 11:14:20 - [TEST_STEP][PASSED] - click(findTestObject("Admin Console ePulse Menu/Account Settings/Prompts/Import Prompts Buttons/Continue Button")): Object: 'Object Repository/Admin Console ePulse Menu/Account Settings/Prompts/Import Prompts Buttons/Continue Button' is clicked on

2019-01-09 11:14:21 - [MESSAGE][PASSED] - Object: 'Object Repository/Admin Console ePulse Menu/Account Settings/Prompts/Import Prompts Buttons/Continue Button' is clicked on

2019-01-09 11:14:21 - [TEST_STEP][PASSED] - delay(1): Delayed 1 second(s)

2019-01-09 11:14:22 - [MESSAGE][PASSED] - Delayed 1 second(s)

2019-01-09 11:14:22 - [TEST_STEP][PASSED] - click(findTestObject("Admin Console ePulse Menu/Account Settings/Prompts/Import Prompts Buttons/button_Done(working)")): Object: 'Object Repository/Admin Console ePulse Menu/Account Settings/Prompts/Import Prompts Buttons/button_Done(working)' is clicked on

2019-01-09 11:14:25 - [MESSAGE][PASSED] - Object: 'Object Repository/Admin Console ePulse Menu/Account Settings/Prompts/Import Prompts Buttons/button_Done(working)' is clicked on]]></system-out>
         <system-err><![CDATA[]]></system-err>
      </testcase>
      <testcase name="Test Cases/Admin Console/Account Settings/ID Methods()/ID Methods - Delete" classname="Test Cases/Admin Console/Account Settings/ID Methods()/ID Methods - Delete" status="PASSED">
         <system-out><![CDATA[2019-01-09 11:14:27 - [TEST_CASE][PASSED] - Test Cases/Admin Console/Account Settings/ID Methods()/ID Methods - Delete: Test Cases/Admin Console/Account Settings/ID Methods()/ID Methods - Delete

2019-01-09 11:14:27 - [TEST_STEP][PASSED] - openBrowser(""): Browser is opened with url: ''

2019-01-09 11:14:27 - [MESSAGE][WARNING] - A browser is already opened. Closing browser and opening a new one

2019-01-09 11:14:27 - [MESSAGE][INFO] - Starting 'Chrome' driver

2019-01-09 11:14:28 - [MESSAGE][PASSED] - Browser is opened with url: ''

2019-01-09 11:14:28 - [TEST_STEP][PASSED] - navigateToUrl(URL): Navigate to 'https://epulsebeta2.com' successfully

2019-01-09 11:14:30 - [MESSAGE][PASSED] - Navigate to 'https://epulsebeta2.com' successfully

2019-01-09 11:14:30 - [TEST_STEP][PASSED] - setText(findTestObject("Login/Email Address"), User_email): Text 'alonzo.mack@knowink.com' is set on object 'Object Repository/Login/Email Address'

2019-01-09 11:14:31 - [MESSAGE][PASSED] - Text 'alonzo.mack@knowink.com' is set on object 'Object Repository/Login/Email Address'

2019-01-09 11:14:31 - [TEST_STEP][PASSED] - setEncryptedText(findTestObject("Login/Password"), Pswrd): Text ****** has been set on object 'Object Repository/Login/Password'

2019-01-09 11:14:31 - [MESSAGE][PASSED] - Text ****** has been set on object 'Object Repository/Login/Password'

2019-01-09 11:14:31 - [TEST_STEP][PASSED] - click(findTestObject("Login/Sign In")): Object: 'Object Repository/Login/Sign In' is clicked on

2019-01-09 11:14:31 - [MESSAGE][PASSED] - Object: 'Object Repository/Login/Sign In' is clicked on

2019-01-09 11:14:31 - [TEST_STEP][PASSED] - delay(1): Delayed 1 second(s)

2019-01-09 11:14:32 - [MESSAGE][PASSED] - Delayed 1 second(s)

2019-01-09 11:14:32 - [TEST_STEP][PASSED] - navigateToUrl(voter_id_methods, STOP_ON_FAILURE): Navigate to 'https://am-automation-test.epulsebeta2.com/voter_id_methods' successfully

2019-01-09 11:14:34 - [MESSAGE][PASSED] - Navigate to 'https://am-automation-test.epulsebeta2.com/voter_id_methods' successfully

2019-01-09 11:14:34 - [TEST_STEP][PASSED] - delay(1): Delayed 1 second(s)

2019-01-09 11:14:35 - [MESSAGE][PASSED] - Delayed 1 second(s)

2019-01-09 11:14:35 - [TEST_STEP][PASSED] - click(findTestObject("Admin Console ePulse Menu/Account Settings/ID Methods/ID Methods Page/Page_Epulse  am-Automation-test/Delete Selected ID Method")): Object: 'Object Repository/Admin Console ePulse Menu/Account Settings/ID Methods/ID Methods Page/Page_Epulse  am-Automation-test/Delete Selected ID Method' is clicked on

2019-01-09 11:14:35 - [MESSAGE][PASSED] - Object: 'Object Repository/Admin Console ePulse Menu/Account Settings/ID Methods/ID Methods Page/Page_Epulse  am-Automation-test/Delete Selected ID Method' is clicked on

2019-01-09 11:14:35 - [TEST_STEP][PASSED] - delay(3): Delayed 3 second(s)

2019-01-09 11:14:38 - [MESSAGE][PASSED] - Delayed 3 second(s)

2019-01-09 11:14:38 - [TEST_STEP][PASSED] - acceptAlert(): Alert accepted

2019-01-09 11:14:38 - [MESSAGE][PASSED] - Alert accepted

2019-01-09 11:14:38 - [TEST_STEP][PASSED] - closeBrowser(): Browser is closed

2019-01-09 11:14:39 - [MESSAGE][PASSED] - Browser is closed]]></system-out>
         <system-err><![CDATA[]]></system-err>
      </testcase>
      <testcase name="Test Cases/Admin Console/Account Settings/Oaths()/Oaths - Add" classname="Test Cases/Admin Console/Account Settings/Oaths()/Oaths - Add" status="PASSED">
         <system-out><![CDATA[2019-01-09 11:14:41 - [TEST_CASE][PASSED] - Test Cases/Admin Console/Account Settings/Oaths()/Oaths - Add: Test Cases/Admin Console/Account Settings/Oaths()/Oaths - Add

2019-01-09 11:14:41 - [TEST_STEP][PASSED] - openBrowser(""): Browser is opened with url: ''

2019-01-09 11:14:41 - [MESSAGE][INFO] - Starting 'Chrome' driver

2019-01-09 11:14:42 - [MESSAGE][PASSED] - Browser is opened with url: ''

2019-01-09 11:14:42 - [TEST_STEP][PASSED] - navigateToUrl(URL): Navigate to 'https://epulsebeta2.com' successfully

2019-01-09 11:14:44 - [MESSAGE][PASSED] - Navigate to 'https://epulsebeta2.com' successfully

2019-01-09 11:14:44 - [TEST_STEP][PASSED] - setText(findTestObject("Login/Email Address"), User_email): Text 'alonzo.mack@knowink.com' is set on object 'Object Repository/Login/Email Address'

2019-01-09 11:14:45 - [MESSAGE][PASSED] - Text 'alonzo.mack@knowink.com' is set on object 'Object Repository/Login/Email Address'

2019-01-09 11:14:45 - [TEST_STEP][PASSED] - setEncryptedText(findTestObject("Login/Password"), Pswrd): Text ****** has been set on object 'Object Repository/Login/Password'

2019-01-09 11:14:45 - [MESSAGE][PASSED] - Text ****** has been set on object 'Object Repository/Login/Password'

2019-01-09 11:14:45 - [TEST_STEP][PASSED] - click(findTestObject("Login/Sign In")): Object: 'Object Repository/Login/Sign In' is clicked on

2019-01-09 11:14:45 - [MESSAGE][PASSED] - Object: 'Object Repository/Login/Sign In' is clicked on

2019-01-09 11:14:45 - [TEST_STEP][PASSED] - delay(1): Delayed 1 second(s)

2019-01-09 11:14:46 - [MESSAGE][PASSED] - Delayed 1 second(s)

2019-01-09 11:14:46 - [TEST_STEP][PASSED] - navigateToUrl(Oaths, STOP_ON_FAILURE): Navigate to 'https://am-automation-test.epulsebeta2.com/account_oaths' successfully

2019-01-09 11:14:48 - [MESSAGE][PASSED] - Navigate to 'https://am-automation-test.epulsebeta2.com/account_oaths' successfully

2019-01-09 11:14:48 - [TEST_STEP][PASSED] - delay(1): Delayed 1 second(s)

2019-01-09 11:14:49 - [MESSAGE][PASSED] - Delayed 1 second(s)

2019-01-09 11:14:49 - [TEST_STEP][PASSED] - click(findTestObject("Admin Console ePulse Menu/Account Settings/Oaths/New Oath")): Object: 'Object Repository/Admin Console ePulse Menu/Account Settings/Oaths/New Oath' is clicked on

2019-01-09 11:14:49 - [MESSAGE][PASSED] - Object: 'Object Repository/Admin Console ePulse Menu/Account Settings/Oaths/New Oath' is clicked on

2019-01-09 11:14:49 - [TEST_STEP][PASSED] - setText(findTestObject("Admin Console ePulse Menu/Account Settings/Oaths/Add_Edit Oath/Oath Name"), "ID Method"): Text 'ID Method' is set on object 'Object Repository/Admin Console ePulse Menu/Account Settings/Oaths/Add_Edit Oath/Oath Name'

2019-01-09 11:14:49 - [MESSAGE][PASSED] - Text 'ID Method' is set on object 'Object Repository/Admin Console ePulse Menu/Account Settings/Oaths/Add_Edit Oath/Oath Name'

2019-01-09 11:14:49 - [TEST_STEP][PASSED] - setText(findTestObject("Admin Console ePulse Menu/Account Settings/Oaths/Add_Edit Oath/Oath Instructions"), "Oath Instructions"): Text 'Oath Instructions' is set on object 'Object Repository/Admin Console ePulse Menu/Account Settings/Oaths/Add_Edit Oath/Oath Instructions'

2019-01-09 11:14:49 - [MESSAGE][PASSED] - Text 'Oath Instructions' is set on object 'Object Repository/Admin Console ePulse Menu/Account Settings/Oaths/Add_Edit Oath/Oath Instructions'

2019-01-09 11:14:49 - [TEST_STEP][PASSED] - setText(findTestObject("Admin Console ePulse Menu/Account Settings/Oaths/Add_Edit Oath/Customized Oath Text Area"), "Customize the oath displayed to voters"): Text 'Customize the oath displayed to voters' is set on object 'Object Repository/Admin Console ePulse Menu/Account Settings/Oaths/Add_Edit Oath/Customized Oath Text Area'

2019-01-09 11:14:50 - [MESSAGE][PASSED] - Text 'Customize the oath displayed to voters' is set on object 'Object Repository/Admin Console ePulse Menu/Account Settings/Oaths/Add_Edit Oath/Customized Oath Text Area'

2019-01-09 11:14:50 - [TEST_STEP][PASSED] - click(findTestObject("Admin Console ePulse Menu/Account Settings/Oaths/Add_Edit Oath/Oath Type Dropdown")): Object: 'Object Repository/Admin Console ePulse Menu/Account Settings/Oaths/Add_Edit Oath/Oath Type Dropdown' is clicked on

2019-01-09 11:14:50 - [MESSAGE][PASSED] - Object: 'Object Repository/Admin Console ePulse Menu/Account Settings/Oaths/Add_Edit Oath/Oath Type Dropdown' is clicked on

2019-01-09 11:14:50 - [TEST_STEP][PASSED] - click(findTestObject("Admin Console ePulse Menu/Account Settings/Oaths/Add_Edit Oath/Id Method"), STOP_ON_FAILURE): Object: 'Object Repository/Admin Console ePulse Menu/Account Settings/Oaths/Add_Edit Oath/Id Method' is clicked on

2019-01-09 11:14:50 - [MESSAGE][PASSED] - Object: 'Object Repository/Admin Console ePulse Menu/Account Settings/Oaths/Add_Edit Oath/Id Method' is clicked on

2019-01-09 11:14:50 - [TEST_STEP][PASSED] - click(findTestObject("Admin Console ePulse Menu/Account Settings/Oaths/Add_Edit Oath/Submit")): Object: 'Object Repository/Admin Console ePulse Menu/Account Settings/Oaths/Add_Edit Oath/Submit' is clicked on

2019-01-09 11:14:51 - [MESSAGE][PASSED] - Object: 'Object Repository/Admin Console ePulse Menu/Account Settings/Oaths/Add_Edit Oath/Submit' is clicked on

2019-01-09 11:14:51 - [TEST_STEP][PASSED] - delay(1, STOP_ON_FAILURE): Delayed 1 second(s)

2019-01-09 11:14:52 - [MESSAGE][PASSED] - Delayed 1 second(s)

2019-01-09 11:14:52 - [TEST_STEP][PASSED] - click(findTestObject("Admin Console ePulse Menu/Account Settings/Oaths/New Oath")): Object: 'Object Repository/Admin Console ePulse Menu/Account Settings/Oaths/New Oath' is clicked on

2019-01-09 11:14:52 - [MESSAGE][PASSED] - Object: 'Object Repository/Admin Console ePulse Menu/Account Settings/Oaths/New Oath' is clicked on

2019-01-09 11:14:52 - [TEST_STEP][PASSED] - setText(findTestObject("Admin Console ePulse Menu/Account Settings/Oaths/Add_Edit Oath/Oath Name"), "Voter Check In Signing Page"): Text 'Voter Check In Signing Page' is set on object 'Object Repository/Admin Console ePulse Menu/Account Settings/Oaths/Add_Edit Oath/Oath Name'

2019-01-09 11:14:52 - [MESSAGE][PASSED] - Text 'Voter Check In Signing Page' is set on object 'Object Repository/Admin Console ePulse Menu/Account Settings/Oaths/Add_Edit Oath/Oath Name'

2019-01-09 11:14:52 - [TEST_STEP][PASSED] - setText(findTestObject("Admin Console ePulse Menu/Account Settings/Oaths/Add_Edit Oath/Oath Instructions"), "Oath Instructions"): Text 'Oath Instructions' is set on object 'Object Repository/Admin Console ePulse Menu/Account Settings/Oaths/Add_Edit Oath/Oath Instructions'

2019-01-09 11:14:52 - [MESSAGE][PASSED] - Text 'Oath Instructions' is set on object 'Object Repository/Admin Console ePulse Menu/Account Settings/Oaths/Add_Edit Oath/Oath Instructions'

2019-01-09 11:14:52 - [TEST_STEP][PASSED] - setText(findTestObject("Admin Console ePulse Menu/Account Settings/Oaths/Add_Edit Oath/Customized Oath Text Area"), "Customize the oath displayed to voters"): Text 'Customize the oath displayed to voters' is set on object 'Object Repository/Admin Console ePulse Menu/Account Settings/Oaths/Add_Edit Oath/Customized Oath Text Area'

2019-01-09 11:14:52 - [MESSAGE][PASSED] - Text 'Customize the oath displayed to voters' is set on object 'Object Repository/Admin Console ePulse Menu/Account Settings/Oaths/Add_Edit Oath/Customized Oath Text Area'

2019-01-09 11:14:52 - [TEST_STEP][PASSED] - click(findTestObject("Admin Console ePulse Menu/Account Settings/Oaths/Add_Edit Oath/Oath Type Dropdown")): Object: 'Object Repository/Admin Console ePulse Menu/Account Settings/Oaths/Add_Edit Oath/Oath Type Dropdown' is clicked on

2019-01-09 11:14:53 - [MESSAGE][PASSED] - Object: 'Object Repository/Admin Console ePulse Menu/Account Settings/Oaths/Add_Edit Oath/Oath Type Dropdown' is clicked on

2019-01-09 11:14:53 - [TEST_STEP][PASSED] - click(findTestObject("Admin Console ePulse Menu/Account Settings/Oaths/Add_Edit Oath/Voter Check In Signing Pa"), STOP_ON_FAILURE): Object: 'Object Repository/Admin Console ePulse Menu/Account Settings/Oaths/Add_Edit Oath/Voter Check In Signing Pa' is clicked on

2019-01-09 11:14:53 - [MESSAGE][PASSED] - Object: 'Object Repository/Admin Console ePulse Menu/Account Settings/Oaths/Add_Edit Oath/Voter Check In Signing Pa' is clicked on

2019-01-09 11:14:53 - [TEST_STEP][PASSED] - click(findTestObject("Admin Console ePulse Menu/Account Settings/Oaths/Add_Edit Oath/Submit")): Object: 'Object Repository/Admin Console ePulse Menu/Account Settings/Oaths/Add_Edit Oath/Submit' is clicked on

2019-01-09 11:14:53 - [MESSAGE][PASSED] - Object: 'Object Repository/Admin Console ePulse Menu/Account Settings/Oaths/Add_Edit Oath/Submit' is clicked on

2019-01-09 11:14:53 - [TEST_STEP][PASSED] - delay(1, STOP_ON_FAILURE): Delayed 1 second(s)

2019-01-09 11:14:54 - [MESSAGE][PASSED] - Delayed 1 second(s)

2019-01-09 11:14:54 - [TEST_STEP][PASSED] - click(findTestObject("Admin Console ePulse Menu/Account Settings/Oaths/New Oath")): Object: 'Object Repository/Admin Console ePulse Menu/Account Settings/Oaths/New Oath' is clicked on

2019-01-09 11:14:54 - [MESSAGE][PASSED] - Object: 'Object Repository/Admin Console ePulse Menu/Account Settings/Oaths/New Oath' is clicked on

2019-01-09 11:14:54 - [TEST_STEP][PASSED] - setText(findTestObject("Admin Console ePulse Menu/Account Settings/Oaths/Add_Edit Oath/Oath Name"), "Allow Voter to Vote"): Text 'Allow Voter to Vote' is set on object 'Object Repository/Admin Console ePulse Menu/Account Settings/Oaths/Add_Edit Oath/Oath Name'

2019-01-09 11:14:54 - [MESSAGE][PASSED] - Text 'Allow Voter to Vote' is set on object 'Object Repository/Admin Console ePulse Menu/Account Settings/Oaths/Add_Edit Oath/Oath Name'

2019-01-09 11:14:54 - [TEST_STEP][PASSED] - setText(findTestObject("Admin Console ePulse Menu/Account Settings/Oaths/Add_Edit Oath/Oath Instructions"), "Oath Instructions"): Text 'Oath Instructions' is set on object 'Object Repository/Admin Console ePulse Menu/Account Settings/Oaths/Add_Edit Oath/Oath Instructions'

2019-01-09 11:14:54 - [MESSAGE][PASSED] - Text 'Oath Instructions' is set on object 'Object Repository/Admin Console ePulse Menu/Account Settings/Oaths/Add_Edit Oath/Oath Instructions'

2019-01-09 11:14:54 - [TEST_STEP][PASSED] - setText(findTestObject("Admin Console ePulse Menu/Account Settings/Oaths/Add_Edit Oath/Customized Oath Text Area"), "Customize the oath displayed to voters"): Text 'Customize the oath displayed to voters' is set on object 'Object Repository/Admin Console ePulse Menu/Account Settings/Oaths/Add_Edit Oath/Customized Oath Text Area'

2019-01-09 11:14:55 - [MESSAGE][PASSED] - Text 'Customize the oath displayed to voters' is set on object 'Object Repository/Admin Console ePulse Menu/Account Settings/Oaths/Add_Edit Oath/Customized Oath Text Area'

2019-01-09 11:14:55 - [TEST_STEP][PASSED] - click(findTestObject("Admin Console ePulse Menu/Account Settings/Oaths/Add_Edit Oath/Oath Type Dropdown")): Object: 'Object Repository/Admin Console ePulse Menu/Account Settings/Oaths/Add_Edit Oath/Oath Type Dropdown' is clicked on

2019-01-09 11:14:55 - [MESSAGE][PASSED] - Object: 'Object Repository/Admin Console ePulse Menu/Account Settings/Oaths/Add_Edit Oath/Oath Type Dropdown' is clicked on

2019-01-09 11:14:55 - [TEST_STEP][PASSED] - click(findTestObject("Admin Console ePulse Menu/Account Settings/Oaths/Add_Edit Oath/Allow Voter To Vote"), STOP_ON_FAILURE): Object: 'Object Repository/Admin Console ePulse Menu/Account Settings/Oaths/Add_Edit Oath/Allow Voter To Vote' is clicked on

2019-01-09 11:14:55 - [MESSAGE][PASSED] - Object: 'Object Repository/Admin Console ePulse Menu/Account Settings/Oaths/Add_Edit Oath/Allow Voter To Vote' is clicked on

2019-01-09 11:14:55 - [TEST_STEP][PASSED] - click(findTestObject("Admin Console ePulse Menu/Account Settings/Oaths/Add_Edit Oath/Submit")): Object: 'Object Repository/Admin Console ePulse Menu/Account Settings/Oaths/Add_Edit Oath/Submit' is clicked on

2019-01-09 11:14:55 - [MESSAGE][PASSED] - Object: 'Object Repository/Admin Console ePulse Menu/Account Settings/Oaths/Add_Edit Oath/Submit' is clicked on

2019-01-09 11:14:55 - [TEST_STEP][PASSED] - delay(2): Delayed 2 second(s)

2019-01-09 11:14:57 - [MESSAGE][PASSED] - Delayed 2 second(s)

2019-01-09 11:14:57 - [TEST_STEP][PASSED] - click(findTestObject("Admin Console ePulse Menu/Account Settings/Oaths/New Oath")): Object: 'Object Repository/Admin Console ePulse Menu/Account Settings/Oaths/New Oath' is clicked on

2019-01-09 11:14:57 - [MESSAGE][PASSED] - Object: 'Object Repository/Admin Console ePulse Menu/Account Settings/Oaths/New Oath' is clicked on

2019-01-09 11:14:57 - [TEST_STEP][PASSED] - setText(findTestObject("Admin Console ePulse Menu/Account Settings/Oaths/Add_Edit Oath/Oath Name"), "Voter Check In Signing Page(Provisional"): Text 'Voter Check In Signing Page(Provisional' is set on object 'Object Repository/Admin Console ePulse Menu/Account Settings/Oaths/Add_Edit Oath/Oath Name'

2019-01-09 11:14:57 - [MESSAGE][PASSED] - Text 'Voter Check In Signing Page(Provisional' is set on object 'Object Repository/Admin Console ePulse Menu/Account Settings/Oaths/Add_Edit Oath/Oath Name'

2019-01-09 11:14:57 - [TEST_STEP][PASSED] - setText(findTestObject("Admin Console ePulse Menu/Account Settings/Oaths/Add_Edit Oath/Oath Instructions"), "Oath Instructions"): Text 'Oath Instructions' is set on object 'Object Repository/Admin Console ePulse Menu/Account Settings/Oaths/Add_Edit Oath/Oath Instructions'

2019-01-09 11:14:57 - [MESSAGE][PASSED] - Text 'Oath Instructions' is set on object 'Object Repository/Admin Console ePulse Menu/Account Settings/Oaths/Add_Edit Oath/Oath Instructions'

2019-01-09 11:14:57 - [TEST_STEP][PASSED] - setText(findTestObject("Admin Console ePulse Menu/Account Settings/Oaths/Add_Edit Oath/Customized Oath Text Area"), "Customize the oath displayed to voters"): Text 'Customize the oath displayed to voters' is set on object 'Object Repository/Admin Console ePulse Menu/Account Settings/Oaths/Add_Edit Oath/Customized Oath Text Area'

2019-01-09 11:14:58 - [MESSAGE][PASSED] - Text 'Customize the oath displayed to voters' is set on object 'Object Repository/Admin Console ePulse Menu/Account Settings/Oaths/Add_Edit Oath/Customized Oath Text Area'

2019-01-09 11:14:58 - [TEST_STEP][PASSED] - click(findTestObject("Admin Console ePulse Menu/Account Settings/Oaths/Add_Edit Oath/Oath Type Dropdown")): Object: 'Object Repository/Admin Console ePulse Menu/Account Settings/Oaths/Add_Edit Oath/Oath Type Dropdown' is clicked on

2019-01-09 11:14:58 - [MESSAGE][PASSED] - Object: 'Object Repository/Admin Console ePulse Menu/Account Settings/Oaths/Add_Edit Oath/Oath Type Dropdown' is clicked on

2019-01-09 11:14:58 - [TEST_STEP][PASSED] - click(findTestObject("Admin Console ePulse Menu/Account Settings/Oaths/Add_Edit Oath/Voter Check In Signing Pa"), STOP_ON_FAILURE): Object: 'Object Repository/Admin Console ePulse Menu/Account Settings/Oaths/Add_Edit Oath/Voter Check In Signing Pa' is clicked on

2019-01-09 11:14:58 - [MESSAGE][PASSED] - Object: 'Object Repository/Admin Console ePulse Menu/Account Settings/Oaths/Add_Edit Oath/Voter Check In Signing Pa' is clicked on

2019-01-09 11:14:58 - [TEST_STEP][PASSED] - click(findTestObject("Admin Console ePulse Menu/Account Settings/Oaths/Add_Edit Oath/Submit")): Object: 'Object Repository/Admin Console ePulse Menu/Account Settings/Oaths/Add_Edit Oath/Submit' is clicked on

2019-01-09 11:14:58 - [MESSAGE][PASSED] - Object: 'Object Repository/Admin Console ePulse Menu/Account Settings/Oaths/Add_Edit Oath/Submit' is clicked on

2019-01-09 11:14:58 - [TEST_STEP][PASSED] - delay(1): Delayed 1 second(s)

2019-01-09 11:14:59 - [MESSAGE][PASSED] - Delayed 1 second(s)

2019-01-09 11:14:59 - [TEST_STEP][PASSED] - click(findTestObject("Admin Console ePulse Menu/Account Settings/Oaths/New Oath")): Object: 'Object Repository/Admin Console ePulse Menu/Account Settings/Oaths/New Oath' is clicked on

2019-01-09 11:14:59 - [MESSAGE][PASSED] - Object: 'Object Repository/Admin Console ePulse Menu/Account Settings/Oaths/New Oath' is clicked on

2019-01-09 11:14:59 - [TEST_STEP][PASSED] - setText(findTestObject("Admin Console ePulse Menu/Account Settings/Oaths/Add_Edit Oath/Oath Name"), "Similar Name Affidavit"): Text 'Similar Name Affidavit' is set on object 'Object Repository/Admin Console ePulse Menu/Account Settings/Oaths/Add_Edit Oath/Oath Name'

2019-01-09 11:14:59 - [MESSAGE][PASSED] - Text 'Similar Name Affidavit' is set on object 'Object Repository/Admin Console ePulse Menu/Account Settings/Oaths/Add_Edit Oath/Oath Name'

2019-01-09 11:14:59 - [TEST_STEP][PASSED] - setText(findTestObject("Admin Console ePulse Menu/Account Settings/Oaths/Add_Edit Oath/Oath Instructions"), "Oath Instructions"): Text 'Oath Instructions' is set on object 'Object Repository/Admin Console ePulse Menu/Account Settings/Oaths/Add_Edit Oath/Oath Instructions'

2019-01-09 11:14:59 - [MESSAGE][PASSED] - Text 'Oath Instructions' is set on object 'Object Repository/Admin Console ePulse Menu/Account Settings/Oaths/Add_Edit Oath/Oath Instructions'

2019-01-09 11:14:59 - [TEST_STEP][PASSED] - setText(findTestObject("Admin Console ePulse Menu/Account Settings/Oaths/Add_Edit Oath/Customized Oath Text Area"), "Customize the oath displayed to voters"): Text 'Customize the oath displayed to voters' is set on object 'Object Repository/Admin Console ePulse Menu/Account Settings/Oaths/Add_Edit Oath/Customized Oath Text Area'

2019-01-09 11:15:00 - [MESSAGE][PASSED] - Text 'Customize the oath displayed to voters' is set on object 'Object Repository/Admin Console ePulse Menu/Account Settings/Oaths/Add_Edit Oath/Customized Oath Text Area'

2019-01-09 11:15:00 - [TEST_STEP][PASSED] - click(findTestObject("Admin Console ePulse Menu/Account Settings/Oaths/Add_Edit Oath/Oath Type Dropdown")): Object: 'Object Repository/Admin Console ePulse Menu/Account Settings/Oaths/Add_Edit Oath/Oath Type Dropdown' is clicked on

2019-01-09 11:15:00 - [MESSAGE][PASSED] - Object: 'Object Repository/Admin Console ePulse Menu/Account Settings/Oaths/Add_Edit Oath/Oath Type Dropdown' is clicked on

2019-01-09 11:15:00 - [TEST_STEP][PASSED] - click(findTestObject("Admin Console ePulse Menu/Account Settings/Oaths/Add_Edit Oath/Similar Name Affidavit"), STOP_ON_FAILURE): Object: 'Object Repository/Admin Console ePulse Menu/Account Settings/Oaths/Add_Edit Oath/Similar Name Affidavit' is clicked on

2019-01-09 11:15:00 - [MESSAGE][PASSED] - Object: 'Object Repository/Admin Console ePulse Menu/Account Settings/Oaths/Add_Edit Oath/Similar Name Affidavit' is clicked on

2019-01-09 11:15:00 - [TEST_STEP][PASSED] - click(findTestObject("Admin Console ePulse Menu/Account Settings/Oaths/Add_Edit Oath/Submit")): Object: 'Object Repository/Admin Console ePulse Menu/Account Settings/Oaths/Add_Edit Oath/Submit' is clicked on

2019-01-09 11:15:00 - [MESSAGE][PASSED] - Object: 'Object Repository/Admin Console ePulse Menu/Account Settings/Oaths/Add_Edit Oath/Submit' is clicked on

2019-01-09 11:15:00 - [TEST_STEP][PASSED] - delay(1): Delayed 1 second(s)

2019-01-09 11:15:01 - [MESSAGE][PASSED] - Delayed 1 second(s)

2019-01-09 11:15:01 - [TEST_STEP][PASSED] - click(findTestObject("Admin Console ePulse Menu/Account Settings/Oaths/New Oath")): Object: 'Object Repository/Admin Console ePulse Menu/Account Settings/Oaths/New Oath' is clicked on

2019-01-09 11:15:01 - [MESSAGE][PASSED] - Object: 'Object Repository/Admin Console ePulse Menu/Account Settings/Oaths/New Oath' is clicked on

2019-01-09 11:15:01 - [TEST_STEP][PASSED] - setText(findTestObject("Admin Console ePulse Menu/Account Settings/Oaths/Add_Edit Oath/Oath Name"), "Reasonable Impediment Declaration"): Text 'Reasonable Impediment Declaration' is set on object 'Object Repository/Admin Console ePulse Menu/Account Settings/Oaths/Add_Edit Oath/Oath Name'

2019-01-09 11:15:01 - [MESSAGE][PASSED] - Text 'Reasonable Impediment Declaration' is set on object 'Object Repository/Admin Console ePulse Menu/Account Settings/Oaths/Add_Edit Oath/Oath Name'

2019-01-09 11:15:01 - [TEST_STEP][PASSED] - setText(findTestObject("Admin Console ePulse Menu/Account Settings/Oaths/Add_Edit Oath/Oath Instructions"), "Oath Instructions"): Text 'Oath Instructions' is set on object 'Object Repository/Admin Console ePulse Menu/Account Settings/Oaths/Add_Edit Oath/Oath Instructions'

2019-01-09 11:15:01 - [MESSAGE][PASSED] - Text 'Oath Instructions' is set on object 'Object Repository/Admin Console ePulse Menu/Account Settings/Oaths/Add_Edit Oath/Oath Instructions'

2019-01-09 11:15:01 - [TEST_STEP][PASSED] - setText(findTestObject("Admin Console ePulse Menu/Account Settings/Oaths/Add_Edit Oath/Customized Oath Text Area"), "Customize the oath displayed to voters"): Text 'Customize the oath displayed to voters' is set on object 'Object Repository/Admin Console ePulse Menu/Account Settings/Oaths/Add_Edit Oath/Customized Oath Text Area'

2019-01-09 11:15:02 - [MESSAGE][PASSED] - Text 'Customize the oath displayed to voters' is set on object 'Object Repository/Admin Console ePulse Menu/Account Settings/Oaths/Add_Edit Oath/Customized Oath Text Area'

2019-01-09 11:15:02 - [TEST_STEP][PASSED] - click(findTestObject("Admin Console ePulse Menu/Account Settings/Oaths/Add_Edit Oath/Oath Type Dropdown")): Object: 'Object Repository/Admin Console ePulse Menu/Account Settings/Oaths/Add_Edit Oath/Oath Type Dropdown' is clicked on

2019-01-09 11:15:02 - [MESSAGE][PASSED] - Object: 'Object Repository/Admin Console ePulse Menu/Account Settings/Oaths/Add_Edit Oath/Oath Type Dropdown' is clicked on

2019-01-09 11:15:02 - [TEST_STEP][PASSED] - click(findTestObject("Admin Console ePulse Menu/Account Settings/Oaths/Add_Edit Oath/Reasonable Impediment Decla"), STOP_ON_FAILURE): Object: 'Object Repository/Admin Console ePulse Menu/Account Settings/Oaths/Add_Edit Oath/Reasonable Impediment Decla' is clicked on

2019-01-09 11:15:02 - [MESSAGE][PASSED] - Object: 'Object Repository/Admin Console ePulse Menu/Account Settings/Oaths/Add_Edit Oath/Reasonable Impediment Decla' is clicked on

2019-01-09 11:15:02 - [TEST_STEP][PASSED] - click(findTestObject("Admin Console ePulse Menu/Account Settings/Oaths/Add_Edit Oath/Submit")): Object: 'Object Repository/Admin Console ePulse Menu/Account Settings/Oaths/Add_Edit Oath/Submit' is clicked on

2019-01-09 11:15:02 - [MESSAGE][PASSED] - Object: 'Object Repository/Admin Console ePulse Menu/Account Settings/Oaths/Add_Edit Oath/Submit' is clicked on

2019-01-09 11:15:02 - [TEST_STEP][PASSED] - takeScreenshot(): Taking screenshot successfully

2019-01-09 11:15:03 - [MESSAGE][PASSED] - Taking screenshot successfully
[[ATTACHMENT|/Users/alonzomack/Katalon Studio/Regression/Reports/dev_staging ready/20190109_110616/1547054102491.png]]

2019-01-09 11:15:03 - [TEST_STEP][PASSED] - closeBrowser(): Browser is closed

2019-01-09 11:15:03 - [MESSAGE][PASSED] - Browser is closed]]></system-out>
         <system-err><![CDATA[]]></system-err>
      </testcase>
      <testcase name="Test Cases/Admin Console/Account Settings/Oaths()/Oaths - Filter - Type" classname="Test Cases/Admin Console/Account Settings/Oaths()/Oaths - Filter - Type" status="PASSED">
         <system-out><![CDATA[2019-01-09 11:15:05 - [TEST_CASE][PASSED] - Test Cases/Admin Console/Account Settings/Oaths()/Oaths - Filter - Type: Test Cases/Admin Console/Account Settings/Oaths()/Oaths - Filter - Type

2019-01-09 11:15:05 - [TEST_STEP][PASSED] - openBrowser(""): Browser is opened with url: ''

2019-01-09 11:15:05 - [MESSAGE][INFO] - Starting 'Chrome' driver

2019-01-09 11:15:06 - [MESSAGE][PASSED] - Browser is opened with url: ''

2019-01-09 11:15:06 - [TEST_STEP][PASSED] - navigateToUrl(URL): Navigate to 'https://epulsebeta2.com' successfully

2019-01-09 11:15:08 - [MESSAGE][PASSED] - Navigate to 'https://epulsebeta2.com' successfully

2019-01-09 11:15:08 - [TEST_STEP][PASSED] - setText(findTestObject("Login/Email Address"), User_email): Text 'alonzo.mack@knowink.com' is set on object 'Object Repository/Login/Email Address'

2019-01-09 11:15:09 - [MESSAGE][PASSED] - Text 'alonzo.mack@knowink.com' is set on object 'Object Repository/Login/Email Address'

2019-01-09 11:15:09 - [TEST_STEP][PASSED] - setEncryptedText(findTestObject("Login/Password"), Pswrd): Text ****** has been set on object 'Object Repository/Login/Password'

2019-01-09 11:15:09 - [MESSAGE][PASSED] - Text ****** has been set on object 'Object Repository/Login/Password'

2019-01-09 11:15:09 - [TEST_STEP][PASSED] - click(findTestObject("Login/Sign In")): Object: 'Object Repository/Login/Sign In' is clicked on

2019-01-09 11:15:09 - [MESSAGE][PASSED] - Object: 'Object Repository/Login/Sign In' is clicked on

2019-01-09 11:15:09 - [TEST_STEP][PASSED] - delay(1): Delayed 1 second(s)

2019-01-09 11:15:10 - [MESSAGE][PASSED] - Delayed 1 second(s)

2019-01-09 11:15:10 - [TEST_STEP][PASSED] - navigateToUrl(Oaths, STOP_ON_FAILURE): Navigate to 'https://am-automation-test.epulsebeta2.com/account_oaths' successfully

2019-01-09 11:15:12 - [MESSAGE][PASSED] - Navigate to 'https://am-automation-test.epulsebeta2.com/account_oaths' successfully

2019-01-09 11:15:12 - [TEST_STEP][PASSED] - delay(1): Delayed 1 second(s)

2019-01-09 11:15:13 - [MESSAGE][PASSED] - Delayed 1 second(s)

2019-01-09 11:15:13 - [TEST_STEP][PASSED] - click(findTestObject("Admin Console ePulse Menu/Account Settings/Oaths/TEMP/TEMP Type Filter/Filter Oath Types/Filter Type Dropdown")): Object: 'Object Repository/Admin Console ePulse Menu/Account Settings/Oaths/TEMP/TEMP Type Filter/Filter Oath Types/Filter Type Dropdown' is clicked on

2019-01-09 11:15:13 - [MESSAGE][PASSED] - Object: 'Object Repository/Admin Console ePulse Menu/Account Settings/Oaths/TEMP/TEMP Type Filter/Filter Oath Types/Filter Type Dropdown' is clicked on

2019-01-09 11:15:13 - [TEST_STEP][PASSED] - delay(1): Delayed 1 second(s)

2019-01-09 11:15:14 - [MESSAGE][PASSED] - Delayed 1 second(s)

2019-01-09 11:15:14 - [TEST_STEP][PASSED] - click(findTestObject("Admin Console ePulse Menu/Account Settings/Oaths/TEMP/TEMP Type Filter/Filter Oath Types/Apply Type Filters")): Object: 'Object Repository/Admin Console ePulse Menu/Account Settings/Oaths/TEMP/TEMP Type Filter/Filter Oath Types/Apply Type Filters' is clicked on

2019-01-09 11:15:14 - [MESSAGE][PASSED] - Object: 'Object Repository/Admin Console ePulse Menu/Account Settings/Oaths/TEMP/TEMP Type Filter/Filter Oath Types/Apply Type Filters' is clicked on

2019-01-09 11:15:14 - [TEST_STEP][PASSED] - delay(1): Delayed 1 second(s)

2019-01-09 11:15:15 - [MESSAGE][PASSED] - Delayed 1 second(s)

2019-01-09 11:15:15 - [TEST_STEP][PASSED] - click(findTestObject("Admin Console ePulse Menu/Account Settings/Oaths/TEMP/TEMP Type Filter/Filter Oath Types/Remove Filter Type ALL")): Object: 'Object Repository/Admin Console ePulse Menu/Account Settings/Oaths/TEMP/TEMP Type Filter/Filter Oath Types/Remove Filter Type ALL' is clicked on

2019-01-09 11:15:15 - [MESSAGE][PASSED] - Object: 'Object Repository/Admin Console ePulse Menu/Account Settings/Oaths/TEMP/TEMP Type Filter/Filter Oath Types/Remove Filter Type ALL' is clicked on

2019-01-09 11:15:15 - [TEST_STEP][PASSED] - delay(1): Delayed 1 second(s)

2019-01-09 11:15:16 - [MESSAGE][PASSED] - Delayed 1 second(s)

2019-01-09 11:15:16 - [TEST_STEP][PASSED] - click(findTestObject("Admin Console ePulse Menu/Account Settings/Oaths/TEMP/TEMP Type Filter/Filter Oath Types/Filter Type Dropdown")): Object: 'Object Repository/Admin Console ePulse Menu/Account Settings/Oaths/TEMP/TEMP Type Filter/Filter Oath Types/Filter Type Dropdown' is clicked on

2019-01-09 11:15:16 - [MESSAGE][PASSED] - Object: 'Object Repository/Admin Console ePulse Menu/Account Settings/Oaths/TEMP/TEMP Type Filter/Filter Oath Types/Filter Type Dropdown' is clicked on

2019-01-09 11:15:16 - [TEST_STEP][PASSED] - delay(1): Delayed 1 second(s)

2019-01-09 11:15:17 - [MESSAGE][PASSED] - Delayed 1 second(s)

2019-01-09 11:15:17 - [TEST_STEP][PASSED] - click(findTestObject("Admin Console ePulse Menu/Account Settings/Oaths/TEMP/TEMP Type Filter/Filter Oath Types/Filter Dropdown Options")): Object: 'Object Repository/Admin Console ePulse Menu/Account Settings/Oaths/TEMP/TEMP Type Filter/Filter Oath Types/Filter Dropdown Options' is clicked on

2019-01-09 11:15:17 - [MESSAGE][PASSED] - Object: 'Object Repository/Admin Console ePulse Menu/Account Settings/Oaths/TEMP/TEMP Type Filter/Filter Oath Types/Filter Dropdown Options' is clicked on

2019-01-09 11:15:18 - [TEST_STEP][PASSED] - delay(1): Delayed 1 second(s)

2019-01-09 11:15:19 - [MESSAGE][PASSED] - Delayed 1 second(s)

2019-01-09 11:15:19 - [TEST_STEP][PASSED] - click(findTestObject("Admin Console ePulse Menu/Account Settings/Oaths/TEMP/TEMP Type Filter/Filter Oath Types/Select Id Method")): Object: 'Object Repository/Admin Console ePulse Menu/Account Settings/Oaths/TEMP/TEMP Type Filter/Filter Oath Types/Select Id Method' is clicked on

2019-01-09 11:15:19 - [MESSAGE][PASSED] - Object: 'Object Repository/Admin Console ePulse Menu/Account Settings/Oaths/TEMP/TEMP Type Filter/Filter Oath Types/Select Id Method' is clicked on

2019-01-09 11:15:19 - [TEST_STEP][PASSED] - delay(1): Delayed 1 second(s)

2019-01-09 11:15:20 - [MESSAGE][PASSED] - Delayed 1 second(s)

2019-01-09 11:15:20 - [TEST_STEP][PASSED] - click(findTestObject("Admin Console ePulse Menu/Account Settings/Oaths/TEMP/TEMP Type Filter/Filter Oath Types/Apply Type Filters")): Object: 'Object Repository/Admin Console ePulse Menu/Account Settings/Oaths/TEMP/TEMP Type Filter/Filter Oath Types/Apply Type Filters' is clicked on

2019-01-09 11:15:20 - [MESSAGE][PASSED] - Object: 'Object Repository/Admin Console ePulse Menu/Account Settings/Oaths/TEMP/TEMP Type Filter/Filter Oath Types/Apply Type Filters' is clicked on

2019-01-09 11:15:20 - [TEST_STEP][PASSED] - delay(1): Delayed 1 second(s)

2019-01-09 11:15:21 - [MESSAGE][PASSED] - Delayed 1 second(s)

2019-01-09 11:15:21 - [TEST_STEP][PASSED] - click(findTestObject("Admin Console ePulse Menu/Account Settings/Oaths/TEMP/TEMP Type Filter/Filter Oath Types/Type Dropdown")): Object: 'Object Repository/Admin Console ePulse Menu/Account Settings/Oaths/TEMP/TEMP Type Filter/Filter Oath Types/Type Dropdown' is clicked on

2019-01-09 11:15:21 - [MESSAGE][PASSED] - Object: 'Object Repository/Admin Console ePulse Menu/Account Settings/Oaths/TEMP/TEMP Type Filter/Filter Oath Types/Type Dropdown' is clicked on

2019-01-09 11:15:21 - [TEST_STEP][PASSED] - delay(1): Delayed 1 second(s)

2019-01-09 11:15:22 - [MESSAGE][PASSED] - Delayed 1 second(s)

2019-01-09 11:15:22 - [TEST_STEP][PASSED] - click(findTestObject("Admin Console ePulse Menu/Account Settings/Oaths/TEMP/TEMP Type Filter/Filter Oath Types/Filter Type Dropdown")): Object: 'Object Repository/Admin Console ePulse Menu/Account Settings/Oaths/TEMP/TEMP Type Filter/Filter Oath Types/Filter Type Dropdown' is clicked on

2019-01-09 11:15:22 - [MESSAGE][PASSED] - Object: 'Object Repository/Admin Console ePulse Menu/Account Settings/Oaths/TEMP/TEMP Type Filter/Filter Oath Types/Filter Type Dropdown' is clicked on

2019-01-09 11:15:22 - [TEST_STEP][PASSED] - delay(1): Delayed 1 second(s)

2019-01-09 11:15:23 - [MESSAGE][PASSED] - Delayed 1 second(s)

2019-01-09 11:15:23 - [TEST_STEP][PASSED] - click(findTestObject("Admin Console ePulse Menu/Account Settings/Oaths/TEMP/TEMP Type Filter/Filter Oath Types/a_Id Method")): Object: 'Object Repository/Admin Console ePulse Menu/Account Settings/Oaths/TEMP/TEMP Type Filter/Filter Oath Types/a_Id Method' is clicked on

2019-01-09 11:15:23 - [MESSAGE][PASSED] - Object: 'Object Repository/Admin Console ePulse Menu/Account Settings/Oaths/TEMP/TEMP Type Filter/Filter Oath Types/a_Id Method' is clicked on

2019-01-09 11:15:23 - [TEST_STEP][PASSED] - delay(1): Delayed 1 second(s)

2019-01-09 11:15:24 - [MESSAGE][PASSED] - Delayed 1 second(s)

2019-01-09 11:15:24 - [TEST_STEP][PASSED] - click(findTestObject("Admin Console ePulse Menu/Account Settings/Oaths/TEMP/TEMP Type Filter/Filter Oath Types/li_Allow Voter To Vote")): Object: 'Object Repository/Admin Console ePulse Menu/Account Settings/Oaths/TEMP/TEMP Type Filter/Filter Oath Types/li_Allow Voter To Vote' is clicked on

2019-01-09 11:15:24 - [MESSAGE][PASSED] - Object: 'Object Repository/Admin Console ePulse Menu/Account Settings/Oaths/TEMP/TEMP Type Filter/Filter Oath Types/li_Allow Voter To Vote' is clicked on

2019-01-09 11:15:24 - [TEST_STEP][PASSED] - delay(1): Delayed 1 second(s)

2019-01-09 11:15:25 - [MESSAGE][PASSED] - Delayed 1 second(s)

2019-01-09 11:15:25 - [TEST_STEP][PASSED] - click(findTestObject("Admin Console ePulse Menu/Account Settings/Oaths/TEMP/TEMP Type Filter/Filter Oath Types/Apply Type Filters")): Object: 'Object Repository/Admin Console ePulse Menu/Account Settings/Oaths/TEMP/TEMP Type Filter/Filter Oath Types/Apply Type Filters' is clicked on

2019-01-09 11:15:25 - [MESSAGE][PASSED] - Object: 'Object Repository/Admin Console ePulse Menu/Account Settings/Oaths/TEMP/TEMP Type Filter/Filter Oath Types/Apply Type Filters' is clicked on

2019-01-09 11:15:25 - [TEST_STEP][PASSED] - delay(1): Delayed 1 second(s)

2019-01-09 11:15:26 - [MESSAGE][PASSED] - Delayed 1 second(s)

2019-01-09 11:15:26 - [TEST_STEP][PASSED] - click(findTestObject("Admin Console ePulse Menu/Account Settings/Oaths/TEMP/TEMP Type Filter/Filter Oath Types/span_Type Allow Voter To Vote_")): Object: 'Object Repository/Admin Console ePulse Menu/Account Settings/Oaths/TEMP/TEMP Type Filter/Filter Oath Types/span_Type Allow Voter To Vote_' is clicked on

2019-01-09 11:15:26 - [MESSAGE][PASSED] - Object: 'Object Repository/Admin Console ePulse Menu/Account Settings/Oaths/TEMP/TEMP Type Filter/Filter Oath Types/span_Type Allow Voter To Vote_' is clicked on

2019-01-09 11:15:26 - [TEST_STEP][PASSED] - delay(1): Delayed 1 second(s)

2019-01-09 11:15:27 - [MESSAGE][PASSED] - Delayed 1 second(s)

2019-01-09 11:15:27 - [TEST_STEP][PASSED] - click(findTestObject("Admin Console ePulse Menu/Account Settings/Oaths/TEMP/TEMP Type Filter/Filter Oath Types/Filter Type Dropdown")): Object: 'Object Repository/Admin Console ePulse Menu/Account Settings/Oaths/TEMP/TEMP Type Filter/Filter Oath Types/Filter Type Dropdown' is clicked on

2019-01-09 11:15:27 - [MESSAGE][PASSED] - Object: 'Object Repository/Admin Console ePulse Menu/Account Settings/Oaths/TEMP/TEMP Type Filter/Filter Oath Types/Filter Type Dropdown' is clicked on

2019-01-09 11:15:27 - [TEST_STEP][PASSED] - delay(1): Delayed 1 second(s)

2019-01-09 11:15:28 - [MESSAGE][PASSED] - Delayed 1 second(s)

2019-01-09 11:15:28 - [TEST_STEP][PASSED] - click(findTestObject("Admin Console ePulse Menu/Account Settings/Oaths/TEMP/TEMP Type Filter/Filter Oath Types/a_Allow Voter To Vote")): Object: 'Object Repository/Admin Console ePulse Menu/Account Settings/Oaths/TEMP/TEMP Type Filter/Filter Oath Types/a_Allow Voter To Vote' is clicked on

2019-01-09 11:15:28 - [MESSAGE][PASSED] - Object: 'Object Repository/Admin Console ePulse Menu/Account Settings/Oaths/TEMP/TEMP Type Filter/Filter Oath Types/a_Allow Voter To Vote' is clicked on

2019-01-09 11:15:28 - [TEST_STEP][PASSED] - delay(1): Delayed 1 second(s)

2019-01-09 11:15:29 - [MESSAGE][PASSED] - Delayed 1 second(s)

2019-01-09 11:15:29 - [TEST_STEP][PASSED] - click(findTestObject("Admin Console ePulse Menu/Account Settings/Oaths/TEMP/TEMP Type Filter/Filter Oath Types/li_Similar Name Affidavit")): Object: 'Object Repository/Admin Console ePulse Menu/Account Settings/Oaths/TEMP/TEMP Type Filter/Filter Oath Types/li_Similar Name Affidavit' is clicked on

2019-01-09 11:15:29 - [MESSAGE][PASSED] - Object: 'Object Repository/Admin Console ePulse Menu/Account Settings/Oaths/TEMP/TEMP Type Filter/Filter Oath Types/li_Similar Name Affidavit' is clicked on

2019-01-09 11:15:29 - [TEST_STEP][PASSED] - delay(1): Delayed 1 second(s)

2019-01-09 11:15:30 - [MESSAGE][PASSED] - Delayed 1 second(s)

2019-01-09 11:15:30 - [TEST_STEP][PASSED] - click(findTestObject("Admin Console ePulse Menu/Account Settings/Oaths/TEMP/TEMP Type Filter/Filter Oath Types/Apply Type Filters")): Object: 'Object Repository/Admin Console ePulse Menu/Account Settings/Oaths/TEMP/TEMP Type Filter/Filter Oath Types/Apply Type Filters' is clicked on

2019-01-09 11:15:30 - [MESSAGE][PASSED] - Object: 'Object Repository/Admin Console ePulse Menu/Account Settings/Oaths/TEMP/TEMP Type Filter/Filter Oath Types/Apply Type Filters' is clicked on

2019-01-09 11:15:30 - [TEST_STEP][PASSED] - delay(1): Delayed 1 second(s)

2019-01-09 11:15:31 - [MESSAGE][PASSED] - Delayed 1 second(s)

2019-01-09 11:15:31 - [TEST_STEP][PASSED] - click(findTestObject("Admin Console ePulse Menu/Account Settings/Oaths/TEMP/TEMP Type Filter/Filter Oath Types/Remove Filter Similar Name Affidav")): Object: 'Object Repository/Admin Console ePulse Menu/Account Settings/Oaths/TEMP/TEMP Type Filter/Filter Oath Types/Remove Filter Similar Name Affidav' is clicked on

2019-01-09 11:15:31 - [MESSAGE][PASSED] - Object: 'Object Repository/Admin Console ePulse Menu/Account Settings/Oaths/TEMP/TEMP Type Filter/Filter Oath Types/Remove Filter Similar Name Affidav' is clicked on

2019-01-09 11:15:31 - [TEST_STEP][PASSED] - delay(1): Delayed 1 second(s)

2019-01-09 11:15:33 - [MESSAGE][PASSED] - Delayed 1 second(s)

2019-01-09 11:15:33 - [TEST_STEP][PASSED] - click(findTestObject("Admin Console ePulse Menu/Account Settings/Oaths/TEMP/TEMP Type Filter/Filter Oath Types/Filter Type Dropdown")): Object: 'Object Repository/Admin Console ePulse Menu/Account Settings/Oaths/TEMP/TEMP Type Filter/Filter Oath Types/Filter Type Dropdown' is clicked on

2019-01-09 11:15:33 - [MESSAGE][PASSED] - Object: 'Object Repository/Admin Console ePulse Menu/Account Settings/Oaths/TEMP/TEMP Type Filter/Filter Oath Types/Filter Type Dropdown' is clicked on

2019-01-09 11:15:33 - [TEST_STEP][PASSED] - delay(1): Delayed 1 second(s)

2019-01-09 11:15:34 - [MESSAGE][PASSED] - Delayed 1 second(s)

2019-01-09 11:15:34 - [TEST_STEP][PASSED] - click(findTestObject("Admin Console ePulse Menu/Account Settings/Oaths/TEMP/TEMP Type Filter/Filter Oath Types/a_Similar Name Affidavit")): Object: 'Object Repository/Admin Console ePulse Menu/Account Settings/Oaths/TEMP/TEMP Type Filter/Filter Oath Types/a_Similar Name Affidavit' is clicked on

2019-01-09 11:15:34 - [MESSAGE][PASSED] - Object: 'Object Repository/Admin Console ePulse Menu/Account Settings/Oaths/TEMP/TEMP Type Filter/Filter Oath Types/a_Similar Name Affidavit' is clicked on

2019-01-09 11:15:34 - [TEST_STEP][PASSED] - delay(1): Delayed 1 second(s)

2019-01-09 11:15:35 - [MESSAGE][PASSED] - Delayed 1 second(s)

2019-01-09 11:15:35 - [TEST_STEP][PASSED] - click(findTestObject("Admin Console ePulse Menu/Account Settings/Oaths/TEMP/TEMP Type Filter/Filter Oath Types/li_Reasonable Impediment Decla")): Object: 'Object Repository/Admin Console ePulse Menu/Account Settings/Oaths/TEMP/TEMP Type Filter/Filter Oath Types/li_Reasonable Impediment Decla' is clicked on

2019-01-09 11:15:35 - [MESSAGE][PASSED] - Object: 'Object Repository/Admin Console ePulse Menu/Account Settings/Oaths/TEMP/TEMP Type Filter/Filter Oath Types/li_Reasonable Impediment Decla' is clicked on

2019-01-09 11:15:35 - [TEST_STEP][PASSED] - delay(1): Delayed 1 second(s)

2019-01-09 11:15:36 - [MESSAGE][PASSED] - Delayed 1 second(s)

2019-01-09 11:15:36 - [TEST_STEP][PASSED] - click(findTestObject("Admin Console ePulse Menu/Account Settings/Oaths/TEMP/TEMP Type Filter/Filter Oath Types/Apply Type Filters")): Object: 'Object Repository/Admin Console ePulse Menu/Account Settings/Oaths/TEMP/TEMP Type Filter/Filter Oath Types/Apply Type Filters' is clicked on

2019-01-09 11:15:36 - [MESSAGE][PASSED] - Object: 'Object Repository/Admin Console ePulse Menu/Account Settings/Oaths/TEMP/TEMP Type Filter/Filter Oath Types/Apply Type Filters' is clicked on

2019-01-09 11:15:36 - [TEST_STEP][PASSED] - delay(1): Delayed 1 second(s)

2019-01-09 11:15:37 - [MESSAGE][PASSED] - Delayed 1 second(s)

2019-01-09 11:15:37 - [TEST_STEP][PASSED] - click(findTestObject("Admin Console ePulse Menu/Account Settings/Oaths/TEMP/TEMP Type Filter/Filter Oath Types/Remove Filter Reasonable Impediment")): Object: 'Object Repository/Admin Console ePulse Menu/Account Settings/Oaths/TEMP/TEMP Type Filter/Filter Oath Types/Remove Filter Reasonable Impediment' is clicked on

2019-01-09 11:15:37 - [MESSAGE][PASSED] - Object: 'Object Repository/Admin Console ePulse Menu/Account Settings/Oaths/TEMP/TEMP Type Filter/Filter Oath Types/Remove Filter Reasonable Impediment' is clicked on

2019-01-09 11:15:37 - [TEST_STEP][PASSED] - delay(1): Delayed 1 second(s)

2019-01-09 11:15:38 - [MESSAGE][PASSED] - Delayed 1 second(s)]]></system-out>
         <system-err><![CDATA[]]></system-err>
      </testcase>
      <testcase name="Test Cases/Admin Console/Account Settings/Oaths()/Oaths - Filter - Status" classname="Test Cases/Admin Console/Account Settings/Oaths()/Oaths - Filter - Status" status="PASSED">
         <system-out><![CDATA[2019-01-09 11:15:40 - [TEST_CASE][PASSED] - Test Cases/Admin Console/Account Settings/Oaths()/Oaths - Filter - Status: Test Cases/Admin Console/Account Settings/Oaths()/Oaths - Filter - Status

2019-01-09 11:15:40 - [TEST_STEP][PASSED] - openBrowser(""): Browser is opened with url: ''

2019-01-09 11:15:40 - [MESSAGE][WARNING] - A browser is already opened. Closing browser and opening a new one

2019-01-09 11:15:40 - [MESSAGE][INFO] - Starting 'Chrome' driver

2019-01-09 11:15:41 - [MESSAGE][PASSED] - Browser is opened with url: ''

2019-01-09 11:15:41 - [TEST_STEP][PASSED] - navigateToUrl(URL): Navigate to 'https://epulsebeta2.com' successfully

2019-01-09 11:15:43 - [MESSAGE][PASSED] - Navigate to 'https://epulsebeta2.com' successfully

2019-01-09 11:15:43 - [TEST_STEP][PASSED] - setText(findTestObject("Login/Email Address"), User_email): Text 'alonzo.mack@knowink.com' is set on object 'Object Repository/Login/Email Address'

2019-01-09 11:15:43 - [MESSAGE][PASSED] - Text 'alonzo.mack@knowink.com' is set on object 'Object Repository/Login/Email Address'

2019-01-09 11:15:43 - [TEST_STEP][PASSED] - setEncryptedText(findTestObject("Login/Password"), Pswrd): Text ****** has been set on object 'Object Repository/Login/Password'

2019-01-09 11:15:43 - [MESSAGE][PASSED] - Text ****** has been set on object 'Object Repository/Login/Password'

2019-01-09 11:15:43 - [TEST_STEP][PASSED] - click(findTestObject("Login/Sign In")): Object: 'Object Repository/Login/Sign In' is clicked on

2019-01-09 11:15:44 - [MESSAGE][PASSED] - Object: 'Object Repository/Login/Sign In' is clicked on

2019-01-09 11:15:44 - [TEST_STEP][PASSED] - delay(1): Delayed 1 second(s)

2019-01-09 11:15:45 - [MESSAGE][PASSED] - Delayed 1 second(s)

2019-01-09 11:15:45 - [TEST_STEP][PASSED] - navigateToUrl(Oaths, STOP_ON_FAILURE): Navigate to 'https://am-automation-test.epulsebeta2.com/account_oaths' successfully

2019-01-09 11:15:46 - [MESSAGE][PASSED] - Navigate to 'https://am-automation-test.epulsebeta2.com/account_oaths' successfully

2019-01-09 11:15:46 - [TEST_STEP][PASSED] - delay(1): Delayed 1 second(s)

2019-01-09 11:15:47 - [MESSAGE][PASSED] - Delayed 1 second(s)

2019-01-09 11:15:47 - [TEST_STEP][PASSED] - click(findTestObject("Admin Console ePulse Menu/Account Settings/Oaths/TEMP/Page_Epulse  am-Automation-test/Status Filter")): Object: 'Object Repository/Admin Console ePulse Menu/Account Settings/Oaths/TEMP/Page_Epulse  am-Automation-test/Status Filter' is clicked on

2019-01-09 11:15:47 - [MESSAGE][PASSED] - Object: 'Object Repository/Admin Console ePulse Menu/Account Settings/Oaths/TEMP/Page_Epulse  am-Automation-test/Status Filter' is clicked on

2019-01-09 11:15:47 - [TEST_STEP][PASSED] - delay(1): Delayed 1 second(s)

2019-01-09 11:15:48 - [MESSAGE][PASSED] - Delayed 1 second(s)

2019-01-09 11:15:48 - [TEST_STEP][PASSED] - click(findTestObject("Admin Console ePulse Menu/Account Settings/Oaths/TEMP/Page_Epulse  am-Automation-test/Apply Status Filters")): Object: 'Object Repository/Admin Console ePulse Menu/Account Settings/Oaths/TEMP/Page_Epulse  am-Automation-test/Apply Status Filters' is clicked on

2019-01-09 11:15:48 - [MESSAGE][PASSED] - Object: 'Object Repository/Admin Console ePulse Menu/Account Settings/Oaths/TEMP/Page_Epulse  am-Automation-test/Apply Status Filters' is clicked on

2019-01-09 11:15:48 - [TEST_STEP][PASSED] - delay(1): Delayed 1 second(s)

2019-01-09 11:15:49 - [MESSAGE][PASSED] - Delayed 1 second(s)

2019-01-09 11:15:49 - [TEST_STEP][PASSED] - click(findTestObject("Admin Console ePulse Menu/Account Settings/Oaths/TEMP/Page_Epulse  am-Automation-test/Close Current Status Filter")): Object: 'Object Repository/Admin Console ePulse Menu/Account Settings/Oaths/TEMP/Page_Epulse  am-Automation-test/Close Current Status Filter' is clicked on

2019-01-09 11:15:49 - [MESSAGE][PASSED] - Object: 'Object Repository/Admin Console ePulse Menu/Account Settings/Oaths/TEMP/Page_Epulse  am-Automation-test/Close Current Status Filter' is clicked on

2019-01-09 11:15:49 - [TEST_STEP][PASSED] - click(findTestObject("Admin Console ePulse Menu/Account Settings/Oaths/TEMP/Page_Epulse  am-Automation-test/Status Filter")): Object: 'Object Repository/Admin Console ePulse Menu/Account Settings/Oaths/TEMP/Page_Epulse  am-Automation-test/Status Filter' is clicked on

2019-01-09 11:15:49 - [MESSAGE][PASSED] - Object: 'Object Repository/Admin Console ePulse Menu/Account Settings/Oaths/TEMP/Page_Epulse  am-Automation-test/Status Filter' is clicked on

2019-01-09 11:15:49 - [TEST_STEP][PASSED] - selectOptionByValue(findTestObject("Admin Console ePulse Menu/Account Settings/Oaths/TEMP/Page_Epulse  am-Automation-test/Status Filter Dropdown"), "archived", true): All options with value 'archived' are selected in object 'Object Repository/Admin Console ePulse Menu/Account Settings/Oaths/TEMP/Page_Epulse  am-Automation-test/Status Filter Dropdown'  using regular expression

2019-01-09 11:15:50 - [MESSAGE][PASSED] - All options with value 'archived' are selected in object 'Object Repository/Admin Console ePulse Menu/Account Settings/Oaths/TEMP/Page_Epulse  am-Automation-test/Status Filter Dropdown'  using regular expression

2019-01-09 11:15:50 - [TEST_STEP][PASSED] - click(findTestObject("Admin Console ePulse Menu/Account Settings/Oaths/TEMP/Page_Epulse  am-Automation-test/Apply Status Filters")): Object: 'Object Repository/Admin Console ePulse Menu/Account Settings/Oaths/TEMP/Page_Epulse  am-Automation-test/Apply Status Filters' is clicked on

2019-01-09 11:15:50 - [MESSAGE][PASSED] - Object: 'Object Repository/Admin Console ePulse Menu/Account Settings/Oaths/TEMP/Page_Epulse  am-Automation-test/Apply Status Filters' is clicked on

2019-01-09 11:15:50 - [TEST_STEP][PASSED] - delay(1): Delayed 1 second(s)

2019-01-09 11:15:51 - [MESSAGE][PASSED] - Delayed 1 second(s)

2019-01-09 11:15:51 - [TEST_STEP][PASSED] - click(findTestObject("Admin Console ePulse Menu/Account Settings/Oaths/TEMP/Page_Epulse  am-Automation-test/Close Archived Status Filter")): Object: 'Object Repository/Admin Console ePulse Menu/Account Settings/Oaths/TEMP/Page_Epulse  am-Automation-test/Close Archived Status Filter' is clicked on

2019-01-09 11:15:51 - [MESSAGE][PASSED] - Object: 'Object Repository/Admin Console ePulse Menu/Account Settings/Oaths/TEMP/Page_Epulse  am-Automation-test/Close Archived Status Filter' is clicked on

2019-01-09 11:15:51 - [TEST_STEP][PASSED] - click(findTestObject("Admin Console ePulse Menu/Account Settings/Oaths/TEMP/Page_Epulse  am-Automation-test/Status Filter")): Object: 'Object Repository/Admin Console ePulse Menu/Account Settings/Oaths/TEMP/Page_Epulse  am-Automation-test/Status Filter' is clicked on

2019-01-09 11:15:51 - [MESSAGE][PASSED] - Object: 'Object Repository/Admin Console ePulse Menu/Account Settings/Oaths/TEMP/Page_Epulse  am-Automation-test/Status Filter' is clicked on

2019-01-09 11:15:51 - [TEST_STEP][PASSED] - selectOptionByValue(findTestObject("Admin Console ePulse Menu/Account Settings/Oaths/TEMP/Page_Epulse  am-Automation-test/Status Filter Dropdown"), "both", true): All options with value 'both' are selected in object 'Object Repository/Admin Console ePulse Menu/Account Settings/Oaths/TEMP/Page_Epulse  am-Automation-test/Status Filter Dropdown'  using regular expression

2019-01-09 11:15:51 - [MESSAGE][PASSED] - All options with value 'both' are selected in object 'Object Repository/Admin Console ePulse Menu/Account Settings/Oaths/TEMP/Page_Epulse  am-Automation-test/Status Filter Dropdown'  using regular expression

2019-01-09 11:15:51 - [TEST_STEP][PASSED] - click(findTestObject("Admin Console ePulse Menu/Account Settings/Oaths/TEMP/Page_Epulse  am-Automation-test/Apply Status Filters")): Object: 'Object Repository/Admin Console ePulse Menu/Account Settings/Oaths/TEMP/Page_Epulse  am-Automation-test/Apply Status Filters' is clicked on

2019-01-09 11:15:51 - [MESSAGE][PASSED] - Object: 'Object Repository/Admin Console ePulse Menu/Account Settings/Oaths/TEMP/Page_Epulse  am-Automation-test/Apply Status Filters' is clicked on

2019-01-09 11:15:51 - [TEST_STEP][PASSED] - delay(1): Delayed 1 second(s)

2019-01-09 11:15:52 - [MESSAGE][PASSED] - Delayed 1 second(s)

2019-01-09 11:15:52 - [TEST_STEP][PASSED] - click(findTestObject("Admin Console ePulse Menu/Account Settings/Oaths/TEMP/Page_Epulse  am-Automation-test/Close Both Status Filter")): Object: 'Object Repository/Admin Console ePulse Menu/Account Settings/Oaths/TEMP/Page_Epulse  am-Automation-test/Close Both Status Filter' is clicked on

2019-01-09 11:15:52 - [MESSAGE][PASSED] - Object: 'Object Repository/Admin Console ePulse Menu/Account Settings/Oaths/TEMP/Page_Epulse  am-Automation-test/Close Both Status Filter' is clicked on

2019-01-09 11:15:52 - [TEST_STEP][PASSED] - closeBrowser(): Browser is closed

2019-01-09 11:15:52 - [MESSAGE][PASSED] - Browser is closed]]></system-out>
         <system-err><![CDATA[]]></system-err>
      </testcase>
      <testcase name="Test Cases/Admin Console/Account Settings/Oaths()/Oaths - Delete" classname="Test Cases/Admin Console/Account Settings/Oaths()/Oaths - Delete" status="PASSED">
         <system-out><![CDATA[2019-01-09 11:15:54 - [TEST_CASE][PASSED] - Test Cases/Admin Console/Account Settings/Oaths()/Oaths - Delete: Test Cases/Admin Console/Account Settings/Oaths()/Oaths - Delete

2019-01-09 11:15:54 - [TEST_STEP][PASSED] - openBrowser(""): Browser is opened with url: ''

2019-01-09 11:15:54 - [MESSAGE][INFO] - Starting 'Chrome' driver

2019-01-09 11:15:55 - [MESSAGE][PASSED] - Browser is opened with url: ''

2019-01-09 11:15:55 - [TEST_STEP][PASSED] - navigateToUrl(URL): Navigate to 'https://epulsebeta2.com' successfully

2019-01-09 11:15:57 - [MESSAGE][PASSED] - Navigate to 'https://epulsebeta2.com' successfully

2019-01-09 11:15:57 - [TEST_STEP][PASSED] - setText(findTestObject("Login/Email Address"), User_email): Text 'alonzo.mack@knowink.com' is set on object 'Object Repository/Login/Email Address'

2019-01-09 11:15:57 - [MESSAGE][PASSED] - Text 'alonzo.mack@knowink.com' is set on object 'Object Repository/Login/Email Address'

2019-01-09 11:15:57 - [TEST_STEP][PASSED] - setEncryptedText(findTestObject("Login/Password"), Pswrd): Text ****** has been set on object 'Object Repository/Login/Password'

2019-01-09 11:15:57 - [MESSAGE][PASSED] - Text ****** has been set on object 'Object Repository/Login/Password'

2019-01-09 11:15:57 - [TEST_STEP][PASSED] - click(findTestObject("Login/Sign In")): Object: 'Object Repository/Login/Sign In' is clicked on

2019-01-09 11:15:58 - [MESSAGE][PASSED] - Object: 'Object Repository/Login/Sign In' is clicked on

2019-01-09 11:15:58 - [TEST_STEP][PASSED] - delay(1): Delayed 1 second(s)

2019-01-09 11:15:59 - [MESSAGE][PASSED] - Delayed 1 second(s)

2019-01-09 11:15:59 - [TEST_STEP][PASSED] - navigateToUrl(Oaths, STOP_ON_FAILURE): Navigate to 'https://am-automation-test.epulsebeta2.com/account_oaths' successfully

2019-01-09 11:16:00 - [MESSAGE][PASSED] - Navigate to 'https://am-automation-test.epulsebeta2.com/account_oaths' successfully

2019-01-09 11:16:00 - [TEST_STEP][PASSED] - delay(1): Delayed 1 second(s)

2019-01-09 11:16:01 - [MESSAGE][PASSED] - Delayed 1 second(s)

2019-01-09 11:16:01 - [TEST_STEP][PASSED] - click(findTestObject("Admin Console ePulse Menu/Account Settings/Oaths/Delete Displayed Oath")): Object: 'Object Repository/Admin Console ePulse Menu/Account Settings/Oaths/Delete Displayed Oath' is clicked on

2019-01-09 11:16:01 - [MESSAGE][PASSED] - Object: 'Object Repository/Admin Console ePulse Menu/Account Settings/Oaths/Delete Displayed Oath' is clicked on

2019-01-09 11:16:01 - [TEST_STEP][PASSED] - delay(1): Delayed 1 second(s)

2019-01-09 11:16:02 - [MESSAGE][PASSED] - Delayed 1 second(s)

2019-01-09 11:16:02 - [TEST_STEP][PASSED] - acceptAlert(STOP_ON_FAILURE): Alert accepted

2019-01-09 11:16:02 - [MESSAGE][PASSED] - Alert accepted

2019-01-09 11:16:02 - [TEST_STEP][PASSED] - delay(1): Delayed 1 second(s)

2019-01-09 11:16:03 - [MESSAGE][PASSED] - Delayed 1 second(s)

2019-01-09 11:16:03 - [TEST_STEP][PASSED] - click(findTestObject("Admin Console ePulse Menu/Account Settings/Oaths/Delete Displayed Oath")): Object: 'Object Repository/Admin Console ePulse Menu/Account Settings/Oaths/Delete Displayed Oath' is clicked on

2019-01-09 11:16:03 - [MESSAGE][PASSED] - Object: 'Object Repository/Admin Console ePulse Menu/Account Settings/Oaths/Delete Displayed Oath' is clicked on

2019-01-09 11:16:03 - [TEST_STEP][PASSED] - delay(1): Delayed 1 second(s)

2019-01-09 11:16:04 - [MESSAGE][PASSED] - Delayed 1 second(s)

2019-01-09 11:16:04 - [TEST_STEP][PASSED] - acceptAlert(STOP_ON_FAILURE): Alert accepted

2019-01-09 11:16:04 - [MESSAGE][PASSED] - Alert accepted

2019-01-09 11:16:04 - [TEST_STEP][PASSED] - delay(1): Delayed 1 second(s)

2019-01-09 11:16:05 - [MESSAGE][PASSED] - Delayed 1 second(s)

2019-01-09 11:16:05 - [TEST_STEP][PASSED] - click(findTestObject("Admin Console ePulse Menu/Account Settings/Oaths/Delete Displayed Oath")): Object: 'Object Repository/Admin Console ePulse Menu/Account Settings/Oaths/Delete Displayed Oath' is clicked on

2019-01-09 11:16:05 - [MESSAGE][PASSED] - Object: 'Object Repository/Admin Console ePulse Menu/Account Settings/Oaths/Delete Displayed Oath' is clicked on

2019-01-09 11:16:05 - [TEST_STEP][PASSED] - delay(1): Delayed 1 second(s)

2019-01-09 11:16:06 - [MESSAGE][PASSED] - Delayed 1 second(s)

2019-01-09 11:16:06 - [TEST_STEP][PASSED] - acceptAlert(STOP_ON_FAILURE): Alert accepted

2019-01-09 11:16:06 - [MESSAGE][PASSED] - Alert accepted

2019-01-09 11:16:06 - [TEST_STEP][PASSED] - delay(1): Delayed 1 second(s)

2019-01-09 11:16:07 - [MESSAGE][PASSED] - Delayed 1 second(s)

2019-01-09 11:16:07 - [TEST_STEP][PASSED] - click(findTestObject("Admin Console ePulse Menu/Account Settings/Oaths/Delete Displayed Oath")): Object: 'Object Repository/Admin Console ePulse Menu/Account Settings/Oaths/Delete Displayed Oath' is clicked on

2019-01-09 11:16:07 - [MESSAGE][PASSED] - Object: 'Object Repository/Admin Console ePulse Menu/Account Settings/Oaths/Delete Displayed Oath' is clicked on

2019-01-09 11:16:07 - [TEST_STEP][PASSED] - delay(1): Delayed 1 second(s)

2019-01-09 11:16:08 - [MESSAGE][PASSED] - Delayed 1 second(s)

2019-01-09 11:16:08 - [TEST_STEP][PASSED] - acceptAlert(STOP_ON_FAILURE): Alert accepted

2019-01-09 11:16:08 - [MESSAGE][PASSED] - Alert accepted

2019-01-09 11:16:08 - [TEST_STEP][PASSED] - delay(1): Delayed 1 second(s)

2019-01-09 11:16:09 - [MESSAGE][PASSED] - Delayed 1 second(s)

2019-01-09 11:16:09 - [TEST_STEP][PASSED] - click(findTestObject("Admin Console ePulse Menu/Account Settings/Oaths/Delete Displayed Oath")): Object: 'Object Repository/Admin Console ePulse Menu/Account Settings/Oaths/Delete Displayed Oath' is clicked on

2019-01-09 11:16:09 - [MESSAGE][PASSED] - Object: 'Object Repository/Admin Console ePulse Menu/Account Settings/Oaths/Delete Displayed Oath' is clicked on

2019-01-09 11:16:09 - [TEST_STEP][PASSED] - delay(1): Delayed 1 second(s)

2019-01-09 11:16:10 - [MESSAGE][PASSED] - Delayed 1 second(s)

2019-01-09 11:16:10 - [TEST_STEP][PASSED] - acceptAlert(STOP_ON_FAILURE): Alert accepted

2019-01-09 11:16:10 - [MESSAGE][PASSED] - Alert accepted

2019-01-09 11:16:10 - [TEST_STEP][PASSED] - delay(1): Delayed 1 second(s)

2019-01-09 11:16:11 - [MESSAGE][PASSED] - Delayed 1 second(s)

2019-01-09 11:16:11 - [TEST_STEP][PASSED] - click(findTestObject("Admin Console ePulse Menu/Account Settings/Oaths/Delete Displayed Oath")): Object: 'Object Repository/Admin Console ePulse Menu/Account Settings/Oaths/Delete Displayed Oath' is clicked on

2019-01-09 11:16:11 - [MESSAGE][PASSED] - Object: 'Object Repository/Admin Console ePulse Menu/Account Settings/Oaths/Delete Displayed Oath' is clicked on

2019-01-09 11:16:11 - [TEST_STEP][PASSED] - delay(1): Delayed 1 second(s)

2019-01-09 11:16:12 - [MESSAGE][PASSED] - Delayed 1 second(s)

2019-01-09 11:16:12 - [TEST_STEP][PASSED] - acceptAlert(STOP_ON_FAILURE): Alert accepted

2019-01-09 11:16:12 - [MESSAGE][PASSED] - Alert accepted

2019-01-09 11:16:12 - [TEST_STEP][PASSED] - delay(1): Delayed 1 second(s)

2019-01-09 11:16:13 - [MESSAGE][PASSED] - Delayed 1 second(s)

2019-01-09 11:16:13 - [TEST_STEP][PASSED] - closeBrowser(): Browser is closed

2019-01-09 11:16:13 - [MESSAGE][PASSED] - Browser is closed]]></system-out>
         <system-err><![CDATA[]]></system-err>
      </testcase>
      <testcase name="Test Cases/Admin Console/Account Settings/Oaths()/Oaths - Import" classname="Test Cases/Admin Console/Account Settings/Oaths()/Oaths - Import" status="PASSED">
         <system-out><![CDATA[2019-01-09 11:16:15 - [TEST_CASE][PASSED] - Test Cases/Admin Console/Account Settings/Oaths()/Oaths - Import: Test Cases/Admin Console/Account Settings/Oaths()/Oaths - Import

2019-01-09 11:16:16 - [TEST_STEP][PASSED] - openBrowser(""): Browser is opened with url: ''

2019-01-09 11:16:16 - [MESSAGE][INFO] - Starting 'Chrome' driver

2019-01-09 11:16:17 - [MESSAGE][PASSED] - Browser is opened with url: ''

2019-01-09 11:16:17 - [TEST_STEP][PASSED] - navigateToUrl(URL): Navigate to 'https://epulsebeta2.com' successfully

2019-01-09 11:16:18 - [MESSAGE][PASSED] - Navigate to 'https://epulsebeta2.com' successfully

2019-01-09 11:16:18 - [TEST_STEP][PASSED] - setText(findTestObject("Login/Email Address"), User_email): Text 'alonzo.mack@knowink.com' is set on object 'Object Repository/Login/Email Address'

2019-01-09 11:16:18 - [MESSAGE][PASSED] - Text 'alonzo.mack@knowink.com' is set on object 'Object Repository/Login/Email Address'

2019-01-09 11:16:18 - [TEST_STEP][PASSED] - setEncryptedText(findTestObject("Login/Password"), Pswrd): Text ****** has been set on object 'Object Repository/Login/Password'

2019-01-09 11:16:18 - [MESSAGE][PASSED] - Text ****** has been set on object 'Object Repository/Login/Password'

2019-01-09 11:16:18 - [TEST_STEP][PASSED] - click(findTestObject("Login/Sign In")): Object: 'Object Repository/Login/Sign In' is clicked on

2019-01-09 11:16:19 - [MESSAGE][PASSED] - Object: 'Object Repository/Login/Sign In' is clicked on

2019-01-09 11:16:19 - [TEST_STEP][PASSED] - delay(1): Delayed 1 second(s)

2019-01-09 11:16:20 - [MESSAGE][PASSED] - Delayed 1 second(s)

2019-01-09 11:16:20 - [TEST_STEP][PASSED] - navigateToUrl(Oaths_Imports, STOP_ON_FAILURE): Navigate to 'https://am-automation-test.epulsebeta2.com/imports/account_oath' successfully

2019-01-09 11:16:21 - [MESSAGE][PASSED] - Navigate to 'https://am-automation-test.epulsebeta2.com/imports/account_oath' successfully

2019-01-09 11:16:21 - [TEST_STEP][PASSED] - delay(1): Delayed 1 second(s)

2019-01-09 11:16:22 - [MESSAGE][PASSED] - Delayed 1 second(s)

2019-01-09 11:16:22 - [TEST_STEP][PASSED] - setText(findTestObject("Common ePulse Objects/Choose File"), "/Users/alonzomack/Downloads/oaths.csv"): Text '/Users/alonzomack/Downloads/oaths.csv' is set on object 'Object Repository/Common ePulse Objects/Choose File'

2019-01-09 11:16:22 - [MESSAGE][PASSED] - Text '/Users/alonzomack/Downloads/oaths.csv' is set on object 'Object Repository/Common ePulse Objects/Choose File'

2019-01-09 11:16:22 - [TEST_STEP][PASSED] - delay(1): Delayed 1 second(s)

2019-01-09 11:16:23 - [MESSAGE][PASSED] - Delayed 1 second(s)

2019-01-09 11:16:23 - [TEST_STEP][NOT_RUN] - click(findTestObject("Admin Console ePulse Menu/Account Settings/Oaths/Skip duplicates_slider")): NOT_RUN: click(findTestObject("Admin Console ePulse Menu/Account Settings/Oaths/Skip duplicates_slider"))

2019-01-09 11:16:23 - [MESSAGE][NOT_RUN] - NOT_RUN: click(findTestObject("Admin Console ePulse Menu/Account Settings/Oaths/Skip duplicates_slider"))

2019-01-09 11:16:23 - [TEST_STEP][PASSED] - delay(1): Delayed 1 second(s)

2019-01-09 11:16:24 - [MESSAGE][PASSED] - Delayed 1 second(s)

2019-01-09 11:16:24 - [TEST_STEP][PASSED] - click(findTestObject("Common ePulse Objects/Continue Button")): Object: 'Object Repository/Common ePulse Objects/Continue Button' is clicked on

2019-01-09 11:16:24 - [MESSAGE][PASSED] - Object: 'Object Repository/Common ePulse Objects/Continue Button' is clicked on

2019-01-09 11:16:24 - [TEST_STEP][PASSED] - delay(1): Delayed 1 second(s)

2019-01-09 11:16:25 - [MESSAGE][PASSED] - Delayed 1 second(s)

2019-01-09 11:16:25 - [TEST_STEP][PASSED] - click(findTestObject("Common ePulse Objects/button_Done(working)")): Object: 'Object Repository/Common ePulse Objects/button_Done(working)' is clicked on

2019-01-09 11:16:29 - [MESSAGE][PASSED] - Object: 'Object Repository/Common ePulse Objects/button_Done(working)' is clicked on

2019-01-09 11:16:29 - [TEST_STEP][PASSED] - delay(1): Delayed 1 second(s)

2019-01-09 11:16:30 - [MESSAGE][PASSED] - Delayed 1 second(s)

2019-01-09 11:16:30 - [TEST_STEP][PASSED] - navigateToUrl(Oaths): Navigate to 'https://am-automation-test.epulsebeta2.com/account_oaths' successfully

2019-01-09 11:16:30 - [MESSAGE][PASSED] - Navigate to 'https://am-automation-test.epulsebeta2.com/account_oaths' successfully

2019-01-09 11:16:30 - [TEST_STEP][PASSED] - delay(1): Delayed 1 second(s)

2019-01-09 11:16:31 - [MESSAGE][PASSED] - Delayed 1 second(s)

2019-01-09 11:16:31 - [TEST_STEP][PASSED] - closeBrowser(STOP_ON_FAILURE): Browser is closed

2019-01-09 11:16:32 - [MESSAGE][PASSED] - Browser is closed]]></system-out>
         <system-err><![CDATA[]]></system-err>
      </testcase>
      <testcase name="Test Cases/Admin Console/Account Settings/Oaths()/Oaths - Export" classname="Test Cases/Admin Console/Account Settings/Oaths()/Oaths - Export" status="PASSED">
         <system-out><![CDATA[2019-01-09 11:16:34 - [TEST_CASE][PASSED] - Test Cases/Admin Console/Account Settings/Oaths()/Oaths - Export: Test Cases/Admin Console/Account Settings/Oaths()/Oaths - Export

2019-01-09 11:16:34 - [TEST_STEP][PASSED] - openBrowser(""): Browser is opened with url: ''

2019-01-09 11:16:34 - [MESSAGE][INFO] - Starting 'Chrome' driver

2019-01-09 11:16:35 - [MESSAGE][PASSED] - Browser is opened with url: ''

2019-01-09 11:16:35 - [TEST_STEP][PASSED] - navigateToUrl(URL): Navigate to 'https://epulsebeta2.com' successfully

2019-01-09 11:16:36 - [MESSAGE][PASSED] - Navigate to 'https://epulsebeta2.com' successfully

2019-01-09 11:16:36 - [TEST_STEP][PASSED] - setText(findTestObject("Login/Email Address"), User_email): Text 'alonzo.mack@knowink.com' is set on object 'Object Repository/Login/Email Address'

2019-01-09 11:16:37 - [MESSAGE][PASSED] - Text 'alonzo.mack@knowink.com' is set on object 'Object Repository/Login/Email Address'

2019-01-09 11:16:37 - [TEST_STEP][PASSED] - setEncryptedText(findTestObject("Login/Password"), Pswrd): Text ****** has been set on object 'Object Repository/Login/Password'

2019-01-09 11:16:37 - [MESSAGE][PASSED] - Text ****** has been set on object 'Object Repository/Login/Password'

2019-01-09 11:16:37 - [TEST_STEP][PASSED] - click(findTestObject("Login/Sign In")): Object: 'Object Repository/Login/Sign In' is clicked on

2019-01-09 11:16:37 - [MESSAGE][PASSED] - Object: 'Object Repository/Login/Sign In' is clicked on

2019-01-09 11:16:37 - [TEST_STEP][PASSED] - delay(1): Delayed 1 second(s)

2019-01-09 11:16:38 - [MESSAGE][PASSED] - Delayed 1 second(s)

2019-01-09 11:16:38 - [TEST_STEP][PASSED] - navigateToUrl(Oaths): Navigate to 'https://am-automation-test.epulsebeta2.com/account_oaths' successfully

2019-01-09 11:16:39 - [MESSAGE][PASSED] - Navigate to 'https://am-automation-test.epulsebeta2.com/account_oaths' successfully

2019-01-09 11:16:39 - [TEST_STEP][PASSED] - delay(1): Delayed 1 second(s)

2019-01-09 11:16:40 - [MESSAGE][PASSED] - Delayed 1 second(s)

2019-01-09 11:16:40 - [TEST_STEP][PASSED] - click(findTestObject("Admin Console ePulse Menu/Account Settings/Oaths/Page_Epulse  am-Automation-test/Download")): Object: 'Object Repository/Admin Console ePulse Menu/Account Settings/Oaths/Page_Epulse  am-Automation-test/Download' is clicked on

2019-01-09 11:16:40 - [MESSAGE][PASSED] - Object: 'Object Repository/Admin Console ePulse Menu/Account Settings/Oaths/Page_Epulse  am-Automation-test/Download' is clicked on

2019-01-09 11:16:40 - [TEST_STEP][PASSED] - delay(1): Delayed 1 second(s)

2019-01-09 11:16:41 - [MESSAGE][PASSED] - Delayed 1 second(s)

2019-01-09 11:16:41 - [TEST_STEP][PASSED] - closeBrowser(STOP_ON_FAILURE): Browser is closed

2019-01-09 11:16:42 - [MESSAGE][PASSED] - Browser is closed]]></system-out>
         <system-err><![CDATA[]]></system-err>
      </testcase>
      <testcase name="Test Cases/Admin Console/Account Settings/Oaths()/Oaths - Edit" classname="Test Cases/Admin Console/Account Settings/Oaths()/Oaths - Edit" status="PASSED">
         <system-out><![CDATA[2019-01-09 11:16:44 - [TEST_CASE][PASSED] - Test Cases/Admin Console/Account Settings/Oaths()/Oaths - Edit: Test Cases/Admin Console/Account Settings/Oaths()/Oaths - Edit

2019-01-09 11:16:44 - [TEST_STEP][PASSED] - openBrowser(""): Browser is opened with url: ''

2019-01-09 11:16:44 - [MESSAGE][INFO] - Starting 'Chrome' driver

2019-01-09 11:16:45 - [MESSAGE][PASSED] - Browser is opened with url: ''

2019-01-09 11:16:45 - [TEST_STEP][PASSED] - navigateToUrl(URL): Navigate to 'https://epulsebeta2.com' successfully

2019-01-09 11:16:46 - [MESSAGE][PASSED] - Navigate to 'https://epulsebeta2.com' successfully

2019-01-09 11:16:46 - [TEST_STEP][PASSED] - setText(findTestObject("Login/Email Address"), User_email): Text 'alonzo.mack@knowink.com' is set on object 'Object Repository/Login/Email Address'

2019-01-09 11:16:47 - [MESSAGE][PASSED] - Text 'alonzo.mack@knowink.com' is set on object 'Object Repository/Login/Email Address'

2019-01-09 11:16:47 - [TEST_STEP][PASSED] - setEncryptedText(findTestObject("Login/Password"), Pswrd): Text ****** has been set on object 'Object Repository/Login/Password'

2019-01-09 11:16:47 - [MESSAGE][PASSED] - Text ****** has been set on object 'Object Repository/Login/Password'

2019-01-09 11:16:47 - [TEST_STEP][PASSED] - click(findTestObject("Login/Sign In")): Object: 'Object Repository/Login/Sign In' is clicked on

2019-01-09 11:16:47 - [MESSAGE][PASSED] - Object: 'Object Repository/Login/Sign In' is clicked on

2019-01-09 11:16:47 - [TEST_STEP][PASSED] - delay(1): Delayed 1 second(s)

2019-01-09 11:16:48 - [MESSAGE][PASSED] - Delayed 1 second(s)

2019-01-09 11:16:48 - [TEST_STEP][PASSED] - navigateToUrl(Oaths, STOP_ON_FAILURE): Navigate to 'https://am-automation-test.epulsebeta2.com/account_oaths' successfully

2019-01-09 11:16:49 - [MESSAGE][PASSED] - Navigate to 'https://am-automation-test.epulsebeta2.com/account_oaths' successfully

2019-01-09 11:16:49 - [TEST_STEP][PASSED] - delay(1): Delayed 1 second(s)

2019-01-09 11:16:50 - [MESSAGE][PASSED] - Delayed 1 second(s)

2019-01-09 11:16:50 - [TEST_STEP][PASSED] - click(findTestObject("Admin Console ePulse Menu/Account Settings/Oaths/Add_Edit Oath/Edit Displayed Oath")): Object: 'Object Repository/Admin Console ePulse Menu/Account Settings/Oaths/Add_Edit Oath/Edit Displayed Oath' is clicked on

2019-01-09 11:16:50 - [MESSAGE][PASSED] - Object: 'Object Repository/Admin Console ePulse Menu/Account Settings/Oaths/Add_Edit Oath/Edit Displayed Oath' is clicked on

2019-01-09 11:16:50 - [TEST_STEP][PASSED] - clearText(findTestObject("Admin Console ePulse Menu/Account Settings/Oaths/Add_Edit Oath/Edit_Name_account_oathname")): Text of object 'Object Repository/Admin Console ePulse Menu/Account Settings/Oaths/Add_Edit Oath/Edit_Name_account_oathname' is cleared

2019-01-09 11:16:50 - [MESSAGE][PASSED] - Text of object 'Object Repository/Admin Console ePulse Menu/Account Settings/Oaths/Add_Edit Oath/Edit_Name_account_oathname' is cleared

2019-01-09 11:16:50 - [TEST_STEP][PASSED] - setText(findTestObject("Admin Console ePulse Menu/Account Settings/Oaths/Add_Edit Oath/Edit_Name_account_oathname"), "Reasonable Impediment Declaration Edited"): Text 'Reasonable Impediment Declaration Edited' is set on object 'Object Repository/Admin Console ePulse Menu/Account Settings/Oaths/Add_Edit Oath/Edit_Name_account_oathname'

2019-01-09 11:16:51 - [MESSAGE][PASSED] - Text 'Reasonable Impediment Declaration Edited' is set on object 'Object Repository/Admin Console ePulse Menu/Account Settings/Oaths/Add_Edit Oath/Edit_Name_account_oathname'

2019-01-09 11:16:51 - [TEST_STEP][PASSED] - clearText(findTestObject("Admin Console ePulse Menu/Account Settings/Oaths/Add_Edit Oath/Edit Instructions")): Text of object 'Object Repository/Admin Console ePulse Menu/Account Settings/Oaths/Add_Edit Oath/Edit Instructions' is cleared

2019-01-09 11:16:51 - [MESSAGE][PASSED] - Text of object 'Object Repository/Admin Console ePulse Menu/Account Settings/Oaths/Add_Edit Oath/Edit Instructions' is cleared

2019-01-09 11:16:51 - [TEST_STEP][PASSED] - setText(findTestObject("Admin Console ePulse Menu/Account Settings/Oaths/Add_Edit Oath/Edit Instructions"), "Oath Instructions Edited"): Text 'Oath Instructions Edited' is set on object 'Object Repository/Admin Console ePulse Menu/Account Settings/Oaths/Add_Edit Oath/Edit Instructions'

2019-01-09 11:16:51 - [MESSAGE][PASSED] - Text 'Oath Instructions Edited' is set on object 'Object Repository/Admin Console ePulse Menu/Account Settings/Oaths/Add_Edit Oath/Edit Instructions'

2019-01-09 11:16:51 - [TEST_STEP][PASSED] - clearText(findTestObject("Admin Console ePulse Menu/Account Settings/Oaths/Add_Edit Oath/Edit Customized Oath Text"), STOP_ON_FAILURE): Text of object 'Object Repository/Admin Console ePulse Menu/Account Settings/Oaths/Add_Edit Oath/Edit Customized Oath Text' is cleared

2019-01-09 11:16:51 - [MESSAGE][PASSED] - Text of object 'Object Repository/Admin Console ePulse Menu/Account Settings/Oaths/Add_Edit Oath/Edit Customized Oath Text' is cleared

2019-01-09 11:16:51 - [TEST_STEP][PASSED] - setText(findTestObject("Admin Console ePulse Menu/Account Settings/Oaths/Add_Edit Oath/Edit Customized Oath Text"), "Edit the Customized oath displayed to voters"): Text 'Edit the Customized oath displayed to voters' is set on object 'Object Repository/Admin Console ePulse Menu/Account Settings/Oaths/Add_Edit Oath/Edit Customized Oath Text'

2019-01-09 11:16:51 - [MESSAGE][PASSED] - Text 'Edit the Customized oath displayed to voters' is set on object 'Object Repository/Admin Console ePulse Menu/Account Settings/Oaths/Add_Edit Oath/Edit Customized Oath Text'

2019-01-09 11:16:51 - [TEST_STEP][PASSED] - click(findTestObject("Submit Edit")): Object: 'Object Repository/Submit Edit' is clicked on

2019-01-09 11:16:51 - [MESSAGE][PASSED] - Object: 'Object Repository/Submit Edit' is clicked on

2019-01-09 11:16:51 - [TEST_STEP][PASSED] - delay(1): Delayed 1 second(s)

2019-01-09 11:16:52 - [MESSAGE][PASSED] - Delayed 1 second(s)

2019-01-09 11:16:52 - [TEST_STEP][PASSED] - closeBrowser(): Browser is closed

2019-01-09 11:16:52 - [MESSAGE][PASSED] - Browser is closed]]></system-out>
         <system-err><![CDATA[]]></system-err>
      </testcase>
      <testcase name="Test Cases/Admin Console/Account Settings/Prompts()/Prompts - Add" classname="Test Cases/Admin Console/Account Settings/Prompts()/Prompts - Add" status="PASSED">
         <system-out><![CDATA[2019-01-09 11:16:54 - [TEST_CASE][PASSED] - Test Cases/Admin Console/Account Settings/Prompts()/Prompts - Add: Test Cases/Admin Console/Account Settings/Prompts()/Prompts - Add

2019-01-09 11:16:54 - [TEST_STEP][PASSED] - openBrowser(""): Browser is opened with url: ''

2019-01-09 11:16:54 - [MESSAGE][INFO] - Starting 'Chrome' driver

2019-01-09 11:16:56 - [MESSAGE][PASSED] - Browser is opened with url: ''

2019-01-09 11:16:56 - [TEST_STEP][PASSED] - navigateToUrl(URL): Navigate to 'https://epulsebeta2.com' successfully

2019-01-09 11:16:57 - [MESSAGE][PASSED] - Navigate to 'https://epulsebeta2.com' successfully

2019-01-09 11:16:57 - [TEST_STEP][PASSED] - setText(findTestObject("Login/Email Address"), User_email): Text 'alonzo.mack@knowink.com' is set on object 'Object Repository/Login/Email Address'

2019-01-09 11:16:57 - [MESSAGE][PASSED] - Text 'alonzo.mack@knowink.com' is set on object 'Object Repository/Login/Email Address'

2019-01-09 11:16:57 - [TEST_STEP][PASSED] - setEncryptedText(findTestObject("Login/Password"), Pswrd): Text ****** has been set on object 'Object Repository/Login/Password'

2019-01-09 11:16:57 - [MESSAGE][PASSED] - Text ****** has been set on object 'Object Repository/Login/Password'

2019-01-09 11:16:57 - [TEST_STEP][PASSED] - click(findTestObject("Login/Sign In")): Object: 'Object Repository/Login/Sign In' is clicked on

2019-01-09 11:16:58 - [MESSAGE][PASSED] - Object: 'Object Repository/Login/Sign In' is clicked on

2019-01-09 11:16:58 - [TEST_STEP][PASSED] - delay(1): Delayed 1 second(s)

2019-01-09 11:16:59 - [MESSAGE][PASSED] - Delayed 1 second(s)

2019-01-09 11:16:59 - [TEST_STEP][PASSED] - navigateToUrl(Prompts, STOP_ON_FAILURE): Navigate to 'https://am-Automation-test.epulsebeta2.com/prompts' successfully

2019-01-09 11:17:00 - [MESSAGE][PASSED] - Navigate to 'https://am-Automation-test.epulsebeta2.com/prompts' successfully

2019-01-09 11:17:00 - [TEST_STEP][PASSED] - delay(1): Delayed 1 second(s)

2019-01-09 11:17:01 - [MESSAGE][PASSED] - Delayed 1 second(s)

2019-01-09 11:17:01 - [TEST_STEP][PASSED] - click(findTestObject("Admin Console ePulse Menu/Account Settings/Prompts/Create_New_Prompt_Button")): Object: 'Object Repository/Admin Console ePulse Menu/Account Settings/Prompts/Create_New_Prompt_Button' is clicked on

2019-01-09 11:17:01 - [MESSAGE][PASSED] - Object: 'Object Repository/Admin Console ePulse Menu/Account Settings/Prompts/Create_New_Prompt_Button' is clicked on

2019-01-09 11:17:01 - [TEST_STEP][PASSED] - setText(findTestObject("Admin Console ePulse Menu/Account Settings/Prompts/Add_Edit Prompt Modal/Name"), "Test Prompt"): Text 'Test Prompt' is set on object 'Object Repository/Admin Console ePulse Menu/Account Settings/Prompts/Add_Edit Prompt Modal/Name'

2019-01-09 11:17:02 - [MESSAGE][PASSED] - Text 'Test Prompt' is set on object 'Object Repository/Admin Console ePulse Menu/Account Settings/Prompts/Add_Edit Prompt Modal/Name'

2019-01-09 11:17:02 - [TEST_STEP][PASSED] - setText(findTestObject("Admin Console ePulse Menu/Account Settings/Prompts/Add_Edit Prompt Modal/Heading"), "Prompt"): Text 'Prompt' is set on object 'Object Repository/Admin Console ePulse Menu/Account Settings/Prompts/Add_Edit Prompt Modal/Heading'

2019-01-09 11:17:02 - [MESSAGE][PASSED] - Text 'Prompt' is set on object 'Object Repository/Admin Console ePulse Menu/Account Settings/Prompts/Add_Edit Prompt Modal/Heading'

2019-01-09 11:17:02 - [TEST_STEP][PASSED] - selectOptionByValue(findTestObject("Admin Console ePulse Menu/Account Settings/Prompts/Add_Edit Prompt Modal/Select Color"), "0", true): All options with value '0' are selected in object 'Object Repository/Admin Console ePulse Menu/Account Settings/Prompts/Add_Edit Prompt Modal/Select Color'  using regular expression

2019-01-09 11:17:02 - [MESSAGE][PASSED] - All options with value '0' are selected in object 'Object Repository/Admin Console ePulse Menu/Account Settings/Prompts/Add_Edit Prompt Modal/Select Color'  using regular expression

2019-01-09 11:17:02 - [TEST_STEP][PASSED] - setText(findTestObject("Admin Console ePulse Menu/Account Settings/Prompts/Add_Edit Prompt Modal/Order"), "1"): Text '1' is set on object 'Object Repository/Admin Console ePulse Menu/Account Settings/Prompts/Add_Edit Prompt Modal/Order'

2019-01-09 11:17:02 - [MESSAGE][PASSED] - Text '1' is set on object 'Object Repository/Admin Console ePulse Menu/Account Settings/Prompts/Add_Edit Prompt Modal/Order'

2019-01-09 11:17:02 - [TEST_STEP][PASSED] - setText(findTestObject("Admin Console ePulse Menu/Account Settings/Prompts/Add_Edit Prompt Modal/Field Label"), "Prompt"): Text 'Prompt' is set on object 'Object Repository/Admin Console ePulse Menu/Account Settings/Prompts/Add_Edit Prompt Modal/Field Label'

2019-01-09 11:17:02 - [MESSAGE][PASSED] - Text 'Prompt' is set on object 'Object Repository/Admin Console ePulse Menu/Account Settings/Prompts/Add_Edit Prompt Modal/Field Label'

2019-01-09 11:17:02 - [TEST_STEP][PASSED] - setText(findTestObject("Admin Console ePulse Menu/Account Settings/Prompts/Add_Edit Prompt Modal/Field Name"), "Prompt"): Text 'Prompt' is set on object 'Object Repository/Admin Console ePulse Menu/Account Settings/Prompts/Add_Edit Prompt Modal/Field Name'

2019-01-09 11:17:02 - [MESSAGE][PASSED] - Text 'Prompt' is set on object 'Object Repository/Admin Console ePulse Menu/Account Settings/Prompts/Add_Edit Prompt Modal/Field Name'

2019-01-09 11:17:02 - [TEST_STEP][PASSED] - click(findTestObject("Admin Console ePulse Menu/Account Settings/Prompts/Add_Edit Prompt Modal/Show Voter Info_slider")): Object: 'Object Repository/Admin Console ePulse Menu/Account Settings/Prompts/Add_Edit Prompt Modal/Show Voter Info_slider' is clicked on

2019-01-09 11:17:02 - [MESSAGE][PASSED] - Object: 'Object Repository/Admin Console ePulse Menu/Account Settings/Prompts/Add_Edit Prompt Modal/Show Voter Info_slider' is clicked on

2019-01-09 11:17:02 - [TEST_STEP][PASSED] - click(findTestObject("Admin Console ePulse Menu/Account Settings/Prompts/Add_Edit Prompt Modal/Show DOB Field_slider")): Object: 'Object Repository/Admin Console ePulse Menu/Account Settings/Prompts/Add_Edit Prompt Modal/Show DOB Field_slider' is clicked on

2019-01-09 11:17:02 - [MESSAGE][PASSED] - Object: 'Object Repository/Admin Console ePulse Menu/Account Settings/Prompts/Add_Edit Prompt Modal/Show DOB Field_slider' is clicked on

2019-01-09 11:17:02 - [TEST_STEP][PASSED] - setText(findTestObject("Admin Console ePulse Menu/Account Settings/Prompts/Add_Edit Prompt Modal/Instructions textarea "), "Test Prompt"): Text 'Test Prompt' is set on object 'Object Repository/Admin Console ePulse Menu/Account Settings/Prompts/Add_Edit Prompt Modal/Instructions textarea '

2019-01-09 11:17:02 - [MESSAGE][PASSED] - Text 'Test Prompt' is set on object 'Object Repository/Admin Console ePulse Menu/Account Settings/Prompts/Add_Edit Prompt Modal/Instructions textarea '

2019-01-09 11:17:02 - [TEST_STEP][PASSED] - click(findTestObject("Admin Console ePulse Menu/Account Settings/Prompts/Add_Edit Prompt Modal/Submit")): Object: 'Object Repository/Admin Console ePulse Menu/Account Settings/Prompts/Add_Edit Prompt Modal/Submit' is clicked on

2019-01-09 11:17:03 - [MESSAGE][PASSED] - Object: 'Object Repository/Admin Console ePulse Menu/Account Settings/Prompts/Add_Edit Prompt Modal/Submit' is clicked on

2019-01-09 11:17:03 - [TEST_STEP][PASSED] - delay(2): Delayed 2 second(s)

2019-01-09 11:17:05 - [MESSAGE][PASSED] - Delayed 2 second(s)

2019-01-09 11:17:05 - [TEST_STEP][PASSED] - closeBrowser(): Browser is closed

2019-01-09 11:17:05 - [MESSAGE][PASSED] - Browser is closed]]></system-out>
         <system-err><![CDATA[]]></system-err>
      </testcase>
      <testcase name="Test Cases/Admin Console/Account Settings/Prompts()/Prompts - Add Criteria" classname="Test Cases/Admin Console/Account Settings/Prompts()/Prompts - Add Criteria" status="PASSED">
         <system-out><![CDATA[2019-01-09 11:17:07 - [TEST_CASE][PASSED] - Test Cases/Admin Console/Account Settings/Prompts()/Prompts - Add Criteria: Test Cases/Admin Console/Account Settings/Prompts()/Prompts - Add Criteria

2019-01-09 11:17:07 - [TEST_STEP][PASSED] - openBrowser(""): Browser is opened with url: ''

2019-01-09 11:17:07 - [MESSAGE][INFO] - Starting 'Chrome' driver

2019-01-09 11:17:08 - [MESSAGE][PASSED] - Browser is opened with url: ''

2019-01-09 11:17:08 - [TEST_STEP][PASSED] - navigateToUrl(URL): Navigate to 'https://epulsebeta2.com' successfully

2019-01-09 11:17:10 - [MESSAGE][PASSED] - Navigate to 'https://epulsebeta2.com' successfully

2019-01-09 11:17:10 - [TEST_STEP][PASSED] - setText(findTestObject("Login/Email Address"), User_email): Text 'alonzo.mack@knowink.com' is set on object 'Object Repository/Login/Email Address'

2019-01-09 11:17:10 - [MESSAGE][PASSED] - Text 'alonzo.mack@knowink.com' is set on object 'Object Repository/Login/Email Address'

2019-01-09 11:17:10 - [TEST_STEP][PASSED] - setEncryptedText(findTestObject("Login/Password"), Pswrd): Text ****** has been set on object 'Object Repository/Login/Password'

2019-01-09 11:17:10 - [MESSAGE][PASSED] - Text ****** has been set on object 'Object Repository/Login/Password'

2019-01-09 11:17:10 - [TEST_STEP][PASSED] - click(findTestObject("Login/Sign In")): Object: 'Object Repository/Login/Sign In' is clicked on

2019-01-09 11:17:11 - [MESSAGE][PASSED] - Object: 'Object Repository/Login/Sign In' is clicked on

2019-01-09 11:17:11 - [TEST_STEP][PASSED] - delay(1): Delayed 1 second(s)

2019-01-09 11:17:12 - [MESSAGE][PASSED] - Delayed 1 second(s)

2019-01-09 11:17:12 - [TEST_STEP][PASSED] - navigateToUrl(Prompts, STOP_ON_FAILURE): Navigate to 'https://am-Automation-test.epulsebeta2.com/prompts' successfully

2019-01-09 11:17:12 - [MESSAGE][PASSED] - Navigate to 'https://am-Automation-test.epulsebeta2.com/prompts' successfully

2019-01-09 11:17:12 - [TEST_STEP][PASSED] - delay(1): Delayed 1 second(s)

2019-01-09 11:17:13 - [MESSAGE][PASSED] - Delayed 1 second(s)

2019-01-09 11:17:13 - [TEST_STEP][PASSED] - click(findTestObject("Admin Console ePulse Menu/Account Settings/Prompts/Add_CRITERIA_To_Prompt")): Object: 'Object Repository/Admin Console ePulse Menu/Account Settings/Prompts/Add_CRITERIA_To_Prompt' is clicked on

2019-01-09 11:17:14 - [MESSAGE][PASSED] - Object: 'Object Repository/Admin Console ePulse Menu/Account Settings/Prompts/Add_CRITERIA_To_Prompt' is clicked on

2019-01-09 11:17:14 - [TEST_STEP][PASSED] - delay(1): Delayed 1 second(s)

2019-01-09 11:17:15 - [MESSAGE][PASSED] - Delayed 1 second(s)

2019-01-09 11:17:15 - [TEST_STEP][PASSED] - selectOptionByValue(findTestObject("Admin Console ePulse Menu/Account Settings/Prompts/Prompt Criteria Modal/Add Criteria Dropdown"), "status_id", true): All options with value 'status_id' are selected in object 'Object Repository/Admin Console ePulse Menu/Account Settings/Prompts/Prompt Criteria Modal/Add Criteria Dropdown'  using regular expression

2019-01-09 11:17:15 - [MESSAGE][PASSED] - All options with value 'status_id' are selected in object 'Object Repository/Admin Console ePulse Menu/Account Settings/Prompts/Prompt Criteria Modal/Add Criteria Dropdown'  using regular expression

2019-01-09 11:17:15 - [TEST_STEP][PASSED] - delay(1): Delayed 1 second(s)

2019-01-09 11:17:16 - [MESSAGE][PASSED] - Delayed 1 second(s)

2019-01-09 11:17:16 - [TEST_STEP][PASSED] - click(findTestObject("Admin Console ePulse Menu/Account Settings/Prompts/Prompt Criteria Modal/Add Criteria(Plus Sign)")): Object: 'Object Repository/Admin Console ePulse Menu/Account Settings/Prompts/Prompt Criteria Modal/Add Criteria(Plus Sign)' is clicked on

2019-01-09 11:17:16 - [MESSAGE][PASSED] - Object: 'Object Repository/Admin Console ePulse Menu/Account Settings/Prompts/Prompt Criteria Modal/Add Criteria(Plus Sign)' is clicked on

2019-01-09 11:17:16 - [TEST_STEP][PASSED] - delay(1): Delayed 1 second(s)

2019-01-09 11:17:17 - [MESSAGE][PASSED] - Delayed 1 second(s)

2019-01-09 11:17:17 - [TEST_STEP][PASSED] - selectOptionByValue(findTestObject("Admin Console ePulse Menu/Account Settings/Prompts/Prompt Criteria Modal/Add Criteria Dropdown"), "voter_status_reason", true): All options with value 'voter_status_reason' are selected in object 'Object Repository/Admin Console ePulse Menu/Account Settings/Prompts/Prompt Criteria Modal/Add Criteria Dropdown'  using regular expression

2019-01-09 11:17:17 - [MESSAGE][PASSED] - All options with value 'voter_status_reason' are selected in object 'Object Repository/Admin Console ePulse Menu/Account Settings/Prompts/Prompt Criteria Modal/Add Criteria Dropdown'  using regular expression

2019-01-09 11:17:17 - [TEST_STEP][PASSED] - delay(1): Delayed 1 second(s)

2019-01-09 11:17:18 - [MESSAGE][PASSED] - Delayed 1 second(s)

2019-01-09 11:17:18 - [TEST_STEP][PASSED] - selectOptionByValue(findTestObject("Admin Console ePulse Menu/Account Settings/Prompts/Prompt Criteria Modal/Voter Status Reason Operator"), "1", true): All options with value '1' are selected in object 'Object Repository/Admin Console ePulse Menu/Account Settings/Prompts/Prompt Criteria Modal/Voter Status Reason Operator'  using regular expression

2019-01-09 11:17:18 - [MESSAGE][PASSED] - All options with value '1' are selected in object 'Object Repository/Admin Console ePulse Menu/Account Settings/Prompts/Prompt Criteria Modal/Voter Status Reason Operator'  using regular expression

2019-01-09 11:17:18 - [TEST_STEP][PASSED] - delay(1): Delayed 1 second(s)

2019-01-09 11:17:19 - [MESSAGE][PASSED] - Delayed 1 second(s)

2019-01-09 11:17:19 - [TEST_STEP][PASSED] - setText(findTestObject("Admin Console ePulse Menu/Account Settings/Prompts/Prompt Criteria Modal/Voter Status Reason Input Field"), "Voted"): Text 'Voted' is set on object 'Object Repository/Admin Console ePulse Menu/Account Settings/Prompts/Prompt Criteria Modal/Voter Status Reason Input Field'

2019-01-09 11:17:19 - [MESSAGE][PASSED] - Text 'Voted' is set on object 'Object Repository/Admin Console ePulse Menu/Account Settings/Prompts/Prompt Criteria Modal/Voter Status Reason Input Field'

2019-01-09 11:17:19 - [TEST_STEP][PASSED] - delay(1): Delayed 1 second(s)

2019-01-09 11:17:20 - [MESSAGE][PASSED] - Delayed 1 second(s)

2019-01-09 11:17:20 - [TEST_STEP][PASSED] - click(findTestObject("Admin Console ePulse Menu/Account Settings/Prompts/Prompt Criteria Modal/Add Criteria(Plus Sign)")): Object: 'Object Repository/Admin Console ePulse Menu/Account Settings/Prompts/Prompt Criteria Modal/Add Criteria(Plus Sign)' is clicked on

2019-01-09 11:17:20 - [MESSAGE][PASSED] - Object: 'Object Repository/Admin Console ePulse Menu/Account Settings/Prompts/Prompt Criteria Modal/Add Criteria(Plus Sign)' is clicked on

2019-01-09 11:17:20 - [TEST_STEP][PASSED] - delay(1): Delayed 1 second(s)

2019-01-09 11:17:21 - [MESSAGE][PASSED] - Delayed 1 second(s)

2019-01-09 11:17:21 - [TEST_STEP][PASSED] - selectOptionByValue(findTestObject("Admin Console ePulse Menu/Account Settings/Prompts/Prompt Criteria Modal/Add Criteria Dropdown"), "voter_over_18", true): All options with value 'voter_over_18' are selected in object 'Object Repository/Admin Console ePulse Menu/Account Settings/Prompts/Prompt Criteria Modal/Add Criteria Dropdown'  using regular expression

2019-01-09 11:17:22 - [MESSAGE][PASSED] - All options with value 'voter_over_18' are selected in object 'Object Repository/Admin Console ePulse Menu/Account Settings/Prompts/Prompt Criteria Modal/Add Criteria Dropdown'  using regular expression

2019-01-09 11:17:22 - [TEST_STEP][PASSED] - delay(1): Delayed 1 second(s)

2019-01-09 11:17:23 - [MESSAGE][PASSED] - Delayed 1 second(s)

2019-01-09 11:17:23 - [TEST_STEP][PASSED] - click(findTestObject("Admin Console ePulse Menu/Account Settings/Prompts/Prompt Criteria Modal/Add Criteria(Plus Sign)")): Object: 'Object Repository/Admin Console ePulse Menu/Account Settings/Prompts/Prompt Criteria Modal/Add Criteria(Plus Sign)' is clicked on

2019-01-09 11:17:23 - [MESSAGE][PASSED] - Object: 'Object Repository/Admin Console ePulse Menu/Account Settings/Prompts/Prompt Criteria Modal/Add Criteria(Plus Sign)' is clicked on

2019-01-09 11:17:23 - [TEST_STEP][PASSED] - delay(1): Delayed 1 second(s)

2019-01-09 11:17:24 - [MESSAGE][PASSED] - Delayed 1 second(s)

2019-01-09 11:17:24 - [TEST_STEP][PASSED] - selectOptionByValue(findTestObject("Admin Console ePulse Menu/Account Settings/Prompts/Prompt Criteria Modal/Add Criteria Dropdown"), "voter_party", true): All options with value 'voter_party' are selected in object 'Object Repository/Admin Console ePulse Menu/Account Settings/Prompts/Prompt Criteria Modal/Add Criteria Dropdown'  using regular expression

2019-01-09 11:17:24 - [MESSAGE][PASSED] - All options with value 'voter_party' are selected in object 'Object Repository/Admin Console ePulse Menu/Account Settings/Prompts/Prompt Criteria Modal/Add Criteria Dropdown'  using regular expression

2019-01-09 11:17:24 - [TEST_STEP][PASSED] - delay(1): Delayed 1 second(s)

2019-01-09 11:17:25 - [MESSAGE][PASSED] - Delayed 1 second(s)

2019-01-09 11:17:25 - [TEST_STEP][PASSED] - click(findTestObject("Admin Console ePulse Menu/Account Settings/Prompts/Prompt Criteria Modal/Add Criteria(Plus Sign)")): Object: 'Object Repository/Admin Console ePulse Menu/Account Settings/Prompts/Prompt Criteria Modal/Add Criteria(Plus Sign)' is clicked on

2019-01-09 11:17:25 - [MESSAGE][PASSED] - Object: 'Object Repository/Admin Console ePulse Menu/Account Settings/Prompts/Prompt Criteria Modal/Add Criteria(Plus Sign)' is clicked on

2019-01-09 11:17:25 - [TEST_STEP][PASSED] - delay(1): Delayed 1 second(s)

2019-01-09 11:17:26 - [MESSAGE][PASSED] - Delayed 1 second(s)

2019-01-09 11:17:26 - [TEST_STEP][PASSED] - selectOptionByValue(findTestObject("Admin Console ePulse Menu/Account Settings/Prompts/Prompt Criteria Modal/Add Criteria Dropdown"), "voter_absentee_information", true): All options with value 'voter_absentee_information' are selected in object 'Object Repository/Admin Console ePulse Menu/Account Settings/Prompts/Prompt Criteria Modal/Add Criteria Dropdown'  using regular expression

2019-01-09 11:17:26 - [MESSAGE][PASSED] - All options with value 'voter_absentee_information' are selected in object 'Object Repository/Admin Console ePulse Menu/Account Settings/Prompts/Prompt Criteria Modal/Add Criteria Dropdown'  using regular expression

2019-01-09 11:17:26 - [TEST_STEP][PASSED] - delay(1): Delayed 1 second(s)

2019-01-09 11:17:27 - [MESSAGE][PASSED] - Delayed 1 second(s)

2019-01-09 11:17:27 - [TEST_STEP][PASSED] - selectOptionByValue(findTestObject("Admin Console ePulse Menu/Account Settings/Prompts/Prompt Criteria Modal/Absentee Status Type"), "S", true): All options with value 'S' are selected in object 'Object Repository/Admin Console ePulse Menu/Account Settings/Prompts/Prompt Criteria Modal/Absentee Status Type'  using regular expression

2019-01-09 11:17:27 - [MESSAGE][PASSED] - All options with value 'S' are selected in object 'Object Repository/Admin Console ePulse Menu/Account Settings/Prompts/Prompt Criteria Modal/Absentee Status Type'  using regular expression

2019-01-09 11:17:27 - [TEST_STEP][PASSED] - delay(2): Delayed 2 second(s)

2019-01-09 11:17:29 - [MESSAGE][PASSED] - Delayed 2 second(s)

2019-01-09 11:17:29 - [TEST_STEP][PASSED] - click(findTestObject("Admin Console ePulse Menu/Account Settings/Prompts/Prompt Criteria Modal/Add Criteria(Plus Sign)")): Object: 'Object Repository/Admin Console ePulse Menu/Account Settings/Prompts/Prompt Criteria Modal/Add Criteria(Plus Sign)' is clicked on

2019-01-09 11:17:29 - [MESSAGE][PASSED] - Object: 'Object Repository/Admin Console ePulse Menu/Account Settings/Prompts/Prompt Criteria Modal/Add Criteria(Plus Sign)' is clicked on

2019-01-09 11:17:29 - [TEST_STEP][PASSED] - delay(1): Delayed 1 second(s)

2019-01-09 11:17:30 - [MESSAGE][PASSED] - Delayed 1 second(s)

2019-01-09 11:17:30 - [TEST_STEP][PASSED] - selectOptionByValue(findTestObject("Admin Console ePulse Menu/Account Settings/Prompts/Prompt Criteria Modal/Add Criteria Dropdown"), "voter_absentee_information", true): All options with value 'voter_absentee_information' are selected in object 'Object Repository/Admin Console ePulse Menu/Account Settings/Prompts/Prompt Criteria Modal/Add Criteria Dropdown'  using regular expression

2019-01-09 11:17:30 - [MESSAGE][PASSED] - All options with value 'voter_absentee_information' are selected in object 'Object Repository/Admin Console ePulse Menu/Account Settings/Prompts/Prompt Criteria Modal/Add Criteria Dropdown'  using regular expression

2019-01-09 11:17:30 - [TEST_STEP][PASSED] - delay(1): Delayed 1 second(s)

2019-01-09 11:17:31 - [MESSAGE][PASSED] - Delayed 1 second(s)

2019-01-09 11:17:31 - [TEST_STEP][PASSED] - selectOptionByValue(findTestObject("Admin Console ePulse Menu/Account Settings/Prompts/Prompt Criteria Modal/Absentee Status Type"), "R", true): All options with value 'R' are selected in object 'Object Repository/Admin Console ePulse Menu/Account Settings/Prompts/Prompt Criteria Modal/Absentee Status Type'  using regular expression

2019-01-09 11:17:32 - [MESSAGE][PASSED] - All options with value 'R' are selected in object 'Object Repository/Admin Console ePulse Menu/Account Settings/Prompts/Prompt Criteria Modal/Absentee Status Type'  using regular expression

2019-01-09 11:17:32 - [TEST_STEP][PASSED] - delay(2): Delayed 2 second(s)

2019-01-09 11:17:34 - [MESSAGE][PASSED] - Delayed 2 second(s)

2019-01-09 11:17:34 - [TEST_STEP][PASSED] - click(findTestObject("Admin Console ePulse Menu/Account Settings/Prompts/Prompt Criteria Modal/Add Criteria(Plus Sign)")): Object: 'Object Repository/Admin Console ePulse Menu/Account Settings/Prompts/Prompt Criteria Modal/Add Criteria(Plus Sign)' is clicked on

2019-01-09 11:17:34 - [MESSAGE][PASSED] - Object: 'Object Repository/Admin Console ePulse Menu/Account Settings/Prompts/Prompt Criteria Modal/Add Criteria(Plus Sign)' is clicked on

2019-01-09 11:17:34 - [TEST_STEP][PASSED] - delay(1): Delayed 1 second(s)

2019-01-09 11:17:35 - [MESSAGE][PASSED] - Delayed 1 second(s)

2019-01-09 11:17:35 - [TEST_STEP][PASSED] - click(findTestObject("Admin Console ePulse Menu/Account Settings/Prompts/Prompt Criteria Modal/Save")): Object: 'Object Repository/Admin Console ePulse Menu/Account Settings/Prompts/Prompt Criteria Modal/Save' is clicked on

2019-01-09 11:17:35 - [MESSAGE][PASSED] - Object: 'Object Repository/Admin Console ePulse Menu/Account Settings/Prompts/Prompt Criteria Modal/Save' is clicked on

2019-01-09 11:17:35 - [TEST_STEP][PASSED] - closeBrowser(): Browser is closed

2019-01-09 11:17:35 - [MESSAGE][PASSED] - Browser is closed]]></system-out>
         <system-err><![CDATA[]]></system-err>
      </testcase>
      <testcase name="Test Cases/Admin Console/Account Settings/Prompts()/Prompts - Buttons" classname="Test Cases/Admin Console/Account Settings/Prompts()/Prompts - Buttons" status="PASSED">
         <system-out><![CDATA[2019-01-09 11:17:37 - [TEST_CASE][PASSED] - Test Cases/Admin Console/Account Settings/Prompts()/Prompts - Buttons: Test Cases/Admin Console/Account Settings/Prompts()/Prompts - Buttons

2019-01-09 11:17:37 - [TEST_STEP][PASSED] - openBrowser(""): Browser is opened with url: ''

2019-01-09 11:17:37 - [MESSAGE][INFO] - Starting 'Chrome' driver

2019-01-09 11:17:38 - [MESSAGE][PASSED] - Browser is opened with url: ''

2019-01-09 11:17:38 - [TEST_STEP][PASSED] - navigateToUrl(URL): Navigate to 'https://epulsebeta2.com' successfully

2019-01-09 11:17:39 - [MESSAGE][PASSED] - Navigate to 'https://epulsebeta2.com' successfully

2019-01-09 11:17:39 - [TEST_STEP][PASSED] - setText(findTestObject("Login/Email Address"), User_email): Text 'alonzo.mack@knowink.com' is set on object 'Object Repository/Login/Email Address'

2019-01-09 11:17:40 - [MESSAGE][PASSED] - Text 'alonzo.mack@knowink.com' is set on object 'Object Repository/Login/Email Address'

2019-01-09 11:17:40 - [TEST_STEP][PASSED] - setEncryptedText(findTestObject("Login/Password"), Pswrd): Text ****** has been set on object 'Object Repository/Login/Password'

2019-01-09 11:17:40 - [MESSAGE][PASSED] - Text ****** has been set on object 'Object Repository/Login/Password'

2019-01-09 11:17:40 - [TEST_STEP][PASSED] - click(findTestObject("Login/Sign In")): Object: 'Object Repository/Login/Sign In' is clicked on

2019-01-09 11:17:41 - [MESSAGE][PASSED] - Object: 'Object Repository/Login/Sign In' is clicked on

2019-01-09 11:17:41 - [TEST_STEP][PASSED] - delay(1): Delayed 1 second(s)

2019-01-09 11:17:42 - [MESSAGE][PASSED] - Delayed 1 second(s)

2019-01-09 11:17:42 - [TEST_STEP][PASSED] - navigateToUrl(Prompts, STOP_ON_FAILURE): Navigate to 'https://am-Automation-test.epulsebeta2.com/prompts' successfully

2019-01-09 11:17:43 - [MESSAGE][PASSED] - Navigate to 'https://am-Automation-test.epulsebeta2.com/prompts' successfully

2019-01-09 11:17:43 - [TEST_STEP][PASSED] - delay(1): Delayed 1 second(s)

2019-01-09 11:17:44 - [MESSAGE][PASSED] - Delayed 1 second(s)

2019-01-09 11:17:44 - [TEST_STEP][PASSED] - click(findTestObject("Admin Console ePulse Menu/Account Settings/Prompts/Add_BUTTON_To_Prompt")): Object: 'Object Repository/Admin Console ePulse Menu/Account Settings/Prompts/Add_BUTTON_To_Prompt' is clicked on

2019-01-09 11:17:44 - [MESSAGE][PASSED] - Object: 'Object Repository/Admin Console ePulse Menu/Account Settings/Prompts/Add_BUTTON_To_Prompt' is clicked on

2019-01-09 11:17:44 - [TEST_STEP][PASSED] - delay(1): Delayed 1 second(s)

2019-01-09 11:17:45 - [MESSAGE][PASSED] - Delayed 1 second(s)

2019-01-09 11:17:45 - [TEST_STEP][PASSED] - setText(findTestObject("Admin Console ePulse Menu/Account Settings/Prompts/Prompt Button Modal/Input Button Label"), "test"): Text 'test' is set on object 'Object Repository/Admin Console ePulse Menu/Account Settings/Prompts/Prompt Button Modal/Input Button Label'

2019-01-09 11:17:45 - [MESSAGE][PASSED] - Text 'test' is set on object 'Object Repository/Admin Console ePulse Menu/Account Settings/Prompts/Prompt Button Modal/Input Button Label'

2019-01-09 11:17:45 - [TEST_STEP][PASSED] - delay(1): Delayed 1 second(s)

2019-01-09 11:17:46 - [MESSAGE][PASSED] - Delayed 1 second(s)

2019-01-09 11:17:46 - [TEST_STEP][PASSED] - selectOptionByValue(findTestObject("Admin Console ePulse Menu/Account Settings/Prompts/Prompt Button Modal/Select Button Type Dropdown"), "0", true): All options with value '0' are selected in object 'Object Repository/Admin Console ePulse Menu/Account Settings/Prompts/Prompt Button Modal/Select Button Type Dropdown'  using regular expression

2019-01-09 11:17:46 - [MESSAGE][PASSED] - All options with value '0' are selected in object 'Object Repository/Admin Console ePulse Menu/Account Settings/Prompts/Prompt Button Modal/Select Button Type Dropdown'  using regular expression

2019-01-09 11:17:46 - [TEST_STEP][PASSED] - delay(1): Delayed 1 second(s)

2019-01-09 11:17:47 - [MESSAGE][PASSED] - Delayed 1 second(s)

2019-01-09 11:17:47 - [TEST_STEP][PASSED] - click(findTestObject("Admin Console ePulse Menu/Account Settings/Prompts/Prompt Button Modal/Add New Button(plus sign)")): Object: 'Object Repository/Admin Console ePulse Menu/Account Settings/Prompts/Prompt Button Modal/Add New Button(plus sign)' is clicked on

2019-01-09 11:17:47 - [MESSAGE][PASSED] - Object: 'Object Repository/Admin Console ePulse Menu/Account Settings/Prompts/Prompt Button Modal/Add New Button(plus sign)' is clicked on

2019-01-09 11:17:47 - [TEST_STEP][PASSED] - delay(1): Delayed 1 second(s)

2019-01-09 11:17:48 - [MESSAGE][PASSED] - Delayed 1 second(s)

2019-01-09 11:17:48 - [TEST_STEP][PASSED] - setText(findTestObject("Admin Console ePulse Menu/Account Settings/Prompts/Prompt Button Modal/Input Button Label"), "test1"): Text 'test1' is set on object 'Object Repository/Admin Console ePulse Menu/Account Settings/Prompts/Prompt Button Modal/Input Button Label'

2019-01-09 11:17:48 - [MESSAGE][PASSED] - Text 'test1' is set on object 'Object Repository/Admin Console ePulse Menu/Account Settings/Prompts/Prompt Button Modal/Input Button Label'

2019-01-09 11:17:48 - [TEST_STEP][PASSED] - delay(1): Delayed 1 second(s)

2019-01-09 11:17:49 - [MESSAGE][PASSED] - Delayed 1 second(s)

2019-01-09 11:17:49 - [TEST_STEP][PASSED] - selectOptionByValue(findTestObject("Admin Console ePulse Menu/Account Settings/Prompts/Prompt Button Modal/Select Button Type Dropdown"), "1", true): All options with value '1' are selected in object 'Object Repository/Admin Console ePulse Menu/Account Settings/Prompts/Prompt Button Modal/Select Button Type Dropdown'  using regular expression

2019-01-09 11:17:49 - [MESSAGE][PASSED] - All options with value '1' are selected in object 'Object Repository/Admin Console ePulse Menu/Account Settings/Prompts/Prompt Button Modal/Select Button Type Dropdown'  using regular expression

2019-01-09 11:17:49 - [TEST_STEP][PASSED] - setText(findTestObject("Admin Console ePulse Menu/Account Settings/Prompts/Prompt Button Modal/Page_Epulse  am-Automation-test  Pr/Prompt Button Value"), "Allow to vote", STOP_ON_FAILURE): Text 'Allow to vote' is set on object 'Object Repository/Admin Console ePulse Menu/Account Settings/Prompts/Prompt Button Modal/Page_Epulse  am-Automation-test  Pr/Prompt Button Value'

2019-01-09 11:17:50 - [MESSAGE][PASSED] - Text 'Allow to vote' is set on object 'Object Repository/Admin Console ePulse Menu/Account Settings/Prompts/Prompt Button Modal/Page_Epulse  am-Automation-test  Pr/Prompt Button Value'

2019-01-09 11:17:50 - [TEST_STEP][PASSED] - delay(1): Delayed 1 second(s)

2019-01-09 11:17:51 - [MESSAGE][PASSED] - Delayed 1 second(s)

2019-01-09 11:17:51 - [TEST_STEP][PASSED] - click(findTestObject("Admin Console ePulse Menu/Account Settings/Prompts/Prompt Button Modal/Add New Button(plus sign)")): Object: 'Object Repository/Admin Console ePulse Menu/Account Settings/Prompts/Prompt Button Modal/Add New Button(plus sign)' is clicked on

2019-01-09 11:17:51 - [MESSAGE][PASSED] - Object: 'Object Repository/Admin Console ePulse Menu/Account Settings/Prompts/Prompt Button Modal/Add New Button(plus sign)' is clicked on

2019-01-09 11:17:51 - [TEST_STEP][PASSED] - delay(1): Delayed 1 second(s)

2019-01-09 11:17:52 - [MESSAGE][PASSED] - Delayed 1 second(s)

2019-01-09 11:17:52 - [TEST_STEP][PASSED] - setText(findTestObject("Admin Console ePulse Menu/Account Settings/Prompts/Prompt Button Modal/Input Button Label"), "test3"): Text 'test3' is set on object 'Object Repository/Admin Console ePulse Menu/Account Settings/Prompts/Prompt Button Modal/Input Button Label'

2019-01-09 11:17:52 - [MESSAGE][PASSED] - Text 'test3' is set on object 'Object Repository/Admin Console ePulse Menu/Account Settings/Prompts/Prompt Button Modal/Input Button Label'

2019-01-09 11:17:52 - [TEST_STEP][PASSED] - delay(1): Delayed 1 second(s)

2019-01-09 11:17:53 - [MESSAGE][PASSED] - Delayed 1 second(s)

2019-01-09 11:17:53 - [TEST_STEP][PASSED] - selectOptionByValue(findTestObject("Admin Console ePulse Menu/Account Settings/Prompts/Prompt Button Modal/Select Button Type Dropdown"), "2", true): All options with value '2' are selected in object 'Object Repository/Admin Console ePulse Menu/Account Settings/Prompts/Prompt Button Modal/Select Button Type Dropdown'  using regular expression

2019-01-09 11:17:53 - [MESSAGE][PASSED] - All options with value '2' are selected in object 'Object Repository/Admin Console ePulse Menu/Account Settings/Prompts/Prompt Button Modal/Select Button Type Dropdown'  using regular expression

2019-01-09 11:17:53 - [TEST_STEP][PASSED] - delay(1): Delayed 1 second(s)

2019-01-09 11:17:54 - [MESSAGE][PASSED] - Delayed 1 second(s)

2019-01-09 11:17:54 - [TEST_STEP][PASSED] - setText(findTestObject("Admin Console ePulse Menu/Account Settings/Prompts/Prompt Button Modal/Page_Epulse  am-Automation-test  Pr/Prompt Button Value"), "asdf"): Text 'asdf' is set on object 'Object Repository/Admin Console ePulse Menu/Account Settings/Prompts/Prompt Button Modal/Page_Epulse  am-Automation-test  Pr/Prompt Button Value'

2019-01-09 11:17:54 - [MESSAGE][PASSED] - Text 'asdf' is set on object 'Object Repository/Admin Console ePulse Menu/Account Settings/Prompts/Prompt Button Modal/Page_Epulse  am-Automation-test  Pr/Prompt Button Value'

2019-01-09 11:17:54 - [TEST_STEP][PASSED] - delay(1): Delayed 1 second(s)

2019-01-09 11:17:55 - [MESSAGE][PASSED] - Delayed 1 second(s)

2019-01-09 11:17:55 - [TEST_STEP][PASSED] - click(findTestObject("Admin Console ePulse Menu/Account Settings/Prompts/Prompt Button Modal/Add New Button(plus sign)")): Object: 'Object Repository/Admin Console ePulse Menu/Account Settings/Prompts/Prompt Button Modal/Add New Button(plus sign)' is clicked on

2019-01-09 11:17:55 - [MESSAGE][PASSED] - Object: 'Object Repository/Admin Console ePulse Menu/Account Settings/Prompts/Prompt Button Modal/Add New Button(plus sign)' is clicked on

2019-01-09 11:17:55 - [TEST_STEP][PASSED] - delay(1): Delayed 1 second(s)

2019-01-09 11:17:56 - [MESSAGE][PASSED] - Delayed 1 second(s)

2019-01-09 11:17:56 - [TEST_STEP][PASSED] - setText(findTestObject("Admin Console ePulse Menu/Account Settings/Prompts/Prompt Button Modal/Input Button Label"), "test2"): Text 'test2' is set on object 'Object Repository/Admin Console ePulse Menu/Account Settings/Prompts/Prompt Button Modal/Input Button Label'

2019-01-09 11:17:56 - [MESSAGE][PASSED] - Text 'test2' is set on object 'Object Repository/Admin Console ePulse Menu/Account Settings/Prompts/Prompt Button Modal/Input Button Label'

2019-01-09 11:17:56 - [TEST_STEP][PASSED] - delay(1): Delayed 1 second(s)

2019-01-09 11:17:57 - [MESSAGE][PASSED] - Delayed 1 second(s)

2019-01-09 11:17:57 - [TEST_STEP][PASSED] - selectOptionByValue(findTestObject("Admin Console ePulse Menu/Account Settings/Prompts/Prompt Button Modal/Select Button Type Dropdown"), "3", true): All options with value '3' are selected in object 'Object Repository/Admin Console ePulse Menu/Account Settings/Prompts/Prompt Button Modal/Select Button Type Dropdown'  using regular expression

2019-01-09 11:17:58 - [MESSAGE][PASSED] - All options with value '3' are selected in object 'Object Repository/Admin Console ePulse Menu/Account Settings/Prompts/Prompt Button Modal/Select Button Type Dropdown'  using regular expression

2019-01-09 11:17:58 - [TEST_STEP][PASSED] - delay(1): Delayed 1 second(s)

2019-01-09 11:17:59 - [MESSAGE][PASSED] - Delayed 1 second(s)

2019-01-09 11:17:59 - [TEST_STEP][PASSED] - setText(findTestObject("Admin Console ePulse Menu/Account Settings/Prompts/Prompt Button Modal/Input Button Label"), "test4"): Text 'test4' is set on object 'Object Repository/Admin Console ePulse Menu/Account Settings/Prompts/Prompt Button Modal/Input Button Label'

2019-01-09 11:17:59 - [MESSAGE][PASSED] - Text 'test4' is set on object 'Object Repository/Admin Console ePulse Menu/Account Settings/Prompts/Prompt Button Modal/Input Button Label'

2019-01-09 11:17:59 - [TEST_STEP][PASSED] - delay(1): Delayed 1 second(s)

2019-01-09 11:18:00 - [MESSAGE][PASSED] - Delayed 1 second(s)

2019-01-09 11:18:00 - [TEST_STEP][PASSED] - selectOptionByValue(findTestObject("Admin Console ePulse Menu/Account Settings/Prompts/Prompt Button Modal/Select Button Type Dropdown"), "4", true): All options with value '4' are selected in object 'Object Repository/Admin Console ePulse Menu/Account Settings/Prompts/Prompt Button Modal/Select Button Type Dropdown'  using regular expression

2019-01-09 11:18:00 - [MESSAGE][PASSED] - All options with value '4' are selected in object 'Object Repository/Admin Console ePulse Menu/Account Settings/Prompts/Prompt Button Modal/Select Button Type Dropdown'  using regular expression

2019-01-09 11:18:00 - [TEST_STEP][PASSED] - delay(1): Delayed 1 second(s)

2019-01-09 11:18:01 - [MESSAGE][PASSED] - Delayed 1 second(s)

2019-01-09 11:18:01 - [TEST_STEP][PASSED] - click(findTestObject("Admin Console ePulse Menu/Account Settings/Prompts/Prompt Button Modal/Add New Button(plus sign)")): Object: 'Object Repository/Admin Console ePulse Menu/Account Settings/Prompts/Prompt Button Modal/Add New Button(plus sign)' is clicked on

2019-01-09 11:18:01 - [MESSAGE][PASSED] - Object: 'Object Repository/Admin Console ePulse Menu/Account Settings/Prompts/Prompt Button Modal/Add New Button(plus sign)' is clicked on

2019-01-09 11:18:01 - [TEST_STEP][PASSED] - delay(1): Delayed 1 second(s)

2019-01-09 11:18:02 - [MESSAGE][PASSED] - Delayed 1 second(s)

2019-01-09 11:18:02 - [TEST_STEP][PASSED] - setText(findTestObject("Admin Console ePulse Menu/Account Settings/Prompts/Prompt Button Modal/Input Button Label"), "test5"): Text 'test5' is set on object 'Object Repository/Admin Console ePulse Menu/Account Settings/Prompts/Prompt Button Modal/Input Button Label'

2019-01-09 11:18:02 - [MESSAGE][PASSED] - Text 'test5' is set on object 'Object Repository/Admin Console ePulse Menu/Account Settings/Prompts/Prompt Button Modal/Input Button Label'

2019-01-09 11:18:02 - [TEST_STEP][PASSED] - delay(1): Delayed 1 second(s)

2019-01-09 11:18:03 - [MESSAGE][PASSED] - Delayed 1 second(s)

2019-01-09 11:18:03 - [TEST_STEP][PASSED] - selectOptionByValue(findTestObject("Admin Console ePulse Menu/Account Settings/Prompts/Prompt Button Modal/Select Button Type Dropdown"), "5", true): All options with value '5' are selected in object 'Object Repository/Admin Console ePulse Menu/Account Settings/Prompts/Prompt Button Modal/Select Button Type Dropdown'  using regular expression

2019-01-09 11:18:03 - [MESSAGE][PASSED] - All options with value '5' are selected in object 'Object Repository/Admin Console ePulse Menu/Account Settings/Prompts/Prompt Button Modal/Select Button Type Dropdown'  using regular expression

2019-01-09 11:18:03 - [TEST_STEP][PASSED] - delay(1): Delayed 1 second(s)

2019-01-09 11:18:04 - [MESSAGE][PASSED] - Delayed 1 second(s)

2019-01-09 11:18:04 - [TEST_STEP][PASSED] - click(findTestObject("Admin Console ePulse Menu/Account Settings/Prompts/Prompt Button Modal/Add New Button(plus sign)")): Object: 'Object Repository/Admin Console ePulse Menu/Account Settings/Prompts/Prompt Button Modal/Add New Button(plus sign)' is clicked on

2019-01-09 11:18:04 - [MESSAGE][PASSED] - Object: 'Object Repository/Admin Console ePulse Menu/Account Settings/Prompts/Prompt Button Modal/Add New Button(plus sign)' is clicked on

2019-01-09 11:18:04 - [TEST_STEP][PASSED] - delay(1): Delayed 1 second(s)

2019-01-09 11:18:05 - [MESSAGE][PASSED] - Delayed 1 second(s)

2019-01-09 11:18:05 - [TEST_STEP][PASSED] - click(findTestObject("Admin Console ePulse Menu/Account Settings/Prompts/Prompt Button Modal/Close Button")): Object: 'Object Repository/Admin Console ePulse Menu/Account Settings/Prompts/Prompt Button Modal/Close Button' is clicked on

2019-01-09 11:18:05 - [MESSAGE][PASSED] - Object: 'Object Repository/Admin Console ePulse Menu/Account Settings/Prompts/Prompt Button Modal/Close Button' is clicked on

2019-01-09 11:18:05 - [TEST_STEP][PASSED] - delay(1): Delayed 1 second(s)

2019-01-09 11:18:06 - [MESSAGE][PASSED] - Delayed 1 second(s)

2019-01-09 11:18:06 - [TEST_STEP][PASSED] - closeBrowser(): Browser is closed

2019-01-09 11:18:07 - [MESSAGE][PASSED] - Browser is closed]]></system-out>
         <system-err><![CDATA[]]></system-err>
      </testcase>
      <testcase name="Test Cases/Admin Console/Account Settings/Prompts()/Prompts - Import" classname="Test Cases/Admin Console/Account Settings/Prompts()/Prompts - Import" status="PASSED">
         <system-out><![CDATA[2019-01-09 11:18:09 - [TEST_CASE][PASSED] - Test Cases/Admin Console/Account Settings/Prompts()/Prompts - Import: Test Cases/Admin Console/Account Settings/Prompts()/Prompts - Import

2019-01-09 11:18:09 - [TEST_STEP][PASSED] - openBrowser(""): Browser is opened with url: ''

2019-01-09 11:18:09 - [MESSAGE][INFO] - Starting 'Chrome' driver

2019-01-09 11:18:10 - [MESSAGE][PASSED] - Browser is opened with url: ''

2019-01-09 11:18:10 - [TEST_STEP][PASSED] - navigateToUrl(URL): Navigate to 'https://epulsebeta2.com' successfully

2019-01-09 11:18:12 - [MESSAGE][PASSED] - Navigate to 'https://epulsebeta2.com' successfully

2019-01-09 11:18:12 - [TEST_STEP][PASSED] - setText(findTestObject("Login/Email Address"), User_email): Text 'alonzo.mack@knowink.com' is set on object 'Object Repository/Login/Email Address'

2019-01-09 11:18:12 - [MESSAGE][PASSED] - Text 'alonzo.mack@knowink.com' is set on object 'Object Repository/Login/Email Address'

2019-01-09 11:18:12 - [TEST_STEP][PASSED] - setEncryptedText(findTestObject("Login/Password"), Pswrd): Text ****** has been set on object 'Object Repository/Login/Password'

2019-01-09 11:18:12 - [MESSAGE][PASSED] - Text ****** has been set on object 'Object Repository/Login/Password'

2019-01-09 11:18:12 - [TEST_STEP][PASSED] - click(findTestObject("Login/Sign In")): Object: 'Object Repository/Login/Sign In' is clicked on

2019-01-09 11:18:13 - [MESSAGE][PASSED] - Object: 'Object Repository/Login/Sign In' is clicked on

2019-01-09 11:18:13 - [TEST_STEP][PASSED] - delay(1): Delayed 1 second(s)

2019-01-09 11:18:14 - [MESSAGE][PASSED] - Delayed 1 second(s)

2019-01-09 11:18:14 - [TEST_STEP][PASSED] - navigateToUrl(Prompts_Imports, STOP_ON_FAILURE): Navigate to 'https://am-automation-test.epulsebeta2.com/imports/prompts' successfully

2019-01-09 11:18:16 - [MESSAGE][PASSED] - Navigate to 'https://am-automation-test.epulsebeta2.com/imports/prompts' successfully

2019-01-09 11:18:16 - [TEST_STEP][PASSED] - setText(findTestObject("Admin Console ePulse Menu/Account Settings/Prompts/Import Prompts Buttons/Choose File"), "/Users/alonzomack/Downloads/prompts-3.txt"): Text '/Users/alonzomack/Downloads/prompts-3.txt' is set on object 'Object Repository/Admin Console ePulse Menu/Account Settings/Prompts/Import Prompts Buttons/Choose File'

2019-01-09 11:18:16 - [MESSAGE][PASSED] - Text '/Users/alonzomack/Downloads/prompts-3.txt' is set on object 'Object Repository/Admin Console ePulse Menu/Account Settings/Prompts/Import Prompts Buttons/Choose File'

2019-01-09 11:18:16 - [TEST_STEP][PASSED] - click(findTestObject("Admin Console ePulse Menu/Account Settings/Prompts/Import Prompts Buttons/Continue Button")): Object: 'Object Repository/Admin Console ePulse Menu/Account Settings/Prompts/Import Prompts Buttons/Continue Button' is clicked on

2019-01-09 11:18:16 - [MESSAGE][PASSED] - Object: 'Object Repository/Admin Console ePulse Menu/Account Settings/Prompts/Import Prompts Buttons/Continue Button' is clicked on

2019-01-09 11:18:16 - [TEST_STEP][PASSED] - delay(1): Delayed 1 second(s)

2019-01-09 11:18:17 - [MESSAGE][PASSED] - Delayed 1 second(s)

2019-01-09 11:18:17 - [TEST_STEP][PASSED] - click(findTestObject("Admin Console ePulse Menu/Account Settings/Prompts/Import Prompts Buttons/button_Done(working)")): Object: 'Object Repository/Admin Console ePulse Menu/Account Settings/Prompts/Import Prompts Buttons/button_Done(working)' is clicked on

2019-01-09 11:18:21 - [MESSAGE][PASSED] - Object: 'Object Repository/Admin Console ePulse Menu/Account Settings/Prompts/Import Prompts Buttons/button_Done(working)' is clicked on

2019-01-09 11:18:21 - [TEST_STEP][PASSED] - delay(1): Delayed 1 second(s)

2019-01-09 11:18:22 - [MESSAGE][PASSED] - Delayed 1 second(s)

2019-01-09 11:18:22 - [TEST_STEP][PASSED] - closeBrowser(): Browser is closed

2019-01-09 11:18:22 - [MESSAGE][PASSED] - Browser is closed]]></system-out>
         <system-err><![CDATA[]]></system-err>
      </testcase>
      <testcase name="Test Cases/Admin Console/Account Settings/Prompts()/Prompts - Edit" classname="Test Cases/Admin Console/Account Settings/Prompts()/Prompts - Edit" status="PASSED">
         <system-out><![CDATA[2019-01-09 11:18:24 - [TEST_CASE][PASSED] - Test Cases/Admin Console/Account Settings/Prompts()/Prompts - Edit: Test Cases/Admin Console/Account Settings/Prompts()/Prompts - Edit

2019-01-09 11:18:24 - [TEST_STEP][PASSED] - openBrowser(""): Browser is opened with url: ''

2019-01-09 11:18:24 - [MESSAGE][INFO] - Starting 'Chrome' driver

2019-01-09 11:18:25 - [MESSAGE][PASSED] - Browser is opened with url: ''

2019-01-09 11:18:25 - [TEST_STEP][PASSED] - navigateToUrl(URL): Navigate to 'https://epulsebeta2.com' successfully

2019-01-09 11:18:27 - [MESSAGE][PASSED] - Navigate to 'https://epulsebeta2.com' successfully

2019-01-09 11:18:27 - [TEST_STEP][PASSED] - setText(findTestObject("Login/Email Address"), User_email): Text 'alonzo.mack@knowink.com' is set on object 'Object Repository/Login/Email Address'

2019-01-09 11:18:27 - [MESSAGE][PASSED] - Text 'alonzo.mack@knowink.com' is set on object 'Object Repository/Login/Email Address'

2019-01-09 11:18:27 - [TEST_STEP][PASSED] - setEncryptedText(findTestObject("Login/Password"), Pswrd): Text ****** has been set on object 'Object Repository/Login/Password'

2019-01-09 11:18:28 - [MESSAGE][PASSED] - Text ****** has been set on object 'Object Repository/Login/Password'

2019-01-09 11:18:28 - [TEST_STEP][PASSED] - click(findTestObject("Login/Sign In")): Object: 'Object Repository/Login/Sign In' is clicked on

2019-01-09 11:18:28 - [MESSAGE][PASSED] - Object: 'Object Repository/Login/Sign In' is clicked on

2019-01-09 11:18:28 - [TEST_STEP][PASSED] - delay(1): Delayed 1 second(s)

2019-01-09 11:18:29 - [MESSAGE][PASSED] - Delayed 1 second(s)

2019-01-09 11:18:29 - [TEST_STEP][PASSED] - navigateToUrl(Prompts, STOP_ON_FAILURE): Navigate to 'https://am-Automation-test.epulsebeta2.com/prompts' successfully

2019-01-09 11:18:31 - [MESSAGE][PASSED] - Navigate to 'https://am-Automation-test.epulsebeta2.com/prompts' successfully

2019-01-09 11:18:31 - [TEST_STEP][PASSED] - delay(1): Delayed 1 second(s)

2019-01-09 11:18:32 - [MESSAGE][PASSED] - Delayed 1 second(s)

2019-01-09 11:18:32 - [TEST_STEP][PASSED] - click(findTestObject("Admin Console ePulse Menu/Account Settings/Prompts/Edit Prompt")): Object: 'Object Repository/Admin Console ePulse Menu/Account Settings/Prompts/Edit Prompt' is clicked on

2019-01-09 11:18:32 - [MESSAGE][PASSED] - Object: 'Object Repository/Admin Console ePulse Menu/Account Settings/Prompts/Edit Prompt' is clicked on

2019-01-09 11:18:32 - [TEST_STEP][PASSED] - delay(2): Delayed 2 second(s)

2019-01-09 11:18:34 - [MESSAGE][PASSED] - Delayed 2 second(s)

2019-01-09 11:18:34 - [TEST_STEP][PASSED] - setText(findTestObject("Admin Console ePulse Menu/Account Settings/Prompts/Add_Edit Prompt Modal/Name"), "Test Prompt Test"): Text 'Test Prompt Test' is set on object 'Object Repository/Admin Console ePulse Menu/Account Settings/Prompts/Add_Edit Prompt Modal/Name'

2019-01-09 11:18:34 - [MESSAGE][PASSED] - Text 'Test Prompt Test' is set on object 'Object Repository/Admin Console ePulse Menu/Account Settings/Prompts/Add_Edit Prompt Modal/Name'

2019-01-09 11:18:34 - [TEST_STEP][PASSED] - delay(2): Delayed 2 second(s)

2019-01-09 11:18:36 - [MESSAGE][PASSED] - Delayed 2 second(s)

2019-01-09 11:18:36 - [TEST_STEP][PASSED] - setText(findTestObject("Admin Console ePulse Menu/Account Settings/Prompts/Add_Edit Prompt Modal/Heading"), "Prompt Edit"): Text 'Prompt Edit' is set on object 'Object Repository/Admin Console ePulse Menu/Account Settings/Prompts/Add_Edit Prompt Modal/Heading'

2019-01-09 11:18:36 - [MESSAGE][PASSED] - Text 'Prompt Edit' is set on object 'Object Repository/Admin Console ePulse Menu/Account Settings/Prompts/Add_Edit Prompt Modal/Heading'

2019-01-09 11:18:36 - [TEST_STEP][PASSED] - delay(2): Delayed 2 second(s)

2019-01-09 11:18:38 - [MESSAGE][PASSED] - Delayed 2 second(s)

2019-01-09 11:18:38 - [TEST_STEP][PASSED] - selectOptionByValue(findTestObject("Admin Console ePulse Menu/Account Settings/Prompts/Add_Edit Prompt Modal/Select Color"), "2", true): All options with value '2' are selected in object 'Object Repository/Admin Console ePulse Menu/Account Settings/Prompts/Add_Edit Prompt Modal/Select Color'  using regular expression

2019-01-09 11:18:39 - [MESSAGE][PASSED] - All options with value '2' are selected in object 'Object Repository/Admin Console ePulse Menu/Account Settings/Prompts/Add_Edit Prompt Modal/Select Color'  using regular expression

2019-01-09 11:18:39 - [TEST_STEP][PASSED] - delay(2): Delayed 2 second(s)

2019-01-09 11:18:41 - [MESSAGE][PASSED] - Delayed 2 second(s)

2019-01-09 11:18:41 - [TEST_STEP][PASSED] - setText(findTestObject("Admin Console ePulse Menu/Account Settings/Prompts/Add_Edit Prompt Modal/Order"), "2"): Text '2' is set on object 'Object Repository/Admin Console ePulse Menu/Account Settings/Prompts/Add_Edit Prompt Modal/Order'

2019-01-09 11:18:41 - [MESSAGE][PASSED] - Text '2' is set on object 'Object Repository/Admin Console ePulse Menu/Account Settings/Prompts/Add_Edit Prompt Modal/Order'

2019-01-09 11:18:41 - [TEST_STEP][PASSED] - delay(2): Delayed 2 second(s)

2019-01-09 11:18:43 - [MESSAGE][PASSED] - Delayed 2 second(s)

2019-01-09 11:18:43 - [TEST_STEP][PASSED] - setText(findTestObject("Admin Console ePulse Menu/Account Settings/Prompts/Add_Edit Prompt Modal/Field Label"), "Prompt Test"): Text 'Prompt Test' is set on object 'Object Repository/Admin Console ePulse Menu/Account Settings/Prompts/Add_Edit Prompt Modal/Field Label'

2019-01-09 11:18:43 - [MESSAGE][PASSED] - Text 'Prompt Test' is set on object 'Object Repository/Admin Console ePulse Menu/Account Settings/Prompts/Add_Edit Prompt Modal/Field Label'

2019-01-09 11:18:43 - [TEST_STEP][PASSED] - delay(2): Delayed 2 second(s)

2019-01-09 11:18:45 - [MESSAGE][PASSED] - Delayed 2 second(s)

2019-01-09 11:18:45 - [TEST_STEP][PASSED] - setText(findTestObject("Admin Console ePulse Menu/Account Settings/Prompts/Add_Edit Prompt Modal/Field Name"), "prompt test"): Text 'prompt test' is set on object 'Object Repository/Admin Console ePulse Menu/Account Settings/Prompts/Add_Edit Prompt Modal/Field Name'

2019-01-09 11:18:45 - [MESSAGE][PASSED] - Text 'prompt test' is set on object 'Object Repository/Admin Console ePulse Menu/Account Settings/Prompts/Add_Edit Prompt Modal/Field Name'

2019-01-09 11:18:45 - [TEST_STEP][PASSED] - delay(2): Delayed 2 second(s)

2019-01-09 11:18:47 - [MESSAGE][PASSED] - Delayed 2 second(s)

2019-01-09 11:18:47 - [TEST_STEP][PASSED] - click(findTestObject("Admin Console ePulse Menu/Account Settings/Prompts/Add_Edit Prompt Modal/Show Voter Info_slider")): Object: 'Object Repository/Admin Console ePulse Menu/Account Settings/Prompts/Add_Edit Prompt Modal/Show Voter Info_slider' is clicked on

2019-01-09 11:18:47 - [MESSAGE][PASSED] - Object: 'Object Repository/Admin Console ePulse Menu/Account Settings/Prompts/Add_Edit Prompt Modal/Show Voter Info_slider' is clicked on

2019-01-09 11:18:47 - [TEST_STEP][PASSED] - delay(2): Delayed 2 second(s)

2019-01-09 11:18:49 - [MESSAGE][PASSED] - Delayed 2 second(s)

2019-01-09 11:18:49 - [TEST_STEP][PASSED] - click(findTestObject("Admin Console ePulse Menu/Account Settings/Prompts/Add_Edit Prompt Modal/Show Text Field_slider")): Object: 'Object Repository/Admin Console ePulse Menu/Account Settings/Prompts/Add_Edit Prompt Modal/Show Text Field_slider' is clicked on

2019-01-09 11:18:49 - [MESSAGE][PASSED] - Object: 'Object Repository/Admin Console ePulse Menu/Account Settings/Prompts/Add_Edit Prompt Modal/Show Text Field_slider' is clicked on

2019-01-09 11:18:49 - [TEST_STEP][PASSED] - delay(2): Delayed 2 second(s)

2019-01-09 11:18:51 - [MESSAGE][PASSED] - Delayed 2 second(s)

2019-01-09 11:18:51 - [TEST_STEP][PASSED] - setText(findTestObject("Admin Console ePulse Menu/Account Settings/Prompts/Add_Edit Prompt Modal/Instructions textarea "), "Test Prompt2"): Text 'Test Prompt2' is set on object 'Object Repository/Admin Console ePulse Menu/Account Settings/Prompts/Add_Edit Prompt Modal/Instructions textarea '

2019-01-09 11:18:51 - [MESSAGE][PASSED] - Text 'Test Prompt2' is set on object 'Object Repository/Admin Console ePulse Menu/Account Settings/Prompts/Add_Edit Prompt Modal/Instructions textarea '

2019-01-09 11:18:51 - [TEST_STEP][PASSED] - delay(2): Delayed 2 second(s)

2019-01-09 11:18:53 - [MESSAGE][PASSED] - Delayed 2 second(s)

2019-01-09 11:18:53 - [TEST_STEP][PASSED] - click(findTestObject("Admin Console ePulse Menu/Account Settings/Prompts/Add_Edit Prompt Modal/Submit")): Object: 'Object Repository/Admin Console ePulse Menu/Account Settings/Prompts/Add_Edit Prompt Modal/Submit' is clicked on

2019-01-09 11:18:53 - [MESSAGE][PASSED] - Object: 'Object Repository/Admin Console ePulse Menu/Account Settings/Prompts/Add_Edit Prompt Modal/Submit' is clicked on

2019-01-09 11:18:53 - [TEST_STEP][PASSED] - delay(2): Delayed 2 second(s)

2019-01-09 11:18:55 - [MESSAGE][PASSED] - Delayed 2 second(s)

2019-01-09 11:18:55 - [TEST_STEP][PASSED] - closeBrowser(): Browser is closed

2019-01-09 11:18:56 - [MESSAGE][PASSED] - Browser is closed]]></system-out>
         <system-err><![CDATA[]]></system-err>
      </testcase>
      <testcase name="Test Cases/Admin Console/Account Settings/Prompts()/Prompts - Delete" classname="Test Cases/Admin Console/Account Settings/Prompts()/Prompts - Delete" status="PASSED">
         <system-out><![CDATA[2019-01-09 11:18:58 - [TEST_CASE][PASSED] - Test Cases/Admin Console/Account Settings/Prompts()/Prompts - Delete: Test Cases/Admin Console/Account Settings/Prompts()/Prompts - Delete

2019-01-09 11:18:58 - [TEST_STEP][PASSED] - openBrowser(""): Browser is opened with url: ''

2019-01-09 11:18:58 - [MESSAGE][INFO] - Starting 'Chrome' driver

2019-01-09 11:18:59 - [MESSAGE][PASSED] - Browser is opened with url: ''

2019-01-09 11:18:59 - [TEST_STEP][PASSED] - navigateToUrl(URL): Navigate to 'https://epulsebeta2.com' successfully

2019-01-09 11:19:01 - [MESSAGE][PASSED] - Navigate to 'https://epulsebeta2.com' successfully

2019-01-09 11:19:01 - [TEST_STEP][PASSED] - setText(findTestObject("Login/Email Address"), User_email): Text 'alonzo.mack@knowink.com' is set on object 'Object Repository/Login/Email Address'

2019-01-09 11:19:01 - [MESSAGE][PASSED] - Text 'alonzo.mack@knowink.com' is set on object 'Object Repository/Login/Email Address'

2019-01-09 11:19:01 - [TEST_STEP][PASSED] - setEncryptedText(findTestObject("Login/Password"), Pswrd): Text ****** has been set on object 'Object Repository/Login/Password'

2019-01-09 11:19:01 - [MESSAGE][PASSED] - Text ****** has been set on object 'Object Repository/Login/Password'

2019-01-09 11:19:01 - [TEST_STEP][PASSED] - click(findTestObject("Login/Sign In")): Object: 'Object Repository/Login/Sign In' is clicked on

2019-01-09 11:19:02 - [MESSAGE][PASSED] - Object: 'Object Repository/Login/Sign In' is clicked on

2019-01-09 11:19:02 - [TEST_STEP][PASSED] - delay(1): Delayed 1 second(s)

2019-01-09 11:19:03 - [MESSAGE][PASSED] - Delayed 1 second(s)

2019-01-09 11:19:03 - [TEST_STEP][PASSED] - navigateToUrl(Prompts, STOP_ON_FAILURE): Navigate to 'https://am-Automation-test.epulsebeta2.com/prompts' successfully

2019-01-09 11:19:04 - [MESSAGE][PASSED] - Navigate to 'https://am-Automation-test.epulsebeta2.com/prompts' successfully

2019-01-09 11:19:04 - [TEST_STEP][PASSED] - delay(1): Delayed 1 second(s)

2019-01-09 11:19:05 - [MESSAGE][PASSED] - Delayed 1 second(s)

2019-01-09 11:19:05 - [TEST_STEP][PASSED] - click(findTestObject("Admin Console ePulse Menu/Account Settings/Prompts/Delete Prompt")): Object: 'Object Repository/Admin Console ePulse Menu/Account Settings/Prompts/Delete Prompt' is clicked on

2019-01-09 11:19:05 - [MESSAGE][PASSED] - Object: 'Object Repository/Admin Console ePulse Menu/Account Settings/Prompts/Delete Prompt' is clicked on

2019-01-09 11:19:05 - [TEST_STEP][PASSED] - delay(3): Delayed 3 second(s)

2019-01-09 11:19:08 - [MESSAGE][PASSED] - Delayed 3 second(s)

2019-01-09 11:19:08 - [TEST_STEP][PASSED] - acceptAlert(): Alert accepted

2019-01-09 11:19:08 - [MESSAGE][PASSED] - Alert accepted

2019-01-09 11:19:08 - [TEST_STEP][PASSED] - closeBrowser(): Browser is closed

2019-01-09 11:19:09 - [MESSAGE][PASSED] - Browser is closed]]></system-out>
         <system-err><![CDATA[]]></system-err>
      </testcase>
      <testcase name="Test Cases/Admin Console/Poll Workers-Election Officials()/POLL WORKER - CLASSES" classname="Test Cases/Admin Console/Poll Workers-Election Officials()/POLL WORKER - CLASSES" status="PASSED">
         <system-out><![CDATA[2019-01-09 11:19:11 - [TEST_CASE][PASSED] - Test Cases/Admin Console/Poll Workers-Election Officials()/POLL WORKER - CLASSES: Test Cases/Admin Console/Poll Workers-Election Officials()/POLL WORKER - CLASSES

2019-01-09 11:19:11 - [TEST_STEP][PASSED] - openBrowser(""): Browser is opened with url: ''

2019-01-09 11:19:11 - [MESSAGE][INFO] - Starting 'Chrome' driver

2019-01-09 11:19:12 - [MESSAGE][PASSED] - Browser is opened with url: ''

2019-01-09 11:19:12 - [TEST_STEP][PASSED] - navigateToUrl(URL): Navigate to 'https://epulsebeta2.com' successfully

2019-01-09 11:19:14 - [MESSAGE][PASSED] - Navigate to 'https://epulsebeta2.com' successfully

2019-01-09 11:19:14 - [TEST_STEP][PASSED] - setText(findTestObject("Login/Email Address"), User_email): Text 'alonzo.mack@knowink.com' is set on object 'Object Repository/Login/Email Address'

2019-01-09 11:19:14 - [MESSAGE][PASSED] - Text 'alonzo.mack@knowink.com' is set on object 'Object Repository/Login/Email Address'

2019-01-09 11:19:14 - [TEST_STEP][PASSED] - setEncryptedText(findTestObject("Login/Password"), Pswrd): Text ****** has been set on object 'Object Repository/Login/Password'

2019-01-09 11:19:14 - [MESSAGE][PASSED] - Text ****** has been set on object 'Object Repository/Login/Password'

2019-01-09 11:19:14 - [TEST_STEP][PASSED] - click(findTestObject("Login/Sign In")): Object: 'Object Repository/Login/Sign In' is clicked on

2019-01-09 11:19:15 - [MESSAGE][PASSED] - Object: 'Object Repository/Login/Sign In' is clicked on

2019-01-09 11:19:15 - [TEST_STEP][PASSED] - delay(1): Delayed 1 second(s)

2019-01-09 11:19:16 - [MESSAGE][PASSED] - Delayed 1 second(s)

2019-01-09 11:19:16 - [TEST_STEP][PASSED] - delay(1): Delayed 1 second(s)

2019-01-09 11:19:17 - [MESSAGE][PASSED] - Delayed 1 second(s)

2019-01-09 11:19:17 - [TEST_STEP][PASSED] - navigateToUrl(Poll_Workers_Classes_New, STOP_ON_FAILURE): Navigate to 'https://am-automation-test.epulsebeta2.com/poll_worker_classes/new' successfully

2019-01-09 11:19:18 - [MESSAGE][PASSED] - Navigate to 'https://am-automation-test.epulsebeta2.com/poll_worker_classes/new' successfully

2019-01-09 11:19:18 - [TEST_STEP][PASSED] - delay(1): Delayed 1 second(s)

2019-01-09 11:19:19 - [MESSAGE][PASSED] - Delayed 1 second(s)

2019-01-09 11:19:19 - [TEST_STEP][PASSED] - delay(1): Delayed 1 second(s)

2019-01-09 11:19:20 - [MESSAGE][PASSED] - Delayed 1 second(s)

2019-01-09 11:19:20 - [TEST_STEP][PASSED] - click(findTestObject("Admin Console ePulse Menu/Poll Workers/New Poll Worker Class/Class Information/Class Information dropdown")): Object: 'Object Repository/Admin Console ePulse Menu/Poll Workers/New Poll Worker Class/Class Information/Class Information dropdown' is clicked on

2019-01-09 11:19:20 - [MESSAGE][PASSED] - Object: 'Object Repository/Admin Console ePulse Menu/Poll Workers/New Poll Worker Class/Class Information/Class Information dropdown' is clicked on

2019-01-09 11:19:20 - [TEST_STEP][PASSED] - delay(1): Delayed 1 second(s)

2019-01-09 11:19:21 - [MESSAGE][PASSED] - Delayed 1 second(s)

2019-01-09 11:19:21 - [TEST_STEP][PASSED] - setText(findTestObject("Admin Console ePulse Menu/Poll Workers/New Poll Worker Class/Class Information/Name"), "Name"): Text 'Name' is set on object 'Object Repository/Admin Console ePulse Menu/Poll Workers/New Poll Worker Class/Class Information/Name'

2019-01-09 11:19:21 - [MESSAGE][PASSED] - Text 'Name' is set on object 'Object Repository/Admin Console ePulse Menu/Poll Workers/New Poll Worker Class/Class Information/Name'

2019-01-09 11:19:21 - [TEST_STEP][PASSED] - delay(1): Delayed 1 second(s)

2019-01-09 11:19:22 - [MESSAGE][PASSED] - Delayed 1 second(s)

2019-01-09 11:19:22 - [TEST_STEP][PASSED] - setText(findTestObject("Admin Console ePulse Menu/Poll Workers/New Poll Worker Class/Class Information/Instructor"), "Instructor"): Text 'Instructor' is set on object 'Object Repository/Admin Console ePulse Menu/Poll Workers/New Poll Worker Class/Class Information/Instructor'

2019-01-09 11:19:22 - [MESSAGE][PASSED] - Text 'Instructor' is set on object 'Object Repository/Admin Console ePulse Menu/Poll Workers/New Poll Worker Class/Class Information/Instructor'

2019-01-09 11:19:22 - [TEST_STEP][PASSED] - delay(1): Delayed 1 second(s)

2019-01-09 11:19:23 - [MESSAGE][PASSED] - Delayed 1 second(s)

2019-01-09 11:19:23 - [TEST_STEP][PASSED] - setText(findTestObject("Admin Console ePulse Menu/Poll Workers/New Poll Worker Class/Address Information/Location"), "Location"): Text 'Location' is set on object 'Object Repository/Admin Console ePulse Menu/Poll Workers/New Poll Worker Class/Address Information/Location'

2019-01-09 11:19:24 - [MESSAGE][PASSED] - Text 'Location' is set on object 'Object Repository/Admin Console ePulse Menu/Poll Workers/New Poll Worker Class/Address Information/Location'

2019-01-09 11:19:24 - [TEST_STEP][PASSED] - delay(1): Delayed 1 second(s)

2019-01-09 11:19:25 - [MESSAGE][PASSED] - Delayed 1 second(s)

2019-01-09 11:19:25 - [TEST_STEP][PASSED] - doubleClick(findTestObject("Admin Console ePulse Menu/Poll Workers/New Poll Worker Class/Class Information/Date")): Object: 'Object Repository/Admin Console ePulse Menu/Poll Workers/New Poll Worker Class/Class Information/Date' is double clicked on

2019-01-09 11:19:25 - [MESSAGE][PASSED] - Object: 'Object Repository/Admin Console ePulse Menu/Poll Workers/New Poll Worker Class/Class Information/Date' is double clicked on

2019-01-09 11:19:25 - [TEST_STEP][PASSED] - delay(1): Delayed 1 second(s)

2019-01-09 11:19:26 - [MESSAGE][PASSED] - Delayed 1 second(s)

2019-01-09 11:19:26 - [TEST_STEP][PASSED] - setText(findTestObject("Admin Console ePulse Menu/Poll Workers/New Poll Worker Class/Class Information/Rate"), "10"): Text '10' is set on object 'Object Repository/Admin Console ePulse Menu/Poll Workers/New Poll Worker Class/Class Information/Rate'

2019-01-09 11:19:26 - [MESSAGE][PASSED] - Text '10' is set on object 'Object Repository/Admin Console ePulse Menu/Poll Workers/New Poll Worker Class/Class Information/Rate'

2019-01-09 11:19:26 - [TEST_STEP][PASSED] - delay(1): Delayed 1 second(s)

2019-01-09 11:19:27 - [MESSAGE][PASSED] - Delayed 1 second(s)

2019-01-09 11:19:27 - [TEST_STEP][PASSED] - setText(findTestObject("Admin Console ePulse Menu/Poll Workers/New Poll Worker Class/Class Information/Class Description"), "Descipt"): Text 'Descipt' is set on object 'Object Repository/Admin Console ePulse Menu/Poll Workers/New Poll Worker Class/Class Information/Class Description'

2019-01-09 11:19:27 - [MESSAGE][PASSED] - Text 'Descipt' is set on object 'Object Repository/Admin Console ePulse Menu/Poll Workers/New Poll Worker Class/Class Information/Class Description'

2019-01-09 11:19:27 - [TEST_STEP][PASSED] - delay(1): Delayed 1 second(s)

2019-01-09 11:19:28 - [MESSAGE][PASSED] - Delayed 1 second(s)

2019-01-09 11:19:28 - [TEST_STEP][PASSED] - click(findTestObject("Admin Console ePulse Menu/Poll Workers/New Poll Worker Class/Address Information/Address Information dropdown")): Object: 'Object Repository/Admin Console ePulse Menu/Poll Workers/New Poll Worker Class/Address Information/Address Information dropdown' is clicked on

2019-01-09 11:19:28 - [MESSAGE][PASSED] - Object: 'Object Repository/Admin Console ePulse Menu/Poll Workers/New Poll Worker Class/Address Information/Address Information dropdown' is clicked on

2019-01-09 11:19:28 - [TEST_STEP][PASSED] - delay(1): Delayed 1 second(s)

2019-01-09 11:19:29 - [MESSAGE][PASSED] - Delayed 1 second(s)

2019-01-09 11:19:29 - [TEST_STEP][PASSED] - setText(findTestObject("Admin Console ePulse Menu/Poll Workers/New Poll Worker Class/Address Information/Address1"), "123"): Text '123' is set on object 'Object Repository/Admin Console ePulse Menu/Poll Workers/New Poll Worker Class/Address Information/Address1'

2019-01-09 11:19:29 - [MESSAGE][PASSED] - Text '123' is set on object 'Object Repository/Admin Console ePulse Menu/Poll Workers/New Poll Worker Class/Address Information/Address1'

2019-01-09 11:19:29 - [TEST_STEP][PASSED] - delay(1): Delayed 1 second(s)

2019-01-09 11:19:30 - [MESSAGE][PASSED] - Delayed 1 second(s)

2019-01-09 11:19:30 - [TEST_STEP][PASSED] - setText(findTestObject("Admin Console ePulse Menu/Poll Workers/New Poll Worker Class/Address Information/Address2"), "abc"): Text 'abc' is set on object 'Object Repository/Admin Console ePulse Menu/Poll Workers/New Poll Worker Class/Address Information/Address2'

2019-01-09 11:19:30 - [MESSAGE][PASSED] - Text 'abc' is set on object 'Object Repository/Admin Console ePulse Menu/Poll Workers/New Poll Worker Class/Address Information/Address2'

2019-01-09 11:19:30 - [TEST_STEP][PASSED] - delay(1): Delayed 1 second(s)

2019-01-09 11:19:31 - [MESSAGE][PASSED] - Delayed 1 second(s)

2019-01-09 11:19:31 - [TEST_STEP][PASSED] - setText(findTestObject("Admin Console ePulse Menu/Poll Workers/New Poll Worker Class/Address Information/City"), "abc"): Text 'abc' is set on object 'Object Repository/Admin Console ePulse Menu/Poll Workers/New Poll Worker Class/Address Information/City'

2019-01-09 11:19:31 - [MESSAGE][PASSED] - Text 'abc' is set on object 'Object Repository/Admin Console ePulse Menu/Poll Workers/New Poll Worker Class/Address Information/City'

2019-01-09 11:19:31 - [TEST_STEP][PASSED] - delay(1): Delayed 1 second(s)

2019-01-09 11:19:32 - [MESSAGE][PASSED] - Delayed 1 second(s)

2019-01-09 11:19:32 - [TEST_STEP][PASSED] - setText(findTestObject("Admin Console ePulse Menu/Poll Workers/New Poll Worker Class/Address Information/State"), "ab"): Text 'ab' is set on object 'Object Repository/Admin Console ePulse Menu/Poll Workers/New Poll Worker Class/Address Information/State'

2019-01-09 11:19:32 - [MESSAGE][PASSED] - Text 'ab' is set on object 'Object Repository/Admin Console ePulse Menu/Poll Workers/New Poll Worker Class/Address Information/State'

2019-01-09 11:19:32 - [TEST_STEP][PASSED] - delay(1): Delayed 1 second(s)

2019-01-09 11:19:33 - [MESSAGE][PASSED] - Delayed 1 second(s)

2019-01-09 11:19:33 - [TEST_STEP][PASSED] - setText(findTestObject("Admin Console ePulse Menu/Poll Workers/New Poll Worker Class/Address Information/Zip"), "62232"): Text '62232' is set on object 'Object Repository/Admin Console ePulse Menu/Poll Workers/New Poll Worker Class/Address Information/Zip'

2019-01-09 11:19:34 - [MESSAGE][PASSED] - Text '62232' is set on object 'Object Repository/Admin Console ePulse Menu/Poll Workers/New Poll Worker Class/Address Information/Zip'

2019-01-09 11:19:34 - [TEST_STEP][PASSED] - delay(1): Delayed 1 second(s)

2019-01-09 11:19:35 - [MESSAGE][PASSED] - Delayed 1 second(s)

2019-01-09 11:19:35 - [TEST_STEP][PASSED] - click(findTestObject("Admin Console ePulse Menu/Poll Workers/New Poll Worker Class/Submit")): Object: 'Object Repository/Admin Console ePulse Menu/Poll Workers/New Poll Worker Class/Submit' is clicked on

2019-01-09 11:19:35 - [MESSAGE][PASSED] - Object: 'Object Repository/Admin Console ePulse Menu/Poll Workers/New Poll Worker Class/Submit' is clicked on

2019-01-09 11:19:35 - [TEST_STEP][PASSED] - closeBrowser(): Browser is closed

2019-01-09 11:19:36 - [MESSAGE][PASSED] - Browser is closed]]></system-out>
         <system-err><![CDATA[]]></system-err>
      </testcase>
      <testcase name="Test Cases/Admin Console/Poll Workers-Election Officials()/POLL WORKER - ROLES" classname="Test Cases/Admin Console/Poll Workers-Election Officials()/POLL WORKER - ROLES" status="PASSED">
         <system-out><![CDATA[2019-01-09 11:19:39 - [TEST_CASE][PASSED] - Test Cases/Admin Console/Poll Workers-Election Officials()/POLL WORKER - ROLES: Test Cases/Admin Console/Poll Workers-Election Officials()/POLL WORKER - ROLES

2019-01-09 11:19:39 - [TEST_STEP][PASSED] - openBrowser(""): Browser is opened with url: ''

2019-01-09 11:19:39 - [MESSAGE][INFO] - Starting 'Chrome' driver

2019-01-09 11:19:41 - [MESSAGE][PASSED] - Browser is opened with url: ''

2019-01-09 11:19:41 - [TEST_STEP][PASSED] - navigateToUrl(URL): Navigate to 'https://epulsebeta2.com' successfully

2019-01-09 11:19:43 - [MESSAGE][PASSED] - Navigate to 'https://epulsebeta2.com' successfully

2019-01-09 11:19:43 - [TEST_STEP][PASSED] - setText(findTestObject("Login/Email Address"), User_email): Text 'alonzo.mack@knowink.com' is set on object 'Object Repository/Login/Email Address'

2019-01-09 11:19:44 - [MESSAGE][PASSED] - Text 'alonzo.mack@knowink.com' is set on object 'Object Repository/Login/Email Address'

2019-01-09 11:19:44 - [TEST_STEP][PASSED] - setEncryptedText(findTestObject("Login/Password"), Pswrd): Text ****** has been set on object 'Object Repository/Login/Password'

2019-01-09 11:19:44 - [MESSAGE][PASSED] - Text ****** has been set on object 'Object Repository/Login/Password'

2019-01-09 11:19:44 - [TEST_STEP][PASSED] - click(findTestObject("Login/Sign In")): Object: 'Object Repository/Login/Sign In' is clicked on

2019-01-09 11:19:44 - [MESSAGE][PASSED] - Object: 'Object Repository/Login/Sign In' is clicked on

2019-01-09 11:19:44 - [TEST_STEP][PASSED] - delay(1): Delayed 1 second(s)

2019-01-09 11:19:45 - [MESSAGE][PASSED] - Delayed 1 second(s)

2019-01-09 11:19:45 - [TEST_STEP][PASSED] - delay(1): Delayed 1 second(s)

2019-01-09 11:19:46 - [MESSAGE][PASSED] - Delayed 1 second(s)

2019-01-09 11:19:46 - [TEST_STEP][PASSED] - navigateToUrl(Poll_Workers_Roles, STOP_ON_FAILURE): Navigate to 'https://am-automation-test.epulsebeta2.com/poll_worker_roles' successfully

2019-01-09 11:19:48 - [MESSAGE][PASSED] - Navigate to 'https://am-automation-test.epulsebeta2.com/poll_worker_roles' successfully

2019-01-09 11:19:48 - [TEST_STEP][PASSED] - delay(1): Delayed 1 second(s)

2019-01-09 11:19:49 - [MESSAGE][PASSED] - Delayed 1 second(s)

2019-01-09 11:19:49 - [TEST_STEP][PASSED] - delay(1): Delayed 1 second(s)

2019-01-09 11:19:50 - [MESSAGE][PASSED] - Delayed 1 second(s)

2019-01-09 11:19:50 - [TEST_STEP][PASSED] - delay(1): Delayed 1 second(s)

2019-01-09 11:19:51 - [MESSAGE][PASSED] - Delayed 1 second(s)

2019-01-09 11:19:51 - [TEST_STEP][PASSED] - click(findTestObject("Admin Console ePulse Menu/Poll Workers/Poll Workers Roles/Add Role")): Object: 'Object Repository/Admin Console ePulse Menu/Poll Workers/Poll Workers Roles/Add Role' is clicked on

2019-01-09 11:19:51 - [MESSAGE][PASSED] - Object: 'Object Repository/Admin Console ePulse Menu/Poll Workers/Poll Workers Roles/Add Role' is clicked on

2019-01-09 11:19:51 - [TEST_STEP][PASSED] - delay(1): Delayed 1 second(s)

2019-01-09 11:19:52 - [MESSAGE][PASSED] - Delayed 1 second(s)

2019-01-09 11:19:52 - [TEST_STEP][PASSED] - setText(findTestObject("Admin Console ePulse Menu/Poll Workers/Poll Workers Roles/Add Poll Workers Roles Modal/input_Name"), "Senior Admin"): Text 'Senior Admin' is set on object 'Object Repository/Admin Console ePulse Menu/Poll Workers/Poll Workers Roles/Add Poll Workers Roles Modal/input_Name'

2019-01-09 11:19:52 - [MESSAGE][PASSED] - Text 'Senior Admin' is set on object 'Object Repository/Admin Console ePulse Menu/Poll Workers/Poll Workers Roles/Add Poll Workers Roles Modal/input_Name'

2019-01-09 11:19:52 - [TEST_STEP][PASSED] - delay(1): Delayed 1 second(s)

2019-01-09 11:19:53 - [MESSAGE][PASSED] - Delayed 1 second(s)

2019-01-09 11:19:53 - [TEST_STEP][PASSED] - setText(findTestObject("Admin Console ePulse Menu/Poll Workers/Poll Workers Roles/Add Poll Workers Roles Modal/Rate"), "15"): Text '15' is set on object 'Object Repository/Admin Console ePulse Menu/Poll Workers/Poll Workers Roles/Add Poll Workers Roles Modal/Rate'

2019-01-09 11:19:53 - [MESSAGE][PASSED] - Text '15' is set on object 'Object Repository/Admin Console ePulse Menu/Poll Workers/Poll Workers Roles/Add Poll Workers Roles Modal/Rate'

2019-01-09 11:19:53 - [TEST_STEP][PASSED] - delay(1): Delayed 1 second(s)

2019-01-09 11:19:54 - [MESSAGE][PASSED] - Delayed 1 second(s)

2019-01-09 11:19:54 - [TEST_STEP][PASSED] - selectOptionByValue(findTestObject("Admin Console ePulse Menu/Poll Workers/Poll Workers Roles/Add Poll Workers Roles Modal/Select Rate Type"), "1", true): All options with value '1' are selected in object 'Object Repository/Admin Console ePulse Menu/Poll Workers/Poll Workers Roles/Add Poll Workers Roles Modal/Select Rate Type'  using regular expression

2019-01-09 11:19:54 - [MESSAGE][PASSED] - All options with value '1' are selected in object 'Object Repository/Admin Console ePulse Menu/Poll Workers/Poll Workers Roles/Add Poll Workers Roles Modal/Select Rate Type'  using regular expression

2019-01-09 11:19:54 - [TEST_STEP][PASSED] - delay(1): Delayed 1 second(s)

2019-01-09 11:19:55 - [MESSAGE][PASSED] - Delayed 1 second(s)

2019-01-09 11:19:55 - [TEST_STEP][PASSED] - setText(findTestObject("Admin Console ePulse Menu/Poll Workers/Poll Workers Roles/Add Poll Workers Roles Modal/input_Max hours for hourly pay"), "8"): Text '8' is set on object 'Object Repository/Admin Console ePulse Menu/Poll Workers/Poll Workers Roles/Add Poll Workers Roles Modal/input_Max hours for hourly pay'

2019-01-09 11:19:55 - [MESSAGE][PASSED] - Text '8' is set on object 'Object Repository/Admin Console ePulse Menu/Poll Workers/Poll Workers Roles/Add Poll Workers Roles Modal/input_Max hours for hourly pay'

2019-01-09 11:19:55 - [TEST_STEP][PASSED] - delay(1): Delayed 1 second(s)

2019-01-09 11:19:56 - [MESSAGE][PASSED] - Delayed 1 second(s)

2019-01-09 11:19:56 - [TEST_STEP][PASSED] - click(findTestObject("Admin Console ePulse Menu/Poll Workers/Poll Workers Roles/Add Poll Workers Roles Modal/SAVE")): Object: 'Object Repository/Admin Console ePulse Menu/Poll Workers/Poll Workers Roles/Add Poll Workers Roles Modal/SAVE' is clicked on

2019-01-09 11:19:56 - [MESSAGE][PASSED] - Object: 'Object Repository/Admin Console ePulse Menu/Poll Workers/Poll Workers Roles/Add Poll Workers Roles Modal/SAVE' is clicked on

2019-01-09 11:19:56 - [TEST_STEP][PASSED] - delay(1): Delayed 1 second(s)

2019-01-09 11:19:57 - [MESSAGE][PASSED] - Delayed 1 second(s)

2019-01-09 11:19:57 - [TEST_STEP][PASSED] - closeBrowser(): Browser is closed

2019-01-09 11:19:58 - [MESSAGE][PASSED] - Browser is closed]]></system-out>
         <system-err><![CDATA[]]></system-err>
      </testcase>
      <testcase name="Test Cases/Admin Console/Poll Workers-Election Officials()/Poll Workers - Manage - ADD" classname="Test Cases/Admin Console/Poll Workers-Election Officials()/Poll Workers - Manage - ADD" status="PASSED">
         <system-out><![CDATA[2019-01-09 11:20:00 - [TEST_CASE][PASSED] - Test Cases/Admin Console/Poll Workers-Election Officials()/Poll Workers - Manage - ADD: Test Cases/Admin Console/Poll Workers-Election Officials()/Poll Workers - Manage - ADD

2019-01-09 11:20:00 - [TEST_STEP][PASSED] - openBrowser(""): Browser is opened with url: ''

2019-01-09 11:20:00 - [MESSAGE][INFO] - Starting 'Chrome' driver

2019-01-09 11:20:01 - [MESSAGE][PASSED] - Browser is opened with url: ''

2019-01-09 11:20:01 - [TEST_STEP][PASSED] - navigateToUrl(URL): Navigate to 'https://epulsebeta2.com' successfully

2019-01-09 11:20:03 - [MESSAGE][PASSED] - Navigate to 'https://epulsebeta2.com' successfully

2019-01-09 11:20:03 - [TEST_STEP][PASSED] - setText(findTestObject("Login/Email Address"), User_email): Text 'alonzo.mack@knowink.com' is set on object 'Object Repository/Login/Email Address'

2019-01-09 11:20:03 - [MESSAGE][PASSED] - Text 'alonzo.mack@knowink.com' is set on object 'Object Repository/Login/Email Address'

2019-01-09 11:20:03 - [TEST_STEP][PASSED] - setEncryptedText(findTestObject("Login/Password"), Pswrd): Text ****** has been set on object 'Object Repository/Login/Password'

2019-01-09 11:20:03 - [MESSAGE][PASSED] - Text ****** has been set on object 'Object Repository/Login/Password'

2019-01-09 11:20:03 - [TEST_STEP][PASSED] - click(findTestObject("Login/Sign In")): Object: 'Object Repository/Login/Sign In' is clicked on

2019-01-09 11:20:04 - [MESSAGE][PASSED] - Object: 'Object Repository/Login/Sign In' is clicked on

2019-01-09 11:20:04 - [TEST_STEP][PASSED] - delay(1): Delayed 1 second(s)

2019-01-09 11:20:05 - [MESSAGE][PASSED] - Delayed 1 second(s)

2019-01-09 11:20:05 - [TEST_STEP][PASSED] - navigateToUrl(Poll_Workers, STOP_ON_FAILURE): Navigate to 'https://am-automation-test.epulsebeta2.com/poll_workers' successfully

2019-01-09 11:20:07 - [MESSAGE][PASSED] - Navigate to 'https://am-automation-test.epulsebeta2.com/poll_workers' successfully

2019-01-09 11:20:07 - [TEST_STEP][PASSED] - delay(1): Delayed 1 second(s)

2019-01-09 11:20:08 - [MESSAGE][PASSED] - Delayed 1 second(s)

2019-01-09 11:20:08 - [TEST_STEP][PASSED] - click(findTestObject("Admin Console ePulse Menu/Poll Workers/Poll Workers - Manage Page/Poll Workers (Actions Options)/Actions")): Object: 'Object Repository/Admin Console ePulse Menu/Poll Workers/Poll Workers - Manage Page/Poll Workers (Actions Options)/Actions' is clicked on

2019-01-09 11:20:08 - [MESSAGE][PASSED] - Object: 'Object Repository/Admin Console ePulse Menu/Poll Workers/Poll Workers - Manage Page/Poll Workers (Actions Options)/Actions' is clicked on

2019-01-09 11:20:08 - [TEST_STEP][PASSED] - delay(1): Delayed 1 second(s)

2019-01-09 11:20:09 - [MESSAGE][PASSED] - Delayed 1 second(s)

2019-01-09 11:20:09 - [TEST_STEP][PASSED] - click(findTestObject("Admin Console ePulse Menu/Poll Workers/Poll Workers - Manage Page/Poll Workers (Actions Options)/Add Poll Worker")): Object: 'Object Repository/Admin Console ePulse Menu/Poll Workers/Poll Workers - Manage Page/Poll Workers (Actions Options)/Add Poll Worker' is clicked on

2019-01-09 11:20:10 - [MESSAGE][PASSED] - Object: 'Object Repository/Admin Console ePulse Menu/Poll Workers/Poll Workers - Manage Page/Poll Workers (Actions Options)/Add Poll Worker' is clicked on

2019-01-09 11:20:10 - [TEST_STEP][PASSED] - delay(1): Delayed 1 second(s)

2019-01-09 11:20:11 - [MESSAGE][PASSED] - Delayed 1 second(s)

2019-01-09 11:20:11 - [TEST_STEP][PASSED] - click(findTestObject("Admin Console ePulse Menu/Poll Workers/Poll Workers - Manage Page/New Poll Worker/Personal Information/Personal Information dropdown")): Object: 'Object Repository/Admin Console ePulse Menu/Poll Workers/Poll Workers - Manage Page/New Poll Worker/Personal Information/Personal Information dropdown' is clicked on

2019-01-09 11:20:11 - [MESSAGE][PASSED] - Object: 'Object Repository/Admin Console ePulse Menu/Poll Workers/Poll Workers - Manage Page/New Poll Worker/Personal Information/Personal Information dropdown' is clicked on

2019-01-09 11:20:11 - [TEST_STEP][PASSED] - delay(1): Delayed 1 second(s)

2019-01-09 11:20:12 - [MESSAGE][PASSED] - Delayed 1 second(s)

2019-01-09 11:20:12 - [TEST_STEP][PASSED] - setText(findTestObject("Admin Console ePulse Menu/Poll Workers/Poll Workers - Manage Page/New Poll Worker/Personal Information/input_First Name"), "poll"): Text 'poll' is set on object 'Object Repository/Admin Console ePulse Menu/Poll Workers/Poll Workers - Manage Page/New Poll Worker/Personal Information/input_First Name'

2019-01-09 11:20:12 - [MESSAGE][PASSED] - Text 'poll' is set on object 'Object Repository/Admin Console ePulse Menu/Poll Workers/Poll Workers - Manage Page/New Poll Worker/Personal Information/input_First Name'

2019-01-09 11:20:12 - [TEST_STEP][PASSED] - delay(1): Delayed 1 second(s)

2019-01-09 11:20:13 - [MESSAGE][PASSED] - Delayed 1 second(s)

2019-01-09 11:20:13 - [TEST_STEP][PASSED] - setText(findTestObject("Admin Console ePulse Menu/Poll Workers/Poll Workers - Manage Page/New Poll Worker/Personal Information/input_Last Name"), "worker"): Text 'worker' is set on object 'Object Repository/Admin Console ePulse Menu/Poll Workers/Poll Workers - Manage Page/New Poll Worker/Personal Information/input_Last Name'

2019-01-09 11:20:13 - [MESSAGE][PASSED] - Text 'worker' is set on object 'Object Repository/Admin Console ePulse Menu/Poll Workers/Poll Workers - Manage Page/New Poll Worker/Personal Information/input_Last Name'

2019-01-09 11:20:13 - [TEST_STEP][PASSED] - delay(1): Delayed 1 second(s)

2019-01-09 11:20:14 - [MESSAGE][PASSED] - Delayed 1 second(s)

2019-01-09 11:20:14 - [TEST_STEP][PASSED] - click(findTestObject("Admin Console ePulse Menu/Poll Workers/Poll Workers - Manage Page/New Poll Worker/Personal Information/Party Select/Select DEM")): Object: 'Object Repository/Admin Console ePulse Menu/Poll Workers/Poll Workers - Manage Page/New Poll Worker/Personal Information/Party Select/Select DEM' is clicked on

2019-01-09 11:20:14 - [MESSAGE][PASSED] - Object: 'Object Repository/Admin Console ePulse Menu/Poll Workers/Poll Workers - Manage Page/New Poll Worker/Personal Information/Party Select/Select DEM' is clicked on

2019-01-09 11:20:14 - [TEST_STEP][PASSED] - delay(1): Delayed 1 second(s)

2019-01-09 11:20:15 - [MESSAGE][PASSED] - Delayed 1 second(s)

2019-01-09 11:20:15 - [TEST_STEP][PASSED] - click(findTestObject("Admin Console ePulse Menu/Poll Workers/Poll Workers - Manage Page/New Poll Worker/Personal Information/Status Select/Select Active")): Object: 'Object Repository/Admin Console ePulse Menu/Poll Workers/Poll Workers - Manage Page/New Poll Worker/Personal Information/Status Select/Select Active' is clicked on

2019-01-09 11:20:15 - [MESSAGE][PASSED] - Object: 'Object Repository/Admin Console ePulse Menu/Poll Workers/Poll Workers - Manage Page/New Poll Worker/Personal Information/Status Select/Select Active' is clicked on

2019-01-09 11:20:15 - [TEST_STEP][PASSED] - delay(1): Delayed 1 second(s)

2019-01-09 11:20:16 - [MESSAGE][PASSED] - Delayed 1 second(s)

2019-01-09 11:20:16 - [TEST_STEP][PASSED] - click(findTestObject("Admin Console ePulse Menu/Poll Workers/Poll Workers - Manage Page/New Poll Worker/Poll Pad Login/Poll Pad Login Dropdown")): Object: 'Object Repository/Admin Console ePulse Menu/Poll Workers/Poll Workers - Manage Page/New Poll Worker/Poll Pad Login/Poll Pad Login Dropdown' is clicked on

2019-01-09 11:20:16 - [MESSAGE][PASSED] - Object: 'Object Repository/Admin Console ePulse Menu/Poll Workers/Poll Workers - Manage Page/New Poll Worker/Poll Pad Login/Poll Pad Login Dropdown' is clicked on

2019-01-09 11:20:16 - [TEST_STEP][PASSED] - delay(1): Delayed 1 second(s)

2019-01-09 11:20:17 - [MESSAGE][PASSED] - Delayed 1 second(s)

2019-01-09 11:20:17 - [TEST_STEP][PASSED] - setText(findTestObject("Admin Console ePulse Menu/Poll Workers/Poll Workers - Manage Page/New Poll Worker/Poll Pad Login/input_Username"), "PW_ONE"): Text 'PW_ONE' is set on object 'Object Repository/Admin Console ePulse Menu/Poll Workers/Poll Workers - Manage Page/New Poll Worker/Poll Pad Login/input_Username'

2019-01-09 11:20:17 - [MESSAGE][PASSED] - Text 'PW_ONE' is set on object 'Object Repository/Admin Console ePulse Menu/Poll Workers/Poll Workers - Manage Page/New Poll Worker/Poll Pad Login/input_Username'

2019-01-09 11:20:17 - [TEST_STEP][PASSED] - delay(1): Delayed 1 second(s)

2019-01-09 11:20:18 - [MESSAGE][PASSED] - Delayed 1 second(s)

2019-01-09 11:20:18 - [TEST_STEP][PASSED] - selectOptionByValue(findTestObject("Admin Console ePulse Menu/Poll Workers/Poll Workers - Manage Page/New Poll Worker/Poll Pad Login/Select Poll Worker Type"), "0", false): All options with value '0' are selected in object 'Object Repository/Admin Console ePulse Menu/Poll Workers/Poll Workers - Manage Page/New Poll Worker/Poll Pad Login/Select Poll Worker Type' 

2019-01-09 11:20:19 - [MESSAGE][PASSED] - All options with value '0' are selected in object 'Object Repository/Admin Console ePulse Menu/Poll Workers/Poll Workers - Manage Page/New Poll Worker/Poll Pad Login/Select Poll Worker Type' 

2019-01-09 11:20:19 - [TEST_STEP][PASSED] - setText(findTestObject("Admin Console ePulse Menu/Poll Workers/Poll Workers - Manage Page/New Poll Worker/Poll Pad Login/input_Password"), "Qwerty1!"): Text 'Qwerty1!' is set on object 'Object Repository/Admin Console ePulse Menu/Poll Workers/Poll Workers - Manage Page/New Poll Worker/Poll Pad Login/input_Password'

2019-01-09 11:20:19 - [MESSAGE][PASSED] - Text 'Qwerty1!' is set on object 'Object Repository/Admin Console ePulse Menu/Poll Workers/Poll Workers - Manage Page/New Poll Worker/Poll Pad Login/input_Password'

2019-01-09 11:20:19 - [TEST_STEP][PASSED] - delay(1): Delayed 1 second(s)

2019-01-09 11:20:20 - [MESSAGE][PASSED] - Delayed 1 second(s)

2019-01-09 11:20:20 - [TEST_STEP][PASSED] - setText(findTestObject("Admin Console ePulse Menu/Poll Workers/Poll Workers - Manage Page/New Poll Worker/Poll Pad Login/input_Confirm Password"), "Qwerty1!"): Text 'Qwerty1!' is set on object 'Object Repository/Admin Console ePulse Menu/Poll Workers/Poll Workers - Manage Page/New Poll Worker/Poll Pad Login/input_Confirm Password'

2019-01-09 11:20:20 - [MESSAGE][PASSED] - Text 'Qwerty1!' is set on object 'Object Repository/Admin Console ePulse Menu/Poll Workers/Poll Workers - Manage Page/New Poll Worker/Poll Pad Login/input_Confirm Password'

2019-01-09 11:20:20 - [TEST_STEP][PASSED] - delay(1): Delayed 1 second(s)

2019-01-09 11:20:21 - [MESSAGE][PASSED] - Delayed 1 second(s)

2019-01-09 11:20:21 - [TEST_STEP][PASSED] - click(findTestObject("Admin Console ePulse Menu/Poll Workers/Poll Workers - Manage Page/New Poll Worker/Submit Poll Worker")): Object: 'Object Repository/Admin Console ePulse Menu/Poll Workers/Poll Workers - Manage Page/New Poll Worker/Submit Poll Worker' is clicked on

2019-01-09 11:20:22 - [MESSAGE][PASSED] - Object: 'Object Repository/Admin Console ePulse Menu/Poll Workers/Poll Workers - Manage Page/New Poll Worker/Submit Poll Worker' is clicked on

2019-01-09 11:20:22 - [TEST_STEP][PASSED] - delay(1): Delayed 1 second(s)

2019-01-09 11:20:23 - [MESSAGE][PASSED] - Delayed 1 second(s)

2019-01-09 11:20:23 - [TEST_STEP][PASSED] - verifyTextPresent("PW_ONE", true): Text 'PW_ONE' is present on page  using regular expression

2019-01-09 11:20:23 - [MESSAGE][PASSED] - Text 'PW_ONE' is present on page  using regular expression

2019-01-09 11:20:23 - [TEST_STEP][PASSED] - closeBrowser(): Browser is closed

2019-01-09 11:20:23 - [MESSAGE][PASSED] - Browser is closed]]></system-out>
         <system-err><![CDATA[]]></system-err>
      </testcase>
      <testcase name="Test Cases/Admin Console/Poll Workers-Election Officials()/Poll Workers - Manage - Import" classname="Test Cases/Admin Console/Poll Workers-Election Officials()/Poll Workers - Manage - Import" status="PASSED">
         <system-out><![CDATA[2019-01-09 11:20:26 - [TEST_CASE][PASSED] - Test Cases/Admin Console/Poll Workers-Election Officials()/Poll Workers - Manage - Import: Test Cases/Admin Console/Poll Workers-Election Officials()/Poll Workers - Manage - Import

2019-01-09 11:20:26 - [TEST_STEP][PASSED] - openBrowser(""): Browser is opened with url: ''

2019-01-09 11:20:26 - [MESSAGE][INFO] - Starting 'Chrome' driver

2019-01-09 11:20:27 - [MESSAGE][PASSED] - Browser is opened with url: ''

2019-01-09 11:20:27 - [TEST_STEP][PASSED] - navigateToUrl(URL): Navigate to 'https://epulsebeta2.com' successfully

2019-01-09 11:20:29 - [MESSAGE][PASSED] - Navigate to 'https://epulsebeta2.com' successfully

2019-01-09 11:20:29 - [TEST_STEP][PASSED] - setText(findTestObject("Login/Email Address"), User_email): Text 'alonzo.mack@knowink.com' is set on object 'Object Repository/Login/Email Address'

2019-01-09 11:20:29 - [MESSAGE][PASSED] - Text 'alonzo.mack@knowink.com' is set on object 'Object Repository/Login/Email Address'

2019-01-09 11:20:29 - [TEST_STEP][PASSED] - setEncryptedText(findTestObject("Login/Password"), Pswrd): Text ****** has been set on object 'Object Repository/Login/Password'

2019-01-09 11:20:29 - [MESSAGE][PASSED] - Text ****** has been set on object 'Object Repository/Login/Password'

2019-01-09 11:20:29 - [TEST_STEP][PASSED] - click(findTestObject("Login/Sign In")): Object: 'Object Repository/Login/Sign In' is clicked on

2019-01-09 11:20:30 - [MESSAGE][PASSED] - Object: 'Object Repository/Login/Sign In' is clicked on

2019-01-09 11:20:30 - [TEST_STEP][PASSED] - delay(1): Delayed 1 second(s)

2019-01-09 11:20:31 - [MESSAGE][PASSED] - Delayed 1 second(s)

2019-01-09 11:20:31 - [TEST_STEP][PASSED] - navigateToUrl(Poll_Workers, STOP_ON_FAILURE): Navigate to 'https://am-automation-test.epulsebeta2.com/poll_workers' successfully

2019-01-09 11:20:33 - [MESSAGE][PASSED] - Navigate to 'https://am-automation-test.epulsebeta2.com/poll_workers' successfully

2019-01-09 11:20:33 - [TEST_STEP][PASSED] - delay(1): Delayed 1 second(s)

2019-01-09 11:20:34 - [MESSAGE][PASSED] - Delayed 1 second(s)

2019-01-09 11:20:34 - [TEST_STEP][PASSED] - click(findTestObject("Admin Console ePulse Menu/Poll Workers/Poll Workers - Manage Page/Import Poll Workers")): Object: 'Object Repository/Admin Console ePulse Menu/Poll Workers/Poll Workers - Manage Page/Import Poll Workers' is clicked on

2019-01-09 11:20:34 - [MESSAGE][PASSED] - Object: 'Object Repository/Admin Console ePulse Menu/Poll Workers/Poll Workers - Manage Page/Import Poll Workers' is clicked on

2019-01-09 11:20:34 - [TEST_STEP][PASSED] - setText(findTestObject("Admin Console ePulse Menu/Account Settings/Prompts/Import Prompts Buttons/Choose File"), "/Users/alonzomack/Downloads/Automation uploads/poll_workers.csv"): Text '/Users/alonzomack/Downloads/Automation uploads/poll_workers.csv' is set on object 'Object Repository/Admin Console ePulse Menu/Account Settings/Prompts/Import Prompts Buttons/Choose File'

2019-01-09 11:20:34 - [MESSAGE][PASSED] - Text '/Users/alonzomack/Downloads/Automation uploads/poll_workers.csv' is set on object 'Object Repository/Admin Console ePulse Menu/Account Settings/Prompts/Import Prompts Buttons/Choose File'

2019-01-09 11:20:34 - [TEST_STEP][PASSED] - click(findTestObject("Admin Console ePulse Menu/Account Settings/Prompts/Import Prompts Buttons/Continue Button")): Object: 'Object Repository/Admin Console ePulse Menu/Account Settings/Prompts/Import Prompts Buttons/Continue Button' is clicked on

2019-01-09 11:20:34 - [MESSAGE][PASSED] - Object: 'Object Repository/Admin Console ePulse Menu/Account Settings/Prompts/Import Prompts Buttons/Continue Button' is clicked on

2019-01-09 11:20:34 - [TEST_STEP][PASSED] - delay(1): Delayed 1 second(s)

2019-01-09 11:20:35 - [MESSAGE][PASSED] - Delayed 1 second(s)

2019-01-09 11:20:35 - [TEST_STEP][PASSED] - click(findTestObject("Admin Console ePulse Menu/Account Settings/Prompts/Import Prompts Buttons/button_Done(working)")): Object: 'Object Repository/Admin Console ePulse Menu/Account Settings/Prompts/Import Prompts Buttons/button_Done(working)' is clicked on

2019-01-09 11:20:42 - [MESSAGE][PASSED] - Object: 'Object Repository/Admin Console ePulse Menu/Account Settings/Prompts/Import Prompts Buttons/button_Done(working)' is clicked on

2019-01-09 11:20:42 - [TEST_STEP][PASSED] - delay(1): Delayed 1 second(s)

2019-01-09 11:20:43 - [MESSAGE][PASSED] - Delayed 1 second(s)

2019-01-09 11:20:43 - [TEST_STEP][PASSED] - closeBrowser(): Browser is closed

2019-01-09 11:20:43 - [MESSAGE][PASSED] - Browser is closed]]></system-out>
         <system-err><![CDATA[]]></system-err>
      </testcase>
      <testcase name="Test Cases/Admin Console/Account Settings/Users()/Account Settings - New User(basic_Rover.Technician)" classname="Test Cases/Admin Console/Account Settings/Users()/Account Settings - New User(basic_Rover.Technician)" status="PASSED">
         <system-out><![CDATA[2019-01-09 11:20:45 - [TEST_CASE][PASSED] - Test Cases/Admin Console/Account Settings/Users()/Account Settings - New User(basic_Rover.Technician): Test Cases/Admin Console/Account Settings/Users()/Account Settings - New User(basic_Rover.Technician)

2019-01-09 11:20:45 - [TEST_STEP][PASSED] - openBrowser(""): Browser is opened with url: ''

2019-01-09 11:20:45 - [MESSAGE][INFO] - Starting 'Chrome' driver

2019-01-09 11:20:47 - [MESSAGE][PASSED] - Browser is opened with url: ''

2019-01-09 11:20:47 - [TEST_STEP][PASSED] - navigateToUrl(URL): Navigate to 'https://epulsebeta2.com' successfully

2019-01-09 11:20:48 - [MESSAGE][PASSED] - Navigate to 'https://epulsebeta2.com' successfully

2019-01-09 11:20:48 - [TEST_STEP][PASSED] - setText(findTestObject("Login/Email Address"), User_email): Text 'alonzo.mack@knowink.com' is set on object 'Object Repository/Login/Email Address'

2019-01-09 11:20:49 - [MESSAGE][PASSED] - Text 'alonzo.mack@knowink.com' is set on object 'Object Repository/Login/Email Address'

2019-01-09 11:20:49 - [TEST_STEP][PASSED] - setEncryptedText(findTestObject("Login/Password"), Pswrd): Text ****** has been set on object 'Object Repository/Login/Password'

2019-01-09 11:20:49 - [MESSAGE][PASSED] - Text ****** has been set on object 'Object Repository/Login/Password'

2019-01-09 11:20:49 - [TEST_STEP][PASSED] - click(findTestObject("Login/Sign In")): Object: 'Object Repository/Login/Sign In' is clicked on

2019-01-09 11:20:50 - [MESSAGE][PASSED] - Object: 'Object Repository/Login/Sign In' is clicked on

2019-01-09 11:20:50 - [TEST_STEP][PASSED] - delay(1): Delayed 1 second(s)

2019-01-09 11:20:51 - [MESSAGE][PASSED] - Delayed 1 second(s)

2019-01-09 11:20:51 - [TEST_STEP][PASSED] - navigateToUrl(Users, STOP_ON_FAILURE): Navigate to 'https://am-automation-test.epulsebeta2.com/users' successfully

2019-01-09 11:20:52 - [MESSAGE][PASSED] - Navigate to 'https://am-automation-test.epulsebeta2.com/users' successfully

2019-01-09 11:20:52 - [TEST_STEP][PASSED] - delay(1): Delayed 1 second(s)

2019-01-09 11:20:53 - [MESSAGE][PASSED] - Delayed 1 second(s)

2019-01-09 11:20:53 - [TEST_STEP][PASSED] - click(findTestObject("Admin Console ePulse Menu/Account Settings/Users/Add User")): Object: 'Object Repository/Admin Console ePulse Menu/Account Settings/Users/Add User' is clicked on

2019-01-09 11:20:53 - [MESSAGE][PASSED] - Object: 'Object Repository/Admin Console ePulse Menu/Account Settings/Users/Add User' is clicked on

2019-01-09 11:20:53 - [TEST_STEP][PASSED] - delay(1): Delayed 1 second(s)

2019-01-09 11:20:54 - [MESSAGE][PASSED] - Delayed 1 second(s)

2019-01-09 11:20:54 - [TEST_STEP][PASSED] - setText(findTestObject("Admin Console ePulse Menu/Account Settings/Add User/input_First name"), "add"): Text 'add' is set on object 'Object Repository/Admin Console ePulse Menu/Account Settings/Add User/input_First name'

2019-01-09 11:20:55 - [MESSAGE][PASSED] - Text 'add' is set on object 'Object Repository/Admin Console ePulse Menu/Account Settings/Add User/input_First name'

2019-01-09 11:20:55 - [TEST_STEP][PASSED] - delay(1): Delayed 1 second(s)

2019-01-09 11:20:56 - [MESSAGE][PASSED] - Delayed 1 second(s)

2019-01-09 11:20:56 - [TEST_STEP][PASSED] - setText(findTestObject("Admin Console ePulse Menu/Account Settings/Add User/input_Last name"), "User"): Text 'User' is set on object 'Object Repository/Admin Console ePulse Menu/Account Settings/Add User/input_Last name'

2019-01-09 11:20:56 - [MESSAGE][PASSED] - Text 'User' is set on object 'Object Repository/Admin Console ePulse Menu/Account Settings/Add User/input_Last name'

2019-01-09 11:20:56 - [TEST_STEP][PASSED] - delay(1): Delayed 1 second(s)

2019-01-09 11:20:57 - [MESSAGE][PASSED] - Delayed 1 second(s)

2019-01-09 11:20:57 - [TEST_STEP][PASSED] - setText(findTestObject("Admin Console ePulse Menu/Account Settings/Add User/input_Phone"), "3137777777"): Text '3137777777' is set on object 'Object Repository/Admin Console ePulse Menu/Account Settings/Add User/input_Phone'

2019-01-09 11:20:57 - [MESSAGE][PASSED] - Text '3137777777' is set on object 'Object Repository/Admin Console ePulse Menu/Account Settings/Add User/input_Phone'

2019-01-09 11:20:57 - [TEST_STEP][PASSED] - delay(1): Delayed 1 second(s)

2019-01-09 11:20:58 - [MESSAGE][PASSED] - Delayed 1 second(s)

2019-01-09 11:20:58 - [TEST_STEP][PASSED] - setText(findTestObject("Admin Console ePulse Menu/Account Settings/Add User/input_E-mail"), "addnew2-user@knowink.com"): Text 'addnew2-user@knowink.com' is set on object 'Object Repository/Admin Console ePulse Menu/Account Settings/Add User/input_E-mail'

2019-01-09 11:20:58 - [MESSAGE][PASSED] - Text 'addnew2-user@knowink.com' is set on object 'Object Repository/Admin Console ePulse Menu/Account Settings/Add User/input_E-mail'

2019-01-09 11:20:58 - [TEST_STEP][PASSED] - delay(1): Delayed 1 second(s)

2019-01-09 11:20:59 - [MESSAGE][PASSED] - Delayed 1 second(s)

2019-01-09 11:20:59 - [TEST_STEP][PASSED] - delay(1): Delayed 1 second(s)

2019-01-09 11:21:00 - [MESSAGE][PASSED] - Delayed 1 second(s)

2019-01-09 11:21:00 - [TEST_STEP][PASSED] - selectOptionByValue(findTestObject("Admin Console ePulse Menu/Account Settings/Add User/Select Epulse User"), "1", true): All options with value '1' are selected in object 'Object Repository/Admin Console ePulse Menu/Account Settings/Add User/Select Epulse User'  using regular expression

2019-01-09 11:21:00 - [MESSAGE][PASSED] - All options with value '1' are selected in object 'Object Repository/Admin Console ePulse Menu/Account Settings/Add User/Select Epulse User'  using regular expression

2019-01-09 11:21:00 - [TEST_STEP][PASSED] - delay(1): Delayed 1 second(s)

2019-01-09 11:21:01 - [MESSAGE][PASSED] - Delayed 1 second(s)

2019-01-09 11:21:01 - [TEST_STEP][NOT_RUN] - selectOptionByValue(findTestObject("Admin Console ePulse Menu/Account Settings/Add User/Select Notify by"), "2", true): NOT_RUN: selectOptionByValue(findTestObject("Admin Console ePulse Menu/Account Settings/Add User/Select Notify by"), "2", true)

2019-01-09 11:21:01 - [MESSAGE][NOT_RUN] - NOT_RUN: selectOptionByValue(findTestObject("Admin Console ePulse Menu/Account Settings/Add User/Select Notify by"), "2", true)

2019-01-09 11:21:01 - [TEST_STEP][NOT_RUN] - delay(1): NOT_RUN: delay(1)

2019-01-09 11:21:01 - [MESSAGE][NOT_RUN] - NOT_RUN: delay(1)

2019-01-09 11:21:01 - [TEST_STEP][NOT_RUN] - selectOptionByValue(findTestObject("Admin Console ePulse Menu/Account Settings/Add User/Select User Rights"), "basic", true): NOT_RUN: selectOptionByValue(findTestObject("Admin Console ePulse Menu/Account Settings/Add User/Select User Rights"), "basic", true)

2019-01-09 11:21:01 - [MESSAGE][NOT_RUN] - NOT_RUN: selectOptionByValue(findTestObject("Admin Console ePulse Menu/Account Settings/Add User/Select User Rights"), "basic", true)

2019-01-09 11:21:01 - [TEST_STEP][NOT_RUN] - delay(1): NOT_RUN: delay(1)

2019-01-09 11:21:01 - [MESSAGE][NOT_RUN] - NOT_RUN: delay(1)

2019-01-09 11:21:01 - [TEST_STEP][PASSED] - click(findTestObject("Common ePulse Objects/Submit Button")): Object: 'Object Repository/Common ePulse Objects/Submit Button' is clicked on

2019-01-09 11:21:03 - [MESSAGE][PASSED] - Object: 'Object Repository/Common ePulse Objects/Submit Button' is clicked on

2019-01-09 11:21:03 - [TEST_STEP][PASSED] - closeBrowser(): Browser is closed

2019-01-09 11:21:03 - [MESSAGE][PASSED] - Browser is closed]]></system-out>
         <system-err><![CDATA[]]></system-err>
      </testcase>
      <testcase name="Test Cases/Admin Console/Account Settings/Users()/Account Settings - New User(manager_standard)" classname="Test Cases/Admin Console/Account Settings/Users()/Account Settings - New User(manager_standard)" status="PASSED">
         <system-out><![CDATA[2019-01-09 11:21:05 - [TEST_CASE][PASSED] - Test Cases/Admin Console/Account Settings/Users()/Account Settings - New User(manager_standard): Test Cases/Admin Console/Account Settings/Users()/Account Settings - New User(manager_standard)

2019-01-09 11:21:05 - [TEST_STEP][PASSED] - openBrowser(""): Browser is opened with url: ''

2019-01-09 11:21:05 - [MESSAGE][INFO] - Starting 'Chrome' driver

2019-01-09 11:21:07 - [MESSAGE][PASSED] - Browser is opened with url: ''

2019-01-09 11:21:07 - [TEST_STEP][PASSED] - navigateToUrl(URL): Navigate to 'https://epulsebeta2.com' successfully

2019-01-09 11:21:09 - [MESSAGE][PASSED] - Navigate to 'https://epulsebeta2.com' successfully

2019-01-09 11:21:09 - [TEST_STEP][PASSED] - setText(findTestObject("Login/Email Address"), User_email): Text 'alonzo.mack@knowink.com' is set on object 'Object Repository/Login/Email Address'

2019-01-09 11:21:09 - [MESSAGE][PASSED] - Text 'alonzo.mack@knowink.com' is set on object 'Object Repository/Login/Email Address'

2019-01-09 11:21:09 - [TEST_STEP][PASSED] - setEncryptedText(findTestObject("Login/Password"), Pswrd): Text ****** has been set on object 'Object Repository/Login/Password'

2019-01-09 11:21:09 - [MESSAGE][PASSED] - Text ****** has been set on object 'Object Repository/Login/Password'

2019-01-09 11:21:09 - [TEST_STEP][PASSED] - click(findTestObject("Login/Sign In")): Object: 'Object Repository/Login/Sign In' is clicked on

2019-01-09 11:21:10 - [MESSAGE][PASSED] - Object: 'Object Repository/Login/Sign In' is clicked on

2019-01-09 11:21:10 - [TEST_STEP][PASSED] - delay(1): Delayed 1 second(s)

2019-01-09 11:21:11 - [MESSAGE][PASSED] - Delayed 1 second(s)

2019-01-09 11:21:11 - [TEST_STEP][PASSED] - navigateToUrl(Users, STOP_ON_FAILURE): Navigate to 'https://am-automation-test.epulsebeta2.com/users' successfully

2019-01-09 11:21:12 - [MESSAGE][PASSED] - Navigate to 'https://am-automation-test.epulsebeta2.com/users' successfully

2019-01-09 11:21:12 - [TEST_STEP][PASSED] - delay(1): Delayed 1 second(s)

2019-01-09 11:21:13 - [MESSAGE][PASSED] - Delayed 1 second(s)

2019-01-09 11:21:13 - [TEST_STEP][PASSED] - click(findTestObject("Admin Console ePulse Menu/Account Settings/Users/Add User")): Object: 'Object Repository/Admin Console ePulse Menu/Account Settings/Users/Add User' is clicked on

2019-01-09 11:21:13 - [MESSAGE][PASSED] - Object: 'Object Repository/Admin Console ePulse Menu/Account Settings/Users/Add User' is clicked on

2019-01-09 11:21:13 - [TEST_STEP][PASSED] - delay(1): Delayed 1 second(s)

2019-01-09 11:21:14 - [MESSAGE][PASSED] - Delayed 1 second(s)

2019-01-09 11:21:14 - [TEST_STEP][PASSED] - setText(findTestObject("Admin Console ePulse Menu/Account Settings/Add User/input_First name"), "add"): Text 'add' is set on object 'Object Repository/Admin Console ePulse Menu/Account Settings/Add User/input_First name'

2019-01-09 11:21:14 - [MESSAGE][PASSED] - Text 'add' is set on object 'Object Repository/Admin Console ePulse Menu/Account Settings/Add User/input_First name'

2019-01-09 11:21:14 - [TEST_STEP][PASSED] - delay(1): Delayed 1 second(s)

2019-01-09 11:21:15 - [MESSAGE][PASSED] - Delayed 1 second(s)

2019-01-09 11:21:15 - [TEST_STEP][PASSED] - setText(findTestObject("Admin Console ePulse Menu/Account Settings/Add User/input_Last name"), "User"): Text 'User' is set on object 'Object Repository/Admin Console ePulse Menu/Account Settings/Add User/input_Last name'

2019-01-09 11:21:16 - [MESSAGE][PASSED] - Text 'User' is set on object 'Object Repository/Admin Console ePulse Menu/Account Settings/Add User/input_Last name'

2019-01-09 11:21:16 - [TEST_STEP][PASSED] - delay(1): Delayed 1 second(s)

2019-01-09 11:21:17 - [MESSAGE][PASSED] - Delayed 1 second(s)

2019-01-09 11:21:17 - [TEST_STEP][PASSED] - setText(findTestObject("Admin Console ePulse Menu/Account Settings/Add User/input_Phone"), "3137777777"): Text '3137777777' is set on object 'Object Repository/Admin Console ePulse Menu/Account Settings/Add User/input_Phone'

2019-01-09 11:21:17 - [MESSAGE][PASSED] - Text '3137777777' is set on object 'Object Repository/Admin Console ePulse Menu/Account Settings/Add User/input_Phone'

2019-01-09 11:21:17 - [TEST_STEP][PASSED] - delay(1): Delayed 1 second(s)

2019-01-09 11:21:18 - [MESSAGE][PASSED] - Delayed 1 second(s)

2019-01-09 11:21:18 - [TEST_STEP][PASSED] - setText(findTestObject("Admin Console ePulse Menu/Account Settings/Add User/input_E-mail"), "addnew5-user@knowink.com"): Text 'addnew5-user@knowink.com' is set on object 'Object Repository/Admin Console ePulse Menu/Account Settings/Add User/input_E-mail'

2019-01-09 11:21:18 - [MESSAGE][PASSED] - Text 'addnew5-user@knowink.com' is set on object 'Object Repository/Admin Console ePulse Menu/Account Settings/Add User/input_E-mail'

2019-01-09 11:21:18 - [TEST_STEP][PASSED] - delay(1): Delayed 1 second(s)

2019-01-09 11:21:19 - [MESSAGE][PASSED] - Delayed 1 second(s)

2019-01-09 11:21:19 - [TEST_STEP][PASSED] - selectOptionByValue(findTestObject("Admin Console ePulse Menu/Account Settings/Add User/Select Notify by"), "2", true): All options with value '2' are selected in object 'Object Repository/Admin Console ePulse Menu/Account Settings/Add User/Select Notify by'  using regular expression

2019-01-09 11:21:19 - [MESSAGE][PASSED] - All options with value '2' are selected in object 'Object Repository/Admin Console ePulse Menu/Account Settings/Add User/Select Notify by'  using regular expression

2019-01-09 11:21:19 - [TEST_STEP][PASSED] - delay(1): Delayed 1 second(s)

2019-01-09 11:21:20 - [MESSAGE][PASSED] - Delayed 1 second(s)

2019-01-09 11:21:20 - [TEST_STEP][PASSED] - selectOptionByValue(findTestObject("Admin Console ePulse Menu/Account Settings/Add User/Select User Rights"), "manager", true): All options with value 'manager' are selected in object 'Object Repository/Admin Console ePulse Menu/Account Settings/Add User/Select User Rights'  using regular expression

2019-01-09 11:21:20 - [MESSAGE][PASSED] - All options with value 'manager' are selected in object 'Object Repository/Admin Console ePulse Menu/Account Settings/Add User/Select User Rights'  using regular expression

2019-01-09 11:21:20 - [TEST_STEP][PASSED] - delay(1): Delayed 1 second(s)

2019-01-09 11:21:21 - [MESSAGE][PASSED] - Delayed 1 second(s)

2019-01-09 11:21:21 - [TEST_STEP][PASSED] - click(findTestObject("Common ePulse Objects/Submit Button")): Object: 'Object Repository/Common ePulse Objects/Submit Button' is clicked on

2019-01-09 11:21:22 - [MESSAGE][PASSED] - Object: 'Object Repository/Common ePulse Objects/Submit Button' is clicked on

2019-01-09 11:21:22 - [TEST_STEP][NOT_RUN] - closeBrowser(): NOT_RUN: closeBrowser()

2019-01-09 11:21:22 - [MESSAGE][NOT_RUN] - NOT_RUN: closeBrowser()]]></system-out>
         <system-err><![CDATA[]]></system-err>
      </testcase>
      <testcase name="Test Cases/Admin Console/Account Settings/Users()/Account Settings - New User(election_day_Isync)" classname="Test Cases/Admin Console/Account Settings/Users()/Account Settings - New User(election_day_Isync)" status="PASSED">
         <system-out><![CDATA[2019-01-09 11:21:24 - [TEST_CASE][PASSED] - Test Cases/Admin Console/Account Settings/Users()/Account Settings - New User(election_day_Isync): Test Cases/Admin Console/Account Settings/Users()/Account Settings - New User(election_day_Isync)

2019-01-09 11:21:24 - [TEST_STEP][PASSED] - openBrowser(""): Browser is opened with url: ''

2019-01-09 11:21:24 - [MESSAGE][WARNING] - A browser is already opened. Closing browser and opening a new one

2019-01-09 11:21:25 - [MESSAGE][INFO] - Starting 'Chrome' driver

2019-01-09 11:21:26 - [MESSAGE][PASSED] - Browser is opened with url: ''

2019-01-09 11:21:26 - [TEST_STEP][PASSED] - navigateToUrl(URL): Navigate to 'https://epulsebeta2.com' successfully

2019-01-09 11:21:28 - [MESSAGE][PASSED] - Navigate to 'https://epulsebeta2.com' successfully

2019-01-09 11:21:28 - [TEST_STEP][PASSED] - setText(findTestObject("Login/Email Address"), User_email): Text 'alonzo.mack@knowink.com' is set on object 'Object Repository/Login/Email Address'

2019-01-09 11:21:28 - [MESSAGE][PASSED] - Text 'alonzo.mack@knowink.com' is set on object 'Object Repository/Login/Email Address'

2019-01-09 11:21:28 - [TEST_STEP][PASSED] - setEncryptedText(findTestObject("Login/Password"), Pswrd): Text ****** has been set on object 'Object Repository/Login/Password'

2019-01-09 11:21:29 - [MESSAGE][PASSED] - Text ****** has been set on object 'Object Repository/Login/Password'

2019-01-09 11:21:29 - [TEST_STEP][PASSED] - click(findTestObject("Login/Sign In")): Object: 'Object Repository/Login/Sign In' is clicked on

2019-01-09 11:21:29 - [MESSAGE][PASSED] - Object: 'Object Repository/Login/Sign In' is clicked on

2019-01-09 11:21:29 - [TEST_STEP][PASSED] - delay(1): Delayed 1 second(s)

2019-01-09 11:21:30 - [MESSAGE][PASSED] - Delayed 1 second(s)

2019-01-09 11:21:30 - [TEST_STEP][PASSED] - navigateToUrl(Users, STOP_ON_FAILURE): Navigate to 'https://am-automation-test.epulsebeta2.com/users' successfully

2019-01-09 11:21:32 - [MESSAGE][PASSED] - Navigate to 'https://am-automation-test.epulsebeta2.com/users' successfully

2019-01-09 11:21:32 - [TEST_STEP][PASSED] - delay(1): Delayed 1 second(s)

2019-01-09 11:21:33 - [MESSAGE][PASSED] - Delayed 1 second(s)

2019-01-09 11:21:33 - [TEST_STEP][PASSED] - click(findTestObject("Admin Console ePulse Menu/Account Settings/Users/Add User")): Object: 'Object Repository/Admin Console ePulse Menu/Account Settings/Users/Add User' is clicked on

2019-01-09 11:21:33 - [MESSAGE][PASSED] - Object: 'Object Repository/Admin Console ePulse Menu/Account Settings/Users/Add User' is clicked on

2019-01-09 11:21:33 - [TEST_STEP][PASSED] - delay(1): Delayed 1 second(s)

2019-01-09 11:21:34 - [MESSAGE][PASSED] - Delayed 1 second(s)

2019-01-09 11:21:34 - [TEST_STEP][PASSED] - setText(findTestObject("Admin Console ePulse Menu/Account Settings/Add User/input_First name"), "add"): Text 'add' is set on object 'Object Repository/Admin Console ePulse Menu/Account Settings/Add User/input_First name'

2019-01-09 11:21:34 - [MESSAGE][PASSED] - Text 'add' is set on object 'Object Repository/Admin Console ePulse Menu/Account Settings/Add User/input_First name'

2019-01-09 11:21:34 - [TEST_STEP][PASSED] - delay(1): Delayed 1 second(s)

2019-01-09 11:21:35 - [MESSAGE][PASSED] - Delayed 1 second(s)

2019-01-09 11:21:35 - [TEST_STEP][PASSED] - setText(findTestObject("Admin Console ePulse Menu/Account Settings/Add User/input_Last name"), "User"): Text 'User' is set on object 'Object Repository/Admin Console ePulse Menu/Account Settings/Add User/input_Last name'

2019-01-09 11:21:35 - [MESSAGE][PASSED] - Text 'User' is set on object 'Object Repository/Admin Console ePulse Menu/Account Settings/Add User/input_Last name'

2019-01-09 11:21:35 - [TEST_STEP][PASSED] - delay(1): Delayed 1 second(s)

2019-01-09 11:21:36 - [MESSAGE][PASSED] - Delayed 1 second(s)

2019-01-09 11:21:36 - [TEST_STEP][PASSED] - setText(findTestObject("Admin Console ePulse Menu/Account Settings/Add User/input_Phone"), "3137777777"): Text '3137777777' is set on object 'Object Repository/Admin Console ePulse Menu/Account Settings/Add User/input_Phone'

2019-01-09 11:21:36 - [MESSAGE][PASSED] - Text '3137777777' is set on object 'Object Repository/Admin Console ePulse Menu/Account Settings/Add User/input_Phone'

2019-01-09 11:21:36 - [TEST_STEP][PASSED] - delay(1): Delayed 1 second(s)

2019-01-09 11:21:38 - [MESSAGE][PASSED] - Delayed 1 second(s)

2019-01-09 11:21:38 - [TEST_STEP][PASSED] - setText(findTestObject("Admin Console ePulse Menu/Account Settings/Add User/input_E-mail"), "addnew4-user@knowink.com"): Text 'addnew4-user@knowink.com' is set on object 'Object Repository/Admin Console ePulse Menu/Account Settings/Add User/input_E-mail'

2019-01-09 11:21:38 - [MESSAGE][PASSED] - Text 'addnew4-user@knowink.com' is set on object 'Object Repository/Admin Console ePulse Menu/Account Settings/Add User/input_E-mail'

2019-01-09 11:21:38 - [TEST_STEP][PASSED] - delay(1): Delayed 1 second(s)

2019-01-09 11:21:39 - [MESSAGE][PASSED] - Delayed 1 second(s)

2019-01-09 11:21:39 - [TEST_STEP][PASSED] - selectOptionByValue(findTestObject("Admin Console ePulse Menu/Account Settings/Add User/Select Epulse User"), "3", true): All options with value '3' are selected in object 'Object Repository/Admin Console ePulse Menu/Account Settings/Add User/Select Epulse User'  using regular expression

2019-01-09 11:21:39 - [MESSAGE][PASSED] - All options with value '3' are selected in object 'Object Repository/Admin Console ePulse Menu/Account Settings/Add User/Select Epulse User'  using regular expression

2019-01-09 11:21:39 - [TEST_STEP][PASSED] - delay(1): Delayed 1 second(s)

2019-01-09 11:21:40 - [MESSAGE][PASSED] - Delayed 1 second(s)

2019-01-09 11:21:40 - [TEST_STEP][NOT_RUN] - selectOptionByValue(findTestObject("Admin Console ePulse Menu/Account Settings/Add User/Select Notify by"), "2", true): NOT_RUN: selectOptionByValue(findTestObject("Admin Console ePulse Menu/Account Settings/Add User/Select Notify by"), "2", true)

2019-01-09 11:21:40 - [MESSAGE][NOT_RUN] - NOT_RUN: selectOptionByValue(findTestObject("Admin Console ePulse Menu/Account Settings/Add User/Select Notify by"), "2", true)

2019-01-09 11:21:40 - [TEST_STEP][NOT_RUN] - delay(1): NOT_RUN: delay(1)

2019-01-09 11:21:40 - [MESSAGE][NOT_RUN] - NOT_RUN: delay(1)

2019-01-09 11:21:40 - [TEST_STEP][NOT_RUN] - selectOptionByValue(findTestObject("Admin Console ePulse Menu/Account Settings/Add User/Select User Rights"), "election_day", true): NOT_RUN: selectOptionByValue(findTestObject("Admin Console ePulse Menu/Account Settings/Add User/Select User Rights"), "election_day", true)

2019-01-09 11:21:40 - [MESSAGE][NOT_RUN] - NOT_RUN: selectOptionByValue(findTestObject("Admin Console ePulse Menu/Account Settings/Add User/Select User Rights"), "election_day", true)

2019-01-09 11:21:40 - [TEST_STEP][NOT_RUN] - delay(1): NOT_RUN: delay(1)

2019-01-09 11:21:40 - [MESSAGE][NOT_RUN] - NOT_RUN: delay(1)

2019-01-09 11:21:40 - [TEST_STEP][PASSED] - click(findTestObject("Common ePulse Objects/Submit Button")): Object: 'Object Repository/Common ePulse Objects/Submit Button' is clicked on

2019-01-09 11:21:41 - [MESSAGE][PASSED] - Object: 'Object Repository/Common ePulse Objects/Submit Button' is clicked on

2019-01-09 11:21:41 - [TEST_STEP][PASSED] - closeBrowser(): Browser is closed

2019-01-09 11:21:41 - [MESSAGE][PASSED] - Browser is closed]]></system-out>
         <system-err><![CDATA[]]></system-err>
      </testcase>
      <testcase name="Test Cases/Admin Console/Account Settings/Users()/Account Settings - New User(admin_Standard)" classname="Test Cases/Admin Console/Account Settings/Users()/Account Settings - New User(admin_Standard)" status="PASSED">
         <system-out><![CDATA[2019-01-09 11:21:43 - [TEST_CASE][PASSED] - Test Cases/Admin Console/Account Settings/Users()/Account Settings - New User(admin_Standard): Test Cases/Admin Console/Account Settings/Users()/Account Settings - New User(admin_Standard)

2019-01-09 11:21:43 - [TEST_STEP][PASSED] - openBrowser(""): Browser is opened with url: ''

2019-01-09 11:21:43 - [MESSAGE][INFO] - Starting 'Chrome' driver

2019-01-09 11:21:44 - [MESSAGE][PASSED] - Browser is opened with url: ''

2019-01-09 11:21:44 - [TEST_STEP][PASSED] - navigateToUrl(URL): Navigate to 'https://epulsebeta2.com' successfully

2019-01-09 11:21:49 - [MESSAGE][PASSED] - Navigate to 'https://epulsebeta2.com' successfully

2019-01-09 11:21:49 - [TEST_STEP][PASSED] - setText(findTestObject("Login/Email Address"), User_email): Text 'alonzo.mack@knowink.com' is set on object 'Object Repository/Login/Email Address'

2019-01-09 11:21:49 - [MESSAGE][PASSED] - Text 'alonzo.mack@knowink.com' is set on object 'Object Repository/Login/Email Address'

2019-01-09 11:21:49 - [TEST_STEP][PASSED] - setEncryptedText(findTestObject("Login/Password"), Pswrd): Text ****** has been set on object 'Object Repository/Login/Password'

2019-01-09 11:21:49 - [MESSAGE][PASSED] - Text ****** has been set on object 'Object Repository/Login/Password'

2019-01-09 11:21:49 - [TEST_STEP][PASSED] - click(findTestObject("Login/Sign In")): Object: 'Object Repository/Login/Sign In' is clicked on

2019-01-09 11:21:50 - [MESSAGE][PASSED] - Object: 'Object Repository/Login/Sign In' is clicked on

2019-01-09 11:21:50 - [TEST_STEP][PASSED] - delay(1): Delayed 1 second(s)

2019-01-09 11:21:51 - [MESSAGE][PASSED] - Delayed 1 second(s)

2019-01-09 11:21:51 - [TEST_STEP][PASSED] - navigateToUrl(Users, STOP_ON_FAILURE): Navigate to 'https://am-automation-test.epulsebeta2.com/users' successfully

2019-01-09 11:21:52 - [MESSAGE][PASSED] - Navigate to 'https://am-automation-test.epulsebeta2.com/users' successfully

2019-01-09 11:21:52 - [TEST_STEP][PASSED] - delay(1): Delayed 1 second(s)

2019-01-09 11:21:53 - [MESSAGE][PASSED] - Delayed 1 second(s)

2019-01-09 11:21:53 - [TEST_STEP][PASSED] - click(findTestObject("Admin Console ePulse Menu/Account Settings/Users/Add User")): Object: 'Object Repository/Admin Console ePulse Menu/Account Settings/Users/Add User' is clicked on

2019-01-09 11:21:54 - [MESSAGE][PASSED] - Object: 'Object Repository/Admin Console ePulse Menu/Account Settings/Users/Add User' is clicked on

2019-01-09 11:21:54 - [TEST_STEP][PASSED] - delay(1): Delayed 1 second(s)

2019-01-09 11:21:55 - [MESSAGE][PASSED] - Delayed 1 second(s)

2019-01-09 11:21:55 - [TEST_STEP][PASSED] - setText(findTestObject("Admin Console ePulse Menu/Account Settings/Add User/input_First name"), "add"): Text 'add' is set on object 'Object Repository/Admin Console ePulse Menu/Account Settings/Add User/input_First name'

2019-01-09 11:21:55 - [MESSAGE][PASSED] - Text 'add' is set on object 'Object Repository/Admin Console ePulse Menu/Account Settings/Add User/input_First name'

2019-01-09 11:21:55 - [TEST_STEP][PASSED] - delay(1): Delayed 1 second(s)

2019-01-09 11:21:56 - [MESSAGE][PASSED] - Delayed 1 second(s)

2019-01-09 11:21:56 - [TEST_STEP][PASSED] - setText(findTestObject("Admin Console ePulse Menu/Account Settings/Add User/input_Last name"), "User"): Text 'User' is set on object 'Object Repository/Admin Console ePulse Menu/Account Settings/Add User/input_Last name'

2019-01-09 11:21:56 - [MESSAGE][PASSED] - Text 'User' is set on object 'Object Repository/Admin Console ePulse Menu/Account Settings/Add User/input_Last name'

2019-01-09 11:21:56 - [TEST_STEP][PASSED] - delay(1): Delayed 1 second(s)

2019-01-09 11:21:57 - [MESSAGE][PASSED] - Delayed 1 second(s)

2019-01-09 11:21:57 - [TEST_STEP][PASSED] - setText(findTestObject("Admin Console ePulse Menu/Account Settings/Add User/input_Phone"), "3137777777"): Text '3137777777' is set on object 'Object Repository/Admin Console ePulse Menu/Account Settings/Add User/input_Phone'

2019-01-09 11:21:57 - [MESSAGE][PASSED] - Text '3137777777' is set on object 'Object Repository/Admin Console ePulse Menu/Account Settings/Add User/input_Phone'

2019-01-09 11:21:57 - [TEST_STEP][PASSED] - delay(1): Delayed 1 second(s)

2019-01-09 11:21:58 - [MESSAGE][PASSED] - Delayed 1 second(s)

2019-01-09 11:21:58 - [TEST_STEP][PASSED] - setText(findTestObject("Admin Console ePulse Menu/Account Settings/Add User/input_E-mail"), "addnew-user@knowink.com"): Text 'addnew-user@knowink.com' is set on object 'Object Repository/Admin Console ePulse Menu/Account Settings/Add User/input_E-mail'

2019-01-09 11:21:58 - [MESSAGE][PASSED] - Text 'addnew-user@knowink.com' is set on object 'Object Repository/Admin Console ePulse Menu/Account Settings/Add User/input_E-mail'

2019-01-09 11:21:58 - [TEST_STEP][PASSED] - delay(1): Delayed 1 second(s)

2019-01-09 11:21:59 - [MESSAGE][PASSED] - Delayed 1 second(s)

2019-01-09 11:21:59 - [TEST_STEP][PASSED] - selectOptionByValue(findTestObject("Admin Console ePulse Menu/Account Settings/Add User/Select Epulse User"), "0", true): All options with value '0' are selected in object 'Object Repository/Admin Console ePulse Menu/Account Settings/Add User/Select Epulse User'  using regular expression

2019-01-09 11:21:59 - [MESSAGE][PASSED] - All options with value '0' are selected in object 'Object Repository/Admin Console ePulse Menu/Account Settings/Add User/Select Epulse User'  using regular expression

2019-01-09 11:21:59 - [TEST_STEP][PASSED] - delay(1): Delayed 1 second(s)

2019-01-09 11:22:00 - [MESSAGE][PASSED] - Delayed 1 second(s)

2019-01-09 11:22:00 - [TEST_STEP][PASSED] - selectOptionByValue(findTestObject("Admin Console ePulse Menu/Account Settings/Add User/Select Notify by"), "2", true): All options with value '2' are selected in object 'Object Repository/Admin Console ePulse Menu/Account Settings/Add User/Select Notify by'  using regular expression

2019-01-09 11:22:01 - [MESSAGE][PASSED] - All options with value '2' are selected in object 'Object Repository/Admin Console ePulse Menu/Account Settings/Add User/Select Notify by'  using regular expression

2019-01-09 11:22:01 - [TEST_STEP][PASSED] - delay(1): Delayed 1 second(s)

2019-01-09 11:22:02 - [MESSAGE][PASSED] - Delayed 1 second(s)

2019-01-09 11:22:02 - [TEST_STEP][PASSED] - selectOptionByValue(findTestObject("Admin Console ePulse Menu/Account Settings/Add User/Select User Rights"), "admin", true): All options with value 'admin' are selected in object 'Object Repository/Admin Console ePulse Menu/Account Settings/Add User/Select User Rights'  using regular expression

2019-01-09 11:22:02 - [MESSAGE][PASSED] - All options with value 'admin' are selected in object 'Object Repository/Admin Console ePulse Menu/Account Settings/Add User/Select User Rights'  using regular expression

2019-01-09 11:22:02 - [TEST_STEP][PASSED] - delay(1): Delayed 1 second(s)

2019-01-09 11:22:03 - [MESSAGE][PASSED] - Delayed 1 second(s)

2019-01-09 11:22:03 - [TEST_STEP][PASSED] - click(findTestObject("Common ePulse Objects/Submit Button")): Object: 'Object Repository/Common ePulse Objects/Submit Button' is clicked on

2019-01-09 11:22:04 - [MESSAGE][PASSED] - Object: 'Object Repository/Common ePulse Objects/Submit Button' is clicked on

2019-01-09 11:22:04 - [TEST_STEP][NOT_RUN] - closeBrowser(): NOT_RUN: closeBrowser()

2019-01-09 11:22:04 - [MESSAGE][NOT_RUN] - NOT_RUN: closeBrowser()]]></system-out>
         <system-err><![CDATA[]]></system-err>
      </testcase>
      <testcase name="Test Cases/Admin Console/Account Settings/Users()/Account Settings - New User(coordinator_Call.Center)" classname="Test Cases/Admin Console/Account Settings/Users()/Account Settings - New User(coordinator_Call.Center)" status="PASSED">
         <system-out><![CDATA[2019-01-09 11:22:06 - [TEST_CASE][PASSED] - Test Cases/Admin Console/Account Settings/Users()/Account Settings - New User(coordinator_Call.Center): Test Cases/Admin Console/Account Settings/Users()/Account Settings - New User(coordinator_Call.Center)

2019-01-09 11:22:06 - [TEST_STEP][PASSED] - openBrowser(""): Browser is opened with url: ''

2019-01-09 11:22:06 - [MESSAGE][WARNING] - A browser is already opened. Closing browser and opening a new one

2019-01-09 11:22:06 - [MESSAGE][INFO] - Starting 'Chrome' driver

2019-01-09 11:22:08 - [MESSAGE][PASSED] - Browser is opened with url: ''

2019-01-09 11:22:08 - [TEST_STEP][PASSED] - navigateToUrl(URL): Navigate to 'https://epulsebeta2.com' successfully

2019-01-09 11:22:09 - [MESSAGE][PASSED] - Navigate to 'https://epulsebeta2.com' successfully

2019-01-09 11:22:09 - [TEST_STEP][PASSED] - setText(findTestObject("Login/Email Address"), User_email): Text 'alonzo.mack@knowink.com' is set on object 'Object Repository/Login/Email Address'

2019-01-09 11:22:10 - [MESSAGE][PASSED] - Text 'alonzo.mack@knowink.com' is set on object 'Object Repository/Login/Email Address'

2019-01-09 11:22:10 - [TEST_STEP][PASSED] - setEncryptedText(findTestObject("Login/Password"), Pswrd): Text ****** has been set on object 'Object Repository/Login/Password'

2019-01-09 11:22:10 - [MESSAGE][PASSED] - Text ****** has been set on object 'Object Repository/Login/Password'

2019-01-09 11:22:10 - [TEST_STEP][PASSED] - click(findTestObject("Login/Sign In")): Object: 'Object Repository/Login/Sign In' is clicked on

2019-01-09 11:22:11 - [MESSAGE][PASSED] - Object: 'Object Repository/Login/Sign In' is clicked on

2019-01-09 11:22:11 - [TEST_STEP][PASSED] - delay(1): Delayed 1 second(s)

2019-01-09 11:22:12 - [MESSAGE][PASSED] - Delayed 1 second(s)

2019-01-09 11:22:12 - [TEST_STEP][PASSED] - navigateToUrl(Users, STOP_ON_FAILURE): Navigate to 'https://am-automation-test.epulsebeta2.com/users' successfully

2019-01-09 11:22:13 - [MESSAGE][PASSED] - Navigate to 'https://am-automation-test.epulsebeta2.com/users' successfully

2019-01-09 11:22:13 - [TEST_STEP][PASSED] - delay(1): Delayed 1 second(s)

2019-01-09 11:22:14 - [MESSAGE][PASSED] - Delayed 1 second(s)

2019-01-09 11:22:14 - [TEST_STEP][PASSED] - click(findTestObject("Admin Console ePulse Menu/Account Settings/Users/Add User")): Object: 'Object Repository/Admin Console ePulse Menu/Account Settings/Users/Add User' is clicked on

2019-01-09 11:22:14 - [MESSAGE][PASSED] - Object: 'Object Repository/Admin Console ePulse Menu/Account Settings/Users/Add User' is clicked on

2019-01-09 11:22:14 - [TEST_STEP][PASSED] - delay(1): Delayed 1 second(s)

2019-01-09 11:22:15 - [MESSAGE][PASSED] - Delayed 1 second(s)

2019-01-09 11:22:15 - [TEST_STEP][PASSED] - setText(findTestObject("Admin Console ePulse Menu/Account Settings/Add User/input_First name"), "add"): Text 'add' is set on object 'Object Repository/Admin Console ePulse Menu/Account Settings/Add User/input_First name'

2019-01-09 11:22:16 - [MESSAGE][PASSED] - Text 'add' is set on object 'Object Repository/Admin Console ePulse Menu/Account Settings/Add User/input_First name'

2019-01-09 11:22:16 - [TEST_STEP][PASSED] - delay(1): Delayed 1 second(s)

2019-01-09 11:22:17 - [MESSAGE][PASSED] - Delayed 1 second(s)

2019-01-09 11:22:17 - [TEST_STEP][PASSED] - setText(findTestObject("Admin Console ePulse Menu/Account Settings/Add User/input_Last name"), "User"): Text 'User' is set on object 'Object Repository/Admin Console ePulse Menu/Account Settings/Add User/input_Last name'

2019-01-09 11:22:17 - [MESSAGE][PASSED] - Text 'User' is set on object 'Object Repository/Admin Console ePulse Menu/Account Settings/Add User/input_Last name'

2019-01-09 11:22:17 - [TEST_STEP][PASSED] - delay(1): Delayed 1 second(s)

2019-01-09 11:22:18 - [MESSAGE][PASSED] - Delayed 1 second(s)

2019-01-09 11:22:18 - [TEST_STEP][PASSED] - setText(findTestObject("Admin Console ePulse Menu/Account Settings/Add User/input_Phone"), "3137777777"): Text '3137777777' is set on object 'Object Repository/Admin Console ePulse Menu/Account Settings/Add User/input_Phone'

2019-01-09 11:22:18 - [MESSAGE][PASSED] - Text '3137777777' is set on object 'Object Repository/Admin Console ePulse Menu/Account Settings/Add User/input_Phone'

2019-01-09 11:22:18 - [TEST_STEP][PASSED] - delay(1): Delayed 1 second(s)

2019-01-09 11:22:19 - [MESSAGE][PASSED] - Delayed 1 second(s)

2019-01-09 11:22:19 - [TEST_STEP][PASSED] - setText(findTestObject("Admin Console ePulse Menu/Account Settings/Add User/input_E-mail"), "addnew3-user@knowink.com"): Text 'addnew3-user@knowink.com' is set on object 'Object Repository/Admin Console ePulse Menu/Account Settings/Add User/input_E-mail'

2019-01-09 11:22:19 - [MESSAGE][PASSED] - Text 'addnew3-user@knowink.com' is set on object 'Object Repository/Admin Console ePulse Menu/Account Settings/Add User/input_E-mail'

2019-01-09 11:22:19 - [TEST_STEP][PASSED] - delay(1): Delayed 1 second(s)

2019-01-09 11:22:20 - [MESSAGE][PASSED] - Delayed 1 second(s)

2019-01-09 11:22:20 - [TEST_STEP][PASSED] - selectOptionByValue(findTestObject("Admin Console ePulse Menu/Account Settings/Add User/Select Epulse User"), "2", true): All options with value '2' are selected in object 'Object Repository/Admin Console ePulse Menu/Account Settings/Add User/Select Epulse User'  using regular expression

2019-01-09 11:22:20 - [MESSAGE][PASSED] - All options with value '2' are selected in object 'Object Repository/Admin Console ePulse Menu/Account Settings/Add User/Select Epulse User'  using regular expression

2019-01-09 11:22:20 - [TEST_STEP][PASSED] - delay(1): Delayed 1 second(s)

2019-01-09 11:22:21 - [MESSAGE][PASSED] - Delayed 1 second(s)

2019-01-09 11:22:21 - [TEST_STEP][NOT_RUN] - selectOptionByValue(findTestObject("Admin Console ePulse Menu/Account Settings/Add User/Select Notify by"), "2", true): NOT_RUN: selectOptionByValue(findTestObject("Admin Console ePulse Menu/Account Settings/Add User/Select Notify by"), "2", true)

2019-01-09 11:22:21 - [MESSAGE][NOT_RUN] - NOT_RUN: selectOptionByValue(findTestObject("Admin Console ePulse Menu/Account Settings/Add User/Select Notify by"), "2", true)

2019-01-09 11:22:21 - [TEST_STEP][NOT_RUN] - delay(1): NOT_RUN: delay(1)

2019-01-09 11:22:21 - [MESSAGE][NOT_RUN] - NOT_RUN: delay(1)

2019-01-09 11:22:21 - [TEST_STEP][NOT_RUN] - selectOptionByValue(findTestObject("Admin Console ePulse Menu/Account Settings/Add User/Select User Rights"), "coordinator", true): NOT_RUN: selectOptionByValue(findTestObject("Admin Console ePulse Menu/Account Settings/Add User/Select User Rights"), "coordinator", true)

2019-01-09 11:22:21 - [MESSAGE][NOT_RUN] - NOT_RUN: selectOptionByValue(findTestObject("Admin Console ePulse Menu/Account Settings/Add User/Select User Rights"), "coordinator", true)

2019-01-09 11:22:21 - [TEST_STEP][NOT_RUN] - delay(1): NOT_RUN: delay(1)

2019-01-09 11:22:21 - [MESSAGE][NOT_RUN] - NOT_RUN: delay(1)

2019-01-09 11:22:21 - [TEST_STEP][PASSED] - click(findTestObject("Common ePulse Objects/Submit Button")): Object: 'Object Repository/Common ePulse Objects/Submit Button' is clicked on

2019-01-09 11:22:22 - [MESSAGE][PASSED] - Object: 'Object Repository/Common ePulse Objects/Submit Button' is clicked on

2019-01-09 11:22:22 - [TEST_STEP][PASSED] - closeBrowser(): Browser is closed

2019-01-09 11:22:22 - [MESSAGE][PASSED] - Browser is closed]]></system-out>
         <system-err><![CDATA[]]></system-err>
      </testcase>
      <testcase name="Test Cases/Admin Console/Account Settings/Languages/Languages - Import" classname="Test Cases/Admin Console/Account Settings/Languages/Languages - Import" status="PASSED">
         <system-out><![CDATA[2019-01-09 11:22:25 - [TEST_CASE][PASSED] - Test Cases/Admin Console/Account Settings/Languages/Languages - Import: Test Cases/Admin Console/Account Settings/Languages/Languages - Import

2019-01-09 11:22:25 - [TEST_STEP][PASSED] - openBrowser(""): Browser is opened with url: ''

2019-01-09 11:22:25 - [MESSAGE][INFO] - Starting 'Chrome' driver

2019-01-09 11:22:26 - [MESSAGE][PASSED] - Browser is opened with url: ''

2019-01-09 11:22:26 - [TEST_STEP][PASSED] - navigateToUrl(URL): Navigate to 'https://epulsebeta2.com' successfully

2019-01-09 11:22:27 - [MESSAGE][PASSED] - Navigate to 'https://epulsebeta2.com' successfully

2019-01-09 11:22:27 - [TEST_STEP][PASSED] - setText(findTestObject("Login/Email Address"), User_email): Text 'alonzo.mack@knowink.com' is set on object 'Object Repository/Login/Email Address'

2019-01-09 11:22:27 - [MESSAGE][PASSED] - Text 'alonzo.mack@knowink.com' is set on object 'Object Repository/Login/Email Address'

2019-01-09 11:22:27 - [TEST_STEP][PASSED] - setEncryptedText(findTestObject("Login/Password"), Pswrd): Text ****** has been set on object 'Object Repository/Login/Password'

2019-01-09 11:22:27 - [MESSAGE][PASSED] - Text ****** has been set on object 'Object Repository/Login/Password'

2019-01-09 11:22:27 - [TEST_STEP][PASSED] - click(findTestObject("Login/Sign In")): Object: 'Object Repository/Login/Sign In' is clicked on

2019-01-09 11:22:28 - [MESSAGE][PASSED] - Object: 'Object Repository/Login/Sign In' is clicked on

2019-01-09 11:22:28 - [TEST_STEP][PASSED] - delay(1): Delayed 1 second(s)

2019-01-09 11:22:29 - [MESSAGE][PASSED] - Delayed 1 second(s)

2019-01-09 11:22:29 - [TEST_STEP][PASSED] - navigateToUrl(languages_import, STOP_ON_FAILURE): Navigate to 'https://am-automation-test.epulsebeta2.com/imports/languages' successfully

2019-01-09 11:22:30 - [MESSAGE][PASSED] - Navigate to 'https://am-automation-test.epulsebeta2.com/imports/languages' successfully

2019-01-09 11:22:30 - [TEST_STEP][PASSED] - delay(1): Delayed 1 second(s)

2019-01-09 11:22:31 - [MESSAGE][PASSED] - Delayed 1 second(s)

2019-01-09 11:22:31 - [TEST_STEP][PASSED] - setText(findTestObject("Admin Console ePulse Menu/Account Settings/Prompts/Import Prompts Buttons/Choose File"), "/Users/alonzomack/Downloads/Automation uploads/languages.csv"): Text '/Users/alonzomack/Downloads/Automation uploads/languages.csv' is set on object 'Object Repository/Admin Console ePulse Menu/Account Settings/Prompts/Import Prompts Buttons/Choose File'

2019-01-09 11:22:31 - [MESSAGE][PASSED] - Text '/Users/alonzomack/Downloads/Automation uploads/languages.csv' is set on object 'Object Repository/Admin Console ePulse Menu/Account Settings/Prompts/Import Prompts Buttons/Choose File'

2019-01-09 11:22:31 - [TEST_STEP][PASSED] - click(findTestObject("Admin Console ePulse Menu/Account Settings/Prompts/Import Prompts Buttons/Continue Button")): Object: 'Object Repository/Admin Console ePulse Menu/Account Settings/Prompts/Import Prompts Buttons/Continue Button' is clicked on

2019-01-09 11:22:31 - [MESSAGE][PASSED] - Object: 'Object Repository/Admin Console ePulse Menu/Account Settings/Prompts/Import Prompts Buttons/Continue Button' is clicked on

2019-01-09 11:22:31 - [TEST_STEP][PASSED] - delay(1): Delayed 1 second(s)

2019-01-09 11:22:32 - [MESSAGE][PASSED] - Delayed 1 second(s)

2019-01-09 11:22:32 - [TEST_STEP][PASSED] - click(findTestObject("Admin Console ePulse Menu/Account Settings/Prompts/Import Prompts Buttons/button_Done(working)")): Object: 'Object Repository/Admin Console ePulse Menu/Account Settings/Prompts/Import Prompts Buttons/button_Done(working)' is clicked on

2019-01-09 11:22:37 - [MESSAGE][PASSED] - Object: 'Object Repository/Admin Console ePulse Menu/Account Settings/Prompts/Import Prompts Buttons/button_Done(working)' is clicked on

2019-01-09 11:22:37 - [TEST_STEP][PASSED] - delay(1): Delayed 1 second(s)

2019-01-09 11:22:38 - [MESSAGE][PASSED] - Delayed 1 second(s)

2019-01-09 11:22:38 - [TEST_STEP][PASSED] - closeBrowser(): Browser is closed

2019-01-09 11:22:38 - [MESSAGE][PASSED] - Browser is closed]]></system-out>
         <system-err><![CDATA[]]></system-err>
      </testcase>
      <testcase name="Test Cases/Admin Console/Account Settings/Poll Pad Setup()/Poll Pad Setup - Demo DB" classname="Test Cases/Admin Console/Account Settings/Poll Pad Setup()/Poll Pad Setup - Demo DB" status="PASSED">
         <system-out><![CDATA[2019-01-09 11:22:40 - [TEST_CASE][PASSED] - Test Cases/Admin Console/Account Settings/Poll Pad Setup()/Poll Pad Setup - Demo DB: Test Cases/Admin Console/Account Settings/Poll Pad Setup()/Poll Pad Setup - Demo DB

2019-01-09 11:22:40 - [TEST_STEP][PASSED] - openBrowser(""): Browser is opened with url: ''

2019-01-09 11:22:40 - [MESSAGE][INFO] - Starting 'Chrome' driver

2019-01-09 11:22:41 - [MESSAGE][PASSED] - Browser is opened with url: ''

2019-01-09 11:22:41 - [TEST_STEP][PASSED] - navigateToUrl(URL): Navigate to 'https://epulsebeta2.com' successfully

2019-01-09 11:22:43 - [MESSAGE][PASSED] - Navigate to 'https://epulsebeta2.com' successfully

2019-01-09 11:22:43 - [TEST_STEP][PASSED] - setText(findTestObject("Login/Email Address"), User_email): Text 'alonzo.mack@knowink.com' is set on object 'Object Repository/Login/Email Address'

2019-01-09 11:22:43 - [MESSAGE][PASSED] - Text 'alonzo.mack@knowink.com' is set on object 'Object Repository/Login/Email Address'

2019-01-09 11:22:43 - [TEST_STEP][PASSED] - setEncryptedText(findTestObject("Login/Password"), Pswrd): Text ****** has been set on object 'Object Repository/Login/Password'

2019-01-09 11:22:43 - [MESSAGE][PASSED] - Text ****** has been set on object 'Object Repository/Login/Password'

2019-01-09 11:22:43 - [TEST_STEP][PASSED] - click(findTestObject("Login/Sign In")): Object: 'Object Repository/Login/Sign In' is clicked on

2019-01-09 11:22:44 - [MESSAGE][PASSED] - Object: 'Object Repository/Login/Sign In' is clicked on

2019-01-09 11:22:44 - [TEST_STEP][PASSED] - delay(1): Delayed 1 second(s)

2019-01-09 11:22:45 - [MESSAGE][PASSED] - Delayed 1 second(s)

2019-01-09 11:22:45 - [TEST_STEP][PASSED] - navigateToUrl(Demo_DB): Navigate to 'https://am-automation-test.epulsebeta2.com/account_settings/poll_pad' successfully

2019-01-09 11:22:46 - [MESSAGE][PASSED] - Navigate to 'https://am-automation-test.epulsebeta2.com/account_settings/poll_pad' successfully

2019-01-09 11:22:46 - [TEST_STEP][PASSED] - click(findTestObject("Admin Console ePulse Menu/Account Settings/Poll Pad Setup/Demo Db")): Object: 'Object Repository/Admin Console ePulse Menu/Account Settings/Poll Pad Setup/Demo Db' is clicked on

2019-01-09 11:22:46 - [MESSAGE][PASSED] - Object: 'Object Repository/Admin Console ePulse Menu/Account Settings/Poll Pad Setup/Demo Db' is clicked on

2019-01-09 11:22:46 - [TEST_STEP][PASSED] - delay(1): Delayed 1 second(s)

2019-01-09 11:22:47 - [MESSAGE][PASSED] - Delayed 1 second(s)

2019-01-09 11:22:47 - [TEST_STEP][PASSED] - setText(findTestObject("Admin Console ePulse Menu/Account Settings/Poll Pad Setup/DEMO DB/Demo DB Name"), "Demo DB"): Text 'Demo DB' is set on object 'Object Repository/Admin Console ePulse Menu/Account Settings/Poll Pad Setup/DEMO DB/Demo DB Name'

2019-01-09 11:22:47 - [MESSAGE][PASSED] - Text 'Demo DB' is set on object 'Object Repository/Admin Console ePulse Menu/Account Settings/Poll Pad Setup/DEMO DB/Demo DB Name'

2019-01-09 11:22:47 - [TEST_STEP][PASSED] - delay(1): Delayed 1 second(s)

2019-01-09 11:22:48 - [MESSAGE][PASSED] - Delayed 1 second(s)

2019-01-09 11:22:48 - [TEST_STEP][NOT_RUN] - selectOptionByValue(findTestObject("Admin Console ePulse Menu/Account Settings/Poll Pad Setup/DEMO DB/Select Poll Pad Configuration"), "Test2", true): NOT_RUN: selectOptionByValue(findTestObject("Admin Console ePulse Menu/Account Settings/Poll Pad Setup/DEMO DB/Select Poll Pad Configuration"), "Test2", true)

2019-01-09 11:22:48 - [MESSAGE][NOT_RUN] - NOT_RUN: selectOptionByValue(findTestObject("Admin Console ePulse Menu/Account Settings/Poll Pad Setup/DEMO DB/Select Poll Pad Configuration"), "Test2", true)

2019-01-09 11:22:48 - [TEST_STEP][NOT_RUN] - selectOptionByIndex(findTestObject("Admin Console ePulse Menu/Account Settings/Poll Pad Setup/DEMO DB/Polling Place dropdown"), 2): NOT_RUN: selectOptionByIndex(findTestObject("Admin Console ePulse Menu/Account Settings/Poll Pad Setup/DEMO DB/Polling Place dropdown"), 2)

2019-01-09 11:22:48 - [MESSAGE][NOT_RUN] - NOT_RUN: selectOptionByIndex(findTestObject("Admin Console ePulse Menu/Account Settings/Poll Pad Setup/DEMO DB/Polling Place dropdown"), 2)

2019-01-09 11:22:48 - [TEST_STEP][PASSED] - click(findTestObject("Admin Console ePulse Menu/Account Settings/Poll Pad Setup/DEMO DB/Create Demo DB button")): Object: 'Object Repository/Admin Console ePulse Menu/Account Settings/Poll Pad Setup/DEMO DB/Create Demo DB button' is clicked on

2019-01-09 11:22:49 - [MESSAGE][PASSED] - Object: 'Object Repository/Admin Console ePulse Menu/Account Settings/Poll Pad Setup/DEMO DB/Create Demo DB button' is clicked on

2019-01-09 11:22:49 - [TEST_STEP][PASSED] - verifyTextPresent("Demo DB   processing...", true): Text 'Demo DB   processing...' is present on page  using regular expression

2019-01-09 11:22:49 - [MESSAGE][PASSED] - Text 'Demo DB   processing...' is present on page  using regular expression

2019-01-09 11:22:49 - [TEST_STEP][PASSED] - delay(120): Delayed 120 second(s)

2019-01-09 11:24:49 - [MESSAGE][PASSED] - Delayed 120 second(s)

2019-01-09 11:24:49 - [TEST_STEP][PASSED] - refresh(): Refresh successfully

2019-01-09 11:24:50 - [MESSAGE][PASSED] - Refresh successfully

2019-01-09 11:24:50 - [TEST_STEP][PASSED] - verifyTextPresent("Demo DB   created on:", true): Text 'Demo DB   created on:' is present on page  using regular expression

2019-01-09 11:24:50 - [MESSAGE][PASSED] - Text 'Demo DB   created on:' is present on page  using regular expression

2019-01-09 11:24:50 - [TEST_STEP][PASSED] - delay(1): Delayed 1 second(s)

2019-01-09 11:24:51 - [MESSAGE][PASSED] - Delayed 1 second(s)

2019-01-09 11:24:51 - [TEST_STEP][PASSED] - closeBrowser(): Browser is closed

2019-01-09 11:24:51 - [MESSAGE][PASSED] - Browser is closed]]></system-out>
         <system-err><![CDATA[]]></system-err>
      </testcase>
      <testcase name="Test Cases/Admin Console/Account Settings/Poll Pad Setup()/Poll Pad Setup - ISYNC" classname="Test Cases/Admin Console/Account Settings/Poll Pad Setup()/Poll Pad Setup - ISYNC" status="PASSED">
         <system-out><![CDATA[2019-01-09 11:24:53 - [TEST_CASE][PASSED] - Test Cases/Admin Console/Account Settings/Poll Pad Setup()/Poll Pad Setup - ISYNC: Test Cases/Admin Console/Account Settings/Poll Pad Setup()/Poll Pad Setup - ISYNC

2019-01-09 11:24:53 - [TEST_STEP][PASSED] - openBrowser(""): Browser is opened with url: ''

2019-01-09 11:24:53 - [MESSAGE][INFO] - Starting 'Chrome' driver

2019-01-09 11:24:54 - [MESSAGE][PASSED] - Browser is opened with url: ''

2019-01-09 11:24:54 - [TEST_STEP][PASSED] - navigateToUrl(URL): Navigate to 'https://epulsebeta2.com' successfully

2019-01-09 11:24:57 - [MESSAGE][PASSED] - Navigate to 'https://epulsebeta2.com' successfully

2019-01-09 11:24:57 - [TEST_STEP][PASSED] - setText(findTestObject("Login/Email Address"), User_email): Text 'alonzo.mack@knowink.com' is set on object 'Object Repository/Login/Email Address'

2019-01-09 11:24:57 - [MESSAGE][PASSED] - Text 'alonzo.mack@knowink.com' is set on object 'Object Repository/Login/Email Address'

2019-01-09 11:24:57 - [TEST_STEP][PASSED] - setEncryptedText(findTestObject("Login/Password"), Pswrd): Text ****** has been set on object 'Object Repository/Login/Password'

2019-01-09 11:24:57 - [MESSAGE][PASSED] - Text ****** has been set on object 'Object Repository/Login/Password'

2019-01-09 11:24:57 - [TEST_STEP][PASSED] - click(findTestObject("Login/Sign In")): Object: 'Object Repository/Login/Sign In' is clicked on

2019-01-09 11:24:58 - [MESSAGE][PASSED] - Object: 'Object Repository/Login/Sign In' is clicked on

2019-01-09 11:24:58 - [TEST_STEP][PASSED] - delay(1): Delayed 1 second(s)

2019-01-09 11:24:59 - [MESSAGE][PASSED] - Delayed 1 second(s)

2019-01-09 11:24:59 - [TEST_STEP][PASSED] - navigateToUrl(iSync): Navigate to 'https://am-automation-test.epulsebeta2.com/account_settings/poll_pad' successfully

2019-01-09 11:25:01 - [MESSAGE][PASSED] - Navigate to 'https://am-automation-test.epulsebeta2.com/account_settings/poll_pad' successfully

2019-01-09 11:25:01 - [TEST_STEP][PASSED] - click(findTestObject("Admin Console ePulse Menu/Account Settings/Poll Pad Setup/Isync")): Object: 'Object Repository/Admin Console ePulse Menu/Account Settings/Poll Pad Setup/Isync' is clicked on

2019-01-09 11:25:01 - [MESSAGE][PASSED] - Object: 'Object Repository/Admin Console ePulse Menu/Account Settings/Poll Pad Setup/Isync' is clicked on

2019-01-09 11:25:01 - [TEST_STEP][PASSED] - click(findTestObject("Admin Console ePulse Menu/Account Settings/Poll Pad Setup/ISYNC/Generate New button")): Object: 'Object Repository/Admin Console ePulse Menu/Account Settings/Poll Pad Setup/ISYNC/Generate New button' is clicked on

2019-01-09 11:25:01 - [MESSAGE][PASSED] - Object: 'Object Repository/Admin Console ePulse Menu/Account Settings/Poll Pad Setup/ISYNC/Generate New button' is clicked on

2019-01-09 11:25:01 - [TEST_STEP][PASSED] - delay(10): Delayed 10 second(s)

2019-01-09 11:25:11 - [MESSAGE][PASSED] - Delayed 10 second(s)

2019-01-09 11:25:11 - [TEST_STEP][PASSED] - click(findTestObject("Admin Console ePulse Menu/Account Settings/Poll Pad Setup/ISYNC/DOWNLOAD")): Object: 'Object Repository/Admin Console ePulse Menu/Account Settings/Poll Pad Setup/ISYNC/DOWNLOAD' is clicked on

2019-01-09 11:25:15 - [MESSAGE][PASSED] - Object: 'Object Repository/Admin Console ePulse Menu/Account Settings/Poll Pad Setup/ISYNC/DOWNLOAD' is clicked on

2019-01-09 11:25:15 - [TEST_STEP][PASSED] - delay(2): Delayed 2 second(s)

2019-01-09 11:25:17 - [MESSAGE][PASSED] - Delayed 2 second(s)

2019-01-09 11:25:17 - [TEST_STEP][PASSED] - click(findTestObject("Admin Console ePulse Menu/Account Settings/Poll Pad Setup/ISYNC/Delete Selected Download")): Object: 'Object Repository/Admin Console ePulse Menu/Account Settings/Poll Pad Setup/ISYNC/Delete Selected Download' is clicked on

2019-01-09 11:25:17 - [MESSAGE][PASSED] - Object: 'Object Repository/Admin Console ePulse Menu/Account Settings/Poll Pad Setup/ISYNC/Delete Selected Download' is clicked on

2019-01-09 11:25:17 - [TEST_STEP][PASSED] - acceptAlert(): Alert accepted

2019-01-09 11:25:17 - [MESSAGE][PASSED] - Alert accepted

2019-01-09 11:25:17 - [TEST_STEP][PASSED] - delay(1): Delayed 1 second(s)

2019-01-09 11:25:18 - [MESSAGE][PASSED] - Delayed 1 second(s)

2019-01-09 11:25:18 - [TEST_STEP][PASSED] - closeBrowser(): Browser is closed

2019-01-09 11:25:18 - [MESSAGE][PASSED] - Browser is closed]]></system-out>
         <system-err><![CDATA[]]></system-err>
      </testcase>
      <system-out><![CDATA[2019-01-09 11:06:19 - [TEST_SUITE][PASSED] - dev_staging ready: Test Cases/Admin Console/Account Settings/Poll Pad Setup()/Poll Pad Setup - ISYNC]]></system-out>
      <system-err><![CDATA[]]></system-err>
   </testsuite>
</testsuites>
