<?xml version="1.0" encoding="UTF-8"?>
<testsuites name="dev_staging smoketest" time="1162" tests="42" failures="7" errors="0">
   <testsuite name="dev_staging smoketest" tests="42" failures="7" errors="0" time="1162" timestamp="2019-04-11 13:32:33" hostname="alonzomack - 10.130.27.241" id="Test Suites/dev_staging smoketest">
      <properties>
         <property name="deviceName" value=""/>
         <property name="devicePlatform" value=""/>
         <property name="logFolder" value="/Users/alonzomack/Katalon Studio/Regression/Reports/dev_staging smoketest/20190411_133229"/>
         <property name="logFiles" value="/Users/alonzomack/Katalon Studio/Regression/Reports/dev_staging smoketest/20190411_133229/execution0.log"/>
         <property name="attachments" value="/Users/alonzomack/Katalon Studio/Regression/Reports/dev_staging smoketest/20190411_133229/1555008079567.png, /Users/alonzomack/Katalon Studio/Regression/Reports/dev_staging smoketest/20190411_133229/1555008118063.png, /Users/alonzomack/Katalon Studio/Regression/Reports/dev_staging smoketest/20190411_133229/1555008164688.png, /Users/alonzomack/Katalon Studio/Regression/Reports/dev_staging smoketest/20190411_133229/1555008213418.png, /Users/alonzomack/Katalon Studio/Regression/Reports/dev_staging smoketest/20190411_133229/1555008437709.png, /Users/alonzomack/Katalon Studio/Regression/Reports/dev_staging smoketest/20190411_133229/1555008452979.png, /Users/alonzomack/Katalon Studio/Regression/Reports/dev_staging smoketest/20190411_133229/1555008683436.png"/>
         <property name="hostName" value="alonzomack - 10.130.27.241"/>
         <property name="os" value="Mac OS X 64bit"/>
         <property name="katalonVersion" value="5.10.1.1"/>
         <property name="browser" value="Firefox 66.0"/>
         <property name="hostAddress" value="10.130.27.241"/>
         <property name="sessionId" value="26ac064f-2f8c-fa43-99ee-c2b75d5c807c"/>
         <property name="seleniumVersion" value="3.7.1"/>
         <property name="proxyInformation" value="ProxyInformation{proxyOption=NO_PROXY, proxyServerType=HTTP, password=, proxyServerAddress=, proxyServerPort=0}"/>
         <property name="platform" value="Mac OS X"/>
      </properties>
      <testcase name="Test Cases/SuperAdminConsole/Accounts/Account(SuperAdminConsole) - Delete" classname="Test Cases/SuperAdminConsole/Accounts/Account(SuperAdminConsole) - Delete" status="PASSED">
         <system-out><![CDATA[2019-04-11 13:32:34 - [TEST_CASE][PASSED] - Test Cases/SuperAdminConsole/Accounts/Account(SuperAdminConsole) - Delete: Test Cases/SuperAdminConsole/Accounts/Account(SuperAdminConsole) - Delete

2019-04-11 13:32:35 - [TEST_STEP][PASSED] - openBrowser(""): Browser is opened with url: ''

2019-04-11 13:32:35 - [MESSAGE][INFO] - Starting 'Firefox (headless)' driver

2019-04-11 13:32:36 - [MESSAGE][INFO] - Action delay is set to 0 seconds

2019-04-11 13:32:40 - [MESSAGE][PASSED] - Browser is opened with url: ''

2019-04-11 13:32:40 - [TEST_STEP][PASSED] - navigateToUrl(URL): Navigate to 'https://epulsedev2.com' successfully

2019-04-11 13:32:43 - [MESSAGE][PASSED] - Navigate to 'https://epulsedev2.com' successfully

2019-04-11 13:32:43 - [TEST_STEP][PASSED] - setText(findTestObject("Login/Email Address"), User_email): Text 'alonzo.mack@knowink.com' is set on object 'Object Repository/Login/Email Address'

2019-04-11 13:32:43 - [MESSAGE][PASSED] - Text 'alonzo.mack@knowink.com' is set on object 'Object Repository/Login/Email Address'

2019-04-11 13:32:43 - [TEST_STEP][PASSED] - setEncryptedText(findTestObject("Login/Password"), Pswrd): Text ****** has been set on object 'Object Repository/Login/Password'

2019-04-11 13:32:43 - [MESSAGE][PASSED] - Text ****** has been set on object 'Object Repository/Login/Password'

2019-04-11 13:32:43 - [TEST_STEP][PASSED] - click(findTestObject("Login/Sign In")): Object: 'Object Repository/Login/Sign In' is clicked on

2019-04-11 13:32:45 - [MESSAGE][PASSED] - Object: 'Object Repository/Login/Sign In' is clicked on

2019-04-11 13:32:45 - [TEST_STEP][PASSED] - delay(1): Delayed 1 second(s)

2019-04-11 13:32:46 - [MESSAGE][PASSED] - Delayed 1 second(s)

2019-04-11 13:32:46 - [TEST_STEP][PASSED] - click(findTestObject("Login/am-Automation-test"), STOP_ON_FAILURE): Object: 'Object Repository/Login/am-Automation-test' is clicked on

2019-04-11 13:32:47 - [MESSAGE][PASSED] - Object: 'Object Repository/Login/am-Automation-test' is clicked on

2019-04-11 13:32:47 - [TEST_STEP][PASSED] - delay(1): Delayed 1 second(s)

2019-04-11 13:32:48 - [MESSAGE][PASSED] - Delayed 1 second(s)

2019-04-11 13:32:48 - [TEST_STEP][PASSED] - mouseOver(findTestObject("Common ePulse Objects/Actions(Gear icon)")): Object: 'Object Repository/Common ePulse Objects/Actions(Gear icon)' is hovered

2019-04-11 13:32:48 - [MESSAGE][PASSED] - Object: 'Object Repository/Common ePulse Objects/Actions(Gear icon)' is hovered

2019-04-11 13:32:48 - [TEST_STEP][PASSED] - delay(3): Delayed 3 second(s)

2019-04-11 13:32:51 - [MESSAGE][PASSED] - Delayed 3 second(s)

2019-04-11 13:32:51 - [TEST_STEP][PASSED] - click(findTestObject("SuperAdminConsole/Edit Accounts - Actions/Delete")): Object: 'Object Repository/SuperAdminConsole/Edit Accounts - Actions/Delete' is clicked on

2019-04-11 13:32:51 - [MESSAGE][PASSED] - Object: 'Object Repository/SuperAdminConsole/Edit Accounts - Actions/Delete' is clicked on

2019-04-11 13:32:51 - [TEST_STEP][PASSED] - delay(1): Delayed 1 second(s)

2019-04-11 13:32:52 - [MESSAGE][PASSED] - Delayed 1 second(s)

2019-04-11 13:32:53 - [TEST_STEP][PASSED] - acceptAlert(): Alert accepted

2019-04-11 13:32:53 - [MESSAGE][PASSED] - Alert accepted

2019-04-11 13:32:53 - [TEST_STEP][PASSED] - closeBrowser(STOP_ON_FAILURE): Browser is closed

2019-04-11 13:32:53 - [MESSAGE][PASSED] - Browser is closed]]></system-out>
         <system-err><![CDATA[]]></system-err>
      </testcase>
      <testcase name="Test Cases/SuperAdminConsole/Accounts/Create Account(SuperAdminConsole)" classname="Test Cases/SuperAdminConsole/Accounts/Create Account(SuperAdminConsole)" status="PASSED">
         <system-out><![CDATA[2019-04-11 13:32:55 - [TEST_CASE][PASSED] - Test Cases/SuperAdminConsole/Accounts/Create Account(SuperAdminConsole): Test Cases/SuperAdminConsole/Accounts/Create Account(SuperAdminConsole)

2019-04-11 13:32:56 - [TEST_STEP][PASSED] - callTestCase(findTestCase("Login/SuperAdminLogin"), [:], STOP_ON_FAILURE): Call Test Case 'Test Cases/Login/SuperAdminLogin' successfully

2019-04-11 13:32:56 - [TEST_CASE][PASSED] - Test Cases/Login/SuperAdminLogin: Test Cases/Login/SuperAdminLogin

2019-04-11 13:32:56 - [TEST_STEP][PASSED] - openBrowser(""): Browser is opened with url: ''

2019-04-11 13:32:56 - [MESSAGE][INFO] - Starting 'Firefox (headless)' driver

2019-04-11 13:32:59 - [MESSAGE][PASSED] - Browser is opened with url: ''

2019-04-11 13:32:59 - [TEST_STEP][PASSED] - navigateToUrl(URL): Navigate to 'https://epulsedev2.com' successfully

2019-04-11 13:33:01 - [MESSAGE][PASSED] - Navigate to 'https://epulsedev2.com' successfully

2019-04-11 13:33:01 - [TEST_STEP][PASSED] - setText(findTestObject("Login/Email Address"), User_email): Text 'alonzo.mack@knowink.com' is set on object 'Object Repository/Login/Email Address'

2019-04-11 13:33:01 - [MESSAGE][PASSED] - Text 'alonzo.mack@knowink.com' is set on object 'Object Repository/Login/Email Address'

2019-04-11 13:33:01 - [TEST_STEP][PASSED] - setEncryptedText(findTestObject("Login/Password"), Pswrd): Text ****** has been set on object 'Object Repository/Login/Password'

2019-04-11 13:33:01 - [MESSAGE][PASSED] - Text ****** has been set on object 'Object Repository/Login/Password'

2019-04-11 13:33:01 - [TEST_STEP][PASSED] - click(findTestObject("Login/Sign In")): Object: 'Object Repository/Login/Sign In' is clicked on

2019-04-11 13:33:02 - [MESSAGE][PASSED] - Object: 'Object Repository/Login/Sign In' is clicked on

2019-04-11 13:33:02 - [MESSAGE][PASSED] - Call Test Case 'Test Cases/Login/SuperAdminLogin' successfully

2019-04-11 13:33:02 - [TEST_STEP][PASSED] - delay(1): Delayed 1 second(s)

2019-04-11 13:33:03 - [MESSAGE][PASSED] - Delayed 1 second(s)

2019-04-11 13:33:03 - [TEST_STEP][PASSED] - click(findTestObject("SuperAdminConsole/Account Creation/a_Add Account")): Object: 'Object Repository/SuperAdminConsole/Account Creation/a_Add Account' is clicked on

2019-04-11 13:33:04 - [MESSAGE][PASSED] - Object: 'Object Repository/SuperAdminConsole/Account Creation/a_Add Account' is clicked on

2019-04-11 13:33:04 - [TEST_STEP][PASSED] - delay(1): Delayed 1 second(s)

2019-04-11 13:33:05 - [MESSAGE][PASSED] - Delayed 1 second(s)

2019-04-11 13:33:05 - [TEST_STEP][PASSED] - setText(findTestObject("SuperAdminConsole/Account Creation/Account Information/Display Title"), "am-Automation-test"): Text 'am-Automation-test' is set on object 'Object Repository/SuperAdminConsole/Account Creation/Account Information/Display Title'

2019-04-11 13:33:05 - [MESSAGE][PASSED] - Text 'am-Automation-test' is set on object 'Object Repository/SuperAdminConsole/Account Creation/Account Information/Display Title'

2019-04-11 13:33:05 - [TEST_STEP][PASSED] - delay(1): Delayed 1 second(s)

2019-04-11 13:33:06 - [MESSAGE][PASSED] - Delayed 1 second(s)

2019-04-11 13:33:06 - [TEST_STEP][PASSED] - setText(findTestObject("SuperAdminConsole/Account Creation/Account Information/County"), "am-Automation-test"): Text 'am-Automation-test' is set on object 'Object Repository/SuperAdminConsole/Account Creation/Account Information/County'

2019-04-11 13:33:06 - [MESSAGE][PASSED] - Text 'am-Automation-test' is set on object 'Object Repository/SuperAdminConsole/Account Creation/Account Information/County'

2019-04-11 13:33:06 - [TEST_STEP][PASSED] - delay(1): Delayed 1 second(s)

2019-04-11 13:33:07 - [MESSAGE][PASSED] - Delayed 1 second(s)

2019-04-11 13:33:07 - [TEST_STEP][PASSED] - selectOptionByValue(findTestObject("SuperAdminConsole/Account Creation/Account Information/StateProvince"), "MO", true): All options with value 'MO' are selected in object 'Object Repository/SuperAdminConsole/Account Creation/Account Information/StateProvince'  using regular expression

2019-04-11 13:33:09 - [MESSAGE][PASSED] - All options with value 'MO' are selected in object 'Object Repository/SuperAdminConsole/Account Creation/Account Information/StateProvince'  using regular expression

2019-04-11 13:33:09 - [TEST_STEP][PASSED] - delay(1): Delayed 1 second(s)

2019-04-11 13:33:10 - [MESSAGE][PASSED] - Delayed 1 second(s)

2019-04-11 13:33:10 - [TEST_STEP][PASSED] - selectOptionByValue(findTestObject("SuperAdminConsole/Account Creation/Account Information/Pad Type"), "1", true): All options with value '1' are selected in object 'Object Repository/SuperAdminConsole/Account Creation/Account Information/Pad Type'  using regular expression

2019-04-11 13:33:10 - [MESSAGE][PASSED] - All options with value '1' are selected in object 'Object Repository/SuperAdminConsole/Account Creation/Account Information/Pad Type'  using regular expression

2019-04-11 13:33:10 - [TEST_STEP][PASSED] - delay(1): Delayed 1 second(s)

2019-04-11 13:33:11 - [MESSAGE][PASSED] - Delayed 1 second(s)

2019-04-11 13:33:11 - [TEST_STEP][NOT_RUN] - selectOptionByValue(findTestObject("SuperAdminConsole/Account Creation/Account Information/Poll Pad 3 Version"), "1.0.1", true): NOT_RUN: selectOptionByValue(findTestObject("SuperAdminConsole/Account Creation/Account Information/Poll Pad 3 Version"), "1.0.1", true)

2019-04-11 13:33:11 - [MESSAGE][NOT_RUN] - NOT_RUN: selectOptionByValue(findTestObject("SuperAdminConsole/Account Creation/Account Information/Poll Pad 3 Version"), "1.0.1", true)

2019-04-11 13:33:11 - [TEST_STEP][PASSED] - delay(1): Delayed 1 second(s)

2019-04-11 13:33:12 - [MESSAGE][PASSED] - Delayed 1 second(s)

2019-04-11 13:33:12 - [TEST_STEP][PASSED] - selectOptionByValue(findTestObject("SuperAdminConsole/Account Creation/Parsers and Exporters/Select_Voter File"), "mcvr", true): All options with value 'mcvr' are selected in object 'Object Repository/SuperAdminConsole/Account Creation/Parsers and Exporters/Select_Voter File'  using regular expression

2019-04-11 13:33:13 - [MESSAGE][PASSED] - All options with value 'mcvr' are selected in object 'Object Repository/SuperAdminConsole/Account Creation/Parsers and Exporters/Select_Voter File'  using regular expression

2019-04-11 13:33:13 - [TEST_STEP][PASSED] - delay(1): Delayed 1 second(s)

2019-04-11 13:33:14 - [MESSAGE][PASSED] - Delayed 1 second(s)

2019-04-11 13:33:14 - [TEST_STEP][PASSED] - selectOptionByValue(findTestObject("SuperAdminConsole/Account Creation/Parsers and Exporters/Select_Supplemental file"), "mcvr", true): All options with value 'mcvr' are selected in object 'Object Repository/SuperAdminConsole/Account Creation/Parsers and Exporters/Select_Supplemental file'  using regular expression

2019-04-11 13:33:15 - [MESSAGE][PASSED] - All options with value 'mcvr' are selected in object 'Object Repository/SuperAdminConsole/Account Creation/Parsers and Exporters/Select_Supplemental file'  using regular expression

2019-04-11 13:33:15 - [TEST_STEP][PASSED] - delay(1): Delayed 1 second(s)

2019-04-11 13:33:16 - [MESSAGE][PASSED] - Delayed 1 second(s)

2019-04-11 13:33:16 - [TEST_STEP][PASSED] - selectOptionByValue(findTestObject("SuperAdminConsole/Account Creation/Parsers and Exporters/Polling Places"), "epulse", true): All options with value 'epulse' are selected in object 'Object Repository/SuperAdminConsole/Account Creation/Parsers and Exporters/Polling Places'  using regular expression

2019-04-11 13:33:17 - [MESSAGE][PASSED] - All options with value 'epulse' are selected in object 'Object Repository/SuperAdminConsole/Account Creation/Parsers and Exporters/Polling Places'  using regular expression

2019-04-11 13:33:17 - [TEST_STEP][PASSED] - delay(1): Delayed 1 second(s)

2019-04-11 13:33:18 - [MESSAGE][PASSED] - Delayed 1 second(s)

2019-04-11 13:33:18 - [TEST_STEP][PASSED] - selectOptionByValue(findTestObject("SuperAdminConsole/Account Creation/Parsers and Exporters/Street Rules"), "mcvr", true): All options with value 'mcvr' are selected in object 'Object Repository/SuperAdminConsole/Account Creation/Parsers and Exporters/Street Rules'  using regular expression

2019-04-11 13:33:18 - [MESSAGE][PASSED] - All options with value 'mcvr' are selected in object 'Object Repository/SuperAdminConsole/Account Creation/Parsers and Exporters/Street Rules'  using regular expression

2019-04-11 13:33:18 - [TEST_STEP][PASSED] - delay(1): Delayed 1 second(s)

2019-04-11 13:33:19 - [MESSAGE][PASSED] - Delayed 1 second(s)

2019-04-11 13:33:19 - [TEST_STEP][PASSED] - selectOptionByValue(findTestObject("SuperAdminConsole/Account Creation/Parsers and Exporters/Voter History Exporter"), "mcvr", true): All options with value 'mcvr' are selected in object 'Object Repository/SuperAdminConsole/Account Creation/Parsers and Exporters/Voter History Exporter'  using regular expression

2019-04-11 13:33:20 - [MESSAGE][PASSED] - All options with value 'mcvr' are selected in object 'Object Repository/SuperAdminConsole/Account Creation/Parsers and Exporters/Voter History Exporter'  using regular expression

2019-04-11 13:33:20 - [TEST_STEP][PASSED] - delay(1): Delayed 1 second(s)

2019-04-11 13:33:21 - [MESSAGE][PASSED] - Delayed 1 second(s)

2019-04-11 13:33:21 - [TEST_STEP][PASSED] - selectOptionByValue(findTestObject("SuperAdminConsole/Account Creation/Parsers and Exporters/Signature Parser"), "epulse", true): All options with value 'epulse' are selected in object 'Object Repository/SuperAdminConsole/Account Creation/Parsers and Exporters/Signature Parser'  using regular expression

2019-04-11 13:33:21 - [MESSAGE][PASSED] - All options with value 'epulse' are selected in object 'Object Repository/SuperAdminConsole/Account Creation/Parsers and Exporters/Signature Parser'  using regular expression

2019-04-11 13:33:21 - [TEST_STEP][PASSED] - delay(1): Delayed 1 second(s)

2019-04-11 13:33:22 - [MESSAGE][PASSED] - Delayed 1 second(s)

2019-04-11 13:33:22 - [TEST_STEP][PASSED] - click(findTestObject("SuperAdminConsole/Account Creation/Parsers and Exporters/Submit")): Object: 'Object Repository/SuperAdminConsole/Account Creation/Parsers and Exporters/Submit' is clicked on

2019-04-11 13:33:23 - [MESSAGE][PASSED] - Object: 'Object Repository/SuperAdminConsole/Account Creation/Parsers and Exporters/Submit' is clicked on

2019-04-11 13:33:23 - [TEST_STEP][PASSED] - delay(1): Delayed 1 second(s)

2019-04-11 13:33:24 - [MESSAGE][PASSED] - Delayed 1 second(s)

2019-04-11 13:33:24 - [TEST_STEP][PASSED] - closeBrowser(): Browser is closed

2019-04-11 13:33:25 - [MESSAGE][PASSED] - Browser is closed]]></system-out>
         <system-err><![CDATA[]]></system-err>
      </testcase>
      <testcase name="Test Cases/Admin Console/Election Setup/Elections/Election Creation" classname="Test Cases/Admin Console/Election Setup/Elections/Election Creation" status="PASSED">
         <system-out><![CDATA[2019-04-11 13:33:27 - [TEST_CASE][PASSED] - Test Cases/Admin Console/Election Setup/Elections/Election Creation: Test Cases/Admin Console/Election Setup/Elections/Election Creation

2019-04-11 13:33:28 - [TEST_STEP][PASSED] - openBrowser(""): Browser is opened with url: ''

2019-04-11 13:33:28 - [MESSAGE][INFO] - Starting 'Firefox (headless)' driver

2019-04-11 13:33:30 - [MESSAGE][PASSED] - Browser is opened with url: ''

2019-04-11 13:33:30 - [TEST_STEP][PASSED] - navigateToUrl(URL): Navigate to 'https://epulsedev2.com' successfully

2019-04-11 13:33:32 - [MESSAGE][PASSED] - Navigate to 'https://epulsedev2.com' successfully

2019-04-11 13:33:32 - [TEST_STEP][PASSED] - setText(findTestObject("Login/Email Address"), User_email): Text 'alonzo.mack@knowink.com' is set on object 'Object Repository/Login/Email Address'

2019-04-11 13:33:32 - [MESSAGE][PASSED] - Text 'alonzo.mack@knowink.com' is set on object 'Object Repository/Login/Email Address'

2019-04-11 13:33:32 - [TEST_STEP][PASSED] - setEncryptedText(findTestObject("Login/Password"), Pswrd): Text ****** has been set on object 'Object Repository/Login/Password'

2019-04-11 13:33:32 - [MESSAGE][PASSED] - Text ****** has been set on object 'Object Repository/Login/Password'

2019-04-11 13:33:32 - [TEST_STEP][PASSED] - click(findTestObject("Login/Sign In")): Object: 'Object Repository/Login/Sign In' is clicked on

2019-04-11 13:33:34 - [MESSAGE][PASSED] - Object: 'Object Repository/Login/Sign In' is clicked on

2019-04-11 13:33:34 - [TEST_STEP][PASSED] - delay(1): Delayed 1 second(s)

2019-04-11 13:33:35 - [MESSAGE][PASSED] - Delayed 1 second(s)

2019-04-11 13:33:35 - [TEST_STEP][PASSED] - navigateToUrl(Election_Import): Navigate to 'https://am-automation-test.epulsedev2.com/elections/new' successfully

2019-04-11 13:33:36 - [MESSAGE][PASSED] - Navigate to 'https://am-automation-test.epulsedev2.com/elections/new' successfully

2019-04-11 13:33:36 - [TEST_STEP][PASSED] - setText(findTestObject("Common ePulse Objects/Choose File"), "/Users/alonzomack/Downloads/Imports/Missouri/voters_200_mcvr.txt"): Text '/Users/alonzomack/Downloads/Imports/Missouri/voters_200_mcvr.txt' is set on object 'Object Repository/Common ePulse Objects/Choose File'

2019-04-11 13:33:36 - [MESSAGE][PASSED] - Text '/Users/alonzomack/Downloads/Imports/Missouri/voters_200_mcvr.txt' is set on object 'Object Repository/Common ePulse Objects/Choose File'

2019-04-11 13:33:36 - [TEST_STEP][PASSED] - click(findTestObject("Common ePulse Objects/Continue Button"), STOP_ON_FAILURE): Object: 'Object Repository/Common ePulse Objects/Continue Button' is clicked on

2019-04-11 13:33:36 - [MESSAGE][PASSED] - Object: 'Object Repository/Common ePulse Objects/Continue Button' is clicked on

2019-04-11 13:33:36 - [TEST_STEP][PASSED] - delay(10): Delayed 10 second(s)

2019-04-11 13:33:46 - [MESSAGE][PASSED] - Delayed 10 second(s)

2019-04-11 13:33:46 - [TEST_STEP][PASSED] - delay(10): Delayed 10 second(s)

2019-04-11 13:33:56 - [MESSAGE][PASSED] - Delayed 10 second(s)

2019-04-11 13:33:56 - [TEST_STEP][PASSED] - refresh(STOP_ON_FAILURE): Refresh successfully

2019-04-11 13:33:58 - [MESSAGE][PASSED] - Refresh successfully

2019-04-11 13:33:58 - [TEST_STEP][PASSED] - setText(findTestObject("Admin Console ePulse Menu/Election Setup/Election Creation/Election Name"), "Election Creation"): Text 'Election Creation' is set on object 'Object Repository/Admin Console ePulse Menu/Election Setup/Election Creation/Election Name'

2019-04-11 13:33:58 - [MESSAGE][PASSED] - Text 'Election Creation' is set on object 'Object Repository/Admin Console ePulse Menu/Election Setup/Election Creation/Election Name'

2019-04-11 13:33:58 - [TEST_STEP][PASSED] - setText(findTestObject("Admin Console ePulse Menu/Election Setup/Election Creation/Election Code"), "123"): Text '123' is set on object 'Object Repository/Admin Console ePulse Menu/Election Setup/Election Creation/Election Code'

2019-04-11 13:33:58 - [MESSAGE][PASSED] - Text '123' is set on object 'Object Repository/Admin Console ePulse Menu/Election Setup/Election Creation/Election Code'

2019-04-11 13:33:58 - [TEST_STEP][PASSED] - selectOptionByValue(findTestObject("Admin Console ePulse Menu/Election Setup/Election Creation/Select Election Type"), "general", true): All options with value 'general' are selected in object 'Object Repository/Admin Console ePulse Menu/Election Setup/Election Creation/Select Election Type'  using regular expression

2019-04-11 13:33:59 - [MESSAGE][PASSED] - All options with value 'general' are selected in object 'Object Repository/Admin Console ePulse Menu/Election Setup/Election Creation/Select Election Type'  using regular expression

2019-04-11 13:33:59 - [TEST_STEP][PASSED] - clearText(findTestObject("Admin Console ePulse Menu/Election Setup/Election Creation/DATE")): Text of object 'Object Repository/Admin Console ePulse Menu/Election Setup/Election Creation/DATE' is cleared

2019-04-11 13:33:59 - [MESSAGE][PASSED] - Text of object 'Object Repository/Admin Console ePulse Menu/Election Setup/Election Creation/DATE' is cleared

2019-04-11 13:33:59 - [TEST_STEP][PASSED] - setText(findTestObject("Admin Console ePulse Menu/Election Setup/Election Creation/DATE"), "07/21/2021"): Text '07/21/2021' is set on object 'Object Repository/Admin Console ePulse Menu/Election Setup/Election Creation/DATE'

2019-04-11 13:33:59 - [MESSAGE][PASSED] - Text '07/21/2021' is set on object 'Object Repository/Admin Console ePulse Menu/Election Setup/Election Creation/DATE'

2019-04-11 13:33:59 - [TEST_STEP][PASSED] - click(findTestObject("Admin Console ePulse Menu/Election Setup/Election Creation/Next")): Object: 'Object Repository/Admin Console ePulse Menu/Election Setup/Election Creation/Next' is clicked on

2019-04-11 13:34:00 - [MESSAGE][PASSED] - Object: 'Object Repository/Admin Console ePulse Menu/Election Setup/Election Creation/Next' is clicked on

2019-04-11 13:34:00 - [TEST_STEP][PASSED] - waitForElementPresent(findTestObject("Admin Console ePulse Menu/Election Setup/Election Creation/Step3 Done"), 0): Object 'Object Repository/Admin Console ePulse Menu/Election Setup/Election Creation/Step3 Done' is present

2019-04-11 13:34:00 - [MESSAGE][WARNING] - Timeout '0' is invalid. Using default page load timeout: '15'

2019-04-11 13:34:00 - [MESSAGE][PASSED] - Object 'Object Repository/Admin Console ePulse Menu/Election Setup/Election Creation/Step3 Done' is present

2019-04-11 13:34:00 - [TEST_STEP][PASSED] - click(findTestObject("Admin Console ePulse Menu/Election Setup/Election Creation/Step3 Done")): Object: 'Object Repository/Admin Console ePulse Menu/Election Setup/Election Creation/Step3 Done' is clicked on

2019-04-11 13:34:01 - [MESSAGE][PASSED] - Object: 'Object Repository/Admin Console ePulse Menu/Election Setup/Election Creation/Step3 Done' is clicked on

2019-04-11 13:34:01 - [TEST_STEP][PASSED] - waitForElementVisible(findTestObject("Admin Console ePulse Menu/Election Setup/Election Creation/Step4 Done"), 0): Object 'Object Repository/Admin Console ePulse Menu/Election Setup/Election Creation/Step4 Done' is visible

2019-04-11 13:34:01 - [MESSAGE][WARNING] - Timeout '0' is invalid. Using default page load timeout: '15'

2019-04-11 13:34:01 - [MESSAGE][PASSED] - Object 'Object Repository/Admin Console ePulse Menu/Election Setup/Election Creation/Step4 Done' is visible

2019-04-11 13:34:01 - [TEST_STEP][PASSED] - click(findTestObject("Admin Console ePulse Menu/Election Setup/Election Creation/Step4 Done")): Object: 'Object Repository/Admin Console ePulse Menu/Election Setup/Election Creation/Step4 Done' is clicked on

2019-04-11 13:34:03 - [MESSAGE][PASSED] - Object: 'Object Repository/Admin Console ePulse Menu/Election Setup/Election Creation/Step4 Done' is clicked on

2019-04-11 13:34:03 - [TEST_STEP][PASSED] - waitForElementPresent(findTestObject("Admin Console ePulse Menu/Election Setup/Election Creation/Step5 Confirm"), 0): Object 'Object Repository/Admin Console ePulse Menu/Election Setup/Election Creation/Step5 Confirm' is present

2019-04-11 13:34:03 - [MESSAGE][WARNING] - Timeout '0' is invalid. Using default page load timeout: '15'

2019-04-11 13:34:03 - [MESSAGE][PASSED] - Object 'Object Repository/Admin Console ePulse Menu/Election Setup/Election Creation/Step5 Confirm' is present

2019-04-11 13:34:03 - [TEST_STEP][PASSED] - click(findTestObject("Admin Console ePulse Menu/Election Setup/Election Creation/Step5 Confirm")): Object: 'Object Repository/Admin Console ePulse Menu/Election Setup/Election Creation/Step5 Confirm' is clicked on

2019-04-11 13:34:03 - [MESSAGE][PASSED] - Object: 'Object Repository/Admin Console ePulse Menu/Election Setup/Election Creation/Step5 Confirm' is clicked on

2019-04-11 13:34:03 - [TEST_STEP][PASSED] - delay(20): Delayed 20 second(s)

2019-04-11 13:34:23 - [MESSAGE][PASSED] - Delayed 20 second(s)

2019-04-11 13:34:23 - [TEST_STEP][PASSED] - verifyTextPresent("Election Creation", true): Text 'Election Creation' is present on page  using regular expression

2019-04-11 13:34:23 - [MESSAGE][PASSED] - Text 'Election Creation' is present on page  using regular expression

2019-04-11 13:34:23 - [TEST_STEP][PASSED] - verifyTextPresent("Election Seed Files", true): Text 'Election Seed Files' is present on page  using regular expression

2019-04-11 13:34:24 - [MESSAGE][PASSED] - Text 'Election Seed Files' is present on page  using regular expression

2019-04-11 13:34:24 - [TEST_STEP][PASSED] - delay(1): Delayed 1 second(s)

2019-04-11 13:34:25 - [MESSAGE][PASSED] - Delayed 1 second(s)

2019-04-11 13:34:25 - [TEST_STEP][PASSED] - navigateToUrl(Reg_Voters): Navigate to 'https://am-automation-test.epulsedev2.com/voters#sort=last_name&direction=asc&display=list&page=1' successfully

2019-04-11 13:34:26 - [MESSAGE][PASSED] - Navigate to 'https://am-automation-test.epulsedev2.com/voters#sort=last_name&direction=asc&display=list&page=1' successfully

2019-04-11 13:34:26 - [TEST_STEP][PASSED] - delay(1): Delayed 1 second(s)

2019-04-11 13:34:27 - [MESSAGE][PASSED] - Delayed 1 second(s)

2019-04-11 13:34:27 - [TEST_STEP][PASSED] - delay(1): Delayed 1 second(s)

2019-04-11 13:34:28 - [MESSAGE][PASSED] - Delayed 1 second(s)

2019-04-11 13:34:28 - [TEST_STEP][PASSED] - verifyTextPresent("TWEEDIE MARIE AARON", true): Text 'TWEEDIE MARIE AARON' is present on page  using regular expression

2019-04-11 13:34:28 - [MESSAGE][PASSED] - Text 'TWEEDIE MARIE AARON' is present on page  using regular expression

2019-04-11 13:34:28 - [TEST_STEP][PASSED] - closeBrowser(): Browser is closed

2019-04-11 13:34:29 - [MESSAGE][PASSED] - Browser is closed]]></system-out>
         <system-err><![CDATA[]]></system-err>
      </testcase>
      <testcase name="Test Cases/Admin Console/Election Setup/Elections/Election Creation - Upload Supplemental" classname="Test Cases/Admin Console/Election Setup/Elections/Election Creation - Upload Supplemental" status="PASSED">
         <system-out><![CDATA[2019-04-11 13:34:31 - [TEST_CASE][PASSED] - Test Cases/Admin Console/Election Setup/Elections/Election Creation - Upload Supplemental: Test Cases/Admin Console/Election Setup/Elections/Election Creation - Upload Supplemental

2019-04-11 13:34:31 - [TEST_STEP][PASSED] - openBrowser(""): Browser is opened with url: ''

2019-04-11 13:34:31 - [MESSAGE][INFO] - Starting 'Firefox (headless)' driver

2019-04-11 13:34:33 - [MESSAGE][PASSED] - Browser is opened with url: ''

2019-04-11 13:34:33 - [TEST_STEP][PASSED] - navigateToUrl(URL): Navigate to 'https://epulsedev2.com' successfully

2019-04-11 13:34:35 - [MESSAGE][PASSED] - Navigate to 'https://epulsedev2.com' successfully

2019-04-11 13:34:35 - [TEST_STEP][PASSED] - setText(findTestObject("Login/Email Address"), User_email): Text 'alonzo.mack@knowink.com' is set on object 'Object Repository/Login/Email Address'

2019-04-11 13:34:36 - [MESSAGE][PASSED] - Text 'alonzo.mack@knowink.com' is set on object 'Object Repository/Login/Email Address'

2019-04-11 13:34:36 - [TEST_STEP][PASSED] - setEncryptedText(findTestObject("Login/Password"), Pswrd): Text ****** has been set on object 'Object Repository/Login/Password'

2019-04-11 13:34:36 - [MESSAGE][PASSED] - Text ****** has been set on object 'Object Repository/Login/Password'

2019-04-11 13:34:36 - [TEST_STEP][PASSED] - click(findTestObject("Login/Sign In")): Object: 'Object Repository/Login/Sign In' is clicked on

2019-04-11 13:34:37 - [MESSAGE][PASSED] - Object: 'Object Repository/Login/Sign In' is clicked on

2019-04-11 13:34:37 - [TEST_STEP][PASSED] - delay(1): Delayed 1 second(s)

2019-04-11 13:34:38 - [MESSAGE][PASSED] - Delayed 1 second(s)

2019-04-11 13:34:38 - [TEST_STEP][PASSED] - navigateToUrl(Elections_Page): Navigate to 'https://am-automation-test.epulsedev2.com/elections' successfully

2019-04-11 13:34:39 - [MESSAGE][PASSED] - Navigate to 'https://am-automation-test.epulsedev2.com/elections' successfully

2019-04-11 13:34:39 - [TEST_STEP][PASSED] - click(findTestObject("Admin Console ePulse Menu/Election Setup/Election Creation/Supplemental File Upload/Election (Election Creation)")): Object: 'Object Repository/Admin Console ePulse Menu/Election Setup/Election Creation/Supplemental File Upload/Election (Election Creation)' is clicked on

2019-04-11 13:34:41 - [MESSAGE][PASSED] - Object: 'Object Repository/Admin Console ePulse Menu/Election Setup/Election Creation/Supplemental File Upload/Election (Election Creation)' is clicked on

2019-04-11 13:34:41 - [TEST_STEP][PASSED] - click(findTestObject("Admin Console ePulse Menu/Election Setup/Election Creation/Supplemental File Upload/Import Supplemental Voters")): Object: 'Object Repository/Admin Console ePulse Menu/Election Setup/Election Creation/Supplemental File Upload/Import Supplemental Voters' is clicked on

2019-04-11 13:34:42 - [MESSAGE][PASSED] - Object: 'Object Repository/Admin Console ePulse Menu/Election Setup/Election Creation/Supplemental File Upload/Import Supplemental Voters' is clicked on

2019-04-11 13:34:42 - [TEST_STEP][PASSED] - setText(findTestObject("Common ePulse Objects/Choose File"), "/Users/alonzomack/Downloads/Automation uploads/voters_201_mcvr.txt"): Text '/Users/alonzomack/Downloads/Automation uploads/voters_201_mcvr.txt' is set on object 'Object Repository/Common ePulse Objects/Choose File'

2019-04-11 13:34:42 - [MESSAGE][PASSED] - Text '/Users/alonzomack/Downloads/Automation uploads/voters_201_mcvr.txt' is set on object 'Object Repository/Common ePulse Objects/Choose File'

2019-04-11 13:34:42 - [TEST_STEP][PASSED] - delay(1): Delayed 1 second(s)

2019-04-11 13:34:43 - [MESSAGE][PASSED] - Delayed 1 second(s)

2019-04-11 13:34:43 - [TEST_STEP][PASSED] - click(findTestObject("Common ePulse Objects/Continue Button"), STOP_ON_FAILURE): Object: 'Object Repository/Common ePulse Objects/Continue Button' is clicked on

2019-04-11 13:34:44 - [MESSAGE][PASSED] - Object: 'Object Repository/Common ePulse Objects/Continue Button' is clicked on

2019-04-11 13:34:44 - [TEST_STEP][PASSED] - delay(1): Delayed 1 second(s)

2019-04-11 13:34:45 - [MESSAGE][PASSED] - Delayed 1 second(s)

2019-04-11 13:34:45 - [TEST_STEP][PASSED] - click(findTestObject("Admin Console ePulse Menu/Election Setup/Election Creation/Supplemental File Upload/Done")): Object: 'Object Repository/Admin Console ePulse Menu/Election Setup/Election Creation/Supplemental File Upload/Done' is clicked on

2019-04-11 13:34:49 - [MESSAGE][PASSED] - Object: 'Object Repository/Admin Console ePulse Menu/Election Setup/Election Creation/Supplemental File Upload/Done' is clicked on

2019-04-11 13:34:49 - [TEST_STEP][PASSED] - verifyTextPresent("Election Creation", true): Text 'Election Creation' is present on page  using regular expression

2019-04-11 13:34:49 - [MESSAGE][PASSED] - Text 'Election Creation' is present on page  using regular expression

2019-04-11 13:34:49 - [TEST_STEP][PASSED] - verifyTextPresent("Election Seed Files", true): Text 'Election Seed Files' is present on page  using regular expression

2019-04-11 13:34:49 - [MESSAGE][PASSED] - Text 'Election Seed Files' is present on page  using regular expression

2019-04-11 13:34:49 - [TEST_STEP][PASSED] - delay(1): Delayed 1 second(s)

2019-04-11 13:34:50 - [MESSAGE][PASSED] - Delayed 1 second(s)

2019-04-11 13:34:50 - [TEST_STEP][PASSED] - navigateToUrl(Reg_Voters): Navigate to 'https://am-automation-test.epulsedev2.com/voters#sort=last_name&direction=asc&display=list&page=1' successfully

2019-04-11 13:34:51 - [MESSAGE][PASSED] - Navigate to 'https://am-automation-test.epulsedev2.com/voters#sort=last_name&direction=asc&display=list&page=1' successfully

2019-04-11 13:34:51 - [TEST_STEP][PASSED] - delay(1): Delayed 1 second(s)

2019-04-11 13:34:52 - [MESSAGE][PASSED] - Delayed 1 second(s)

2019-04-11 13:34:52 - [TEST_STEP][PASSED] - delay(1): Delayed 1 second(s)

2019-04-11 13:34:53 - [MESSAGE][PASSED] - Delayed 1 second(s)

2019-04-11 13:34:53 - [TEST_STEP][PASSED] - verifyTextPresent("ABRON A AAARON", true): Text 'ABRON A AAARON' is present on page  using regular expression

2019-04-11 13:34:54 - [MESSAGE][PASSED] - Text 'ABRON A AAARON' is present on page  using regular expression

2019-04-11 13:34:54 - [TEST_STEP][PASSED] - closeBrowser(): Browser is closed

2019-04-11 13:34:54 - [MESSAGE][PASSED] - Browser is closed]]></system-out>
         <system-err><![CDATA[]]></system-err>
      </testcase>
      <testcase name="Test Cases/Admin Console/Poll Pads/Poll Pad - Configuration()/Poll Pad Configuration - Add" classname="Test Cases/Admin Console/Poll Pads/Poll Pad - Configuration()/Poll Pad Configuration - Add" status="PASSED">
         <system-out><![CDATA[2019-04-11 13:34:56 - [TEST_CASE][PASSED] - Test Cases/Admin Console/Poll Pads/Poll Pad - Configuration()/Poll Pad Configuration - Add: Test Cases/Admin Console/Poll Pads/Poll Pad - Configuration()/Poll Pad Configuration - Add

2019-04-11 13:34:57 - [TEST_STEP][PASSED] - openBrowser(""): Browser is opened with url: ''

2019-04-11 13:34:57 - [MESSAGE][INFO] - Starting 'Firefox (headless)' driver

2019-04-11 13:34:59 - [MESSAGE][PASSED] - Browser is opened with url: ''

2019-04-11 13:34:59 - [TEST_STEP][PASSED] - navigateToUrl(URL): Navigate to 'https://epulsedev2.com' successfully

2019-04-11 13:35:01 - [MESSAGE][PASSED] - Navigate to 'https://epulsedev2.com' successfully

2019-04-11 13:35:01 - [TEST_STEP][PASSED] - setText(findTestObject("Login/Email Address"), User_email): Text 'alonzo.mack@knowink.com' is set on object 'Object Repository/Login/Email Address'

2019-04-11 13:35:01 - [MESSAGE][PASSED] - Text 'alonzo.mack@knowink.com' is set on object 'Object Repository/Login/Email Address'

2019-04-11 13:35:01 - [TEST_STEP][PASSED] - setEncryptedText(findTestObject("Login/Password"), Pswrd): Text ****** has been set on object 'Object Repository/Login/Password'

2019-04-11 13:35:01 - [MESSAGE][PASSED] - Text ****** has been set on object 'Object Repository/Login/Password'

2019-04-11 13:35:01 - [TEST_STEP][PASSED] - click(findTestObject("Login/Sign In")): Object: 'Object Repository/Login/Sign In' is clicked on

2019-04-11 13:35:02 - [MESSAGE][PASSED] - Object: 'Object Repository/Login/Sign In' is clicked on

2019-04-11 13:35:02 - [TEST_STEP][PASSED] - delay(1): Delayed 1 second(s)

2019-04-11 13:35:03 - [MESSAGE][PASSED] - Delayed 1 second(s)

2019-04-11 13:35:03 - [TEST_STEP][PASSED] - navigateToUrl(Pollpad_Config_Page): Navigate to 'https://am-automation-test.epulsedev2.com/poll_pad_configs' successfully

2019-04-11 13:35:04 - [MESSAGE][PASSED] - Navigate to 'https://am-automation-test.epulsedev2.com/poll_pad_configs' successfully

2019-04-11 13:35:04 - [TEST_STEP][PASSED] - delay(1): Delayed 1 second(s)

2019-04-11 13:35:05 - [MESSAGE][PASSED] - Delayed 1 second(s)

2019-04-11 13:35:05 - [TEST_STEP][PASSED] - click(findTestObject("Admin Console ePulse Menu/Poll Pads/Poll Pad Config - Add/Add Configuration")): Object: 'Object Repository/Admin Console ePulse Menu/Poll Pads/Poll Pad Config - Add/Add Configuration' is clicked on

2019-04-11 13:35:07 - [MESSAGE][PASSED] - Object: 'Object Repository/Admin Console ePulse Menu/Poll Pads/Poll Pad Config - Add/Add Configuration' is clicked on

2019-04-11 13:35:07 - [TEST_STEP][PASSED] - delay(1): Delayed 1 second(s)

2019-04-11 13:35:08 - [MESSAGE][PASSED] - Delayed 1 second(s)

2019-04-11 13:35:08 - [TEST_STEP][PASSED] - setText(findTestObject("Admin Console ePulse Menu/Poll Pads/Poll Pad Config - Add/PollPad Config Name"), "Automation Created Config"): Text 'Automation Created Config' is set on object 'Object Repository/Admin Console ePulse Menu/Poll Pads/Poll Pad Config - Add/PollPad Config Name'

2019-04-11 13:35:08 - [MESSAGE][PASSED] - Text 'Automation Created Config' is set on object 'Object Repository/Admin Console ePulse Menu/Poll Pads/Poll Pad Config - Add/PollPad Config Name'

2019-04-11 13:35:08 - [TEST_STEP][PASSED] - delay(1): Delayed 1 second(s)

2019-04-11 13:35:09 - [MESSAGE][PASSED] - Delayed 1 second(s)

2019-04-11 13:35:09 - [TEST_STEP][PASSED] - click(findTestObject("Admin Console ePulse Menu/Poll Pads/Poll Pad Config - Add/Submit Config")): Object: 'Object Repository/Admin Console ePulse Menu/Poll Pads/Poll Pad Config - Add/Submit Config' is clicked on

2019-04-11 13:35:10 - [MESSAGE][PASSED] - Object: 'Object Repository/Admin Console ePulse Menu/Poll Pads/Poll Pad Config - Add/Submit Config' is clicked on

2019-04-11 13:35:10 - [TEST_STEP][PASSED] - delay(1): Delayed 1 second(s)

2019-04-11 13:35:11 - [MESSAGE][PASSED] - Delayed 1 second(s)

2019-04-11 13:35:11 - [TEST_STEP][PASSED] - closeBrowser(): Browser is closed

2019-04-11 13:35:12 - [MESSAGE][PASSED] - Browser is closed]]></system-out>
         <system-err><![CDATA[]]></system-err>
      </testcase>
      <testcase name="Test Cases/Admin Console/Poll Pads/Poll Pad - Configuration()/Poll Pad Configuration - Delete" classname="Test Cases/Admin Console/Poll Pads/Poll Pad - Configuration()/Poll Pad Configuration - Delete" status="PASSED">
         <system-out><![CDATA[2019-04-11 13:35:14 - [TEST_CASE][PASSED] - Test Cases/Admin Console/Poll Pads/Poll Pad - Configuration()/Poll Pad Configuration - Delete: Test Cases/Admin Console/Poll Pads/Poll Pad - Configuration()/Poll Pad Configuration - Delete

2019-04-11 13:35:14 - [TEST_STEP][PASSED] - openBrowser(""): Browser is opened with url: ''

2019-04-11 13:35:14 - [MESSAGE][INFO] - Starting 'Firefox (headless)' driver

2019-04-11 13:35:17 - [MESSAGE][PASSED] - Browser is opened with url: ''

2019-04-11 13:35:17 - [TEST_STEP][PASSED] - navigateToUrl(URL): Navigate to 'https://epulsedev2.com' successfully

2019-04-11 13:35:18 - [MESSAGE][PASSED] - Navigate to 'https://epulsedev2.com' successfully

2019-04-11 13:35:18 - [TEST_STEP][PASSED] - setText(findTestObject("Login/Email Address"), User_email): Text 'alonzo.mack@knowink.com' is set on object 'Object Repository/Login/Email Address'

2019-04-11 13:35:18 - [MESSAGE][PASSED] - Text 'alonzo.mack@knowink.com' is set on object 'Object Repository/Login/Email Address'

2019-04-11 13:35:18 - [TEST_STEP][PASSED] - setEncryptedText(findTestObject("Login/Password"), Pswrd): Text ****** has been set on object 'Object Repository/Login/Password'

2019-04-11 13:35:18 - [MESSAGE][PASSED] - Text ****** has been set on object 'Object Repository/Login/Password'

2019-04-11 13:35:18 - [TEST_STEP][PASSED] - click(findTestObject("Login/Sign In")): Object: 'Object Repository/Login/Sign In' is clicked on

2019-04-11 13:35:20 - [MESSAGE][PASSED] - Object: 'Object Repository/Login/Sign In' is clicked on

2019-04-11 13:35:20 - [TEST_STEP][PASSED] - delay(1): Delayed 1 second(s)

2019-04-11 13:35:21 - [MESSAGE][PASSED] - Delayed 1 second(s)

2019-04-11 13:35:21 - [TEST_STEP][PASSED] - navigateToUrl(Pollpad_Config_Page): Navigate to 'https://am-automation-test.epulsedev2.com/poll_pad_configs' successfully

2019-04-11 13:35:22 - [MESSAGE][PASSED] - Navigate to 'https://am-automation-test.epulsedev2.com/poll_pad_configs' successfully

2019-04-11 13:35:22 - [TEST_STEP][PASSED] - delay(1): Delayed 1 second(s)

2019-04-11 13:35:23 - [MESSAGE][PASSED] - Delayed 1 second(s)

2019-04-11 13:35:23 - [TEST_STEP][PASSED] - delay(1): Delayed 1 second(s)

2019-04-11 13:35:24 - [MESSAGE][PASSED] - Delayed 1 second(s)

2019-04-11 13:35:24 - [TEST_STEP][PASSED] - click(findTestObject("Admin Console ePulse Menu/Poll Pads/Delete Config")): Object: 'Object Repository/Admin Console ePulse Menu/Poll Pads/Delete Config' is clicked on

2019-04-11 13:35:24 - [MESSAGE][PASSED] - Object: 'Object Repository/Admin Console ePulse Menu/Poll Pads/Delete Config' is clicked on

2019-04-11 13:35:24 - [TEST_STEP][PASSED] - acceptAlert(): Alert accepted

2019-04-11 13:35:24 - [MESSAGE][PASSED] - Alert accepted

2019-04-11 13:35:24 - [TEST_STEP][PASSED] - delay(1): Delayed 1 second(s)

2019-04-11 13:35:25 - [MESSAGE][PASSED] - Delayed 1 second(s)]]></system-out>
         <system-err><![CDATA[]]></system-err>
      </testcase>
      <testcase name="Test Cases/Admin Console/Poll Pads/Poll Pad - Configuration()/Poll Pad Configuration - Add" classname="Test Cases/Admin Console/Poll Pads/Poll Pad - Configuration()/Poll Pad Configuration - Add" status="PASSED">
         <system-out><![CDATA[2019-04-11 13:35:27 - [TEST_CASE][PASSED] - Test Cases/Admin Console/Poll Pads/Poll Pad - Configuration()/Poll Pad Configuration - Add: Test Cases/Admin Console/Poll Pads/Poll Pad - Configuration()/Poll Pad Configuration - Add

2019-04-11 13:35:27 - [TEST_STEP][PASSED] - openBrowser(""): Browser is opened with url: ''

2019-04-11 13:35:27 - [MESSAGE][WARNING] - A browser is already opened. Closing browser and opening a new one

2019-04-11 13:35:27 - [MESSAGE][INFO] - Starting 'Firefox (headless)' driver

2019-04-11 13:35:29 - [MESSAGE][PASSED] - Browser is opened with url: ''

2019-04-11 13:35:29 - [TEST_STEP][PASSED] - navigateToUrl(URL): Navigate to 'https://epulsedev2.com' successfully

2019-04-11 13:35:31 - [MESSAGE][PASSED] - Navigate to 'https://epulsedev2.com' successfully

2019-04-11 13:35:31 - [TEST_STEP][PASSED] - setText(findTestObject("Login/Email Address"), User_email): Text 'alonzo.mack@knowink.com' is set on object 'Object Repository/Login/Email Address'

2019-04-11 13:35:31 - [MESSAGE][PASSED] - Text 'alonzo.mack@knowink.com' is set on object 'Object Repository/Login/Email Address'

2019-04-11 13:35:31 - [TEST_STEP][PASSED] - setEncryptedText(findTestObject("Login/Password"), Pswrd): Text ****** has been set on object 'Object Repository/Login/Password'

2019-04-11 13:35:32 - [MESSAGE][PASSED] - Text ****** has been set on object 'Object Repository/Login/Password'

2019-04-11 13:35:32 - [TEST_STEP][PASSED] - click(findTestObject("Login/Sign In")): Object: 'Object Repository/Login/Sign In' is clicked on

2019-04-11 13:35:33 - [MESSAGE][PASSED] - Object: 'Object Repository/Login/Sign In' is clicked on

2019-04-11 13:35:33 - [TEST_STEP][PASSED] - delay(1): Delayed 1 second(s)

2019-04-11 13:35:34 - [MESSAGE][PASSED] - Delayed 1 second(s)

2019-04-11 13:35:34 - [TEST_STEP][PASSED] - navigateToUrl(Pollpad_Config_Page): Navigate to 'https://am-automation-test.epulsedev2.com/poll_pad_configs' successfully

2019-04-11 13:35:35 - [MESSAGE][PASSED] - Navigate to 'https://am-automation-test.epulsedev2.com/poll_pad_configs' successfully

2019-04-11 13:35:35 - [TEST_STEP][PASSED] - delay(1): Delayed 1 second(s)

2019-04-11 13:35:36 - [MESSAGE][PASSED] - Delayed 1 second(s)

2019-04-11 13:35:36 - [TEST_STEP][PASSED] - click(findTestObject("Admin Console ePulse Menu/Poll Pads/Poll Pad Config - Add/Add Configuration")): Object: 'Object Repository/Admin Console ePulse Menu/Poll Pads/Poll Pad Config - Add/Add Configuration' is clicked on

2019-04-11 13:35:37 - [MESSAGE][PASSED] - Object: 'Object Repository/Admin Console ePulse Menu/Poll Pads/Poll Pad Config - Add/Add Configuration' is clicked on

2019-04-11 13:35:37 - [TEST_STEP][PASSED] - delay(1): Delayed 1 second(s)

2019-04-11 13:35:38 - [MESSAGE][PASSED] - Delayed 1 second(s)

2019-04-11 13:35:38 - [TEST_STEP][PASSED] - setText(findTestObject("Admin Console ePulse Menu/Poll Pads/Poll Pad Config - Add/PollPad Config Name"), "Automation Created Config"): Text 'Automation Created Config' is set on object 'Object Repository/Admin Console ePulse Menu/Poll Pads/Poll Pad Config - Add/PollPad Config Name'

2019-04-11 13:35:39 - [MESSAGE][PASSED] - Text 'Automation Created Config' is set on object 'Object Repository/Admin Console ePulse Menu/Poll Pads/Poll Pad Config - Add/PollPad Config Name'

2019-04-11 13:35:39 - [TEST_STEP][PASSED] - delay(1): Delayed 1 second(s)

2019-04-11 13:35:40 - [MESSAGE][PASSED] - Delayed 1 second(s)

2019-04-11 13:35:40 - [TEST_STEP][PASSED] - click(findTestObject("Admin Console ePulse Menu/Poll Pads/Poll Pad Config - Add/Submit Config")): Object: 'Object Repository/Admin Console ePulse Menu/Poll Pads/Poll Pad Config - Add/Submit Config' is clicked on

2019-04-11 13:35:42 - [MESSAGE][PASSED] - Object: 'Object Repository/Admin Console ePulse Menu/Poll Pads/Poll Pad Config - Add/Submit Config' is clicked on

2019-04-11 13:35:42 - [TEST_STEP][PASSED] - delay(1): Delayed 1 second(s)

2019-04-11 13:35:43 - [MESSAGE][PASSED] - Delayed 1 second(s)

2019-04-11 13:35:43 - [TEST_STEP][PASSED] - closeBrowser(): Browser is closed

2019-04-11 13:35:43 - [MESSAGE][PASSED] - Browser is closed]]></system-out>
         <system-err><![CDATA[]]></system-err>
      </testcase>
      <testcase name="Test Cases/Admin Console/Poll Pads/Poll Pad - Configuration()/Poll Pad Configuration - Import" classname="Test Cases/Admin Console/Poll Pads/Poll Pad - Configuration()/Poll Pad Configuration - Import" status="PASSED">
         <system-out><![CDATA[2019-04-11 13:35:45 - [TEST_CASE][PASSED] - Test Cases/Admin Console/Poll Pads/Poll Pad - Configuration()/Poll Pad Configuration - Import: Test Cases/Admin Console/Poll Pads/Poll Pad - Configuration()/Poll Pad Configuration - Import

2019-04-11 13:35:46 - [TEST_STEP][PASSED] - openBrowser(""): Browser is opened with url: ''

2019-04-11 13:35:46 - [MESSAGE][INFO] - Starting 'Firefox (headless)' driver

2019-04-11 13:35:49 - [MESSAGE][PASSED] - Browser is opened with url: ''

2019-04-11 13:35:49 - [TEST_STEP][PASSED] - navigateToUrl(URL): Navigate to 'https://epulsedev2.com' successfully

2019-04-11 13:35:51 - [MESSAGE][PASSED] - Navigate to 'https://epulsedev2.com' successfully

2019-04-11 13:35:51 - [TEST_STEP][PASSED] - setText(findTestObject("Login/Email Address"), User_email): Text 'alonzo.mack@knowink.com' is set on object 'Object Repository/Login/Email Address'

2019-04-11 13:35:51 - [MESSAGE][PASSED] - Text 'alonzo.mack@knowink.com' is set on object 'Object Repository/Login/Email Address'

2019-04-11 13:35:51 - [TEST_STEP][PASSED] - setEncryptedText(findTestObject("Login/Password"), Pswrd): Text ****** has been set on object 'Object Repository/Login/Password'

2019-04-11 13:35:51 - [MESSAGE][PASSED] - Text ****** has been set on object 'Object Repository/Login/Password'

2019-04-11 13:35:51 - [TEST_STEP][PASSED] - click(findTestObject("Login/Sign In")): Object: 'Object Repository/Login/Sign In' is clicked on

2019-04-11 13:35:52 - [MESSAGE][PASSED] - Object: 'Object Repository/Login/Sign In' is clicked on

2019-04-11 13:35:52 - [TEST_STEP][PASSED] - delay(1): Delayed 1 second(s)

2019-04-11 13:35:53 - [MESSAGE][PASSED] - Delayed 1 second(s)

2019-04-11 13:35:53 - [TEST_STEP][PASSED] - navigateToUrl(Pollpad_Config_Import): Navigate to 'https://am-automation-test.epulsedev2.com/imports/poll_pad_config' successfully

2019-04-11 13:35:54 - [MESSAGE][PASSED] - Navigate to 'https://am-automation-test.epulsedev2.com/imports/poll_pad_config' successfully

2019-04-11 13:35:54 - [TEST_STEP][PASSED] - delay(1): Delayed 1 second(s)

2019-04-11 13:35:55 - [MESSAGE][PASSED] - Delayed 1 second(s)

2019-04-11 13:35:55 - [TEST_STEP][PASSED] - setText(findTestObject("Common ePulse Objects/Choose File"), "/Users/alonzomack/Downloads/Automation uploads/poll_pad_config.csv"): Text '/Users/alonzomack/Downloads/Automation uploads/poll_pad_config.csv' is set on object 'Object Repository/Common ePulse Objects/Choose File'

2019-04-11 13:35:55 - [MESSAGE][PASSED] - Text '/Users/alonzomack/Downloads/Automation uploads/poll_pad_config.csv' is set on object 'Object Repository/Common ePulse Objects/Choose File'

2019-04-11 13:35:55 - [TEST_STEP][PASSED] - setText(findTestObject("Admin Console ePulse Menu/Poll Pads/Poll Pads - Configuration Import/Config Name"), "Test Config"): Text 'Test Config' is set on object 'Object Repository/Admin Console ePulse Menu/Poll Pads/Poll Pads - Configuration Import/Config Name'

2019-04-11 13:35:55 - [MESSAGE][PASSED] - Text 'Test Config' is set on object 'Object Repository/Admin Console ePulse Menu/Poll Pads/Poll Pads - Configuration Import/Config Name'

2019-04-11 13:35:55 - [TEST_STEP][PASSED] - click(findTestObject("Common ePulse Objects/Continue Button")): Object: 'Object Repository/Common ePulse Objects/Continue Button' is clicked on

2019-04-11 13:35:56 - [MESSAGE][PASSED] - Object: 'Object Repository/Common ePulse Objects/Continue Button' is clicked on

2019-04-11 13:35:56 - [TEST_STEP][PASSED] - delay(1): Delayed 1 second(s)

2019-04-11 13:35:57 - [MESSAGE][PASSED] - Delayed 1 second(s)

2019-04-11 13:35:57 - [TEST_STEP][PASSED] - click(findTestObject("Common ePulse Objects/button_Done(working)")): Object: 'Object Repository/Common ePulse Objects/button_Done(working)' is clicked on

2019-04-11 13:36:01 - [MESSAGE][PASSED] - Object: 'Object Repository/Common ePulse Objects/button_Done(working)' is clicked on

2019-04-11 13:36:01 - [TEST_STEP][PASSED] - closeBrowser(STOP_ON_FAILURE): Browser is closed

2019-04-11 13:36:01 - [MESSAGE][PASSED] - Browser is closed]]></system-out>
         <system-err><![CDATA[]]></system-err>
      </testcase>
      <testcase name="Test Cases/Admin Console/Poll Pads/Poll Pad - Configuration()/Poll Pad Configuration - Copy" classname="Test Cases/Admin Console/Poll Pads/Poll Pad - Configuration()/Poll Pad Configuration - Copy" status="PASSED">
         <system-out><![CDATA[2019-04-11 13:36:04 - [TEST_CASE][PASSED] - Test Cases/Admin Console/Poll Pads/Poll Pad - Configuration()/Poll Pad Configuration - Copy: Test Cases/Admin Console/Poll Pads/Poll Pad - Configuration()/Poll Pad Configuration - Copy

2019-04-11 13:36:04 - [TEST_STEP][PASSED] - openBrowser(""): Browser is opened with url: ''

2019-04-11 13:36:04 - [MESSAGE][INFO] - Starting 'Firefox (headless)' driver

2019-04-11 13:36:06 - [MESSAGE][PASSED] - Browser is opened with url: ''

2019-04-11 13:36:06 - [TEST_STEP][PASSED] - navigateToUrl(URL): Navigate to 'https://epulsedev2.com' successfully

2019-04-11 13:36:08 - [MESSAGE][PASSED] - Navigate to 'https://epulsedev2.com' successfully

2019-04-11 13:36:08 - [TEST_STEP][PASSED] - setText(findTestObject("Login/Email Address"), User_email): Text 'alonzo.mack@knowink.com' is set on object 'Object Repository/Login/Email Address'

2019-04-11 13:36:08 - [MESSAGE][PASSED] - Text 'alonzo.mack@knowink.com' is set on object 'Object Repository/Login/Email Address'

2019-04-11 13:36:08 - [TEST_STEP][PASSED] - setEncryptedText(findTestObject("Login/Password"), Pswrd): Text ****** has been set on object 'Object Repository/Login/Password'

2019-04-11 13:36:08 - [MESSAGE][PASSED] - Text ****** has been set on object 'Object Repository/Login/Password'

2019-04-11 13:36:08 - [TEST_STEP][PASSED] - click(findTestObject("Login/Sign In")): Object: 'Object Repository/Login/Sign In' is clicked on

2019-04-11 13:36:09 - [MESSAGE][PASSED] - Object: 'Object Repository/Login/Sign In' is clicked on

2019-04-11 13:36:09 - [TEST_STEP][PASSED] - delay(1): Delayed 1 second(s)

2019-04-11 13:36:10 - [MESSAGE][PASSED] - Delayed 1 second(s)

2019-04-11 13:36:10 - [TEST_STEP][PASSED] - navigateToUrl(Pollpad_Config_Page): Navigate to 'https://am-automation-test.epulsedev2.com/poll_pad_configs' successfully

2019-04-11 13:36:11 - [MESSAGE][PASSED] - Navigate to 'https://am-automation-test.epulsedev2.com/poll_pad_configs' successfully

2019-04-11 13:36:11 - [TEST_STEP][PASSED] - delay(1): Delayed 1 second(s)

2019-04-11 13:36:12 - [MESSAGE][PASSED] - Delayed 1 second(s)

2019-04-11 13:36:12 - [TEST_STEP][PASSED] - click(findTestObject("Admin Console ePulse Menu/Poll Pads/Copy Config")): Object: 'Object Repository/Admin Console ePulse Menu/Poll Pads/Copy Config' is clicked on

2019-04-11 13:36:13 - [MESSAGE][PASSED] - Object: 'Object Repository/Admin Console ePulse Menu/Poll Pads/Copy Config' is clicked on

2019-04-11 13:36:13 - [TEST_STEP][PASSED] - delay(1): Delayed 1 second(s)

2019-04-11 13:36:14 - [MESSAGE][PASSED] - Delayed 1 second(s)

2019-04-11 13:36:14 - [TEST_STEP][PASSED] - setText(findTestObject("Admin Console ePulse Menu/Poll Pads/PollPad Config Name(copy)"), "Copy of selected config"): Text 'Copy of selected config' is set on object 'Object Repository/Admin Console ePulse Menu/Poll Pads/PollPad Config Name(copy)'

2019-04-11 13:36:14 - [MESSAGE][PASSED] - Text 'Copy of selected config' is set on object 'Object Repository/Admin Console ePulse Menu/Poll Pads/PollPad Config Name(copy)'

2019-04-11 13:36:14 - [TEST_STEP][PASSED] - delay(1): Delayed 1 second(s)

2019-04-11 13:36:15 - [MESSAGE][PASSED] - Delayed 1 second(s)

2019-04-11 13:36:15 - [TEST_STEP][PASSED] - click(findTestObject("Admin Console ePulse Menu/Poll Pads/Submit COPY")): Object: 'Object Repository/Admin Console ePulse Menu/Poll Pads/Submit COPY' is clicked on

2019-04-11 13:36:15 - [MESSAGE][PASSED] - Object: 'Object Repository/Admin Console ePulse Menu/Poll Pads/Submit COPY' is clicked on

2019-04-11 13:36:15 - [TEST_STEP][PASSED] - delay(1): Delayed 1 second(s)

2019-04-11 13:36:16 - [MESSAGE][PASSED] - Delayed 1 second(s)

2019-04-11 13:36:16 - [TEST_STEP][PASSED] - closeBrowser(STOP_ON_FAILURE): Browser is closed

2019-04-11 13:36:16 - [MESSAGE][PASSED] - Browser is closed]]></system-out>
         <system-err><![CDATA[]]></system-err>
      </testcase>
      <testcase name="Test Cases/Admin Console/Poll Pads/Poll Pad - Configuration()/Poll Pad Configuration - Export" classname="Test Cases/Admin Console/Poll Pads/Poll Pad - Configuration()/Poll Pad Configuration - Export" status="PASSED">
         <system-out><![CDATA[2019-04-11 13:36:19 - [TEST_CASE][PASSED] - Test Cases/Admin Console/Poll Pads/Poll Pad - Configuration()/Poll Pad Configuration - Export: Test Cases/Admin Console/Poll Pads/Poll Pad - Configuration()/Poll Pad Configuration - Export

2019-04-11 13:36:19 - [TEST_STEP][PASSED] - openBrowser(""): Browser is opened with url: ''

2019-04-11 13:36:19 - [MESSAGE][INFO] - Starting 'Firefox (headless)' driver

2019-04-11 13:36:21 - [MESSAGE][PASSED] - Browser is opened with url: ''

2019-04-11 13:36:21 - [TEST_STEP][PASSED] - navigateToUrl(URL): Navigate to 'https://epulsedev2.com' successfully

2019-04-11 13:36:23 - [MESSAGE][PASSED] - Navigate to 'https://epulsedev2.com' successfully

2019-04-11 13:36:23 - [TEST_STEP][PASSED] - setText(findTestObject("Login/Email Address"), User_email): Text 'alonzo.mack@knowink.com' is set on object 'Object Repository/Login/Email Address'

2019-04-11 13:36:23 - [MESSAGE][PASSED] - Text 'alonzo.mack@knowink.com' is set on object 'Object Repository/Login/Email Address'

2019-04-11 13:36:23 - [TEST_STEP][PASSED] - setEncryptedText(findTestObject("Login/Password"), Pswrd): Text ****** has been set on object 'Object Repository/Login/Password'

2019-04-11 13:36:23 - [MESSAGE][PASSED] - Text ****** has been set on object 'Object Repository/Login/Password'

2019-04-11 13:36:23 - [TEST_STEP][PASSED] - click(findTestObject("Login/Sign In")): Object: 'Object Repository/Login/Sign In' is clicked on

2019-04-11 13:36:24 - [MESSAGE][PASSED] - Object: 'Object Repository/Login/Sign In' is clicked on

2019-04-11 13:36:24 - [TEST_STEP][PASSED] - delay(1): Delayed 1 second(s)

2019-04-11 13:36:25 - [MESSAGE][PASSED] - Delayed 1 second(s)

2019-04-11 13:36:25 - [TEST_STEP][PASSED] - navigateToUrl(Pollpad_Config_Page): Navigate to 'https://am-automation-test.epulsedev2.com/poll_pad_configs' successfully

2019-04-11 13:36:27 - [MESSAGE][PASSED] - Navigate to 'https://am-automation-test.epulsedev2.com/poll_pad_configs' successfully

2019-04-11 13:36:27 - [TEST_STEP][PASSED] - delay(1): Delayed 1 second(s)

2019-04-11 13:36:28 - [MESSAGE][PASSED] - Delayed 1 second(s)

2019-04-11 13:36:28 - [TEST_STEP][PASSED] - click(findTestObject("Admin Console ePulse Menu/Poll Pads/Export Config")): Object: 'Object Repository/Admin Console ePulse Menu/Poll Pads/Export Config' is clicked on

2019-04-11 13:36:34 - [MESSAGE][PASSED] - Object: 'Object Repository/Admin Console ePulse Menu/Poll Pads/Export Config' is clicked on

2019-04-11 13:36:34 - [TEST_STEP][PASSED] - delay(2): Delayed 2 second(s)

2019-04-11 13:36:36 - [MESSAGE][PASSED] - Delayed 2 second(s)

2019-04-11 13:36:36 - [TEST_STEP][PASSED] - closeBrowser(): Browser is closed

2019-04-11 13:36:36 - [MESSAGE][PASSED] - Browser is closed]]></system-out>
         <system-err><![CDATA[]]></system-err>
      </testcase>
      <testcase name="Test Cases/SuperAdminConsole/Poll Pads/PollPad - Add" classname="Test Cases/SuperAdminConsole/Poll Pads/PollPad - Add" status="PASSED">
         <system-out><![CDATA[2019-04-11 13:36:38 - [TEST_CASE][PASSED] - Test Cases/SuperAdminConsole/Poll Pads/PollPad - Add: Test Cases/SuperAdminConsole/Poll Pads/PollPad - Add

2019-04-11 13:36:39 - [TEST_STEP][PASSED] - openBrowser(""): Browser is opened with url: ''

2019-04-11 13:36:39 - [MESSAGE][INFO] - Starting 'Firefox (headless)' driver

2019-04-11 13:36:41 - [MESSAGE][PASSED] - Browser is opened with url: ''

2019-04-11 13:36:41 - [TEST_STEP][PASSED] - navigateToUrl(URL): Navigate to 'https://epulsedev2.com' successfully

2019-04-11 13:36:43 - [MESSAGE][PASSED] - Navigate to 'https://epulsedev2.com' successfully

2019-04-11 13:36:43 - [TEST_STEP][PASSED] - setText(findTestObject("Login/Email Address"), User_email): Text 'alonzo.mack@knowink.com' is set on object 'Object Repository/Login/Email Address'

2019-04-11 13:36:43 - [MESSAGE][PASSED] - Text 'alonzo.mack@knowink.com' is set on object 'Object Repository/Login/Email Address'

2019-04-11 13:36:44 - [TEST_STEP][PASSED] - setEncryptedText(findTestObject("Login/Password"), Pswrd): Text ****** has been set on object 'Object Repository/Login/Password'

2019-04-11 13:36:44 - [MESSAGE][PASSED] - Text ****** has been set on object 'Object Repository/Login/Password'

2019-04-11 13:36:44 - [TEST_STEP][PASSED] - click(findTestObject("Login/Sign In")): Object: 'Object Repository/Login/Sign In' is clicked on

2019-04-11 13:36:45 - [MESSAGE][PASSED] - Object: 'Object Repository/Login/Sign In' is clicked on

2019-04-11 13:36:45 - [TEST_STEP][PASSED] - delay(1): Delayed 1 second(s)

2019-04-11 13:36:46 - [MESSAGE][PASSED] - Delayed 1 second(s)

2019-04-11 13:36:46 - [TEST_STEP][PASSED] - click(findTestObject("SuperAdminConsole/Poll Pads/POLL PADS link")): Object: 'Object Repository/SuperAdminConsole/Poll Pads/POLL PADS link' is clicked on

2019-04-11 13:36:47 - [MESSAGE][PASSED] - Object: 'Object Repository/SuperAdminConsole/Poll Pads/POLL PADS link' is clicked on

2019-04-11 13:36:47 - [TEST_STEP][PASSED] - delay(1): Delayed 1 second(s)

2019-04-11 13:36:48 - [MESSAGE][PASSED] - Delayed 1 second(s)

2019-04-11 13:36:48 - [TEST_STEP][PASSED] - click(findTestObject("SuperAdminConsole/Poll Pads/Add Poll Pad")): Object: 'Object Repository/SuperAdminConsole/Poll Pads/Add Poll Pad' is clicked on

2019-04-11 13:36:49 - [MESSAGE][PASSED] - Object: 'Object Repository/SuperAdminConsole/Poll Pads/Add Poll Pad' is clicked on

2019-04-11 13:36:49 - [TEST_STEP][PASSED] - delay(1): Delayed 1 second(s)

2019-04-11 13:36:50 - [MESSAGE][PASSED] - Delayed 1 second(s)

2019-04-11 13:36:50 - [TEST_STEP][PASSED] - setText(findTestObject("SuperAdminConsole/Poll Pads/Add Poll Pad Options/Poll_Pad_Name"), "Test PollPad"): Text 'Test PollPad' is set on object 'Object Repository/SuperAdminConsole/Poll Pads/Add Poll Pad Options/Poll_Pad_Name'

2019-04-11 13:36:50 - [MESSAGE][PASSED] - Text 'Test PollPad' is set on object 'Object Repository/SuperAdminConsole/Poll Pads/Add Poll Pad Options/Poll_Pad_Name'

2019-04-11 13:36:50 - [TEST_STEP][PASSED] - delay(1): Delayed 1 second(s)

2019-04-11 13:36:51 - [MESSAGE][PASSED] - Delayed 1 second(s)

2019-04-11 13:36:51 - [TEST_STEP][PASSED] - click(findTestObject("SuperAdminConsole/Poll Pads/Add Poll Pad Options/Account")): Object: 'Object Repository/SuperAdminConsole/Poll Pads/Add Poll Pad Options/Account' is clicked on

2019-04-11 13:36:51 - [MESSAGE][PASSED] - Object: 'Object Repository/SuperAdminConsole/Poll Pads/Add Poll Pad Options/Account' is clicked on

2019-04-11 13:36:51 - [TEST_STEP][PASSED] - click(findTestObject("SuperAdminConsole/Poll Pads/AM-Mississippi")): Object: 'Object Repository/SuperAdminConsole/Poll Pads/AM-Mississippi' is clicked on

2019-04-11 13:36:51 - [MESSAGE][PASSED] - Object: 'Object Repository/SuperAdminConsole/Poll Pads/AM-Mississippi' is clicked on

2019-04-11 13:36:51 - [TEST_STEP][PASSED] - delay(1): Delayed 1 second(s)

2019-04-11 13:36:52 - [MESSAGE][PASSED] - Delayed 1 second(s)

2019-04-11 13:36:52 - [TEST_STEP][PASSED] - click(findTestObject("SuperAdminConsole/Poll Pads/Add Poll Pad Options/Polling Places"), STOP_ON_FAILURE): Object: 'Object Repository/SuperAdminConsole/Poll Pads/Add Poll Pad Options/Polling Places' is clicked on

2019-04-11 13:36:52 - [MESSAGE][PASSED] - Object: 'Object Repository/SuperAdminConsole/Poll Pads/Add Poll Pad Options/Polling Places' is clicked on

2019-04-11 13:36:52 - [TEST_STEP][PASSED] - click(findTestObject("SuperAdminConsole/Poll Pads/Add Poll Pad Options/Polling Place(CATO FIRE STATION)"), STOP_ON_FAILURE): Object: 'Object Repository/SuperAdminConsole/Poll Pads/Add Poll Pad Options/Polling Place(CATO FIRE STATION)' is clicked on

2019-04-11 13:36:53 - [MESSAGE][PASSED] - Object: 'Object Repository/SuperAdminConsole/Poll Pads/Add Poll Pad Options/Polling Place(CATO FIRE STATION)' is clicked on

2019-04-11 13:36:53 - [TEST_STEP][PASSED] - delay(1): Delayed 1 second(s)

2019-04-11 13:36:54 - [MESSAGE][PASSED] - Delayed 1 second(s)

2019-04-11 13:36:54 - [TEST_STEP][PASSED] - click(findTestObject("SuperAdminConsole/Poll Pads/Add Poll Pad Options/Configuration")): Object: 'Object Repository/SuperAdminConsole/Poll Pads/Add Poll Pad Options/Configuration' is clicked on

2019-04-11 13:36:54 - [MESSAGE][PASSED] - Object: 'Object Repository/SuperAdminConsole/Poll Pads/Add Poll Pad Options/Configuration' is clicked on

2019-04-11 13:36:54 - [TEST_STEP][PASSED] - delay(1): Delayed 1 second(s)

2019-04-11 13:36:55 - [MESSAGE][PASSED] - Delayed 1 second(s)

2019-04-11 13:36:55 - [TEST_STEP][PASSED] - click(findTestObject("Admin Console ePulse Menu/Account Settings/Prompts/Prompt Criteria Modal/Save")): Object: 'Object Repository/Admin Console ePulse Menu/Account Settings/Prompts/Prompt Criteria Modal/Save' is clicked on

2019-04-11 13:36:55 - [MESSAGE][PASSED] - Object: 'Object Repository/Admin Console ePulse Menu/Account Settings/Prompts/Prompt Criteria Modal/Save' is clicked on

2019-04-11 13:36:55 - [TEST_STEP][PASSED] - delay(1): Delayed 1 second(s)

2019-04-11 13:36:56 - [MESSAGE][PASSED] - Delayed 1 second(s)

2019-04-11 13:36:56 - [TEST_STEP][PASSED] - closeBrowser(): Browser is closed

2019-04-11 13:36:57 - [MESSAGE][PASSED] - Browser is closed]]></system-out>
         <system-err><![CDATA[]]></system-err>
      </testcase>
      <testcase name="Test Cases/SuperAdminConsole/Poll Pads/PollPad_Assign" classname="Test Cases/SuperAdminConsole/Poll Pads/PollPad_Assign" status="PASSED">
         <system-out><![CDATA[2019-04-11 13:36:59 - [TEST_CASE][PASSED] - Test Cases/SuperAdminConsole/Poll Pads/PollPad_Assign: Test Cases/SuperAdminConsole/Poll Pads/PollPad_Assign

2019-04-11 13:36:59 - [TEST_STEP][PASSED] - openBrowser("https://epulsedev2.com"): Browser is opened with url: 'https://epulsedev2.com'

2019-04-11 13:36:59 - [MESSAGE][INFO] - Starting 'Firefox (headless)' driver

2019-04-11 13:37:04 - [MESSAGE][PASSED] - Browser is opened with url: 'https://epulsedev2.com'

2019-04-11 13:37:04 - [TEST_STEP][PASSED] - openBrowser(""): Browser is opened with url: ''

2019-04-11 13:37:04 - [MESSAGE][WARNING] - A browser is already opened. Closing browser and opening a new one

2019-04-11 13:37:04 - [MESSAGE][INFO] - Starting 'Firefox (headless)' driver

2019-04-11 13:37:06 - [MESSAGE][PASSED] - Browser is opened with url: ''

2019-04-11 13:37:06 - [TEST_STEP][PASSED] - navigateToUrl(URL): Navigate to 'https://epulsedev2.com' successfully

2019-04-11 13:37:08 - [MESSAGE][PASSED] - Navigate to 'https://epulsedev2.com' successfully

2019-04-11 13:37:08 - [TEST_STEP][PASSED] - setText(findTestObject("Login/Email Address"), User_email): Text 'alonzo.mack@knowink.com' is set on object 'Object Repository/Login/Email Address'

2019-04-11 13:37:08 - [MESSAGE][PASSED] - Text 'alonzo.mack@knowink.com' is set on object 'Object Repository/Login/Email Address'

2019-04-11 13:37:08 - [TEST_STEP][PASSED] - setEncryptedText(findTestObject("Login/Password"), Pswrd): Text ****** has been set on object 'Object Repository/Login/Password'

2019-04-11 13:37:08 - [MESSAGE][PASSED] - Text ****** has been set on object 'Object Repository/Login/Password'

2019-04-11 13:37:08 - [TEST_STEP][PASSED] - click(findTestObject("Login/Sign In")): Object: 'Object Repository/Login/Sign In' is clicked on

2019-04-11 13:37:10 - [MESSAGE][PASSED] - Object: 'Object Repository/Login/Sign In' is clicked on

2019-04-11 13:37:10 - [TEST_STEP][PASSED] - delay(1): Delayed 1 second(s)

2019-04-11 13:37:11 - [MESSAGE][PASSED] - Delayed 1 second(s)

2019-04-11 13:37:11 - [TEST_STEP][PASSED] - click(findTestObject("SuperAdminConsole/Poll Pads/POLL PADS link")): Object: 'Object Repository/SuperAdminConsole/Poll Pads/POLL PADS link' is clicked on

2019-04-11 13:37:12 - [MESSAGE][PASSED] - Object: 'Object Repository/SuperAdminConsole/Poll Pads/POLL PADS link' is clicked on

2019-04-11 13:37:12 - [TEST_STEP][PASSED] - delay(1): Delayed 1 second(s)

2019-04-11 13:37:13 - [MESSAGE][PASSED] - Delayed 1 second(s)

2019-04-11 13:37:13 - [TEST_STEP][PASSED] - setText(findTestObject("SuperAdminConsole/Poll Pads/Test PollPad table search"), "Test Pollpad"): Text 'Test Pollpad' is set on object 'Object Repository/SuperAdminConsole/Poll Pads/Test PollPad table search'

2019-04-11 13:37:13 - [MESSAGE][PASSED] - Text 'Test Pollpad' is set on object 'Object Repository/SuperAdminConsole/Poll Pads/Test PollPad table search'

2019-04-11 13:37:13 - [TEST_STEP][PASSED] - delay(1): Delayed 1 second(s)

2019-04-11 13:37:14 - [MESSAGE][PASSED] - Delayed 1 second(s)

2019-04-11 13:37:14 - [TEST_STEP][PASSED] - click(findTestObject("SuperAdminConsole/Poll Pads/Add Poll Pad Options/Assign/edit pad-AM-Mississippi")): Object: 'Object Repository/SuperAdminConsole/Poll Pads/Add Poll Pad Options/Assign/edit pad-AM-Mississippi' is clicked on

2019-04-11 13:37:14 - [MESSAGE][PASSED] - Object: 'Object Repository/SuperAdminConsole/Poll Pads/Add Poll Pad Options/Assign/edit pad-AM-Mississippi' is clicked on

2019-04-11 13:37:14 - [TEST_STEP][PASSED] - delay(1): Delayed 1 second(s)

2019-04-11 13:37:15 - [MESSAGE][PASSED] - Delayed 1 second(s)

2019-04-11 13:37:15 - [TEST_STEP][PASSED] - click(findTestObject("SuperAdminConsole/Poll Pads/Add Poll Pad Options/Account")): Object: 'Object Repository/SuperAdminConsole/Poll Pads/Add Poll Pad Options/Account' is clicked on

2019-04-11 13:37:15 - [MESSAGE][PASSED] - Object: 'Object Repository/SuperAdminConsole/Poll Pads/Add Poll Pad Options/Account' is clicked on

2019-04-11 13:37:15 - [TEST_STEP][PASSED] - delay(1): Delayed 1 second(s)

2019-04-11 13:37:16 - [MESSAGE][PASSED] - Delayed 1 second(s)

2019-04-11 13:37:16 - [TEST_STEP][PASSED] - click(findTestObject("SuperAdminConsole/Poll Pads/Add Poll Pad Options/Assign/Account(am-Automation-test)")): Object: 'Object Repository/SuperAdminConsole/Poll Pads/Add Poll Pad Options/Assign/Account(am-Automation-test)' is clicked on

2019-04-11 13:37:17 - [MESSAGE][PASSED] - Object: 'Object Repository/SuperAdminConsole/Poll Pads/Add Poll Pad Options/Assign/Account(am-Automation-test)' is clicked on

2019-04-11 13:37:17 - [TEST_STEP][PASSED] - delay(1): Delayed 1 second(s)

2019-04-11 13:37:18 - [MESSAGE][PASSED] - Delayed 1 second(s)

2019-04-11 13:37:18 - [TEST_STEP][PASSED] - click(findTestObject("SuperAdminConsole/Poll Pads/Add Poll Pad Options/Election")): Object: 'Object Repository/SuperAdminConsole/Poll Pads/Add Poll Pad Options/Election' is clicked on

2019-04-11 13:37:18 - [MESSAGE][PASSED] - Object: 'Object Repository/SuperAdminConsole/Poll Pads/Add Poll Pad Options/Election' is clicked on

2019-04-11 13:37:18 - [TEST_STEP][PASSED] - click(findTestObject("SuperAdminConsole/Poll Pads/Add Poll Pad Options/Assign/Election(Election Creation)")): Object: 'Object Repository/SuperAdminConsole/Poll Pads/Add Poll Pad Options/Assign/Election(Election Creation)' is clicked on

2019-04-11 13:37:18 - [MESSAGE][PASSED] - Object: 'Object Repository/SuperAdminConsole/Poll Pads/Add Poll Pad Options/Assign/Election(Election Creation)' is clicked on

2019-04-11 13:37:18 - [TEST_STEP][PASSED] - delay(1): Delayed 1 second(s)

2019-04-11 13:37:19 - [MESSAGE][PASSED] - Delayed 1 second(s)

2019-04-11 13:37:19 - [TEST_STEP][PASSED] - click(findTestObject("SuperAdminConsole/Poll Pads/Add Poll Pad Options/Polling Places")): Object: 'Object Repository/SuperAdminConsole/Poll Pads/Add Poll Pad Options/Polling Places' is clicked on

2019-04-11 13:37:19 - [MESSAGE][PASSED] - Object: 'Object Repository/SuperAdminConsole/Poll Pads/Add Poll Pad Options/Polling Places' is clicked on

2019-04-11 13:37:19 - [TEST_STEP][PASSED] - click(findTestObject("SuperAdminConsole/Poll Pads/Add Poll Pad Options/Assign/Polling Place(MATHEWS DICKEY)")): Object: 'Object Repository/SuperAdminConsole/Poll Pads/Add Poll Pad Options/Assign/Polling Place(MATHEWS DICKEY)' is clicked on

2019-04-11 13:37:20 - [MESSAGE][PASSED] - Object: 'Object Repository/SuperAdminConsole/Poll Pads/Add Poll Pad Options/Assign/Polling Place(MATHEWS DICKEY)' is clicked on

2019-04-11 13:37:20 - [TEST_STEP][PASSED] - delay(1): Delayed 1 second(s)

2019-04-11 13:37:21 - [MESSAGE][PASSED] - Delayed 1 second(s)

2019-04-11 13:37:21 - [TEST_STEP][PASSED] - selectOptionByLabel(findTestObject("SuperAdminConsole/Poll Pads/Add Poll Pad Options/Assign/Select Configuration"), "Automation Created Config", true): All options with label 'Automation Created Config' are selected in object 'Object Repository/SuperAdminConsole/Poll Pads/Add Poll Pad Options/Assign/Select Configuration'  using regular expression

2019-04-11 13:37:21 - [MESSAGE][PASSED] - All options with label 'Automation Created Config' are selected in object 'Object Repository/SuperAdminConsole/Poll Pads/Add Poll Pad Options/Assign/Select Configuration'  using regular expression

2019-04-11 13:37:21 - [TEST_STEP][PASSED] - delay(1): Delayed 1 second(s)

2019-04-11 13:37:22 - [MESSAGE][PASSED] - Delayed 1 second(s)

2019-04-11 13:37:22 - [TEST_STEP][PASSED] - click(findTestObject("Admin Console ePulse Menu/Account Settings/Prompts/Prompt Criteria Modal/Save")): Object: 'Object Repository/Admin Console ePulse Menu/Account Settings/Prompts/Prompt Criteria Modal/Save' is clicked on

2019-04-11 13:37:22 - [MESSAGE][PASSED] - Object: 'Object Repository/Admin Console ePulse Menu/Account Settings/Prompts/Prompt Criteria Modal/Save' is clicked on

2019-04-11 13:37:22 - [TEST_STEP][PASSED] - delay(1): Delayed 1 second(s)

2019-04-11 13:37:23 - [MESSAGE][PASSED] - Delayed 1 second(s)

2019-04-11 13:37:23 - [TEST_STEP][PASSED] - closeBrowser(): Browser is closed

2019-04-11 13:37:24 - [MESSAGE][PASSED] - Browser is closed]]></system-out>
         <system-err><![CDATA[]]></system-err>
      </testcase>
      <testcase name="Test Cases/Admin Console/Election Setup/Ballot Styles/Ballot Styles - Downloads" classname="Test Cases/Admin Console/Election Setup/Ballot Styles/Ballot Styles - Downloads" status="PASSED">
         <system-out><![CDATA[2019-04-11 13:37:26 - [TEST_CASE][PASSED] - Test Cases/Admin Console/Election Setup/Ballot Styles/Ballot Styles - Downloads: Test Cases/Admin Console/Election Setup/Ballot Styles/Ballot Styles - Downloads

2019-04-11 13:37:26 - [TEST_STEP][PASSED] - openBrowser(""): Browser is opened with url: ''

2019-04-11 13:37:26 - [MESSAGE][INFO] - Starting 'Firefox (headless)' driver

2019-04-11 13:37:28 - [MESSAGE][PASSED] - Browser is opened with url: ''

2019-04-11 13:37:28 - [TEST_STEP][PASSED] - navigateToUrl(URL): Navigate to 'https://epulsedev2.com' successfully

2019-04-11 13:37:30 - [MESSAGE][PASSED] - Navigate to 'https://epulsedev2.com' successfully

2019-04-11 13:37:30 - [TEST_STEP][PASSED] - setText(findTestObject("Login/Email Address"), User_email): Text 'alonzo.mack@knowink.com' is set on object 'Object Repository/Login/Email Address'

2019-04-11 13:37:30 - [MESSAGE][PASSED] - Text 'alonzo.mack@knowink.com' is set on object 'Object Repository/Login/Email Address'

2019-04-11 13:37:30 - [TEST_STEP][PASSED] - setEncryptedText(findTestObject("Login/Password"), Pswrd): Text ****** has been set on object 'Object Repository/Login/Password'

2019-04-11 13:37:30 - [MESSAGE][PASSED] - Text ****** has been set on object 'Object Repository/Login/Password'

2019-04-11 13:37:30 - [TEST_STEP][PASSED] - click(findTestObject("Login/Sign In")): Object: 'Object Repository/Login/Sign In' is clicked on

2019-04-11 13:37:32 - [MESSAGE][PASSED] - Object: 'Object Repository/Login/Sign In' is clicked on

2019-04-11 13:37:32 - [TEST_STEP][PASSED] - delay(1): Delayed 1 second(s)

2019-04-11 13:37:33 - [MESSAGE][PASSED] - Delayed 1 second(s)

2019-04-11 13:37:33 - [TEST_STEP][PASSED] - navigateToUrl(Ballot_Types): Navigate to 'https://am-automation-test.epulsedev2.com/ballot_types' successfully

2019-04-11 13:37:34 - [MESSAGE][PASSED] - Navigate to 'https://am-automation-test.epulsedev2.com/ballot_types' successfully

2019-04-11 13:37:34 - [TEST_STEP][PASSED] - delay(1): Delayed 1 second(s)

2019-04-11 13:37:35 - [MESSAGE][PASSED] - Delayed 1 second(s)

2019-04-11 13:37:35 - [TEST_STEP][PASSED] - click(findTestObject("Admin Console ePulse Menu/Election Setup/Ballot Styles/Download")): Object: 'Object Repository/Admin Console ePulse Menu/Election Setup/Ballot Styles/Download' is clicked on

2019-04-11 13:37:40 - [MESSAGE][PASSED] - Object: 'Object Repository/Admin Console ePulse Menu/Election Setup/Ballot Styles/Download' is clicked on

2019-04-11 13:37:40 - [TEST_STEP][PASSED] - delay(2): Delayed 2 second(s)

2019-04-11 13:37:42 - [MESSAGE][PASSED] - Delayed 2 second(s)

2019-04-11 13:37:42 - [TEST_STEP][NOT_RUN] - click(findTestObject("Common ePulse Objects/button_Done(working)")): NOT_RUN: click(findTestObject("Common ePulse Objects/button_Done(working)"))

2019-04-11 13:37:42 - [MESSAGE][NOT_RUN] - NOT_RUN: click(findTestObject("Common ePulse Objects/button_Done(working)"))

2019-04-11 13:37:42 - [TEST_STEP][PASSED] - closeBrowser(STOP_ON_FAILURE): Browser is closed

2019-04-11 13:37:43 - [MESSAGE][PASSED] - Browser is closed]]></system-out>
         <system-err><![CDATA[]]></system-err>
      </testcase>
      <testcase name="Test Cases/Admin Console/Election Setup/Ballot Styles/Ballot Styles - Import" classname="Test Cases/Admin Console/Election Setup/Ballot Styles/Ballot Styles - Import" status="PASSED">
         <system-out><![CDATA[2019-04-11 13:37:45 - [TEST_CASE][PASSED] - Test Cases/Admin Console/Election Setup/Ballot Styles/Ballot Styles - Import: Test Cases/Admin Console/Election Setup/Ballot Styles/Ballot Styles - Import

2019-04-11 13:37:45 - [TEST_STEP][PASSED] - openBrowser(""): Browser is opened with url: ''

2019-04-11 13:37:45 - [MESSAGE][INFO] - Starting 'Firefox (headless)' driver

2019-04-11 13:37:47 - [MESSAGE][PASSED] - Browser is opened with url: ''

2019-04-11 13:37:47 - [TEST_STEP][PASSED] - navigateToUrl(URL): Navigate to 'https://epulsedev2.com' successfully

2019-04-11 13:37:50 - [MESSAGE][PASSED] - Navigate to 'https://epulsedev2.com' successfully

2019-04-11 13:37:50 - [TEST_STEP][PASSED] - setText(findTestObject("Login/Email Address"), User_email): Text 'alonzo.mack@knowink.com' is set on object 'Object Repository/Login/Email Address'

2019-04-11 13:37:50 - [MESSAGE][PASSED] - Text 'alonzo.mack@knowink.com' is set on object 'Object Repository/Login/Email Address'

2019-04-11 13:37:50 - [TEST_STEP][PASSED] - setEncryptedText(findTestObject("Login/Password"), Pswrd): Text ****** has been set on object 'Object Repository/Login/Password'

2019-04-11 13:37:50 - [MESSAGE][PASSED] - Text ****** has been set on object 'Object Repository/Login/Password'

2019-04-11 13:37:50 - [TEST_STEP][PASSED] - click(findTestObject("Login/Sign In")): Object: 'Object Repository/Login/Sign In' is clicked on

2019-04-11 13:37:51 - [MESSAGE][PASSED] - Object: 'Object Repository/Login/Sign In' is clicked on

2019-04-11 13:37:51 - [TEST_STEP][PASSED] - delay(1): Delayed 1 second(s)

2019-04-11 13:37:52 - [MESSAGE][PASSED] - Delayed 1 second(s)

2019-04-11 13:37:52 - [TEST_STEP][PASSED] - navigateToUrl(Ballot_Types): Navigate to 'https://am-automation-test.epulsedev2.com/ballot_types' successfully

2019-04-11 13:37:54 - [MESSAGE][PASSED] - Navigate to 'https://am-automation-test.epulsedev2.com/ballot_types' successfully

2019-04-11 13:37:54 - [TEST_STEP][PASSED] - delay(1): Delayed 1 second(s)

2019-04-11 13:37:55 - [MESSAGE][PASSED] - Delayed 1 second(s)

2019-04-11 13:37:55 - [TEST_STEP][PASSED] - click(findTestObject("Admin Console ePulse Menu/Election Setup/Ballot Styles/Import")): Object: 'Object Repository/Admin Console ePulse Menu/Election Setup/Ballot Styles/Import' is clicked on

2019-04-11 13:37:56 - [MESSAGE][PASSED] - Object: 'Object Repository/Admin Console ePulse Menu/Election Setup/Ballot Styles/Import' is clicked on

2019-04-11 13:37:56 - [TEST_STEP][PASSED] - setText(findTestObject("Common ePulse Objects/Choose File"), "/Users/alonzomack/Downloads/Automation uploads/ballot_types.csv"): Text '/Users/alonzomack/Downloads/Automation uploads/ballot_types.csv' is set on object 'Object Repository/Common ePulse Objects/Choose File'

2019-04-11 13:37:56 - [MESSAGE][PASSED] - Text '/Users/alonzomack/Downloads/Automation uploads/ballot_types.csv' is set on object 'Object Repository/Common ePulse Objects/Choose File'

2019-04-11 13:37:56 - [TEST_STEP][PASSED] - click(findTestObject("Common ePulse Objects/Continue Button")): Object: 'Object Repository/Common ePulse Objects/Continue Button' is clicked on

2019-04-11 13:37:56 - [MESSAGE][PASSED] - Object: 'Object Repository/Common ePulse Objects/Continue Button' is clicked on

2019-04-11 13:37:56 - [TEST_STEP][PASSED] - delay(1): Delayed 1 second(s)

2019-04-11 13:37:57 - [MESSAGE][PASSED] - Delayed 1 second(s)

2019-04-11 13:37:57 - [TEST_STEP][PASSED] - click(findTestObject("Common ePulse Objects/button_Done(working)")): Object: 'Object Repository/Common ePulse Objects/button_Done(working)' is clicked on

2019-04-11 13:38:01 - [MESSAGE][PASSED] - Object: 'Object Repository/Common ePulse Objects/button_Done(working)' is clicked on

2019-04-11 13:38:01 - [TEST_STEP][PASSED] - closeBrowser(STOP_ON_FAILURE): Browser is closed

2019-04-11 13:38:02 - [MESSAGE][PASSED] - Browser is closed]]></system-out>
         <system-err><![CDATA[]]></system-err>
      </testcase>
      <testcase name="Test Cases/Admin Console/Account Settings/Add_Edit Voter/Add_Edit Voter - Export" classname="Test Cases/Admin Console/Account Settings/Add_Edit Voter/Add_Edit Voter - Export" status="PASSED">
         <system-out><![CDATA[2019-04-11 13:38:04 - [TEST_CASE][PASSED] - Test Cases/Admin Console/Account Settings/Add_Edit Voter/Add_Edit Voter - Export: Test Cases/Admin Console/Account Settings/Add_Edit Voter/Add_Edit Voter - Export

2019-04-11 13:38:04 - [TEST_STEP][PASSED] - openBrowser(""): Browser is opened with url: ''

2019-04-11 13:38:04 - [MESSAGE][INFO] - Starting 'Firefox (headless)' driver

2019-04-11 13:38:06 - [MESSAGE][PASSED] - Browser is opened with url: ''

2019-04-11 13:38:06 - [TEST_STEP][PASSED] - navigateToUrl(URL): Navigate to 'https://epulsedev2.com' successfully

2019-04-11 13:38:08 - [MESSAGE][PASSED] - Navigate to 'https://epulsedev2.com' successfully

2019-04-11 13:38:08 - [TEST_STEP][PASSED] - setText(findTestObject("Login/Email Address"), User_email): Text 'alonzo.mack@knowink.com' is set on object 'Object Repository/Login/Email Address'

2019-04-11 13:38:08 - [MESSAGE][PASSED] - Text 'alonzo.mack@knowink.com' is set on object 'Object Repository/Login/Email Address'

2019-04-11 13:38:08 - [TEST_STEP][PASSED] - setEncryptedText(findTestObject("Login/Password"), Pswrd): Text ****** has been set on object 'Object Repository/Login/Password'

2019-04-11 13:38:08 - [MESSAGE][PASSED] - Text ****** has been set on object 'Object Repository/Login/Password'

2019-04-11 13:38:08 - [TEST_STEP][PASSED] - click(findTestObject("Login/Sign In")): Object: 'Object Repository/Login/Sign In' is clicked on

2019-04-11 13:38:10 - [MESSAGE][PASSED] - Object: 'Object Repository/Login/Sign In' is clicked on

2019-04-11 13:38:10 - [TEST_STEP][PASSED] - delay(1): Delayed 1 second(s)

2019-04-11 13:38:11 - [MESSAGE][PASSED] - Delayed 1 second(s)

2019-04-11 13:38:11 - [TEST_STEP][PASSED] - navigateToUrl(Add_Voter): Navigate to 'https://am-automation-test.epulsedev2.com/add_voters' successfully

2019-04-11 13:38:12 - [MESSAGE][PASSED] - Navigate to 'https://am-automation-test.epulsedev2.com/add_voters' successfully

2019-04-11 13:38:12 - [TEST_STEP][PASSED] - delay(1): Delayed 1 second(s)

2019-04-11 13:38:13 - [MESSAGE][PASSED] - Delayed 1 second(s)

2019-04-11 13:38:13 - [TEST_STEP][PASSED] - click(findTestObject("Admin Console ePulse Menu/Account Settings/ID Methods/ID Methods Page/Export")): Object: 'Object Repository/Admin Console ePulse Menu/Account Settings/ID Methods/ID Methods Page/Export' is clicked on

2019-04-11 13:38:13 - [MESSAGE][PASSED] - Object: 'Object Repository/Admin Console ePulse Menu/Account Settings/ID Methods/ID Methods Page/Export' is clicked on

2019-04-11 13:38:13 - [TEST_STEP][PASSED] - delay(1): Delayed 1 second(s)

2019-04-11 13:38:14 - [MESSAGE][PASSED] - Delayed 1 second(s)

2019-04-11 13:38:14 - [TEST_STEP][PASSED] - closeBrowser(STOP_ON_FAILURE): Browser is closed

2019-04-11 13:38:15 - [MESSAGE][PASSED] - Browser is closed]]></system-out>
         <system-err><![CDATA[]]></system-err>
      </testcase>
      <testcase name="Test Cases/Admin Console/Account Settings/Add_Edit Voter/Add_Edit Voter - Import" classname="Test Cases/Admin Console/Account Settings/Add_Edit Voter/Add_Edit Voter - Import" status="PASSED">
         <system-out><![CDATA[2019-04-11 13:38:17 - [TEST_CASE][PASSED] - Test Cases/Admin Console/Account Settings/Add_Edit Voter/Add_Edit Voter - Import: Test Cases/Admin Console/Account Settings/Add_Edit Voter/Add_Edit Voter - Import

2019-04-11 13:38:17 - [TEST_STEP][PASSED] - openBrowser(""): Browser is opened with url: ''

2019-04-11 13:38:17 - [MESSAGE][INFO] - Starting 'Firefox (headless)' driver

2019-04-11 13:38:19 - [MESSAGE][PASSED] - Browser is opened with url: ''

2019-04-11 13:38:19 - [TEST_STEP][PASSED] - navigateToUrl(URL): Navigate to 'https://epulsedev2.com' successfully

2019-04-11 13:38:20 - [MESSAGE][PASSED] - Navigate to 'https://epulsedev2.com' successfully

2019-04-11 13:38:20 - [TEST_STEP][PASSED] - setText(findTestObject("Login/Email Address"), User_email): Text 'alonzo.mack@knowink.com' is set on object 'Object Repository/Login/Email Address'

2019-04-11 13:38:20 - [MESSAGE][PASSED] - Text 'alonzo.mack@knowink.com' is set on object 'Object Repository/Login/Email Address'

2019-04-11 13:38:20 - [TEST_STEP][PASSED] - setEncryptedText(findTestObject("Login/Password"), Pswrd): Text ****** has been set on object 'Object Repository/Login/Password'

2019-04-11 13:38:20 - [MESSAGE][PASSED] - Text ****** has been set on object 'Object Repository/Login/Password'

2019-04-11 13:38:20 - [TEST_STEP][PASSED] - click(findTestObject("Login/Sign In")): Object: 'Object Repository/Login/Sign In' is clicked on

2019-04-11 13:38:21 - [MESSAGE][PASSED] - Object: 'Object Repository/Login/Sign In' is clicked on

2019-04-11 13:38:21 - [TEST_STEP][PASSED] - delay(1): Delayed 1 second(s)

2019-04-11 13:38:22 - [MESSAGE][PASSED] - Delayed 1 second(s)

2019-04-11 13:38:22 - [TEST_STEP][PASSED] - navigateToUrl(Add_Edit_Voter_Import, STOP_ON_FAILURE): Navigate to 'https://am-automation-test.epulsedev2.com/imports/add_voter' successfully

2019-04-11 13:38:23 - [MESSAGE][PASSED] - Navigate to 'https://am-automation-test.epulsedev2.com/imports/add_voter' successfully

2019-04-11 13:38:23 - [TEST_STEP][PASSED] - delay(1): Delayed 1 second(s)

2019-04-11 13:38:24 - [MESSAGE][PASSED] - Delayed 1 second(s)

2019-04-11 13:38:24 - [TEST_STEP][PASSED] - setText(findTestObject("Admin Console ePulse Menu/Account Settings/Prompts/Import Prompts Buttons/Choose File"), "/Users/alonzomack/Downloads/Automation uploads/add_voter.txt"): Text '/Users/alonzomack/Downloads/Automation uploads/add_voter.txt' is set on object 'Object Repository/Admin Console ePulse Menu/Account Settings/Prompts/Import Prompts Buttons/Choose File'

2019-04-11 13:38:24 - [MESSAGE][PASSED] - Text '/Users/alonzomack/Downloads/Automation uploads/add_voter.txt' is set on object 'Object Repository/Admin Console ePulse Menu/Account Settings/Prompts/Import Prompts Buttons/Choose File'

2019-04-11 13:38:24 - [TEST_STEP][PASSED] - click(findTestObject("Admin Console ePulse Menu/Account Settings/Prompts/Import Prompts Buttons/Continue Button")): Object: 'Object Repository/Admin Console ePulse Menu/Account Settings/Prompts/Import Prompts Buttons/Continue Button' is clicked on

2019-04-11 13:38:25 - [MESSAGE][PASSED] - Object: 'Object Repository/Admin Console ePulse Menu/Account Settings/Prompts/Import Prompts Buttons/Continue Button' is clicked on

2019-04-11 13:38:25 - [TEST_STEP][PASSED] - delay(2): Delayed 2 second(s)

2019-04-11 13:38:27 - [MESSAGE][PASSED] - Delayed 2 second(s)

2019-04-11 13:38:27 - [TEST_STEP][PASSED] - click(findTestObject("Admin Console ePulse Menu/Account Settings/Prompts/Import Prompts Buttons/button_Done(working)")): Object: 'Object Repository/Admin Console ePulse Menu/Account Settings/Prompts/Import Prompts Buttons/button_Done(working)' is clicked on

2019-04-11 13:38:28 - [MESSAGE][PASSED] - Object: 'Object Repository/Admin Console ePulse Menu/Account Settings/Prompts/Import Prompts Buttons/button_Done(working)' is clicked on

2019-04-11 13:38:28 - [TEST_STEP][PASSED] - delay(1): Delayed 1 second(s)

2019-04-11 13:38:29 - [MESSAGE][PASSED] - Delayed 1 second(s)

2019-04-11 13:38:29 - [TEST_STEP][PASSED] - closeBrowser(): Browser is closed

2019-04-11 13:38:29 - [MESSAGE][PASSED] - Browser is closed]]></system-out>
         <system-err><![CDATA[]]></system-err>
      </testcase>
      <testcase name="Test Cases/Admin Console/Account Settings/ID Methods()/ID Methods - Add" classname="Test Cases/Admin Console/Account Settings/ID Methods()/ID Methods - Add" status="PASSED">
         <system-out><![CDATA[2019-04-11 13:38:31 - [TEST_CASE][PASSED] - Test Cases/Admin Console/Account Settings/ID Methods()/ID Methods - Add: Test Cases/Admin Console/Account Settings/ID Methods()/ID Methods - Add

2019-04-11 13:38:31 - [TEST_STEP][PASSED] - openBrowser(""): Browser is opened with url: ''

2019-04-11 13:38:31 - [MESSAGE][INFO] - Starting 'Firefox (headless)' driver

2019-04-11 13:38:34 - [MESSAGE][PASSED] - Browser is opened with url: ''

2019-04-11 13:38:34 - [TEST_STEP][PASSED] - navigateToUrl(URL): Navigate to 'https://epulsedev2.com' successfully

2019-04-11 13:38:36 - [MESSAGE][PASSED] - Navigate to 'https://epulsedev2.com' successfully

2019-04-11 13:38:36 - [TEST_STEP][PASSED] - setText(findTestObject("Login/Email Address"), User_email): Text 'alonzo.mack@knowink.com' is set on object 'Object Repository/Login/Email Address'

2019-04-11 13:38:36 - [MESSAGE][PASSED] - Text 'alonzo.mack@knowink.com' is set on object 'Object Repository/Login/Email Address'

2019-04-11 13:38:36 - [TEST_STEP][PASSED] - setEncryptedText(findTestObject("Login/Password"), Pswrd): Text ****** has been set on object 'Object Repository/Login/Password'

2019-04-11 13:38:36 - [MESSAGE][PASSED] - Text ****** has been set on object 'Object Repository/Login/Password'

2019-04-11 13:38:36 - [TEST_STEP][PASSED] - click(findTestObject("Login/Sign In")): Object: 'Object Repository/Login/Sign In' is clicked on

2019-04-11 13:38:37 - [MESSAGE][PASSED] - Object: 'Object Repository/Login/Sign In' is clicked on

2019-04-11 13:38:37 - [TEST_STEP][PASSED] - delay(1): Delayed 1 second(s)

2019-04-11 13:38:38 - [MESSAGE][PASSED] - Delayed 1 second(s)

2019-04-11 13:38:38 - [TEST_STEP][PASSED] - navigateToUrl(voter_id_methods, STOP_ON_FAILURE): Navigate to 'https://am-automation-test.epulsedev2.com/voter_id_methods' successfully

2019-04-11 13:38:39 - [MESSAGE][PASSED] - Navigate to 'https://am-automation-test.epulsedev2.com/voter_id_methods' successfully

2019-04-11 13:38:39 - [TEST_STEP][PASSED] - delay(1): Delayed 1 second(s)

2019-04-11 13:38:40 - [MESSAGE][PASSED] - Delayed 1 second(s)

2019-04-11 13:38:40 - [TEST_STEP][PASSED] - click(findTestObject("Admin Console ePulse Menu/Account Settings/ID Methods/ID Methods Page/Add ID Method Button")): Object: 'Object Repository/Admin Console ePulse Menu/Account Settings/ID Methods/ID Methods Page/Add ID Method Button' is clicked on

2019-04-11 13:38:40 - [MESSAGE][PASSED] - Object: 'Object Repository/Admin Console ePulse Menu/Account Settings/ID Methods/ID Methods Page/Add ID Method Button' is clicked on

2019-04-11 13:38:40 - [TEST_STEP][PASSED] - setText(findTestObject("Admin Console ePulse Menu/Account Settings/ID Methods/New ID Method Modal/Name"), "Drivers License"): Text 'Drivers License' is set on object 'Object Repository/Admin Console ePulse Menu/Account Settings/ID Methods/New ID Method Modal/Name'

2019-04-11 13:38:41 - [MESSAGE][PASSED] - Text 'Drivers License' is set on object 'Object Repository/Admin Console ePulse Menu/Account Settings/ID Methods/New ID Method Modal/Name'

2019-04-11 13:38:41 - [TEST_STEP][PASSED] - setText(findTestObject("Admin Console ePulse Menu/Account Settings/ID Methods/New ID Method Modal/Heading"), "State Drivers License"): Text 'State Drivers License' is set on object 'Object Repository/Admin Console ePulse Menu/Account Settings/ID Methods/New ID Method Modal/Heading'

2019-04-11 13:38:41 - [MESSAGE][PASSED] - Text 'State Drivers License' is set on object 'Object Repository/Admin Console ePulse Menu/Account Settings/ID Methods/New ID Method Modal/Heading'

2019-04-11 13:38:41 - [TEST_STEP][PASSED] - selectOptionByValue(findTestObject("Admin Console ePulse Menu/Account Settings/ID Methods/New ID Method Modal/Select Color"), "1", true): All options with value '1' are selected in object 'Object Repository/Admin Console ePulse Menu/Account Settings/ID Methods/New ID Method Modal/Select Color'  using regular expression

2019-04-11 13:38:41 - [MESSAGE][PASSED] - All options with value '1' are selected in object 'Object Repository/Admin Console ePulse Menu/Account Settings/ID Methods/New ID Method Modal/Select Color'  using regular expression

2019-04-11 13:38:41 - [TEST_STEP][PASSED] - setText(findTestObject("Admin Console ePulse Menu/Account Settings/ID Methods/New ID Method Modal/Instructions"), "State Drivers License"): Text 'State Drivers License' is set on object 'Object Repository/Admin Console ePulse Menu/Account Settings/ID Methods/New ID Method Modal/Instructions'

2019-04-11 13:38:41 - [MESSAGE][PASSED] - Text 'State Drivers License' is set on object 'Object Repository/Admin Console ePulse Menu/Account Settings/ID Methods/New ID Method Modal/Instructions'

2019-04-11 13:38:41 - [TEST_STEP][PASSED] - setText(findTestObject("Admin Console ePulse Menu/Account Settings/ID Methods/New ID Method Modal/Order"), "1"): Text '1' is set on object 'Object Repository/Admin Console ePulse Menu/Account Settings/ID Methods/New ID Method Modal/Order'

2019-04-11 13:38:41 - [MESSAGE][PASSED] - Text '1' is set on object 'Object Repository/Admin Console ePulse Menu/Account Settings/ID Methods/New ID Method Modal/Order'

2019-04-11 13:38:41 - [TEST_STEP][PASSED] - click(findTestObject("Admin Console ePulse Menu/Account Settings/ID Methods/New ID Method Modal/Show Does Name Match_slider")): Object: 'Object Repository/Admin Console ePulse Menu/Account Settings/ID Methods/New ID Method Modal/Show Does Name Match_slider' is clicked on

2019-04-11 13:38:42 - [MESSAGE][PASSED] - Object: 'Object Repository/Admin Console ePulse Menu/Account Settings/ID Methods/New ID Method Modal/Show Does Name Match_slider' is clicked on

2019-04-11 13:38:42 - [TEST_STEP][PASSED] - click(findTestObject("Admin Console ePulse Menu/Account Settings/ID Methods/New ID Method Modal/Show Does Address Match_slider"), STOP_ON_FAILURE): Object: 'Object Repository/Admin Console ePulse Menu/Account Settings/ID Methods/New ID Method Modal/Show Does Address Match_slider' is clicked on

2019-04-11 13:38:42 - [MESSAGE][PASSED] - Object: 'Object Repository/Admin Console ePulse Menu/Account Settings/ID Methods/New ID Method Modal/Show Does Address Match_slider' is clicked on

2019-04-11 13:38:42 - [TEST_STEP][PASSED] - click(findTestObject("Admin Console ePulse Menu/Account Settings/ID Methods/New ID Method Modal/Show is ID Expired_slider"), STOP_ON_FAILURE): Object: 'Object Repository/Admin Console ePulse Menu/Account Settings/ID Methods/New ID Method Modal/Show is ID Expired_slider' is clicked on

2019-04-11 13:38:42 - [MESSAGE][PASSED] - Object: 'Object Repository/Admin Console ePulse Menu/Account Settings/ID Methods/New ID Method Modal/Show is ID Expired_slider' is clicked on

2019-04-11 13:38:42 - [TEST_STEP][PASSED] - setText(findTestObject("Admin Console ePulse Menu/Account Settings/ID Methods/New ID Method Modal/Page_Epulse  am-Automation-test/Incorrect Heading"), "No Drivers License?"): Text 'No Drivers License?' is set on object 'Object Repository/Admin Console ePulse Menu/Account Settings/ID Methods/New ID Method Modal/Page_Epulse  am-Automation-test/Incorrect Heading'

2019-04-11 13:38:42 - [MESSAGE][PASSED] - Text 'No Drivers License?' is set on object 'Object Repository/Admin Console ePulse Menu/Account Settings/ID Methods/New ID Method Modal/Page_Epulse  am-Automation-test/Incorrect Heading'

2019-04-11 13:38:42 - [TEST_STEP][PASSED] - setText(findTestObject("Admin Console ePulse Menu/Account Settings/ID Methods/New ID Method Modal/Page_Epulse  am-Automation-test/Incorrect Instructions"), "Vote Provisional"): Text 'Vote Provisional' is set on object 'Object Repository/Admin Console ePulse Menu/Account Settings/ID Methods/New ID Method Modal/Page_Epulse  am-Automation-test/Incorrect Instructions'

2019-04-11 13:38:42 - [MESSAGE][PASSED] - Text 'Vote Provisional' is set on object 'Object Repository/Admin Console ePulse Menu/Account Settings/ID Methods/New ID Method Modal/Page_Epulse  am-Automation-test/Incorrect Instructions'

2019-04-11 13:38:42 - [TEST_STEP][PASSED] - click(findTestObject("Admin Console ePulse Menu/Account Settings/ID Methods/New ID Method Modal/Submit"), STOP_ON_FAILURE): Object: 'Object Repository/Admin Console ePulse Menu/Account Settings/ID Methods/New ID Method Modal/Submit' is clicked on

2019-04-11 13:38:42 - [MESSAGE][PASSED] - Object: 'Object Repository/Admin Console ePulse Menu/Account Settings/ID Methods/New ID Method Modal/Submit' is clicked on]]></system-out>
         <system-err><![CDATA[]]></system-err>
      </testcase>
      <testcase name="Test Cases/Admin Console/Account Settings/ID Methods()/ID Methods - ALT Button" classname="Test Cases/Admin Console/Account Settings/ID Methods()/ID Methods - ALT Button" status="PASSED">
         <system-out><![CDATA[2019-04-11 13:38:45 - [TEST_CASE][PASSED] - Test Cases/Admin Console/Account Settings/ID Methods()/ID Methods - ALT Button: Test Cases/Admin Console/Account Settings/ID Methods()/ID Methods - ALT Button

2019-04-11 13:38:45 - [TEST_STEP][PASSED] - openBrowser(""): Browser is opened with url: ''

2019-04-11 13:38:45 - [MESSAGE][WARNING] - A browser is already opened. Closing browser and opening a new one

2019-04-11 13:38:46 - [MESSAGE][INFO] - Starting 'Firefox (headless)' driver

2019-04-11 13:38:49 - [MESSAGE][PASSED] - Browser is opened with url: ''

2019-04-11 13:38:49 - [TEST_STEP][PASSED] - navigateToUrl(URL): Navigate to 'https://epulsedev2.com' successfully

2019-04-11 13:38:51 - [MESSAGE][PASSED] - Navigate to 'https://epulsedev2.com' successfully

2019-04-11 13:38:51 - [TEST_STEP][PASSED] - setText(findTestObject("Login/Email Address"), User_email): Text 'alonzo.mack@knowink.com' is set on object 'Object Repository/Login/Email Address'

2019-04-11 13:38:51 - [MESSAGE][PASSED] - Text 'alonzo.mack@knowink.com' is set on object 'Object Repository/Login/Email Address'

2019-04-11 13:38:51 - [TEST_STEP][PASSED] - setEncryptedText(findTestObject("Login/Password"), Pswrd): Text ****** has been set on object 'Object Repository/Login/Password'

2019-04-11 13:38:51 - [MESSAGE][PASSED] - Text ****** has been set on object 'Object Repository/Login/Password'

2019-04-11 13:38:51 - [TEST_STEP][PASSED] - click(findTestObject("Login/Sign In")): Object: 'Object Repository/Login/Sign In' is clicked on

2019-04-11 13:38:52 - [MESSAGE][PASSED] - Object: 'Object Repository/Login/Sign In' is clicked on

2019-04-11 13:38:52 - [TEST_STEP][PASSED] - delay(1): Delayed 1 second(s)

2019-04-11 13:38:53 - [MESSAGE][PASSED] - Delayed 1 second(s)

2019-04-11 13:38:53 - [TEST_STEP][PASSED] - navigateToUrl(voter_id_methods, STOP_ON_FAILURE): Navigate to 'https://am-automation-test.epulsedev2.com/voter_id_methods' successfully

2019-04-11 13:38:53 - [MESSAGE][PASSED] - Navigate to 'https://am-automation-test.epulsedev2.com/voter_id_methods' successfully

2019-04-11 13:38:53 - [TEST_STEP][PASSED] - delay(1): Delayed 1 second(s)

2019-04-11 13:38:54 - [MESSAGE][PASSED] - Delayed 1 second(s)

2019-04-11 13:38:54 - [TEST_STEP][PASSED] - click(findTestObject("Admin Console ePulse Menu/Account Settings/ID Methods/ID Methods Page/Page_Epulse  am-Automation-test/Alt. Buttons")): Object: 'Object Repository/Admin Console ePulse Menu/Account Settings/ID Methods/ID Methods Page/Page_Epulse  am-Automation-test/Alt. Buttons' is clicked on

2019-04-11 13:38:55 - [MESSAGE][PASSED] - Object: 'Object Repository/Admin Console ePulse Menu/Account Settings/ID Methods/ID Methods Page/Page_Epulse  am-Automation-test/Alt. Buttons' is clicked on

2019-04-11 13:38:55 - [TEST_STEP][PASSED] - delay(1): Delayed 1 second(s)

2019-04-11 13:38:56 - [MESSAGE][PASSED] - Delayed 1 second(s)

2019-04-11 13:38:56 - [TEST_STEP][PASSED] - setText(findTestObject("Admin Console ePulse Menu/Account Settings/ID Methods/Buttons/Button Label"), "test"): Text 'test' is set on object 'Object Repository/Admin Console ePulse Menu/Account Settings/ID Methods/Buttons/Button Label'

2019-04-11 13:38:56 - [MESSAGE][PASSED] - Text 'test' is set on object 'Object Repository/Admin Console ePulse Menu/Account Settings/ID Methods/Buttons/Button Label'

2019-04-11 13:38:56 - [TEST_STEP][PASSED] - delay(1): Delayed 1 second(s)

2019-04-11 13:38:57 - [MESSAGE][PASSED] - Delayed 1 second(s)

2019-04-11 13:38:57 - [TEST_STEP][PASSED] - selectOptionByValue(findTestObject("Admin Console ePulse Menu/Account Settings/ID Methods/Buttons/Button Type"), "0", true): All options with value '0' are selected in object 'Object Repository/Admin Console ePulse Menu/Account Settings/ID Methods/Buttons/Button Type'  using regular expression

2019-04-11 13:38:57 - [MESSAGE][PASSED] - All options with value '0' are selected in object 'Object Repository/Admin Console ePulse Menu/Account Settings/ID Methods/Buttons/Button Type'  using regular expression

2019-04-11 13:38:57 - [TEST_STEP][PASSED] - delay(1): Delayed 1 second(s)

2019-04-11 13:38:58 - [MESSAGE][PASSED] - Delayed 1 second(s)

2019-04-11 13:38:58 - [TEST_STEP][PASSED] - click(findTestObject("Admin Console ePulse Menu/Account Settings/ID Methods/Buttons/Add Button(blue  sign)")): Object: 'Object Repository/Admin Console ePulse Menu/Account Settings/ID Methods/Buttons/Add Button(blue  sign)' is clicked on

2019-04-11 13:38:59 - [MESSAGE][PASSED] - Object: 'Object Repository/Admin Console ePulse Menu/Account Settings/ID Methods/Buttons/Add Button(blue  sign)' is clicked on

2019-04-11 13:38:59 - [TEST_STEP][PASSED] - delay(1): Delayed 1 second(s)

2019-04-11 13:39:00 - [MESSAGE][PASSED] - Delayed 1 second(s)

2019-04-11 13:39:00 - [TEST_STEP][PASSED] - setText(findTestObject("Admin Console ePulse Menu/Account Settings/ID Methods/Buttons/Button Label"), "1test"): Text '1test' is set on object 'Object Repository/Admin Console ePulse Menu/Account Settings/ID Methods/Buttons/Button Label'

2019-04-11 13:39:00 - [MESSAGE][PASSED] - Text '1test' is set on object 'Object Repository/Admin Console ePulse Menu/Account Settings/ID Methods/Buttons/Button Label'

2019-04-11 13:39:00 - [TEST_STEP][PASSED] - delay(1): Delayed 1 second(s)

2019-04-11 13:39:01 - [MESSAGE][PASSED] - Delayed 1 second(s)

2019-04-11 13:39:01 - [TEST_STEP][PASSED] - selectOptionByValue(findTestObject("Admin Console ePulse Menu/Account Settings/ID Methods/Buttons/Button Type"), "1", true): All options with value '1' are selected in object 'Object Repository/Admin Console ePulse Menu/Account Settings/ID Methods/Buttons/Button Type'  using regular expression

2019-04-11 13:39:01 - [MESSAGE][PASSED] - All options with value '1' are selected in object 'Object Repository/Admin Console ePulse Menu/Account Settings/ID Methods/Buttons/Button Type'  using regular expression

2019-04-11 13:39:01 - [TEST_STEP][PASSED] - setText(findTestObject("Admin Console ePulse Menu/Account Settings/ID Methods/Buttons/Additional text field"), "Allow to vote", STOP_ON_FAILURE): Text 'Allow to vote' is set on object 'Object Repository/Admin Console ePulse Menu/Account Settings/ID Methods/Buttons/Additional text field'

2019-04-11 13:39:01 - [MESSAGE][PASSED] - Text 'Allow to vote' is set on object 'Object Repository/Admin Console ePulse Menu/Account Settings/ID Methods/Buttons/Additional text field'

2019-04-11 13:39:01 - [TEST_STEP][PASSED] - delay(1): Delayed 1 second(s)

2019-04-11 13:39:02 - [MESSAGE][PASSED] - Delayed 1 second(s)

2019-04-11 13:39:02 - [TEST_STEP][PASSED] - click(findTestObject("Admin Console ePulse Menu/Account Settings/ID Methods/Buttons/Add Button(blue  sign)")): Object: 'Object Repository/Admin Console ePulse Menu/Account Settings/ID Methods/Buttons/Add Button(blue  sign)' is clicked on

2019-04-11 13:39:02 - [MESSAGE][PASSED] - Object: 'Object Repository/Admin Console ePulse Menu/Account Settings/ID Methods/Buttons/Add Button(blue  sign)' is clicked on

2019-04-11 13:39:02 - [TEST_STEP][PASSED] - delay(1): Delayed 1 second(s)

2019-04-11 13:39:03 - [MESSAGE][PASSED] - Delayed 1 second(s)

2019-04-11 13:39:03 - [TEST_STEP][PASSED] - setText(findTestObject("Admin Console ePulse Menu/Account Settings/ID Methods/Buttons/Button Label"), "2test"): Text '2test' is set on object 'Object Repository/Admin Console ePulse Menu/Account Settings/ID Methods/Buttons/Button Label'

2019-04-11 13:39:03 - [MESSAGE][PASSED] - Text '2test' is set on object 'Object Repository/Admin Console ePulse Menu/Account Settings/ID Methods/Buttons/Button Label'

2019-04-11 13:39:03 - [TEST_STEP][PASSED] - delay(1): Delayed 1 second(s)

2019-04-11 13:39:04 - [MESSAGE][PASSED] - Delayed 1 second(s)

2019-04-11 13:39:04 - [TEST_STEP][PASSED] - selectOptionByValue(findTestObject("Admin Console ePulse Menu/Account Settings/ID Methods/Buttons/Button Type"), "2", true): All options with value '2' are selected in object 'Object Repository/Admin Console ePulse Menu/Account Settings/ID Methods/Buttons/Button Type'  using regular expression

2019-04-11 13:39:05 - [MESSAGE][PASSED] - All options with value '2' are selected in object 'Object Repository/Admin Console ePulse Menu/Account Settings/ID Methods/Buttons/Button Type'  using regular expression

2019-04-11 13:39:05 - [TEST_STEP][PASSED] - delay(1): Delayed 1 second(s)

2019-04-11 13:39:06 - [MESSAGE][PASSED] - Delayed 1 second(s)

2019-04-11 13:39:06 - [TEST_STEP][PASSED] - setText(findTestObject("Admin Console ePulse Menu/Account Settings/ID Methods/Buttons/Additional text field"), "asdf"): Text 'asdf' is set on object 'Object Repository/Admin Console ePulse Menu/Account Settings/ID Methods/Buttons/Additional text field'

2019-04-11 13:39:06 - [MESSAGE][PASSED] - Text 'asdf' is set on object 'Object Repository/Admin Console ePulse Menu/Account Settings/ID Methods/Buttons/Additional text field'

2019-04-11 13:39:06 - [TEST_STEP][PASSED] - delay(1): Delayed 1 second(s)

2019-04-11 13:39:07 - [MESSAGE][PASSED] - Delayed 1 second(s)

2019-04-11 13:39:07 - [TEST_STEP][PASSED] - click(findTestObject("Admin Console ePulse Menu/Account Settings/ID Methods/Buttons/Add Button(blue  sign)")): Object: 'Object Repository/Admin Console ePulse Menu/Account Settings/ID Methods/Buttons/Add Button(blue  sign)' is clicked on

2019-04-11 13:39:07 - [MESSAGE][PASSED] - Object: 'Object Repository/Admin Console ePulse Menu/Account Settings/ID Methods/Buttons/Add Button(blue  sign)' is clicked on

2019-04-11 13:39:07 - [TEST_STEP][PASSED] - delay(1): Delayed 1 second(s)

2019-04-11 13:39:08 - [MESSAGE][PASSED] - Delayed 1 second(s)

2019-04-11 13:39:08 - [TEST_STEP][PASSED] - setText(findTestObject("Admin Console ePulse Menu/Account Settings/ID Methods/Buttons/Button Label"), "3test"): Text '3test' is set on object 'Object Repository/Admin Console ePulse Menu/Account Settings/ID Methods/Buttons/Button Label'

2019-04-11 13:39:08 - [MESSAGE][PASSED] - Text '3test' is set on object 'Object Repository/Admin Console ePulse Menu/Account Settings/ID Methods/Buttons/Button Label'

2019-04-11 13:39:08 - [TEST_STEP][PASSED] - delay(1): Delayed 1 second(s)

2019-04-11 13:39:09 - [MESSAGE][PASSED] - Delayed 1 second(s)

2019-04-11 13:39:09 - [TEST_STEP][PASSED] - selectOptionByValue(findTestObject("Admin Console ePulse Menu/Account Settings/ID Methods/Buttons/Button Type"), "3", true): All options with value '3' are selected in object 'Object Repository/Admin Console ePulse Menu/Account Settings/ID Methods/Buttons/Button Type'  using regular expression

2019-04-11 13:39:10 - [MESSAGE][PASSED] - All options with value '3' are selected in object 'Object Repository/Admin Console ePulse Menu/Account Settings/ID Methods/Buttons/Button Type'  using regular expression

2019-04-11 13:39:10 - [TEST_STEP][PASSED] - delay(1): Delayed 1 second(s)

2019-04-11 13:39:11 - [MESSAGE][PASSED] - Delayed 1 second(s)

2019-04-11 13:39:11 - [TEST_STEP][PASSED] - click(findTestObject("Admin Console ePulse Menu/Account Settings/ID Methods/Buttons/Add Button(blue  sign)")): Object: 'Object Repository/Admin Console ePulse Menu/Account Settings/ID Methods/Buttons/Add Button(blue  sign)' is clicked on

2019-04-11 13:39:11 - [MESSAGE][PASSED] - Object: 'Object Repository/Admin Console ePulse Menu/Account Settings/ID Methods/Buttons/Add Button(blue  sign)' is clicked on

2019-04-11 13:39:11 - [TEST_STEP][PASSED] - delay(1): Delayed 1 second(s)

2019-04-11 13:39:12 - [MESSAGE][PASSED] - Delayed 1 second(s)

2019-04-11 13:39:12 - [TEST_STEP][PASSED] - setText(findTestObject("Admin Console ePulse Menu/Account Settings/ID Methods/Buttons/Button Label"), "4test"): Text '4test' is set on object 'Object Repository/Admin Console ePulse Menu/Account Settings/ID Methods/Buttons/Button Label'

2019-04-11 13:39:12 - [MESSAGE][PASSED] - Text '4test' is set on object 'Object Repository/Admin Console ePulse Menu/Account Settings/ID Methods/Buttons/Button Label'

2019-04-11 13:39:12 - [TEST_STEP][PASSED] - delay(1): Delayed 1 second(s)

2019-04-11 13:39:13 - [MESSAGE][PASSED] - Delayed 1 second(s)

2019-04-11 13:39:13 - [TEST_STEP][PASSED] - selectOptionByValue(findTestObject("Admin Console ePulse Menu/Account Settings/ID Methods/Buttons/Button Type"), "4", true): All options with value '4' are selected in object 'Object Repository/Admin Console ePulse Menu/Account Settings/ID Methods/Buttons/Button Type'  using regular expression

2019-04-11 13:39:13 - [MESSAGE][PASSED] - All options with value '4' are selected in object 'Object Repository/Admin Console ePulse Menu/Account Settings/ID Methods/Buttons/Button Type'  using regular expression

2019-04-11 13:39:13 - [TEST_STEP][PASSED] - delay(1): Delayed 1 second(s)

2019-04-11 13:39:14 - [MESSAGE][PASSED] - Delayed 1 second(s)

2019-04-11 13:39:14 - [TEST_STEP][PASSED] - click(findTestObject("Admin Console ePulse Menu/Account Settings/ID Methods/Buttons/Add Button(blue  sign)")): Object: 'Object Repository/Admin Console ePulse Menu/Account Settings/ID Methods/Buttons/Add Button(blue  sign)' is clicked on

2019-04-11 13:39:15 - [MESSAGE][PASSED] - Object: 'Object Repository/Admin Console ePulse Menu/Account Settings/ID Methods/Buttons/Add Button(blue  sign)' is clicked on

2019-04-11 13:39:15 - [TEST_STEP][PASSED] - delay(1): Delayed 1 second(s)

2019-04-11 13:39:16 - [MESSAGE][PASSED] - Delayed 1 second(s)

2019-04-11 13:39:16 - [TEST_STEP][PASSED] - setText(findTestObject("Admin Console ePulse Menu/Account Settings/ID Methods/Buttons/Button Label"), "5test"): Text '5test' is set on object 'Object Repository/Admin Console ePulse Menu/Account Settings/ID Methods/Buttons/Button Label'

2019-04-11 13:39:16 - [MESSAGE][PASSED] - Text '5test' is set on object 'Object Repository/Admin Console ePulse Menu/Account Settings/ID Methods/Buttons/Button Label'

2019-04-11 13:39:16 - [TEST_STEP][PASSED] - delay(1): Delayed 1 second(s)

2019-04-11 13:39:17 - [MESSAGE][PASSED] - Delayed 1 second(s)

2019-04-11 13:39:17 - [TEST_STEP][PASSED] - selectOptionByValue(findTestObject("Admin Console ePulse Menu/Account Settings/ID Methods/Buttons/Button Type"), "5", true): All options with value '5' are selected in object 'Object Repository/Admin Console ePulse Menu/Account Settings/ID Methods/Buttons/Button Type'  using regular expression

2019-04-11 13:39:17 - [MESSAGE][PASSED] - All options with value '5' are selected in object 'Object Repository/Admin Console ePulse Menu/Account Settings/ID Methods/Buttons/Button Type'  using regular expression

2019-04-11 13:39:17 - [TEST_STEP][PASSED] - delay(1): Delayed 1 second(s)

2019-04-11 13:39:18 - [MESSAGE][PASSED] - Delayed 1 second(s)

2019-04-11 13:39:18 - [TEST_STEP][PASSED] - click(findTestObject("Admin Console ePulse Menu/Account Settings/ID Methods/Buttons/Add Button(blue  sign)")): Object: 'Object Repository/Admin Console ePulse Menu/Account Settings/ID Methods/Buttons/Add Button(blue  sign)' is clicked on

2019-04-11 13:39:18 - [MESSAGE][PASSED] - Object: 'Object Repository/Admin Console ePulse Menu/Account Settings/ID Methods/Buttons/Add Button(blue  sign)' is clicked on

2019-04-11 13:39:18 - [TEST_STEP][PASSED] - delay(1): Delayed 1 second(s)

2019-04-11 13:39:19 - [MESSAGE][PASSED] - Delayed 1 second(s)

2019-04-11 13:39:19 - [TEST_STEP][PASSED] - click(findTestObject("Admin Console ePulse Menu/Account Settings/Prompts/Prompt Button Modal/Close Button")): Object: 'Object Repository/Admin Console ePulse Menu/Account Settings/Prompts/Prompt Button Modal/Close Button' is clicked on

2019-04-11 13:39:20 - [MESSAGE][PASSED] - Object: 'Object Repository/Admin Console ePulse Menu/Account Settings/Prompts/Prompt Button Modal/Close Button' is clicked on

2019-04-11 13:39:20 - [TEST_STEP][PASSED] - delay(1): Delayed 1 second(s)

2019-04-11 13:39:21 - [MESSAGE][PASSED] - Delayed 1 second(s)

2019-04-11 13:39:21 - [TEST_STEP][PASSED] - closeBrowser(): Browser is closed

2019-04-11 13:39:21 - [MESSAGE][PASSED] - Browser is closed]]></system-out>
         <system-err><![CDATA[]]></system-err>
      </testcase>
      <testcase name="Test Cases/Admin Console/Account Settings/ID Methods()/ID Methods - Button" classname="Test Cases/Admin Console/Account Settings/ID Methods()/ID Methods - Button" status="PASSED">
         <system-out><![CDATA[2019-04-11 13:39:23 - [TEST_CASE][PASSED] - Test Cases/Admin Console/Account Settings/ID Methods()/ID Methods - Button: Test Cases/Admin Console/Account Settings/ID Methods()/ID Methods - Button

2019-04-11 13:39:24 - [TEST_STEP][PASSED] - openBrowser(""): Browser is opened with url: ''

2019-04-11 13:39:24 - [MESSAGE][INFO] - Starting 'Firefox (headless)' driver

2019-04-11 13:39:26 - [MESSAGE][PASSED] - Browser is opened with url: ''

2019-04-11 13:39:26 - [TEST_STEP][PASSED] - navigateToUrl(URL): Navigate to 'https://epulsedev2.com' successfully

2019-04-11 13:39:28 - [MESSAGE][PASSED] - Navigate to 'https://epulsedev2.com' successfully

2019-04-11 13:39:28 - [TEST_STEP][PASSED] - setText(findTestObject("Login/Email Address"), User_email): Text 'alonzo.mack@knowink.com' is set on object 'Object Repository/Login/Email Address'

2019-04-11 13:39:28 - [MESSAGE][PASSED] - Text 'alonzo.mack@knowink.com' is set on object 'Object Repository/Login/Email Address'

2019-04-11 13:39:28 - [TEST_STEP][PASSED] - setEncryptedText(findTestObject("Login/Password"), Pswrd): Text ****** has been set on object 'Object Repository/Login/Password'

2019-04-11 13:39:28 - [MESSAGE][PASSED] - Text ****** has been set on object 'Object Repository/Login/Password'

2019-04-11 13:39:28 - [TEST_STEP][PASSED] - click(findTestObject("Login/Sign In")): Object: 'Object Repository/Login/Sign In' is clicked on

2019-04-11 13:39:29 - [MESSAGE][PASSED] - Object: 'Object Repository/Login/Sign In' is clicked on

2019-04-11 13:39:29 - [TEST_STEP][PASSED] - delay(1): Delayed 1 second(s)

2019-04-11 13:39:30 - [MESSAGE][PASSED] - Delayed 1 second(s)

2019-04-11 13:39:30 - [TEST_STEP][PASSED] - navigateToUrl(voter_id_methods, STOP_ON_FAILURE): Navigate to 'https://am-automation-test.epulsedev2.com/voter_id_methods' successfully

2019-04-11 13:39:31 - [MESSAGE][PASSED] - Navigate to 'https://am-automation-test.epulsedev2.com/voter_id_methods' successfully

2019-04-11 13:39:31 - [TEST_STEP][PASSED] - delay(1): Delayed 1 second(s)

2019-04-11 13:39:32 - [MESSAGE][PASSED] - Delayed 1 second(s)

2019-04-11 13:39:32 - [TEST_STEP][PASSED] - click(findTestObject("Admin Console ePulse Menu/Account Settings/ID Methods/ID Methods Page/Page_Epulse  am-Automation-test/Buttons")): Object: 'Object Repository/Admin Console ePulse Menu/Account Settings/ID Methods/ID Methods Page/Page_Epulse  am-Automation-test/Buttons' is clicked on

2019-04-11 13:39:32 - [MESSAGE][PASSED] - Object: 'Object Repository/Admin Console ePulse Menu/Account Settings/ID Methods/ID Methods Page/Page_Epulse  am-Automation-test/Buttons' is clicked on

2019-04-11 13:39:32 - [TEST_STEP][PASSED] - delay(1): Delayed 1 second(s)

2019-04-11 13:39:33 - [MESSAGE][PASSED] - Delayed 1 second(s)

2019-04-11 13:39:33 - [TEST_STEP][PASSED] - setText(findTestObject("Admin Console ePulse Menu/Account Settings/ID Methods/Buttons/Button Label"), "test"): Text 'test' is set on object 'Object Repository/Admin Console ePulse Menu/Account Settings/ID Methods/Buttons/Button Label'

2019-04-11 13:39:33 - [MESSAGE][PASSED] - Text 'test' is set on object 'Object Repository/Admin Console ePulse Menu/Account Settings/ID Methods/Buttons/Button Label'

2019-04-11 13:39:33 - [TEST_STEP][PASSED] - delay(1): Delayed 1 second(s)

2019-04-11 13:39:34 - [MESSAGE][PASSED] - Delayed 1 second(s)

2019-04-11 13:39:34 - [TEST_STEP][PASSED] - selectOptionByValue(findTestObject("Admin Console ePulse Menu/Account Settings/ID Methods/Buttons/Button Type"), "0", true): All options with value '0' are selected in object 'Object Repository/Admin Console ePulse Menu/Account Settings/ID Methods/Buttons/Button Type'  using regular expression

2019-04-11 13:39:34 - [MESSAGE][PASSED] - All options with value '0' are selected in object 'Object Repository/Admin Console ePulse Menu/Account Settings/ID Methods/Buttons/Button Type'  using regular expression

2019-04-11 13:39:34 - [TEST_STEP][PASSED] - delay(1): Delayed 1 second(s)

2019-04-11 13:39:35 - [MESSAGE][PASSED] - Delayed 1 second(s)

2019-04-11 13:39:35 - [TEST_STEP][PASSED] - click(findTestObject("Admin Console ePulse Menu/Account Settings/ID Methods/Buttons/Add Button(blue  sign)")): Object: 'Object Repository/Admin Console ePulse Menu/Account Settings/ID Methods/Buttons/Add Button(blue  sign)' is clicked on

2019-04-11 13:39:36 - [MESSAGE][PASSED] - Object: 'Object Repository/Admin Console ePulse Menu/Account Settings/ID Methods/Buttons/Add Button(blue  sign)' is clicked on

2019-04-11 13:39:36 - [TEST_STEP][PASSED] - delay(1): Delayed 1 second(s)

2019-04-11 13:39:37 - [MESSAGE][PASSED] - Delayed 1 second(s)

2019-04-11 13:39:37 - [TEST_STEP][PASSED] - setText(findTestObject("Admin Console ePulse Menu/Account Settings/ID Methods/Buttons/Button Label"), "1test"): Text '1test' is set on object 'Object Repository/Admin Console ePulse Menu/Account Settings/ID Methods/Buttons/Button Label'

2019-04-11 13:39:37 - [MESSAGE][PASSED] - Text '1test' is set on object 'Object Repository/Admin Console ePulse Menu/Account Settings/ID Methods/Buttons/Button Label'

2019-04-11 13:39:37 - [TEST_STEP][PASSED] - delay(1): Delayed 1 second(s)

2019-04-11 13:39:38 - [MESSAGE][PASSED] - Delayed 1 second(s)

2019-04-11 13:39:38 - [TEST_STEP][PASSED] - selectOptionByValue(findTestObject("Admin Console ePulse Menu/Account Settings/ID Methods/Buttons/Button Type"), "1", true): All options with value '1' are selected in object 'Object Repository/Admin Console ePulse Menu/Account Settings/ID Methods/Buttons/Button Type'  using regular expression

2019-04-11 13:39:38 - [MESSAGE][PASSED] - All options with value '1' are selected in object 'Object Repository/Admin Console ePulse Menu/Account Settings/ID Methods/Buttons/Button Type'  using regular expression

2019-04-11 13:39:38 - [TEST_STEP][PASSED] - setText(findTestObject("Admin Console ePulse Menu/Account Settings/ID Methods/Buttons/Additional text field"), "Allow to vote", STOP_ON_FAILURE): Text 'Allow to vote' is set on object 'Object Repository/Admin Console ePulse Menu/Account Settings/ID Methods/Buttons/Additional text field'

2019-04-11 13:39:38 - [MESSAGE][PASSED] - Text 'Allow to vote' is set on object 'Object Repository/Admin Console ePulse Menu/Account Settings/ID Methods/Buttons/Additional text field'

2019-04-11 13:39:38 - [TEST_STEP][PASSED] - delay(1): Delayed 1 second(s)

2019-04-11 13:39:39 - [MESSAGE][PASSED] - Delayed 1 second(s)

2019-04-11 13:39:39 - [TEST_STEP][PASSED] - click(findTestObject("Admin Console ePulse Menu/Account Settings/ID Methods/Buttons/Add Button(blue  sign)")): Object: 'Object Repository/Admin Console ePulse Menu/Account Settings/ID Methods/Buttons/Add Button(blue  sign)' is clicked on

2019-04-11 13:39:39 - [MESSAGE][PASSED] - Object: 'Object Repository/Admin Console ePulse Menu/Account Settings/ID Methods/Buttons/Add Button(blue  sign)' is clicked on

2019-04-11 13:39:39 - [TEST_STEP][PASSED] - delay(1): Delayed 1 second(s)

2019-04-11 13:39:40 - [MESSAGE][PASSED] - Delayed 1 second(s)

2019-04-11 13:39:40 - [TEST_STEP][PASSED] - setText(findTestObject("Admin Console ePulse Menu/Account Settings/ID Methods/Buttons/Button Label"), "2test"): Text '2test' is set on object 'Object Repository/Admin Console ePulse Menu/Account Settings/ID Methods/Buttons/Button Label'

2019-04-11 13:39:40 - [MESSAGE][PASSED] - Text '2test' is set on object 'Object Repository/Admin Console ePulse Menu/Account Settings/ID Methods/Buttons/Button Label'

2019-04-11 13:39:40 - [TEST_STEP][PASSED] - delay(1): Delayed 1 second(s)

2019-04-11 13:39:41 - [MESSAGE][PASSED] - Delayed 1 second(s)

2019-04-11 13:39:41 - [TEST_STEP][PASSED] - selectOptionByValue(findTestObject("Admin Console ePulse Menu/Account Settings/ID Methods/Buttons/Button Type"), "2", true): All options with value '2' are selected in object 'Object Repository/Admin Console ePulse Menu/Account Settings/ID Methods/Buttons/Button Type'  using regular expression

2019-04-11 13:39:42 - [MESSAGE][PASSED] - All options with value '2' are selected in object 'Object Repository/Admin Console ePulse Menu/Account Settings/ID Methods/Buttons/Button Type'  using regular expression

2019-04-11 13:39:42 - [TEST_STEP][PASSED] - delay(1): Delayed 1 second(s)

2019-04-11 13:39:43 - [MESSAGE][PASSED] - Delayed 1 second(s)

2019-04-11 13:39:43 - [TEST_STEP][PASSED] - setText(findTestObject("Admin Console ePulse Menu/Account Settings/ID Methods/Buttons/Additional text field"), "asdf"): Text 'asdf' is set on object 'Object Repository/Admin Console ePulse Menu/Account Settings/ID Methods/Buttons/Additional text field'

2019-04-11 13:39:43 - [MESSAGE][PASSED] - Text 'asdf' is set on object 'Object Repository/Admin Console ePulse Menu/Account Settings/ID Methods/Buttons/Additional text field'

2019-04-11 13:39:43 - [TEST_STEP][PASSED] - delay(1): Delayed 1 second(s)

2019-04-11 13:39:44 - [MESSAGE][PASSED] - Delayed 1 second(s)

2019-04-11 13:39:44 - [TEST_STEP][PASSED] - click(findTestObject("Admin Console ePulse Menu/Account Settings/ID Methods/Buttons/Add Button(blue  sign)")): Object: 'Object Repository/Admin Console ePulse Menu/Account Settings/ID Methods/Buttons/Add Button(blue  sign)' is clicked on

2019-04-11 13:39:44 - [MESSAGE][PASSED] - Object: 'Object Repository/Admin Console ePulse Menu/Account Settings/ID Methods/Buttons/Add Button(blue  sign)' is clicked on

2019-04-11 13:39:44 - [TEST_STEP][PASSED] - delay(1): Delayed 1 second(s)

2019-04-11 13:39:45 - [MESSAGE][PASSED] - Delayed 1 second(s)

2019-04-11 13:39:45 - [TEST_STEP][PASSED] - setText(findTestObject("Admin Console ePulse Menu/Account Settings/ID Methods/Buttons/Button Label"), "3test"): Text '3test' is set on object 'Object Repository/Admin Console ePulse Menu/Account Settings/ID Methods/Buttons/Button Label'

2019-04-11 13:39:45 - [MESSAGE][PASSED] - Text '3test' is set on object 'Object Repository/Admin Console ePulse Menu/Account Settings/ID Methods/Buttons/Button Label'

2019-04-11 13:39:45 - [TEST_STEP][PASSED] - delay(1): Delayed 1 second(s)

2019-04-11 13:39:46 - [MESSAGE][PASSED] - Delayed 1 second(s)

2019-04-11 13:39:46 - [TEST_STEP][PASSED] - selectOptionByValue(findTestObject("Admin Console ePulse Menu/Account Settings/ID Methods/Buttons/Button Type"), "3", true): All options with value '3' are selected in object 'Object Repository/Admin Console ePulse Menu/Account Settings/ID Methods/Buttons/Button Type'  using regular expression

2019-04-11 13:39:47 - [MESSAGE][PASSED] - All options with value '3' are selected in object 'Object Repository/Admin Console ePulse Menu/Account Settings/ID Methods/Buttons/Button Type'  using regular expression

2019-04-11 13:39:47 - [TEST_STEP][PASSED] - delay(1): Delayed 1 second(s)

2019-04-11 13:39:48 - [MESSAGE][PASSED] - Delayed 1 second(s)

2019-04-11 13:39:48 - [TEST_STEP][PASSED] - click(findTestObject("Admin Console ePulse Menu/Account Settings/ID Methods/Buttons/Add Button(blue  sign)")): Object: 'Object Repository/Admin Console ePulse Menu/Account Settings/ID Methods/Buttons/Add Button(blue  sign)' is clicked on

2019-04-11 13:39:48 - [MESSAGE][PASSED] - Object: 'Object Repository/Admin Console ePulse Menu/Account Settings/ID Methods/Buttons/Add Button(blue  sign)' is clicked on

2019-04-11 13:39:48 - [TEST_STEP][PASSED] - delay(1): Delayed 1 second(s)

2019-04-11 13:39:49 - [MESSAGE][PASSED] - Delayed 1 second(s)

2019-04-11 13:39:49 - [TEST_STEP][PASSED] - setText(findTestObject("Admin Console ePulse Menu/Account Settings/ID Methods/Buttons/Button Label"), "4test"): Text '4test' is set on object 'Object Repository/Admin Console ePulse Menu/Account Settings/ID Methods/Buttons/Button Label'

2019-04-11 13:39:49 - [MESSAGE][PASSED] - Text '4test' is set on object 'Object Repository/Admin Console ePulse Menu/Account Settings/ID Methods/Buttons/Button Label'

2019-04-11 13:39:49 - [TEST_STEP][PASSED] - delay(1): Delayed 1 second(s)

2019-04-11 13:39:50 - [MESSAGE][PASSED] - Delayed 1 second(s)

2019-04-11 13:39:50 - [TEST_STEP][PASSED] - selectOptionByValue(findTestObject("Admin Console ePulse Menu/Account Settings/ID Methods/Buttons/Button Type"), "4", true): All options with value '4' are selected in object 'Object Repository/Admin Console ePulse Menu/Account Settings/ID Methods/Buttons/Button Type'  using regular expression

2019-04-11 13:39:50 - [MESSAGE][PASSED] - All options with value '4' are selected in object 'Object Repository/Admin Console ePulse Menu/Account Settings/ID Methods/Buttons/Button Type'  using regular expression

2019-04-11 13:39:50 - [TEST_STEP][PASSED] - delay(1): Delayed 1 second(s)

2019-04-11 13:39:51 - [MESSAGE][PASSED] - Delayed 1 second(s)

2019-04-11 13:39:51 - [TEST_STEP][PASSED] - click(findTestObject("Admin Console ePulse Menu/Account Settings/ID Methods/Buttons/Add Button(blue  sign)")): Object: 'Object Repository/Admin Console ePulse Menu/Account Settings/ID Methods/Buttons/Add Button(blue  sign)' is clicked on

2019-04-11 13:39:52 - [MESSAGE][PASSED] - Object: 'Object Repository/Admin Console ePulse Menu/Account Settings/ID Methods/Buttons/Add Button(blue  sign)' is clicked on

2019-04-11 13:39:52 - [TEST_STEP][PASSED] - delay(1): Delayed 1 second(s)

2019-04-11 13:39:53 - [MESSAGE][PASSED] - Delayed 1 second(s)

2019-04-11 13:39:53 - [TEST_STEP][PASSED] - setText(findTestObject("Admin Console ePulse Menu/Account Settings/ID Methods/Buttons/Button Label"), "5test"): Text '5test' is set on object 'Object Repository/Admin Console ePulse Menu/Account Settings/ID Methods/Buttons/Button Label'

2019-04-11 13:39:53 - [MESSAGE][PASSED] - Text '5test' is set on object 'Object Repository/Admin Console ePulse Menu/Account Settings/ID Methods/Buttons/Button Label'

2019-04-11 13:39:53 - [TEST_STEP][PASSED] - delay(1): Delayed 1 second(s)

2019-04-11 13:39:54 - [MESSAGE][PASSED] - Delayed 1 second(s)

2019-04-11 13:39:54 - [TEST_STEP][PASSED] - selectOptionByValue(findTestObject("Admin Console ePulse Menu/Account Settings/ID Methods/Buttons/Button Type"), "5", true): All options with value '5' are selected in object 'Object Repository/Admin Console ePulse Menu/Account Settings/ID Methods/Buttons/Button Type'  using regular expression

2019-04-11 13:39:54 - [MESSAGE][PASSED] - All options with value '5' are selected in object 'Object Repository/Admin Console ePulse Menu/Account Settings/ID Methods/Buttons/Button Type'  using regular expression

2019-04-11 13:39:54 - [TEST_STEP][PASSED] - delay(1): Delayed 1 second(s)

2019-04-11 13:39:55 - [MESSAGE][PASSED] - Delayed 1 second(s)

2019-04-11 13:39:55 - [TEST_STEP][PASSED] - click(findTestObject("Admin Console ePulse Menu/Account Settings/ID Methods/Buttons/Add Button(blue  sign)")): Object: 'Object Repository/Admin Console ePulse Menu/Account Settings/ID Methods/Buttons/Add Button(blue  sign)' is clicked on

2019-04-11 13:39:55 - [MESSAGE][PASSED] - Object: 'Object Repository/Admin Console ePulse Menu/Account Settings/ID Methods/Buttons/Add Button(blue  sign)' is clicked on

2019-04-11 13:39:55 - [TEST_STEP][PASSED] - delay(1): Delayed 1 second(s)

2019-04-11 13:39:56 - [MESSAGE][PASSED] - Delayed 1 second(s)

2019-04-11 13:39:56 - [TEST_STEP][PASSED] - click(findTestObject("Admin Console ePulse Menu/Account Settings/Prompts/Prompt Button Modal/Close Button")): Object: 'Object Repository/Admin Console ePulse Menu/Account Settings/Prompts/Prompt Button Modal/Close Button' is clicked on

2019-04-11 13:39:57 - [MESSAGE][PASSED] - Object: 'Object Repository/Admin Console ePulse Menu/Account Settings/Prompts/Prompt Button Modal/Close Button' is clicked on

2019-04-11 13:39:57 - [TEST_STEP][PASSED] - delay(1): Delayed 1 second(s)

2019-04-11 13:39:58 - [MESSAGE][PASSED] - Delayed 1 second(s)

2019-04-11 13:39:58 - [TEST_STEP][PASSED] - closeBrowser(): Browser is closed

2019-04-11 13:39:58 - [MESSAGE][PASSED] - Browser is closed]]></system-out>
         <system-err><![CDATA[]]></system-err>
      </testcase>
      <testcase name="Test Cases/Admin Console/Account Settings/ID Methods()/ID Methods - Edit" classname="Test Cases/Admin Console/Account Settings/ID Methods()/ID Methods - Edit" status="PASSED">
         <system-out><![CDATA[2019-04-11 13:40:00 - [TEST_CASE][PASSED] - Test Cases/Admin Console/Account Settings/ID Methods()/ID Methods - Edit: Test Cases/Admin Console/Account Settings/ID Methods()/ID Methods - Edit

2019-04-11 13:40:01 - [TEST_STEP][PASSED] - openBrowser(""): Browser is opened with url: ''

2019-04-11 13:40:01 - [MESSAGE][INFO] - Starting 'Firefox (headless)' driver

2019-04-11 13:40:03 - [MESSAGE][PASSED] - Browser is opened with url: ''

2019-04-11 13:40:03 - [TEST_STEP][PASSED] - navigateToUrl(URL): Navigate to 'https://epulsedev2.com' successfully

2019-04-11 13:40:05 - [MESSAGE][PASSED] - Navigate to 'https://epulsedev2.com' successfully

2019-04-11 13:40:05 - [TEST_STEP][PASSED] - setText(findTestObject("Login/Email Address"), User_email): Text 'alonzo.mack@knowink.com' is set on object 'Object Repository/Login/Email Address'

2019-04-11 13:40:05 - [MESSAGE][PASSED] - Text 'alonzo.mack@knowink.com' is set on object 'Object Repository/Login/Email Address'

2019-04-11 13:40:05 - [TEST_STEP][PASSED] - setEncryptedText(findTestObject("Login/Password"), Pswrd): Text ****** has been set on object 'Object Repository/Login/Password'

2019-04-11 13:40:05 - [MESSAGE][PASSED] - Text ****** has been set on object 'Object Repository/Login/Password'

2019-04-11 13:40:05 - [TEST_STEP][PASSED] - click(findTestObject("Login/Sign In")): Object: 'Object Repository/Login/Sign In' is clicked on

2019-04-11 13:40:06 - [MESSAGE][PASSED] - Object: 'Object Repository/Login/Sign In' is clicked on

2019-04-11 13:40:06 - [TEST_STEP][PASSED] - delay(1): Delayed 1 second(s)

2019-04-11 13:40:07 - [MESSAGE][PASSED] - Delayed 1 second(s)

2019-04-11 13:40:07 - [TEST_STEP][PASSED] - navigateToUrl(voter_id_methods, STOP_ON_FAILURE): Navigate to 'https://am-automation-test.epulsedev2.com/voter_id_methods' successfully

2019-04-11 13:40:08 - [MESSAGE][PASSED] - Navigate to 'https://am-automation-test.epulsedev2.com/voter_id_methods' successfully

2019-04-11 13:40:08 - [TEST_STEP][PASSED] - delay(1): Delayed 1 second(s)

2019-04-11 13:40:09 - [MESSAGE][PASSED] - Delayed 1 second(s)

2019-04-11 13:40:09 - [TEST_STEP][PASSED] - click(findTestObject("Admin Console ePulse Menu/Account Settings/ID Methods/ID Methods Page/Page_Epulse  am-Automation-test/Edit Selected ID Method")): Object: 'Object Repository/Admin Console ePulse Menu/Account Settings/ID Methods/ID Methods Page/Page_Epulse  am-Automation-test/Edit Selected ID Method' is clicked on

2019-04-11 13:40:09 - [MESSAGE][PASSED] - Object: 'Object Repository/Admin Console ePulse Menu/Account Settings/ID Methods/ID Methods Page/Page_Epulse  am-Automation-test/Edit Selected ID Method' is clicked on

2019-04-11 13:40:09 - [TEST_STEP][PASSED] - setText(findTestObject("Admin Console ePulse Menu/Account Settings/ID Methods/New ID Method Modal/Name"), "Drivers License_Edit"): Text 'Drivers License_Edit' is set on object 'Object Repository/Admin Console ePulse Menu/Account Settings/ID Methods/New ID Method Modal/Name'

2019-04-11 13:40:09 - [MESSAGE][PASSED] - Text 'Drivers License_Edit' is set on object 'Object Repository/Admin Console ePulse Menu/Account Settings/ID Methods/New ID Method Modal/Name'

2019-04-11 13:40:09 - [TEST_STEP][PASSED] - setText(findTestObject("Admin Console ePulse Menu/Account Settings/ID Methods/New ID Method Modal/Heading"), "State Drivers License_Edit"): Text 'State Drivers License_Edit' is set on object 'Object Repository/Admin Console ePulse Menu/Account Settings/ID Methods/New ID Method Modal/Heading'

2019-04-11 13:40:09 - [MESSAGE][PASSED] - Text 'State Drivers License_Edit' is set on object 'Object Repository/Admin Console ePulse Menu/Account Settings/ID Methods/New ID Method Modal/Heading'

2019-04-11 13:40:09 - [TEST_STEP][PASSED] - selectOptionByValue(findTestObject("Admin Console ePulse Menu/Account Settings/ID Methods/New ID Method Modal/Select Color"), "0", true): All options with value '0' are selected in object 'Object Repository/Admin Console ePulse Menu/Account Settings/ID Methods/New ID Method Modal/Select Color'  using regular expression

2019-04-11 13:40:10 - [MESSAGE][PASSED] - All options with value '0' are selected in object 'Object Repository/Admin Console ePulse Menu/Account Settings/ID Methods/New ID Method Modal/Select Color'  using regular expression

2019-04-11 13:40:10 - [TEST_STEP][PASSED] - setText(findTestObject("Admin Console ePulse Menu/Account Settings/ID Methods/New ID Method Modal/Instructions"), "State Drivers License_Edit"): Text 'State Drivers License_Edit' is set on object 'Object Repository/Admin Console ePulse Menu/Account Settings/ID Methods/New ID Method Modal/Instructions'

2019-04-11 13:40:10 - [MESSAGE][PASSED] - Text 'State Drivers License_Edit' is set on object 'Object Repository/Admin Console ePulse Menu/Account Settings/ID Methods/New ID Method Modal/Instructions'

2019-04-11 13:40:10 - [TEST_STEP][PASSED] - setText(findTestObject("Admin Console ePulse Menu/Account Settings/ID Methods/New ID Method Modal/Order"), "2"): Text '2' is set on object 'Object Repository/Admin Console ePulse Menu/Account Settings/ID Methods/New ID Method Modal/Order'

2019-04-11 13:40:10 - [MESSAGE][PASSED] - Text '2' is set on object 'Object Repository/Admin Console ePulse Menu/Account Settings/ID Methods/New ID Method Modal/Order'

2019-04-11 13:40:10 - [TEST_STEP][NOT_RUN] - click(findTestObject("Admin Console ePulse Menu/Account Settings/ID Methods/New ID Method Modal/Show Does Name Match_slider")): NOT_RUN: click(findTestObject("Admin Console ePulse Menu/Account Settings/ID Methods/New ID Method Modal/Show Does Name Match_slider"))

2019-04-11 13:40:10 - [MESSAGE][NOT_RUN] - NOT_RUN: click(findTestObject("Admin Console ePulse Menu/Account Settings/ID Methods/New ID Method Modal/Show Does Name Match_slider"))

2019-04-11 13:40:10 - [TEST_STEP][PASSED] - click(findTestObject("Admin Console ePulse Menu/Account Settings/ID Methods/New ID Method Modal/Show Does Address Match_slider"), STOP_ON_FAILURE): Object: 'Object Repository/Admin Console ePulse Menu/Account Settings/ID Methods/New ID Method Modal/Show Does Address Match_slider' is clicked on

2019-04-11 13:40:10 - [MESSAGE][PASSED] - Object: 'Object Repository/Admin Console ePulse Menu/Account Settings/ID Methods/New ID Method Modal/Show Does Address Match_slider' is clicked on

2019-04-11 13:40:10 - [TEST_STEP][NOT_RUN] - click(findTestObject("Admin Console ePulse Menu/Account Settings/ID Methods/New ID Method Modal/Show is ID Expired_slider"), STOP_ON_FAILURE): NOT_RUN: click(findTestObject("Admin Console ePulse Menu/Account Settings/ID Methods/New ID Method Modal/Show is ID Expired_slider"), STOP_ON_FAILURE)

2019-04-11 13:40:10 - [MESSAGE][NOT_RUN] - NOT_RUN: click(findTestObject("Admin Console ePulse Menu/Account Settings/ID Methods/New ID Method Modal/Show is ID Expired_slider"), STOP_ON_FAILURE)

2019-04-11 13:40:10 - [TEST_STEP][PASSED] - setText(findTestObject("Admin Console ePulse Menu/Account Settings/ID Methods/New ID Method Modal/Page_Epulse  am-Automation-test/Incorrect Heading"), "No Drivers License_Edit?"): Text 'No Drivers License_Edit?' is set on object 'Object Repository/Admin Console ePulse Menu/Account Settings/ID Methods/New ID Method Modal/Page_Epulse  am-Automation-test/Incorrect Heading'

2019-04-11 13:40:10 - [MESSAGE][PASSED] - Text 'No Drivers License_Edit?' is set on object 'Object Repository/Admin Console ePulse Menu/Account Settings/ID Methods/New ID Method Modal/Page_Epulse  am-Automation-test/Incorrect Heading'

2019-04-11 13:40:10 - [TEST_STEP][PASSED] - setText(findTestObject("Admin Console ePulse Menu/Account Settings/ID Methods/New ID Method Modal/Page_Epulse  am-Automation-test/Incorrect Instructions"), "Vote Provisional_Edit"): Text 'Vote Provisional_Edit' is set on object 'Object Repository/Admin Console ePulse Menu/Account Settings/ID Methods/New ID Method Modal/Page_Epulse  am-Automation-test/Incorrect Instructions'

2019-04-11 13:40:10 - [MESSAGE][PASSED] - Text 'Vote Provisional_Edit' is set on object 'Object Repository/Admin Console ePulse Menu/Account Settings/ID Methods/New ID Method Modal/Page_Epulse  am-Automation-test/Incorrect Instructions'

2019-04-11 13:40:10 - [TEST_STEP][PASSED] - click(findTestObject("Admin Console ePulse Menu/Account Settings/ID Methods/New ID Method Modal/Submit"), STOP_ON_FAILURE): Object: 'Object Repository/Admin Console ePulse Menu/Account Settings/ID Methods/New ID Method Modal/Submit' is clicked on

2019-04-11 13:40:10 - [MESSAGE][PASSED] - Object: 'Object Repository/Admin Console ePulse Menu/Account Settings/ID Methods/New ID Method Modal/Submit' is clicked on

2019-04-11 13:40:10 - [TEST_STEP][PASSED] - closeBrowser(): Browser is closed

2019-04-11 13:40:11 - [MESSAGE][PASSED] - Browser is closed]]></system-out>
         <system-err><![CDATA[]]></system-err>
      </testcase>
      <testcase name="Test Cases/Admin Console/Account Settings/ID Methods()/ID Methods - Edit Oath" classname="Test Cases/Admin Console/Account Settings/ID Methods()/ID Methods - Edit Oath" status="PASSED">
         <system-out><![CDATA[2019-04-11 13:40:13 - [TEST_CASE][PASSED] - Test Cases/Admin Console/Account Settings/ID Methods()/ID Methods - Edit Oath: Test Cases/Admin Console/Account Settings/ID Methods()/ID Methods - Edit Oath

2019-04-11 13:40:13 - [TEST_STEP][PASSED] - openBrowser(""): Browser is opened with url: ''

2019-04-11 13:40:13 - [MESSAGE][INFO] - Starting 'Firefox (headless)' driver

2019-04-11 13:40:16 - [MESSAGE][PASSED] - Browser is opened with url: ''

2019-04-11 13:40:16 - [TEST_STEP][PASSED] - navigateToUrl(URL): Navigate to 'https://epulsedev2.com' successfully

2019-04-11 13:40:17 - [MESSAGE][PASSED] - Navigate to 'https://epulsedev2.com' successfully

2019-04-11 13:40:17 - [TEST_STEP][PASSED] - setText(findTestObject("Login/Email Address"), User_email): Text 'alonzo.mack@knowink.com' is set on object 'Object Repository/Login/Email Address'

2019-04-11 13:40:18 - [MESSAGE][PASSED] - Text 'alonzo.mack@knowink.com' is set on object 'Object Repository/Login/Email Address'

2019-04-11 13:40:18 - [TEST_STEP][PASSED] - setEncryptedText(findTestObject("Login/Password"), Pswrd): Text ****** has been set on object 'Object Repository/Login/Password'

2019-04-11 13:40:18 - [MESSAGE][PASSED] - Text ****** has been set on object 'Object Repository/Login/Password'

2019-04-11 13:40:18 - [TEST_STEP][PASSED] - click(findTestObject("Login/Sign In")): Object: 'Object Repository/Login/Sign In' is clicked on

2019-04-11 13:40:19 - [MESSAGE][PASSED] - Object: 'Object Repository/Login/Sign In' is clicked on

2019-04-11 13:40:19 - [TEST_STEP][PASSED] - delay(1): Delayed 1 second(s)

2019-04-11 13:40:20 - [MESSAGE][PASSED] - Delayed 1 second(s)

2019-04-11 13:40:20 - [TEST_STEP][PASSED] - navigateToUrl(voter_id_methods, STOP_ON_FAILURE): Navigate to 'https://am-automation-test.epulsedev2.com/voter_id_methods' successfully

2019-04-11 13:40:21 - [MESSAGE][PASSED] - Navigate to 'https://am-automation-test.epulsedev2.com/voter_id_methods' successfully

2019-04-11 13:40:21 - [TEST_STEP][PASSED] - click(findTestObject("Admin Console ePulse Menu/Account Settings/ID Methods/ID Methods Page/Edit ID Method Oath")): Object: 'Object Repository/Admin Console ePulse Menu/Account Settings/ID Methods/ID Methods Page/Edit ID Method Oath' is clicked on

2019-04-11 13:40:21 - [MESSAGE][PASSED] - Object: 'Object Repository/Admin Console ePulse Menu/Account Settings/ID Methods/ID Methods Page/Edit ID Method Oath' is clicked on

2019-04-11 13:40:21 - [TEST_STEP][PASSED] - delay(1): Delayed 1 second(s)

2019-04-11 13:40:22 - [MESSAGE][PASSED] - Delayed 1 second(s)

2019-04-11 13:40:22 - [TEST_STEP][PASSED] - setText(findTestObject("Admin Console ePulse Menu/Account Settings/ID Methods/Edit ID Method Modal/Customized Oath text area"), "Customize the oath displayed to voters. "): Text 'Customize the oath displayed to voters. ' is set on object 'Object Repository/Admin Console ePulse Menu/Account Settings/ID Methods/Edit ID Method Modal/Customized Oath text area'

2019-04-11 13:40:22 - [MESSAGE][PASSED] - Text 'Customize the oath displayed to voters. ' is set on object 'Object Repository/Admin Console ePulse Menu/Account Settings/ID Methods/Edit ID Method Modal/Customized Oath text area'

2019-04-11 13:40:22 - [TEST_STEP][PASSED] - delay(1): Delayed 1 second(s)

2019-04-11 13:40:23 - [MESSAGE][PASSED] - Delayed 1 second(s)

2019-04-11 13:40:23 - [TEST_STEP][PASSED] - click(findTestObject("Admin Console ePulse Menu/Account Settings/ID Methods/Edit ID Method Modal/Submit"), STOP_ON_FAILURE): Object: 'Object Repository/Admin Console ePulse Menu/Account Settings/ID Methods/Edit ID Method Modal/Submit' is clicked on

2019-04-11 13:40:24 - [MESSAGE][PASSED] - Object: 'Object Repository/Admin Console ePulse Menu/Account Settings/ID Methods/Edit ID Method Modal/Submit' is clicked on]]></system-out>
         <system-err><![CDATA[]]></system-err>
      </testcase>
      <testcase name="Test Cases/Admin Console/Account Settings/ID Methods()/ID Methods - Export" classname="Test Cases/Admin Console/Account Settings/ID Methods()/ID Methods - Export" status="PASSED">
         <system-out><![CDATA[2019-04-11 13:40:26 - [TEST_CASE][PASSED] - Test Cases/Admin Console/Account Settings/ID Methods()/ID Methods - Export: Test Cases/Admin Console/Account Settings/ID Methods()/ID Methods - Export

2019-04-11 13:40:26 - [TEST_STEP][PASSED] - openBrowser(""): Browser is opened with url: ''

2019-04-11 13:40:26 - [MESSAGE][WARNING] - A browser is already opened. Closing browser and opening a new one

2019-04-11 13:40:27 - [MESSAGE][INFO] - Starting 'Firefox (headless)' driver

2019-04-11 13:40:29 - [MESSAGE][PASSED] - Browser is opened with url: ''

2019-04-11 13:40:29 - [TEST_STEP][PASSED] - navigateToUrl(URL): Navigate to 'https://epulsedev2.com' successfully

2019-04-11 13:40:31 - [MESSAGE][PASSED] - Navigate to 'https://epulsedev2.com' successfully

2019-04-11 13:40:31 - [TEST_STEP][PASSED] - setText(findTestObject("Login/Email Address"), User_email): Text 'alonzo.mack@knowink.com' is set on object 'Object Repository/Login/Email Address'

2019-04-11 13:40:31 - [MESSAGE][PASSED] - Text 'alonzo.mack@knowink.com' is set on object 'Object Repository/Login/Email Address'

2019-04-11 13:40:31 - [TEST_STEP][PASSED] - setEncryptedText(findTestObject("Login/Password"), Pswrd): Text ****** has been set on object 'Object Repository/Login/Password'

2019-04-11 13:40:31 - [MESSAGE][PASSED] - Text ****** has been set on object 'Object Repository/Login/Password'

2019-04-11 13:40:31 - [TEST_STEP][PASSED] - click(findTestObject("Login/Sign In")): Object: 'Object Repository/Login/Sign In' is clicked on

2019-04-11 13:40:32 - [MESSAGE][PASSED] - Object: 'Object Repository/Login/Sign In' is clicked on

2019-04-11 13:40:32 - [TEST_STEP][PASSED] - delay(1): Delayed 1 second(s)

2019-04-11 13:40:33 - [MESSAGE][PASSED] - Delayed 1 second(s)

2019-04-11 13:40:33 - [TEST_STEP][PASSED] - navigateToUrl(voter_id_methods): Navigate to 'https://am-automation-test.epulsedev2.com/voter_id_methods' successfully

2019-04-11 13:40:34 - [MESSAGE][PASSED] - Navigate to 'https://am-automation-test.epulsedev2.com/voter_id_methods' successfully

2019-04-11 13:40:34 - [TEST_STEP][PASSED] - delay(1): Delayed 1 second(s)

2019-04-11 13:40:35 - [MESSAGE][PASSED] - Delayed 1 second(s)

2019-04-11 13:40:35 - [TEST_STEP][PASSED] - click(findTestObject("Admin Console ePulse Menu/Account Settings/ID Methods/ID Methods Page/Export")): Object: 'Object Repository/Admin Console ePulse Menu/Account Settings/ID Methods/ID Methods Page/Export' is clicked on

2019-04-11 13:40:40 - [MESSAGE][PASSED] - Object: 'Object Repository/Admin Console ePulse Menu/Account Settings/ID Methods/ID Methods Page/Export' is clicked on

2019-04-11 13:40:40 - [TEST_STEP][PASSED] - delay(1): Delayed 1 second(s)

2019-04-11 13:40:41 - [MESSAGE][PASSED] - Delayed 1 second(s)

2019-04-11 13:40:41 - [TEST_STEP][PASSED] - closeBrowser(STOP_ON_FAILURE): Browser is closed

2019-04-11 13:40:42 - [MESSAGE][PASSED] - Browser is closed]]></system-out>
         <system-err><![CDATA[]]></system-err>
      </testcase>
      <testcase name="Test Cases/Admin Console/Account Settings/ID Methods()/ID Methods - Import" classname="Test Cases/Admin Console/Account Settings/ID Methods()/ID Methods - Import" status="PASSED">
         <system-out><![CDATA[2019-04-11 13:40:44 - [TEST_CASE][PASSED] - Test Cases/Admin Console/Account Settings/ID Methods()/ID Methods - Import: Test Cases/Admin Console/Account Settings/ID Methods()/ID Methods - Import

2019-04-11 13:40:44 - [TEST_STEP][PASSED] - openBrowser(""): Browser is opened with url: ''

2019-04-11 13:40:44 - [MESSAGE][INFO] - Starting 'Firefox (headless)' driver

2019-04-11 13:40:47 - [MESSAGE][PASSED] - Browser is opened with url: ''

2019-04-11 13:40:47 - [TEST_STEP][PASSED] - navigateToUrl(URL): Navigate to 'https://epulsedev2.com' successfully

2019-04-11 13:40:48 - [MESSAGE][PASSED] - Navigate to 'https://epulsedev2.com' successfully

2019-04-11 13:40:48 - [TEST_STEP][PASSED] - setText(findTestObject("Login/Email Address"), User_email): Text 'alonzo.mack@knowink.com' is set on object 'Object Repository/Login/Email Address'

2019-04-11 13:40:48 - [MESSAGE][PASSED] - Text 'alonzo.mack@knowink.com' is set on object 'Object Repository/Login/Email Address'

2019-04-11 13:40:48 - [TEST_STEP][PASSED] - setEncryptedText(findTestObject("Login/Password"), Pswrd): Text ****** has been set on object 'Object Repository/Login/Password'

2019-04-11 13:40:48 - [MESSAGE][PASSED] - Text ****** has been set on object 'Object Repository/Login/Password'

2019-04-11 13:40:48 - [TEST_STEP][PASSED] - click(findTestObject("Login/Sign In")): Object: 'Object Repository/Login/Sign In' is clicked on

2019-04-11 13:40:49 - [MESSAGE][PASSED] - Object: 'Object Repository/Login/Sign In' is clicked on

2019-04-11 13:40:49 - [TEST_STEP][PASSED] - delay(1): Delayed 1 second(s)

2019-04-11 13:40:50 - [MESSAGE][PASSED] - Delayed 1 second(s)

2019-04-11 13:40:50 - [TEST_STEP][PASSED] - navigateToUrl(voter_id_methods, STOP_ON_FAILURE): Navigate to 'https://am-automation-test.epulsedev2.com/voter_id_methods' successfully

2019-04-11 13:40:51 - [MESSAGE][PASSED] - Navigate to 'https://am-automation-test.epulsedev2.com/voter_id_methods' successfully

2019-04-11 13:40:51 - [TEST_STEP][PASSED] - click(findTestObject("Admin Console ePulse Menu/Account Settings/ID Methods/ID Methods Page/Import")): Object: 'Object Repository/Admin Console ePulse Menu/Account Settings/ID Methods/ID Methods Page/Import' is clicked on

2019-04-11 13:40:52 - [MESSAGE][PASSED] - Object: 'Object Repository/Admin Console ePulse Menu/Account Settings/ID Methods/ID Methods Page/Import' is clicked on

2019-04-11 13:40:52 - [TEST_STEP][PASSED] - setText(findTestObject("Admin Console ePulse Menu/Account Settings/Prompts/Import Prompts Buttons/Choose File"), "/Users/alonzomack/Downloads/Automation uploads/voter_id_methods.txt"): Text '/Users/alonzomack/Downloads/Automation uploads/voter_id_methods.txt' is set on object 'Object Repository/Admin Console ePulse Menu/Account Settings/Prompts/Import Prompts Buttons/Choose File'

2019-04-11 13:40:52 - [MESSAGE][PASSED] - Text '/Users/alonzomack/Downloads/Automation uploads/voter_id_methods.txt' is set on object 'Object Repository/Admin Console ePulse Menu/Account Settings/Prompts/Import Prompts Buttons/Choose File'

2019-04-11 13:40:52 - [TEST_STEP][PASSED] - click(findTestObject("Admin Console ePulse Menu/Account Settings/Prompts/Import Prompts Buttons/Continue Button")): Object: 'Object Repository/Admin Console ePulse Menu/Account Settings/Prompts/Import Prompts Buttons/Continue Button' is clicked on

2019-04-11 13:40:52 - [MESSAGE][PASSED] - Object: 'Object Repository/Admin Console ePulse Menu/Account Settings/Prompts/Import Prompts Buttons/Continue Button' is clicked on

2019-04-11 13:40:52 - [TEST_STEP][PASSED] - delay(1): Delayed 1 second(s)

2019-04-11 13:40:53 - [MESSAGE][PASSED] - Delayed 1 second(s)

2019-04-11 13:40:53 - [TEST_STEP][PASSED] - click(findTestObject("Admin Console ePulse Menu/Account Settings/Prompts/Import Prompts Buttons/button_Done(working)")): Object: 'Object Repository/Admin Console ePulse Menu/Account Settings/Prompts/Import Prompts Buttons/button_Done(working)' is clicked on

2019-04-11 13:40:55 - [MESSAGE][PASSED] - Object: 'Object Repository/Admin Console ePulse Menu/Account Settings/Prompts/Import Prompts Buttons/button_Done(working)' is clicked on]]></system-out>
         <system-err><![CDATA[]]></system-err>
      </testcase>
      <testcase name="Test Cases/Admin Console/Account Settings/ID Methods()/ID Methods - Delete" classname="Test Cases/Admin Console/Account Settings/ID Methods()/ID Methods - Delete" status="PASSED">
         <system-out><![CDATA[2019-04-11 13:40:57 - [TEST_CASE][PASSED] - Test Cases/Admin Console/Account Settings/ID Methods()/ID Methods - Delete: Test Cases/Admin Console/Account Settings/ID Methods()/ID Methods - Delete

2019-04-11 13:40:57 - [TEST_STEP][PASSED] - openBrowser(""): Browser is opened with url: ''

2019-04-11 13:40:57 - [MESSAGE][WARNING] - A browser is already opened. Closing browser and opening a new one

2019-04-11 13:40:58 - [MESSAGE][INFO] - Starting 'Firefox (headless)' driver

2019-04-11 13:41:00 - [MESSAGE][PASSED] - Browser is opened with url: ''

2019-04-11 13:41:00 - [TEST_STEP][PASSED] - navigateToUrl(URL): Navigate to 'https://epulsedev2.com' successfully

2019-04-11 13:41:01 - [MESSAGE][PASSED] - Navigate to 'https://epulsedev2.com' successfully

2019-04-11 13:41:01 - [TEST_STEP][PASSED] - setText(findTestObject("Login/Email Address"), User_email): Text 'alonzo.mack@knowink.com' is set on object 'Object Repository/Login/Email Address'

2019-04-11 13:41:02 - [MESSAGE][PASSED] - Text 'alonzo.mack@knowink.com' is set on object 'Object Repository/Login/Email Address'

2019-04-11 13:41:02 - [TEST_STEP][PASSED] - setEncryptedText(findTestObject("Login/Password"), Pswrd): Text ****** has been set on object 'Object Repository/Login/Password'

2019-04-11 13:41:02 - [MESSAGE][PASSED] - Text ****** has been set on object 'Object Repository/Login/Password'

2019-04-11 13:41:02 - [TEST_STEP][PASSED] - click(findTestObject("Login/Sign In")): Object: 'Object Repository/Login/Sign In' is clicked on

2019-04-11 13:41:03 - [MESSAGE][PASSED] - Object: 'Object Repository/Login/Sign In' is clicked on

2019-04-11 13:41:03 - [TEST_STEP][PASSED] - delay(1): Delayed 1 second(s)

2019-04-11 13:41:04 - [MESSAGE][PASSED] - Delayed 1 second(s)

2019-04-11 13:41:04 - [TEST_STEP][PASSED] - navigateToUrl(voter_id_methods, STOP_ON_FAILURE): Navigate to 'https://am-automation-test.epulsedev2.com/voter_id_methods' successfully

2019-04-11 13:41:04 - [MESSAGE][PASSED] - Navigate to 'https://am-automation-test.epulsedev2.com/voter_id_methods' successfully

2019-04-11 13:41:04 - [TEST_STEP][PASSED] - delay(1): Delayed 1 second(s)

2019-04-11 13:41:05 - [MESSAGE][PASSED] - Delayed 1 second(s)

2019-04-11 13:41:05 - [TEST_STEP][PASSED] - click(findTestObject("Admin Console ePulse Menu/Account Settings/ID Methods/ID Methods Page/Page_Epulse  am-Automation-test/Delete Selected ID Method")): Object: 'Object Repository/Admin Console ePulse Menu/Account Settings/ID Methods/ID Methods Page/Page_Epulse  am-Automation-test/Delete Selected ID Method' is clicked on

2019-04-11 13:41:05 - [MESSAGE][PASSED] - Object: 'Object Repository/Admin Console ePulse Menu/Account Settings/ID Methods/ID Methods Page/Page_Epulse  am-Automation-test/Delete Selected ID Method' is clicked on

2019-04-11 13:41:05 - [TEST_STEP][PASSED] - delay(3): Delayed 3 second(s)

2019-04-11 13:41:08 - [MESSAGE][PASSED] - Delayed 3 second(s)

2019-04-11 13:41:08 - [TEST_STEP][PASSED] - acceptAlert(): Alert accepted

2019-04-11 13:41:09 - [MESSAGE][PASSED] - Alert accepted

2019-04-11 13:41:09 - [TEST_STEP][PASSED] - closeBrowser(): Browser is closed

2019-04-11 13:41:09 - [MESSAGE][PASSED] - Browser is closed]]></system-out>
         <system-err><![CDATA[]]></system-err>
      </testcase>
      <testcase name="Test Cases/Admin Console/Account Settings/Oaths()/Oaths - Add" classname="Test Cases/Admin Console/Account Settings/Oaths()/Oaths - Add" status="FAILED">
         <failure type="FAILED" message="Test Cases/Admin Console/Account Settings/Oaths()/Oaths - Add FAILED.
Reason:
com.kms.katalon.core.exception.StepFailedException: Unable to set text 'Oath Instructions' of object 'Object Repository/Admin Console ePulse Menu/Account Settings/Oaths/Add_Edit Oath/Oath Instructions' (Root cause: org.openqa.selenium.ElementNotInteractableException: Element &lt;input id=&quot;account_oath_instructions&quot; class=&quot;signature_1_instructions&quot; name=&quot;account_oath[instructions]&quot; type=&quot;text&quot;> could not be scrolled into view
Build info: version: '3.7.1', revision: '8a0099a', time: '2017-11-06T21:07:36.161Z'
System info: host: 'QAs-MacBook-Pro-2.local', ip: 'fe80:0:0:0:141b:7791:71c:315e%en0', os.name: 'Mac OS X', os.arch: 'x86_64', os.version: '10.13.3', java.version: '1.8.0_181'
Driver info: com.kms.katalon.core.webui.driver.firefox.CGeckoDriver
Capabilities {acceptInsecureCerts: true, browserName: firefox, browserVersion: 66.0.2, javascriptEnabled: true, moz:accessibilityChecks: false, moz:geckodriverVersion: 0.23.0, moz:headless: true, moz:processID: 7496, moz:profile: /var/folders/p5/lldhhw894tb..., moz:shutdownTimeout: 60000, moz:useNonSpecCompliantPointerOrigin: false, moz:webdriverClick: true, pageLoadStrategy: normal, platform: MAC, platformName: MAC, platformVersion: 17.4.0, proxy: Proxy(direct), rotatable: false, setWindowRect: true, strictFileInteractability: false, timeouts: {implicit: 0, pageLoad: 300000, script: 30000}, unhandledPromptBehavior: dismiss and notify}
Session ID: 32a5ec40-ee08-8d43-80d4-06fd8e000e64)
	at com.kms.katalon.core.keyword.internal.KeywordMain.stepFailed(KeywordMain.groovy:36)
	at com.kms.katalon.core.webui.keyword.internal.WebUIKeywordMain.stepFailed(WebUIKeywordMain.groovy:65)
	at com.kms.katalon.core.webui.keyword.internal.WebUIKeywordMain.runKeyword(WebUIKeywordMain.groovy:27)
	at com.kms.katalon.core.webui.keyword.builtin.SetTextKeyword.setText(SetTextKeyword.groovy:65)
	at com.kms.katalon.core.webui.keyword.builtin.SetTextKeyword.execute(SetTextKeyword.groovy:37)
	at com.kms.katalon.core.keyword.internal.KeywordExecutor.executeKeywordForPlatform(KeywordExecutor.groovy:53)
	at com.kms.katalon.core.webui.keyword.WebUiBuiltInKeywords.setText(WebUiBuiltInKeywords.groovy:950)
	at com.kms.katalon.core.webui.keyword.WebUiBuiltInKeywords$setText$1.call(Unknown Source)
	at Oaths - Add.run(Oaths - Add:49)
	at com.kms.katalon.core.main.ScriptEngine.run(ScriptEngine.java:194)
	at com.kms.katalon.core.main.ScriptEngine.runScriptAsRawText(ScriptEngine.java:119)
	at com.kms.katalon.core.main.TestCaseExecutor.runScript(TestCaseExecutor.java:328)
	at com.kms.katalon.core.main.TestCaseExecutor.doExecute(TestCaseExecutor.java:319)
	at com.kms.katalon.core.main.TestCaseExecutor.processExecutionPhase(TestCaseExecutor.java:298)
	at com.kms.katalon.core.main.TestCaseExecutor.accessMainPhase(TestCaseExecutor.java:290)
	at com.kms.katalon.core.main.TestCaseExecutor.execute(TestCaseExecutor.java:224)
	at com.kms.katalon.core.main.TestSuiteExecutor.accessTestCaseMainPhase(TestSuiteExecutor.java:129)
	at com.kms.katalon.core.main.TestSuiteExecutor.accessTestSuiteMainPhase(TestSuiteExecutor.java:112)
	at com.kms.katalon.core.main.TestSuiteExecutor.execute(TestSuiteExecutor.java:81)
	at com.kms.katalon.core.main.TestCaseMain.startTestSuite(TestCaseMain.java:149)
	at com.kms.katalon.core.main.TestCaseMain$startTestSuite$0.call(Unknown Source)
	at TempTestSuite1555007549481.run(TempTestSuite1555007549481.groovy:36)
"/>
         <system-out><![CDATA[2019-04-11 13:41:11 - [TEST_CASE][FAILED] - Test Cases/Admin Console/Account Settings/Oaths()/Oaths - Add: Test Cases/Admin Console/Account Settings/Oaths()/Oaths - Add FAILED.
Reason:
com.kms.katalon.core.exception.StepFailedException: Unable to set text 'Oath Instructions' of object 'Object Repository/Admin Console ePulse Menu/Account Settings/Oaths/Add_Edit Oath/Oath Instructions' (Root cause: org.openqa.selenium.ElementNotInteractableException: Element <input id="account_oath_instructions" class="signature_1_instructions" name="account_oath[instructions]" type="text"> could not be scrolled into view
Build info: version: '3.7.1', revision: '8a0099a', time: '2017-11-06T21:07:36.161Z'
System info: host: 'QAs-MacBook-Pro-2.local', ip: 'fe80:0:0:0:141b:7791:71c:315e%en0', os.name: 'Mac OS X', os.arch: 'x86_64', os.version: '10.13.3', java.version: '1.8.0_181'
Driver info: com.kms.katalon.core.webui.driver.firefox.CGeckoDriver
Capabilities {acceptInsecureCerts: true, browserName: firefox, browserVersion: 66.0.2, javascriptEnabled: true, moz:accessibilityChecks: false, moz:geckodriverVersion: 0.23.0, moz:headless: true, moz:processID: 7496, moz:profile: /var/folders/p5/lldhhw894tb..., moz:shutdownTimeout: 60000, moz:useNonSpecCompliantPointerOrigin: false, moz:webdriverClick: true, pageLoadStrategy: normal, platform: MAC, platformName: MAC, platformVersion: 17.4.0, proxy: Proxy(direct), rotatable: false, setWindowRect: true, strictFileInteractability: false, timeouts: {implicit: 0, pageLoad: 300000, script: 30000}, unhandledPromptBehavior: dismiss and notify}
Session ID: 32a5ec40-ee08-8d43-80d4-06fd8e000e64)
	at com.kms.katalon.core.keyword.internal.KeywordMain.stepFailed(KeywordMain.groovy:36)
	at com.kms.katalon.core.webui.keyword.internal.WebUIKeywordMain.stepFailed(WebUIKeywordMain.groovy:65)
	at com.kms.katalon.core.webui.keyword.internal.WebUIKeywordMain.runKeyword(WebUIKeywordMain.groovy:27)
	at com.kms.katalon.core.webui.keyword.builtin.SetTextKeyword.setText(SetTextKeyword.groovy:65)
	at com.kms.katalon.core.webui.keyword.builtin.SetTextKeyword.execute(SetTextKeyword.groovy:37)
	at com.kms.katalon.core.keyword.internal.KeywordExecutor.executeKeywordForPlatform(KeywordExecutor.groovy:53)
	at com.kms.katalon.core.webui.keyword.WebUiBuiltInKeywords.setText(WebUiBuiltInKeywords.groovy:950)
	at com.kms.katalon.core.webui.keyword.WebUiBuiltInKeywords$setText$1.call(Unknown Source)
	at Oaths - Add.run(Oaths - Add:49)
	at com.kms.katalon.core.main.ScriptEngine.run(ScriptEngine.java:194)
	at com.kms.katalon.core.main.ScriptEngine.runScriptAsRawText(ScriptEngine.java:119)
	at com.kms.katalon.core.main.TestCaseExecutor.runScript(TestCaseExecutor.java:328)
	at com.kms.katalon.core.main.TestCaseExecutor.doExecute(TestCaseExecutor.java:319)
	at com.kms.katalon.core.main.TestCaseExecutor.processExecutionPhase(TestCaseExecutor.java:298)
	at com.kms.katalon.core.main.TestCaseExecutor.accessMainPhase(TestCaseExecutor.java:290)
	at com.kms.katalon.core.main.TestCaseExecutor.execute(TestCaseExecutor.java:224)
	at com.kms.katalon.core.main.TestSuiteExecutor.accessTestCaseMainPhase(TestSuiteExecutor.java:129)
	at com.kms.katalon.core.main.TestSuiteExecutor.accessTestSuiteMainPhase(TestSuiteExecutor.java:112)
	at com.kms.katalon.core.main.TestSuiteExecutor.execute(TestSuiteExecutor.java:81)
	at com.kms.katalon.core.main.TestCaseMain.startTestSuite(TestCaseMain.java:149)
	at com.kms.katalon.core.main.TestCaseMain$startTestSuite$0.call(Unknown Source)
	at TempTestSuite1555007549481.run(TempTestSuite1555007549481.groovy:36)


2019-04-11 13:41:11 - [TEST_STEP][PASSED] - openBrowser(""): Browser is opened with url: ''

2019-04-11 13:41:11 - [MESSAGE][INFO] - Starting 'Firefox (headless)' driver

2019-04-11 13:41:13 - [MESSAGE][PASSED] - Browser is opened with url: ''

2019-04-11 13:41:13 - [TEST_STEP][PASSED] - navigateToUrl(URL): Navigate to 'https://epulsedev2.com' successfully

2019-04-11 13:41:15 - [MESSAGE][PASSED] - Navigate to 'https://epulsedev2.com' successfully

2019-04-11 13:41:15 - [TEST_STEP][PASSED] - setText(findTestObject("Login/Email Address"), User_email): Text 'alonzo.mack@knowink.com' is set on object 'Object Repository/Login/Email Address'

2019-04-11 13:41:15 - [MESSAGE][PASSED] - Text 'alonzo.mack@knowink.com' is set on object 'Object Repository/Login/Email Address'

2019-04-11 13:41:15 - [TEST_STEP][PASSED] - setEncryptedText(findTestObject("Login/Password"), Pswrd): Text ****** has been set on object 'Object Repository/Login/Password'

2019-04-11 13:41:15 - [MESSAGE][PASSED] - Text ****** has been set on object 'Object Repository/Login/Password'

2019-04-11 13:41:15 - [TEST_STEP][PASSED] - click(findTestObject("Login/Sign In")): Object: 'Object Repository/Login/Sign In' is clicked on

2019-04-11 13:41:16 - [MESSAGE][PASSED] - Object: 'Object Repository/Login/Sign In' is clicked on

2019-04-11 13:41:16 - [TEST_STEP][PASSED] - delay(1): Delayed 1 second(s)

2019-04-11 13:41:17 - [MESSAGE][PASSED] - Delayed 1 second(s)

2019-04-11 13:41:17 - [TEST_STEP][PASSED] - navigateToUrl(Oaths, STOP_ON_FAILURE): Navigate to 'https://am-automation-test.epulsedev2.com/account_oaths' successfully

2019-04-11 13:41:18 - [MESSAGE][PASSED] - Navigate to 'https://am-automation-test.epulsedev2.com/account_oaths' successfully

2019-04-11 13:41:18 - [TEST_STEP][PASSED] - delay(1): Delayed 1 second(s)

2019-04-11 13:41:19 - [MESSAGE][PASSED] - Delayed 1 second(s)

2019-04-11 13:41:19 - [TEST_STEP][PASSED] - click(findTestObject("Admin Console ePulse Menu/Account Settings/Oaths/New Oath")): Object: 'Object Repository/Admin Console ePulse Menu/Account Settings/Oaths/New Oath' is clicked on

2019-04-11 13:41:19 - [MESSAGE][PASSED] - Object: 'Object Repository/Admin Console ePulse Menu/Account Settings/Oaths/New Oath' is clicked on

2019-04-11 13:41:19 - [TEST_STEP][PASSED] - setText(findTestObject("Admin Console ePulse Menu/Account Settings/Oaths/Add_Edit Oath/Oath Name"), "ID Method"): Text 'ID Method' is set on object 'Object Repository/Admin Console ePulse Menu/Account Settings/Oaths/Add_Edit Oath/Oath Name'

2019-04-11 13:41:19 - [MESSAGE][PASSED] - Text 'ID Method' is set on object 'Object Repository/Admin Console ePulse Menu/Account Settings/Oaths/Add_Edit Oath/Oath Name'

2019-04-11 13:41:19 - [TEST_STEP][FAILED] - setText(findTestObject("Admin Console ePulse Menu/Account Settings/Oaths/Add_Edit Oath/Oath Instructions"), "Oath Instructions"): setText(findTestObject("Admin Console ePulse Menu/Account Settings/Oaths/Add_Edit Oath/Oath Instructions"), "Oath Instructions") FAILED.
Reason:
com.kms.katalon.core.exception.StepFailedException: Unable to set text 'Oath Instructions' of object 'Object Repository/Admin Console ePulse Menu/Account Settings/Oaths/Add_Edit Oath/Oath Instructions' (Root cause: org.openqa.selenium.ElementNotInteractableException: Element <input id="account_oath_instructions" class="signature_1_instructions" name="account_oath[instructions]" type="text"> could not be scrolled into view
Build info: version: '3.7.1', revision: '8a0099a', time: '2017-11-06T21:07:36.161Z'
System info: host: 'QAs-MacBook-Pro-2.local', ip: 'fe80:0:0:0:141b:7791:71c:315e%en0', os.name: 'Mac OS X', os.arch: 'x86_64', os.version: '10.13.3', java.version: '1.8.0_181'
Driver info: com.kms.katalon.core.webui.driver.firefox.CGeckoDriver
Capabilities {acceptInsecureCerts: true, browserName: firefox, browserVersion: 66.0.2, javascriptEnabled: true, moz:accessibilityChecks: false, moz:geckodriverVersion: 0.23.0, moz:headless: true, moz:processID: 7496, moz:profile: /var/folders/p5/lldhhw894tb..., moz:shutdownTimeout: 60000, moz:useNonSpecCompliantPointerOrigin: false, moz:webdriverClick: true, pageLoadStrategy: normal, platform: MAC, platformName: MAC, platformVersion: 17.4.0, proxy: Proxy(direct), rotatable: false, setWindowRect: true, strictFileInteractability: false, timeouts: {implicit: 0, pageLoad: 300000, script: 30000}, unhandledPromptBehavior: dismiss and notify}
Session ID: 32a5ec40-ee08-8d43-80d4-06fd8e000e64)
	at com.kms.katalon.core.keyword.internal.KeywordMain.stepFailed(KeywordMain.groovy:36)
	at com.kms.katalon.core.webui.keyword.internal.WebUIKeywordMain.stepFailed(WebUIKeywordMain.groovy:65)
	at com.kms.katalon.core.webui.keyword.internal.WebUIKeywordMain.runKeyword(WebUIKeywordMain.groovy:27)
	at com.kms.katalon.core.webui.keyword.builtin.SetTextKeyword.setText(SetTextKeyword.groovy:65)
	at com.kms.katalon.core.webui.keyword.builtin.SetTextKeyword.execute(SetTextKeyword.groovy:37)
	at com.kms.katalon.core.keyword.internal.KeywordExecutor.executeKeywordForPlatform(KeywordExecutor.groovy:53)
	at com.kms.katalon.core.webui.keyword.WebUiBuiltInKeywords.setText(WebUiBuiltInKeywords.groovy:950)
	at com.kms.katalon.core.webui.keyword.WebUiBuiltInKeywords$setText$1.call(Unknown Source)
	at Oaths - Add.run(Oaths - Add:49)
	at com.kms.katalon.core.main.ScriptEngine.run(ScriptEngine.java:194)
	at com.kms.katalon.core.main.ScriptEngine.runScriptAsRawText(ScriptEngine.java:119)
	at com.kms.katalon.core.main.TestCaseExecutor.runScript(TestCaseExecutor.java:328)
	at com.kms.katalon.core.main.TestCaseExecutor.doExecute(TestCaseExecutor.java:319)
	at com.kms.katalon.core.main.TestCaseExecutor.processExecutionPhase(TestCaseExecutor.java:298)
	at com.kms.katalon.core.main.TestCaseExecutor.accessMainPhase(TestCaseExecutor.java:290)
	at com.kms.katalon.core.main.TestCaseExecutor.execute(TestCaseExecutor.java:224)
	at com.kms.katalon.core.main.TestSuiteExecutor.accessTestCaseMainPhase(TestSuiteExecutor.java:129)
	at com.kms.katalon.core.main.TestSuiteExecutor.accessTestSuiteMainPhase(TestSuiteExecutor.java:112)
	at com.kms.katalon.core.main.TestSuiteExecutor.execute(TestSuiteExecutor.java:81)
	at com.kms.katalon.core.main.TestCaseMain.startTestSuite(TestCaseMain.java:149)
	at com.kms.katalon.core.main.TestCaseMain$startTestSuite$0.call(Unknown Source)
	at TempTestSuite1555007549481.run(TempTestSuite1555007549481.groovy:36)


2019-04-11 13:41:19 - [MESSAGE][FAILED] - Unable to set text 'Oath Instructions' of object 'Object Repository/Admin Console ePulse Menu/Account Settings/Oaths/Add_Edit Oath/Oath Instructions' (Root cause: org.openqa.selenium.ElementNotInteractableException: Element <input id="account_oath_instructions" class="signature_1_instructions" name="account_oath[instructions]" type="text"> could not be scrolled into view
Build info: version: '3.7.1', revision: '8a0099a', time: '2017-11-06T21:07:36.161Z'
System info: host: 'QAs-MacBook-Pro-2.local', ip: 'fe80:0:0:0:141b:7791:71c:315e%en0', os.name: 'Mac OS X', os.arch: 'x86_64', os.version: '10.13.3', java.version: '1.8.0_181'
Driver info: com.kms.katalon.core.webui.driver.firefox.CGeckoDriver
Capabilities {acceptInsecureCerts: true, browserName: firefox, browserVersion: 66.0.2, javascriptEnabled: true, moz:accessibilityChecks: false, moz:geckodriverVersion: 0.23.0, moz:headless: true, moz:processID: 7496, moz:profile: /var/folders/p5/lldhhw894tb..., moz:shutdownTimeout: 60000, moz:useNonSpecCompliantPointerOrigin: false, moz:webdriverClick: true, pageLoadStrategy: normal, platform: MAC, platformName: MAC, platformVersion: 17.4.0, proxy: Proxy(direct), rotatable: false, setWindowRect: true, strictFileInteractability: false, timeouts: {implicit: 0, pageLoad: 300000, script: 30000}, unhandledPromptBehavior: dismiss and notify}
Session ID: 32a5ec40-ee08-8d43-80d4-06fd8e000e64)
[[ATTACHMENT|/Users/alonzomack/Katalon Studio/Regression/Reports/dev_staging smoketest/20190411_133229/1555008079567.png]]

2019-04-11 13:41:19 - [MESSAGE][FAILED] - setText(findTestObject("Admin Console ePulse Menu/Account Settings/Oaths/Add_Edit Oath/Oath Instructions"), "Oath Instructions") FAILED.
Reason:
com.kms.katalon.core.exception.StepFailedException: Unable to set text 'Oath Instructions' of object 'Object Repository/Admin Console ePulse Menu/Account Settings/Oaths/Add_Edit Oath/Oath Instructions' (Root cause: org.openqa.selenium.ElementNotInteractableException: Element <input id="account_oath_instructions" class="signature_1_instructions" name="account_oath[instructions]" type="text"> could not be scrolled into view
Build info: version: '3.7.1', revision: '8a0099a', time: '2017-11-06T21:07:36.161Z'
System info: host: 'QAs-MacBook-Pro-2.local', ip: 'fe80:0:0:0:141b:7791:71c:315e%en0', os.name: 'Mac OS X', os.arch: 'x86_64', os.version: '10.13.3', java.version: '1.8.0_181'
Driver info: com.kms.katalon.core.webui.driver.firefox.CGeckoDriver
Capabilities {acceptInsecureCerts: true, browserName: firefox, browserVersion: 66.0.2, javascriptEnabled: true, moz:accessibilityChecks: false, moz:geckodriverVersion: 0.23.0, moz:headless: true, moz:processID: 7496, moz:profile: /var/folders/p5/lldhhw894tb..., moz:shutdownTimeout: 60000, moz:useNonSpecCompliantPointerOrigin: false, moz:webdriverClick: true, pageLoadStrategy: normal, platform: MAC, platformName: MAC, platformVersion: 17.4.0, proxy: Proxy(direct), rotatable: false, setWindowRect: true, strictFileInteractability: false, timeouts: {implicit: 0, pageLoad: 300000, script: 30000}, unhandledPromptBehavior: dismiss and notify}
Session ID: 32a5ec40-ee08-8d43-80d4-06fd8e000e64)
	at com.kms.katalon.core.keyword.internal.KeywordMain.stepFailed(KeywordMain.groovy:36)
	at com.kms.katalon.core.webui.keyword.internal.WebUIKeywordMain.stepFailed(WebUIKeywordMain.groovy:65)
	at com.kms.katalon.core.webui.keyword.internal.WebUIKeywordMain.runKeyword(WebUIKeywordMain.groovy:27)
	at com.kms.katalon.core.webui.keyword.builtin.SetTextKeyword.setText(SetTextKeyword.groovy:65)
	at com.kms.katalon.core.webui.keyword.builtin.SetTextKeyword.execute(SetTextKeyword.groovy:37)
	at com.kms.katalon.core.keyword.internal.KeywordExecutor.executeKeywordForPlatform(KeywordExecutor.groovy:53)
	at com.kms.katalon.core.webui.keyword.WebUiBuiltInKeywords.setText(WebUiBuiltInKeywords.groovy:950)
	at com.kms.katalon.core.webui.keyword.WebUiBuiltInKeywords$setText$1.call(Unknown Source)
	at Oaths - Add.run(Oaths - Add:49)
	at com.kms.katalon.core.main.ScriptEngine.run(ScriptEngine.java:194)
	at com.kms.katalon.core.main.ScriptEngine.runScriptAsRawText(ScriptEngine.java:119)
	at com.kms.katalon.core.main.TestCaseExecutor.runScript(TestCaseExecutor.java:328)
	at com.kms.katalon.core.main.TestCaseExecutor.doExecute(TestCaseExecutor.java:319)
	at com.kms.katalon.core.main.TestCaseExecutor.processExecutionPhase(TestCaseExecutor.java:298)
	at com.kms.katalon.core.main.TestCaseExecutor.accessMainPhase(TestCaseExecutor.java:290)
	at com.kms.katalon.core.main.TestCaseExecutor.execute(TestCaseExecutor.java:224)
	at com.kms.katalon.core.main.TestSuiteExecutor.accessTestCaseMainPhase(TestSuiteExecutor.java:129)
	at com.kms.katalon.core.main.TestSuiteExecutor.accessTestSuiteMainPhase(TestSuiteExecutor.java:112)
	at com.kms.katalon.core.main.TestSuiteExecutor.execute(TestSuiteExecutor.java:81)
	at com.kms.katalon.core.main.TestCaseMain.startTestSuite(TestCaseMain.java:149)
	at com.kms.katalon.core.main.TestCaseMain$startTestSuite$0.call(Unknown Source)
	at TempTestSuite1555007549481.run(TempTestSuite1555007549481.groovy:36)]]></system-out>
         <system-err><![CDATA[2019-04-11 13:41:11 - [TEST_CASE][FAILED] - Test Cases/Admin Console/Account Settings/Oaths()/Oaths - Add: Test Cases/Admin Console/Account Settings/Oaths()/Oaths - Add FAILED.
Reason:
com.kms.katalon.core.exception.StepFailedException: Unable to set text 'Oath Instructions' of object 'Object Repository/Admin Console ePulse Menu/Account Settings/Oaths/Add_Edit Oath/Oath Instructions' (Root cause: org.openqa.selenium.ElementNotInteractableException: Element <input id="account_oath_instructions" class="signature_1_instructions" name="account_oath[instructions]" type="text"> could not be scrolled into view
Build info: version: '3.7.1', revision: '8a0099a', time: '2017-11-06T21:07:36.161Z'
System info: host: 'QAs-MacBook-Pro-2.local', ip: 'fe80:0:0:0:141b:7791:71c:315e%en0', os.name: 'Mac OS X', os.arch: 'x86_64', os.version: '10.13.3', java.version: '1.8.0_181'
Driver info: com.kms.katalon.core.webui.driver.firefox.CGeckoDriver
Capabilities {acceptInsecureCerts: true, browserName: firefox, browserVersion: 66.0.2, javascriptEnabled: true, moz:accessibilityChecks: false, moz:geckodriverVersion: 0.23.0, moz:headless: true, moz:processID: 7496, moz:profile: /var/folders/p5/lldhhw894tb..., moz:shutdownTimeout: 60000, moz:useNonSpecCompliantPointerOrigin: false, moz:webdriverClick: true, pageLoadStrategy: normal, platform: MAC, platformName: MAC, platformVersion: 17.4.0, proxy: Proxy(direct), rotatable: false, setWindowRect: true, strictFileInteractability: false, timeouts: {implicit: 0, pageLoad: 300000, script: 30000}, unhandledPromptBehavior: dismiss and notify}
Session ID: 32a5ec40-ee08-8d43-80d4-06fd8e000e64)
	at com.kms.katalon.core.keyword.internal.KeywordMain.stepFailed(KeywordMain.groovy:36)
	at com.kms.katalon.core.webui.keyword.internal.WebUIKeywordMain.stepFailed(WebUIKeywordMain.groovy:65)
	at com.kms.katalon.core.webui.keyword.internal.WebUIKeywordMain.runKeyword(WebUIKeywordMain.groovy:27)
	at com.kms.katalon.core.webui.keyword.builtin.SetTextKeyword.setText(SetTextKeyword.groovy:65)
	at com.kms.katalon.core.webui.keyword.builtin.SetTextKeyword.execute(SetTextKeyword.groovy:37)
	at com.kms.katalon.core.keyword.internal.KeywordExecutor.executeKeywordForPlatform(KeywordExecutor.groovy:53)
	at com.kms.katalon.core.webui.keyword.WebUiBuiltInKeywords.setText(WebUiBuiltInKeywords.groovy:950)
	at com.kms.katalon.core.webui.keyword.WebUiBuiltInKeywords$setText$1.call(Unknown Source)
	at Oaths - Add.run(Oaths - Add:49)
	at com.kms.katalon.core.main.ScriptEngine.run(ScriptEngine.java:194)
	at com.kms.katalon.core.main.ScriptEngine.runScriptAsRawText(ScriptEngine.java:119)
	at com.kms.katalon.core.main.TestCaseExecutor.runScript(TestCaseExecutor.java:328)
	at com.kms.katalon.core.main.TestCaseExecutor.doExecute(TestCaseExecutor.java:319)
	at com.kms.katalon.core.main.TestCaseExecutor.processExecutionPhase(TestCaseExecutor.java:298)
	at com.kms.katalon.core.main.TestCaseExecutor.accessMainPhase(TestCaseExecutor.java:290)
	at com.kms.katalon.core.main.TestCaseExecutor.execute(TestCaseExecutor.java:224)
	at com.kms.katalon.core.main.TestSuiteExecutor.accessTestCaseMainPhase(TestSuiteExecutor.java:129)
	at com.kms.katalon.core.main.TestSuiteExecutor.accessTestSuiteMainPhase(TestSuiteExecutor.java:112)
	at com.kms.katalon.core.main.TestSuiteExecutor.execute(TestSuiteExecutor.java:81)
	at com.kms.katalon.core.main.TestCaseMain.startTestSuite(TestCaseMain.java:149)
	at com.kms.katalon.core.main.TestCaseMain$startTestSuite$0.call(Unknown Source)
	at TempTestSuite1555007549481.run(TempTestSuite1555007549481.groovy:36)]]></system-err>
      </testcase>
      <testcase name="Test Cases/Admin Console/Account Settings/Oaths()/Oaths - Filter - Type" classname="Test Cases/Admin Console/Account Settings/Oaths()/Oaths - Filter - Type" status="FAILED">
         <failure type="FAILED" message="Test Cases/Admin Console/Account Settings/Oaths()/Oaths - Filter - Type FAILED.
Reason:
com.kms.katalon.core.exception.StepFailedException: Unable to click on object 'Object Repository/Admin Console ePulse Menu/Account Settings/Oaths/TEMP/TEMP Type Filter/Filter Oath Types/li_Allow Voter To Vote' (Root cause: com.kms.katalon.core.webui.exception.WebElementNotFoundException: Web element with id: 'Object Repository/Admin Console ePulse Menu/Account Settings/Oaths/TEMP/TEMP Type Filter/Filter Oath Types/li_Allow Voter To Vote' located by 'By.xpath: //ul[@id='filters']/li/div/div[2]/div/div/ul/li[3]' not found)
	at com.kms.katalon.core.keyword.internal.KeywordMain.stepFailed(KeywordMain.groovy:36)
	at com.kms.katalon.core.webui.keyword.internal.WebUIKeywordMain.stepFailed(WebUIKeywordMain.groovy:65)
	at com.kms.katalon.core.webui.keyword.internal.WebUIKeywordMain.runKeyword(WebUIKeywordMain.groovy:27)
	at com.kms.katalon.core.webui.keyword.builtin.ClickKeyword.click(ClickKeyword.groovy:86)
	at com.kms.katalon.core.webui.keyword.builtin.ClickKeyword.execute(ClickKeyword.groovy:67)
	at com.kms.katalon.core.keyword.internal.KeywordExecutor.executeKeywordForPlatform(KeywordExecutor.groovy:53)
	at com.kms.katalon.core.webui.keyword.WebUiBuiltInKeywords.click(WebUiBuiltInKeywords.groovy:616)
	at com.kms.katalon.core.webui.keyword.WebUiBuiltInKeywords$click$3.call(Unknown Source)
	at Oaths - Filter - Type.run(Oaths - Filter - Type:85)
	at com.kms.katalon.core.main.ScriptEngine.run(ScriptEngine.java:194)
	at com.kms.katalon.core.main.ScriptEngine.runScriptAsRawText(ScriptEngine.java:119)
	at com.kms.katalon.core.main.TestCaseExecutor.runScript(TestCaseExecutor.java:328)
	at com.kms.katalon.core.main.TestCaseExecutor.doExecute(TestCaseExecutor.java:319)
	at com.kms.katalon.core.main.TestCaseExecutor.processExecutionPhase(TestCaseExecutor.java:298)
	at com.kms.katalon.core.main.TestCaseExecutor.accessMainPhase(TestCaseExecutor.java:290)
	at com.kms.katalon.core.main.TestCaseExecutor.execute(TestCaseExecutor.java:224)
	at com.kms.katalon.core.main.TestSuiteExecutor.accessTestCaseMainPhase(TestSuiteExecutor.java:129)
	at com.kms.katalon.core.main.TestSuiteExecutor.accessTestSuiteMainPhase(TestSuiteExecutor.java:112)
	at com.kms.katalon.core.main.TestSuiteExecutor.execute(TestSuiteExecutor.java:81)
	at com.kms.katalon.core.main.TestCaseMain.startTestSuite(TestCaseMain.java:149)
	at com.kms.katalon.core.main.TestCaseMain$startTestSuite$0.call(Unknown Source)
	at TempTestSuite1555007549481.run(TempTestSuite1555007549481.groovy:36)
"/>
         <system-out><![CDATA[2019-04-11 13:41:21 - [TEST_CASE][FAILED] - Test Cases/Admin Console/Account Settings/Oaths()/Oaths - Filter - Type: Test Cases/Admin Console/Account Settings/Oaths()/Oaths - Filter - Type FAILED.
Reason:
com.kms.katalon.core.exception.StepFailedException: Unable to click on object 'Object Repository/Admin Console ePulse Menu/Account Settings/Oaths/TEMP/TEMP Type Filter/Filter Oath Types/li_Allow Voter To Vote' (Root cause: com.kms.katalon.core.webui.exception.WebElementNotFoundException: Web element with id: 'Object Repository/Admin Console ePulse Menu/Account Settings/Oaths/TEMP/TEMP Type Filter/Filter Oath Types/li_Allow Voter To Vote' located by 'By.xpath: //ul[@id='filters']/li/div/div[2]/div/div/ul/li[3]' not found)
	at com.kms.katalon.core.keyword.internal.KeywordMain.stepFailed(KeywordMain.groovy:36)
	at com.kms.katalon.core.webui.keyword.internal.WebUIKeywordMain.stepFailed(WebUIKeywordMain.groovy:65)
	at com.kms.katalon.core.webui.keyword.internal.WebUIKeywordMain.runKeyword(WebUIKeywordMain.groovy:27)
	at com.kms.katalon.core.webui.keyword.builtin.ClickKeyword.click(ClickKeyword.groovy:86)
	at com.kms.katalon.core.webui.keyword.builtin.ClickKeyword.execute(ClickKeyword.groovy:67)
	at com.kms.katalon.core.keyword.internal.KeywordExecutor.executeKeywordForPlatform(KeywordExecutor.groovy:53)
	at com.kms.katalon.core.webui.keyword.WebUiBuiltInKeywords.click(WebUiBuiltInKeywords.groovy:616)
	at com.kms.katalon.core.webui.keyword.WebUiBuiltInKeywords$click$3.call(Unknown Source)
	at Oaths - Filter - Type.run(Oaths - Filter - Type:85)
	at com.kms.katalon.core.main.ScriptEngine.run(ScriptEngine.java:194)
	at com.kms.katalon.core.main.ScriptEngine.runScriptAsRawText(ScriptEngine.java:119)
	at com.kms.katalon.core.main.TestCaseExecutor.runScript(TestCaseExecutor.java:328)
	at com.kms.katalon.core.main.TestCaseExecutor.doExecute(TestCaseExecutor.java:319)
	at com.kms.katalon.core.main.TestCaseExecutor.processExecutionPhase(TestCaseExecutor.java:298)
	at com.kms.katalon.core.main.TestCaseExecutor.accessMainPhase(TestCaseExecutor.java:290)
	at com.kms.katalon.core.main.TestCaseExecutor.execute(TestCaseExecutor.java:224)
	at com.kms.katalon.core.main.TestSuiteExecutor.accessTestCaseMainPhase(TestSuiteExecutor.java:129)
	at com.kms.katalon.core.main.TestSuiteExecutor.accessTestSuiteMainPhase(TestSuiteExecutor.java:112)
	at com.kms.katalon.core.main.TestSuiteExecutor.execute(TestSuiteExecutor.java:81)
	at com.kms.katalon.core.main.TestCaseMain.startTestSuite(TestCaseMain.java:149)
	at com.kms.katalon.core.main.TestCaseMain$startTestSuite$0.call(Unknown Source)
	at TempTestSuite1555007549481.run(TempTestSuite1555007549481.groovy:36)


2019-04-11 13:41:22 - [TEST_STEP][PASSED] - openBrowser(""): Browser is opened with url: ''

2019-04-11 13:41:22 - [MESSAGE][WARNING] - A browser is already opened. Closing browser and opening a new one

2019-04-11 13:41:22 - [MESSAGE][INFO] - Starting 'Firefox (headless)' driver

2019-04-11 13:41:24 - [MESSAGE][PASSED] - Browser is opened with url: ''

2019-04-11 13:41:24 - [TEST_STEP][PASSED] - navigateToUrl(URL): Navigate to 'https://epulsedev2.com' successfully

2019-04-11 13:41:26 - [MESSAGE][PASSED] - Navigate to 'https://epulsedev2.com' successfully

2019-04-11 13:41:26 - [TEST_STEP][PASSED] - setText(findTestObject("Login/Email Address"), User_email): Text 'alonzo.mack@knowink.com' is set on object 'Object Repository/Login/Email Address'

2019-04-11 13:41:26 - [MESSAGE][PASSED] - Text 'alonzo.mack@knowink.com' is set on object 'Object Repository/Login/Email Address'

2019-04-11 13:41:26 - [TEST_STEP][PASSED] - setEncryptedText(findTestObject("Login/Password"), Pswrd): Text ****** has been set on object 'Object Repository/Login/Password'

2019-04-11 13:41:26 - [MESSAGE][PASSED] - Text ****** has been set on object 'Object Repository/Login/Password'

2019-04-11 13:41:26 - [TEST_STEP][PASSED] - click(findTestObject("Login/Sign In")): Object: 'Object Repository/Login/Sign In' is clicked on

2019-04-11 13:41:27 - [MESSAGE][PASSED] - Object: 'Object Repository/Login/Sign In' is clicked on

2019-04-11 13:41:27 - [TEST_STEP][PASSED] - delay(1): Delayed 1 second(s)

2019-04-11 13:41:28 - [MESSAGE][PASSED] - Delayed 1 second(s)

2019-04-11 13:41:28 - [TEST_STEP][PASSED] - navigateToUrl(Oaths, STOP_ON_FAILURE): Navigate to 'https://am-automation-test.epulsedev2.com/account_oaths' successfully

2019-04-11 13:41:29 - [MESSAGE][PASSED] - Navigate to 'https://am-automation-test.epulsedev2.com/account_oaths' successfully

2019-04-11 13:41:29 - [TEST_STEP][PASSED] - delay(1): Delayed 1 second(s)

2019-04-11 13:41:30 - [MESSAGE][PASSED] - Delayed 1 second(s)

2019-04-11 13:41:30 - [TEST_STEP][PASSED] - click(findTestObject("Admin Console ePulse Menu/Account Settings/Oaths/TEMP/TEMP Type Filter/Filter Oath Types/Filter Type Dropdown")): Object: 'Object Repository/Admin Console ePulse Menu/Account Settings/Oaths/TEMP/TEMP Type Filter/Filter Oath Types/Filter Type Dropdown' is clicked on

2019-04-11 13:41:30 - [MESSAGE][PASSED] - Object: 'Object Repository/Admin Console ePulse Menu/Account Settings/Oaths/TEMP/TEMP Type Filter/Filter Oath Types/Filter Type Dropdown' is clicked on

2019-04-11 13:41:30 - [TEST_STEP][PASSED] - delay(1): Delayed 1 second(s)

2019-04-11 13:41:31 - [MESSAGE][PASSED] - Delayed 1 second(s)

2019-04-11 13:41:31 - [TEST_STEP][PASSED] - click(findTestObject("Admin Console ePulse Menu/Account Settings/Oaths/TEMP/TEMP Type Filter/Filter Oath Types/Apply Type Filters")): Object: 'Object Repository/Admin Console ePulse Menu/Account Settings/Oaths/TEMP/TEMP Type Filter/Filter Oath Types/Apply Type Filters' is clicked on

2019-04-11 13:41:31 - [MESSAGE][PASSED] - Object: 'Object Repository/Admin Console ePulse Menu/Account Settings/Oaths/TEMP/TEMP Type Filter/Filter Oath Types/Apply Type Filters' is clicked on

2019-04-11 13:41:31 - [TEST_STEP][PASSED] - delay(1): Delayed 1 second(s)

2019-04-11 13:41:32 - [MESSAGE][PASSED] - Delayed 1 second(s)

2019-04-11 13:41:32 - [TEST_STEP][PASSED] - click(findTestObject("Admin Console ePulse Menu/Account Settings/Oaths/TEMP/TEMP Type Filter/Filter Oath Types/Remove Filter Type ALL")): Object: 'Object Repository/Admin Console ePulse Menu/Account Settings/Oaths/TEMP/TEMP Type Filter/Filter Oath Types/Remove Filter Type ALL' is clicked on

2019-04-11 13:41:33 - [MESSAGE][PASSED] - Object: 'Object Repository/Admin Console ePulse Menu/Account Settings/Oaths/TEMP/TEMP Type Filter/Filter Oath Types/Remove Filter Type ALL' is clicked on

2019-04-11 13:41:33 - [TEST_STEP][PASSED] - delay(1): Delayed 1 second(s)

2019-04-11 13:41:34 - [MESSAGE][PASSED] - Delayed 1 second(s)

2019-04-11 13:41:34 - [TEST_STEP][PASSED] - click(findTestObject("Admin Console ePulse Menu/Account Settings/Oaths/TEMP/TEMP Type Filter/Filter Oath Types/Filter Type Dropdown")): Object: 'Object Repository/Admin Console ePulse Menu/Account Settings/Oaths/TEMP/TEMP Type Filter/Filter Oath Types/Filter Type Dropdown' is clicked on

2019-04-11 13:41:34 - [MESSAGE][PASSED] - Object: 'Object Repository/Admin Console ePulse Menu/Account Settings/Oaths/TEMP/TEMP Type Filter/Filter Oath Types/Filter Type Dropdown' is clicked on

2019-04-11 13:41:34 - [TEST_STEP][PASSED] - delay(1): Delayed 1 second(s)

2019-04-11 13:41:35 - [MESSAGE][PASSED] - Delayed 1 second(s)

2019-04-11 13:41:35 - [TEST_STEP][PASSED] - click(findTestObject("Admin Console ePulse Menu/Account Settings/Oaths/TEMP/TEMP Type Filter/Filter Oath Types/Filter Dropdown Options")): Object: 'Object Repository/Admin Console ePulse Menu/Account Settings/Oaths/TEMP/TEMP Type Filter/Filter Oath Types/Filter Dropdown Options' is clicked on

2019-04-11 13:41:35 - [MESSAGE][PASSED] - Object: 'Object Repository/Admin Console ePulse Menu/Account Settings/Oaths/TEMP/TEMP Type Filter/Filter Oath Types/Filter Dropdown Options' is clicked on

2019-04-11 13:41:35 - [TEST_STEP][PASSED] - delay(1): Delayed 1 second(s)

2019-04-11 13:41:36 - [MESSAGE][PASSED] - Delayed 1 second(s)

2019-04-11 13:41:36 - [TEST_STEP][PASSED] - click(findTestObject("Admin Console ePulse Menu/Account Settings/Oaths/TEMP/TEMP Type Filter/Filter Oath Types/Select Id Method")): Object: 'Object Repository/Admin Console ePulse Menu/Account Settings/Oaths/TEMP/TEMP Type Filter/Filter Oath Types/Select Id Method' is clicked on

2019-04-11 13:41:36 - [MESSAGE][PASSED] - Object: 'Object Repository/Admin Console ePulse Menu/Account Settings/Oaths/TEMP/TEMP Type Filter/Filter Oath Types/Select Id Method' is clicked on

2019-04-11 13:41:36 - [TEST_STEP][PASSED] - delay(1): Delayed 1 second(s)

2019-04-11 13:41:37 - [MESSAGE][PASSED] - Delayed 1 second(s)

2019-04-11 13:41:37 - [TEST_STEP][PASSED] - click(findTestObject("Admin Console ePulse Menu/Account Settings/Oaths/TEMP/TEMP Type Filter/Filter Oath Types/Apply Type Filters")): Object: 'Object Repository/Admin Console ePulse Menu/Account Settings/Oaths/TEMP/TEMP Type Filter/Filter Oath Types/Apply Type Filters' is clicked on

2019-04-11 13:41:38 - [MESSAGE][PASSED] - Object: 'Object Repository/Admin Console ePulse Menu/Account Settings/Oaths/TEMP/TEMP Type Filter/Filter Oath Types/Apply Type Filters' is clicked on

2019-04-11 13:41:38 - [TEST_STEP][PASSED] - delay(1): Delayed 1 second(s)

2019-04-11 13:41:39 - [MESSAGE][PASSED] - Delayed 1 second(s)

2019-04-11 13:41:39 - [TEST_STEP][PASSED] - click(findTestObject("Admin Console ePulse Menu/Account Settings/Oaths/TEMP/TEMP Type Filter/Filter Oath Types/Type Dropdown")): Object: 'Object Repository/Admin Console ePulse Menu/Account Settings/Oaths/TEMP/TEMP Type Filter/Filter Oath Types/Type Dropdown' is clicked on

2019-04-11 13:41:39 - [MESSAGE][PASSED] - Object: 'Object Repository/Admin Console ePulse Menu/Account Settings/Oaths/TEMP/TEMP Type Filter/Filter Oath Types/Type Dropdown' is clicked on

2019-04-11 13:41:39 - [TEST_STEP][PASSED] - delay(1): Delayed 1 second(s)

2019-04-11 13:41:40 - [MESSAGE][PASSED] - Delayed 1 second(s)

2019-04-11 13:41:40 - [TEST_STEP][PASSED] - click(findTestObject("Admin Console ePulse Menu/Account Settings/Oaths/TEMP/TEMP Type Filter/Filter Oath Types/Filter Type Dropdown")): Object: 'Object Repository/Admin Console ePulse Menu/Account Settings/Oaths/TEMP/TEMP Type Filter/Filter Oath Types/Filter Type Dropdown' is clicked on

2019-04-11 13:41:40 - [MESSAGE][PASSED] - Object: 'Object Repository/Admin Console ePulse Menu/Account Settings/Oaths/TEMP/TEMP Type Filter/Filter Oath Types/Filter Type Dropdown' is clicked on

2019-04-11 13:41:40 - [TEST_STEP][PASSED] - delay(1): Delayed 1 second(s)

2019-04-11 13:41:41 - [MESSAGE][PASSED] - Delayed 1 second(s)

2019-04-11 13:41:41 - [TEST_STEP][PASSED] - click(findTestObject("Admin Console ePulse Menu/Account Settings/Oaths/TEMP/TEMP Type Filter/Filter Oath Types/a_Id Method")): Object: 'Object Repository/Admin Console ePulse Menu/Account Settings/Oaths/TEMP/TEMP Type Filter/Filter Oath Types/a_Id Method' is clicked on

2019-04-11 13:41:41 - [MESSAGE][PASSED] - Object: 'Object Repository/Admin Console ePulse Menu/Account Settings/Oaths/TEMP/TEMP Type Filter/Filter Oath Types/a_Id Method' is clicked on

2019-04-11 13:41:41 - [TEST_STEP][PASSED] - delay(1): Delayed 1 second(s)

2019-04-11 13:41:42 - [MESSAGE][PASSED] - Delayed 1 second(s)

2019-04-11 13:41:42 - [TEST_STEP][FAILED] - click(findTestObject("Admin Console ePulse Menu/Account Settings/Oaths/TEMP/TEMP Type Filter/Filter Oath Types/li_Allow Voter To Vote")): click(findTestObject("Admin Console ePulse Menu/Account Settings/Oaths/TEMP/TEMP Type Filter/Filter Oath Types/li_Allow Voter To Vote")) FAILED.
Reason:
com.kms.katalon.core.exception.StepFailedException: Unable to click on object 'Object Repository/Admin Console ePulse Menu/Account Settings/Oaths/TEMP/TEMP Type Filter/Filter Oath Types/li_Allow Voter To Vote' (Root cause: com.kms.katalon.core.webui.exception.WebElementNotFoundException: Web element with id: 'Object Repository/Admin Console ePulse Menu/Account Settings/Oaths/TEMP/TEMP Type Filter/Filter Oath Types/li_Allow Voter To Vote' located by 'By.xpath: //ul[@id='filters']/li/div/div[2]/div/div/ul/li[3]' not found)
	at com.kms.katalon.core.keyword.internal.KeywordMain.stepFailed(KeywordMain.groovy:36)
	at com.kms.katalon.core.webui.keyword.internal.WebUIKeywordMain.stepFailed(WebUIKeywordMain.groovy:65)
	at com.kms.katalon.core.webui.keyword.internal.WebUIKeywordMain.runKeyword(WebUIKeywordMain.groovy:27)
	at com.kms.katalon.core.webui.keyword.builtin.ClickKeyword.click(ClickKeyword.groovy:86)
	at com.kms.katalon.core.webui.keyword.builtin.ClickKeyword.execute(ClickKeyword.groovy:67)
	at com.kms.katalon.core.keyword.internal.KeywordExecutor.executeKeywordForPlatform(KeywordExecutor.groovy:53)
	at com.kms.katalon.core.webui.keyword.WebUiBuiltInKeywords.click(WebUiBuiltInKeywords.groovy:616)
	at com.kms.katalon.core.webui.keyword.WebUiBuiltInKeywords$click$3.call(Unknown Source)
	at Oaths - Filter - Type.run(Oaths - Filter - Type:85)
	at com.kms.katalon.core.main.ScriptEngine.run(ScriptEngine.java:194)
	at com.kms.katalon.core.main.ScriptEngine.runScriptAsRawText(ScriptEngine.java:119)
	at com.kms.katalon.core.main.TestCaseExecutor.runScript(TestCaseExecutor.java:328)
	at com.kms.katalon.core.main.TestCaseExecutor.doExecute(TestCaseExecutor.java:319)
	at com.kms.katalon.core.main.TestCaseExecutor.processExecutionPhase(TestCaseExecutor.java:298)
	at com.kms.katalon.core.main.TestCaseExecutor.accessMainPhase(TestCaseExecutor.java:290)
	at com.kms.katalon.core.main.TestCaseExecutor.execute(TestCaseExecutor.java:224)
	at com.kms.katalon.core.main.TestSuiteExecutor.accessTestCaseMainPhase(TestSuiteExecutor.java:129)
	at com.kms.katalon.core.main.TestSuiteExecutor.accessTestSuiteMainPhase(TestSuiteExecutor.java:112)
	at com.kms.katalon.core.main.TestSuiteExecutor.execute(TestSuiteExecutor.java:81)
	at com.kms.katalon.core.main.TestCaseMain.startTestSuite(TestCaseMain.java:149)
	at com.kms.katalon.core.main.TestCaseMain$startTestSuite$0.call(Unknown Source)
	at TempTestSuite1555007549481.run(TempTestSuite1555007549481.groovy:36)


2019-04-11 13:41:58 - [MESSAGE][INFO] - Unable to find the element located by 'By.xpath: //ul[@id='filters']/li/div/div[2]/div/div/ul/li[3]'. Please recheck the objects properties to make sure the desired element is located. 

2019-04-11 13:41:58 - [MESSAGE][FAILED] - Unable to click on object 'Object Repository/Admin Console ePulse Menu/Account Settings/Oaths/TEMP/TEMP Type Filter/Filter Oath Types/li_Allow Voter To Vote' (Root cause: com.kms.katalon.core.webui.exception.WebElementNotFoundException: Web element with id: 'Object Repository/Admin Console ePulse Menu/Account Settings/Oaths/TEMP/TEMP Type Filter/Filter Oath Types/li_Allow Voter To Vote' located by 'By.xpath: //ul[@id='filters']/li/div/div[2]/div/div/ul/li[3]' not found)
[[ATTACHMENT|/Users/alonzomack/Katalon Studio/Regression/Reports/dev_staging smoketest/20190411_133229/1555008118063.png]]

2019-04-11 13:41:58 - [MESSAGE][FAILED] - click(findTestObject("Admin Console ePulse Menu/Account Settings/Oaths/TEMP/TEMP Type Filter/Filter Oath Types/li_Allow Voter To Vote")) FAILED.
Reason:
com.kms.katalon.core.exception.StepFailedException: Unable to click on object 'Object Repository/Admin Console ePulse Menu/Account Settings/Oaths/TEMP/TEMP Type Filter/Filter Oath Types/li_Allow Voter To Vote' (Root cause: com.kms.katalon.core.webui.exception.WebElementNotFoundException: Web element with id: 'Object Repository/Admin Console ePulse Menu/Account Settings/Oaths/TEMP/TEMP Type Filter/Filter Oath Types/li_Allow Voter To Vote' located by 'By.xpath: //ul[@id='filters']/li/div/div[2]/div/div/ul/li[3]' not found)
	at com.kms.katalon.core.keyword.internal.KeywordMain.stepFailed(KeywordMain.groovy:36)
	at com.kms.katalon.core.webui.keyword.internal.WebUIKeywordMain.stepFailed(WebUIKeywordMain.groovy:65)
	at com.kms.katalon.core.webui.keyword.internal.WebUIKeywordMain.runKeyword(WebUIKeywordMain.groovy:27)
	at com.kms.katalon.core.webui.keyword.builtin.ClickKeyword.click(ClickKeyword.groovy:86)
	at com.kms.katalon.core.webui.keyword.builtin.ClickKeyword.execute(ClickKeyword.groovy:67)
	at com.kms.katalon.core.keyword.internal.KeywordExecutor.executeKeywordForPlatform(KeywordExecutor.groovy:53)
	at com.kms.katalon.core.webui.keyword.WebUiBuiltInKeywords.click(WebUiBuiltInKeywords.groovy:616)
	at com.kms.katalon.core.webui.keyword.WebUiBuiltInKeywords$click$3.call(Unknown Source)
	at Oaths - Filter - Type.run(Oaths - Filter - Type:85)
	at com.kms.katalon.core.main.ScriptEngine.run(ScriptEngine.java:194)
	at com.kms.katalon.core.main.ScriptEngine.runScriptAsRawText(ScriptEngine.java:119)
	at com.kms.katalon.core.main.TestCaseExecutor.runScript(TestCaseExecutor.java:328)
	at com.kms.katalon.core.main.TestCaseExecutor.doExecute(TestCaseExecutor.java:319)
	at com.kms.katalon.core.main.TestCaseExecutor.processExecutionPhase(TestCaseExecutor.java:298)
	at com.kms.katalon.core.main.TestCaseExecutor.accessMainPhase(TestCaseExecutor.java:290)
	at com.kms.katalon.core.main.TestCaseExecutor.execute(TestCaseExecutor.java:224)
	at com.kms.katalon.core.main.TestSuiteExecutor.accessTestCaseMainPhase(TestSuiteExecutor.java:129)
	at com.kms.katalon.core.main.TestSuiteExecutor.accessTestSuiteMainPhase(TestSuiteExecutor.java:112)
	at com.kms.katalon.core.main.TestSuiteExecutor.execute(TestSuiteExecutor.java:81)
	at com.kms.katalon.core.main.TestCaseMain.startTestSuite(TestCaseMain.java:149)
	at com.kms.katalon.core.main.TestCaseMain$startTestSuite$0.call(Unknown Source)
	at TempTestSuite1555007549481.run(TempTestSuite1555007549481.groovy:36)]]></system-out>
         <system-err><![CDATA[2019-04-11 13:41:21 - [TEST_CASE][FAILED] - Test Cases/Admin Console/Account Settings/Oaths()/Oaths - Filter - Type: Test Cases/Admin Console/Account Settings/Oaths()/Oaths - Filter - Type FAILED.
Reason:
com.kms.katalon.core.exception.StepFailedException: Unable to click on object 'Object Repository/Admin Console ePulse Menu/Account Settings/Oaths/TEMP/TEMP Type Filter/Filter Oath Types/li_Allow Voter To Vote' (Root cause: com.kms.katalon.core.webui.exception.WebElementNotFoundException: Web element with id: 'Object Repository/Admin Console ePulse Menu/Account Settings/Oaths/TEMP/TEMP Type Filter/Filter Oath Types/li_Allow Voter To Vote' located by 'By.xpath: //ul[@id='filters']/li/div/div[2]/div/div/ul/li[3]' not found)
	at com.kms.katalon.core.keyword.internal.KeywordMain.stepFailed(KeywordMain.groovy:36)
	at com.kms.katalon.core.webui.keyword.internal.WebUIKeywordMain.stepFailed(WebUIKeywordMain.groovy:65)
	at com.kms.katalon.core.webui.keyword.internal.WebUIKeywordMain.runKeyword(WebUIKeywordMain.groovy:27)
	at com.kms.katalon.core.webui.keyword.builtin.ClickKeyword.click(ClickKeyword.groovy:86)
	at com.kms.katalon.core.webui.keyword.builtin.ClickKeyword.execute(ClickKeyword.groovy:67)
	at com.kms.katalon.core.keyword.internal.KeywordExecutor.executeKeywordForPlatform(KeywordExecutor.groovy:53)
	at com.kms.katalon.core.webui.keyword.WebUiBuiltInKeywords.click(WebUiBuiltInKeywords.groovy:616)
	at com.kms.katalon.core.webui.keyword.WebUiBuiltInKeywords$click$3.call(Unknown Source)
	at Oaths - Filter - Type.run(Oaths - Filter - Type:85)
	at com.kms.katalon.core.main.ScriptEngine.run(ScriptEngine.java:194)
	at com.kms.katalon.core.main.ScriptEngine.runScriptAsRawText(ScriptEngine.java:119)
	at com.kms.katalon.core.main.TestCaseExecutor.runScript(TestCaseExecutor.java:328)
	at com.kms.katalon.core.main.TestCaseExecutor.doExecute(TestCaseExecutor.java:319)
	at com.kms.katalon.core.main.TestCaseExecutor.processExecutionPhase(TestCaseExecutor.java:298)
	at com.kms.katalon.core.main.TestCaseExecutor.accessMainPhase(TestCaseExecutor.java:290)
	at com.kms.katalon.core.main.TestCaseExecutor.execute(TestCaseExecutor.java:224)
	at com.kms.katalon.core.main.TestSuiteExecutor.accessTestCaseMainPhase(TestSuiteExecutor.java:129)
	at com.kms.katalon.core.main.TestSuiteExecutor.accessTestSuiteMainPhase(TestSuiteExecutor.java:112)
	at com.kms.katalon.core.main.TestSuiteExecutor.execute(TestSuiteExecutor.java:81)
	at com.kms.katalon.core.main.TestCaseMain.startTestSuite(TestCaseMain.java:149)
	at com.kms.katalon.core.main.TestCaseMain$startTestSuite$0.call(Unknown Source)
	at TempTestSuite1555007549481.run(TempTestSuite1555007549481.groovy:36)]]></system-err>
      </testcase>
      <testcase name="Test Cases/Admin Console/Account Settings/Oaths()/Oaths - Filter - Status" classname="Test Cases/Admin Console/Account Settings/Oaths()/Oaths - Filter - Status" status="PASSED">
         <system-out><![CDATA[2019-04-11 13:42:00 - [TEST_CASE][PASSED] - Test Cases/Admin Console/Account Settings/Oaths()/Oaths - Filter - Status: Test Cases/Admin Console/Account Settings/Oaths()/Oaths - Filter - Status

2019-04-11 13:42:00 - [TEST_STEP][PASSED] - openBrowser(""): Browser is opened with url: ''

2019-04-11 13:42:00 - [MESSAGE][WARNING] - A browser is already opened. Closing browser and opening a new one

2019-04-11 13:42:00 - [MESSAGE][INFO] - Starting 'Firefox (headless)' driver

2019-04-11 13:42:03 - [MESSAGE][PASSED] - Browser is opened with url: ''

2019-04-11 13:42:03 - [TEST_STEP][PASSED] - navigateToUrl(URL): Navigate to 'https://epulsedev2.com' successfully

2019-04-11 13:42:04 - [MESSAGE][PASSED] - Navigate to 'https://epulsedev2.com' successfully

2019-04-11 13:42:04 - [TEST_STEP][PASSED] - setText(findTestObject("Login/Email Address"), User_email): Text 'alonzo.mack@knowink.com' is set on object 'Object Repository/Login/Email Address'

2019-04-11 13:42:04 - [MESSAGE][PASSED] - Text 'alonzo.mack@knowink.com' is set on object 'Object Repository/Login/Email Address'

2019-04-11 13:42:04 - [TEST_STEP][PASSED] - setEncryptedText(findTestObject("Login/Password"), Pswrd): Text ****** has been set on object 'Object Repository/Login/Password'

2019-04-11 13:42:04 - [MESSAGE][PASSED] - Text ****** has been set on object 'Object Repository/Login/Password'

2019-04-11 13:42:04 - [TEST_STEP][PASSED] - click(findTestObject("Login/Sign In")): Object: 'Object Repository/Login/Sign In' is clicked on

2019-04-11 13:42:05 - [MESSAGE][PASSED] - Object: 'Object Repository/Login/Sign In' is clicked on

2019-04-11 13:42:05 - [TEST_STEP][PASSED] - delay(1): Delayed 1 second(s)

2019-04-11 13:42:06 - [MESSAGE][PASSED] - Delayed 1 second(s)

2019-04-11 13:42:06 - [TEST_STEP][PASSED] - navigateToUrl(Oaths, STOP_ON_FAILURE): Navigate to 'https://am-automation-test.epulsedev2.com/account_oaths' successfully

2019-04-11 13:42:07 - [MESSAGE][PASSED] - Navigate to 'https://am-automation-test.epulsedev2.com/account_oaths' successfully

2019-04-11 13:42:07 - [TEST_STEP][PASSED] - delay(1): Delayed 1 second(s)

2019-04-11 13:42:08 - [MESSAGE][PASSED] - Delayed 1 second(s)

2019-04-11 13:42:08 - [TEST_STEP][PASSED] - click(findTestObject("Admin Console ePulse Menu/Account Settings/Oaths/TEMP/Page_Epulse  am-Automation-test/Status Filter")): Object: 'Object Repository/Admin Console ePulse Menu/Account Settings/Oaths/TEMP/Page_Epulse  am-Automation-test/Status Filter' is clicked on

2019-04-11 13:42:08 - [MESSAGE][PASSED] - Object: 'Object Repository/Admin Console ePulse Menu/Account Settings/Oaths/TEMP/Page_Epulse  am-Automation-test/Status Filter' is clicked on

2019-04-11 13:42:08 - [TEST_STEP][PASSED] - delay(1): Delayed 1 second(s)

2019-04-11 13:42:09 - [MESSAGE][PASSED] - Delayed 1 second(s)

2019-04-11 13:42:09 - [TEST_STEP][PASSED] - click(findTestObject("Admin Console ePulse Menu/Account Settings/Oaths/TEMP/Page_Epulse  am-Automation-test/Apply Status Filters")): Object: 'Object Repository/Admin Console ePulse Menu/Account Settings/Oaths/TEMP/Page_Epulse  am-Automation-test/Apply Status Filters' is clicked on

2019-04-11 13:42:10 - [MESSAGE][PASSED] - Object: 'Object Repository/Admin Console ePulse Menu/Account Settings/Oaths/TEMP/Page_Epulse  am-Automation-test/Apply Status Filters' is clicked on

2019-04-11 13:42:10 - [TEST_STEP][PASSED] - delay(1): Delayed 1 second(s)

2019-04-11 13:42:11 - [MESSAGE][PASSED] - Delayed 1 second(s)

2019-04-11 13:42:11 - [TEST_STEP][PASSED] - click(findTestObject("Admin Console ePulse Menu/Account Settings/Oaths/TEMP/Page_Epulse  am-Automation-test/Close Current Status Filter")): Object: 'Object Repository/Admin Console ePulse Menu/Account Settings/Oaths/TEMP/Page_Epulse  am-Automation-test/Close Current Status Filter' is clicked on

2019-04-11 13:42:11 - [MESSAGE][PASSED] - Object: 'Object Repository/Admin Console ePulse Menu/Account Settings/Oaths/TEMP/Page_Epulse  am-Automation-test/Close Current Status Filter' is clicked on

2019-04-11 13:42:11 - [TEST_STEP][PASSED] - click(findTestObject("Admin Console ePulse Menu/Account Settings/Oaths/TEMP/Page_Epulse  am-Automation-test/Status Filter")): Object: 'Object Repository/Admin Console ePulse Menu/Account Settings/Oaths/TEMP/Page_Epulse  am-Automation-test/Status Filter' is clicked on

2019-04-11 13:42:11 - [MESSAGE][PASSED] - Object: 'Object Repository/Admin Console ePulse Menu/Account Settings/Oaths/TEMP/Page_Epulse  am-Automation-test/Status Filter' is clicked on

2019-04-11 13:42:11 - [TEST_STEP][PASSED] - selectOptionByValue(findTestObject("Admin Console ePulse Menu/Account Settings/Oaths/TEMP/Page_Epulse  am-Automation-test/Status Filter Dropdown"), "archived", true): All options with value 'archived' are selected in object 'Object Repository/Admin Console ePulse Menu/Account Settings/Oaths/TEMP/Page_Epulse  am-Automation-test/Status Filter Dropdown'  using regular expression

2019-04-11 13:42:11 - [MESSAGE][PASSED] - All options with value 'archived' are selected in object 'Object Repository/Admin Console ePulse Menu/Account Settings/Oaths/TEMP/Page_Epulse  am-Automation-test/Status Filter Dropdown'  using regular expression

2019-04-11 13:42:11 - [TEST_STEP][PASSED] - click(findTestObject("Admin Console ePulse Menu/Account Settings/Oaths/TEMP/Page_Epulse  am-Automation-test/Apply Status Filters")): Object: 'Object Repository/Admin Console ePulse Menu/Account Settings/Oaths/TEMP/Page_Epulse  am-Automation-test/Apply Status Filters' is clicked on

2019-04-11 13:42:12 - [MESSAGE][PASSED] - Object: 'Object Repository/Admin Console ePulse Menu/Account Settings/Oaths/TEMP/Page_Epulse  am-Automation-test/Apply Status Filters' is clicked on

2019-04-11 13:42:12 - [TEST_STEP][PASSED] - delay(1): Delayed 1 second(s)

2019-04-11 13:42:13 - [MESSAGE][PASSED] - Delayed 1 second(s)

2019-04-11 13:42:13 - [TEST_STEP][PASSED] - click(findTestObject("Admin Console ePulse Menu/Account Settings/Oaths/TEMP/Page_Epulse  am-Automation-test/Close Archived Status Filter")): Object: 'Object Repository/Admin Console ePulse Menu/Account Settings/Oaths/TEMP/Page_Epulse  am-Automation-test/Close Archived Status Filter' is clicked on

2019-04-11 13:42:13 - [MESSAGE][PASSED] - Object: 'Object Repository/Admin Console ePulse Menu/Account Settings/Oaths/TEMP/Page_Epulse  am-Automation-test/Close Archived Status Filter' is clicked on

2019-04-11 13:42:13 - [TEST_STEP][PASSED] - click(findTestObject("Admin Console ePulse Menu/Account Settings/Oaths/TEMP/Page_Epulse  am-Automation-test/Status Filter")): Object: 'Object Repository/Admin Console ePulse Menu/Account Settings/Oaths/TEMP/Page_Epulse  am-Automation-test/Status Filter' is clicked on

2019-04-11 13:42:13 - [MESSAGE][PASSED] - Object: 'Object Repository/Admin Console ePulse Menu/Account Settings/Oaths/TEMP/Page_Epulse  am-Automation-test/Status Filter' is clicked on

2019-04-11 13:42:13 - [TEST_STEP][PASSED] - selectOptionByValue(findTestObject("Admin Console ePulse Menu/Account Settings/Oaths/TEMP/Page_Epulse  am-Automation-test/Status Filter Dropdown"), "both", true): All options with value 'both' are selected in object 'Object Repository/Admin Console ePulse Menu/Account Settings/Oaths/TEMP/Page_Epulse  am-Automation-test/Status Filter Dropdown'  using regular expression

2019-04-11 13:42:13 - [MESSAGE][PASSED] - All options with value 'both' are selected in object 'Object Repository/Admin Console ePulse Menu/Account Settings/Oaths/TEMP/Page_Epulse  am-Automation-test/Status Filter Dropdown'  using regular expression

2019-04-11 13:42:13 - [TEST_STEP][PASSED] - click(findTestObject("Admin Console ePulse Menu/Account Settings/Oaths/TEMP/Page_Epulse  am-Automation-test/Apply Status Filters")): Object: 'Object Repository/Admin Console ePulse Menu/Account Settings/Oaths/TEMP/Page_Epulse  am-Automation-test/Apply Status Filters' is clicked on

2019-04-11 13:42:13 - [MESSAGE][PASSED] - Object: 'Object Repository/Admin Console ePulse Menu/Account Settings/Oaths/TEMP/Page_Epulse  am-Automation-test/Apply Status Filters' is clicked on

2019-04-11 13:42:13 - [TEST_STEP][PASSED] - delay(1): Delayed 1 second(s)

2019-04-11 13:42:14 - [MESSAGE][PASSED] - Delayed 1 second(s)

2019-04-11 13:42:15 - [TEST_STEP][PASSED] - click(findTestObject("Admin Console ePulse Menu/Account Settings/Oaths/TEMP/Page_Epulse  am-Automation-test/Close Both Status Filter")): Object: 'Object Repository/Admin Console ePulse Menu/Account Settings/Oaths/TEMP/Page_Epulse  am-Automation-test/Close Both Status Filter' is clicked on

2019-04-11 13:42:15 - [MESSAGE][PASSED] - Object: 'Object Repository/Admin Console ePulse Menu/Account Settings/Oaths/TEMP/Page_Epulse  am-Automation-test/Close Both Status Filter' is clicked on

2019-04-11 13:42:15 - [TEST_STEP][PASSED] - closeBrowser(): Browser is closed

2019-04-11 13:42:15 - [MESSAGE][PASSED] - Browser is closed]]></system-out>
         <system-err><![CDATA[]]></system-err>
      </testcase>
      <testcase name="Test Cases/Admin Console/Account Settings/Oaths()/Oaths - Delete" classname="Test Cases/Admin Console/Account Settings/Oaths()/Oaths - Delete" status="FAILED">
         <failure type="FAILED" message="Test Cases/Admin Console/Account Settings/Oaths()/Oaths - Delete FAILED.
Reason:
com.kms.katalon.core.exception.StepFailedException: Unable to click on object 'Object Repository/Admin Console ePulse Menu/Account Settings/Oaths/Delete Displayed Oath' (Root cause: com.kms.katalon.core.webui.exception.WebElementNotFoundException: Web element with id: 'Object Repository/Admin Console ePulse Menu/Account Settings/Oaths/Delete Displayed Oath' located by 'By.xpath: //section[@id='sort_table']/table/tbody/tr[2]/td[8]/a[2]' not found)
	at com.kms.katalon.core.keyword.internal.KeywordMain.stepFailed(KeywordMain.groovy:36)
	at com.kms.katalon.core.webui.keyword.internal.WebUIKeywordMain.stepFailed(WebUIKeywordMain.groovy:65)
	at com.kms.katalon.core.webui.keyword.internal.WebUIKeywordMain.runKeyword(WebUIKeywordMain.groovy:27)
	at com.kms.katalon.core.webui.keyword.builtin.ClickKeyword.click(ClickKeyword.groovy:86)
	at com.kms.katalon.core.webui.keyword.builtin.ClickKeyword.execute(ClickKeyword.groovy:67)
	at com.kms.katalon.core.keyword.internal.KeywordExecutor.executeKeywordForPlatform(KeywordExecutor.groovy:53)
	at com.kms.katalon.core.webui.keyword.WebUiBuiltInKeywords.click(WebUiBuiltInKeywords.groovy:616)
	at com.kms.katalon.core.webui.keyword.WebUiBuiltInKeywords$click$3.call(Unknown Source)
	at Oaths - Delete.run(Oaths - Delete:53)
	at com.kms.katalon.core.main.ScriptEngine.run(ScriptEngine.java:194)
	at com.kms.katalon.core.main.ScriptEngine.runScriptAsRawText(ScriptEngine.java:119)
	at com.kms.katalon.core.main.TestCaseExecutor.runScript(TestCaseExecutor.java:328)
	at com.kms.katalon.core.main.TestCaseExecutor.doExecute(TestCaseExecutor.java:319)
	at com.kms.katalon.core.main.TestCaseExecutor.processExecutionPhase(TestCaseExecutor.java:298)
	at com.kms.katalon.core.main.TestCaseExecutor.accessMainPhase(TestCaseExecutor.java:290)
	at com.kms.katalon.core.main.TestCaseExecutor.execute(TestCaseExecutor.java:224)
	at com.kms.katalon.core.main.TestSuiteExecutor.accessTestCaseMainPhase(TestSuiteExecutor.java:129)
	at com.kms.katalon.core.main.TestSuiteExecutor.accessTestSuiteMainPhase(TestSuiteExecutor.java:112)
	at com.kms.katalon.core.main.TestSuiteExecutor.execute(TestSuiteExecutor.java:81)
	at com.kms.katalon.core.main.TestCaseMain.startTestSuite(TestCaseMain.java:149)
	at com.kms.katalon.core.main.TestCaseMain$startTestSuite$0.call(Unknown Source)
	at TempTestSuite1555007549481.run(TempTestSuite1555007549481.groovy:36)
"/>
         <system-out><![CDATA[2019-04-11 13:42:17 - [TEST_CASE][FAILED] - Test Cases/Admin Console/Account Settings/Oaths()/Oaths - Delete: Test Cases/Admin Console/Account Settings/Oaths()/Oaths - Delete FAILED.
Reason:
com.kms.katalon.core.exception.StepFailedException: Unable to click on object 'Object Repository/Admin Console ePulse Menu/Account Settings/Oaths/Delete Displayed Oath' (Root cause: com.kms.katalon.core.webui.exception.WebElementNotFoundException: Web element with id: 'Object Repository/Admin Console ePulse Menu/Account Settings/Oaths/Delete Displayed Oath' located by 'By.xpath: //section[@id='sort_table']/table/tbody/tr[2]/td[8]/a[2]' not found)
	at com.kms.katalon.core.keyword.internal.KeywordMain.stepFailed(KeywordMain.groovy:36)
	at com.kms.katalon.core.webui.keyword.internal.WebUIKeywordMain.stepFailed(WebUIKeywordMain.groovy:65)
	at com.kms.katalon.core.webui.keyword.internal.WebUIKeywordMain.runKeyword(WebUIKeywordMain.groovy:27)
	at com.kms.katalon.core.webui.keyword.builtin.ClickKeyword.click(ClickKeyword.groovy:86)
	at com.kms.katalon.core.webui.keyword.builtin.ClickKeyword.execute(ClickKeyword.groovy:67)
	at com.kms.katalon.core.keyword.internal.KeywordExecutor.executeKeywordForPlatform(KeywordExecutor.groovy:53)
	at com.kms.katalon.core.webui.keyword.WebUiBuiltInKeywords.click(WebUiBuiltInKeywords.groovy:616)
	at com.kms.katalon.core.webui.keyword.WebUiBuiltInKeywords$click$3.call(Unknown Source)
	at Oaths - Delete.run(Oaths - Delete:53)
	at com.kms.katalon.core.main.ScriptEngine.run(ScriptEngine.java:194)
	at com.kms.katalon.core.main.ScriptEngine.runScriptAsRawText(ScriptEngine.java:119)
	at com.kms.katalon.core.main.TestCaseExecutor.runScript(TestCaseExecutor.java:328)
	at com.kms.katalon.core.main.TestCaseExecutor.doExecute(TestCaseExecutor.java:319)
	at com.kms.katalon.core.main.TestCaseExecutor.processExecutionPhase(TestCaseExecutor.java:298)
	at com.kms.katalon.core.main.TestCaseExecutor.accessMainPhase(TestCaseExecutor.java:290)
	at com.kms.katalon.core.main.TestCaseExecutor.execute(TestCaseExecutor.java:224)
	at com.kms.katalon.core.main.TestSuiteExecutor.accessTestCaseMainPhase(TestSuiteExecutor.java:129)
	at com.kms.katalon.core.main.TestSuiteExecutor.accessTestSuiteMainPhase(TestSuiteExecutor.java:112)
	at com.kms.katalon.core.main.TestSuiteExecutor.execute(TestSuiteExecutor.java:81)
	at com.kms.katalon.core.main.TestCaseMain.startTestSuite(TestCaseMain.java:149)
	at com.kms.katalon.core.main.TestCaseMain$startTestSuite$0.call(Unknown Source)
	at TempTestSuite1555007549481.run(TempTestSuite1555007549481.groovy:36)


2019-04-11 13:42:18 - [TEST_STEP][PASSED] - openBrowser(""): Browser is opened with url: ''

2019-04-11 13:42:18 - [MESSAGE][INFO] - Starting 'Firefox (headless)' driver

2019-04-11 13:42:21 - [MESSAGE][PASSED] - Browser is opened with url: ''

2019-04-11 13:42:21 - [TEST_STEP][PASSED] - navigateToUrl(URL): Navigate to 'https://epulsedev2.com' successfully

2019-04-11 13:42:23 - [MESSAGE][PASSED] - Navigate to 'https://epulsedev2.com' successfully

2019-04-11 13:42:23 - [TEST_STEP][PASSED] - setText(findTestObject("Login/Email Address"), User_email): Text 'alonzo.mack@knowink.com' is set on object 'Object Repository/Login/Email Address'

2019-04-11 13:42:23 - [MESSAGE][PASSED] - Text 'alonzo.mack@knowink.com' is set on object 'Object Repository/Login/Email Address'

2019-04-11 13:42:23 - [TEST_STEP][PASSED] - setEncryptedText(findTestObject("Login/Password"), Pswrd): Text ****** has been set on object 'Object Repository/Login/Password'

2019-04-11 13:42:23 - [MESSAGE][PASSED] - Text ****** has been set on object 'Object Repository/Login/Password'

2019-04-11 13:42:23 - [TEST_STEP][PASSED] - click(findTestObject("Login/Sign In")): Object: 'Object Repository/Login/Sign In' is clicked on

2019-04-11 13:42:24 - [MESSAGE][PASSED] - Object: 'Object Repository/Login/Sign In' is clicked on

2019-04-11 13:42:24 - [TEST_STEP][PASSED] - delay(1): Delayed 1 second(s)

2019-04-11 13:42:25 - [MESSAGE][PASSED] - Delayed 1 second(s)

2019-04-11 13:42:25 - [TEST_STEP][PASSED] - navigateToUrl(Oaths, STOP_ON_FAILURE): Navigate to 'https://am-automation-test.epulsedev2.com/account_oaths' successfully

2019-04-11 13:42:26 - [MESSAGE][PASSED] - Navigate to 'https://am-automation-test.epulsedev2.com/account_oaths' successfully

2019-04-11 13:42:26 - [TEST_STEP][PASSED] - delay(1): Delayed 1 second(s)

2019-04-11 13:42:27 - [MESSAGE][PASSED] - Delayed 1 second(s)

2019-04-11 13:42:27 - [TEST_STEP][PASSED] - click(findTestObject("Admin Console ePulse Menu/Account Settings/Oaths/Delete Displayed Oath")): Object: 'Object Repository/Admin Console ePulse Menu/Account Settings/Oaths/Delete Displayed Oath' is clicked on

2019-04-11 13:42:27 - [MESSAGE][PASSED] - Object: 'Object Repository/Admin Console ePulse Menu/Account Settings/Oaths/Delete Displayed Oath' is clicked on

2019-04-11 13:42:27 - [TEST_STEP][PASSED] - delay(1): Delayed 1 second(s)

2019-04-11 13:42:28 - [MESSAGE][PASSED] - Delayed 1 second(s)

2019-04-11 13:42:28 - [TEST_STEP][PASSED] - acceptAlert(STOP_ON_FAILURE): Alert accepted

2019-04-11 13:42:28 - [MESSAGE][PASSED] - Alert accepted

2019-04-11 13:42:28 - [TEST_STEP][PASSED] - delay(1): Delayed 1 second(s)

2019-04-11 13:42:29 - [MESSAGE][PASSED] - Delayed 1 second(s)

2019-04-11 13:42:29 - [TEST_STEP][FAILED] - click(findTestObject("Admin Console ePulse Menu/Account Settings/Oaths/Delete Displayed Oath")): click(findTestObject("Admin Console ePulse Menu/Account Settings/Oaths/Delete Displayed Oath")) FAILED.
Reason:
com.kms.katalon.core.exception.StepFailedException: Unable to click on object 'Object Repository/Admin Console ePulse Menu/Account Settings/Oaths/Delete Displayed Oath' (Root cause: com.kms.katalon.core.webui.exception.WebElementNotFoundException: Web element with id: 'Object Repository/Admin Console ePulse Menu/Account Settings/Oaths/Delete Displayed Oath' located by 'By.xpath: //section[@id='sort_table']/table/tbody/tr[2]/td[8]/a[2]' not found)
	at com.kms.katalon.core.keyword.internal.KeywordMain.stepFailed(KeywordMain.groovy:36)
	at com.kms.katalon.core.webui.keyword.internal.WebUIKeywordMain.stepFailed(WebUIKeywordMain.groovy:65)
	at com.kms.katalon.core.webui.keyword.internal.WebUIKeywordMain.runKeyword(WebUIKeywordMain.groovy:27)
	at com.kms.katalon.core.webui.keyword.builtin.ClickKeyword.click(ClickKeyword.groovy:86)
	at com.kms.katalon.core.webui.keyword.builtin.ClickKeyword.execute(ClickKeyword.groovy:67)
	at com.kms.katalon.core.keyword.internal.KeywordExecutor.executeKeywordForPlatform(KeywordExecutor.groovy:53)
	at com.kms.katalon.core.webui.keyword.WebUiBuiltInKeywords.click(WebUiBuiltInKeywords.groovy:616)
	at com.kms.katalon.core.webui.keyword.WebUiBuiltInKeywords$click$3.call(Unknown Source)
	at Oaths - Delete.run(Oaths - Delete:53)
	at com.kms.katalon.core.main.ScriptEngine.run(ScriptEngine.java:194)
	at com.kms.katalon.core.main.ScriptEngine.runScriptAsRawText(ScriptEngine.java:119)
	at com.kms.katalon.core.main.TestCaseExecutor.runScript(TestCaseExecutor.java:328)
	at com.kms.katalon.core.main.TestCaseExecutor.doExecute(TestCaseExecutor.java:319)
	at com.kms.katalon.core.main.TestCaseExecutor.processExecutionPhase(TestCaseExecutor.java:298)
	at com.kms.katalon.core.main.TestCaseExecutor.accessMainPhase(TestCaseExecutor.java:290)
	at com.kms.katalon.core.main.TestCaseExecutor.execute(TestCaseExecutor.java:224)
	at com.kms.katalon.core.main.TestSuiteExecutor.accessTestCaseMainPhase(TestSuiteExecutor.java:129)
	at com.kms.katalon.core.main.TestSuiteExecutor.accessTestSuiteMainPhase(TestSuiteExecutor.java:112)
	at com.kms.katalon.core.main.TestSuiteExecutor.execute(TestSuiteExecutor.java:81)
	at com.kms.katalon.core.main.TestCaseMain.startTestSuite(TestCaseMain.java:149)
	at com.kms.katalon.core.main.TestCaseMain$startTestSuite$0.call(Unknown Source)
	at TempTestSuite1555007549481.run(TempTestSuite1555007549481.groovy:36)


2019-04-11 13:42:44 - [MESSAGE][INFO] - Unable to find the element located by 'By.xpath: //section[@id='sort_table']/table/tbody/tr[2]/td[8]/a[2]'. Please recheck the objects properties to make sure the desired element is located. 

2019-04-11 13:42:44 - [MESSAGE][FAILED] - Unable to click on object 'Object Repository/Admin Console ePulse Menu/Account Settings/Oaths/Delete Displayed Oath' (Root cause: com.kms.katalon.core.webui.exception.WebElementNotFoundException: Web element with id: 'Object Repository/Admin Console ePulse Menu/Account Settings/Oaths/Delete Displayed Oath' located by 'By.xpath: //section[@id='sort_table']/table/tbody/tr[2]/td[8]/a[2]' not found)
[[ATTACHMENT|/Users/alonzomack/Katalon Studio/Regression/Reports/dev_staging smoketest/20190411_133229/1555008164688.png]]

2019-04-11 13:42:44 - [MESSAGE][FAILED] - click(findTestObject("Admin Console ePulse Menu/Account Settings/Oaths/Delete Displayed Oath")) FAILED.
Reason:
com.kms.katalon.core.exception.StepFailedException: Unable to click on object 'Object Repository/Admin Console ePulse Menu/Account Settings/Oaths/Delete Displayed Oath' (Root cause: com.kms.katalon.core.webui.exception.WebElementNotFoundException: Web element with id: 'Object Repository/Admin Console ePulse Menu/Account Settings/Oaths/Delete Displayed Oath' located by 'By.xpath: //section[@id='sort_table']/table/tbody/tr[2]/td[8]/a[2]' not found)
	at com.kms.katalon.core.keyword.internal.KeywordMain.stepFailed(KeywordMain.groovy:36)
	at com.kms.katalon.core.webui.keyword.internal.WebUIKeywordMain.stepFailed(WebUIKeywordMain.groovy:65)
	at com.kms.katalon.core.webui.keyword.internal.WebUIKeywordMain.runKeyword(WebUIKeywordMain.groovy:27)
	at com.kms.katalon.core.webui.keyword.builtin.ClickKeyword.click(ClickKeyword.groovy:86)
	at com.kms.katalon.core.webui.keyword.builtin.ClickKeyword.execute(ClickKeyword.groovy:67)
	at com.kms.katalon.core.keyword.internal.KeywordExecutor.executeKeywordForPlatform(KeywordExecutor.groovy:53)
	at com.kms.katalon.core.webui.keyword.WebUiBuiltInKeywords.click(WebUiBuiltInKeywords.groovy:616)
	at com.kms.katalon.core.webui.keyword.WebUiBuiltInKeywords$click$3.call(Unknown Source)
	at Oaths - Delete.run(Oaths - Delete:53)
	at com.kms.katalon.core.main.ScriptEngine.run(ScriptEngine.java:194)
	at com.kms.katalon.core.main.ScriptEngine.runScriptAsRawText(ScriptEngine.java:119)
	at com.kms.katalon.core.main.TestCaseExecutor.runScript(TestCaseExecutor.java:328)
	at com.kms.katalon.core.main.TestCaseExecutor.doExecute(TestCaseExecutor.java:319)
	at com.kms.katalon.core.main.TestCaseExecutor.processExecutionPhase(TestCaseExecutor.java:298)
	at com.kms.katalon.core.main.TestCaseExecutor.accessMainPhase(TestCaseExecutor.java:290)
	at com.kms.katalon.core.main.TestCaseExecutor.execute(TestCaseExecutor.java:224)
	at com.kms.katalon.core.main.TestSuiteExecutor.accessTestCaseMainPhase(TestSuiteExecutor.java:129)
	at com.kms.katalon.core.main.TestSuiteExecutor.accessTestSuiteMainPhase(TestSuiteExecutor.java:112)
	at com.kms.katalon.core.main.TestSuiteExecutor.execute(TestSuiteExecutor.java:81)
	at com.kms.katalon.core.main.TestCaseMain.startTestSuite(TestCaseMain.java:149)
	at com.kms.katalon.core.main.TestCaseMain$startTestSuite$0.call(Unknown Source)
	at TempTestSuite1555007549481.run(TempTestSuite1555007549481.groovy:36)]]></system-out>
         <system-err><![CDATA[2019-04-11 13:42:17 - [TEST_CASE][FAILED] - Test Cases/Admin Console/Account Settings/Oaths()/Oaths - Delete: Test Cases/Admin Console/Account Settings/Oaths()/Oaths - Delete FAILED.
Reason:
com.kms.katalon.core.exception.StepFailedException: Unable to click on object 'Object Repository/Admin Console ePulse Menu/Account Settings/Oaths/Delete Displayed Oath' (Root cause: com.kms.katalon.core.webui.exception.WebElementNotFoundException: Web element with id: 'Object Repository/Admin Console ePulse Menu/Account Settings/Oaths/Delete Displayed Oath' located by 'By.xpath: //section[@id='sort_table']/table/tbody/tr[2]/td[8]/a[2]' not found)
	at com.kms.katalon.core.keyword.internal.KeywordMain.stepFailed(KeywordMain.groovy:36)
	at com.kms.katalon.core.webui.keyword.internal.WebUIKeywordMain.stepFailed(WebUIKeywordMain.groovy:65)
	at com.kms.katalon.core.webui.keyword.internal.WebUIKeywordMain.runKeyword(WebUIKeywordMain.groovy:27)
	at com.kms.katalon.core.webui.keyword.builtin.ClickKeyword.click(ClickKeyword.groovy:86)
	at com.kms.katalon.core.webui.keyword.builtin.ClickKeyword.execute(ClickKeyword.groovy:67)
	at com.kms.katalon.core.keyword.internal.KeywordExecutor.executeKeywordForPlatform(KeywordExecutor.groovy:53)
	at com.kms.katalon.core.webui.keyword.WebUiBuiltInKeywords.click(WebUiBuiltInKeywords.groovy:616)
	at com.kms.katalon.core.webui.keyword.WebUiBuiltInKeywords$click$3.call(Unknown Source)
	at Oaths - Delete.run(Oaths - Delete:53)
	at com.kms.katalon.core.main.ScriptEngine.run(ScriptEngine.java:194)
	at com.kms.katalon.core.main.ScriptEngine.runScriptAsRawText(ScriptEngine.java:119)
	at com.kms.katalon.core.main.TestCaseExecutor.runScript(TestCaseExecutor.java:328)
	at com.kms.katalon.core.main.TestCaseExecutor.doExecute(TestCaseExecutor.java:319)
	at com.kms.katalon.core.main.TestCaseExecutor.processExecutionPhase(TestCaseExecutor.java:298)
	at com.kms.katalon.core.main.TestCaseExecutor.accessMainPhase(TestCaseExecutor.java:290)
	at com.kms.katalon.core.main.TestCaseExecutor.execute(TestCaseExecutor.java:224)
	at com.kms.katalon.core.main.TestSuiteExecutor.accessTestCaseMainPhase(TestSuiteExecutor.java:129)
	at com.kms.katalon.core.main.TestSuiteExecutor.accessTestSuiteMainPhase(TestSuiteExecutor.java:112)
	at com.kms.katalon.core.main.TestSuiteExecutor.execute(TestSuiteExecutor.java:81)
	at com.kms.katalon.core.main.TestCaseMain.startTestSuite(TestCaseMain.java:149)
	at com.kms.katalon.core.main.TestCaseMain$startTestSuite$0.call(Unknown Source)
	at TempTestSuite1555007549481.run(TempTestSuite1555007549481.groovy:36)]]></system-err>
      </testcase>
      <testcase name="Test Cases/Admin Console/Account Settings/Oaths()/Oaths - Import" classname="Test Cases/Admin Console/Account Settings/Oaths()/Oaths - Import" status="PASSED">
         <system-out><![CDATA[2019-04-11 13:42:46 - [TEST_CASE][PASSED] - Test Cases/Admin Console/Account Settings/Oaths()/Oaths - Import: Test Cases/Admin Console/Account Settings/Oaths()/Oaths - Import

2019-04-11 13:42:47 - [TEST_STEP][PASSED] - openBrowser(""): Browser is opened with url: ''

2019-04-11 13:42:47 - [MESSAGE][WARNING] - A browser is already opened. Closing browser and opening a new one

2019-04-11 13:42:47 - [MESSAGE][INFO] - Starting 'Firefox (headless)' driver

2019-04-11 13:42:49 - [MESSAGE][PASSED] - Browser is opened with url: ''

2019-04-11 13:42:49 - [TEST_STEP][PASSED] - navigateToUrl(URL): Navigate to 'https://epulsedev2.com' successfully

2019-04-11 13:42:51 - [MESSAGE][PASSED] - Navigate to 'https://epulsedev2.com' successfully

2019-04-11 13:42:51 - [TEST_STEP][PASSED] - setText(findTestObject("Login/Email Address"), User_email): Text 'alonzo.mack@knowink.com' is set on object 'Object Repository/Login/Email Address'

2019-04-11 13:42:51 - [MESSAGE][PASSED] - Text 'alonzo.mack@knowink.com' is set on object 'Object Repository/Login/Email Address'

2019-04-11 13:42:51 - [TEST_STEP][PASSED] - setEncryptedText(findTestObject("Login/Password"), Pswrd): Text ****** has been set on object 'Object Repository/Login/Password'

2019-04-11 13:42:51 - [MESSAGE][PASSED] - Text ****** has been set on object 'Object Repository/Login/Password'

2019-04-11 13:42:51 - [TEST_STEP][PASSED] - click(findTestObject("Login/Sign In")): Object: 'Object Repository/Login/Sign In' is clicked on

2019-04-11 13:42:52 - [MESSAGE][PASSED] - Object: 'Object Repository/Login/Sign In' is clicked on

2019-04-11 13:42:52 - [TEST_STEP][PASSED] - delay(1): Delayed 1 second(s)

2019-04-11 13:42:53 - [MESSAGE][PASSED] - Delayed 1 second(s)

2019-04-11 13:42:53 - [TEST_STEP][PASSED] - navigateToUrl(Oaths_Imports, STOP_ON_FAILURE): Navigate to 'https://am-automation-test.epulsedev2.com/imports/account_oath' successfully

2019-04-11 13:42:54 - [MESSAGE][PASSED] - Navigate to 'https://am-automation-test.epulsedev2.com/imports/account_oath' successfully

2019-04-11 13:42:54 - [TEST_STEP][PASSED] - delay(1): Delayed 1 second(s)

2019-04-11 13:42:55 - [MESSAGE][PASSED] - Delayed 1 second(s)

2019-04-11 13:42:55 - [TEST_STEP][PASSED] - setText(findTestObject("Common ePulse Objects/Choose File"), "/Users/alonzomack/Downloads/oaths.csv"): Text '/Users/alonzomack/Downloads/oaths.csv' is set on object 'Object Repository/Common ePulse Objects/Choose File'

2019-04-11 13:42:55 - [MESSAGE][PASSED] - Text '/Users/alonzomack/Downloads/oaths.csv' is set on object 'Object Repository/Common ePulse Objects/Choose File'

2019-04-11 13:42:55 - [TEST_STEP][PASSED] - delay(1): Delayed 1 second(s)

2019-04-11 13:42:56 - [MESSAGE][PASSED] - Delayed 1 second(s)

2019-04-11 13:42:56 - [TEST_STEP][NOT_RUN] - click(findTestObject("Admin Console ePulse Menu/Account Settings/Oaths/Skip duplicates_slider")): NOT_RUN: click(findTestObject("Admin Console ePulse Menu/Account Settings/Oaths/Skip duplicates_slider"))

2019-04-11 13:42:56 - [MESSAGE][NOT_RUN] - NOT_RUN: click(findTestObject("Admin Console ePulse Menu/Account Settings/Oaths/Skip duplicates_slider"))

2019-04-11 13:42:56 - [TEST_STEP][PASSED] - delay(1): Delayed 1 second(s)

2019-04-11 13:42:57 - [MESSAGE][PASSED] - Delayed 1 second(s)

2019-04-11 13:42:57 - [TEST_STEP][PASSED] - click(findTestObject("Common ePulse Objects/Continue Button")): Object: 'Object Repository/Common ePulse Objects/Continue Button' is clicked on

2019-04-11 13:42:57 - [MESSAGE][PASSED] - Object: 'Object Repository/Common ePulse Objects/Continue Button' is clicked on

2019-04-11 13:42:57 - [TEST_STEP][PASSED] - delay(1): Delayed 1 second(s)

2019-04-11 13:42:58 - [MESSAGE][PASSED] - Delayed 1 second(s)

2019-04-11 13:42:58 - [TEST_STEP][PASSED] - click(findTestObject("Common ePulse Objects/button_Done(working)")): Object: 'Object Repository/Common ePulse Objects/button_Done(working)' is clicked on

2019-04-11 13:43:02 - [MESSAGE][PASSED] - Object: 'Object Repository/Common ePulse Objects/button_Done(working)' is clicked on

2019-04-11 13:43:02 - [TEST_STEP][PASSED] - delay(1): Delayed 1 second(s)

2019-04-11 13:43:03 - [MESSAGE][PASSED] - Delayed 1 second(s)

2019-04-11 13:43:03 - [TEST_STEP][PASSED] - navigateToUrl(Oaths): Navigate to 'https://am-automation-test.epulsedev2.com/account_oaths' successfully

2019-04-11 13:43:03 - [MESSAGE][PASSED] - Navigate to 'https://am-automation-test.epulsedev2.com/account_oaths' successfully

2019-04-11 13:43:03 - [TEST_STEP][PASSED] - delay(1): Delayed 1 second(s)

2019-04-11 13:43:04 - [MESSAGE][PASSED] - Delayed 1 second(s)

2019-04-11 13:43:04 - [TEST_STEP][PASSED] - closeBrowser(STOP_ON_FAILURE): Browser is closed

2019-04-11 13:43:05 - [MESSAGE][PASSED] - Browser is closed]]></system-out>
         <system-err><![CDATA[]]></system-err>
      </testcase>
      <testcase name="Test Cases/Admin Console/Account Settings/Oaths()/Oaths - Export" classname="Test Cases/Admin Console/Account Settings/Oaths()/Oaths - Export" status="PASSED">
         <system-out><![CDATA[2019-04-11 13:43:07 - [TEST_CASE][PASSED] - Test Cases/Admin Console/Account Settings/Oaths()/Oaths - Export: Test Cases/Admin Console/Account Settings/Oaths()/Oaths - Export

2019-04-11 13:43:07 - [TEST_STEP][PASSED] - openBrowser(""): Browser is opened with url: ''

2019-04-11 13:43:07 - [MESSAGE][INFO] - Starting 'Firefox (headless)' driver

2019-04-11 13:43:10 - [MESSAGE][PASSED] - Browser is opened with url: ''

2019-04-11 13:43:10 - [TEST_STEP][PASSED] - navigateToUrl(URL): Navigate to 'https://epulsedev2.com' successfully

2019-04-11 13:43:11 - [MESSAGE][PASSED] - Navigate to 'https://epulsedev2.com' successfully

2019-04-11 13:43:11 - [TEST_STEP][PASSED] - setText(findTestObject("Login/Email Address"), User_email): Text 'alonzo.mack@knowink.com' is set on object 'Object Repository/Login/Email Address'

2019-04-11 13:43:12 - [MESSAGE][PASSED] - Text 'alonzo.mack@knowink.com' is set on object 'Object Repository/Login/Email Address'

2019-04-11 13:43:12 - [TEST_STEP][PASSED] - setEncryptedText(findTestObject("Login/Password"), Pswrd): Text ****** has been set on object 'Object Repository/Login/Password'

2019-04-11 13:43:12 - [MESSAGE][PASSED] - Text ****** has been set on object 'Object Repository/Login/Password'

2019-04-11 13:43:12 - [TEST_STEP][PASSED] - click(findTestObject("Login/Sign In")): Object: 'Object Repository/Login/Sign In' is clicked on

2019-04-11 13:43:13 - [MESSAGE][PASSED] - Object: 'Object Repository/Login/Sign In' is clicked on

2019-04-11 13:43:13 - [TEST_STEP][PASSED] - delay(1): Delayed 1 second(s)

2019-04-11 13:43:14 - [MESSAGE][PASSED] - Delayed 1 second(s)

2019-04-11 13:43:14 - [TEST_STEP][PASSED] - navigateToUrl(Oaths): Navigate to 'https://am-automation-test.epulsedev2.com/account_oaths' successfully

2019-04-11 13:43:15 - [MESSAGE][PASSED] - Navigate to 'https://am-automation-test.epulsedev2.com/account_oaths' successfully

2019-04-11 13:43:15 - [TEST_STEP][PASSED] - delay(1): Delayed 1 second(s)

2019-04-11 13:43:16 - [MESSAGE][PASSED] - Delayed 1 second(s)

2019-04-11 13:43:16 - [TEST_STEP][PASSED] - click(findTestObject("Admin Console ePulse Menu/Account Settings/Oaths/Page_Epulse  am-Automation-test/Download")): Object: 'Object Repository/Admin Console ePulse Menu/Account Settings/Oaths/Page_Epulse  am-Automation-test/Download' is clicked on

2019-04-11 13:43:21 - [MESSAGE][PASSED] - Object: 'Object Repository/Admin Console ePulse Menu/Account Settings/Oaths/Page_Epulse  am-Automation-test/Download' is clicked on

2019-04-11 13:43:21 - [TEST_STEP][PASSED] - delay(1): Delayed 1 second(s)

2019-04-11 13:43:22 - [MESSAGE][PASSED] - Delayed 1 second(s)

2019-04-11 13:43:22 - [TEST_STEP][PASSED] - closeBrowser(STOP_ON_FAILURE): Browser is closed

2019-04-11 13:43:22 - [MESSAGE][PASSED] - Browser is closed]]></system-out>
         <system-err><![CDATA[]]></system-err>
      </testcase>
      <testcase name="Test Cases/Admin Console/Account Settings/Oaths()/Oaths - Edit" classname="Test Cases/Admin Console/Account Settings/Oaths()/Oaths - Edit" status="FAILED">
         <failure type="FAILED" message="Test Cases/Admin Console/Account Settings/Oaths()/Oaths - Edit FAILED.
Reason:
com.kms.katalon.core.exception.StepFailedException: Unable to clear text of object 'Object Repository/Admin Console ePulse Menu/Account Settings/Oaths/Add_Edit Oath/Edit Instructions' (Root cause: org.openqa.selenium.ElementNotInteractableException: Element &lt;input id=&quot;account_oath_instructions&quot; class=&quot;edit_signatures_1_instructions&quot; name=&quot;account_oath[instructions]&quot; type=&quot;text&quot;> could not be scrolled into view
Build info: version: '3.7.1', revision: '8a0099a', time: '2017-11-06T21:07:36.161Z'
System info: host: 'QAs-MacBook-Pro-2.local', ip: 'fe80:0:0:0:141b:7791:71c:315e%en0', os.name: 'Mac OS X', os.arch: 'x86_64', os.version: '10.13.3', java.version: '1.8.0_181'
Driver info: com.kms.katalon.core.webui.driver.firefox.CGeckoDriver
Capabilities {acceptInsecureCerts: true, browserName: firefox, browserVersion: 66.0.2, javascriptEnabled: true, moz:accessibilityChecks: false, moz:geckodriverVersion: 0.23.0, moz:headless: true, moz:processID: 7553, moz:profile: /var/folders/p5/lldhhw894tb..., moz:shutdownTimeout: 60000, moz:useNonSpecCompliantPointerOrigin: false, moz:webdriverClick: true, pageLoadStrategy: normal, platform: MAC, platformName: MAC, platformVersion: 17.4.0, proxy: Proxy(direct), rotatable: false, setWindowRect: true, strictFileInteractability: false, timeouts: {implicit: 0, pageLoad: 300000, script: 30000}, unhandledPromptBehavior: dismiss and notify}
Session ID: d3e3c191-dc24-bf47-9b10-d3337e4b84d9)
	at com.kms.katalon.core.keyword.internal.KeywordMain.stepFailed(KeywordMain.groovy:36)
	at com.kms.katalon.core.webui.keyword.internal.WebUIKeywordMain.stepFailed(WebUIKeywordMain.groovy:65)
	at com.kms.katalon.core.webui.keyword.internal.WebUIKeywordMain.runKeyword(WebUIKeywordMain.groovy:43)
	at com.kms.katalon.core.webui.keyword.builtin.ClearTextKeyword.clearText(ClearTextKeyword.groovy:61)
	at com.kms.katalon.core.webui.keyword.builtin.ClearTextKeyword.execute(ClearTextKeyword.groovy:34)
	at com.kms.katalon.core.keyword.internal.KeywordExecutor.executeKeywordForPlatform(KeywordExecutor.groovy:53)
	at com.kms.katalon.core.webui.keyword.WebUiBuiltInKeywords.clearText(WebUiBuiltInKeywords.groovy:3817)
	at com.kms.katalon.core.webui.keyword.WebUiBuiltInKeywords$clearText$11.call(Unknown Source)
	at Oaths - Edit.run(Oaths - Edit:52)
	at com.kms.katalon.core.main.ScriptEngine.run(ScriptEngine.java:194)
	at com.kms.katalon.core.main.ScriptEngine.runScriptAsRawText(ScriptEngine.java:119)
	at com.kms.katalon.core.main.TestCaseExecutor.runScript(TestCaseExecutor.java:328)
	at com.kms.katalon.core.main.TestCaseExecutor.doExecute(TestCaseExecutor.java:319)
	at com.kms.katalon.core.main.TestCaseExecutor.processExecutionPhase(TestCaseExecutor.java:298)
	at com.kms.katalon.core.main.TestCaseExecutor.accessMainPhase(TestCaseExecutor.java:290)
	at com.kms.katalon.core.main.TestCaseExecutor.execute(TestCaseExecutor.java:224)
	at com.kms.katalon.core.main.TestSuiteExecutor.accessTestCaseMainPhase(TestSuiteExecutor.java:129)
	at com.kms.katalon.core.main.TestSuiteExecutor.accessTestSuiteMainPhase(TestSuiteExecutor.java:112)
	at com.kms.katalon.core.main.TestSuiteExecutor.execute(TestSuiteExecutor.java:81)
	at com.kms.katalon.core.main.TestCaseMain.startTestSuite(TestCaseMain.java:149)
	at com.kms.katalon.core.main.TestCaseMain$startTestSuite$0.call(Unknown Source)
	at TempTestSuite1555007549481.run(TempTestSuite1555007549481.groovy:36)
"/>
         <system-out><![CDATA[2019-04-11 13:43:24 - [TEST_CASE][FAILED] - Test Cases/Admin Console/Account Settings/Oaths()/Oaths - Edit: Test Cases/Admin Console/Account Settings/Oaths()/Oaths - Edit FAILED.
Reason:
com.kms.katalon.core.exception.StepFailedException: Unable to clear text of object 'Object Repository/Admin Console ePulse Menu/Account Settings/Oaths/Add_Edit Oath/Edit Instructions' (Root cause: org.openqa.selenium.ElementNotInteractableException: Element <input id="account_oath_instructions" class="edit_signatures_1_instructions" name="account_oath[instructions]" type="text"> could not be scrolled into view
Build info: version: '3.7.1', revision: '8a0099a', time: '2017-11-06T21:07:36.161Z'
System info: host: 'QAs-MacBook-Pro-2.local', ip: 'fe80:0:0:0:141b:7791:71c:315e%en0', os.name: 'Mac OS X', os.arch: 'x86_64', os.version: '10.13.3', java.version: '1.8.0_181'
Driver info: com.kms.katalon.core.webui.driver.firefox.CGeckoDriver
Capabilities {acceptInsecureCerts: true, browserName: firefox, browserVersion: 66.0.2, javascriptEnabled: true, moz:accessibilityChecks: false, moz:geckodriverVersion: 0.23.0, moz:headless: true, moz:processID: 7553, moz:profile: /var/folders/p5/lldhhw894tb..., moz:shutdownTimeout: 60000, moz:useNonSpecCompliantPointerOrigin: false, moz:webdriverClick: true, pageLoadStrategy: normal, platform: MAC, platformName: MAC, platformVersion: 17.4.0, proxy: Proxy(direct), rotatable: false, setWindowRect: true, strictFileInteractability: false, timeouts: {implicit: 0, pageLoad: 300000, script: 30000}, unhandledPromptBehavior: dismiss and notify}
Session ID: d3e3c191-dc24-bf47-9b10-d3337e4b84d9)
	at com.kms.katalon.core.keyword.internal.KeywordMain.stepFailed(KeywordMain.groovy:36)
	at com.kms.katalon.core.webui.keyword.internal.WebUIKeywordMain.stepFailed(WebUIKeywordMain.groovy:65)
	at com.kms.katalon.core.webui.keyword.internal.WebUIKeywordMain.runKeyword(WebUIKeywordMain.groovy:43)
	at com.kms.katalon.core.webui.keyword.builtin.ClearTextKeyword.clearText(ClearTextKeyword.groovy:61)
	at com.kms.katalon.core.webui.keyword.builtin.ClearTextKeyword.execute(ClearTextKeyword.groovy:34)
	at com.kms.katalon.core.keyword.internal.KeywordExecutor.executeKeywordForPlatform(KeywordExecutor.groovy:53)
	at com.kms.katalon.core.webui.keyword.WebUiBuiltInKeywords.clearText(WebUiBuiltInKeywords.groovy:3817)
	at com.kms.katalon.core.webui.keyword.WebUiBuiltInKeywords$clearText$11.call(Unknown Source)
	at Oaths - Edit.run(Oaths - Edit:52)
	at com.kms.katalon.core.main.ScriptEngine.run(ScriptEngine.java:194)
	at com.kms.katalon.core.main.ScriptEngine.runScriptAsRawText(ScriptEngine.java:119)
	at com.kms.katalon.core.main.TestCaseExecutor.runScript(TestCaseExecutor.java:328)
	at com.kms.katalon.core.main.TestCaseExecutor.doExecute(TestCaseExecutor.java:319)
	at com.kms.katalon.core.main.TestCaseExecutor.processExecutionPhase(TestCaseExecutor.java:298)
	at com.kms.katalon.core.main.TestCaseExecutor.accessMainPhase(TestCaseExecutor.java:290)
	at com.kms.katalon.core.main.TestCaseExecutor.execute(TestCaseExecutor.java:224)
	at com.kms.katalon.core.main.TestSuiteExecutor.accessTestCaseMainPhase(TestSuiteExecutor.java:129)
	at com.kms.katalon.core.main.TestSuiteExecutor.accessTestSuiteMainPhase(TestSuiteExecutor.java:112)
	at com.kms.katalon.core.main.TestSuiteExecutor.execute(TestSuiteExecutor.java:81)
	at com.kms.katalon.core.main.TestCaseMain.startTestSuite(TestCaseMain.java:149)
	at com.kms.katalon.core.main.TestCaseMain$startTestSuite$0.call(Unknown Source)
	at TempTestSuite1555007549481.run(TempTestSuite1555007549481.groovy:36)


2019-04-11 13:43:25 - [TEST_STEP][PASSED] - openBrowser(""): Browser is opened with url: ''

2019-04-11 13:43:25 - [MESSAGE][INFO] - Starting 'Firefox (headless)' driver

2019-04-11 13:43:27 - [MESSAGE][PASSED] - Browser is opened with url: ''

2019-04-11 13:43:27 - [TEST_STEP][PASSED] - navigateToUrl(URL): Navigate to 'https://epulsedev2.com' successfully

2019-04-11 13:43:29 - [MESSAGE][PASSED] - Navigate to 'https://epulsedev2.com' successfully

2019-04-11 13:43:29 - [TEST_STEP][PASSED] - setText(findTestObject("Login/Email Address"), User_email): Text 'alonzo.mack@knowink.com' is set on object 'Object Repository/Login/Email Address'

2019-04-11 13:43:29 - [MESSAGE][PASSED] - Text 'alonzo.mack@knowink.com' is set on object 'Object Repository/Login/Email Address'

2019-04-11 13:43:29 - [TEST_STEP][PASSED] - setEncryptedText(findTestObject("Login/Password"), Pswrd): Text ****** has been set on object 'Object Repository/Login/Password'

2019-04-11 13:43:29 - [MESSAGE][PASSED] - Text ****** has been set on object 'Object Repository/Login/Password'

2019-04-11 13:43:29 - [TEST_STEP][PASSED] - click(findTestObject("Login/Sign In")): Object: 'Object Repository/Login/Sign In' is clicked on

2019-04-11 13:43:30 - [MESSAGE][PASSED] - Object: 'Object Repository/Login/Sign In' is clicked on

2019-04-11 13:43:30 - [TEST_STEP][PASSED] - delay(1): Delayed 1 second(s)

2019-04-11 13:43:31 - [MESSAGE][PASSED] - Delayed 1 second(s)

2019-04-11 13:43:31 - [TEST_STEP][PASSED] - navigateToUrl(Oaths, STOP_ON_FAILURE): Navigate to 'https://am-automation-test.epulsedev2.com/account_oaths' successfully

2019-04-11 13:43:32 - [MESSAGE][PASSED] - Navigate to 'https://am-automation-test.epulsedev2.com/account_oaths' successfully

2019-04-11 13:43:32 - [TEST_STEP][PASSED] - delay(1): Delayed 1 second(s)

2019-04-11 13:43:33 - [MESSAGE][PASSED] - Delayed 1 second(s)

2019-04-11 13:43:33 - [TEST_STEP][PASSED] - click(findTestObject("Admin Console ePulse Menu/Account Settings/Oaths/Add_Edit Oath/Edit Displayed Oath")): Object: 'Object Repository/Admin Console ePulse Menu/Account Settings/Oaths/Add_Edit Oath/Edit Displayed Oath' is clicked on

2019-04-11 13:43:33 - [MESSAGE][PASSED] - Object: 'Object Repository/Admin Console ePulse Menu/Account Settings/Oaths/Add_Edit Oath/Edit Displayed Oath' is clicked on

2019-04-11 13:43:33 - [TEST_STEP][PASSED] - clearText(findTestObject("Admin Console ePulse Menu/Account Settings/Oaths/Add_Edit Oath/Edit_Name_account_oathname")): Text of object 'Object Repository/Admin Console ePulse Menu/Account Settings/Oaths/Add_Edit Oath/Edit_Name_account_oathname' is cleared

2019-04-11 13:43:33 - [MESSAGE][PASSED] - Text of object 'Object Repository/Admin Console ePulse Menu/Account Settings/Oaths/Add_Edit Oath/Edit_Name_account_oathname' is cleared

2019-04-11 13:43:33 - [TEST_STEP][PASSED] - setText(findTestObject("Admin Console ePulse Menu/Account Settings/Oaths/Add_Edit Oath/Edit_Name_account_oathname"), "Reasonable Impediment Declaration Edited"): Text 'Reasonable Impediment Declaration Edited' is set on object 'Object Repository/Admin Console ePulse Menu/Account Settings/Oaths/Add_Edit Oath/Edit_Name_account_oathname'

2019-04-11 13:43:33 - [MESSAGE][PASSED] - Text 'Reasonable Impediment Declaration Edited' is set on object 'Object Repository/Admin Console ePulse Menu/Account Settings/Oaths/Add_Edit Oath/Edit_Name_account_oathname'

2019-04-11 13:43:33 - [TEST_STEP][FAILED] - clearText(findTestObject("Admin Console ePulse Menu/Account Settings/Oaths/Add_Edit Oath/Edit Instructions")): clearText(findTestObject("Admin Console ePulse Menu/Account Settings/Oaths/Add_Edit Oath/Edit Instructions")) FAILED.
Reason:
com.kms.katalon.core.exception.StepFailedException: Unable to clear text of object 'Object Repository/Admin Console ePulse Menu/Account Settings/Oaths/Add_Edit Oath/Edit Instructions' (Root cause: org.openqa.selenium.ElementNotInteractableException: Element <input id="account_oath_instructions" class="edit_signatures_1_instructions" name="account_oath[instructions]" type="text"> could not be scrolled into view
Build info: version: '3.7.1', revision: '8a0099a', time: '2017-11-06T21:07:36.161Z'
System info: host: 'QAs-MacBook-Pro-2.local', ip: 'fe80:0:0:0:141b:7791:71c:315e%en0', os.name: 'Mac OS X', os.arch: 'x86_64', os.version: '10.13.3', java.version: '1.8.0_181'
Driver info: com.kms.katalon.core.webui.driver.firefox.CGeckoDriver
Capabilities {acceptInsecureCerts: true, browserName: firefox, browserVersion: 66.0.2, javascriptEnabled: true, moz:accessibilityChecks: false, moz:geckodriverVersion: 0.23.0, moz:headless: true, moz:processID: 7553, moz:profile: /var/folders/p5/lldhhw894tb..., moz:shutdownTimeout: 60000, moz:useNonSpecCompliantPointerOrigin: false, moz:webdriverClick: true, pageLoadStrategy: normal, platform: MAC, platformName: MAC, platformVersion: 17.4.0, proxy: Proxy(direct), rotatable: false, setWindowRect: true, strictFileInteractability: false, timeouts: {implicit: 0, pageLoad: 300000, script: 30000}, unhandledPromptBehavior: dismiss and notify}
Session ID: d3e3c191-dc24-bf47-9b10-d3337e4b84d9)
	at com.kms.katalon.core.keyword.internal.KeywordMain.stepFailed(KeywordMain.groovy:36)
	at com.kms.katalon.core.webui.keyword.internal.WebUIKeywordMain.stepFailed(WebUIKeywordMain.groovy:65)
	at com.kms.katalon.core.webui.keyword.internal.WebUIKeywordMain.runKeyword(WebUIKeywordMain.groovy:43)
	at com.kms.katalon.core.webui.keyword.builtin.ClearTextKeyword.clearText(ClearTextKeyword.groovy:61)
	at com.kms.katalon.core.webui.keyword.builtin.ClearTextKeyword.execute(ClearTextKeyword.groovy:34)
	at com.kms.katalon.core.keyword.internal.KeywordExecutor.executeKeywordForPlatform(KeywordExecutor.groovy:53)
	at com.kms.katalon.core.webui.keyword.WebUiBuiltInKeywords.clearText(WebUiBuiltInKeywords.groovy:3817)
	at com.kms.katalon.core.webui.keyword.WebUiBuiltInKeywords$clearText$11.call(Unknown Source)
	at Oaths - Edit.run(Oaths - Edit:52)
	at com.kms.katalon.core.main.ScriptEngine.run(ScriptEngine.java:194)
	at com.kms.katalon.core.main.ScriptEngine.runScriptAsRawText(ScriptEngine.java:119)
	at com.kms.katalon.core.main.TestCaseExecutor.runScript(TestCaseExecutor.java:328)
	at com.kms.katalon.core.main.TestCaseExecutor.doExecute(TestCaseExecutor.java:319)
	at com.kms.katalon.core.main.TestCaseExecutor.processExecutionPhase(TestCaseExecutor.java:298)
	at com.kms.katalon.core.main.TestCaseExecutor.accessMainPhase(TestCaseExecutor.java:290)
	at com.kms.katalon.core.main.TestCaseExecutor.execute(TestCaseExecutor.java:224)
	at com.kms.katalon.core.main.TestSuiteExecutor.accessTestCaseMainPhase(TestSuiteExecutor.java:129)
	at com.kms.katalon.core.main.TestSuiteExecutor.accessTestSuiteMainPhase(TestSuiteExecutor.java:112)
	at com.kms.katalon.core.main.TestSuiteExecutor.execute(TestSuiteExecutor.java:81)
	at com.kms.katalon.core.main.TestCaseMain.startTestSuite(TestCaseMain.java:149)
	at com.kms.katalon.core.main.TestCaseMain$startTestSuite$0.call(Unknown Source)
	at TempTestSuite1555007549481.run(TempTestSuite1555007549481.groovy:36)


2019-04-11 13:43:33 - [MESSAGE][FAILED] - Unable to clear text of object 'Object Repository/Admin Console ePulse Menu/Account Settings/Oaths/Add_Edit Oath/Edit Instructions' (Root cause: org.openqa.selenium.ElementNotInteractableException: Element <input id="account_oath_instructions" class="edit_signatures_1_instructions" name="account_oath[instructions]" type="text"> could not be scrolled into view
Build info: version: '3.7.1', revision: '8a0099a', time: '2017-11-06T21:07:36.161Z'
System info: host: 'QAs-MacBook-Pro-2.local', ip: 'fe80:0:0:0:141b:7791:71c:315e%en0', os.name: 'Mac OS X', os.arch: 'x86_64', os.version: '10.13.3', java.version: '1.8.0_181'
Driver info: com.kms.katalon.core.webui.driver.firefox.CGeckoDriver
Capabilities {acceptInsecureCerts: true, browserName: firefox, browserVersion: 66.0.2, javascriptEnabled: true, moz:accessibilityChecks: false, moz:geckodriverVersion: 0.23.0, moz:headless: true, moz:processID: 7553, moz:profile: /var/folders/p5/lldhhw894tb..., moz:shutdownTimeout: 60000, moz:useNonSpecCompliantPointerOrigin: false, moz:webdriverClick: true, pageLoadStrategy: normal, platform: MAC, platformName: MAC, platformVersion: 17.4.0, proxy: Proxy(direct), rotatable: false, setWindowRect: true, strictFileInteractability: false, timeouts: {implicit: 0, pageLoad: 300000, script: 30000}, unhandledPromptBehavior: dismiss and notify}
Session ID: d3e3c191-dc24-bf47-9b10-d3337e4b84d9)
[[ATTACHMENT|/Users/alonzomack/Katalon Studio/Regression/Reports/dev_staging smoketest/20190411_133229/1555008213418.png]]

2019-04-11 13:43:33 - [MESSAGE][FAILED] - clearText(findTestObject("Admin Console ePulse Menu/Account Settings/Oaths/Add_Edit Oath/Edit Instructions")) FAILED.
Reason:
com.kms.katalon.core.exception.StepFailedException: Unable to clear text of object 'Object Repository/Admin Console ePulse Menu/Account Settings/Oaths/Add_Edit Oath/Edit Instructions' (Root cause: org.openqa.selenium.ElementNotInteractableException: Element <input id="account_oath_instructions" class="edit_signatures_1_instructions" name="account_oath[instructions]" type="text"> could not be scrolled into view
Build info: version: '3.7.1', revision: '8a0099a', time: '2017-11-06T21:07:36.161Z'
System info: host: 'QAs-MacBook-Pro-2.local', ip: 'fe80:0:0:0:141b:7791:71c:315e%en0', os.name: 'Mac OS X', os.arch: 'x86_64', os.version: '10.13.3', java.version: '1.8.0_181'
Driver info: com.kms.katalon.core.webui.driver.firefox.CGeckoDriver
Capabilities {acceptInsecureCerts: true, browserName: firefox, browserVersion: 66.0.2, javascriptEnabled: true, moz:accessibilityChecks: false, moz:geckodriverVersion: 0.23.0, moz:headless: true, moz:processID: 7553, moz:profile: /var/folders/p5/lldhhw894tb..., moz:shutdownTimeout: 60000, moz:useNonSpecCompliantPointerOrigin: false, moz:webdriverClick: true, pageLoadStrategy: normal, platform: MAC, platformName: MAC, platformVersion: 17.4.0, proxy: Proxy(direct), rotatable: false, setWindowRect: true, strictFileInteractability: false, timeouts: {implicit: 0, pageLoad: 300000, script: 30000}, unhandledPromptBehavior: dismiss and notify}
Session ID: d3e3c191-dc24-bf47-9b10-d3337e4b84d9)
	at com.kms.katalon.core.keyword.internal.KeywordMain.stepFailed(KeywordMain.groovy:36)
	at com.kms.katalon.core.webui.keyword.internal.WebUIKeywordMain.stepFailed(WebUIKeywordMain.groovy:65)
	at com.kms.katalon.core.webui.keyword.internal.WebUIKeywordMain.runKeyword(WebUIKeywordMain.groovy:43)
	at com.kms.katalon.core.webui.keyword.builtin.ClearTextKeyword.clearText(ClearTextKeyword.groovy:61)
	at com.kms.katalon.core.webui.keyword.builtin.ClearTextKeyword.execute(ClearTextKeyword.groovy:34)
	at com.kms.katalon.core.keyword.internal.KeywordExecutor.executeKeywordForPlatform(KeywordExecutor.groovy:53)
	at com.kms.katalon.core.webui.keyword.WebUiBuiltInKeywords.clearText(WebUiBuiltInKeywords.groovy:3817)
	at com.kms.katalon.core.webui.keyword.WebUiBuiltInKeywords$clearText$11.call(Unknown Source)
	at Oaths - Edit.run(Oaths - Edit:52)
	at com.kms.katalon.core.main.ScriptEngine.run(ScriptEngine.java:194)
	at com.kms.katalon.core.main.ScriptEngine.runScriptAsRawText(ScriptEngine.java:119)
	at com.kms.katalon.core.main.TestCaseExecutor.runScript(TestCaseExecutor.java:328)
	at com.kms.katalon.core.main.TestCaseExecutor.doExecute(TestCaseExecutor.java:319)
	at com.kms.katalon.core.main.TestCaseExecutor.processExecutionPhase(TestCaseExecutor.java:298)
	at com.kms.katalon.core.main.TestCaseExecutor.accessMainPhase(TestCaseExecutor.java:290)
	at com.kms.katalon.core.main.TestCaseExecutor.execute(TestCaseExecutor.java:224)
	at com.kms.katalon.core.main.TestSuiteExecutor.accessTestCaseMainPhase(TestSuiteExecutor.java:129)
	at com.kms.katalon.core.main.TestSuiteExecutor.accessTestSuiteMainPhase(TestSuiteExecutor.java:112)
	at com.kms.katalon.core.main.TestSuiteExecutor.execute(TestSuiteExecutor.java:81)
	at com.kms.katalon.core.main.TestCaseMain.startTestSuite(TestCaseMain.java:149)
	at com.kms.katalon.core.main.TestCaseMain$startTestSuite$0.call(Unknown Source)
	at TempTestSuite1555007549481.run(TempTestSuite1555007549481.groovy:36)]]></system-out>
         <system-err><![CDATA[2019-04-11 13:43:24 - [TEST_CASE][FAILED] - Test Cases/Admin Console/Account Settings/Oaths()/Oaths - Edit: Test Cases/Admin Console/Account Settings/Oaths()/Oaths - Edit FAILED.
Reason:
com.kms.katalon.core.exception.StepFailedException: Unable to clear text of object 'Object Repository/Admin Console ePulse Menu/Account Settings/Oaths/Add_Edit Oath/Edit Instructions' (Root cause: org.openqa.selenium.ElementNotInteractableException: Element <input id="account_oath_instructions" class="edit_signatures_1_instructions" name="account_oath[instructions]" type="text"> could not be scrolled into view
Build info: version: '3.7.1', revision: '8a0099a', time: '2017-11-06T21:07:36.161Z'
System info: host: 'QAs-MacBook-Pro-2.local', ip: 'fe80:0:0:0:141b:7791:71c:315e%en0', os.name: 'Mac OS X', os.arch: 'x86_64', os.version: '10.13.3', java.version: '1.8.0_181'
Driver info: com.kms.katalon.core.webui.driver.firefox.CGeckoDriver
Capabilities {acceptInsecureCerts: true, browserName: firefox, browserVersion: 66.0.2, javascriptEnabled: true, moz:accessibilityChecks: false, moz:geckodriverVersion: 0.23.0, moz:headless: true, moz:processID: 7553, moz:profile: /var/folders/p5/lldhhw894tb..., moz:shutdownTimeout: 60000, moz:useNonSpecCompliantPointerOrigin: false, moz:webdriverClick: true, pageLoadStrategy: normal, platform: MAC, platformName: MAC, platformVersion: 17.4.0, proxy: Proxy(direct), rotatable: false, setWindowRect: true, strictFileInteractability: false, timeouts: {implicit: 0, pageLoad: 300000, script: 30000}, unhandledPromptBehavior: dismiss and notify}
Session ID: d3e3c191-dc24-bf47-9b10-d3337e4b84d9)
	at com.kms.katalon.core.keyword.internal.KeywordMain.stepFailed(KeywordMain.groovy:36)
	at com.kms.katalon.core.webui.keyword.internal.WebUIKeywordMain.stepFailed(WebUIKeywordMain.groovy:65)
	at com.kms.katalon.core.webui.keyword.internal.WebUIKeywordMain.runKeyword(WebUIKeywordMain.groovy:43)
	at com.kms.katalon.core.webui.keyword.builtin.ClearTextKeyword.clearText(ClearTextKeyword.groovy:61)
	at com.kms.katalon.core.webui.keyword.builtin.ClearTextKeyword.execute(ClearTextKeyword.groovy:34)
	at com.kms.katalon.core.keyword.internal.KeywordExecutor.executeKeywordForPlatform(KeywordExecutor.groovy:53)
	at com.kms.katalon.core.webui.keyword.WebUiBuiltInKeywords.clearText(WebUiBuiltInKeywords.groovy:3817)
	at com.kms.katalon.core.webui.keyword.WebUiBuiltInKeywords$clearText$11.call(Unknown Source)
	at Oaths - Edit.run(Oaths - Edit:52)
	at com.kms.katalon.core.main.ScriptEngine.run(ScriptEngine.java:194)
	at com.kms.katalon.core.main.ScriptEngine.runScriptAsRawText(ScriptEngine.java:119)
	at com.kms.katalon.core.main.TestCaseExecutor.runScript(TestCaseExecutor.java:328)
	at com.kms.katalon.core.main.TestCaseExecutor.doExecute(TestCaseExecutor.java:319)
	at com.kms.katalon.core.main.TestCaseExecutor.processExecutionPhase(TestCaseExecutor.java:298)
	at com.kms.katalon.core.main.TestCaseExecutor.accessMainPhase(TestCaseExecutor.java:290)
	at com.kms.katalon.core.main.TestCaseExecutor.execute(TestCaseExecutor.java:224)
	at com.kms.katalon.core.main.TestSuiteExecutor.accessTestCaseMainPhase(TestSuiteExecutor.java:129)
	at com.kms.katalon.core.main.TestSuiteExecutor.accessTestSuiteMainPhase(TestSuiteExecutor.java:112)
	at com.kms.katalon.core.main.TestSuiteExecutor.execute(TestSuiteExecutor.java:81)
	at com.kms.katalon.core.main.TestCaseMain.startTestSuite(TestCaseMain.java:149)
	at com.kms.katalon.core.main.TestCaseMain$startTestSuite$0.call(Unknown Source)
	at TempTestSuite1555007549481.run(TempTestSuite1555007549481.groovy:36)]]></system-err>
      </testcase>
      <testcase name="Test Cases/Admin Console/Account Settings/Prompts()/Prompts - Add" classname="Test Cases/Admin Console/Account Settings/Prompts()/Prompts - Add" status="PASSED">
         <system-out><![CDATA[2019-04-11 13:43:35 - [TEST_CASE][PASSED] - Test Cases/Admin Console/Account Settings/Prompts()/Prompts - Add: Test Cases/Admin Console/Account Settings/Prompts()/Prompts - Add

2019-04-11 13:43:36 - [TEST_STEP][PASSED] - openBrowser(""): Browser is opened with url: ''

2019-04-11 13:43:36 - [MESSAGE][WARNING] - A browser is already opened. Closing browser and opening a new one

2019-04-11 13:43:36 - [MESSAGE][INFO] - Starting 'Firefox (headless)' driver

2019-04-11 13:43:39 - [MESSAGE][PASSED] - Browser is opened with url: ''

2019-04-11 13:43:39 - [TEST_STEP][PASSED] - navigateToUrl(URL): Navigate to 'https://epulsedev2.com' successfully

2019-04-11 13:43:40 - [MESSAGE][PASSED] - Navigate to 'https://epulsedev2.com' successfully

2019-04-11 13:43:40 - [TEST_STEP][PASSED] - setText(findTestObject("Login/Email Address"), User_email): Text 'alonzo.mack@knowink.com' is set on object 'Object Repository/Login/Email Address'

2019-04-11 13:43:40 - [MESSAGE][PASSED] - Text 'alonzo.mack@knowink.com' is set on object 'Object Repository/Login/Email Address'

2019-04-11 13:43:40 - [TEST_STEP][PASSED] - setEncryptedText(findTestObject("Login/Password"), Pswrd): Text ****** has been set on object 'Object Repository/Login/Password'

2019-04-11 13:43:40 - [MESSAGE][PASSED] - Text ****** has been set on object 'Object Repository/Login/Password'

2019-04-11 13:43:40 - [TEST_STEP][PASSED] - click(findTestObject("Login/Sign In")): Object: 'Object Repository/Login/Sign In' is clicked on

2019-04-11 13:43:41 - [MESSAGE][PASSED] - Object: 'Object Repository/Login/Sign In' is clicked on

2019-04-11 13:43:41 - [TEST_STEP][PASSED] - delay(1): Delayed 1 second(s)

2019-04-11 13:43:42 - [MESSAGE][PASSED] - Delayed 1 second(s)

2019-04-11 13:43:42 - [TEST_STEP][PASSED] - navigateToUrl(Prompts, STOP_ON_FAILURE): Navigate to 'https://am-Automation-test.epulsedev2.com/prompts' successfully

2019-04-11 13:43:43 - [MESSAGE][PASSED] - Navigate to 'https://am-Automation-test.epulsedev2.com/prompts' successfully

2019-04-11 13:43:43 - [TEST_STEP][PASSED] - delay(1): Delayed 1 second(s)

2019-04-11 13:43:44 - [MESSAGE][PASSED] - Delayed 1 second(s)

2019-04-11 13:43:44 - [TEST_STEP][PASSED] - click(findTestObject("Admin Console ePulse Menu/Account Settings/Prompts/Create_New_Prompt_Button")): Object: 'Object Repository/Admin Console ePulse Menu/Account Settings/Prompts/Create_New_Prompt_Button' is clicked on

2019-04-11 13:43:45 - [MESSAGE][PASSED] - Object: 'Object Repository/Admin Console ePulse Menu/Account Settings/Prompts/Create_New_Prompt_Button' is clicked on

2019-04-11 13:43:45 - [TEST_STEP][PASSED] - setText(findTestObject("Admin Console ePulse Menu/Account Settings/Prompts/Add_Edit Prompt Modal/Name"), "Test Prompt"): Text 'Test Prompt' is set on object 'Object Repository/Admin Console ePulse Menu/Account Settings/Prompts/Add_Edit Prompt Modal/Name'

2019-04-11 13:43:45 - [MESSAGE][PASSED] - Text 'Test Prompt' is set on object 'Object Repository/Admin Console ePulse Menu/Account Settings/Prompts/Add_Edit Prompt Modal/Name'

2019-04-11 13:43:45 - [TEST_STEP][PASSED] - setText(findTestObject("Admin Console ePulse Menu/Account Settings/Prompts/Add_Edit Prompt Modal/Heading"), "Prompt"): Text 'Prompt' is set on object 'Object Repository/Admin Console ePulse Menu/Account Settings/Prompts/Add_Edit Prompt Modal/Heading'

2019-04-11 13:43:45 - [MESSAGE][PASSED] - Text 'Prompt' is set on object 'Object Repository/Admin Console ePulse Menu/Account Settings/Prompts/Add_Edit Prompt Modal/Heading'

2019-04-11 13:43:45 - [TEST_STEP][PASSED] - selectOptionByValue(findTestObject("Admin Console ePulse Menu/Account Settings/Prompts/Add_Edit Prompt Modal/Select Color"), "0", true): All options with value '0' are selected in object 'Object Repository/Admin Console ePulse Menu/Account Settings/Prompts/Add_Edit Prompt Modal/Select Color'  using regular expression

2019-04-11 13:43:45 - [MESSAGE][PASSED] - All options with value '0' are selected in object 'Object Repository/Admin Console ePulse Menu/Account Settings/Prompts/Add_Edit Prompt Modal/Select Color'  using regular expression

2019-04-11 13:43:45 - [TEST_STEP][PASSED] - setText(findTestObject("Admin Console ePulse Menu/Account Settings/Prompts/Add_Edit Prompt Modal/Order"), "1"): Text '1' is set on object 'Object Repository/Admin Console ePulse Menu/Account Settings/Prompts/Add_Edit Prompt Modal/Order'

2019-04-11 13:43:45 - [MESSAGE][PASSED] - Text '1' is set on object 'Object Repository/Admin Console ePulse Menu/Account Settings/Prompts/Add_Edit Prompt Modal/Order'

2019-04-11 13:43:45 - [TEST_STEP][PASSED] - setText(findTestObject("Admin Console ePulse Menu/Account Settings/Prompts/Add_Edit Prompt Modal/Field Label"), "Prompt"): Text 'Prompt' is set on object 'Object Repository/Admin Console ePulse Menu/Account Settings/Prompts/Add_Edit Prompt Modal/Field Label'

2019-04-11 13:43:45 - [MESSAGE][PASSED] - Text 'Prompt' is set on object 'Object Repository/Admin Console ePulse Menu/Account Settings/Prompts/Add_Edit Prompt Modal/Field Label'

2019-04-11 13:43:45 - [TEST_STEP][PASSED] - setText(findTestObject("Admin Console ePulse Menu/Account Settings/Prompts/Add_Edit Prompt Modal/Field Name"), "Prompt"): Text 'Prompt' is set on object 'Object Repository/Admin Console ePulse Menu/Account Settings/Prompts/Add_Edit Prompt Modal/Field Name'

2019-04-11 13:43:45 - [MESSAGE][PASSED] - Text 'Prompt' is set on object 'Object Repository/Admin Console ePulse Menu/Account Settings/Prompts/Add_Edit Prompt Modal/Field Name'

2019-04-11 13:43:45 - [TEST_STEP][PASSED] - click(findTestObject("Admin Console ePulse Menu/Account Settings/Prompts/Add_Edit Prompt Modal/Show Voter Info_slider")): Object: 'Object Repository/Admin Console ePulse Menu/Account Settings/Prompts/Add_Edit Prompt Modal/Show Voter Info_slider' is clicked on

2019-04-11 13:43:45 - [MESSAGE][PASSED] - Object: 'Object Repository/Admin Console ePulse Menu/Account Settings/Prompts/Add_Edit Prompt Modal/Show Voter Info_slider' is clicked on

2019-04-11 13:43:45 - [TEST_STEP][PASSED] - click(findTestObject("Admin Console ePulse Menu/Account Settings/Prompts/Add_Edit Prompt Modal/Show DOB Field_slider")): Object: 'Object Repository/Admin Console ePulse Menu/Account Settings/Prompts/Add_Edit Prompt Modal/Show DOB Field_slider' is clicked on

2019-04-11 13:43:46 - [MESSAGE][PASSED] - Object: 'Object Repository/Admin Console ePulse Menu/Account Settings/Prompts/Add_Edit Prompt Modal/Show DOB Field_slider' is clicked on

2019-04-11 13:43:46 - [TEST_STEP][PASSED] - setText(findTestObject("Admin Console ePulse Menu/Account Settings/Prompts/Add_Edit Prompt Modal/Instructions textarea "), "Test Prompt"): Text 'Test Prompt' is set on object 'Object Repository/Admin Console ePulse Menu/Account Settings/Prompts/Add_Edit Prompt Modal/Instructions textarea '

2019-04-11 13:43:46 - [MESSAGE][PASSED] - Text 'Test Prompt' is set on object 'Object Repository/Admin Console ePulse Menu/Account Settings/Prompts/Add_Edit Prompt Modal/Instructions textarea '

2019-04-11 13:43:46 - [TEST_STEP][PASSED] - click(findTestObject("Admin Console ePulse Menu/Account Settings/Prompts/Add_Edit Prompt Modal/Submit")): Object: 'Object Repository/Admin Console ePulse Menu/Account Settings/Prompts/Add_Edit Prompt Modal/Submit' is clicked on

2019-04-11 13:43:46 - [MESSAGE][PASSED] - Object: 'Object Repository/Admin Console ePulse Menu/Account Settings/Prompts/Add_Edit Prompt Modal/Submit' is clicked on

2019-04-11 13:43:46 - [TEST_STEP][PASSED] - delay(2): Delayed 2 second(s)

2019-04-11 13:43:48 - [MESSAGE][PASSED] - Delayed 2 second(s)

2019-04-11 13:43:48 - [TEST_STEP][PASSED] - closeBrowser(): Browser is closed

2019-04-11 13:43:48 - [MESSAGE][PASSED] - Browser is closed]]></system-out>
         <system-err><![CDATA[]]></system-err>
      </testcase>
      <testcase name="Test Cases/Admin Console/Account Settings/Prompts()/Prompts - Add Criteria" classname="Test Cases/Admin Console/Account Settings/Prompts()/Prompts - Add Criteria" status="PASSED">
         <system-out><![CDATA[2019-04-11 13:43:51 - [TEST_CASE][PASSED] - Test Cases/Admin Console/Account Settings/Prompts()/Prompts - Add Criteria: Test Cases/Admin Console/Account Settings/Prompts()/Prompts - Add Criteria

2019-04-11 13:43:51 - [TEST_STEP][PASSED] - openBrowser(""): Browser is opened with url: ''

2019-04-11 13:43:51 - [MESSAGE][INFO] - Starting 'Firefox (headless)' driver

2019-04-11 13:43:53 - [MESSAGE][PASSED] - Browser is opened with url: ''

2019-04-11 13:43:53 - [TEST_STEP][PASSED] - navigateToUrl(URL): Navigate to 'https://epulsedev2.com' successfully

2019-04-11 13:43:55 - [MESSAGE][PASSED] - Navigate to 'https://epulsedev2.com' successfully

2019-04-11 13:43:55 - [TEST_STEP][PASSED] - setText(findTestObject("Login/Email Address"), User_email): Text 'alonzo.mack@knowink.com' is set on object 'Object Repository/Login/Email Address'

2019-04-11 13:43:55 - [MESSAGE][PASSED] - Text 'alonzo.mack@knowink.com' is set on object 'Object Repository/Login/Email Address'

2019-04-11 13:43:55 - [TEST_STEP][PASSED] - setEncryptedText(findTestObject("Login/Password"), Pswrd): Text ****** has been set on object 'Object Repository/Login/Password'

2019-04-11 13:43:55 - [MESSAGE][PASSED] - Text ****** has been set on object 'Object Repository/Login/Password'

2019-04-11 13:43:55 - [TEST_STEP][PASSED] - click(findTestObject("Login/Sign In")): Object: 'Object Repository/Login/Sign In' is clicked on

2019-04-11 13:43:56 - [MESSAGE][PASSED] - Object: 'Object Repository/Login/Sign In' is clicked on

2019-04-11 13:43:56 - [TEST_STEP][PASSED] - delay(1): Delayed 1 second(s)

2019-04-11 13:43:57 - [MESSAGE][PASSED] - Delayed 1 second(s)

2019-04-11 13:43:57 - [TEST_STEP][PASSED] - navigateToUrl(Prompts, STOP_ON_FAILURE): Navigate to 'https://am-Automation-test.epulsedev2.com/prompts' successfully

2019-04-11 13:43:58 - [MESSAGE][PASSED] - Navigate to 'https://am-Automation-test.epulsedev2.com/prompts' successfully

2019-04-11 13:43:58 - [TEST_STEP][PASSED] - delay(1): Delayed 1 second(s)

2019-04-11 13:43:59 - [MESSAGE][PASSED] - Delayed 1 second(s)

2019-04-11 13:43:59 - [TEST_STEP][PASSED] - click(findTestObject("Admin Console ePulse Menu/Account Settings/Prompts/Add_CRITERIA_To_Prompt")): Object: 'Object Repository/Admin Console ePulse Menu/Account Settings/Prompts/Add_CRITERIA_To_Prompt' is clicked on

2019-04-11 13:43:59 - [MESSAGE][PASSED] - Object: 'Object Repository/Admin Console ePulse Menu/Account Settings/Prompts/Add_CRITERIA_To_Prompt' is clicked on

2019-04-11 13:43:59 - [TEST_STEP][PASSED] - delay(1): Delayed 1 second(s)

2019-04-11 13:44:00 - [MESSAGE][PASSED] - Delayed 1 second(s)

2019-04-11 13:44:00 - [TEST_STEP][PASSED] - selectOptionByValue(findTestObject("Admin Console ePulse Menu/Account Settings/Prompts/Prompt Criteria Modal/Add Criteria Dropdown"), "status_id", true): All options with value 'status_id' are selected in object 'Object Repository/Admin Console ePulse Menu/Account Settings/Prompts/Prompt Criteria Modal/Add Criteria Dropdown'  using regular expression

2019-04-11 13:44:01 - [MESSAGE][PASSED] - All options with value 'status_id' are selected in object 'Object Repository/Admin Console ePulse Menu/Account Settings/Prompts/Prompt Criteria Modal/Add Criteria Dropdown'  using regular expression

2019-04-11 13:44:01 - [TEST_STEP][PASSED] - delay(1): Delayed 1 second(s)

2019-04-11 13:44:02 - [MESSAGE][PASSED] - Delayed 1 second(s)

2019-04-11 13:44:02 - [TEST_STEP][PASSED] - click(findTestObject("Admin Console ePulse Menu/Account Settings/Prompts/Prompt Criteria Modal/Add Criteria(Plus Sign)")): Object: 'Object Repository/Admin Console ePulse Menu/Account Settings/Prompts/Prompt Criteria Modal/Add Criteria(Plus Sign)' is clicked on

2019-04-11 13:44:02 - [MESSAGE][PASSED] - Object: 'Object Repository/Admin Console ePulse Menu/Account Settings/Prompts/Prompt Criteria Modal/Add Criteria(Plus Sign)' is clicked on

2019-04-11 13:44:02 - [TEST_STEP][PASSED] - delay(1): Delayed 1 second(s)

2019-04-11 13:44:03 - [MESSAGE][PASSED] - Delayed 1 second(s)

2019-04-11 13:44:03 - [TEST_STEP][PASSED] - selectOptionByValue(findTestObject("Admin Console ePulse Menu/Account Settings/Prompts/Prompt Criteria Modal/Add Criteria Dropdown"), "voter_status_reason", true): All options with value 'voter_status_reason' are selected in object 'Object Repository/Admin Console ePulse Menu/Account Settings/Prompts/Prompt Criteria Modal/Add Criteria Dropdown'  using regular expression

2019-04-11 13:44:03 - [MESSAGE][PASSED] - All options with value 'voter_status_reason' are selected in object 'Object Repository/Admin Console ePulse Menu/Account Settings/Prompts/Prompt Criteria Modal/Add Criteria Dropdown'  using regular expression

2019-04-11 13:44:03 - [TEST_STEP][PASSED] - delay(1): Delayed 1 second(s)

2019-04-11 13:44:04 - [MESSAGE][PASSED] - Delayed 1 second(s)

2019-04-11 13:44:04 - [TEST_STEP][PASSED] - selectOptionByValue(findTestObject("Admin Console ePulse Menu/Account Settings/Prompts/Prompt Criteria Modal/Voter Status Reason Operator"), "1", true): All options with value '1' are selected in object 'Object Repository/Admin Console ePulse Menu/Account Settings/Prompts/Prompt Criteria Modal/Voter Status Reason Operator'  using regular expression

2019-04-11 13:44:05 - [MESSAGE][PASSED] - All options with value '1' are selected in object 'Object Repository/Admin Console ePulse Menu/Account Settings/Prompts/Prompt Criteria Modal/Voter Status Reason Operator'  using regular expression

2019-04-11 13:44:05 - [TEST_STEP][PASSED] - delay(1): Delayed 1 second(s)

2019-04-11 13:44:06 - [MESSAGE][PASSED] - Delayed 1 second(s)

2019-04-11 13:44:06 - [TEST_STEP][PASSED] - setText(findTestObject("Admin Console ePulse Menu/Account Settings/Prompts/Prompt Criteria Modal/Voter Status Reason Input Field"), "Voted"): Text 'Voted' is set on object 'Object Repository/Admin Console ePulse Menu/Account Settings/Prompts/Prompt Criteria Modal/Voter Status Reason Input Field'

2019-04-11 13:44:06 - [MESSAGE][PASSED] - Text 'Voted' is set on object 'Object Repository/Admin Console ePulse Menu/Account Settings/Prompts/Prompt Criteria Modal/Voter Status Reason Input Field'

2019-04-11 13:44:06 - [TEST_STEP][PASSED] - delay(1): Delayed 1 second(s)

2019-04-11 13:44:07 - [MESSAGE][PASSED] - Delayed 1 second(s)

2019-04-11 13:44:07 - [TEST_STEP][PASSED] - click(findTestObject("Admin Console ePulse Menu/Account Settings/Prompts/Prompt Criteria Modal/Add Criteria(Plus Sign)")): Object: 'Object Repository/Admin Console ePulse Menu/Account Settings/Prompts/Prompt Criteria Modal/Add Criteria(Plus Sign)' is clicked on

2019-04-11 13:44:07 - [MESSAGE][PASSED] - Object: 'Object Repository/Admin Console ePulse Menu/Account Settings/Prompts/Prompt Criteria Modal/Add Criteria(Plus Sign)' is clicked on

2019-04-11 13:44:07 - [TEST_STEP][PASSED] - delay(1): Delayed 1 second(s)

2019-04-11 13:44:08 - [MESSAGE][PASSED] - Delayed 1 second(s)

2019-04-11 13:44:08 - [TEST_STEP][PASSED] - selectOptionByValue(findTestObject("Admin Console ePulse Menu/Account Settings/Prompts/Prompt Criteria Modal/Add Criteria Dropdown"), "voter_over_18", true): All options with value 'voter_over_18' are selected in object 'Object Repository/Admin Console ePulse Menu/Account Settings/Prompts/Prompt Criteria Modal/Add Criteria Dropdown'  using regular expression

2019-04-11 13:44:09 - [MESSAGE][PASSED] - All options with value 'voter_over_18' are selected in object 'Object Repository/Admin Console ePulse Menu/Account Settings/Prompts/Prompt Criteria Modal/Add Criteria Dropdown'  using regular expression

2019-04-11 13:44:09 - [TEST_STEP][PASSED] - delay(1): Delayed 1 second(s)

2019-04-11 13:44:10 - [MESSAGE][PASSED] - Delayed 1 second(s)

2019-04-11 13:44:10 - [TEST_STEP][PASSED] - click(findTestObject("Admin Console ePulse Menu/Account Settings/Prompts/Prompt Criteria Modal/Add Criteria(Plus Sign)")): Object: 'Object Repository/Admin Console ePulse Menu/Account Settings/Prompts/Prompt Criteria Modal/Add Criteria(Plus Sign)' is clicked on

2019-04-11 13:44:10 - [MESSAGE][PASSED] - Object: 'Object Repository/Admin Console ePulse Menu/Account Settings/Prompts/Prompt Criteria Modal/Add Criteria(Plus Sign)' is clicked on

2019-04-11 13:44:10 - [TEST_STEP][PASSED] - delay(1): Delayed 1 second(s)

2019-04-11 13:44:11 - [MESSAGE][PASSED] - Delayed 1 second(s)

2019-04-11 13:44:11 - [TEST_STEP][PASSED] - selectOptionByValue(findTestObject("Admin Console ePulse Menu/Account Settings/Prompts/Prompt Criteria Modal/Add Criteria Dropdown"), "voter_party", true): All options with value 'voter_party' are selected in object 'Object Repository/Admin Console ePulse Menu/Account Settings/Prompts/Prompt Criteria Modal/Add Criteria Dropdown'  using regular expression

2019-04-11 13:44:11 - [MESSAGE][PASSED] - All options with value 'voter_party' are selected in object 'Object Repository/Admin Console ePulse Menu/Account Settings/Prompts/Prompt Criteria Modal/Add Criteria Dropdown'  using regular expression

2019-04-11 13:44:11 - [TEST_STEP][PASSED] - delay(1): Delayed 1 second(s)

2019-04-11 13:44:12 - [MESSAGE][PASSED] - Delayed 1 second(s)

2019-04-11 13:44:12 - [TEST_STEP][PASSED] - click(findTestObject("Admin Console ePulse Menu/Account Settings/Prompts/Prompt Criteria Modal/Add Criteria(Plus Sign)")): Object: 'Object Repository/Admin Console ePulse Menu/Account Settings/Prompts/Prompt Criteria Modal/Add Criteria(Plus Sign)' is clicked on

2019-04-11 13:44:13 - [MESSAGE][PASSED] - Object: 'Object Repository/Admin Console ePulse Menu/Account Settings/Prompts/Prompt Criteria Modal/Add Criteria(Plus Sign)' is clicked on

2019-04-11 13:44:13 - [TEST_STEP][PASSED] - delay(1): Delayed 1 second(s)

2019-04-11 13:44:14 - [MESSAGE][PASSED] - Delayed 1 second(s)

2019-04-11 13:44:14 - [TEST_STEP][PASSED] - selectOptionByValue(findTestObject("Admin Console ePulse Menu/Account Settings/Prompts/Prompt Criteria Modal/Add Criteria Dropdown"), "voter_absentee_information", true): All options with value 'voter_absentee_information' are selected in object 'Object Repository/Admin Console ePulse Menu/Account Settings/Prompts/Prompt Criteria Modal/Add Criteria Dropdown'  using regular expression

2019-04-11 13:44:14 - [MESSAGE][PASSED] - All options with value 'voter_absentee_information' are selected in object 'Object Repository/Admin Console ePulse Menu/Account Settings/Prompts/Prompt Criteria Modal/Add Criteria Dropdown'  using regular expression

2019-04-11 13:44:14 - [TEST_STEP][PASSED] - delay(1): Delayed 1 second(s)

2019-04-11 13:44:15 - [MESSAGE][PASSED] - Delayed 1 second(s)

2019-04-11 13:44:15 - [TEST_STEP][PASSED] - selectOptionByValue(findTestObject("Admin Console ePulse Menu/Account Settings/Prompts/Prompt Criteria Modal/Absentee Status Type"), "S", true): All options with value 'S' are selected in object 'Object Repository/Admin Console ePulse Menu/Account Settings/Prompts/Prompt Criteria Modal/Absentee Status Type'  using regular expression

2019-04-11 13:44:15 - [MESSAGE][PASSED] - All options with value 'S' are selected in object 'Object Repository/Admin Console ePulse Menu/Account Settings/Prompts/Prompt Criteria Modal/Absentee Status Type'  using regular expression

2019-04-11 13:44:15 - [TEST_STEP][PASSED] - delay(2): Delayed 2 second(s)

2019-04-11 13:44:17 - [MESSAGE][PASSED] - Delayed 2 second(s)

2019-04-11 13:44:17 - [TEST_STEP][PASSED] - click(findTestObject("Admin Console ePulse Menu/Account Settings/Prompts/Prompt Criteria Modal/Add Criteria(Plus Sign)")): Object: 'Object Repository/Admin Console ePulse Menu/Account Settings/Prompts/Prompt Criteria Modal/Add Criteria(Plus Sign)' is clicked on

2019-04-11 13:44:17 - [MESSAGE][PASSED] - Object: 'Object Repository/Admin Console ePulse Menu/Account Settings/Prompts/Prompt Criteria Modal/Add Criteria(Plus Sign)' is clicked on

2019-04-11 13:44:17 - [TEST_STEP][PASSED] - delay(1): Delayed 1 second(s)

2019-04-11 13:44:18 - [MESSAGE][PASSED] - Delayed 1 second(s)

2019-04-11 13:44:18 - [TEST_STEP][PASSED] - selectOptionByValue(findTestObject("Admin Console ePulse Menu/Account Settings/Prompts/Prompt Criteria Modal/Add Criteria Dropdown"), "voter_absentee_information", true): All options with value 'voter_absentee_information' are selected in object 'Object Repository/Admin Console ePulse Menu/Account Settings/Prompts/Prompt Criteria Modal/Add Criteria Dropdown'  using regular expression

2019-04-11 13:44:19 - [MESSAGE][PASSED] - All options with value 'voter_absentee_information' are selected in object 'Object Repository/Admin Console ePulse Menu/Account Settings/Prompts/Prompt Criteria Modal/Add Criteria Dropdown'  using regular expression

2019-04-11 13:44:19 - [TEST_STEP][PASSED] - delay(1): Delayed 1 second(s)

2019-04-11 13:44:20 - [MESSAGE][PASSED] - Delayed 1 second(s)

2019-04-11 13:44:20 - [TEST_STEP][PASSED] - selectOptionByValue(findTestObject("Admin Console ePulse Menu/Account Settings/Prompts/Prompt Criteria Modal/Absentee Status Type"), "R", true): All options with value 'R' are selected in object 'Object Repository/Admin Console ePulse Menu/Account Settings/Prompts/Prompt Criteria Modal/Absentee Status Type'  using regular expression

2019-04-11 13:44:20 - [MESSAGE][PASSED] - All options with value 'R' are selected in object 'Object Repository/Admin Console ePulse Menu/Account Settings/Prompts/Prompt Criteria Modal/Absentee Status Type'  using regular expression

2019-04-11 13:44:20 - [TEST_STEP][PASSED] - delay(2): Delayed 2 second(s)

2019-04-11 13:44:22 - [MESSAGE][PASSED] - Delayed 2 second(s)

2019-04-11 13:44:22 - [TEST_STEP][PASSED] - click(findTestObject("Admin Console ePulse Menu/Account Settings/Prompts/Prompt Criteria Modal/Add Criteria(Plus Sign)")): Object: 'Object Repository/Admin Console ePulse Menu/Account Settings/Prompts/Prompt Criteria Modal/Add Criteria(Plus Sign)' is clicked on

2019-04-11 13:44:22 - [MESSAGE][PASSED] - Object: 'Object Repository/Admin Console ePulse Menu/Account Settings/Prompts/Prompt Criteria Modal/Add Criteria(Plus Sign)' is clicked on

2019-04-11 13:44:22 - [TEST_STEP][PASSED] - delay(1): Delayed 1 second(s)

2019-04-11 13:44:23 - [MESSAGE][PASSED] - Delayed 1 second(s)

2019-04-11 13:44:23 - [TEST_STEP][PASSED] - click(findTestObject("Admin Console ePulse Menu/Account Settings/Prompts/Prompt Criteria Modal/Save")): Object: 'Object Repository/Admin Console ePulse Menu/Account Settings/Prompts/Prompt Criteria Modal/Save' is clicked on

2019-04-11 13:44:24 - [MESSAGE][PASSED] - Object: 'Object Repository/Admin Console ePulse Menu/Account Settings/Prompts/Prompt Criteria Modal/Save' is clicked on

2019-04-11 13:44:24 - [TEST_STEP][PASSED] - closeBrowser(): Browser is closed

2019-04-11 13:44:24 - [MESSAGE][PASSED] - Browser is closed]]></system-out>
         <system-err><![CDATA[]]></system-err>
      </testcase>
      <testcase name="Test Cases/Admin Console/Account Settings/Prompts()/Prompts - Buttons" classname="Test Cases/Admin Console/Account Settings/Prompts()/Prompts - Buttons" status="PASSED">
         <system-out><![CDATA[2019-04-11 13:44:26 - [TEST_CASE][PASSED] - Test Cases/Admin Console/Account Settings/Prompts()/Prompts - Buttons: Test Cases/Admin Console/Account Settings/Prompts()/Prompts - Buttons

2019-04-11 13:44:27 - [TEST_STEP][PASSED] - openBrowser(""): Browser is opened with url: ''

2019-04-11 13:44:27 - [MESSAGE][INFO] - Starting 'Firefox (headless)' driver

2019-04-11 13:44:29 - [MESSAGE][PASSED] - Browser is opened with url: ''

2019-04-11 13:44:29 - [TEST_STEP][PASSED] - navigateToUrl(URL): Navigate to 'https://epulsedev2.com' successfully

2019-04-11 13:44:30 - [MESSAGE][PASSED] - Navigate to 'https://epulsedev2.com' successfully

2019-04-11 13:44:30 - [TEST_STEP][PASSED] - setText(findTestObject("Login/Email Address"), User_email): Text 'alonzo.mack@knowink.com' is set on object 'Object Repository/Login/Email Address'

2019-04-11 13:44:30 - [MESSAGE][PASSED] - Text 'alonzo.mack@knowink.com' is set on object 'Object Repository/Login/Email Address'

2019-04-11 13:44:30 - [TEST_STEP][PASSED] - setEncryptedText(findTestObject("Login/Password"), Pswrd): Text ****** has been set on object 'Object Repository/Login/Password'

2019-04-11 13:44:31 - [MESSAGE][PASSED] - Text ****** has been set on object 'Object Repository/Login/Password'

2019-04-11 13:44:31 - [TEST_STEP][PASSED] - click(findTestObject("Login/Sign In")): Object: 'Object Repository/Login/Sign In' is clicked on

2019-04-11 13:44:32 - [MESSAGE][PASSED] - Object: 'Object Repository/Login/Sign In' is clicked on

2019-04-11 13:44:32 - [TEST_STEP][PASSED] - delay(1): Delayed 1 second(s)

2019-04-11 13:44:33 - [MESSAGE][PASSED] - Delayed 1 second(s)

2019-04-11 13:44:33 - [TEST_STEP][PASSED] - navigateToUrl(Prompts, STOP_ON_FAILURE): Navigate to 'https://am-Automation-test.epulsedev2.com/prompts' successfully

2019-04-11 13:44:34 - [MESSAGE][PASSED] - Navigate to 'https://am-Automation-test.epulsedev2.com/prompts' successfully

2019-04-11 13:44:34 - [TEST_STEP][PASSED] - delay(1): Delayed 1 second(s)

2019-04-11 13:44:35 - [MESSAGE][PASSED] - Delayed 1 second(s)

2019-04-11 13:44:35 - [TEST_STEP][PASSED] - click(findTestObject("Admin Console ePulse Menu/Account Settings/Prompts/Add_BUTTON_To_Prompt")): Object: 'Object Repository/Admin Console ePulse Menu/Account Settings/Prompts/Add_BUTTON_To_Prompt' is clicked on

2019-04-11 13:44:35 - [MESSAGE][PASSED] - Object: 'Object Repository/Admin Console ePulse Menu/Account Settings/Prompts/Add_BUTTON_To_Prompt' is clicked on

2019-04-11 13:44:35 - [TEST_STEP][PASSED] - delay(1): Delayed 1 second(s)

2019-04-11 13:44:36 - [MESSAGE][PASSED] - Delayed 1 second(s)

2019-04-11 13:44:36 - [TEST_STEP][PASSED] - setText(findTestObject("Admin Console ePulse Menu/Account Settings/Prompts/Prompt Button Modal/Input Button Label"), "test"): Text 'test' is set on object 'Object Repository/Admin Console ePulse Menu/Account Settings/Prompts/Prompt Button Modal/Input Button Label'

2019-04-11 13:44:36 - [MESSAGE][PASSED] - Text 'test' is set on object 'Object Repository/Admin Console ePulse Menu/Account Settings/Prompts/Prompt Button Modal/Input Button Label'

2019-04-11 13:44:36 - [TEST_STEP][PASSED] - delay(1): Delayed 1 second(s)

2019-04-11 13:44:37 - [MESSAGE][PASSED] - Delayed 1 second(s)

2019-04-11 13:44:37 - [TEST_STEP][PASSED] - selectOptionByValue(findTestObject("Admin Console ePulse Menu/Account Settings/Prompts/Prompt Button Modal/Select Button Type Dropdown"), "0", true): All options with value '0' are selected in object 'Object Repository/Admin Console ePulse Menu/Account Settings/Prompts/Prompt Button Modal/Select Button Type Dropdown'  using regular expression

2019-04-11 13:44:38 - [MESSAGE][PASSED] - All options with value '0' are selected in object 'Object Repository/Admin Console ePulse Menu/Account Settings/Prompts/Prompt Button Modal/Select Button Type Dropdown'  using regular expression

2019-04-11 13:44:38 - [TEST_STEP][PASSED] - delay(1): Delayed 1 second(s)

2019-04-11 13:44:39 - [MESSAGE][PASSED] - Delayed 1 second(s)

2019-04-11 13:44:39 - [TEST_STEP][PASSED] - click(findTestObject("Admin Console ePulse Menu/Account Settings/Prompts/Prompt Button Modal/Add New Button(plus sign)")): Object: 'Object Repository/Admin Console ePulse Menu/Account Settings/Prompts/Prompt Button Modal/Add New Button(plus sign)' is clicked on

2019-04-11 13:44:39 - [MESSAGE][PASSED] - Object: 'Object Repository/Admin Console ePulse Menu/Account Settings/Prompts/Prompt Button Modal/Add New Button(plus sign)' is clicked on

2019-04-11 13:44:39 - [TEST_STEP][PASSED] - delay(1): Delayed 1 second(s)

2019-04-11 13:44:40 - [MESSAGE][PASSED] - Delayed 1 second(s)

2019-04-11 13:44:40 - [TEST_STEP][PASSED] - setText(findTestObject("Admin Console ePulse Menu/Account Settings/Prompts/Prompt Button Modal/Input Button Label"), "test1"): Text 'test1' is set on object 'Object Repository/Admin Console ePulse Menu/Account Settings/Prompts/Prompt Button Modal/Input Button Label'

2019-04-11 13:44:40 - [MESSAGE][PASSED] - Text 'test1' is set on object 'Object Repository/Admin Console ePulse Menu/Account Settings/Prompts/Prompt Button Modal/Input Button Label'

2019-04-11 13:44:40 - [TEST_STEP][PASSED] - delay(1): Delayed 1 second(s)

2019-04-11 13:44:41 - [MESSAGE][PASSED] - Delayed 1 second(s)

2019-04-11 13:44:41 - [TEST_STEP][PASSED] - selectOptionByValue(findTestObject("Admin Console ePulse Menu/Account Settings/Prompts/Prompt Button Modal/Select Button Type Dropdown"), "1", true): All options with value '1' are selected in object 'Object Repository/Admin Console ePulse Menu/Account Settings/Prompts/Prompt Button Modal/Select Button Type Dropdown'  using regular expression

2019-04-11 13:44:41 - [MESSAGE][PASSED] - All options with value '1' are selected in object 'Object Repository/Admin Console ePulse Menu/Account Settings/Prompts/Prompt Button Modal/Select Button Type Dropdown'  using regular expression

2019-04-11 13:44:41 - [TEST_STEP][PASSED] - setText(findTestObject("Admin Console ePulse Menu/Account Settings/Prompts/Prompt Button Modal/Page_Epulse  am-Automation-test  Pr/Prompt Button Value"), "Allow to vote", STOP_ON_FAILURE): Text 'Allow to vote' is set on object 'Object Repository/Admin Console ePulse Menu/Account Settings/Prompts/Prompt Button Modal/Page_Epulse  am-Automation-test  Pr/Prompt Button Value'

2019-04-11 13:44:41 - [MESSAGE][PASSED] - Text 'Allow to vote' is set on object 'Object Repository/Admin Console ePulse Menu/Account Settings/Prompts/Prompt Button Modal/Page_Epulse  am-Automation-test  Pr/Prompt Button Value'

2019-04-11 13:44:41 - [TEST_STEP][PASSED] - delay(1): Delayed 1 second(s)

2019-04-11 13:44:42 - [MESSAGE][PASSED] - Delayed 1 second(s)

2019-04-11 13:44:42 - [TEST_STEP][PASSED] - click(findTestObject("Admin Console ePulse Menu/Account Settings/Prompts/Prompt Button Modal/Add New Button(plus sign)")): Object: 'Object Repository/Admin Console ePulse Menu/Account Settings/Prompts/Prompt Button Modal/Add New Button(plus sign)' is clicked on

2019-04-11 13:44:43 - [MESSAGE][PASSED] - Object: 'Object Repository/Admin Console ePulse Menu/Account Settings/Prompts/Prompt Button Modal/Add New Button(plus sign)' is clicked on

2019-04-11 13:44:43 - [TEST_STEP][PASSED] - delay(1): Delayed 1 second(s)

2019-04-11 13:44:44 - [MESSAGE][PASSED] - Delayed 1 second(s)

2019-04-11 13:44:44 - [TEST_STEP][PASSED] - setText(findTestObject("Admin Console ePulse Menu/Account Settings/Prompts/Prompt Button Modal/Input Button Label"), "test3"): Text 'test3' is set on object 'Object Repository/Admin Console ePulse Menu/Account Settings/Prompts/Prompt Button Modal/Input Button Label'

2019-04-11 13:44:44 - [MESSAGE][PASSED] - Text 'test3' is set on object 'Object Repository/Admin Console ePulse Menu/Account Settings/Prompts/Prompt Button Modal/Input Button Label'

2019-04-11 13:44:44 - [TEST_STEP][PASSED] - delay(1): Delayed 1 second(s)

2019-04-11 13:44:45 - [MESSAGE][PASSED] - Delayed 1 second(s)

2019-04-11 13:44:45 - [TEST_STEP][PASSED] - selectOptionByValue(findTestObject("Admin Console ePulse Menu/Account Settings/Prompts/Prompt Button Modal/Select Button Type Dropdown"), "2", true): All options with value '2' are selected in object 'Object Repository/Admin Console ePulse Menu/Account Settings/Prompts/Prompt Button Modal/Select Button Type Dropdown'  using regular expression

2019-04-11 13:44:45 - [MESSAGE][PASSED] - All options with value '2' are selected in object 'Object Repository/Admin Console ePulse Menu/Account Settings/Prompts/Prompt Button Modal/Select Button Type Dropdown'  using regular expression

2019-04-11 13:44:45 - [TEST_STEP][PASSED] - delay(1): Delayed 1 second(s)

2019-04-11 13:44:46 - [MESSAGE][PASSED] - Delayed 1 second(s)

2019-04-11 13:44:46 - [TEST_STEP][PASSED] - setText(findTestObject("Admin Console ePulse Menu/Account Settings/Prompts/Prompt Button Modal/Page_Epulse  am-Automation-test  Pr/Prompt Button Value"), "asdf"): Text 'asdf' is set on object 'Object Repository/Admin Console ePulse Menu/Account Settings/Prompts/Prompt Button Modal/Page_Epulse  am-Automation-test  Pr/Prompt Button Value'

2019-04-11 13:44:46 - [MESSAGE][PASSED] - Text 'asdf' is set on object 'Object Repository/Admin Console ePulse Menu/Account Settings/Prompts/Prompt Button Modal/Page_Epulse  am-Automation-test  Pr/Prompt Button Value'

2019-04-11 13:44:46 - [TEST_STEP][PASSED] - delay(1): Delayed 1 second(s)

2019-04-11 13:44:47 - [MESSAGE][PASSED] - Delayed 1 second(s)

2019-04-11 13:44:47 - [TEST_STEP][PASSED] - click(findTestObject("Admin Console ePulse Menu/Account Settings/Prompts/Prompt Button Modal/Add New Button(plus sign)")): Object: 'Object Repository/Admin Console ePulse Menu/Account Settings/Prompts/Prompt Button Modal/Add New Button(plus sign)' is clicked on

2019-04-11 13:44:48 - [MESSAGE][PASSED] - Object: 'Object Repository/Admin Console ePulse Menu/Account Settings/Prompts/Prompt Button Modal/Add New Button(plus sign)' is clicked on

2019-04-11 13:44:48 - [TEST_STEP][PASSED] - delay(1): Delayed 1 second(s)

2019-04-11 13:44:49 - [MESSAGE][PASSED] - Delayed 1 second(s)

2019-04-11 13:44:49 - [TEST_STEP][PASSED] - setText(findTestObject("Admin Console ePulse Menu/Account Settings/Prompts/Prompt Button Modal/Input Button Label"), "test2"): Text 'test2' is set on object 'Object Repository/Admin Console ePulse Menu/Account Settings/Prompts/Prompt Button Modal/Input Button Label'

2019-04-11 13:44:49 - [MESSAGE][PASSED] - Text 'test2' is set on object 'Object Repository/Admin Console ePulse Menu/Account Settings/Prompts/Prompt Button Modal/Input Button Label'

2019-04-11 13:44:49 - [TEST_STEP][PASSED] - delay(1): Delayed 1 second(s)

2019-04-11 13:44:50 - [MESSAGE][PASSED] - Delayed 1 second(s)

2019-04-11 13:44:50 - [TEST_STEP][PASSED] - selectOptionByValue(findTestObject("Admin Console ePulse Menu/Account Settings/Prompts/Prompt Button Modal/Select Button Type Dropdown"), "3", true): All options with value '3' are selected in object 'Object Repository/Admin Console ePulse Menu/Account Settings/Prompts/Prompt Button Modal/Select Button Type Dropdown'  using regular expression

2019-04-11 13:44:50 - [MESSAGE][PASSED] - All options with value '3' are selected in object 'Object Repository/Admin Console ePulse Menu/Account Settings/Prompts/Prompt Button Modal/Select Button Type Dropdown'  using regular expression

2019-04-11 13:44:50 - [TEST_STEP][PASSED] - delay(1): Delayed 1 second(s)

2019-04-11 13:44:51 - [MESSAGE][PASSED] - Delayed 1 second(s)

2019-04-11 13:44:51 - [TEST_STEP][PASSED] - setText(findTestObject("Admin Console ePulse Menu/Account Settings/Prompts/Prompt Button Modal/Input Button Label"), "test4"): Text 'test4' is set on object 'Object Repository/Admin Console ePulse Menu/Account Settings/Prompts/Prompt Button Modal/Input Button Label'

2019-04-11 13:44:52 - [MESSAGE][PASSED] - Text 'test4' is set on object 'Object Repository/Admin Console ePulse Menu/Account Settings/Prompts/Prompt Button Modal/Input Button Label'

2019-04-11 13:44:52 - [TEST_STEP][PASSED] - delay(1): Delayed 1 second(s)

2019-04-11 13:44:53 - [MESSAGE][PASSED] - Delayed 1 second(s)

2019-04-11 13:44:53 - [TEST_STEP][PASSED] - selectOptionByValue(findTestObject("Admin Console ePulse Menu/Account Settings/Prompts/Prompt Button Modal/Select Button Type Dropdown"), "4", true): All options with value '4' are selected in object 'Object Repository/Admin Console ePulse Menu/Account Settings/Prompts/Prompt Button Modal/Select Button Type Dropdown'  using regular expression

2019-04-11 13:44:53 - [MESSAGE][PASSED] - All options with value '4' are selected in object 'Object Repository/Admin Console ePulse Menu/Account Settings/Prompts/Prompt Button Modal/Select Button Type Dropdown'  using regular expression

2019-04-11 13:44:53 - [TEST_STEP][PASSED] - delay(1): Delayed 1 second(s)

2019-04-11 13:44:54 - [MESSAGE][PASSED] - Delayed 1 second(s)

2019-04-11 13:44:54 - [TEST_STEP][PASSED] - click(findTestObject("Admin Console ePulse Menu/Account Settings/Prompts/Prompt Button Modal/Add New Button(plus sign)")): Object: 'Object Repository/Admin Console ePulse Menu/Account Settings/Prompts/Prompt Button Modal/Add New Button(plus sign)' is clicked on

2019-04-11 13:44:54 - [MESSAGE][PASSED] - Object: 'Object Repository/Admin Console ePulse Menu/Account Settings/Prompts/Prompt Button Modal/Add New Button(plus sign)' is clicked on

2019-04-11 13:44:54 - [TEST_STEP][PASSED] - delay(1): Delayed 1 second(s)

2019-04-11 13:44:55 - [MESSAGE][PASSED] - Delayed 1 second(s)

2019-04-11 13:44:55 - [TEST_STEP][PASSED] - setText(findTestObject("Admin Console ePulse Menu/Account Settings/Prompts/Prompt Button Modal/Input Button Label"), "test5"): Text 'test5' is set on object 'Object Repository/Admin Console ePulse Menu/Account Settings/Prompts/Prompt Button Modal/Input Button Label'

2019-04-11 13:44:55 - [MESSAGE][PASSED] - Text 'test5' is set on object 'Object Repository/Admin Console ePulse Menu/Account Settings/Prompts/Prompt Button Modal/Input Button Label'

2019-04-11 13:44:55 - [TEST_STEP][PASSED] - delay(1): Delayed 1 second(s)

2019-04-11 13:44:56 - [MESSAGE][PASSED] - Delayed 1 second(s)

2019-04-11 13:44:56 - [TEST_STEP][PASSED] - selectOptionByValue(findTestObject("Admin Console ePulse Menu/Account Settings/Prompts/Prompt Button Modal/Select Button Type Dropdown"), "5", true): All options with value '5' are selected in object 'Object Repository/Admin Console ePulse Menu/Account Settings/Prompts/Prompt Button Modal/Select Button Type Dropdown'  using regular expression

2019-04-11 13:44:57 - [MESSAGE][PASSED] - All options with value '5' are selected in object 'Object Repository/Admin Console ePulse Menu/Account Settings/Prompts/Prompt Button Modal/Select Button Type Dropdown'  using regular expression

2019-04-11 13:44:57 - [TEST_STEP][PASSED] - delay(1): Delayed 1 second(s)

2019-04-11 13:44:58 - [MESSAGE][PASSED] - Delayed 1 second(s)

2019-04-11 13:44:58 - [TEST_STEP][PASSED] - click(findTestObject("Admin Console ePulse Menu/Account Settings/Prompts/Prompt Button Modal/Add New Button(plus sign)")): Object: 'Object Repository/Admin Console ePulse Menu/Account Settings/Prompts/Prompt Button Modal/Add New Button(plus sign)' is clicked on

2019-04-11 13:44:58 - [MESSAGE][PASSED] - Object: 'Object Repository/Admin Console ePulse Menu/Account Settings/Prompts/Prompt Button Modal/Add New Button(plus sign)' is clicked on

2019-04-11 13:44:58 - [TEST_STEP][PASSED] - delay(1): Delayed 1 second(s)

2019-04-11 13:44:59 - [MESSAGE][PASSED] - Delayed 1 second(s)

2019-04-11 13:44:59 - [TEST_STEP][PASSED] - click(findTestObject("Admin Console ePulse Menu/Account Settings/Prompts/Prompt Button Modal/Close Button")): Object: 'Object Repository/Admin Console ePulse Menu/Account Settings/Prompts/Prompt Button Modal/Close Button' is clicked on

2019-04-11 13:45:00 - [MESSAGE][PASSED] - Object: 'Object Repository/Admin Console ePulse Menu/Account Settings/Prompts/Prompt Button Modal/Close Button' is clicked on

2019-04-11 13:45:00 - [TEST_STEP][PASSED] - delay(1): Delayed 1 second(s)

2019-04-11 13:45:01 - [MESSAGE][PASSED] - Delayed 1 second(s)

2019-04-11 13:45:01 - [TEST_STEP][PASSED] - closeBrowser(): Browser is closed

2019-04-11 13:45:01 - [MESSAGE][PASSED] - Browser is closed]]></system-out>
         <system-err><![CDATA[]]></system-err>
      </testcase>
      <testcase name="Test Cases/Admin Console/Account Settings/Prompts()/Prompts - Import" classname="Test Cases/Admin Console/Account Settings/Prompts()/Prompts - Import" status="PASSED">
         <system-out><![CDATA[2019-04-11 13:45:03 - [TEST_CASE][PASSED] - Test Cases/Admin Console/Account Settings/Prompts()/Prompts - Import: Test Cases/Admin Console/Account Settings/Prompts()/Prompts - Import

2019-04-11 13:45:04 - [TEST_STEP][PASSED] - openBrowser(""): Browser is opened with url: ''

2019-04-11 13:45:04 - [MESSAGE][INFO] - Starting 'Firefox (headless)' driver

2019-04-11 13:45:06 - [MESSAGE][PASSED] - Browser is opened with url: ''

2019-04-11 13:45:06 - [TEST_STEP][PASSED] - navigateToUrl(URL): Navigate to 'https://epulsedev2.com' successfully

2019-04-11 13:45:09 - [MESSAGE][PASSED] - Navigate to 'https://epulsedev2.com' successfully

2019-04-11 13:45:09 - [TEST_STEP][PASSED] - setText(findTestObject("Login/Email Address"), User_email): Text 'alonzo.mack@knowink.com' is set on object 'Object Repository/Login/Email Address'

2019-04-11 13:45:09 - [MESSAGE][PASSED] - Text 'alonzo.mack@knowink.com' is set on object 'Object Repository/Login/Email Address'

2019-04-11 13:45:09 - [TEST_STEP][PASSED] - setEncryptedText(findTestObject("Login/Password"), Pswrd): Text ****** has been set on object 'Object Repository/Login/Password'

2019-04-11 13:45:09 - [MESSAGE][PASSED] - Text ****** has been set on object 'Object Repository/Login/Password'

2019-04-11 13:45:09 - [TEST_STEP][PASSED] - click(findTestObject("Login/Sign In")): Object: 'Object Repository/Login/Sign In' is clicked on

2019-04-11 13:45:10 - [MESSAGE][PASSED] - Object: 'Object Repository/Login/Sign In' is clicked on

2019-04-11 13:45:10 - [TEST_STEP][PASSED] - delay(1): Delayed 1 second(s)

2019-04-11 13:45:11 - [MESSAGE][PASSED] - Delayed 1 second(s)

2019-04-11 13:45:11 - [TEST_STEP][PASSED] - navigateToUrl(Prompts_Imports, STOP_ON_FAILURE): Navigate to 'https://am-automation-test.epulsedev2.com/imports/prompts' successfully

2019-04-11 13:45:12 - [MESSAGE][PASSED] - Navigate to 'https://am-automation-test.epulsedev2.com/imports/prompts' successfully

2019-04-11 13:45:12 - [TEST_STEP][PASSED] - setText(findTestObject("Admin Console ePulse Menu/Account Settings/Prompts/Import Prompts Buttons/Choose File"), "/Users/alonzomack/Downloads/prompts-3.txt"): Text '/Users/alonzomack/Downloads/prompts-3.txt' is set on object 'Object Repository/Admin Console ePulse Menu/Account Settings/Prompts/Import Prompts Buttons/Choose File'

2019-04-11 13:45:12 - [MESSAGE][PASSED] - Text '/Users/alonzomack/Downloads/prompts-3.txt' is set on object 'Object Repository/Admin Console ePulse Menu/Account Settings/Prompts/Import Prompts Buttons/Choose File'

2019-04-11 13:45:12 - [TEST_STEP][PASSED] - click(findTestObject("Admin Console ePulse Menu/Account Settings/Prompts/Import Prompts Buttons/Continue Button")): Object: 'Object Repository/Admin Console ePulse Menu/Account Settings/Prompts/Import Prompts Buttons/Continue Button' is clicked on

2019-04-11 13:45:12 - [MESSAGE][PASSED] - Object: 'Object Repository/Admin Console ePulse Menu/Account Settings/Prompts/Import Prompts Buttons/Continue Button' is clicked on

2019-04-11 13:45:12 - [TEST_STEP][PASSED] - delay(1): Delayed 1 second(s)

2019-04-11 13:45:13 - [MESSAGE][PASSED] - Delayed 1 second(s)

2019-04-11 13:45:13 - [TEST_STEP][PASSED] - click(findTestObject("Admin Console ePulse Menu/Account Settings/Prompts/Import Prompts Buttons/button_Done(working)")): Object: 'Object Repository/Admin Console ePulse Menu/Account Settings/Prompts/Import Prompts Buttons/button_Done(working)' is clicked on

2019-04-11 13:45:18 - [MESSAGE][PASSED] - Object: 'Object Repository/Admin Console ePulse Menu/Account Settings/Prompts/Import Prompts Buttons/button_Done(working)' is clicked on

2019-04-11 13:45:18 - [TEST_STEP][PASSED] - delay(1): Delayed 1 second(s)

2019-04-11 13:45:19 - [MESSAGE][PASSED] - Delayed 1 second(s)

2019-04-11 13:45:19 - [TEST_STEP][PASSED] - closeBrowser(): Browser is closed

2019-04-11 13:45:19 - [MESSAGE][PASSED] - Browser is closed]]></system-out>
         <system-err><![CDATA[]]></system-err>
      </testcase>
      <testcase name="Test Cases/Admin Console/Account Settings/Prompts()/Prompts - Edit" classname="Test Cases/Admin Console/Account Settings/Prompts()/Prompts - Edit" status="PASSED">
         <system-out><![CDATA[2019-04-11 13:45:21 - [TEST_CASE][PASSED] - Test Cases/Admin Console/Account Settings/Prompts()/Prompts - Edit: Test Cases/Admin Console/Account Settings/Prompts()/Prompts - Edit

2019-04-11 13:45:21 - [TEST_STEP][PASSED] - openBrowser(""): Browser is opened with url: ''

2019-04-11 13:45:21 - [MESSAGE][INFO] - Starting 'Firefox (headless)' driver

2019-04-11 13:45:24 - [MESSAGE][PASSED] - Browser is opened with url: ''

2019-04-11 13:45:24 - [TEST_STEP][PASSED] - navigateToUrl(URL): Navigate to 'https://epulsedev2.com' successfully

2019-04-11 13:45:25 - [MESSAGE][PASSED] - Navigate to 'https://epulsedev2.com' successfully

2019-04-11 13:45:25 - [TEST_STEP][PASSED] - setText(findTestObject("Login/Email Address"), User_email): Text 'alonzo.mack@knowink.com' is set on object 'Object Repository/Login/Email Address'

2019-04-11 13:45:25 - [MESSAGE][PASSED] - Text 'alonzo.mack@knowink.com' is set on object 'Object Repository/Login/Email Address'

2019-04-11 13:45:25 - [TEST_STEP][PASSED] - setEncryptedText(findTestObject("Login/Password"), Pswrd): Text ****** has been set on object 'Object Repository/Login/Password'

2019-04-11 13:45:25 - [MESSAGE][PASSED] - Text ****** has been set on object 'Object Repository/Login/Password'

2019-04-11 13:45:25 - [TEST_STEP][PASSED] - click(findTestObject("Login/Sign In")): Object: 'Object Repository/Login/Sign In' is clicked on

2019-04-11 13:45:26 - [MESSAGE][PASSED] - Object: 'Object Repository/Login/Sign In' is clicked on

2019-04-11 13:45:26 - [TEST_STEP][PASSED] - delay(1): Delayed 1 second(s)

2019-04-11 13:45:27 - [MESSAGE][PASSED] - Delayed 1 second(s)

2019-04-11 13:45:27 - [TEST_STEP][PASSED] - navigateToUrl(Prompts, STOP_ON_FAILURE): Navigate to 'https://am-Automation-test.epulsedev2.com/prompts' successfully

2019-04-11 13:45:28 - [MESSAGE][PASSED] - Navigate to 'https://am-Automation-test.epulsedev2.com/prompts' successfully

2019-04-11 13:45:28 - [TEST_STEP][PASSED] - delay(1): Delayed 1 second(s)

2019-04-11 13:45:29 - [MESSAGE][PASSED] - Delayed 1 second(s)

2019-04-11 13:45:29 - [TEST_STEP][PASSED] - click(findTestObject("Admin Console ePulse Menu/Account Settings/Prompts/Edit Prompt")): Object: 'Object Repository/Admin Console ePulse Menu/Account Settings/Prompts/Edit Prompt' is clicked on

2019-04-11 13:45:29 - [MESSAGE][PASSED] - Object: 'Object Repository/Admin Console ePulse Menu/Account Settings/Prompts/Edit Prompt' is clicked on

2019-04-11 13:45:29 - [TEST_STEP][PASSED] - delay(2): Delayed 2 second(s)

2019-04-11 13:45:31 - [MESSAGE][PASSED] - Delayed 2 second(s)

2019-04-11 13:45:31 - [TEST_STEP][PASSED] - setText(findTestObject("Admin Console ePulse Menu/Account Settings/Prompts/Add_Edit Prompt Modal/Name"), "Test Prompt Test"): Text 'Test Prompt Test' is set on object 'Object Repository/Admin Console ePulse Menu/Account Settings/Prompts/Add_Edit Prompt Modal/Name'

2019-04-11 13:45:31 - [MESSAGE][PASSED] - Text 'Test Prompt Test' is set on object 'Object Repository/Admin Console ePulse Menu/Account Settings/Prompts/Add_Edit Prompt Modal/Name'

2019-04-11 13:45:31 - [TEST_STEP][PASSED] - delay(2): Delayed 2 second(s)

2019-04-11 13:45:33 - [MESSAGE][PASSED] - Delayed 2 second(s)

2019-04-11 13:45:33 - [TEST_STEP][PASSED] - setText(findTestObject("Admin Console ePulse Menu/Account Settings/Prompts/Add_Edit Prompt Modal/Heading"), "Prompt Edit"): Text 'Prompt Edit' is set on object 'Object Repository/Admin Console ePulse Menu/Account Settings/Prompts/Add_Edit Prompt Modal/Heading'

2019-04-11 13:45:33 - [MESSAGE][PASSED] - Text 'Prompt Edit' is set on object 'Object Repository/Admin Console ePulse Menu/Account Settings/Prompts/Add_Edit Prompt Modal/Heading'

2019-04-11 13:45:33 - [TEST_STEP][PASSED] - delay(2): Delayed 2 second(s)

2019-04-11 13:45:35 - [MESSAGE][PASSED] - Delayed 2 second(s)

2019-04-11 13:45:35 - [TEST_STEP][PASSED] - selectOptionByValue(findTestObject("Admin Console ePulse Menu/Account Settings/Prompts/Add_Edit Prompt Modal/Select Color"), "2", true): All options with value '2' are selected in object 'Object Repository/Admin Console ePulse Menu/Account Settings/Prompts/Add_Edit Prompt Modal/Select Color'  using regular expression

2019-04-11 13:45:36 - [MESSAGE][PASSED] - All options with value '2' are selected in object 'Object Repository/Admin Console ePulse Menu/Account Settings/Prompts/Add_Edit Prompt Modal/Select Color'  using regular expression

2019-04-11 13:45:36 - [TEST_STEP][PASSED] - delay(2): Delayed 2 second(s)

2019-04-11 13:45:38 - [MESSAGE][PASSED] - Delayed 2 second(s)

2019-04-11 13:45:38 - [TEST_STEP][PASSED] - setText(findTestObject("Admin Console ePulse Menu/Account Settings/Prompts/Add_Edit Prompt Modal/Order"), "2"): Text '2' is set on object 'Object Repository/Admin Console ePulse Menu/Account Settings/Prompts/Add_Edit Prompt Modal/Order'

2019-04-11 13:45:38 - [MESSAGE][PASSED] - Text '2' is set on object 'Object Repository/Admin Console ePulse Menu/Account Settings/Prompts/Add_Edit Prompt Modal/Order'

2019-04-11 13:45:38 - [TEST_STEP][PASSED] - delay(2): Delayed 2 second(s)

2019-04-11 13:45:40 - [MESSAGE][PASSED] - Delayed 2 second(s)

2019-04-11 13:45:40 - [TEST_STEP][PASSED] - setText(findTestObject("Admin Console ePulse Menu/Account Settings/Prompts/Add_Edit Prompt Modal/Field Label"), "Prompt Test"): Text 'Prompt Test' is set on object 'Object Repository/Admin Console ePulse Menu/Account Settings/Prompts/Add_Edit Prompt Modal/Field Label'

2019-04-11 13:45:40 - [MESSAGE][PASSED] - Text 'Prompt Test' is set on object 'Object Repository/Admin Console ePulse Menu/Account Settings/Prompts/Add_Edit Prompt Modal/Field Label'

2019-04-11 13:45:40 - [TEST_STEP][PASSED] - delay(2): Delayed 2 second(s)

2019-04-11 13:45:42 - [MESSAGE][PASSED] - Delayed 2 second(s)

2019-04-11 13:45:42 - [TEST_STEP][PASSED] - setText(findTestObject("Admin Console ePulse Menu/Account Settings/Prompts/Add_Edit Prompt Modal/Field Name"), "prompt test"): Text 'prompt test' is set on object 'Object Repository/Admin Console ePulse Menu/Account Settings/Prompts/Add_Edit Prompt Modal/Field Name'

2019-04-11 13:45:42 - [MESSAGE][PASSED] - Text 'prompt test' is set on object 'Object Repository/Admin Console ePulse Menu/Account Settings/Prompts/Add_Edit Prompt Modal/Field Name'

2019-04-11 13:45:42 - [TEST_STEP][PASSED] - delay(2): Delayed 2 second(s)

2019-04-11 13:45:44 - [MESSAGE][PASSED] - Delayed 2 second(s)

2019-04-11 13:45:44 - [TEST_STEP][PASSED] - click(findTestObject("Admin Console ePulse Menu/Account Settings/Prompts/Add_Edit Prompt Modal/Show Voter Info_slider")): Object: 'Object Repository/Admin Console ePulse Menu/Account Settings/Prompts/Add_Edit Prompt Modal/Show Voter Info_slider' is clicked on

2019-04-11 13:45:44 - [MESSAGE][PASSED] - Object: 'Object Repository/Admin Console ePulse Menu/Account Settings/Prompts/Add_Edit Prompt Modal/Show Voter Info_slider' is clicked on

2019-04-11 13:45:44 - [TEST_STEP][PASSED] - delay(2): Delayed 2 second(s)

2019-04-11 13:45:46 - [MESSAGE][PASSED] - Delayed 2 second(s)

2019-04-11 13:45:46 - [TEST_STEP][PASSED] - click(findTestObject("Admin Console ePulse Menu/Account Settings/Prompts/Add_Edit Prompt Modal/Show Text Field_slider")): Object: 'Object Repository/Admin Console ePulse Menu/Account Settings/Prompts/Add_Edit Prompt Modal/Show Text Field_slider' is clicked on

2019-04-11 13:45:47 - [MESSAGE][PASSED] - Object: 'Object Repository/Admin Console ePulse Menu/Account Settings/Prompts/Add_Edit Prompt Modal/Show Text Field_slider' is clicked on

2019-04-11 13:45:47 - [TEST_STEP][PASSED] - delay(2): Delayed 2 second(s)

2019-04-11 13:45:49 - [MESSAGE][PASSED] - Delayed 2 second(s)

2019-04-11 13:45:49 - [TEST_STEP][PASSED] - setText(findTestObject("Admin Console ePulse Menu/Account Settings/Prompts/Add_Edit Prompt Modal/Instructions textarea "), "Test Prompt2"): Text 'Test Prompt2' is set on object 'Object Repository/Admin Console ePulse Menu/Account Settings/Prompts/Add_Edit Prompt Modal/Instructions textarea '

2019-04-11 13:45:49 - [MESSAGE][PASSED] - Text 'Test Prompt2' is set on object 'Object Repository/Admin Console ePulse Menu/Account Settings/Prompts/Add_Edit Prompt Modal/Instructions textarea '

2019-04-11 13:45:49 - [TEST_STEP][PASSED] - delay(2): Delayed 2 second(s)

2019-04-11 13:45:51 - [MESSAGE][PASSED] - Delayed 2 second(s)

2019-04-11 13:45:51 - [TEST_STEP][PASSED] - click(findTestObject("Admin Console ePulse Menu/Account Settings/Prompts/Add_Edit Prompt Modal/Submit")): Object: 'Object Repository/Admin Console ePulse Menu/Account Settings/Prompts/Add_Edit Prompt Modal/Submit' is clicked on

2019-04-11 13:45:51 - [MESSAGE][PASSED] - Object: 'Object Repository/Admin Console ePulse Menu/Account Settings/Prompts/Add_Edit Prompt Modal/Submit' is clicked on

2019-04-11 13:45:51 - [TEST_STEP][PASSED] - delay(2): Delayed 2 second(s)

2019-04-11 13:45:53 - [MESSAGE][PASSED] - Delayed 2 second(s)

2019-04-11 13:45:53 - [TEST_STEP][PASSED] - closeBrowser(): Browser is closed

2019-04-11 13:45:54 - [MESSAGE][PASSED] - Browser is closed]]></system-out>
         <system-err><![CDATA[]]></system-err>
      </testcase>
      <testcase name="Test Cases/Admin Console/Account Settings/Prompts()/Prompts - Delete" classname="Test Cases/Admin Console/Account Settings/Prompts()/Prompts - Delete" status="PASSED">
         <system-out><![CDATA[2019-04-11 13:45:56 - [TEST_CASE][PASSED] - Test Cases/Admin Console/Account Settings/Prompts()/Prompts - Delete: Test Cases/Admin Console/Account Settings/Prompts()/Prompts - Delete

2019-04-11 13:45:56 - [TEST_STEP][PASSED] - openBrowser(""): Browser is opened with url: ''

2019-04-11 13:45:56 - [MESSAGE][INFO] - Starting 'Firefox (headless)' driver

2019-04-11 13:45:58 - [MESSAGE][PASSED] - Browser is opened with url: ''

2019-04-11 13:45:58 - [TEST_STEP][PASSED] - navigateToUrl(URL): Navigate to 'https://epulsedev2.com' successfully

2019-04-11 13:45:59 - [MESSAGE][PASSED] - Navigate to 'https://epulsedev2.com' successfully

2019-04-11 13:45:59 - [TEST_STEP][PASSED] - setText(findTestObject("Login/Email Address"), User_email): Text 'alonzo.mack@knowink.com' is set on object 'Object Repository/Login/Email Address'

2019-04-11 13:46:00 - [MESSAGE][PASSED] - Text 'alonzo.mack@knowink.com' is set on object 'Object Repository/Login/Email Address'

2019-04-11 13:46:00 - [TEST_STEP][PASSED] - setEncryptedText(findTestObject("Login/Password"), Pswrd): Text ****** has been set on object 'Object Repository/Login/Password'

2019-04-11 13:46:00 - [MESSAGE][PASSED] - Text ****** has been set on object 'Object Repository/Login/Password'

2019-04-11 13:46:00 - [TEST_STEP][PASSED] - click(findTestObject("Login/Sign In")): Object: 'Object Repository/Login/Sign In' is clicked on

2019-04-11 13:46:01 - [MESSAGE][PASSED] - Object: 'Object Repository/Login/Sign In' is clicked on

2019-04-11 13:46:01 - [TEST_STEP][PASSED] - delay(1): Delayed 1 second(s)

2019-04-11 13:46:02 - [MESSAGE][PASSED] - Delayed 1 second(s)

2019-04-11 13:46:02 - [TEST_STEP][PASSED] - navigateToUrl(Prompts, STOP_ON_FAILURE): Navigate to 'https://am-Automation-test.epulsedev2.com/prompts' successfully

2019-04-11 13:46:03 - [MESSAGE][PASSED] - Navigate to 'https://am-Automation-test.epulsedev2.com/prompts' successfully

2019-04-11 13:46:03 - [TEST_STEP][PASSED] - delay(1): Delayed 1 second(s)

2019-04-11 13:46:04 - [MESSAGE][PASSED] - Delayed 1 second(s)

2019-04-11 13:46:04 - [TEST_STEP][PASSED] - click(findTestObject("Admin Console ePulse Menu/Account Settings/Prompts/Delete Prompt")): Object: 'Object Repository/Admin Console ePulse Menu/Account Settings/Prompts/Delete Prompt' is clicked on

2019-04-11 13:46:04 - [MESSAGE][PASSED] - Object: 'Object Repository/Admin Console ePulse Menu/Account Settings/Prompts/Delete Prompt' is clicked on

2019-04-11 13:46:04 - [TEST_STEP][PASSED] - delay(3): Delayed 3 second(s)

2019-04-11 13:46:07 - [MESSAGE][PASSED] - Delayed 3 second(s)

2019-04-11 13:46:07 - [TEST_STEP][PASSED] - acceptAlert(): Alert accepted

2019-04-11 13:46:07 - [MESSAGE][PASSED] - Alert accepted

2019-04-11 13:46:07 - [TEST_STEP][PASSED] - closeBrowser(): Browser is closed

2019-04-11 13:46:07 - [MESSAGE][PASSED] - Browser is closed]]></system-out>
         <system-err><![CDATA[]]></system-err>
      </testcase>
      <testcase name="Test Cases/Admin Console/Poll Workers-Election Officials()/POLL WORKER - CLASSES" classname="Test Cases/Admin Console/Poll Workers-Election Officials()/POLL WORKER - CLASSES" status="PASSED">
         <system-out><![CDATA[2019-04-11 13:46:09 - [TEST_CASE][PASSED] - Test Cases/Admin Console/Poll Workers-Election Officials()/POLL WORKER - CLASSES: Test Cases/Admin Console/Poll Workers-Election Officials()/POLL WORKER - CLASSES

2019-04-11 13:46:10 - [TEST_STEP][PASSED] - openBrowser(""): Browser is opened with url: ''

2019-04-11 13:46:10 - [MESSAGE][INFO] - Starting 'Firefox (headless)' driver

2019-04-11 13:46:12 - [MESSAGE][PASSED] - Browser is opened with url: ''

2019-04-11 13:46:12 - [TEST_STEP][PASSED] - navigateToUrl(URL): Navigate to 'https://epulsedev2.com' successfully

2019-04-11 13:46:14 - [MESSAGE][PASSED] - Navigate to 'https://epulsedev2.com' successfully

2019-04-11 13:46:14 - [TEST_STEP][PASSED] - setText(findTestObject("Login/Email Address"), User_email): Text 'alonzo.mack@knowink.com' is set on object 'Object Repository/Login/Email Address'

2019-04-11 13:46:14 - [MESSAGE][PASSED] - Text 'alonzo.mack@knowink.com' is set on object 'Object Repository/Login/Email Address'

2019-04-11 13:46:14 - [TEST_STEP][PASSED] - setEncryptedText(findTestObject("Login/Password"), Pswrd): Text ****** has been set on object 'Object Repository/Login/Password'

2019-04-11 13:46:14 - [MESSAGE][PASSED] - Text ****** has been set on object 'Object Repository/Login/Password'

2019-04-11 13:46:14 - [TEST_STEP][PASSED] - click(findTestObject("Login/Sign In")): Object: 'Object Repository/Login/Sign In' is clicked on

2019-04-11 13:46:15 - [MESSAGE][PASSED] - Object: 'Object Repository/Login/Sign In' is clicked on

2019-04-11 13:46:15 - [TEST_STEP][PASSED] - delay(1): Delayed 1 second(s)

2019-04-11 13:46:16 - [MESSAGE][PASSED] - Delayed 1 second(s)

2019-04-11 13:46:16 - [TEST_STEP][PASSED] - for ([row = 1, row <= findTestData("PollWorker - Classes").getRowNumbers(), (row++)]): Object: 'Object Repository/Admin Console ePulse Menu/Poll Workers/New Poll Worker Class/Submit' is clicked on

2019-04-11 13:46:17 - [TEST_STEP][PASSED] - navigateToUrl(Poll_Workers_Classes_New): Navigate to 'https://am-automation-test.epulsedev2.com/poll_worker_classes/new' successfully

2019-04-11 13:46:18 - [MESSAGE][PASSED] - Navigate to 'https://am-automation-test.epulsedev2.com/poll_worker_classes/new' successfully

2019-04-11 13:46:18 - [TEST_STEP][PASSED] - click(findTestObject("Admin Console ePulse Menu/Poll Workers/New Poll Worker Class/Class Information/Class Information dropdown")): Object: 'Object Repository/Admin Console ePulse Menu/Poll Workers/New Poll Worker Class/Class Information/Class Information dropdown' is clicked on

2019-04-11 13:46:19 - [MESSAGE][PASSED] - Object: 'Object Repository/Admin Console ePulse Menu/Poll Workers/New Poll Worker Class/Class Information/Class Information dropdown' is clicked on

2019-04-11 13:46:19 - [TEST_STEP][PASSED] - delay(1): Delayed 1 second(s)

2019-04-11 13:46:20 - [MESSAGE][PASSED] - Delayed 1 second(s)

2019-04-11 13:46:20 - [TEST_STEP][PASSED] - setText(findTestObject("Admin Console ePulse Menu/Poll Workers/New Poll Worker Class/Class Information/Name"), findTestData("PollWorker - Classes").getValue("Name", row)): Text 'Training Class1' is set on object 'Object Repository/Admin Console ePulse Menu/Poll Workers/New Poll Worker Class/Class Information/Name'

2019-04-11 13:46:20 - [MESSAGE][PASSED] - Text 'Training Class1' is set on object 'Object Repository/Admin Console ePulse Menu/Poll Workers/New Poll Worker Class/Class Information/Name'

2019-04-11 13:46:20 - [TEST_STEP][PASSED] - delay(1): Delayed 1 second(s)

2019-04-11 13:46:21 - [MESSAGE][PASSED] - Delayed 1 second(s)

2019-04-11 13:46:21 - [TEST_STEP][PASSED] - setText(findTestObject("Admin Console ePulse Menu/Poll Workers/New Poll Worker Class/Class Information/Instructor"), findTestData("PollWorker - Classes").getValue("Instructor", row)): Text 'Jack Johnson1' is set on object 'Object Repository/Admin Console ePulse Menu/Poll Workers/New Poll Worker Class/Class Information/Instructor'

2019-04-11 13:46:21 - [MESSAGE][PASSED] - Text 'Jack Johnson1' is set on object 'Object Repository/Admin Console ePulse Menu/Poll Workers/New Poll Worker Class/Class Information/Instructor'

2019-04-11 13:46:21 - [TEST_STEP][PASSED] - delay(1): Delayed 1 second(s)

2019-04-11 13:46:22 - [MESSAGE][PASSED] - Delayed 1 second(s)

2019-04-11 13:46:22 - [TEST_STEP][PASSED] - setText(findTestObject("Admin Console ePulse Menu/Poll Workers/New Poll Worker Class/Address Information/Location"), findTestData("PollWorker - Classes").getValue("Location", row)): Text 'Civic Center' is set on object 'Object Repository/Admin Console ePulse Menu/Poll Workers/New Poll Worker Class/Address Information/Location'

2019-04-11 13:46:22 - [MESSAGE][PASSED] - Text 'Civic Center' is set on object 'Object Repository/Admin Console ePulse Menu/Poll Workers/New Poll Worker Class/Address Information/Location'

2019-04-11 13:46:22 - [TEST_STEP][PASSED] - delay(1): Delayed 1 second(s)

2019-04-11 13:46:23 - [MESSAGE][PASSED] - Delayed 1 second(s)

2019-04-11 13:46:23 - [TEST_STEP][PASSED] - doubleClick(findTestObject("Admin Console ePulse Menu/Poll Workers/New Poll Worker Class/Class Information/Date")): Object: 'Object Repository/Admin Console ePulse Menu/Poll Workers/New Poll Worker Class/Class Information/Date' is double clicked on

2019-04-11 13:46:23 - [MESSAGE][PASSED] - Object: 'Object Repository/Admin Console ePulse Menu/Poll Workers/New Poll Worker Class/Class Information/Date' is double clicked on

2019-04-11 13:46:23 - [TEST_STEP][PASSED] - delay(1): Delayed 1 second(s)

2019-04-11 13:46:24 - [MESSAGE][PASSED] - Delayed 1 second(s)

2019-04-11 13:46:24 - [TEST_STEP][PASSED] - setText(findTestObject("Admin Console ePulse Menu/Poll Workers/New Poll Worker Class/Class Information/Rate"), findTestData("PollWorker - Classes").getValue("Rate", row)): Text '10' is set on object 'Object Repository/Admin Console ePulse Menu/Poll Workers/New Poll Worker Class/Class Information/Rate'

2019-04-11 13:46:25 - [MESSAGE][PASSED] - Text '10' is set on object 'Object Repository/Admin Console ePulse Menu/Poll Workers/New Poll Worker Class/Class Information/Rate'

2019-04-11 13:46:25 - [TEST_STEP][PASSED] - delay(1): Delayed 1 second(s)

2019-04-11 13:46:26 - [MESSAGE][PASSED] - Delayed 1 second(s)

2019-04-11 13:46:26 - [TEST_STEP][PASSED] - setText(findTestObject("Admin Console ePulse Menu/Poll Workers/New Poll Worker Class/Class Information/Class Description"), findTestData("PollWorker - Classes").getValue("Descript", row)): Text 'Training Class Civic Center' is set on object 'Object Repository/Admin Console ePulse Menu/Poll Workers/New Poll Worker Class/Class Information/Class Description'

2019-04-11 13:46:26 - [MESSAGE][PASSED] - Text 'Training Class Civic Center' is set on object 'Object Repository/Admin Console ePulse Menu/Poll Workers/New Poll Worker Class/Class Information/Class Description'

2019-04-11 13:46:26 - [TEST_STEP][PASSED] - setText(findTestObject("Admin Console ePulse Menu/Poll Workers/New Poll Worker Class/Class Information/Name"), findTestData("PollWorker - Classes").getValue("Name", row)): Text 'Training Class1' is set on object 'Object Repository/Admin Console ePulse Menu/Poll Workers/New Poll Worker Class/Class Information/Name'

2019-04-11 13:46:26 - [MESSAGE][PASSED] - Text 'Training Class1' is set on object 'Object Repository/Admin Console ePulse Menu/Poll Workers/New Poll Worker Class/Class Information/Name'

2019-04-11 13:46:26 - [TEST_STEP][PASSED] - delay(1): Delayed 1 second(s)

2019-04-11 13:46:27 - [MESSAGE][PASSED] - Delayed 1 second(s)

2019-04-11 13:46:27 - [TEST_STEP][PASSED] - click(findTestObject("Admin Console ePulse Menu/Poll Workers/New Poll Worker Class/Address Information/Address Information dropdown")): Object: 'Object Repository/Admin Console ePulse Menu/Poll Workers/New Poll Worker Class/Address Information/Address Information dropdown' is clicked on

2019-04-11 13:46:27 - [MESSAGE][PASSED] - Object: 'Object Repository/Admin Console ePulse Menu/Poll Workers/New Poll Worker Class/Address Information/Address Information dropdown' is clicked on

2019-04-11 13:46:27 - [TEST_STEP][PASSED] - delay(1): Delayed 1 second(s)

2019-04-11 13:46:28 - [MESSAGE][PASSED] - Delayed 1 second(s)

2019-04-11 13:46:28 - [TEST_STEP][PASSED] - setText(findTestObject("Admin Console ePulse Menu/Poll Workers/New Poll Worker Class/Address Information/Address1"), findTestData("PollWorker - Classes").getValue("Address1", row)): Text '3478 Hillmont' is set on object 'Object Repository/Admin Console ePulse Menu/Poll Workers/New Poll Worker Class/Address Information/Address1'

2019-04-11 13:46:28 - [MESSAGE][PASSED] - Text '3478 Hillmont' is set on object 'Object Repository/Admin Console ePulse Menu/Poll Workers/New Poll Worker Class/Address Information/Address1'

2019-04-11 13:46:28 - [TEST_STEP][PASSED] - delay(1): Delayed 1 second(s)

2019-04-11 13:46:29 - [MESSAGE][PASSED] - Delayed 1 second(s)

2019-04-11 13:46:29 - [TEST_STEP][PASSED] - setText(findTestObject("Admin Console ePulse Menu/Poll Workers/New Poll Worker Class/Address Information/Address2"), findTestData("PollWorker - Classes").getValue("Address2", row)): Text 'Suite 301' is set on object 'Object Repository/Admin Console ePulse Menu/Poll Workers/New Poll Worker Class/Address Information/Address2'

2019-04-11 13:46:29 - [MESSAGE][PASSED] - Text 'Suite 301' is set on object 'Object Repository/Admin Console ePulse Menu/Poll Workers/New Poll Worker Class/Address Information/Address2'

2019-04-11 13:46:29 - [TEST_STEP][PASSED] - delay(1): Delayed 1 second(s)

2019-04-11 13:46:30 - [MESSAGE][PASSED] - Delayed 1 second(s)

2019-04-11 13:46:30 - [TEST_STEP][PASSED] - setText(findTestObject("Admin Console ePulse Menu/Poll Workers/New Poll Worker Class/Address Information/City"), findTestData("PollWorker - Classes").getValue("City", row)): Text 'Anywhere' is set on object 'Object Repository/Admin Console ePulse Menu/Poll Workers/New Poll Worker Class/Address Information/City'

2019-04-11 13:46:30 - [MESSAGE][PASSED] - Text 'Anywhere' is set on object 'Object Repository/Admin Console ePulse Menu/Poll Workers/New Poll Worker Class/Address Information/City'

2019-04-11 13:46:30 - [TEST_STEP][PASSED] - delay(1): Delayed 1 second(s)

2019-04-11 13:46:31 - [MESSAGE][PASSED] - Delayed 1 second(s)

2019-04-11 13:46:31 - [TEST_STEP][PASSED] - setText(findTestObject("Admin Console ePulse Menu/Poll Workers/New Poll Worker Class/Address Information/State"), findTestData("PollWorker - Classes").getValue("State", row)): Text 'US' is set on object 'Object Repository/Admin Console ePulse Menu/Poll Workers/New Poll Worker Class/Address Information/State'

2019-04-11 13:46:32 - [MESSAGE][PASSED] - Text 'US' is set on object 'Object Repository/Admin Console ePulse Menu/Poll Workers/New Poll Worker Class/Address Information/State'

2019-04-11 13:46:32 - [TEST_STEP][PASSED] - delay(1): Delayed 1 second(s)

2019-04-11 13:46:33 - [MESSAGE][PASSED] - Delayed 1 second(s)

2019-04-11 13:46:33 - [TEST_STEP][PASSED] - setText(findTestObject("Admin Console ePulse Menu/Poll Workers/New Poll Worker Class/Address Information/Zip"), findTestData("PollWorker - Classes").getValue("Zip", row)): Text '78473' is set on object 'Object Repository/Admin Console ePulse Menu/Poll Workers/New Poll Worker Class/Address Information/Zip'

2019-04-11 13:46:33 - [MESSAGE][PASSED] - Text '78473' is set on object 'Object Repository/Admin Console ePulse Menu/Poll Workers/New Poll Worker Class/Address Information/Zip'

2019-04-11 13:46:33 - [TEST_STEP][PASSED] - delay(1): Delayed 1 second(s)

2019-04-11 13:46:34 - [MESSAGE][PASSED] - Delayed 1 second(s)

2019-04-11 13:46:34 - [TEST_STEP][PASSED] - click(findTestObject("Admin Console ePulse Menu/Poll Workers/New Poll Worker Class/Submit")): Object: 'Object Repository/Admin Console ePulse Menu/Poll Workers/New Poll Worker Class/Submit' is clicked on

2019-04-11 13:46:35 - [MESSAGE][PASSED] - Object: 'Object Repository/Admin Console ePulse Menu/Poll Workers/New Poll Worker Class/Submit' is clicked on

2019-04-11 13:46:35 - [TEST_STEP][PASSED] - navigateToUrl(Poll_Workers_Classes_New): Navigate to 'https://am-automation-test.epulsedev2.com/poll_worker_classes/new' successfully

2019-04-11 13:46:36 - [MESSAGE][PASSED] - Navigate to 'https://am-automation-test.epulsedev2.com/poll_worker_classes/new' successfully

2019-04-11 13:46:36 - [TEST_STEP][PASSED] - click(findTestObject("Admin Console ePulse Menu/Poll Workers/New Poll Worker Class/Class Information/Class Information dropdown")): Object: 'Object Repository/Admin Console ePulse Menu/Poll Workers/New Poll Worker Class/Class Information/Class Information dropdown' is clicked on

2019-04-11 13:46:36 - [MESSAGE][PASSED] - Object: 'Object Repository/Admin Console ePulse Menu/Poll Workers/New Poll Worker Class/Class Information/Class Information dropdown' is clicked on

2019-04-11 13:46:36 - [TEST_STEP][PASSED] - delay(1): Delayed 1 second(s)

2019-04-11 13:46:37 - [MESSAGE][PASSED] - Delayed 1 second(s)

2019-04-11 13:46:37 - [TEST_STEP][PASSED] - setText(findTestObject("Admin Console ePulse Menu/Poll Workers/New Poll Worker Class/Class Information/Name"), findTestData("PollWorker - Classes").getValue("Name", row)): Text 'Training Class2' is set on object 'Object Repository/Admin Console ePulse Menu/Poll Workers/New Poll Worker Class/Class Information/Name'

2019-04-11 13:46:38 - [MESSAGE][PASSED] - Text 'Training Class2' is set on object 'Object Repository/Admin Console ePulse Menu/Poll Workers/New Poll Worker Class/Class Information/Name'

2019-04-11 13:46:38 - [TEST_STEP][PASSED] - delay(1): Delayed 1 second(s)

2019-04-11 13:46:39 - [MESSAGE][PASSED] - Delayed 1 second(s)

2019-04-11 13:46:39 - [TEST_STEP][PASSED] - setText(findTestObject("Admin Console ePulse Menu/Poll Workers/New Poll Worker Class/Class Information/Instructor"), findTestData("PollWorker - Classes").getValue("Instructor", row)): Text 'Jack Johnson2' is set on object 'Object Repository/Admin Console ePulse Menu/Poll Workers/New Poll Worker Class/Class Information/Instructor'

2019-04-11 13:46:39 - [MESSAGE][PASSED] - Text 'Jack Johnson2' is set on object 'Object Repository/Admin Console ePulse Menu/Poll Workers/New Poll Worker Class/Class Information/Instructor'

2019-04-11 13:46:39 - [TEST_STEP][PASSED] - delay(1): Delayed 1 second(s)

2019-04-11 13:46:40 - [MESSAGE][PASSED] - Delayed 1 second(s)

2019-04-11 13:46:40 - [TEST_STEP][PASSED] - setText(findTestObject("Admin Console ePulse Menu/Poll Workers/New Poll Worker Class/Address Information/Location"), findTestData("PollWorker - Classes").getValue("Location", row)): Text 'Civic Center' is set on object 'Object Repository/Admin Console ePulse Menu/Poll Workers/New Poll Worker Class/Address Information/Location'

2019-04-11 13:46:40 - [MESSAGE][PASSED] - Text 'Civic Center' is set on object 'Object Repository/Admin Console ePulse Menu/Poll Workers/New Poll Worker Class/Address Information/Location'

2019-04-11 13:46:40 - [TEST_STEP][PASSED] - delay(1): Delayed 1 second(s)

2019-04-11 13:46:41 - [MESSAGE][PASSED] - Delayed 1 second(s)

2019-04-11 13:46:41 - [TEST_STEP][PASSED] - doubleClick(findTestObject("Admin Console ePulse Menu/Poll Workers/New Poll Worker Class/Class Information/Date")): Object: 'Object Repository/Admin Console ePulse Menu/Poll Workers/New Poll Worker Class/Class Information/Date' is double clicked on

2019-04-11 13:46:41 - [MESSAGE][PASSED] - Object: 'Object Repository/Admin Console ePulse Menu/Poll Workers/New Poll Worker Class/Class Information/Date' is double clicked on

2019-04-11 13:46:41 - [TEST_STEP][PASSED] - delay(1): Delayed 1 second(s)

2019-04-11 13:46:42 - [MESSAGE][PASSED] - Delayed 1 second(s)

2019-04-11 13:46:42 - [TEST_STEP][PASSED] - setText(findTestObject("Admin Console ePulse Menu/Poll Workers/New Poll Worker Class/Class Information/Rate"), findTestData("PollWorker - Classes").getValue("Rate", row)): Text '11' is set on object 'Object Repository/Admin Console ePulse Menu/Poll Workers/New Poll Worker Class/Class Information/Rate'

2019-04-11 13:46:42 - [MESSAGE][PASSED] - Text '11' is set on object 'Object Repository/Admin Console ePulse Menu/Poll Workers/New Poll Worker Class/Class Information/Rate'

2019-04-11 13:46:42 - [TEST_STEP][PASSED] - delay(1): Delayed 1 second(s)

2019-04-11 13:46:43 - [MESSAGE][PASSED] - Delayed 1 second(s)

2019-04-11 13:46:43 - [TEST_STEP][PASSED] - setText(findTestObject("Admin Console ePulse Menu/Poll Workers/New Poll Worker Class/Class Information/Class Description"), findTestData("PollWorker - Classes").getValue("Descript", row)): Text 'Training Class Civic Center' is set on object 'Object Repository/Admin Console ePulse Menu/Poll Workers/New Poll Worker Class/Class Information/Class Description'

2019-04-11 13:46:43 - [MESSAGE][PASSED] - Text 'Training Class Civic Center' is set on object 'Object Repository/Admin Console ePulse Menu/Poll Workers/New Poll Worker Class/Class Information/Class Description'

2019-04-11 13:46:43 - [TEST_STEP][PASSED] - setText(findTestObject("Admin Console ePulse Menu/Poll Workers/New Poll Worker Class/Class Information/Name"), findTestData("PollWorker - Classes").getValue("Name", row)): Text 'Training Class2' is set on object 'Object Repository/Admin Console ePulse Menu/Poll Workers/New Poll Worker Class/Class Information/Name'

2019-04-11 13:46:43 - [MESSAGE][PASSED] - Text 'Training Class2' is set on object 'Object Repository/Admin Console ePulse Menu/Poll Workers/New Poll Worker Class/Class Information/Name'

2019-04-11 13:46:43 - [TEST_STEP][PASSED] - delay(1): Delayed 1 second(s)

2019-04-11 13:46:44 - [MESSAGE][PASSED] - Delayed 1 second(s)

2019-04-11 13:46:44 - [TEST_STEP][PASSED] - click(findTestObject("Admin Console ePulse Menu/Poll Workers/New Poll Worker Class/Address Information/Address Information dropdown")): Object: 'Object Repository/Admin Console ePulse Menu/Poll Workers/New Poll Worker Class/Address Information/Address Information dropdown' is clicked on

2019-04-11 13:46:45 - [MESSAGE][PASSED] - Object: 'Object Repository/Admin Console ePulse Menu/Poll Workers/New Poll Worker Class/Address Information/Address Information dropdown' is clicked on

2019-04-11 13:46:45 - [TEST_STEP][PASSED] - delay(1): Delayed 1 second(s)

2019-04-11 13:46:46 - [MESSAGE][PASSED] - Delayed 1 second(s)

2019-04-11 13:46:46 - [TEST_STEP][PASSED] - setText(findTestObject("Admin Console ePulse Menu/Poll Workers/New Poll Worker Class/Address Information/Address1"), findTestData("PollWorker - Classes").getValue("Address1", row)): Text '3479 Hillmont' is set on object 'Object Repository/Admin Console ePulse Menu/Poll Workers/New Poll Worker Class/Address Information/Address1'

2019-04-11 13:46:46 - [MESSAGE][PASSED] - Text '3479 Hillmont' is set on object 'Object Repository/Admin Console ePulse Menu/Poll Workers/New Poll Worker Class/Address Information/Address1'

2019-04-11 13:46:46 - [TEST_STEP][PASSED] - delay(1): Delayed 1 second(s)

2019-04-11 13:46:47 - [MESSAGE][PASSED] - Delayed 1 second(s)

2019-04-11 13:46:47 - [TEST_STEP][PASSED] - setText(findTestObject("Admin Console ePulse Menu/Poll Workers/New Poll Worker Class/Address Information/Address2"), findTestData("PollWorker - Classes").getValue("Address2", row)): Text 'Suite 302' is set on object 'Object Repository/Admin Console ePulse Menu/Poll Workers/New Poll Worker Class/Address Information/Address2'

2019-04-11 13:46:47 - [MESSAGE][PASSED] - Text 'Suite 302' is set on object 'Object Repository/Admin Console ePulse Menu/Poll Workers/New Poll Worker Class/Address Information/Address2'

2019-04-11 13:46:47 - [TEST_STEP][PASSED] - delay(1): Delayed 1 second(s)

2019-04-11 13:46:48 - [MESSAGE][PASSED] - Delayed 1 second(s)

2019-04-11 13:46:48 - [TEST_STEP][PASSED] - setText(findTestObject("Admin Console ePulse Menu/Poll Workers/New Poll Worker Class/Address Information/City"), findTestData("PollWorker - Classes").getValue("City", row)): Text 'Anywhere' is set on object 'Object Repository/Admin Console ePulse Menu/Poll Workers/New Poll Worker Class/Address Information/City'

2019-04-11 13:46:48 - [MESSAGE][PASSED] - Text 'Anywhere' is set on object 'Object Repository/Admin Console ePulse Menu/Poll Workers/New Poll Worker Class/Address Information/City'

2019-04-11 13:46:48 - [TEST_STEP][PASSED] - delay(1): Delayed 1 second(s)

2019-04-11 13:46:49 - [MESSAGE][PASSED] - Delayed 1 second(s)

2019-04-11 13:46:49 - [TEST_STEP][PASSED] - setText(findTestObject("Admin Console ePulse Menu/Poll Workers/New Poll Worker Class/Address Information/State"), findTestData("PollWorker - Classes").getValue("State", row)): Text 'US' is set on object 'Object Repository/Admin Console ePulse Menu/Poll Workers/New Poll Worker Class/Address Information/State'

2019-04-11 13:46:49 - [MESSAGE][PASSED] - Text 'US' is set on object 'Object Repository/Admin Console ePulse Menu/Poll Workers/New Poll Worker Class/Address Information/State'

2019-04-11 13:46:49 - [TEST_STEP][PASSED] - delay(1): Delayed 1 second(s)

2019-04-11 13:46:50 - [MESSAGE][PASSED] - Delayed 1 second(s)

2019-04-11 13:46:50 - [TEST_STEP][PASSED] - setText(findTestObject("Admin Console ePulse Menu/Poll Workers/New Poll Worker Class/Address Information/Zip"), findTestData("PollWorker - Classes").getValue("Zip", row)): Text '78474' is set on object 'Object Repository/Admin Console ePulse Menu/Poll Workers/New Poll Worker Class/Address Information/Zip'

2019-04-11 13:46:50 - [MESSAGE][PASSED] - Text '78474' is set on object 'Object Repository/Admin Console ePulse Menu/Poll Workers/New Poll Worker Class/Address Information/Zip'

2019-04-11 13:46:50 - [TEST_STEP][PASSED] - delay(1): Delayed 1 second(s)

2019-04-11 13:46:51 - [MESSAGE][PASSED] - Delayed 1 second(s)

2019-04-11 13:46:51 - [TEST_STEP][PASSED] - click(findTestObject("Admin Console ePulse Menu/Poll Workers/New Poll Worker Class/Submit")): Object: 'Object Repository/Admin Console ePulse Menu/Poll Workers/New Poll Worker Class/Submit' is clicked on

2019-04-11 13:46:52 - [MESSAGE][PASSED] - Object: 'Object Repository/Admin Console ePulse Menu/Poll Workers/New Poll Worker Class/Submit' is clicked on

2019-04-11 13:46:52 - [TEST_STEP][PASSED] - navigateToUrl(Poll_Workers_Classes_New): Navigate to 'https://am-automation-test.epulsedev2.com/poll_worker_classes/new' successfully

2019-04-11 13:46:53 - [MESSAGE][PASSED] - Navigate to 'https://am-automation-test.epulsedev2.com/poll_worker_classes/new' successfully

2019-04-11 13:46:53 - [TEST_STEP][PASSED] - click(findTestObject("Admin Console ePulse Menu/Poll Workers/New Poll Worker Class/Class Information/Class Information dropdown")): Object: 'Object Repository/Admin Console ePulse Menu/Poll Workers/New Poll Worker Class/Class Information/Class Information dropdown' is clicked on

2019-04-11 13:46:54 - [MESSAGE][PASSED] - Object: 'Object Repository/Admin Console ePulse Menu/Poll Workers/New Poll Worker Class/Class Information/Class Information dropdown' is clicked on

2019-04-11 13:46:54 - [TEST_STEP][PASSED] - delay(1): Delayed 1 second(s)

2019-04-11 13:46:55 - [MESSAGE][PASSED] - Delayed 1 second(s)

2019-04-11 13:46:55 - [TEST_STEP][PASSED] - setText(findTestObject("Admin Console ePulse Menu/Poll Workers/New Poll Worker Class/Class Information/Name"), findTestData("PollWorker - Classes").getValue("Name", row)): Text 'Training Class3' is set on object 'Object Repository/Admin Console ePulse Menu/Poll Workers/New Poll Worker Class/Class Information/Name'

2019-04-11 13:46:55 - [MESSAGE][PASSED] - Text 'Training Class3' is set on object 'Object Repository/Admin Console ePulse Menu/Poll Workers/New Poll Worker Class/Class Information/Name'

2019-04-11 13:46:55 - [TEST_STEP][PASSED] - delay(1): Delayed 1 second(s)

2019-04-11 13:46:56 - [MESSAGE][PASSED] - Delayed 1 second(s)

2019-04-11 13:46:56 - [TEST_STEP][PASSED] - setText(findTestObject("Admin Console ePulse Menu/Poll Workers/New Poll Worker Class/Class Information/Instructor"), findTestData("PollWorker - Classes").getValue("Instructor", row)): Text 'Jack Johnson3' is set on object 'Object Repository/Admin Console ePulse Menu/Poll Workers/New Poll Worker Class/Class Information/Instructor'

2019-04-11 13:46:56 - [MESSAGE][PASSED] - Text 'Jack Johnson3' is set on object 'Object Repository/Admin Console ePulse Menu/Poll Workers/New Poll Worker Class/Class Information/Instructor'

2019-04-11 13:46:56 - [TEST_STEP][PASSED] - delay(1): Delayed 1 second(s)

2019-04-11 13:46:57 - [MESSAGE][PASSED] - Delayed 1 second(s)

2019-04-11 13:46:57 - [TEST_STEP][PASSED] - setText(findTestObject("Admin Console ePulse Menu/Poll Workers/New Poll Worker Class/Address Information/Location"), findTestData("PollWorker - Classes").getValue("Location", row)): Text 'Civic Center' is set on object 'Object Repository/Admin Console ePulse Menu/Poll Workers/New Poll Worker Class/Address Information/Location'

2019-04-11 13:46:57 - [MESSAGE][PASSED] - Text 'Civic Center' is set on object 'Object Repository/Admin Console ePulse Menu/Poll Workers/New Poll Worker Class/Address Information/Location'

2019-04-11 13:46:57 - [TEST_STEP][PASSED] - delay(1): Delayed 1 second(s)

2019-04-11 13:46:58 - [MESSAGE][PASSED] - Delayed 1 second(s)

2019-04-11 13:46:58 - [TEST_STEP][PASSED] - doubleClick(findTestObject("Admin Console ePulse Menu/Poll Workers/New Poll Worker Class/Class Information/Date")): Object: 'Object Repository/Admin Console ePulse Menu/Poll Workers/New Poll Worker Class/Class Information/Date' is double clicked on

2019-04-11 13:46:58 - [MESSAGE][PASSED] - Object: 'Object Repository/Admin Console ePulse Menu/Poll Workers/New Poll Worker Class/Class Information/Date' is double clicked on

2019-04-11 13:46:58 - [TEST_STEP][PASSED] - delay(1): Delayed 1 second(s)

2019-04-11 13:46:59 - [MESSAGE][PASSED] - Delayed 1 second(s)

2019-04-11 13:46:59 - [TEST_STEP][PASSED] - setText(findTestObject("Admin Console ePulse Menu/Poll Workers/New Poll Worker Class/Class Information/Rate"), findTestData("PollWorker - Classes").getValue("Rate", row)): Text '12' is set on object 'Object Repository/Admin Console ePulse Menu/Poll Workers/New Poll Worker Class/Class Information/Rate'

2019-04-11 13:46:59 - [MESSAGE][PASSED] - Text '12' is set on object 'Object Repository/Admin Console ePulse Menu/Poll Workers/New Poll Worker Class/Class Information/Rate'

2019-04-11 13:46:59 - [TEST_STEP][PASSED] - delay(1): Delayed 1 second(s)

2019-04-11 13:47:00 - [MESSAGE][PASSED] - Delayed 1 second(s)

2019-04-11 13:47:00 - [TEST_STEP][PASSED] - setText(findTestObject("Admin Console ePulse Menu/Poll Workers/New Poll Worker Class/Class Information/Class Description"), findTestData("PollWorker - Classes").getValue("Descript", row)): Text 'Training Class Civic Center' is set on object 'Object Repository/Admin Console ePulse Menu/Poll Workers/New Poll Worker Class/Class Information/Class Description'

2019-04-11 13:47:00 - [MESSAGE][PASSED] - Text 'Training Class Civic Center' is set on object 'Object Repository/Admin Console ePulse Menu/Poll Workers/New Poll Worker Class/Class Information/Class Description'

2019-04-11 13:47:00 - [TEST_STEP][PASSED] - setText(findTestObject("Admin Console ePulse Menu/Poll Workers/New Poll Worker Class/Class Information/Name"), findTestData("PollWorker - Classes").getValue("Name", row)): Text 'Training Class3' is set on object 'Object Repository/Admin Console ePulse Menu/Poll Workers/New Poll Worker Class/Class Information/Name'

2019-04-11 13:47:00 - [MESSAGE][PASSED] - Text 'Training Class3' is set on object 'Object Repository/Admin Console ePulse Menu/Poll Workers/New Poll Worker Class/Class Information/Name'

2019-04-11 13:47:00 - [TEST_STEP][PASSED] - delay(1): Delayed 1 second(s)

2019-04-11 13:47:01 - [MESSAGE][PASSED] - Delayed 1 second(s)

2019-04-11 13:47:01 - [TEST_STEP][PASSED] - click(findTestObject("Admin Console ePulse Menu/Poll Workers/New Poll Worker Class/Address Information/Address Information dropdown")): Object: 'Object Repository/Admin Console ePulse Menu/Poll Workers/New Poll Worker Class/Address Information/Address Information dropdown' is clicked on

2019-04-11 13:47:02 - [MESSAGE][PASSED] - Object: 'Object Repository/Admin Console ePulse Menu/Poll Workers/New Poll Worker Class/Address Information/Address Information dropdown' is clicked on

2019-04-11 13:47:02 - [TEST_STEP][PASSED] - delay(1): Delayed 1 second(s)

2019-04-11 13:47:03 - [MESSAGE][PASSED] - Delayed 1 second(s)

2019-04-11 13:47:03 - [TEST_STEP][PASSED] - setText(findTestObject("Admin Console ePulse Menu/Poll Workers/New Poll Worker Class/Address Information/Address1"), findTestData("PollWorker - Classes").getValue("Address1", row)): Text '3480 Hillmont' is set on object 'Object Repository/Admin Console ePulse Menu/Poll Workers/New Poll Worker Class/Address Information/Address1'

2019-04-11 13:47:03 - [MESSAGE][PASSED] - Text '3480 Hillmont' is set on object 'Object Repository/Admin Console ePulse Menu/Poll Workers/New Poll Worker Class/Address Information/Address1'

2019-04-11 13:47:03 - [TEST_STEP][PASSED] - delay(1): Delayed 1 second(s)

2019-04-11 13:47:04 - [MESSAGE][PASSED] - Delayed 1 second(s)

2019-04-11 13:47:04 - [TEST_STEP][PASSED] - setText(findTestObject("Admin Console ePulse Menu/Poll Workers/New Poll Worker Class/Address Information/Address2"), findTestData("PollWorker - Classes").getValue("Address2", row)): Text 'Suite 303' is set on object 'Object Repository/Admin Console ePulse Menu/Poll Workers/New Poll Worker Class/Address Information/Address2'

2019-04-11 13:47:04 - [MESSAGE][PASSED] - Text 'Suite 303' is set on object 'Object Repository/Admin Console ePulse Menu/Poll Workers/New Poll Worker Class/Address Information/Address2'

2019-04-11 13:47:04 - [TEST_STEP][PASSED] - delay(1): Delayed 1 second(s)

2019-04-11 13:47:05 - [MESSAGE][PASSED] - Delayed 1 second(s)

2019-04-11 13:47:05 - [TEST_STEP][PASSED] - setText(findTestObject("Admin Console ePulse Menu/Poll Workers/New Poll Worker Class/Address Information/City"), findTestData("PollWorker - Classes").getValue("City", row)): Text 'Anywhere' is set on object 'Object Repository/Admin Console ePulse Menu/Poll Workers/New Poll Worker Class/Address Information/City'

2019-04-11 13:47:05 - [MESSAGE][PASSED] - Text 'Anywhere' is set on object 'Object Repository/Admin Console ePulse Menu/Poll Workers/New Poll Worker Class/Address Information/City'

2019-04-11 13:47:05 - [TEST_STEP][PASSED] - delay(1): Delayed 1 second(s)

2019-04-11 13:47:06 - [MESSAGE][PASSED] - Delayed 1 second(s)

2019-04-11 13:47:06 - [TEST_STEP][PASSED] - setText(findTestObject("Admin Console ePulse Menu/Poll Workers/New Poll Worker Class/Address Information/State"), findTestData("PollWorker - Classes").getValue("State", row)): Text 'US' is set on object 'Object Repository/Admin Console ePulse Menu/Poll Workers/New Poll Worker Class/Address Information/State'

2019-04-11 13:47:06 - [MESSAGE][PASSED] - Text 'US' is set on object 'Object Repository/Admin Console ePulse Menu/Poll Workers/New Poll Worker Class/Address Information/State'

2019-04-11 13:47:06 - [TEST_STEP][PASSED] - delay(1): Delayed 1 second(s)

2019-04-11 13:47:07 - [MESSAGE][PASSED] - Delayed 1 second(s)

2019-04-11 13:47:07 - [TEST_STEP][PASSED] - setText(findTestObject("Admin Console ePulse Menu/Poll Workers/New Poll Worker Class/Address Information/Zip"), findTestData("PollWorker - Classes").getValue("Zip", row)): Text '78475' is set on object 'Object Repository/Admin Console ePulse Menu/Poll Workers/New Poll Worker Class/Address Information/Zip'

2019-04-11 13:47:07 - [MESSAGE][PASSED] - Text '78475' is set on object 'Object Repository/Admin Console ePulse Menu/Poll Workers/New Poll Worker Class/Address Information/Zip'

2019-04-11 13:47:07 - [TEST_STEP][PASSED] - delay(1): Delayed 1 second(s)

2019-04-11 13:47:08 - [MESSAGE][PASSED] - Delayed 1 second(s)

2019-04-11 13:47:08 - [TEST_STEP][PASSED] - click(findTestObject("Admin Console ePulse Menu/Poll Workers/New Poll Worker Class/Submit")): Object: 'Object Repository/Admin Console ePulse Menu/Poll Workers/New Poll Worker Class/Submit' is clicked on

2019-04-11 13:47:09 - [MESSAGE][PASSED] - Object: 'Object Repository/Admin Console ePulse Menu/Poll Workers/New Poll Worker Class/Submit' is clicked on

2019-04-11 13:47:09 - [TEST_STEP][PASSED] - closeBrowser(): Browser is closed

2019-04-11 13:47:10 - [MESSAGE][PASSED] - Browser is closed]]></system-out>
         <system-err><![CDATA[]]></system-err>
      </testcase>
      <testcase name="Test Cases/Admin Console/Poll Workers-Election Officials()/POLL WORKER - ROLES" classname="Test Cases/Admin Console/Poll Workers-Election Officials()/POLL WORKER - ROLES" status="FAILED">
         <failure type="FAILED" message="Test Cases/Admin Console/Poll Workers-Election Officials()/POLL WORKER - ROLES FAILED.
Reason:
com.kms.katalon.core.exception.StepFailedException: Unable to set text (Root cause: java.lang.IllegalArgumentException: Object is null)
	at com.kms.katalon.core.keyword.internal.KeywordMain.stepFailed(KeywordMain.groovy:36)
	at com.kms.katalon.core.webui.keyword.internal.WebUIKeywordMain.stepFailed(WebUIKeywordMain.groovy:65)
	at com.kms.katalon.core.webui.keyword.internal.WebUIKeywordMain.runKeyword(WebUIKeywordMain.groovy:27)
	at com.kms.katalon.core.webui.keyword.builtin.SetTextKeyword.setText(SetTextKeyword.groovy:65)
	at com.kms.katalon.core.webui.keyword.builtin.SetTextKeyword.execute(SetTextKeyword.groovy:37)
	at com.kms.katalon.core.keyword.internal.KeywordExecutor.executeKeywordForPlatform(KeywordExecutor.groovy:53)
	at com.kms.katalon.core.webui.keyword.WebUiBuiltInKeywords.setText(WebUiBuiltInKeywords.groovy:950)
	at com.kms.katalon.core.webui.keyword.WebUiBuiltInKeywords$setText$1.call(Unknown Source)
	at POLL WORKER - ROLES.run(POLL WORKER - ROLES:39)
	at com.kms.katalon.core.main.ScriptEngine.run(ScriptEngine.java:194)
	at com.kms.katalon.core.main.ScriptEngine.runScriptAsRawText(ScriptEngine.java:119)
	at com.kms.katalon.core.main.TestCaseExecutor.runScript(TestCaseExecutor.java:328)
	at com.kms.katalon.core.main.TestCaseExecutor.doExecute(TestCaseExecutor.java:319)
	at com.kms.katalon.core.main.TestCaseExecutor.processExecutionPhase(TestCaseExecutor.java:298)
	at com.kms.katalon.core.main.TestCaseExecutor.accessMainPhase(TestCaseExecutor.java:290)
	at com.kms.katalon.core.main.TestCaseExecutor.execute(TestCaseExecutor.java:224)
	at com.kms.katalon.core.main.TestSuiteExecutor.accessTestCaseMainPhase(TestSuiteExecutor.java:129)
	at com.kms.katalon.core.main.TestSuiteExecutor.accessTestSuiteMainPhase(TestSuiteExecutor.java:112)
	at com.kms.katalon.core.main.TestSuiteExecutor.execute(TestSuiteExecutor.java:81)
	at com.kms.katalon.core.main.TestCaseMain.startTestSuite(TestCaseMain.java:149)
	at com.kms.katalon.core.main.TestCaseMain$startTestSuite$0.call(Unknown Source)
	at TempTestSuite1555007549481.run(TempTestSuite1555007549481.groovy:36)
"/>
         <system-out><![CDATA[2019-04-11 13:47:12 - [TEST_CASE][FAILED] - Test Cases/Admin Console/Poll Workers-Election Officials()/POLL WORKER - ROLES: Test Cases/Admin Console/Poll Workers-Election Officials()/POLL WORKER - ROLES FAILED.
Reason:
com.kms.katalon.core.exception.StepFailedException: Unable to set text (Root cause: java.lang.IllegalArgumentException: Object is null)
	at com.kms.katalon.core.keyword.internal.KeywordMain.stepFailed(KeywordMain.groovy:36)
	at com.kms.katalon.core.webui.keyword.internal.WebUIKeywordMain.stepFailed(WebUIKeywordMain.groovy:65)
	at com.kms.katalon.core.webui.keyword.internal.WebUIKeywordMain.runKeyword(WebUIKeywordMain.groovy:27)
	at com.kms.katalon.core.webui.keyword.builtin.SetTextKeyword.setText(SetTextKeyword.groovy:65)
	at com.kms.katalon.core.webui.keyword.builtin.SetTextKeyword.execute(SetTextKeyword.groovy:37)
	at com.kms.katalon.core.keyword.internal.KeywordExecutor.executeKeywordForPlatform(KeywordExecutor.groovy:53)
	at com.kms.katalon.core.webui.keyword.WebUiBuiltInKeywords.setText(WebUiBuiltInKeywords.groovy:950)
	at com.kms.katalon.core.webui.keyword.WebUiBuiltInKeywords$setText$1.call(Unknown Source)
	at POLL WORKER - ROLES.run(POLL WORKER - ROLES:39)
	at com.kms.katalon.core.main.ScriptEngine.run(ScriptEngine.java:194)
	at com.kms.katalon.core.main.ScriptEngine.runScriptAsRawText(ScriptEngine.java:119)
	at com.kms.katalon.core.main.TestCaseExecutor.runScript(TestCaseExecutor.java:328)
	at com.kms.katalon.core.main.TestCaseExecutor.doExecute(TestCaseExecutor.java:319)
	at com.kms.katalon.core.main.TestCaseExecutor.processExecutionPhase(TestCaseExecutor.java:298)
	at com.kms.katalon.core.main.TestCaseExecutor.accessMainPhase(TestCaseExecutor.java:290)
	at com.kms.katalon.core.main.TestCaseExecutor.execute(TestCaseExecutor.java:224)
	at com.kms.katalon.core.main.TestSuiteExecutor.accessTestCaseMainPhase(TestSuiteExecutor.java:129)
	at com.kms.katalon.core.main.TestSuiteExecutor.accessTestSuiteMainPhase(TestSuiteExecutor.java:112)
	at com.kms.katalon.core.main.TestSuiteExecutor.execute(TestSuiteExecutor.java:81)
	at com.kms.katalon.core.main.TestCaseMain.startTestSuite(TestCaseMain.java:149)
	at com.kms.katalon.core.main.TestCaseMain$startTestSuite$0.call(Unknown Source)
	at TempTestSuite1555007549481.run(TempTestSuite1555007549481.groovy:36)


2019-04-11 13:47:12 - [TEST_STEP][PASSED] - openBrowser(""): Browser is opened with url: ''

2019-04-11 13:47:12 - [MESSAGE][INFO] - Starting 'Firefox (headless)' driver

2019-04-11 13:47:14 - [MESSAGE][PASSED] - Browser is opened with url: ''

2019-04-11 13:47:14 - [TEST_STEP][PASSED] - navigateToUrl(URL): Navigate to 'https://epulsedev2.com' successfully

2019-04-11 13:47:16 - [MESSAGE][PASSED] - Navigate to 'https://epulsedev2.com' successfully

2019-04-11 13:47:16 - [TEST_STEP][PASSED] - setText(findTestObject("Login/Email Address"), User_email): Text 'alonzo.mack@knowink.com' is set on object 'Object Repository/Login/Email Address'

2019-04-11 13:47:16 - [MESSAGE][PASSED] - Text 'alonzo.mack@knowink.com' is set on object 'Object Repository/Login/Email Address'

2019-04-11 13:47:16 - [TEST_STEP][PASSED] - setEncryptedText(findTestObject("Login/Password"), Pswrd): Text ****** has been set on object 'Object Repository/Login/Password'

2019-04-11 13:47:16 - [MESSAGE][PASSED] - Text ****** has been set on object 'Object Repository/Login/Password'

2019-04-11 13:47:16 - [TEST_STEP][PASSED] - click(findTestObject("Login/Sign In")): Object: 'Object Repository/Login/Sign In' is clicked on

2019-04-11 13:47:17 - [MESSAGE][PASSED] - Object: 'Object Repository/Login/Sign In' is clicked on

2019-04-11 13:47:17 - [TEST_STEP][FAILED] - setText(findTestObject(null), ""): setText(findTestObject(null), "") FAILED.
Reason:
com.kms.katalon.core.exception.StepFailedException: Unable to set text (Root cause: java.lang.IllegalArgumentException: Object is null)
	at com.kms.katalon.core.keyword.internal.KeywordMain.stepFailed(KeywordMain.groovy:36)
	at com.kms.katalon.core.webui.keyword.internal.WebUIKeywordMain.stepFailed(WebUIKeywordMain.groovy:65)
	at com.kms.katalon.core.webui.keyword.internal.WebUIKeywordMain.runKeyword(WebUIKeywordMain.groovy:27)
	at com.kms.katalon.core.webui.keyword.builtin.SetTextKeyword.setText(SetTextKeyword.groovy:65)
	at com.kms.katalon.core.webui.keyword.builtin.SetTextKeyword.execute(SetTextKeyword.groovy:37)
	at com.kms.katalon.core.keyword.internal.KeywordExecutor.executeKeywordForPlatform(KeywordExecutor.groovy:53)
	at com.kms.katalon.core.webui.keyword.WebUiBuiltInKeywords.setText(WebUiBuiltInKeywords.groovy:950)
	at com.kms.katalon.core.webui.keyword.WebUiBuiltInKeywords$setText$1.call(Unknown Source)
	at POLL WORKER - ROLES.run(POLL WORKER - ROLES:39)
	at com.kms.katalon.core.main.ScriptEngine.run(ScriptEngine.java:194)
	at com.kms.katalon.core.main.ScriptEngine.runScriptAsRawText(ScriptEngine.java:119)
	at com.kms.katalon.core.main.TestCaseExecutor.runScript(TestCaseExecutor.java:328)
	at com.kms.katalon.core.main.TestCaseExecutor.doExecute(TestCaseExecutor.java:319)
	at com.kms.katalon.core.main.TestCaseExecutor.processExecutionPhase(TestCaseExecutor.java:298)
	at com.kms.katalon.core.main.TestCaseExecutor.accessMainPhase(TestCaseExecutor.java:290)
	at com.kms.katalon.core.main.TestCaseExecutor.execute(TestCaseExecutor.java:224)
	at com.kms.katalon.core.main.TestSuiteExecutor.accessTestCaseMainPhase(TestSuiteExecutor.java:129)
	at com.kms.katalon.core.main.TestSuiteExecutor.accessTestSuiteMainPhase(TestSuiteExecutor.java:112)
	at com.kms.katalon.core.main.TestSuiteExecutor.execute(TestSuiteExecutor.java:81)
	at com.kms.katalon.core.main.TestCaseMain.startTestSuite(TestCaseMain.java:149)
	at com.kms.katalon.core.main.TestCaseMain$startTestSuite$0.call(Unknown Source)
	at TempTestSuite1555007549481.run(TempTestSuite1555007549481.groovy:36)


2019-04-11 13:47:17 - [MESSAGE][WARNING] - Test object id is null

2019-04-11 13:47:17 - [MESSAGE][WARNING] - Test object with id 'Object Repository/' does not exist

2019-04-11 13:47:17 - [MESSAGE][FAILED] - Unable to set text (Root cause: java.lang.IllegalArgumentException: Object is null)
[[ATTACHMENT|/Users/alonzomack/Katalon Studio/Regression/Reports/dev_staging smoketest/20190411_133229/1555008437709.png]]

2019-04-11 13:47:17 - [MESSAGE][FAILED] - setText(findTestObject(null), "") FAILED.
Reason:
com.kms.katalon.core.exception.StepFailedException: Unable to set text (Root cause: java.lang.IllegalArgumentException: Object is null)
	at com.kms.katalon.core.keyword.internal.KeywordMain.stepFailed(KeywordMain.groovy:36)
	at com.kms.katalon.core.webui.keyword.internal.WebUIKeywordMain.stepFailed(WebUIKeywordMain.groovy:65)
	at com.kms.katalon.core.webui.keyword.internal.WebUIKeywordMain.runKeyword(WebUIKeywordMain.groovy:27)
	at com.kms.katalon.core.webui.keyword.builtin.SetTextKeyword.setText(SetTextKeyword.groovy:65)
	at com.kms.katalon.core.webui.keyword.builtin.SetTextKeyword.execute(SetTextKeyword.groovy:37)
	at com.kms.katalon.core.keyword.internal.KeywordExecutor.executeKeywordForPlatform(KeywordExecutor.groovy:53)
	at com.kms.katalon.core.webui.keyword.WebUiBuiltInKeywords.setText(WebUiBuiltInKeywords.groovy:950)
	at com.kms.katalon.core.webui.keyword.WebUiBuiltInKeywords$setText$1.call(Unknown Source)
	at POLL WORKER - ROLES.run(POLL WORKER - ROLES:39)
	at com.kms.katalon.core.main.ScriptEngine.run(ScriptEngine.java:194)
	at com.kms.katalon.core.main.ScriptEngine.runScriptAsRawText(ScriptEngine.java:119)
	at com.kms.katalon.core.main.TestCaseExecutor.runScript(TestCaseExecutor.java:328)
	at com.kms.katalon.core.main.TestCaseExecutor.doExecute(TestCaseExecutor.java:319)
	at com.kms.katalon.core.main.TestCaseExecutor.processExecutionPhase(TestCaseExecutor.java:298)
	at com.kms.katalon.core.main.TestCaseExecutor.accessMainPhase(TestCaseExecutor.java:290)
	at com.kms.katalon.core.main.TestCaseExecutor.execute(TestCaseExecutor.java:224)
	at com.kms.katalon.core.main.TestSuiteExecutor.accessTestCaseMainPhase(TestSuiteExecutor.java:129)
	at com.kms.katalon.core.main.TestSuiteExecutor.accessTestSuiteMainPhase(TestSuiteExecutor.java:112)
	at com.kms.katalon.core.main.TestSuiteExecutor.execute(TestSuiteExecutor.java:81)
	at com.kms.katalon.core.main.TestCaseMain.startTestSuite(TestCaseMain.java:149)
	at com.kms.katalon.core.main.TestCaseMain$startTestSuite$0.call(Unknown Source)
	at TempTestSuite1555007549481.run(TempTestSuite1555007549481.groovy:36)]]></system-out>
         <system-err><![CDATA[2019-04-11 13:47:12 - [TEST_CASE][FAILED] - Test Cases/Admin Console/Poll Workers-Election Officials()/POLL WORKER - ROLES: Test Cases/Admin Console/Poll Workers-Election Officials()/POLL WORKER - ROLES FAILED.
Reason:
com.kms.katalon.core.exception.StepFailedException: Unable to set text (Root cause: java.lang.IllegalArgumentException: Object is null)
	at com.kms.katalon.core.keyword.internal.KeywordMain.stepFailed(KeywordMain.groovy:36)
	at com.kms.katalon.core.webui.keyword.internal.WebUIKeywordMain.stepFailed(WebUIKeywordMain.groovy:65)
	at com.kms.katalon.core.webui.keyword.internal.WebUIKeywordMain.runKeyword(WebUIKeywordMain.groovy:27)
	at com.kms.katalon.core.webui.keyword.builtin.SetTextKeyword.setText(SetTextKeyword.groovy:65)
	at com.kms.katalon.core.webui.keyword.builtin.SetTextKeyword.execute(SetTextKeyword.groovy:37)
	at com.kms.katalon.core.keyword.internal.KeywordExecutor.executeKeywordForPlatform(KeywordExecutor.groovy:53)
	at com.kms.katalon.core.webui.keyword.WebUiBuiltInKeywords.setText(WebUiBuiltInKeywords.groovy:950)
	at com.kms.katalon.core.webui.keyword.WebUiBuiltInKeywords$setText$1.call(Unknown Source)
	at POLL WORKER - ROLES.run(POLL WORKER - ROLES:39)
	at com.kms.katalon.core.main.ScriptEngine.run(ScriptEngine.java:194)
	at com.kms.katalon.core.main.ScriptEngine.runScriptAsRawText(ScriptEngine.java:119)
	at com.kms.katalon.core.main.TestCaseExecutor.runScript(TestCaseExecutor.java:328)
	at com.kms.katalon.core.main.TestCaseExecutor.doExecute(TestCaseExecutor.java:319)
	at com.kms.katalon.core.main.TestCaseExecutor.processExecutionPhase(TestCaseExecutor.java:298)
	at com.kms.katalon.core.main.TestCaseExecutor.accessMainPhase(TestCaseExecutor.java:290)
	at com.kms.katalon.core.main.TestCaseExecutor.execute(TestCaseExecutor.java:224)
	at com.kms.katalon.core.main.TestSuiteExecutor.accessTestCaseMainPhase(TestSuiteExecutor.java:129)
	at com.kms.katalon.core.main.TestSuiteExecutor.accessTestSuiteMainPhase(TestSuiteExecutor.java:112)
	at com.kms.katalon.core.main.TestSuiteExecutor.execute(TestSuiteExecutor.java:81)
	at com.kms.katalon.core.main.TestCaseMain.startTestSuite(TestCaseMain.java:149)
	at com.kms.katalon.core.main.TestCaseMain$startTestSuite$0.call(Unknown Source)
	at TempTestSuite1555007549481.run(TempTestSuite1555007549481.groovy:36)]]></system-err>
      </testcase>
      <testcase name="Test Cases/Admin Console/Poll Workers-Election Officials()/Poll Workers - Manage - ADD" classname="Test Cases/Admin Console/Poll Workers-Election Officials()/Poll Workers - Manage - ADD" status="FAILED">
         <failure type="FAILED" message="Test Cases/Admin Console/Poll Workers-Election Officials()/Poll Workers - Manage - ADD FAILED.
Reason:
com.kms.katalon.core.exception.StepFailedException: Unable to click on object 'Object Repository/Admin Console ePulse Menu/Poll Workers/Poll Workers - Manage Page/Poll Workers (Actions Options)/Add Poll Worker' (Root cause: org.openqa.selenium.ElementNotInteractableException: Element &lt;a class=&quot;icn-plus&quot; href=&quot;/poll_workers/new&quot;> could not be scrolled into view
Build info: version: '3.7.1', revision: '8a0099a', time: '2017-11-06T21:07:36.161Z'
System info: host: 'QAs-MacBook-Pro-2.local', ip: 'fe80:0:0:0:141b:7791:71c:315e%en0', os.name: 'Mac OS X', os.arch: 'x86_64', os.version: '10.13.3', java.version: '1.8.0_181'
Driver info: com.kms.katalon.core.webui.driver.firefox.CGeckoDriver
Capabilities {acceptInsecureCerts: true, browserName: firefox, browserVersion: 66.0.2, javascriptEnabled: true, moz:accessibilityChecks: false, moz:geckodriverVersion: 0.23.0, moz:headless: true, moz:processID: 7641, moz:profile: /var/folders/p5/lldhhw894tb..., moz:shutdownTimeout: 60000, moz:useNonSpecCompliantPointerOrigin: false, moz:webdriverClick: true, pageLoadStrategy: normal, platform: MAC, platformName: MAC, platformVersion: 17.4.0, proxy: Proxy(direct), rotatable: false, setWindowRect: true, strictFileInteractability: false, timeouts: {implicit: 0, pageLoad: 300000, script: 30000}, unhandledPromptBehavior: dismiss and notify}
Session ID: b05f4bf1-ce96-814a-88b3-c1a3eaf6d203)
	at com.kms.katalon.core.keyword.internal.KeywordMain.stepFailed(KeywordMain.groovy:36)
	at com.kms.katalon.core.webui.keyword.internal.WebUIKeywordMain.stepFailed(WebUIKeywordMain.groovy:65)
	at com.kms.katalon.core.webui.keyword.internal.WebUIKeywordMain.runKeyword(WebUIKeywordMain.groovy:27)
	at com.kms.katalon.core.webui.keyword.builtin.ClickKeyword.click(ClickKeyword.groovy:86)
	at com.kms.katalon.core.webui.keyword.builtin.ClickKeyword.execute(ClickKeyword.groovy:67)
	at com.kms.katalon.core.keyword.internal.KeywordExecutor.executeKeywordForPlatform(KeywordExecutor.groovy:53)
	at com.kms.katalon.core.webui.keyword.WebUiBuiltInKeywords.click(WebUiBuiltInKeywords.groovy:616)
	at com.kms.katalon.core.webui.keyword.WebUiBuiltInKeywords$click$3.call(Unknown Source)
	at Poll Workers - Manage - ADD.run(Poll Workers - Manage - ADD:51)
	at com.kms.katalon.core.main.ScriptEngine.run(ScriptEngine.java:194)
	at com.kms.katalon.core.main.ScriptEngine.runScriptAsRawText(ScriptEngine.java:119)
	at com.kms.katalon.core.main.TestCaseExecutor.runScript(TestCaseExecutor.java:328)
	at com.kms.katalon.core.main.TestCaseExecutor.doExecute(TestCaseExecutor.java:319)
	at com.kms.katalon.core.main.TestCaseExecutor.processExecutionPhase(TestCaseExecutor.java:298)
	at com.kms.katalon.core.main.TestCaseExecutor.accessMainPhase(TestCaseExecutor.java:290)
	at com.kms.katalon.core.main.TestCaseExecutor.execute(TestCaseExecutor.java:224)
	at com.kms.katalon.core.main.TestSuiteExecutor.accessTestCaseMainPhase(TestSuiteExecutor.java:129)
	at com.kms.katalon.core.main.TestSuiteExecutor.accessTestSuiteMainPhase(TestSuiteExecutor.java:112)
	at com.kms.katalon.core.main.TestSuiteExecutor.execute(TestSuiteExecutor.java:81)
	at com.kms.katalon.core.main.TestCaseMain.startTestSuite(TestCaseMain.java:149)
	at com.kms.katalon.core.main.TestCaseMain$startTestSuite$0.call(Unknown Source)
	at TempTestSuite1555007549481.run(TempTestSuite1555007549481.groovy:36)
"/>
         <system-out><![CDATA[2019-04-11 13:47:19 - [TEST_CASE][FAILED] - Test Cases/Admin Console/Poll Workers-Election Officials()/Poll Workers - Manage - ADD: Test Cases/Admin Console/Poll Workers-Election Officials()/Poll Workers - Manage - ADD FAILED.
Reason:
com.kms.katalon.core.exception.StepFailedException: Unable to click on object 'Object Repository/Admin Console ePulse Menu/Poll Workers/Poll Workers - Manage Page/Poll Workers (Actions Options)/Add Poll Worker' (Root cause: org.openqa.selenium.ElementNotInteractableException: Element <a class="icn-plus" href="/poll_workers/new"> could not be scrolled into view
Build info: version: '3.7.1', revision: '8a0099a', time: '2017-11-06T21:07:36.161Z'
System info: host: 'QAs-MacBook-Pro-2.local', ip: 'fe80:0:0:0:141b:7791:71c:315e%en0', os.name: 'Mac OS X', os.arch: 'x86_64', os.version: '10.13.3', java.version: '1.8.0_181'
Driver info: com.kms.katalon.core.webui.driver.firefox.CGeckoDriver
Capabilities {acceptInsecureCerts: true, browserName: firefox, browserVersion: 66.0.2, javascriptEnabled: true, moz:accessibilityChecks: false, moz:geckodriverVersion: 0.23.0, moz:headless: true, moz:processID: 7641, moz:profile: /var/folders/p5/lldhhw894tb..., moz:shutdownTimeout: 60000, moz:useNonSpecCompliantPointerOrigin: false, moz:webdriverClick: true, pageLoadStrategy: normal, platform: MAC, platformName: MAC, platformVersion: 17.4.0, proxy: Proxy(direct), rotatable: false, setWindowRect: true, strictFileInteractability: false, timeouts: {implicit: 0, pageLoad: 300000, script: 30000}, unhandledPromptBehavior: dismiss and notify}
Session ID: b05f4bf1-ce96-814a-88b3-c1a3eaf6d203)
	at com.kms.katalon.core.keyword.internal.KeywordMain.stepFailed(KeywordMain.groovy:36)
	at com.kms.katalon.core.webui.keyword.internal.WebUIKeywordMain.stepFailed(WebUIKeywordMain.groovy:65)
	at com.kms.katalon.core.webui.keyword.internal.WebUIKeywordMain.runKeyword(WebUIKeywordMain.groovy:27)
	at com.kms.katalon.core.webui.keyword.builtin.ClickKeyword.click(ClickKeyword.groovy:86)
	at com.kms.katalon.core.webui.keyword.builtin.ClickKeyword.execute(ClickKeyword.groovy:67)
	at com.kms.katalon.core.keyword.internal.KeywordExecutor.executeKeywordForPlatform(KeywordExecutor.groovy:53)
	at com.kms.katalon.core.webui.keyword.WebUiBuiltInKeywords.click(WebUiBuiltInKeywords.groovy:616)
	at com.kms.katalon.core.webui.keyword.WebUiBuiltInKeywords$click$3.call(Unknown Source)
	at Poll Workers - Manage - ADD.run(Poll Workers - Manage - ADD:51)
	at com.kms.katalon.core.main.ScriptEngine.run(ScriptEngine.java:194)
	at com.kms.katalon.core.main.ScriptEngine.runScriptAsRawText(ScriptEngine.java:119)
	at com.kms.katalon.core.main.TestCaseExecutor.runScript(TestCaseExecutor.java:328)
	at com.kms.katalon.core.main.TestCaseExecutor.doExecute(TestCaseExecutor.java:319)
	at com.kms.katalon.core.main.TestCaseExecutor.processExecutionPhase(TestCaseExecutor.java:298)
	at com.kms.katalon.core.main.TestCaseExecutor.accessMainPhase(TestCaseExecutor.java:290)
	at com.kms.katalon.core.main.TestCaseExecutor.execute(TestCaseExecutor.java:224)
	at com.kms.katalon.core.main.TestSuiteExecutor.accessTestCaseMainPhase(TestSuiteExecutor.java:129)
	at com.kms.katalon.core.main.TestSuiteExecutor.accessTestSuiteMainPhase(TestSuiteExecutor.java:112)
	at com.kms.katalon.core.main.TestSuiteExecutor.execute(TestSuiteExecutor.java:81)
	at com.kms.katalon.core.main.TestCaseMain.startTestSuite(TestCaseMain.java:149)
	at com.kms.katalon.core.main.TestCaseMain$startTestSuite$0.call(Unknown Source)
	at TempTestSuite1555007549481.run(TempTestSuite1555007549481.groovy:36)


2019-04-11 13:47:19 - [TEST_STEP][PASSED] - openBrowser(""): Browser is opened with url: ''

2019-04-11 13:47:19 - [MESSAGE][WARNING] - A browser is already opened. Closing browser and opening a new one

2019-04-11 13:47:20 - [MESSAGE][INFO] - Starting 'Firefox (headless)' driver

2019-04-11 13:47:22 - [MESSAGE][PASSED] - Browser is opened with url: ''

2019-04-11 13:47:22 - [TEST_STEP][PASSED] - navigateToUrl(URL): Navigate to 'https://epulsedev2.com' successfully

2019-04-11 13:47:25 - [MESSAGE][PASSED] - Navigate to 'https://epulsedev2.com' successfully

2019-04-11 13:47:25 - [TEST_STEP][PASSED] - setText(findTestObject("Login/Email Address"), User_email): Text 'alonzo.mack@knowink.com' is set on object 'Object Repository/Login/Email Address'

2019-04-11 13:47:25 - [MESSAGE][PASSED] - Text 'alonzo.mack@knowink.com' is set on object 'Object Repository/Login/Email Address'

2019-04-11 13:47:25 - [TEST_STEP][PASSED] - setEncryptedText(findTestObject("Login/Password"), Pswrd): Text ****** has been set on object 'Object Repository/Login/Password'

2019-04-11 13:47:25 - [MESSAGE][PASSED] - Text ****** has been set on object 'Object Repository/Login/Password'

2019-04-11 13:47:25 - [TEST_STEP][PASSED] - click(findTestObject("Login/Sign In")): Object: 'Object Repository/Login/Sign In' is clicked on

2019-04-11 13:47:27 - [MESSAGE][PASSED] - Object: 'Object Repository/Login/Sign In' is clicked on

2019-04-11 13:47:27 - [TEST_STEP][PASSED] - delay(1): Delayed 1 second(s)

2019-04-11 13:47:28 - [MESSAGE][PASSED] - Delayed 1 second(s)

2019-04-11 13:47:28 - [TEST_STEP][FAILED] - for ([row = 1, row <= findTestData("PollWorker - Add").getRowNumbers(), (row++)]): for ([row = 1, row <= findTestData("PollWorker - Add").getRowNumbers(), (row++)]) FAILED.
Reason:
com.kms.katalon.core.exception.StepFailedException: Unable to click on object 'Object Repository/Admin Console ePulse Menu/Poll Workers/Poll Workers - Manage Page/Poll Workers (Actions Options)/Add Poll Worker' (Root cause: org.openqa.selenium.ElementNotInteractableException: Element <a class="icn-plus" href="/poll_workers/new"> could not be scrolled into view
Build info: version: '3.7.1', revision: '8a0099a', time: '2017-11-06T21:07:36.161Z'
System info: host: 'QAs-MacBook-Pro-2.local', ip: 'fe80:0:0:0:141b:7791:71c:315e%en0', os.name: 'Mac OS X', os.arch: 'x86_64', os.version: '10.13.3', java.version: '1.8.0_181'
Driver info: com.kms.katalon.core.webui.driver.firefox.CGeckoDriver
Capabilities {acceptInsecureCerts: true, browserName: firefox, browserVersion: 66.0.2, javascriptEnabled: true, moz:accessibilityChecks: false, moz:geckodriverVersion: 0.23.0, moz:headless: true, moz:processID: 7641, moz:profile: /var/folders/p5/lldhhw894tb..., moz:shutdownTimeout: 60000, moz:useNonSpecCompliantPointerOrigin: false, moz:webdriverClick: true, pageLoadStrategy: normal, platform: MAC, platformName: MAC, platformVersion: 17.4.0, proxy: Proxy(direct), rotatable: false, setWindowRect: true, strictFileInteractability: false, timeouts: {implicit: 0, pageLoad: 300000, script: 30000}, unhandledPromptBehavior: dismiss and notify}
Session ID: b05f4bf1-ce96-814a-88b3-c1a3eaf6d203)
	at com.kms.katalon.core.keyword.internal.KeywordMain.stepFailed(KeywordMain.groovy:36)
	at com.kms.katalon.core.webui.keyword.internal.WebUIKeywordMain.stepFailed(WebUIKeywordMain.groovy:65)
	at com.kms.katalon.core.webui.keyword.internal.WebUIKeywordMain.runKeyword(WebUIKeywordMain.groovy:27)
	at com.kms.katalon.core.webui.keyword.builtin.ClickKeyword.click(ClickKeyword.groovy:86)
	at com.kms.katalon.core.webui.keyword.builtin.ClickKeyword.execute(ClickKeyword.groovy:67)
	at com.kms.katalon.core.keyword.internal.KeywordExecutor.executeKeywordForPlatform(KeywordExecutor.groovy:53)
	at com.kms.katalon.core.webui.keyword.WebUiBuiltInKeywords.click(WebUiBuiltInKeywords.groovy:616)
	at com.kms.katalon.core.webui.keyword.WebUiBuiltInKeywords$click$3.call(Unknown Source)
	at Poll Workers - Manage - ADD.run(Poll Workers - Manage - ADD:51)
	at com.kms.katalon.core.main.ScriptEngine.run(ScriptEngine.java:194)
	at com.kms.katalon.core.main.ScriptEngine.runScriptAsRawText(ScriptEngine.java:119)
	at com.kms.katalon.core.main.TestCaseExecutor.runScript(TestCaseExecutor.java:328)
	at com.kms.katalon.core.main.TestCaseExecutor.doExecute(TestCaseExecutor.java:319)
	at com.kms.katalon.core.main.TestCaseExecutor.processExecutionPhase(TestCaseExecutor.java:298)
	at com.kms.katalon.core.main.TestCaseExecutor.accessMainPhase(TestCaseExecutor.java:290)
	at com.kms.katalon.core.main.TestCaseExecutor.execute(TestCaseExecutor.java:224)
	at com.kms.katalon.core.main.TestSuiteExecutor.accessTestCaseMainPhase(TestSuiteExecutor.java:129)
	at com.kms.katalon.core.main.TestSuiteExecutor.accessTestSuiteMainPhase(TestSuiteExecutor.java:112)
	at com.kms.katalon.core.main.TestSuiteExecutor.execute(TestSuiteExecutor.java:81)
	at com.kms.katalon.core.main.TestCaseMain.startTestSuite(TestCaseMain.java:149)
	at com.kms.katalon.core.main.TestCaseMain$startTestSuite$0.call(Unknown Source)
	at TempTestSuite1555007549481.run(TempTestSuite1555007549481.groovy:36)


2019-04-11 13:47:28 - [TEST_STEP][PASSED] - navigateToUrl(Poll_Workers): Navigate to 'https://am-automation-test.epulsedev2.com/poll_workers' successfully

2019-04-11 13:47:30 - [MESSAGE][PASSED] - Navigate to 'https://am-automation-test.epulsedev2.com/poll_workers' successfully

2019-04-11 13:47:30 - [TEST_STEP][PASSED] - delay(1): Delayed 1 second(s)

2019-04-11 13:47:31 - [MESSAGE][PASSED] - Delayed 1 second(s)

2019-04-11 13:47:31 - [TEST_STEP][PASSED] - click(findTestObject("Admin Console ePulse Menu/Poll Workers/Poll Workers - Manage Page/Poll Workers (Actions Options)/Actions")): Object: 'Object Repository/Admin Console ePulse Menu/Poll Workers/Poll Workers - Manage Page/Poll Workers (Actions Options)/Actions' is clicked on

2019-04-11 13:47:31 - [MESSAGE][PASSED] - Object: 'Object Repository/Admin Console ePulse Menu/Poll Workers/Poll Workers - Manage Page/Poll Workers (Actions Options)/Actions' is clicked on

2019-04-11 13:47:31 - [TEST_STEP][PASSED] - delay(1): Delayed 1 second(s)

2019-04-11 13:47:32 - [MESSAGE][PASSED] - Delayed 1 second(s)

2019-04-11 13:47:32 - [TEST_STEP][FAILED] - click(findTestObject("Admin Console ePulse Menu/Poll Workers/Poll Workers - Manage Page/Poll Workers (Actions Options)/Add Poll Worker")): for ([row = 1, row <= findTestData("PollWorker - Add").getRowNumbers(), (row++)]) FAILED.
Reason:
com.kms.katalon.core.exception.StepFailedException: Unable to click on object 'Object Repository/Admin Console ePulse Menu/Poll Workers/Poll Workers - Manage Page/Poll Workers (Actions Options)/Add Poll Worker' (Root cause: org.openqa.selenium.ElementNotInteractableException: Element <a class="icn-plus" href="/poll_workers/new"> could not be scrolled into view
Build info: version: '3.7.1', revision: '8a0099a', time: '2017-11-06T21:07:36.161Z'
System info: host: 'QAs-MacBook-Pro-2.local', ip: 'fe80:0:0:0:141b:7791:71c:315e%en0', os.name: 'Mac OS X', os.arch: 'x86_64', os.version: '10.13.3', java.version: '1.8.0_181'
Driver info: com.kms.katalon.core.webui.driver.firefox.CGeckoDriver
Capabilities {acceptInsecureCerts: true, browserName: firefox, browserVersion: 66.0.2, javascriptEnabled: true, moz:accessibilityChecks: false, moz:geckodriverVersion: 0.23.0, moz:headless: true, moz:processID: 7641, moz:profile: /var/folders/p5/lldhhw894tb..., moz:shutdownTimeout: 60000, moz:useNonSpecCompliantPointerOrigin: false, moz:webdriverClick: true, pageLoadStrategy: normal, platform: MAC, platformName: MAC, platformVersion: 17.4.0, proxy: Proxy(direct), rotatable: false, setWindowRect: true, strictFileInteractability: false, timeouts: {implicit: 0, pageLoad: 300000, script: 30000}, unhandledPromptBehavior: dismiss and notify}
Session ID: b05f4bf1-ce96-814a-88b3-c1a3eaf6d203)
	at com.kms.katalon.core.keyword.internal.KeywordMain.stepFailed(KeywordMain.groovy:36)
	at com.kms.katalon.core.webui.keyword.internal.WebUIKeywordMain.stepFailed(WebUIKeywordMain.groovy:65)
	at com.kms.katalon.core.webui.keyword.internal.WebUIKeywordMain.runKeyword(WebUIKeywordMain.groovy:27)
	at com.kms.katalon.core.webui.keyword.builtin.ClickKeyword.click(ClickKeyword.groovy:86)
	at com.kms.katalon.core.webui.keyword.builtin.ClickKeyword.execute(ClickKeyword.groovy:67)
	at com.kms.katalon.core.keyword.internal.KeywordExecutor.executeKeywordForPlatform(KeywordExecutor.groovy:53)
	at com.kms.katalon.core.webui.keyword.WebUiBuiltInKeywords.click(WebUiBuiltInKeywords.groovy:616)
	at com.kms.katalon.core.webui.keyword.WebUiBuiltInKeywords$click$3.call(Unknown Source)
	at Poll Workers - Manage - ADD.run(Poll Workers - Manage - ADD:51)
	at com.kms.katalon.core.main.ScriptEngine.run(ScriptEngine.java:194)
	at com.kms.katalon.core.main.ScriptEngine.runScriptAsRawText(ScriptEngine.java:119)
	at com.kms.katalon.core.main.TestCaseExecutor.runScript(TestCaseExecutor.java:328)
	at com.kms.katalon.core.main.TestCaseExecutor.doExecute(TestCaseExecutor.java:319)
	at com.kms.katalon.core.main.TestCaseExecutor.processExecutionPhase(TestCaseExecutor.java:298)
	at com.kms.katalon.core.main.TestCaseExecutor.accessMainPhase(TestCaseExecutor.java:290)
	at com.kms.katalon.core.main.TestCaseExecutor.execute(TestCaseExecutor.java:224)
	at com.kms.katalon.core.main.TestSuiteExecutor.accessTestCaseMainPhase(TestSuiteExecutor.java:129)
	at com.kms.katalon.core.main.TestSuiteExecutor.accessTestSuiteMainPhase(TestSuiteExecutor.java:112)
	at com.kms.katalon.core.main.TestSuiteExecutor.execute(TestSuiteExecutor.java:81)
	at com.kms.katalon.core.main.TestCaseMain.startTestSuite(TestCaseMain.java:149)
	at com.kms.katalon.core.main.TestCaseMain$startTestSuite$0.call(Unknown Source)
	at TempTestSuite1555007549481.run(TempTestSuite1555007549481.groovy:36)


2019-04-11 13:47:33 - [MESSAGE][FAILED] - Unable to click on object 'Object Repository/Admin Console ePulse Menu/Poll Workers/Poll Workers - Manage Page/Poll Workers (Actions Options)/Add Poll Worker' (Root cause: org.openqa.selenium.ElementNotInteractableException: Element <a class="icn-plus" href="/poll_workers/new"> could not be scrolled into view
Build info: version: '3.7.1', revision: '8a0099a', time: '2017-11-06T21:07:36.161Z'
System info: host: 'QAs-MacBook-Pro-2.local', ip: 'fe80:0:0:0:141b:7791:71c:315e%en0', os.name: 'Mac OS X', os.arch: 'x86_64', os.version: '10.13.3', java.version: '1.8.0_181'
Driver info: com.kms.katalon.core.webui.driver.firefox.CGeckoDriver
Capabilities {acceptInsecureCerts: true, browserName: firefox, browserVersion: 66.0.2, javascriptEnabled: true, moz:accessibilityChecks: false, moz:geckodriverVersion: 0.23.0, moz:headless: true, moz:processID: 7641, moz:profile: /var/folders/p5/lldhhw894tb..., moz:shutdownTimeout: 60000, moz:useNonSpecCompliantPointerOrigin: false, moz:webdriverClick: true, pageLoadStrategy: normal, platform: MAC, platformName: MAC, platformVersion: 17.4.0, proxy: Proxy(direct), rotatable: false, setWindowRect: true, strictFileInteractability: false, timeouts: {implicit: 0, pageLoad: 300000, script: 30000}, unhandledPromptBehavior: dismiss and notify}
Session ID: b05f4bf1-ce96-814a-88b3-c1a3eaf6d203)
[[ATTACHMENT|/Users/alonzomack/Katalon Studio/Regression/Reports/dev_staging smoketest/20190411_133229/1555008452979.png]]

2019-04-11 13:47:33 - [MESSAGE][FAILED] - for ([row = 1, row <= findTestData("PollWorker - Add").getRowNumbers(), (row++)]) FAILED.
Reason:
com.kms.katalon.core.exception.StepFailedException: Unable to click on object 'Object Repository/Admin Console ePulse Menu/Poll Workers/Poll Workers - Manage Page/Poll Workers (Actions Options)/Add Poll Worker' (Root cause: org.openqa.selenium.ElementNotInteractableException: Element <a class="icn-plus" href="/poll_workers/new"> could not be scrolled into view
Build info: version: '3.7.1', revision: '8a0099a', time: '2017-11-06T21:07:36.161Z'
System info: host: 'QAs-MacBook-Pro-2.local', ip: 'fe80:0:0:0:141b:7791:71c:315e%en0', os.name: 'Mac OS X', os.arch: 'x86_64', os.version: '10.13.3', java.version: '1.8.0_181'
Driver info: com.kms.katalon.core.webui.driver.firefox.CGeckoDriver
Capabilities {acceptInsecureCerts: true, browserName: firefox, browserVersion: 66.0.2, javascriptEnabled: true, moz:accessibilityChecks: false, moz:geckodriverVersion: 0.23.0, moz:headless: true, moz:processID: 7641, moz:profile: /var/folders/p5/lldhhw894tb..., moz:shutdownTimeout: 60000, moz:useNonSpecCompliantPointerOrigin: false, moz:webdriverClick: true, pageLoadStrategy: normal, platform: MAC, platformName: MAC, platformVersion: 17.4.0, proxy: Proxy(direct), rotatable: false, setWindowRect: true, strictFileInteractability: false, timeouts: {implicit: 0, pageLoad: 300000, script: 30000}, unhandledPromptBehavior: dismiss and notify}
Session ID: b05f4bf1-ce96-814a-88b3-c1a3eaf6d203)
	at com.kms.katalon.core.keyword.internal.KeywordMain.stepFailed(KeywordMain.groovy:36)
	at com.kms.katalon.core.webui.keyword.internal.WebUIKeywordMain.stepFailed(WebUIKeywordMain.groovy:65)
	at com.kms.katalon.core.webui.keyword.internal.WebUIKeywordMain.runKeyword(WebUIKeywordMain.groovy:27)
	at com.kms.katalon.core.webui.keyword.builtin.ClickKeyword.click(ClickKeyword.groovy:86)
	at com.kms.katalon.core.webui.keyword.builtin.ClickKeyword.execute(ClickKeyword.groovy:67)
	at com.kms.katalon.core.keyword.internal.KeywordExecutor.executeKeywordForPlatform(KeywordExecutor.groovy:53)
	at com.kms.katalon.core.webui.keyword.WebUiBuiltInKeywords.click(WebUiBuiltInKeywords.groovy:616)
	at com.kms.katalon.core.webui.keyword.WebUiBuiltInKeywords$click$3.call(Unknown Source)
	at Poll Workers - Manage - ADD.run(Poll Workers - Manage - ADD:51)
	at com.kms.katalon.core.main.ScriptEngine.run(ScriptEngine.java:194)
	at com.kms.katalon.core.main.ScriptEngine.runScriptAsRawText(ScriptEngine.java:119)
	at com.kms.katalon.core.main.TestCaseExecutor.runScript(TestCaseExecutor.java:328)
	at com.kms.katalon.core.main.TestCaseExecutor.doExecute(TestCaseExecutor.java:319)
	at com.kms.katalon.core.main.TestCaseExecutor.processExecutionPhase(TestCaseExecutor.java:298)
	at com.kms.katalon.core.main.TestCaseExecutor.accessMainPhase(TestCaseExecutor.java:290)
	at com.kms.katalon.core.main.TestCaseExecutor.execute(TestCaseExecutor.java:224)
	at com.kms.katalon.core.main.TestSuiteExecutor.accessTestCaseMainPhase(TestSuiteExecutor.java:129)
	at com.kms.katalon.core.main.TestSuiteExecutor.accessTestSuiteMainPhase(TestSuiteExecutor.java:112)
	at com.kms.katalon.core.main.TestSuiteExecutor.execute(TestSuiteExecutor.java:81)
	at com.kms.katalon.core.main.TestCaseMain.startTestSuite(TestCaseMain.java:149)
	at com.kms.katalon.core.main.TestCaseMain$startTestSuite$0.call(Unknown Source)
	at TempTestSuite1555007549481.run(TempTestSuite1555007549481.groovy:36)]]></system-out>
         <system-err><![CDATA[2019-04-11 13:47:19 - [TEST_CASE][FAILED] - Test Cases/Admin Console/Poll Workers-Election Officials()/Poll Workers - Manage - ADD: Test Cases/Admin Console/Poll Workers-Election Officials()/Poll Workers - Manage - ADD FAILED.
Reason:
com.kms.katalon.core.exception.StepFailedException: Unable to click on object 'Object Repository/Admin Console ePulse Menu/Poll Workers/Poll Workers - Manage Page/Poll Workers (Actions Options)/Add Poll Worker' (Root cause: org.openqa.selenium.ElementNotInteractableException: Element <a class="icn-plus" href="/poll_workers/new"> could not be scrolled into view
Build info: version: '3.7.1', revision: '8a0099a', time: '2017-11-06T21:07:36.161Z'
System info: host: 'QAs-MacBook-Pro-2.local', ip: 'fe80:0:0:0:141b:7791:71c:315e%en0', os.name: 'Mac OS X', os.arch: 'x86_64', os.version: '10.13.3', java.version: '1.8.0_181'
Driver info: com.kms.katalon.core.webui.driver.firefox.CGeckoDriver
Capabilities {acceptInsecureCerts: true, browserName: firefox, browserVersion: 66.0.2, javascriptEnabled: true, moz:accessibilityChecks: false, moz:geckodriverVersion: 0.23.0, moz:headless: true, moz:processID: 7641, moz:profile: /var/folders/p5/lldhhw894tb..., moz:shutdownTimeout: 60000, moz:useNonSpecCompliantPointerOrigin: false, moz:webdriverClick: true, pageLoadStrategy: normal, platform: MAC, platformName: MAC, platformVersion: 17.4.0, proxy: Proxy(direct), rotatable: false, setWindowRect: true, strictFileInteractability: false, timeouts: {implicit: 0, pageLoad: 300000, script: 30000}, unhandledPromptBehavior: dismiss and notify}
Session ID: b05f4bf1-ce96-814a-88b3-c1a3eaf6d203)
	at com.kms.katalon.core.keyword.internal.KeywordMain.stepFailed(KeywordMain.groovy:36)
	at com.kms.katalon.core.webui.keyword.internal.WebUIKeywordMain.stepFailed(WebUIKeywordMain.groovy:65)
	at com.kms.katalon.core.webui.keyword.internal.WebUIKeywordMain.runKeyword(WebUIKeywordMain.groovy:27)
	at com.kms.katalon.core.webui.keyword.builtin.ClickKeyword.click(ClickKeyword.groovy:86)
	at com.kms.katalon.core.webui.keyword.builtin.ClickKeyword.execute(ClickKeyword.groovy:67)
	at com.kms.katalon.core.keyword.internal.KeywordExecutor.executeKeywordForPlatform(KeywordExecutor.groovy:53)
	at com.kms.katalon.core.webui.keyword.WebUiBuiltInKeywords.click(WebUiBuiltInKeywords.groovy:616)
	at com.kms.katalon.core.webui.keyword.WebUiBuiltInKeywords$click$3.call(Unknown Source)
	at Poll Workers - Manage - ADD.run(Poll Workers - Manage - ADD:51)
	at com.kms.katalon.core.main.ScriptEngine.run(ScriptEngine.java:194)
	at com.kms.katalon.core.main.ScriptEngine.runScriptAsRawText(ScriptEngine.java:119)
	at com.kms.katalon.core.main.TestCaseExecutor.runScript(TestCaseExecutor.java:328)
	at com.kms.katalon.core.main.TestCaseExecutor.doExecute(TestCaseExecutor.java:319)
	at com.kms.katalon.core.main.TestCaseExecutor.processExecutionPhase(TestCaseExecutor.java:298)
	at com.kms.katalon.core.main.TestCaseExecutor.accessMainPhase(TestCaseExecutor.java:290)
	at com.kms.katalon.core.main.TestCaseExecutor.execute(TestCaseExecutor.java:224)
	at com.kms.katalon.core.main.TestSuiteExecutor.accessTestCaseMainPhase(TestSuiteExecutor.java:129)
	at com.kms.katalon.core.main.TestSuiteExecutor.accessTestSuiteMainPhase(TestSuiteExecutor.java:112)
	at com.kms.katalon.core.main.TestSuiteExecutor.execute(TestSuiteExecutor.java:81)
	at com.kms.katalon.core.main.TestCaseMain.startTestSuite(TestCaseMain.java:149)
	at com.kms.katalon.core.main.TestCaseMain$startTestSuite$0.call(Unknown Source)
	at TempTestSuite1555007549481.run(TempTestSuite1555007549481.groovy:36)]]></system-err>
      </testcase>
      <testcase name="Test Cases/Admin Console/Poll Workers-Election Officials()/Poll Workers - Manage - Import" classname="Test Cases/Admin Console/Poll Workers-Election Officials()/Poll Workers - Manage - Import" status="PASSED">
         <system-out><![CDATA[2019-04-11 13:47:35 - [TEST_CASE][PASSED] - Test Cases/Admin Console/Poll Workers-Election Officials()/Poll Workers - Manage - Import: Test Cases/Admin Console/Poll Workers-Election Officials()/Poll Workers - Manage - Import

2019-04-11 13:47:35 - [TEST_STEP][PASSED] - openBrowser(""): Browser is opened with url: ''

2019-04-11 13:47:35 - [MESSAGE][WARNING] - A browser is already opened. Closing browser and opening a new one

2019-04-11 13:47:35 - [MESSAGE][INFO] - Starting 'Firefox (headless)' driver

2019-04-11 13:47:37 - [MESSAGE][PASSED] - Browser is opened with url: ''

2019-04-11 13:47:37 - [TEST_STEP][PASSED] - navigateToUrl(URL): Navigate to 'https://epulsedev2.com' successfully

2019-04-11 13:47:39 - [MESSAGE][PASSED] - Navigate to 'https://epulsedev2.com' successfully

2019-04-11 13:47:39 - [TEST_STEP][PASSED] - setText(findTestObject("Login/Email Address"), User_email): Text 'alonzo.mack@knowink.com' is set on object 'Object Repository/Login/Email Address'

2019-04-11 13:47:39 - [MESSAGE][PASSED] - Text 'alonzo.mack@knowink.com' is set on object 'Object Repository/Login/Email Address'

2019-04-11 13:47:39 - [TEST_STEP][PASSED] - setEncryptedText(findTestObject("Login/Password"), Pswrd): Text ****** has been set on object 'Object Repository/Login/Password'

2019-04-11 13:47:40 - [MESSAGE][PASSED] - Text ****** has been set on object 'Object Repository/Login/Password'

2019-04-11 13:47:40 - [TEST_STEP][PASSED] - click(findTestObject("Login/Sign In")): Object: 'Object Repository/Login/Sign In' is clicked on

2019-04-11 13:47:41 - [MESSAGE][PASSED] - Object: 'Object Repository/Login/Sign In' is clicked on

2019-04-11 13:47:41 - [TEST_STEP][PASSED] - delay(1): Delayed 1 second(s)

2019-04-11 13:47:42 - [MESSAGE][PASSED] - Delayed 1 second(s)

2019-04-11 13:47:42 - [TEST_STEP][PASSED] - navigateToUrl(Poll_Workers, STOP_ON_FAILURE): Navigate to 'https://am-automation-test.epulsedev2.com/poll_workers' successfully

2019-04-11 13:47:43 - [MESSAGE][PASSED] - Navigate to 'https://am-automation-test.epulsedev2.com/poll_workers' successfully

2019-04-11 13:47:43 - [TEST_STEP][PASSED] - delay(1): Delayed 1 second(s)

2019-04-11 13:47:44 - [MESSAGE][PASSED] - Delayed 1 second(s)

2019-04-11 13:47:44 - [TEST_STEP][PASSED] - click(findTestObject("Admin Console ePulse Menu/Poll Workers/Poll Workers - Manage Page/Import Poll Workers")): Object: 'Object Repository/Admin Console ePulse Menu/Poll Workers/Poll Workers - Manage Page/Import Poll Workers' is clicked on

2019-04-11 13:47:45 - [MESSAGE][PASSED] - Object: 'Object Repository/Admin Console ePulse Menu/Poll Workers/Poll Workers - Manage Page/Import Poll Workers' is clicked on

2019-04-11 13:47:45 - [TEST_STEP][PASSED] - setText(findTestObject("Admin Console ePulse Menu/Account Settings/Prompts/Import Prompts Buttons/Choose File"), "/Users/alonzomack/Downloads/Automation uploads/poll_workers.csv"): Text '/Users/alonzomack/Downloads/Automation uploads/poll_workers.csv' is set on object 'Object Repository/Admin Console ePulse Menu/Account Settings/Prompts/Import Prompts Buttons/Choose File'

2019-04-11 13:47:45 - [MESSAGE][PASSED] - Text '/Users/alonzomack/Downloads/Automation uploads/poll_workers.csv' is set on object 'Object Repository/Admin Console ePulse Menu/Account Settings/Prompts/Import Prompts Buttons/Choose File'

2019-04-11 13:47:45 - [TEST_STEP][PASSED] - click(findTestObject("Admin Console ePulse Menu/Account Settings/Prompts/Import Prompts Buttons/Continue Button")): Object: 'Object Repository/Admin Console ePulse Menu/Account Settings/Prompts/Import Prompts Buttons/Continue Button' is clicked on

2019-04-11 13:47:45 - [MESSAGE][PASSED] - Object: 'Object Repository/Admin Console ePulse Menu/Account Settings/Prompts/Import Prompts Buttons/Continue Button' is clicked on

2019-04-11 13:47:45 - [TEST_STEP][PASSED] - delay(1): Delayed 1 second(s)

2019-04-11 13:47:46 - [MESSAGE][PASSED] - Delayed 1 second(s)

2019-04-11 13:47:46 - [TEST_STEP][PASSED] - click(findTestObject("Admin Console ePulse Menu/Account Settings/Prompts/Import Prompts Buttons/button_Done(working)")): Object: 'Object Repository/Admin Console ePulse Menu/Account Settings/Prompts/Import Prompts Buttons/button_Done(working)' is clicked on

2019-04-11 13:47:51 - [MESSAGE][PASSED] - Object: 'Object Repository/Admin Console ePulse Menu/Account Settings/Prompts/Import Prompts Buttons/button_Done(working)' is clicked on

2019-04-11 13:47:51 - [TEST_STEP][PASSED] - delay(1): Delayed 1 second(s)

2019-04-11 13:47:52 - [MESSAGE][PASSED] - Delayed 1 second(s)

2019-04-11 13:47:52 - [TEST_STEP][PASSED] - closeBrowser(): Browser is closed

2019-04-11 13:47:52 - [MESSAGE][PASSED] - Browser is closed]]></system-out>
         <system-err><![CDATA[]]></system-err>
      </testcase>
      <testcase name="Test Cases/Admin Console/Account Settings/Users()/Account Settings - New User(basic_Rover.Technician)" classname="Test Cases/Admin Console/Account Settings/Users()/Account Settings - New User(basic_Rover.Technician)" status="PASSED">
         <system-out><![CDATA[2019-04-11 13:47:54 - [TEST_CASE][PASSED] - Test Cases/Admin Console/Account Settings/Users()/Account Settings - New User(basic_Rover.Technician): Test Cases/Admin Console/Account Settings/Users()/Account Settings - New User(basic_Rover.Technician)

2019-04-11 13:47:55 - [TEST_STEP][PASSED] - openBrowser(""): Browser is opened with url: ''

2019-04-11 13:47:55 - [MESSAGE][INFO] - Starting 'Firefox (headless)' driver

2019-04-11 13:47:58 - [MESSAGE][PASSED] - Browser is opened with url: ''

2019-04-11 13:47:58 - [TEST_STEP][PASSED] - navigateToUrl(URL): Navigate to 'https://epulsedev2.com' successfully

2019-04-11 13:48:00 - [MESSAGE][PASSED] - Navigate to 'https://epulsedev2.com' successfully

2019-04-11 13:48:00 - [TEST_STEP][PASSED] - setText(findTestObject("Login/Email Address"), User_email): Text 'alonzo.mack@knowink.com' is set on object 'Object Repository/Login/Email Address'

2019-04-11 13:48:00 - [MESSAGE][PASSED] - Text 'alonzo.mack@knowink.com' is set on object 'Object Repository/Login/Email Address'

2019-04-11 13:48:00 - [TEST_STEP][PASSED] - setEncryptedText(findTestObject("Login/Password"), Pswrd): Text ****** has been set on object 'Object Repository/Login/Password'

2019-04-11 13:48:00 - [MESSAGE][PASSED] - Text ****** has been set on object 'Object Repository/Login/Password'

2019-04-11 13:48:00 - [TEST_STEP][PASSED] - click(findTestObject("Login/Sign In")): Object: 'Object Repository/Login/Sign In' is clicked on

2019-04-11 13:48:01 - [MESSAGE][PASSED] - Object: 'Object Repository/Login/Sign In' is clicked on

2019-04-11 13:48:01 - [TEST_STEP][PASSED] - delay(1): Delayed 1 second(s)

2019-04-11 13:48:02 - [MESSAGE][PASSED] - Delayed 1 second(s)

2019-04-11 13:48:02 - [TEST_STEP][PASSED] - navigateToUrl(Users, STOP_ON_FAILURE): Navigate to 'https://am-automation-test.epulsedev2.com/users' successfully

2019-04-11 13:48:03 - [MESSAGE][PASSED] - Navigate to 'https://am-automation-test.epulsedev2.com/users' successfully

2019-04-11 13:48:03 - [TEST_STEP][PASSED] - delay(1): Delayed 1 second(s)

2019-04-11 13:48:04 - [MESSAGE][PASSED] - Delayed 1 second(s)

2019-04-11 13:48:04 - [TEST_STEP][PASSED] - click(findTestObject("Admin Console ePulse Menu/Account Settings/Users/Add User")): Object: 'Object Repository/Admin Console ePulse Menu/Account Settings/Users/Add User' is clicked on

2019-04-11 13:48:05 - [MESSAGE][PASSED] - Object: 'Object Repository/Admin Console ePulse Menu/Account Settings/Users/Add User' is clicked on

2019-04-11 13:48:05 - [TEST_STEP][PASSED] - delay(1): Delayed 1 second(s)

2019-04-11 13:48:06 - [MESSAGE][PASSED] - Delayed 1 second(s)

2019-04-11 13:48:06 - [TEST_STEP][PASSED] - setText(findTestObject("Admin Console ePulse Menu/Account Settings/Add User/input_First name"), "add"): Text 'add' is set on object 'Object Repository/Admin Console ePulse Menu/Account Settings/Add User/input_First name'

2019-04-11 13:48:06 - [MESSAGE][PASSED] - Text 'add' is set on object 'Object Repository/Admin Console ePulse Menu/Account Settings/Add User/input_First name'

2019-04-11 13:48:06 - [TEST_STEP][PASSED] - delay(1): Delayed 1 second(s)

2019-04-11 13:48:07 - [MESSAGE][PASSED] - Delayed 1 second(s)

2019-04-11 13:48:07 - [TEST_STEP][PASSED] - setText(findTestObject("Admin Console ePulse Menu/Account Settings/Add User/input_Last name"), "User"): Text 'User' is set on object 'Object Repository/Admin Console ePulse Menu/Account Settings/Add User/input_Last name'

2019-04-11 13:48:07 - [MESSAGE][PASSED] - Text 'User' is set on object 'Object Repository/Admin Console ePulse Menu/Account Settings/Add User/input_Last name'

2019-04-11 13:48:07 - [TEST_STEP][PASSED] - delay(1): Delayed 1 second(s)

2019-04-11 13:48:08 - [MESSAGE][PASSED] - Delayed 1 second(s)

2019-04-11 13:48:08 - [TEST_STEP][PASSED] - setText(findTestObject("Admin Console ePulse Menu/Account Settings/Add User/input_Phone"), "3137777777"): Text '3137777777' is set on object 'Object Repository/Admin Console ePulse Menu/Account Settings/Add User/input_Phone'

2019-04-11 13:48:08 - [MESSAGE][PASSED] - Text '3137777777' is set on object 'Object Repository/Admin Console ePulse Menu/Account Settings/Add User/input_Phone'

2019-04-11 13:48:08 - [TEST_STEP][PASSED] - delay(1): Delayed 1 second(s)

2019-04-11 13:48:09 - [MESSAGE][PASSED] - Delayed 1 second(s)

2019-04-11 13:48:09 - [TEST_STEP][PASSED] - setText(findTestObject("Admin Console ePulse Menu/Account Settings/Add User/input_E-mail"), "addnew2-user@knowink.com"): Text 'addnew2-user@knowink.com' is set on object 'Object Repository/Admin Console ePulse Menu/Account Settings/Add User/input_E-mail'

2019-04-11 13:48:10 - [MESSAGE][PASSED] - Text 'addnew2-user@knowink.com' is set on object 'Object Repository/Admin Console ePulse Menu/Account Settings/Add User/input_E-mail'

2019-04-11 13:48:10 - [TEST_STEP][PASSED] - delay(1): Delayed 1 second(s)

2019-04-11 13:48:11 - [MESSAGE][PASSED] - Delayed 1 second(s)

2019-04-11 13:48:11 - [TEST_STEP][PASSED] - delay(1): Delayed 1 second(s)

2019-04-11 13:48:12 - [MESSAGE][PASSED] - Delayed 1 second(s)

2019-04-11 13:48:12 - [TEST_STEP][PASSED] - selectOptionByValue(findTestObject("Admin Console ePulse Menu/Account Settings/Add User/Select Epulse User"), "1", true): All options with value '1' are selected in object 'Object Repository/Admin Console ePulse Menu/Account Settings/Add User/Select Epulse User'  using regular expression

2019-04-11 13:48:12 - [MESSAGE][PASSED] - All options with value '1' are selected in object 'Object Repository/Admin Console ePulse Menu/Account Settings/Add User/Select Epulse User'  using regular expression

2019-04-11 13:48:12 - [TEST_STEP][PASSED] - delay(1): Delayed 1 second(s)

2019-04-11 13:48:13 - [MESSAGE][PASSED] - Delayed 1 second(s)

2019-04-11 13:48:13 - [TEST_STEP][NOT_RUN] - selectOptionByValue(findTestObject("Admin Console ePulse Menu/Account Settings/Add User/Select Notify by"), "2", true): NOT_RUN: selectOptionByValue(findTestObject("Admin Console ePulse Menu/Account Settings/Add User/Select Notify by"), "2", true)

2019-04-11 13:48:13 - [MESSAGE][NOT_RUN] - NOT_RUN: selectOptionByValue(findTestObject("Admin Console ePulse Menu/Account Settings/Add User/Select Notify by"), "2", true)

2019-04-11 13:48:13 - [TEST_STEP][NOT_RUN] - delay(1): NOT_RUN: delay(1)

2019-04-11 13:48:13 - [MESSAGE][NOT_RUN] - NOT_RUN: delay(1)

2019-04-11 13:48:13 - [TEST_STEP][NOT_RUN] - selectOptionByValue(findTestObject("Admin Console ePulse Menu/Account Settings/Add User/Select User Rights"), "basic", true): NOT_RUN: selectOptionByValue(findTestObject("Admin Console ePulse Menu/Account Settings/Add User/Select User Rights"), "basic", true)

2019-04-11 13:48:13 - [MESSAGE][NOT_RUN] - NOT_RUN: selectOptionByValue(findTestObject("Admin Console ePulse Menu/Account Settings/Add User/Select User Rights"), "basic", true)

2019-04-11 13:48:13 - [TEST_STEP][NOT_RUN] - delay(1): NOT_RUN: delay(1)

2019-04-11 13:48:13 - [MESSAGE][NOT_RUN] - NOT_RUN: delay(1)

2019-04-11 13:48:13 - [TEST_STEP][PASSED] - click(findTestObject("Common ePulse Objects/Submit Button")): Object: 'Object Repository/Common ePulse Objects/Submit Button' is clicked on

2019-04-11 13:48:14 - [MESSAGE][PASSED] - Object: 'Object Repository/Common ePulse Objects/Submit Button' is clicked on

2019-04-11 13:48:14 - [TEST_STEP][PASSED] - closeBrowser(): Browser is closed

2019-04-11 13:48:15 - [MESSAGE][PASSED] - Browser is closed]]></system-out>
         <system-err><![CDATA[]]></system-err>
      </testcase>
      <testcase name="Test Cases/Admin Console/Account Settings/Users()/Account Settings - New User(manager_standard)" classname="Test Cases/Admin Console/Account Settings/Users()/Account Settings - New User(manager_standard)" status="PASSED">
         <system-out><![CDATA[2019-04-11 13:48:17 - [TEST_CASE][PASSED] - Test Cases/Admin Console/Account Settings/Users()/Account Settings - New User(manager_standard): Test Cases/Admin Console/Account Settings/Users()/Account Settings - New User(manager_standard)

2019-04-11 13:48:18 - [TEST_STEP][PASSED] - openBrowser(""): Browser is opened with url: ''

2019-04-11 13:48:18 - [MESSAGE][INFO] - Starting 'Firefox (headless)' driver

2019-04-11 13:48:20 - [MESSAGE][PASSED] - Browser is opened with url: ''

2019-04-11 13:48:20 - [TEST_STEP][PASSED] - navigateToUrl(URL): Navigate to 'https://epulsedev2.com' successfully

2019-04-11 13:48:22 - [MESSAGE][PASSED] - Navigate to 'https://epulsedev2.com' successfully

2019-04-11 13:48:22 - [TEST_STEP][PASSED] - setText(findTestObject("Login/Email Address"), User_email): Text 'alonzo.mack@knowink.com' is set on object 'Object Repository/Login/Email Address'

2019-04-11 13:48:22 - [MESSAGE][PASSED] - Text 'alonzo.mack@knowink.com' is set on object 'Object Repository/Login/Email Address'

2019-04-11 13:48:22 - [TEST_STEP][PASSED] - setEncryptedText(findTestObject("Login/Password"), Pswrd): Text ****** has been set on object 'Object Repository/Login/Password'

2019-04-11 13:48:22 - [MESSAGE][PASSED] - Text ****** has been set on object 'Object Repository/Login/Password'

2019-04-11 13:48:22 - [TEST_STEP][PASSED] - click(findTestObject("Login/Sign In")): Object: 'Object Repository/Login/Sign In' is clicked on

2019-04-11 13:48:23 - [MESSAGE][PASSED] - Object: 'Object Repository/Login/Sign In' is clicked on

2019-04-11 13:48:23 - [TEST_STEP][PASSED] - delay(1): Delayed 1 second(s)

2019-04-11 13:48:24 - [MESSAGE][PASSED] - Delayed 1 second(s)

2019-04-11 13:48:24 - [TEST_STEP][PASSED] - navigateToUrl(Users, STOP_ON_FAILURE): Navigate to 'https://am-automation-test.epulsedev2.com/users' successfully

2019-04-11 13:48:25 - [MESSAGE][PASSED] - Navigate to 'https://am-automation-test.epulsedev2.com/users' successfully

2019-04-11 13:48:25 - [TEST_STEP][PASSED] - delay(1): Delayed 1 second(s)

2019-04-11 13:48:26 - [MESSAGE][PASSED] - Delayed 1 second(s)

2019-04-11 13:48:26 - [TEST_STEP][PASSED] - click(findTestObject("Admin Console ePulse Menu/Account Settings/Users/Add User")): Object: 'Object Repository/Admin Console ePulse Menu/Account Settings/Users/Add User' is clicked on

2019-04-11 13:48:27 - [MESSAGE][PASSED] - Object: 'Object Repository/Admin Console ePulse Menu/Account Settings/Users/Add User' is clicked on

2019-04-11 13:48:27 - [TEST_STEP][PASSED] - delay(1): Delayed 1 second(s)

2019-04-11 13:48:28 - [MESSAGE][PASSED] - Delayed 1 second(s)

2019-04-11 13:48:28 - [TEST_STEP][PASSED] - setText(findTestObject("Admin Console ePulse Menu/Account Settings/Add User/input_First name"), "add"): Text 'add' is set on object 'Object Repository/Admin Console ePulse Menu/Account Settings/Add User/input_First name'

2019-04-11 13:48:28 - [MESSAGE][PASSED] - Text 'add' is set on object 'Object Repository/Admin Console ePulse Menu/Account Settings/Add User/input_First name'

2019-04-11 13:48:28 - [TEST_STEP][PASSED] - delay(1): Delayed 1 second(s)

2019-04-11 13:48:29 - [MESSAGE][PASSED] - Delayed 1 second(s)

2019-04-11 13:48:29 - [TEST_STEP][PASSED] - setText(findTestObject("Admin Console ePulse Menu/Account Settings/Add User/input_Last name"), "User"): Text 'User' is set on object 'Object Repository/Admin Console ePulse Menu/Account Settings/Add User/input_Last name'

2019-04-11 13:48:29 - [MESSAGE][PASSED] - Text 'User' is set on object 'Object Repository/Admin Console ePulse Menu/Account Settings/Add User/input_Last name'

2019-04-11 13:48:29 - [TEST_STEP][PASSED] - delay(1): Delayed 1 second(s)

2019-04-11 13:48:30 - [MESSAGE][PASSED] - Delayed 1 second(s)

2019-04-11 13:48:30 - [TEST_STEP][PASSED] - setText(findTestObject("Admin Console ePulse Menu/Account Settings/Add User/input_Phone"), "3137777777"): Text '3137777777' is set on object 'Object Repository/Admin Console ePulse Menu/Account Settings/Add User/input_Phone'

2019-04-11 13:48:30 - [MESSAGE][PASSED] - Text '3137777777' is set on object 'Object Repository/Admin Console ePulse Menu/Account Settings/Add User/input_Phone'

2019-04-11 13:48:30 - [TEST_STEP][PASSED] - delay(1): Delayed 1 second(s)

2019-04-11 13:48:31 - [MESSAGE][PASSED] - Delayed 1 second(s)

2019-04-11 13:48:31 - [TEST_STEP][PASSED] - setText(findTestObject("Admin Console ePulse Menu/Account Settings/Add User/input_E-mail"), "addnew5-user@knowink.com"): Text 'addnew5-user@knowink.com' is set on object 'Object Repository/Admin Console ePulse Menu/Account Settings/Add User/input_E-mail'

2019-04-11 13:48:31 - [MESSAGE][PASSED] - Text 'addnew5-user@knowink.com' is set on object 'Object Repository/Admin Console ePulse Menu/Account Settings/Add User/input_E-mail'

2019-04-11 13:48:31 - [TEST_STEP][PASSED] - delay(1): Delayed 1 second(s)

2019-04-11 13:48:32 - [MESSAGE][PASSED] - Delayed 1 second(s)

2019-04-11 13:48:32 - [TEST_STEP][PASSED] - selectOptionByValue(findTestObject("Admin Console ePulse Menu/Account Settings/Add User/Select Notify by"), "2", true): All options with value '2' are selected in object 'Object Repository/Admin Console ePulse Menu/Account Settings/Add User/Select Notify by'  using regular expression

2019-04-11 13:48:33 - [MESSAGE][PASSED] - All options with value '2' are selected in object 'Object Repository/Admin Console ePulse Menu/Account Settings/Add User/Select Notify by'  using regular expression

2019-04-11 13:48:33 - [TEST_STEP][PASSED] - delay(1): Delayed 1 second(s)

2019-04-11 13:48:34 - [MESSAGE][PASSED] - Delayed 1 second(s)

2019-04-11 13:48:34 - [TEST_STEP][PASSED] - selectOptionByValue(findTestObject("Admin Console ePulse Menu/Account Settings/Add User/Select User Rights"), "manager", true): All options with value 'manager' are selected in object 'Object Repository/Admin Console ePulse Menu/Account Settings/Add User/Select User Rights'  using regular expression

2019-04-11 13:48:34 - [MESSAGE][PASSED] - All options with value 'manager' are selected in object 'Object Repository/Admin Console ePulse Menu/Account Settings/Add User/Select User Rights'  using regular expression

2019-04-11 13:48:34 - [TEST_STEP][PASSED] - delay(1): Delayed 1 second(s)

2019-04-11 13:48:35 - [MESSAGE][PASSED] - Delayed 1 second(s)

2019-04-11 13:48:35 - [TEST_STEP][PASSED] - click(findTestObject("Common ePulse Objects/Submit Button")): Object: 'Object Repository/Common ePulse Objects/Submit Button' is clicked on

2019-04-11 13:48:37 - [MESSAGE][PASSED] - Object: 'Object Repository/Common ePulse Objects/Submit Button' is clicked on

2019-04-11 13:48:37 - [TEST_STEP][NOT_RUN] - closeBrowser(): NOT_RUN: closeBrowser()

2019-04-11 13:48:37 - [MESSAGE][NOT_RUN] - NOT_RUN: closeBrowser()]]></system-out>
         <system-err><![CDATA[]]></system-err>
      </testcase>
      <testcase name="Test Cases/Admin Console/Account Settings/Users()/Account Settings - New User(election_day_Isync)" classname="Test Cases/Admin Console/Account Settings/Users()/Account Settings - New User(election_day_Isync)" status="PASSED">
         <system-out><![CDATA[2019-04-11 13:48:39 - [TEST_CASE][PASSED] - Test Cases/Admin Console/Account Settings/Users()/Account Settings - New User(election_day_Isync): Test Cases/Admin Console/Account Settings/Users()/Account Settings - New User(election_day_Isync)

2019-04-11 13:48:39 - [TEST_STEP][PASSED] - openBrowser(""): Browser is opened with url: ''

2019-04-11 13:48:39 - [MESSAGE][WARNING] - A browser is already opened. Closing browser and opening a new one

2019-04-11 13:48:40 - [MESSAGE][INFO] - Starting 'Firefox (headless)' driver

2019-04-11 13:48:42 - [MESSAGE][PASSED] - Browser is opened with url: ''

2019-04-11 13:48:42 - [TEST_STEP][PASSED] - navigateToUrl(URL): Navigate to 'https://epulsedev2.com' successfully

2019-04-11 13:48:44 - [MESSAGE][PASSED] - Navigate to 'https://epulsedev2.com' successfully

2019-04-11 13:48:44 - [TEST_STEP][PASSED] - setText(findTestObject("Login/Email Address"), User_email): Text 'alonzo.mack@knowink.com' is set on object 'Object Repository/Login/Email Address'

2019-04-11 13:48:44 - [MESSAGE][PASSED] - Text 'alonzo.mack@knowink.com' is set on object 'Object Repository/Login/Email Address'

2019-04-11 13:48:44 - [TEST_STEP][PASSED] - setEncryptedText(findTestObject("Login/Password"), Pswrd): Text ****** has been set on object 'Object Repository/Login/Password'

2019-04-11 13:48:44 - [MESSAGE][PASSED] - Text ****** has been set on object 'Object Repository/Login/Password'

2019-04-11 13:48:44 - [TEST_STEP][PASSED] - click(findTestObject("Login/Sign In")): Object: 'Object Repository/Login/Sign In' is clicked on

2019-04-11 13:48:45 - [MESSAGE][PASSED] - Object: 'Object Repository/Login/Sign In' is clicked on

2019-04-11 13:48:45 - [TEST_STEP][PASSED] - delay(1): Delayed 1 second(s)

2019-04-11 13:48:46 - [MESSAGE][PASSED] - Delayed 1 second(s)

2019-04-11 13:48:46 - [TEST_STEP][PASSED] - navigateToUrl(Users, STOP_ON_FAILURE): Navigate to 'https://am-automation-test.epulsedev2.com/users' successfully

2019-04-11 13:48:47 - [MESSAGE][PASSED] - Navigate to 'https://am-automation-test.epulsedev2.com/users' successfully

2019-04-11 13:48:47 - [TEST_STEP][PASSED] - delay(1): Delayed 1 second(s)

2019-04-11 13:48:48 - [MESSAGE][PASSED] - Delayed 1 second(s)

2019-04-11 13:48:48 - [TEST_STEP][PASSED] - click(findTestObject("Admin Console ePulse Menu/Account Settings/Users/Add User")): Object: 'Object Repository/Admin Console ePulse Menu/Account Settings/Users/Add User' is clicked on

2019-04-11 13:48:49 - [MESSAGE][PASSED] - Object: 'Object Repository/Admin Console ePulse Menu/Account Settings/Users/Add User' is clicked on

2019-04-11 13:48:49 - [TEST_STEP][PASSED] - delay(1): Delayed 1 second(s)

2019-04-11 13:48:50 - [MESSAGE][PASSED] - Delayed 1 second(s)

2019-04-11 13:48:50 - [TEST_STEP][PASSED] - setText(findTestObject("Admin Console ePulse Menu/Account Settings/Add User/input_First name"), "add"): Text 'add' is set on object 'Object Repository/Admin Console ePulse Menu/Account Settings/Add User/input_First name'

2019-04-11 13:48:50 - [MESSAGE][PASSED] - Text 'add' is set on object 'Object Repository/Admin Console ePulse Menu/Account Settings/Add User/input_First name'

2019-04-11 13:48:50 - [TEST_STEP][PASSED] - delay(1): Delayed 1 second(s)

2019-04-11 13:48:51 - [MESSAGE][PASSED] - Delayed 1 second(s)

2019-04-11 13:48:51 - [TEST_STEP][PASSED] - setText(findTestObject("Admin Console ePulse Menu/Account Settings/Add User/input_Last name"), "User"): Text 'User' is set on object 'Object Repository/Admin Console ePulse Menu/Account Settings/Add User/input_Last name'

2019-04-11 13:48:51 - [MESSAGE][PASSED] - Text 'User' is set on object 'Object Repository/Admin Console ePulse Menu/Account Settings/Add User/input_Last name'

2019-04-11 13:48:51 - [TEST_STEP][PASSED] - delay(1): Delayed 1 second(s)

2019-04-11 13:48:52 - [MESSAGE][PASSED] - Delayed 1 second(s)

2019-04-11 13:48:52 - [TEST_STEP][PASSED] - setText(findTestObject("Admin Console ePulse Menu/Account Settings/Add User/input_Phone"), "3137777777"): Text '3137777777' is set on object 'Object Repository/Admin Console ePulse Menu/Account Settings/Add User/input_Phone'

2019-04-11 13:48:52 - [MESSAGE][PASSED] - Text '3137777777' is set on object 'Object Repository/Admin Console ePulse Menu/Account Settings/Add User/input_Phone'

2019-04-11 13:48:52 - [TEST_STEP][PASSED] - delay(1): Delayed 1 second(s)

2019-04-11 13:48:53 - [MESSAGE][PASSED] - Delayed 1 second(s)

2019-04-11 13:48:53 - [TEST_STEP][PASSED] - setText(findTestObject("Admin Console ePulse Menu/Account Settings/Add User/input_E-mail"), "addnew4-user@knowink.com"): Text 'addnew4-user@knowink.com' is set on object 'Object Repository/Admin Console ePulse Menu/Account Settings/Add User/input_E-mail'

2019-04-11 13:48:53 - [MESSAGE][PASSED] - Text 'addnew4-user@knowink.com' is set on object 'Object Repository/Admin Console ePulse Menu/Account Settings/Add User/input_E-mail'

2019-04-11 13:48:53 - [TEST_STEP][PASSED] - delay(1): Delayed 1 second(s)

2019-04-11 13:48:54 - [MESSAGE][PASSED] - Delayed 1 second(s)

2019-04-11 13:48:54 - [TEST_STEP][PASSED] - selectOptionByValue(findTestObject("Admin Console ePulse Menu/Account Settings/Add User/Select Epulse User"), "3", true): All options with value '3' are selected in object 'Object Repository/Admin Console ePulse Menu/Account Settings/Add User/Select Epulse User'  using regular expression

2019-04-11 13:48:55 - [MESSAGE][PASSED] - All options with value '3' are selected in object 'Object Repository/Admin Console ePulse Menu/Account Settings/Add User/Select Epulse User'  using regular expression

2019-04-11 13:48:55 - [TEST_STEP][PASSED] - delay(1): Delayed 1 second(s)

2019-04-11 13:48:56 - [MESSAGE][PASSED] - Delayed 1 second(s)

2019-04-11 13:48:56 - [TEST_STEP][NOT_RUN] - selectOptionByValue(findTestObject("Admin Console ePulse Menu/Account Settings/Add User/Select Notify by"), "2", true): NOT_RUN: selectOptionByValue(findTestObject("Admin Console ePulse Menu/Account Settings/Add User/Select Notify by"), "2", true)

2019-04-11 13:48:56 - [MESSAGE][NOT_RUN] - NOT_RUN: selectOptionByValue(findTestObject("Admin Console ePulse Menu/Account Settings/Add User/Select Notify by"), "2", true)

2019-04-11 13:48:56 - [TEST_STEP][NOT_RUN] - delay(1): NOT_RUN: delay(1)

2019-04-11 13:48:56 - [MESSAGE][NOT_RUN] - NOT_RUN: delay(1)

2019-04-11 13:48:56 - [TEST_STEP][NOT_RUN] - selectOptionByValue(findTestObject("Admin Console ePulse Menu/Account Settings/Add User/Select User Rights"), "election_day", true): NOT_RUN: selectOptionByValue(findTestObject("Admin Console ePulse Menu/Account Settings/Add User/Select User Rights"), "election_day", true)

2019-04-11 13:48:56 - [MESSAGE][NOT_RUN] - NOT_RUN: selectOptionByValue(findTestObject("Admin Console ePulse Menu/Account Settings/Add User/Select User Rights"), "election_day", true)

2019-04-11 13:48:56 - [TEST_STEP][NOT_RUN] - delay(1): NOT_RUN: delay(1)

2019-04-11 13:48:56 - [MESSAGE][NOT_RUN] - NOT_RUN: delay(1)

2019-04-11 13:48:56 - [TEST_STEP][PASSED] - click(findTestObject("Common ePulse Objects/Submit Button")): Object: 'Object Repository/Common ePulse Objects/Submit Button' is clicked on

2019-04-11 13:48:58 - [MESSAGE][PASSED] - Object: 'Object Repository/Common ePulse Objects/Submit Button' is clicked on

2019-04-11 13:48:58 - [TEST_STEP][PASSED] - closeBrowser(): Browser is closed

2019-04-11 13:48:58 - [MESSAGE][PASSED] - Browser is closed]]></system-out>
         <system-err><![CDATA[]]></system-err>
      </testcase>
      <testcase name="Test Cases/Admin Console/Account Settings/Users()/Account Settings - New User(admin_Standard)" classname="Test Cases/Admin Console/Account Settings/Users()/Account Settings - New User(admin_Standard)" status="PASSED">
         <system-out><![CDATA[2019-04-11 13:49:00 - [TEST_CASE][PASSED] - Test Cases/Admin Console/Account Settings/Users()/Account Settings - New User(admin_Standard): Test Cases/Admin Console/Account Settings/Users()/Account Settings - New User(admin_Standard)

2019-04-11 13:49:01 - [TEST_STEP][PASSED] - openBrowser(""): Browser is opened with url: ''

2019-04-11 13:49:01 - [MESSAGE][INFO] - Starting 'Firefox (headless)' driver

2019-04-11 13:49:04 - [MESSAGE][PASSED] - Browser is opened with url: ''

2019-04-11 13:49:04 - [TEST_STEP][PASSED] - navigateToUrl(URL): Navigate to 'https://epulsedev2.com' successfully

2019-04-11 13:49:11 - [MESSAGE][PASSED] - Navigate to 'https://epulsedev2.com' successfully

2019-04-11 13:49:11 - [TEST_STEP][PASSED] - setText(findTestObject("Login/Email Address"), User_email): Text 'alonzo.mack@knowink.com' is set on object 'Object Repository/Login/Email Address'

2019-04-11 13:49:11 - [MESSAGE][PASSED] - Text 'alonzo.mack@knowink.com' is set on object 'Object Repository/Login/Email Address'

2019-04-11 13:49:11 - [TEST_STEP][PASSED] - setEncryptedText(findTestObject("Login/Password"), Pswrd): Text ****** has been set on object 'Object Repository/Login/Password'

2019-04-11 13:49:11 - [MESSAGE][PASSED] - Text ****** has been set on object 'Object Repository/Login/Password'

2019-04-11 13:49:11 - [TEST_STEP][PASSED] - click(findTestObject("Login/Sign In")): Object: 'Object Repository/Login/Sign In' is clicked on

2019-04-11 13:49:14 - [MESSAGE][PASSED] - Object: 'Object Repository/Login/Sign In' is clicked on

2019-04-11 13:49:14 - [TEST_STEP][PASSED] - delay(1): Delayed 1 second(s)

2019-04-11 13:49:15 - [MESSAGE][PASSED] - Delayed 1 second(s)

2019-04-11 13:49:15 - [TEST_STEP][PASSED] - navigateToUrl(Users, STOP_ON_FAILURE): Navigate to 'https://am-automation-test.epulsedev2.com/users' successfully

2019-04-11 13:49:17 - [MESSAGE][PASSED] - Navigate to 'https://am-automation-test.epulsedev2.com/users' successfully

2019-04-11 13:49:17 - [TEST_STEP][PASSED] - delay(1): Delayed 1 second(s)

2019-04-11 13:49:18 - [MESSAGE][PASSED] - Delayed 1 second(s)

2019-04-11 13:49:18 - [TEST_STEP][PASSED] - click(findTestObject("Admin Console ePulse Menu/Account Settings/Users/Add User")): Object: 'Object Repository/Admin Console ePulse Menu/Account Settings/Users/Add User' is clicked on

2019-04-11 13:49:19 - [MESSAGE][PASSED] - Object: 'Object Repository/Admin Console ePulse Menu/Account Settings/Users/Add User' is clicked on

2019-04-11 13:49:19 - [TEST_STEP][PASSED] - delay(1): Delayed 1 second(s)

2019-04-11 13:49:20 - [MESSAGE][PASSED] - Delayed 1 second(s)

2019-04-11 13:49:20 - [TEST_STEP][PASSED] - setText(findTestObject("Admin Console ePulse Menu/Account Settings/Add User/input_First name"), "add"): Text 'add' is set on object 'Object Repository/Admin Console ePulse Menu/Account Settings/Add User/input_First name'

2019-04-11 13:49:20 - [MESSAGE][PASSED] - Text 'add' is set on object 'Object Repository/Admin Console ePulse Menu/Account Settings/Add User/input_First name'

2019-04-11 13:49:20 - [TEST_STEP][PASSED] - delay(1): Delayed 1 second(s)

2019-04-11 13:49:21 - [MESSAGE][PASSED] - Delayed 1 second(s)

2019-04-11 13:49:21 - [TEST_STEP][PASSED] - setText(findTestObject("Admin Console ePulse Menu/Account Settings/Add User/input_Last name"), "User"): Text 'User' is set on object 'Object Repository/Admin Console ePulse Menu/Account Settings/Add User/input_Last name'

2019-04-11 13:49:22 - [MESSAGE][PASSED] - Text 'User' is set on object 'Object Repository/Admin Console ePulse Menu/Account Settings/Add User/input_Last name'

2019-04-11 13:49:22 - [TEST_STEP][PASSED] - delay(1): Delayed 1 second(s)

2019-04-11 13:49:23 - [MESSAGE][PASSED] - Delayed 1 second(s)

2019-04-11 13:49:23 - [TEST_STEP][PASSED] - setText(findTestObject("Admin Console ePulse Menu/Account Settings/Add User/input_Phone"), "3137777777"): Text '3137777777' is set on object 'Object Repository/Admin Console ePulse Menu/Account Settings/Add User/input_Phone'

2019-04-11 13:49:23 - [MESSAGE][PASSED] - Text '3137777777' is set on object 'Object Repository/Admin Console ePulse Menu/Account Settings/Add User/input_Phone'

2019-04-11 13:49:23 - [TEST_STEP][PASSED] - delay(1): Delayed 1 second(s)

2019-04-11 13:49:24 - [MESSAGE][PASSED] - Delayed 1 second(s)

2019-04-11 13:49:24 - [TEST_STEP][PASSED] - setText(findTestObject("Admin Console ePulse Menu/Account Settings/Add User/input_E-mail"), "addnew-user@knowink.com"): Text 'addnew-user@knowink.com' is set on object 'Object Repository/Admin Console ePulse Menu/Account Settings/Add User/input_E-mail'

2019-04-11 13:49:24 - [MESSAGE][PASSED] - Text 'addnew-user@knowink.com' is set on object 'Object Repository/Admin Console ePulse Menu/Account Settings/Add User/input_E-mail'

2019-04-11 13:49:24 - [TEST_STEP][PASSED] - delay(1): Delayed 1 second(s)

2019-04-11 13:49:25 - [MESSAGE][PASSED] - Delayed 1 second(s)

2019-04-11 13:49:25 - [TEST_STEP][PASSED] - selectOptionByValue(findTestObject("Admin Console ePulse Menu/Account Settings/Add User/Select Epulse User"), "0", true): All options with value '0' are selected in object 'Object Repository/Admin Console ePulse Menu/Account Settings/Add User/Select Epulse User'  using regular expression

2019-04-11 13:49:25 - [MESSAGE][PASSED] - All options with value '0' are selected in object 'Object Repository/Admin Console ePulse Menu/Account Settings/Add User/Select Epulse User'  using regular expression

2019-04-11 13:49:25 - [TEST_STEP][PASSED] - delay(1): Delayed 1 second(s)

2019-04-11 13:49:26 - [MESSAGE][PASSED] - Delayed 1 second(s)

2019-04-11 13:49:26 - [TEST_STEP][PASSED] - selectOptionByValue(findTestObject("Admin Console ePulse Menu/Account Settings/Add User/Select Notify by"), "2", true): All options with value '2' are selected in object 'Object Repository/Admin Console ePulse Menu/Account Settings/Add User/Select Notify by'  using regular expression

2019-04-11 13:49:26 - [MESSAGE][PASSED] - All options with value '2' are selected in object 'Object Repository/Admin Console ePulse Menu/Account Settings/Add User/Select Notify by'  using regular expression

2019-04-11 13:49:26 - [TEST_STEP][PASSED] - delay(1): Delayed 1 second(s)

2019-04-11 13:49:27 - [MESSAGE][PASSED] - Delayed 1 second(s)

2019-04-11 13:49:27 - [TEST_STEP][PASSED] - selectOptionByValue(findTestObject("Admin Console ePulse Menu/Account Settings/Add User/Select User Rights"), "admin", true): All options with value 'admin' are selected in object 'Object Repository/Admin Console ePulse Menu/Account Settings/Add User/Select User Rights'  using regular expression

2019-04-11 13:49:28 - [MESSAGE][PASSED] - All options with value 'admin' are selected in object 'Object Repository/Admin Console ePulse Menu/Account Settings/Add User/Select User Rights'  using regular expression

2019-04-11 13:49:28 - [TEST_STEP][PASSED] - delay(1): Delayed 1 second(s)

2019-04-11 13:49:29 - [MESSAGE][PASSED] - Delayed 1 second(s)

2019-04-11 13:49:29 - [TEST_STEP][PASSED] - click(findTestObject("Common ePulse Objects/Submit Button")): Object: 'Object Repository/Common ePulse Objects/Submit Button' is clicked on

2019-04-11 13:49:31 - [MESSAGE][PASSED] - Object: 'Object Repository/Common ePulse Objects/Submit Button' is clicked on

2019-04-11 13:49:31 - [TEST_STEP][NOT_RUN] - closeBrowser(): NOT_RUN: closeBrowser()

2019-04-11 13:49:31 - [MESSAGE][NOT_RUN] - NOT_RUN: closeBrowser()]]></system-out>
         <system-err><![CDATA[]]></system-err>
      </testcase>
      <testcase name="Test Cases/Admin Console/Account Settings/Users()/Account Settings - New User(coordinator_Call.Center)" classname="Test Cases/Admin Console/Account Settings/Users()/Account Settings - New User(coordinator_Call.Center)" status="PASSED">
         <system-out><![CDATA[2019-04-11 13:49:33 - [TEST_CASE][PASSED] - Test Cases/Admin Console/Account Settings/Users()/Account Settings - New User(coordinator_Call.Center): Test Cases/Admin Console/Account Settings/Users()/Account Settings - New User(coordinator_Call.Center)

2019-04-11 13:49:34 - [TEST_STEP][PASSED] - openBrowser(""): Browser is opened with url: ''

2019-04-11 13:49:34 - [MESSAGE][WARNING] - A browser is already opened. Closing browser and opening a new one

2019-04-11 13:49:34 - [MESSAGE][INFO] - Starting 'Firefox (headless)' driver

2019-04-11 13:49:37 - [MESSAGE][PASSED] - Browser is opened with url: ''

2019-04-11 13:49:37 - [TEST_STEP][PASSED] - navigateToUrl(URL): Navigate to 'https://epulsedev2.com' successfully

2019-04-11 13:49:42 - [MESSAGE][PASSED] - Navigate to 'https://epulsedev2.com' successfully

2019-04-11 13:49:42 - [TEST_STEP][PASSED] - setText(findTestObject("Login/Email Address"), User_email): Text 'alonzo.mack@knowink.com' is set on object 'Object Repository/Login/Email Address'

2019-04-11 13:49:42 - [MESSAGE][PASSED] - Text 'alonzo.mack@knowink.com' is set on object 'Object Repository/Login/Email Address'

2019-04-11 13:49:42 - [TEST_STEP][PASSED] - setEncryptedText(findTestObject("Login/Password"), Pswrd): Text ****** has been set on object 'Object Repository/Login/Password'

2019-04-11 13:49:42 - [MESSAGE][PASSED] - Text ****** has been set on object 'Object Repository/Login/Password'

2019-04-11 13:49:42 - [TEST_STEP][PASSED] - click(findTestObject("Login/Sign In")): Object: 'Object Repository/Login/Sign In' is clicked on

2019-04-11 13:49:45 - [MESSAGE][PASSED] - Object: 'Object Repository/Login/Sign In' is clicked on

2019-04-11 13:49:45 - [TEST_STEP][PASSED] - delay(1): Delayed 1 second(s)

2019-04-11 13:49:46 - [MESSAGE][PASSED] - Delayed 1 second(s)

2019-04-11 13:49:46 - [TEST_STEP][PASSED] - navigateToUrl(Users, STOP_ON_FAILURE): Navigate to 'https://am-automation-test.epulsedev2.com/users' successfully

2019-04-11 13:49:50 - [MESSAGE][PASSED] - Navigate to 'https://am-automation-test.epulsedev2.com/users' successfully

2019-04-11 13:49:50 - [TEST_STEP][PASSED] - delay(1): Delayed 1 second(s)

2019-04-11 13:49:51 - [MESSAGE][PASSED] - Delayed 1 second(s)

2019-04-11 13:49:51 - [TEST_STEP][PASSED] - click(findTestObject("Admin Console ePulse Menu/Account Settings/Users/Add User")): Object: 'Object Repository/Admin Console ePulse Menu/Account Settings/Users/Add User' is clicked on

2019-04-11 13:49:52 - [MESSAGE][PASSED] - Object: 'Object Repository/Admin Console ePulse Menu/Account Settings/Users/Add User' is clicked on

2019-04-11 13:49:52 - [TEST_STEP][PASSED] - delay(1): Delayed 1 second(s)

2019-04-11 13:49:53 - [MESSAGE][PASSED] - Delayed 1 second(s)

2019-04-11 13:49:53 - [TEST_STEP][PASSED] - setText(findTestObject("Admin Console ePulse Menu/Account Settings/Add User/input_First name"), "add"): Text 'add' is set on object 'Object Repository/Admin Console ePulse Menu/Account Settings/Add User/input_First name'

2019-04-11 13:49:54 - [MESSAGE][PASSED] - Text 'add' is set on object 'Object Repository/Admin Console ePulse Menu/Account Settings/Add User/input_First name'

2019-04-11 13:49:54 - [TEST_STEP][PASSED] - delay(1): Delayed 1 second(s)

2019-04-11 13:49:55 - [MESSAGE][PASSED] - Delayed 1 second(s)

2019-04-11 13:49:55 - [TEST_STEP][PASSED] - setText(findTestObject("Admin Console ePulse Menu/Account Settings/Add User/input_Last name"), "User"): Text 'User' is set on object 'Object Repository/Admin Console ePulse Menu/Account Settings/Add User/input_Last name'

2019-04-11 13:49:55 - [MESSAGE][PASSED] - Text 'User' is set on object 'Object Repository/Admin Console ePulse Menu/Account Settings/Add User/input_Last name'

2019-04-11 13:49:55 - [TEST_STEP][PASSED] - delay(1): Delayed 1 second(s)

2019-04-11 13:49:56 - [MESSAGE][PASSED] - Delayed 1 second(s)

2019-04-11 13:49:56 - [TEST_STEP][PASSED] - setText(findTestObject("Admin Console ePulse Menu/Account Settings/Add User/input_Phone"), "3137777777"): Text '3137777777' is set on object 'Object Repository/Admin Console ePulse Menu/Account Settings/Add User/input_Phone'

2019-04-11 13:49:56 - [MESSAGE][PASSED] - Text '3137777777' is set on object 'Object Repository/Admin Console ePulse Menu/Account Settings/Add User/input_Phone'

2019-04-11 13:49:56 - [TEST_STEP][PASSED] - delay(1): Delayed 1 second(s)

2019-04-11 13:49:57 - [MESSAGE][PASSED] - Delayed 1 second(s)

2019-04-11 13:49:57 - [TEST_STEP][PASSED] - setText(findTestObject("Admin Console ePulse Menu/Account Settings/Add User/input_E-mail"), "addnew3-user@knowink.com"): Text 'addnew3-user@knowink.com' is set on object 'Object Repository/Admin Console ePulse Menu/Account Settings/Add User/input_E-mail'

2019-04-11 13:49:57 - [MESSAGE][PASSED] - Text 'addnew3-user@knowink.com' is set on object 'Object Repository/Admin Console ePulse Menu/Account Settings/Add User/input_E-mail'

2019-04-11 13:49:57 - [TEST_STEP][PASSED] - delay(1): Delayed 1 second(s)

2019-04-11 13:49:58 - [MESSAGE][PASSED] - Delayed 1 second(s)

2019-04-11 13:49:58 - [TEST_STEP][PASSED] - selectOptionByValue(findTestObject("Admin Console ePulse Menu/Account Settings/Add User/Select Epulse User"), "2", true): All options with value '2' are selected in object 'Object Repository/Admin Console ePulse Menu/Account Settings/Add User/Select Epulse User'  using regular expression

2019-04-11 13:49:58 - [MESSAGE][PASSED] - All options with value '2' are selected in object 'Object Repository/Admin Console ePulse Menu/Account Settings/Add User/Select Epulse User'  using regular expression

2019-04-11 13:49:58 - [TEST_STEP][PASSED] - delay(1): Delayed 1 second(s)

2019-04-11 13:49:59 - [MESSAGE][PASSED] - Delayed 1 second(s)

2019-04-11 13:49:59 - [TEST_STEP][NOT_RUN] - selectOptionByValue(findTestObject("Admin Console ePulse Menu/Account Settings/Add User/Select Notify by"), "2", true): NOT_RUN: selectOptionByValue(findTestObject("Admin Console ePulse Menu/Account Settings/Add User/Select Notify by"), "2", true)

2019-04-11 13:49:59 - [MESSAGE][NOT_RUN] - NOT_RUN: selectOptionByValue(findTestObject("Admin Console ePulse Menu/Account Settings/Add User/Select Notify by"), "2", true)

2019-04-11 13:49:59 - [TEST_STEP][NOT_RUN] - delay(1): NOT_RUN: delay(1)

2019-04-11 13:49:59 - [MESSAGE][NOT_RUN] - NOT_RUN: delay(1)

2019-04-11 13:49:59 - [TEST_STEP][NOT_RUN] - selectOptionByValue(findTestObject("Admin Console ePulse Menu/Account Settings/Add User/Select User Rights"), "coordinator", true): NOT_RUN: selectOptionByValue(findTestObject("Admin Console ePulse Menu/Account Settings/Add User/Select User Rights"), "coordinator", true)

2019-04-11 13:49:59 - [MESSAGE][NOT_RUN] - NOT_RUN: selectOptionByValue(findTestObject("Admin Console ePulse Menu/Account Settings/Add User/Select User Rights"), "coordinator", true)

2019-04-11 13:49:59 - [TEST_STEP][NOT_RUN] - delay(1): NOT_RUN: delay(1)

2019-04-11 13:49:59 - [MESSAGE][NOT_RUN] - NOT_RUN: delay(1)

2019-04-11 13:49:59 - [TEST_STEP][PASSED] - click(findTestObject("Common ePulse Objects/Submit Button")): Object: 'Object Repository/Common ePulse Objects/Submit Button' is clicked on

2019-04-11 13:50:02 - [MESSAGE][PASSED] - Object: 'Object Repository/Common ePulse Objects/Submit Button' is clicked on

2019-04-11 13:50:02 - [TEST_STEP][PASSED] - closeBrowser(): Browser is closed

2019-04-11 13:50:02 - [MESSAGE][PASSED] - Browser is closed]]></system-out>
         <system-err><![CDATA[]]></system-err>
      </testcase>
      <testcase name="Test Cases/Admin Console/Account Settings/Languages/Languages - Import" classname="Test Cases/Admin Console/Account Settings/Languages/Languages - Import" status="PASSED">
         <system-out><![CDATA[2019-04-11 13:50:04 - [TEST_CASE][PASSED] - Test Cases/Admin Console/Account Settings/Languages/Languages - Import: Test Cases/Admin Console/Account Settings/Languages/Languages - Import

2019-04-11 13:50:05 - [TEST_STEP][PASSED] - openBrowser(""): Browser is opened with url: ''

2019-04-11 13:50:05 - [MESSAGE][INFO] - Starting 'Firefox (headless)' driver

2019-04-11 13:50:07 - [MESSAGE][PASSED] - Browser is opened with url: ''

2019-04-11 13:50:07 - [TEST_STEP][PASSED] - navigateToUrl(URL): Navigate to 'https://epulsedev2.com' successfully

2019-04-11 13:50:14 - [MESSAGE][PASSED] - Navigate to 'https://epulsedev2.com' successfully

2019-04-11 13:50:14 - [TEST_STEP][PASSED] - setText(findTestObject("Login/Email Address"), User_email): Text 'alonzo.mack@knowink.com' is set on object 'Object Repository/Login/Email Address'

2019-04-11 13:50:14 - [MESSAGE][PASSED] - Text 'alonzo.mack@knowink.com' is set on object 'Object Repository/Login/Email Address'

2019-04-11 13:50:14 - [TEST_STEP][PASSED] - setEncryptedText(findTestObject("Login/Password"), Pswrd): Text ****** has been set on object 'Object Repository/Login/Password'

2019-04-11 13:50:14 - [MESSAGE][PASSED] - Text ****** has been set on object 'Object Repository/Login/Password'

2019-04-11 13:50:14 - [TEST_STEP][PASSED] - click(findTestObject("Login/Sign In")): Object: 'Object Repository/Login/Sign In' is clicked on

2019-04-11 13:50:22 - [MESSAGE][PASSED] - Object: 'Object Repository/Login/Sign In' is clicked on

2019-04-11 13:50:22 - [TEST_STEP][PASSED] - delay(1): Delayed 1 second(s)

2019-04-11 13:50:23 - [MESSAGE][PASSED] - Delayed 1 second(s)

2019-04-11 13:50:23 - [TEST_STEP][PASSED] - navigateToUrl(languages_import, STOP_ON_FAILURE): Navigate to 'https://am-automation-test.epulsedev2.com/imports/languages' successfully

2019-04-11 13:50:28 - [MESSAGE][PASSED] - Navigate to 'https://am-automation-test.epulsedev2.com/imports/languages' successfully

2019-04-11 13:50:28 - [TEST_STEP][PASSED] - delay(1): Delayed 1 second(s)

2019-04-11 13:50:29 - [MESSAGE][PASSED] - Delayed 1 second(s)

2019-04-11 13:50:29 - [TEST_STEP][PASSED] - setText(findTestObject("Admin Console ePulse Menu/Account Settings/Prompts/Import Prompts Buttons/Choose File"), "/Users/alonzomack/Downloads/Automation uploads/languages.csv"): Text '/Users/alonzomack/Downloads/Automation uploads/languages.csv' is set on object 'Object Repository/Admin Console ePulse Menu/Account Settings/Prompts/Import Prompts Buttons/Choose File'

2019-04-11 13:50:29 - [MESSAGE][PASSED] - Text '/Users/alonzomack/Downloads/Automation uploads/languages.csv' is set on object 'Object Repository/Admin Console ePulse Menu/Account Settings/Prompts/Import Prompts Buttons/Choose File'

2019-04-11 13:50:29 - [TEST_STEP][PASSED] - click(findTestObject("Admin Console ePulse Menu/Account Settings/Prompts/Import Prompts Buttons/Continue Button")): Object: 'Object Repository/Admin Console ePulse Menu/Account Settings/Prompts/Import Prompts Buttons/Continue Button' is clicked on

2019-04-11 13:50:29 - [MESSAGE][PASSED] - Object: 'Object Repository/Admin Console ePulse Menu/Account Settings/Prompts/Import Prompts Buttons/Continue Button' is clicked on

2019-04-11 13:50:29 - [TEST_STEP][PASSED] - delay(1): Delayed 1 second(s)

2019-04-11 13:50:30 - [MESSAGE][PASSED] - Delayed 1 second(s)

2019-04-11 13:50:30 - [TEST_STEP][PASSED] - click(findTestObject("Admin Console ePulse Menu/Account Settings/Prompts/Import Prompts Buttons/button_Done(working)")): Object: 'Object Repository/Admin Console ePulse Menu/Account Settings/Prompts/Import Prompts Buttons/button_Done(working)' is clicked on

2019-04-11 13:50:42 - [MESSAGE][PASSED] - Object: 'Object Repository/Admin Console ePulse Menu/Account Settings/Prompts/Import Prompts Buttons/button_Done(working)' is clicked on

2019-04-11 13:50:42 - [TEST_STEP][PASSED] - delay(1): Delayed 1 second(s)

2019-04-11 13:50:43 - [MESSAGE][PASSED] - Delayed 1 second(s)

2019-04-11 13:50:43 - [TEST_STEP][PASSED] - closeBrowser(): Browser is closed

2019-04-11 13:50:43 - [MESSAGE][PASSED] - Browser is closed]]></system-out>
         <system-err><![CDATA[]]></system-err>
      </testcase>
      <testcase name="Test Cases/Admin Console/Account Settings/Poll Pad Setup()/Poll Pad Setup - Demo DB" classname="Test Cases/Admin Console/Account Settings/Poll Pad Setup()/Poll Pad Setup - Demo DB" status="FAILED">
         <failure type="FAILED" message="Test Cases/Admin Console/Account Settings/Poll Pad Setup()/Poll Pad Setup - Demo DB FAILED.
Reason:
com.kms.katalon.core.exception.StepFailedException: Unable to click on object 'Object Repository/Admin Console ePulse Menu/Account Settings/Poll Pad Setup/Demo Db' (Root cause: com.kms.katalon.core.webui.exception.WebElementNotFoundException: Web element with id: 'Object Repository/Admin Console ePulse Menu/Account Settings/Poll Pad Setup/Demo Db' located by 'By.xpath: //a[@data-anchor=&quot;#demo_db&quot;]' not found)
	at com.kms.katalon.core.keyword.internal.KeywordMain.stepFailed(KeywordMain.groovy:36)
	at com.kms.katalon.core.webui.keyword.internal.WebUIKeywordMain.stepFailed(WebUIKeywordMain.groovy:65)
	at com.kms.katalon.core.webui.keyword.internal.WebUIKeywordMain.runKeyword(WebUIKeywordMain.groovy:27)
	at com.kms.katalon.core.webui.keyword.builtin.ClickKeyword.click(ClickKeyword.groovy:86)
	at com.kms.katalon.core.webui.keyword.builtin.ClickKeyword.execute(ClickKeyword.groovy:67)
	at com.kms.katalon.core.keyword.internal.KeywordExecutor.executeKeywordForPlatform(KeywordExecutor.groovy:53)
	at com.kms.katalon.core.webui.keyword.WebUiBuiltInKeywords.click(WebUiBuiltInKeywords.groovy:616)
	at com.kms.katalon.core.webui.keyword.WebUiBuiltInKeywords$click$3.call(Unknown Source)
	at Poll Pad Setup - Demo DB.run(Poll Pad Setup - Demo DB:35)
	at com.kms.katalon.core.main.ScriptEngine.run(ScriptEngine.java:194)
	at com.kms.katalon.core.main.ScriptEngine.runScriptAsRawText(ScriptEngine.java:119)
	at com.kms.katalon.core.main.TestCaseExecutor.runScript(TestCaseExecutor.java:328)
	at com.kms.katalon.core.main.TestCaseExecutor.doExecute(TestCaseExecutor.java:319)
	at com.kms.katalon.core.main.TestCaseExecutor.processExecutionPhase(TestCaseExecutor.java:298)
	at com.kms.katalon.core.main.TestCaseExecutor.accessMainPhase(TestCaseExecutor.java:290)
	at com.kms.katalon.core.main.TestCaseExecutor.execute(TestCaseExecutor.java:224)
	at com.kms.katalon.core.main.TestSuiteExecutor.accessTestCaseMainPhase(TestSuiteExecutor.java:129)
	at com.kms.katalon.core.main.TestSuiteExecutor.accessTestSuiteMainPhase(TestSuiteExecutor.java:112)
	at com.kms.katalon.core.main.TestSuiteExecutor.execute(TestSuiteExecutor.java:81)
	at com.kms.katalon.core.main.TestCaseMain.startTestSuite(TestCaseMain.java:149)
	at com.kms.katalon.core.main.TestCaseMain$startTestSuite$0.call(Unknown Source)
	at TempTestSuite1555007549481.run(TempTestSuite1555007549481.groovy:36)
"/>
         <system-out><![CDATA[2019-04-11 13:50:45 - [TEST_CASE][FAILED] - Test Cases/Admin Console/Account Settings/Poll Pad Setup()/Poll Pad Setup - Demo DB: Test Cases/Admin Console/Account Settings/Poll Pad Setup()/Poll Pad Setup - Demo DB FAILED.
Reason:
com.kms.katalon.core.exception.StepFailedException: Unable to click on object 'Object Repository/Admin Console ePulse Menu/Account Settings/Poll Pad Setup/Demo Db' (Root cause: com.kms.katalon.core.webui.exception.WebElementNotFoundException: Web element with id: 'Object Repository/Admin Console ePulse Menu/Account Settings/Poll Pad Setup/Demo Db' located by 'By.xpath: //a[@data-anchor="#demo_db"]' not found)
	at com.kms.katalon.core.keyword.internal.KeywordMain.stepFailed(KeywordMain.groovy:36)
	at com.kms.katalon.core.webui.keyword.internal.WebUIKeywordMain.stepFailed(WebUIKeywordMain.groovy:65)
	at com.kms.katalon.core.webui.keyword.internal.WebUIKeywordMain.runKeyword(WebUIKeywordMain.groovy:27)
	at com.kms.katalon.core.webui.keyword.builtin.ClickKeyword.click(ClickKeyword.groovy:86)
	at com.kms.katalon.core.webui.keyword.builtin.ClickKeyword.execute(ClickKeyword.groovy:67)
	at com.kms.katalon.core.keyword.internal.KeywordExecutor.executeKeywordForPlatform(KeywordExecutor.groovy:53)
	at com.kms.katalon.core.webui.keyword.WebUiBuiltInKeywords.click(WebUiBuiltInKeywords.groovy:616)
	at com.kms.katalon.core.webui.keyword.WebUiBuiltInKeywords$click$3.call(Unknown Source)
	at Poll Pad Setup - Demo DB.run(Poll Pad Setup - Demo DB:35)
	at com.kms.katalon.core.main.ScriptEngine.run(ScriptEngine.java:194)
	at com.kms.katalon.core.main.ScriptEngine.runScriptAsRawText(ScriptEngine.java:119)
	at com.kms.katalon.core.main.TestCaseExecutor.runScript(TestCaseExecutor.java:328)
	at com.kms.katalon.core.main.TestCaseExecutor.doExecute(TestCaseExecutor.java:319)
	at com.kms.katalon.core.main.TestCaseExecutor.processExecutionPhase(TestCaseExecutor.java:298)
	at com.kms.katalon.core.main.TestCaseExecutor.accessMainPhase(TestCaseExecutor.java:290)
	at com.kms.katalon.core.main.TestCaseExecutor.execute(TestCaseExecutor.java:224)
	at com.kms.katalon.core.main.TestSuiteExecutor.accessTestCaseMainPhase(TestSuiteExecutor.java:129)
	at com.kms.katalon.core.main.TestSuiteExecutor.accessTestSuiteMainPhase(TestSuiteExecutor.java:112)
	at com.kms.katalon.core.main.TestSuiteExecutor.execute(TestSuiteExecutor.java:81)
	at com.kms.katalon.core.main.TestCaseMain.startTestSuite(TestCaseMain.java:149)
	at com.kms.katalon.core.main.TestCaseMain$startTestSuite$0.call(Unknown Source)
	at TempTestSuite1555007549481.run(TempTestSuite1555007549481.groovy:36)


2019-04-11 13:50:46 - [TEST_STEP][PASSED] - openBrowser(""): Browser is opened with url: ''

2019-04-11 13:50:46 - [MESSAGE][INFO] - Starting 'Firefox (headless)' driver

2019-04-11 13:50:48 - [MESSAGE][PASSED] - Browser is opened with url: ''

2019-04-11 13:50:48 - [TEST_STEP][PASSED] - navigateToUrl(URL): Navigate to 'https://epulsedev2.com' successfully

2019-04-11 13:50:53 - [MESSAGE][PASSED] - Navigate to 'https://epulsedev2.com' successfully

2019-04-11 13:50:53 - [TEST_STEP][PASSED] - setText(findTestObject("Login/Email Address"), User_email): Text 'alonzo.mack@knowink.com' is set on object 'Object Repository/Login/Email Address'

2019-04-11 13:50:53 - [MESSAGE][PASSED] - Text 'alonzo.mack@knowink.com' is set on object 'Object Repository/Login/Email Address'

2019-04-11 13:50:53 - [TEST_STEP][PASSED] - setEncryptedText(findTestObject("Login/Password"), Pswrd): Text ****** has been set on object 'Object Repository/Login/Password'

2019-04-11 13:50:53 - [MESSAGE][PASSED] - Text ****** has been set on object 'Object Repository/Login/Password'

2019-04-11 13:50:53 - [TEST_STEP][PASSED] - click(findTestObject("Login/Sign In")): Object: 'Object Repository/Login/Sign In' is clicked on

2019-04-11 13:50:58 - [MESSAGE][PASSED] - Object: 'Object Repository/Login/Sign In' is clicked on

2019-04-11 13:50:58 - [TEST_STEP][PASSED] - delay(1): Delayed 1 second(s)

2019-04-11 13:50:59 - [MESSAGE][PASSED] - Delayed 1 second(s)

2019-04-11 13:50:59 - [TEST_STEP][PASSED] - navigateToUrl(Demo_DB): Navigate to 'https://am-automation-test.epulsedev2.com/account_settings/poll_pad' successfully

2019-04-11 13:51:08 - [MESSAGE][PASSED] - Navigate to 'https://am-automation-test.epulsedev2.com/account_settings/poll_pad' successfully

2019-04-11 13:51:08 - [TEST_STEP][FAILED] - click(findTestObject("Admin Console ePulse Menu/Account Settings/Poll Pad Setup/Demo Db")): click(findTestObject("Admin Console ePulse Menu/Account Settings/Poll Pad Setup/Demo Db")) FAILED.
Reason:
com.kms.katalon.core.exception.StepFailedException: Unable to click on object 'Object Repository/Admin Console ePulse Menu/Account Settings/Poll Pad Setup/Demo Db' (Root cause: com.kms.katalon.core.webui.exception.WebElementNotFoundException: Web element with id: 'Object Repository/Admin Console ePulse Menu/Account Settings/Poll Pad Setup/Demo Db' located by 'By.xpath: //a[@data-anchor="#demo_db"]' not found)
	at com.kms.katalon.core.keyword.internal.KeywordMain.stepFailed(KeywordMain.groovy:36)
	at com.kms.katalon.core.webui.keyword.internal.WebUIKeywordMain.stepFailed(WebUIKeywordMain.groovy:65)
	at com.kms.katalon.core.webui.keyword.internal.WebUIKeywordMain.runKeyword(WebUIKeywordMain.groovy:27)
	at com.kms.katalon.core.webui.keyword.builtin.ClickKeyword.click(ClickKeyword.groovy:86)
	at com.kms.katalon.core.webui.keyword.builtin.ClickKeyword.execute(ClickKeyword.groovy:67)
	at com.kms.katalon.core.keyword.internal.KeywordExecutor.executeKeywordForPlatform(KeywordExecutor.groovy:53)
	at com.kms.katalon.core.webui.keyword.WebUiBuiltInKeywords.click(WebUiBuiltInKeywords.groovy:616)
	at com.kms.katalon.core.webui.keyword.WebUiBuiltInKeywords$click$3.call(Unknown Source)
	at Poll Pad Setup - Demo DB.run(Poll Pad Setup - Demo DB:35)
	at com.kms.katalon.core.main.ScriptEngine.run(ScriptEngine.java:194)
	at com.kms.katalon.core.main.ScriptEngine.runScriptAsRawText(ScriptEngine.java:119)
	at com.kms.katalon.core.main.TestCaseExecutor.runScript(TestCaseExecutor.java:328)
	at com.kms.katalon.core.main.TestCaseExecutor.doExecute(TestCaseExecutor.java:319)
	at com.kms.katalon.core.main.TestCaseExecutor.processExecutionPhase(TestCaseExecutor.java:298)
	at com.kms.katalon.core.main.TestCaseExecutor.accessMainPhase(TestCaseExecutor.java:290)
	at com.kms.katalon.core.main.TestCaseExecutor.execute(TestCaseExecutor.java:224)
	at com.kms.katalon.core.main.TestSuiteExecutor.accessTestCaseMainPhase(TestSuiteExecutor.java:129)
	at com.kms.katalon.core.main.TestSuiteExecutor.accessTestSuiteMainPhase(TestSuiteExecutor.java:112)
	at com.kms.katalon.core.main.TestSuiteExecutor.execute(TestSuiteExecutor.java:81)
	at com.kms.katalon.core.main.TestCaseMain.startTestSuite(TestCaseMain.java:149)
	at com.kms.katalon.core.main.TestCaseMain$startTestSuite$0.call(Unknown Source)
	at TempTestSuite1555007549481.run(TempTestSuite1555007549481.groovy:36)


2019-04-11 13:51:23 - [MESSAGE][INFO] - Unable to find the element located by 'By.xpath: //a[@data-anchor="#demo_db"]'. Please recheck the objects properties to make sure the desired element is located. 

2019-04-11 13:51:23 - [MESSAGE][FAILED] - Unable to click on object 'Object Repository/Admin Console ePulse Menu/Account Settings/Poll Pad Setup/Demo Db' (Root cause: com.kms.katalon.core.webui.exception.WebElementNotFoundException: Web element with id: 'Object Repository/Admin Console ePulse Menu/Account Settings/Poll Pad Setup/Demo Db' located by 'By.xpath: //a[@data-anchor="#demo_db"]' not found)
[[ATTACHMENT|/Users/alonzomack/Katalon Studio/Regression/Reports/dev_staging smoketest/20190411_133229/1555008683436.png]]

2019-04-11 13:51:23 - [MESSAGE][FAILED] - click(findTestObject("Admin Console ePulse Menu/Account Settings/Poll Pad Setup/Demo Db")) FAILED.
Reason:
com.kms.katalon.core.exception.StepFailedException: Unable to click on object 'Object Repository/Admin Console ePulse Menu/Account Settings/Poll Pad Setup/Demo Db' (Root cause: com.kms.katalon.core.webui.exception.WebElementNotFoundException: Web element with id: 'Object Repository/Admin Console ePulse Menu/Account Settings/Poll Pad Setup/Demo Db' located by 'By.xpath: //a[@data-anchor="#demo_db"]' not found)
	at com.kms.katalon.core.keyword.internal.KeywordMain.stepFailed(KeywordMain.groovy:36)
	at com.kms.katalon.core.webui.keyword.internal.WebUIKeywordMain.stepFailed(WebUIKeywordMain.groovy:65)
	at com.kms.katalon.core.webui.keyword.internal.WebUIKeywordMain.runKeyword(WebUIKeywordMain.groovy:27)
	at com.kms.katalon.core.webui.keyword.builtin.ClickKeyword.click(ClickKeyword.groovy:86)
	at com.kms.katalon.core.webui.keyword.builtin.ClickKeyword.execute(ClickKeyword.groovy:67)
	at com.kms.katalon.core.keyword.internal.KeywordExecutor.executeKeywordForPlatform(KeywordExecutor.groovy:53)
	at com.kms.katalon.core.webui.keyword.WebUiBuiltInKeywords.click(WebUiBuiltInKeywords.groovy:616)
	at com.kms.katalon.core.webui.keyword.WebUiBuiltInKeywords$click$3.call(Unknown Source)
	at Poll Pad Setup - Demo DB.run(Poll Pad Setup - Demo DB:35)
	at com.kms.katalon.core.main.ScriptEngine.run(ScriptEngine.java:194)
	at com.kms.katalon.core.main.ScriptEngine.runScriptAsRawText(ScriptEngine.java:119)
	at com.kms.katalon.core.main.TestCaseExecutor.runScript(TestCaseExecutor.java:328)
	at com.kms.katalon.core.main.TestCaseExecutor.doExecute(TestCaseExecutor.java:319)
	at com.kms.katalon.core.main.TestCaseExecutor.processExecutionPhase(TestCaseExecutor.java:298)
	at com.kms.katalon.core.main.TestCaseExecutor.accessMainPhase(TestCaseExecutor.java:290)
	at com.kms.katalon.core.main.TestCaseExecutor.execute(TestCaseExecutor.java:224)
	at com.kms.katalon.core.main.TestSuiteExecutor.accessTestCaseMainPhase(TestSuiteExecutor.java:129)
	at com.kms.katalon.core.main.TestSuiteExecutor.accessTestSuiteMainPhase(TestSuiteExecutor.java:112)
	at com.kms.katalon.core.main.TestSuiteExecutor.execute(TestSuiteExecutor.java:81)
	at com.kms.katalon.core.main.TestCaseMain.startTestSuite(TestCaseMain.java:149)
	at com.kms.katalon.core.main.TestCaseMain$startTestSuite$0.call(Unknown Source)
	at TempTestSuite1555007549481.run(TempTestSuite1555007549481.groovy:36)]]></system-out>
         <system-err><![CDATA[2019-04-11 13:50:45 - [TEST_CASE][FAILED] - Test Cases/Admin Console/Account Settings/Poll Pad Setup()/Poll Pad Setup - Demo DB: Test Cases/Admin Console/Account Settings/Poll Pad Setup()/Poll Pad Setup - Demo DB FAILED.
Reason:
com.kms.katalon.core.exception.StepFailedException: Unable to click on object 'Object Repository/Admin Console ePulse Menu/Account Settings/Poll Pad Setup/Demo Db' (Root cause: com.kms.katalon.core.webui.exception.WebElementNotFoundException: Web element with id: 'Object Repository/Admin Console ePulse Menu/Account Settings/Poll Pad Setup/Demo Db' located by 'By.xpath: //a[@data-anchor="#demo_db"]' not found)
	at com.kms.katalon.core.keyword.internal.KeywordMain.stepFailed(KeywordMain.groovy:36)
	at com.kms.katalon.core.webui.keyword.internal.WebUIKeywordMain.stepFailed(WebUIKeywordMain.groovy:65)
	at com.kms.katalon.core.webui.keyword.internal.WebUIKeywordMain.runKeyword(WebUIKeywordMain.groovy:27)
	at com.kms.katalon.core.webui.keyword.builtin.ClickKeyword.click(ClickKeyword.groovy:86)
	at com.kms.katalon.core.webui.keyword.builtin.ClickKeyword.execute(ClickKeyword.groovy:67)
	at com.kms.katalon.core.keyword.internal.KeywordExecutor.executeKeywordForPlatform(KeywordExecutor.groovy:53)
	at com.kms.katalon.core.webui.keyword.WebUiBuiltInKeywords.click(WebUiBuiltInKeywords.groovy:616)
	at com.kms.katalon.core.webui.keyword.WebUiBuiltInKeywords$click$3.call(Unknown Source)
	at Poll Pad Setup - Demo DB.run(Poll Pad Setup - Demo DB:35)
	at com.kms.katalon.core.main.ScriptEngine.run(ScriptEngine.java:194)
	at com.kms.katalon.core.main.ScriptEngine.runScriptAsRawText(ScriptEngine.java:119)
	at com.kms.katalon.core.main.TestCaseExecutor.runScript(TestCaseExecutor.java:328)
	at com.kms.katalon.core.main.TestCaseExecutor.doExecute(TestCaseExecutor.java:319)
	at com.kms.katalon.core.main.TestCaseExecutor.processExecutionPhase(TestCaseExecutor.java:298)
	at com.kms.katalon.core.main.TestCaseExecutor.accessMainPhase(TestCaseExecutor.java:290)
	at com.kms.katalon.core.main.TestCaseExecutor.execute(TestCaseExecutor.java:224)
	at com.kms.katalon.core.main.TestSuiteExecutor.accessTestCaseMainPhase(TestSuiteExecutor.java:129)
	at com.kms.katalon.core.main.TestSuiteExecutor.accessTestSuiteMainPhase(TestSuiteExecutor.java:112)
	at com.kms.katalon.core.main.TestSuiteExecutor.execute(TestSuiteExecutor.java:81)
	at com.kms.katalon.core.main.TestCaseMain.startTestSuite(TestCaseMain.java:149)
	at com.kms.katalon.core.main.TestCaseMain$startTestSuite$0.call(Unknown Source)
	at TempTestSuite1555007549481.run(TempTestSuite1555007549481.groovy:36)]]></system-err>
      </testcase>
      <testcase name="Test Cases/Admin Console/Account Settings/Poll Pad Setup()/Poll Pad Setup - ISYNC" classname="Test Cases/Admin Console/Account Settings/Poll Pad Setup()/Poll Pad Setup - ISYNC" status="PASSED">
         <system-out><![CDATA[2019-04-11 13:51:25 - [TEST_CASE][PASSED] - Test Cases/Admin Console/Account Settings/Poll Pad Setup()/Poll Pad Setup - ISYNC: Test Cases/Admin Console/Account Settings/Poll Pad Setup()/Poll Pad Setup - ISYNC

2019-04-11 13:51:25 - [TEST_STEP][PASSED] - openBrowser(""): Browser is opened with url: ''

2019-04-11 13:51:25 - [MESSAGE][WARNING] - A browser is already opened. Closing browser and opening a new one

2019-04-11 13:51:26 - [MESSAGE][INFO] - Starting 'Firefox (headless)' driver

2019-04-11 13:51:28 - [MESSAGE][PASSED] - Browser is opened with url: ''

2019-04-11 13:51:28 - [TEST_STEP][PASSED] - navigateToUrl(URL): Navigate to 'https://epulsedev2.com' successfully

2019-04-11 13:51:30 - [MESSAGE][PASSED] - Navigate to 'https://epulsedev2.com' successfully

2019-04-11 13:51:30 - [TEST_STEP][PASSED] - setText(findTestObject("Login/Email Address"), User_email): Text 'alonzo.mack@knowink.com' is set on object 'Object Repository/Login/Email Address'

2019-04-11 13:51:30 - [MESSAGE][PASSED] - Text 'alonzo.mack@knowink.com' is set on object 'Object Repository/Login/Email Address'

2019-04-11 13:51:30 - [TEST_STEP][PASSED] - setEncryptedText(findTestObject("Login/Password"), Pswrd): Text ****** has been set on object 'Object Repository/Login/Password'

2019-04-11 13:51:31 - [MESSAGE][PASSED] - Text ****** has been set on object 'Object Repository/Login/Password'

2019-04-11 13:51:31 - [TEST_STEP][PASSED] - click(findTestObject("Login/Sign In")): Object: 'Object Repository/Login/Sign In' is clicked on

2019-04-11 13:51:32 - [MESSAGE][PASSED] - Object: 'Object Repository/Login/Sign In' is clicked on

2019-04-11 13:51:32 - [TEST_STEP][PASSED] - delay(1): Delayed 1 second(s)

2019-04-11 13:51:33 - [MESSAGE][PASSED] - Delayed 1 second(s)

2019-04-11 13:51:33 - [TEST_STEP][PASSED] - navigateToUrl(iSync): Navigate to 'https://am-automation-test.epulsedev2.com/account_settings/poll_pad' successfully

2019-04-11 13:51:34 - [MESSAGE][PASSED] - Navigate to 'https://am-automation-test.epulsedev2.com/account_settings/poll_pad' successfully

2019-04-11 13:51:34 - [TEST_STEP][PASSED] - click(findTestObject("Admin Console ePulse Menu/Account Settings/Poll Pad Setup/Isync")): Object: 'Object Repository/Admin Console ePulse Menu/Account Settings/Poll Pad Setup/Isync' is clicked on

2019-04-11 13:51:34 - [MESSAGE][PASSED] - Object: 'Object Repository/Admin Console ePulse Menu/Account Settings/Poll Pad Setup/Isync' is clicked on

2019-04-11 13:51:34 - [TEST_STEP][PASSED] - click(findTestObject("Admin Console ePulse Menu/Account Settings/Poll Pad Setup/ISYNC/Generate New button")): Object: 'Object Repository/Admin Console ePulse Menu/Account Settings/Poll Pad Setup/ISYNC/Generate New button' is clicked on

2019-04-11 13:51:35 - [MESSAGE][PASSED] - Object: 'Object Repository/Admin Console ePulse Menu/Account Settings/Poll Pad Setup/ISYNC/Generate New button' is clicked on

2019-04-11 13:51:35 - [TEST_STEP][PASSED] - delay(10): Delayed 10 second(s)

2019-04-11 13:51:45 - [MESSAGE][PASSED] - Delayed 10 second(s)

2019-04-11 13:51:45 - [TEST_STEP][PASSED] - click(findTestObject("Admin Console ePulse Menu/Account Settings/Poll Pad Setup/ISYNC/DOWNLOAD")): Object: 'Object Repository/Admin Console ePulse Menu/Account Settings/Poll Pad Setup/ISYNC/DOWNLOAD' is clicked on

2019-04-11 13:51:50 - [MESSAGE][PASSED] - Object: 'Object Repository/Admin Console ePulse Menu/Account Settings/Poll Pad Setup/ISYNC/DOWNLOAD' is clicked on

2019-04-11 13:51:50 - [TEST_STEP][PASSED] - delay(2): Delayed 2 second(s)

2019-04-11 13:51:52 - [MESSAGE][PASSED] - Delayed 2 second(s)

2019-04-11 13:51:52 - [TEST_STEP][PASSED] - click(findTestObject("Admin Console ePulse Menu/Account Settings/Poll Pad Setup/ISYNC/Delete Selected Download")): Object: 'Object Repository/Admin Console ePulse Menu/Account Settings/Poll Pad Setup/ISYNC/Delete Selected Download' is clicked on

2019-04-11 13:51:52 - [MESSAGE][PASSED] - Object: 'Object Repository/Admin Console ePulse Menu/Account Settings/Poll Pad Setup/ISYNC/Delete Selected Download' is clicked on

2019-04-11 13:51:52 - [TEST_STEP][PASSED] - acceptAlert(): Alert accepted

2019-04-11 13:51:52 - [MESSAGE][PASSED] - Alert accepted

2019-04-11 13:51:52 - [TEST_STEP][PASSED] - delay(1): Delayed 1 second(s)

2019-04-11 13:51:53 - [MESSAGE][PASSED] - Delayed 1 second(s)

2019-04-11 13:51:53 - [TEST_STEP][PASSED] - closeBrowser(): Browser is closed

2019-04-11 13:51:54 - [MESSAGE][PASSED] - Browser is closed]]></system-out>
         <system-err><![CDATA[]]></system-err>
      </testcase>
      <system-out><![CDATA[2019-04-11 13:32:33 - [TEST_SUITE][FAILED] - dev_staging smoketest: Test Cases/Admin Console/Account Settings/Oaths()/Oaths - Add FAILED.
Reason:
com.kms.katalon.core.exception.StepFailedException: Unable to set text 'Oath Instructions' of object 'Object Repository/Admin Console ePulse Menu/Account Settings/Oaths/Add_Edit Oath/Oath Instructions' (Root cause: org.openqa.selenium.ElementNotInteractableException: Element <input id="account_oath_instructions" class="signature_1_instructions" name="account_oath[instructions]" type="text"> could not be scrolled into view
Build info: version: '3.7.1', revision: '8a0099a', time: '2017-11-06T21:07:36.161Z'
System info: host: 'QAs-MacBook-Pro-2.local', ip: 'fe80:0:0:0:141b:7791:71c:315e%en0', os.name: 'Mac OS X', os.arch: 'x86_64', os.version: '10.13.3', java.version: '1.8.0_181'
Driver info: com.kms.katalon.core.webui.driver.firefox.CGeckoDriver
Capabilities {acceptInsecureCerts: true, browserName: firefox, browserVersion: 66.0.2, javascriptEnabled: true, moz:accessibilityChecks: false, moz:geckodriverVersion: 0.23.0, moz:headless: true, moz:processID: 7496, moz:profile: /var/folders/p5/lldhhw894tb..., moz:shutdownTimeout: 60000, moz:useNonSpecCompliantPointerOrigin: false, moz:webdriverClick: true, pageLoadStrategy: normal, platform: MAC, platformName: MAC, platformVersion: 17.4.0, proxy: Proxy(direct), rotatable: false, setWindowRect: true, strictFileInteractability: false, timeouts: {implicit: 0, pageLoad: 300000, script: 30000}, unhandledPromptBehavior: dismiss and notify}
Session ID: 32a5ec40-ee08-8d43-80d4-06fd8e000e64)
	at com.kms.katalon.core.keyword.internal.KeywordMain.stepFailed(KeywordMain.groovy:36)
	at com.kms.katalon.core.webui.keyword.internal.WebUIKeywordMain.stepFailed(WebUIKeywordMain.groovy:65)
	at com.kms.katalon.core.webui.keyword.internal.WebUIKeywordMain.runKeyword(WebUIKeywordMain.groovy:27)
	at com.kms.katalon.core.webui.keyword.builtin.SetTextKeyword.setText(SetTextKeyword.groovy:65)
	at com.kms.katalon.core.webui.keyword.builtin.SetTextKeyword.execute(SetTextKeyword.groovy:37)
	at com.kms.katalon.core.keyword.internal.KeywordExecutor.executeKeywordForPlatform(KeywordExecutor.groovy:53)
	at com.kms.katalon.core.webui.keyword.WebUiBuiltInKeywords.setText(WebUiBuiltInKeywords.groovy:950)
	at com.kms.katalon.core.webui.keyword.WebUiBuiltInKeywords$setText$1.call(Unknown Source)
	at Oaths - Add.run(Oaths - Add:49)
	at com.kms.katalon.core.main.ScriptEngine.run(ScriptEngine.java:194)
	at com.kms.katalon.core.main.ScriptEngine.runScriptAsRawText(ScriptEngine.java:119)
	at com.kms.katalon.core.main.TestCaseExecutor.runScript(TestCaseExecutor.java:328)
	at com.kms.katalon.core.main.TestCaseExecutor.doExecute(TestCaseExecutor.java:319)
	at com.kms.katalon.core.main.TestCaseExecutor.processExecutionPhase(TestCaseExecutor.java:298)
	at com.kms.katalon.core.main.TestCaseExecutor.accessMainPhase(TestCaseExecutor.java:290)
	at com.kms.katalon.core.main.TestCaseExecutor.execute(TestCaseExecutor.java:224)
	at com.kms.katalon.core.main.TestSuiteExecutor.accessTestCaseMainPhase(TestSuiteExecutor.java:129)
	at com.kms.katalon.core.main.TestSuiteExecutor.accessTestSuiteMainPhase(TestSuiteExecutor.java:112)
	at com.kms.katalon.core.main.TestSuiteExecutor.execute(TestSuiteExecutor.java:81)
	at com.kms.katalon.core.main.TestCaseMain.startTestSuite(TestCaseMain.java:149)
	at com.kms.katalon.core.main.TestCaseMain$startTestSuite$0.call(Unknown Source)
	at TempTestSuite1555007549481.run(TempTestSuite1555007549481.groovy:36)]]></system-out>
      <system-err><![CDATA[2019-04-11 13:32:33 - [TEST_SUITE][FAILED] - dev_staging smoketest: Test Cases/Admin Console/Account Settings/Oaths()/Oaths - Add FAILED.
Reason:
com.kms.katalon.core.exception.StepFailedException: Unable to set text 'Oath Instructions' of object 'Object Repository/Admin Console ePulse Menu/Account Settings/Oaths/Add_Edit Oath/Oath Instructions' (Root cause: org.openqa.selenium.ElementNotInteractableException: Element <input id="account_oath_instructions" class="signature_1_instructions" name="account_oath[instructions]" type="text"> could not be scrolled into view
Build info: version: '3.7.1', revision: '8a0099a', time: '2017-11-06T21:07:36.161Z'
System info: host: 'QAs-MacBook-Pro-2.local', ip: 'fe80:0:0:0:141b:7791:71c:315e%en0', os.name: 'Mac OS X', os.arch: 'x86_64', os.version: '10.13.3', java.version: '1.8.0_181'
Driver info: com.kms.katalon.core.webui.driver.firefox.CGeckoDriver
Capabilities {acceptInsecureCerts: true, browserName: firefox, browserVersion: 66.0.2, javascriptEnabled: true, moz:accessibilityChecks: false, moz:geckodriverVersion: 0.23.0, moz:headless: true, moz:processID: 7496, moz:profile: /var/folders/p5/lldhhw894tb..., moz:shutdownTimeout: 60000, moz:useNonSpecCompliantPointerOrigin: false, moz:webdriverClick: true, pageLoadStrategy: normal, platform: MAC, platformName: MAC, platformVersion: 17.4.0, proxy: Proxy(direct), rotatable: false, setWindowRect: true, strictFileInteractability: false, timeouts: {implicit: 0, pageLoad: 300000, script: 30000}, unhandledPromptBehavior: dismiss and notify}
Session ID: 32a5ec40-ee08-8d43-80d4-06fd8e000e64)
	at com.kms.katalon.core.keyword.internal.KeywordMain.stepFailed(KeywordMain.groovy:36)
	at com.kms.katalon.core.webui.keyword.internal.WebUIKeywordMain.stepFailed(WebUIKeywordMain.groovy:65)
	at com.kms.katalon.core.webui.keyword.internal.WebUIKeywordMain.runKeyword(WebUIKeywordMain.groovy:27)
	at com.kms.katalon.core.webui.keyword.builtin.SetTextKeyword.setText(SetTextKeyword.groovy:65)
	at com.kms.katalon.core.webui.keyword.builtin.SetTextKeyword.execute(SetTextKeyword.groovy:37)
	at com.kms.katalon.core.keyword.internal.KeywordExecutor.executeKeywordForPlatform(KeywordExecutor.groovy:53)
	at com.kms.katalon.core.webui.keyword.WebUiBuiltInKeywords.setText(WebUiBuiltInKeywords.groovy:950)
	at com.kms.katalon.core.webui.keyword.WebUiBuiltInKeywords$setText$1.call(Unknown Source)
	at Oaths - Add.run(Oaths - Add:49)
	at com.kms.katalon.core.main.ScriptEngine.run(ScriptEngine.java:194)
	at com.kms.katalon.core.main.ScriptEngine.runScriptAsRawText(ScriptEngine.java:119)
	at com.kms.katalon.core.main.TestCaseExecutor.runScript(TestCaseExecutor.java:328)
	at com.kms.katalon.core.main.TestCaseExecutor.doExecute(TestCaseExecutor.java:319)
	at com.kms.katalon.core.main.TestCaseExecutor.processExecutionPhase(TestCaseExecutor.java:298)
	at com.kms.katalon.core.main.TestCaseExecutor.accessMainPhase(TestCaseExecutor.java:290)
	at com.kms.katalon.core.main.TestCaseExecutor.execute(TestCaseExecutor.java:224)
	at com.kms.katalon.core.main.TestSuiteExecutor.accessTestCaseMainPhase(TestSuiteExecutor.java:129)
	at com.kms.katalon.core.main.TestSuiteExecutor.accessTestSuiteMainPhase(TestSuiteExecutor.java:112)
	at com.kms.katalon.core.main.TestSuiteExecutor.execute(TestSuiteExecutor.java:81)
	at com.kms.katalon.core.main.TestCaseMain.startTestSuite(TestCaseMain.java:149)
	at com.kms.katalon.core.main.TestCaseMain$startTestSuite$0.call(Unknown Source)
	at TempTestSuite1555007549481.run(TempTestSuite1555007549481.groovy:36)]]></system-err>
   </testsuite>
</testsuites>
